<?xml version="1.0" encoding="UTF-8"?>
<soap-env:Envelope xmlns:soap-env="http://schemas.xmlsoap.org/soap/envelope/"><soap-env:Header><eb:MessageHeader xmlns:eb="http://www.ebxml.org/namespaces/messageHeader" eb:version="1.0" soap-env:mustUnderstand="1"><eb:From><eb:PartyId eb:type="URI">123123</eb:PartyId></eb:From><eb:To><eb:PartyId eb:type="urn: x12.org:IO5: 01">999999</eb:PartyId></eb:To><eb:CPAId>6DTH</eb:CPAId><eb:ConversationId>1111111111111111111</eb:ConversationId><eb:Service eb:type="sabreXML">OTA_AirPriceLLSRQ</eb:Service><eb:Action>OTA_AirPriceLLSRS</eb:Action><eb:MessageData><eb:MessageId>2145341628987570611</eb:MessageId><eb:Timestamp>2018-10-17T17:28:20</eb:Timestamp><eb:RefToMessageId>mid:0_2014-09-22T21:43:40m</eb:RefToMessageId></eb:MessageData></eb:MessageHeader><wsse:Security xmlns:wsse="http://schemas.xmlsoap.org/ws/2002/12/secext"><wsse:BinarySecurityToken valueType="String" EncodingType="wsse:Base64Binary">Shared/IDL:IceSess\/SessMgr:1\.0.IDL/Common/!ICESMS\/CERTG!ICESMSLB\/CRT.LB!1539797271671!1853011!262145</wsse:BinarySecurityToken></wsse:Security></soap-env:Header><soap-env:Body><OTA_AirPriceRS xmlns="http://webservices.sabre.com/sabreXML/2011/10" xmlns:xs="http://www.w3.org/2001/XMLSchema" xmlns:xsi="http://www.w3.org/2001/XMLSchema-instance" xmlns:stl="http://services.sabre.com/STL/v01" Version="2.14.0">
 <stl:ApplicationResults status="Complete">
  <stl:Success timeStamp="2018-10-17T12:28:19-05:00"/>
 </stl:ApplicationResults>
 <PriceQuote>
  <MiscInformation>
   <BaggageInfo>
    <SubCodeProperties RPH="1" SolutionSequenceNmbr="1">
     <AncillaryFeeGroupCode>BG</AncillaryFeeGroupCode>
     <CommercialNameofBaggageItemType>FREE BAGGAGE ALLOWANCE</CommercialNameofBaggageItemType>
     <EMD_Type>4</EMD_Type>
     <ExtendedSubCodeKey>0DFAAAC</ExtendedSubCodeKey>
     <RFIC>C</RFIC>
    </SubCodeProperties>
    <SubCodeProperties RPH="2" SolutionSequenceNmbr="1">
     <AncillaryFeeGroupCode>BG</AncillaryFeeGroupCode>
     <CommercialNameofBaggageItemType>UPTO50LB 23KG AND62LI 158LCM</CommercialNameofBaggageItemType>
     <DescriptionOne Code="23">
      <Text>UP TO 50 POUNDS/23 KILOGRAMS</Text>
     </DescriptionOne>
     <DescriptionTwo Code="6U">
      <Text>UP TO 62 LINEAR INCHES/158 LINEAR CENTIMETERS</Text>
     </DescriptionTwo>
     <EMD_Type>2</EMD_Type>
     <ExtendedSubCodeKey>0GOACAC</ExtendedSubCodeKey>
     <RFIC>C</RFIC>
     <SizeWeightInfo>
      <MaximumSizeInAlternate Units="C">158</MaximumSizeInAlternate>
      <MaximumSize Units="I">62</MaximumSize>
      <MaximumWeightInAlternate Units="K">23</MaximumWeightInAlternate>
      <MaximumWeight Units="L">50</MaximumWeight>
     </SizeWeightInfo>
     <SSR_Code>XBAG</SSR_Code>
    </SubCodeProperties>
    <SubCodeProperties RPH="3" SolutionSequenceNmbr="1">
     <AncillaryFeeGroupCode>BG</AncillaryFeeGroupCode>
     <AncillaryService SubGroupCode="CY">
      <Text>CARRY ON HAND BAGGAGE</Text>
     </AncillaryService>
     <CommercialNameofBaggageItemType>CARRY ON HAND BAGGAGE</CommercialNameofBaggageItemType>
     <EMD_Type>4</EMD_Type>
     <ExtendedSubCodeKey>0L5ACAC</ExtendedSubCodeKey>
     <RFIC>C</RFIC>
    </SubCodeProperties>
    <SubCodeProperties RPH="4" SolutionSequenceNmbr="1">
     <AncillaryFeeGroupCode>BG</AncillaryFeeGroupCode>
     <AncillaryService SubGroupCode="CY">
      <Text>CARRY ON HAND BAGGAGE</Text>
     </AncillaryService>
     <CommercialNameofBaggageItemType>CARRYON HAND BAGGAGE ALLOWANCE</CommercialNameofBaggageItemType>
     <EMD_Type>4</EMD_Type>
     <ExtendedSubCodeKey>0LNABAC</ExtendedSubCodeKey>
     <RFIC>C</RFIC>
    </SubCodeProperties>
    <SubCodeProperties RPH="5" SolutionSequenceNmbr="1">
     <AncillaryFeeGroupCode>BG</AncillaryFeeGroupCode>
     <AncillaryService SubGroupCode="CY">
      <Text>CARRY ON HAND BAGGAGE</Text>
     </AncillaryService>
     <CommercialNameofBaggageItemType>CARRYON HAND BAGGAGE ALLOWANCE</CommercialNameofBaggageItemType>
     <EMD_Type>4</EMD_Type>
     <ExtendedSubCodeKey>0LNABUA</ExtendedSubCodeKey>
    </SubCodeProperties>
   </BaggageInfo>
   <HeaderInformation SolutionSequenceNmbr="1">
    <DepartureDate>2019-01-04</DepartureDate>
    <LastTicketingDate>10-20T13:28</LastTicketingDate>
    <Text>VALIDATING CARRIER - AC</Text>
    <Text>CAT 15 SALES RESTRICTIONS FREE TEXT FOUND - VERIFY RULES</Text>
    <Text>BAG ALLOWANCE     -YYZDEL-02P/AC/EACH PIECE UP TO 50 POUNDS/23</Text>
    <Text>KILOGRAMS AND UP TO 62 LINEAR INCHES/158 LINEAR CENTIMETERS</Text>
    <Text>BAG ALLOWANCE     -DELYYZ-02P/AC/EACH PIECE UP TO 50 POUNDS/23</Text>
    <Text>KILOGRAMS AND UP TO 62 LINEAR INCHES/158 LINEAR CENTIMETERS</Text>
    <Text>CARRY ON ALLOWANCE</Text>
    <Text>YYZDEL-02P/AC</Text>
    <Text>02/EACH PIECE CARRY ON HAND BAGGAGE</Text>
    <Text>DELEWR EWRYYZ-01P/UA</Text>
    <Text>CARRY ON CHARGES</Text>
    <Text>DELEWR EWRYYZ-UA-CARRY ON FEES UNKNOWN-CONTACT CARRIER</Text>
    <Text>ADDITIONAL ALLOWANCES AND/OR DISCOUNTS MAY APPLY DEPENDING ON</Text>
    <Text>FLYER-SPECIFIC FACTORS /E.G. FREQUENT FLYER STATUS/MILITARY/</Text>
    <Text>CREDIT CARD FORM OF PAYMENT/EARLY PURCHASE OVER INTERNET,ETC./</Text>
    <Text>04JAN DEPARTURE DATE-----LAST DAY TO PURCHASE 20OCT/1328</Text>
    <ValidatingCarrier Code="AC"/>
   </HeaderInformation>
   <SolutionInformation SolutionSequenceNmbr="1">
    <CurrencyCode>CAD</CurrencyCode>
    <RequiresRebook>false</RequiresRebook>
    <TicketNumber>0</TicketNumber>
    <TotalAmount>2730.43</TotalAmount>
   </SolutionInformation>
  </MiscInformation>
  <PricedItinerary AlternativePricing="false" CurrencyCode="CAD" MultiTicket="false" TotalAmount="2730.43">
   <AirItineraryPricingInfo SolutionSequenceNmbr="1">
    <BaggageProvisions RPH="1">
     <Associations>
      <CarrierCode RPH="1">AC</CarrierCode>
      <CountForSegmentAssociatedID>1</CountForSegmentAssociatedID>
      <DepartureDate RPH="1">2019-01-04</DepartureDate>
      <DestinationLocation LocationCode="DEL" RPH="1"/>
      <FlightNumber RPH="1">42</FlightNumber>
      <OriginLocation LocationCode="YYZ" RPH="1"/>
      <PNR_Segment RPH="1">5</PNR_Segment>
      <ResBookDesigCode RPH="1">S</ResBookDesigCode>
      <StatusCode RPH="1">SS</StatusCode>
     </Associations>
     <CarrierWhoseBaggageProvisionsApply>AC</CarrierWhoseBaggageProvisionsApply>
     <NumPiecesBDI>2</NumPiecesBDI>
     <NumPiecesITR>2</NumPiecesITR>
     <ProvisionType>A</ProvisionType>
     <SubCodeInfo>
      <SubCodeForAllowance RPH="1">0GOACAC</SubCodeForAllowance>
      <SubCodeForChargesOthers>0DFAAAC</SubCodeForChargesOthers>
     </SubCodeInfo>
    </BaggageProvisions>
    <BaggageProvisions RPH="2">
     <Associations>
      <CarrierCode RPH="1">AC</CarrierCode>
      <CarrierCode RPH="2">AC</CarrierCode>
      <CountForSegmentAssociatedID>2</CountForSegmentAssociatedID>
      <DepartureDate RPH="1">2019-01-18</DepartureDate>
      <DepartureDate RPH="2">2019-01-19</DepartureDate>
      <DestinationLocation LocationCode="EWR" RPH="1"/>
      <DestinationLocation LocationCode="YYZ" RPH="2"/>
      <FlightNumber RPH="1">5872</FlightNumber>
      <FlightNumber RPH="2">3601</FlightNumber>
      <OriginLocation LocationCode="DEL" RPH="1"/>
      <OriginLocation LocationCode="EWR" RPH="2"/>
      <PNR_Segment RPH="1">2</PNR_Segment>
      <PNR_Segment RPH="2">3</PNR_Segment>
      <ResBookDesigCode RPH="1">M</ResBookDesigCode>
      <ResBookDesigCode RPH="2">M</ResBookDesigCode>
      <StatusCode RPH="1">SS</StatusCode>
      <StatusCode RPH="2">SS</StatusCode>
     </Associations>
     <CarrierWhoseBaggageProvisionsApply>AC</CarrierWhoseBaggageProvisionsApply>
     <NumPiecesBDI>2</NumPiecesBDI>
     <NumPiecesITR>2</NumPiecesITR>
     <ProvisionType>A</ProvisionType>
     <SubCodeInfo>
      <SubCodeForAllowance RPH="1">0GOACAC</SubCodeForAllowance>
      <SubCodeForChargesOthers>0DFAAAC</SubCodeForChargesOthers>
     </SubCodeInfo>
    </BaggageProvisions>
    <BaggageProvisions RPH="3">
     <Associations>
      <CarrierCode RPH="1">AC</CarrierCode>
      <CountForSegmentAssociatedID>1</CountForSegmentAssociatedID>
      <DepartureDate RPH="1">2019-01-04</DepartureDate>
      <DestinationLocation LocationCode="DEL" RPH="1"/>
      <FlightNumber RPH="1">42</FlightNumber>
      <OriginLocation LocationCode="YYZ" RPH="1"/>
      <PNR_Segment RPH="1">5</PNR_Segment>
      <ResBookDesigCode RPH="1">S</ResBookDesigCode>
      <StatusCode RPH="1">SS</StatusCode>
     </Associations>
     <CarrierWhoseBaggageProvisionsApply>AC</CarrierWhoseBaggageProvisionsApply>
     <NumPiecesBDI>2</NumPiecesBDI>
     <NumPiecesITR>2</NumPiecesITR>
     <ProvisionType>B</ProvisionType>
     <SubCodeInfo>
      <SubCodeForAllowance RPH="1">0L5ACAC</SubCodeForAllowance>
      <SubCodeForChargesOthers>0LNABAC</SubCodeForChargesOthers>
     </SubCodeInfo>
    </BaggageProvisions>
    <BaggageProvisions RPH="4">
     <Associations>
      <CarrierCode RPH="1">AC</CarrierCode>
      <CarrierCode RPH="2">AC</CarrierCode>
      <CountForSegmentAssociatedID>2</CountForSegmentAssociatedID>
      <DepartureDate RPH="1">2019-01-18</DepartureDate>
      <DepartureDate RPH="2">2019-01-19</DepartureDate>
      <DestinationLocation LocationCode="EWR" RPH="1"/>
      <DestinationLocation LocationCode="YYZ" RPH="2"/>
      <FlightNumber RPH="1">5872</FlightNumber>
      <FlightNumber RPH="2">3601</FlightNumber>
      <OriginLocation LocationCode="DEL" RPH="1"/>
      <OriginLocation LocationCode="EWR" RPH="2"/>
      <PNR_Segment RPH="1">2</PNR_Segment>
      <PNR_Segment RPH="2">3</PNR_Segment>
      <ResBookDesigCode RPH="1">M</ResBookDesigCode>
      <ResBookDesigCode RPH="2">M</ResBookDesigCode>
      <StatusCode RPH="1">SS</StatusCode>
      <StatusCode RPH="2">SS</StatusCode>
     </Associations>
     <CarrierWhoseBaggageProvisionsApply>UA</CarrierWhoseBaggageProvisionsApply>
     <NumPiecesBDI>1</NumPiecesBDI>
     <ProvisionType>B</ProvisionType>
     <SubCodeInfo>
      <SubCodeForChargesOthers>0LNABUA</SubCodeForChargesOthers>
     </SubCodeInfo>
    </BaggageProvisions>
    <FareCalculation>
     <Text>YTO AC DEL Q11.40 538.32AC X/EWR Q11.40AC YTO1005.93NUC1567.05END ROE1.315194 XFEWR4.5</Text>
    </FareCalculation>
    <FareCalculationBreakdown>
     <Branch FirstJointCarrier="AC" PCC="6DTH"/>
     <Departure AirlineCode="AC" AirportCode="YYZ" ArrivalAirportCode="DEL" ArrivalCityCode="DEL" CityCode="YTO" GenericInd="O"/>
     <FareBasis Cabin="Y" Code="SQW38RCS" FareAmount="538.32" FarePassengerType="ADT" FareType="P" FilingCarrier="AC" GlobalInd="AT" Market="YTODEL" TripTypeInd="R"/>
     <FreeBaggageAllowance>PC002</FreeBaggageAllowance>
     <RuleCategoryIndicator>2</RuleCategoryIndicator>
     <RuleCategoryIndicator>3</RuleCategoryIndicator>
     <RuleCategoryIndicator>4</RuleCategoryIndicator>
     <RuleCategoryIndicator>5</RuleCategoryIndicator>
     <RuleCategoryIndicator>6</RuleCategoryIndicator>
     <RuleCategoryIndicator>7</RuleCategoryIndicator>
     <RuleCategoryIndicator>8</RuleCategoryIndicator>
     <RuleCategoryIndicator>9</RuleCategoryIndicator>
     <RuleCategoryIndicator>10</RuleCategoryIndicator>
     <RuleCategoryIndicator>12</RuleCategoryIndicator>
     <RuleCategoryIndicator>15</RuleCategoryIndicator>
     <RuleCategoryIndicator>16</RuleCategoryIndicator>
     <RuleCategoryIndicator>18</RuleCategoryIndicator>
     <Surcharges Ind="Q" Type="UNK">11.40</Surcharges>
    </FareCalculationBreakdown>
    <FareCalculationBreakdown>
     <Departure AirlineCode="AC" AirportCode="DEL" ArrivalAirportCode="EWR" ArrivalCityCode="EWR" CityCode="DEL" GenericInd="X"/>
     <FareBasis Cabin="Y" Code="MLW0RCE" FilingCarrier="AC"/>
     <FreeBaggageAllowance>PC002</FreeBaggageAllowance>
     <Surcharges Ind="Q" Type="UNK">11.40</Surcharges>
    </FareCalculationBreakdown>
    <FareCalculationBreakdown>
     <Branch FirstJointCarrier="AC" PCC="6DTH"/>
     <Departure AirlineCode="AC" AirportCode="EWR" ArrivalAirportCode="YYZ" ArrivalCityCode="YTO" CityCode="EWR" GenericInd="O"/>
     <FareBasis Cabin="Y" Code="MLW0RCE" FareAmount="1005.93" FarePassengerType="ADT" FareType="P" FilingCarrier="AC" GlobalInd="AT" Market="YTODEL" TripTypeInd="R"/>
     <FreeBaggageAllowance>PC002</FreeBaggageAllowance>
     <RuleCategoryIndicator>2</RuleCategoryIndicator>
     <RuleCategoryIndicator>3</RuleCategoryIndicator>
     <RuleCategoryIndicator>4</RuleCategoryIndicator>
     <RuleCategoryIndicator>5</RuleCategoryIndicator>
     <RuleCategoryIndicator>6</RuleCategoryIndicator>
     <RuleCategoryIndicator>7</RuleCategoryIndicator>
     <RuleCategoryIndicator>8</RuleCategoryIndicator>
     <RuleCategoryIndicator>9</RuleCategoryIndicator>
     <RuleCategoryIndicator>10</RuleCategoryIndicator>
     <RuleCategoryIndicator>12</RuleCategoryIndicator>
     <RuleCategoryIndicator>15</RuleCategoryIndicator>
     <RuleCategoryIndicator>16</RuleCategoryIndicator>
     <RuleCategoryIndicator>18</RuleCategoryIndicator>
    </FareCalculationBreakdown>
    <ItinTotalFare NonRefundableInd="O">
     <BaggageInfo>
      <US_DOT_Disclosure>
       <Text>BAG ALLOWANCE     -YYZDEL-02P/AC/EACH PIECE UP TO 50 POUNDS/23</Text>
       <Text>KILOGRAMS AND UP TO 62 LINEAR INCHES/158 LINEAR CENTIMETERS</Text>
       <Text>BAG ALLOWANCE     -DELYYZ-02P/AC/EACH PIECE UP TO 50 POUNDS/23</Text>
       <Text>KILOGRAMS AND UP TO 62 LINEAR INCHES/158 LINEAR CENTIMETERS</Text>
       <Text>CARRY ON ALLOWANCE</Text>
       <Text>YYZDEL-02P/AC</Text>
       <Text>02/EACH PIECE CARRY ON HAND BAGGAGE</Text>
       <Text>DELEWR EWRYYZ-01P/UA</Text>
       <Text>CARRY ON CHARGES</Text>
       <Text>DELEWR EWRYYZ-UA-CARRY ON FEES UNKNOWN-CONTACT CARRIER</Text>
       <Text>ADDITIONAL ALLOWANCES AND/OR DISCOUNTS MAY APPLY DEPENDING ON</Text>
       <Text>FLYER-SPECIFIC FACTORS /E.G. FREQUENT FLYER STATUS/MILITARY/</Text>
       <Text>CREDIT CARD FORM OF PAYMENT/EARLY PURCHASE OVER INTERNET,ETC./</Text>
      </US_DOT_Disclosure>
     </BaggageInfo>
     <BaseFare Amount="2061.00" CurrencyCode="CAD"/>
     <Endorsements>
      <Text>-REFUNDABLE/CXLFEE/CHGFEE/VLD AC TRANSATLANTIC ONLY</Text>
      <Text>-REFUNDABLE/CXLFEE/CHGFEE</Text>
     </Endorsements>
     <Taxes TotalAmount="669.43">
      <Tax Amount="3.25" TaxCode="RC2" TaxName="HARMONIZED SALES TAX HST ON SQ" TicketingTaxCode="RC"/>
      <Tax Amount="25.00" TaxCode="SQ" TaxName="AIRPORT IMPROVEMENT FEE  AIF" TicketingTaxCode="SQ"/>
      <Tax Amount="25.91" TaxCode="CA4" TaxName="AIR TRAVELLERS SECURITY CHARGE" TicketingTaxCode="CA"/>
      <Tax Amount="574.00" TaxCode="YQI" TaxName="SERVICE FEE - INSURANCE" TicketingTaxCode="YQ"/>
      <Tax Amount="4.94" TaxCode="WO" TaxName="PASSENGER SERVICE FEE" TicketingTaxCode="WO"/>
      <Tax Amount="1.43" TaxCode="IN" TaxName="USER DEVELOPMENT FEE DEPARTURE" TicketingTaxCode="IN"/>
      <Tax Amount="7.51" TaxCode="YC" TaxName="CUSTOMS USER FEE" TicketingTaxCode="YC"/>
      <Tax Amount="9.11" TaxCode="XY2" TaxName="IMMIGRATION USER FEE" TicketingTaxCode="XY"/>
      <Tax Amount="5.15" TaxCode="XA" TaxName="APHIS PASSENGER FEE PASSENGERS" TicketingTaxCode="XA"/>
      <Tax Amount="7.28" TaxCode="AY" TaxName="PASSENGER CIVIL AVIATION SECUR" TicketingTaxCode="AY"/>
      <Tax Amount="5.85" TaxCode="XF" TaxName="PASSENGER FACILITY CHARGE" TicketingTaxCode="XF"/>
     </Taxes>
     <TotalFare Amount="2730.43" CurrencyCode="CAD"/>
     <Warnings>
      <Warning ShortText="BAG ALLOWANCE     -YYZDEL-02P/AC/EACH PIECE UP TO 50 POUNDS/23"/>
      <Warning ShortText="KILOGRAMS AND UP TO 62 LINEAR INCHES/158 LINEAR CENTIMETERS"/>
      <Warning ShortText="BAG ALLOWANCE     -DELYYZ-02P/AC/EACH PIECE UP TO 50 POUNDS/23"/>
      <Warning ShortText="KILOGRAMS AND UP TO 62 LINEAR INCHES/158 LINEAR CENTIMETERS"/>
      <Warning ShortText="CARRY ON ALLOWANCE"/>
      <Warning ShortText="YYZDEL-02P/AC"/>
      <Warning ShortText="02/EACH PIECE CARRY ON HAND BAGGAGE"/>
      <Warning ShortText="DELEWR EWRYYZ-01P/UA"/>
      <Warning ShortText="CARRY ON CHARGES"/>
      <Warning ShortText="DELEWR EWRYYZ-UA-CARRY ON FEES UNKNOWN-CONTACT CARRIER"/>
      <Warning ShortText="ADDITIONAL ALLOWANCES AND/OR DISCOUNTS MAY APPLY DEPENDING ON"/>
      <Warning ShortText="FLYER-SPECIFIC FACTORS /E.G. FREQUENT FLYER STATUS/MILITARY/"/>
      <Warning ShortText="CREDIT CARD FORM OF PAYMENT/EARLY PURCHASE OVER INTERNET,ETC./"/>
     </Warnings>
    </ItinTotalFare>
    <PassengerTypeQuantity Code="ADT" Quantity="1"/>
    <PTC_FareBreakdown>
     <Cabin>Y</Cabin>
     <FareBasis Code="SQW38RCS" FareAmount="538.32" FarePassengerType="ADT" FareType="P" FilingCarrier="AC" GlobalInd="AT" Market="YTODEL"/>
     <FreeBaggageAllowance>PC002</FreeBaggageAllowance>
     <Surcharges Ind="Q" Type="UNK">11.40</Surcharges>
    </PTC_FareBreakdown>
    <PTC_FareBreakdown>
     <Cabin>Y</Cabin>
     <FareBasis Code="MLW0RCE" FilingCarrier="AC"/>
     <FreeBaggageAllowance>PC002</FreeBaggageAllowance>
     <Surcharges Ind="Q" Type="UNK">11.40</Surcharges>
    </PTC_FareBreakdown>
    <PTC_FareBreakdown>
     <Cabin>Y</Cabin>
     <FareBasis Code="MLW0RCE" FareAmount="1005.93" FarePassengerType="ADT" FareType="P" FilingCarrier="AC" GlobalInd="AT" Market="YTODEL"/>
     <FreeBaggageAllowance>PC002</FreeBaggageAllowance>
    </PTC_FareBreakdown>
   </AirItineraryPricingInfo>
  </PricedItinerary>
 </PriceQuote>
</OTA_AirPriceRS></soap-env:Body></soap-env:Envelope>