<?xml version="1.0" encoding="UTF-8"?>
<Envelope><Header><MessageHeader><From><PartyId type="URI">123123</PartyId></From><To><PartyId type="urn: x12.org:IO5: 01">999999</PartyId></To><CPAId>3RT2</CPAId><ConversationId>1111111111111111111</ConversationId><Service type="sabreXML">AddRemarkLLSRQ</Service><Action>AddRemarkLLSRS</Action><MessageData><MessageId>846958565814880151</MessageId><Timestamp>2018-09-27T15:43:02</Timestamp><RefToMessageId>mid:0_2014-09-22T21:43:40m</RefToMessageId></MessageData></MessageHeader><Security><BinarySecurityToken valueType="String" EncodingType="Base64Binary">Shared/IDL:IceSess\/SessMgr:1\.0.IDL/Common/!ICESMS\/CERTG!ICESMSLB\/CRT.LB!1538062795521!4989763!65537</BinarySecurityToken></Security></Header><Body><AddRemarkRS xmlns="http://webservices.sabre.com/sabreXML/2011/10" xmlns:xs="http://www.w3.org/2001/XMLSchema" xmlns:xsi="http://www.w3.org/2001/XMLSchema-instance" xmlns:stl="http://services.sabre.com/STL/v01" Version="2.1.1">
 <ApplicationResults status="NotProcessed">
  <Error type="BusinessLogic" timeStamp="2018-09-27T10:43:02-05:00">
   <SystemSpecificResults>
    <Message>.FRMT.NOT ENT BGNG WITH</Message>
    <ShortText>ERR.SWS.HOST.ERROR_IN_RESPONSE</ShortText>
   </SystemSpecificResults>
  </Error>
 </ApplicationResults>
</AddRemarkRS></Body></Envelope><?xml version="1.0" encoding="UTF-8"?>
<Envelope><Header><MessageHeader><From><PartyId type="URI">123123</PartyId></From><To><PartyId type="urn: x12.org:IO5: 01">999999</PartyId></To><CPAId>3RT2</CPAId><ConversationId>1111111111111111111</ConversationId><Service type="sabreXML">AddRemarkLLSRQ</Service><Action>AddRemarkLLSRS</Action><MessageData><MessageId>1290661569067450611</MessageId><Timestamp>2018-09-27T15:48:27</Timestamp><RefToMessageId>mid:0_2014-09-22T21:43:40m</RefToMessageId></MessageData></MessageHeader><Security><BinarySecurityToken valueType="String" EncodingType="Base64Binary">Shared/IDL:IceSess\/SessMgr:1\.0.IDL/Common/!ICESMS\/CERTG!ICESMSLB\/CRT.LB!1538063256966!4984998!131073</BinarySecurityToken></Security></Header><Body><AddRemarkRS xmlns="http://webservices.sabre.com/sabreXML/2011/10" xmlns:xs="http://www.w3.org/2001/XMLSchema" xmlns:xsi="http://www.w3.org/2001/XMLSchema-instance" xmlns:stl="http://services.sabre.com/STL/v01" Version="2.1.1">
 <ApplicationResults status="NotProcessed">
  <Error type="BusinessLogic" timeStamp="2018-09-27T10:48:27-05:00">
   <SystemSpecificResults>
    <Message>.FRMT.NOT ENT BGNG WITH</Message>
    <ShortText>ERR.SWS.HOST.ERROR_IN_RESPONSE</ShortText>
   </SystemSpecificResults>
  </Error>
 </ApplicationResults>
</AddRemarkRS></Body></Envelope>