<?xml version="1.0" encoding="UTF-8"?>
<soap-env:Envelope xmlns:soap-env="http://schemas.xmlsoap.org/soap/envelope/"><soap-env:Header><eb:MessageHeader xmlns:eb="http://www.ebxml.org/namespaces/messageHeader" eb:version="1.0" soap-env:mustUnderstand="1"><eb:From><eb:PartyId eb:type="URI">123123</eb:PartyId></eb:From><eb:To><eb:PartyId eb:type="urn: x12.org:IO5: 01">999999</eb:PartyId></eb:To><eb:CPAId>3RT2</eb:CPAId><eb:ConversationId>1111111111111111111</eb:ConversationId><eb:Service eb:type="sabreXML">EnhancedAirBookRQ</eb:Service><eb:Action>EnhancedAirBookRS</eb:Action><eb:MessageData><eb:MessageId>0ssfc8xz5</eb:MessageId><eb:Timestamp>2018-10-31T03:28:24</eb:Timestamp><eb:RefToMessageId>mid:0_2014-09-22T21:43:40m</eb:RefToMessageId></eb:MessageData></eb:MessageHeader><wsse:Security xmlns:wsse="http://schemas.xmlsoap.org/ws/2002/12/secext"><wsse:BinarySecurityToken valueType="String" EncodingType="wsse:Base64Binary">Shared/IDL:IceSess\/SessMgr:1\.0.IDL/Common/!ICESMS\/RESC!ICESMSLB\/RES.LB!-3086968154779790715!460362!0</wsse:BinarySecurityToken></wsse:Security></soap-env:Header><soap-env:Body><EnhancedAirBookRS xmlns="http://services.sabre.com/sp/eab/v3_6"><ApplicationResults xmlns="http://services.sabre.com/STL_Payload/v02_01" status="Complete"><Success timeStamp="2018-10-30T22:28:24.304-05:00"/></ApplicationResults><OTA_AirBookRS><OriginDestinationOption>
  <FlightSegment ArrivalDateTime="03-09T20:02" DepartureDateTime="03-09T17:16" FlightNumber="2225" NumberInParty="001" ResBookDesigCode="G" Status="NN" eTicket="true">
   <DestinationLocation LocationCode="ORD"/>
   <MarketingAirline Code="UA" FlightNumber="2225"/>
   <OriginLocation LocationCode="AUS"/>
  </FlightSegment>
  <FlightSegment ArrivalDateTime="03-10T16:45" DepartureDateTime="03-09T21:30" FlightNumber="0006" NumberInParty="001" ResBookDesigCode="V" Status="NN" eTicket="true">
   <DestinationLocation LocationCode="IST"/>
   <MarketingAirline Code="TK" FlightNumber="0006"/>
   <OriginLocation LocationCode="ORD"/>
  </FlightSegment>
  <FlightSegment ArrivalDateTime="03-11T05:15" DepartureDateTime="03-10T20:55" FlightNumber="0716" NumberInParty="001" ResBookDesigCode="V" Status="NN" eTicket="true">
   <DestinationLocation LocationCode="DEL"/>
   <MarketingAirline Code="TK" FlightNumber="0716"/>
   <OriginLocation LocationCode="IST"/>
  </FlightSegment>
  <FlightSegment ArrivalDateTime="04-04T10:30" DepartureDateTime="04-04T06:15" FlightNumber="0717" NumberInParty="001" ResBookDesigCode="W" Status="NN" eTicket="true">
   <DestinationLocation LocationCode="IST"/>
   <MarketingAirline Code="TK" FlightNumber="0717"/>
   <OriginLocation LocationCode="DEL"/>
  </FlightSegment>
  <FlightSegment ArrivalDateTime="04-04T17:25" DepartureDateTime="04-04T13:30" FlightNumber="0001" NumberInParty="001" ResBookDesigCode="W" Status="NN" eTicket="true">
   <DestinationLocation LocationCode="JFK"/>
   <MarketingAirline Code="TK" FlightNumber="0001"/>
   <OriginLocation LocationCode="IST"/>
  </FlightSegment>
  <FlightSegment ArrivalDateTime="04-05T00:42" DepartureDateTime="04-04T21:20" FlightNumber="1295" NumberInParty="001" ResBookDesigCode="U" Status="NN" eTicket="true">
   <DestinationLocation LocationCode="AUS"/>
   <MarketingAirline Code="B6" FlightNumber="1295"/>
   <OriginLocation LocationCode="JFK"/>
  </FlightSegment>
 </OriginDestinationOption></OTA_AirBookRS><TravelItineraryReadRS><TravelItinerary><CustomerInfo/><ItineraryInfo><ReservationItems><Item RPH="1"><FlightSegment AirMilesFlown="0978" ArrivalDateTime="03-09T20:02" DayOfWeekInd="6" DepartureDateTime="2019-03-09T17:16" ElapsedTime="02.46" eTicket="true" FlightNumber="2225" NumberInParty="01" ResBookDesigCode="G" SegmentNumber="0001" SmokingAllowed="false" SpecialMeal="false" Status="SS" StopQuantity="00" IsPast="false"><DestinationLocation LocationCode="ORD" Terminal="TERMINAL 1" TerminalCode="1"/><Equipment AirEquipType="319"/><MarketingAirline Code="UA" FlightNumber="2225"/><Meal Code="G"/><OriginLocation LocationCode="AUS"/><SupplierRef ID="DCUA"/><UpdatedArrivalTime>03-09T20:02</UpdatedArrivalTime><UpdatedDepartureTime>03-09T17:16</UpdatedDepartureTime></FlightSegment></Item><Item RPH="2"><FlightSegment AirMilesFlown="5495" ArrivalDateTime="03-10T16:45" DayOfWeekInd="6" DepartureDateTime="2019-03-09T21:30" ElapsedTime="10.15" eTicket="true" FlightNumber="0006" NumberInParty="01" ResBookDesigCode="V" SegmentNumber="0002" SmokingAllowed="false" SpecialMeal="false" Status="SS" StopQuantity="00" IsPast="false"><DestinationLocation LocationCode="IST" Terminal="INTERNATIONAL TERMINAL" TerminalCode="I"/><Equipment AirEquipType="77W"/><MarketingAirline Code="TK" FlightNumber="0006"/><MarriageGrp Group="001" Sequence="1"/><Meal Code="M"/><OriginLocation LocationCode="ORD" Terminal="TERMINAL 5 INTERNATIONAL" TerminalCode="5"/><SupplierRef ID="DCTK"/><UpdatedArrivalTime>03-10T16:45</UpdatedArrivalTime><UpdatedDepartureTime>03-09T21:30</UpdatedDepartureTime></FlightSegment></Item><Item RPH="3"><FlightSegment AirMilesFlown="2830" ArrivalDateTime="03-11T05:15" DayOfWeekInd="7" DepartureDateTime="2019-03-10T20:55" ElapsedTime="05.50" eTicket="true" FlightNumber="0716" NumberInParty="01" ResBookDesigCode="V" SegmentNumber="0003" SmokingAllowed="false" SpecialMeal="false" Status="SS" StopQuantity="00" IsPast="false"><DestinationLocation LocationCode="DEL" Terminal="TERMINAL 3" TerminalCode="3"/><Equipment AirEquipType="77W"/><MarketingAirline Code="TK" FlightNumber="0716"/><MarriageGrp Group="001" Sequence="2"/><Meal Code="M"/><OriginLocation LocationCode="IST" Terminal="INTERNATIONAL TERMINAL" TerminalCode="I"/><SupplierRef ID="DCTK"/><UpdatedArrivalTime>03-11T05:15</UpdatedArrivalTime><UpdatedDepartureTime>03-10T20:55</UpdatedDepartureTime></FlightSegment></Item><Item RPH="4"><FlightSegment AirMilesFlown="2830" ArrivalDateTime="04-04T10:30" DayOfWeekInd="4" DepartureDateTime="2019-04-04T06:15" ElapsedTime="06.45" eTicket="true" FlightNumber="0717" NumberInParty="01" ResBookDesigCode="W" SegmentNumber="0004" SmokingAllowed="false" SpecialMeal="false" Status="SS" StopQuantity="00" IsPast="false"><DestinationLocation LocationCode="IST" Terminal="INTERNATIONAL TERMINAL" TerminalCode="I"/><Equipment AirEquipType="77W"/><MarketingAirline Code="TK" FlightNumber="0717"/><MarriageGrp Group="002" Sequence="1"/><Meal Code="M"/><OriginLocation LocationCode="DEL" Terminal="TERMINAL 3" TerminalCode="3"/><SupplierRef ID="DCTK"/><UpdatedArrivalTime>04-04T10:30</UpdatedArrivalTime><UpdatedDepartureTime>04-04T06:15</UpdatedDepartureTime></FlightSegment></Item><Item RPH="5"><FlightSegment AirMilesFlown="5021" ArrivalDateTime="04-04T17:25" DayOfWeekInd="4" DepartureDateTime="2019-04-04T13:30" ElapsedTime="10.55" eTicket="true" FlightNumber="0001" NumberInParty="01" ResBookDesigCode="W" SegmentNumber="0005" SmokingAllowed="false" SpecialMeal="false" Status="SS" StopQuantity="00" IsPast="false"><DestinationLocation LocationCode="JFK" Terminal="TERMINAL 1" TerminalCode="1"/><Equipment AirEquipType="77W"/><MarketingAirline Code="TK" FlightNumber="0001"/><MarriageGrp Group="002" Sequence="2"/><Meal Code="M"/><OriginLocation LocationCode="IST" Terminal="INTERNATIONAL TERMINAL" TerminalCode="I"/><SupplierRef ID="DCTK"/><UpdatedArrivalTime>04-04T17:25</UpdatedArrivalTime><UpdatedDepartureTime>04-04T13:30</UpdatedDepartureTime></FlightSegment></Item><Item RPH="6"><FlightSegment AirMilesFlown="1521" ArrivalDateTime="04-05T00:42" DayOfWeekInd="4" DepartureDateTime="2019-04-04T21:20" ElapsedTime="04.22" eTicket="true" FlightNumber="1295" NumberInParty="01" ResBookDesigCode="U" SegmentNumber="0006" SmokingAllowed="false" SpecialMeal="false" Status="SS" StopQuantity="00" IsPast="false"><DestinationLocation LocationCode="AUS"/><Equipment AirEquipType="320"/><MarketingAirline Code="B6" FlightNumber="1295"/><OriginLocation LocationCode="JFK" Terminal="TERMINAL 5" TerminalCode="5"/><SupplierRef ID="DCB6"/><UpdatedArrivalTime>04-05T00:42</UpdatedArrivalTime><UpdatedDepartureTime>04-04T21:20</UpdatedDepartureTime></FlightSegment></Item></ReservationItems></ItineraryInfo><ItineraryRef AirExtras="false" InhibitCode="U" PartitionID="AA" PrimeHostID="1S"><Source PseudoCityCode="3RT2"/></ItineraryRef></TravelItinerary></TravelItineraryReadRS></EnhancedAirBookRS></soap-env:Body></soap-env:Envelope>