<?xml version="1.0" encoding="UTF-8"?>
<soap-env:Envelope xmlns:soap-env="http://schemas.xmlsoap.org/soap/envelope/"><soap-env:Header><eb:MessageHeader xmlns:eb="http://www.ebxml.org/namespaces/messageHeader" eb:version="1.0" soap-env:mustUnderstand="1"><eb:From><eb:PartyId eb:type="URI">123123</eb:PartyId></eb:From><eb:To><eb:PartyId eb:type="urn: x12.org:IO5: 01">999999</eb:PartyId></eb:To><eb:CPAId>3RT2</eb:CPAId><eb:ConversationId>1111111111111111111</eb:ConversationId><eb:Service eb:type="sabreXML">EnhancedAirBookRQ</eb:Service><eb:Action>EnhancedAirBookRS</eb:Action><eb:MessageData><eb:MessageId>26ub7qevs</eb:MessageId><eb:Timestamp>2018-10-29T13:49:38</eb:Timestamp><eb:RefToMessageId>mid:0_2014-09-22T21:43:40m</eb:RefToMessageId></eb:MessageData></eb:MessageHeader><wsse:Security xmlns:wsse="http://schemas.xmlsoap.org/ws/2002/12/secext"><wsse:BinarySecurityToken valueType="String" EncodingType="wsse:Base64Binary">Shared/IDL:IceSess\/SessMgr:1\.0.IDL/Common/!ICESMS\/RESA!ICESMSLB\/RES.LB!1540820967172!27571541!196609</wsse:BinarySecurityToken></wsse:Security></soap-env:Header><soap-env:Body><EnhancedAirBookRS xmlns="http://services.sabre.com/sp/eab/v3_6"><ApplicationResults xmlns="http://services.sabre.com/STL_Payload/v02_01" status="Complete"><Success timeStamp="2018-10-29T08:49:38.615-05:00"/></ApplicationResults><OTA_AirBookRS><OriginDestinationOption>
  <FlightSegment ArrivalDateTime="03-15T09:50" DepartureDateTime="03-14T23:00" FlightNumber="6150" NumberInParty="001" ResBookDesigCode="O" Status="SS" eTicket="true">
   <DestinationLocation LocationCode="LGW"/>
   <MarketingAirline Code="AA" FlightNumber="6150"/>
   <OriginLocation LocationCode="JFK"/>
  </FlightSegment>
  <FlightSegment ArrivalDateTime="04-01T23:45" DepartureDateTime="04-01T20:25" FlightNumber="3717" NumberInParty="001" ResBookDesigCode="S" Status="NN" eTicket="true">
   <DestinationLocation LocationCode="MAD"/>
   <MarketingAirline Code="IB" FlightNumber="3717"/>
   <OriginLocation LocationCode="LGW"/>
  </FlightSegment>
  <FlightSegment ArrivalDateTime="04-02T13:15" DepartureDateTime="04-02T11:10" FlightNumber="4001" NumberInParty="001" ResBookDesigCode="O" Status="NN" eTicket="true">
   <DestinationLocation LocationCode="JFK"/>
   <MarketingAirline Code="IB" FlightNumber="4001"/>
   <OriginLocation LocationCode="MAD"/>
  </FlightSegment>
  <FlightSegment ArrivalDateTime="04-02T23:27" DepartureDateTime="04-02T21:45" FlightNumber="4273" NumberInParty="001" ResBookDesigCode="O" Status="NN" eTicket="true">
   <DestinationLocation LocationCode="DCA"/>
   <MarketingAirline Code="IB" FlightNumber="4273"/>
   <OriginLocation LocationCode="JFK"/>
  </FlightSegment>
 </OriginDestinationOption></OTA_AirBookRS><TravelItineraryReadRS><TravelItinerary><CustomerInfo/><ItineraryInfo><ReservationItems><Item RPH="1"><FlightSegment AirMilesFlown="3470" ArrivalDateTime="03-15T09:50" DayOfWeekInd="4" DepartureDateTime="2019-03-14T23:00" ElapsedTime="06.50" eTicket="true" FlightNumber="6150" NumberInParty="01" ResBookDesigCode="O" SegmentNumber="0001" SmokingAllowed="false" SpecialMeal="false" Status="SS" StopQuantity="00" IsPast="false"><DestinationLocation LocationCode="LGW" Terminal="SOUTH TERMINAL" TerminalCode="S"/><Equipment AirEquipType="777"/><MarketingAirline Code="AA" FlightNumber="6150"/><Meal Code="M"/><OperatingAirline Code="BA" CompanyShortName="BRITISH AIRWAYS" FlightNumber="2272"/><OriginLocation LocationCode="JFK" Terminal="TERMINAL 7" TerminalCode="7"/><PartnerCarrier Code="BA" FlightNumber="2272" ResBookDesigCode="O"><Banner>OPERATED BY BRITISH AIRWAYS</Banner></PartnerCarrier><SupplierRef ID="DCAA"/><Text>OPERATED BY BRITISH AIRWAYS</Text><UpdatedArrivalTime>03-15T09:50</UpdatedArrivalTime><UpdatedDepartureTime>03-14T23:00</UpdatedDepartureTime></FlightSegment></Item><Item RPH="2"><FlightSegment AirMilesFlown="0755" ArrivalDateTime="04-01T23:45" DayOfWeekInd="1" DepartureDateTime="2019-04-01T20:25" ElapsedTime="02.20" eTicket="true" FlightNumber="3717" NumberInParty="01" ResBookDesigCode="S" SegmentNumber="0002" SmokingAllowed="false" SpecialMeal="false" Status="SS" StopQuantity="00" IsPast="false"><DestinationLocation LocationCode="MAD" Terminal="TERMINAL 4" TerminalCode="4"/><Equipment AirEquipType="32A"/><MarketingAirline Code="IB" FlightNumber="3717"/><Meal Code="G"/><OperatingAirline Code="IB" CompanyShortName="IBERIA" FlightNumber="3717"/><OriginLocation LocationCode="LGW" Terminal="SOUTH TERMINAL" TerminalCode="S"/><SupplierRef ID="DCIB"/><Text>OPERATED BY IBERIA</Text><UpdatedArrivalTime>04-01T23:45</UpdatedArrivalTime><UpdatedDepartureTime>04-01T20:25</UpdatedDepartureTime></FlightSegment></Item><Item RPH="3"><FlightSegment AirMilesFlown="3589" ArrivalDateTime="04-02T13:15" DayOfWeekInd="2" DepartureDateTime="2019-04-02T11:10" ElapsedTime="08.05" eTicket="true" FlightNumber="4001" NumberInParty="01" ResBookDesigCode="O" SegmentNumber="0003" SmokingAllowed="false" SpecialMeal="false" Status="SS" StopQuantity="00" IsPast="false"><DestinationLocation LocationCode="JFK" Terminal="TERMINAL 8" TerminalCode="8"/><Equipment AirEquipType="772"/><MarketingAirline Code="IB" FlightNumber="4001"/><OperatingAirline Code="AA" CompanyShortName="AMERICAN AIRLINES" FlightNumber="4001"/><OriginLocation LocationCode="MAD" Terminal="TERMINAL 4S" TerminalCode="4S"/><SupplierRef ID="DCIB"/><Text>OPERATED BY AMERICAN AIRLINES</Text><UpdatedArrivalTime>04-02T13:15</UpdatedArrivalTime><UpdatedDepartureTime>04-02T11:10</UpdatedDepartureTime></FlightSegment></Item><Item RPH="4"><FlightSegment AirMilesFlown="0213" ArrivalDateTime="04-02T23:27" DayOfWeekInd="2" DepartureDateTime="2019-04-02T21:45" ElapsedTime="01.42" eTicket="true" FlightNumber="4273" NumberInParty="01" ResBookDesigCode="O" SegmentNumber="0004" SmokingAllowed="false" SpecialMeal="false" Status="SS" StopQuantity="00" IsPast="false"><DestinationLocation LocationCode="DCA" Terminal="TERMINAL C" TerminalCode="C"/><Equipment AirEquipType="E75"/><MarketingAirline Code="IB" FlightNumber="4273"/><OperatingAirline Code="AA" CompanyShortName="/AMERICAN EAGLE FOR AMERICAN AIRL" FlightNumber="4273"/><OriginLocation LocationCode="JFK" Terminal="TERMINAL 8" TerminalCode="8"/><SupplierRef ID="DCIB"/><Text>OPERATED BY /AMERICAN EAGLE FOR AMERICAN AIRL</Text><UpdatedArrivalTime>04-02T23:27</UpdatedArrivalTime><UpdatedDepartureTime>04-02T21:45</UpdatedDepartureTime></FlightSegment></Item></ReservationItems></ItineraryInfo><ItineraryRef AirExtras="false" InhibitCode="U" PartitionID="AA" PrimeHostID="1S"><Source PseudoCityCode="3RT2"/></ItineraryRef></TravelItinerary></TravelItineraryReadRS></EnhancedAirBookRS></soap-env:Body></soap-env:Envelope>