<?xml version="1.0" encoding="UTF-8"?>
<soap-env:Envelope xmlns:soap-env="http://schemas.xmlsoap.org/soap/envelope/"><soap-env:Header><eb:MessageHeader xmlns:eb="http://www.ebxml.org/namespaces/messageHeader" eb:version="1.0" soap-env:mustUnderstand="1"><eb:From><eb:PartyId eb:type="URI">123123</eb:PartyId></eb:From><eb:To><eb:PartyId eb:type="urn: x12.org:IO5: 01">999999</eb:PartyId></eb:To><eb:CPAId>3RT2</eb:CPAId><eb:ConversationId>1111111111111111111</eb:ConversationId><eb:Service eb:type="sabreXML">OTA_AirPriceLLSRQ</eb:Service><eb:Action>OTA_AirPriceLLSRS</eb:Action><eb:MessageData><eb:MessageId>5069133507649820250</eb:MessageId><eb:Timestamp>2018-09-24T14:06:05</eb:Timestamp><eb:RefToMessageId>mid:0_2014-09-22T21:43:40m</eb:RefToMessageId></eb:MessageData></eb:MessageHeader><wsse:Security xmlns:wsse="http://schemas.xmlsoap.org/ws/2002/12/secext"><wsse:BinarySecurityToken valueType="String" EncodingType="wsse:Base64Binary">Shared/IDL:IceSess\/SessMgr:1\.0.IDL/Common/!ICESMS\/RESG!ICESMSLB\/RES.LB!-3099905540887474293!464806!0</wsse:BinarySecurityToken></wsse:Security></soap-env:Header><soap-env:Body><OTA_AirPriceRS xmlns="http://webservices.sabre.com/sabreXML/2011/10" xmlns:xs="http://www.w3.org/2001/XMLSchema" xmlns:xsi="http://www.w3.org/2001/XMLSchema-instance" xmlns:stl="http://services.sabre.com/STL/v01" Version="2.14.0">
 <stl:ApplicationResults status="Complete">
  <stl:Success timeStamp="2018-09-24T09:06:05-05:00"/>
 </stl:ApplicationResults>
 <PriceQuote>
  <MiscInformation>
   <BaggageInfo>
    <SubCodeProperties RPH="1" SolutionSequenceNmbr="1">
     <AncillaryFeeGroupCode>BG</AncillaryFeeGroupCode>
     <AncillaryService SubGroupCode="CY">
      <Text>CARRY ON HAND BAGGAGE</Text>
     </AncillaryService>
     <CommercialNameofBaggageItemType>CARRYON HAND BAGGAGE ALLOWANCE</CommercialNameofBaggageItemType>
     <EMD_Type>4</EMD_Type>
     <ExtendedSubCodeKey>0LNABEY</ExtendedSubCodeKey>
     <RFIC>C</RFIC>
    </SubCodeProperties>
    <SubCodeProperties RPH="2" SolutionSequenceNmbr="1">
     <AncillaryFeeGroupCode>BG</AncillaryFeeGroupCode>
     <CommercialNameofBaggageItemType>FREE BAGGAGE ALLOWANCE</CommercialNameofBaggageItemType>
     <EMD_Type>4</EMD_Type>
     <ExtendedSubCodeKey>0DFAAEY</ExtendedSubCodeKey>
    </SubCodeProperties>
    <SubCodeProperties RPH="3" SolutionSequenceNmbr="1">
     <AncillaryFeeGroupCode>BG</AncillaryFeeGroupCode>
     <BookingMethod>01</BookingMethod>
     <CommercialNameofBaggageItemType>UPTO50LB 23KG AND62LI 158LCM</CommercialNameofBaggageItemType>
     <DescriptionOne Code="23">
      <Text>UP TO 50 POUNDS/23 KILOGRAMS</Text>
     </DescriptionOne>
     <DescriptionTwo Code="6U">
      <Text>UP TO 62 LINEAR INCHES/158 LINEAR CENTIMETERS</Text>
     </DescriptionTwo>
     <EMD_Type>2</EMD_Type>
     <ExtendedSubCodeKey>0GOACEY</ExtendedSubCodeKey>
     <RFIC>C</RFIC>
     <SizeWeightInfo>
      <MaximumSizeInAlternate Units="C">158</MaximumSizeInAlternate>
      <MaximumSize Units="I">62</MaximumSize>
      <MaximumWeightInAlternate Units="K">23</MaximumWeightInAlternate>
      <MaximumWeight Units="L">50</MaximumWeight>
     </SizeWeightInfo>
     <SSR_Code>ASVC</SSR_Code>
    </SubCodeProperties>
   </BaggageInfo>
   <HeaderInformation SolutionSequenceNmbr="1">
    <DepartureDate>2018-11-09</DepartureDate>
    <Text>VALIDATING CARRIER - EY</Text>
    <Text>BAG ALLOWANCE     -YYZDEL-02P/EY/EACH PIECE UP TO 50 POUNDS/23</Text>
    <Text>KILOGRAMS AND UP TO 62 LINEAR INCHES/158 LINEAR CENTIMETERS</Text>
    <Text>BAG ALLOWANCE     -DELYYZ-02P/EY/EACH PIECE UP TO 50 POUNDS/23</Text>
    <Text>KILOGRAMS AND UP TO 62 LINEAR INCHES/158 LINEAR CENTIMETERS</Text>
    <Text>CARRY ON ALLOWANCE</Text>
    <Text>YYZAUH DELAUH AUHYYZ-01P/07KG/EY</Text>
    <Text>AUHDEL-9W-CARRY ON ALLOWANCE UNKNOWN-CONTACT CARRIER</Text>
    <Text>CARRY ON CHARGES</Text>
    <Text>YYZAUH DELAUH AUHYYZ-EY-CARRY ON FEES UNKNOWN-CONTACT CARRIER</Text>
    <Text>AUHDEL-9W-CARRY ON FEES UNKNOWN-CONTACT CARRIER</Text>
    <Text>ADDITIONAL ALLOWANCES AND/OR DISCOUNTS MAY APPLY DEPENDING ON</Text>
    <Text>FLYER-SPECIFIC FACTORS /E.G. FREQUENT FLYER STATUS/MILITARY/</Text>
    <Text>CREDIT CARD FORM OF PAYMENT/EARLY PURCHASE OVER INTERNET,ETC./</Text>
    <ValidatingCarrier Code="EY"/>
   </HeaderInformation>
   <SolutionInformation SolutionSequenceNmbr="1">
    <CurrencyCode>CAD</CurrencyCode>
    <RequiresRebook>false</RequiresRebook>
    <TicketNumber>0</TicketNumber>
    <TotalAmount>1230.04</TotalAmount>
   </SolutionInformation>
  </MiscInformation>
  <PricedItinerary AlternativePricing="false" CurrencyCode="CAD" MultiTicket="false" TotalAmount="1230.04">
   <AirItineraryPricingInfo SolutionSequenceNmbr="1">
    <BaggageProvisions RPH="1">
     <Associations>
      <CarrierCode RPH="1">EY</CarrierCode>
      <CarrierCode RPH="2">EY</CarrierCode>
      <CountForSegmentAssociatedID>2</CountForSegmentAssociatedID>
      <DepartureDate RPH="1">2018-11-09</DepartureDate>
      <DepartureDate RPH="2">2018-11-10</DepartureDate>
      <DestinationLocation LocationCode="AUH" RPH="1"/>
      <DestinationLocation LocationCode="DEL" RPH="2"/>
      <FlightNumber RPH="1">140</FlightNumber>
      <FlightNumber RPH="2">7602</FlightNumber>
      <OriginLocation LocationCode="YYZ" RPH="1"/>
      <OriginLocation LocationCode="AUH" RPH="2"/>
      <PNR_Segment RPH="1">2</PNR_Segment>
      <PNR_Segment RPH="2">3</PNR_Segment>
      <ResBookDesigCode RPH="1">U</ResBookDesigCode>
      <ResBookDesigCode RPH="2">U</ResBookDesigCode>
      <StatusCode RPH="1">SS</StatusCode>
      <StatusCode RPH="2">SS</StatusCode>
     </Associations>
     <CarrierWhoseBaggageProvisionsApply>EY</CarrierWhoseBaggageProvisionsApply>
     <NumPiecesBDI>2</NumPiecesBDI>
     <NumPiecesITR>2</NumPiecesITR>
     <ProvisionType>A</ProvisionType>
     <SubCodeInfo>
      <SubCodeForAllowance RPH="1">0GOACEY</SubCodeForAllowance>
      <SubCodeForChargesOthers>0DFAAEY</SubCodeForChargesOthers>
     </SubCodeInfo>
    </BaggageProvisions>
    <BaggageProvisions RPH="2">
     <Associations>
      <CarrierCode RPH="1">EY</CarrierCode>
      <CarrierCode RPH="2">EY</CarrierCode>
      <CountForSegmentAssociatedID>2</CountForSegmentAssociatedID>
      <DepartureDate RPH="1">2018-11-23</DepartureDate>
      <DepartureDate RPH="2">2018-11-23</DepartureDate>
      <DestinationLocation LocationCode="AUH" RPH="1"/>
      <DestinationLocation LocationCode="YYZ" RPH="2"/>
      <FlightNumber RPH="1">211</FlightNumber>
      <FlightNumber RPH="2">141</FlightNumber>
      <OriginLocation LocationCode="DEL" RPH="1"/>
      <OriginLocation LocationCode="AUH" RPH="2"/>
      <PNR_Segment RPH="1">4</PNR_Segment>
      <PNR_Segment RPH="2">5</PNR_Segment>
      <ResBookDesigCode RPH="1">U</ResBookDesigCode>
      <ResBookDesigCode RPH="2">U</ResBookDesigCode>
      <StatusCode RPH="1">SS</StatusCode>
      <StatusCode RPH="2">SS</StatusCode>
     </Associations>
     <CarrierWhoseBaggageProvisionsApply>EY</CarrierWhoseBaggageProvisionsApply>
     <NumPiecesBDI>2</NumPiecesBDI>
     <NumPiecesITR>2</NumPiecesITR>
     <ProvisionType>A</ProvisionType>
     <SubCodeInfo>
      <SubCodeForAllowance RPH="1">0GOACEY</SubCodeForAllowance>
      <SubCodeForChargesOthers>0DFAAEY</SubCodeForChargesOthers>
     </SubCodeInfo>
    </BaggageProvisions>
    <BaggageProvisions RPH="3">
     <Associations>
      <CarrierCode RPH="1">EY</CarrierCode>
      <CarrierCode RPH="2">EY</CarrierCode>
      <CarrierCode RPH="3">EY</CarrierCode>
      <CountForSegmentAssociatedID>3</CountForSegmentAssociatedID>
      <DepartureDate RPH="1">2018-11-09</DepartureDate>
      <DepartureDate RPH="2">2018-11-23</DepartureDate>
      <DepartureDate RPH="3">2018-11-23</DepartureDate>
      <DestinationLocation LocationCode="AUH" RPH="1"/>
      <DestinationLocation LocationCode="AUH" RPH="2"/>
      <DestinationLocation LocationCode="YYZ" RPH="3"/>
      <FlightNumber RPH="1">140</FlightNumber>
      <FlightNumber RPH="2">211</FlightNumber>
      <FlightNumber RPH="3">141</FlightNumber>
      <OriginLocation LocationCode="YYZ" RPH="1"/>
      <OriginLocation LocationCode="DEL" RPH="2"/>
      <OriginLocation LocationCode="AUH" RPH="3"/>
      <PNR_Segment RPH="1">2</PNR_Segment>
      <PNR_Segment RPH="2">4</PNR_Segment>
      <PNR_Segment RPH="3">5</PNR_Segment>
      <ResBookDesigCode RPH="1">U</ResBookDesigCode>
      <ResBookDesigCode RPH="2">U</ResBookDesigCode>
      <ResBookDesigCode RPH="3">U</ResBookDesigCode>
      <StatusCode RPH="1">SS</StatusCode>
      <StatusCode RPH="2">SS</StatusCode>
      <StatusCode RPH="3">SS</StatusCode>
     </Associations>
     <CarrierWhoseBaggageProvisionsApply>EY</CarrierWhoseBaggageProvisionsApply>
     <NumPiecesBDI>1</NumPiecesBDI>
     <ProvisionType>B</ProvisionType>
     <SubCodeInfo>
      <SubCodeForChargesOthers>0LNABEY</SubCodeForChargesOthers>
     </SubCodeInfo>
     <WeightLimit Units="K">7</WeightLimit>
    </BaggageProvisions>
    <FareCalculation>
     <Text>YTO EY X/AUH EY DEL Q YTODEL7.68Q YTODEL2.50 223.48EY X/AUH EY YTO Q DELYTO2.50Q DELYTO7.68 223.48NUC467.32END ROE1.302083</Text>
    </FareCalculation>
    <FareCalculationBreakdown>
     <Departure AirlineCode="EY" AirportCode="YYZ" ArrivalAirportCode="AUH" ArrivalCityCode="AUH" CityCode="YTO" GenericInd="X"/>
     <FareBasis Cabin="Y" Code="UKPRRTCA/YS" FilingCarrier="EY" TicketDesignator="YS"/>
     <FreeBaggageAllowance>PC002</FreeBaggageAllowance>
     <Surcharges Ind="Q" Type="UNK">7.68</Surcharges>
     <Surcharges Ind="Q" Type="UNK">2.50</Surcharges>
    </FareCalculationBreakdown>
    <FareCalculationBreakdown>
     <Branch FirstJointCarrier="EY" PCC="3RT2"/>
     <Departure AirlineCode="EY" AirportCode="AUH" ArrivalAirportCode="DEL" ArrivalCityCode="DEL" CityCode="AUH" GenericInd="O"/>
     <FareBasis Cabin="Y" Code="UKPRRTCA/YS" FareAmount="223.48" FarePassengerType="ADT" FareType="P" FilingCarrier="EY" GlobalInd="AT" Market="YTODEL" TicketDesignator="YS" TripTypeInd="R"/>
     <FreeBaggageAllowance>PC002</FreeBaggageAllowance>
     <RuleCategoryIndicator>3</RuleCategoryIndicator>
     <RuleCategoryIndicator>4</RuleCategoryIndicator>
     <RuleCategoryIndicator>5</RuleCategoryIndicator>
     <RuleCategoryIndicator>6</RuleCategoryIndicator>
     <RuleCategoryIndicator>7</RuleCategoryIndicator>
     <RuleCategoryIndicator>8</RuleCategoryIndicator>
     <RuleCategoryIndicator>9</RuleCategoryIndicator>
     <RuleCategoryIndicator>10</RuleCategoryIndicator>
     <RuleCategoryIndicator>11</RuleCategoryIndicator>
     <RuleCategoryIndicator>12</RuleCategoryIndicator>
     <RuleCategoryIndicator>15</RuleCategoryIndicator>
     <RuleCategoryIndicator>16</RuleCategoryIndicator>
     <RuleCategoryIndicator>18</RuleCategoryIndicator>
     <RuleCategoryIndicator>23</RuleCategoryIndicator>
    </FareCalculationBreakdown>
    <FareCalculationBreakdown>
     <Departure AirlineCode="EY" AirportCode="DEL" ArrivalAirportCode="AUH" ArrivalCityCode="AUH" CityCode="DEL" GenericInd="X"/>
     <FareBasis Cabin="Y" Code="UKPRRTCA/YS" FilingCarrier="EY" TicketDesignator="YS"/>
     <FreeBaggageAllowance>PC002</FreeBaggageAllowance>
     <Surcharges Ind="Q" Type="UNK">2.50</Surcharges>
    </FareCalculationBreakdown>
    <FareCalculationBreakdown>
     <Branch FirstJointCarrier="EY" PCC="3RT2"/>
     <Departure AirlineCode="EY" AirportCode="AUH" ArrivalAirportCode="YYZ" ArrivalCityCode="YTO" CityCode="AUH" GenericInd="O"/>
     <FareBasis Cabin="Y" Code="UKPRRTCA/YS" FareAmount="223.48" FarePassengerType="ADT" FareType="P" FilingCarrier="EY" GlobalInd="AT" Market="YTODEL" TicketDesignator="YS" TripTypeInd="R"/>
     <FreeBaggageAllowance>PC002</FreeBaggageAllowance>
     <RuleCategoryIndicator>3</RuleCategoryIndicator>
     <RuleCategoryIndicator>4</RuleCategoryIndicator>
     <RuleCategoryIndicator>5</RuleCategoryIndicator>
     <RuleCategoryIndicator>6</RuleCategoryIndicator>
     <RuleCategoryIndicator>7</RuleCategoryIndicator>
     <RuleCategoryIndicator>8</RuleCategoryIndicator>
     <RuleCategoryIndicator>9</RuleCategoryIndicator>
     <RuleCategoryIndicator>10</RuleCategoryIndicator>
     <RuleCategoryIndicator>11</RuleCategoryIndicator>
     <RuleCategoryIndicator>12</RuleCategoryIndicator>
     <RuleCategoryIndicator>15</RuleCategoryIndicator>
     <RuleCategoryIndicator>16</RuleCategoryIndicator>
     <RuleCategoryIndicator>18</RuleCategoryIndicator>
     <RuleCategoryIndicator>23</RuleCategoryIndicator>
     <Surcharges Ind="Q" Type="UNK">7.68</Surcharges>
    </FareCalculationBreakdown>
    <ItinTotalFare NonRefundableInd="O">
     <BaggageInfo>
      <US_DOT_Disclosure>
       <Text>BAG ALLOWANCE     -YYZDEL-02P/EY/EACH PIECE UP TO 50 POUNDS/23</Text>
       <Text>KILOGRAMS AND UP TO 62 LINEAR INCHES/158 LINEAR CENTIMETERS</Text>
       <Text>BAG ALLOWANCE     -DELYYZ-02P/EY/EACH PIECE UP TO 50 POUNDS/23</Text>
       <Text>KILOGRAMS AND UP TO 62 LINEAR INCHES/158 LINEAR CENTIMETERS</Text>
       <Text>CARRY ON ALLOWANCE</Text>
       <Text>YYZAUH DELAUH AUHYYZ-01P/07KG/EY</Text>
       <Text>AUHDEL-9W-CARRY ON ALLOWANCE UNKNOWN-CONTACT CARRIER</Text>
       <Text>CARRY ON CHARGES</Text>
       <Text>YYZAUH DELAUH AUHYYZ-EY-CARRY ON FEES UNKNOWN-CONTACT CARRIER</Text>
       <Text>AUHDEL-9W-CARRY ON FEES UNKNOWN-CONTACT CARRIER</Text>
       <Text>ADDITIONAL ALLOWANCES AND/OR DISCOUNTS MAY APPLY DEPENDING ON</Text>
       <Text>FLYER-SPECIFIC FACTORS /E.G. FREQUENT FLYER STATUS/MILITARY/</Text>
       <Text>CREDIT CARD FORM OF PAYMENT/EARLY PURCHASE OVER INTERNET,ETC./</Text>
      </US_DOT_Disclosure>
     </BaggageInfo>
     <BaseFare Amount="608.00" CurrencyCode="CAD"/>
     <Endorsements>
      <Text>NON ENDO/ REF</Text>
     </Endorsements>
     <Taxes TotalAmount="622.04">
      <Tax Amount="532.00" TaxCode="YQF" TaxName="SERVICE FEE - FUEL" TicketingTaxCode="YQ"/>
      <Tax Amount="1.41" TaxCode="YRF" TaxName="SERVICE FEE - FUEL" TicketingTaxCode="YR"/>
      <Tax Amount="25.91" TaxCode="CA4" TaxName="AIR TRAVELLERS SECURITY CHARGE" TicketingTaxCode="CA"/>
      <Tax Amount="25.00" TaxCode="SQ" TaxName="AIRPORT IMPROVEMENT FEE  AIF" TicketingTaxCode="SQ"/>
      <Tax Amount="3.25" TaxCode="RC2" TaxName="HARMONIZED SALES TAX HST ON SQ" TicketingTaxCode="RC"/>
      <Tax Amount="3.52" TaxCode="ZR2" TaxName="INTERNATIONAL ADVANCED PASSENG" TicketingTaxCode="ZR"/>
      <Tax Amount="24.62" TaxCode="F62" TaxName="PASSENGER FACILITIES CHARGE" TicketingTaxCode="F6"/>
      <Tax Amount="4.91" TaxCode="WO" TaxName="PASSENGER SERVICE FEE" TicketingTaxCode="WO"/>
      <Tax Amount="1.42" TaxCode="IN" TaxName="USER DEVELOPMENT FEE DEPARTURE" TicketingTaxCode="IN"/>
     </Taxes>
     <TotalFare Amount="1230.04" CurrencyCode="CAD"/>
     <Warnings>
      <Warning ShortText="BAG ALLOWANCE     -YYZDEL-02P/EY/EACH PIECE UP TO 50 POUNDS/23"/>
      <Warning ShortText="KILOGRAMS AND UP TO 62 LINEAR INCHES/158 LINEAR CENTIMETERS"/>
      <Warning ShortText="BAG ALLOWANCE     -DELYYZ-02P/EY/EACH PIECE UP TO 50 POUNDS/23"/>
      <Warning ShortText="KILOGRAMS AND UP TO 62 LINEAR INCHES/158 LINEAR CENTIMETERS"/>
      <Warning ShortText="CARRY ON ALLOWANCE"/>
      <Warning ShortText="YYZAUH DELAUH AUHYYZ-01P/07KG/EY"/>
      <Warning ShortText="AUHDEL-9W-CARRY ON ALLOWANCE UNKNOWN-CONTACT CARRIER"/>
      <Warning ShortText="CARRY ON CHARGES"/>
      <Warning ShortText="YYZAUH DELAUH AUHYYZ-EY-CARRY ON FEES UNKNOWN-CONTACT CARRIER"/>
      <Warning ShortText="AUHDEL-9W-CARRY ON FEES UNKNOWN-CONTACT CARRIER"/>
      <Warning ShortText="ADDITIONAL ALLOWANCES AND/OR DISCOUNTS MAY APPLY DEPENDING ON"/>
      <Warning ShortText="FLYER-SPECIFIC FACTORS /E.G. FREQUENT FLYER STATUS/MILITARY/"/>
      <Warning ShortText="CREDIT CARD FORM OF PAYMENT/EARLY PURCHASE OVER INTERNET,ETC./"/>
     </Warnings>
    </ItinTotalFare>
    <PassengerTypeQuantity Code="ADT" Quantity="1"/>
    <PTC_FareBreakdown>
     <Cabin>Y</Cabin>
     <FareBasis Code="UKPRRTCA/YS" FilingCarrier="EY" TicketDesignator="YS"/>
     <FreeBaggageAllowance>PC002</FreeBaggageAllowance>
     <Surcharges Ind="Q" Type="UNK">7.68</Surcharges>
     <Surcharges Ind="Q" Type="UNK">2.50</Surcharges>
    </PTC_FareBreakdown>
    <PTC_FareBreakdown>
     <Cabin>Y</Cabin>
     <FareBasis Code="UKPRRTCA/YS" FareAmount="223.48" FarePassengerType="ADT" FareType="P" FilingCarrier="EY" GlobalInd="AT" Market="YTODEL" TicketDesignator="YS"/>
     <FreeBaggageAllowance>PC002</FreeBaggageAllowance>
    </PTC_FareBreakdown>
    <PTC_FareBreakdown>
     <Cabin>Y</Cabin>
     <FareBasis Code="UKPRRTCA/YS" FilingCarrier="EY" TicketDesignator="YS"/>
     <FreeBaggageAllowance>PC002</FreeBaggageAllowance>
     <Surcharges Ind="Q" Type="UNK">2.50</Surcharges>
    </PTC_FareBreakdown>
    <PTC_FareBreakdown>
     <Cabin>Y</Cabin>
     <FareBasis Code="UKPRRTCA/YS" FareAmount="223.48" FarePassengerType="ADT" FareType="P" FilingCarrier="EY" GlobalInd="AT" Market="YTODEL" TicketDesignator="YS"/>
     <FreeBaggageAllowance>PC002</FreeBaggageAllowance>
     <Surcharges Ind="Q" Type="UNK">7.68</Surcharges>
    </PTC_FareBreakdown>
   </AirItineraryPricingInfo>
  </PricedItinerary>
 </PriceQuote>
</OTA_AirPriceRS></soap-env:Body></soap-env:Envelope>