<?xml version="1.0" encoding="UTF-8"?>
<soap-env:Envelope xmlns:soap-env="http://schemas.xmlsoap.org/soap/envelope/"><soap-env:Header><eb:MessageHeader xmlns:eb="http://www.ebxml.org/namespaces/messageHeader" eb:version="1.0" soap-env:mustUnderstand="1"><eb:From><eb:PartyId eb:type="URI">123123</eb:PartyId></eb:From><eb:To><eb:PartyId eb:type="urn: x12.org:IO5: 01">999999</eb:PartyId></eb:To><eb:CPAId>3RT2</eb:CPAId><eb:ConversationId>1111111111111111111</eb:ConversationId><eb:Service eb:type="sabreXML">EnhancedAirBookRQ</eb:Service><eb:Action>EnhancedAirBookRS</eb:Action><eb:MessageData><eb:MessageId>29mnyjfb3</eb:MessageId><eb:Timestamp>2018-09-24T14:06:04</eb:Timestamp><eb:RefToMessageId>mid:0_2014-09-22T21:43:40m</eb:RefToMessageId></eb:MessageData></eb:MessageHeader><wsse:Security xmlns:wsse="http://schemas.xmlsoap.org/ws/2002/12/secext"><wsse:BinarySecurityToken valueType="String" EncodingType="wsse:Base64Binary">Shared/IDL:IceSess\/SessMgr:1\.0.IDL/Common/!ICESMS\/RESG!ICESMSLB\/RES.LB!-3099905540887474293!464806!0</wsse:BinarySecurityToken></wsse:Security></soap-env:Header><soap-env:Body><EnhancedAirBookRS xmlns="http://services.sabre.com/sp/eab/v3_6"><ApplicationResults xmlns="http://services.sabre.com/STL_Payload/v02_01" status="Complete"><Success timeStamp="2018-09-24T09:06:04.346-05:00"/></ApplicationResults><OTA_AirBookRS><OriginDestinationOption>
  <FlightSegment ArrivalDateTime="11-10T19:40" DepartureDateTime="11-09T21:55" FlightNumber="0140" NumberInParty="001" ResBookDesigCode="U" Status="NN" eTicket="true">
   <DestinationLocation LocationCode="AUH"/>
   <MarketingAirline Code="EY" FlightNumber="0140"/>
   <OriginLocation LocationCode="YYZ"/>
  </FlightSegment>
  <FlightSegment ArrivalDateTime="11-11T03:00" DepartureDateTime="11-10T22:00" FlightNumber="7602" NumberInParty="001" ResBookDesigCode="U" Status="NN" eTicket="true">
   <DestinationLocation LocationCode="DEL"/>
   <MarketingAirline Code="EY" FlightNumber="7602"/>
   <OriginLocation LocationCode="AUH"/>
  </FlightSegment>
  <FlightSegment ArrivalDateTime="11-23T06:45" DepartureDateTime="11-23T04:10" FlightNumber="0211" NumberInParty="001" ResBookDesigCode="U" Status="NN" eTicket="true">
   <DestinationLocation LocationCode="AUH"/>
   <MarketingAirline Code="EY" FlightNumber="0211"/>
   <OriginLocation LocationCode="DEL"/>
  </FlightSegment>
  <FlightSegment ArrivalDateTime="11-23T15:30" DepartureDateTime="11-23T10:05" FlightNumber="0141" NumberInParty="001" ResBookDesigCode="U" Status="NN" eTicket="true">
   <DestinationLocation LocationCode="YYZ"/>
   <MarketingAirline Code="EY" FlightNumber="0141"/>
   <OriginLocation LocationCode="AUH"/>
  </FlightSegment>
 </OriginDestinationOption></OTA_AirBookRS><TravelItineraryReadRS><TravelItinerary><CustomerInfo/><ItineraryInfo><ReservationItems><Item RPH="1"><FlightSegment AirMilesFlown="6914" ArrivalDateTime="11-10T19:40" DayOfWeekInd="5" DepartureDateTime="2018-11-09T21:55" ElapsedTime="12.45" eTicket="true" FlightNumber="0140" NumberInParty="01" ResBookDesigCode="U" SegmentNumber="0001" SmokingAllowed="false" SpecialMeal="false" Status="SS" StopQuantity="00" IsPast="false"><DestinationLocation LocationCode="AUH" Terminal="TERMINAL 3" TerminalCode="3"/><Equipment AirEquipType="77W"/><MarketingAirline Code="EY" FlightNumber="0140"/><MarriageGrp Group="001" Sequence="1"/><Meal Code="M"/><OriginLocation LocationCode="YYZ" Terminal="TERMINAL 3" TerminalCode="3"/><SupplierRef ID="DCEY"/><UpdatedArrivalTime>11-10T19:40</UpdatedArrivalTime><UpdatedDepartureTime>11-09T21:55</UpdatedDepartureTime></FlightSegment></Item><Item RPH="2"><FlightSegment AirMilesFlown="1433" ArrivalDateTime="11-11T03:00" DayOfWeekInd="6" DepartureDateTime="2018-11-10T22:00" ElapsedTime="03.30" eTicket="true" FlightNumber="7602" NumberInParty="01" ResBookDesigCode="U" SegmentNumber="0002" SmokingAllowed="false" SpecialMeal="false" Status="SS" StopQuantity="00" IsPast="false"><DestinationLocation LocationCode="DEL" Terminal="TERMINAL 3" TerminalCode="3"/><Equipment AirEquipType="73H"/><MarketingAirline Code="EY" FlightNumber="7602"/><MarriageGrp Group="001" Sequence="2"/><Meal Code="D"/><OperatingAirline Code="9W" CompanyShortName="JET AIRWAYS" FlightNumber="7602"/><OriginLocation LocationCode="AUH" Terminal="TERMINAL 3" TerminalCode="3"/><SupplierRef ID="DCEY"/><Text>OPERATED BY JET AIRWAYS</Text><UpdatedArrivalTime>11-11T03:00</UpdatedArrivalTime><UpdatedDepartureTime>11-10T22:00</UpdatedDepartureTime></FlightSegment></Item><Item RPH="3"><FlightSegment AirMilesFlown="1433" ArrivalDateTime="11-23T06:45" DayOfWeekInd="5" DepartureDateTime="2018-11-23T04:10" ElapsedTime="04.05" eTicket="true" FlightNumber="0211" NumberInParty="01" ResBookDesigCode="U" SegmentNumber="0003" SmokingAllowed="false" SpecialMeal="false" Status="SS" StopQuantity="00" IsPast="false"><DestinationLocation LocationCode="AUH" Terminal="TERMINAL 1" TerminalCode="1"/><Equipment AirEquipType="789"/><MarketingAirline Code="EY" FlightNumber="0211"/><MarriageGrp Group="002" Sequence="1"/><Meal Code="M"/><OriginLocation LocationCode="DEL" Terminal="TERMINAL 3" TerminalCode="3"/><SupplierRef ID="DCEY"/><UpdatedArrivalTime>11-23T06:45</UpdatedArrivalTime><UpdatedDepartureTime>11-23T04:10</UpdatedDepartureTime></FlightSegment></Item><Item RPH="4"><FlightSegment AirMilesFlown="6914" ArrivalDateTime="11-23T15:30" DayOfWeekInd="5" DepartureDateTime="2018-11-23T10:05" ElapsedTime="14.25" eTicket="true" FlightNumber="0141" NumberInParty="01" ResBookDesigCode="U" SegmentNumber="0004" SmokingAllowed="false" SpecialMeal="false" Status="SS" StopQuantity="00" IsPast="false"><DestinationLocation LocationCode="YYZ" Terminal="TERMINAL 3" TerminalCode="3"/><Equipment AirEquipType="77W"/><MarketingAirline Code="EY" FlightNumber="0141"/><MarriageGrp Group="002" Sequence="2"/><Meal Code="M"/><OriginLocation LocationCode="AUH" Terminal="TERMINAL 3" TerminalCode="3"/><SupplierRef ID="DCEY"/><UpdatedArrivalTime>11-23T15:30</UpdatedArrivalTime><UpdatedDepartureTime>11-23T10:05</UpdatedDepartureTime></FlightSegment></Item></ReservationItems></ItineraryInfo><ItineraryRef AirExtras="false" InhibitCode="U" PartitionID="AA" PrimeHostID="1S"><Source PseudoCityCode="3RT2"/></ItineraryRef></TravelItinerary></TravelItineraryReadRS></EnhancedAirBookRS></soap-env:Body></soap-env:Envelope>