<?xml version="1.0" encoding="UTF-8"?>
<soap-env:Envelope xmlns:soap-env="http://schemas.xmlsoap.org/soap/envelope/"><soap-env:Header><eb:MessageHeader xmlns:eb="http://www.ebxml.org/namespaces/messageHeader" eb:version="1.0" soap-env:mustUnderstand="1"><eb:From><eb:PartyId eb:type="URI">123123</eb:PartyId></eb:From><eb:To><eb:PartyId eb:type="urn: x12.org:IO5: 01">999999</eb:PartyId></eb:To><eb:CPAId>3RT2</eb:CPAId><eb:ConversationId>1111111111111111111</eb:ConversationId><eb:Service eb:type="sabreXML">EnhancedAirBookRQ</eb:Service><eb:Action>EnhancedAirBookRS</eb:Action><eb:MessageData><eb:MessageId>jfom93nnp</eb:MessageId><eb:Timestamp>2018-12-24T08:52:05</eb:Timestamp><eb:RefToMessageId>mid:0_2014-09-22T21:43:40m</eb:RefToMessageId></eb:MessageData></eb:MessageHeader><wsse:Security xmlns:wsse="http://schemas.xmlsoap.org/ws/2002/12/secext"><wsse:BinarySecurityToken valueType="String" EncodingType="wsse:Base64Binary">Shared/IDL:IceSess\/SessMgr:1\.0.IDL/Common/!ICESMS\/RESB!ICESMSLB\/RES.LB!1545641512862!3089!37</wsse:BinarySecurityToken></wsse:Security></soap-env:Header><soap-env:Body><EnhancedAirBookRS xmlns="http://services.sabre.com/sp/eab/v3_6"><ApplicationResults xmlns="http://services.sabre.com/STL_Payload/v02_01" status="Complete"><Success timeStamp="2018-12-24T02:52:05.471-06:00"/></ApplicationResults><OTA_AirBookRS><OriginDestinationOption>
  <FlightSegment ArrivalDateTime="05-01T15:46" DepartureDateTime="05-01T14:00" FlightNumber="2389" NumberInParty="001" ResBookDesigCode="M" Status="NN" eTicket="true">
   <DestinationLocation LocationCode="JFK"/>
   <MarketingAirline Code="AF" FlightNumber="2389"/>
   <OriginLocation LocationCode="YYZ"/>
  </FlightSegment>
  <FlightSegment ArrivalDateTime="05-02T07:20" DepartureDateTime="05-01T17:38" FlightNumber="3577" NumberInParty="001" ResBookDesigCode="M" Status="NN" eTicket="true">
   <DestinationLocation LocationCode="CDG"/>
   <MarketingAirline Code="AF" FlightNumber="3577"/>
   <OriginLocation LocationCode="JFK"/>
  </FlightSegment>
  <FlightSegment ArrivalDateTime="05-31T15:45" DepartureDateTime="05-31T13:35" FlightNumber="1105" NumberInParty="001" ResBookDesigCode="Y" Status="NN" eTicket="true">
   <DestinationLocation LocationCode="CDG"/>
   <MarketingAirline Code="AF" FlightNumber="1105"/>
   <OriginLocation LocationCode="FCO"/>
  </FlightSegment>
  <FlightSegment ArrivalDateTime="05-31T17:45" DepartureDateTime="05-31T16:30" FlightNumber="1814" NumberInParty="001" ResBookDesigCode="Y" Status="NN" eTicket="true">
   <DestinationLocation LocationCode="ZRH"/>
   <MarketingAirline Code="AF" FlightNumber="1814"/>
   <OriginLocation LocationCode="CDG"/>
  </FlightSegment>
 </OriginDestinationOption></OTA_AirBookRS><TravelItineraryReadRS><TravelItinerary><CustomerInfo/><ItineraryInfo><ReservationItems><Item RPH="1"><FlightSegment AirMilesFlown="0366" ArrivalDateTime="05-01T15:46" DayOfWeekInd="3" DepartureDateTime="2019-05-01T14:00" ElapsedTime="01.46" eTicket="true" FlightNumber="2389" NumberInParty="01" ResBookDesigCode="M" SegmentNumber="0001" SmokingAllowed="false" SpecialMeal="false" Status="SS" StopQuantity="00" IsPast="false"><DestinationLocation LocationCode="JFK" Terminal="TERMINAL 4" TerminalCode="4"/><Equipment AirEquipType="CR9"/><MarketingAirline Code="AF" FlightNumber="2389"/><MarriageGrp Group="001" Sequence="1"/><OperatingAirline Code="DL" CompanyShortName=" 9E" FlightNumber="2389"/><OriginLocation LocationCode="YYZ" Terminal="TERMINAL 3" TerminalCode="3"/><SupplierRef ID="DCAF"/><Text>OPERATED BY  9E</Text><UpdatedArrivalTime>05-01T15:46</UpdatedArrivalTime><UpdatedDepartureTime>05-01T14:00</UpdatedDepartureTime></FlightSegment></Item><Item RPH="2"><FlightSegment AirMilesFlown="3635" ArrivalDateTime="05-02T07:20" DayOfWeekInd="3" DepartureDateTime="2019-05-01T17:38" ElapsedTime="07.42" eTicket="true" FlightNumber="3577" NumberInParty="01" ResBookDesigCode="M" SegmentNumber="0002" SmokingAllowed="false" SpecialMeal="false" Status="SS" StopQuantity="00" IsPast="false"><DestinationLocation LocationCode="CDG" Terminal="AEROGARE 2 TERMINAL E" TerminalCode="2E"/><Equipment AirEquipType="333"/><MarketingAirline Code="AF" FlightNumber="3577"/><MarriageGrp Group="001" Sequence="2"/><Meal Code="D"/><OperatingAirline Code="DL" CompanyShortName="DELTA AIR LINES INC" FlightNumber="3577"/><OriginLocation LocationCode="JFK" Terminal="TERMINAL 4" TerminalCode="4"/><SupplierRef ID="DCAF"/><Text>OPERATED BY DELTA AIR LINES INC</Text><UpdatedArrivalTime>05-02T07:20</UpdatedArrivalTime><UpdatedDepartureTime>05-01T17:38</UpdatedDepartureTime></FlightSegment></Item><Item RPH="3"><FlightSegment AirMilesFlown="0684" ArrivalDateTime="05-31T15:45" DayOfWeekInd="5" DepartureDateTime="2019-05-31T13:35" ElapsedTime="02.10" eTicket="true" FlightNumber="1105" NumberInParty="01" ResBookDesigCode="Y" SegmentNumber="0003" SmokingAllowed="false" SpecialMeal="false" Status="SS" StopQuantity="00" IsPast="false"><DestinationLocation LocationCode="CDG" Terminal="AEROGARE 2 TERMINAL F" TerminalCode="2F"/><Equipment AirEquipType="321"/><MarketingAirline Code="AF" FlightNumber="1105"/><MarriageGrp Group="002" Sequence="1"/><Meal Code="M"/><OperatingAirline Code="AF" CompanyShortName="AIR FRANCE" FlightNumber="1105"/><OriginLocation LocationCode="FCO" Terminal="TERMINAL 1" TerminalCode="1"/><SupplierRef ID="DCAF"/><Text>OPERATED BY AIR FRANCE</Text><UpdatedArrivalTime>05-31T15:45</UpdatedArrivalTime><UpdatedDepartureTime>05-31T13:35</UpdatedDepartureTime></FlightSegment></Item><Item RPH="4"><FlightSegment AirMilesFlown="0297" ArrivalDateTime="05-31T17:45" DayOfWeekInd="5" DepartureDateTime="2019-05-31T16:30" ElapsedTime="01.15" eTicket="true" FlightNumber="1814" NumberInParty="01" ResBookDesigCode="Y" SegmentNumber="0004" SmokingAllowed="false" SpecialMeal="false" Status="SS" StopQuantity="00" IsPast="false"><DestinationLocation LocationCode="ZRH"/><Equipment AirEquipType="318"/><MarketingAirline Code="AF" FlightNumber="1814"/><MarriageGrp Group="002" Sequence="2"/><Meal Code="S"/><OriginLocation LocationCode="CDG" Terminal="AEROGARE 2 TERMINAL F" TerminalCode="2F"/><SupplierRef ID="DCAF"/><UpdatedArrivalTime>05-31T17:45</UpdatedArrivalTime><UpdatedDepartureTime>05-31T16:30</UpdatedDepartureTime></FlightSegment></Item></ReservationItems></ItineraryInfo><ItineraryRef AirExtras="false" InhibitCode="U" PartitionID="AA" PrimeHostID="1S"><Source PseudoCityCode="3RT2"/></ItineraryRef></TravelItinerary></TravelItineraryReadRS></EnhancedAirBookRS></soap-env:Body></soap-env:Envelope>