::::::::::: BeginRequest Request called at 7/23/2018 11:10:06 AM   :::   11:10:06.0437934

::::::::::: AuthenticateRequest Request called at 7/23/2018 11:10:06 AM   :::   11:10:06.0618093

::::::::::: PostAuthenticateRequest Request called at 7/23/2018 11:10:06 AM   :::   11:10:06.0703165

::::::::::: AuthorizeRequest Request called at 7/23/2018 11:10:06 AM   :::   11:10:06.0743191

::::::::::: PostAuthorizeRequest Request called at 7/23/2018 11:10:06 AM   :::   11:10:06.0803233

::::::::::: End Request called at 7/23/2018 11:10:06 AM   :::   11:10:06.0853261

::::::::::: PostResolveRequestCache Request called at 7/23/2018 11:10:06 AM   :::   11:10:06.0913308

::::::::::: AcquireRequestState Request called at 7/23/2018 11:10:06 AM   :::   11:10:06.0973350

::::::::::: PostAcquireRequestState Request called at 7/23/2018 11:10:06 AM   :::   11:10:06.1053398

::::::::::: PreRequestHandlerExecute Request called at 7/23/2018 11:10:06 AM   :::   11:10:06.1113614

::::::::::: PostRequestHandlerExecute Request called at 7/23/2018 11:10:56 AM   :::   11:10:56.7515022

::::::::::: ReleaseRequestState Request called at 7/23/2018 11:10:56 AM   :::   11:10:56.7615099

::::::::::: PostReleaseRequestState Request called at 7/23/2018 11:10:56 AM   :::   11:10:56.7695162

::::::::::: UpdateRequestCache Request called at 7/23/2018 11:10:56 AM   :::   11:10:56.7795231

::::::::::: EndRequest Request called at 7/23/2018 11:10:56 AM   :::   11:10:56.7875290

::::::::::: PreSendRequestContent Request called at 7/23/2018 11:10:56 AM   :::   11:10:56.7975363

::::::::::: PreSendRequestHeaders Request called at 7/23/2018 11:10:56 AM   :::   11:10:56.8065425

::::::::::: BeginRequest Request called at 7/23/2018 11:10:56 AM   :::   11:10:56.8355716

::::::::::: AuthenticateRequest Request called at 7/23/2018 11:10:56 AM   :::   11:10:56.8430761

::::::::::: PostAuthenticateRequest Request called at 7/23/2018 11:10:56 AM   :::   11:10:56.8525833

::::::::::: AuthorizeRequest Request called at 7/23/2018 11:10:56 AM   :::   11:10:56.8605899

::::::::::: PostAuthorizeRequest Request called at 7/23/2018 11:10:56 AM   :::   11:10:56.8680948

::::::::::: End Request called at 7/23/2018 11:10:56 AM   :::   11:10:56.8761007

::::::::::: PostResolveRequestCache Request called at 7/23/2018 11:10:56 AM   :::   11:10:56.8841069

::::::::::: AcquireRequestState Request called at 7/23/2018 11:10:56 AM   :::   11:10:56.8931135

::::::::::: PostAcquireRequestState Request called at 7/23/2018 11:10:56 AM   :::   11:10:56.9016195

::::::::::: PreRequestHandlerExecute Request called at 7/23/2018 11:10:56 AM   :::   11:10:56.9096254

::::::::::: PostRequestHandlerExecute Request called at 7/23/2018 11:10:56 AM   :::   11:10:56.9731721

::::::::::: ReleaseRequestState Request called at 7/23/2018 11:10:56 AM   :::   11:10:56.9816781

::::::::::: PostReleaseRequestState Request called at 7/23/2018 11:10:56 AM   :::   11:10:56.9886833

::::::::::: UpdateRequestCache Request called at 7/23/2018 11:10:56 AM   :::   11:10:56.9986906

::::::::::: EndRequest Request called at 7/23/2018 11:10:57 AM   :::   11:10:57.0076972

::::::::::: PreSendRequestContent Request called at 7/23/2018 11:10:57 AM   :::   11:10:57.0162032

::::::::::: PreSendRequestHeaders Request called at 7/23/2018 11:10:57 AM   :::   11:10:57.0242091

::::::::::: BeginRequest Request called at 7/23/2018 11:10:57 AM   :::   11:10:57.0772490

::::::::::: AuthenticateRequest Request called at 7/23/2018 11:10:57 AM   :::   11:10:57.0982636

::::::::::: AuthenticateRequest Request called at 7/23/2018 11:10:57 AM   :::   11:10:57.1182783

::::::::::: AuthorizeRequest Request called at 7/23/2018 11:10:57 AM   :::   11:10:57.1322885

::::::::::: PostAuthorizeRequest Request called at 7/23/2018 11:10:57 AM   :::   11:10:57.1442973

::::::::::: End Request called at 7/23/2018 11:10:57 AM   :::   11:10:57.1548048

::::::::::: PostResolveRequestCache Request called at 7/23/2018 11:10:57 AM   :::   11:10:57.1688155

::::::::::: PostAuthorizeRequest Request called at 7/23/2018 11:10:57 AM   :::   11:10:57.1858279

::::::::::: End Request called at 7/23/2018 11:10:57 AM   :::   11:10:57.2148488

::::::::::: PostResolveRequestCache Request called at 7/23/2018 11:10:57 AM   :::   11:10:57.2478733

::::::::::: BeginRequest Request called at 7/23/2018 11:10:57 AM   :::   11:10:57.2703900

::::::::::: AuthenticateRequest Request called at 7/23/2018 11:10:57 AM   :::   11:10:57.2904042

::::::::::: PreSendRequestHeaders Request called at 7/23/2018 11:10:57 AM   :::   11:10:57.3129213

::::::::::: AuthorizeRequest Request called at 7/23/2018 11:10:57 AM   :::   11:10:57.3979832

::::::::::: PostAuthorizeRequest Request called at 7/23/2018 11:10:57 AM   :::   11:10:57.4119934

::::::::::: End Request called at 7/23/2018 11:10:57 AM   :::   11:10:57.4214998

::::::::::: PostResolveRequestCache Request called at 7/23/2018 11:10:57 AM   :::   11:10:57.4330084

::::::::::: AcquireRequestState Request called at 7/23/2018 11:10:57 AM   :::   11:10:57.4430157

::::::::::: PostAcquireRequestState Request called at 7/23/2018 11:10:57 AM   :::   11:10:57.4515221

::::::::::: PreRequestHandlerExecute Request called at 7/23/2018 11:10:57 AM   :::   11:10:57.4605295

::::::::::: PostRequestHandlerExecute Request called at 7/23/2018 11:10:57 AM   :::   11:10:57.4700363

::::::::::: ReleaseRequestState Request called at 7/23/2018 11:10:57 AM   :::   11:10:57.4795422

::::::::::: PostReleaseRequestState Request called at 7/23/2018 11:10:57 AM   :::   11:10:57.4880483

::::::::::: UpdateRequestCache Request called at 7/23/2018 11:10:57 AM   :::   11:10:57.5090640

::::::::::: EndRequest Request called at 7/23/2018 11:10:57 AM   :::   11:10:57.5210728

::::::::::: PreSendRequestContent Request called at 7/23/2018 11:10:57 AM   :::   11:10:57.5405877

::::::::::: PreSendRequestHeaders Request called at 7/23/2018 11:10:57 AM   :::   11:10:57.5470923

::::::::::: BeginRequest Request called at 7/23/2018 11:10:57 AM   :::   11:10:57.9423290

::::::::::: AuthenticateRequest Request called at 7/23/2018 11:10:57 AM   :::   11:10:57.9483397

::::::::::: PostAuthenticateRequest Request called at 7/23/2018 11:10:57 AM   :::   11:10:57.9563428

::::::::::: AuthorizeRequest Request called at 7/23/2018 11:10:57 AM   :::   11:10:57.9623642

::::::::::: PostAuthorizeRequest Request called at 7/23/2018 11:10:57 AM   :::   11:10:57.9693693

::::::::::: End Request called at 7/23/2018 11:10:57 AM   :::   11:10:57.9758620

::::::::::: PostResolveRequestCache Request called at 7/23/2018 11:10:57 AM   :::   11:10:57.9828656

::::::::::: AcquireRequestState Request called at 7/23/2018 11:10:57 AM   :::   11:10:57.9898916

::::::::::: PostAcquireRequestState Request called at 7/23/2018 11:10:57 AM   :::   11:10:57.9953765

::::::::::: PreRequestHandlerExecute Request called at 7/23/2018 11:10:58 AM   :::   11:10:58.0023840

::::::::::: PostRequestHandlerExecute Request called at 7/23/2018 11:10:58 AM   :::   11:10:58.0113898

::::::::::: ReleaseRequestState Request called at 7/23/2018 11:10:58 AM   :::   11:10:58.0183953

::::::::::: PostReleaseRequestState Request called at 7/23/2018 11:10:58 AM   :::   11:10:58.0254012

::::::::::: UpdateRequestCache Request called at 7/23/2018 11:10:58 AM   :::   11:10:58.0324040

::::::::::: EndRequest Request called at 7/23/2018 11:10:58 AM   :::   11:10:58.0404103

::::::::::: PreSendRequestContent Request called at 7/23/2018 11:10:58 AM   :::   11:10:58.0474158

::::::::::: PreSendRequestHeaders Request called at 7/23/2018 11:10:58 AM   :::   11:10:58.0534371

::::::::::: BeginRequest Request called at 7/23/2018 11:12:30 AM   :::   11:12:30.4722971

::::::::::: AuthenticateRequest Request called at 7/23/2018 11:12:30 AM   :::   11:12:30.4883179

::::::::::: PostAuthenticateRequest Request called at 7/23/2018 11:12:30 AM   :::   11:12:30.4983248

::::::::::: AuthorizeRequest Request called at 7/23/2018 11:12:30 AM   :::   11:12:30.5053303

::::::::::: PostAuthorizeRequest Request called at 7/23/2018 11:12:30 AM   :::   11:12:30.5123355

::::::::::: End Request called at 7/23/2018 11:12:30 AM   :::   11:12:30.5193414

::::::::::: PostResolveRequestCache Request called at 7/23/2018 11:12:30 AM   :::   11:12:30.5263635

::::::::::: AcquireRequestState Request called at 7/23/2018 11:12:30 AM   :::   11:12:30.5323501

::::::::::: PostAcquireRequestState Request called at 7/23/2018 11:12:30 AM   :::   11:12:30.5403548

::::::::::: PreRequestHandlerExecute Request called at 7/23/2018 11:12:30 AM   :::   11:12:30.5463770

::::::::::: BeginRequest Request called at 7/23/2018 11:12:35 AM   :::   11:12:35.7941863

::::::::::: AuthenticateRequest Request called at 7/23/2018 11:12:35 AM   :::   11:12:35.8075827

::::::::::: PostAuthenticateRequest Request called at 7/23/2018 11:12:35 AM   :::   11:12:35.8205934

::::::::::: AuthorizeRequest Request called at 7/23/2018 11:12:35 AM   :::   11:12:35.8336017

::::::::::: PostAuthorizeRequest Request called at 7/23/2018 11:12:35 AM   :::   11:12:35.8496130

::::::::::: End Request called at 7/23/2018 11:12:35 AM   :::   11:12:35.8626253

::::::::::: PostResolveRequestCache Request called at 7/23/2018 11:12:35 AM   :::   11:12:35.8706288

::::::::::: AcquireRequestState Request called at 7/23/2018 11:12:35 AM   :::   11:12:35.8806361

::::::::::: PostAcquireRequestState Request called at 7/23/2018 11:12:35 AM   :::   11:12:35.8901453

::::::::::: PreRequestHandlerExecute Request called at 7/23/2018 11:12:35 AM   :::   11:12:35.9006528

::::::::::: PostRequestHandlerExecute Request called at 7/23/2018 11:12:35 AM   :::   11:12:35.9216725

::::::::::: ReleaseRequestState Request called at 7/23/2018 11:12:35 AM   :::   11:12:35.9326801

::::::::::: PostReleaseRequestState Request called at 7/23/2018 11:12:35 AM   :::   11:12:35.9416879

::::::::::: UpdateRequestCache Request called at 7/23/2018 11:12:35 AM   :::   11:12:35.9536967

::::::::::: EndRequest Request called at 7/23/2018 11:12:35 AM   :::   11:12:35.9637024

::::::::::: PreSendRequestContent Request called at 7/23/2018 11:12:35 AM   :::   11:12:35.9727094

::::::::::: PreSendRequestHeaders Request called at 7/23/2018 11:12:35 AM   :::   11:12:35.9817164

::::::::::: BeginRequest Request called at 7/23/2018 11:12:36 AM   :::   11:12:36.0547754

::::::::::: AuthenticateRequest Request called at 7/23/2018 11:12:36 AM   :::   11:12:36.0697868

::::::::::: PostAuthenticateRequest Request called at 7/23/2018 11:12:36 AM   :::   11:12:36.0857969

::::::::::: AuthorizeRequest Request called at 7/23/2018 11:12:36 AM   :::   11:12:36.0978093

::::::::::: PostAuthorizeRequest Request called at 7/23/2018 11:12:36 AM   :::   11:12:36.1123296

::::::::::: End Request called at 7/23/2018 11:12:36 AM   :::   11:12:36.1228276

::::::::::: PostResolveRequestCache Request called at 7/23/2018 11:12:36 AM   :::   11:12:36.1348371

::::::::::: EndRequest Request called at 7/23/2018 11:12:36 AM   :::   11:12:36.1463450

::::::::::: PreSendRequestContent Request called at 7/23/2018 11:12:36 AM   :::   11:12:36.1563527

::::::::::: PreSendRequestHeaders Request called at 7/23/2018 11:12:36 AM   :::   11:12:36.1678609

::::::::::: BeginRequest Request called at 7/23/2018 11:12:36 AM   :::   11:12:36.3985303

::::::::::: AuthenticateRequest Request called at 7/23/2018 11:12:36 AM   :::   11:12:36.4140415

::::::::::: PostAuthenticateRequest Request called at 7/23/2018 11:12:36 AM   :::   11:12:36.4315541

::::::::::: AuthorizeRequest Request called at 7/23/2018 11:12:36 AM   :::   11:12:36.4535698

::::::::::: PostAuthorizeRequest Request called at 7/23/2018 11:12:36 AM   :::   11:12:36.4645778

::::::::::: End Request called at 7/23/2018 11:12:36 AM   :::   11:12:36.4755859

::::::::::: PostResolveRequestCache Request called at 7/23/2018 11:12:36 AM   :::   11:12:36.4860938

::::::::::: AcquireRequestState Request called at 7/23/2018 11:12:36 AM   :::   11:12:36.5136141

::::::::::: PostAcquireRequestState Request called at 7/23/2018 11:12:36 AM   :::   11:12:36.5256225

::::::::::: PreRequestHandlerExecute Request called at 7/23/2018 11:12:36 AM   :::   11:12:36.5356302

::::::::::: PostRequestHandlerExecute Request called at 7/23/2018 11:12:36 AM   :::   11:12:36.5466391

::::::::::: ReleaseRequestState Request called at 7/23/2018 11:12:36 AM   :::   11:12:36.5571462

::::::::::: PostReleaseRequestState Request called at 7/23/2018 11:12:36 AM   :::   11:12:36.5681538

::::::::::: UpdateRequestCache Request called at 7/23/2018 11:12:36 AM   :::   11:12:36.5831648

::::::::::: EndRequest Request called at 7/23/2018 11:12:36 AM   :::   11:12:36.5936735

::::::::::: PreSendRequestContent Request called at 7/23/2018 11:12:36 AM   :::   11:12:36.6041798

::::::::::: PreSendRequestHeaders Request called at 7/23/2018 11:12:36 AM   :::   11:12:36.6161886

::::::::::: BeginRequest Request called at 7/23/2018 11:12:42 AM   :::   11:12:42.2926311

::::::::::: AuthenticateRequest Request called at 7/23/2018 11:12:43 AM   :::   11:12:43.6976782

::::::::::: PostAuthenticateRequest Request called at 7/23/2018 11:12:43 AM   :::   11:12:43.7276856

::::::::::: AuthorizeRequest Request called at 7/23/2018 11:12:43 AM   :::   11:12:43.7467097

::::::::::: PostAuthorizeRequest Request called at 7/23/2018 11:12:43 AM   :::   11:12:43.7547168

::::::::::: End Request called at 7/23/2018 11:12:43 AM   :::   11:12:43.7617215

::::::::::: PostResolveRequestCache Request called at 7/23/2018 11:12:43 AM   :::   11:12:43.7697278

::::::::::: AcquireRequestState Request called at 7/23/2018 11:12:43 AM   :::   11:12:43.7767349

::::::::::: PostAcquireRequestState Request called at 7/23/2018 11:12:43 AM   :::   11:12:43.7837566

::::::::::: PreRequestHandlerExecute Request called at 7/23/2018 11:12:43 AM   :::   11:12:43.7917443

::::::::::: PostRequestHandlerExecute Request called at 7/23/2018 11:12:43 AM   :::   11:12:43.8007501

::::::::::: ReleaseRequestState Request called at 7/23/2018 11:12:43 AM   :::   11:12:43.8077734

::::::::::: PostReleaseRequestState Request called at 7/23/2018 11:12:43 AM   :::   11:12:43.8157638

::::::::::: UpdateRequestCache Request called at 7/23/2018 11:12:43 AM   :::   11:12:43.8227662

::::::::::: EndRequest Request called at 7/23/2018 11:12:43 AM   :::   11:12:43.8307720

::::::::::: PreSendRequestContent Request called at 7/23/2018 11:12:43 AM   :::   11:12:43.8377957

::::::::::: PreSendRequestHeaders Request called at 7/23/2018 11:12:43 AM   :::   11:12:43.8452880

::::::::::: PostRequestHandlerExecute Request called at 7/23/2018 11:15:09 AM   :::   11:15:09.5538692

::::::::::: ReleaseRequestState Request called at 7/23/2018 11:15:09 AM   :::   11:15:09.5618771

::::::::::: PostReleaseRequestState Request called at 7/23/2018 11:15:09 AM   :::   11:15:09.5698896

::::::::::: UpdateRequestCache Request called at 7/23/2018 11:15:09 AM   :::   11:15:09.5778915

::::::::::: EndRequest Request called at 7/23/2018 11:15:09 AM   :::   11:15:09.5873991

::::::::::: PreSendRequestContent Request called at 7/23/2018 11:15:09 AM   :::   11:15:09.5949060

::::::::::: PreSendRequestHeaders Request called at 7/23/2018 11:15:09 AM   :::   11:15:09.6039133

::::::::::: BeginRequest Request called at 7/23/2018 11:21:43 AM   :::   11:21:43.1425598

::::::::::: AuthenticateRequest Request called at 7/23/2018 11:21:43 AM   :::   11:21:43.1545628

::::::::::: PostAuthenticateRequest Request called at 7/23/2018 11:21:43 AM   :::   11:21:43.1665647

::::::::::: AuthorizeRequest Request called at 7/23/2018 11:21:43 AM   :::   11:21:43.1745647

::::::::::: PostAuthorizeRequest Request called at 7/23/2018 11:21:43 AM   :::   11:21:43.1825790

::::::::::: End Request called at 7/23/2018 11:21:43 AM   :::   11:21:43.1905794

::::::::::: PostResolveRequestCache Request called at 7/23/2018 11:21:43 AM   :::   11:21:43.2025655

::::::::::: AcquireRequestState Request called at 7/23/2018 11:21:43 AM   :::   11:21:43.2105817

::::::::::: PostAcquireRequestState Request called at 7/23/2018 11:21:43 AM   :::   11:21:43.2185699

::::::::::: PreRequestHandlerExecute Request called at 7/23/2018 11:21:43 AM   :::   11:21:43.2305836

::::::::::: PostRequestHandlerExecute Request called at 7/23/2018 11:23:43 AM   :::   11:23:43.0448776

::::::::::: ReleaseRequestState Request called at 7/23/2018 11:23:43 AM   :::   11:23:43.0608785

::::::::::: PostReleaseRequestState Request called at 7/23/2018 11:23:43 AM   :::   11:23:43.0728811

::::::::::: UpdateRequestCache Request called at 7/23/2018 11:23:43 AM   :::   11:23:43.0848814

::::::::::: EndRequest Request called at 7/23/2018 11:26:21 AM   :::   11:26:21.5405600

::::::::::: PreSendRequestContent Request called at 7/23/2018 11:26:21 AM   :::   11:26:21.5845404

::::::::::: PreSendRequestHeaders Request called at 7/23/2018 11:26:21 AM   :::   11:26:21.6231573

::::::::::: BeginRequest Request called at 7/23/2018 11:26:21 AM   :::   11:26:21.6639199

::::::::::: AuthenticateRequest Request called at 7/23/2018 11:26:21 AM   :::   11:26:21.6767921

::::::::::: PostAuthenticateRequest Request called at 7/23/2018 11:26:21 AM   :::   11:26:21.6896642

::::::::::: AuthorizeRequest Request called at 7/23/2018 11:26:21 AM   :::   11:26:21.7036103

::::::::::: PostAuthorizeRequest Request called at 7/23/2018 11:26:21 AM   :::   11:26:21.7154093

::::::::::: End Request called at 7/23/2018 11:26:23 AM   :::   11:26:23.4557006

::::::::::: PostResolveRequestCache Request called at 7/23/2018 11:26:23 AM   :::   11:26:23.4857111

::::::::::: AcquireRequestState Request called at 7/23/2018 11:26:23 AM   :::   11:26:23.5200172

::::::::::: PostAcquireRequestState Request called at 7/23/2018 11:26:23 AM   :::   11:26:23.5586091

::::::::::: PreRequestHandlerExecute Request called at 7/23/2018 11:26:23 AM   :::   11:26:23.5972014

::::::::::: PostRequestHandlerExecute Request called at 7/23/2018 11:26:41 AM   :::   11:26:41.0159854

::::::::::: ReleaseRequestState Request called at 7/23/2018 11:26:41 AM   :::   11:26:41.0331378

::::::::::: PostReleaseRequestState Request called at 7/23/2018 11:26:41 AM   :::   11:26:41.0588668

::::::::::: UpdateRequestCache Request called at 7/23/2018 11:26:41 AM   :::   11:26:41.0717301

::::::::::: EndRequest Request called at 7/23/2018 11:26:44 AM   :::   11:26:44.8499966

::::::::::: PreSendRequestContent Request called at 7/23/2018 11:26:44 AM   :::   11:26:44.8843001

::::::::::: PreSendRequestHeaders Request called at 7/23/2018 11:26:44 AM   :::   11:26:44.9143196

::::::::::: BeginRequest Request called at 7/23/2018 11:26:45 AM   :::   11:26:45.0343768

::::::::::: AuthenticateRequest Request called at 7/23/2018 11:26:45 AM   :::   11:26:45.0515300

::::::::::: PostAuthenticateRequest Request called at 7/23/2018 11:26:45 AM   :::   11:26:45.0686820

::::::::::: AuthorizeRequest Request called at 7/23/2018 11:26:45 AM   :::   11:26:45.0815474

::::::::::: PostAuthorizeRequest Request called at 7/23/2018 11:26:45 AM   :::   11:26:45.0944119

::::::::::: End Request called at 7/23/2018 11:26:45 AM   :::   11:26:45.1072743

::::::::::: PostResolveRequestCache Request called at 7/23/2018 11:26:45 AM   :::   11:26:45.1158514

::::::::::: EndRequest Request called at 7/23/2018 11:26:45 AM   :::   11:26:45.1287172

::::::::::: PreSendRequestContent Request called at 7/23/2018 11:26:45 AM   :::   11:26:45.1372917

::::::::::: PreSendRequestHeaders Request called at 7/23/2018 11:26:45 AM   :::   11:26:45.1458675

::::::::::: BeginRequest Request called at 7/23/2018 11:26:46 AM   :::   11:26:46.7334123

::::::::::: AuthenticateRequest Request called at 7/23/2018 11:26:46 AM   :::   11:26:46.7669131

::::::::::: PostAuthenticateRequest Request called at 7/23/2018 11:26:46 AM   :::   11:26:46.8009996

::::::::::: AuthorizeRequest Request called at 7/23/2018 11:26:46 AM   :::   11:26:46.8138624

::::::::::: PostAuthorizeRequest Request called at 7/23/2018 11:26:46 AM   :::   11:26:46.8267265

::::::::::: End Request called at 7/23/2018 11:26:46 AM   :::   11:26:46.8370381

::::::::::: PostResolveRequestCache Request called at 7/23/2018 11:26:46 AM   :::   11:26:46.8537877

::::::::::: AcquireRequestState Request called at 7/23/2018 11:26:46 AM   :::   11:26:46.8537877

::::::::::: PostAcquireRequestState Request called at 7/23/2018 11:26:46 AM   :::   11:26:46.8705360

::::::::::: PreRequestHandlerExecute Request called at 7/23/2018 11:26:46 AM   :::   11:26:46.8705360

::::::::::: PostRequestHandlerExecute Request called at 7/23/2018 11:26:46 AM   :::   11:26:46.8872851

::::::::::: ReleaseRequestState Request called at 7/23/2018 11:26:46 AM   :::   11:26:46.9040347

::::::::::: PostReleaseRequestState Request called at 7/23/2018 11:26:46 AM   :::   11:26:46.9040347

::::::::::: UpdateRequestCache Request called at 7/23/2018 11:26:46 AM   :::   11:26:46.9207847

::::::::::: EndRequest Request called at 7/23/2018 11:26:46 AM   :::   11:26:46.9207847

::::::::::: PreSendRequestContent Request called at 7/23/2018 11:26:46 AM   :::   11:26:46.9375347

::::::::::: PreSendRequestHeaders Request called at 7/23/2018 11:26:46 AM   :::   11:26:46.9375347

::::::::::: BeginRequest Request called at 7/23/2018 11:40:37 AM   :::   11:40:37.3479560

::::::::::: AuthenticateRequest Request called at 7/23/2018 11:40:37 AM   :::   11:40:37.3638171

::::::::::: PostAuthenticateRequest Request called at 7/23/2018 11:40:37 AM   :::   11:40:37.3818247

::::::::::: AuthorizeRequest Request called at 7/23/2018 11:40:37 AM   :::   11:40:37.3888274

::::::::::: PostAuthorizeRequest Request called at 7/23/2018 11:40:37 AM   :::   11:40:37.4018355

::::::::::: End Request called at 7/23/2018 11:40:37 AM   :::   11:40:37.4138385

::::::::::: PostResolveRequestCache Request called at 7/23/2018 11:40:37 AM   :::   11:40:37.4218416

::::::::::: AcquireRequestState Request called at 7/23/2018 11:40:37 AM   :::   11:40:37.4308638

::::::::::: PostAcquireRequestState Request called at 7/23/2018 11:40:37 AM   :::   11:40:37.4378495

::::::::::: PreRequestHandlerExecute Request called at 7/23/2018 11:40:37 AM   :::   11:40:37.4448522

::::::::::: PostRequestHandlerExecute Request called at 7/23/2018 11:40:37 AM   :::   11:40:37.4628658

::::::::::: ReleaseRequestState Request called at 7/23/2018 11:40:37 AM   :::   11:40:37.4698689

::::::::::: PostReleaseRequestState Request called at 7/23/2018 11:40:37 AM   :::   11:40:37.4768739

::::::::::: UpdateRequestCache Request called at 7/23/2018 11:40:37 AM   :::   11:40:37.4968805

::::::::::: EndRequest Request called at 7/23/2018 11:40:37 AM   :::   11:40:37.5038836

::::::::::: PreSendRequestContent Request called at 7/23/2018 11:40:37 AM   :::   11:40:37.5108875

::::::::::: PreSendRequestHeaders Request called at 7/23/2018 11:40:37 AM   :::   11:40:37.5198911

::::::::::: BeginRequest Request called at 7/23/2018 11:40:37 AM   :::   11:40:37.5939334

::::::::::: AuthenticateRequest Request called at 7/23/2018 11:40:37 AM   :::   11:40:37.6079400

::::::::::: PostAuthenticateRequest Request called at 7/23/2018 11:40:37 AM   :::   11:40:37.6249464

::::::::::: AuthorizeRequest Request called at 7/23/2018 11:40:37 AM   :::   11:40:37.8120389

::::::::::: PostAuthorizeRequest Request called at 7/23/2018 11:40:37 AM   :::   11:40:37.8215429

::::::::::: End Request called at 7/23/2018 11:40:37 AM   :::   11:40:37.8330478

::::::::::: PostResolveRequestCache Request called at 7/23/2018 11:40:37 AM   :::   11:40:37.8445539

::::::::::: AcquireRequestState Request called at 7/23/2018 11:40:37 AM   :::   11:40:37.8540579

::::::::::: PostAcquireRequestState Request called at 7/23/2018 11:40:37 AM   :::   11:40:37.8650624

::::::::::: PreRequestHandlerExecute Request called at 7/23/2018 11:40:37 AM   :::   11:40:37.8720655

::::::::::: PostRequestHandlerExecute Request called at 7/23/2018 11:40:37 AM   :::   11:40:37.8820699

::::::::::: ReleaseRequestState Request called at 7/23/2018 11:40:37 AM   :::   11:40:37.8890734

::::::::::: PostReleaseRequestState Request called at 7/23/2018 11:40:37 AM   :::   11:40:37.9005784

::::::::::: UpdateRequestCache Request called at 7/23/2018 11:40:37 AM   :::   11:40:37.9245898

::::::::::: EndRequest Request called at 7/23/2018 11:40:37 AM   :::   11:40:37.9340958

::::::::::: PreSendRequestContent Request called at 7/23/2018 11:40:37 AM   :::   11:40:37.9441010

::::::::::: PreSendRequestHeaders Request called at 7/23/2018 11:40:37 AM   :::   11:40:37.9531042

::::::::::: BeginRequest Request called at 7/23/2018 11:40:40 AM   :::   11:40:40.4491764

::::::::::: AuthenticateRequest Request called at 7/23/2018 11:40:40 AM   :::   11:40:40.4611841

::::::::::: PostAuthenticateRequest Request called at 7/23/2018 11:40:40 AM   :::   11:40:40.4751959

::::::::::: AuthorizeRequest Request called at 7/23/2018 11:40:40 AM   :::   11:40:40.4872012

::::::::::: PostAuthorizeRequest Request called at 7/23/2018 11:40:40 AM   :::   11:40:40.5002070

::::::::::: End Request called at 7/23/2018 11:40:40 AM   :::   11:40:40.5112111

::::::::::: PostResolveRequestCache Request called at 7/23/2018 11:40:40 AM   :::   11:40:40.5262181

::::::::::: AcquireRequestState Request called at 7/23/2018 11:40:40 AM   :::   11:40:40.5412256

::::::::::: PostAcquireRequestState Request called at 7/23/2018 11:40:40 AM   :::   11:40:40.5582351

::::::::::: PreRequestHandlerExecute Request called at 7/23/2018 11:40:40 AM   :::   11:40:40.5732418

::::::::::: Error Request called at 7/23/2018 11:40:40 AM   :::   11:40:40.5837470

::::::::::: EndRequest Request called at 7/23/2018 11:40:40 AM   :::   11:40:40.5952523

::::::::::: PreSendRequestContent Request called at 7/23/2018 11:40:40 AM   :::   11:40:40.6077573

::::::::::: PreSendRequestHeaders Request called at 7/23/2018 11:40:40 AM   :::   11:40:40.6167609

::::::::::: BeginRequest Request called at 7/23/2018 11:40:40 AM   :::   11:40:40.6607812

::::::::::: AuthenticateRequest Request called at 7/23/2018 11:40:40 AM   :::   11:40:40.6777887

::::::::::: PostAuthenticateRequest Request called at 7/23/2018 11:40:40 AM   :::   11:40:40.6967964

::::::::::: AuthorizeRequest Request called at 7/23/2018 11:40:40 AM   :::   11:40:40.7153060

::::::::::: PostAuthorizeRequest Request called at 7/23/2018 11:40:40 AM   :::   11:40:40.7338132

::::::::::: End Request called at 7/23/2018 11:40:40 AM   :::   11:40:40.7468198

::::::::::: PostResolveRequestCache Request called at 7/23/2018 11:40:40 AM   :::   11:40:40.7628285

::::::::::: AcquireRequestState Request called at 7/23/2018 11:40:40 AM   :::   11:40:40.7778328

::::::::::: PostAcquireRequestState Request called at 7/23/2018 11:40:40 AM   :::   11:40:40.7948399

::::::::::: PreRequestHandlerExecute Request called at 7/23/2018 11:40:40 AM   :::   11:40:40.8083457

::::::::::: PostRequestHandlerExecute Request called at 7/23/2018 11:40:40 AM   :::   11:40:40.8583679

::::::::::: ReleaseRequestState Request called at 7/23/2018 11:40:40 AM   :::   11:40:40.8658722

::::::::::: PostReleaseRequestState Request called at 7/23/2018 11:40:40 AM   :::   11:40:40.8763763

::::::::::: UpdateRequestCache Request called at 7/23/2018 11:40:40 AM   :::   11:40:40.8853815

::::::::::: EndRequest Request called at 7/23/2018 11:40:40 AM   :::   11:40:40.8968852

::::::::::: PreSendRequestContent Request called at 7/23/2018 11:40:40 AM   :::   11:40:40.9078905

::::::::::: PreSendRequestHeaders Request called at 7/23/2018 11:40:40 AM   :::   11:40:40.9178953

::::::::::: BeginRequest Request called at 7/23/2018 11:40:47 AM   :::   11:40:47.5127672

::::::::::: AuthenticateRequest Request called at 7/23/2018 11:40:47 AM   :::   11:40:47.5327749

::::::::::: PostAuthenticateRequest Request called at 7/23/2018 11:40:47 AM   :::   11:40:47.5477815

::::::::::: AuthorizeRequest Request called at 7/23/2018 11:40:47 AM   :::   11:40:47.5617909

::::::::::: PostAuthorizeRequest Request called at 7/23/2018 11:40:47 AM   :::   11:40:47.5738570

::::::::::: End Request called at 7/23/2018 11:40:47 AM   :::   11:40:47.5848619

::::::::::: PostResolveRequestCache Request called at 7/23/2018 11:40:47 AM   :::   11:40:47.5968680

::::::::::: AcquireRequestState Request called at 7/23/2018 11:40:47 AM   :::   11:40:47.6078717

::::::::::: PostAcquireRequestState Request called at 7/23/2018 11:40:47 AM   :::   11:40:47.6188766

::::::::::: PreRequestHandlerExecute Request called at 7/23/2018 11:40:47 AM   :::   11:40:47.6308819

::::::::::: PostRequestHandlerExecute Request called at 7/23/2018 11:40:47 AM   :::   11:40:47.6418876

::::::::::: ReleaseRequestState Request called at 7/23/2018 11:40:47 AM   :::   11:40:47.6533976

::::::::::: PostReleaseRequestState Request called at 7/23/2018 11:40:47 AM   :::   11:40:47.6644021

::::::::::: UpdateRequestCache Request called at 7/23/2018 11:40:47 AM   :::   11:40:47.6724085

::::::::::: EndRequest Request called at 7/23/2018 11:40:47 AM   :::   11:40:47.6814124

::::::::::: PreSendRequestContent Request called at 7/23/2018 11:40:47 AM   :::   11:40:47.6904168

::::::::::: PreSendRequestHeaders Request called at 7/23/2018 11:40:47 AM   :::   11:40:47.6994208

::::::::::: BeginRequest Request called at 7/23/2018 11:44:43 AM   :::   11:44:43.9263835

::::::::::: AuthenticateRequest Request called at 7/23/2018 11:44:44 AM   :::   11:44:44.0704862

::::::::::: PostAuthenticateRequest Request called at 7/23/2018 11:44:44 AM   :::   11:44:44.5198067

::::::::::: AuthorizeRequest Request called at 7/23/2018 11:44:44 AM   :::   11:44:44.5368180

::::::::::: PostAuthorizeRequest Request called at 7/23/2018 11:44:44 AM   :::   11:44:44.5593350

::::::::::: End Request called at 7/23/2018 11:44:44 AM   :::   11:44:44.5743453

::::::::::: PostResolveRequestCache Request called at 7/23/2018 11:44:44 AM   :::   11:44:44.6088693

::::::::::: AcquireRequestState Request called at 7/23/2018 11:44:44 AM   :::   11:44:44.6358890

::::::::::: PostAcquireRequestState Request called at 7/23/2018 11:44:44 AM   :::   11:44:44.6579047

::::::::::: PreRequestHandlerExecute Request called at 7/23/2018 11:44:44 AM   :::   11:44:44.6759171

::::::::::: PostRequestHandlerExecute Request called at 7/23/2018 11:44:45 AM   :::   11:44:45.0546875

::::::::::: ReleaseRequestState Request called at 7/23/2018 11:44:45 AM   :::   11:44:45.0691973

::::::::::: PostReleaseRequestState Request called at 7/23/2018 11:44:45 AM   :::   11:44:45.0857089

::::::::::: UpdateRequestCache Request called at 7/23/2018 11:44:45 AM   :::   11:44:45.1747731

::::::::::: EndRequest Request called at 7/23/2018 11:44:45 AM   :::   11:44:45.1877832

::::::::::: PreSendRequestContent Request called at 7/23/2018 11:44:45 AM   :::   11:44:45.2433217

::::::::::: PreSendRequestHeaders Request called at 7/23/2018 11:44:45 AM   :::   11:44:45.2528323

::::::::::: BeginRequest Request called at 7/23/2018 11:45:12 AM   :::   11:45:12.9620855

::::::::::: AuthenticateRequest Request called at 7/23/2018 11:45:13 AM   :::   11:45:13.0071231

::::::::::: BeginRequest Request called at 7/23/2018 11:45:13 AM   :::   11:45:13.0311426

::::::::::: AuthenticateRequest Request called at 7/23/2018 11:45:13 AM   :::   11:45:13.0611651

::::::::::: AuthorizeRequest Request called at 7/23/2018 11:45:13 AM   :::   11:45:13.0701755

::::::::::: PostAuthorizeRequest Request called at 7/23/2018 11:45:13 AM   :::   11:45:13.0941926

::::::::::: PostAuthorizeRequest Request called at 7/23/2018 11:45:13 AM   :::   11:45:13.1082018

::::::::::: End Request called at 7/23/2018 11:45:13 AM   :::   11:45:13.1332192

::::::::::: PostResolveRequestCache Request called at 7/23/2018 11:45:13 AM   :::   11:45:13.1652499

::::::::::: PostAcquireRequestState Request called at 7/23/2018 11:45:13 AM   :::   11:45:13.1872656

::::::::::: PreRequestHandlerExecute Request called at 7/23/2018 11:45:13 AM   :::   11:45:13.2062800

::::::::::: PreRequestHandlerExecute Request called at 7/23/2018 11:45:13 AM   :::   11:45:13.2383032

::::::::::: PostRequestHandlerExecute Request called at 7/23/2018 11:45:13 AM   :::   11:45:13.2463077

::::::::::: ReleaseRequestState Request called at 7/23/2018 11:45:13 AM   :::   11:45:13.2713326

::::::::::: PostReleaseRequestState Request called at 7/23/2018 11:45:13 AM   :::   11:45:13.3123626

::::::::::: UpdateRequestCache Request called at 7/23/2018 11:45:13 AM   :::   11:45:13.3393819

::::::::::: EndRequest Request called at 7/23/2018 11:45:13 AM   :::   11:45:13.3599006

::::::::::: EndRequest Request called at 7/23/2018 11:45:13 AM   :::   11:45:13.3674101

::::::::::: PreSendRequestContent Request called at 7/23/2018 11:45:13 AM   :::   11:45:13.3854234

::::::::::: PreSendRequestHeaders Request called at 7/23/2018 11:45:13 AM   :::   11:45:13.4623602

::::::::::: AuthenticateRequest Request called at 7/23/2018 11:45:13 AM   :::   11:45:13.4823780

::::::::::: AuthenticateRequest Request called at 7/23/2018 11:45:13 AM   :::   11:45:13.5033938

::::::::::: AuthorizeRequest Request called at 7/23/2018 11:45:13 AM   :::   11:45:13.5254095

::::::::::: AuthorizeRequest Request called at 7/23/2018 11:45:13 AM   :::   11:45:13.5364169

::::::::::: PostAuthorizeRequest Request called at 7/23/2018 11:45:13 AM   :::   11:45:13.5579348

::::::::::: End Request called at 7/23/2018 11:45:13 AM   :::   11:45:13.5854590

::::::::::: AcquireRequestState Request called at 7/23/2018 11:45:13 AM   :::   11:45:13.5944654

::::::::::: PostAcquireRequestState Request called at 7/23/2018 11:45:13 AM   :::   11:45:13.6374956

::::::::::: BeginRequest Request called at 7/23/2018 11:45:13 AM   :::   11:45:13.5814561

::::::::::: PostAcquireRequestState Request called at 7/23/2018 11:45:13 AM   :::   11:45:13.6625158

::::::::::: PreRequestHandlerExecute Request called at 7/23/2018 11:45:13 AM   :::   11:45:13.7095529

::::::::::: ReleaseRequestState Request called at 7/23/2018 11:45:13 AM   :::   11:45:13.7245640

::::::::::: PreRequestHandlerExecute Request called at 7/23/2018 11:45:13 AM   :::   11:45:13.7395731

::::::::::: ReleaseRequestState Request called at 7/23/2018 11:45:13 AM   :::   11:45:13.7595909

::::::::::: ReleaseRequestState Request called at 7/23/2018 11:45:13 AM   :::   11:45:13.7724399

::::::::::: EndRequest Request called at 7/23/2018 11:45:13 AM   :::   11:45:13.7874502

::::::::::: PreSendRequestContent Request called at 7/23/2018 11:45:13 AM   :::   11:45:13.8104674

::::::::::: UpdateRequestCache Request called at 7/23/2018 11:45:13 AM   :::   11:45:13.8154702

::::::::::: PreSendRequestContent Request called at 7/23/2018 11:45:13 AM   :::   11:45:13.8334838

::::::::::: End Request called at 7/23/2018 11:45:13 AM   :::   11:45:13.8414883

::::::::::: PreSendRequestHeaders Request called at 7/23/2018 11:45:13 AM   :::   11:45:13.8975365

::::::::::: BeginRequest Request called at 7/23/2018 11:45:13 AM   :::   11:45:13.9145494

::::::::::: PostResolveRequestCache Request called at 7/23/2018 11:45:13 AM   :::   11:45:13.9035408

::::::::::: AcquireRequestState Request called at 7/23/2018 11:45:13 AM   :::   11:45:13.9395657

::::::::::: PostAcquireRequestState Request called at 7/23/2018 11:45:13 AM   :::   11:45:13.9535792

::::::::::: AcquireRequestState Request called at 7/23/2018 11:45:13 AM   :::   11:45:13.9665924

::::::::::: End Request called at 7/23/2018 11:45:13 AM   :::   11:45:13.9836046

::::::::::: PreRequestHandlerExecute Request called at 7/23/2018 11:45:13 AM   :::   11:45:13.9896092

::::::::::: PostReleaseRequestState Request called at 7/23/2018 11:45:14 AM   :::   11:45:14.0056202

::::::::::: PostAcquireRequestState Request called at 7/23/2018 11:45:14 AM   :::   11:45:14.0156278

::::::::::: PreRequestHandlerExecute Request called at 7/23/2018 11:45:14 AM   :::   11:45:14.0276367

::::::::::: EndRequest Request called at 7/23/2018 11:45:14 AM   :::   11:45:14.0516578

::::::::::: PreSendRequestHeaders Request called at 7/23/2018 11:45:14 AM   :::   11:45:14.0686723

::::::::::: PostReleaseRequestState Request called at 7/23/2018 11:45:14 AM   :::   11:45:14.0806788

::::::::::: UpdateRequestCache Request called at 7/23/2018 11:45:14 AM   :::   11:45:14.0916883

::::::::::: EndRequest Request called at 7/23/2018 11:45:14 AM   :::   11:45:14.1016942

::::::::::: PreSendRequestContent Request called at 7/23/2018 11:45:14 AM   :::   11:45:14.1087004

::::::::::: PreSendRequestHeaders Request called at 7/23/2018 11:45:14 AM   :::   11:45:14.1167057

::::::::::: BeginRequest Request called at 7/23/2018 11:47:48 AM   :::   11:47:48.2829934

::::::::::: AuthenticateRequest Request called at 7/23/2018 11:47:48 AM   :::   11:47:48.2960007

::::::::::: PostAuthenticateRequest Request called at 7/23/2018 11:47:48 AM   :::   11:47:48.3100107

::::::::::: AuthorizeRequest Request called at 7/23/2018 11:47:48 AM   :::   11:47:48.3180156

::::::::::: PostAuthorizeRequest Request called at 7/23/2018 11:47:48 AM   :::   11:47:48.3270244

::::::::::: End Request called at 7/23/2018 11:47:48 AM   :::   11:47:48.3340274

::::::::::: PostResolveRequestCache Request called at 7/23/2018 11:47:48 AM   :::   11:47:48.3420335

::::::::::: AcquireRequestState Request called at 7/23/2018 11:47:48 AM   :::   11:47:48.3520631

::::::::::: PostAcquireRequestState Request called at 7/23/2018 11:47:48 AM   :::   11:47:48.3615669

::::::::::: PreRequestHandlerExecute Request called at 7/23/2018 11:47:48 AM   :::   11:47:48.3709294

::::::::::: PostRequestHandlerExecute Request called at 7/23/2018 11:47:49 AM   :::   11:47:49.2385120

::::::::::: ReleaseRequestState Request called at 7/23/2018 11:47:49 AM   :::   11:47:49.2490228

::::::::::: PostReleaseRequestState Request called at 7/23/2018 11:47:49 AM   :::   11:47:49.2600437

::::::::::: UpdateRequestCache Request called at 7/23/2018 11:47:49 AM   :::   11:47:49.2740667

::::::::::: EndRequest Request called at 7/23/2018 11:47:49 AM   :::   11:47:49.2900793

::::::::::: PreSendRequestContent Request called at 7/23/2018 11:47:49 AM   :::   11:47:49.3011041

::::::::::: PreSendRequestHeaders Request called at 7/23/2018 11:47:49 AM   :::   11:47:49.3110931

::::::::::: BeginRequest Request called at 7/23/2018 11:47:49 AM   :::   11:47:49.3826411

::::::::::: AuthenticateRequest Request called at 7/23/2018 11:47:49 AM   :::   11:47:49.4106619

::::::::::: AuthorizeRequest Request called at 7/23/2018 11:47:49 AM   :::   11:47:49.4366792

::::::::::: PostAuthorizeRequest Request called at 7/23/2018 11:47:49 AM   :::   11:47:49.4521944

::::::::::: End Request called at 7/23/2018 11:47:49 AM   :::   11:47:49.4667081

::::::::::: PostResolveRequestCache Request called at 7/23/2018 11:47:49 AM   :::   11:47:49.4827203

::::::::::: AcquireRequestState Request called at 7/23/2018 11:47:49 AM   :::   11:47:49.5007323

::::::::::: PostAcquireRequestState Request called at 7/23/2018 11:47:49 AM   :::   11:47:49.5137416

::::::::::: PreRequestHandlerExecute Request called at 7/23/2018 11:47:49 AM   :::   11:47:49.5327555

::::::::::: PostAuthorizeRequest Request called at 7/23/2018 11:47:49 AM   :::   11:47:49.5457644

::::::::::: End Request called at 7/23/2018 11:47:49 AM   :::   11:47:49.5577761

::::::::::: PostResolveRequestCache Request called at 7/23/2018 11:47:49 AM   :::   11:47:49.5727896

::::::::::: EndRequest Request called at 7/23/2018 11:47:49 AM   :::   11:47:49.5837974

::::::::::: PreRequestHandlerExecute Request called at 7/23/2018 11:47:49 AM   :::   11:47:49.5988077

::::::::::: PostRequestHandlerExecute Request called at 7/23/2018 11:47:49 AM   :::   11:47:49.6138184

::::::::::: ReleaseRequestState Request called at 7/23/2018 11:47:49 AM   :::   11:47:49.6288303

::::::::::: PostReleaseRequestState Request called at 7/23/2018 11:47:49 AM   :::   11:47:49.6408381

::::::::::: UpdateRequestCache Request called at 7/23/2018 11:47:49 AM   :::   11:47:49.6673907

::::::::::: EndRequest Request called at 7/23/2018 11:47:49 AM   :::   11:47:49.6814011

::::::::::: PreSendRequestContent Request called at 7/23/2018 11:47:49 AM   :::   11:47:49.6884081

::::::::::: PreSendRequestHeaders Request called at 7/23/2018 11:47:49 AM   :::   11:47:49.6974125

::::::::::: BeginRequest Request called at 7/23/2018 11:47:53 AM   :::   11:47:53.1650924

::::::::::: AuthenticateRequest Request called at 7/23/2018 11:47:53 AM   :::   11:47:53.1811066

::::::::::: AuthorizeRequest Request called at 7/23/2018 11:47:53 AM   :::   11:47:53.2171334

::::::::::: PostAuthorizeRequest Request called at 7/23/2018 11:47:53 AM   :::   11:47:53.2311426

::::::::::: AuthorizeRequest Request called at 7/23/2018 11:47:53 AM   :::   11:47:53.2411502

::::::::::: PostAuthorizeRequest Request called at 7/23/2018 11:47:53 AM   :::   11:47:53.2536632

::::::::::: AcquireRequestState Request called at 7/23/2018 11:47:53 AM   :::   11:47:53.2701791

::::::::::: PostAcquireRequestState Request called at 7/23/2018 11:47:53 AM   :::   11:47:53.2941951

::::::::::: PreRequestHandlerExecute Request called at 7/23/2018 11:47:53 AM   :::   11:47:53.3072051

::::::::::: PostRequestHandlerExecute Request called at 7/23/2018 11:47:53 AM   :::   11:47:53.3342240

::::::::::: ReleaseRequestState Request called at 7/23/2018 11:47:53 AM   :::   11:47:53.3482339

::::::::::: PostReleaseRequestState Request called at 7/23/2018 11:47:53 AM   :::   11:47:53.3632466

::::::::::: UpdateRequestCache Request called at 7/23/2018 11:47:53 AM   :::   11:47:53.3852655

::::::::::: EndRequest Request called at 7/23/2018 11:47:53 AM   :::   11:47:53.3982751

::::::::::: PreSendRequestContent Request called at 7/23/2018 11:47:53 AM   :::   11:47:53.4102841

::::::::::: PreSendRequestHeaders Request called at 7/23/2018 11:47:53 AM   :::   11:47:53.4172879

::::::::::: BeginRequest Request called at 7/23/2018 11:47:55 AM   :::   11:47:55.7774881

::::::::::: AuthenticateRequest Request called at 7/23/2018 11:47:55 AM   :::   11:47:55.7874948

::::::::::: PostAuthenticateRequest Request called at 7/23/2018 11:47:55 AM   :::   11:47:55.7955009

::::::::::: AuthorizeRequest Request called at 7/23/2018 11:47:55 AM   :::   11:47:55.8055084

::::::::::: PostAuthorizeRequest Request called at 7/23/2018 11:47:55 AM   :::   11:47:55.8155148

::::::::::: End Request called at 7/23/2018 11:47:55 AM   :::   11:47:55.8235201

::::::::::: PostResolveRequestCache Request called at 7/23/2018 11:47:55 AM   :::   11:47:55.8315266

::::::::::: AcquireRequestState Request called at 7/23/2018 11:47:55 AM   :::   11:47:55.8425336

::::::::::: PostAcquireRequestState Request called at 7/23/2018 11:47:55 AM   :::   11:47:55.8495382

::::::::::: PreRequestHandlerExecute Request called at 7/23/2018 11:47:55 AM   :::   11:47:55.8565491

::::::::::: PostRequestHandlerExecute Request called at 7/23/2018 11:47:55 AM   :::   11:47:55.9286194

::::::::::: ReleaseRequestState Request called at 7/23/2018 11:47:55 AM   :::   11:47:55.9356086

::::::::::: PostReleaseRequestState Request called at 7/23/2018 11:47:55 AM   :::   11:47:55.9426132

::::::::::: UpdateRequestCache Request called at 7/23/2018 11:47:55 AM   :::   11:47:55.9506185

::::::::::: EndRequest Request called at 7/23/2018 11:47:55 AM   :::   11:47:55.9581284

::::::::::: PreSendRequestContent Request called at 7/23/2018 11:47:55 AM   :::   11:47:55.9651334

::::::::::: PreSendRequestHeaders Request called at 7/23/2018 11:47:55 AM   :::   11:47:55.9726429

::::::::::: BeginRequest Request called at 7/23/2018 11:48:18 AM   :::   11:48:18.3367007

::::::::::: AuthenticateRequest Request called at 7/23/2018 11:48:18 AM   :::   11:48:18.3492141

::::::::::: PostAuthenticateRequest Request called at 7/23/2018 11:48:18 AM   :::   11:48:18.3612227

::::::::::: AuthorizeRequest Request called at 7/23/2018 11:48:18 AM   :::   11:48:18.3717347

::::::::::: PostAuthorizeRequest Request called at 7/23/2018 11:48:18 AM   :::   11:48:18.3827426

::::::::::: End Request called at 7/23/2018 11:48:18 AM   :::   11:48:18.3927497

::::::::::: PostResolveRequestCache Request called at 7/23/2018 11:48:18 AM   :::   11:48:18.4037567

::::::::::: EndRequest Request called at 7/23/2018 11:48:18 AM   :::   11:48:18.4137643

::::::::::: PreSendRequestContent Request called at 7/23/2018 11:48:18 AM   :::   11:48:18.4237710

::::::::::: PreSendRequestHeaders Request called at 7/23/2018 11:48:18 AM   :::   11:48:18.4347796

::::::::::: BeginRequest Request called at 7/23/2018 11:48:21 AM   :::   11:48:21.4313618

::::::::::: AuthenticateRequest Request called at 7/23/2018 11:48:21 AM   :::   11:48:21.4649041

::::::::::: PostAuthenticateRequest Request called at 7/23/2018 11:48:21 AM   :::   11:48:21.4839172

::::::::::: AuthorizeRequest Request called at 7/23/2018 11:48:21 AM   :::   11:48:21.5009301

::::::::::: PostAuthorizeRequest Request called at 7/23/2018 11:48:21 AM   :::   11:48:21.5199433

::::::::::: End Request called at 7/23/2018 11:48:21 AM   :::   11:48:21.5309566

::::::::::: PostResolveRequestCache Request called at 7/23/2018 11:48:21 AM   :::   11:48:21.5389627

::::::::::: AcquireRequestState Request called at 7/23/2018 11:48:21 AM   :::   11:48:21.5489774

::::::::::: PostAcquireRequestState Request called at 7/23/2018 11:48:21 AM   :::   11:48:21.5559804

::::::::::: PreRequestHandlerExecute Request called at 7/23/2018 11:48:21 AM   :::   11:48:21.5659879

::::::::::: PostRequestHandlerExecute Request called at 7/23/2018 11:48:21 AM   :::   11:48:21.5840015

::::::::::: ReleaseRequestState Request called at 7/23/2018 11:48:21 AM   :::   11:48:21.5940130

::::::::::: PostReleaseRequestState Request called at 7/23/2018 11:48:21 AM   :::   11:48:21.6070187

::::::::::: UpdateRequestCache Request called at 7/23/2018 11:48:21 AM   :::   11:48:21.6230289

::::::::::: EndRequest Request called at 7/23/2018 11:48:21 AM   :::   11:48:21.6340403

::::::::::: PreSendRequestContent Request called at 7/23/2018 11:48:21 AM   :::   11:48:21.6460548

::::::::::: PreSendRequestHeaders Request called at 7/23/2018 11:48:21 AM   :::   11:48:21.6610651

::::::::::: BeginRequest Request called at 7/23/2018 11:48:21 AM   :::   11:48:21.7458967

::::::::::: AuthenticateRequest Request called at 7/23/2018 11:48:21 AM   :::   11:48:21.7679136

::::::::::: PostAuthenticateRequest Request called at 7/23/2018 11:48:21 AM   :::   11:48:21.7969331

::::::::::: AuthorizeRequest Request called at 7/23/2018 11:48:21 AM   :::   11:48:21.9025113

::::::::::: PostAuthorizeRequest Request called at 7/23/2018 11:48:21 AM   :::   11:48:21.9245274

::::::::::: End Request called at 7/23/2018 11:48:21 AM   :::   11:48:21.9370357

::::::::::: PostResolveRequestCache Request called at 7/23/2018 11:48:21 AM   :::   11:48:21.9490470

::::::::::: AcquireRequestState Request called at 7/23/2018 11:48:21 AM   :::   11:48:21.9635552

::::::::::: PostAcquireRequestState Request called at 7/23/2018 11:48:21 AM   :::   11:48:21.9710599

::::::::::: PreRequestHandlerExecute Request called at 7/23/2018 11:48:21 AM   :::   11:48:21.9810686

::::::::::: PostRequestHandlerExecute Request called at 7/23/2018 11:48:21 AM   :::   11:48:21.9895741

::::::::::: ReleaseRequestState Request called at 7/23/2018 11:48:21 AM   :::   11:48:21.9980819

::::::::::: PostReleaseRequestState Request called at 7/23/2018 11:48:22 AM   :::   11:48:22.0110912

::::::::::: UpdateRequestCache Request called at 7/23/2018 11:48:22 AM   :::   11:48:22.0291040

::::::::::: EndRequest Request called at 7/23/2018 11:48:22 AM   :::   11:48:22.0421137

::::::::::: PreSendRequestContent Request called at 7/23/2018 11:48:22 AM   :::   11:48:22.0581251

::::::::::: PreSendRequestHeaders Request called at 7/23/2018 11:48:22 AM   :::   11:48:22.0731370

::::::::::: BeginRequest Request called at 7/23/2018 11:48:22 AM   :::   11:48:22.3470509

::::::::::: AuthenticateRequest Request called at 7/23/2018 11:48:22 AM   :::   11:48:22.3610608

::::::::::: PostAuthenticateRequest Request called at 7/23/2018 11:48:22 AM   :::   11:48:22.4030971

::::::::::: AuthorizeRequest Request called at 7/23/2018 11:48:22 AM   :::   11:48:22.4291164

::::::::::: PostAuthorizeRequest Request called at 7/23/2018 11:48:22 AM   :::   11:48:22.4461281

::::::::::: End Request called at 7/23/2018 11:48:22 AM   :::   11:48:22.4591418

::::::::::: PostResolveRequestCache Request called at 7/23/2018 11:48:22 AM   :::   11:48:22.4711468

::::::::::: EndRequest Request called at 7/23/2018 11:48:22 AM   :::   11:48:22.4836586

::::::::::: PreSendRequestContent Request called at 7/23/2018 11:48:22 AM   :::   11:48:22.4956676

::::::::::: PreSendRequestHeaders Request called at 7/23/2018 11:48:22 AM   :::   11:48:22.5181830

::::::::::: BeginRequest Request called at 7/23/2018 11:48:25 AM   :::   11:48:25.0339335

::::::::::: AuthenticateRequest Request called at 7/23/2018 11:48:25 AM   :::   11:48:25.0429407

::::::::::: PostAuthenticateRequest Request called at 7/23/2018 11:48:25 AM   :::   11:48:25.0519459

::::::::::: AuthorizeRequest Request called at 7/23/2018 11:48:25 AM   :::   11:48:25.0679637

::::::::::: PostAuthorizeRequest Request called at 7/23/2018 11:48:25 AM   :::   11:48:25.0809970

::::::::::: End Request called at 7/23/2018 11:48:25 AM   :::   11:48:25.0889814

::::::::::: PostResolveRequestCache Request called at 7/23/2018 11:48:25 AM   :::   11:48:25.0999912

::::::::::: AcquireRequestState Request called at 7/23/2018 11:48:25 AM   :::   11:48:25.1120025

::::::::::: PostAcquireRequestState Request called at 7/23/2018 11:48:25 AM   :::   11:48:25.1210228

::::::::::: PreRequestHandlerExecute Request called at 7/23/2018 11:48:25 AM   :::   11:48:25.1320121

::::::::::: PostRequestHandlerExecute Request called at 7/23/2018 11:48:25 AM   :::   11:48:25.1685616

::::::::::: ReleaseRequestState Request called at 7/23/2018 11:48:25 AM   :::   11:48:25.1780709

::::::::::: PostReleaseRequestState Request called at 7/23/2018 11:48:25 AM   :::   11:48:25.1870785

::::::::::: UpdateRequestCache Request called at 7/23/2018 11:48:25 AM   :::   11:48:25.1990863

::::::::::: EndRequest Request called at 7/23/2018 11:48:25 AM   :::   11:48:25.2120951

::::::::::: PreSendRequestContent Request called at 7/23/2018 11:48:25 AM   :::   11:48:25.2311095

::::::::::: PreSendRequestHeaders Request called at 7/23/2018 11:48:25 AM   :::   11:48:25.2391156

::::::::::: BeginRequest Request called at 7/23/2018 12:05:31 PM   :::   12:05:31.6856300

::::::::::: AuthenticateRequest Request called at 7/23/2018 12:05:31 PM   :::   12:05:31.7016451

::::::::::: PostAuthenticateRequest Request called at 7/23/2018 12:05:31 PM   :::   12:05:31.7111577

::::::::::: AuthorizeRequest Request called at 7/23/2018 12:05:31 PM   :::   12:05:31.7221636

::::::::::: PostAuthorizeRequest Request called at 7/23/2018 12:05:31 PM   :::   12:05:31.7311843

::::::::::: End Request called at 7/23/2018 12:05:31 PM   :::   12:05:31.7401770

::::::::::: PostResolveRequestCache Request called at 7/23/2018 12:05:31 PM   :::   12:05:31.7511849

::::::::::: AcquireRequestState Request called at 7/23/2018 12:05:31 PM   :::   12:05:31.7591899

::::::::::: PostAcquireRequestState Request called at 7/23/2018 12:05:31 PM   :::   12:05:31.7671980

::::::::::: PreRequestHandlerExecute Request called at 7/23/2018 12:05:31 PM   :::   12:05:31.7752010

::::::::::: PostRequestHandlerExecute Request called at 7/23/2018 12:06:10 PM   :::   12:06:10.1015291

::::::::::: ReleaseRequestState Request called at 7/23/2018 12:06:10 PM   :::   12:06:10.1105364

::::::::::: PostReleaseRequestState Request called at 7/23/2018 12:06:10 PM   :::   12:06:10.1205432

::::::::::: UpdateRequestCache Request called at 7/23/2018 12:06:10 PM   :::   12:06:10.1315507

::::::::::: EndRequest Request called at 7/23/2018 12:06:10 PM   :::   12:06:10.1400598

::::::::::: PreSendRequestContent Request called at 7/23/2018 12:06:10 PM   :::   12:06:10.1505680

::::::::::: PreSendRequestHeaders Request called at 7/23/2018 12:06:10 PM   :::   12:06:10.1665814

::::::::::: BeginRequest Request called at 7/23/2018 12:06:10 PM   :::   12:06:10.5543866

::::::::::: AuthenticateRequest Request called at 7/23/2018 12:06:10 PM   :::   12:06:10.5723991

::::::::::: PostAuthenticateRequest Request called at 7/23/2018 12:06:10 PM   :::   12:06:10.5874107

::::::::::: AuthorizeRequest Request called at 7/23/2018 12:06:10 PM   :::   12:06:10.6014200

::::::::::: PostAuthorizeRequest Request called at 7/23/2018 12:06:10 PM   :::   12:06:10.6154293

::::::::::: End Request called at 7/23/2018 12:06:10 PM   :::   12:06:10.6264376

::::::::::: PostResolveRequestCache Request called at 7/23/2018 12:06:10 PM   :::   12:06:10.6364444

::::::::::: EndRequest Request called at 7/23/2018 12:06:10 PM   :::   12:06:10.6469553

::::::::::: PreSendRequestContent Request called at 7/23/2018 12:06:10 PM   :::   12:06:10.6585743

::::::::::: PreSendRequestHeaders Request called at 7/23/2018 12:06:10 PM   :::   12:06:10.6695822

::::::::::: BeginRequest Request called at 7/23/2018 12:06:11 PM   :::   12:06:11.2358348

::::::::::: AuthenticateRequest Request called at 7/23/2018 12:06:11 PM   :::   12:06:11.2628605

::::::::::: PostAuthenticateRequest Request called at 7/23/2018 12:06:11 PM   :::   12:06:11.2818738

::::::::::: AuthorizeRequest Request called at 7/23/2018 12:06:11 PM   :::   12:06:11.2988864

::::::::::: PostAuthorizeRequest Request called at 7/23/2018 12:06:11 PM   :::   12:06:11.3138957

::::::::::: End Request called at 7/23/2018 12:06:11 PM   :::   12:06:11.3269062

::::::::::: PostResolveRequestCache Request called at 7/23/2018 12:06:11 PM   :::   12:06:11.3379319

::::::::::: AcquireRequestState Request called at 7/23/2018 12:06:11 PM   :::   12:06:11.3519281

::::::::::: PostAcquireRequestState Request called at 7/23/2018 12:06:11 PM   :::   12:06:11.3659477

::::::::::: PreRequestHandlerExecute Request called at 7/23/2018 12:06:11 PM   :::   12:06:11.3839531

::::::::::: PostRequestHandlerExecute Request called at 7/23/2018 12:06:11 PM   :::   12:06:11.4039853

::::::::::: ReleaseRequestState Request called at 7/23/2018 12:06:11 PM   :::   12:06:11.4179772

::::::::::: PostReleaseRequestState Request called at 7/23/2018 12:06:11 PM   :::   12:06:11.4299906

::::::::::: UpdateRequestCache Request called at 7/23/2018 12:06:11 PM   :::   12:06:11.4445016

::::::::::: EndRequest Request called at 7/23/2018 12:06:11 PM   :::   12:06:11.4565695

::::::::::: PreSendRequestContent Request called at 7/23/2018 12:06:11 PM   :::   12:06:11.4715799

::::::::::: PreSendRequestHeaders Request called at 7/23/2018 12:06:11 PM   :::   12:06:11.4875918

::::::::::: BeginRequest Request called at 7/23/2018 12:06:14 PM   :::   12:06:14.9876421

::::::::::: AuthenticateRequest Request called at 7/23/2018 12:06:15 PM   :::   12:06:15.0086572

::::::::::: PostAuthenticateRequest Request called at 7/23/2018 12:06:15 PM   :::   12:06:15.0256706

::::::::::: AuthorizeRequest Request called at 7/23/2018 12:06:15 PM   :::   12:06:15.0406799

::::::::::: PostAuthorizeRequest Request called at 7/23/2018 12:06:15 PM   :::   12:06:15.0526924

::::::::::: End Request called at 7/23/2018 12:06:15 PM   :::   12:06:15.0662880

::::::::::: PostResolveRequestCache Request called at 7/23/2018 12:06:15 PM   :::   12:06:15.0782982

::::::::::: AcquireRequestState Request called at 7/23/2018 12:06:15 PM   :::   12:06:15.0923201

::::::::::: PostAcquireRequestState Request called at 7/23/2018 12:06:15 PM   :::   12:06:15.1043146

::::::::::: PreRequestHandlerExecute Request called at 7/23/2018 12:06:15 PM   :::   12:06:15.1153237

::::::::::: PostRequestHandlerExecute Request called at 7/23/2018 12:08:06 PM   :::   12:08:06.5939077

::::::::::: ReleaseRequestState Request called at 7/23/2018 12:08:06 PM   :::   12:08:06.6209275

::::::::::: PostReleaseRequestState Request called at 7/23/2018 12:08:06 PM   :::   12:08:06.6369406

::::::::::: UpdateRequestCache Request called at 7/23/2018 12:08:07 PM   :::   12:08:07.8766578

::::::::::: EndRequest Request called at 7/23/2018 12:08:07 PM   :::   12:08:07.9336968

::::::::::: PreSendRequestContent Request called at 7/23/2018 12:08:08 PM   :::   12:08:08.4290207

::::::::::: PreSendRequestHeaders Request called at 7/23/2018 12:08:08 PM   :::   12:08:08.4380110

::::::::::: BeginRequest Request called at 7/23/2018 12:08:09 PM   :::   12:08:09.2291389

::::::::::: AuthenticateRequest Request called at 7/23/2018 12:08:09 PM   :::   12:08:09.2521546

::::::::::: PostAuthenticateRequest Request called at 7/23/2018 12:08:10 PM   :::   12:08:10.0850692

::::::::::: AuthorizeRequest Request called at 7/23/2018 12:08:10 PM   :::   12:08:10.1020810

::::::::::: PostAuthorizeRequest Request called at 7/23/2018 12:08:10 PM   :::   12:08:10.1170918

::::::::::: End Request called at 7/23/2018 12:08:10 PM   :::   12:08:10.8937383

::::::::::: PostResolveRequestCache Request called at 7/23/2018 12:08:10 PM   :::   12:08:10.9147526

::::::::::: AcquireRequestState Request called at 7/23/2018 12:08:12 PM   :::   12:08:12.4914612

::::::::::: PostAcquireRequestState Request called at 7/23/2018 12:08:13 PM   :::   12:08:13.3449306

::::::::::: PreRequestHandlerExecute Request called at 7/23/2018 12:08:13 PM   :::   12:08:13.3914852

::::::::::: PostRequestHandlerExecute Request called at 7/23/2018 12:08:14 PM   :::   12:08:14.8237511

::::::::::: ReleaseRequestState Request called at 7/23/2018 12:08:14 PM   :::   12:08:14.8497682

::::::::::: BeginRequest Request called at 7/23/2018 12:09:01 PM   :::   12:09:01.4872574

::::::::::: AuthenticateRequest Request called at 7/23/2018 12:09:01 PM   :::   12:09:01.5843272

::::::::::: PostAuthenticateRequest Request called at 7/23/2018 12:09:01 PM   :::   12:09:01.9565953

::::::::::: AuthorizeRequest Request called at 7/23/2018 12:09:01 PM   :::   12:09:01.9756086

::::::::::: PostAuthorizeRequest Request called at 7/23/2018 12:09:01 PM   :::   12:09:01.9901184

::::::::::: End Request called at 7/23/2018 12:09:02 PM   :::   12:09:02.0266457

::::::::::: PostResolveRequestCache Request called at 7/23/2018 12:09:02 PM   :::   12:09:02.0801840

::::::::::: AcquireRequestState Request called at 7/23/2018 12:09:02 PM   :::   12:09:02.1172106

::::::::::: PostAcquireRequestState Request called at 7/23/2018 12:09:02 PM   :::   12:09:02.1412295

::::::::::: PreRequestHandlerExecute Request called at 7/23/2018 12:09:02 PM   :::   12:09:02.1672466

::::::::::: PostRequestHandlerExecute Request called at 7/23/2018 12:09:02 PM   :::   12:09:02.5535244

::::::::::: ReleaseRequestState Request called at 7/23/2018 12:09:02 PM   :::   12:09:02.5700365

::::::::::: PostReleaseRequestState Request called at 7/23/2018 12:09:02 PM   :::   12:09:02.6070631

::::::::::: UpdateRequestCache Request called at 7/23/2018 12:09:02 PM   :::   12:09:02.7561703

::::::::::: EndRequest Request called at 7/23/2018 12:09:02 PM   :::   12:09:02.7806878

::::::::::: PreSendRequestContent Request called at 7/23/2018 12:09:02 PM   :::   12:09:02.8497370

::::::::::: PreSendRequestHeaders Request called at 7/23/2018 12:09:02 PM   :::   12:09:02.8657485

::::::::::: BeginRequest Request called at 7/23/2018 12:09:03 PM   :::   12:09:03.0894100

::::::::::: AuthenticateRequest Request called at 7/23/2018 12:09:03 PM   :::   12:09:03.1084232

::::::::::: PostAuthenticateRequest Request called at 7/23/2018 12:09:03 PM   :::   12:09:03.1429479

::::::::::: AuthorizeRequest Request called at 7/23/2018 12:09:03 PM   :::   12:09:03.2985600

::::::::::: PostAuthorizeRequest Request called at 7/23/2018 12:09:03 PM   :::   12:09:03.3105686

::::::::::: End Request called at 7/23/2018 12:09:03 PM   :::   12:09:03.3220767

::::::::::: PostResolveRequestCache Request called at 7/23/2018 12:09:03 PM   :::   12:09:03.3345859

::::::::::: AcquireRequestState Request called at 7/23/2018 12:09:03 PM   :::   12:09:03.3470951

::::::::::: PostAcquireRequestState Request called at 7/23/2018 12:09:03 PM   :::   12:09:03.3571019

::::::::::: PreRequestHandlerExecute Request called at 7/23/2018 12:09:03 PM   :::   12:09:03.3691109

::::::::::: PostRequestHandlerExecute Request called at 7/23/2018 12:09:03 PM   :::   12:09:03.3826208

::::::::::: ReleaseRequestState Request called at 7/23/2018 12:09:03 PM   :::   12:09:03.3941289

::::::::::: PostReleaseRequestState Request called at 7/23/2018 12:09:03 PM   :::   12:09:03.4081390

::::::::::: UpdateRequestCache Request called at 7/23/2018 12:09:03 PM   :::   12:09:03.4326568

::::::::::: EndRequest Request called at 7/23/2018 12:09:03 PM   :::   12:09:03.4451660

::::::::::: PreSendRequestContent Request called at 7/23/2018 12:09:03 PM   :::   12:09:03.4566737

::::::::::: PreSendRequestHeaders Request called at 7/23/2018 12:09:03 PM   :::   12:09:03.4701836

::::::::::: BeginRequest Request called at 7/23/2018 12:09:13 PM   :::   12:09:13.3105647

::::::::::: AuthenticateRequest Request called at 7/23/2018 12:09:13 PM   :::   12:09:13.3225725

::::::::::: PostAuthenticateRequest Request called at 7/23/2018 12:09:13 PM   :::   12:09:13.3355823

::::::::::: AuthorizeRequest Request called at 7/23/2018 12:09:13 PM   :::   12:09:13.3465902

::::::::::: PostAuthorizeRequest Request called at 7/23/2018 12:09:13 PM   :::   12:09:13.3575981

::::::::::: End Request called at 7/23/2018 12:09:13 PM   :::   12:09:13.3671047

::::::::::: PostResolveRequestCache Request called at 7/23/2018 12:09:13 PM   :::   12:09:13.3786132

::::::::::: AcquireRequestState Request called at 7/23/2018 12:09:13 PM   :::   12:09:13.3896215

::::::::::: PostAcquireRequestState Request called at 7/23/2018 12:09:13 PM   :::   12:09:13.4006283

::::::::::: PreRequestHandlerExecute Request called at 7/23/2018 12:09:13 PM   :::   12:09:13.4126373

::::::::::: Error Request called at 7/23/2018 12:09:13 PM   :::   12:09:13.4231450

::::::::::: EndRequest Request called at 7/23/2018 12:09:13 PM   :::   12:09:13.4386556

::::::::::: PreSendRequestContent Request called at 7/23/2018 12:09:13 PM   :::   12:09:13.4496639

::::::::::: PreSendRequestHeaders Request called at 7/23/2018 12:09:13 PM   :::   12:09:13.4586700

::::::::::: BeginRequest Request called at 7/23/2018 12:09:14 PM   :::   12:09:14.9579963

::::::::::: AuthenticateRequest Request called at 7/23/2018 12:09:14 PM   :::   12:09:14.9689952

::::::::::: PostAuthenticateRequest Request called at 7/23/2018 12:09:14 PM   :::   12:09:14.9790028

::::::::::: AuthorizeRequest Request called at 7/23/2018 12:09:14 PM   :::   12:09:14.9900130

::::::::::: PostAuthorizeRequest Request called at 7/23/2018 12:09:15 PM   :::   12:09:15.0000226

::::::::::: End Request called at 7/23/2018 12:09:15 PM   :::   12:09:15.0090287

::::::::::: PostResolveRequestCache Request called at 7/23/2018 12:09:15 PM   :::   12:09:15.0190359

::::::::::: AcquireRequestState Request called at 7/23/2018 12:09:15 PM   :::   12:09:15.0260413

::::::::::: PostAcquireRequestState Request called at 7/23/2018 12:09:15 PM   :::   12:09:15.0340483

::::::::::: PreRequestHandlerExecute Request called at 7/23/2018 12:09:15 PM   :::   12:09:15.0410517

::::::::::: PostRequestHandlerExecute Request called at 7/23/2018 12:09:15 PM   :::   12:09:15.1291222

::::::::::: ReleaseRequestState Request called at 7/23/2018 12:09:15 PM   :::   12:09:15.1361300

::::::::::: PostReleaseRequestState Request called at 7/23/2018 12:09:15 PM   :::   12:09:15.1451345

::::::::::: UpdateRequestCache Request called at 7/23/2018 12:09:15 PM   :::   12:09:15.1531410

::::::::::: EndRequest Request called at 7/23/2018 12:09:15 PM   :::   12:09:15.1611460

::::::::::: PreSendRequestContent Request called at 7/23/2018 12:09:15 PM   :::   12:09:15.1701536

::::::::::: PreSendRequestHeaders Request called at 7/23/2018 12:09:15 PM   :::   12:09:15.1791589

::::::::::: BeginRequest Request called at 7/23/2018 12:23:53 PM   :::   12:23:53.2897680

::::::::::: AuthenticateRequest Request called at 7/23/2018 12:23:53 PM   :::   12:23:53.3087874

::::::::::: PostAuthenticateRequest Request called at 7/23/2018 12:23:53 PM   :::   12:23:53.3258043

::::::::::: AuthorizeRequest Request called at 7/23/2018 12:23:53 PM   :::   12:23:53.3368113

::::::::::: PostAuthorizeRequest Request called at 7/23/2018 12:23:53 PM   :::   12:23:53.3458178

::::::::::: End Request called at 7/23/2018 12:23:53 PM   :::   12:23:53.3568248

::::::::::: PostResolveRequestCache Request called at 7/23/2018 12:23:53 PM   :::   12:23:53.3638302

::::::::::: AcquireRequestState Request called at 7/23/2018 12:23:53 PM   :::   12:23:53.3748376

::::::::::: PostAcquireRequestState Request called at 7/23/2018 12:23:53 PM   :::   12:23:53.3838445

::::::::::: PreRequestHandlerExecute Request called at 7/23/2018 12:23:53 PM   :::   12:23:53.3918494

::::::::::: PostRequestHandlerExecute Request called at 7/23/2018 12:23:53 PM   :::   12:23:53.4569028

::::::::::: ReleaseRequestState Request called at 7/23/2018 12:23:53 PM   :::   12:23:53.4669103

::::::::::: PostReleaseRequestState Request called at 7/23/2018 12:23:53 PM   :::   12:23:53.4759160

::::::::::: UpdateRequestCache Request called at 7/23/2018 12:23:53 PM   :::   12:23:53.4879253

::::::::::: EndRequest Request called at 7/23/2018 12:23:53 PM   :::   12:23:53.4989324

::::::::::: PreSendRequestContent Request called at 7/23/2018 12:23:53 PM   :::   12:23:53.5094432

::::::::::: PreSendRequestHeaders Request called at 7/23/2018 12:23:53 PM   :::   12:23:53.5194499

::::::::::: BeginRequest Request called at 7/23/2018 12:23:53 PM   :::   12:23:53.6170268

::::::::::: AuthenticateRequest Request called at 7/23/2018 12:23:53 PM   :::   12:23:53.6370438

::::::::::: PostAuthenticateRequest Request called at 7/23/2018 12:23:53 PM   :::   12:23:53.6550566

::::::::::: AuthorizeRequest Request called at 7/23/2018 12:23:53 PM   :::   12:23:53.6690666

::::::::::: PostAuthorizeRequest Request called at 7/23/2018 12:23:53 PM   :::   12:23:53.6880801

::::::::::: End Request called at 7/23/2018 12:23:53 PM   :::   12:23:53.7231090

::::::::::: PostResolveRequestCache Request called at 7/23/2018 12:23:53 PM   :::   12:23:53.7506288

::::::::::: EndRequest Request called at 7/23/2018 12:23:53 PM   :::   12:23:53.7676406

::::::::::: PreSendRequestContent Request called at 7/23/2018 12:23:53 PM   :::   12:23:53.7791486

::::::::::: PreSendRequestHeaders Request called at 7/23/2018 12:23:53 PM   :::   12:23:53.7931585

::::::::::: BeginRequest Request called at 7/23/2018 12:23:54 PM   :::   12:23:54.5186821

::::::::::: AuthenticateRequest Request called at 7/23/2018 12:23:54 PM   :::   12:23:54.5326925

::::::::::: PostAuthenticateRequest Request called at 7/23/2018 12:23:54 PM   :::   12:23:54.5437000

::::::::::: AuthorizeRequest Request called at 7/23/2018 12:23:54 PM   :::   12:23:54.5507050

::::::::::: PostAuthorizeRequest Request called at 7/23/2018 12:23:54 PM   :::   12:23:54.5617140

::::::::::: End Request called at 7/23/2018 12:23:54 PM   :::   12:23:54.5697189

::::::::::: PostResolveRequestCache Request called at 7/23/2018 12:23:54 PM   :::   12:23:54.5792294

::::::::::: AcquireRequestState Request called at 7/23/2018 12:23:54 PM   :::   12:23:54.5857331

::::::::::: PostAcquireRequestState Request called at 7/23/2018 12:23:54 PM   :::   12:23:54.5922375

::::::::::: PreRequestHandlerExecute Request called at 7/23/2018 12:23:54 PM   :::   12:23:54.5987451

::::::::::: PostRequestHandlerExecute Request called at 7/23/2018 12:23:54 PM   :::   12:23:54.6107529

::::::::::: ReleaseRequestState Request called at 7/23/2018 12:23:54 PM   :::   12:23:54.6177586

::::::::::: PostReleaseRequestState Request called at 7/23/2018 12:23:54 PM   :::   12:23:54.6257636

::::::::::: UpdateRequestCache Request called at 7/23/2018 12:23:54 PM   :::   12:23:54.6377745

::::::::::: EndRequest Request called at 7/23/2018 12:23:54 PM   :::   12:23:54.6457790

::::::::::: PreSendRequestContent Request called at 7/23/2018 12:23:54 PM   :::   12:23:54.6528014

::::::::::: PreSendRequestHeaders Request called at 7/23/2018 12:23:54 PM   :::   12:23:54.6587871

::::::::::: BeginRequest Request called at 7/23/2018 12:23:57 PM   :::   12:23:57.3319037

::::::::::: AuthenticateRequest Request called at 7/23/2018 12:23:57 PM   :::   12:23:57.3409105

::::::::::: PostAuthenticateRequest Request called at 7/23/2018 12:23:57 PM   :::   12:23:57.3529203

::::::::::: AuthorizeRequest Request called at 7/23/2018 12:23:57 PM   :::   12:23:57.3629254

::::::::::: PostAuthorizeRequest Request called at 7/23/2018 12:23:57 PM   :::   12:23:57.3699312

::::::::::: End Request called at 7/23/2018 12:23:57 PM   :::   12:23:57.3769350

::::::::::: PostResolveRequestCache Request called at 7/23/2018 12:23:57 PM   :::   12:23:57.3854586

::::::::::: AcquireRequestState Request called at 7/23/2018 12:23:57 PM   :::   12:23:57.3924648

::::::::::: PostAcquireRequestState Request called at 7/23/2018 12:23:57 PM   :::   12:23:57.3996684

::::::::::: PreRequestHandlerExecute Request called at 7/23/2018 12:23:57 PM   :::   12:23:57.4086732

::::::::::: BeginRequest Request called at 7/23/2018 12:24:51 PM   :::   12:24:51.3733056

::::::::::: AuthenticateRequest Request called at 7/23/2018 12:24:51 PM   :::   12:24:51.3813089

::::::::::: PostAuthenticateRequest Request called at 7/23/2018 12:24:51 PM   :::   12:24:51.3898187

::::::::::: AuthorizeRequest Request called at 7/23/2018 12:24:51 PM   :::   12:24:51.3983064

::::::::::: PostAuthorizeRequest Request called at 7/23/2018 12:24:51 PM   :::   12:24:51.4073354

::::::::::: End Request called at 7/23/2018 12:24:51 PM   :::   12:24:51.4163240

::::::::::: PostResolveRequestCache Request called at 7/23/2018 12:24:51 PM   :::   12:24:51.4223295

::::::::::: AcquireRequestState Request called at 7/23/2018 12:24:51 PM   :::   12:24:51.4323354

::::::::::: PostAcquireRequestState Request called at 7/23/2018 12:24:51 PM   :::   12:24:51.4393400

::::::::::: PreRequestHandlerExecute Request called at 7/23/2018 12:24:51 PM   :::   12:24:51.4473457

::::::::::: PostRequestHandlerExecute Request called at 7/23/2018 12:24:51 PM   :::   12:24:51.4653601

::::::::::: ReleaseRequestState Request called at 7/23/2018 12:24:51 PM   :::   12:24:51.4723631

::::::::::: PostReleaseRequestState Request called at 7/23/2018 12:24:51 PM   :::   12:24:51.4803692

::::::::::: UpdateRequestCache Request called at 7/23/2018 12:24:51 PM   :::   12:24:51.4908793

::::::::::: EndRequest Request called at 7/23/2018 12:24:51 PM   :::   12:24:51.4983848

::::::::::: PreSendRequestContent Request called at 7/23/2018 12:24:51 PM   :::   12:24:51.5064111

::::::::::: PreSendRequestHeaders Request called at 7/23/2018 12:24:51 PM   :::   12:24:51.5144184

::::::::::: BeginRequest Request called at 7/23/2018 12:24:51 PM   :::   12:24:51.5714566

::::::::::: AuthenticateRequest Request called at 7/23/2018 12:24:51 PM   :::   12:24:51.5869718

::::::::::: PostAuthenticateRequest Request called at 7/23/2018 12:24:51 PM   :::   12:24:51.6014812

::::::::::: AuthorizeRequest Request called at 7/23/2018 12:24:51 PM   :::   12:24:51.6124922

::::::::::: PostAuthorizeRequest Request called at 7/23/2018 12:24:51 PM   :::   12:24:51.6255074

::::::::::: End Request called at 7/23/2018 12:24:51 PM   :::   12:24:51.6355082

::::::::::: PostResolveRequestCache Request called at 7/23/2018 12:24:51 PM   :::   12:24:51.6465164

::::::::::: EndRequest Request called at 7/23/2018 12:24:51 PM   :::   12:24:51.6555220

::::::::::: PreSendRequestContent Request called at 7/23/2018 12:24:51 PM   :::   12:24:51.6675318

::::::::::: PreSendRequestHeaders Request called at 7/23/2018 12:24:51 PM   :::   12:24:51.6805410

::::::::::: BeginRequest Request called at 7/23/2018 12:24:51 PM   :::   12:24:51.8486758

::::::::::: AuthenticateRequest Request called at 7/23/2018 12:24:51 PM   :::   12:24:51.8606848

::::::::::: PostAuthenticateRequest Request called at 7/23/2018 12:24:51 PM   :::   12:24:51.8706907

::::::::::: AuthorizeRequest Request called at 7/23/2018 12:24:51 PM   :::   12:24:51.8902084

::::::::::: PostAuthorizeRequest Request called at 7/23/2018 12:24:51 PM   :::   12:24:51.9012166

::::::::::: End Request called at 7/23/2018 12:24:51 PM   :::   12:24:51.9137285

::::::::::: PostResolveRequestCache Request called at 7/23/2018 12:24:51 PM   :::   12:24:51.9247371

::::::::::: AcquireRequestState Request called at 7/23/2018 12:24:51 PM   :::   12:24:51.9367453

::::::::::: PostAcquireRequestState Request called at 7/23/2018 12:24:51 PM   :::   12:24:51.9467528

::::::::::: PreRequestHandlerExecute Request called at 7/23/2018 12:24:51 PM   :::   12:24:51.9577606

::::::::::: PostRequestHandlerExecute Request called at 7/23/2018 12:24:51 PM   :::   12:24:51.9687689

::::::::::: ReleaseRequestState Request called at 7/23/2018 12:24:51 PM   :::   12:24:51.9777741

::::::::::: PostReleaseRequestState Request called at 7/23/2018 12:24:51 PM   :::   12:24:51.9872870

::::::::::: UpdateRequestCache Request called at 7/23/2018 12:24:52 PM   :::   12:24:52.0012958

::::::::::: EndRequest Request called at 7/23/2018 12:24:52 PM   :::   12:24:52.0113025

::::::::::: PreSendRequestContent Request called at 7/23/2018 12:24:52 PM   :::   12:24:52.0213097

::::::::::: PreSendRequestHeaders Request called at 7/23/2018 12:24:52 PM   :::   12:24:52.0313176

::::::::::: BeginRequest Request called at 7/23/2018 12:24:52 PM   :::   12:24:52.2910186

::::::::::: AuthenticateRequest Request called at 7/23/2018 12:24:52 PM   :::   12:24:52.3065381

::::::::::: PostAuthenticateRequest Request called at 7/23/2018 12:24:52 PM   :::   12:24:52.3265528

::::::::::: AuthorizeRequest Request called at 7/23/2018 12:24:52 PM   :::   12:24:52.3355596

::::::::::: PostAuthorizeRequest Request called at 7/23/2018 12:24:52 PM   :::   12:24:52.3435649

::::::::::: End Request called at 7/23/2018 12:24:52 PM   :::   12:24:52.3585752

::::::::::: PostResolveRequestCache Request called at 7/23/2018 12:24:52 PM   :::   12:24:52.3735863

::::::::::: AcquireRequestState Request called at 7/23/2018 12:24:52 PM   :::   12:24:52.3845941

::::::::::: PostAcquireRequestState Request called at 7/23/2018 12:24:52 PM   :::   12:24:52.3946076

::::::::::: PreRequestHandlerExecute Request called at 7/23/2018 12:24:52 PM   :::   12:24:52.4026129

::::::::::: PostRequestHandlerExecute Request called at 7/23/2018 12:24:52 PM   :::   12:24:52.4176279

::::::::::: ReleaseRequestState Request called at 7/23/2018 12:24:52 PM   :::   12:24:52.4246325

::::::::::: PostReleaseRequestState Request called at 7/23/2018 12:24:52 PM   :::   12:24:52.4316379

::::::::::: UpdateRequestCache Request called at 7/23/2018 12:24:52 PM   :::   12:24:52.4386433

::::::::::: EndRequest Request called at 7/23/2018 12:24:52 PM   :::   12:24:52.4476493

::::::::::: PreSendRequestContent Request called at 7/23/2018 12:24:52 PM   :::   12:24:52.4566557

::::::::::: PreSendRequestHeaders Request called at 7/23/2018 12:24:52 PM   :::   12:24:52.4646614

::::::::::: PostRequestHandlerExecute Request called at 7/23/2018 12:25:50 PM   :::   12:25:50.3088139

::::::::::: ReleaseRequestState Request called at 7/23/2018 12:25:50 PM   :::   12:25:50.3258260

::::::::::: PostReleaseRequestState Request called at 7/23/2018 12:25:50 PM   :::   12:25:50.7641742

::::::::::: UpdateRequestCache Request called at 7/23/2018 12:25:50 PM   :::   12:25:50.7836875

::::::::::: EndRequest Request called at 7/23/2018 12:25:50 PM   :::   12:25:50.8029944

::::::::::: PreSendRequestContent Request called at 7/23/2018 12:25:50 PM   :::   12:25:50.8230078

::::::::::: PreSendRequestHeaders Request called at 7/23/2018 12:25:53 PM   :::   12:25:53.6646260

::::::::::: BeginRequest Request called at 7/23/2018 8:35:30 PM   :::   20:35:30.1949680

::::::::::: BeginRequest Request called at 7/23/2018 8:35:30 PM   :::   20:35:30.2229706

::::::::::: AuthenticateRequest Request called at 7/23/2018 8:35:30 PM   :::   20:35:30.2629727

::::::::::: PostAuthenticateRequest Request called at 7/23/2018 8:35:30 PM   :::   20:35:30.6149983

::::::::::: AuthorizeRequest Request called at 7/23/2018 8:35:30 PM   :::   20:35:30.6390012

::::::::::: PostAuthorizeRequest Request called at 7/23/2018 8:35:30 PM   :::   20:35:30.6510022

::::::::::: End Request called at 7/23/2018 8:35:30 PM   :::   20:35:30.6630013

::::::::::: PostAuthorizeRequest Request called at 7/23/2018 8:35:30 PM   :::   20:35:30.6750075

::::::::::: End Request called at 7/23/2018 8:35:30 PM   :::   20:35:30.6870054

::::::::::: PostResolveRequestCache Request called at 7/23/2018 8:35:30 PM   :::   20:35:30.6990049

::::::::::: AcquireRequestState Request called at 7/23/2018 8:35:30 PM   :::   20:35:30.7150052

::::::::::: PostAcquireRequestState Request called at 7/23/2018 8:35:30 PM   :::   20:35:30.7270063

::::::::::: PreRequestHandlerExecute Request called at 7/23/2018 8:35:30 PM   :::   20:35:30.7390081

::::::::::: PostRequestHandlerExecute Request called at 7/23/2018 8:35:31 PM   :::   20:35:31.5150643

::::::::::: ReleaseRequestState Request called at 7/23/2018 8:35:31 PM   :::   20:35:31.5270630

::::::::::: PostReleaseRequestState Request called at 7/23/2018 8:35:31 PM   :::   20:35:31.5430642

::::::::::: UpdateRequestCache Request called at 7/23/2018 8:35:31 PM   :::   20:35:31.6150693

::::::::::: EndRequest Request called at 7/23/2018 8:35:31 PM   :::   20:35:31.6310709

::::::::::: PreSendRequestContent Request called at 7/23/2018 8:35:31 PM   :::   20:35:31.6790739

::::::::::: PreSendRequestHeaders Request called at 7/23/2018 8:35:31 PM   :::   20:35:31.6910749

::::::::::: BeginRequest Request called at 7/23/2018 8:35:31 PM   :::   20:35:31.7510794

::::::::::: AuthenticateRequest Request called at 7/23/2018 8:35:31 PM   :::   20:35:31.7750811

::::::::::: BeginRequest Request called at 7/23/2018 8:35:31 PM   :::   20:35:31.7910878

::::::::::: AuthorizeRequest Request called at 7/23/2018 8:35:31 PM   :::   20:35:31.8110839

::::::::::: PostAuthorizeRequest Request called at 7/23/2018 8:35:31 PM   :::   20:35:31.8230850

::::::::::: End Request called at 7/23/2018 8:35:31 PM   :::   20:35:31.8350856

::::::::::: PostResolveRequestCache Request called at 7/23/2018 8:35:31 PM   :::   20:35:31.8550873

::::::::::: PostAcquireRequestState Request called at 7/23/2018 8:35:31 PM   :::   20:35:31.8830891

::::::::::: PreRequestHandlerExecute Request called at 7/23/2018 8:35:31 PM   :::   20:35:31.8990902

::::::::::: PostRequestHandlerExecute Request called at 7/23/2018 8:35:31 PM   :::   20:35:31.9230974

::::::::::: ReleaseRequestState Request called at 7/23/2018 8:35:31 PM   :::   20:35:31.9750958

::::::::::: PostReleaseRequestState Request called at 7/23/2018 8:35:31 PM   :::   20:35:31.9910966

::::::::::: PostAuthenticateRequest Request called at 7/23/2018 8:35:31 PM   :::   20:35:31.9950971

::::::::::: EndRequest Request called at 7/23/2018 8:35:32 PM   :::   20:35:32.0270989

::::::::::: PreSendRequestContent Request called at 7/23/2018 8:35:32 PM   :::   20:35:32.0430997

::::::::::: PreSendRequestHeaders Request called at 7/23/2018 8:35:32 PM   :::   20:35:32.0551008

::::::::::: AuthorizeRequest Request called at 7/23/2018 8:35:32 PM   :::   20:35:32.1551081

::::::::::: PostAuthorizeRequest Request called at 7/23/2018 8:35:32 PM   :::   20:35:32.1711096

::::::::::: End Request called at 7/23/2018 8:35:32 PM   :::   20:35:32.1831103

::::::::::: PostResolveRequestCache Request called at 7/23/2018 8:35:32 PM   :::   20:35:32.1951137

::::::::::: AcquireRequestState Request called at 7/23/2018 8:35:32 PM   :::   20:35:32.1991138

::::::::::: PostAcquireRequestState Request called at 7/23/2018 8:35:32 PM   :::   20:35:32.2071124

::::::::::: PreRequestHandlerExecute Request called at 7/23/2018 8:35:32 PM   :::   20:35:32.2151122

::::::::::: PostRequestHandlerExecute Request called at 7/23/2018 8:35:32 PM   :::   20:35:32.2231171

::::::::::: ReleaseRequestState Request called at 7/23/2018 8:35:32 PM   :::   20:35:32.2311145

::::::::::: PostReleaseRequestState Request called at 7/23/2018 8:35:32 PM   :::   20:35:32.2391147

::::::::::: UpdateRequestCache Request called at 7/23/2018 8:35:32 PM   :::   20:35:32.2591293

::::::::::: EndRequest Request called at 7/23/2018 8:35:32 PM   :::   20:35:32.2671177

::::::::::: PreSendRequestContent Request called at 7/23/2018 8:35:32 PM   :::   20:35:32.2711355

::::::::::: PreSendRequestHeaders Request called at 7/23/2018 8:35:32 PM   :::   20:35:32.2791191

::::::::::: BeginRequest Request called at 7/23/2018 8:35:33 PM   :::   20:35:33.6632164

::::::::::: AuthenticateRequest Request called at 7/23/2018 8:35:33 PM   :::   20:35:33.6792188

::::::::::: PostAuthenticateRequest Request called at 7/23/2018 8:35:33 PM   :::   20:35:33.7152196

::::::::::: AuthorizeRequest Request called at 7/23/2018 8:35:33 PM   :::   20:35:33.7272206

::::::::::: PostAuthorizeRequest Request called at 7/23/2018 8:35:33 PM   :::   20:35:33.7392213

::::::::::: End Request called at 7/23/2018 8:35:33 PM   :::   20:35:33.7632234

::::::::::: PostResolveRequestCache Request called at 7/23/2018 8:35:33 PM   :::   20:35:33.7872251

::::::::::: AcquireRequestState Request called at 7/23/2018 8:35:33 PM   :::   20:35:33.7992258

::::::::::: PostAcquireRequestState Request called at 7/23/2018 8:35:33 PM   :::   20:35:33.8112272

::::::::::: PreRequestHandlerExecute Request called at 7/23/2018 8:35:33 PM   :::   20:35:33.8232271

::::::::::: Error Request called at 7/23/2018 8:35:33 PM   :::   20:35:33.8312284

::::::::::: EndRequest Request called at 7/23/2018 8:35:33 PM   :::   20:35:33.8472300

::::::::::: PreSendRequestContent Request called at 7/23/2018 8:35:33 PM   :::   20:35:33.8592302

::::::::::: PreSendRequestHeaders Request called at 7/23/2018 8:35:33 PM   :::   20:35:33.8712305

::::::::::: BeginRequest Request called at 7/23/2018 8:35:34 PM   :::   20:35:34.5232777

::::::::::: AuthenticateRequest Request called at 7/23/2018 8:35:34 PM   :::   20:35:34.5352787

::::::::::: PostAuthenticateRequest Request called at 7/23/2018 8:35:34 PM   :::   20:35:34.5512795

::::::::::: AuthorizeRequest Request called at 7/23/2018 8:35:34 PM   :::   20:35:34.5672806

::::::::::: PostAuthorizeRequest Request called at 7/23/2018 8:35:34 PM   :::   20:35:34.5752824

::::::::::: End Request called at 7/23/2018 8:35:34 PM   :::   20:35:34.5872815

::::::::::: PostResolveRequestCache Request called at 7/23/2018 8:35:34 PM   :::   20:35:34.6072839

::::::::::: AcquireRequestState Request called at 7/23/2018 8:35:34 PM   :::   20:35:34.6192838

::::::::::: PostAcquireRequestState Request called at 7/23/2018 8:35:34 PM   :::   20:35:34.6272847

::::::::::: PreRequestHandlerExecute Request called at 7/23/2018 8:35:34 PM   :::   20:35:34.6352888

::::::::::: Error Request called at 7/23/2018 8:35:34 PM   :::   20:35:34.6432894

::::::::::: EndRequest Request called at 7/23/2018 8:35:34 PM   :::   20:35:34.6552873

::::::::::: PreSendRequestContent Request called at 7/23/2018 8:35:34 PM   :::   20:35:34.6672880

::::::::::: PreSendRequestHeaders Request called at 7/23/2018 8:35:34 PM   :::   20:35:34.6752882

::::::::::: BeginRequest Request called at 7/23/2018 8:35:36 PM   :::   20:35:36.1793956

::::::::::: AuthenticateRequest Request called at 7/23/2018 8:35:36 PM   :::   20:35:36.1913975

::::::::::: PostAuthenticateRequest Request called at 7/23/2018 8:35:36 PM   :::   20:35:36.2194044

::::::::::: AuthorizeRequest Request called at 7/23/2018 8:35:36 PM   :::   20:35:36.2234013

::::::::::: PostAuthorizeRequest Request called at 7/23/2018 8:35:36 PM   :::   20:35:36.2353996

::::::::::: End Request called at 7/23/2018 8:35:36 PM   :::   20:35:36.2434022

::::::::::: PostResolveRequestCache Request called at 7/23/2018 8:35:36 PM   :::   20:35:36.2514008

::::::::::: AcquireRequestState Request called at 7/23/2018 8:35:36 PM   :::   20:35:36.2594017

::::::::::: PostAcquireRequestState Request called at 7/23/2018 8:35:36 PM   :::   20:35:36.2674031

::::::::::: PreRequestHandlerExecute Request called at 7/23/2018 8:35:36 PM   :::   20:35:36.2794030

::::::::::: PostRequestHandlerExecute Request called at 7/23/2018 8:35:36 PM   :::   20:35:36.3860091

::::::::::: ReleaseRequestState Request called at 7/23/2018 8:35:36 PM   :::   20:35:36.3860091

::::::::::: PostReleaseRequestState Request called at 7/23/2018 8:35:36 PM   :::   20:35:36.4016328

::::::::::: UpdateRequestCache Request called at 7/23/2018 8:35:36 PM   :::   20:35:36.4016328

::::::::::: EndRequest Request called at 7/23/2018 8:35:36 PM   :::   20:35:36.4172590

::::::::::: PreSendRequestContent Request called at 7/23/2018 8:35:36 PM   :::   20:35:36.4172590

::::::::::: PreSendRequestHeaders Request called at 7/23/2018 8:35:36 PM   :::   20:35:36.4328839

::::::::::: BeginRequest Request called at 7/23/2018 8:36:57 PM   :::   20:36:57.3552787

::::::::::: AuthenticateRequest Request called at 7/23/2018 8:36:57 PM   :::   20:36:57.4712876

::::::::::: PostAuthenticateRequest Request called at 7/23/2018 8:36:57 PM   :::   20:36:57.7713128

::::::::::: AuthorizeRequest Request called at 7/23/2018 8:36:57 PM   :::   20:36:57.7793094

::::::::::: PostAuthorizeRequest Request called at 7/23/2018 8:36:57 PM   :::   20:36:57.7913105

::::::::::: End Request called at 7/23/2018 8:36:57 PM   :::   20:36:57.7993114

::::::::::: PostResolveRequestCache Request called at 7/23/2018 8:36:57 PM   :::   20:36:57.8233151

::::::::::: AcquireRequestState Request called at 7/23/2018 8:36:57 PM   :::   20:36:57.8353138

::::::::::: PostAcquireRequestState Request called at 7/23/2018 8:36:57 PM   :::   20:36:57.8473156

::::::::::: PreRequestHandlerExecute Request called at 7/23/2018 8:36:57 PM   :::   20:36:57.8593147

::::::::::: PostRequestHandlerExecute Request called at 7/23/2018 8:36:58 PM   :::   20:36:58.1433360

::::::::::: ReleaseRequestState Request called at 7/23/2018 8:36:58 PM   :::   20:36:58.1553363

::::::::::: PostReleaseRequestState Request called at 7/23/2018 8:36:58 PM   :::   20:36:58.1633372

::::::::::: UpdateRequestCache Request called at 7/23/2018 8:36:58 PM   :::   20:36:58.2313423

::::::::::: EndRequest Request called at 7/23/2018 8:36:58 PM   :::   20:36:58.2473430

::::::::::: PreSendRequestContent Request called at 7/23/2018 8:36:58 PM   :::   20:36:58.2993466

::::::::::: PreSendRequestHeaders Request called at 7/23/2018 8:36:58 PM   :::   20:36:58.3153481

::::::::::: BeginRequest Request called at 7/23/2018 8:37:17 PM   :::   20:37:17.2303270

::::::::::: AuthenticateRequest Request called at 7/23/2018 8:37:17 PM   :::   20:37:17.2628136

::::::::::: PostAuthenticateRequest Request called at 7/23/2018 8:37:17 PM   :::   20:37:17.2815658

::::::::::: AuthorizeRequest Request called at 7/23/2018 8:37:17 PM   :::   20:37:17.2975646

::::::::::: PostAuthorizeRequest Request called at 7/23/2018 8:37:17 PM   :::   20:37:17.3057835

::::::::::: End Request called at 7/23/2018 8:37:17 PM   :::   20:37:17.3214092

::::::::::: AcquireRequestState Request called at 7/23/2018 8:37:17 PM   :::   20:37:17.3370353

::::::::::: PostAcquireRequestState Request called at 7/23/2018 8:37:17 PM   :::   20:37:17.3526591

::::::::::: PreRequestHandlerExecute Request called at 7/23/2018 8:37:17 PM   :::   20:37:17.3721250

::::::::::: PostRequestHandlerExecute Request called at 7/23/2018 8:37:17 PM   :::   20:37:17.3881250

::::::::::: ReleaseRequestState Request called at 7/23/2018 8:37:17 PM   :::   20:37:17.3963537

::::::::::: UpdateRequestCache Request called at 7/23/2018 8:37:17 PM   :::   20:37:17.4119791

::::::::::: UpdateRequestCache Request called at 7/23/2018 8:37:17 PM   :::   20:37:17.4276040

::::::::::: PreSendRequestContent Request called at 7/23/2018 8:37:17 PM   :::   20:37:17.4432293

::::::::::: PreSendRequestHeaders Request called at 7/23/2018 8:37:17 PM   :::   20:37:17.4588547

