::::::::::: BeginRequest Request called at 10/12/2018 9:00:44 PM   :::   21:00:44.5606545

::::::::::: AuthenticateRequest Request called at 10/12/2018 9:00:44 PM   :::   21:00:44.6441564

::::::::::: PostAuthenticateRequest Request called at 10/12/2018 9:00:44 PM   :::   21:00:44.9691554

::::::::::: AuthorizeRequest Request called at 10/12/2018 9:00:44 PM   :::   21:00:44.9721559

::::::::::: PostAuthorizeRequest Request called at 10/12/2018 9:00:44 PM   :::   21:00:44.9741562

::::::::::: End Request called at 10/12/2018 9:00:44 PM   :::   21:00:44.9761556

::::::::::: PostResolveRequestCache Request called at 10/12/2018 9:00:45 PM   :::   21:00:45.0006547

::::::::::: AcquireRequestState Request called at 10/12/2018 9:00:45 PM   :::   21:00:45.0071567

::::::::::: PostAcquireRequestState Request called at 10/12/2018 9:00:45 PM   :::   21:00:45.0101557

::::::::::: PreRequestHandlerExecute Request called at 10/12/2018 9:00:45 PM   :::   21:00:45.0126557

::::::::::: PostRequestHandlerExecute Request called at 10/12/2018 9:00:45 PM   :::   21:00:45.9256562

::::::::::: ReleaseRequestState Request called at 10/12/2018 9:00:45 PM   :::   21:00:45.9276569

::::::::::: PostReleaseRequestState Request called at 10/12/2018 9:00:45 PM   :::   21:00:45.9311564

::::::::::: UpdateRequestCache Request called at 10/12/2018 9:00:46 PM   :::   21:00:46.0246568

::::::::::: EndRequest Request called at 10/12/2018 9:00:46 PM   :::   21:00:46.0341558

::::::::::: PreSendRequestContent Request called at 10/12/2018 9:00:46 PM   :::   21:00:46.1221552

::::::::::: PreSendRequestHeaders Request called at 10/12/2018 9:00:46 PM   :::   21:00:46.1241551

::::::::::: BeginRequest Request called at 10/12/2018 9:00:46 PM   :::   21:00:46.5181565

::::::::::: AuthenticateRequest Request called at 10/12/2018 9:00:46 PM   :::   21:00:46.5206581

::::::::::: PostAuthenticateRequest Request called at 10/12/2018 9:00:46 PM   :::   21:00:46.5466556

::::::::::: AuthorizeRequest Request called at 10/12/2018 9:00:46 PM   :::   21:00:46.5491568

::::::::::: PostAuthorizeRequest Request called at 10/12/2018 9:00:46 PM   :::   21:00:46.5506565

::::::::::: End Request called at 10/12/2018 9:00:46 PM   :::   21:00:46.5521562

::::::::::: PostResolveRequestCache Request called at 10/12/2018 9:00:46 PM   :::   21:00:46.5541564

::::::::::: AcquireRequestState Request called at 10/12/2018 9:00:46 PM   :::   21:00:46.5556561

::::::::::: PostAcquireRequestState Request called at 10/12/2018 9:00:46 PM   :::   21:00:46.5576563

::::::::::: PreRequestHandlerExecute Request called at 10/12/2018 9:00:46 PM   :::   21:00:46.5591544

::::::::::: PostRequestHandlerExecute Request called at 10/12/2018 9:00:46 PM   :::   21:00:46.5636567

::::::::::: ReleaseRequestState Request called at 10/12/2018 9:00:46 PM   :::   21:00:46.5666556

::::::::::: PostReleaseRequestState Request called at 10/12/2018 9:00:46 PM   :::   21:00:46.5681565

::::::::::: UpdateRequestCache Request called at 10/12/2018 9:00:46 PM   :::   21:00:46.5846550

::::::::::: EndRequest Request called at 10/12/2018 9:00:46 PM   :::   21:00:46.5861574

::::::::::: PreSendRequestContent Request called at 10/12/2018 9:00:46 PM   :::   21:00:46.5886563

::::::::::: PreSendRequestHeaders Request called at 10/12/2018 9:00:46 PM   :::   21:00:46.5906553

::::::::::: BeginRequest Request called at 10/12/2018 9:00:46 PM   :::   21:00:46.7186614

::::::::::: AuthenticateRequest Request called at 10/12/2018 9:00:46 PM   :::   21:00:46.7206581

::::::::::: PostAuthenticateRequest Request called at 10/12/2018 9:00:46 PM   :::   21:00:46.7241541

::::::::::: AuthorizeRequest Request called at 10/12/2018 9:00:46 PM   :::   21:00:46.7541569

::::::::::: PostAuthorizeRequest Request called at 10/12/2018 9:00:46 PM   :::   21:00:46.7561567

::::::::::: End Request called at 10/12/2018 9:00:46 PM   :::   21:00:46.7576564

::::::::::: PostResolveRequestCache Request called at 10/12/2018 9:00:46 PM   :::   21:00:46.7596551

::::::::::: AcquireRequestState Request called at 10/12/2018 9:00:46 PM   :::   21:00:46.7611563

::::::::::: PostAcquireRequestState Request called at 10/12/2018 9:00:46 PM   :::   21:00:46.7631546

::::::::::: PreRequestHandlerExecute Request called at 10/12/2018 9:00:46 PM   :::   21:00:46.7646570

::::::::::: PostRequestHandlerExecute Request called at 10/12/2018 9:00:46 PM   :::   21:00:46.7676564

::::::::::: ReleaseRequestState Request called at 10/12/2018 9:00:46 PM   :::   21:00:46.7701560

::::::::::: PostReleaseRequestState Request called at 10/12/2018 9:00:46 PM   :::   21:00:46.7716541

::::::::::: UpdateRequestCache Request called at 10/12/2018 9:00:46 PM   :::   21:00:46.7736552

::::::::::: EndRequest Request called at 10/12/2018 9:00:46 PM   :::   21:00:46.7751552

::::::::::: PreSendRequestContent Request called at 10/12/2018 9:00:46 PM   :::   21:00:46.7781562

::::::::::: PreSendRequestHeaders Request called at 10/12/2018 9:00:46 PM   :::   21:00:46.7806554

::::::::::: BeginRequest Request called at 10/12/2018 9:00:47 PM   :::   21:00:47.1436573

::::::::::: AuthenticateRequest Request called at 10/12/2018 9:00:47 PM   :::   21:00:47.1456567

::::::::::: PostAuthenticateRequest Request called at 10/12/2018 9:00:47 PM   :::   21:00:47.1496560

::::::::::: AuthorizeRequest Request called at 10/12/2018 9:00:47 PM   :::   21:00:47.1521568

::::::::::: PostAuthorizeRequest Request called at 10/12/2018 9:00:47 PM   :::   21:00:47.1541594

::::::::::: End Request called at 10/12/2018 9:00:47 PM   :::   21:00:47.1556559

::::::::::: PostResolveRequestCache Request called at 10/12/2018 9:00:47 PM   :::   21:00:47.1581575

::::::::::: AcquireRequestState Request called at 10/12/2018 9:00:47 PM   :::   21:00:47.1596572

::::::::::: PostAcquireRequestState Request called at 10/12/2018 9:00:47 PM   :::   21:00:47.1616563

::::::::::: PreRequestHandlerExecute Request called at 10/12/2018 9:00:47 PM   :::   21:00:47.1631555

::::::::::: PostRequestHandlerExecute Request called at 10/12/2018 9:00:47 PM   :::   21:00:47.1656567

::::::::::: ReleaseRequestState Request called at 10/12/2018 9:00:47 PM   :::   21:00:47.1676566

::::::::::: PostReleaseRequestState Request called at 10/12/2018 9:00:47 PM   :::   21:00:47.1691559

::::::::::: UpdateRequestCache Request called at 10/12/2018 9:00:47 PM   :::   21:00:47.1756548

::::::::::: EndRequest Request called at 10/12/2018 9:00:47 PM   :::   21:00:47.1781579

::::::::::: PreSendRequestContent Request called at 10/12/2018 9:00:47 PM   :::   21:00:47.1806571

::::::::::: PreSendRequestHeaders Request called at 10/12/2018 9:00:47 PM   :::   21:00:47.1821544

::::::::::: BeginRequest Request called at 10/12/2018 9:00:49 PM   :::   21:00:49.0021567

::::::::::: AuthenticateRequest Request called at 10/12/2018 9:00:49 PM   :::   21:00:49.0041562

::::::::::: PostAuthenticateRequest Request called at 10/12/2018 9:00:49 PM   :::   21:00:49.0076553

::::::::::: AuthorizeRequest Request called at 10/12/2018 9:00:49 PM   :::   21:00:49.0096571

::::::::::: PostAuthorizeRequest Request called at 10/12/2018 9:00:49 PM   :::   21:00:49.0126561

::::::::::: End Request called at 10/12/2018 9:00:49 PM   :::   21:00:49.0151569

::::::::::: PostResolveRequestCache Request called at 10/12/2018 9:00:49 PM   :::   21:00:49.0176581

::::::::::: AcquireRequestState Request called at 10/12/2018 9:00:49 PM   :::   21:00:49.0201561

::::::::::: PostAcquireRequestState Request called at 10/12/2018 9:00:49 PM   :::   21:00:49.0221568

::::::::::: PreRequestHandlerExecute Request called at 10/12/2018 9:00:49 PM   :::   21:00:49.0236572

::::::::::: Error Request called at 10/12/2018 9:00:49 PM   :::   21:00:49.0291562

::::::::::: EndRequest Request called at 10/12/2018 9:00:49 PM   :::   21:00:49.0361576

::::::::::: PreSendRequestContent Request called at 10/12/2018 9:00:49 PM   :::   21:00:49.0376569

::::::::::: PreSendRequestHeaders Request called at 10/12/2018 9:00:49 PM   :::   21:00:49.0396572

::::::::::: BeginRequest Request called at 10/12/2018 9:00:50 PM   :::   21:00:50.2651602

::::::::::: AuthenticateRequest Request called at 10/12/2018 9:00:50 PM   :::   21:00:50.2681564

::::::::::: PostAuthenticateRequest Request called at 10/12/2018 9:00:50 PM   :::   21:00:50.2771572

::::::::::: AuthorizeRequest Request called at 10/12/2018 9:00:50 PM   :::   21:00:50.2796592

::::::::::: PostAuthorizeRequest Request called at 10/12/2018 9:00:50 PM   :::   21:00:50.2861589

::::::::::: End Request called at 10/12/2018 9:00:50 PM   :::   21:00:50.2906580

::::::::::: PostResolveRequestCache Request called at 10/12/2018 9:00:50 PM   :::   21:00:50.2941567

::::::::::: AcquireRequestState Request called at 10/12/2018 9:00:50 PM   :::   21:00:50.2956552

::::::::::: PostAcquireRequestState Request called at 10/12/2018 9:00:50 PM   :::   21:00:50.2981572

::::::::::: PreRequestHandlerExecute Request called at 10/12/2018 9:00:50 PM   :::   21:00:50.3046561

::::::::::: Error Request called at 10/12/2018 9:00:50 PM   :::   21:00:50.3081564

::::::::::: EndRequest Request called at 10/12/2018 9:00:50 PM   :::   21:00:50.3106576

::::::::::: PreSendRequestContent Request called at 10/12/2018 9:00:50 PM   :::   21:00:50.3136562

::::::::::: PreSendRequestHeaders Request called at 10/12/2018 9:00:50 PM   :::   21:00:50.3231564

::::::::::: BeginRequest Request called at 10/12/2018 9:00:53 PM   :::   21:00:53.7452930

::::::::::: AuthenticateRequest Request called at 10/12/2018 9:00:53 PM   :::   21:00:53.7467903

::::::::::: PostAuthenticateRequest Request called at 10/12/2018 9:00:53 PM   :::   21:00:53.7512902

::::::::::: AuthorizeRequest Request called at 10/12/2018 9:00:53 PM   :::   21:00:53.7537949

::::::::::: PostAuthorizeRequest Request called at 10/12/2018 9:00:53 PM   :::   21:00:53.7562937

::::::::::: End Request called at 10/12/2018 9:00:53 PM   :::   21:00:53.7582928

::::::::::: PostResolveRequestCache Request called at 10/12/2018 9:00:53 PM   :::   21:00:53.7607928

::::::::::: AcquireRequestState Request called at 10/12/2018 9:00:53 PM   :::   21:00:53.7622901

::::::::::: PostAcquireRequestState Request called at 10/12/2018 9:00:53 PM   :::   21:00:53.7647897

::::::::::: PreRequestHandlerExecute Request called at 10/12/2018 9:00:53 PM   :::   21:00:53.7662902

::::::::::: PostRequestHandlerExecute Request called at 10/12/2018 9:00:53 PM   :::   21:00:53.8157912

::::::::::: ReleaseRequestState Request called at 10/12/2018 9:00:53 PM   :::   21:00:53.8167895

::::::::::: PostReleaseRequestState Request called at 10/12/2018 9:00:53 PM   :::   21:00:53.8182884

::::::::::: UpdateRequestCache Request called at 10/12/2018 9:00:53 PM   :::   21:00:53.8197893

::::::::::: EndRequest Request called at 10/12/2018 9:00:53 PM   :::   21:00:53.8212902

::::::::::: PreSendRequestContent Request called at 10/12/2018 9:00:53 PM   :::   21:00:53.8232912

::::::::::: PreSendRequestHeaders Request called at 10/12/2018 9:00:53 PM   :::   21:00:53.8242896

::::::::::: BeginRequest Request called at 10/12/2018 9:02:06 PM   :::   21:02:06.1967210

::::::::::: BeginRequest Request called at 10/12/2018 9:02:06 PM   :::   21:02:06.2187189

::::::::::: AuthenticateRequest Request called at 10/12/2018 9:02:06 PM   :::   21:02:06.2237189

::::::::::: BeginRequest Request called at 10/12/2018 9:02:06 PM   :::   21:02:06.2237189

::::::::::: AuthenticateRequest Request called at 10/12/2018 9:02:06 PM   :::   21:02:06.2647390

::::::::::: PostAuthenticateRequest Request called at 10/12/2018 9:02:06 PM   :::   21:02:06.2657405

::::::::::: AuthorizeRequest Request called at 10/12/2018 9:02:06 PM   :::   21:02:06.2727387

::::::::::: PostAuthorizeRequest Request called at 10/12/2018 9:02:06 PM   :::   21:02:06.2757401

::::::::::: End Request called at 10/12/2018 9:02:06 PM   :::   21:02:06.2777399

::::::::::: PostResolveRequestCache Request called at 10/12/2018 9:02:06 PM   :::   21:02:06.2797445

::::::::::: AcquireRequestState Request called at 10/12/2018 9:02:06 PM   :::   21:02:06.2857401

::::::::::: PostAcquireRequestState Request called at 10/12/2018 9:02:06 PM   :::   21:02:06.2877391

::::::::::: PreRequestHandlerExecute Request called at 10/12/2018 9:02:06 PM   :::   21:02:06.2927415

::::::::::: AuthorizeRequest Request called at 10/12/2018 9:02:06 PM   :::   21:02:06.3087402

::::::::::: PostAuthorizeRequest Request called at 10/12/2018 9:02:06 PM   :::   21:02:06.3107401

::::::::::: End Request called at 10/12/2018 9:02:06 PM   :::   21:02:06.3127411

::::::::::: PostResolveRequestCache Request called at 10/12/2018 9:02:06 PM   :::   21:02:06.3147398

::::::::::: AuthorizeRequest Request called at 10/12/2018 9:02:06 PM   :::   21:02:06.3187402

::::::::::: PostAuthorizeRequest Request called at 10/12/2018 9:02:06 PM   :::   21:02:06.3237391

::::::::::: End Request called at 10/12/2018 9:02:06 PM   :::   21:02:06.3312517

::::::::::: PostResolveRequestCache Request called at 10/12/2018 9:02:06 PM   :::   21:02:06.3362525

::::::::::: AcquireRequestState Request called at 10/12/2018 9:02:06 PM   :::   21:02:06.3382523

::::::::::: PostAcquireRequestState Request called at 10/12/2018 9:02:06 PM   :::   21:02:06.3447654

::::::::::: PreRequestHandlerExecute Request called at 10/12/2018 9:02:06 PM   :::   21:02:06.3457646

::::::::::: ReleaseRequestState Request called at 10/12/2018 9:02:06 PM   :::   21:02:06.3607634

::::::::::: PostReleaseRequestState Request called at 10/12/2018 9:02:06 PM   :::   21:02:06.3707626

::::::::::: PreRequestHandlerExecute Request called at 10/12/2018 9:02:06 PM   :::   21:02:06.3877605

::::::::::: PostResolveRequestCache Request called at 10/12/2018 9:02:06 PM   :::   21:02:06.4197627

::::::::::: AcquireRequestState Request called at 10/12/2018 9:02:06 PM   :::   21:02:06.4237640

::::::::::: PostAcquireRequestState Request called at 10/12/2018 9:02:06 PM   :::   21:02:06.4267661

::::::::::: PreRequestHandlerExecute Request called at 10/12/2018 9:02:06 PM   :::   21:02:06.4372769

::::::::::: ReleaseRequestState Request called at 10/12/2018 9:02:06 PM   :::   21:02:06.4447777

::::::::::: EndRequest Request called at 10/12/2018 9:02:06 PM   :::   21:02:06.4457776

::::::::::: PreSendRequestContent Request called at 10/12/2018 9:02:06 PM   :::   21:02:06.4482768

::::::::::: PreSendRequestHeaders Request called at 10/12/2018 9:02:06 PM   :::   21:02:06.4502767

::::::::::: PostReleaseRequestState Request called at 10/12/2018 9:02:06 PM   :::   21:02:06.4792780

::::::::::: ReleaseRequestState Request called at 10/12/2018 9:02:06 PM   :::   21:02:06.4817776

::::::::::: PostReleaseRequestState Request called at 10/12/2018 9:02:06 PM   :::   21:02:06.4832769

::::::::::: UpdateRequestCache Request called at 10/12/2018 9:02:06 PM   :::   21:02:06.4857780

::::::::::: EndRequest Request called at 10/12/2018 9:02:06 PM   :::   21:02:06.4872758

::::::::::: PreSendRequestContent Request called at 10/12/2018 9:02:06 PM   :::   21:02:06.4892780

::::::::::: PreSendRequestHeaders Request called at 10/12/2018 9:02:06 PM   :::   21:02:06.4907777

::::::::::: BeginRequest Request called at 10/12/2018 9:02:06 PM   :::   21:02:06.4902779

::::::::::: AuthenticateRequest Request called at 10/12/2018 9:02:06 PM   :::   21:02:06.4987790

::::::::::: EndRequest Request called at 10/12/2018 9:02:06 PM   :::   21:02:06.5132777

::::::::::: PreSendRequestContent Request called at 10/12/2018 9:02:06 PM   :::   21:02:06.5167796

::::::::::: PreSendRequestHeaders Request called at 10/12/2018 9:02:06 PM   :::   21:02:06.5207800

::::::::::: PostAuthenticateRequest Request called at 10/12/2018 9:02:06 PM   :::   21:02:06.5247785

::::::::::: BeginRequest Request called at 10/12/2018 9:02:06 PM   :::   21:02:06.5372778

::::::::::: AuthenticateRequest Request called at 10/12/2018 9:02:06 PM   :::   21:02:06.5387778

::::::::::: EndRequest Request called at 10/12/2018 9:02:06 PM   :::   21:02:06.5507777

::::::::::: PreSendRequestContent Request called at 10/12/2018 9:02:06 PM   :::   21:02:06.5527759

::::::::::: PreSendRequestHeaders Request called at 10/12/2018 9:02:06 PM   :::   21:02:06.5572782

::::::::::: PostAuthenticateRequest Request called at 10/12/2018 9:02:06 PM   :::   21:02:06.5662782

::::::::::: BeginRequest Request called at 10/12/2018 9:02:06 PM   :::   21:02:06.5817768

::::::::::: AuthenticateRequest Request called at 10/12/2018 9:02:06 PM   :::   21:02:06.6147782

::::::::::: AuthenticateRequest Request called at 10/12/2018 9:02:06 PM   :::   21:02:06.6192780

::::::::::: PostAuthenticateRequest Request called at 10/12/2018 9:02:06 PM   :::   21:02:06.6207777

::::::::::: AuthorizeRequest Request called at 10/12/2018 9:02:06 PM   :::   21:02:06.6372790

::::::::::: PostAuthorizeRequest Request called at 10/12/2018 9:02:06 PM   :::   21:02:06.6447790

::::::::::: AuthorizeRequest Request called at 10/12/2018 9:02:06 PM   :::   21:02:06.6072782

::::::::::: PostAuthorizeRequest Request called at 10/12/2018 9:02:06 PM   :::   21:02:06.6477783

::::::::::: End Request called at 10/12/2018 9:02:06 PM   :::   21:02:06.6527791

::::::::::: PostResolveRequestCache Request called at 10/12/2018 9:02:06 PM   :::   21:02:06.6627784

::::::::::: PostAuthorizeRequest Request called at 10/12/2018 9:02:06 PM   :::   21:02:06.6742773

::::::::::: End Request called at 10/12/2018 9:02:06 PM   :::   21:02:06.6787779

::::::::::: PostAuthorizeRequest Request called at 10/12/2018 9:02:06 PM   :::   21:02:06.6872766

::::::::::: End Request called at 10/12/2018 9:02:06 PM   :::   21:02:06.6907762

::::::::::: PostResolveRequestCache Request called at 10/12/2018 9:02:06 PM   :::   21:02:06.6972774

::::::::::: AcquireRequestState Request called at 10/12/2018 9:02:06 PM   :::   21:02:06.6992784

::::::::::: PostAcquireRequestState Request called at 10/12/2018 9:02:06 PM   :::   21:02:06.7147790

::::::::::: PostAcquireRequestState Request called at 10/12/2018 9:02:06 PM   :::   21:02:06.7212787

::::::::::: PreRequestHandlerExecute Request called at 10/12/2018 9:02:06 PM   :::   21:02:06.7292800

::::::::::: AcquireRequestState Request called at 10/12/2018 9:02:06 PM   :::   21:02:06.7452776

::::::::::: PostAcquireRequestState Request called at 10/12/2018 9:02:06 PM   :::   21:02:06.7472767

::::::::::: PreRequestHandlerExecute Request called at 10/12/2018 9:02:06 PM   :::   21:02:06.7512775

::::::::::: PostRequestHandlerExecute Request called at 10/12/2018 9:02:06 PM   :::   21:02:06.7677792

::::::::::: ReleaseRequestState Request called at 10/12/2018 9:02:06 PM   :::   21:02:06.7727784

::::::::::: PostReleaseRequestState Request called at 10/12/2018 9:02:06 PM   :::   21:02:06.7792785

::::::::::: UpdateRequestCache Request called at 10/12/2018 9:02:06 PM   :::   21:02:06.7817769

::::::::::: EndRequest Request called at 10/12/2018 9:02:06 PM   :::   21:02:06.7917789

::::::::::: PreSendRequestContent Request called at 10/12/2018 9:02:06 PM   :::   21:02:06.7937771

::::::::::: PreSendRequestHeaders Request called at 10/12/2018 9:02:06 PM   :::   21:02:06.7957774

::::::::::: PreRequestHandlerExecute Request called at 10/12/2018 9:02:06 PM   :::   21:02:06.8382766

::::::::::: ReleaseRequestState Request called at 10/12/2018 9:02:06 PM   :::   21:02:06.8428175

::::::::::: PostRequestHandlerExecute Request called at 10/12/2018 9:02:06 PM   :::   21:02:06.8463005

::::::::::: ReleaseRequestState Request called at 10/12/2018 9:02:06 PM   :::   21:02:06.8487791

::::::::::: PostReleaseRequestState Request called at 10/12/2018 9:02:06 PM   :::   21:02:06.8502776

::::::::::: BeginRequest Request called at 10/12/2018 9:02:06 PM   :::   21:02:06.8607770

::::::::::: AuthenticateRequest Request called at 10/12/2018 9:02:06 PM   :::   21:02:06.8927769

::::::::::: PostReleaseRequestState Request called at 10/12/2018 9:02:06 PM   :::   21:02:06.9192777

::::::::::: UpdateRequestCache Request called at 10/12/2018 9:02:06 PM   :::   21:02:06.9237796

::::::::::: EndRequest Request called at 10/12/2018 9:02:06 PM   :::   21:02:06.9262796

::::::::::: PreSendRequestContent Request called at 10/12/2018 9:02:06 PM   :::   21:02:06.9587792

::::::::::: PreSendRequestHeaders Request called at 10/12/2018 9:02:06 PM   :::   21:02:06.9857830

::::::::::: AuthorizeRequest Request called at 10/12/2018 9:02:06 PM   :::   21:02:06.9937824

::::::::::: PreSendRequestHeaders Request called at 10/12/2018 9:02:07 PM   :::   21:02:07.0047835

::::::::::: AuthenticateRequest Request called at 10/12/2018 9:02:07 PM   :::   21:02:07.0297843

::::::::::: PreSendRequestHeaders Request called at 10/12/2018 9:02:07 PM   :::   21:02:07.0497886

::::::::::: BeginRequest Request called at 10/12/2018 9:02:07 PM   :::   21:02:07.0527907

::::::::::: BeginRequest Request called at 10/12/2018 9:02:07 PM   :::   21:02:07.0638009

::::::::::: AuthenticateRequest Request called at 10/12/2018 9:02:07 PM   :::   21:02:07.0658008

::::::::::: AuthenticateRequest Request called at 10/12/2018 9:02:07 PM   :::   21:02:07.0668031

::::::::::: PostAuthenticateRequest Request called at 10/12/2018 9:02:07 PM   :::   21:02:07.0988009

::::::::::: AuthorizeRequest Request called at 10/12/2018 9:02:07 PM   :::   21:02:07.1028010

::::::::::: AuthorizeRequest Request called at 10/12/2018 9:02:07 PM   :::   21:02:07.1048009

::::::::::: PostAuthorizeRequest Request called at 10/12/2018 9:02:07 PM   :::   21:02:07.1068003

::::::::::: End Request called at 10/12/2018 9:02:07 PM   :::   21:02:07.1178026

::::::::::: PostResolveRequestCache Request called at 10/12/2018 9:02:07 PM   :::   21:02:07.1288021

::::::::::: PostResolveRequestCache Request called at 10/12/2018 9:02:07 PM   :::   21:02:07.1198025

::::::::::: AcquireRequestState Request called at 10/12/2018 9:02:07 PM   :::   21:02:07.1358044

::::::::::: PostAcquireRequestState Request called at 10/12/2018 9:02:07 PM   :::   21:02:07.1593063

::::::::::: PreRequestHandlerExecute Request called at 10/12/2018 9:02:07 PM   :::   21:02:07.1778172

::::::::::: AcquireRequestState Request called at 10/12/2018 9:02:07 PM   :::   21:02:07.1958198

::::::::::: PostRequestHandlerExecute Request called at 10/12/2018 9:02:07 PM   :::   21:02:07.2108170

::::::::::: PostAcquireRequestState Request called at 10/12/2018 9:02:07 PM   :::   21:02:07.2168169

::::::::::: ReleaseRequestState Request called at 10/12/2018 9:02:07 PM   :::   21:02:07.2218205

::::::::::: PostReleaseRequestState Request called at 10/12/2018 9:02:07 PM   :::   21:02:07.2248191

::::::::::: UpdateRequestCache Request called at 10/12/2018 9:02:07 PM   :::   21:02:07.2658324

::::::::::: EndRequest Request called at 10/12/2018 9:02:07 PM   :::   21:02:07.2708309

::::::::::: ReleaseRequestState Request called at 10/12/2018 9:02:07 PM   :::   21:02:07.2898290

::::::::::: PostReleaseRequestState Request called at 10/12/2018 9:02:07 PM   :::   21:02:07.2968292

::::::::::: UpdateRequestCache Request called at 10/12/2018 9:02:07 PM   :::   21:02:07.3178303

::::::::::: EndRequest Request called at 10/12/2018 9:02:07 PM   :::   21:02:07.3248314

::::::::::: PreSendRequestContent Request called at 10/12/2018 9:02:07 PM   :::   21:02:07.3468304

::::::::::: PreSendRequestHeaders Request called at 10/12/2018 9:02:07 PM   :::   21:02:07.3613421

::::::::::: BeginRequest Request called at 10/12/2018 9:02:07 PM   :::   21:02:07.3748535

::::::::::: AuthenticateRequest Request called at 10/12/2018 9:02:07 PM   :::   21:02:07.3798519

::::::::::: UpdateRequestCache Request called at 10/12/2018 9:02:07 PM   :::   21:02:07.3898519

::::::::::: EndRequest Request called at 10/12/2018 9:02:07 PM   :::   21:02:07.3928544

::::::::::: PreSendRequestContent Request called at 10/12/2018 9:02:07 PM   :::   21:02:07.3948527

::::::::::: PreSendRequestHeaders Request called at 10/12/2018 9:02:07 PM   :::   21:02:07.3958514

::::::::::: BeginRequest Request called at 10/12/2018 9:02:07 PM   :::   21:02:07.4148543

::::::::::: AuthenticateRequest Request called at 10/12/2018 9:02:07 PM   :::   21:02:07.4248539

::::::::::: PreSendRequestHeaders Request called at 10/12/2018 9:02:07 PM   :::   21:02:07.3533388

::::::::::: PostAuthenticateRequest Request called at 10/12/2018 9:02:07 PM   :::   21:02:07.4493644

::::::::::: PostAuthorizeRequest Request called at 10/12/2018 9:02:07 PM   :::   21:02:07.4778675

::::::::::: End Request called at 10/12/2018 9:02:07 PM   :::   21:02:07.4798705

::::::::::: AuthorizeRequest Request called at 10/12/2018 9:02:07 PM   :::   21:02:07.4838694

::::::::::: PostAuthorizeRequest Request called at 10/12/2018 9:02:07 PM   :::   21:02:07.4968739

::::::::::: End Request called at 10/12/2018 9:02:07 PM   :::   21:02:07.5038706

::::::::::: AcquireRequestState Request called at 10/12/2018 9:02:07 PM   :::   21:02:07.5118704

::::::::::: BeginRequest Request called at 10/12/2018 9:02:07 PM   :::   21:02:07.4848705

::::::::::: PostAcquireRequestState Request called at 10/12/2018 9:02:07 PM   :::   21:02:07.5208716

::::::::::: PreRequestHandlerExecute Request called at 10/12/2018 9:02:07 PM   :::   21:02:07.5398682

::::::::::: PostResolveRequestCache Request called at 10/12/2018 9:02:07 PM   :::   21:02:07.5628782

::::::::::: AcquireRequestState Request called at 10/12/2018 9:02:07 PM   :::   21:02:07.5648887

::::::::::: PostAcquireRequestState Request called at 10/12/2018 9:02:07 PM   :::   21:02:07.5698883

::::::::::: PreRequestHandlerExecute Request called at 10/12/2018 9:02:07 PM   :::   21:02:07.5808882

::::::::::: PostAcquireRequestState Request called at 10/12/2018 9:02:07 PM   :::   21:02:07.5828877

::::::::::: PostRequestHandlerExecute Request called at 10/12/2018 9:02:07 PM   :::   21:02:07.5828877

::::::::::: PostReleaseRequestState Request called at 10/12/2018 9:02:07 PM   :::   21:02:07.6188888

::::::::::: ReleaseRequestState Request called at 10/12/2018 9:02:07 PM   :::   21:02:07.6258882

::::::::::: PostReleaseRequestState Request called at 10/12/2018 9:02:07 PM   :::   21:02:07.6348875

::::::::::: AuthorizeRequest Request called at 10/12/2018 9:02:07 PM   :::   21:02:07.6488959

::::::::::: EndRequest Request called at 10/12/2018 9:02:07 PM   :::   21:02:07.6448860

::::::::::: PreSendRequestContent Request called at 10/12/2018 9:02:07 PM   :::   21:02:07.6799037

::::::::::: End Request called at 10/12/2018 9:02:07 PM   :::   21:02:07.6939034

::::::::::: PreSendRequestContent Request called at 10/12/2018 9:02:07 PM   :::   21:02:07.6979055

::::::::::: PreSendRequestHeaders Request called at 10/12/2018 9:02:07 PM   :::   21:02:07.7049037

::::::::::: AcquireRequestState Request called at 10/12/2018 9:02:07 PM   :::   21:02:07.7429047

::::::::::: PostAcquireRequestState Request called at 10/12/2018 9:02:07 PM   :::   21:02:07.7544099

::::::::::: PreRequestHandlerExecute Request called at 10/12/2018 9:02:07 PM   :::   21:02:07.7719198

::::::::::: PostAuthenticateRequest Request called at 10/12/2018 9:02:07 PM   :::   21:02:07.7949200

::::::::::: AuthorizeRequest Request called at 10/12/2018 9:02:07 PM   :::   21:02:07.8039224

::::::::::: PostAuthorizeRequest Request called at 10/12/2018 9:02:07 PM   :::   21:02:07.8089228

::::::::::: End Request called at 10/12/2018 9:02:07 PM   :::   21:02:07.8109219

::::::::::: PostResolveRequestCache Request called at 10/12/2018 9:02:07 PM   :::   21:02:07.8129225

::::::::::: AcquireRequestState Request called at 10/12/2018 9:02:07 PM   :::   21:02:07.8159211

::::::::::: PostAcquireRequestState Request called at 10/12/2018 9:02:07 PM   :::   21:02:07.8249208

::::::::::: PreRequestHandlerExecute Request called at 10/12/2018 9:02:07 PM   :::   21:02:07.8289228

::::::::::: EndRequest Request called at 10/12/2018 9:02:07 PM   :::   21:02:07.8429197

::::::::::: ReleaseRequestState Request called at 10/12/2018 9:02:07 PM   :::   21:02:07.8509282

::::::::::: PostReleaseRequestState Request called at 10/12/2018 9:02:07 PM   :::   21:02:07.8554269

::::::::::: UpdateRequestCache Request called at 10/12/2018 9:02:07 PM   :::   21:02:07.8869317

::::::::::: EndRequest Request called at 10/12/2018 9:02:07 PM   :::   21:02:07.8879344

::::::::::: PreSendRequestContent Request called at 10/12/2018 9:02:07 PM   :::   21:02:07.8919352

::::::::::: PreSendRequestHeaders Request called at 10/12/2018 9:02:07 PM   :::   21:02:07.8939347

