::::::::::: BeginRequest Request called at 11/23/2018 7:08:26 PM   :::   19:08:26.0603962

::::::::::: AuthenticateRequest Request called at 11/23/2018 7:08:26 PM   :::   19:08:26.1714140

::::::::::: PostAuthenticateRequest Request called at 11/23/2018 7:08:26 PM   :::   19:08:26.5064239

::::::::::: AuthorizeRequest Request called at 11/23/2018 7:08:26 PM   :::   19:08:26.5114231

::::::::::: PostAuthorizeRequest Request called at 11/23/2018 7:08:26 PM   :::   19:08:26.5149258

::::::::::: End Request called at 11/23/2018 7:08:26 PM   :::   19:08:26.5204232

::::::::::: PostResolveRequestCache Request called at 11/23/2018 7:08:26 PM   :::   19:08:26.5454221

::::::::::: AcquireRequestState Request called at 11/23/2018 7:08:26 PM   :::   19:08:26.5709274

::::::::::: PostAcquireRequestState Request called at 11/23/2018 7:08:26 PM   :::   19:08:26.5744242

::::::::::: PreRequestHandlerExecute Request called at 11/23/2018 7:08:26 PM   :::   19:08:26.5799235

::::::::::: PostRequestHandlerExecute Request called at 11/23/2018 7:08:27 PM   :::   19:08:27.3684228

::::::::::: ReleaseRequestState Request called at 11/23/2018 7:08:27 PM   :::   19:08:27.3709228

::::::::::: PostReleaseRequestState Request called at 11/23/2018 7:08:27 PM   :::   19:08:27.3739249

::::::::::: UpdateRequestCache Request called at 11/23/2018 7:08:27 PM   :::   19:08:27.4534237

::::::::::: EndRequest Request called at 11/23/2018 7:08:27 PM   :::   19:08:27.4569264

::::::::::: PreSendRequestContent Request called at 11/23/2018 7:08:27 PM   :::   19:08:27.4964231

::::::::::: PreSendRequestHeaders Request called at 11/23/2018 7:08:27 PM   :::   19:08:27.4979228

::::::::::: BeginRequest Request called at 11/23/2018 7:08:27 PM   :::   19:08:27.7664673

::::::::::: AuthenticateRequest Request called at 11/23/2018 7:08:27 PM   :::   19:08:27.7694678

::::::::::: PostAuthenticateRequest Request called at 11/23/2018 7:08:27 PM   :::   19:08:27.7744816

::::::::::: BeginRequest Request called at 11/23/2018 7:08:27 PM   :::   19:08:27.7849771

::::::::::: AuthenticateRequest Request called at 11/23/2018 7:08:27 PM   :::   19:08:27.7869769

::::::::::: AuthorizeRequest Request called at 11/23/2018 7:08:27 PM   :::   19:08:27.7889748

::::::::::: PostAuthorizeRequest Request called at 11/23/2018 7:08:27 PM   :::   19:08:27.7919809

::::::::::: End Request called at 11/23/2018 7:08:27 PM   :::   19:08:27.7939760

::::::::::: PostResolveRequestCache Request called at 11/23/2018 7:08:27 PM   :::   19:08:27.7959746

::::::::::: AcquireRequestState Request called at 11/23/2018 7:08:27 PM   :::   19:08:27.7979745

::::::::::: PostAcquireRequestState Request called at 11/23/2018 7:08:27 PM   :::   19:08:27.7989760

::::::::::: PreRequestHandlerExecute Request called at 11/23/2018 7:08:27 PM   :::   19:08:27.8009754

::::::::::: PostRequestHandlerExecute Request called at 11/23/2018 7:08:27 PM   :::   19:08:27.8049759

::::::::::: ReleaseRequestState Request called at 11/23/2018 7:08:27 PM   :::   19:08:27.8069769

::::::::::: PostReleaseRequestState Request called at 11/23/2018 7:08:27 PM   :::   19:08:27.8119758

::::::::::: UpdateRequestCache Request called at 11/23/2018 7:08:27 PM   :::   19:08:27.8139760

::::::::::: EndRequest Request called at 11/23/2018 7:08:27 PM   :::   19:08:27.8439756

::::::::::: PreSendRequestContent Request called at 11/23/2018 7:08:27 PM   :::   19:08:27.8459755

::::::::::: PreSendRequestHeaders Request called at 11/23/2018 7:08:27 PM   :::   19:08:27.8469754

::::::::::: AuthorizeRequest Request called at 11/23/2018 7:08:27 PM   :::   19:08:27.8664871

::::::::::: PostAuthorizeRequest Request called at 11/23/2018 7:08:27 PM   :::   19:08:27.8689855

::::::::::: End Request called at 11/23/2018 7:08:27 PM   :::   19:08:27.8704852

::::::::::: PostResolveRequestCache Request called at 11/23/2018 7:08:27 PM   :::   19:08:27.8724843

::::::::::: AcquireRequestState Request called at 11/23/2018 7:08:27 PM   :::   19:08:27.8744845

::::::::::: PostAcquireRequestState Request called at 11/23/2018 7:08:27 PM   :::   19:08:27.8770011

::::::::::: PreRequestHandlerExecute Request called at 11/23/2018 7:08:27 PM   :::   19:08:27.8789954

::::::::::: PostRequestHandlerExecute Request called at 11/23/2018 7:08:27 PM   :::   19:08:27.8819964

::::::::::: ReleaseRequestState Request called at 11/23/2018 7:08:27 PM   :::   19:08:27.8839958

::::::::::: PostReleaseRequestState Request called at 11/23/2018 7:08:27 PM   :::   19:08:27.8859945

::::::::::: UpdateRequestCache Request called at 11/23/2018 7:08:27 PM   :::   19:08:27.8869952

::::::::::: EndRequest Request called at 11/23/2018 7:08:27 PM   :::   19:08:27.8899969

::::::::::: PreSendRequestContent Request called at 11/23/2018 7:08:27 PM   :::   19:08:27.8939958

::::::::::: PreSendRequestHeaders Request called at 11/23/2018 7:08:27 PM   :::   19:08:27.8959961

::::::::::: BeginRequest Request called at 11/23/2018 7:08:27 PM   :::   19:08:27.9499966

::::::::::: AuthenticateRequest Request called at 11/23/2018 7:08:27 PM   :::   19:08:27.9509973

::::::::::: PostAuthenticateRequest Request called at 11/23/2018 7:08:27 PM   :::   19:08:27.9640145

::::::::::: AuthorizeRequest Request called at 11/23/2018 7:08:27 PM   :::   19:08:27.9735147

::::::::::: PostAuthorizeRequest Request called at 11/23/2018 7:08:27 PM   :::   19:08:27.9800274

::::::::::: End Request called at 11/23/2018 7:08:27 PM   :::   19:08:27.9860285

::::::::::: PostResolveRequestCache Request called at 11/23/2018 7:08:27 PM   :::   19:08:27.9880268

::::::::::: AcquireRequestState Request called at 11/23/2018 7:08:27 PM   :::   19:08:27.9900263

::::::::::: PostAcquireRequestState Request called at 11/23/2018 7:08:27 PM   :::   19:08:27.9920297

::::::::::: PreRequestHandlerExecute Request called at 11/23/2018 7:08:27 PM   :::   19:08:27.9940291

::::::::::: PostRequestHandlerExecute Request called at 11/23/2018 7:08:27 PM   :::   19:08:27.9960278

::::::::::: ReleaseRequestState Request called at 11/23/2018 7:08:27 PM   :::   19:08:27.9980288

::::::::::: PostReleaseRequestState Request called at 11/23/2018 7:08:28 PM   :::   19:08:28.0000271

::::::::::: BeginRequest Request called at 11/23/2018 7:08:28 PM   :::   19:08:28.0040299

::::::::::: AuthenticateRequest Request called at 11/23/2018 7:08:28 PM   :::   19:08:28.0060290

::::::::::: PostAuthenticateRequest Request called at 11/23/2018 7:08:28 PM   :::   19:08:28.0160278

::::::::::: UpdateRequestCache Request called at 11/23/2018 7:08:28 PM   :::   19:08:28.0280272

::::::::::: EndRequest Request called at 11/23/2018 7:08:28 PM   :::   19:08:28.0310270

::::::::::: PreSendRequestContent Request called at 11/23/2018 7:08:28 PM   :::   19:08:28.0330273

::::::::::: PreSendRequestHeaders Request called at 11/23/2018 7:08:28 PM   :::   19:08:28.0350291

::::::::::: AuthorizeRequest Request called at 11/23/2018 7:08:28 PM   :::   19:08:28.0595483

::::::::::: PostAuthorizeRequest Request called at 11/23/2018 7:08:28 PM   :::   19:08:28.0621466

::::::::::: End Request called at 11/23/2018 7:08:28 PM   :::   19:08:28.0705486

::::::::::: PostResolveRequestCache Request called at 11/23/2018 7:08:28 PM   :::   19:08:28.0740541

::::::::::: PostAuthorizeRequest Request called at 11/23/2018 7:08:28 PM   :::   19:08:28.1110599

::::::::::: End Request called at 11/23/2018 7:08:28 PM   :::   19:08:28.1140592

::::::::::: PostAcquireRequestState Request called at 11/23/2018 7:08:28 PM   :::   19:08:28.1340605

::::::::::: PreRequestHandlerExecute Request called at 11/23/2018 7:08:28 PM   :::   19:08:28.1430712

::::::::::: AcquireRequestState Request called at 11/23/2018 7:08:28 PM   :::   19:08:28.1510619

::::::::::: PostAcquireRequestState Request called at 11/23/2018 7:08:28 PM   :::   19:08:28.1605748

::::::::::: PreRequestHandlerExecute Request called at 11/23/2018 7:08:28 PM   :::   19:08:28.1680728

::::::::::: PostReleaseRequestState Request called at 11/23/2018 7:08:28 PM   :::   19:08:28.1820859

::::::::::: UpdateRequestCache Request called at 11/23/2018 7:08:28 PM   :::   19:08:28.1890830

::::::::::: EndRequest Request called at 11/23/2018 7:08:28 PM   :::   19:08:28.2020844

::::::::::: PreSendRequestContent Request called at 11/23/2018 7:08:28 PM   :::   19:08:28.2130835

::::::::::: PreSendRequestHeaders Request called at 11/23/2018 7:08:28 PM   :::   19:08:28.2290839

::::::::::: EndRequest Request called at 11/23/2018 7:08:28 PM   :::   19:08:28.2460837

::::::::::: PreSendRequestContent Request called at 11/23/2018 7:08:28 PM   :::   19:08:28.2480824

::::::::::: PreSendRequestHeaders Request called at 11/23/2018 7:08:28 PM   :::   19:08:28.2500838

::::::::::: BeginRequest Request called at 11/23/2018 7:08:28 PM   :::   19:08:28.8916877

::::::::::: AuthenticateRequest Request called at 11/23/2018 7:08:28 PM   :::   19:08:28.8936852

::::::::::: PostAuthenticateRequest Request called at 11/23/2018 7:08:28 PM   :::   19:08:28.8961966

::::::::::: AuthorizeRequest Request called at 11/23/2018 7:08:28 PM   :::   19:08:28.9431997

::::::::::: PostAuthorizeRequest Request called at 11/23/2018 7:08:28 PM   :::   19:08:28.9441952

::::::::::: End Request called at 11/23/2018 7:08:28 PM   :::   19:08:28.9461943

::::::::::: PostResolveRequestCache Request called at 11/23/2018 7:08:28 PM   :::   19:08:28.9471993

::::::::::: AcquireRequestState Request called at 11/23/2018 7:08:28 PM   :::   19:08:28.9481953

::::::::::: PostAcquireRequestState Request called at 11/23/2018 7:08:28 PM   :::   19:08:28.9491956

::::::::::: PreRequestHandlerExecute Request called at 11/23/2018 7:08:28 PM   :::   19:08:28.9511986

::::::::::: PostRequestHandlerExecute Request called at 11/23/2018 7:08:28 PM   :::   19:08:28.9521990

::::::::::: ReleaseRequestState Request called at 11/23/2018 7:08:28 PM   :::   19:08:28.9541949

::::::::::: PostReleaseRequestState Request called at 11/23/2018 7:08:28 PM   :::   19:08:28.9551952

::::::::::: UpdateRequestCache Request called at 11/23/2018 7:08:28 PM   :::   19:08:28.9571946

::::::::::: EndRequest Request called at 11/23/2018 7:08:28 PM   :::   19:08:28.9581989

::::::::::: PreSendRequestContent Request called at 11/23/2018 7:08:28 PM   :::   19:08:28.9601956

::::::::::: PreSendRequestHeaders Request called at 11/23/2018 7:08:28 PM   :::   19:08:28.9611998

::::::::::: BeginRequest Request called at 11/23/2018 7:08:30 PM   :::   19:08:30.2012041

::::::::::: AuthenticateRequest Request called at 11/23/2018 7:08:30 PM   :::   19:08:30.2032079

::::::::::: PostAuthenticateRequest Request called at 11/23/2018 7:08:30 PM   :::   19:08:30.2072107

::::::::::: AuthorizeRequest Request called at 11/23/2018 7:08:30 PM   :::   19:08:30.2102077

::::::::::: PostAuthorizeRequest Request called at 11/23/2018 7:08:30 PM   :::   19:08:30.2122277

::::::::::: End Request called at 11/23/2018 7:08:30 PM   :::   19:08:30.2132039

::::::::::: PostResolveRequestCache Request called at 11/23/2018 7:08:30 PM   :::   19:08:30.2152053

::::::::::: AcquireRequestState Request called at 11/23/2018 7:08:30 PM   :::   19:08:30.2162029

::::::::::: PostAcquireRequestState Request called at 11/23/2018 7:08:30 PM   :::   19:08:30.2172091

::::::::::: PreRequestHandlerExecute Request called at 11/23/2018 7:08:30 PM   :::   19:08:30.2192035

::::::::::: Error Request called at 11/23/2018 7:08:30 PM   :::   19:08:30.2272020

::::::::::: EndRequest Request called at 11/23/2018 7:08:30 PM   :::   19:08:30.2352022

::::::::::: PreSendRequestContent Request called at 11/23/2018 7:08:30 PM   :::   19:08:30.2372044

::::::::::: PreSendRequestHeaders Request called at 11/23/2018 7:08:30 PM   :::   19:08:30.2392098

::::::::::: BeginRequest Request called at 11/23/2018 7:08:33 PM   :::   19:08:33.1429820

::::::::::: AuthenticateRequest Request called at 11/23/2018 7:08:33 PM   :::   19:08:33.1449806

::::::::::: PostAuthenticateRequest Request called at 11/23/2018 7:08:33 PM   :::   19:08:33.1509814

::::::::::: AuthorizeRequest Request called at 11/23/2018 7:08:33 PM   :::   19:08:33.1529820

::::::::::: PostAuthorizeRequest Request called at 11/23/2018 7:08:33 PM   :::   19:08:33.1549822

::::::::::: End Request called at 11/23/2018 7:08:33 PM   :::   19:08:33.1569817

::::::::::: PostResolveRequestCache Request called at 11/23/2018 7:08:33 PM   :::   19:08:33.1599818

::::::::::: AcquireRequestState Request called at 11/23/2018 7:08:33 PM   :::   19:08:33.1619841

::::::::::: PostAcquireRequestState Request called at 11/23/2018 7:08:33 PM   :::   19:08:33.1689847

::::::::::: PreRequestHandlerExecute Request called at 11/23/2018 7:08:33 PM   :::   19:08:33.1699850

::::::::::: PostRequestHandlerExecute Request called at 11/23/2018 7:08:33 PM   :::   19:08:33.2955299

::::::::::: ReleaseRequestState Request called at 11/23/2018 7:08:33 PM   :::   19:08:33.2985234

::::::::::: PostReleaseRequestState Request called at 11/23/2018 7:08:33 PM   :::   19:08:33.3030580

::::::::::: UpdateRequestCache Request called at 11/23/2018 7:08:33 PM   :::   19:08:33.3060609

::::::::::: EndRequest Request called at 11/23/2018 7:08:33 PM   :::   19:08:33.3075582

::::::::::: PreSendRequestContent Request called at 11/23/2018 7:08:33 PM   :::   19:08:33.3085570

::::::::::: PreSendRequestHeaders Request called at 11/23/2018 7:08:33 PM   :::   19:08:33.3100566

