::::::::::: BeginRequest Request called at 10/8/2018 10:33:17 PM   :::   22:33:17.0662832

::::::::::: AuthenticateRequest Request called at 10/8/2018 10:33:17 PM   :::   22:33:17.0812919

::::::::::: PostAuthenticateRequest Request called at 10/8/2018 10:33:17 PM   :::   22:33:17.2923317

::::::::::: AuthorizeRequest Request called at 10/8/2018 10:33:17 PM   :::   22:33:17.2958313

::::::::::: PostAuthorizeRequest Request called at 10/8/2018 10:33:17 PM   :::   22:33:17.2978319

::::::::::: End Request called at 10/8/2018 10:33:17 PM   :::   22:33:17.2998341

::::::::::: PostResolveRequestCache Request called at 10/8/2018 10:33:17 PM   :::   22:33:17.4463315

::::::::::: AcquireRequestState Request called at 10/8/2018 10:33:17 PM   :::   22:33:17.4513315

::::::::::: PostAcquireRequestState Request called at 10/8/2018 10:33:17 PM   :::   22:33:17.4538307

::::::::::: PreRequestHandlerExecute Request called at 10/8/2018 10:33:17 PM   :::   22:33:17.4553308

::::::::::: BeginRequest Request called at 10/8/2018 10:33:17 PM   :::   22:33:17.5278328

::::::::::: AuthenticateRequest Request called at 10/8/2018 10:33:17 PM   :::   22:33:17.5378340

::::::::::: PostAuthenticateRequest Request called at 10/8/2018 10:33:17 PM   :::   22:33:17.5423350

::::::::::: AuthorizeRequest Request called at 10/8/2018 10:33:17 PM   :::   22:33:17.5448330

::::::::::: PostAuthorizeRequest Request called at 10/8/2018 10:33:17 PM   :::   22:33:17.5468337

::::::::::: End Request called at 10/8/2018 10:33:17 PM   :::   22:33:17.5483337

::::::::::: PostResolveRequestCache Request called at 10/8/2018 10:33:17 PM   :::   22:33:17.5653316

::::::::::: AcquireRequestState Request called at 10/8/2018 10:33:17 PM   :::   22:33:17.5848342

::::::::::: PostAcquireRequestState Request called at 10/8/2018 10:33:17 PM   :::   22:33:17.5988327

::::::::::: PreRequestHandlerExecute Request called at 10/8/2018 10:33:17 PM   :::   22:33:17.6088320

::::::::::: PostRequestHandlerExecute Request called at 10/8/2018 10:33:21 PM   :::   22:33:21.7439603

::::::::::: ReleaseRequestState Request called at 10/8/2018 10:33:21 PM   :::   22:33:21.7449555

::::::::::: PostReleaseRequestState Request called at 10/8/2018 10:33:21 PM   :::   22:33:21.7489568

::::::::::: UpdateRequestCache Request called at 10/8/2018 10:33:21 PM   :::   22:33:21.7929533

::::::::::: EndRequest Request called at 10/8/2018 10:33:21 PM   :::   22:33:21.7949555

::::::::::: PreSendRequestContent Request called at 10/8/2018 10:33:21 PM   :::   22:33:21.8119554

::::::::::: PreSendRequestHeaders Request called at 10/8/2018 10:33:21 PM   :::   22:33:21.8129561

::::::::::: BeginRequest Request called at 10/8/2018 10:33:21 PM   :::   22:33:21.8509756

::::::::::: AuthenticateRequest Request called at 10/8/2018 10:33:21 PM   :::   22:33:21.8539777

::::::::::: PostAuthenticateRequest Request called at 10/8/2018 10:33:21 PM   :::   22:33:21.8549780

::::::::::: BeginRequest Request called at 10/8/2018 10:33:21 PM   :::   22:33:21.8649796

::::::::::: AuthorizeRequest Request called at 10/8/2018 10:33:21 PM   :::   22:33:21.8799776

::::::::::: UpdateRequestCache Request called at 10/8/2018 10:33:21 PM   :::   22:33:21.8939797

::::::::::: PostResolveRequestCache Request called at 10/8/2018 10:33:21 PM   :::   22:33:21.8959772

::::::::::: PreRequestHandlerExecute Request called at 10/8/2018 10:33:21 PM   :::   22:33:21.9029782

::::::::::: PostAcquireRequestState Request called at 10/8/2018 10:33:21 PM   :::   22:33:21.9039773

::::::::::: PreRequestHandlerExecute Request called at 10/8/2018 10:33:21 PM   :::   22:33:21.9089754

::::::::::: AuthenticateRequest Request called at 10/8/2018 10:33:21 PM   :::   22:33:21.9119767

::::::::::: PostAuthenticateRequest Request called at 10/8/2018 10:33:21 PM   :::   22:33:21.9179782

::::::::::: EndRequest Request called at 10/8/2018 10:33:21 PM   :::   22:33:21.9199777

::::::::::: ReleaseRequestState Request called at 10/8/2018 10:33:21 PM   :::   22:33:21.9219771

::::::::::: PostReleaseRequestState Request called at 10/8/2018 10:33:21 PM   :::   22:33:21.9424864

::::::::::: BeginRequest Request called at 10/8/2018 10:33:21 PM   :::   22:33:21.9444870

::::::::::: AuthenticateRequest Request called at 10/8/2018 10:33:21 PM   :::   22:33:21.9694870

::::::::::: PostAuthenticateRequest Request called at 10/8/2018 10:33:21 PM   :::   22:33:21.9714880

::::::::::: End Request called at 10/8/2018 10:33:21 PM   :::   22:33:21.9874852

::::::::::: PostResolveRequestCache Request called at 10/8/2018 10:33:21 PM   :::   22:33:21.9894870

::::::::::: AcquireRequestState Request called at 10/8/2018 10:33:22 PM   :::   22:33:22.0109867

::::::::::: PreRequestHandlerExecute Request called at 10/8/2018 10:33:22 PM   :::   22:33:22.0269870

::::::::::: PostRequestHandlerExecute Request called at 10/8/2018 10:33:22 PM   :::   22:33:22.0979858

::::::::::: PostResolveRequestCache Request called at 10/8/2018 10:33:22 PM   :::   22:33:22.1194863

::::::::::: End Request called at 10/8/2018 10:33:22 PM   :::   22:33:22.1209871

::::::::::: PostAcquireRequestState Request called at 10/8/2018 10:33:22 PM   :::   22:33:22.1224876

::::::::::: PostAcquireRequestState Request called at 10/8/2018 10:33:22 PM   :::   22:33:22.1244859

::::::::::: UpdateRequestCache Request called at 10/8/2018 10:33:22 PM   :::   22:33:22.1554874

::::::::::: End Request called at 10/8/2018 10:33:22 PM   :::   22:33:22.1884872

::::::::::: PostResolveRequestCache Request called at 10/8/2018 10:33:22 PM   :::   22:33:22.2289865

::::::::::: End Request called at 10/8/2018 10:33:22 PM   :::   22:33:22.2449853

::::::::::: PostReleaseRequestState Request called at 10/8/2018 10:33:22 PM   :::   22:33:22.2504862

::::::::::: UpdateRequestCache Request called at 10/8/2018 10:33:22 PM   :::   22:33:22.2669871

::::::::::: EndRequest Request called at 10/8/2018 10:33:22 PM   :::   22:33:22.2684864

::::::::::: PreSendRequestContent Request called at 10/8/2018 10:33:22 PM   :::   22:33:22.2699869

::::::::::: PreSendRequestHeaders Request called at 10/8/2018 10:33:22 PM   :::   22:33:22.2714866

::::::::::: End Request called at 10/8/2018 10:33:22 PM   :::   22:33:22.2539862

::::::::::: PostAcquireRequestState Request called at 10/8/2018 10:33:22 PM   :::   22:33:22.2909864

::::::::::: AuthorizeRequest Request called at 10/8/2018 10:33:22 PM   :::   22:33:22.3199865

::::::::::: AuthenticateRequest Request called at 10/8/2018 10:33:22 PM   :::   22:33:22.3214866

::::::::::: PostResolveRequestCache Request called at 10/8/2018 10:33:22 PM   :::   22:33:22.3234864

::::::::::: AcquireRequestState Request called at 10/8/2018 10:33:22 PM   :::   22:33:22.3259848

::::::::::: PostAcquireRequestState Request called at 10/8/2018 10:33:22 PM   :::   22:33:22.3274861

::::::::::: PreRequestHandlerExecute Request called at 10/8/2018 10:33:22 PM   :::   22:33:22.3474853

::::::::::: PostRequestHandlerExecute Request called at 10/8/2018 10:33:22 PM   :::   22:33:22.3499861

::::::::::: ReleaseRequestState Request called at 10/8/2018 10:33:22 PM   :::   22:33:22.3519860

::::::::::: PostReleaseRequestState Request called at 10/8/2018 10:33:22 PM   :::   22:33:22.3539854

::::::::::: PostAuthorizeRequest Request called at 10/8/2018 10:33:22 PM   :::   22:33:22.3555163

::::::::::: End Request called at 10/8/2018 10:33:22 PM   :::   22:33:22.3599877

::::::::::: UpdateRequestCache Request called at 10/8/2018 10:33:22 PM   :::   22:33:22.3619872

::::::::::: EndRequest Request called at 10/8/2018 10:33:22 PM   :::   22:33:22.3634868

::::::::::: PreSendRequestContent Request called at 10/8/2018 10:33:22 PM   :::   22:33:22.3654863

::::::::::: ReleaseRequestState Request called at 10/8/2018 10:33:22 PM   :::   22:33:22.3664858

::::::::::: PostReleaseRequestState Request called at 10/8/2018 10:33:22 PM   :::   22:33:22.3679871

::::::::::: AuthorizeRequest Request called at 10/8/2018 10:33:22 PM   :::   22:33:22.3704871

::::::::::: UpdateRequestCache Request called at 10/8/2018 10:33:22 PM   :::   22:33:22.3879839

::::::::::: EndRequest Request called at 10/8/2018 10:33:22 PM   :::   22:33:22.3964882

::::::::::: PreSendRequestContent Request called at 10/8/2018 10:33:22 PM   :::   22:33:22.4239882

::::::::::: PreSendRequestHeaders Request called at 10/8/2018 10:33:22 PM   :::   22:33:22.4259873

::::::::::: AuthorizeRequest Request called at 10/8/2018 10:33:22 PM   :::   22:33:22.4309845

::::::::::: End Request called at 10/8/2018 10:33:22 PM   :::   22:33:22.4604871

::::::::::: PostResolveRequestCache Request called at 10/8/2018 10:33:22 PM   :::   22:33:22.5364855

::::::::::: AuthorizeRequest Request called at 10/8/2018 10:33:22 PM   :::   22:33:22.5584889

::::::::::: PostAcquireRequestState Request called at 10/8/2018 10:33:22 PM   :::   22:33:22.5654860

::::::::::: PreRequestHandlerExecute Request called at 10/8/2018 10:33:22 PM   :::   22:33:22.5669876

::::::::::: PostRequestHandlerExecute Request called at 10/8/2018 10:33:22 PM   :::   22:33:22.5709873

::::::::::: ReleaseRequestState Request called at 10/8/2018 10:33:22 PM   :::   22:33:22.5719872

::::::::::: PostReleaseRequestState Request called at 10/8/2018 10:33:22 PM   :::   22:33:22.6239863

::::::::::: PostResolveRequestCache Request called at 10/8/2018 10:33:22 PM   :::   22:33:22.6254876

::::::::::: AcquireRequestState Request called at 10/8/2018 10:33:22 PM   :::   22:33:22.6279876

::::::::::: EndRequest Request called at 10/8/2018 10:33:22 PM   :::   22:33:22.6299862

::::::::::: PreSendRequestContent Request called at 10/8/2018 10:33:22 PM   :::   22:33:22.6744849

::::::::::: PreSendRequestHeaders Request called at 10/8/2018 10:33:22 PM   :::   22:33:22.6809862

::::::::::: PreRequestHandlerExecute Request called at 10/8/2018 10:33:22 PM   :::   22:33:22.6804864

::::::::::: PostRequestHandlerExecute Request called at 10/8/2018 10:33:22 PM   :::   22:33:22.7074867

::::::::::: ReleaseRequestState Request called at 10/8/2018 10:33:22 PM   :::   22:33:22.7304856

::::::::::: UpdateRequestCache Request called at 10/8/2018 10:33:22 PM   :::   22:33:22.7879853

::::::::::: EndRequest Request called at 10/8/2018 10:33:22 PM   :::   22:33:22.7899859

::::::::::: AuthorizeRequest Request called at 10/8/2018 10:33:22 PM   :::   22:33:22.7914876

::::::::::: PostAuthorizeRequest Request called at 10/8/2018 10:33:22 PM   :::   22:33:22.8499847

::::::::::: End Request called at 10/8/2018 10:33:22 PM   :::   22:33:22.9074856

::::::::::: PostResolveRequestCache Request called at 10/8/2018 10:33:22 PM   :::   22:33:22.9099883

::::::::::: AcquireRequestState Request called at 10/8/2018 10:33:22 PM   :::   22:33:22.9124863

::::::::::: PostAcquireRequestState Request called at 10/8/2018 10:33:22 PM   :::   22:33:22.9139860

::::::::::: PreRequestHandlerExecute Request called at 10/8/2018 10:33:22 PM   :::   22:33:22.9164860

::::::::::: PostRequestHandlerExecute Request called at 10/8/2018 10:33:22 PM   :::   22:33:22.9204877

::::::::::: PreSendRequestHeaders Request called at 10/8/2018 10:33:22 PM   :::   22:33:22.9509867

::::::::::: UpdateRequestCache Request called at 10/8/2018 10:33:23 PM   :::   22:33:23.0254869

::::::::::: BeginRequest Request called at 10/8/2018 10:33:23 PM   :::   22:33:23.0299868

::::::::::: AuthenticateRequest Request called at 10/8/2018 10:33:23 PM   :::   22:33:23.0599884

::::::::::: AcquireRequestState Request called at 10/8/2018 10:33:23 PM   :::   22:33:23.0984867

::::::::::: AcquireRequestState Request called at 10/8/2018 10:33:23 PM   :::   22:33:23.1634868

::::::::::: PostRequestHandlerExecute Request called at 10/8/2018 10:33:23 PM   :::   22:33:23.1659868

::::::::::: PreRequestHandlerExecute Request called at 10/8/2018 10:33:23 PM   :::   22:33:23.1674884

::::::::::: PostRequestHandlerExecute Request called at 10/8/2018 10:33:23 PM   :::   22:33:23.2254862

::::::::::: ReleaseRequestState Request called at 10/8/2018 10:33:23 PM   :::   22:33:23.2279866

::::::::::: PostRequestHandlerExecute Request called at 10/8/2018 10:33:23 PM   :::   22:33:23.2309856

::::::::::: ReleaseRequestState Request called at 10/8/2018 10:33:23 PM   :::   22:33:23.2759864

::::::::::: PostReleaseRequestState Request called at 10/8/2018 10:33:23 PM   :::   22:33:23.3009864

::::::::::: BeginRequest Request called at 10/8/2018 10:33:23 PM   :::   22:33:23.3139878

::::::::::: AuthenticateRequest Request called at 10/8/2018 10:33:23 PM   :::   22:33:23.3504867

::::::::::: PostAuthenticateRequest Request called at 10/8/2018 10:33:23 PM   :::   22:33:23.3524869

::::::::::: BeginRequest Request called at 10/8/2018 10:33:23 PM   :::   22:33:23.4039874

::::::::::: AuthenticateRequest Request called at 10/8/2018 10:33:23 PM   :::   22:33:23.4089858

::::::::::: PostAuthenticateRequest Request called at 10/8/2018 10:33:23 PM   :::   22:33:23.4114870

::::::::::: AuthorizeRequest Request called at 10/8/2018 10:33:23 PM   :::   22:33:23.4164890

::::::::::: PostAuthorizeRequest Request called at 10/8/2018 10:33:23 PM   :::   22:33:23.4184884

::::::::::: BeginRequest Request called at 10/8/2018 10:33:23 PM   :::   22:33:23.4829848

::::::::::: PostResolveRequestCache Request called at 10/8/2018 10:33:23 PM   :::   22:33:23.4844860

::::::::::: PostAuthenticateRequest Request called at 10/8/2018 10:33:23 PM   :::   22:33:23.4854863

::::::::::: AuthorizeRequest Request called at 10/8/2018 10:33:23 PM   :::   22:33:23.4824866

::::::::::: PostAuthorizeRequest Request called at 10/8/2018 10:33:23 PM   :::   22:33:23.5164855

::::::::::: PostAuthorizeRequest Request called at 10/8/2018 10:33:23 PM   :::   22:33:23.5394868

::::::::::: PostResolveRequestCache Request called at 10/8/2018 10:33:23 PM   :::   22:33:23.5404871

::::::::::: PostResolveRequestCache Request called at 10/8/2018 10:33:23 PM   :::   22:33:23.5419864

::::::::::: PostAcquireRequestState Request called at 10/8/2018 10:33:23 PM   :::   22:33:23.5429864

::::::::::: PreRequestHandlerExecute Request called at 10/8/2018 10:33:23 PM   :::   22:33:23.5879864

::::::::::: PostRequestHandlerExecute Request called at 10/8/2018 10:33:23 PM   :::   22:33:23.6219873

::::::::::: ReleaseRequestState Request called at 10/8/2018 10:33:23 PM   :::   22:33:23.6249870

::::::::::: PreSendRequestContent Request called at 10/8/2018 10:33:23 PM   :::   22:33:23.6609866

::::::::::: PreSendRequestHeaders Request called at 10/8/2018 10:33:23 PM   :::   22:33:23.6624862

::::::::::: UpdateRequestCache Request called at 10/8/2018 10:33:23 PM   :::   22:33:23.6674855

::::::::::: EndRequest Request called at 10/8/2018 10:33:23 PM   :::   22:33:23.6689855

::::::::::: PreSendRequestContent Request called at 10/8/2018 10:33:23 PM   :::   22:33:23.6704856

::::::::::: UpdateRequestCache Request called at 10/8/2018 10:33:23 PM   :::   22:33:23.6719857

::::::::::: EndRequest Request called at 10/8/2018 10:33:23 PM   :::   22:33:23.7054872

::::::::::: PreSendRequestContent Request called at 10/8/2018 10:33:23 PM   :::   22:33:23.7169865

::::::::::: AuthorizeRequest Request called at 10/8/2018 10:33:23 PM   :::   22:33:23.7219893

::::::::::: PreSendRequestHeaders Request called at 10/8/2018 10:33:23 PM   :::   22:33:23.7229876

::::::::::: End Request called at 10/8/2018 10:33:23 PM   :::   22:33:23.7249859

::::::::::: PostResolveRequestCache Request called at 10/8/2018 10:33:23 PM   :::   22:33:23.7824867

::::::::::: AcquireRequestState Request called at 10/8/2018 10:33:23 PM   :::   22:33:23.8229857

::::::::::: AcquireRequestState Request called at 10/8/2018 10:33:23 PM   :::   22:33:23.8484870

::::::::::: PostAcquireRequestState Request called at 10/8/2018 10:33:23 PM   :::   22:33:23.8509858

::::::::::: PreRequestHandlerExecute Request called at 10/8/2018 10:33:23 PM   :::   22:33:23.8534882

::::::::::: EndRequest Request called at 10/8/2018 10:33:23 PM   :::   22:33:23.8619862

::::::::::: AuthorizeRequest Request called at 10/8/2018 10:33:23 PM   :::   22:33:23.8909863

::::::::::: PreSendRequestContent Request called at 10/8/2018 10:33:23 PM   :::   22:33:23.8944870

::::::::::: PostRequestHandlerExecute Request called at 10/8/2018 10:33:23 PM   :::   22:33:23.9029904

::::::::::: PreSendRequestHeaders Request called at 10/8/2018 10:33:23 PM   :::   22:33:23.9029904

::::::::::: UpdateRequestCache Request called at 10/8/2018 10:33:23 PM   :::   22:33:23.9179881

::::::::::: EndRequest Request called at 10/8/2018 10:33:23 PM   :::   22:33:23.9199863

::::::::::: PreSendRequestContent Request called at 10/8/2018 10:33:23 PM   :::   22:33:23.9214872

::::::::::: PreSendRequestHeaders Request called at 10/8/2018 10:33:23 PM   :::   22:33:23.9234871

::::::::::: BeginRequest Request called at 10/8/2018 10:33:24 PM   :::   22:33:24.2574869

::::::::::: AuthenticateRequest Request called at 10/8/2018 10:33:24 PM   :::   22:33:24.2589873

::::::::::: PostAuthenticateRequest Request called at 10/8/2018 10:33:24 PM   :::   22:33:24.2614873

::::::::::: AuthorizeRequest Request called at 10/8/2018 10:33:24 PM   :::   22:33:24.2664881

::::::::::: PostAuthorizeRequest Request called at 10/8/2018 10:33:24 PM   :::   22:33:24.2684856

::::::::::: End Request called at 10/8/2018 10:33:24 PM   :::   22:33:24.2699877

::::::::::: PostResolveRequestCache Request called at 10/8/2018 10:33:24 PM   :::   22:33:24.2724889

::::::::::: AcquireRequestState Request called at 10/8/2018 10:33:24 PM   :::   22:33:24.2739858

::::::::::: PostAcquireRequestState Request called at 10/8/2018 10:33:24 PM   :::   22:33:24.2759860

::::::::::: PreRequestHandlerExecute Request called at 10/8/2018 10:33:24 PM   :::   22:33:24.2784884

::::::::::: PostRequestHandlerExecute Request called at 10/8/2018 10:33:24 PM   :::   22:33:24.2804886

::::::::::: ReleaseRequestState Request called at 10/8/2018 10:33:24 PM   :::   22:33:24.2819875

::::::::::: PostReleaseRequestState Request called at 10/8/2018 10:33:24 PM   :::   22:33:24.2839889

::::::::::: UpdateRequestCache Request called at 10/8/2018 10:33:24 PM   :::   22:33:24.2854894

::::::::::: EndRequest Request called at 10/8/2018 10:33:24 PM   :::   22:33:24.2869871

::::::::::: PreSendRequestContent Request called at 10/8/2018 10:33:24 PM   :::   22:33:24.2894911

::::::::::: PreSendRequestHeaders Request called at 10/8/2018 10:33:24 PM   :::   22:33:24.2909892

::::::::::: BeginRequest Request called at 10/8/2018 10:33:24 PM   :::   22:33:24.3039874

::::::::::: AuthenticateRequest Request called at 10/8/2018 10:33:24 PM   :::   22:33:24.3054874

::::::::::: PostAuthenticateRequest Request called at 10/8/2018 10:33:24 PM   :::   22:33:24.3074885

::::::::::: AuthorizeRequest Request called at 10/8/2018 10:33:24 PM   :::   22:33:24.3119883

::::::::::: PostAuthorizeRequest Request called at 10/8/2018 10:33:24 PM   :::   22:33:24.3134888

::::::::::: End Request called at 10/8/2018 10:33:24 PM   :::   22:33:24.3154863

::::::::::: PostResolveRequestCache Request called at 10/8/2018 10:33:24 PM   :::   22:33:24.3169879

::::::::::: AcquireRequestState Request called at 10/8/2018 10:33:24 PM   :::   22:33:24.3184868

::::::::::: PostAcquireRequestState Request called at 10/8/2018 10:33:24 PM   :::   22:33:24.3204871

::::::::::: PreRequestHandlerExecute Request called at 10/8/2018 10:33:24 PM   :::   22:33:24.3219871

::::::::::: PostRequestHandlerExecute Request called at 10/8/2018 10:33:24 PM   :::   22:33:24.3244883

::::::::::: ReleaseRequestState Request called at 10/8/2018 10:33:24 PM   :::   22:33:24.3274916

::::::::::: PostReleaseRequestState Request called at 10/8/2018 10:33:24 PM   :::   22:33:24.3294903

::::::::::: UpdateRequestCache Request called at 10/8/2018 10:33:24 PM   :::   22:33:24.3324877

::::::::::: EndRequest Request called at 10/8/2018 10:33:24 PM   :::   22:33:24.3339878

::::::::::: PreSendRequestContent Request called at 10/8/2018 10:33:24 PM   :::   22:33:24.3354863

::::::::::: PreSendRequestHeaders Request called at 10/8/2018 10:33:24 PM   :::   22:33:24.3369883

::::::::::: BeginRequest Request called at 10/8/2018 10:33:24 PM   :::   22:33:24.4725197

::::::::::: AuthenticateRequest Request called at 10/8/2018 10:33:24 PM   :::   22:33:24.4755187

::::::::::: PostAuthenticateRequest Request called at 10/8/2018 10:33:24 PM   :::   22:33:24.4795235

::::::::::: AuthorizeRequest Request called at 10/8/2018 10:33:24 PM   :::   22:33:24.4815210

::::::::::: PostAuthorizeRequest Request called at 10/8/2018 10:33:24 PM   :::   22:33:24.4835193

::::::::::: End Request called at 10/8/2018 10:33:24 PM   :::   22:33:24.4855219

::::::::::: PostResolveRequestCache Request called at 10/8/2018 10:33:24 PM   :::   22:33:24.4875193

::::::::::: AcquireRequestState Request called at 10/8/2018 10:33:24 PM   :::   22:33:24.4895215

::::::::::: PostAcquireRequestState Request called at 10/8/2018 10:33:24 PM   :::   22:33:24.4915202

::::::::::: PreRequestHandlerExecute Request called at 10/8/2018 10:33:24 PM   :::   22:33:24.4955230

::::::::::: Error Request called at 10/8/2018 10:33:24 PM   :::   22:33:24.4995196

::::::::::: EndRequest Request called at 10/8/2018 10:33:24 PM   :::   22:33:24.5115198

::::::::::: PreSendRequestContent Request called at 10/8/2018 10:33:24 PM   :::   22:33:24.5135197

::::::::::: PreSendRequestHeaders Request called at 10/8/2018 10:33:24 PM   :::   22:33:24.5155183

::::::::::: BeginRequest Request called at 10/8/2018 10:33:27 PM   :::   22:33:27.4031935

::::::::::: AuthenticateRequest Request called at 10/8/2018 10:33:27 PM   :::   22:33:27.4056908

::::::::::: PostAuthenticateRequest Request called at 10/8/2018 10:33:27 PM   :::   22:33:27.4172063

::::::::::: AuthorizeRequest Request called at 10/8/2018 10:33:27 PM   :::   22:33:27.4322082

::::::::::: PostAuthorizeRequest Request called at 10/8/2018 10:33:27 PM   :::   22:33:27.4442069

::::::::::: End Request called at 10/8/2018 10:33:27 PM   :::   22:33:27.4482062

::::::::::: PostResolveRequestCache Request called at 10/8/2018 10:33:27 PM   :::   22:33:27.4542069

::::::::::: AcquireRequestState Request called at 10/8/2018 10:33:27 PM   :::   22:33:27.4632121

::::::::::: PostAcquireRequestState Request called at 10/8/2018 10:33:27 PM   :::   22:33:27.4652049

::::::::::: PreRequestHandlerExecute Request called at 10/8/2018 10:33:27 PM   :::   22:33:27.4682078

::::::::::: PostRequestHandlerExecute Request called at 10/8/2018 10:33:27 PM   :::   22:33:27.6227180

::::::::::: ReleaseRequestState Request called at 10/8/2018 10:33:27 PM   :::   22:33:27.6342196

::::::::::: PostReleaseRequestState Request called at 10/8/2018 10:33:27 PM   :::   22:33:27.6367188

::::::::::: UpdateRequestCache Request called at 10/8/2018 10:33:27 PM   :::   22:33:27.6392188

::::::::::: EndRequest Request called at 10/8/2018 10:33:27 PM   :::   22:33:27.6487187

::::::::::: PreSendRequestContent Request called at 10/8/2018 10:33:27 PM   :::   22:33:27.6517196

::::::::::: PreSendRequestHeaders Request called at 10/8/2018 10:33:27 PM   :::   22:33:27.6547202

::::::::::: BeginRequest Request called at 10/8/2018 10:33:28 PM   :::   22:33:28.8334219

::::::::::: AuthenticateRequest Request called at 10/8/2018 10:33:28 PM   :::   22:33:28.8354221

::::::::::: PostAuthenticateRequest Request called at 10/8/2018 10:33:28 PM   :::   22:33:28.8384235

::::::::::: AuthorizeRequest Request called at 10/8/2018 10:33:28 PM   :::   22:33:28.8414232

::::::::::: PostAuthorizeRequest Request called at 10/8/2018 10:33:28 PM   :::   22:33:28.8434235

::::::::::: End Request called at 10/8/2018 10:33:28 PM   :::   22:33:28.8454213

::::::::::: PostResolveRequestCache Request called at 10/8/2018 10:33:28 PM   :::   22:33:28.8464256

::::::::::: AcquireRequestState Request called at 10/8/2018 10:33:28 PM   :::   22:33:28.8484223

::::::::::: PostAcquireRequestState Request called at 10/8/2018 10:33:28 PM   :::   22:33:28.8494258

::::::::::: PreRequestHandlerExecute Request called at 10/8/2018 10:33:28 PM   :::   22:33:28.8504225

::::::::::: Error Request called at 10/8/2018 10:33:28 PM   :::   22:33:28.8524228

::::::::::: EndRequest Request called at 10/8/2018 10:33:28 PM   :::   22:33:28.8544230

::::::::::: PreSendRequestContent Request called at 10/8/2018 10:33:28 PM   :::   22:33:28.8564232

::::::::::: PreSendRequestHeaders Request called at 10/8/2018 10:33:28 PM   :::   22:33:28.8574236

::::::::::: BeginRequest Request called at 10/8/2018 10:33:30 PM   :::   22:33:30.2267317

::::::::::: AuthenticateRequest Request called at 10/8/2018 10:33:30 PM   :::   22:33:30.2307294

::::::::::: PostAuthenticateRequest Request called at 10/8/2018 10:33:30 PM   :::   22:33:30.2387339

::::::::::: AuthorizeRequest Request called at 10/8/2018 10:33:30 PM   :::   22:33:30.2647287

::::::::::: PostAuthorizeRequest Request called at 10/8/2018 10:33:30 PM   :::   22:33:30.2707286

::::::::::: End Request called at 10/8/2018 10:33:30 PM   :::   22:33:30.2737248

::::::::::: PostResolveRequestCache Request called at 10/8/2018 10:33:30 PM   :::   22:33:30.2807409

::::::::::: AcquireRequestState Request called at 10/8/2018 10:33:30 PM   :::   22:33:30.2862395

::::::::::: PostAcquireRequestState Request called at 10/8/2018 10:33:30 PM   :::   22:33:30.3102620

::::::::::: PreRequestHandlerExecute Request called at 10/8/2018 10:33:30 PM   :::   22:33:30.3142523

::::::::::: PostRequestHandlerExecute Request called at 10/8/2018 10:33:30 PM   :::   22:33:30.3182535

::::::::::: ReleaseRequestState Request called at 10/8/2018 10:33:30 PM   :::   22:33:30.3242542

::::::::::: PostReleaseRequestState Request called at 10/8/2018 10:33:30 PM   :::   22:33:30.3262533

::::::::::: UpdateRequestCache Request called at 10/8/2018 10:33:30 PM   :::   22:33:30.3322512

::::::::::: EndRequest Request called at 10/8/2018 10:33:30 PM   :::   22:33:30.3342527

::::::::::: PreSendRequestContent Request called at 10/8/2018 10:33:30 PM   :::   22:33:30.3362529

::::::::::: PreSendRequestHeaders Request called at 10/8/2018 10:33:30 PM   :::   22:33:30.3392515

::::::::::: BeginRequest Request called at 10/8/2018 10:33:56 PM   :::   22:33:56.3129207

::::::::::: AuthenticateRequest Request called at 10/8/2018 10:33:56 PM   :::   22:33:56.3294777

::::::::::: PostAuthenticateRequest Request called at 10/8/2018 10:33:56 PM   :::   22:33:56.3364479

::::::::::: AuthorizeRequest Request called at 10/8/2018 10:33:56 PM   :::   22:33:56.3484438

::::::::::: PostAuthorizeRequest Request called at 10/8/2018 10:33:56 PM   :::   22:33:56.3514424

::::::::::: End Request called at 10/8/2018 10:33:56 PM   :::   22:33:56.3534485

::::::::::: PostResolveRequestCache Request called at 10/8/2018 10:33:56 PM   :::   22:33:56.3574435

::::::::::: AcquireRequestState Request called at 10/8/2018 10:33:56 PM   :::   22:33:56.3624466

::::::::::: PostAcquireRequestState Request called at 10/8/2018 10:33:56 PM   :::   22:33:56.3654417

::::::::::: PreRequestHandlerExecute Request called at 10/8/2018 10:33:56 PM   :::   22:33:56.3704448

::::::::::: PostRequestHandlerExecute Request called at 10/8/2018 10:33:56 PM   :::   22:33:56.3734442

::::::::::: ReleaseRequestState Request called at 10/8/2018 10:33:56 PM   :::   22:33:56.3764408

::::::::::: PostReleaseRequestState Request called at 10/8/2018 10:33:56 PM   :::   22:33:56.3794501

::::::::::: UpdateRequestCache Request called at 10/8/2018 10:33:56 PM   :::   22:33:56.3834438

::::::::::: EndRequest Request called at 10/8/2018 10:33:56 PM   :::   22:33:56.3864440

::::::::::: PreSendRequestContent Request called at 10/8/2018 10:33:56 PM   :::   22:33:56.3894429

::::::::::: PreSendRequestHeaders Request called at 10/8/2018 10:33:56 PM   :::   22:33:56.3914416

::::::::::: BeginRequest Request called at 10/8/2018 10:34:28 PM   :::   22:34:28.9803945

::::::::::: AuthenticateRequest Request called at 10/8/2018 10:34:28 PM   :::   22:34:28.9833923

::::::::::: AuthorizeRequest Request called at 10/8/2018 10:34:28 PM   :::   22:34:28.9883939

::::::::::: PostResolveRequestCache Request called at 10/8/2018 10:34:28 PM   :::   22:34:28.9933943

::::::::::: PostAcquireRequestState Request called at 10/8/2018 10:34:28 PM   :::   22:34:28.9963925

::::::::::: AcquireRequestState Request called at 10/8/2018 10:34:28 PM   :::   22:34:28.9993935

::::::::::: EndRequest Request called at 10/8/2018 10:34:29 PM   :::   22:34:29.0033931

::::::::::: PreSendRequestContent Request called at 10/8/2018 10:34:29 PM   :::   22:34:29.0133927

::::::::::: End Request called at 10/8/2018 10:34:29 PM   :::   22:34:29.0243927

::::::::::: AuthenticateRequest Request called at 10/8/2018 10:34:29 PM   :::   22:34:29.0333935

::::::::::: BeginRequest Request called at 10/8/2018 10:34:29 PM   :::   22:34:29.0373936

::::::::::: PostReleaseRequestState Request called at 10/8/2018 10:34:29 PM   :::   22:34:29.0494069

::::::::::: PostAuthenticateRequest Request called at 10/8/2018 10:34:29 PM   :::   22:34:29.0509066

::::::::::: PostResolveRequestCache Request called at 10/8/2018 10:34:29 PM   :::   22:34:29.0704143

::::::::::: AcquireRequestState Request called at 10/8/2018 10:34:29 PM   :::   22:34:29.0714170

::::::::::: BeginRequest Request called at 10/8/2018 10:34:29 PM   :::   22:34:29.0724161

::::::::::: PreRequestHandlerExecute Request called at 10/8/2018 10:34:29 PM   :::   22:34:29.0744144

::::::::::: BeginRequest Request called at 10/8/2018 10:34:29 PM   :::   22:34:29.0754143

::::::::::: PostRequestHandlerExecute Request called at 10/8/2018 10:34:29 PM   :::   22:34:29.0854159

::::::::::: EndRequest Request called at 10/8/2018 10:34:29 PM   :::   22:34:29.0984165

::::::::::: PostReleaseRequestState Request called at 10/8/2018 10:34:29 PM   :::   22:34:29.1004151

::::::::::: PostAuthenticateRequest Request called at 10/8/2018 10:34:29 PM   :::   22:34:29.1164170

::::::::::: PreSendRequestContent Request called at 10/8/2018 10:34:29 PM   :::   22:34:29.1184161

::::::::::: PreSendRequestHeaders Request called at 10/8/2018 10:34:29 PM   :::   22:34:29.1204167

::::::::::: PostAuthenticateRequest Request called at 10/8/2018 10:34:29 PM   :::   22:34:29.1214162

::::::::::: AcquireRequestState Request called at 10/8/2018 10:34:29 PM   :::   22:34:29.1264162

::::::::::: PostAcquireRequestState Request called at 10/8/2018 10:34:29 PM   :::   22:34:29.1284188

::::::::::: AuthorizeRequest Request called at 10/8/2018 10:34:29 PM   :::   22:34:29.1324162

::::::::::: PostRequestHandlerExecute Request called at 10/8/2018 10:34:29 PM   :::   22:34:29.1334153

::::::::::: End Request called at 10/8/2018 10:34:29 PM   :::   22:34:29.1344156

::::::::::: PostReleaseRequestState Request called at 10/8/2018 10:34:29 PM   :::   22:34:29.1354155

::::::::::: AcquireRequestState Request called at 10/8/2018 10:34:29 PM   :::   22:34:29.1364162

::::::::::: PostAcquireRequestState Request called at 10/8/2018 10:34:29 PM   :::   22:34:29.1394176

::::::::::: PreRequestHandlerExecute Request called at 10/8/2018 10:34:29 PM   :::   22:34:29.1419267

::::::::::: PostRequestHandlerExecute Request called at 10/8/2018 10:34:29 PM   :::   22:34:29.1439257

::::::::::: ReleaseRequestState Request called at 10/8/2018 10:34:29 PM   :::   22:34:29.1454238

::::::::::: PostReleaseRequestState Request called at 10/8/2018 10:34:29 PM   :::   22:34:29.1474249

::::::::::: UpdateRequestCache Request called at 10/8/2018 10:34:29 PM   :::   22:34:29.1519251

::::::::::: EndRequest Request called at 10/8/2018 10:34:29 PM   :::   22:34:29.1534248

::::::::::: PreSendRequestContent Request called at 10/8/2018 10:34:29 PM   :::   22:34:29.1549245

::::::::::: PreSendRequestHeaders Request called at 10/8/2018 10:34:29 PM   :::   22:34:29.1564241

::::::::::: BeginRequest Request called at 10/8/2018 10:47:51 PM   :::   22:47:51.2808096

::::::::::: AuthenticateRequest Request called at 10/8/2018 10:47:51 PM   :::   22:47:51.2858080

::::::::::: PostAuthenticateRequest Request called at 10/8/2018 10:47:51 PM   :::   22:47:51.2958064

::::::::::: AuthorizeRequest Request called at 10/8/2018 10:47:51 PM   :::   22:47:51.3008072

::::::::::: PostAuthorizeRequest Request called at 10/8/2018 10:47:51 PM   :::   22:47:51.3058052

::::::::::: End Request called at 10/8/2018 10:47:51 PM   :::   22:47:51.3078051

::::::::::: PostResolveRequestCache Request called at 10/8/2018 10:47:51 PM   :::   22:47:51.3118044

::::::::::: AcquireRequestState Request called at 10/8/2018 10:47:51 PM   :::   22:47:51.3138042

::::::::::: PostAcquireRequestState Request called at 10/8/2018 10:47:51 PM   :::   22:47:51.3158048

::::::::::: PreRequestHandlerExecute Request called at 10/8/2018 10:47:51 PM   :::   22:47:51.3188030

::::::::::: PostRequestHandlerExecute Request called at 10/8/2018 10:47:51 PM   :::   22:47:51.3378086

::::::::::: ReleaseRequestState Request called at 10/8/2018 10:47:51 PM   :::   22:47:51.3388042

::::::::::: PostReleaseRequestState Request called at 10/8/2018 10:47:51 PM   :::   22:47:51.3398057

::::::::::: UpdateRequestCache Request called at 10/8/2018 10:47:51 PM   :::   22:47:51.3433072

::::::::::: EndRequest Request called at 10/8/2018 10:47:51 PM   :::   22:47:51.3458096

::::::::::: PreSendRequestContent Request called at 10/8/2018 10:47:51 PM   :::   22:47:51.3473081

::::::::::: PreSendRequestHeaders Request called at 10/8/2018 10:47:51 PM   :::   22:47:51.3488141

::::::::::: BeginRequest Request called at 10/8/2018 10:47:51 PM   :::   22:47:51.4448302

::::::::::: AuthenticateRequest Request called at 10/8/2018 10:47:51 PM   :::   22:47:51.4468301

::::::::::: PostAuthenticateRequest Request called at 10/8/2018 10:47:51 PM   :::   22:47:51.4488299

::::::::::: AuthorizeRequest Request called at 10/8/2018 10:47:51 PM   :::   22:47:51.6023477

::::::::::: PostAuthorizeRequest Request called at 10/8/2018 10:47:51 PM   :::   22:47:51.6048512

::::::::::: End Request called at 10/8/2018 10:47:51 PM   :::   22:47:51.6068495

::::::::::: PostResolveRequestCache Request called at 10/8/2018 10:47:51 PM   :::   22:47:51.6088485

::::::::::: AcquireRequestState Request called at 10/8/2018 10:47:51 PM   :::   22:47:51.6123492

::::::::::: PostAcquireRequestState Request called at 10/8/2018 10:47:51 PM   :::   22:47:51.6138470

::::::::::: PreRequestHandlerExecute Request called at 10/8/2018 10:47:51 PM   :::   22:47:51.6158476

::::::::::: PostRequestHandlerExecute Request called at 10/8/2018 10:47:51 PM   :::   22:47:51.6173492

::::::::::: ReleaseRequestState Request called at 10/8/2018 10:47:51 PM   :::   22:47:51.6188474

::::::::::: PostReleaseRequestState Request called at 10/8/2018 10:47:51 PM   :::   22:47:51.6203490

::::::::::: UpdateRequestCache Request called at 10/8/2018 10:47:51 PM   :::   22:47:51.6348733

::::::::::: EndRequest Request called at 10/8/2018 10:47:51 PM   :::   22:47:51.6368751

::::::::::: PreSendRequestContent Request called at 10/8/2018 10:47:51 PM   :::   22:47:51.6388738

::::::::::: PreSendRequestHeaders Request called at 10/8/2018 10:47:51 PM   :::   22:47:51.6408725

::::::::::: BeginRequest Request called at 10/8/2018 10:47:53 PM   :::   22:47:53.2207878

::::::::::: AuthenticateRequest Request called at 10/8/2018 10:47:53 PM   :::   22:47:53.2222899

::::::::::: PostAuthenticateRequest Request called at 10/8/2018 10:47:53 PM   :::   22:47:53.2242913

::::::::::: AuthorizeRequest Request called at 10/8/2018 10:47:53 PM   :::   22:47:53.2267909

::::::::::: PostAuthorizeRequest Request called at 10/8/2018 10:47:53 PM   :::   22:47:53.2282997

::::::::::: End Request called at 10/8/2018 10:47:53 PM   :::   22:47:53.2292984

::::::::::: PostResolveRequestCache Request called at 10/8/2018 10:47:53 PM   :::   22:47:53.2313006

::::::::::: AcquireRequestState Request called at 10/8/2018 10:47:53 PM   :::   22:47:53.2323001

::::::::::: PostAcquireRequestState Request called at 10/8/2018 10:47:53 PM   :::   22:47:53.2332997

::::::::::: PreRequestHandlerExecute Request called at 10/8/2018 10:47:53 PM   :::   22:47:53.2342980

::::::::::: Error Request called at 10/8/2018 10:47:53 PM   :::   22:47:53.2362986

::::::::::: EndRequest Request called at 10/8/2018 10:47:53 PM   :::   22:47:53.2393000

::::::::::: PreSendRequestContent Request called at 10/8/2018 10:47:53 PM   :::   22:47:53.2423140

::::::::::: PreSendRequestHeaders Request called at 10/8/2018 10:47:53 PM   :::   22:47:53.2433095

::::::::::: BeginRequest Request called at 10/8/2018 10:47:53 PM   :::   22:47:53.8203878

::::::::::: AuthenticateRequest Request called at 10/8/2018 10:47:53 PM   :::   22:47:53.8218886

::::::::::: PostAuthenticateRequest Request called at 10/8/2018 10:47:53 PM   :::   22:47:53.8238901

::::::::::: AuthorizeRequest Request called at 10/8/2018 10:47:53 PM   :::   22:47:53.8258887

::::::::::: PostAuthorizeRequest Request called at 10/8/2018 10:47:53 PM   :::   22:47:53.8273888

::::::::::: End Request called at 10/8/2018 10:47:53 PM   :::   22:47:53.8283994

::::::::::: PostResolveRequestCache Request called at 10/8/2018 10:47:53 PM   :::   22:47:53.8303984

::::::::::: AcquireRequestState Request called at 10/8/2018 10:47:53 PM   :::   22:47:53.8313991

::::::::::: PostAcquireRequestState Request called at 10/8/2018 10:47:53 PM   :::   22:47:53.8323995

::::::::::: PreRequestHandlerExecute Request called at 10/8/2018 10:47:53 PM   :::   22:47:53.8343997

::::::::::: PostRequestHandlerExecute Request called at 10/8/2018 10:47:53 PM   :::   22:47:53.8703953

::::::::::: ReleaseRequestState Request called at 10/8/2018 10:47:53 PM   :::   22:47:53.8713968

::::::::::: PostReleaseRequestState Request called at 10/8/2018 10:47:53 PM   :::   22:47:53.8734002

::::::::::: UpdateRequestCache Request called at 10/8/2018 10:47:53 PM   :::   22:47:53.8753985

::::::::::: EndRequest Request called at 10/8/2018 10:47:53 PM   :::   22:47:53.8764011

::::::::::: PreSendRequestContent Request called at 10/8/2018 10:47:53 PM   :::   22:47:53.8783994

::::::::::: PreSendRequestHeaders Request called at 10/8/2018 10:47:53 PM   :::   22:47:53.8794009

::::::::::: BeginRequest Request called at 10/8/2018 10:52:54 PM   :::   22:52:54.4349771

::::::::::: AuthenticateRequest Request called at 10/8/2018 10:52:54 PM   :::   22:52:54.4389760

::::::::::: PostAuthenticateRequest Request called at 10/8/2018 10:52:54 PM   :::   22:52:54.4409766

::::::::::: AuthorizeRequest Request called at 10/8/2018 10:52:54 PM   :::   22:52:54.4449759

::::::::::: PostAuthorizeRequest Request called at 10/8/2018 10:52:54 PM   :::   22:52:54.4479757

::::::::::: End Request called at 10/8/2018 10:52:54 PM   :::   22:52:54.4489764

::::::::::: PostAuthenticateRequest Request called at 10/8/2018 10:52:54 PM   :::   22:52:54.4519773

::::::::::: PreSendRequestContent Request called at 10/8/2018 10:52:54 PM   :::   22:52:54.4539744

::::::::::: PreSendRequestHeaders Request called at 10/8/2018 10:52:54 PM   :::   22:52:54.4559774

::::::::::: AuthorizeRequest Request called at 10/8/2018 10:52:54 PM   :::   22:52:54.4589764

::::::::::: PostAuthorizeRequest Request called at 10/8/2018 10:52:54 PM   :::   22:52:54.4609766

::::::::::: End Request called at 10/8/2018 10:52:54 PM   :::   22:52:54.4649763

::::::::::: PostResolveRequestCache Request called at 10/8/2018 10:52:54 PM   :::   22:52:54.4679765

::::::::::: AcquireRequestState Request called at 10/8/2018 10:52:54 PM   :::   22:52:54.4699759

::::::::::: PostAcquireRequestState Request called at 10/8/2018 10:52:54 PM   :::   22:52:54.4709770

::::::::::: PreRequestHandlerExecute Request called at 10/8/2018 10:52:54 PM   :::   22:52:54.4729780

::::::::::: PostRequestHandlerExecute Request called at 10/8/2018 10:52:54 PM   :::   22:52:54.4749767

::::::::::: ReleaseRequestState Request called at 10/8/2018 10:52:54 PM   :::   22:52:54.4769765

::::::::::: PostReleaseRequestState Request called at 10/8/2018 10:52:54 PM   :::   22:52:54.4804867

::::::::::: UpdateRequestCache Request called at 10/8/2018 10:52:54 PM   :::   22:52:54.4849854

::::::::::: EndRequest Request called at 10/8/2018 10:52:54 PM   :::   22:52:54.4864866

::::::::::: PreSendRequestContent Request called at 10/8/2018 10:52:54 PM   :::   22:52:54.4884869

::::::::::: PreSendRequestHeaders Request called at 10/8/2018 10:52:54 PM   :::   22:52:54.4899866

::::::::::: BeginRequest Request called at 10/8/2018 10:55:55 PM   :::   22:55:55.5133061

::::::::::: AuthenticateRequest Request called at 10/8/2018 10:55:55 PM   :::   22:55:55.5213335

::::::::::: PostAuthenticateRequest Request called at 10/8/2018 10:55:55 PM   :::   22:55:55.5273354

::::::::::: AuthorizeRequest Request called at 10/8/2018 10:55:55 PM   :::   22:55:55.5343317

::::::::::: PostAuthorizeRequest Request called at 10/8/2018 10:55:55 PM   :::   22:55:55.5403360

::::::::::: End Request called at 10/8/2018 10:55:55 PM   :::   22:55:55.5453340

::::::::::: PostResolveRequestCache Request called at 10/8/2018 10:55:55 PM   :::   22:55:55.5503348

::::::::::: AcquireRequestState Request called at 10/8/2018 10:55:55 PM   :::   22:55:55.5563367

::::::::::: PostAcquireRequestState Request called at 10/8/2018 10:55:55 PM   :::   22:55:55.5613343

::::::::::: PreRequestHandlerExecute Request called at 10/8/2018 10:55:55 PM   :::   22:55:55.5643317

::::::::::: PostRequestHandlerExecute Request called at 10/8/2018 10:55:55 PM   :::   22:55:55.5998559

::::::::::: ReleaseRequestState Request called at 10/8/2018 10:55:55 PM   :::   22:55:55.6033567

::::::::::: PostReleaseRequestState Request called at 10/8/2018 10:55:55 PM   :::   22:55:55.6063493

::::::::::: UpdateRequestCache Request called at 10/8/2018 10:55:55 PM   :::   22:55:55.6143629

::::::::::: EndRequest Request called at 10/8/2018 10:55:55 PM   :::   22:55:55.6193653

::::::::::: PreSendRequestContent Request called at 10/8/2018 10:55:55 PM   :::   22:55:55.6243601

::::::::::: PreSendRequestHeaders Request called at 10/8/2018 10:55:55 PM   :::   22:55:55.6263592

::::::::::: BeginRequest Request called at 10/8/2018 10:57:31 PM   :::   22:57:31.9034444

::::::::::: AuthenticateRequest Request called at 10/8/2018 10:57:31 PM   :::   22:57:31.9084440

::::::::::: PostAuthenticateRequest Request called at 10/8/2018 10:57:31 PM   :::   22:57:31.9114450

::::::::::: AuthorizeRequest Request called at 10/8/2018 10:57:31 PM   :::   22:57:31.9144416

::::::::::: PostAuthorizeRequest Request called at 10/8/2018 10:57:31 PM   :::   22:57:31.9164430

::::::::::: End Request called at 10/8/2018 10:57:31 PM   :::   22:57:31.9184428

::::::::::: PostResolveRequestCache Request called at 10/8/2018 10:57:31 PM   :::   22:57:31.9214592

::::::::::: AcquireRequestState Request called at 10/8/2018 10:57:31 PM   :::   22:57:31.9284421

::::::::::: PostAcquireRequestState Request called at 10/8/2018 10:57:31 PM   :::   22:57:31.9304435

::::::::::: PreRequestHandlerExecute Request called at 10/8/2018 10:57:31 PM   :::   22:57:31.9324694

::::::::::: PostRequestHandlerExecute Request called at 10/8/2018 10:57:31 PM   :::   22:57:31.9729680

::::::::::: ReleaseRequestState Request called at 10/8/2018 10:57:31 PM   :::   22:57:31.9769684

::::::::::: PostReleaseRequestState Request called at 10/8/2018 10:57:31 PM   :::   22:57:31.9799682

::::::::::: UpdateRequestCache Request called at 10/8/2018 10:57:31 PM   :::   22:57:31.9839695

::::::::::: EndRequest Request called at 10/8/2018 10:57:31 PM   :::   22:57:31.9869685

::::::::::: PreSendRequestContent Request called at 10/8/2018 10:57:31 PM   :::   22:57:31.9889707

::::::::::: PreSendRequestHeaders Request called at 10/8/2018 10:57:31 PM   :::   22:57:31.9939699

::::::::::: BeginRequest Request called at 10/8/2018 10:57:32 PM   :::   22:57:32.0859828

::::::::::: AuthenticateRequest Request called at 10/8/2018 10:57:32 PM   :::   22:57:32.0879818

::::::::::: PostAuthenticateRequest Request called at 10/8/2018 10:57:32 PM   :::   22:57:32.0899817

::::::::::: AuthorizeRequest Request called at 10/8/2018 10:57:32 PM   :::   22:57:32.0949825

::::::::::: AuthorizeRequest Request called at 10/8/2018 10:57:32 PM   :::   22:57:32.0989829

::::::::::: PostResolveRequestCache Request called at 10/8/2018 10:57:32 PM   :::   22:57:32.1089833

::::::::::: EndRequest Request called at 10/8/2018 10:57:32 PM   :::   22:57:32.1119815

::::::::::: PostRequestHandlerExecute Request called at 10/8/2018 10:57:32 PM   :::   22:57:32.1179811

::::::::::: End Request called at 10/8/2018 10:57:32 PM   :::   22:57:32.1279826

::::::::::: PostResolveRequestCache Request called at 10/8/2018 10:57:32 PM   :::   22:57:32.1399837

::::::::::: AcquireRequestState Request called at 10/8/2018 10:57:32 PM   :::   22:57:32.1419811

::::::::::: PostAcquireRequestState Request called at 10/8/2018 10:57:32 PM   :::   22:57:32.1429834

::::::::::: PreRequestHandlerExecute Request called at 10/8/2018 10:57:32 PM   :::   22:57:32.1449801

::::::::::: AuthenticateRequest Request called at 10/8/2018 10:57:32 PM   :::   22:57:32.1769950

::::::::::: AuthorizeRequest Request called at 10/8/2018 10:57:32 PM   :::   22:57:32.2279937

::::::::::: AuthorizeRequest Request called at 10/8/2018 10:57:32 PM   :::   22:57:32.2294938

::::::::::: PostAuthorizeRequest Request called at 10/8/2018 10:57:32 PM   :::   22:57:32.2639913

::::::::::: End Request called at 10/8/2018 10:57:32 PM   :::   22:57:32.2659923

::::::::::: PostResolveRequestCache Request called at 10/8/2018 10:57:32 PM   :::   22:57:32.2674920

::::::::::: BeginRequest Request called at 10/8/2018 10:57:32 PM   :::   22:57:32.2759931

::::::::::: PostReleaseRequestState Request called at 10/8/2018 10:57:32 PM   :::   22:57:32.2964925

::::::::::: PostAuthenticateRequest Request called at 10/8/2018 10:57:32 PM   :::   22:57:32.2979938

::::::::::: BeginRequest Request called at 10/8/2018 10:57:32 PM   :::   22:57:32.3154949

::::::::::: AuthenticateRequest Request called at 10/8/2018 10:57:32 PM   :::   22:57:32.3229950

::::::::::: AcquireRequestState Request called at 10/8/2018 10:57:32 PM   :::   22:57:32.3469927

::::::::::: PostAcquireRequestState Request called at 10/8/2018 10:57:32 PM   :::   22:57:32.3484943

::::::::::: End Request called at 10/8/2018 10:57:32 PM   :::   22:57:32.3499936

::::::::::: PreSendRequestHeaders Request called at 10/8/2018 10:57:32 PM   :::   22:57:32.3519935

::::::::::: PreSendRequestContent Request called at 10/8/2018 10:57:32 PM   :::   22:57:32.3629930

::::::::::: AuthenticateRequest Request called at 10/8/2018 10:57:32 PM   :::   22:57:32.3684939

::::::::::: PostAuthenticateRequest Request called at 10/8/2018 10:57:32 PM   :::   22:57:32.3814941

::::::::::: BeginRequest Request called at 10/8/2018 10:57:32 PM   :::   22:57:32.3969923

::::::::::: AuthenticateRequest Request called at 10/8/2018 10:57:32 PM   :::   22:57:32.3989937

::::::::::: PostAuthenticateRequest Request called at 10/8/2018 10:57:32 PM   :::   22:57:32.4009936

::::::::::: AcquireRequestState Request called at 10/8/2018 10:57:32 PM   :::   22:57:32.4144931

::::::::::: PostAcquireRequestState Request called at 10/8/2018 10:57:32 PM   :::   22:57:32.4279930

::::::::::: PreRequestHandlerExecute Request called at 10/8/2018 10:57:32 PM   :::   22:57:32.4624929

::::::::::: PostAcquireRequestState Request called at 10/8/2018 10:57:32 PM   :::   22:57:32.4739949

::::::::::: PostAuthenticateRequest Request called at 10/8/2018 10:57:32 PM   :::   22:57:32.4974945

::::::::::: PostRequestHandlerExecute Request called at 10/8/2018 10:57:32 PM   :::   22:57:32.4989942

::::::::::: ReleaseRequestState Request called at 10/8/2018 10:57:32 PM   :::   22:57:32.5004930

::::::::::: PostReleaseRequestState Request called at 10/8/2018 10:57:32 PM   :::   22:57:32.5019935

::::::::::: AcquireRequestState Request called at 10/8/2018 10:57:32 PM   :::   22:57:32.5069947

::::::::::: PostAcquireRequestState Request called at 10/8/2018 10:57:32 PM   :::   22:57:32.5084928

::::::::::: BeginRequest Request called at 10/8/2018 10:57:32 PM   :::   22:57:32.5184952

::::::::::: AcquireRequestState Request called at 10/8/2018 10:57:32 PM   :::   22:57:32.5429927

::::::::::: PreSendRequestContent Request called at 10/8/2018 10:57:32 PM   :::   22:57:32.5449933

::::::::::: PreRequestHandlerExecute Request called at 10/8/2018 10:57:32 PM   :::   22:57:32.5459932

::::::::::: PostRequestHandlerExecute Request called at 10/8/2018 10:57:32 PM   :::   22:57:32.5484960

::::::::::: ReleaseRequestState Request called at 10/8/2018 10:57:32 PM   :::   22:57:32.5504935

::::::::::: PostReleaseRequestState Request called at 10/8/2018 10:57:32 PM   :::   22:57:32.5524957

::::::::::: UpdateRequestCache Request called at 10/8/2018 10:57:32 PM   :::   22:57:32.5574933

::::::::::: EndRequest Request called at 10/8/2018 10:57:32 PM   :::   22:57:32.5589926

::::::::::: PreSendRequestContent Request called at 10/8/2018 10:57:32 PM   :::   22:57:32.5604915

::::::::::: PreSendRequestHeaders Request called at 10/8/2018 10:57:32 PM   :::   22:57:32.5619916

::::::::::: BeginRequest Request called at 10/8/2018 10:57:32 PM   :::   22:57:32.5629939

::::::::::: AuthenticateRequest Request called at 10/8/2018 10:57:32 PM   :::   22:57:32.5759917

::::::::::: PostAuthenticateRequest Request called at 10/8/2018 10:57:32 PM   :::   22:57:32.5779931

::::::::::: BeginRequest Request called at 10/8/2018 10:57:32 PM   :::   22:57:32.5994971

::::::::::: PostAuthorizeRequest Request called at 10/8/2018 10:57:32 PM   :::   22:57:32.6144932

::::::::::: End Request called at 10/8/2018 10:57:32 PM   :::   22:57:32.6294924

::::::::::: PreRequestHandlerExecute Request called at 10/8/2018 10:57:32 PM   :::   22:57:32.6374910

::::::::::: UpdateRequestCache Request called at 10/8/2018 10:57:32 PM   :::   22:57:32.6484933

::::::::::: PreRequestHandlerExecute Request called at 10/8/2018 10:57:32 PM   :::   22:57:32.6549945

::::::::::: UpdateRequestCache Request called at 10/8/2018 10:57:32 PM   :::   22:57:32.6594924

::::::::::: PostReleaseRequestState Request called at 10/8/2018 10:57:32 PM   :::   22:57:32.6959941

::::::::::: PreSendRequestHeaders Request called at 10/8/2018 10:57:32 PM   :::   22:57:32.7009945

::::::::::: BeginRequest Request called at 10/8/2018 10:57:32 PM   :::   22:57:32.7044956

::::::::::: AuthenticateRequest Request called at 10/8/2018 10:57:32 PM   :::   22:57:32.7094960

::::::::::: PostAuthenticateRequest Request called at 10/8/2018 10:57:32 PM   :::   22:57:32.7519964

::::::::::: UpdateRequestCache Request called at 10/8/2018 10:57:32 PM   :::   22:57:32.7699946

::::::::::: EndRequest Request called at 10/8/2018 10:57:32 PM   :::   22:57:32.7719936

::::::::::: AuthorizeRequest Request called at 10/8/2018 10:57:32 PM   :::   22:57:32.7869932

::::::::::: PostAuthorizeRequest Request called at 10/8/2018 10:57:32 PM   :::   22:57:32.7889935

::::::::::: End Request called at 10/8/2018 10:57:32 PM   :::   22:57:32.7909933

::::::::::: PostResolveRequestCache Request called at 10/8/2018 10:57:32 PM   :::   22:57:32.7924914

::::::::::: AcquireRequestState Request called at 10/8/2018 10:57:32 PM   :::   22:57:32.7939919

::::::::::: AuthenticateRequest Request called at 10/8/2018 10:57:32 PM   :::   22:57:32.7954936

::::::::::: PreRequestHandlerExecute Request called at 10/8/2018 10:57:32 PM   :::   22:57:32.7964927

::::::::::: PostRequestHandlerExecute Request called at 10/8/2018 10:57:32 PM   :::   22:57:32.7984957

::::::::::: PostAuthorizeRequest Request called at 10/8/2018 10:57:32 PM   :::   22:57:32.7994944

::::::::::: PostReleaseRequestState Request called at 10/8/2018 10:57:32 PM   :::   22:57:32.8009937

::::::::::: PostResolveRequestCache Request called at 10/8/2018 10:57:32 PM   :::   22:57:32.8024942

::::::::::: PreRequestHandlerExecute Request called at 10/8/2018 10:57:32 PM   :::   22:57:32.8069936

::::::::::: PostRequestHandlerExecute Request called at 10/8/2018 10:57:32 PM   :::   22:57:32.8304936

::::::::::: BeginRequest Request called at 10/8/2018 10:57:32 PM   :::   22:57:32.8314935

::::::::::: AuthenticateRequest Request called at 10/8/2018 10:57:32 PM   :::   22:57:32.8339943

::::::::::: PostAuthenticateRequest Request called at 10/8/2018 10:57:32 PM   :::   22:57:32.8414927

::::::::::: AuthorizeRequest Request called at 10/8/2018 10:57:32 PM   :::   22:57:32.8609926

::::::::::: AuthorizeRequest Request called at 10/8/2018 10:57:32 PM   :::   22:57:32.8639927

::::::::::: AcquireRequestState Request called at 10/8/2018 10:57:32 PM   :::   22:57:32.8929948

::::::::::: PostResolveRequestCache Request called at 10/8/2018 10:57:32 PM   :::   22:57:32.8949934

::::::::::: AcquireRequestState Request called at 10/8/2018 10:57:32 PM   :::   22:57:32.9019937

::::::::::: PostAcquireRequestState Request called at 10/8/2018 10:57:32 PM   :::   22:57:32.9034930

::::::::::: PreRequestHandlerExecute Request called at 10/8/2018 10:57:32 PM   :::   22:57:32.9054932

::::::::::: PostRequestHandlerExecute Request called at 10/8/2018 10:57:32 PM   :::   22:57:32.9164951

::::::::::: ReleaseRequestState Request called at 10/8/2018 10:57:32 PM   :::   22:57:32.9179936

::::::::::: PreSendRequestContent Request called at 10/8/2018 10:57:32 PM   :::   22:57:32.9189935

::::::::::: PreSendRequestHeaders Request called at 10/8/2018 10:57:32 PM   :::   22:57:32.9279928

::::::::::: UpdateRequestCache Request called at 10/8/2018 10:57:32 PM   :::   22:57:32.9319949

::::::::::: EndRequest Request called at 10/8/2018 10:57:32 PM   :::   22:57:32.9334922

::::::::::: PreSendRequestContent Request called at 10/8/2018 10:57:32 PM   :::   22:57:32.9349931

::::::::::: BeginRequest Request called at 10/8/2018 10:57:32 PM   :::   22:57:32.9359934

::::::::::: ReleaseRequestState Request called at 10/8/2018 10:57:32 PM   :::   22:57:32.9774935

::::::::::: AuthenticateRequest Request called at 10/8/2018 10:57:32 PM   :::   22:57:32.9784934

::::::::::: PostAuthenticateRequest Request called at 10/8/2018 10:57:33 PM   :::   22:57:33.0419945

::::::::::: AuthorizeRequest Request called at 10/8/2018 10:57:33 PM   :::   22:57:33.0644941

::::::::::: PostAuthorizeRequest Request called at 10/8/2018 10:57:33 PM   :::   22:57:33.0804929

::::::::::: End Request called at 10/8/2018 10:57:33 PM   :::   22:57:33.0904953

::::::::::: PostResolveRequestCache Request called at 10/8/2018 10:57:33 PM   :::   22:57:33.0924943

::::::::::: AcquireRequestState Request called at 10/8/2018 10:57:33 PM   :::   22:57:33.0944942

::::::::::: PostAcquireRequestState Request called at 10/8/2018 10:57:33 PM   :::   22:57:33.1009919

::::::::::: AuthorizeRequest Request called at 10/8/2018 10:57:33 PM   :::   22:57:33.1449939

::::::::::: PostAuthorizeRequest Request called at 10/8/2018 10:57:33 PM   :::   22:57:33.1729945

::::::::::: PostResolveRequestCache Request called at 10/8/2018 10:57:33 PM   :::   22:57:33.1744958

::::::::::: AcquireRequestState Request called at 10/8/2018 10:57:33 PM   :::   22:57:33.1839952

::::::::::: PostAcquireRequestState Request called at 10/8/2018 10:57:33 PM   :::   22:57:33.1864952

::::::::::: PostRequestHandlerExecute Request called at 10/8/2018 10:57:33 PM   :::   22:57:33.1889948

::::::::::: ReleaseRequestState Request called at 10/8/2018 10:57:33 PM   :::   22:57:33.2414944

::::::::::: PostReleaseRequestState Request called at 10/8/2018 10:57:33 PM   :::   22:57:33.2584951

::::::::::: UpdateRequestCache Request called at 10/8/2018 10:57:33 PM   :::   22:57:33.2719930

::::::::::: EndRequest Request called at 10/8/2018 10:57:33 PM   :::   22:57:33.2734943

::::::::::: ReleaseRequestState Request called at 10/8/2018 10:57:33 PM   :::   22:57:33.2829949

::::::::::: PostAuthenticateRequest Request called at 10/8/2018 10:57:33 PM   :::   22:57:33.3134971

::::::::::: PostReleaseRequestState Request called at 10/8/2018 10:57:33 PM   :::   22:57:33.3144942

::::::::::: End Request called at 10/8/2018 10:57:33 PM   :::   22:57:33.3204938

::::::::::: UpdateRequestCache Request called at 10/8/2018 10:57:33 PM   :::   22:57:33.3239945

::::::::::: EndRequest Request called at 10/8/2018 10:57:33 PM   :::   22:57:33.3324948

::::::::::: PostAuthenticateRequest Request called at 10/8/2018 10:57:33 PM   :::   22:57:33.3444927

::::::::::: BeginRequest Request called at 10/8/2018 10:57:33 PM   :::   22:57:33.3544935

::::::::::: AuthenticateRequest Request called at 10/8/2018 10:57:33 PM   :::   22:57:33.3669923

::::::::::: PostAuthenticateRequest Request called at 10/8/2018 10:57:33 PM   :::   22:57:33.3694943

::::::::::: AuthorizeRequest Request called at 10/8/2018 10:57:33 PM   :::   22:57:33.3779934

::::::::::: PostAuthorizeRequest Request called at 10/8/2018 10:57:33 PM   :::   22:57:33.3819943

::::::::::: End Request called at 10/8/2018 10:57:33 PM   :::   22:57:33.3834936

::::::::::: PostResolveRequestCache Request called at 10/8/2018 10:57:33 PM   :::   22:57:33.3844927

::::::::::: PostResolveRequestCache Request called at 10/8/2018 10:57:33 PM   :::   22:57:33.3889941

::::::::::: PreRequestHandlerExecute Request called at 10/8/2018 10:57:33 PM   :::   22:57:33.3909940

::::::::::: PostAuthenticateRequest Request called at 10/8/2018 10:57:33 PM   :::   22:57:33.4089937

::::::::::: ReleaseRequestState Request called at 10/8/2018 10:57:33 PM   :::   22:57:33.4104930

::::::::::: PostReleaseRequestState Request called at 10/8/2018 10:57:33 PM   :::   22:57:33.4174936

::::::::::: PreRequestHandlerExecute Request called at 10/8/2018 10:57:33 PM   :::   22:57:33.4339949

::::::::::: UpdateRequestCache Request called at 10/8/2018 10:57:33 PM   :::   22:57:33.4425142

::::::::::: EndRequest Request called at 10/8/2018 10:57:33 PM   :::   22:57:33.4549941

::::::::::: PreRequestHandlerExecute Request called at 10/8/2018 10:57:33 PM   :::   22:57:33.4834944

::::::::::: PostRequestHandlerExecute Request called at 10/8/2018 10:57:33 PM   :::   22:57:33.5039938

::::::::::: ReleaseRequestState Request called at 10/8/2018 10:57:33 PM   :::   22:57:33.5179931

::::::::::: PostReleaseRequestState Request called at 10/8/2018 10:57:33 PM   :::   22:57:33.5259940

::::::::::: AuthorizeRequest Request called at 10/8/2018 10:57:33 PM   :::   22:57:33.5479935

::::::::::: AuthenticateRequest Request called at 10/8/2018 10:57:33 PM   :::   22:57:33.5499953

::::::::::: PostAuthenticateRequest Request called at 10/8/2018 10:57:33 PM   :::   22:57:33.5644947

::::::::::: BeginRequest Request called at 10/8/2018 10:57:33 PM   :::   22:57:33.5809936

::::::::::: AuthenticateRequest Request called at 10/8/2018 10:57:33 PM   :::   22:57:33.5859968

::::::::::: PostRequestHandlerExecute Request called at 10/8/2018 10:57:33 PM   :::   22:57:33.5979947

::::::::::: ReleaseRequestState Request called at 10/8/2018 10:57:33 PM   :::   22:57:33.5989942

::::::::::: PostReleaseRequestState Request called at 10/8/2018 10:57:33 PM   :::   22:57:33.6004939

::::::::::: UpdateRequestCache Request called at 10/8/2018 10:57:33 PM   :::   22:57:33.6184929

::::::::::: EndRequest Request called at 10/8/2018 10:57:33 PM   :::   22:57:33.6194944

::::::::::: PreSendRequestContent Request called at 10/8/2018 10:57:33 PM   :::   22:57:33.6244940

::::::::::: PreSendRequestHeaders Request called at 10/8/2018 10:57:33 PM   :::   22:57:33.6324922

::::::::::: PostRequestHandlerExecute Request called at 10/8/2018 10:57:33 PM   :::   22:57:33.6514938

::::::::::: ReleaseRequestState Request called at 10/8/2018 10:57:33 PM   :::   22:57:33.6944920

::::::::::: PostReleaseRequestState Request called at 10/8/2018 10:57:33 PM   :::   22:57:33.6959929

::::::::::: UpdateRequestCache Request called at 10/8/2018 10:57:33 PM   :::   22:57:33.7039950

::::::::::: End Request called at 10/8/2018 10:57:33 PM   :::   22:57:33.7084961

::::::::::: PreSendRequestContent Request called at 10/8/2018 10:57:33 PM   :::   22:57:33.7094940

::::::::::: PreSendRequestHeaders Request called at 10/8/2018 10:57:33 PM   :::   22:57:33.7194928

::::::::::: BeginRequest Request called at 10/8/2018 10:57:33 PM   :::   22:57:33.7234925

::::::::::: AuthenticateRequest Request called at 10/8/2018 10:57:33 PM   :::   22:57:33.7249930

::::::::::: PostAuthenticateRequest Request called at 10/8/2018 10:57:33 PM   :::   22:57:33.7269932

::::::::::: BeginRequest Request called at 10/8/2018 10:57:33 PM   :::   22:57:33.7284953

::::::::::: AuthenticateRequest Request called at 10/8/2018 10:57:33 PM   :::   22:57:33.7304931

::::::::::: PostAuthenticateRequest Request called at 10/8/2018 10:57:33 PM   :::   22:57:33.7319920

::::::::::: PostAuthorizeRequest Request called at 10/8/2018 10:57:33 PM   :::   22:57:33.7339946

::::::::::: PostAcquireRequestState Request called at 10/8/2018 10:57:33 PM   :::   22:57:33.7469944

::::::::::: PostResolveRequestCache Request called at 10/8/2018 10:57:33 PM   :::   22:57:33.7519940

::::::::::: AcquireRequestState Request called at 10/8/2018 10:57:33 PM   :::   22:57:33.7584937

::::::::::: UpdateRequestCache Request called at 10/8/2018 10:57:33 PM   :::   22:57:33.7599950

::::::::::: EndRequest Request called at 10/8/2018 10:57:33 PM   :::   22:57:33.7614943

::::::::::: ReleaseRequestState Request called at 10/8/2018 10:57:33 PM   :::   22:57:33.7624946

::::::::::: AcquireRequestState Request called at 10/8/2018 10:57:33 PM   :::   22:57:33.7719948

::::::::::: PostAcquireRequestState Request called at 10/8/2018 10:57:33 PM   :::   22:57:33.7749946

::::::::::: PreRequestHandlerExecute Request called at 10/8/2018 10:57:33 PM   :::   22:57:33.7764958

::::::::::: EndRequest Request called at 10/8/2018 10:57:33 PM   :::   22:57:33.7779947

::::::::::: PostReleaseRequestState Request called at 10/8/2018 10:57:33 PM   :::   22:57:33.7809937

::::::::::: UpdateRequestCache Request called at 10/8/2018 10:57:33 PM   :::   22:57:33.7904967

::::::::::: EndRequest Request called at 10/8/2018 10:57:33 PM   :::   22:57:33.7934957

::::::::::: PreSendRequestContent Request called at 10/8/2018 10:57:33 PM   :::   22:57:33.7959961

::::::::::: PreSendRequestHeaders Request called at 10/8/2018 10:57:33 PM   :::   22:57:33.7974934

::::::::::: BeginRequest Request called at 10/8/2018 10:57:34 PM   :::   22:57:34.1080012

::::::::::: AuthenticateRequest Request called at 10/8/2018 10:57:34 PM   :::   22:57:34.1100010

::::::::::: PostAuthenticateRequest Request called at 10/8/2018 10:57:34 PM   :::   22:57:34.1110021

::::::::::: AuthorizeRequest Request called at 10/8/2018 10:57:34 PM   :::   22:57:34.1140054

::::::::::: PostAuthorizeRequest Request called at 10/8/2018 10:57:34 PM   :::   22:57:34.1150006

::::::::::: End Request called at 10/8/2018 10:57:34 PM   :::   22:57:34.1170048

::::::::::: PostResolveRequestCache Request called at 10/8/2018 10:57:34 PM   :::   22:57:34.1180051

::::::::::: AcquireRequestState Request called at 10/8/2018 10:57:34 PM   :::   22:57:34.1190043

::::::::::: PostAcquireRequestState Request called at 10/8/2018 10:57:34 PM   :::   22:57:34.1260002

::::::::::: PreRequestHandlerExecute Request called at 10/8/2018 10:57:34 PM   :::   22:57:34.1269997

::::::::::: PostRequestHandlerExecute Request called at 10/8/2018 10:57:34 PM   :::   22:57:34.1290007

::::::::::: ReleaseRequestState Request called at 10/8/2018 10:57:34 PM   :::   22:57:34.1300054

::::::::::: PostReleaseRequestState Request called at 10/8/2018 10:57:34 PM   :::   22:57:34.1310037

::::::::::: UpdateRequestCache Request called at 10/8/2018 10:57:34 PM   :::   22:57:34.1320021

::::::::::: EndRequest Request called at 10/8/2018 10:57:34 PM   :::   22:57:34.1340019

::::::::::: PreSendRequestContent Request called at 10/8/2018 10:57:34 PM   :::   22:57:34.1350062

::::::::::: PreSendRequestHeaders Request called at 10/8/2018 10:57:34 PM   :::   22:57:34.1370029

::::::::::: BeginRequest Request called at 10/8/2018 10:57:34 PM   :::   22:57:34.1490007

::::::::::: AuthenticateRequest Request called at 10/8/2018 10:57:34 PM   :::   22:57:34.1500006

::::::::::: PostAuthenticateRequest Request called at 10/8/2018 10:57:34 PM   :::   22:57:34.1520005

::::::::::: AuthorizeRequest Request called at 10/8/2018 10:57:34 PM   :::   22:57:34.1600030

::::::::::: PostAuthorizeRequest Request called at 10/8/2018 10:57:34 PM   :::   22:57:34.1610037

::::::::::: End Request called at 10/8/2018 10:57:34 PM   :::   22:57:34.1630008

::::::::::: PostResolveRequestCache Request called at 10/8/2018 10:57:34 PM   :::   22:57:34.1650042

::::::::::: AcquireRequestState Request called at 10/8/2018 10:57:34 PM   :::   22:57:34.1670029

::::::::::: PostAcquireRequestState Request called at 10/8/2018 10:57:34 PM   :::   22:57:34.1690003

::::::::::: PreRequestHandlerExecute Request called at 10/8/2018 10:57:34 PM   :::   22:57:34.1700030

::::::::::: PostRequestHandlerExecute Request called at 10/8/2018 10:57:34 PM   :::   22:57:34.1730020

::::::::::: ReleaseRequestState Request called at 10/8/2018 10:57:34 PM   :::   22:57:34.1745116

::::::::::: PostReleaseRequestState Request called at 10/8/2018 10:57:34 PM   :::   22:57:34.1760120

::::::::::: UpdateRequestCache Request called at 10/8/2018 10:57:34 PM   :::   22:57:34.1805099

::::::::::: EndRequest Request called at 10/8/2018 10:57:34 PM   :::   22:57:34.1820108

::::::::::: PreSendRequestContent Request called at 10/8/2018 10:57:34 PM   :::   22:57:34.1840110

::::::::::: PreSendRequestHeaders Request called at 10/8/2018 10:57:34 PM   :::   22:57:34.1855099

::::::::::: BeginRequest Request called at 10/8/2018 10:57:34 PM   :::   22:57:34.2785369

::::::::::: AuthenticateRequest Request called at 10/8/2018 10:57:34 PM   :::   22:57:34.2800366

::::::::::: PostAuthenticateRequest Request called at 10/8/2018 10:57:34 PM   :::   22:57:34.2845361

::::::::::: AuthorizeRequest Request called at 10/8/2018 10:57:34 PM   :::   22:57:34.2865363

::::::::::: PostAuthorizeRequest Request called at 10/8/2018 10:57:34 PM   :::   22:57:34.2895388

::::::::::: End Request called at 10/8/2018 10:57:34 PM   :::   22:57:34.2940529

::::::::::: PostResolveRequestCache Request called at 10/8/2018 10:57:34 PM   :::   22:57:34.2960484

::::::::::: AcquireRequestState Request called at 10/8/2018 10:57:34 PM   :::   22:57:34.2970483

::::::::::: PostAcquireRequestState Request called at 10/8/2018 10:57:34 PM   :::   22:57:34.2980482

::::::::::: PreRequestHandlerExecute Request called at 10/8/2018 10:57:34 PM   :::   22:57:34.3000481

::::::::::: Error Request called at 10/8/2018 10:57:34 PM   :::   22:57:34.3010460

::::::::::: EndRequest Request called at 10/8/2018 10:57:34 PM   :::   22:57:34.3030478

::::::::::: PreSendRequestContent Request called at 10/8/2018 10:57:34 PM   :::   22:57:34.3080498

::::::::::: PreSendRequestHeaders Request called at 10/8/2018 10:57:34 PM   :::   22:57:34.3090517

::::::::::: BeginRequest Request called at 10/8/2018 10:57:34 PM   :::   22:57:34.6481897

::::::::::: AuthenticateRequest Request called at 10/8/2018 10:57:34 PM   :::   22:57:34.6491888

::::::::::: PostAuthenticateRequest Request called at 10/8/2018 10:57:34 PM   :::   22:57:34.6511895

::::::::::: AuthorizeRequest Request called at 10/8/2018 10:57:34 PM   :::   22:57:34.6521902

::::::::::: PostAuthorizeRequest Request called at 10/8/2018 10:57:34 PM   :::   22:57:34.6541892

::::::::::: End Request called at 10/8/2018 10:57:34 PM   :::   22:57:34.6551903

::::::::::: PostResolveRequestCache Request called at 10/8/2018 10:57:34 PM   :::   22:57:34.6581897

::::::::::: AcquireRequestState Request called at 10/8/2018 10:57:34 PM   :::   22:57:34.6591916

::::::::::: PostAcquireRequestState Request called at 10/8/2018 10:57:34 PM   :::   22:57:34.6611906

::::::::::: PreRequestHandlerExecute Request called at 10/8/2018 10:57:34 PM   :::   22:57:34.6621918

::::::::::: PostRequestHandlerExecute Request called at 10/8/2018 10:57:34 PM   :::   22:57:34.7032063

::::::::::: ReleaseRequestState Request called at 10/8/2018 10:57:34 PM   :::   22:57:34.7052069

::::::::::: PostReleaseRequestState Request called at 10/8/2018 10:57:34 PM   :::   22:57:34.7072068

::::::::::: UpdateRequestCache Request called at 10/8/2018 10:57:34 PM   :::   22:57:34.7082067

::::::::::: EndRequest Request called at 10/8/2018 10:57:34 PM   :::   22:57:34.7102065

::::::::::: PreSendRequestContent Request called at 10/8/2018 10:57:34 PM   :::   22:57:34.7112057

::::::::::: PreSendRequestHeaders Request called at 10/8/2018 10:57:34 PM   :::   22:57:34.7132067

::::::::::: BeginRequest Request called at 10/8/2018 10:57:36 PM   :::   22:57:36.7593487

::::::::::: AuthenticateRequest Request called at 10/8/2018 10:57:36 PM   :::   22:57:36.7603483

::::::::::: PostAuthenticateRequest Request called at 10/8/2018 10:57:36 PM   :::   22:57:36.7633496

::::::::::: AuthorizeRequest Request called at 10/8/2018 10:57:36 PM   :::   22:57:36.7653499

::::::::::: PostAuthorizeRequest Request called at 10/8/2018 10:57:36 PM   :::   22:57:36.7663470

::::::::::: End Request called at 10/8/2018 10:57:36 PM   :::   22:57:36.7703570

::::::::::: PostResolveRequestCache Request called at 10/8/2018 10:57:36 PM   :::   22:57:36.7743480

::::::::::: AcquireRequestState Request called at 10/8/2018 10:57:36 PM   :::   22:57:36.7763589

::::::::::: PostAcquireRequestState Request called at 10/8/2018 10:57:36 PM   :::   22:57:36.7778582

::::::::::: PreRequestHandlerExecute Request called at 10/8/2018 10:57:36 PM   :::   22:57:36.7798600

::::::::::: Error Request called at 10/8/2018 10:57:36 PM   :::   22:57:36.7823615

::::::::::: EndRequest Request called at 10/8/2018 10:57:36 PM   :::   22:57:36.7843606

::::::::::: PreSendRequestContent Request called at 10/8/2018 10:57:36 PM   :::   22:57:36.7883607

::::::::::: PreSendRequestHeaders Request called at 10/8/2018 10:57:36 PM   :::   22:57:36.7903601

::::::::::: BeginRequest Request called at 10/8/2018 10:57:38 PM   :::   22:57:38.2283372

::::::::::: AuthenticateRequest Request called at 10/8/2018 10:57:38 PM   :::   22:57:38.2303354

::::::::::: PostAuthenticateRequest Request called at 10/8/2018 10:57:38 PM   :::   22:57:38.2323353

::::::::::: AuthorizeRequest Request called at 10/8/2018 10:57:38 PM   :::   22:57:38.2513354

::::::::::: PostAuthorizeRequest Request called at 10/8/2018 10:57:38 PM   :::   22:57:38.2593359

::::::::::: End Request called at 10/8/2018 10:57:38 PM   :::   22:57:38.2613354

::::::::::: PostResolveRequestCache Request called at 10/8/2018 10:57:38 PM   :::   22:57:38.2633360

::::::::::: AcquireRequestState Request called at 10/8/2018 10:57:38 PM   :::   22:57:38.2653366

::::::::::: PostAcquireRequestState Request called at 10/8/2018 10:57:38 PM   :::   22:57:38.2693347

::::::::::: PreRequestHandlerExecute Request called at 10/8/2018 10:57:38 PM   :::   22:57:38.2713377

::::::::::: PostRequestHandlerExecute Request called at 10/8/2018 10:57:38 PM   :::   22:57:38.2733344

::::::::::: ReleaseRequestState Request called at 10/8/2018 10:57:38 PM   :::   22:57:38.2763441

::::::::::: PostReleaseRequestState Request called at 10/8/2018 10:57:38 PM   :::   22:57:38.2793438

::::::::::: UpdateRequestCache Request called at 10/8/2018 10:57:38 PM   :::   22:57:38.2863429

::::::::::: EndRequest Request called at 10/8/2018 10:57:38 PM   :::   22:57:38.2888421

::::::::::: PreSendRequestContent Request called at 10/8/2018 10:57:38 PM   :::   22:57:38.2908439

::::::::::: PreSendRequestHeaders Request called at 10/8/2018 10:57:38 PM   :::   22:57:38.2953532

::::::::::: BeginRequest Request called at 10/8/2018 10:57:41 PM   :::   22:57:41.5227100

::::::::::: AuthenticateRequest Request called at 10/8/2018 10:57:41 PM   :::   22:57:41.5247091

::::::::::: PostAuthenticateRequest Request called at 10/8/2018 10:57:41 PM   :::   22:57:41.5267101

::::::::::: AuthorizeRequest Request called at 10/8/2018 10:57:41 PM   :::   22:57:41.5297099

::::::::::: PostAuthorizeRequest Request called at 10/8/2018 10:57:41 PM   :::   22:57:41.5317196

::::::::::: End Request called at 10/8/2018 10:57:41 PM   :::   22:57:41.5337076

::::::::::: PostResolveRequestCache Request called at 10/8/2018 10:57:41 PM   :::   22:57:41.5357090

::::::::::: AcquireRequestState Request called at 10/8/2018 10:57:41 PM   :::   22:57:41.5367081

::::::::::: PostAcquireRequestState Request called at 10/8/2018 10:57:41 PM   :::   22:57:41.5387084

::::::::::: PreRequestHandlerExecute Request called at 10/8/2018 10:57:41 PM   :::   22:57:41.5397095

::::::::::: PostRequestHandlerExecute Request called at 10/8/2018 10:57:41 PM   :::   22:57:41.5417081

::::::::::: ReleaseRequestState Request called at 10/8/2018 10:57:41 PM   :::   22:57:41.5437088

::::::::::: PostReleaseRequestState Request called at 10/8/2018 10:57:41 PM   :::   22:57:41.5447079

::::::::::: UpdateRequestCache Request called at 10/8/2018 10:57:41 PM   :::   22:57:41.5467085

::::::::::: EndRequest Request called at 10/8/2018 10:57:41 PM   :::   22:57:41.5477084

::::::::::: PreSendRequestContent Request called at 10/8/2018 10:57:41 PM   :::   22:57:41.5497079

::::::::::: PreSendRequestHeaders Request called at 10/8/2018 10:57:41 PM   :::   22:57:41.5517085

::::::::::: BeginRequest Request called at 10/8/2018 10:58:18 PM   :::   22:58:18.3185038

::::::::::: EndRequest Request called at 10/8/2018 10:58:18 PM   :::   22:58:18.3330040

::::::::::: PreSendRequestContent Request called at 10/8/2018 10:58:18 PM   :::   22:58:18.4070053

::::::::::: PreSendRequestContent Request called at 10/8/2018 10:58:18 PM   :::   22:58:18.4380049

::::::::::: PreSendRequestHeaders Request called at 10/8/2018 10:58:18 PM   :::   22:58:18.4830057

::::::::::: AuthorizeRequest Request called at 10/8/2018 10:58:18 PM   :::   22:58:18.4980033

::::::::::: PostAuthorizeRequest Request called at 10/8/2018 10:58:18 PM   :::   22:58:18.5430041

::::::::::: End Request called at 10/8/2018 10:58:18 PM   :::   22:58:18.5725048

::::::::::: PostResolveRequestCache Request called at 10/8/2018 10:58:18 PM   :::   22:58:18.5845038

::::::::::: AcquireRequestState Request called at 10/8/2018 10:58:18 PM   :::   22:58:18.5935019

::::::::::: PostAcquireRequestState Request called at 10/8/2018 10:58:18 PM   :::   22:58:18.6005053

::::::::::: PreRequestHandlerExecute Request called at 10/8/2018 10:58:18 PM   :::   22:58:18.6055045

::::::::::: PostRequestHandlerExecute Request called at 10/8/2018 10:58:18 PM   :::   22:58:18.6170038

::::::::::: ReleaseRequestState Request called at 10/8/2018 10:58:18 PM   :::   22:58:18.6200032

::::::::::: PostReleaseRequestState Request called at 10/8/2018 10:58:18 PM   :::   22:58:18.6345050

::::::::::: UpdateRequestCache Request called at 10/8/2018 10:58:18 PM   :::   22:58:18.6380049

::::::::::: EndRequest Request called at 10/8/2018 10:58:18 PM   :::   22:58:18.6395034

::::::::::: PreSendRequestContent Request called at 10/8/2018 10:58:18 PM   :::   22:58:18.6415045

::::::::::: PreSendRequestHeaders Request called at 10/8/2018 10:58:18 PM   :::   22:58:18.6430053

::::::::::: BeginRequest Request called at 10/8/2018 10:59:24 PM   :::   22:59:24.6080527

::::::::::: AuthenticateRequest Request called at 10/8/2018 10:59:24 PM   :::   22:59:24.6105551

::::::::::: PostAuthenticateRequest Request called at 10/8/2018 10:59:24 PM   :::   22:59:24.6130531

::::::::::: AuthorizeRequest Request called at 10/8/2018 10:59:24 PM   :::   22:59:24.6150518

::::::::::: PostAuthorizeRequest Request called at 10/8/2018 10:59:24 PM   :::   22:59:24.6170524

::::::::::: End Request called at 10/8/2018 10:59:24 PM   :::   22:59:24.6180630

::::::::::: PostResolveRequestCache Request called at 10/8/2018 10:59:24 PM   :::   22:59:24.6210651

::::::::::: EndRequest Request called at 10/8/2018 10:59:24 PM   :::   22:59:24.6241016

::::::::::: PreSendRequestContent Request called at 10/8/2018 10:59:24 PM   :::   22:59:24.6280661

::::::::::: PreSendRequestHeaders Request called at 10/8/2018 10:59:24 PM   :::   22:59:24.6330630

::::::::::: BeginRequest Request called at 10/8/2018 11:06:14 PM   :::   23:06:14.4273440

::::::::::: AuthenticateRequest Request called at 10/8/2018 11:06:14 PM   :::   23:06:14.4793684

::::::::::: PostAuthenticateRequest Request called at 10/8/2018 11:06:14 PM   :::   23:06:14.7043539

::::::::::: AuthorizeRequest Request called at 10/8/2018 11:06:14 PM   :::   23:06:14.7063521

::::::::::: PostAuthorizeRequest Request called at 10/8/2018 11:06:14 PM   :::   23:06:14.7093515

::::::::::: End Request called at 10/8/2018 11:06:14 PM   :::   23:06:14.7113517

::::::::::: PostResolveRequestCache Request called at 10/8/2018 11:06:14 PM   :::   23:06:14.7323509

::::::::::: AcquireRequestState Request called at 10/8/2018 11:06:14 PM   :::   23:06:14.7373536

::::::::::: PostAcquireRequestState Request called at 10/8/2018 11:06:14 PM   :::   23:06:14.7403498

::::::::::: PreRequestHandlerExecute Request called at 10/8/2018 11:06:14 PM   :::   23:06:14.7423501

::::::::::: PostRequestHandlerExecute Request called at 10/8/2018 11:06:15 PM   :::   23:06:15.1827580

::::::::::: ReleaseRequestState Request called at 10/8/2018 11:06:15 PM   :::   23:06:15.1847531

::::::::::: PostReleaseRequestState Request called at 10/8/2018 11:06:15 PM   :::   23:06:15.1867530

::::::::::: UpdateRequestCache Request called at 10/8/2018 11:06:15 PM   :::   23:06:15.2317546

::::::::::: EndRequest Request called at 10/8/2018 11:06:15 PM   :::   23:06:15.2337536

::::::::::: PreSendRequestContent Request called at 10/8/2018 11:06:15 PM   :::   23:06:15.2733060

::::::::::: PreSendRequestHeaders Request called at 10/8/2018 11:06:15 PM   :::   23:06:15.2742822

::::::::::: BeginRequest Request called at 10/8/2018 11:06:15 PM   :::   23:06:15.3768060

::::::::::: AuthenticateRequest Request called at 10/8/2018 11:06:15 PM   :::   23:06:15.3798330

::::::::::: PostAuthenticateRequest Request called at 10/8/2018 11:06:15 PM   :::   23:06:15.3828276

::::::::::: BeginRequest Request called at 10/8/2018 11:06:15 PM   :::   23:06:15.3928169

::::::::::: AuthenticateRequest Request called at 10/8/2018 11:06:15 PM   :::   23:06:15.3958175

::::::::::: AuthorizeRequest Request called at 10/8/2018 11:06:15 PM   :::   23:06:15.3968154

::::::::::: PostAuthorizeRequest Request called at 10/8/2018 11:06:15 PM   :::   23:06:15.3988177

::::::::::: End Request called at 10/8/2018 11:06:15 PM   :::   23:06:15.4008175

::::::::::: PostResolveRequestCache Request called at 10/8/2018 11:06:15 PM   :::   23:06:15.4018174

::::::::::: AcquireRequestState Request called at 10/8/2018 11:06:15 PM   :::   23:06:15.4038161

::::::::::: PostAcquireRequestState Request called at 10/8/2018 11:06:15 PM   :::   23:06:15.4058163

::::::::::: PreRequestHandlerExecute Request called at 10/8/2018 11:06:15 PM   :::   23:06:15.4068162

::::::::::: PostRequestHandlerExecute Request called at 10/8/2018 11:06:15 PM   :::   23:06:15.4118166

::::::::::: ReleaseRequestState Request called at 10/8/2018 11:06:15 PM   :::   23:06:15.4128162

::::::::::: PostReleaseRequestState Request called at 10/8/2018 11:06:15 PM   :::   23:06:15.4148168

::::::::::: PostAuthenticateRequest Request called at 10/8/2018 11:06:15 PM   :::   23:06:15.4208163

::::::::::: AuthorizeRequest Request called at 10/8/2018 11:06:15 PM   :::   23:06:15.4418155

::::::::::: PostAuthorizeRequest Request called at 10/8/2018 11:06:15 PM   :::   23:06:15.4518170

::::::::::: End Request called at 10/8/2018 11:06:15 PM   :::   23:06:15.4588173

::::::::::: PostResolveRequestCache Request called at 10/8/2018 11:06:15 PM   :::   23:06:15.4788264

::::::::::: AcquireRequestState Request called at 10/8/2018 11:06:15 PM   :::   23:06:15.4808365

::::::::::: PostAcquireRequestState Request called at 10/8/2018 11:06:15 PM   :::   23:06:15.4828347

::::::::::: PreRequestHandlerExecute Request called at 10/8/2018 11:06:15 PM   :::   23:06:15.4858365

::::::::::: PostRequestHandlerExecute Request called at 10/8/2018 11:06:15 PM   :::   23:06:15.4888347

::::::::::: ReleaseRequestState Request called at 10/8/2018 11:06:15 PM   :::   23:06:15.4898346

::::::::::: PostReleaseRequestState Request called at 10/8/2018 11:06:15 PM   :::   23:06:15.4918340

::::::::::: UpdateRequestCache Request called at 10/8/2018 11:06:15 PM   :::   23:06:15.4928359

::::::::::: EndRequest Request called at 10/8/2018 11:06:15 PM   :::   23:06:15.4948381

::::::::::: PreSendRequestContent Request called at 10/8/2018 11:06:15 PM   :::   23:06:15.4968340

::::::::::: PreSendRequestHeaders Request called at 10/8/2018 11:06:15 PM   :::   23:06:15.4988347

::::::::::: BeginRequest Request called at 10/8/2018 11:06:15 PM   :::   23:06:15.5818578

::::::::::: AuthenticateRequest Request called at 10/8/2018 11:06:15 PM   :::   23:06:15.5848575

::::::::::: PostAuthenticateRequest Request called at 10/8/2018 11:06:15 PM   :::   23:06:15.5918550

::::::::::: BeginRequest Request called at 10/8/2018 11:06:15 PM   :::   23:06:15.6238568

::::::::::: AuthenticateRequest Request called at 10/8/2018 11:06:15 PM   :::   23:06:15.6248579

::::::::::: PostAuthenticateRequest Request called at 10/8/2018 11:06:15 PM   :::   23:06:15.6288576

::::::::::: AuthorizeRequest Request called at 10/8/2018 11:06:15 PM   :::   23:06:15.6328569

::::::::::: PostAuthorizeRequest Request called at 10/8/2018 11:06:15 PM   :::   23:06:15.6338560

::::::::::: End Request called at 10/8/2018 11:06:15 PM   :::   23:06:15.6358563

::::::::::: PostResolveRequestCache Request called at 10/8/2018 11:06:15 PM   :::   23:06:15.6368566

::::::::::: AcquireRequestState Request called at 10/8/2018 11:06:15 PM   :::   23:06:15.6378569

::::::::::: PostAcquireRequestState Request called at 10/8/2018 11:06:15 PM   :::   23:06:15.6408590

::::::::::: PreRequestHandlerExecute Request called at 10/8/2018 11:06:15 PM   :::   23:06:15.6428565

::::::::::: PostRequestHandlerExecute Request called at 10/8/2018 11:06:15 PM   :::   23:06:15.6448556

::::::::::: ReleaseRequestState Request called at 10/8/2018 11:06:15 PM   :::   23:06:15.6468550

::::::::::: PostReleaseRequestState Request called at 10/8/2018 11:06:15 PM   :::   23:06:15.6478549

::::::::::: UpdateRequestCache Request called at 10/8/2018 11:06:15 PM   :::   23:06:15.6498560

::::::::::: EndRequest Request called at 10/8/2018 11:06:15 PM   :::   23:06:15.6508559

::::::::::: PreSendRequestContent Request called at 10/8/2018 11:06:15 PM   :::   23:06:15.6528553

::::::::::: PreSendRequestHeaders Request called at 10/8/2018 11:06:15 PM   :::   23:06:15.6538553

::::::::::: AuthorizeRequest Request called at 10/8/2018 11:06:15 PM   :::   23:06:15.7398805

::::::::::: PostAuthorizeRequest Request called at 10/8/2018 11:06:15 PM   :::   23:06:15.7408816

::::::::::: End Request called at 10/8/2018 11:06:15 PM   :::   23:06:15.7438813

::::::::::: PostResolveRequestCache Request called at 10/8/2018 11:06:15 PM   :::   23:06:15.7468811

::::::::::: AcquireRequestState Request called at 10/8/2018 11:06:15 PM   :::   23:06:15.7488825

::::::::::: PostAcquireRequestState Request called at 10/8/2018 11:06:15 PM   :::   23:06:15.7508832

::::::::::: PreRequestHandlerExecute Request called at 10/8/2018 11:06:15 PM   :::   23:06:15.7528810

::::::::::: AuthenticateRequest Request called at 10/8/2018 11:06:15 PM   :::   23:06:15.7618815

::::::::::: PostRequestHandlerExecute Request called at 10/8/2018 11:06:15 PM   :::   23:06:15.7648943

::::::::::: ReleaseRequestState Request called at 10/8/2018 11:06:15 PM   :::   23:06:15.7748927

::::::::::: PostReleaseRequestState Request called at 10/8/2018 11:06:15 PM   :::   23:06:15.7999204

::::::::::: UpdateRequestCache Request called at 10/8/2018 11:06:15 PM   :::   23:06:15.8169226

::::::::::: EndRequest Request called at 10/8/2018 11:06:15 PM   :::   23:06:15.8189232

::::::::::: PreSendRequestContent Request called at 10/8/2018 11:06:15 PM   :::   23:06:15.8219222

::::::::::: PreSendRequestHeaders Request called at 10/8/2018 11:06:15 PM   :::   23:06:15.8249228

::::::::::: AuthorizeRequest Request called at 10/8/2018 11:06:15 PM   :::   23:06:15.8539209

::::::::::: PostAuthorizeRequest Request called at 10/8/2018 11:06:15 PM   :::   23:06:15.8549243

::::::::::: End Request called at 10/8/2018 11:06:15 PM   :::   23:06:15.8579217

::::::::::: PostResolveRequestCache Request called at 10/8/2018 11:06:15 PM   :::   23:06:15.8589209

::::::::::: AcquireRequestState Request called at 10/8/2018 11:06:15 PM   :::   23:06:15.8609211

::::::::::: PostAcquireRequestState Request called at 10/8/2018 11:06:15 PM   :::   23:06:15.8634302

::::::::::: PreRequestHandlerExecute Request called at 10/8/2018 11:06:15 PM   :::   23:06:15.8649307

::::::::::: PostRequestHandlerExecute Request called at 10/8/2018 11:06:15 PM   :::   23:06:15.8669305

::::::::::: ReleaseRequestState Request called at 10/8/2018 11:06:15 PM   :::   23:06:15.8689300

::::::::::: PostReleaseRequestState Request called at 10/8/2018 11:06:15 PM   :::   23:06:15.8709306

::::::::::: UpdateRequestCache Request called at 10/8/2018 11:06:15 PM   :::   23:06:15.8724311

::::::::::: EndRequest Request called at 10/8/2018 11:06:15 PM   :::   23:06:15.8744301

::::::::::: PreSendRequestContent Request called at 10/8/2018 11:06:15 PM   :::   23:06:15.8764304

::::::::::: PreSendRequestHeaders Request called at 10/8/2018 11:06:15 PM   :::   23:06:15.8779296

::::::::::: BeginRequest Request called at 10/8/2018 11:06:17 PM   :::   23:06:17.5973042

::::::::::: AuthenticateRequest Request called at 10/8/2018 11:06:17 PM   :::   23:06:17.5993049

::::::::::: PostAuthenticateRequest Request called at 10/8/2018 11:06:17 PM   :::   23:06:17.6023054

::::::::::: AuthorizeRequest Request called at 10/8/2018 11:06:17 PM   :::   23:06:17.6033034

::::::::::: PostAuthorizeRequest Request called at 10/8/2018 11:06:17 PM   :::   23:06:17.6053079

::::::::::: End Request called at 10/8/2018 11:06:17 PM   :::   23:06:17.6063114

::::::::::: PostResolveRequestCache Request called at 10/8/2018 11:06:17 PM   :::   23:06:17.6083247

::::::::::: AcquireRequestState Request called at 10/8/2018 11:06:17 PM   :::   23:06:17.6103036

::::::::::: PostAcquireRequestState Request called at 10/8/2018 11:06:17 PM   :::   23:06:17.6113043

::::::::::: PreRequestHandlerExecute Request called at 10/8/2018 11:06:17 PM   :::   23:06:17.6123058

::::::::::: PostRequestHandlerExecute Request called at 10/8/2018 11:06:17 PM   :::   23:06:17.6723066

::::::::::: ReleaseRequestState Request called at 10/8/2018 11:06:17 PM   :::   23:06:17.6738067

::::::::::: PostReleaseRequestState Request called at 10/8/2018 11:06:17 PM   :::   23:06:17.6753080

::::::::::: UpdateRequestCache Request called at 10/8/2018 11:06:17 PM   :::   23:06:17.6768065

::::::::::: EndRequest Request called at 10/8/2018 11:06:17 PM   :::   23:06:17.6783085

::::::::::: PreSendRequestContent Request called at 10/8/2018 11:06:17 PM   :::   23:06:17.6793108

::::::::::: PreSendRequestHeaders Request called at 10/8/2018 11:06:17 PM   :::   23:06:17.6813190

::::::::::: BeginRequest Request called at 10/8/2018 11:06:17 PM   :::   23:06:17.7793290

::::::::::: AuthenticateRequest Request called at 10/8/2018 11:06:17 PM   :::   23:06:17.7813391

::::::::::: PostAuthenticateRequest Request called at 10/8/2018 11:06:17 PM   :::   23:06:17.7843393

::::::::::: AuthorizeRequest Request called at 10/8/2018 11:06:17 PM   :::   23:06:17.7863427

::::::::::: PostAuthorizeRequest Request called at 10/8/2018 11:06:17 PM   :::   23:06:17.7883386

::::::::::: End Request called at 10/8/2018 11:06:17 PM   :::   23:06:17.7893401

::::::::::: PostResolveRequestCache Request called at 10/8/2018 11:06:17 PM   :::   23:06:17.7913383

::::::::::: AcquireRequestState Request called at 10/8/2018 11:06:17 PM   :::   23:06:17.7923387

::::::::::: PostAcquireRequestState Request called at 10/8/2018 11:06:17 PM   :::   23:06:17.7943365

::::::::::: PreRequestHandlerExecute Request called at 10/8/2018 11:06:17 PM   :::   23:06:17.7953372

::::::::::: Error Request called at 10/8/2018 11:06:17 PM   :::   23:06:17.7983382

::::::::::: EndRequest Request called at 10/8/2018 11:06:17 PM   :::   23:06:17.8043369

::::::::::: PreSendRequestContent Request called at 10/8/2018 11:06:17 PM   :::   23:06:17.8063356

::::::::::: PreSendRequestHeaders Request called at 10/8/2018 11:06:17 PM   :::   23:06:17.8083374

::::::::::: BeginRequest Request called at 10/8/2018 11:11:41 PM   :::   23:11:41.5300419

::::::::::: AuthenticateRequest Request called at 10/8/2018 11:11:41 PM   :::   23:11:41.5320401

::::::::::: PostAuthenticateRequest Request called at 10/8/2018 11:11:41 PM   :::   23:11:41.5350422

::::::::::: AuthorizeRequest Request called at 10/8/2018 11:11:41 PM   :::   23:11:41.5380436

::::::::::: PostAuthorizeRequest Request called at 10/8/2018 11:11:41 PM   :::   23:11:41.5430408

::::::::::: End Request called at 10/8/2018 11:11:41 PM   :::   23:11:41.5450415

::::::::::: PostResolveRequestCache Request called at 10/8/2018 11:11:41 PM   :::   23:11:41.5470393

::::::::::: EndRequest Request called at 10/8/2018 11:11:41 PM   :::   23:11:41.5490411

::::::::::: PreSendRequestContent Request called at 10/8/2018 11:11:41 PM   :::   23:11:41.5520425

::::::::::: PreSendRequestHeaders Request called at 10/8/2018 11:11:41 PM   :::   23:11:41.5550391

