::::::::::: BeginRequest Request called at 11/18/2018 10:33:54 PM   :::   22:33:54.0512066

::::::::::: AuthenticateRequest Request called at 11/18/2018 10:33:54 PM   :::   22:33:54.1217156

::::::::::: PostAuthenticateRequest Request called at 11/18/2018 10:33:54 PM   :::   22:33:54.4452297

::::::::::: AuthorizeRequest Request called at 11/18/2018 10:33:54 PM   :::   22:33:54.4477277

::::::::::: PostAuthorizeRequest Request called at 11/18/2018 10:33:54 PM   :::   22:33:54.4497307

::::::::::: End Request called at 11/18/2018 10:33:54 PM   :::   22:33:54.4517282

::::::::::: PostResolveRequestCache Request called at 11/18/2018 10:33:54 PM   :::   22:33:54.4792306

::::::::::: AcquireRequestState Request called at 11/18/2018 10:33:54 PM   :::   22:33:54.4957291

::::::::::: PostAcquireRequestState Request called at 11/18/2018 10:33:54 PM   :::   22:33:54.4987285

::::::::::: PreRequestHandlerExecute Request called at 11/18/2018 10:33:54 PM   :::   22:33:54.5007299

::::::::::: PostRequestHandlerExecute Request called at 11/18/2018 10:33:55 PM   :::   22:33:55.1478359

::::::::::: ReleaseRequestState Request called at 11/18/2018 10:33:55 PM   :::   22:33:55.1498306

::::::::::: PostReleaseRequestState Request called at 11/18/2018 10:33:55 PM   :::   22:33:55.1523468

::::::::::: UpdateRequestCache Request called at 11/18/2018 10:33:55 PM   :::   22:33:55.2118570

::::::::::: EndRequest Request called at 11/18/2018 10:33:55 PM   :::   22:33:55.2138557

::::::::::: PreSendRequestContent Request called at 11/18/2018 10:33:55 PM   :::   22:33:55.2528637

::::::::::: PreSendRequestHeaders Request called at 11/18/2018 10:33:55 PM   :::   22:33:55.2548619

::::::::::: BeginRequest Request called at 11/18/2018 10:33:55 PM   :::   22:33:55.5684163

::::::::::: AuthenticateRequest Request called at 11/18/2018 10:33:55 PM   :::   22:33:55.5754170

::::::::::: PostAuthenticateRequest Request called at 11/18/2018 10:33:55 PM   :::   22:33:55.6024172

::::::::::: BeginRequest Request called at 11/18/2018 10:33:55 PM   :::   22:33:55.6044187

::::::::::: AuthenticateRequest Request called at 11/18/2018 10:33:55 PM   :::   22:33:55.6064173

::::::::::: PostAuthenticateRequest Request called at 11/18/2018 10:33:55 PM   :::   22:33:55.6089169

::::::::::: AuthorizeRequest Request called at 11/18/2018 10:33:55 PM   :::   22:33:55.6639158

::::::::::: PostAuthorizeRequest Request called at 11/18/2018 10:33:55 PM   :::   22:33:55.6659156

::::::::::: End Request called at 11/18/2018 10:33:55 PM   :::   22:33:55.6674157

::::::::::: PostResolveRequestCache Request called at 11/18/2018 10:33:55 PM   :::   22:33:55.6704151

::::::::::: AcquireRequestState Request called at 11/18/2018 10:33:55 PM   :::   22:33:55.6724157

::::::::::: PostAcquireRequestState Request called at 11/18/2018 10:33:55 PM   :::   22:33:55.6744156

::::::::::: PreRequestHandlerExecute Request called at 11/18/2018 10:33:55 PM   :::   22:33:55.6759157

::::::::::: PostRequestHandlerExecute Request called at 11/18/2018 10:33:55 PM   :::   22:33:55.6809157

::::::::::: ReleaseRequestState Request called at 11/18/2018 10:33:55 PM   :::   22:33:55.6829159

::::::::::: PostReleaseRequestState Request called at 11/18/2018 10:33:55 PM   :::   22:33:55.6859165

::::::::::: UpdateRequestCache Request called at 11/18/2018 10:33:55 PM   :::   22:33:55.6874161

::::::::::: EndRequest Request called at 11/18/2018 10:33:55 PM   :::   22:33:55.6894164

::::::::::: PreSendRequestContent Request called at 11/18/2018 10:33:55 PM   :::   22:33:55.6919164

::::::::::: PreSendRequestHeaders Request called at 11/18/2018 10:33:55 PM   :::   22:33:55.6934165

::::::::::: AuthorizeRequest Request called at 11/18/2018 10:33:55 PM   :::   22:33:55.7559165

::::::::::: PostAuthorizeRequest Request called at 11/18/2018 10:33:55 PM   :::   22:33:55.7584173

::::::::::: End Request called at 11/18/2018 10:33:55 PM   :::   22:33:55.7604160

::::::::::: PostResolveRequestCache Request called at 11/18/2018 10:33:55 PM   :::   22:33:55.7624162

::::::::::: AcquireRequestState Request called at 11/18/2018 10:33:55 PM   :::   22:33:55.7644173

::::::::::: PostAcquireRequestState Request called at 11/18/2018 10:33:55 PM   :::   22:33:55.7659170

::::::::::: PreRequestHandlerExecute Request called at 11/18/2018 10:33:55 PM   :::   22:33:55.7679156

::::::::::: PostRequestHandlerExecute Request called at 11/18/2018 10:33:55 PM   :::   22:33:55.7714171

::::::::::: ReleaseRequestState Request called at 11/18/2018 10:33:55 PM   :::   22:33:55.7734170

::::::::::: PostReleaseRequestState Request called at 11/18/2018 10:33:55 PM   :::   22:33:55.7749174

::::::::::: UpdateRequestCache Request called at 11/18/2018 10:33:55 PM   :::   22:33:55.7944161

::::::::::: EndRequest Request called at 11/18/2018 10:33:55 PM   :::   22:33:55.7964152

::::::::::: PreSendRequestContent Request called at 11/18/2018 10:33:55 PM   :::   22:33:55.7984170

::::::::::: PreSendRequestHeaders Request called at 11/18/2018 10:33:55 PM   :::   22:33:55.7999175

::::::::::: BeginRequest Request called at 11/18/2018 10:33:55 PM   :::   22:33:55.8309170

::::::::::: AuthenticateRequest Request called at 11/18/2018 10:33:55 PM   :::   22:33:55.8329177

::::::::::: PostAuthenticateRequest Request called at 11/18/2018 10:33:55 PM   :::   22:33:55.8354177

::::::::::: AuthorizeRequest Request called at 11/18/2018 10:33:55 PM   :::   22:33:55.8649160

::::::::::: PostAuthorizeRequest Request called at 11/18/2018 10:33:55 PM   :::   22:33:55.8664172

::::::::::: End Request called at 11/18/2018 10:33:55 PM   :::   22:33:55.8689180

::::::::::: PostResolveRequestCache Request called at 11/18/2018 10:33:55 PM   :::   22:33:55.8714168

::::::::::: AcquireRequestState Request called at 11/18/2018 10:33:55 PM   :::   22:33:55.8734171

::::::::::: PostAcquireRequestState Request called at 11/18/2018 10:33:55 PM   :::   22:33:55.8764168

::::::::::: PreRequestHandlerExecute Request called at 11/18/2018 10:33:55 PM   :::   22:33:55.8789165

::::::::::: PostRequestHandlerExecute Request called at 11/18/2018 10:33:55 PM   :::   22:33:55.8829177

::::::::::: ReleaseRequestState Request called at 11/18/2018 10:33:55 PM   :::   22:33:55.8859167

::::::::::: PostReleaseRequestState Request called at 11/18/2018 10:33:55 PM   :::   22:33:55.8874164

::::::::::: UpdateRequestCache Request called at 11/18/2018 10:33:55 PM   :::   22:33:55.8889177

::::::::::: EndRequest Request called at 11/18/2018 10:33:55 PM   :::   22:33:55.8909155

::::::::::: PreSendRequestContent Request called at 11/18/2018 10:33:55 PM   :::   22:33:55.8929165

::::::::::: PreSendRequestHeaders Request called at 11/18/2018 10:33:55 PM   :::   22:33:55.8944170

::::::::::: BeginRequest Request called at 11/18/2018 10:33:56 PM   :::   22:33:56.7289861

::::::::::: AuthenticateRequest Request called at 11/18/2018 10:33:56 PM   :::   22:33:56.7309860

::::::::::: PostAuthenticateRequest Request called at 11/18/2018 10:33:56 PM   :::   22:33:56.7339854

::::::::::: AuthorizeRequest Request called at 11/18/2018 10:33:56 PM   :::   22:33:56.8020061

::::::::::: PostAuthorizeRequest Request called at 11/18/2018 10:33:56 PM   :::   22:33:56.8050083

::::::::::: End Request called at 11/18/2018 10:33:56 PM   :::   22:33:56.8070073

::::::::::: PostResolveRequestCache Request called at 11/18/2018 10:33:56 PM   :::   22:33:56.8100059

::::::::::: AcquireRequestState Request called at 11/18/2018 10:33:56 PM   :::   22:33:56.8120085

::::::::::: PostAcquireRequestState Request called at 11/18/2018 10:33:56 PM   :::   22:33:56.8140052

::::::::::: PreRequestHandlerExecute Request called at 11/18/2018 10:33:56 PM   :::   22:33:56.8160050

::::::::::: PostRequestHandlerExecute Request called at 11/18/2018 10:33:56 PM   :::   22:33:56.8210066

::::::::::: ReleaseRequestState Request called at 11/18/2018 10:33:56 PM   :::   22:33:56.8230081

::::::::::: PostReleaseRequestState Request called at 11/18/2018 10:33:56 PM   :::   22:33:56.8260078

::::::::::: UpdateRequestCache Request called at 11/18/2018 10:33:56 PM   :::   22:33:56.8310106

::::::::::: EndRequest Request called at 11/18/2018 10:33:56 PM   :::   22:33:56.8330089

::::::::::: PreSendRequestContent Request called at 11/18/2018 10:33:56 PM   :::   22:33:56.8380061

::::::::::: PreSendRequestHeaders Request called at 11/18/2018 10:33:56 PM   :::   22:33:56.8440092

::::::::::: BeginRequest Request called at 11/18/2018 10:33:58 PM   :::   22:33:58.9112550

::::::::::: AuthenticateRequest Request called at 11/18/2018 10:33:58 PM   :::   22:33:58.9122581

::::::::::: PostAuthenticateRequest Request called at 11/18/2018 10:33:58 PM   :::   22:33:58.9147554

::::::::::: AuthorizeRequest Request called at 11/18/2018 10:33:58 PM   :::   22:33:58.9182573

::::::::::: PostAuthorizeRequest Request called at 11/18/2018 10:33:58 PM   :::   22:33:58.9202563

::::::::::: End Request called at 11/18/2018 10:33:58 PM   :::   22:33:58.9217556

::::::::::: PostResolveRequestCache Request called at 11/18/2018 10:33:58 PM   :::   22:33:58.9237554

::::::::::: AcquireRequestState Request called at 11/18/2018 10:33:58 PM   :::   22:33:58.9257561

::::::::::: PostAcquireRequestState Request called at 11/18/2018 10:33:58 PM   :::   22:33:58.9277543

::::::::::: PreRequestHandlerExecute Request called at 11/18/2018 10:33:58 PM   :::   22:33:58.9297554

::::::::::: Error Request called at 11/18/2018 10:33:58 PM   :::   22:33:58.9337570

::::::::::: EndRequest Request called at 11/18/2018 10:33:58 PM   :::   22:33:58.9447566

::::::::::: PreSendRequestContent Request called at 11/18/2018 10:33:58 PM   :::   22:33:58.9472562

::::::::::: PreSendRequestHeaders Request called at 11/18/2018 10:33:58 PM   :::   22:33:58.9487555

::::::::::: BeginRequest Request called at 11/18/2018 10:34:01 PM   :::   22:34:01.8073662

::::::::::: AuthenticateRequest Request called at 11/18/2018 10:34:01 PM   :::   22:34:01.8093656

::::::::::: PostAuthenticateRequest Request called at 11/18/2018 10:34:01 PM   :::   22:34:01.8143597

::::::::::: AuthorizeRequest Request called at 11/18/2018 10:34:01 PM   :::   22:34:01.8183614

::::::::::: PostAuthorizeRequest Request called at 11/18/2018 10:34:01 PM   :::   22:34:01.8223614

::::::::::: End Request called at 11/18/2018 10:34:01 PM   :::   22:34:01.8253608

::::::::::: PostResolveRequestCache Request called at 11/18/2018 10:34:01 PM   :::   22:34:01.8303624

::::::::::: AcquireRequestState Request called at 11/18/2018 10:34:01 PM   :::   22:34:01.8333629

::::::::::: PostAcquireRequestState Request called at 11/18/2018 10:34:01 PM   :::   22:34:01.8373611

::::::::::: PreRequestHandlerExecute Request called at 11/18/2018 10:34:01 PM   :::   22:34:01.8403620

::::::::::: PostRequestHandlerExecute Request called at 11/18/2018 10:34:01 PM   :::   22:34:01.9463719

::::::::::: ReleaseRequestState Request called at 11/18/2018 10:34:01 PM   :::   22:34:01.9473722

::::::::::: PostReleaseRequestState Request called at 11/18/2018 10:34:01 PM   :::   22:34:01.9483733

::::::::::: UpdateRequestCache Request called at 11/18/2018 10:34:01 PM   :::   22:34:01.9503716

::::::::::: EndRequest Request called at 11/18/2018 10:34:01 PM   :::   22:34:01.9513723

::::::::::: PreSendRequestContent Request called at 11/18/2018 10:34:01 PM   :::   22:34:01.9533765

::::::::::: PreSendRequestHeaders Request called at 11/18/2018 10:34:01 PM   :::   22:34:01.9553728

