::::::::::: BeginRequest Request called at 11/1/2018 12:10:46 AM   :::   00:10:46.5790136

::::::::::: AuthenticateRequest Request called at 11/1/2018 12:10:46 AM   :::   00:10:46.6585179

::::::::::: PostAuthenticateRequest Request called at 11/1/2018 12:10:46 AM   :::   00:10:46.9785159

::::::::::: AuthorizeRequest Request called at 11/1/2018 12:10:46 AM   :::   00:10:46.9805161

::::::::::: PostAuthorizeRequest Request called at 11/1/2018 12:10:46 AM   :::   00:10:46.9820146

::::::::::: End Request called at 11/1/2018 12:10:46 AM   :::   00:10:46.9840251

::::::::::: PostResolveRequestCache Request called at 11/1/2018 12:10:46 AM   :::   00:10:46.9980225

::::::::::: AcquireRequestState Request called at 11/1/2018 12:10:47 AM   :::   00:10:47.0040255

::::::::::: PostAcquireRequestState Request called at 11/1/2018 12:10:47 AM   :::   00:10:47.0100239

::::::::::: PreRequestHandlerExecute Request called at 11/1/2018 12:10:47 AM   :::   00:10:47.0130256

::::::::::: PostRequestHandlerExecute Request called at 11/1/2018 12:10:47 AM   :::   00:10:47.2840894

::::::::::: ReleaseRequestState Request called at 11/1/2018 12:10:47 AM   :::   00:10:47.2870892

::::::::::: PostReleaseRequestState Request called at 11/1/2018 12:10:47 AM   :::   00:10:47.2910897

::::::::::: UpdateRequestCache Request called at 11/1/2018 12:10:47 AM   :::   00:10:47.3590899

::::::::::: EndRequest Request called at 11/1/2018 12:10:47 AM   :::   00:10:47.3620889

::::::::::: PreSendRequestContent Request called at 11/1/2018 12:10:47 AM   :::   00:10:47.4010985

::::::::::: PreSendRequestHeaders Request called at 11/1/2018 12:10:47 AM   :::   00:10:47.4031019

::::::::::: BeginRequest Request called at 11/1/2018 12:10:47 AM   :::   00:10:47.6171366

::::::::::: AuthenticateRequest Request called at 11/1/2018 12:10:47 AM   :::   00:10:47.6201359

::::::::::: PostAuthenticateRequest Request called at 11/1/2018 12:10:47 AM   :::   00:10:47.6421334

::::::::::: AuthorizeRequest Request called at 11/1/2018 12:10:47 AM   :::   00:10:47.6441341

::::::::::: PostAuthorizeRequest Request called at 11/1/2018 12:10:47 AM   :::   00:10:47.6461327

::::::::::: End Request called at 11/1/2018 12:10:47 AM   :::   00:10:47.6471327

::::::::::: PostResolveRequestCache Request called at 11/1/2018 12:10:47 AM   :::   00:10:47.6491329

::::::::::: AcquireRequestState Request called at 11/1/2018 12:10:47 AM   :::   00:10:47.6501356

::::::::::: PostAcquireRequestState Request called at 11/1/2018 12:10:47 AM   :::   00:10:47.6521346

::::::::::: PreRequestHandlerExecute Request called at 11/1/2018 12:10:47 AM   :::   00:10:47.6541345

::::::::::: PostRequestHandlerExecute Request called at 11/1/2018 12:10:47 AM   :::   00:10:47.6581357

::::::::::: ReleaseRequestState Request called at 11/1/2018 12:10:47 AM   :::   00:10:47.6601360

::::::::::: PostReleaseRequestState Request called at 11/1/2018 12:10:47 AM   :::   00:10:47.6621354

::::::::::: UpdateRequestCache Request called at 11/1/2018 12:10:47 AM   :::   00:10:47.6786442

::::::::::: EndRequest Request called at 11/1/2018 12:10:47 AM   :::   00:10:47.6801431

::::::::::: PreSendRequestContent Request called at 11/1/2018 12:10:47 AM   :::   00:10:47.6821434

::::::::::: PreSendRequestHeaders Request called at 11/1/2018 12:10:47 AM   :::   00:10:47.6841531

::::::::::: BeginRequest Request called at 11/1/2018 12:10:51 AM   :::   00:10:51.8229433

::::::::::: AuthenticateRequest Request called at 11/1/2018 12:10:51 AM   :::   00:10:51.8249625

::::::::::: PostAuthenticateRequest Request called at 11/1/2018 12:10:51 AM   :::   00:10:51.8269469

::::::::::: AuthorizeRequest Request called at 11/1/2018 12:10:51 AM   :::   00:10:51.8289484

::::::::::: PostAuthorizeRequest Request called at 11/1/2018 12:10:51 AM   :::   00:10:51.8309415

::::::::::: End Request called at 11/1/2018 12:10:51 AM   :::   00:10:51.8319418

::::::::::: PostResolveRequestCache Request called at 11/1/2018 12:10:51 AM   :::   00:10:51.8339428

::::::::::: AcquireRequestState Request called at 11/1/2018 12:10:51 AM   :::   00:10:51.8359427

::::::::::: PostAcquireRequestState Request called at 11/1/2018 12:10:51 AM   :::   00:10:51.8379429

::::::::::: PreRequestHandlerExecute Request called at 11/1/2018 12:10:51 AM   :::   00:10:51.8389436

::::::::::: PostRequestHandlerExecute Request called at 11/1/2018 12:10:51 AM   :::   00:10:51.8859767

::::::::::: ReleaseRequestState Request called at 11/1/2018 12:10:51 AM   :::   00:10:51.8879797

::::::::::: PostReleaseRequestState Request called at 11/1/2018 12:10:51 AM   :::   00:10:51.8899799

::::::::::: UpdateRequestCache Request called at 11/1/2018 12:10:51 AM   :::   00:10:51.8909810

::::::::::: EndRequest Request called at 11/1/2018 12:10:51 AM   :::   00:10:51.8929789

::::::::::: PreSendRequestContent Request called at 11/1/2018 12:10:51 AM   :::   00:10:51.8949799

::::::::::: PreSendRequestHeaders Request called at 11/1/2018 12:10:51 AM   :::   00:10:51.8969810

::::::::::: BeginRequest Request called at 11/1/2018 12:13:26 AM   :::   00:13:26.7915857

::::::::::: AuthenticateRequest Request called at 11/1/2018 12:13:26 AM   :::   00:13:26.8765854

::::::::::: PostAuthenticateRequest Request called at 11/1/2018 12:13:27 AM   :::   00:13:27.1750845

::::::::::: AuthorizeRequest Request called at 11/1/2018 12:13:27 AM   :::   00:13:27.1780854

::::::::::: PostAuthorizeRequest Request called at 11/1/2018 12:13:27 AM   :::   00:13:27.1800853

::::::::::: End Request called at 11/1/2018 12:13:27 AM   :::   00:13:27.1855851

::::::::::: PostResolveRequestCache Request called at 11/1/2018 12:13:27 AM   :::   00:13:27.4890838

::::::::::: AcquireRequestState Request called at 11/1/2018 12:13:27 AM   :::   00:13:27.5015857

::::::::::: PostAcquireRequestState Request called at 11/1/2018 12:13:27 AM   :::   00:13:27.5040850

::::::::::: PreRequestHandlerExecute Request called at 11/1/2018 12:13:27 AM   :::   00:13:27.5060868

::::::::::: PostRequestHandlerExecute Request called at 11/1/2018 12:13:33 AM   :::   00:13:33.9533647

::::::::::: ReleaseRequestState Request called at 11/1/2018 12:13:33 AM   :::   00:13:33.9643599

::::::::::: PostReleaseRequestState Request called at 11/1/2018 12:13:34 AM   :::   00:13:34.0153642

::::::::::: UpdateRequestCache Request called at 11/1/2018 12:13:34 AM   :::   00:13:34.1158593

::::::::::: EndRequest Request called at 11/1/2018 12:13:34 AM   :::   00:13:34.1193608

::::::::::: PreSendRequestContent Request called at 11/1/2018 12:13:34 AM   :::   00:13:34.1503612

::::::::::: PreSendRequestHeaders Request called at 11/1/2018 12:13:34 AM   :::   00:13:34.1548610

::::::::::: BeginRequest Request called at 11/1/2018 12:14:36 AM   :::   00:14:36.6062357

::::::::::: AuthenticateRequest Request called at 11/1/2018 12:14:36 AM   :::   00:14:36.6407368

::::::::::: PostAuthenticateRequest Request called at 11/1/2018 12:14:36 AM   :::   00:14:36.8837356

::::::::::: AuthorizeRequest Request called at 11/1/2018 12:14:36 AM   :::   00:14:36.8862341

::::::::::: PostAuthorizeRequest Request called at 11/1/2018 12:14:36 AM   :::   00:14:36.8882379

::::::::::: End Request called at 11/1/2018 12:14:36 AM   :::   00:14:36.8907367

::::::::::: PostResolveRequestCache Request called at 11/1/2018 12:14:37 AM   :::   00:14:37.0512358

::::::::::: AcquireRequestState Request called at 11/1/2018 12:14:37 AM   :::   00:14:37.0577351

::::::::::: PostAcquireRequestState Request called at 11/1/2018 12:14:37 AM   :::   00:14:37.0602363

::::::::::: PreRequestHandlerExecute Request called at 11/1/2018 12:14:37 AM   :::   00:14:37.0617380

::::::::::: PostRequestHandlerExecute Request called at 11/1/2018 12:14:43 AM   :::   00:14:43.4139116

::::::::::: ReleaseRequestState Request called at 11/1/2018 12:14:43 AM   :::   00:14:43.4164131

::::::::::: PostReleaseRequestState Request called at 11/1/2018 12:14:43 AM   :::   00:14:43.4219137

::::::::::: UpdateRequestCache Request called at 11/1/2018 12:14:43 AM   :::   00:14:43.4944118

::::::::::: EndRequest Request called at 11/1/2018 12:14:43 AM   :::   00:14:43.4979113

::::::::::: PreSendRequestContent Request called at 11/1/2018 12:14:43 AM   :::   00:14:43.5284107

::::::::::: PreSendRequestHeaders Request called at 11/1/2018 12:14:43 AM   :::   00:14:43.5314109

::::::::::: BeginRequest Request called at 11/1/2018 12:17:11 AM   :::   00:17:11.6282526

::::::::::: AuthenticateRequest Request called at 11/1/2018 12:17:11 AM   :::   00:17:11.6652544

::::::::::: PostAuthenticateRequest Request called at 11/1/2018 12:17:11 AM   :::   00:17:11.9542608

::::::::::: AuthorizeRequest Request called at 11/1/2018 12:17:11 AM   :::   00:17:11.9572625

::::::::::: PostAuthorizeRequest Request called at 11/1/2018 12:17:11 AM   :::   00:17:11.9592612

::::::::::: End Request called at 11/1/2018 12:17:11 AM   :::   00:17:11.9642639

::::::::::: PostResolveRequestCache Request called at 11/1/2018 12:17:12 AM   :::   00:17:12.1082606

::::::::::: AcquireRequestState Request called at 11/1/2018 12:17:12 AM   :::   00:17:12.1242621

::::::::::: PostAcquireRequestState Request called at 11/1/2018 12:17:12 AM   :::   00:17:12.1277609

::::::::::: PreRequestHandlerExecute Request called at 11/1/2018 12:17:12 AM   :::   00:17:12.1302609

::::::::::: PostRequestHandlerExecute Request called at 11/1/2018 12:17:24 AM   :::   00:17:24.6102476

::::::::::: ReleaseRequestState Request called at 11/1/2018 12:17:24 AM   :::   00:17:24.6122463

::::::::::: PostReleaseRequestState Request called at 11/1/2018 12:17:24 AM   :::   00:17:24.6182454

::::::::::: UpdateRequestCache Request called at 11/1/2018 12:17:24 AM   :::   00:17:24.6942778

::::::::::: EndRequest Request called at 11/1/2018 12:17:24 AM   :::   00:17:24.7052750

::::::::::: PreSendRequestContent Request called at 11/1/2018 12:17:24 AM   :::   00:17:24.7342858

::::::::::: PreSendRequestHeaders Request called at 11/1/2018 12:17:24 AM   :::   00:17:24.7367858

::::::::::: BeginRequest Request called at 11/1/2018 12:22:59 AM   :::   00:22:59.4954409

::::::::::: AuthenticateRequest Request called at 11/1/2018 12:22:59 AM   :::   00:22:59.5209368

::::::::::: PostAuthenticateRequest Request called at 11/1/2018 12:22:59 AM   :::   00:22:59.7329392

::::::::::: AuthorizeRequest Request called at 11/1/2018 12:22:59 AM   :::   00:22:59.7354396

::::::::::: PostAuthorizeRequest Request called at 11/1/2018 12:22:59 AM   :::   00:22:59.7374403

::::::::::: End Request called at 11/1/2018 12:22:59 AM   :::   00:22:59.7404412

::::::::::: PostResolveRequestCache Request called at 11/1/2018 12:22:59 AM   :::   00:22:59.8799381

::::::::::: AcquireRequestState Request called at 11/1/2018 12:22:59 AM   :::   00:22:59.8864393

::::::::::: PostAcquireRequestState Request called at 11/1/2018 12:22:59 AM   :::   00:22:59.8894375

::::::::::: PreRequestHandlerExecute Request called at 11/1/2018 12:22:59 AM   :::   00:22:59.8914397

::::::::::: PostRequestHandlerExecute Request called at 11/1/2018 12:23:12 AM   :::   00:23:12.4870993

::::::::::: ReleaseRequestState Request called at 11/1/2018 12:23:12 AM   :::   00:23:12.4900991

::::::::::: PostReleaseRequestState Request called at 11/1/2018 12:23:12 AM   :::   00:23:12.4951046

::::::::::: UpdateRequestCache Request called at 11/1/2018 12:23:13 AM   :::   00:23:13.7176072

::::::::::: EndRequest Request called at 11/1/2018 12:23:13 AM   :::   00:23:13.7216073

::::::::::: PreSendRequestContent Request called at 11/1/2018 12:23:13 AM   :::   00:23:13.7526175

::::::::::: PreSendRequestHeaders Request called at 11/1/2018 12:23:13 AM   :::   00:23:13.7601175

::::::::::: BeginRequest Request called at 11/1/2018 12:24:35 AM   :::   00:24:35.2602034

::::::::::: AuthenticateRequest Request called at 11/1/2018 12:24:35 AM   :::   00:24:35.2642161

::::::::::: PostAuthenticateRequest Request called at 11/1/2018 12:24:35 AM   :::   00:24:35.2692146

::::::::::: AuthorizeRequest Request called at 11/1/2018 12:24:35 AM   :::   00:24:35.2712136

::::::::::: PostAuthorizeRequest Request called at 11/1/2018 12:24:35 AM   :::   00:24:35.2722167

::::::::::: End Request called at 11/1/2018 12:24:35 AM   :::   00:24:35.2742169

::::::::::: PostResolveRequestCache Request called at 11/1/2018 12:24:35 AM   :::   00:24:35.2762148

::::::::::: AcquireRequestState Request called at 11/1/2018 12:24:35 AM   :::   00:24:35.2782142

::::::::::: PostAcquireRequestState Request called at 11/1/2018 12:24:35 AM   :::   00:24:35.2822163

::::::::::: PreRequestHandlerExecute Request called at 11/1/2018 12:24:35 AM   :::   00:24:35.2852129

::::::::::: BeginRequest Request called at 11/1/2018 12:24:50 AM   :::   00:24:50.1350698

::::::::::: AuthenticateRequest Request called at 11/1/2018 12:24:50 AM   :::   00:24:50.1370677

::::::::::: PostAuthenticateRequest Request called at 11/1/2018 12:24:50 AM   :::   00:24:50.1390679

::::::::::: AuthorizeRequest Request called at 11/1/2018 12:24:50 AM   :::   00:24:50.1410686

::::::::::: PostAuthorizeRequest Request called at 11/1/2018 12:24:50 AM   :::   00:24:50.1420709

::::::::::: End Request called at 11/1/2018 12:24:50 AM   :::   00:24:50.1430700

::::::::::: PostResolveRequestCache Request called at 11/1/2018 12:24:50 AM   :::   00:24:50.1450675

::::::::::: AcquireRequestState Request called at 11/1/2018 12:24:50 AM   :::   00:24:50.1460710

::::::::::: PostAcquireRequestState Request called at 11/1/2018 12:24:50 AM   :::   00:24:50.1480720

::::::::::: PreRequestHandlerExecute Request called at 11/1/2018 12:24:50 AM   :::   00:24:50.1500683

::::::::::: PostRequestHandlerExecute Request called at 11/1/2018 12:24:50 AM   :::   00:24:50.1530696

::::::::::: ReleaseRequestState Request called at 11/1/2018 12:24:50 AM   :::   00:24:50.1540684

::::::::::: PostReleaseRequestState Request called at 11/1/2018 12:24:50 AM   :::   00:24:50.1560686

::::::::::: UpdateRequestCache Request called at 11/1/2018 12:24:50 AM   :::   00:24:50.1625782

::::::::::: EndRequest Request called at 11/1/2018 12:24:50 AM   :::   00:24:50.1635761

::::::::::: PreSendRequestContent Request called at 11/1/2018 12:24:50 AM   :::   00:24:50.1655775

::::::::::: PreSendRequestHeaders Request called at 11/1/2018 12:24:50 AM   :::   00:24:50.1670768

::::::::::: PostRequestHandlerExecute Request called at 11/1/2018 12:24:51 AM   :::   00:24:51.8382074

::::::::::: ReleaseRequestState Request called at 11/1/2018 12:24:51 AM   :::   00:24:51.8401800

::::::::::: PostReleaseRequestState Request called at 11/1/2018 12:24:51 AM   :::   00:24:51.8421771

::::::::::: UpdateRequestCache Request called at 11/1/2018 12:24:51 AM   :::   00:24:51.8471775

::::::::::: EndRequest Request called at 11/1/2018 12:24:51 AM   :::   00:24:51.8481774

::::::::::: PreSendRequestContent Request called at 11/1/2018 12:24:51 AM   :::   00:24:51.8511784

::::::::::: PreSendRequestHeaders Request called at 11/1/2018 12:24:51 AM   :::   00:24:51.8531774

::::::::::: BeginRequest Request called at 11/1/2018 12:24:51 AM   :::   00:24:51.9162002

::::::::::: AuthenticateRequest Request called at 11/1/2018 12:24:51 AM   :::   00:24:51.9182004

::::::::::: BeginRequest Request called at 11/1/2018 12:24:51 AM   :::   00:24:51.9271985

::::::::::: AuthenticateRequest Request called at 11/1/2018 12:24:51 AM   :::   00:24:51.9331996

::::::::::: PostAuthenticateRequest Request called at 11/1/2018 12:24:51 AM   :::   00:24:51.9531989

::::::::::: AuthenticateRequest Request called at 11/1/2018 12:24:51 AM   :::   00:24:51.9607103

::::::::::: AuthorizeRequest Request called at 11/1/2018 12:24:51 AM   :::   00:24:51.9622128

::::::::::: PostAuthorizeRequest Request called at 11/1/2018 12:24:51 AM   :::   00:24:51.9732103

::::::::::: BeginRequest Request called at 11/1/2018 12:24:51 AM   :::   00:24:51.9787109

::::::::::: End Request called at 11/1/2018 12:24:51 AM   :::   00:24:51.9752102

::::::::::: AuthorizeRequest Request called at 11/1/2018 12:24:51 AM   :::   00:24:51.9892103

::::::::::: PostResolveRequestCache Request called at 11/1/2018 12:24:51 AM   :::   00:24:51.9932190

::::::::::: EndRequest Request called at 11/1/2018 12:24:52 AM   :::   00:24:52.0032191

::::::::::: PreSendRequestContent Request called at 11/1/2018 12:24:52 AM   :::   00:24:52.0272188

::::::::::: PreSendRequestHeaders Request called at 11/1/2018 12:24:52 AM   :::   00:24:52.0352229

::::::::::: PostResolveRequestCache Request called at 11/1/2018 12:24:52 AM   :::   00:24:52.0352229

::::::::::: BeginRequest Request called at 11/1/2018 12:24:52 AM   :::   00:24:52.0482199

::::::::::: AuthenticateRequest Request called at 11/1/2018 12:24:52 AM   :::   00:24:52.0502193

::::::::::: EndRequest Request called at 11/1/2018 12:24:52 AM   :::   00:24:52.0632199

::::::::::: PreSendRequestContent Request called at 11/1/2018 12:24:52 AM   :::   00:24:52.0672192

::::::::::: PreSendRequestHeaders Request called at 11/1/2018 12:24:52 AM   :::   00:24:52.0692198

::::::::::: PreSendRequestContent Request called at 11/1/2018 12:24:52 AM   :::   00:24:52.1222418

::::::::::: AuthenticateRequest Request called at 11/1/2018 12:24:52 AM   :::   00:24:52.1312411

::::::::::: PreSendRequestHeaders Request called at 11/1/2018 12:24:52 AM   :::   00:24:52.1272406

::::::::::: PostAuthenticateRequest Request called at 11/1/2018 12:24:52 AM   :::   00:24:52.1372414

::::::::::: AuthorizeRequest Request called at 11/1/2018 12:24:52 AM   :::   00:24:52.1412419

::::::::::: PostAuthenticateRequest Request called at 11/1/2018 12:24:52 AM   :::   00:24:52.1392401

::::::::::: AuthorizeRequest Request called at 11/1/2018 12:24:52 AM   :::   00:24:52.1642409

::::::::::: PostAuthorizeRequest Request called at 11/1/2018 12:24:52 AM   :::   00:24:52.1702412

::::::::::: End Request called at 11/1/2018 12:24:52 AM   :::   00:24:52.1762407

::::::::::: End Request called at 11/1/2018 12:24:52 AM   :::   00:24:52.1822497

::::::::::: PostAuthenticateRequest Request called at 11/1/2018 12:24:52 AM   :::   00:24:52.1632449

::::::::::: PostResolveRequestCache Request called at 11/1/2018 12:24:52 AM   :::   00:24:52.1972498

::::::::::: EndRequest Request called at 11/1/2018 12:24:52 AM   :::   00:24:52.2152507

::::::::::: PreSendRequestContent Request called at 11/1/2018 12:24:52 AM   :::   00:24:52.2217484

::::::::::: PreSendRequestHeaders Request called at 11/1/2018 12:24:52 AM   :::   00:24:52.2282493

::::::::::: BeginRequest Request called at 11/1/2018 12:24:52 AM   :::   00:24:52.2382505

::::::::::: AuthenticateRequest Request called at 11/1/2018 12:24:52 AM   :::   00:24:52.2412503

::::::::::: PreSendRequestHeaders Request called at 11/1/2018 12:24:52 AM   :::   00:24:52.2547498

::::::::::: AuthorizeRequest Request called at 11/1/2018 12:24:52 AM   :::   00:24:52.2607482

::::::::::: PostAuthorizeRequest Request called at 11/1/2018 12:24:52 AM   :::   00:24:52.2702484

::::::::::: PostAuthorizeRequest Request called at 11/1/2018 12:24:52 AM   :::   00:24:52.2717489

::::::::::: End Request called at 11/1/2018 12:24:52 AM   :::   00:24:52.2732494

::::::::::: End Request called at 11/1/2018 12:24:52 AM   :::   00:24:52.2757521

::::::::::: PostResolveRequestCache Request called at 11/1/2018 12:24:52 AM   :::   00:24:52.2832506

::::::::::: EndRequest Request called at 11/1/2018 12:24:52 AM   :::   00:24:52.2847487

::::::::::: PreSendRequestContent Request called at 11/1/2018 12:24:52 AM   :::   00:24:52.2872495

::::::::::: PostAuthenticateRequest Request called at 11/1/2018 12:24:52 AM   :::   00:24:52.2782514

::::::::::: EndRequest Request called at 11/1/2018 12:24:52 AM   :::   00:24:52.3022487

::::::::::: PreSendRequestContent Request called at 11/1/2018 12:24:52 AM   :::   00:24:52.3077500

::::::::::: PreSendRequestHeaders Request called at 11/1/2018 12:24:52 AM   :::   00:24:52.3182486

::::::::::: BeginRequest Request called at 11/1/2018 12:24:52 AM   :::   00:24:52.3397491

::::::::::: AuthenticateRequest Request called at 11/1/2018 12:24:52 AM   :::   00:24:52.3507491

::::::::::: End Request called at 11/1/2018 12:24:52 AM   :::   00:24:52.3507491

::::::::::: PostAuthenticateRequest Request called at 11/1/2018 12:24:52 AM   :::   00:24:52.3612500

::::::::::: AuthorizeRequest Request called at 11/1/2018 12:24:52 AM   :::   00:24:52.3667502

::::::::::: PostAuthorizeRequest Request called at 11/1/2018 12:24:52 AM   :::   00:24:52.3792502

::::::::::: End Request called at 11/1/2018 12:24:52 AM   :::   00:24:52.3932483

::::::::::: PostResolveRequestCache Request called at 11/1/2018 12:24:52 AM   :::   00:24:52.4222516

::::::::::: EndRequest Request called at 11/1/2018 12:24:52 AM   :::   00:24:52.4352549

::::::::::: PreSendRequestContent Request called at 11/1/2018 12:24:52 AM   :::   00:24:52.4572548

::::::::::: PreSendRequestHeaders Request called at 11/1/2018 12:24:52 AM   :::   00:24:52.4672517

::::::::::: EndRequest Request called at 11/1/2018 12:24:52 AM   :::   00:24:52.4722532

::::::::::: PreSendRequestContent Request called at 11/1/2018 12:24:52 AM   :::   00:24:52.4752542

::::::::::: PreSendRequestHeaders Request called at 11/1/2018 12:24:52 AM   :::   00:24:52.4832548

::::::::::: AuthenticateRequest Request called at 11/1/2018 12:24:52 AM   :::   00:24:52.4997580

::::::::::: End Request called at 11/1/2018 12:24:52 AM   :::   00:24:52.4927609

::::::::::: PostAuthenticateRequest Request called at 11/1/2018 12:24:52 AM   :::   00:24:52.5092697

::::::::::: PostAuthenticateRequest Request called at 11/1/2018 12:24:52 AM   :::   00:24:52.5012632

::::::::::: AuthorizeRequest Request called at 11/1/2018 12:24:52 AM   :::   00:24:52.5232702

::::::::::: PostAuthorizeRequest Request called at 11/1/2018 12:24:52 AM   :::   00:24:52.5302704

::::::::::: End Request called at 11/1/2018 12:24:52 AM   :::   00:24:52.5372671

::::::::::: PreSendRequestContent Request called at 11/1/2018 12:24:52 AM   :::   00:24:52.5522699

::::::::::: PreSendRequestHeaders Request called at 11/1/2018 12:24:52 AM   :::   00:24:52.5672715

::::::::::: End Request called at 11/1/2018 12:24:52 AM   :::   00:24:52.5772660

::::::::::: PreSendRequestContent Request called at 11/1/2018 12:24:52 AM   :::   00:24:52.5872763

::::::::::: PreSendRequestHeaders Request called at 11/1/2018 12:24:52 AM   :::   00:24:52.5962764

::::::::::: PreSendRequestContent Request called at 11/1/2018 12:24:52 AM   :::   00:24:52.6102836

::::::::::: PreSendRequestHeaders Request called at 11/1/2018 12:24:52 AM   :::   00:24:52.6182861

::::::::::: AuthenticateRequest Request called at 11/1/2018 12:24:52 AM   :::   00:24:52.6272826

::::::::::: AuthenticateRequest Request called at 11/1/2018 12:24:52 AM   :::   00:24:52.6272826

::::::::::: BeginRequest Request called at 11/1/2018 12:24:52 AM   :::   00:24:52.6332838

::::::::::: AuthenticateRequest Request called at 11/1/2018 12:24:52 AM   :::   00:24:52.6522831

::::::::::: AuthorizeRequest Request called at 11/1/2018 12:24:52 AM   :::   00:24:52.6752864

::::::::::: PostAuthorizeRequest Request called at 11/1/2018 12:24:52 AM   :::   00:24:52.6802860

::::::::::: PostAuthenticateRequest Request called at 11/1/2018 12:24:52 AM   :::   00:24:52.6902892

::::::::::: End Request called at 11/1/2018 12:24:52 AM   :::   00:24:52.6987887

::::::::::: PostResolveRequestCache Request called at 11/1/2018 12:24:52 AM   :::   00:24:52.7182961

::::::::::: EndRequest Request called at 11/1/2018 12:24:52 AM   :::   00:24:52.7302956

::::::::::: PreSendRequestContent Request called at 11/1/2018 12:24:52 AM   :::   00:24:52.7452960

::::::::::: PostResolveRequestCache Request called at 11/1/2018 12:24:52 AM   :::   00:24:52.7752944

::::::::::: PreSendRequestHeaders Request called at 11/1/2018 12:24:52 AM   :::   00:24:52.7792973

::::::::::: PreSendRequestContent Request called at 11/1/2018 12:24:52 AM   :::   00:24:52.8123121

::::::::::: PreSendRequestHeaders Request called at 11/1/2018 12:24:52 AM   :::   00:24:52.8203138

::::::::::: PreSendRequestHeaders Request called at 11/1/2018 12:24:52 AM   :::   00:24:52.8323149

::::::::::: AuthenticateRequest Request called at 11/1/2018 12:24:52 AM   :::   00:24:52.8433132

::::::::::: AuthenticateRequest Request called at 11/1/2018 12:24:52 AM   :::   00:24:52.8213145

::::::::::: AuthorizeRequest Request called at 11/1/2018 12:24:52 AM   :::   00:24:52.8773133

::::::::::: PostAuthorizeRequest Request called at 11/1/2018 12:24:52 AM   :::   00:24:52.8813138

::::::::::: PostAuthenticateRequest Request called at 11/1/2018 12:24:52 AM   :::   00:24:52.8833144

::::::::::: AuthorizeRequest Request called at 11/1/2018 12:24:52 AM   :::   00:24:52.8908216

::::::::::: PostAuthorizeRequest Request called at 11/1/2018 12:24:52 AM   :::   00:24:52.9243282

::::::::::: End Request called at 11/1/2018 12:24:52 AM   :::   00:24:52.9613285

::::::::::: PostAuthorizeRequest Request called at 11/1/2018 12:24:52 AM   :::   00:24:52.9723328

::::::::::: End Request called at 11/1/2018 12:24:52 AM   :::   00:24:52.9803326

::::::::::: PostResolveRequestCache Request called at 11/1/2018 12:24:53 AM   :::   00:24:53.0093390

::::::::::: EndRequest Request called at 11/1/2018 12:24:53 AM   :::   00:24:53.0183395

::::::::::: BeginRequest Request called at 11/1/2018 12:24:53 AM   :::   00:24:53.0183395

::::::::::: PreSendRequestContent Request called at 11/1/2018 12:24:53 AM   :::   00:24:53.0423364

::::::::::: AuthenticateRequest Request called at 11/1/2018 12:24:53 AM   :::   00:24:53.0423364

::::::::::: AuthenticateRequest Request called at 11/1/2018 12:24:53 AM   :::   00:24:53.0663397

::::::::::: BeginRequest Request called at 11/1/2018 12:24:53 AM   :::   00:24:53.0763413

::::::::::: AuthenticateRequest Request called at 11/1/2018 12:24:53 AM   :::   00:24:53.0918450

::::::::::: AuthenticateRequest Request called at 11/1/2018 12:24:53 AM   :::   00:24:53.0973448

::::::::::: PostAuthenticateRequest Request called at 11/1/2018 12:24:53 AM   :::   00:24:53.1113591

::::::::::: AuthorizeRequest Request called at 11/1/2018 12:24:53 AM   :::   00:24:53.1133518

::::::::::: AuthorizeRequest Request called at 11/1/2018 12:24:53 AM   :::   00:24:53.1293526

::::::::::: PostAuthorizeRequest Request called at 11/1/2018 12:24:53 AM   :::   00:24:53.1333499

::::::::::: End Request called at 11/1/2018 12:24:53 AM   :::   00:24:53.1503513

::::::::::: PostResolveRequestCache Request called at 11/1/2018 12:24:53 AM   :::   00:24:53.1563516

::::::::::: EndRequest Request called at 11/1/2018 12:24:53 AM   :::   00:24:53.1663501

::::::::::: PreSendRequestContent Request called at 11/1/2018 12:24:53 AM   :::   00:24:53.1783511

::::::::::: PostAuthorizeRequest Request called at 11/1/2018 12:24:53 AM   :::   00:24:53.1793538

::::::::::: End Request called at 11/1/2018 12:24:53 AM   :::   00:24:53.1853506

::::::::::: PostResolveRequestCache Request called at 11/1/2018 12:24:53 AM   :::   00:24:53.1958622

::::::::::: PostAuthorizeRequest Request called at 11/1/2018 12:24:53 AM   :::   00:24:53.2163718

::::::::::: End Request called at 11/1/2018 12:24:53 AM   :::   00:24:53.2263711

::::::::::: PostResolveRequestCache Request called at 11/1/2018 12:24:53 AM   :::   00:24:53.2383737

::::::::::: BeginRequest Request called at 11/1/2018 12:24:53 AM   :::   00:24:53.2403751

::::::::::: AuthenticateRequest Request called at 11/1/2018 12:24:53 AM   :::   00:24:53.2423718

::::::::::: PreSendRequestHeaders Request called at 11/1/2018 12:24:53 AM   :::   00:24:53.2473742

::::::::::: BeginRequest Request called at 11/1/2018 12:24:53 AM   :::   00:24:53.2543728

::::::::::: PreSendRequestHeaders Request called at 11/1/2018 12:24:53 AM   :::   00:24:53.2713715

::::::::::: PreSendRequestContent Request called at 11/1/2018 12:24:53 AM   :::   00:24:53.2773726

::::::::::: BeginRequest Request called at 11/1/2018 12:24:53 AM   :::   00:24:53.2793859

::::::::::: AuthenticateRequest Request called at 11/1/2018 12:24:53 AM   :::   00:24:53.2878815

::::::::::: PostAuthorizeRequest Request called at 11/1/2018 12:24:53 AM   :::   00:24:53.3063866

::::::::::: PreSendRequestContent Request called at 11/1/2018 12:24:53 AM   :::   00:24:53.3063866

::::::::::: AuthorizeRequest Request called at 11/1/2018 12:24:53 AM   :::   00:24:53.3283888

::::::::::: End Request called at 11/1/2018 12:24:53 AM   :::   00:24:53.3163866

::::::::::: PostResolveRequestCache Request called at 11/1/2018 12:24:53 AM   :::   00:24:53.3403867

::::::::::: EndRequest Request called at 11/1/2018 12:24:53 AM   :::   00:24:53.3453902

::::::::::: End Request called at 11/1/2018 12:24:53 AM   :::   00:24:53.3543891

::::::::::: PostResolveRequestCache Request called at 11/1/2018 12:24:53 AM   :::   00:24:53.3573889

::::::::::: EndRequest Request called at 11/1/2018 12:24:53 AM   :::   00:24:53.3593884

::::::::::: PreSendRequestContent Request called at 11/1/2018 12:24:53 AM   :::   00:24:53.3623913

::::::::::: PreSendRequestHeaders Request called at 11/1/2018 12:24:53 AM   :::   00:24:53.3643891

::::::::::: PostAuthorizeRequest Request called at 11/1/2018 12:24:53 AM   :::   00:24:53.3703891

::::::::::: End Request called at 11/1/2018 12:24:53 AM   :::   00:24:53.3723866

::::::::::: PreSendRequestHeaders Request called at 11/1/2018 12:24:53 AM   :::   00:24:53.3203866

::::::::::: PreSendRequestHeaders Request called at 11/1/2018 12:24:53 AM   :::   00:24:53.4064025

::::::::::: BeginRequest Request called at 11/1/2018 12:24:53 AM   :::   00:24:53.4084043

::::::::::: AuthenticateRequest Request called at 11/1/2018 12:24:53 AM   :::   00:24:53.4124040

::::::::::: AuthorizeRequest Request called at 11/1/2018 12:24:53 AM   :::   00:24:53.4184039

::::::::::: PostAuthorizeRequest Request called at 11/1/2018 12:24:53 AM   :::   00:24:53.4284165

::::::::::: End Request called at 11/1/2018 12:24:53 AM   :::   00:24:53.4314056

::::::::::: AuthenticateRequest Request called at 11/1/2018 12:24:53 AM   :::   00:24:53.4384031

::::::::::: PreSendRequestHeaders Request called at 11/1/2018 12:24:53 AM   :::   00:24:53.4594023

::::::::::: BeginRequest Request called at 11/1/2018 12:24:53 AM   :::   00:24:53.4704030

::::::::::: AuthenticateRequest Request called at 11/1/2018 12:24:53 AM   :::   00:24:53.4724036

::::::::::: BeginRequest Request called at 11/1/2018 12:24:53 AM   :::   00:24:53.4784044

::::::::::: End Request called at 11/1/2018 12:24:53 AM   :::   00:24:53.4944098

::::::::::: AuthorizeRequest Request called at 11/1/2018 12:24:53 AM   :::   00:24:53.5014097

::::::::::: AuthenticateRequest Request called at 11/1/2018 12:24:53 AM   :::   00:24:53.4884083

::::::::::: PostAuthorizeRequest Request called at 11/1/2018 12:24:53 AM   :::   00:24:53.5164188

::::::::::: PostAuthenticateRequest Request called at 11/1/2018 12:24:53 AM   :::   00:24:53.5314180

::::::::::: End Request called at 11/1/2018 12:24:53 AM   :::   00:24:53.5344166

::::::::::: PostResolveRequestCache Request called at 11/1/2018 12:24:53 AM   :::   00:24:53.5604217

::::::::::: EndRequest Request called at 11/1/2018 12:24:53 AM   :::   00:24:53.5694170

::::::::::: PostAuthorizeRequest Request called at 11/1/2018 12:24:53 AM   :::   00:24:53.6019242

::::::::::: End Request called at 11/1/2018 12:24:53 AM   :::   00:24:53.6074314

::::::::::: PostAuthenticateRequest Request called at 11/1/2018 12:24:53 AM   :::   00:24:53.6034337

::::::::::: AuthorizeRequest Request called at 11/1/2018 12:24:53 AM   :::   00:24:53.6254332

::::::::::: PostAuthorizeRequest Request called at 11/1/2018 12:24:53 AM   :::   00:24:53.6334318

::::::::::: End Request called at 11/1/2018 12:24:53 AM   :::   00:24:53.6474346

::::::::::: PostAuthenticateRequest Request called at 11/1/2018 12:24:53 AM   :::   00:24:53.6494313

::::::::::: AuthorizeRequest Request called at 11/1/2018 12:24:53 AM   :::   00:24:53.6564335

::::::::::: PostAuthorizeRequest Request called at 11/1/2018 12:24:53 AM   :::   00:24:53.6624335

::::::::::: EndRequest Request called at 11/1/2018 12:24:53 AM   :::   00:24:53.6764320

::::::::::: PreSendRequestContent Request called at 11/1/2018 12:24:53 AM   :::   00:24:53.6974383

::::::::::: PreSendRequestContent Request called at 11/1/2018 12:24:53 AM   :::   00:24:53.7034398

::::::::::: PreSendRequestHeaders Request called at 11/1/2018 12:24:53 AM   :::   00:24:53.7134402

::::::::::: BeginRequest Request called at 11/1/2018 12:24:53 AM   :::   00:24:53.7324422

::::::::::: PreSendRequestContent Request called at 11/1/2018 12:24:53 AM   :::   00:24:53.7454432

::::::::::: PostAuthorizeRequest Request called at 11/1/2018 12:24:53 AM   :::   00:24:53.7454432

::::::::::: End Request called at 11/1/2018 12:24:53 AM   :::   00:24:53.7644437

::::::::::: PostResolveRequestCache Request called at 11/1/2018 12:24:53 AM   :::   00:24:53.7734430

::::::::::: EndRequest Request called at 11/1/2018 12:24:53 AM   :::   00:24:53.7904519

::::::::::: PostAuthenticateRequest Request called at 11/1/2018 12:24:53 AM   :::   00:24:53.7924518

::::::::::: AuthorizeRequest Request called at 11/1/2018 12:24:53 AM   :::   00:24:53.8044599

::::::::::: PostAuthorizeRequest Request called at 11/1/2018 12:24:53 AM   :::   00:24:53.8114622

::::::::::: End Request called at 11/1/2018 12:24:53 AM   :::   00:24:53.8144615

::::::::::: PostResolveRequestCache Request called at 11/1/2018 12:24:53 AM   :::   00:24:53.8164614

::::::::::: EndRequest Request called at 11/1/2018 12:24:53 AM   :::   00:24:53.8214626

::::::::::: PreSendRequestContent Request called at 11/1/2018 12:24:53 AM   :::   00:24:53.8234652

::::::::::: PreSendRequestHeaders Request called at 11/1/2018 12:24:53 AM   :::   00:24:53.8244627

::::::::::: EndRequest Request called at 11/1/2018 12:24:53 AM   :::   00:24:53.8434612

::::::::::: PreSendRequestContent Request called at 11/1/2018 12:24:53 AM   :::   00:24:53.8544647

::::::::::: PostAuthenticateRequest Request called at 11/1/2018 12:24:53 AM   :::   00:24:53.7924518

::::::::::: PostAuthenticateRequest Request called at 11/1/2018 12:24:53 AM   :::   00:24:53.8754611

::::::::::: AuthorizeRequest Request called at 11/1/2018 12:24:53 AM   :::   00:24:53.8794616

::::::::::: AuthorizeRequest Request called at 11/1/2018 12:24:53 AM   :::   00:24:53.8804619

::::::::::: End Request called at 11/1/2018 12:24:53 AM   :::   00:24:53.8909712

::::::::::: PostResolveRequestCache Request called at 11/1/2018 12:24:53 AM   :::   00:24:53.8959704

::::::::::: End Request called at 11/1/2018 12:24:53 AM   :::   00:24:53.9054801

::::::::::: PostResolveRequestCache Request called at 11/1/2018 12:24:53 AM   :::   00:24:53.9094802

::::::::::: EndRequest Request called at 11/1/2018 12:24:53 AM   :::   00:24:53.9164820

::::::::::: PreSendRequestContent Request called at 11/1/2018 12:24:53 AM   :::   00:24:53.9214793

::::::::::: PreSendRequestHeaders Request called at 11/1/2018 12:24:53 AM   :::   00:24:53.9264781

::::::::::: AuthenticateRequest Request called at 11/1/2018 12:24:53 AM   :::   00:24:53.9474792

::::::::::: PostAuthenticateRequest Request called at 11/1/2018 12:24:53 AM   :::   00:24:53.9514789

::::::::::: BeginRequest Request called at 11/1/2018 12:24:53 AM   :::   00:24:53.9614801

::::::::::: AuthenticateRequest Request called at 11/1/2018 12:24:53 AM   :::   00:24:53.9694795

::::::::::: End Request called at 11/1/2018 12:24:53 AM   :::   00:24:53.9904849

::::::::::: PostAuthenticateRequest Request called at 11/1/2018 12:24:53 AM   :::   00:24:53.9919850

::::::::::: AuthorizeRequest Request called at 11/1/2018 12:24:54 AM   :::   00:24:54.0054873

::::::::::: PostAuthorizeRequest Request called at 11/1/2018 12:24:54 AM   :::   00:24:54.0154889

::::::::::: End Request called at 11/1/2018 12:24:54 AM   :::   00:24:54.0284899

::::::::::: PostResolveRequestCache Request called at 11/1/2018 12:24:54 AM   :::   00:24:54.0424896

::::::::::: ReleaseRequestState Request called at 11/1/2018 12:24:54 AM   :::   00:24:54.0584927

::::::::::: PostReleaseRequestState Request called at 11/1/2018 12:24:54 AM   :::   00:24:54.0634915

::::::::::: PreSendRequestHeaders Request called at 11/1/2018 12:24:54 AM   :::   00:24:54.0744903

::::::::::: UpdateRequestCache Request called at 11/1/2018 12:24:54 AM   :::   00:24:54.0754898

::::::::::: EndRequest Request called at 11/1/2018 12:24:54 AM   :::   00:24:54.0774924

::::::::::: PreSendRequestContent Request called at 11/1/2018 12:24:54 AM   :::   00:24:54.0804929

::::::::::: PreSendRequestHeaders Request called at 11/1/2018 12:24:54 AM   :::   00:24:54.0814941

::::::::::: BeginRequest Request called at 11/1/2018 12:24:54 AM   :::   00:24:54.0844938

::::::::::: AuthenticateRequest Request called at 11/1/2018 12:24:54 AM   :::   00:24:54.0890012

::::::::::: PostAuthenticateRequest Request called at 11/1/2018 12:24:54 AM   :::   00:24:54.0920001

::::::::::: AuthorizeRequest Request called at 11/1/2018 12:24:54 AM   :::   00:24:54.0985101

::::::::::: PostAuthorizeRequest Request called at 11/1/2018 12:24:54 AM   :::   00:24:54.0999991

::::::::::: End Request called at 11/1/2018 12:24:54 AM   :::   00:24:54.1020013

::::::::::: PostResolveRequestCache Request called at 11/1/2018 12:24:54 AM   :::   00:24:54.1035129

::::::::::: EndRequest Request called at 11/1/2018 12:24:54 AM   :::   00:24:54.1065146

::::::::::: PreSendRequestContent Request called at 11/1/2018 12:24:54 AM   :::   00:24:54.1085125

::::::::::: PreSendRequestHeaders Request called at 11/1/2018 12:24:54 AM   :::   00:24:54.1115107

::::::::::: BeginRequest Request called at 11/1/2018 12:24:54 AM   :::   00:24:54.1615143

::::::::::: AuthenticateRequest Request called at 11/1/2018 12:24:54 AM   :::   00:24:54.1655294

::::::::::: PostAuthenticateRequest Request called at 11/1/2018 12:24:54 AM   :::   00:24:54.1735118

::::::::::: AuthorizeRequest Request called at 11/1/2018 12:24:54 AM   :::   00:24:54.1755124

::::::::::: PostAuthorizeRequest Request called at 11/1/2018 12:24:54 AM   :::   00:24:54.1785130

::::::::::: End Request called at 11/1/2018 12:24:54 AM   :::   00:24:54.1795145

::::::::::: PostResolveRequestCache Request called at 11/1/2018 12:24:54 AM   :::   00:24:54.1805132

::::::::::: EndRequest Request called at 11/1/2018 12:24:54 AM   :::   00:24:54.1825123

::::::::::: PreSendRequestContent Request called at 11/1/2018 12:24:54 AM   :::   00:24:54.1835149

::::::::::: PreSendRequestHeaders Request called at 11/1/2018 12:24:54 AM   :::   00:24:54.1855112

::::::::::: BeginRequest Request called at 11/1/2018 12:24:54 AM   :::   00:24:54.2020220

::::::::::: AuthenticateRequest Request called at 11/1/2018 12:24:54 AM   :::   00:24:54.2045409

::::::::::: PostAuthenticateRequest Request called at 11/1/2018 12:24:54 AM   :::   00:24:54.2145481

::::::::::: AuthorizeRequest Request called at 11/1/2018 12:24:54 AM   :::   00:24:54.2175387

::::::::::: PostAuthorizeRequest Request called at 11/1/2018 12:24:54 AM   :::   00:24:54.2195382

::::::::::: End Request called at 11/1/2018 12:24:54 AM   :::   00:24:54.2205385

::::::::::: PostResolveRequestCache Request called at 11/1/2018 12:24:54 AM   :::   00:24:54.2215369

::::::::::: EndRequest Request called at 11/1/2018 12:24:54 AM   :::   00:24:54.2235387

::::::::::: PreSendRequestContent Request called at 11/1/2018 12:24:54 AM   :::   00:24:54.2245410

::::::::::: PreSendRequestHeaders Request called at 11/1/2018 12:24:54 AM   :::   00:24:54.2255401

::::::::::: BeginRequest Request called at 11/1/2018 12:24:54 AM   :::   00:24:54.2335375

::::::::::: AuthenticateRequest Request called at 11/1/2018 12:24:54 AM   :::   00:24:54.2345406

::::::::::: PostAuthenticateRequest Request called at 11/1/2018 12:24:54 AM   :::   00:24:54.2375388

::::::::::: AuthorizeRequest Request called at 11/1/2018 12:24:54 AM   :::   00:24:54.2395378

::::::::::: PostAuthorizeRequest Request called at 11/1/2018 12:24:54 AM   :::   00:24:54.2415389

::::::::::: End Request called at 11/1/2018 12:24:54 AM   :::   00:24:54.2455405

::::::::::: PostResolveRequestCache Request called at 11/1/2018 12:24:54 AM   :::   00:24:54.2485399

::::::::::: EndRequest Request called at 11/1/2018 12:24:54 AM   :::   00:24:54.2505405

::::::::::: PreSendRequestContent Request called at 11/1/2018 12:24:54 AM   :::   00:24:54.2515400

::::::::::: PreSendRequestHeaders Request called at 11/1/2018 12:24:54 AM   :::   00:24:54.2535407

::::::::::: BeginRequest Request called at 11/1/2018 12:24:54 AM   :::   00:24:54.2585407

::::::::::: AuthenticateRequest Request called at 11/1/2018 12:24:54 AM   :::   00:24:54.2605429

::::::::::: PostAuthenticateRequest Request called at 11/1/2018 12:24:54 AM   :::   00:24:54.2645375

::::::::::: AuthorizeRequest Request called at 11/1/2018 12:24:54 AM   :::   00:24:54.2665389

::::::::::: PostAuthorizeRequest Request called at 11/1/2018 12:24:54 AM   :::   00:24:54.2675380

::::::::::: End Request called at 11/1/2018 12:24:54 AM   :::   00:24:54.2685375

::::::::::: PostResolveRequestCache Request called at 11/1/2018 12:24:54 AM   :::   00:24:54.2695398

::::::::::: EndRequest Request called at 11/1/2018 12:24:54 AM   :::   00:24:54.2715393

::::::::::: PreSendRequestContent Request called at 11/1/2018 12:24:54 AM   :::   00:24:54.2745379

::::::::::: PreSendRequestHeaders Request called at 11/1/2018 12:24:54 AM   :::   00:24:54.2755354

::::::::::: BeginRequest Request called at 11/1/2018 12:24:54 AM   :::   00:24:54.2815373

::::::::::: AuthenticateRequest Request called at 11/1/2018 12:24:54 AM   :::   00:24:54.2835395

::::::::::: PostAuthenticateRequest Request called at 11/1/2018 12:24:54 AM   :::   00:24:54.2865377

::::::::::: AuthorizeRequest Request called at 11/1/2018 12:24:54 AM   :::   00:24:54.2880473

::::::::::: PostAuthorizeRequest Request called at 11/1/2018 12:24:54 AM   :::   00:24:54.2895446

::::::::::: End Request called at 11/1/2018 12:24:54 AM   :::   00:24:54.2905457

::::::::::: PostResolveRequestCache Request called at 11/1/2018 12:24:54 AM   :::   00:24:54.2920438

::::::::::: EndRequest Request called at 11/1/2018 12:24:54 AM   :::   00:24:54.2945478

::::::::::: PreSendRequestContent Request called at 11/1/2018 12:24:54 AM   :::   00:24:54.2965460

::::::::::: PreSendRequestHeaders Request called at 11/1/2018 12:24:54 AM   :::   00:24:54.2975452

::::::::::: BeginRequest Request called at 11/1/2018 12:24:54 AM   :::   00:24:54.3020458

::::::::::: AuthenticateRequest Request called at 11/1/2018 12:24:54 AM   :::   00:24:54.3035585

::::::::::: PostAuthenticateRequest Request called at 11/1/2018 12:24:54 AM   :::   00:24:54.3065555

::::::::::: AuthorizeRequest Request called at 11/1/2018 12:24:54 AM   :::   00:24:54.3085668

::::::::::: PostAuthorizeRequest Request called at 11/1/2018 12:24:54 AM   :::   00:24:54.3095624

::::::::::: End Request called at 11/1/2018 12:24:54 AM   :::   00:24:54.3125566

::::::::::: PostResolveRequestCache Request called at 11/1/2018 12:24:54 AM   :::   00:24:54.3145561

::::::::::: EndRequest Request called at 11/1/2018 12:24:54 AM   :::   00:24:54.3155564

::::::::::: PreSendRequestContent Request called at 11/1/2018 12:24:54 AM   :::   00:24:54.3175558

::::::::::: PreSendRequestHeaders Request called at 11/1/2018 12:24:54 AM   :::   00:24:54.3185562

::::::::::: BeginRequest Request called at 11/1/2018 12:24:54 AM   :::   00:24:54.3235562

::::::::::: AuthenticateRequest Request called at 11/1/2018 12:24:54 AM   :::   00:24:54.3255580

::::::::::: PostAuthenticateRequest Request called at 11/1/2018 12:24:54 AM   :::   00:24:54.3305556

::::::::::: AuthorizeRequest Request called at 11/1/2018 12:24:54 AM   :::   00:24:54.3325566

::::::::::: PostAuthorizeRequest Request called at 11/1/2018 12:24:54 AM   :::   00:24:54.3345577

::::::::::: End Request called at 11/1/2018 12:24:54 AM   :::   00:24:54.3365559

::::::::::: PostResolveRequestCache Request called at 11/1/2018 12:24:54 AM   :::   00:24:54.3395573

::::::::::: EndRequest Request called at 11/1/2018 12:24:54 AM   :::   00:24:54.3455572

::::::::::: PreSendRequestContent Request called at 11/1/2018 12:24:54 AM   :::   00:24:54.3475575

::::::::::: PreSendRequestHeaders Request called at 11/1/2018 12:24:54 AM   :::   00:24:54.3525571

::::::::::: BeginRequest Request called at 11/1/2018 12:24:54 AM   :::   00:24:54.3625598

::::::::::: AuthenticateRequest Request called at 11/1/2018 12:24:54 AM   :::   00:24:54.3645581

::::::::::: PostAuthenticateRequest Request called at 11/1/2018 12:24:54 AM   :::   00:24:54.3735558

::::::::::: AuthorizeRequest Request called at 11/1/2018 12:24:54 AM   :::   00:24:54.3755576

::::::::::: PostAuthorizeRequest Request called at 11/1/2018 12:24:54 AM   :::   00:24:54.3775575

::::::::::: End Request called at 11/1/2018 12:24:54 AM   :::   00:24:54.3795565

::::::::::: PostResolveRequestCache Request called at 11/1/2018 12:24:54 AM   :::   00:24:54.3805573

::::::::::: EndRequest Request called at 11/1/2018 12:24:54 AM   :::   00:24:54.3825599

::::::::::: PreSendRequestContent Request called at 11/1/2018 12:24:54 AM   :::   00:24:54.3845550

::::::::::: PreSendRequestHeaders Request called at 11/1/2018 12:24:54 AM   :::   00:24:54.3865572

::::::::::: BeginRequest Request called at 11/1/2018 12:24:54 AM   :::   00:24:54.3920652

::::::::::: AuthenticateRequest Request called at 11/1/2018 12:24:54 AM   :::   00:24:54.3960681

::::::::::: PostAuthenticateRequest Request called at 11/1/2018 12:24:54 AM   :::   00:24:54.4005656

::::::::::: AuthorizeRequest Request called at 11/1/2018 12:24:54 AM   :::   00:24:54.4025642

::::::::::: PostAuthorizeRequest Request called at 11/1/2018 12:24:54 AM   :::   00:24:54.4045728

::::::::::: End Request called at 11/1/2018 12:24:54 AM   :::   00:24:54.4065730

::::::::::: PostResolveRequestCache Request called at 11/1/2018 12:24:54 AM   :::   00:24:54.4085721

::::::::::: EndRequest Request called at 11/1/2018 12:24:54 AM   :::   00:24:54.4115742

::::::::::: PreSendRequestContent Request called at 11/1/2018 12:24:54 AM   :::   00:24:54.4145736

::::::::::: PreSendRequestHeaders Request called at 11/1/2018 12:24:54 AM   :::   00:24:54.4165714

::::::::::: BeginRequest Request called at 11/1/2018 12:24:54 AM   :::   00:24:54.4225749

::::::::::: AuthenticateRequest Request called at 11/1/2018 12:24:54 AM   :::   00:24:54.4235736

::::::::::: PostAuthenticateRequest Request called at 11/1/2018 12:24:54 AM   :::   00:24:54.4275722

::::::::::: AuthorizeRequest Request called at 11/1/2018 12:24:54 AM   :::   00:24:54.4285756

::::::::::: PostAuthorizeRequest Request called at 11/1/2018 12:24:54 AM   :::   00:24:54.4305727

::::::::::: End Request called at 11/1/2018 12:24:54 AM   :::   00:24:54.4335745

::::::::::: PostResolveRequestCache Request called at 11/1/2018 12:24:54 AM   :::   00:24:54.4345744

::::::::::: EndRequest Request called at 11/1/2018 12:24:54 AM   :::   00:24:54.4355743

::::::::::: PreSendRequestContent Request called at 11/1/2018 12:24:54 AM   :::   00:24:54.4375730

::::::::::: PreSendRequestHeaders Request called at 11/1/2018 12:24:54 AM   :::   00:24:54.4395736

::::::::::: BeginRequest Request called at 11/1/2018 12:24:54 AM   :::   00:24:54.4475761

::::::::::: AuthenticateRequest Request called at 11/1/2018 12:24:54 AM   :::   00:24:54.4495732

::::::::::: PostAuthenticateRequest Request called at 11/1/2018 12:24:54 AM   :::   00:24:54.4525734

::::::::::: AuthorizeRequest Request called at 11/1/2018 12:24:54 AM   :::   00:24:54.4545732

::::::::::: PostAuthorizeRequest Request called at 11/1/2018 12:24:54 AM   :::   00:24:54.4555723

::::::::::: End Request called at 11/1/2018 12:24:54 AM   :::   00:24:54.4575726

::::::::::: PostResolveRequestCache Request called at 11/1/2018 12:24:54 AM   :::   00:24:54.4585721

::::::::::: EndRequest Request called at 11/1/2018 12:24:54 AM   :::   00:24:54.4625726

::::::::::: PreSendRequestContent Request called at 11/1/2018 12:24:54 AM   :::   00:24:54.4645724

::::::::::: PreSendRequestHeaders Request called at 11/1/2018 12:24:54 AM   :::   00:24:54.4655704

::::::::::: BeginRequest Request called at 11/1/2018 12:24:54 AM   :::   00:24:54.4705755

::::::::::: AuthenticateRequest Request called at 11/1/2018 12:24:54 AM   :::   00:24:54.4725730

::::::::::: PostAuthenticateRequest Request called at 11/1/2018 12:24:54 AM   :::   00:24:54.4755728

::::::::::: AuthorizeRequest Request called at 11/1/2018 12:24:54 AM   :::   00:24:54.4785725

::::::::::: PostAuthorizeRequest Request called at 11/1/2018 12:24:54 AM   :::   00:24:54.4805736

::::::::::: End Request called at 11/1/2018 12:24:54 AM   :::   00:24:54.4825718

::::::::::: PostResolveRequestCache Request called at 11/1/2018 12:24:54 AM   :::   00:24:54.4835725

::::::::::: EndRequest Request called at 11/1/2018 12:24:54 AM   :::   00:24:54.4855751

::::::::::: PreSendRequestContent Request called at 11/1/2018 12:24:54 AM   :::   00:24:54.4875849

::::::::::: PreSendRequestHeaders Request called at 11/1/2018 12:24:54 AM   :::   00:24:54.4885856

::::::::::: BeginRequest Request called at 11/1/2018 12:24:54 AM   :::   00:24:54.4960876

::::::::::: AuthenticateRequest Request called at 11/1/2018 12:24:54 AM   :::   00:24:54.4980846

::::::::::: PostAuthenticateRequest Request called at 11/1/2018 12:24:54 AM   :::   00:24:54.5010844

::::::::::: AuthorizeRequest Request called at 11/1/2018 12:24:54 AM   :::   00:24:54.5025857

::::::::::: PostAuthorizeRequest Request called at 11/1/2018 12:24:54 AM   :::   00:24:54.5035943

::::::::::: End Request called at 11/1/2018 12:24:54 AM   :::   00:24:54.5055949

::::::::::: PostResolveRequestCache Request called at 11/1/2018 12:24:54 AM   :::   00:24:54.5065948

::::::::::: EndRequest Request called at 11/1/2018 12:24:54 AM   :::   00:24:54.5075967

::::::::::: PreSendRequestContent Request called at 11/1/2018 12:24:54 AM   :::   00:24:54.5095950

::::::::::: PreSendRequestHeaders Request called at 11/1/2018 12:24:54 AM   :::   00:24:54.5115948

::::::::::: BeginRequest Request called at 11/1/2018 12:24:54 AM   :::   00:24:54.5195966

::::::::::: AuthenticateRequest Request called at 11/1/2018 12:24:54 AM   :::   00:24:54.5205961

::::::::::: PostAuthenticateRequest Request called at 11/1/2018 12:24:54 AM   :::   00:24:54.5255949

::::::::::: AuthorizeRequest Request called at 11/1/2018 12:24:54 AM   :::   00:24:54.5295970

::::::::::: PostAuthorizeRequest Request called at 11/1/2018 12:24:54 AM   :::   00:24:54.5305965

::::::::::: End Request called at 11/1/2018 12:24:54 AM   :::   00:24:54.5325952

::::::::::: PostResolveRequestCache Request called at 11/1/2018 12:24:54 AM   :::   00:24:54.5345950

::::::::::: EndRequest Request called at 11/1/2018 12:24:54 AM   :::   00:24:54.5355973

::::::::::: PreSendRequestContent Request called at 11/1/2018 12:24:54 AM   :::   00:24:54.5375940

::::::::::: PreSendRequestHeaders Request called at 11/1/2018 12:24:54 AM   :::   00:24:54.5395954

::::::::::: BeginRequest Request called at 11/1/2018 12:24:54 AM   :::   00:24:54.5465968

::::::::::: AuthenticateRequest Request called at 11/1/2018 12:24:54 AM   :::   00:24:54.5475972

::::::::::: PostAuthenticateRequest Request called at 11/1/2018 12:24:54 AM   :::   00:24:54.5515949

::::::::::: AuthorizeRequest Request called at 11/1/2018 12:24:54 AM   :::   00:24:54.5535959

::::::::::: PostAuthorizeRequest Request called at 11/1/2018 12:24:54 AM   :::   00:24:54.5556029

::::::::::: End Request called at 11/1/2018 12:24:54 AM   :::   00:24:54.5575940

::::::::::: PostResolveRequestCache Request called at 11/1/2018 12:24:54 AM   :::   00:24:54.5595990

::::::::::: EndRequest Request called at 11/1/2018 12:24:54 AM   :::   00:24:54.5635947

::::::::::: PreSendRequestContent Request called at 11/1/2018 12:24:54 AM   :::   00:24:54.5655946

::::::::::: PreSendRequestHeaders Request called at 11/1/2018 12:24:54 AM   :::   00:24:54.5665957

::::::::::: BeginRequest Request called at 11/1/2018 12:24:54 AM   :::   00:24:54.5855962

::::::::::: AuthenticateRequest Request called at 11/1/2018 12:24:54 AM   :::   00:24:54.5876051

::::::::::: PostAuthenticateRequest Request called at 11/1/2018 12:24:54 AM   :::   00:24:54.5916032

::::::::::: AuthorizeRequest Request called at 11/1/2018 12:24:54 AM   :::   00:24:54.5936062

::::::::::: PostAuthorizeRequest Request called at 11/1/2018 12:24:54 AM   :::   00:24:54.5951055

::::::::::: End Request called at 11/1/2018 12:24:54 AM   :::   00:24:54.5966052

::::::::::: PostResolveRequestCache Request called at 11/1/2018 12:24:54 AM   :::   00:24:54.5976055

::::::::::: EndRequest Request called at 11/1/2018 12:24:54 AM   :::   00:24:54.5991036

::::::::::: PreSendRequestContent Request called at 11/1/2018 12:24:54 AM   :::   00:24:54.6006061

::::::::::: PreSendRequestHeaders Request called at 11/1/2018 12:24:54 AM   :::   00:24:54.6021046

::::::::::: BeginRequest Request called at 11/1/2018 12:24:54 AM   :::   00:24:54.6056167

::::::::::: AuthenticateRequest Request called at 11/1/2018 12:24:54 AM   :::   00:24:54.6076166

::::::::::: PostAuthenticateRequest Request called at 11/1/2018 12:24:54 AM   :::   00:24:54.6116159

::::::::::: AuthorizeRequest Request called at 11/1/2018 12:24:54 AM   :::   00:24:54.6126178

::::::::::: PostAuthorizeRequest Request called at 11/1/2018 12:24:54 AM   :::   00:24:54.6146172

::::::::::: End Request called at 11/1/2018 12:24:54 AM   :::   00:24:54.6156175

::::::::::: PostResolveRequestCache Request called at 11/1/2018 12:24:54 AM   :::   00:24:54.6176142

::::::::::: EndRequest Request called at 11/1/2018 12:24:54 AM   :::   00:24:54.6196141

::::::::::: PreSendRequestContent Request called at 11/1/2018 12:24:54 AM   :::   00:24:54.6206187

::::::::::: PreSendRequestHeaders Request called at 11/1/2018 12:24:54 AM   :::   00:24:54.6216159

::::::::::: BeginRequest Request called at 11/1/2018 12:24:54 AM   :::   00:24:54.6286165

::::::::::: AuthenticateRequest Request called at 11/1/2018 12:24:54 AM   :::   00:24:54.6296172

::::::::::: PostAuthenticateRequest Request called at 11/1/2018 12:24:54 AM   :::   00:24:54.6326154

::::::::::: AuthorizeRequest Request called at 11/1/2018 12:24:54 AM   :::   00:24:54.6346184

::::::::::: PostAuthorizeRequest Request called at 11/1/2018 12:24:54 AM   :::   00:24:54.6356191

::::::::::: End Request called at 11/1/2018 12:24:54 AM   :::   00:24:54.6366155

::::::::::: PostResolveRequestCache Request called at 11/1/2018 12:24:54 AM   :::   00:24:54.6376154

::::::::::: EndRequest Request called at 11/1/2018 12:24:54 AM   :::   00:24:54.6396145

::::::::::: PreSendRequestContent Request called at 11/1/2018 12:24:54 AM   :::   00:24:54.6406148

::::::::::: PreSendRequestHeaders Request called at 11/1/2018 12:24:54 AM   :::   00:24:54.6426158

::::::::::: BeginRequest Request called at 11/1/2018 12:24:54 AM   :::   00:24:54.6476225

::::::::::: AuthenticateRequest Request called at 11/1/2018 12:24:54 AM   :::   00:24:54.6496173

::::::::::: PostAuthenticateRequest Request called at 11/1/2018 12:24:54 AM   :::   00:24:54.6526143

::::::::::: AuthorizeRequest Request called at 11/1/2018 12:24:54 AM   :::   00:24:54.6536162

::::::::::: PostAuthorizeRequest Request called at 11/1/2018 12:24:54 AM   :::   00:24:54.6556160

::::::::::: End Request called at 11/1/2018 12:24:54 AM   :::   00:24:54.6566183

::::::::::: PostResolveRequestCache Request called at 11/1/2018 12:24:54 AM   :::   00:24:54.6576155

::::::::::: EndRequest Request called at 11/1/2018 12:24:54 AM   :::   00:24:54.6606168

::::::::::: PreSendRequestContent Request called at 11/1/2018 12:24:54 AM   :::   00:24:54.6616155

::::::::::: PreSendRequestHeaders Request called at 11/1/2018 12:24:54 AM   :::   00:24:54.6636142

::::::::::: BeginRequest Request called at 11/1/2018 12:24:54 AM   :::   00:24:54.6676159

::::::::::: AuthenticateRequest Request called at 11/1/2018 12:24:54 AM   :::   00:24:54.6686162

::::::::::: PostAuthenticateRequest Request called at 11/1/2018 12:24:54 AM   :::   00:24:54.6716175

::::::::::: AuthorizeRequest Request called at 11/1/2018 12:24:54 AM   :::   00:24:54.6736150

::::::::::: PostAuthorizeRequest Request called at 11/1/2018 12:24:54 AM   :::   00:24:54.6746153

::::::::::: End Request called at 11/1/2018 12:24:54 AM   :::   00:24:54.6766160

::::::::::: PostResolveRequestCache Request called at 11/1/2018 12:24:54 AM   :::   00:24:54.6796256

::::::::::: EndRequest Request called at 11/1/2018 12:24:54 AM   :::   00:24:54.6806267

::::::::::: PreSendRequestContent Request called at 11/1/2018 12:24:54 AM   :::   00:24:54.6826159

::::::::::: PreSendRequestHeaders Request called at 11/1/2018 12:24:54 AM   :::   00:24:54.6836146

::::::::::: BeginRequest Request called at 11/1/2018 12:24:54 AM   :::   00:24:54.6881275

::::::::::: AuthenticateRequest Request called at 11/1/2018 12:24:54 AM   :::   00:24:54.6896260

::::::::::: PostAuthenticateRequest Request called at 11/1/2018 12:24:54 AM   :::   00:24:54.6936273

::::::::::: AuthorizeRequest Request called at 11/1/2018 12:24:54 AM   :::   00:24:54.6956291

::::::::::: PostAuthorizeRequest Request called at 11/1/2018 12:24:54 AM   :::   00:24:54.6966278

::::::::::: End Request called at 11/1/2018 12:24:54 AM   :::   00:24:54.6981243

::::::::::: PostResolveRequestCache Request called at 11/1/2018 12:24:54 AM   :::   00:24:54.6991255

::::::::::: EndRequest Request called at 11/1/2018 12:24:54 AM   :::   00:24:54.7006255

::::::::::: PreSendRequestContent Request called at 11/1/2018 12:24:54 AM   :::   00:24:54.7021264

::::::::::: PreSendRequestHeaders Request called at 11/1/2018 12:24:54 AM   :::   00:24:54.7026274

::::::::::: BeginRequest Request called at 11/1/2018 12:24:54 AM   :::   00:24:54.7076360

::::::::::: AuthenticateRequest Request called at 11/1/2018 12:24:54 AM   :::   00:24:54.7096481

::::::::::: PostAuthenticateRequest Request called at 11/1/2018 12:24:54 AM   :::   00:24:54.7136375

::::::::::: AuthorizeRequest Request called at 11/1/2018 12:24:54 AM   :::   00:24:54.7146359

::::::::::: PostAuthorizeRequest Request called at 11/1/2018 12:24:54 AM   :::   00:24:54.7156406

::::::::::: End Request called at 11/1/2018 12:24:54 AM   :::   00:24:54.7166361

::::::::::: PostResolveRequestCache Request called at 11/1/2018 12:24:54 AM   :::   00:24:54.7186356

::::::::::: EndRequest Request called at 11/1/2018 12:24:54 AM   :::   00:24:54.7206358

::::::::::: PreSendRequestContent Request called at 11/1/2018 12:24:54 AM   :::   00:24:54.7216353

::::::::::: PreSendRequestHeaders Request called at 11/1/2018 12:24:54 AM   :::   00:24:54.7236352

::::::::::: BeginRequest Request called at 11/1/2018 12:24:54 AM   :::   00:24:54.7286372

::::::::::: AuthenticateRequest Request called at 11/1/2018 12:24:54 AM   :::   00:24:54.7296355

::::::::::: PostAuthenticateRequest Request called at 11/1/2018 12:24:54 AM   :::   00:24:54.7326361

::::::::::: AuthorizeRequest Request called at 11/1/2018 12:24:54 AM   :::   00:24:54.7346375

::::::::::: PostAuthorizeRequest Request called at 11/1/2018 12:24:54 AM   :::   00:24:54.7356398

::::::::::: End Request called at 11/1/2018 12:24:54 AM   :::   00:24:54.7366385

::::::::::: PostResolveRequestCache Request called at 11/1/2018 12:24:54 AM   :::   00:24:54.7386368

::::::::::: EndRequest Request called at 11/1/2018 12:24:54 AM   :::   00:24:54.7406382

::::::::::: PreSendRequestContent Request called at 11/1/2018 12:24:54 AM   :::   00:24:54.7416381

::::::::::: PreSendRequestHeaders Request called at 11/1/2018 12:24:54 AM   :::   00:24:54.7446359

::::::::::: BeginRequest Request called at 11/1/2018 12:24:54 AM   :::   00:24:54.7516366

::::::::::: AuthenticateRequest Request called at 11/1/2018 12:24:54 AM   :::   00:24:54.7526361

::::::::::: PostAuthenticateRequest Request called at 11/1/2018 12:24:54 AM   :::   00:24:54.7556370

::::::::::: AuthorizeRequest Request called at 11/1/2018 12:24:54 AM   :::   00:24:54.7576369

::::::::::: PostAuthorizeRequest Request called at 11/1/2018 12:24:54 AM   :::   00:24:54.7606386

::::::::::: End Request called at 11/1/2018 12:24:54 AM   :::   00:24:54.7616358

::::::::::: PostResolveRequestCache Request called at 11/1/2018 12:24:54 AM   :::   00:24:54.7626361

::::::::::: EndRequest Request called at 11/1/2018 12:24:54 AM   :::   00:24:54.7646379

::::::::::: PreSendRequestContent Request called at 11/1/2018 12:24:54 AM   :::   00:24:54.7656371

::::::::::: PreSendRequestHeaders Request called at 11/1/2018 12:24:54 AM   :::   00:24:54.7666382

::::::::::: BeginRequest Request called at 11/1/2018 12:24:54 AM   :::   00:24:54.7716366

::::::::::: AuthenticateRequest Request called at 11/1/2018 12:24:54 AM   :::   00:24:54.7736368

::::::::::: PostAuthenticateRequest Request called at 11/1/2018 12:24:54 AM   :::   00:24:54.7766362

::::::::::: AuthorizeRequest Request called at 11/1/2018 12:24:54 AM   :::   00:24:54.7786404

::::::::::: PostAuthorizeRequest Request called at 11/1/2018 12:24:54 AM   :::   00:24:54.7796368

::::::::::: End Request called at 11/1/2018 12:24:54 AM   :::   00:24:54.7806371

::::::::::: PostResolveRequestCache Request called at 11/1/2018 12:24:54 AM   :::   00:24:54.7826353

::::::::::: EndRequest Request called at 11/1/2018 12:24:54 AM   :::   00:24:54.7836372

::::::::::: PreSendRequestContent Request called at 11/1/2018 12:24:54 AM   :::   00:24:54.7846383

::::::::::: PreSendRequestHeaders Request called at 11/1/2018 12:24:54 AM   :::   00:24:54.7866350

::::::::::: BeginRequest Request called at 11/1/2018 12:24:54 AM   :::   00:24:54.7916445

::::::::::: AuthenticateRequest Request called at 11/1/2018 12:24:54 AM   :::   00:24:54.7936436

::::::::::: PostAuthenticateRequest Request called at 11/1/2018 12:24:54 AM   :::   00:24:54.7971451

::::::::::: AuthorizeRequest Request called at 11/1/2018 12:24:54 AM   :::   00:24:54.7986448

::::::::::: PostAuthorizeRequest Request called at 11/1/2018 12:24:54 AM   :::   00:24:54.8001433

::::::::::: End Request called at 11/1/2018 12:24:54 AM   :::   00:24:54.8016422

::::::::::: PostResolveRequestCache Request called at 11/1/2018 12:24:54 AM   :::   00:24:54.8026448

::::::::::: EndRequest Request called at 11/1/2018 12:24:54 AM   :::   00:24:54.8036542

::::::::::: PreSendRequestContent Request called at 11/1/2018 12:24:54 AM   :::   00:24:54.8056537

::::::::::: PreSendRequestHeaders Request called at 11/1/2018 12:24:54 AM   :::   00:24:54.8066540

::::::::::: BeginRequest Request called at 11/1/2018 12:24:54 AM   :::   00:24:54.8126583

::::::::::: AuthenticateRequest Request called at 11/1/2018 12:24:54 AM   :::   00:24:54.8136546

::::::::::: PostAuthenticateRequest Request called at 11/1/2018 12:24:54 AM   :::   00:24:54.8166532

::::::::::: AuthorizeRequest Request called at 11/1/2018 12:24:54 AM   :::   00:24:54.8186574

::::::::::: PostAuthorizeRequest Request called at 11/1/2018 12:24:54 AM   :::   00:24:54.8196554

::::::::::: End Request called at 11/1/2018 12:24:54 AM   :::   00:24:54.8206549

::::::::::: PostResolveRequestCache Request called at 11/1/2018 12:24:54 AM   :::   00:24:54.8226528

::::::::::: EndRequest Request called at 11/1/2018 12:24:54 AM   :::   00:24:54.8236535

::::::::::: PreSendRequestContent Request called at 11/1/2018 12:24:54 AM   :::   00:24:54.8256533

::::::::::: PreSendRequestHeaders Request called at 11/1/2018 12:24:54 AM   :::   00:24:54.8266548

::::::::::: BeginRequest Request called at 11/1/2018 12:24:54 AM   :::   00:24:54.8336570

::::::::::: AuthenticateRequest Request called at 11/1/2018 12:24:54 AM   :::   00:24:54.8356541

::::::::::: PostAuthenticateRequest Request called at 11/1/2018 12:24:54 AM   :::   00:24:54.8386551

::::::::::: AuthorizeRequest Request called at 11/1/2018 12:24:54 AM   :::   00:24:54.8406549

::::::::::: PostAuthorizeRequest Request called at 11/1/2018 12:24:54 AM   :::   00:24:54.8426548

::::::::::: End Request called at 11/1/2018 12:24:54 AM   :::   00:24:54.8446562

::::::::::: PostResolveRequestCache Request called at 11/1/2018 12:24:54 AM   :::   00:24:54.8466540

::::::::::: EndRequest Request called at 11/1/2018 12:24:54 AM   :::   00:24:54.8486551

::::::::::: PreSendRequestContent Request called at 11/1/2018 12:24:54 AM   :::   00:24:54.8496570

::::::::::: PreSendRequestHeaders Request called at 11/1/2018 12:24:54 AM   :::   00:24:54.8516529

::::::::::: BeginRequest Request called at 11/1/2018 12:24:54 AM   :::   00:24:54.8566556

::::::::::: AuthenticateRequest Request called at 11/1/2018 12:24:54 AM   :::   00:24:54.8576567

::::::::::: PostAuthenticateRequest Request called at 11/1/2018 12:24:54 AM   :::   00:24:54.8616541

::::::::::: AuthorizeRequest Request called at 11/1/2018 12:24:54 AM   :::   00:24:54.8636539

::::::::::: PostAuthorizeRequest Request called at 11/1/2018 12:24:54 AM   :::   00:24:54.8646554

::::::::::: End Request called at 11/1/2018 12:24:54 AM   :::   00:24:54.8656549

::::::::::: PostResolveRequestCache Request called at 11/1/2018 12:24:54 AM   :::   00:24:54.8676540

::::::::::: EndRequest Request called at 11/1/2018 12:24:54 AM   :::   00:24:54.8686555

::::::::::: PreSendRequestContent Request called at 11/1/2018 12:24:54 AM   :::   00:24:54.8706534

::::::::::: PreSendRequestHeaders Request called at 11/1/2018 12:24:54 AM   :::   00:24:54.8716529

::::::::::: BeginRequest Request called at 11/1/2018 12:24:54 AM   :::   00:24:54.8866553

::::::::::: AuthenticateRequest Request called at 11/1/2018 12:24:54 AM   :::   00:24:54.8881652

::::::::::: PostAuthenticateRequest Request called at 11/1/2018 12:24:54 AM   :::   00:24:54.8916663

::::::::::: AuthorizeRequest Request called at 11/1/2018 12:24:54 AM   :::   00:24:54.8946669

::::::::::: PostAuthorizeRequest Request called at 11/1/2018 12:24:54 AM   :::   00:24:54.8976663

::::::::::: End Request called at 11/1/2018 12:24:54 AM   :::   00:24:54.8996649

::::::::::: PostResolveRequestCache Request called at 11/1/2018 12:24:54 AM   :::   00:24:54.9026655

::::::::::: EndRequest Request called at 11/1/2018 12:24:54 AM   :::   00:24:54.9046764

::::::::::: PreSendRequestContent Request called at 11/1/2018 12:24:54 AM   :::   00:24:54.9066746

::::::::::: PreSendRequestHeaders Request called at 11/1/2018 12:24:54 AM   :::   00:24:54.9076789

::::::::::: BeginRequest Request called at 11/1/2018 12:24:54 AM   :::   00:24:54.9136781

::::::::::: AuthenticateRequest Request called at 11/1/2018 12:24:54 AM   :::   00:24:54.9146772

::::::::::: PostAuthenticateRequest Request called at 11/1/2018 12:24:54 AM   :::   00:24:54.9176789

::::::::::: AuthorizeRequest Request called at 11/1/2018 12:24:54 AM   :::   00:24:54.9206783

::::::::::: PostAuthorizeRequest Request called at 11/1/2018 12:24:54 AM   :::   00:24:54.9226754

::::::::::: End Request called at 11/1/2018 12:24:54 AM   :::   00:24:54.9246764

::::::::::: PostResolveRequestCache Request called at 11/1/2018 12:24:54 AM   :::   00:24:54.9266751

::::::::::: EndRequest Request called at 11/1/2018 12:24:54 AM   :::   00:24:54.9286757

::::::::::: PreSendRequestContent Request called at 11/1/2018 12:24:54 AM   :::   00:24:54.9316759

::::::::::: PreSendRequestHeaders Request called at 11/1/2018 12:24:54 AM   :::   00:24:54.9326750

::::::::::: BeginRequest Request called at 11/1/2018 12:24:54 AM   :::   00:24:54.9386769

::::::::::: AuthenticateRequest Request called at 11/1/2018 12:24:54 AM   :::   00:24:54.9396741

::::::::::: PostAuthenticateRequest Request called at 11/1/2018 12:24:54 AM   :::   00:24:54.9456779

::::::::::: AuthorizeRequest Request called at 11/1/2018 12:24:54 AM   :::   00:24:54.9476762

::::::::::: PostAuthorizeRequest Request called at 11/1/2018 12:24:54 AM   :::   00:24:54.9496780

::::::::::: End Request called at 11/1/2018 12:24:54 AM   :::   00:24:54.9516755

::::::::::: PostResolveRequestCache Request called at 11/1/2018 12:24:54 AM   :::   00:24:54.9546784

::::::::::: EndRequest Request called at 11/1/2018 12:24:54 AM   :::   00:24:54.9566771

::::::::::: PreSendRequestContent Request called at 11/1/2018 12:24:54 AM   :::   00:24:54.9576750

::::::::::: PreSendRequestHeaders Request called at 11/1/2018 12:24:54 AM   :::   00:24:54.9596757

::::::::::: BeginRequest Request called at 11/1/2018 12:24:54 AM   :::   00:24:54.9656783

::::::::::: AuthenticateRequest Request called at 11/1/2018 12:24:54 AM   :::   00:24:54.9676766

::::::::::: PostAuthenticateRequest Request called at 11/1/2018 12:24:54 AM   :::   00:24:54.9706748

::::::::::: AuthorizeRequest Request called at 11/1/2018 12:24:54 AM   :::   00:24:54.9726774

::::::::::: PostAuthorizeRequest Request called at 11/1/2018 12:24:54 AM   :::   00:24:54.9736746

::::::::::: End Request called at 11/1/2018 12:24:54 AM   :::   00:24:54.9756752

::::::::::: PostResolveRequestCache Request called at 11/1/2018 12:24:54 AM   :::   00:24:54.9786754

::::::::::: EndRequest Request called at 11/1/2018 12:24:54 AM   :::   00:24:54.9806748

::::::::::: PreSendRequestContent Request called at 11/1/2018 12:24:54 AM   :::   00:24:54.9826758

::::::::::: PreSendRequestHeaders Request called at 11/1/2018 12:24:54 AM   :::   00:24:54.9846757

::::::::::: BeginRequest Request called at 11/1/2018 12:24:56 AM   :::   00:24:56.1878182

::::::::::: AuthenticateRequest Request called at 11/1/2018 12:24:56 AM   :::   00:24:56.1898232

::::::::::: PostAuthenticateRequest Request called at 11/1/2018 12:24:56 AM   :::   00:24:56.1958176

::::::::::: AuthorizeRequest Request called at 11/1/2018 12:24:56 AM   :::   00:24:56.1978166

::::::::::: PostAuthorizeRequest Request called at 11/1/2018 12:24:56 AM   :::   00:24:56.1988193

::::::::::: End Request called at 11/1/2018 12:24:56 AM   :::   00:24:56.1998165

::::::::::: PostResolveRequestCache Request called at 11/1/2018 12:24:56 AM   :::   00:24:56.2018171

::::::::::: AcquireRequestState Request called at 11/1/2018 12:24:56 AM   :::   00:24:56.2028162

::::::::::: PostAcquireRequestState Request called at 11/1/2018 12:24:56 AM   :::   00:24:56.2048177

::::::::::: PreRequestHandlerExecute Request called at 11/1/2018 12:24:56 AM   :::   00:24:56.2058188

::::::::::: PostRequestHandlerExecute Request called at 11/1/2018 12:24:56 AM   :::   00:24:56.3178397

::::::::::: ReleaseRequestState Request called at 11/1/2018 12:24:56 AM   :::   00:24:56.3198391

::::::::::: PostReleaseRequestState Request called at 11/1/2018 12:24:56 AM   :::   00:24:56.3208402

::::::::::: UpdateRequestCache Request called at 11/1/2018 12:24:56 AM   :::   00:24:56.3218394

::::::::::: EndRequest Request called at 11/1/2018 12:24:56 AM   :::   00:24:56.3228393

::::::::::: PreSendRequestContent Request called at 11/1/2018 12:24:56 AM   :::   00:24:56.3298419

::::::::::: PreSendRequestHeaders Request called at 11/1/2018 12:24:56 AM   :::   00:24:56.3318417

