::::::::::: BeginRequest Request called at 11/24/2018 8:31:45 PM   :::   20:31:45.7856797

::::::::::: AuthenticateRequest Request called at 11/24/2018 8:31:45 PM   :::   20:31:45.7986921

::::::::::: PostAuthenticateRequest Request called at 11/24/2018 8:31:45 PM   :::   20:31:45.8056801

::::::::::: AuthorizeRequest Request called at 11/24/2018 8:31:45 PM   :::   20:31:45.8076796

::::::::::: PostAuthorizeRequest Request called at 11/24/2018 8:31:45 PM   :::   20:31:45.8116907

::::::::::: End Request called at 11/24/2018 8:31:45 PM   :::   20:31:45.8136791

::::::::::: PostResolveRequestCache Request called at 11/24/2018 8:31:45 PM   :::   20:31:45.8176815

::::::::::: AcquireRequestState Request called at 11/24/2018 8:31:45 PM   :::   20:31:45.8206817

::::::::::: PostAcquireRequestState Request called at 11/24/2018 8:31:45 PM   :::   20:31:45.8246814

::::::::::: PreRequestHandlerExecute Request called at 11/24/2018 8:31:45 PM   :::   20:31:45.8286795

::::::::::: PostRequestHandlerExecute Request called at 11/24/2018 8:31:45 PM   :::   20:31:45.8696937

::::::::::: ReleaseRequestState Request called at 11/24/2018 8:31:45 PM   :::   20:31:45.8716915

::::::::::: PostReleaseRequestState Request called at 11/24/2018 8:31:45 PM   :::   20:31:45.8726915

::::::::::: UpdateRequestCache Request called at 11/24/2018 8:31:45 PM   :::   20:31:45.8806991

::::::::::: EndRequest Request called at 11/24/2018 8:31:45 PM   :::   20:31:45.8826994

::::::::::: PreSendRequestContent Request called at 11/24/2018 8:31:45 PM   :::   20:31:45.8847000

::::::::::: PreSendRequestHeaders Request called at 11/24/2018 8:31:45 PM   :::   20:31:45.8867006

::::::::::: BeginRequest Request called at 11/24/2018 8:31:45 PM   :::   20:31:45.9307016

::::::::::: BeginRequest Request called at 11/24/2018 8:31:45 PM   :::   20:31:45.9327006

::::::::::: AuthenticateRequest Request called at 11/24/2018 8:31:45 PM   :::   20:31:45.9387005

::::::::::: BeginRequest Request called at 11/24/2018 8:31:45 PM   :::   20:31:45.9757210

::::::::::: AuthenticateRequest Request called at 11/24/2018 8:31:45 PM   :::   20:31:45.9797187

::::::::::: BeginRequest Request called at 11/24/2018 8:31:45 PM   :::   20:31:45.9827224

::::::::::: AuthenticateRequest Request called at 11/24/2018 8:31:46 PM   :::   20:31:46.0027204

::::::::::: AuthenticateRequest Request called at 11/24/2018 8:31:46 PM   :::   20:31:46.0107182

::::::::::: AuthenticateRequest Request called at 11/24/2018 8:31:46 PM   :::   20:31:46.0157194

::::::::::: PostAuthenticateRequest Request called at 11/24/2018 8:31:46 PM   :::   20:31:46.0187188

::::::::::: PostAuthenticateRequest Request called at 11/24/2018 8:31:46 PM   :::   20:31:46.0197195

::::::::::: PostAuthenticateRequest Request called at 11/24/2018 8:31:46 PM   :::   20:31:46.0187188

::::::::::: PostAuthenticateRequest Request called at 11/24/2018 8:31:46 PM   :::   20:31:46.0277217

::::::::::: AuthorizeRequest Request called at 11/24/2018 8:31:46 PM   :::   20:31:46.0337200

::::::::::: PostAuthorizeRequest Request called at 11/24/2018 8:31:46 PM   :::   20:31:46.0357226

::::::::::: End Request called at 11/24/2018 8:31:46 PM   :::   20:31:46.0377213

::::::::::: PostResolveRequestCache Request called at 11/24/2018 8:31:46 PM   :::   20:31:46.0397207

::::::::::: AcquireRequestState Request called at 11/24/2018 8:31:46 PM   :::   20:31:46.0437184

::::::::::: PostAcquireRequestState Request called at 11/24/2018 8:31:46 PM   :::   20:31:46.0487200

::::::::::: PreRequestHandlerExecute Request called at 11/24/2018 8:31:46 PM   :::   20:31:46.0577268

::::::::::: AuthorizeRequest Request called at 11/24/2018 8:31:46 PM   :::   20:31:46.0737272

::::::::::: AuthorizeRequest Request called at 11/24/2018 8:31:46 PM   :::   20:31:46.0737272

::::::::::: PostAuthorizeRequest Request called at 11/24/2018 8:31:46 PM   :::   20:31:46.0782290

::::::::::: End Request called at 11/24/2018 8:31:46 PM   :::   20:31:46.0862276

::::::::::: PostResolveRequestCache Request called at 11/24/2018 8:31:46 PM   :::   20:31:46.0947275

::::::::::: AcquireRequestState Request called at 11/24/2018 8:31:46 PM   :::   20:31:46.1012276

::::::::::: PostAcquireRequestState Request called at 11/24/2018 8:31:46 PM   :::   20:31:46.1037268

::::::::::: PostAuthorizeRequest Request called at 11/24/2018 8:31:46 PM   :::   20:31:46.1122279

::::::::::: End Request called at 11/24/2018 8:31:46 PM   :::   20:31:46.1142266

::::::::::: PostResolveRequestCache Request called at 11/24/2018 8:31:46 PM   :::   20:31:46.1347264

::::::::::: End Request called at 11/24/2018 8:31:46 PM   :::   20:31:46.1357271

::::::::::: PostResolveRequestCache Request called at 11/24/2018 8:31:46 PM   :::   20:31:46.1387264

::::::::::: AcquireRequestState Request called at 11/24/2018 8:31:46 PM   :::   20:31:46.1407275

::::::::::: PostAcquireRequestState Request called at 11/24/2018 8:31:46 PM   :::   20:31:46.1422272

::::::::::: PreRequestHandlerExecute Request called at 11/24/2018 8:31:46 PM   :::   20:31:46.1442266

::::::::::: PostRequestHandlerExecute Request called at 11/24/2018 8:31:46 PM   :::   20:31:46.1657259

::::::::::: PostResolveRequestCache Request called at 11/24/2018 8:31:46 PM   :::   20:31:46.1757275

::::::::::: AcquireRequestState Request called at 11/24/2018 8:31:46 PM   :::   20:31:46.1792267

::::::::::: PostAcquireRequestState Request called at 11/24/2018 8:31:46 PM   :::   20:31:46.1807271

::::::::::: PostReleaseRequestState Request called at 11/24/2018 8:31:46 PM   :::   20:31:46.1932256

::::::::::: PostReleaseRequestState Request called at 11/24/2018 8:31:46 PM   :::   20:31:46.2007260

::::::::::: PreRequestHandlerExecute Request called at 11/24/2018 8:31:46 PM   :::   20:31:46.1952266

::::::::::: UpdateRequestCache Request called at 11/24/2018 8:31:46 PM   :::   20:31:46.2077282

::::::::::: EndRequest Request called at 11/24/2018 8:31:46 PM   :::   20:31:46.2097292

::::::::::: PreSendRequestContent Request called at 11/24/2018 8:31:46 PM   :::   20:31:46.2122308

::::::::::: PreSendRequestHeaders Request called at 11/24/2018 8:31:46 PM   :::   20:31:46.2182268

::::::::::: PostResolveRequestCache Request called at 11/24/2018 8:31:46 PM   :::   20:31:46.2282272

::::::::::: AcquireRequestState Request called at 11/24/2018 8:31:46 PM   :::   20:31:46.2332264

::::::::::: PostAcquireRequestState Request called at 11/24/2018 8:31:46 PM   :::   20:31:46.2352270

::::::::::: PreRequestHandlerExecute Request called at 11/24/2018 8:31:46 PM   :::   20:31:46.2367263

::::::::::: BeginRequest Request called at 11/24/2018 8:31:46 PM   :::   20:31:46.2392275

::::::::::: AuthenticateRequest Request called at 11/24/2018 8:31:46 PM   :::   20:31:46.2412270

::::::::::: PostRequestHandlerExecute Request called at 11/24/2018 8:31:46 PM   :::   20:31:46.2652251

::::::::::: PreRequestHandlerExecute Request called at 11/24/2018 8:31:46 PM   :::   20:31:46.2757264

::::::::::: ReleaseRequestState Request called at 11/24/2018 8:31:46 PM   :::   20:31:46.2792264

::::::::::: PostReleaseRequestState Request called at 11/24/2018 8:31:46 PM   :::   20:31:46.2817256

::::::::::: ReleaseRequestState Request called at 11/24/2018 8:31:46 PM   :::   20:31:46.2952283

::::::::::: PostReleaseRequestState Request called at 11/24/2018 8:31:46 PM   :::   20:31:46.2972266

::::::::::: ReleaseRequestState Request called at 11/24/2018 8:31:46 PM   :::   20:31:46.3172250

::::::::::: PostAuthenticateRequest Request called at 11/24/2018 8:31:46 PM   :::   20:31:46.3187267

::::::::::: UpdateRequestCache Request called at 11/24/2018 8:31:46 PM   :::   20:31:46.3242296

::::::::::: EndRequest Request called at 11/24/2018 8:31:46 PM   :::   20:31:46.3332265

::::::::::: PreSendRequestContent Request called at 11/24/2018 8:31:46 PM   :::   20:31:46.3357257

::::::::::: PreSendRequestHeaders Request called at 11/24/2018 8:31:46 PM   :::   20:31:46.3372258

::::::::::: EndRequest Request called at 11/24/2018 8:31:46 PM   :::   20:31:46.3457273

::::::::::: PreSendRequestContent Request called at 11/24/2018 8:31:46 PM   :::   20:31:46.3487267

::::::::::: PreSendRequestHeaders Request called at 11/24/2018 8:31:46 PM   :::   20:31:46.3512338

::::::::::: BeginRequest Request called at 11/24/2018 8:31:46 PM   :::   20:31:46.3612271

::::::::::: AuthenticateRequest Request called at 11/24/2018 8:31:46 PM   :::   20:31:46.3702264

::::::::::: BeginRequest Request called at 11/24/2018 8:31:46 PM   :::   20:31:46.3892261

::::::::::: AuthenticateRequest Request called at 11/24/2018 8:31:46 PM   :::   20:31:46.3957258

::::::::::: PostAuthorizeRequest Request called at 11/24/2018 8:31:46 PM   :::   20:31:46.4207270

::::::::::: End Request called at 11/24/2018 8:31:46 PM   :::   20:31:46.4232274

::::::::::: PreSendRequestHeaders Request called at 11/24/2018 8:31:46 PM   :::   20:31:46.4242277

::::::::::: BeginRequest Request called at 11/24/2018 8:31:46 PM   :::   20:31:46.4582247

::::::::::: EndRequest Request called at 11/24/2018 8:31:46 PM   :::   20:31:46.4582247

::::::::::: PreSendRequestContent Request called at 11/24/2018 8:31:46 PM   :::   20:31:46.4642262

::::::::::: PreSendRequestHeaders Request called at 11/24/2018 8:31:46 PM   :::   20:31:46.4657255

::::::::::: BeginRequest Request called at 11/24/2018 8:31:46 PM   :::   20:31:46.4907255

::::::::::: AuthenticateRequest Request called at 11/24/2018 8:31:46 PM   :::   20:31:46.4937269

::::::::::: AuthorizeRequest Request called at 11/24/2018 8:31:46 PM   :::   20:31:46.5292259

::::::::::: PostAuthorizeRequest Request called at 11/24/2018 8:31:46 PM   :::   20:31:46.5327274

::::::::::: End Request called at 11/24/2018 8:31:46 PM   :::   20:31:46.5342263

::::::::::: AuthorizeRequest Request called at 11/24/2018 8:31:46 PM   :::   20:31:46.5452270

::::::::::: PostAuthorizeRequest Request called at 11/24/2018 8:31:46 PM   :::   20:31:46.5472265

::::::::::: End Request called at 11/24/2018 8:31:46 PM   :::   20:31:46.5487261

::::::::::: PostResolveRequestCache Request called at 11/24/2018 8:31:46 PM   :::   20:31:46.5502262

::::::::::: AcquireRequestState Request called at 11/24/2018 8:31:46 PM   :::   20:31:46.5642267

::::::::::: PostAcquireRequestState Request called at 11/24/2018 8:31:46 PM   :::   20:31:46.5732256

::::::::::: PreRequestHandlerExecute Request called at 11/24/2018 8:31:46 PM   :::   20:31:46.5772261

::::::::::: AuthorizeRequest Request called at 11/24/2018 8:31:46 PM   :::   20:31:46.5892263

::::::::::: PostAuthorizeRequest Request called at 11/24/2018 8:31:46 PM   :::   20:31:46.5967271

::::::::::: End Request called at 11/24/2018 8:31:46 PM   :::   20:31:46.5987266

::::::::::: PostResolveRequestCache Request called at 11/24/2018 8:31:46 PM   :::   20:31:46.6012274

::::::::::: AcquireRequestState Request called at 11/24/2018 8:31:46 PM   :::   20:31:46.6027259

::::::::::: PostAcquireRequestState Request called at 11/24/2018 8:31:46 PM   :::   20:31:46.6072257

::::::::::: PreRequestHandlerExecute Request called at 11/24/2018 8:31:46 PM   :::   20:31:46.6117311

::::::::::: ReleaseRequestState Request called at 11/24/2018 8:31:46 PM   :::   20:31:46.6337258

::::::::::: PostReleaseRequestState Request called at 11/24/2018 8:31:46 PM   :::   20:31:46.6357269

::::::::::: PreSendRequestContent Request called at 11/24/2018 8:31:46 PM   :::   20:31:46.6302417

::::::::::: PreSendRequestHeaders Request called at 11/24/2018 8:31:46 PM   :::   20:31:46.6492280

::::::::::: UpdateRequestCache Request called at 11/24/2018 8:31:46 PM   :::   20:31:46.6772270

::::::::::: EndRequest Request called at 11/24/2018 8:31:46 PM   :::   20:31:46.6787259

::::::::::: PreSendRequestContent Request called at 11/24/2018 8:31:46 PM   :::   20:31:46.6807257

::::::::::: PreSendRequestHeaders Request called at 11/24/2018 8:31:46 PM   :::   20:31:46.6827268

::::::::::: PostAcquireRequestState Request called at 11/24/2018 8:31:46 PM   :::   20:31:46.7017261

::::::::::: PreRequestHandlerExecute Request called at 11/24/2018 8:31:46 PM   :::   20:31:46.7047262

::::::::::: ReleaseRequestState Request called at 11/24/2018 8:31:46 PM   :::   20:31:46.7382278

::::::::::: PostReleaseRequestState Request called at 11/24/2018 8:31:46 PM   :::   20:31:46.7402272

::::::::::: BeginRequest Request called at 11/24/2018 8:31:46 PM   :::   20:31:46.7442281

::::::::::: AuthenticateRequest Request called at 11/24/2018 8:31:46 PM   :::   20:31:46.7487276

::::::::::: UpdateRequestCache Request called at 11/24/2018 8:31:46 PM   :::   20:31:46.7552265

::::::::::: PostRequestHandlerExecute Request called at 11/24/2018 8:31:46 PM   :::   20:31:46.7562268

::::::::::: ReleaseRequestState Request called at 11/24/2018 8:31:46 PM   :::   20:31:46.7612276

::::::::::: PostReleaseRequestState Request called at 11/24/2018 8:31:46 PM   :::   20:31:46.7632254

::::::::::: UpdateRequestCache Request called at 11/24/2018 8:31:46 PM   :::   20:31:46.7692281

::::::::::: EndRequest Request called at 11/24/2018 8:31:46 PM   :::   20:31:46.7707262

::::::::::: PreSendRequestContent Request called at 11/24/2018 8:31:46 PM   :::   20:31:46.7732286

::::::::::: PreSendRequestHeaders Request called at 11/24/2018 8:31:46 PM   :::   20:31:46.7752415

::::::::::: AuthenticateRequest Request called at 11/24/2018 8:31:46 PM   :::   20:31:46.7827269

::::::::::: PostAuthenticateRequest Request called at 11/24/2018 8:31:46 PM   :::   20:31:46.7892262

::::::::::: BeginRequest Request called at 11/24/2018 8:31:46 PM   :::   20:31:46.8057263

::::::::::: End Request called at 11/24/2018 8:31:46 PM   :::   20:31:46.8162269

::::::::::: PostResolveRequestCache Request called at 11/24/2018 8:31:46 PM   :::   20:31:46.8187269

::::::::::: AcquireRequestState Request called at 11/24/2018 8:31:46 PM   :::   20:31:46.8217278

::::::::::: PostAcquireRequestState Request called at 11/24/2018 8:31:46 PM   :::   20:31:46.8232267

::::::::::: PreRequestHandlerExecute Request called at 11/24/2018 8:31:46 PM   :::   20:31:46.8277277

::::::::::: PostRequestHandlerExecute Request called at 11/24/2018 8:31:46 PM   :::   20:31:46.8517286

::::::::::: ReleaseRequestState Request called at 11/24/2018 8:31:46 PM   :::   20:31:46.8537261

::::::::::: PostReleaseRequestState Request called at 11/24/2018 8:31:46 PM   :::   20:31:46.8552266

::::::::::: PostAuthorizeRequest Request called at 11/24/2018 8:31:46 PM   :::   20:31:46.8632291

::::::::::: End Request called at 11/24/2018 8:31:46 PM   :::   20:31:46.8657279

::::::::::: PostResolveRequestCache Request called at 11/24/2018 8:31:46 PM   :::   20:31:46.8682272

::::::::::: AcquireRequestState Request called at 11/24/2018 8:31:46 PM   :::   20:31:46.8702274

::::::::::: PostAcquireRequestState Request called at 11/24/2018 8:31:46 PM   :::   20:31:46.8822272

::::::::::: PreRequestHandlerExecute Request called at 11/24/2018 8:31:46 PM   :::   20:31:46.8842275

::::::::::: ReleaseRequestState Request called at 11/24/2018 8:31:46 PM   :::   20:31:46.8897265

::::::::::: PostReleaseRequestState Request called at 11/24/2018 8:31:46 PM   :::   20:31:46.8952278

::::::::::: UpdateRequestCache Request called at 11/24/2018 8:31:46 PM   :::   20:31:46.8982276

::::::::::: EndRequest Request called at 11/24/2018 8:31:46 PM   :::   20:31:46.9002270

::::::::::: PreSendRequestContent Request called at 11/24/2018 8:31:46 PM   :::   20:31:46.9022277

::::::::::: PreSendRequestHeaders Request called at 11/24/2018 8:31:46 PM   :::   20:31:46.9037270

::::::::::: AuthorizeRequest Request called at 11/24/2018 8:31:46 PM   :::   20:31:46.9172277

::::::::::: PostAuthorizeRequest Request called at 11/24/2018 8:31:46 PM   :::   20:31:46.9202271

::::::::::: End Request called at 11/24/2018 8:31:46 PM   :::   20:31:46.9222273

::::::::::: PostResolveRequestCache Request called at 11/24/2018 8:31:46 PM   :::   20:31:46.9242279

::::::::::: AcquireRequestState Request called at 11/24/2018 8:31:46 PM   :::   20:31:46.9277282

::::::::::: PostAcquireRequestState Request called at 11/24/2018 8:31:46 PM   :::   20:31:46.9292275

::::::::::: PreRequestHandlerExecute Request called at 11/24/2018 8:31:46 PM   :::   20:31:46.9307272

::::::::::: PreSendRequestHeaders Request called at 11/24/2018 8:31:46 PM   :::   20:31:46.9832265

::::::::::: AuthenticateRequest Request called at 11/24/2018 8:31:46 PM   :::   20:31:46.9912259

::::::::::: EndRequest Request called at 11/24/2018 8:31:47 PM   :::   20:31:47.0002275

::::::::::: PreSendRequestContent Request called at 11/24/2018 8:31:47 PM   :::   20:31:47.0057261

::::::::::: PreSendRequestHeaders Request called at 11/24/2018 8:31:47 PM   :::   20:31:47.0142261

::::::::::: PostAuthenticateRequest Request called at 11/24/2018 8:31:47 PM   :::   20:31:47.0392261

::::::::::: ReleaseRequestState Request called at 11/24/2018 8:31:47 PM   :::   20:31:47.0447266

::::::::::: AuthorizeRequest Request called at 11/24/2018 8:31:47 PM   :::   20:31:47.0527268

::::::::::: PostAuthorizeRequest Request called at 11/24/2018 8:31:47 PM   :::   20:31:47.0547263

::::::::::: End Request called at 11/24/2018 8:31:47 PM   :::   20:31:47.0562267

::::::::::: PostResolveRequestCache Request called at 11/24/2018 8:31:47 PM   :::   20:31:47.0592332

::::::::::: AcquireRequestState Request called at 11/24/2018 8:31:47 PM   :::   20:31:47.0612279

::::::::::: PostAcquireRequestState Request called at 11/24/2018 8:31:47 PM   :::   20:31:47.0662268

::::::::::: PreRequestHandlerExecute Request called at 11/24/2018 8:31:47 PM   :::   20:31:47.0682270

::::::::::: ReleaseRequestState Request called at 11/24/2018 8:31:47 PM   :::   20:31:47.0872263

::::::::::: BeginRequest Request called at 11/24/2018 8:31:47 PM   :::   20:31:47.0882262

::::::::::: AuthenticateRequest Request called at 11/24/2018 8:31:47 PM   :::   20:31:47.1077273

::::::::::: ReleaseRequestState Request called at 11/24/2018 8:31:47 PM   :::   20:31:47.1162268

::::::::::: PostReleaseRequestState Request called at 11/24/2018 8:31:47 PM   :::   20:31:47.1177261

::::::::::: UpdateRequestCache Request called at 11/24/2018 8:31:47 PM   :::   20:31:47.1282263

::::::::::: EndRequest Request called at 11/24/2018 8:31:47 PM   :::   20:31:47.1302269

::::::::::: PreSendRequestContent Request called at 11/24/2018 8:31:47 PM   :::   20:31:47.1372275

::::::::::: PreSendRequestHeaders Request called at 11/24/2018 8:31:47 PM   :::   20:31:47.1392290

::::::::::: EndRequest Request called at 11/24/2018 8:31:47 PM   :::   20:31:47.1702270

::::::::::: PreSendRequestContent Request called at 11/24/2018 8:31:47 PM   :::   20:31:47.1722272

::::::::::: PreSendRequestHeaders Request called at 11/24/2018 8:31:47 PM   :::   20:31:47.1767274

::::::::::: PostAuthenticateRequest Request called at 11/24/2018 8:31:47 PM   :::   20:31:47.1817270

::::::::::: PostAuthenticateRequest Request called at 11/24/2018 8:31:47 PM   :::   20:31:47.1857287

::::::::::: PostAuthenticateRequest Request called at 11/24/2018 8:31:47 PM   :::   20:31:47.1882287

::::::::::: AuthorizeRequest Request called at 11/24/2018 8:31:47 PM   :::   20:31:47.1977270

::::::::::: PostAuthorizeRequest Request called at 11/24/2018 8:31:47 PM   :::   20:31:47.1992275

::::::::::: AuthorizeRequest Request called at 11/24/2018 8:31:47 PM   :::   20:31:47.2002274

::::::::::: PostAuthorizeRequest Request called at 11/24/2018 8:31:47 PM   :::   20:31:47.2032272

::::::::::: End Request called at 11/24/2018 8:31:47 PM   :::   20:31:47.2047280

::::::::::: PostResolveRequestCache Request called at 11/24/2018 8:31:47 PM   :::   20:31:47.2067283

::::::::::: AcquireRequestState Request called at 11/24/2018 8:31:47 PM   :::   20:31:47.2097272

::::::::::: PostAcquireRequestState Request called at 11/24/2018 8:31:47 PM   :::   20:31:47.2117291

::::::::::: PreRequestHandlerExecute Request called at 11/24/2018 8:31:47 PM   :::   20:31:47.2162277

::::::::::: AuthorizeRequest Request called at 11/24/2018 8:31:47 PM   :::   20:31:47.2307260

::::::::::: PostAuthorizeRequest Request called at 11/24/2018 8:31:47 PM   :::   20:31:47.2327266

::::::::::: BeginRequest Request called at 11/24/2018 8:31:47 PM   :::   20:31:47.2337281

::::::::::: AuthenticateRequest Request called at 11/24/2018 8:31:47 PM   :::   20:31:47.2362270

::::::::::: PostRequestHandlerExecute Request called at 11/24/2018 8:31:47 PM   :::   20:31:47.2562282

::::::::::: ReleaseRequestState Request called at 11/24/2018 8:31:47 PM   :::   20:31:47.2667264

::::::::::: PostReleaseRequestState Request called at 11/24/2018 8:31:47 PM   :::   20:31:47.2697265

::::::::::: PostResolveRequestCache Request called at 11/24/2018 8:31:47 PM   :::   20:31:47.2817276

::::::::::: AcquireRequestState Request called at 11/24/2018 8:31:47 PM   :::   20:31:47.2832276

::::::::::: PostAcquireRequestState Request called at 11/24/2018 8:31:47 PM   :::   20:31:47.2942260

::::::::::: PreRequestHandlerExecute Request called at 11/24/2018 8:31:47 PM   :::   20:31:47.2957253

::::::::::: PostResolveRequestCache Request called at 11/24/2018 8:31:47 PM   :::   20:31:47.3117308

::::::::::: PreSendRequestContent Request called at 11/24/2018 8:31:47 PM   :::   20:31:47.3192268

::::::::::: PreSendRequestHeaders Request called at 11/24/2018 8:31:47 PM   :::   20:31:47.3212263

::::::::::: AcquireRequestState Request called at 11/24/2018 8:31:47 PM   :::   20:31:47.3217268

::::::::::: BeginRequest Request called at 11/24/2018 8:31:47 PM   :::   20:31:47.3382273

::::::::::: AuthenticateRequest Request called at 11/24/2018 8:31:47 PM   :::   20:31:47.3397270

::::::::::: ReleaseRequestState Request called at 11/24/2018 8:31:47 PM   :::   20:31:47.3557293

::::::::::: PostReleaseRequestState Request called at 11/24/2018 8:31:47 PM   :::   20:31:47.3582309

::::::::::: PostAuthenticateRequest Request called at 11/24/2018 8:31:47 PM   :::   20:31:47.3602276

::::::::::: UpdateRequestCache Request called at 11/24/2018 8:31:47 PM   :::   20:31:47.3642284

::::::::::: EndRequest Request called at 11/24/2018 8:31:47 PM   :::   20:31:47.3657273

::::::::::: PreSendRequestContent Request called at 11/24/2018 8:31:47 PM   :::   20:31:47.3677264

::::::::::: PreSendRequestHeaders Request called at 11/24/2018 8:31:47 PM   :::   20:31:47.3692277

::::::::::: BeginRequest Request called at 11/24/2018 8:31:47 PM   :::   20:31:47.3832286

::::::::::: AuthenticateRequest Request called at 11/24/2018 8:31:47 PM   :::   20:31:47.3862271

::::::::::: PostAuthenticateRequest Request called at 11/24/2018 8:31:47 PM   :::   20:31:47.4172271

::::::::::: AuthorizeRequest Request called at 11/24/2018 8:31:47 PM   :::   20:31:47.4282353

::::::::::: PostAuthorizeRequest Request called at 11/24/2018 8:31:47 PM   :::   20:31:47.4282353

::::::::::: End Request called at 11/24/2018 8:31:47 PM   :::   20:31:47.4322275

::::::::::: PostResolveRequestCache Request called at 11/24/2018 8:31:47 PM   :::   20:31:47.4347267

::::::::::: AcquireRequestState Request called at 11/24/2018 8:31:47 PM   :::   20:31:47.4362264

::::::::::: PostAcquireRequestState Request called at 11/24/2018 8:31:47 PM   :::   20:31:47.4397283

::::::::::: PreRequestHandlerExecute Request called at 11/24/2018 8:31:47 PM   :::   20:31:47.4427285

::::::::::: AuthorizeRequest Request called at 11/24/2018 8:31:47 PM   :::   20:31:47.4507278

::::::::::: PostAuthorizeRequest Request called at 11/24/2018 8:31:47 PM   :::   20:31:47.4562256

::::::::::: End Request called at 11/24/2018 8:31:47 PM   :::   20:31:47.4587272

::::::::::: PostResolveRequestCache Request called at 11/24/2018 8:31:47 PM   :::   20:31:47.4732259

::::::::::: AcquireRequestState Request called at 11/24/2018 8:31:47 PM   :::   20:31:47.4762265

::::::::::: PostAcquireRequestState Request called at 11/24/2018 8:31:47 PM   :::   20:31:47.4777301

::::::::::: PreRequestHandlerExecute Request called at 11/24/2018 8:31:47 PM   :::   20:31:47.4792274

::::::::::: AuthorizeRequest Request called at 11/24/2018 8:31:47 PM   :::   20:31:47.4872268

::::::::::: ReleaseRequestState Request called at 11/24/2018 8:31:47 PM   :::   20:31:47.4947268

::::::::::: PostReleaseRequestState Request called at 11/24/2018 8:31:47 PM   :::   20:31:47.4972276

::::::::::: UpdateRequestCache Request called at 11/24/2018 8:31:47 PM   :::   20:31:47.4992282

::::::::::: EndRequest Request called at 11/24/2018 8:31:47 PM   :::   20:31:47.5057259

::::::::::: PreSendRequestContent Request called at 11/24/2018 8:31:47 PM   :::   20:31:47.5087265

::::::::::: PreSendRequestHeaders Request called at 11/24/2018 8:31:47 PM   :::   20:31:47.5242271

::::::::::: ReleaseRequestState Request called at 11/24/2018 8:31:47 PM   :::   20:31:47.5302250

::::::::::: PostReleaseRequestState Request called at 11/24/2018 8:31:47 PM   :::   20:31:47.5452270

::::::::::: AcquireRequestState Request called at 11/24/2018 8:31:47 PM   :::   20:31:47.5602266

::::::::::: PostAcquireRequestState Request called at 11/24/2018 8:31:47 PM   :::   20:31:47.5622292

::::::::::: UpdateRequestCache Request called at 11/24/2018 8:31:47 PM   :::   20:31:47.5632264

::::::::::: EndRequest Request called at 11/24/2018 8:31:47 PM   :::   20:31:47.5672265

::::::::::: PreSendRequestContent Request called at 11/24/2018 8:31:47 PM   :::   20:31:47.5692275

::::::::::: BeginRequest Request called at 11/24/2018 8:31:47 PM   :::   20:31:47.5702274

::::::::::: AuthenticateRequest Request called at 11/24/2018 8:31:47 PM   :::   20:31:47.5722269

::::::::::: End Request called at 11/24/2018 8:31:47 PM   :::   20:31:47.5782260

::::::::::: PostResolveRequestCache Request called at 11/24/2018 8:31:47 PM   :::   20:31:47.5802282

::::::::::: AcquireRequestState Request called at 11/24/2018 8:31:47 PM   :::   20:31:47.5827267

::::::::::: PostAcquireRequestState Request called at 11/24/2018 8:31:47 PM   :::   20:31:47.5842271

::::::::::: PreRequestHandlerExecute Request called at 11/24/2018 8:31:47 PM   :::   20:31:47.5857256

::::::::::: PostRequestHandlerExecute Request called at 11/24/2018 8:31:47 PM   :::   20:31:47.6017272

::::::::::: PostReleaseRequestState Request called at 11/24/2018 8:31:47 PM   :::   20:31:47.6102259

::::::::::: AuthenticateRequest Request called at 11/24/2018 8:31:47 PM   :::   20:31:47.6172254

::::::::::: PostRequestHandlerExecute Request called at 11/24/2018 8:31:47 PM   :::   20:31:47.6182273

::::::::::: ReleaseRequestState Request called at 11/24/2018 8:31:47 PM   :::   20:31:47.6287254

::::::::::: PostReleaseRequestState Request called at 11/24/2018 8:31:47 PM   :::   20:31:47.6362251

::::::::::: BeginRequest Request called at 11/24/2018 8:31:47 PM   :::   20:31:47.6372277

::::::::::: PostReleaseRequestState Request called at 11/24/2018 8:31:47 PM   :::   20:31:47.6387274

::::::::::: UpdateRequestCache Request called at 11/24/2018 8:31:47 PM   :::   20:31:47.6447270

::::::::::: EndRequest Request called at 11/24/2018 8:31:47 PM   :::   20:31:47.6472258

::::::::::: PreSendRequestContent Request called at 11/24/2018 8:31:47 PM   :::   20:31:47.6562263

::::::::::: PreSendRequestHeaders Request called at 11/24/2018 8:31:47 PM   :::   20:31:47.6662267

::::::::::: PostAuthenticateRequest Request called at 11/24/2018 8:31:47 PM   :::   20:31:47.6747270

::::::::::: BeginRequest Request called at 11/24/2018 8:31:47 PM   :::   20:31:47.6807273

::::::::::: AuthenticateRequest Request called at 11/24/2018 8:31:47 PM   :::   20:31:47.6872274

::::::::::: EndRequest Request called at 11/24/2018 8:31:47 PM   :::   20:31:47.6997282

::::::::::: PreSendRequestContent Request called at 11/24/2018 8:31:47 PM   :::   20:31:47.7037275

::::::::::: PreSendRequestHeaders Request called at 11/24/2018 8:31:47 PM   :::   20:31:47.7147270

::::::::::: PreSendRequestContent Request called at 11/24/2018 8:31:47 PM   :::   20:31:47.7152280

::::::::::: PreSendRequestHeaders Request called at 11/24/2018 8:31:47 PM   :::   20:31:47.7212295

::::::::::: AuthorizeRequest Request called at 11/24/2018 8:31:47 PM   :::   20:31:47.7327268

::::::::::: PostAuthorizeRequest Request called at 11/24/2018 8:31:47 PM   :::   20:31:47.7347287

::::::::::: End Request called at 11/24/2018 8:31:47 PM   :::   20:31:47.7372259

::::::::::: PostResolveRequestCache Request called at 11/24/2018 8:31:47 PM   :::   20:31:47.7397275

::::::::::: AcquireRequestState Request called at 11/24/2018 8:31:47 PM   :::   20:31:47.7427276

::::::::::: PostAcquireRequestState Request called at 11/24/2018 8:31:47 PM   :::   20:31:47.7452276

::::::::::: PreRequestHandlerExecute Request called at 11/24/2018 8:31:47 PM   :::   20:31:47.7472283

::::::::::: BeginRequest Request called at 11/24/2018 8:31:47 PM   :::   20:31:47.7487280

::::::::::: PostRequestHandlerExecute Request called at 11/24/2018 8:31:47 PM   :::   20:31:47.7642273

::::::::::: ReleaseRequestState Request called at 11/24/2018 8:31:47 PM   :::   20:31:47.7662276

::::::::::: PostReleaseRequestState Request called at 11/24/2018 8:31:47 PM   :::   20:31:47.7677261

::::::::::: UpdateRequestCache Request called at 11/24/2018 8:31:47 PM   :::   20:31:47.7862284

::::::::::: EndRequest Request called at 11/24/2018 8:31:47 PM   :::   20:31:47.7877261

::::::::::: PreSendRequestContent Request called at 11/24/2018 8:31:47 PM   :::   20:31:47.7902281

::::::::::: PreSendRequestHeaders Request called at 11/24/2018 8:31:47 PM   :::   20:31:47.7927261

::::::::::: End Request called at 11/24/2018 8:31:47 PM   :::   20:31:47.7992266

::::::::::: PostResolveRequestCache Request called at 11/24/2018 8:31:47 PM   :::   20:31:47.8182279

::::::::::: AcquireRequestState Request called at 11/24/2018 8:31:47 PM   :::   20:31:47.8197260

::::::::::: PostAcquireRequestState Request called at 11/24/2018 8:31:47 PM   :::   20:31:47.8212269

::::::::::: PreRequestHandlerExecute Request called at 11/24/2018 8:31:47 PM   :::   20:31:47.8322268

::::::::::: End Request called at 11/24/2018 8:31:47 PM   :::   20:31:47.8397252

::::::::::: PostResolveRequestCache Request called at 11/24/2018 8:31:47 PM   :::   20:31:47.8437281

::::::::::: PostAuthorizeRequest Request called at 11/24/2018 8:31:47 PM   :::   20:31:47.8492263

::::::::::: End Request called at 11/24/2018 8:31:47 PM   :::   20:31:47.8547264

::::::::::: PostResolveRequestCache Request called at 11/24/2018 8:31:47 PM   :::   20:31:47.8567271

::::::::::: AcquireRequestState Request called at 11/24/2018 8:31:47 PM   :::   20:31:47.8682268

::::::::::: PostAcquireRequestState Request called at 11/24/2018 8:31:47 PM   :::   20:31:47.8702266

::::::::::: PostAuthenticateRequest Request called at 11/24/2018 8:31:47 PM   :::   20:31:47.8762261

::::::::::: ReleaseRequestState Request called at 11/24/2018 8:31:47 PM   :::   20:31:47.8852270

::::::::::: PostReleaseRequestState Request called at 11/24/2018 8:31:47 PM   :::   20:31:47.8917318

::::::::::: UpdateRequestCache Request called at 11/24/2018 8:31:47 PM   :::   20:31:47.8997253

::::::::::: PostAcquireRequestState Request called at 11/24/2018 8:31:47 PM   :::   20:31:47.9057256

::::::::::: PostAuthenticateRequest Request called at 11/24/2018 8:31:47 PM   :::   20:31:47.9067267

::::::::::: AuthorizeRequest Request called at 11/24/2018 8:31:47 PM   :::   20:31:47.9337262

::::::::::: PostAuthorizeRequest Request called at 11/24/2018 8:31:47 PM   :::   20:31:47.9357280

::::::::::: End Request called at 11/24/2018 8:31:47 PM   :::   20:31:47.9517272

::::::::::: AuthorizeRequest Request called at 11/24/2018 8:31:47 PM   :::   20:31:47.9627271

::::::::::: PostAuthorizeRequest Request called at 11/24/2018 8:31:47 PM   :::   20:31:47.9652271

::::::::::: End Request called at 11/24/2018 8:31:47 PM   :::   20:31:47.9697266

::::::::::: PostResolveRequestCache Request called at 11/24/2018 8:31:47 PM   :::   20:31:47.9722266

::::::::::: AcquireRequestState Request called at 11/24/2018 8:31:47 PM   :::   20:31:47.9807273

::::::::::: PreSendRequestHeaders Request called at 11/24/2018 8:31:47 PM   :::   20:31:47.9887286

::::::::::: BeginRequest Request called at 11/24/2018 8:31:48 PM   :::   20:31:48.0087275

::::::::::: AuthenticateRequest Request called at 11/24/2018 8:31:48 PM   :::   20:31:48.0117304

::::::::::: End Request called at 11/24/2018 8:31:48 PM   :::   20:31:48.0287267

::::::::::: PostResolveRequestCache Request called at 11/24/2018 8:31:48 PM   :::   20:31:48.0307262

::::::::::: AcquireRequestState Request called at 11/24/2018 8:31:48 PM   :::   20:31:48.0327276

::::::::::: PostAcquireRequestState Request called at 11/24/2018 8:31:48 PM   :::   20:31:48.0342273

::::::::::: PreRequestHandlerExecute Request called at 11/24/2018 8:31:48 PM   :::   20:31:48.0357273

::::::::::: PostRequestHandlerExecute Request called at 11/24/2018 8:31:48 PM   :::   20:31:48.0732258

::::::::::: ReleaseRequestState Request called at 11/24/2018 8:31:48 PM   :::   20:31:48.0817261

::::::::::: PostReleaseRequestState Request called at 11/24/2018 8:31:48 PM   :::   20:31:48.0842269

::::::::::: PostAcquireRequestState Request called at 11/24/2018 8:31:48 PM   :::   20:31:48.0957266

::::::::::: PreRequestHandlerExecute Request called at 11/24/2018 8:31:48 PM   :::   20:31:48.1032282

::::::::::: UpdateRequestCache Request called at 11/24/2018 8:31:48 PM   :::   20:31:48.1052273

::::::::::: EndRequest Request called at 11/24/2018 8:31:48 PM   :::   20:31:48.1077324

::::::::::: PreSendRequestContent Request called at 11/24/2018 8:31:48 PM   :::   20:31:48.1122259

::::::::::: PreSendRequestHeaders Request called at 11/24/2018 8:31:48 PM   :::   20:31:48.1277269

::::::::::: PostRequestHandlerExecute Request called at 11/24/2018 8:31:48 PM   :::   20:31:48.1302281

::::::::::: BeginRequest Request called at 11/24/2018 8:31:48 PM   :::   20:31:48.1387272

::::::::::: ReleaseRequestState Request called at 11/24/2018 8:31:48 PM   :::   20:31:48.1392274

::::::::::: PostReleaseRequestState Request called at 11/24/2018 8:31:48 PM   :::   20:31:48.1467270

::::::::::: EndRequest Request called at 11/24/2018 8:31:48 PM   :::   20:31:48.1597276

::::::::::: UpdateRequestCache Request called at 11/24/2018 8:31:48 PM   :::   20:31:48.1512265

::::::::::: EndRequest Request called at 11/24/2018 8:31:48 PM   :::   20:31:48.1657275

::::::::::: PreSendRequestContent Request called at 11/24/2018 8:31:48 PM   :::   20:31:48.1707259

::::::::::: PreSendRequestHeaders Request called at 11/24/2018 8:31:48 PM   :::   20:31:48.1837253

::::::::::: BeginRequest Request called at 11/24/2018 8:31:48 PM   :::   20:31:48.1967322

::::::::::: PreSendRequestHeaders Request called at 11/24/2018 8:31:48 PM   :::   20:31:48.2037253

::::::::::: EndRequest Request called at 11/24/2018 8:31:48 PM   :::   20:31:48.2212273

::::::::::: PreSendRequestContent Request called at 11/24/2018 8:31:48 PM   :::   20:31:48.2307272

::::::::::: BeginRequest Request called at 11/24/2018 8:31:48 PM   :::   20:31:48.2317267

::::::::::: AuthenticateRequest Request called at 11/24/2018 8:31:48 PM   :::   20:31:48.2337270

::::::::::: PostReleaseRequestState Request called at 11/24/2018 8:31:48 PM   :::   20:31:48.2442275

::::::::::: UpdateRequestCache Request called at 11/24/2018 8:31:48 PM   :::   20:31:48.2622316

::::::::::: EndRequest Request called at 11/24/2018 8:31:48 PM   :::   20:31:48.2662270

::::::::::: PreSendRequestContent Request called at 11/24/2018 8:31:48 PM   :::   20:31:48.2687258

::::::::::: PreSendRequestHeaders Request called at 11/24/2018 8:31:48 PM   :::   20:31:48.2837262

::::::::::: PostAuthenticateRequest Request called at 11/24/2018 8:31:48 PM   :::   20:31:48.2842272

::::::::::: BeginRequest Request called at 11/24/2018 8:31:48 PM   :::   20:31:48.2977267

::::::::::: AuthenticateRequest Request called at 11/24/2018 8:31:48 PM   :::   20:31:48.3002275

::::::::::: AuthorizeRequest Request called at 11/24/2018 8:31:48 PM   :::   20:31:48.3417312

::::::::::: PostAuthorizeRequest Request called at 11/24/2018 8:31:48 PM   :::   20:31:48.3472262

::::::::::: End Request called at 11/24/2018 8:31:48 PM   :::   20:31:48.3537271

::::::::::: PostResolveRequestCache Request called at 11/24/2018 8:31:48 PM   :::   20:31:48.3632285

::::::::::: AcquireRequestState Request called at 11/24/2018 8:31:48 PM   :::   20:31:48.3652272

::::::::::: PostAcquireRequestState Request called at 11/24/2018 8:31:48 PM   :::   20:31:48.3702256

::::::::::: PreRequestHandlerExecute Request called at 11/24/2018 8:31:48 PM   :::   20:31:48.3762275

::::::::::: PostRequestHandlerExecute Request called at 11/24/2018 8:31:48 PM   :::   20:31:48.3917265

::::::::::: ReleaseRequestState Request called at 11/24/2018 8:31:48 PM   :::   20:31:48.3952276

::::::::::: PostReleaseRequestState Request called at 11/24/2018 8:31:48 PM   :::   20:31:48.3977268

::::::::::: UpdateRequestCache Request called at 11/24/2018 8:31:48 PM   :::   20:31:48.4092281

::::::::::: EndRequest Request called at 11/24/2018 8:31:48 PM   :::   20:31:48.4137272

::::::::::: AuthorizeRequest Request called at 11/24/2018 8:31:48 PM   :::   20:31:48.4157274

::::::::::: PostAuthorizeRequest Request called at 11/24/2018 8:31:48 PM   :::   20:31:48.4222263

::::::::::: End Request called at 11/24/2018 8:31:48 PM   :::   20:31:48.4302265

::::::::::: PostResolveRequestCache Request called at 11/24/2018 8:31:48 PM   :::   20:31:48.4377261

::::::::::: AcquireRequestState Request called at 11/24/2018 8:31:48 PM   :::   20:31:48.4447275

::::::::::: PostAcquireRequestState Request called at 11/24/2018 8:31:48 PM   :::   20:31:48.4462268

::::::::::: PreRequestHandlerExecute Request called at 11/24/2018 8:31:48 PM   :::   20:31:48.4482255

::::::::::: PostAcquireRequestState Request called at 11/24/2018 8:31:48 PM   :::   20:31:48.4582259

::::::::::: PreRequestHandlerExecute Request called at 11/24/2018 8:31:48 PM   :::   20:31:48.4627269

::::::::::: PostRequestHandlerExecute Request called at 11/24/2018 8:31:48 PM   :::   20:31:48.4657279

::::::::::: ReleaseRequestState Request called at 11/24/2018 8:31:48 PM   :::   20:31:48.4672256

::::::::::: PostReleaseRequestState Request called at 11/24/2018 8:31:48 PM   :::   20:31:48.4687268

::::::::::: UpdateRequestCache Request called at 11/24/2018 8:31:48 PM   :::   20:31:48.4742349

::::::::::: EndRequest Request called at 11/24/2018 8:31:48 PM   :::   20:31:48.4762268

::::::::::: PreSendRequestContent Request called at 11/24/2018 8:31:48 PM   :::   20:31:48.4797260

::::::::::: PreSendRequestHeaders Request called at 11/24/2018 8:31:48 PM   :::   20:31:48.4822280

::::::::::: AuthorizeRequest Request called at 11/24/2018 8:31:48 PM   :::   20:31:48.4882287

::::::::::: PostAuthorizeRequest Request called at 11/24/2018 8:31:48 PM   :::   20:31:48.4957263

::::::::::: End Request called at 11/24/2018 8:31:48 PM   :::   20:31:48.5052262

::::::::::: PostResolveRequestCache Request called at 11/24/2018 8:31:48 PM   :::   20:31:48.5122276

::::::::::: AcquireRequestState Request called at 11/24/2018 8:31:48 PM   :::   20:31:48.5137257

::::::::::: PostAcquireRequestState Request called at 11/24/2018 8:31:48 PM   :::   20:31:48.5292271

::::::::::: PreRequestHandlerExecute Request called at 11/24/2018 8:31:48 PM   :::   20:31:48.5307260

::::::::::: AuthenticateRequest Request called at 11/24/2018 8:31:48 PM   :::   20:31:48.5762289

::::::::::: PostRequestHandlerExecute Request called at 11/24/2018 8:31:48 PM   :::   20:31:48.5707268

::::::::::: ReleaseRequestState Request called at 11/24/2018 8:31:48 PM   :::   20:31:48.5862258

::::::::::: PostReleaseRequestState Request called at 11/24/2018 8:31:48 PM   :::   20:31:48.5887282

::::::::::: BeginRequest Request called at 11/24/2018 8:31:48 PM   :::   20:31:48.6037258

::::::::::: AuthenticateRequest Request called at 11/24/2018 8:31:48 PM   :::   20:31:48.6052271

::::::::::: End Request called at 11/24/2018 8:31:48 PM   :::   20:31:48.6177251

::::::::::: PostResolveRequestCache Request called at 11/24/2018 8:31:48 PM   :::   20:31:48.6202291

::::::::::: AcquireRequestState Request called at 11/24/2018 8:31:48 PM   :::   20:31:48.6312266

::::::::::: PostAcquireRequestState Request called at 11/24/2018 8:31:48 PM   :::   20:31:48.6457257

::::::::::: EndRequest Request called at 11/24/2018 8:31:48 PM   :::   20:31:48.6467264

::::::::::: PreSendRequestContent Request called at 11/24/2018 8:31:48 PM   :::   20:31:48.6497278

::::::::::: PreSendRequestHeaders Request called at 11/24/2018 8:31:48 PM   :::   20:31:48.6547270

::::::::::: PostRequestHandlerExecute Request called at 11/24/2018 8:31:48 PM   :::   20:31:48.6747345

::::::::::: ReleaseRequestState Request called at 11/24/2018 8:31:48 PM   :::   20:31:48.6767359

::::::::::: PostReleaseRequestState Request called at 11/24/2018 8:31:48 PM   :::   20:31:48.6787350

::::::::::: BeginRequest Request called at 11/24/2018 8:31:48 PM   :::   20:31:48.6797353

::::::::::: AuthenticateRequest Request called at 11/24/2018 8:31:48 PM   :::   20:31:48.6817344

::::::::::: UpdateRequestCache Request called at 11/24/2018 8:31:48 PM   :::   20:31:48.6887354

::::::::::: EndRequest Request called at 11/24/2018 8:31:48 PM   :::   20:31:48.6907348

::::::::::: PostAuthenticateRequest Request called at 11/24/2018 8:31:48 PM   :::   20:31:48.6987354

::::::::::: End Request called at 11/24/2018 8:31:48 PM   :::   20:31:48.7007360

::::::::::: PostResolveRequestCache Request called at 11/24/2018 8:31:48 PM   :::   20:31:48.7257353

::::::::::: AcquireRequestState Request called at 11/24/2018 8:31:48 PM   :::   20:31:48.7277355

::::::::::: PostAcquireRequestState Request called at 11/24/2018 8:31:48 PM   :::   20:31:48.7297365

::::::::::: PreRequestHandlerExecute Request called at 11/24/2018 8:31:48 PM   :::   20:31:48.7357349

::::::::::: PostRequestHandlerExecute Request called at 11/24/2018 8:31:48 PM   :::   20:31:48.7477347

::::::::::: ReleaseRequestState Request called at 11/24/2018 8:31:48 PM   :::   20:31:48.7497346

::::::::::: PostReleaseRequestState Request called at 11/24/2018 8:31:48 PM   :::   20:31:48.7507357

::::::::::: AuthorizeRequest Request called at 11/24/2018 8:31:48 PM   :::   20:31:48.7557349

::::::::::: PostAuthorizeRequest Request called at 11/24/2018 8:31:48 PM   :::   20:31:48.7577533

::::::::::: End Request called at 11/24/2018 8:31:48 PM   :::   20:31:48.7602509

::::::::::: PostResolveRequestCache Request called at 11/24/2018 8:31:48 PM   :::   20:31:48.7622425

::::::::::: AcquireRequestState Request called at 11/24/2018 8:31:48 PM   :::   20:31:48.7642423

::::::::::: PostAcquireRequestState Request called at 11/24/2018 8:31:48 PM   :::   20:31:48.7657412

::::::::::: PreRequestHandlerExecute Request called at 11/24/2018 8:31:48 PM   :::   20:31:48.7672417

::::::::::: PreSendRequestHeaders Request called at 11/24/2018 8:31:48 PM   :::   20:31:48.7757503

::::::::::: PostRequestHandlerExecute Request called at 11/24/2018 8:31:48 PM   :::   20:31:48.7847520

::::::::::: ReleaseRequestState Request called at 11/24/2018 8:31:48 PM   :::   20:31:48.7877522

::::::::::: PostReleaseRequestState Request called at 11/24/2018 8:31:48 PM   :::   20:31:48.7907598

::::::::::: BeginRequest Request called at 11/24/2018 8:31:48 PM   :::   20:31:48.7977526

::::::::::: AuthenticateRequest Request called at 11/24/2018 8:31:48 PM   :::   20:31:48.7997520

::::::::::: UpdateRequestCache Request called at 11/24/2018 8:31:48 PM   :::   20:31:48.8007539

::::::::::: EndRequest Request called at 11/24/2018 8:31:48 PM   :::   20:31:48.8027522

::::::::::: PreSendRequestContent Request called at 11/24/2018 8:31:48 PM   :::   20:31:48.8057519

::::::::::: AuthorizeRequest Request called at 11/24/2018 8:31:48 PM   :::   20:31:48.8087521

::::::::::: PostAuthorizeRequest Request called at 11/24/2018 8:31:48 PM   :::   20:31:48.8107520

::::::::::: End Request called at 11/24/2018 8:31:48 PM   :::   20:31:48.8127518

::::::::::: PostResolveRequestCache Request called at 11/24/2018 8:31:48 PM   :::   20:31:48.8147524

::::::::::: AcquireRequestState Request called at 11/24/2018 8:31:48 PM   :::   20:31:48.8207512

::::::::::: PostAcquireRequestState Request called at 11/24/2018 8:31:48 PM   :::   20:31:48.8227510

::::::::::: PreRequestHandlerExecute Request called at 11/24/2018 8:31:48 PM   :::   20:31:48.8247513

::::::::::: EndRequest Request called at 11/24/2018 8:31:48 PM   :::   20:31:48.8327506

::::::::::: PostAuthenticateRequest Request called at 11/24/2018 8:31:48 PM   :::   20:31:48.8337510

::::::::::: PreSendRequestContent Request called at 11/24/2018 8:31:48 PM   :::   20:31:48.8357524

::::::::::: PreSendRequestHeaders Request called at 11/24/2018 8:31:48 PM   :::   20:31:48.8377538

::::::::::: BeginRequest Request called at 11/24/2018 8:31:48 PM   :::   20:31:48.8497521

::::::::::: EndRequest Request called at 11/24/2018 8:31:48 PM   :::   20:31:48.8657607

::::::::::: AuthenticateRequest Request called at 11/24/2018 8:31:48 PM   :::   20:31:48.8662620

::::::::::: PostResolveRequestCache Request called at 11/24/2018 8:31:48 PM   :::   20:31:48.8837688

::::::::::: AcquireRequestState Request called at 11/24/2018 8:31:48 PM   :::   20:31:48.8857702

::::::::::: BeginRequest Request called at 11/24/2018 8:31:48 PM   :::   20:31:48.8867717

::::::::::: AuthenticateRequest Request called at 11/24/2018 8:31:48 PM   :::   20:31:48.8967701

::::::::::: PostAuthorizeRequest Request called at 11/24/2018 8:31:48 PM   :::   20:31:48.9067709

::::::::::: End Request called at 11/24/2018 8:31:48 PM   :::   20:31:48.9097703

::::::::::: PostResolveRequestCache Request called at 11/24/2018 8:31:48 PM   :::   20:31:48.9117713

::::::::::: PostAuthenticateRequest Request called at 11/24/2018 8:31:48 PM   :::   20:31:48.9087692

::::::::::: PreRequestHandlerExecute Request called at 11/24/2018 8:31:48 PM   :::   20:31:48.9347699

::::::::::: PostRequestHandlerExecute Request called at 11/24/2018 8:31:48 PM   :::   20:31:48.9437692

::::::::::: ReleaseRequestState Request called at 11/24/2018 8:31:48 PM   :::   20:31:48.9477697

::::::::::: PostReleaseRequestState Request called at 11/24/2018 8:31:48 PM   :::   20:31:48.9517698

::::::::::: UpdateRequestCache Request called at 11/24/2018 8:31:48 PM   :::   20:31:48.9597783

::::::::::: EndRequest Request called at 11/24/2018 8:31:48 PM   :::   20:31:48.9612787

::::::::::: BeginRequest Request called at 11/24/2018 8:31:48 PM   :::   20:31:48.9637795

::::::::::: AuthenticateRequest Request called at 11/24/2018 8:31:48 PM   :::   20:31:48.9652780

::::::::::: PreSendRequestContent Request called at 11/24/2018 8:31:48 PM   :::   20:31:48.9632774

::::::::::: PreSendRequestHeaders Request called at 11/24/2018 8:31:48 PM   :::   20:31:48.9767868

::::::::::: UpdateRequestCache Request called at 11/24/2018 8:31:48 PM   :::   20:31:48.9797862

::::::::::: EndRequest Request called at 11/24/2018 8:31:48 PM   :::   20:31:48.9827875

::::::::::: PreSendRequestContent Request called at 11/24/2018 8:31:48 PM   :::   20:31:48.9857865

::::::::::: PreSendRequestHeaders Request called at 11/24/2018 8:31:48 PM   :::   20:31:48.9877875

::::::::::: BeginRequest Request called at 11/24/2018 8:31:48 PM   :::   20:31:48.9997898

::::::::::: AuthenticateRequest Request called at 11/24/2018 8:31:49 PM   :::   20:31:49.0017876

::::::::::: PreRequestHandlerExecute Request called at 11/24/2018 8:31:49 PM   :::   20:31:49.0337863

::::::::::: PostAuthenticateRequest Request called at 11/24/2018 8:31:49 PM   :::   20:31:49.0547875

::::::::::: AuthorizeRequest Request called at 11/24/2018 8:31:49 PM   :::   20:31:49.1113152

::::::::::: PostAuthorizeRequest Request called at 11/24/2018 8:31:49 PM   :::   20:31:49.1128149

::::::::::: End Request called at 11/24/2018 8:31:49 PM   :::   20:31:49.1153153

::::::::::: AuthorizeRequest Request called at 11/24/2018 8:31:49 PM   :::   20:31:49.1163144

::::::::::: PostAuthorizeRequest Request called at 11/24/2018 8:31:49 PM   :::   20:31:49.1258155

::::::::::: PostAuthorizeRequest Request called at 11/24/2018 8:31:49 PM   :::   20:31:49.1393158

::::::::::: End Request called at 11/24/2018 8:31:49 PM   :::   20:31:49.1418135

::::::::::: PostResolveRequestCache Request called at 11/24/2018 8:31:49 PM   :::   20:31:49.1573144

::::::::::: AcquireRequestState Request called at 11/24/2018 8:31:49 PM   :::   20:31:49.1613141

::::::::::: PostResolveRequestCache Request called at 11/24/2018 8:31:49 PM   :::   20:31:49.1693151

::::::::::: PostReleaseRequestState Request called at 11/24/2018 8:31:49 PM   :::   20:31:49.1828130

::::::::::: End Request called at 11/24/2018 8:31:49 PM   :::   20:31:49.1928316

::::::::::: UpdateRequestCache Request called at 11/24/2018 8:31:49 PM   :::   20:31:49.1968210

::::::::::: PostAcquireRequestState Request called at 11/24/2018 8:31:49 PM   :::   20:31:49.1968210

::::::::::: EndRequest Request called at 11/24/2018 8:31:49 PM   :::   20:31:49.2028206

::::::::::: PreSendRequestContent Request called at 11/24/2018 8:31:49 PM   :::   20:31:49.2098208

::::::::::: PreSendRequestHeaders Request called at 11/24/2018 8:31:49 PM   :::   20:31:49.2138205

::::::::::: PostRequestHandlerExecute Request called at 11/24/2018 8:31:49 PM   :::   20:31:49.2388229

::::::::::: ReleaseRequestState Request called at 11/24/2018 8:31:49 PM   :::   20:31:49.2428210

::::::::::: PostReleaseRequestState Request called at 11/24/2018 8:31:49 PM   :::   20:31:49.2458235

::::::::::: UpdateRequestCache Request called at 11/24/2018 8:31:49 PM   :::   20:31:49.2578214

::::::::::: EndRequest Request called at 11/24/2018 8:31:49 PM   :::   20:31:49.2598216

::::::::::: PreSendRequestContent Request called at 11/24/2018 8:31:49 PM   :::   20:31:49.2618211

::::::::::: PreSendRequestHeaders Request called at 11/24/2018 8:31:49 PM   :::   20:31:49.2638209

::::::::::: PreRequestHandlerExecute Request called at 11/24/2018 8:31:49 PM   :::   20:31:49.2858402

::::::::::: ReleaseRequestState Request called at 11/24/2018 8:31:49 PM   :::   20:31:49.3158402

::::::::::: PostReleaseRequestState Request called at 11/24/2018 8:31:49 PM   :::   20:31:49.3178396

::::::::::: UpdateRequestCache Request called at 11/24/2018 8:31:49 PM   :::   20:31:49.3308398

::::::::::: EndRequest Request called at 11/24/2018 8:31:49 PM   :::   20:31:49.3338388

::::::::::: PreSendRequestContent Request called at 11/24/2018 8:31:49 PM   :::   20:31:49.3358386

::::::::::: PreSendRequestHeaders Request called at 11/24/2018 8:31:49 PM   :::   20:31:49.3468398

::::::::::: PreRequestHandlerExecute Request called at 11/24/2018 8:31:49 PM   :::   20:31:49.3538392

::::::::::: BeginRequest Request called at 11/24/2018 8:31:49 PM   :::   20:31:49.3658418

::::::::::: AuthenticateRequest Request called at 11/24/2018 8:31:49 PM   :::   20:31:49.3713479

::::::::::: PostReleaseRequestState Request called at 11/24/2018 8:31:49 PM   :::   20:31:49.3858466

::::::::::: UpdateRequestCache Request called at 11/24/2018 8:31:49 PM   :::   20:31:49.3943497

::::::::::: AuthenticateRequest Request called at 11/24/2018 8:31:49 PM   :::   20:31:49.4103465

::::::::::: EndRequest Request called at 11/24/2018 8:31:49 PM   :::   20:31:49.4148495

::::::::::: PreSendRequestContent Request called at 11/24/2018 8:31:49 PM   :::   20:31:49.4253492

::::::::::: PreSendRequestHeaders Request called at 11/24/2018 8:31:49 PM   :::   20:31:49.4288496

::::::::::: PostReleaseRequestState Request called at 11/24/2018 8:31:49 PM   :::   20:31:49.4363464

::::::::::: BeginRequest Request called at 11/24/2018 8:31:49 PM   :::   20:31:49.4513480

::::::::::: AuthenticateRequest Request called at 11/24/2018 8:31:49 PM   :::   20:31:49.4608475

::::::::::: UpdateRequestCache Request called at 11/24/2018 8:31:49 PM   :::   20:31:49.4693462

::::::::::: EndRequest Request called at 11/24/2018 8:31:49 PM   :::   20:31:49.4713472

::::::::::: PreSendRequestContent Request called at 11/24/2018 8:31:49 PM   :::   20:31:49.4878465

::::::::::: PreSendRequestHeaders Request called at 11/24/2018 8:31:49 PM   :::   20:31:49.4948468

::::::::::: BeginRequest Request called at 11/24/2018 8:31:49 PM   :::   20:31:49.5538509

::::::::::: AuthenticateRequest Request called at 11/24/2018 8:31:49 PM   :::   20:31:49.5568546

::::::::::: AuthenticateRequest Request called at 11/24/2018 8:31:49 PM   :::   20:31:49.5953475

::::::::::: AuthorizeRequest Request called at 11/24/2018 8:31:49 PM   :::   20:31:49.5688481

::::::::::: PostAuthorizeRequest Request called at 11/24/2018 8:31:49 PM   :::   20:31:49.6268480

::::::::::: End Request called at 11/24/2018 8:31:49 PM   :::   20:31:49.6428487

::::::::::: PostResolveRequestCache Request called at 11/24/2018 8:31:49 PM   :::   20:31:49.6473478

::::::::::: AuthenticateRequest Request called at 11/24/2018 8:31:49 PM   :::   20:31:49.6523486

::::::::::: PostAuthorizeRequest Request called at 11/24/2018 8:31:49 PM   :::   20:31:49.6668476

::::::::::: End Request called at 11/24/2018 8:31:49 PM   :::   20:31:49.6738518

::::::::::: PostResolveRequestCache Request called at 11/24/2018 8:31:49 PM   :::   20:31:49.6788491

::::::::::: AcquireRequestState Request called at 11/24/2018 8:31:49 PM   :::   20:31:49.6803476

::::::::::: PostAcquireRequestState Request called at 11/24/2018 8:31:49 PM   :::   20:31:49.6823470

::::::::::: PreRequestHandlerExecute Request called at 11/24/2018 8:31:49 PM   :::   20:31:49.6838487

::::::::::: PostRequestHandlerExecute Request called at 11/24/2018 8:31:49 PM   :::   20:31:49.7358466

::::::::::: ReleaseRequestState Request called at 11/24/2018 8:31:49 PM   :::   20:31:49.7413511

::::::::::: PostReleaseRequestState Request called at 11/24/2018 8:31:49 PM   :::   20:31:49.7443481

::::::::::: AuthorizeRequest Request called at 11/24/2018 8:31:49 PM   :::   20:31:49.7578473

::::::::::: PostAuthorizeRequest Request called at 11/24/2018 8:31:49 PM   :::   20:31:49.7688468

::::::::::: End Request called at 11/24/2018 8:31:49 PM   :::   20:31:49.7783474

::::::::::: PreRequestHandlerExecute Request called at 11/24/2018 8:31:49 PM   :::   20:31:49.7848467

::::::::::: AuthorizeRequest Request called at 11/24/2018 8:31:49 PM   :::   20:31:49.7928473

::::::::::: PostAuthorizeRequest Request called at 11/24/2018 8:31:49 PM   :::   20:31:49.7948471

::::::::::: End Request called at 11/24/2018 8:31:49 PM   :::   20:31:49.7968482

::::::::::: PostRequestHandlerExecute Request called at 11/24/2018 8:31:49 PM   :::   20:31:49.8008467

::::::::::: AuthorizeRequest Request called at 11/24/2018 8:31:49 PM   :::   20:31:49.8033502

::::::::::: PostAuthorizeRequest Request called at 11/24/2018 8:31:49 PM   :::   20:31:49.8148480

::::::::::: AcquireRequestState Request called at 11/24/2018 8:31:49 PM   :::   20:31:49.8268482

::::::::::: PostAuthorizeRequest Request called at 11/24/2018 8:31:49 PM   :::   20:31:49.8268482

::::::::::: End Request called at 11/24/2018 8:31:49 PM   :::   20:31:49.8368522

::::::::::: PreRequestHandlerExecute Request called at 11/24/2018 8:31:49 PM   :::   20:31:49.8598539

::::::::::: PostRequestHandlerExecute Request called at 11/24/2018 8:31:49 PM   :::   20:31:49.8748563

::::::::::: ReleaseRequestState Request called at 11/24/2018 8:31:49 PM   :::   20:31:49.8788525

::::::::::: PreRequestHandlerExecute Request called at 11/24/2018 8:31:49 PM   :::   20:31:49.9098536

::::::::::: AcquireRequestState Request called at 11/24/2018 8:31:49 PM   :::   20:31:49.9158531

::::::::::: EndRequest Request called at 11/24/2018 8:31:49 PM   :::   20:31:49.9288600

::::::::::: PostAcquireRequestState Request called at 11/24/2018 8:31:49 PM   :::   20:31:49.9238608

::::::::::: PreRequestHandlerExecute Request called at 11/24/2018 8:31:49 PM   :::   20:31:49.9378684

::::::::::: PreSendRequestContent Request called at 11/24/2018 8:31:49 PM   :::   20:31:49.9378684

::::::::::: PostRequestHandlerExecute Request called at 11/24/2018 8:31:49 PM   :::   20:31:49.9538691

::::::::::: ReleaseRequestState Request called at 11/24/2018 8:31:49 PM   :::   20:31:49.9598687

::::::::::: PostReleaseRequestState Request called at 11/24/2018 8:31:49 PM   :::   20:31:49.9728783

::::::::::: EndRequest Request called at 11/24/2018 8:31:49 PM   :::   20:31:49.9848707

::::::::::: PostReleaseRequestState Request called at 11/24/2018 8:31:49 PM   :::   20:31:49.9948699

::::::::::: UpdateRequestCache Request called at 11/24/2018 8:31:50 PM   :::   20:31:50.0038720

::::::::::: PreSendRequestHeaders Request called at 11/24/2018 8:31:50 PM   :::   20:31:50.0273782

::::::::::: EndRequest Request called at 11/24/2018 8:31:50 PM   :::   20:31:50.0368868

::::::::::: ReleaseRequestState Request called at 11/24/2018 8:31:50 PM   :::   20:31:50.0398873

::::::::::: PostReleaseRequestState Request called at 11/24/2018 8:31:50 PM   :::   20:31:50.0448857

::::::::::: PreSendRequestContent Request called at 11/24/2018 8:31:50 PM   :::   20:31:50.0508884

::::::::::: PreSendRequestHeaders Request called at 11/24/2018 8:31:50 PM   :::   20:31:50.0618860

::::::::::: EndRequest Request called at 11/24/2018 8:31:50 PM   :::   20:31:50.0888930

::::::::::: PostAuthenticateRequest Request called at 11/24/2018 8:31:50 PM   :::   20:31:50.0918884

::::::::::: PreSendRequestHeaders Request called at 11/24/2018 8:31:50 PM   :::   20:31:50.0988882

::::::::::: BeginRequest Request called at 11/24/2018 8:31:50 PM   :::   20:31:50.1148886

::::::::::: AuthenticateRequest Request called at 11/24/2018 8:31:50 PM   :::   20:31:50.1158885

::::::::::: PostAuthenticateRequest Request called at 11/24/2018 8:31:50 PM   :::   20:31:50.1298961

::::::::::: BeginRequest Request called at 11/24/2018 8:31:50 PM   :::   20:31:50.1349087

::::::::::: AuthenticateRequest Request called at 11/24/2018 8:31:50 PM   :::   20:31:50.1399091

::::::::::: PostAuthorizeRequest Request called at 11/24/2018 8:31:50 PM   :::   20:31:50.1569082

::::::::::: End Request called at 11/24/2018 8:31:50 PM   :::   20:31:50.1649080

::::::::::: PostAuthenticateRequest Request called at 11/24/2018 8:31:50 PM   :::   20:31:50.1739081

::::::::::: PostAuthenticateRequest Request called at 11/24/2018 8:31:50 PM   :::   20:31:50.1909075

::::::::::: End Request called at 11/24/2018 8:31:50 PM   :::   20:31:50.2079165

::::::::::: PostResolveRequestCache Request called at 11/24/2018 8:31:50 PM   :::   20:31:50.2109135

::::::::::: AcquireRequestState Request called at 11/24/2018 8:31:50 PM   :::   20:31:50.2139085

::::::::::: PostAcquireRequestState Request called at 11/24/2018 8:31:50 PM   :::   20:31:50.2304157

::::::::::: PreRequestHandlerExecute Request called at 11/24/2018 8:31:50 PM   :::   20:31:50.2379217

::::::::::: PostAuthorizeRequest Request called at 11/24/2018 8:31:50 PM   :::   20:31:50.2549251

::::::::::: PostAuthorizeRequest Request called at 11/24/2018 8:31:50 PM   :::   20:31:50.2549251

::::::::::: ReleaseRequestState Request called at 11/24/2018 8:31:50 PM   :::   20:31:50.2689208

::::::::::: End Request called at 11/24/2018 8:31:50 PM   :::   20:31:50.2759258

::::::::::: PostResolveRequestCache Request called at 11/24/2018 8:31:50 PM   :::   20:31:50.2959242

::::::::::: AcquireRequestState Request called at 11/24/2018 8:31:50 PM   :::   20:31:50.3089280

::::::::::: UpdateRequestCache Request called at 11/24/2018 8:31:50 PM   :::   20:31:50.3169222

::::::::::: EndRequest Request called at 11/24/2018 8:31:50 PM   :::   20:31:50.3269321

::::::::::: PreRequestHandlerExecute Request called at 11/24/2018 8:31:50 PM   :::   20:31:50.3369408

::::::::::: PreSendRequestContent Request called at 11/24/2018 8:31:50 PM   :::   20:31:50.3459385

::::::::::: PreSendRequestHeaders Request called at 11/24/2018 8:31:50 PM   :::   20:31:50.3559397

::::::::::: EndRequest Request called at 11/24/2018 8:31:50 PM   :::   20:31:50.3629364

::::::::::: PreSendRequestContent Request called at 11/24/2018 8:31:50 PM   :::   20:31:50.3849379

::::::::::: PreSendRequestHeaders Request called at 11/24/2018 8:31:50 PM   :::   20:31:50.3969361

::::::::::: PostReleaseRequestState Request called at 11/24/2018 8:31:50 PM   :::   20:31:50.4169365

::::::::::: UpdateRequestCache Request called at 11/24/2018 8:31:50 PM   :::   20:31:50.4234552

::::::::::: EndRequest Request called at 11/24/2018 8:31:50 PM   :::   20:31:50.4274450

::::::::::: BeginRequest Request called at 11/24/2018 8:31:50 PM   :::   20:31:50.4289455

::::::::::: PreSendRequestContent Request called at 11/24/2018 8:31:50 PM   :::   20:31:50.4294468

::::::::::: PreSendRequestHeaders Request called at 11/24/2018 8:31:50 PM   :::   20:31:50.4479523

::::::::::: PreSendRequestHeaders Request called at 11/24/2018 8:31:50 PM   :::   20:31:50.4819516

::::::::::: BeginRequest Request called at 11/24/2018 8:31:50 PM   :::   20:31:50.4899542

::::::::::: AuthenticateRequest Request called at 11/24/2018 8:31:50 PM   :::   20:31:50.4939562

::::::::::: BeginRequest Request called at 11/24/2018 8:31:50 PM   :::   20:31:50.4989531

::::::::::: PostAuthenticateRequest Request called at 11/24/2018 8:31:50 PM   :::   20:31:50.5009529

::::::::::: AuthorizeRequest Request called at 11/24/2018 8:31:50 PM   :::   20:31:50.5339721

::::::::::: AuthorizeRequest Request called at 11/24/2018 8:31:50 PM   :::   20:31:50.5399732

::::::::::: PostAuthorizeRequest Request called at 11/24/2018 8:31:50 PM   :::   20:31:50.5459680

::::::::::: AuthorizeRequest Request called at 11/24/2018 8:31:50 PM   :::   20:31:50.5599704

::::::::::: PostAuthorizeRequest Request called at 11/24/2018 8:31:50 PM   :::   20:31:50.5749693

::::::::::: End Request called at 11/24/2018 8:31:50 PM   :::   20:31:50.5909712

::::::::::: PostResolveRequestCache Request called at 11/24/2018 8:31:50 PM   :::   20:31:50.6029710

::::::::::: PreRequestHandlerExecute Request called at 11/24/2018 8:31:50 PM   :::   20:31:50.6194739

::::::::::: PreRequestHandlerExecute Request called at 11/24/2018 8:31:50 PM   :::   20:31:50.6389824

::::::::::: PreRequestHandlerExecute Request called at 11/24/2018 8:31:50 PM   :::   20:31:50.6509799

::::::::::: PostRequestHandlerExecute Request called at 11/24/2018 8:31:50 PM   :::   20:31:50.6399836

::::::::::: ReleaseRequestState Request called at 11/24/2018 8:31:50 PM   :::   20:31:50.6679778

::::::::::: PostReleaseRequestState Request called at 11/24/2018 8:31:50 PM   :::   20:31:50.6909796

::::::::::: UpdateRequestCache Request called at 11/24/2018 8:31:50 PM   :::   20:31:50.7149809

::::::::::: EndRequest Request called at 11/24/2018 8:31:50 PM   :::   20:31:50.7304882

::::::::::: PreSendRequestContent Request called at 11/24/2018 8:31:50 PM   :::   20:31:50.7400003

::::::::::: PreSendRequestHeaders Request called at 11/24/2018 8:31:50 PM   :::   20:31:50.7419989

::::::::::: PreSendRequestContent Request called at 11/24/2018 8:31:50 PM   :::   20:31:50.7579992

::::::::::: UpdateRequestCache Request called at 11/24/2018 8:31:50 PM   :::   20:31:50.7510014

::::::::::: EndRequest Request called at 11/24/2018 8:31:50 PM   :::   20:31:50.7829997

::::::::::: PreSendRequestContent Request called at 11/24/2018 8:31:50 PM   :::   20:31:50.7849987

::::::::::: PreSendRequestHeaders Request called at 11/24/2018 8:31:50 PM   :::   20:31:50.7899987

::::::::::: PreSendRequestHeaders Request called at 11/24/2018 8:31:50 PM   :::   20:31:50.7629996

::::::::::: BeginRequest Request called at 11/24/2018 8:31:50 PM   :::   20:31:50.8030001

::::::::::: AuthenticateRequest Request called at 11/24/2018 8:31:50 PM   :::   20:31:50.8080021

::::::::::: PreSendRequestHeaders Request called at 11/24/2018 8:31:50 PM   :::   20:31:50.8340135

::::::::::: BeginRequest Request called at 11/24/2018 8:31:50 PM   :::   20:31:50.8275098

::::::::::: AuthenticateRequest Request called at 11/24/2018 8:31:50 PM   :::   20:31:50.8410153

::::::::::: AuthenticateRequest Request called at 11/24/2018 8:31:50 PM   :::   20:31:50.8510157

::::::::::: AuthenticateRequest Request called at 11/24/2018 8:31:50 PM   :::   20:31:50.8620133

::::::::::: PostAuthenticateRequest Request called at 11/24/2018 8:31:50 PM   :::   20:31:50.8770145

::::::::::: AuthorizeRequest Request called at 11/24/2018 8:31:50 PM   :::   20:31:50.8870153

::::::::::: PostAuthorizeRequest Request called at 11/24/2018 8:31:50 PM   :::   20:31:50.8910146

::::::::::: End Request called at 11/24/2018 8:31:50 PM   :::   20:31:50.8930144

::::::::::: PostResolveRequestCache Request called at 11/24/2018 8:31:50 PM   :::   20:31:50.8960154

::::::::::: AcquireRequestState Request called at 11/24/2018 8:31:50 PM   :::   20:31:50.8980152

::::::::::: PostAcquireRequestState Request called at 11/24/2018 8:31:50 PM   :::   20:31:50.9000135

::::::::::: PreRequestHandlerExecute Request called at 11/24/2018 8:31:50 PM   :::   20:31:50.9020141

::::::::::: PostRequestHandlerExecute Request called at 11/24/2018 8:31:50 PM   :::   20:31:50.9080144

::::::::::: ReleaseRequestState Request called at 11/24/2018 8:31:50 PM   :::   20:31:50.9100143

::::::::::: PostReleaseRequestState Request called at 11/24/2018 8:31:50 PM   :::   20:31:50.9120149

::::::::::: UpdateRequestCache Request called at 11/24/2018 8:31:50 PM   :::   20:31:50.9260257

::::::::::: EndRequest Request called at 11/24/2018 8:31:50 PM   :::   20:31:50.9310245

::::::::::: End Request called at 11/24/2018 8:31:50 PM   :::   20:31:50.9480307

::::::::::: PostResolveRequestCache Request called at 11/24/2018 8:31:50 PM   :::   20:31:50.9550364

::::::::::: PreSendRequestContent Request called at 11/24/2018 8:31:50 PM   :::   20:31:50.9490314

::::::::::: PreSendRequestHeaders Request called at 11/24/2018 8:31:50 PM   :::   20:31:50.9720426

::::::::::: End Request called at 11/24/2018 8:31:50 PM   :::   20:31:50.9780287

::::::::::: AcquireRequestState Request called at 11/24/2018 8:31:50 PM   :::   20:31:50.9780287

::::::::::: PostAcquireRequestState Request called at 11/24/2018 8:31:50 PM   :::   20:31:50.9950309

::::::::::: PreRequestHandlerExecute Request called at 11/24/2018 8:31:50 PM   :::   20:31:50.9970312

::::::::::: AcquireRequestState Request called at 11/24/2018 8:31:51 PM   :::   20:31:51.0080303

::::::::::: PostAcquireRequestState Request called at 11/24/2018 8:31:51 PM   :::   20:31:51.0110317

::::::::::: PreRequestHandlerExecute Request called at 11/24/2018 8:31:51 PM   :::   20:31:51.0130323

::::::::::: PostResolveRequestCache Request called at 11/24/2018 8:31:51 PM   :::   20:31:51.0185356

::::::::::: AcquireRequestState Request called at 11/24/2018 8:31:51 PM   :::   20:31:51.0260349

::::::::::: PostAcquireRequestState Request called at 11/24/2018 8:31:51 PM   :::   20:31:51.0315358

::::::::::: PreRequestHandlerExecute Request called at 11/24/2018 8:31:51 PM   :::   20:31:51.0460455

::::::::::: PostAuthenticateRequest Request called at 11/24/2018 8:31:51 PM   :::   20:31:51.0680446

::::::::::: PostRequestHandlerExecute Request called at 11/24/2018 8:31:51 PM   :::   20:31:51.0750449

::::::::::: ReleaseRequestState Request called at 11/24/2018 8:31:51 PM   :::   20:31:51.0890532

::::::::::: PostReleaseRequestState Request called at 11/24/2018 8:31:51 PM   :::   20:31:51.0910476

::::::::::: UpdateRequestCache Request called at 11/24/2018 8:31:51 PM   :::   20:31:51.0950449

::::::::::: UpdateRequestCache Request called at 11/24/2018 8:31:51 PM   :::   20:31:51.0980466

::::::::::: EndRequest Request called at 11/24/2018 8:31:51 PM   :::   20:31:51.1000473

::::::::::: AuthorizeRequest Request called at 11/24/2018 8:31:51 PM   :::   20:31:51.1080447

::::::::::: PreSendRequestContent Request called at 11/24/2018 8:31:51 PM   :::   20:31:51.1080447

::::::::::: PostAuthorizeRequest Request called at 11/24/2018 8:31:51 PM   :::   20:31:51.1130431

::::::::::: PreSendRequestHeaders Request called at 11/24/2018 8:31:51 PM   :::   20:31:51.1160440

::::::::::: EndRequest Request called at 11/24/2018 8:31:51 PM   :::   20:31:51.1230585

::::::::::: PreSendRequestHeaders Request called at 11/24/2018 8:31:51 PM   :::   20:31:51.1350714

::::::::::: PreSendRequestHeaders Request called at 11/24/2018 8:31:51 PM   :::   20:31:51.1670713

::::::::::: BeginRequest Request called at 11/24/2018 8:31:51 PM   :::   20:31:51.1770721

::::::::::: AuthenticateRequest Request called at 11/24/2018 8:31:51 PM   :::   20:31:51.1940692

::::::::::: AuthenticateRequest Request called at 11/24/2018 8:31:51 PM   :::   20:31:51.2060694

::::::::::: AcquireRequestState Request called at 11/24/2018 8:31:51 PM   :::   20:31:51.2230780

::::::::::: PostAcquireRequestState Request called at 11/24/2018 8:31:51 PM   :::   20:31:51.2295777

::::::::::: PreRequestHandlerExecute Request called at 11/24/2018 8:31:51 PM   :::   20:31:51.2360856

::::::::::: AuthorizeRequest Request called at 11/24/2018 8:31:51 PM   :::   20:31:51.2410892

::::::::::: PostRequestHandlerExecute Request called at 11/24/2018 8:31:51 PM   :::   20:31:51.2440874

::::::::::: ReleaseRequestState Request called at 11/24/2018 8:31:51 PM   :::   20:31:51.2470875

::::::::::: PostReleaseRequestState Request called at 11/24/2018 8:31:51 PM   :::   20:31:51.2600853

::::::::::: UpdateRequestCache Request called at 11/24/2018 8:31:51 PM   :::   20:31:51.2770860

::::::::::: EndRequest Request called at 11/24/2018 8:31:51 PM   :::   20:31:51.2870852

::::::::::: PostAcquireRequestState Request called at 11/24/2018 8:31:51 PM   :::   20:31:51.3020841

::::::::::: PreRequestHandlerExecute Request called at 11/24/2018 8:31:51 PM   :::   20:31:51.3040855

::::::::::: AcquireRequestState Request called at 11/24/2018 8:31:51 PM   :::   20:31:51.3341001

::::::::::: PostAcquireRequestState Request called at 11/24/2018 8:31:51 PM   :::   20:31:51.3371003

::::::::::: ReleaseRequestState Request called at 11/24/2018 8:31:51 PM   :::   20:31:51.3470991

::::::::::: PostReleaseRequestState Request called at 11/24/2018 8:31:51 PM   :::   20:31:51.3501001

::::::::::: PostRequestHandlerExecute Request called at 11/24/2018 8:31:51 PM   :::   20:31:51.3611004

::::::::::: UpdateRequestCache Request called at 11/24/2018 8:31:51 PM   :::   20:31:51.3621003

::::::::::: EndRequest Request called at 11/24/2018 8:31:51 PM   :::   20:31:51.3680983

::::::::::: PreSendRequestContent Request called at 11/24/2018 8:31:51 PM   :::   20:31:51.3810992

::::::::::: PreSendRequestHeaders Request called at 11/24/2018 8:31:51 PM   :::   20:31:51.3820991

::::::::::: UpdateRequestCache Request called at 11/24/2018 8:31:51 PM   :::   20:31:51.3901127

::::::::::: EndRequest Request called at 11/24/2018 8:31:51 PM   :::   20:31:51.3931070

::::::::::: PreSendRequestContent Request called at 11/24/2018 8:31:51 PM   :::   20:31:51.3961004

::::::::::: PreSendRequestHeaders Request called at 11/24/2018 8:31:51 PM   :::   20:31:51.4011000

::::::::::: AuthenticateRequest Request called at 11/24/2018 8:31:51 PM   :::   20:31:51.4061004

::::::::::: PostAuthenticateRequest Request called at 11/24/2018 8:31:51 PM   :::   20:31:51.4130999

::::::::::: BeginRequest Request called at 11/24/2018 8:31:51 PM   :::   20:31:51.4186115

::::::::::: AuthenticateRequest Request called at 11/24/2018 8:31:51 PM   :::   20:31:51.4411179

::::::::::: AuthorizeRequest Request called at 11/24/2018 8:31:51 PM   :::   20:31:51.4511175

::::::::::: PostAuthorizeRequest Request called at 11/24/2018 8:31:51 PM   :::   20:31:51.4551211

::::::::::: End Request called at 11/24/2018 8:31:51 PM   :::   20:31:51.4611159

::::::::::: PostResolveRequestCache Request called at 11/24/2018 8:31:51 PM   :::   20:31:51.4631201

::::::::::: AcquireRequestState Request called at 11/24/2018 8:31:51 PM   :::   20:31:51.4641192

::::::::::: PostAcquireRequestState Request called at 11/24/2018 8:31:51 PM   :::   20:31:51.4651172

::::::::::: PreRequestHandlerExecute Request called at 11/24/2018 8:31:51 PM   :::   20:31:51.4671198

::::::::::: PostRequestHandlerExecute Request called at 11/24/2018 8:31:51 PM   :::   20:31:51.4691184

::::::::::: ReleaseRequestState Request called at 11/24/2018 8:31:51 PM   :::   20:31:51.4711187

::::::::::: PostReleaseRequestState Request called at 11/24/2018 8:31:51 PM   :::   20:31:51.4741220

::::::::::: AuthorizeRequest Request called at 11/24/2018 8:31:51 PM   :::   20:31:51.4791157

::::::::::: PostAuthorizeRequest Request called at 11/24/2018 8:31:51 PM   :::   20:31:51.4811175

::::::::::: End Request called at 11/24/2018 8:31:51 PM   :::   20:31:51.4821206

::::::::::: PostResolveRequestCache Request called at 11/24/2018 8:31:51 PM   :::   20:31:51.4901180

::::::::::: AcquireRequestState Request called at 11/24/2018 8:31:51 PM   :::   20:31:51.4981158

::::::::::: PostAcquireRequestState Request called at 11/24/2018 8:31:51 PM   :::   20:31:51.5031170

::::::::::: PreRequestHandlerExecute Request called at 11/24/2018 8:31:51 PM   :::   20:31:51.5131174

::::::::::: PostRequestHandlerExecute Request called at 11/24/2018 8:31:51 PM   :::   20:31:51.5186290

::::::::::: ReleaseRequestState Request called at 11/24/2018 8:31:51 PM   :::   20:31:51.5221333

::::::::::: PostReleaseRequestState Request called at 11/24/2018 8:31:51 PM   :::   20:31:51.5371424

::::::::::: PostAuthenticateRequest Request called at 11/24/2018 8:31:51 PM   :::   20:31:51.5411417

::::::::::: UpdateRequestCache Request called at 11/24/2018 8:31:51 PM   :::   20:31:51.5461373

::::::::::: EndRequest Request called at 11/24/2018 8:31:51 PM   :::   20:31:51.5471376

::::::::::: PreSendRequestContent Request called at 11/24/2018 8:31:51 PM   :::   20:31:51.5491383

::::::::::: PreSendRequestHeaders Request called at 11/24/2018 8:31:51 PM   :::   20:31:51.5511373

::::::::::: BeginRequest Request called at 11/24/2018 8:31:51 PM   :::   20:31:51.5581415

::::::::::: AuthenticateRequest Request called at 11/24/2018 8:31:51 PM   :::   20:31:51.5601386

::::::::::: PostAuthorizeRequest Request called at 11/24/2018 8:31:51 PM   :::   20:31:51.5701390

::::::::::: End Request called at 11/24/2018 8:31:51 PM   :::   20:31:51.5731427

::::::::::: PostResolveRequestCache Request called at 11/24/2018 8:31:51 PM   :::   20:31:51.5761389

::::::::::: AcquireRequestState Request called at 11/24/2018 8:31:51 PM   :::   20:31:51.5841375

::::::::::: PostAcquireRequestState Request called at 11/24/2018 8:31:51 PM   :::   20:31:51.5861389

::::::::::: PreRequestHandlerExecute Request called at 11/24/2018 8:31:51 PM   :::   20:31:51.5881404

::::::::::: PostRequestHandlerExecute Request called at 11/24/2018 8:31:51 PM   :::   20:31:51.5921373

::::::::::: ReleaseRequestState Request called at 11/24/2018 8:31:51 PM   :::   20:31:51.5931412

::::::::::: PostReleaseRequestState Request called at 11/24/2018 8:31:51 PM   :::   20:31:51.5951390

::::::::::: UpdateRequestCache Request called at 11/24/2018 8:31:51 PM   :::   20:31:51.5981388

::::::::::: EndRequest Request called at 11/24/2018 8:31:51 PM   :::   20:31:51.5991411

::::::::::: PreSendRequestContent Request called at 11/24/2018 8:31:51 PM   :::   20:31:51.6011401

::::::::::: PreSendRequestHeaders Request called at 11/24/2018 8:31:51 PM   :::   20:31:51.6021385

::::::::::: BeginRequest Request called at 11/24/2018 8:31:51 PM   :::   20:31:51.6111394

::::::::::: AuthorizeRequest Request called at 11/24/2018 8:31:51 PM   :::   20:31:51.6121401

::::::::::: PostAuthenticateRequest Request called at 11/24/2018 8:31:51 PM   :::   20:31:51.6276462

::::::::::: PostAuthorizeRequest Request called at 11/24/2018 8:31:51 PM   :::   20:31:51.6181475

::::::::::: End Request called at 11/24/2018 8:31:51 PM   :::   20:31:51.6316455

::::::::::: PostResolveRequestCache Request called at 11/24/2018 8:31:51 PM   :::   20:31:51.6331448

::::::::::: AcquireRequestState Request called at 11/24/2018 8:31:51 PM   :::   20:31:51.6351557

::::::::::: PostAcquireRequestState Request called at 11/24/2018 8:31:51 PM   :::   20:31:51.6451533

::::::::::: PreRequestHandlerExecute Request called at 11/24/2018 8:31:51 PM   :::   20:31:51.6491534

::::::::::: PostRequestHandlerExecute Request called at 11/24/2018 8:31:51 PM   :::   20:31:51.6531527

::::::::::: ReleaseRequestState Request called at 11/24/2018 8:31:51 PM   :::   20:31:51.6581590

::::::::::: PostReleaseRequestState Request called at 11/24/2018 8:31:51 PM   :::   20:31:51.6601525

::::::::::: End Request called at 11/24/2018 8:31:51 PM   :::   20:31:51.6761525

::::::::::: PostResolveRequestCache Request called at 11/24/2018 8:31:51 PM   :::   20:31:51.6781543

::::::::::: AcquireRequestState Request called at 11/24/2018 8:31:51 PM   :::   20:31:51.6821508

::::::::::: PostAcquireRequestState Request called at 11/24/2018 8:31:51 PM   :::   20:31:51.6931527

::::::::::: PreRequestHandlerExecute Request called at 11/24/2018 8:31:51 PM   :::   20:31:51.6981527

::::::::::: PostRequestHandlerExecute Request called at 11/24/2018 8:31:51 PM   :::   20:31:51.7181678

::::::::::: ReleaseRequestState Request called at 11/24/2018 8:31:51 PM   :::   20:31:51.7266665

::::::::::: PostReleaseRequestState Request called at 11/24/2018 8:31:51 PM   :::   20:31:51.7291677

::::::::::: BeginRequest Request called at 11/24/2018 8:31:51 PM   :::   20:31:51.7306686

::::::::::: AuthenticateRequest Request called at 11/24/2018 8:31:51 PM   :::   20:31:51.7326668

::::::::::: PostAuthenticateRequest Request called at 11/24/2018 8:31:51 PM   :::   20:31:51.7351747

::::::::::: UpdateRequestCache Request called at 11/24/2018 8:31:51 PM   :::   20:31:51.7381761

::::::::::: EndRequest Request called at 11/24/2018 8:31:51 PM   :::   20:31:51.7411826

::::::::::: PreSendRequestContent Request called at 11/24/2018 8:31:51 PM   :::   20:31:51.7431761

::::::::::: PreSendRequestHeaders Request called at 11/24/2018 8:31:51 PM   :::   20:31:51.7451771

::::::::::: AuthorizeRequest Request called at 11/24/2018 8:31:51 PM   :::   20:31:51.7571833

::::::::::: PostAuthorizeRequest Request called at 11/24/2018 8:31:51 PM   :::   20:31:51.7591788

::::::::::: End Request called at 11/24/2018 8:31:51 PM   :::   20:31:51.7681757

::::::::::: PostResolveRequestCache Request called at 11/24/2018 8:31:51 PM   :::   20:31:51.7711786

::::::::::: PostAuthenticateRequest Request called at 11/24/2018 8:31:51 PM   :::   20:31:51.7811775

::::::::::: PostAcquireRequestState Request called at 11/24/2018 8:31:51 PM   :::   20:31:51.7911937

::::::::::: PreRequestHandlerExecute Request called at 11/24/2018 8:31:51 PM   :::   20:31:51.7931761

::::::::::: PostRequestHandlerExecute Request called at 11/24/2018 8:31:51 PM   :::   20:31:51.7961763

::::::::::: ReleaseRequestState Request called at 11/24/2018 8:31:51 PM   :::   20:31:51.7971766

::::::::::: PostReleaseRequestState Request called at 11/24/2018 8:31:51 PM   :::   20:31:51.7991773

::::::::::: End Request called at 11/24/2018 8:31:51 PM   :::   20:31:51.8151756

::::::::::: PostResolveRequestCache Request called at 11/24/2018 8:31:51 PM   :::   20:31:51.8171759

::::::::::: UpdateRequestCache Request called at 11/24/2018 8:31:51 PM   :::   20:31:51.8176839

::::::::::: PostAcquireRequestState Request called at 11/24/2018 8:31:51 PM   :::   20:31:51.8296846

::::::::::: PreRequestHandlerExecute Request called at 11/24/2018 8:31:51 PM   :::   20:31:51.8351938

::::::::::: PreSendRequestHeaders Request called at 11/24/2018 8:31:51 PM   :::   20:31:51.8481900

::::::::::: ReleaseRequestState Request called at 11/24/2018 8:31:51 PM   :::   20:31:51.8591939

::::::::::: PostReleaseRequestState Request called at 11/24/2018 8:31:51 PM   :::   20:31:51.8611918

::::::::::: UpdateRequestCache Request called at 11/24/2018 8:31:51 PM   :::   20:31:51.8801903

::::::::::: EndRequest Request called at 11/24/2018 8:31:51 PM   :::   20:31:51.8851891

::::::::::: PreSendRequestContent Request called at 11/24/2018 8:31:51 PM   :::   20:31:51.8911926

::::::::::: PreSendRequestHeaders Request called at 11/24/2018 8:31:51 PM   :::   20:31:51.8921909

::::::::::: BeginRequest Request called at 11/24/2018 8:31:51 PM   :::   20:31:51.8971925

::::::::::: AuthenticateRequest Request called at 11/24/2018 8:31:51 PM   :::   20:31:51.8991908

::::::::::: PostAuthenticateRequest Request called at 11/24/2018 8:31:51 PM   :::   20:31:51.9091916

::::::::::: AuthorizeRequest Request called at 11/24/2018 8:31:51 PM   :::   20:31:51.9151923

::::::::::: PostAuthorizeRequest Request called at 11/24/2018 8:31:51 PM   :::   20:31:51.9176994

::::::::::: End Request called at 11/24/2018 8:31:51 PM   :::   20:31:51.9191995

::::::::::: PostResolveRequestCache Request called at 11/24/2018 8:31:51 PM   :::   20:31:51.9232004

::::::::::: AcquireRequestState Request called at 11/24/2018 8:31:51 PM   :::   20:31:51.9257008

::::::::::: PostAcquireRequestState Request called at 11/24/2018 8:31:51 PM   :::   20:31:51.9276990

::::::::::: PreRequestHandlerExecute Request called at 11/24/2018 8:31:51 PM   :::   20:31:51.9302002

::::::::::: PostRequestHandlerExecute Request called at 11/24/2018 8:31:51 PM   :::   20:31:51.9342118

::::::::::: AuthorizeRequest Request called at 11/24/2018 8:31:51 PM   :::   20:31:51.9382103

::::::::::: PostAuthorizeRequest Request called at 11/24/2018 8:31:51 PM   :::   20:31:51.9402109

::::::::::: End Request called at 11/24/2018 8:31:51 PM   :::   20:31:51.9492090

::::::::::: PostResolveRequestCache Request called at 11/24/2018 8:31:51 PM   :::   20:31:51.9582103

::::::::::: UpdateRequestCache Request called at 11/24/2018 8:31:51 PM   :::   20:31:51.9592110

::::::::::: EndRequest Request called at 11/24/2018 8:31:51 PM   :::   20:31:51.9642114

::::::::::: PreRequestHandlerExecute Request called at 11/24/2018 8:31:51 PM   :::   20:31:51.9782107

::::::::::: PreSendRequestHeaders Request called at 11/24/2018 8:31:51 PM   :::   20:31:51.9872100

::::::::::: ReleaseRequestState Request called at 11/24/2018 8:31:51 PM   :::   20:31:51.9972096

::::::::::: PostReleaseRequestState Request called at 11/24/2018 8:31:52 PM   :::   20:31:52.0002102

::::::::::: UpdateRequestCache Request called at 11/24/2018 8:31:52 PM   :::   20:31:52.0242186

::::::::::: EndRequest Request called at 11/24/2018 8:31:52 PM   :::   20:31:52.0272183

::::::::::: PreSendRequestContent Request called at 11/24/2018 8:31:52 PM   :::   20:31:52.0512279

::::::::::: PreSendRequestHeaders Request called at 11/24/2018 8:31:52 PM   :::   20:31:52.0552272

::::::::::: AuthorizeRequest Request called at 11/24/2018 8:31:52 PM   :::   20:31:52.0602276

::::::::::: BeginRequest Request called at 11/24/2018 8:31:52 PM   :::   20:31:52.0612283

::::::::::: AuthenticateRequest Request called at 11/24/2018 8:31:52 PM   :::   20:31:52.0712283

::::::::::: PostResolveRequestCache Request called at 11/24/2018 8:31:52 PM   :::   20:31:52.0832274

::::::::::: AcquireRequestState Request called at 11/24/2018 8:31:52 PM   :::   20:31:52.0922255

::::::::::: PostAcquireRequestState Request called at 11/24/2018 8:31:52 PM   :::   20:31:52.0942285

::::::::::: PreRequestHandlerExecute Request called at 11/24/2018 8:31:52 PM   :::   20:31:52.0952281

::::::::::: PostRequestHandlerExecute Request called at 11/24/2018 8:31:52 PM   :::   20:31:52.0982290

::::::::::: ReleaseRequestState Request called at 11/24/2018 8:31:52 PM   :::   20:31:52.0992273

::::::::::: PostReleaseRequestState Request called at 11/24/2018 8:31:52 PM   :::   20:31:52.1022287

::::::::::: UpdateRequestCache Request called at 11/24/2018 8:31:52 PM   :::   20:31:52.1082302

::::::::::: EndRequest Request called at 11/24/2018 8:31:52 PM   :::   20:31:52.1092289

::::::::::: PreSendRequestContent Request called at 11/24/2018 8:31:52 PM   :::   20:31:52.1112296

::::::::::: PreSendRequestHeaders Request called at 11/24/2018 8:31:52 PM   :::   20:31:52.1132274

::::::::::: BeginRequest Request called at 11/24/2018 8:31:52 PM   :::   20:31:52.1242372

::::::::::: AuthenticateRequest Request called at 11/24/2018 8:31:52 PM   :::   20:31:52.1267380

::::::::::: PostAuthenticateRequest Request called at 11/24/2018 8:31:52 PM   :::   20:31:52.1312379

::::::::::: AuthorizeRequest Request called at 11/24/2018 8:31:52 PM   :::   20:31:52.1457362

::::::::::: PostAuthorizeRequest Request called at 11/24/2018 8:31:52 PM   :::   20:31:52.1492357

::::::::::: End Request called at 11/24/2018 8:31:52 PM   :::   20:31:52.1557366

::::::::::: PostResolveRequestCache Request called at 11/24/2018 8:31:52 PM   :::   20:31:52.1582370

::::::::::: AcquireRequestState Request called at 11/24/2018 8:31:52 PM   :::   20:31:52.1602368

::::::::::: PostAcquireRequestState Request called at 11/24/2018 8:31:52 PM   :::   20:31:52.1657374

::::::::::: PreRequestHandlerExecute Request called at 11/24/2018 8:31:52 PM   :::   20:31:52.1692373

::::::::::: PostRequestHandlerExecute Request called at 11/24/2018 8:31:52 PM   :::   20:31:52.1742369

::::::::::: ReleaseRequestState Request called at 11/24/2018 8:31:52 PM   :::   20:31:52.1757366

::::::::::: PostReleaseRequestState Request called at 11/24/2018 8:31:52 PM   :::   20:31:52.1827372

::::::::::: UpdateRequestCache Request called at 11/24/2018 8:31:52 PM   :::   20:31:52.1912372

::::::::::: EndRequest Request called at 11/24/2018 8:31:52 PM   :::   20:31:52.1927376

::::::::::: PreSendRequestContent Request called at 11/24/2018 8:31:52 PM   :::   20:31:52.1947367

::::::::::: PreSendRequestHeaders Request called at 11/24/2018 8:31:52 PM   :::   20:31:52.1962368

::::::::::: AuthorizeRequest Request called at 11/24/2018 8:31:52 PM   :::   20:31:52.2072359

::::::::::: PostAuthorizeRequest Request called at 11/24/2018 8:31:52 PM   :::   20:31:52.2097367

::::::::::: End Request called at 11/24/2018 8:31:52 PM   :::   20:31:52.2132386

::::::::::: PostResolveRequestCache Request called at 11/24/2018 8:31:52 PM   :::   20:31:52.2147363

::::::::::: AcquireRequestState Request called at 11/24/2018 8:31:52 PM   :::   20:31:52.2272367

::::::::::: PostAcquireRequestState Request called at 11/24/2018 8:31:52 PM   :::   20:31:52.2292370

::::::::::: PreRequestHandlerExecute Request called at 11/24/2018 8:31:52 PM   :::   20:31:52.2342378

::::::::::: AuthenticateRequest Request called at 11/24/2018 8:31:52 PM   :::   20:31:52.2477377

::::::::::: PostAuthenticateRequest Request called at 11/24/2018 8:31:52 PM   :::   20:31:52.2622380

::::::::::: PostRequestHandlerExecute Request called at 11/24/2018 8:31:52 PM   :::   20:31:52.2682387

::::::::::: ReleaseRequestState Request called at 11/24/2018 8:31:52 PM   :::   20:31:52.2767370

::::::::::: PostReleaseRequestState Request called at 11/24/2018 8:31:52 PM   :::   20:31:52.2792358

::::::::::: UpdateRequestCache Request called at 11/24/2018 8:31:52 PM   :::   20:31:52.2907359

::::::::::: EndRequest Request called at 11/24/2018 8:31:52 PM   :::   20:31:52.2927382

::::::::::: PreSendRequestContent Request called at 11/24/2018 8:31:52 PM   :::   20:31:52.2952382

::::::::::: PreSendRequestHeaders Request called at 11/24/2018 8:31:52 PM   :::   20:31:52.2967367

::::::::::: BeginRequest Request called at 11/24/2018 8:31:52 PM   :::   20:31:52.3212401

::::::::::: AuthenticateRequest Request called at 11/24/2018 8:31:52 PM   :::   20:31:52.3232387

::::::::::: PostAuthenticateRequest Request called at 11/24/2018 8:31:52 PM   :::   20:31:52.3267363

::::::::::: AuthorizeRequest Request called at 11/24/2018 8:31:52 PM   :::   20:31:52.3327390

::::::::::: PostAuthorizeRequest Request called at 11/24/2018 8:31:52 PM   :::   20:31:52.3342363

::::::::::: End Request called at 11/24/2018 8:31:52 PM   :::   20:31:52.3367379

::::::::::: PostResolveRequestCache Request called at 11/24/2018 8:31:52 PM   :::   20:31:52.3402378

::::::::::: AcquireRequestState Request called at 11/24/2018 8:31:52 PM   :::   20:31:52.3417367

::::::::::: PostAcquireRequestState Request called at 11/24/2018 8:31:52 PM   :::   20:31:52.3432364

::::::::::: PreRequestHandlerExecute Request called at 11/24/2018 8:31:52 PM   :::   20:31:52.3447369

::::::::::: PostRequestHandlerExecute Request called at 11/24/2018 8:31:52 PM   :::   20:31:52.3467367

::::::::::: ReleaseRequestState Request called at 11/24/2018 8:31:52 PM   :::   20:31:52.3487374

::::::::::: PostReleaseRequestState Request called at 11/24/2018 8:31:52 PM   :::   20:31:52.3507364

::::::::::: UpdateRequestCache Request called at 11/24/2018 8:31:52 PM   :::   20:31:52.3612366

::::::::::: EndRequest Request called at 11/24/2018 8:31:52 PM   :::   20:31:52.3632376

::::::::::: PreSendRequestContent Request called at 11/24/2018 8:31:52 PM   :::   20:31:52.3652378

::::::::::: AuthorizeRequest Request called at 11/24/2018 8:31:52 PM   :::   20:31:52.3667379

::::::::::: PostAuthorizeRequest Request called at 11/24/2018 8:31:52 PM   :::   20:31:52.3682380

::::::::::: End Request called at 11/24/2018 8:31:52 PM   :::   20:31:52.3782380

::::::::::: PostResolveRequestCache Request called at 11/24/2018 8:31:52 PM   :::   20:31:52.3807368

::::::::::: AcquireRequestState Request called at 11/24/2018 8:31:52 PM   :::   20:31:52.3832380

::::::::::: PostAcquireRequestState Request called at 11/24/2018 8:31:52 PM   :::   20:31:52.3847381

::::::::::: PreRequestHandlerExecute Request called at 11/24/2018 8:31:52 PM   :::   20:31:52.3892376

::::::::::: AuthenticateRequest Request called at 11/24/2018 8:31:52 PM   :::   20:31:52.3967360

::::::::::: ReleaseRequestState Request called at 11/24/2018 8:31:52 PM   :::   20:31:52.4082377

::::::::::: PostAuthenticateRequest Request called at 11/24/2018 8:31:52 PM   :::   20:31:52.4092368

::::::::::: AuthorizeRequest Request called at 11/24/2018 8:31:52 PM   :::   20:31:52.4147366

::::::::::: PostAuthorizeRequest Request called at 11/24/2018 8:31:52 PM   :::   20:31:52.4212438

::::::::::: End Request called at 11/24/2018 8:31:52 PM   :::   20:31:52.4257385

::::::::::: PostResolveRequestCache Request called at 11/24/2018 8:31:52 PM   :::   20:31:52.4382428

::::::::::: AcquireRequestState Request called at 11/24/2018 8:31:52 PM   :::   20:31:52.4432428

::::::::::: PostAcquireRequestState Request called at 11/24/2018 8:31:52 PM   :::   20:31:52.4482472

::::::::::: PreRequestHandlerExecute Request called at 11/24/2018 8:31:52 PM   :::   20:31:52.4592455

::::::::::: PostRequestHandlerExecute Request called at 11/24/2018 8:31:52 PM   :::   20:31:52.4622449

::::::::::: ReleaseRequestState Request called at 11/24/2018 8:31:52 PM   :::   20:31:52.4632444

::::::::::: PostReleaseRequestState Request called at 11/24/2018 8:31:52 PM   :::   20:31:52.4652439

::::::::::: UpdateRequestCache Request called at 11/24/2018 8:31:52 PM   :::   20:31:52.4702463

::::::::::: EndRequest Request called at 11/24/2018 8:31:52 PM   :::   20:31:52.4782441

::::::::::: PreSendRequestContent Request called at 11/24/2018 8:31:52 PM   :::   20:31:52.4802443

::::::::::: PreSendRequestHeaders Request called at 11/24/2018 8:31:52 PM   :::   20:31:52.4812446

::::::::::: AuthenticateRequest Request called at 11/24/2018 8:31:52 PM   :::   20:31:52.4982461

::::::::::: PostAuthenticateRequest Request called at 11/24/2018 8:31:52 PM   :::   20:31:52.5022446

::::::::::: AuthorizeRequest Request called at 11/24/2018 8:31:52 PM   :::   20:31:52.5162451

::::::::::: PostAuthorizeRequest Request called at 11/24/2018 8:31:52 PM   :::   20:31:52.5182492

::::::::::: End Request called at 11/24/2018 8:31:52 PM   :::   20:31:52.5212494

::::::::::: PostResolveRequestCache Request called at 11/24/2018 8:31:52 PM   :::   20:31:52.5232504

::::::::::: AcquireRequestState Request called at 11/24/2018 8:31:52 PM   :::   20:31:52.5242484

::::::::::: PostAcquireRequestState Request called at 11/24/2018 8:31:52 PM   :::   20:31:52.5252475

::::::::::: PreRequestHandlerExecute Request called at 11/24/2018 8:31:52 PM   :::   20:31:52.5267523

::::::::::: PostRequestHandlerExecute Request called at 11/24/2018 8:31:52 PM   :::   20:31:52.5282516

::::::::::: ReleaseRequestState Request called at 11/24/2018 8:31:52 PM   :::   20:31:52.5292496

::::::::::: PostReleaseRequestState Request called at 11/24/2018 8:31:52 PM   :::   20:31:52.5307481

::::::::::: UpdateRequestCache Request called at 11/24/2018 8:31:52 PM   :::   20:31:52.5372628

::::::::::: EndRequest Request called at 11/24/2018 8:31:52 PM   :::   20:31:52.5392543

::::::::::: PreSendRequestContent Request called at 11/24/2018 8:31:52 PM   :::   20:31:52.5412569

::::::::::: PreSendRequestHeaders Request called at 11/24/2018 8:31:52 PM   :::   20:31:52.5422541

::::::::::: BeginRequest Request called at 11/24/2018 8:31:52 PM   :::   20:31:52.9334321

::::::::::: AuthenticateRequest Request called at 11/24/2018 8:31:52 PM   :::   20:31:52.9344451

::::::::::: PostAuthenticateRequest Request called at 11/24/2018 8:31:52 PM   :::   20:31:52.9374421

::::::::::: AuthorizeRequest Request called at 11/24/2018 8:31:52 PM   :::   20:31:52.9404422

::::::::::: PostAuthorizeRequest Request called at 11/24/2018 8:31:52 PM   :::   20:31:52.9414429

::::::::::: End Request called at 11/24/2018 8:31:52 PM   :::   20:31:52.9424436

::::::::::: PostResolveRequestCache Request called at 11/24/2018 8:31:52 PM   :::   20:31:52.9454430

::::::::::: AcquireRequestState Request called at 11/24/2018 8:31:52 PM   :::   20:31:52.9464461

::::::::::: PostAcquireRequestState Request called at 11/24/2018 8:31:52 PM   :::   20:31:52.9574448

::::::::::: PreRequestHandlerExecute Request called at 11/24/2018 8:31:52 PM   :::   20:31:52.9594443

::::::::::: PostRequestHandlerExecute Request called at 11/24/2018 8:31:52 PM   :::   20:31:52.9614453

::::::::::: ReleaseRequestState Request called at 11/24/2018 8:31:52 PM   :::   20:31:52.9624421

::::::::::: PostReleaseRequestState Request called at 11/24/2018 8:31:52 PM   :::   20:31:52.9644431

::::::::::: UpdateRequestCache Request called at 11/24/2018 8:31:52 PM   :::   20:31:52.9664445

::::::::::: EndRequest Request called at 11/24/2018 8:31:52 PM   :::   20:31:52.9694471

::::::::::: PreSendRequestContent Request called at 11/24/2018 8:31:52 PM   :::   20:31:52.9724433

::::::::::: PreSendRequestHeaders Request called at 11/24/2018 8:31:52 PM   :::   20:31:52.9734440

::::::::::: BeginRequest Request called at 11/24/2018 8:31:52 PM   :::   20:31:52.9774429

::::::::::: AuthenticateRequest Request called at 11/24/2018 8:31:52 PM   :::   20:31:52.9794431

::::::::::: PostAuthenticateRequest Request called at 11/24/2018 8:31:52 PM   :::   20:31:52.9824445

::::::::::: AuthorizeRequest Request called at 11/24/2018 8:31:52 PM   :::   20:31:52.9894447

::::::::::: PostAuthorizeRequest Request called at 11/24/2018 8:31:52 PM   :::   20:31:52.9904482

::::::::::: End Request called at 11/24/2018 8:31:52 PM   :::   20:31:52.9934448

::::::::::: PostResolveRequestCache Request called at 11/24/2018 8:31:52 PM   :::   20:31:52.9964438

::::::::::: AcquireRequestState Request called at 11/24/2018 8:31:52 PM   :::   20:31:52.9974445

::::::::::: PostAcquireRequestState Request called at 11/24/2018 8:31:52 PM   :::   20:31:52.9994436

::::::::::: PreRequestHandlerExecute Request called at 11/24/2018 8:31:53 PM   :::   20:31:53.0004470

::::::::::: PostRequestHandlerExecute Request called at 11/24/2018 8:31:53 PM   :::   20:31:53.0054451

::::::::::: ReleaseRequestState Request called at 11/24/2018 8:31:53 PM   :::   20:31:53.0084429

::::::::::: PostReleaseRequestState Request called at 11/24/2018 8:31:53 PM   :::   20:31:53.0094455

::::::::::: UpdateRequestCache Request called at 11/24/2018 8:31:53 PM   :::   20:31:53.0144440

::::::::::: EndRequest Request called at 11/24/2018 8:31:53 PM   :::   20:31:53.0154427

::::::::::: PreSendRequestContent Request called at 11/24/2018 8:31:53 PM   :::   20:31:53.0174453

::::::::::: PreSendRequestHeaders Request called at 11/24/2018 8:31:53 PM   :::   20:31:53.0204585

::::::::::: BeginRequest Request called at 11/24/2018 8:31:53 PM   :::   20:31:53.1299727

::::::::::: AuthenticateRequest Request called at 11/24/2018 8:31:53 PM   :::   20:31:53.1414870

::::::::::: PostAuthenticateRequest Request called at 11/24/2018 8:31:53 PM   :::   20:31:53.1444828

::::::::::: AuthorizeRequest Request called at 11/24/2018 8:31:53 PM   :::   20:31:53.1474826

::::::::::: PostAuthorizeRequest Request called at 11/24/2018 8:31:53 PM   :::   20:31:53.1484837

::::::::::: End Request called at 11/24/2018 8:31:53 PM   :::   20:31:53.1504843

::::::::::: PostResolveRequestCache Request called at 11/24/2018 8:31:53 PM   :::   20:31:53.1554867

::::::::::: AcquireRequestState Request called at 11/24/2018 8:31:53 PM   :::   20:31:53.1584884

::::::::::: PostAcquireRequestState Request called at 11/24/2018 8:31:53 PM   :::   20:31:53.1604812

::::::::::: PreRequestHandlerExecute Request called at 11/24/2018 8:31:53 PM   :::   20:31:53.1614803

::::::::::: Error Request called at 11/24/2018 8:31:53 PM   :::   20:31:53.1644813

::::::::::: EndRequest Request called at 11/24/2018 8:31:53 PM   :::   20:31:53.1674854

::::::::::: PreSendRequestContent Request called at 11/24/2018 8:31:53 PM   :::   20:31:53.1714969

::::::::::: PreSendRequestHeaders Request called at 11/24/2018 8:31:53 PM   :::   20:31:53.1745101

::::::::::: BeginRequest Request called at 11/24/2018 8:31:53 PM   :::   20:31:53.6113896

::::::::::: AuthenticateRequest Request called at 11/24/2018 8:31:53 PM   :::   20:31:53.6133867

::::::::::: PostAuthenticateRequest Request called at 11/24/2018 8:31:53 PM   :::   20:31:53.6153870

::::::::::: AuthorizeRequest Request called at 11/24/2018 8:31:53 PM   :::   20:31:53.6163893

::::::::::: PostAuthorizeRequest Request called at 11/24/2018 8:31:53 PM   :::   20:31:53.6219009

::::::::::: End Request called at 11/24/2018 8:31:53 PM   :::   20:31:53.6238956

::::::::::: PostResolveRequestCache Request called at 11/24/2018 8:31:53 PM   :::   20:31:53.6258962

::::::::::: AcquireRequestState Request called at 11/24/2018 8:31:53 PM   :::   20:31:53.6268957

::::::::::: PostAcquireRequestState Request called at 11/24/2018 8:31:53 PM   :::   20:31:53.6283954

::::::::::: PreRequestHandlerExecute Request called at 11/24/2018 8:31:53 PM   :::   20:31:53.6293950

::::::::::: PostRequestHandlerExecute Request called at 11/24/2018 8:31:53 PM   :::   20:31:53.6593981

::::::::::: ReleaseRequestState Request called at 11/24/2018 8:31:53 PM   :::   20:31:53.6603985

::::::::::: PostReleaseRequestState Request called at 11/24/2018 8:31:53 PM   :::   20:31:53.6624042

::::::::::: UpdateRequestCache Request called at 11/24/2018 8:31:53 PM   :::   20:31:53.6634018

::::::::::: EndRequest Request called at 11/24/2018 8:31:53 PM   :::   20:31:53.6644025

::::::::::: PreSendRequestContent Request called at 11/24/2018 8:31:53 PM   :::   20:31:53.6664019

::::::::::: PreSendRequestHeaders Request called at 11/24/2018 8:31:53 PM   :::   20:31:53.6714102

