::::::::::: BeginRequest Request called at 10/26/2018 12:06:51 AM   :::   00:06:51.6026663

::::::::::: AuthenticateRequest Request called at 10/26/2018 12:06:51 AM   :::   00:06:51.6096666

::::::::::: PostAuthenticateRequest Request called at 10/26/2018 12:06:51 AM   :::   00:06:51.6196662

::::::::::: AuthorizeRequest Request called at 10/26/2018 12:06:51 AM   :::   00:06:51.6236667

::::::::::: PostAuthorizeRequest Request called at 10/26/2018 12:06:51 AM   :::   00:06:51.6266732

::::::::::: End Request called at 10/26/2018 12:06:51 AM   :::   00:06:51.6286655

::::::::::: PostResolveRequestCache Request called at 10/26/2018 12:06:51 AM   :::   00:06:51.6316676

::::::::::: AcquireRequestState Request called at 10/26/2018 12:06:51 AM   :::   00:06:51.6356665

::::::::::: PostAcquireRequestState Request called at 10/26/2018 12:06:51 AM   :::   00:06:51.6446722

::::::::::: PreRequestHandlerExecute Request called at 10/26/2018 12:06:51 AM   :::   00:06:51.6496659

::::::::::: PostRequestHandlerExecute Request called at 10/26/2018 12:06:51 AM   :::   00:06:51.6856646

::::::::::: ReleaseRequestState Request called at 10/26/2018 12:06:51 AM   :::   00:06:51.6866649

::::::::::: PostReleaseRequestState Request called at 10/26/2018 12:06:51 AM   :::   00:06:51.6886660

::::::::::: UpdateRequestCache Request called at 10/26/2018 12:06:51 AM   :::   00:06:51.6956796

::::::::::: EndRequest Request called at 10/26/2018 12:06:51 AM   :::   00:06:51.6976649

::::::::::: PreSendRequestContent Request called at 10/26/2018 12:06:51 AM   :::   00:06:51.6996651

::::::::::: PreSendRequestHeaders Request called at 10/26/2018 12:06:51 AM   :::   00:06:51.7006654

::::::::::: BeginRequest Request called at 10/26/2018 12:06:51 AM   :::   00:06:51.8046664

::::::::::: AuthenticateRequest Request called at 10/26/2018 12:06:51 AM   :::   00:06:51.8076674

::::::::::: PostAuthenticateRequest Request called at 10/26/2018 12:06:51 AM   :::   00:06:51.8446657

::::::::::: AuthorizeRequest Request called at 10/26/2018 12:06:52 AM   :::   00:06:52.3786672

::::::::::: PostAuthorizeRequest Request called at 10/26/2018 12:06:52 AM   :::   00:06:52.3826665

::::::::::: End Request called at 10/26/2018 12:06:52 AM   :::   00:06:52.3856670

::::::::::: PostResolveRequestCache Request called at 10/26/2018 12:06:52 AM   :::   00:06:52.3876665

::::::::::: AcquireRequestState Request called at 10/26/2018 12:06:52 AM   :::   00:06:52.3906647

::::::::::: PostAcquireRequestState Request called at 10/26/2018 12:06:52 AM   :::   00:06:52.3956655

::::::::::: PreRequestHandlerExecute Request called at 10/26/2018 12:06:52 AM   :::   00:06:52.3976653

::::::::::: PostRequestHandlerExecute Request called at 10/26/2018 12:06:52 AM   :::   00:06:52.4006647

::::::::::: ReleaseRequestState Request called at 10/26/2018 12:06:52 AM   :::   00:06:52.4026649

::::::::::: PostReleaseRequestState Request called at 10/26/2018 12:06:52 AM   :::   00:06:52.4046671

::::::::::: UpdateRequestCache Request called at 10/26/2018 12:06:52 AM   :::   00:06:52.4216674

::::::::::: EndRequest Request called at 10/26/2018 12:06:52 AM   :::   00:06:52.4236657

::::::::::: PreSendRequestContent Request called at 10/26/2018 12:06:52 AM   :::   00:06:52.4276657

::::::::::: PreSendRequestHeaders Request called at 10/26/2018 12:06:52 AM   :::   00:06:52.4296676

::::::::::: BeginRequest Request called at 10/26/2018 12:06:56 AM   :::   00:06:56.1176650

::::::::::: AuthenticateRequest Request called at 10/26/2018 12:06:56 AM   :::   00:06:56.1196676

::::::::::: PostAuthenticateRequest Request called at 10/26/2018 12:06:56 AM   :::   00:06:56.1236677

::::::::::: AuthorizeRequest Request called at 10/26/2018 12:06:56 AM   :::   00:06:56.1256636

::::::::::: PostAuthorizeRequest Request called at 10/26/2018 12:06:56 AM   :::   00:06:56.1276654

::::::::::: End Request called at 10/26/2018 12:06:56 AM   :::   00:06:56.1296676

::::::::::: PostResolveRequestCache Request called at 10/26/2018 12:06:56 AM   :::   00:06:56.1306644

::::::::::: AcquireRequestState Request called at 10/26/2018 12:06:56 AM   :::   00:06:56.1326654

::::::::::: PostAcquireRequestState Request called at 10/26/2018 12:06:56 AM   :::   00:06:56.1346645

::::::::::: PreRequestHandlerExecute Request called at 10/26/2018 12:06:56 AM   :::   00:06:56.1356648

::::::::::: PostRequestHandlerExecute Request called at 10/26/2018 12:06:56 AM   :::   00:06:56.2026655

::::::::::: ReleaseRequestState Request called at 10/26/2018 12:06:56 AM   :::   00:06:56.2096653

::::::::::: PostReleaseRequestState Request called at 10/26/2018 12:06:56 AM   :::   00:06:56.2116668

::::::::::: UpdateRequestCache Request called at 10/26/2018 12:06:56 AM   :::   00:06:56.2136658

::::::::::: EndRequest Request called at 10/26/2018 12:06:56 AM   :::   00:06:56.2156660

::::::::::: PreSendRequestContent Request called at 10/26/2018 12:06:56 AM   :::   00:06:56.2186646

::::::::::: PreSendRequestHeaders Request called at 10/26/2018 12:06:56 AM   :::   00:06:56.2196657

::::::::::: BeginRequest Request called at 10/26/2018 12:07:57 AM   :::   00:07:57.5922925

::::::::::: AuthenticateRequest Request called at 10/26/2018 12:07:57 AM   :::   00:07:57.5972933

::::::::::: PostAuthenticateRequest Request called at 10/26/2018 12:07:57 AM   :::   00:07:57.6012918

::::::::::: BeginRequest Request called at 10/26/2018 12:07:57 AM   :::   00:07:57.6032909

::::::::::: AuthenticateRequest Request called at 10/26/2018 12:07:57 AM   :::   00:07:57.6052919

::::::::::: PostAuthorizeRequest Request called at 10/26/2018 12:07:57 AM   :::   00:07:57.6192872

::::::::::: End Request called at 10/26/2018 12:07:57 AM   :::   00:07:57.6252884

::::::::::: PostResolveRequestCache Request called at 10/26/2018 12:07:57 AM   :::   00:07:57.6342916

::::::::::: AcquireRequestState Request called at 10/26/2018 12:07:57 AM   :::   00:07:57.6362918

::::::::::: AuthorizeRequest Request called at 10/26/2018 12:07:57 AM   :::   00:07:57.6382897

::::::::::: PreRequestHandlerExecute Request called at 10/26/2018 12:07:57 AM   :::   00:07:57.6503002

::::::::::: End Request called at 10/26/2018 12:07:57 AM   :::   00:07:57.6643027

::::::::::: ReleaseRequestState Request called at 10/26/2018 12:07:57 AM   :::   00:07:57.6773009

::::::::::: PostReleaseRequestState Request called at 10/26/2018 12:07:57 AM   :::   00:07:57.6802912

::::::::::: PostResolveRequestCache Request called at 10/26/2018 12:07:57 AM   :::   00:07:57.6672930

::::::::::: EndRequest Request called at 10/26/2018 12:07:57 AM   :::   00:07:57.6942960

::::::::::: PreSendRequestContent Request called at 10/26/2018 12:07:57 AM   :::   00:07:57.6992925

::::::::::: PreSendRequestHeaders Request called at 10/26/2018 12:07:57 AM   :::   00:07:57.7102912

::::::::::: PreRequestHandlerExecute Request called at 10/26/2018 12:07:57 AM   :::   00:07:57.7282914

::::::::::: PostRequestHandlerExecute Request called at 10/26/2018 12:07:57 AM   :::   00:07:57.7332946

::::::::::: ReleaseRequestState Request called at 10/26/2018 12:07:57 AM   :::   00:07:57.7362904

::::::::::: PostReleaseRequestState Request called at 10/26/2018 12:07:57 AM   :::   00:07:57.7382918

::::::::::: UpdateRequestCache Request called at 10/26/2018 12:07:57 AM   :::   00:07:57.7432918

::::::::::: EndRequest Request called at 10/26/2018 12:07:57 AM   :::   00:07:57.7512951

::::::::::: PreSendRequestContent Request called at 10/26/2018 12:07:57 AM   :::   00:07:57.7532914

::::::::::: PreSendRequestHeaders Request called at 10/26/2018 12:07:57 AM   :::   00:07:57.7552897

::::::::::: BeginRequest Request called at 10/26/2018 12:08:15 AM   :::   00:08:15.2899587

::::::::::: AuthenticateRequest Request called at 10/26/2018 12:08:15 AM   :::   00:08:15.2939584

::::::::::: PostAuthenticateRequest Request called at 10/26/2018 12:08:15 AM   :::   00:08:15.3049568

::::::::::: AuthorizeRequest Request called at 10/26/2018 12:08:15 AM   :::   00:08:15.3089663

::::::::::: PostAuthorizeRequest Request called at 10/26/2018 12:08:15 AM   :::   00:08:15.3149552

::::::::::: End Request called at 10/26/2018 12:08:15 AM   :::   00:08:15.3169562

::::::::::: PostResolveRequestCache Request called at 10/26/2018 12:08:15 AM   :::   00:08:15.3229546

::::::::::: AcquireRequestState Request called at 10/26/2018 12:08:15 AM   :::   00:08:15.3279806

::::::::::: PostAcquireRequestState Request called at 10/26/2018 12:08:15 AM   :::   00:08:15.3329625

::::::::::: PreRequestHandlerExecute Request called at 10/26/2018 12:08:15 AM   :::   00:08:15.3359567

::::::::::: PostRequestHandlerExecute Request called at 10/26/2018 12:08:15 AM   :::   00:08:15.3679574

::::::::::: ReleaseRequestState Request called at 10/26/2018 12:08:15 AM   :::   00:08:15.3699541

::::::::::: PostReleaseRequestState Request called at 10/26/2018 12:08:15 AM   :::   00:08:15.3749565

::::::::::: UpdateRequestCache Request called at 10/26/2018 12:08:15 AM   :::   00:08:15.3819547

::::::::::: EndRequest Request called at 10/26/2018 12:08:15 AM   :::   00:08:15.3839542

::::::::::: PreSendRequestContent Request called at 10/26/2018 12:08:15 AM   :::   00:08:15.3869571

::::::::::: PreSendRequestHeaders Request called at 10/26/2018 12:08:15 AM   :::   00:08:15.3899573

::::::::::: BeginRequest Request called at 10/26/2018 12:08:15 AM   :::   00:08:15.5259585

::::::::::: AuthenticateRequest Request called at 10/26/2018 12:08:15 AM   :::   00:08:15.5389666

::::::::::: PostAuthenticateRequest Request called at 10/26/2018 12:08:15 AM   :::   00:08:15.5729561

::::::::::: AuthorizeRequest Request called at 10/26/2018 12:08:15 AM   :::   00:08:15.7299589

::::::::::: PostAuthorizeRequest Request called at 10/26/2018 12:08:15 AM   :::   00:08:15.7329555

::::::::::: End Request called at 10/26/2018 12:08:15 AM   :::   00:08:15.7349573

::::::::::: PostResolveRequestCache Request called at 10/26/2018 12:08:15 AM   :::   00:08:15.7399553

::::::::::: AcquireRequestState Request called at 10/26/2018 12:08:15 AM   :::   00:08:15.7559576

::::::::::: PostAcquireRequestState Request called at 10/26/2018 12:08:15 AM   :::   00:08:15.7579559

::::::::::: PreRequestHandlerExecute Request called at 10/26/2018 12:08:15 AM   :::   00:08:15.7649581

::::::::::: PostRequestHandlerExecute Request called at 10/26/2018 12:08:15 AM   :::   00:08:15.7719580

::::::::::: ReleaseRequestState Request called at 10/26/2018 12:08:15 AM   :::   00:08:15.7799573

::::::::::: PostReleaseRequestState Request called at 10/26/2018 12:08:15 AM   :::   00:08:15.7869560

::::::::::: UpdateRequestCache Request called at 10/26/2018 12:08:15 AM   :::   00:08:15.8059569

::::::::::: EndRequest Request called at 10/26/2018 12:08:15 AM   :::   00:08:15.8079571

::::::::::: PreSendRequestContent Request called at 10/26/2018 12:08:15 AM   :::   00:08:15.8119556

::::::::::: PreSendRequestHeaders Request called at 10/26/2018 12:08:15 AM   :::   00:08:15.8209613

::::::::::: BeginRequest Request called at 10/26/2018 12:08:19 AM   :::   00:08:19.4033668

::::::::::: AuthenticateRequest Request called at 10/26/2018 12:08:19 AM   :::   00:08:19.4063638

::::::::::: PostAuthenticateRequest Request called at 10/26/2018 12:08:19 AM   :::   00:08:19.4153647

::::::::::: AuthorizeRequest Request called at 10/26/2018 12:08:19 AM   :::   00:08:19.4173626

::::::::::: PostAuthorizeRequest Request called at 10/26/2018 12:08:19 AM   :::   00:08:19.4193624

::::::::::: End Request called at 10/26/2018 12:08:19 AM   :::   00:08:19.4203611

::::::::::: PostResolveRequestCache Request called at 10/26/2018 12:08:19 AM   :::   00:08:19.4223626

::::::::::: AcquireRequestState Request called at 10/26/2018 12:08:19 AM   :::   00:08:19.4283704

::::::::::: PostAcquireRequestState Request called at 10/26/2018 12:08:19 AM   :::   00:08:19.4313631

::::::::::: PreRequestHandlerExecute Request called at 10/26/2018 12:08:19 AM   :::   00:08:19.4323638

::::::::::: PostRequestHandlerExecute Request called at 10/26/2018 12:08:19 AM   :::   00:08:19.4793605

::::::::::: ReleaseRequestState Request called at 10/26/2018 12:08:19 AM   :::   00:08:19.4803604

::::::::::: PostReleaseRequestState Request called at 10/26/2018 12:08:19 AM   :::   00:08:19.4823626

::::::::::: UpdateRequestCache Request called at 10/26/2018 12:08:19 AM   :::   00:08:19.4843625

::::::::::: EndRequest Request called at 10/26/2018 12:08:19 AM   :::   00:08:19.4863607

::::::::::: PreSendRequestContent Request called at 10/26/2018 12:08:19 AM   :::   00:08:19.4873611

::::::::::: PreSendRequestHeaders Request called at 10/26/2018 12:08:19 AM   :::   00:08:19.4913639

