::::::::::: BeginRequest Request called at 7/26/2018 4:27:53 PM   :::   16:27:53.0742881

::::::::::: AuthenticateRequest Request called at 7/26/2018 4:27:53 PM   :::   16:27:53.0983054

::::::::::: PostAuthenticateRequest Request called at 7/26/2018 4:27:53 PM   :::   16:27:53.3594899

::::::::::: AuthorizeRequest Request called at 7/26/2018 4:27:53 PM   :::   16:27:53.3674951

::::::::::: PostAuthorizeRequest Request called at 7/26/2018 4:27:53 PM   :::   16:27:53.3760017

::::::::::: End Request called at 7/26/2018 4:27:53 PM   :::   16:27:53.3850077

::::::::::: PostResolveRequestCache Request called at 7/26/2018 4:27:53 PM   :::   16:27:53.5130981

::::::::::: AcquireRequestState Request called at 7/26/2018 4:27:53 PM   :::   16:27:53.5251074

::::::::::: PostAcquireRequestState Request called at 7/26/2018 4:27:53 PM   :::   16:27:53.5336124

::::::::::: PreRequestHandlerExecute Request called at 7/26/2018 4:27:53 PM   :::   16:27:53.5461214

::::::::::: PostRequestHandlerExecute Request called at 7/26/2018 4:27:57 PM   :::   16:27:57.9705438

::::::::::: ReleaseRequestState Request called at 7/26/2018 4:27:57 PM   :::   16:27:57.9825519

::::::::::: PostReleaseRequestState Request called at 7/26/2018 4:27:57 PM   :::   16:27:57.9915587

::::::::::: UpdateRequestCache Request called at 7/26/2018 4:27:58 PM   :::   16:27:58.0816282

::::::::::: EndRequest Request called at 7/26/2018 4:27:58 PM   :::   16:27:58.0936374

::::::::::: PreSendRequestContent Request called at 7/26/2018 4:27:58 PM   :::   16:27:58.1271633

::::::::::: PreSendRequestHeaders Request called at 7/26/2018 4:27:58 PM   :::   16:27:58.1366706

::::::::::: BeginRequest Request called at 7/26/2018 4:27:58 PM   :::   16:27:58.2017197

::::::::::: BeginRequest Request called at 7/26/2018 4:27:58 PM   :::   16:27:58.2167295

::::::::::: AuthenticateRequest Request called at 7/26/2018 4:27:58 PM   :::   16:27:58.2277416

::::::::::: PostResolveRequestCache Request called at 7/26/2018 4:27:58 PM   :::   16:27:58.2372477

::::::::::: AcquireRequestState Request called at 7/26/2018 4:27:58 PM   :::   16:27:58.2457535

::::::::::: AcquireRequestState Request called at 7/26/2018 4:27:58 PM   :::   16:27:58.2562615

::::::::::: PostAcquireRequestState Request called at 7/26/2018 4:27:58 PM   :::   16:27:58.2657673

::::::::::: ReleaseRequestState Request called at 7/26/2018 4:27:58 PM   :::   16:27:58.2742743

::::::::::: PostReleaseRequestState Request called at 7/26/2018 4:27:58 PM   :::   16:27:58.2872831

::::::::::: UpdateRequestCache Request called at 7/26/2018 4:27:58 PM   :::   16:27:58.2957889

::::::::::: EndRequest Request called at 7/26/2018 4:27:58 PM   :::   16:27:58.3047956

::::::::::: PreSendRequestContent Request called at 7/26/2018 4:27:58 PM   :::   16:27:58.3148027

::::::::::: PostAuthenticateRequest Request called at 7/26/2018 4:27:58 PM   :::   16:27:58.3243096

::::::::::: AuthorizeRequest Request called at 7/26/2018 4:27:58 PM   :::   16:27:58.3373188

::::::::::: PostAuthorizeRequest Request called at 7/26/2018 4:27:58 PM   :::   16:27:58.3463247

::::::::::: End Request called at 7/26/2018 4:27:58 PM   :::   16:27:58.3553315

::::::::::: AcquireRequestState Request called at 7/26/2018 4:27:58 PM   :::   16:27:58.3663393

::::::::::: PostAcquireRequestState Request called at 7/26/2018 4:27:58 PM   :::   16:27:58.3753452

::::::::::: PreRequestHandlerExecute Request called at 7/26/2018 4:27:58 PM   :::   16:27:58.3873533

::::::::::: PostRequestHandlerExecute Request called at 7/26/2018 4:27:58 PM   :::   16:27:58.3958599

::::::::::: ReleaseRequestState Request called at 7/26/2018 4:27:58 PM   :::   16:27:58.4078680

::::::::::: PostReleaseRequestState Request called at 7/26/2018 4:27:58 PM   :::   16:27:58.4178755

::::::::::: AuthorizeRequest Request called at 7/26/2018 4:27:58 PM   :::   16:27:58.4288828

::::::::::: PostAuthorizeRequest Request called at 7/26/2018 4:27:58 PM   :::   16:27:58.4448945

::::::::::: PostAuthorizeRequest Request called at 7/26/2018 4:27:58 PM   :::   16:27:58.4589044

::::::::::: End Request called at 7/26/2018 4:27:58 PM   :::   16:27:58.4879245

::::::::::: PostResolveRequestCache Request called at 7/26/2018 4:27:58 PM   :::   16:27:58.4979324

::::::::::: AcquireRequestState Request called at 7/26/2018 4:27:58 PM   :::   16:27:58.5074385

::::::::::: PreRequestHandlerExecute Request called at 7/26/2018 4:27:58 PM   :::   16:27:58.5209475

::::::::::: PostRequestHandlerExecute Request called at 7/26/2018 4:27:58 PM   :::   16:27:58.5334573

::::::::::: ReleaseRequestState Request called at 7/26/2018 4:27:58 PM   :::   16:27:58.5444647

::::::::::: PostReleaseRequestState Request called at 7/26/2018 4:27:58 PM   :::   16:27:58.5569733

::::::::::: UpdateRequestCache Request called at 7/26/2018 4:27:58 PM   :::   16:27:58.5724860

::::::::::: EndRequest Request called at 7/26/2018 4:27:58 PM   :::   16:27:58.5814916

::::::::::: PreSendRequestContent Request called at 7/26/2018 4:27:58 PM   :::   16:27:58.5924986

::::::::::: PreSendRequestHeaders Request called at 7/26/2018 4:27:58 PM   :::   16:27:58.6020051

::::::::::: AuthorizeRequest Request called at 7/26/2018 4:27:58 PM   :::   16:27:58.6825618

::::::::::: PostAuthorizeRequest Request called at 7/26/2018 4:27:58 PM   :::   16:27:58.6925692

::::::::::: End Request called at 7/26/2018 4:27:58 PM   :::   16:27:58.7015756

::::::::::: PostResolveRequestCache Request called at 7/26/2018 4:27:58 PM   :::   16:27:58.7120832

::::::::::: AcquireRequestState Request called at 7/26/2018 4:27:58 PM   :::   16:27:58.7225900

::::::::::: PostAcquireRequestState Request called at 7/26/2018 4:27:58 PM   :::   16:27:58.7320970

::::::::::: PreRequestHandlerExecute Request called at 7/26/2018 4:27:58 PM   :::   16:27:58.7411033

::::::::::: PostRequestHandlerExecute Request called at 7/26/2018 4:27:58 PM   :::   16:27:58.7541133

::::::::::: ReleaseRequestState Request called at 7/26/2018 4:27:58 PM   :::   16:27:58.7626195

::::::::::: PostReleaseRequestState Request called at 7/26/2018 4:27:58 PM   :::   16:27:58.7726262

::::::::::: UpdateRequestCache Request called at 7/26/2018 4:27:58 PM   :::   16:27:58.8109724

::::::::::: EndRequest Request called at 7/26/2018 4:27:58 PM   :::   16:27:58.8209783

::::::::::: PreSendRequestContent Request called at 7/26/2018 4:27:58 PM   :::   16:27:58.8309857

::::::::::: PreSendRequestHeaders Request called at 7/26/2018 4:27:58 PM   :::   16:27:58.8409932

::::::::::: BeginRequest Request called at 7/26/2018 4:27:58 PM   :::   16:27:58.8580048

::::::::::: AuthenticateRequest Request called at 7/26/2018 4:27:58 PM   :::   16:27:58.8780193

::::::::::: PostAuthenticateRequest Request called at 7/26/2018 4:27:58 PM   :::   16:27:58.9020402

::::::::::: AuthorizeRequest Request called at 7/26/2018 4:27:58 PM   :::   16:27:58.9540801

::::::::::: PostAuthorizeRequest Request called at 7/26/2018 4:27:58 PM   :::   16:27:58.9650875

::::::::::: End Request called at 7/26/2018 4:27:58 PM   :::   16:27:58.9750942

::::::::::: PostAcquireRequestState Request called at 7/26/2018 4:27:58 PM   :::   16:27:58.9871038

::::::::::: PreRequestHandlerExecute Request called at 7/26/2018 4:27:58 PM   :::   16:27:58.9981160

::::::::::: PostRequestHandlerExecute Request called at 7/26/2018 4:27:59 PM   :::   16:27:59.0091237

::::::::::: ReleaseRequestState Request called at 7/26/2018 4:27:59 PM   :::   16:27:59.0236342

::::::::::: PostReleaseRequestState Request called at 7/26/2018 4:27:59 PM   :::   16:27:59.0356423

::::::::::: UpdateRequestCache Request called at 7/26/2018 4:27:59 PM   :::   16:27:59.0471502

::::::::::: EndRequest Request called at 7/26/2018 4:27:59 PM   :::   16:27:59.0571572

::::::::::: PreSendRequestContent Request called at 7/26/2018 4:27:59 PM   :::   16:27:59.0671647

::::::::::: PreSendRequestHeaders Request called at 7/26/2018 4:27:59 PM   :::   16:27:59.0771714

::::::::::: BeginRequest Request called at 7/26/2018 4:27:59 PM   :::   16:27:59.1892545

::::::::::: AuthenticateRequest Request called at 7/26/2018 4:27:59 PM   :::   16:27:59.2002618

::::::::::: PostAuthenticateRequest Request called at 7/26/2018 4:27:59 PM   :::   16:27:59.2122707

::::::::::: AuthorizeRequest Request called at 7/26/2018 4:27:59 PM   :::   16:27:59.2342859

::::::::::: PostAuthorizeRequest Request called at 7/26/2018 4:27:59 PM   :::   16:27:59.2437955

::::::::::: End Request called at 7/26/2018 4:27:59 PM   :::   16:27:59.2528023

::::::::::: PostResolveRequestCache Request called at 7/26/2018 4:27:59 PM   :::   16:27:59.2623120

::::::::::: AcquireRequestState Request called at 7/26/2018 4:27:59 PM   :::   16:27:59.2743208

::::::::::: PostAcquireRequestState Request called at 7/26/2018 4:27:59 PM   :::   16:27:59.2843275

::::::::::: PreRequestHandlerExecute Request called at 7/26/2018 4:27:59 PM   :::   16:27:59.2963364

::::::::::: PostRequestHandlerExecute Request called at 7/26/2018 4:27:59 PM   :::   16:27:59.3063431

::::::::::: ReleaseRequestState Request called at 7/26/2018 4:27:59 PM   :::   16:27:59.3163505

::::::::::: PostReleaseRequestState Request called at 7/26/2018 4:27:59 PM   :::   16:27:59.3263576

::::::::::: UpdateRequestCache Request called at 7/26/2018 4:27:59 PM   :::   16:27:59.3393695

::::::::::: EndRequest Request called at 7/26/2018 4:27:59 PM   :::   16:27:59.3503777

::::::::::: PreSendRequestContent Request called at 7/26/2018 4:27:59 PM   :::   16:27:59.3608849

::::::::::: PreSendRequestHeaders Request called at 7/26/2018 4:27:59 PM   :::   16:27:59.3748956

::::::::::: BeginRequest Request called at 7/26/2018 4:28:02 PM   :::   16:28:02.0207288

::::::::::: AuthenticateRequest Request called at 7/26/2018 4:28:02 PM   :::   16:28:02.0317365

::::::::::: PostAuthenticateRequest Request called at 7/26/2018 4:28:02 PM   :::   16:28:02.0417440

::::::::::: AuthorizeRequest Request called at 7/26/2018 4:28:02 PM   :::   16:28:02.0537529

::::::::::: PostAuthorizeRequest Request called at 7/26/2018 4:28:02 PM   :::   16:28:02.0632637

::::::::::: End Request called at 7/26/2018 4:28:02 PM   :::   16:28:02.0757732

::::::::::: PostResolveRequestCache Request called at 7/26/2018 4:28:02 PM   :::   16:28:02.0867849

::::::::::: UpdateRequestCache Request called at 7/26/2018 4:28:02 PM   :::   16:28:02.0967919

::::::::::: EndRequest Request called at 7/26/2018 4:28:02 PM   :::   16:28:02.1067990

::::::::::: PreSendRequestContent Request called at 7/26/2018 4:28:02 PM   :::   16:28:02.1168065

::::::::::: PreSendRequestHeaders Request called at 7/26/2018 4:28:02 PM   :::   16:28:02.1258124

::::::::::: BeginRequest Request called at 7/26/2018 4:28:02 PM   :::   16:28:02.2569117

::::::::::: AuthenticateRequest Request called at 7/26/2018 4:28:02 PM   :::   16:28:02.2654199

::::::::::: PostAuthenticateRequest Request called at 7/26/2018 4:28:02 PM   :::   16:28:02.2789379

::::::::::: AuthorizeRequest Request called at 7/26/2018 4:28:02 PM   :::   16:28:02.2869376

::::::::::: PostAuthorizeRequest Request called at 7/26/2018 4:28:02 PM   :::   16:28:02.2929427

::::::::::: End Request called at 7/26/2018 4:28:02 PM   :::   16:28:02.2999476

::::::::::: PostResolveRequestCache Request called at 7/26/2018 4:28:02 PM   :::   16:28:02.3069518

::::::::::: AcquireRequestState Request called at 7/26/2018 4:28:02 PM   :::   16:28:02.3129560

::::::::::: PostAcquireRequestState Request called at 7/26/2018 4:28:02 PM   :::   16:28:02.3189607

::::::::::: PreRequestHandlerExecute Request called at 7/26/2018 4:28:02 PM   :::   16:28:02.3259656

::::::::::: Error Request called at 7/26/2018 4:28:02 PM   :::   16:28:02.3339713

::::::::::: EndRequest Request called at 7/26/2018 4:28:02 PM   :::   16:28:02.3459805

::::::::::: PreSendRequestContent Request called at 7/26/2018 4:28:02 PM   :::   16:28:02.3519836

::::::::::: PreSendRequestHeaders Request called at 7/26/2018 4:28:02 PM   :::   16:28:02.3604937

::::::::::: BeginRequest Request called at 7/26/2018 4:28:04 PM   :::   16:28:04.5779794

::::::::::: AuthenticateRequest Request called at 7/26/2018 4:28:04 PM   :::   16:28:04.5919933

::::::::::: PostAuthenticateRequest Request called at 7/26/2018 4:28:04 PM   :::   16:28:04.6050033

::::::::::: AuthorizeRequest Request called at 7/26/2018 4:28:04 PM   :::   16:28:04.6190120

::::::::::: PostAuthorizeRequest Request called at 7/26/2018 4:28:04 PM   :::   16:28:04.6300201

::::::::::: End Request called at 7/26/2018 4:28:04 PM   :::   16:28:04.6400276

::::::::::: PostResolveRequestCache Request called at 7/26/2018 4:28:04 PM   :::   16:28:04.6490355

::::::::::: AcquireRequestState Request called at 7/26/2018 4:28:04 PM   :::   16:28:04.6580391

::::::::::: PostAcquireRequestState Request called at 7/26/2018 4:28:04 PM   :::   16:28:04.6650532

::::::::::: PreRequestHandlerExecute Request called at 7/26/2018 4:28:04 PM   :::   16:28:04.6720522

::::::::::: PostRequestHandlerExecute Request called at 7/26/2018 4:28:04 PM   :::   16:28:04.7406478

::::::::::: ReleaseRequestState Request called at 7/26/2018 4:28:04 PM   :::   16:28:04.7466342

::::::::::: PostReleaseRequestState Request called at 7/26/2018 4:28:04 PM   :::   16:28:04.7536400

::::::::::: UpdateRequestCache Request called at 7/26/2018 4:28:04 PM   :::   16:28:04.7596434

::::::::::: EndRequest Request called at 7/26/2018 4:28:04 PM   :::   16:28:04.7676518

::::::::::: PreSendRequestContent Request called at 7/26/2018 4:28:04 PM   :::   16:28:04.7751577

::::::::::: PreSendRequestHeaders Request called at 7/26/2018 4:28:04 PM   :::   16:28:04.7821666

::::::::::: BeginRequest Request called at 7/26/2018 4:28:05 PM   :::   16:28:05.9647334

::::::::::: AuthenticateRequest Request called at 7/26/2018 4:28:05 PM   :::   16:28:05.9722365

::::::::::: PostAuthenticateRequest Request called at 7/26/2018 4:28:05 PM   :::   16:28:05.9832581

::::::::::: AuthorizeRequest Request called at 7/26/2018 4:28:06 PM   :::   16:28:06.0012712

::::::::::: PostAuthorizeRequest Request called at 7/26/2018 4:28:06 PM   :::   16:28:06.0082770

::::::::::: End Request called at 7/26/2018 4:28:06 PM   :::   16:28:06.0162957

::::::::::: PostResolveRequestCache Request called at 7/26/2018 4:28:06 PM   :::   16:28:06.0232872

::::::::::: AcquireRequestState Request called at 7/26/2018 4:28:06 PM   :::   16:28:06.0302921

::::::::::: PostAcquireRequestState Request called at 7/26/2018 4:28:06 PM   :::   16:28:06.0373101

::::::::::: PreRequestHandlerExecute Request called at 7/26/2018 4:28:06 PM   :::   16:28:06.0443008

::::::::::: PostRequestHandlerExecute Request called at 7/26/2018 4:28:06 PM   :::   16:28:06.0533088

::::::::::: ReleaseRequestState Request called at 7/26/2018 4:28:06 PM   :::   16:28:06.0603137

::::::::::: PostReleaseRequestState Request called at 7/26/2018 4:28:06 PM   :::   16:28:06.0673337

::::::::::: UpdateRequestCache Request called at 7/26/2018 4:28:06 PM   :::   16:28:06.0782743

::::::::::: EndRequest Request called at 7/26/2018 4:28:06 PM   :::   16:28:06.0862970

::::::::::: PreSendRequestContent Request called at 7/26/2018 4:28:06 PM   :::   16:28:06.0943026

::::::::::: PreSendRequestHeaders Request called at 7/26/2018 4:28:06 PM   :::   16:28:06.1023083

::::::::::: BeginRequest Request called at 7/26/2018 4:28:34 PM   :::   16:28:34.0706721

::::::::::: AuthenticateRequest Request called at 7/26/2018 4:28:34 PM   :::   16:28:34.0846840

::::::::::: PostAuthenticateRequest Request called at 7/26/2018 4:28:34 PM   :::   16:28:34.1046977

::::::::::: AuthorizeRequest Request called at 7/26/2018 4:28:34 PM   :::   16:28:34.1177034

::::::::::: PostAuthorizeRequest Request called at 7/26/2018 4:28:34 PM   :::   16:28:34.1257086

::::::::::: End Request called at 7/26/2018 4:28:34 PM   :::   16:28:34.1377179

::::::::::: PostResolveRequestCache Request called at 7/26/2018 4:28:34 PM   :::   16:28:34.1517278

::::::::::: AcquireRequestState Request called at 7/26/2018 4:28:34 PM   :::   16:28:34.1627399

::::::::::: PostAcquireRequestState Request called at 7/26/2018 4:28:34 PM   :::   16:28:34.1707479

::::::::::: PreRequestHandlerExecute Request called at 7/26/2018 4:28:34 PM   :::   16:28:34.1767545

::::::::::: PostRequestHandlerExecute Request called at 7/26/2018 4:28:34 PM   :::   16:28:34.1937642

::::::::::: ReleaseRequestState Request called at 7/26/2018 4:28:34 PM   :::   16:28:34.2017702

::::::::::: PostReleaseRequestState Request called at 7/26/2018 4:28:34 PM   :::   16:28:34.2077741

::::::::::: UpdateRequestCache Request called at 7/26/2018 4:28:34 PM   :::   16:28:34.2177823

::::::::::: EndRequest Request called at 7/26/2018 4:28:34 PM   :::   16:28:34.2258053

::::::::::: PreSendRequestContent Request called at 7/26/2018 4:28:34 PM   :::   16:28:34.2347923

::::::::::: PreSendRequestHeaders Request called at 7/26/2018 4:28:34 PM   :::   16:28:34.2417981

::::::::::: BeginRequest Request called at 7/26/2018 4:28:34 PM   :::   16:28:34.2978471

::::::::::: PostResolveRequestCache Request called at 7/26/2018 4:28:34 PM   :::   16:28:34.3108555

::::::::::: EndRequest Request called at 7/26/2018 4:28:34 PM   :::   16:28:34.3348721

::::::::::: AuthorizeRequest Request called at 7/26/2018 4:28:34 PM   :::   16:28:34.4039244

::::::::::: PostAuthorizeRequest Request called at 7/26/2018 4:28:34 PM   :::   16:28:34.4149318

::::::::::: UpdateRequestCache Request called at 7/26/2018 4:28:34 PM   :::   16:28:34.4599636

::::::::::: EndRequest Request called at 7/26/2018 4:28:34 PM   :::   16:28:34.5355242

::::::::::: PostAuthenticateRequest Request called at 7/26/2018 4:28:34 PM   :::   16:28:34.5730434

::::::::::: PostAcquireRequestState Request called at 7/26/2018 4:28:34 PM   :::   16:28:34.6410919

::::::::::: PreRequestHandlerExecute Request called at 7/26/2018 4:28:34 PM   :::   16:28:34.6556019

::::::::::: End Request called at 7/26/2018 4:28:34 PM   :::   16:28:34.6701120

::::::::::: PostRequestHandlerExecute Request called at 7/26/2018 4:28:34 PM   :::   16:28:34.6861237

::::::::::: ReleaseRequestState Request called at 7/26/2018 4:28:34 PM   :::   16:28:34.7731851

::::::::::: PostReleaseRequestState Request called at 7/26/2018 4:28:34 PM   :::   16:28:34.8222194

::::::::::: PostAcquireRequestState Request called at 7/26/2018 4:28:34 PM   :::   16:28:34.8802615

::::::::::: AuthenticateRequest Request called at 7/26/2018 4:28:34 PM   :::   16:28:34.9172865

::::::::::: PostAuthenticateRequest Request called at 7/26/2018 4:28:34 PM   :::   16:28:34.9317973

::::::::::: BeginRequest Request called at 7/26/2018 4:28:34 PM   :::   16:28:34.9373006

::::::::::: AuthenticateRequest Request called at 7/26/2018 4:28:34 PM   :::   16:28:34.9803338

::::::::::: PostRequestHandlerExecute Request called at 7/26/2018 4:28:34 PM   :::   16:28:34.9993444

::::::::::: PostResolveRequestCache Request called at 7/26/2018 4:28:35 PM   :::   16:28:35.0113529

::::::::::: AcquireRequestState Request called at 7/26/2018 4:28:35 PM   :::   16:28:35.0243625

::::::::::: BeginRequest Request called at 7/26/2018 4:28:35 PM   :::   16:28:35.0463773

::::::::::: AuthenticateRequest Request called at 7/26/2018 4:28:35 PM   :::   16:28:35.0668927

::::::::::: UpdateRequestCache Request called at 7/26/2018 4:28:35 PM   :::   16:28:35.0884077

::::::::::: PreSendRequestHeaders Request called at 7/26/2018 4:28:35 PM   :::   16:28:35.1074204

::::::::::: AuthorizeRequest Request called at 7/26/2018 4:28:35 PM   :::   16:28:35.1194292

::::::::::: PreRequestHandlerExecute Request called at 7/26/2018 4:28:35 PM   :::   16:28:35.1404441

::::::::::: PostRequestHandlerExecute Request called at 7/26/2018 4:28:35 PM   :::   16:28:35.1644614

::::::::::: AcquireRequestState Request called at 7/26/2018 4:28:35 PM   :::   16:28:35.1779704

::::::::::: PostAcquireRequestState Request called at 7/26/2018 4:28:35 PM   :::   16:28:35.1934839

::::::::::: PostAuthenticateRequest Request called at 7/26/2018 4:28:35 PM   :::   16:28:35.2079920

::::::::::: AuthorizeRequest Request called at 7/26/2018 4:28:35 PM   :::   16:28:35.2375126

::::::::::: PostAuthorizeRequest Request called at 7/26/2018 4:28:35 PM   :::   16:28:35.2505214

::::::::::: End Request called at 7/26/2018 4:28:35 PM   :::   16:28:35.2635314

::::::::::: PostResolveRequestCache Request called at 7/26/2018 4:28:35 PM   :::   16:28:35.2805438

::::::::::: PreSendRequestContent Request called at 7/26/2018 4:28:35 PM   :::   16:28:35.2940531

::::::::::: BeginRequest Request called at 7/26/2018 4:28:35 PM   :::   16:28:35.3270760

::::::::::: AuthenticateRequest Request called at 7/26/2018 4:28:35 PM   :::   16:28:35.3515936

::::::::::: PostAuthenticateRequest Request called at 7/26/2018 4:28:35 PM   :::   16:28:35.3906215

::::::::::: BeginRequest Request called at 7/26/2018 4:28:35 PM   :::   16:28:35.4246451

::::::::::: AuthenticateRequest Request called at 7/26/2018 4:28:35 PM   :::   16:28:35.4461605

::::::::::: PostAuthenticateRequest Request called at 7/26/2018 4:28:35 PM   :::   16:28:35.5072040

::::::::::: End Request called at 7/26/2018 4:28:35 PM   :::   16:28:35.5327215

::::::::::: PostResolveRequestCache Request called at 7/26/2018 4:28:35 PM   :::   16:28:35.5492333

::::::::::: AcquireRequestState Request called at 7/26/2018 4:28:35 PM   :::   16:28:35.5842576

::::::::::: PostAcquireRequestState Request called at 7/26/2018 4:28:35 PM   :::   16:28:35.5972664

::::::::::: PreRequestHandlerExecute Request called at 7/26/2018 4:28:35 PM   :::   16:28:35.6092753

::::::::::: PostRequestHandlerExecute Request called at 7/26/2018 4:28:35 PM   :::   16:28:35.6528059

::::::::::: BeginRequest Request called at 7/26/2018 4:28:35 PM   :::   16:28:35.6663160

::::::::::: EndRequest Request called at 7/26/2018 4:28:35 PM   :::   16:28:35.6798253

::::::::::: PreSendRequestContent Request called at 7/26/2018 4:28:35 PM   :::   16:28:35.7468727

::::::::::: PreSendRequestHeaders Request called at 7/26/2018 4:28:35 PM   :::   16:28:35.7723905

::::::::::: ReleaseRequestState Request called at 7/26/2018 4:28:35 PM   :::   16:28:35.7969076

::::::::::: PostAuthorizeRequest Request called at 7/26/2018 4:28:35 PM   :::   16:28:35.8399380

::::::::::: End Request called at 7/26/2018 4:28:35 PM   :::   16:28:35.8634548

::::::::::: PostResolveRequestCache Request called at 7/26/2018 4:28:35 PM   :::   16:28:35.8799666

::::::::::: PostAcquireRequestState Request called at 7/26/2018 4:28:35 PM   :::   16:28:35.8919751

::::::::::: BeginRequest Request called at 7/26/2018 4:28:35 PM   :::   16:28:35.9400090

::::::::::: AuthenticateRequest Request called at 7/26/2018 4:28:35 PM   :::   16:28:35.9555198

::::::::::: PostAuthenticateRequest Request called at 7/26/2018 4:28:35 PM   :::   16:28:35.9670277

::::::::::: PostAcquireRequestState Request called at 7/26/2018 4:28:35 PM   :::   16:28:35.9765346

::::::::::: AcquireRequestState Request called at 7/26/2018 4:28:35 PM   :::   16:28:35.9880430

::::::::::: PreRequestHandlerExecute Request called at 7/26/2018 4:28:36 PM   :::   16:28:36.0215660

::::::::::: PostReleaseRequestState Request called at 7/26/2018 4:28:36 PM   :::   16:28:36.0410804

::::::::::: PostAcquireRequestState Request called at 7/26/2018 4:28:36 PM   :::   16:28:36.1081274

::::::::::: PostAuthenticateRequest Request called at 7/26/2018 4:28:36 PM   :::   16:28:36.1576621

::::::::::: AuthorizeRequest Request called at 7/26/2018 4:28:36 PM   :::   16:28:36.2242097

::::::::::: PostAuthorizeRequest Request called at 7/26/2018 4:28:36 PM   :::   16:28:36.2872542

::::::::::: End Request called at 7/26/2018 4:28:36 PM   :::   16:28:36.3057671

::::::::::: PostResolveRequestCache Request called at 7/26/2018 4:28:36 PM   :::   16:28:36.3282832

::::::::::: AcquireRequestState Request called at 7/26/2018 4:28:36 PM   :::   16:28:36.3387904

::::::::::: PostAcquireRequestState Request called at 7/26/2018 4:28:36 PM   :::   16:28:36.3507989

::::::::::: PreRequestHandlerExecute Request called at 7/26/2018 4:28:36 PM   :::   16:28:36.3673108

::::::::::: PostRequestHandlerExecute Request called at 7/26/2018 4:28:36 PM   :::   16:28:36.3813207

::::::::::: ReleaseRequestState Request called at 7/26/2018 4:28:36 PM   :::   16:28:36.3928282

::::::::::: PostReleaseRequestState Request called at 7/26/2018 4:28:36 PM   :::   16:28:36.4048367

::::::::::: UpdateRequestCache Request called at 7/26/2018 4:28:36 PM   :::   16:28:36.4203482

::::::::::: EndRequest Request called at 7/26/2018 4:28:36 PM   :::   16:28:36.4298575

::::::::::: PreSendRequestContent Request called at 7/26/2018 4:28:36 PM   :::   16:28:36.4403643

::::::::::: PreSendRequestHeaders Request called at 7/26/2018 4:28:36 PM   :::   16:28:36.4503702

::::::::::: BeginRequest Request called at 7/26/2018 4:28:36 PM   :::   16:28:36.6623487

::::::::::: AuthenticateRequest Request called at 7/26/2018 4:28:36 PM   :::   16:28:36.6703547

::::::::::: PostAuthenticateRequest Request called at 7/26/2018 4:28:36 PM   :::   16:28:36.6803618

::::::::::: AuthorizeRequest Request called at 7/26/2018 4:28:36 PM   :::   16:28:36.6883678

::::::::::: PostAuthorizeRequest Request called at 7/26/2018 4:28:36 PM   :::   16:28:36.6973734

::::::::::: End Request called at 7/26/2018 4:28:36 PM   :::   16:28:36.7053803

::::::::::: PreSendRequestHeaders Request called at 7/26/2018 4:28:36 PM   :::   16:28:36.7163872

::::::::::: EndRequest Request called at 7/26/2018 4:28:36 PM   :::   16:28:36.7243929

::::::::::: PreSendRequestContent Request called at 7/26/2018 4:28:36 PM   :::   16:28:36.7333993

::::::::::: PreSendRequestHeaders Request called at 7/26/2018 4:28:36 PM   :::   16:28:36.7429089

::::::::::: BeginRequest Request called at 7/26/2018 4:28:36 PM   :::   16:28:36.8374854

::::::::::: AuthenticateRequest Request called at 7/26/2018 4:28:36 PM   :::   16:28:36.8535006

::::::::::: PostAuthenticateRequest Request called at 7/26/2018 4:28:36 PM   :::   16:28:36.8655099

::::::::::: AuthorizeRequest Request called at 7/26/2018 4:28:36 PM   :::   16:28:36.8785175

::::::::::: PostAuthorizeRequest Request called at 7/26/2018 4:28:36 PM   :::   16:28:36.8875246

::::::::::: End Request called at 7/26/2018 4:28:36 PM   :::   16:28:36.8995327

::::::::::: PostResolveRequestCache Request called at 7/26/2018 4:28:36 PM   :::   16:28:36.9085395

::::::::::: AcquireRequestState Request called at 7/26/2018 4:28:36 PM   :::   16:28:36.9195473

::::::::::: PostAcquireRequestState Request called at 7/26/2018 4:28:36 PM   :::   16:28:36.9295543

::::::::::: PreRequestHandlerExecute Request called at 7/26/2018 4:28:36 PM   :::   16:28:36.9380637

::::::::::: Error Request called at 7/26/2018 4:28:36 PM   :::   16:28:36.9510729

::::::::::: EndRequest Request called at 7/26/2018 4:28:36 PM   :::   16:28:36.9615836

::::::::::: PreSendRequestContent Request called at 7/26/2018 4:28:36 PM   :::   16:28:36.9705884

::::::::::: PreSendRequestHeaders Request called at 7/26/2018 4:28:36 PM   :::   16:28:36.9825969

::::::::::: BeginRequest Request called at 7/26/2018 4:28:37 PM   :::   16:28:37.2954845

::::::::::: AuthenticateRequest Request called at 7/26/2018 4:28:37 PM   :::   16:28:37.3074934

::::::::::: PostAuthenticateRequest Request called at 7/26/2018 4:28:37 PM   :::   16:28:37.3205022

::::::::::: AuthorizeRequest Request called at 7/26/2018 4:28:37 PM   :::   16:28:37.3315088

::::::::::: PostAuthorizeRequest Request called at 7/26/2018 4:28:37 PM   :::   16:28:37.3420195

::::::::::: End Request called at 7/26/2018 4:28:37 PM   :::   16:28:37.3540478

::::::::::: PostResolveRequestCache Request called at 7/26/2018 4:28:37 PM   :::   16:28:37.3660566

::::::::::: AcquireRequestState Request called at 7/26/2018 4:28:37 PM   :::   16:28:37.3760641

::::::::::: PostAcquireRequestState Request called at 7/26/2018 4:28:37 PM   :::   16:28:37.3870719

::::::::::: PreRequestHandlerExecute Request called at 7/26/2018 4:28:37 PM   :::   16:28:37.4000807

::::::::::: PostRequestHandlerExecute Request called at 7/26/2018 4:28:37 PM   :::   16:28:37.4741408

::::::::::: ReleaseRequestState Request called at 7/26/2018 4:28:37 PM   :::   16:28:37.4871508

::::::::::: PostReleaseRequestState Request called at 7/26/2018 4:28:37 PM   :::   16:28:37.5011595

::::::::::: UpdateRequestCache Request called at 7/26/2018 4:28:37 PM   :::   16:28:37.5251765

::::::::::: EndRequest Request called at 7/26/2018 4:28:37 PM   :::   16:28:37.5381869

::::::::::: PreSendRequestContent Request called at 7/26/2018 4:28:37 PM   :::   16:28:37.5506959

::::::::::: PreSendRequestHeaders Request called at 7/26/2018 4:28:37 PM   :::   16:28:37.5622074

::::::::::: BeginRequest Request called at 7/26/2018 4:28:39 PM   :::   16:28:39.0223816

::::::::::: AuthenticateRequest Request called at 7/26/2018 4:28:39 PM   :::   16:28:39.0353896

::::::::::: PostAuthenticateRequest Request called at 7/26/2018 4:28:39 PM   :::   16:28:39.0453994

::::::::::: AuthorizeRequest Request called at 7/26/2018 4:28:39 PM   :::   16:28:39.0564068

::::::::::: PostAuthorizeRequest Request called at 7/26/2018 4:28:39 PM   :::   16:28:39.0684291

::::::::::: End Request called at 7/26/2018 4:28:39 PM   :::   16:28:39.0794235

::::::::::: PostResolveRequestCache Request called at 7/26/2018 4:28:39 PM   :::   16:28:39.0904312

::::::::::: AcquireRequestState Request called at 7/26/2018 4:28:39 PM   :::   16:28:39.1024555

::::::::::: PostAcquireRequestState Request called at 7/26/2018 4:28:39 PM   :::   16:28:39.1129473

::::::::::: PreRequestHandlerExecute Request called at 7/26/2018 4:28:39 PM   :::   16:28:39.1234226

::::::::::: Error Request called at 7/26/2018 4:28:39 PM   :::   16:28:39.1354295

::::::::::: EndRequest Request called at 7/26/2018 4:28:39 PM   :::   16:28:39.1464369

::::::::::: PreSendRequestContent Request called at 7/26/2018 4:28:39 PM   :::   16:28:39.1604629

::::::::::: PreSendRequestHeaders Request called at 7/26/2018 4:28:39 PM   :::   16:28:39.1694551

::::::::::: BeginRequest Request called at 7/26/2018 4:28:41 PM   :::   16:28:41.8577616

::::::::::: AuthenticateRequest Request called at 7/26/2018 4:28:41 PM   :::   16:28:41.8957877

::::::::::: PostAuthenticateRequest Request called at 7/26/2018 4:28:41 PM   :::   16:28:41.9323835

::::::::::: AuthorizeRequest Request called at 7/26/2018 4:28:41 PM   :::   16:28:41.9964260

::::::::::: PostAuthorizeRequest Request called at 7/26/2018 4:28:42 PM   :::   16:28:42.0334861

::::::::::: End Request called at 7/26/2018 4:28:42 PM   :::   16:28:42.0815212

::::::::::: PostResolveRequestCache Request called at 7/26/2018 4:28:42 PM   :::   16:28:42.1335698

::::::::::: AcquireRequestState Request called at 7/26/2018 4:28:42 PM   :::   16:28:42.1645913

::::::::::: PostAcquireRequestState Request called at 7/26/2018 4:28:42 PM   :::   16:28:42.1896090

::::::::::: PreRequestHandlerExecute Request called at 7/26/2018 4:28:42 PM   :::   16:28:42.2026217

::::::::::: PostRequestHandlerExecute Request called at 7/26/2018 4:28:42 PM   :::   16:28:42.2146298

::::::::::: ReleaseRequestState Request called at 7/26/2018 4:28:42 PM   :::   16:28:42.2226378

::::::::::: PostReleaseRequestState Request called at 7/26/2018 4:28:42 PM   :::   16:28:42.2356470

::::::::::: UpdateRequestCache Request called at 7/26/2018 4:28:42 PM   :::   16:28:42.2496565

::::::::::: EndRequest Request called at 7/26/2018 4:28:42 PM   :::   16:28:42.2616650

::::::::::: PreSendRequestContent Request called at 7/26/2018 4:28:42 PM   :::   16:28:42.2746745

::::::::::: PreSendRequestHeaders Request called at 7/26/2018 4:28:42 PM   :::   16:28:42.2866826

::::::::::: BeginRequest Request called at 7/26/2018 4:29:23 PM   :::   16:29:23.9386092

::::::::::: AuthenticateRequest Request called at 7/26/2018 4:29:23 PM   :::   16:29:23.9456150

::::::::::: PostAuthenticateRequest Request called at 7/26/2018 4:29:23 PM   :::   16:29:23.9656342

::::::::::: AuthorizeRequest Request called at 7/26/2018 4:29:23 PM   :::   16:29:23.9766369

::::::::::: PostAuthorizeRequest Request called at 7/26/2018 4:29:23 PM   :::   16:29:23.9896449

::::::::::: End Request called at 7/26/2018 4:29:24 PM   :::   16:29:24.0056590

::::::::::: PostResolveRequestCache Request called at 7/26/2018 4:29:24 PM   :::   16:29:24.0236756

::::::::::: EndRequest Request called at 7/26/2018 4:29:24 PM   :::   16:29:24.0346830

::::::::::: PreSendRequestContent Request called at 7/26/2018 4:29:24 PM   :::   16:29:24.0456912

::::::::::: PreSendRequestHeaders Request called at 7/26/2018 4:29:24 PM   :::   16:29:24.0556994

::::::::::: BeginRequest Request called at 7/26/2018 4:30:58 PM   :::   16:30:58.9428533

::::::::::: AuthenticateRequest Request called at 7/26/2018 4:30:58 PM   :::   16:30:58.9598609

::::::::::: PostAuthenticateRequest Request called at 7/26/2018 4:30:59 PM   :::   16:30:59.1389910

::::::::::: AuthorizeRequest Request called at 7/26/2018 4:30:59 PM   :::   16:30:59.1590023

::::::::::: PostAuthorizeRequest Request called at 7/26/2018 4:30:59 PM   :::   16:30:59.1725152

::::::::::: End Request called at 7/26/2018 4:30:59 PM   :::   16:30:59.1855248

::::::::::: PostResolveRequestCache Request called at 7/26/2018 4:30:59 PM   :::   16:30:59.2220579

::::::::::: AcquireRequestState Request called at 7/26/2018 4:30:59 PM   :::   16:30:59.2370661

::::::::::: PostAcquireRequestState Request called at 7/26/2018 4:30:59 PM   :::   16:30:59.2500765

::::::::::: PreRequestHandlerExecute Request called at 7/26/2018 4:30:59 PM   :::   16:30:59.2620917

::::::::::: PostRequestHandlerExecute Request called at 7/26/2018 4:30:59 PM   :::   16:30:59.6183460

::::::::::: ReleaseRequestState Request called at 7/26/2018 4:30:59 PM   :::   16:30:59.6323579

::::::::::: PostReleaseRequestState Request called at 7/26/2018 4:30:59 PM   :::   16:30:59.6457437

::::::::::: UpdateRequestCache Request called at 7/26/2018 4:30:59 PM   :::   16:30:59.6717676

::::::::::: EndRequest Request called at 7/26/2018 4:30:59 PM   :::   16:30:59.6928732

::::::::::: PreSendRequestContent Request called at 7/26/2018 4:30:59 PM   :::   16:30:59.7389025

::::::::::: PreSendRequestHeaders Request called at 7/26/2018 4:30:59 PM   :::   16:30:59.7519137

::::::::::: BeginRequest Request called at 7/26/2018 4:30:59 PM   :::   16:30:59.8675038

::::::::::: AuthenticateRequest Request called at 7/26/2018 4:30:59 PM   :::   16:30:59.8835214

::::::::::: PostAuthenticateRequest Request called at 7/26/2018 4:30:59 PM   :::   16:30:59.9370590

::::::::::: UpdateRequestCache Request called at 7/26/2018 4:30:59 PM   :::   16:30:59.9750859

::::::::::: PreSendRequestContent Request called at 7/26/2018 4:31:00 PM   :::   16:31:00.0086098

::::::::::: PreSendRequestHeaders Request called at 7/26/2018 4:31:00 PM   :::   16:31:00.0641488

::::::::::: PostReleaseRequestState Request called at 7/26/2018 4:31:00 PM   :::   16:31:00.0981724

::::::::::: UpdateRequestCache Request called at 7/26/2018 4:31:00 PM   :::   16:31:00.1126832

::::::::::: AuthenticateRequest Request called at 7/26/2018 4:31:00 PM   :::   16:31:00.1266931

::::::::::: PostAuthenticateRequest Request called at 7/26/2018 4:31:00 PM   :::   16:31:00.1567147

::::::::::: PostAuthenticateRequest Request called at 7/26/2018 4:31:00 PM   :::   16:31:00.1837334

::::::::::: PostReleaseRequestState Request called at 7/26/2018 4:31:00 PM   :::   16:31:00.2082501

::::::::::: BeginRequest Request called at 7/26/2018 4:31:00 PM   :::   16:31:00.2562844

::::::::::: PostAcquireRequestState Request called at 7/26/2018 4:31:00 PM   :::   16:31:00.2777990

::::::::::: PreSendRequestHeaders Request called at 7/26/2018 4:31:00 PM   :::   16:31:00.3433455

::::::::::: PreSendRequestHeaders Request called at 7/26/2018 4:31:00 PM   :::   16:31:00.3898786

::::::::::: PostAcquireRequestState Request called at 7/26/2018 4:31:00 PM   :::   16:31:00.4093926

::::::::::: BeginRequest Request called at 7/26/2018 4:31:00 PM   :::   16:31:00.4479200

::::::::::: BeginRequest Request called at 7/26/2018 4:31:00 PM   :::   16:31:00.4724367

::::::::::: PostAuthenticateRequest Request called at 7/26/2018 4:31:00 PM   :::   16:31:00.5019581

::::::::::: AuthorizeRequest Request called at 7/26/2018 4:31:00 PM   :::   16:31:00.5469895

::::::::::: PostAuthorizeRequest Request called at 7/26/2018 4:31:00 PM   :::   16:31:00.5680048

::::::::::: AuthenticateRequest Request called at 7/26/2018 4:31:00 PM   :::   16:31:00.6005271

::::::::::: PostAuthenticateRequest Request called at 7/26/2018 4:31:00 PM   :::   16:31:00.6145366

::::::::::: PostAuthorizeRequest Request called at 7/26/2018 4:31:00 PM   :::   16:31:00.6295476

::::::::::: PostResolveRequestCache Request called at 7/26/2018 4:31:00 PM   :::   16:31:00.6500623

::::::::::: AcquireRequestState Request called at 7/26/2018 4:31:00 PM   :::   16:31:00.6775815

::::::::::: BeginRequest Request called at 7/26/2018 4:31:00 PM   :::   16:31:00.7426283

::::::::::: PreSendRequestHeaders Request called at 7/26/2018 4:31:00 PM   :::   16:31:00.7846567

::::::::::: BeginRequest Request called at 7/26/2018 4:31:00 PM   :::   16:31:00.8286890

::::::::::: AuthenticateRequest Request called at 7/26/2018 4:31:00 PM   :::   16:31:00.8902319

::::::::::: PreSendRequestHeaders Request called at 7/26/2018 4:31:00 PM   :::   16:31:00.9457717

::::::::::: AuthorizeRequest Request called at 7/26/2018 4:31:00 PM   :::   16:31:00.9797945

::::::::::: AuthorizeRequest Request called at 7/26/2018 4:31:01 PM   :::   16:31:01.0023205

::::::::::: PostAcquireRequestState Request called at 7/26/2018 4:31:01 PM   :::   16:31:01.0353343

::::::::::: PreRequestHandlerExecute Request called at 7/26/2018 4:31:01 PM   :::   16:31:01.0623538

::::::::::: PostRequestHandlerExecute Request called at 7/26/2018 4:31:01 PM   :::   16:31:01.0788645

::::::::::: ReleaseRequestState Request called at 7/26/2018 4:31:01 PM   :::   16:31:01.0918745

::::::::::: PostReleaseRequestState Request called at 7/26/2018 4:31:01 PM   :::   16:31:01.1068851

::::::::::: UpdateRequestCache Request called at 7/26/2018 4:31:01 PM   :::   16:31:01.1289006

::::::::::: EndRequest Request called at 7/26/2018 4:31:01 PM   :::   16:31:01.1509225

::::::::::: PreSendRequestContent Request called at 7/26/2018 4:31:01 PM   :::   16:31:01.1759330

::::::::::: PreSendRequestHeaders Request called at 7/26/2018 4:31:01 PM   :::   16:31:01.1919451

::::::::::: BeginRequest Request called at 7/26/2018 4:31:02 PM   :::   16:31:02.3083267

::::::::::: AuthenticateRequest Request called at 7/26/2018 4:31:02 PM   :::   16:31:02.3213398

::::::::::: PostAuthenticateRequest Request called at 7/26/2018 4:31:02 PM   :::   16:31:02.3303825

::::::::::: AuthorizeRequest Request called at 7/26/2018 4:31:02 PM   :::   16:31:02.3433743

::::::::::: PostAuthorizeRequest Request called at 7/26/2018 4:31:02 PM   :::   16:31:02.3553828

::::::::::: End Request called at 7/26/2018 4:31:02 PM   :::   16:31:02.3693939

::::::::::: PostResolveRequestCache Request called at 7/26/2018 4:31:02 PM   :::   16:31:02.3784153

::::::::::: AcquireRequestState Request called at 7/26/2018 4:31:02 PM   :::   16:31:02.3964118

::::::::::: PostAcquireRequestState Request called at 7/26/2018 4:31:02 PM   :::   16:31:02.4239393

::::::::::: PreRequestHandlerExecute Request called at 7/26/2018 4:31:02 PM   :::   16:31:02.4424553

::::::::::: PostRequestHandlerExecute Request called at 7/26/2018 4:31:02 PM   :::   16:31:02.4574659

::::::::::: ReleaseRequestState Request called at 7/26/2018 4:31:02 PM   :::   16:31:02.4804818

::::::::::: PostReleaseRequestState Request called at 7/26/2018 4:31:02 PM   :::   16:31:02.4964931

::::::::::: UpdateRequestCache Request called at 7/26/2018 4:31:02 PM   :::   16:31:02.5115041

::::::::::: EndRequest Request called at 7/26/2018 4:31:02 PM   :::   16:31:02.5255195

::::::::::: PreSendRequestContent Request called at 7/26/2018 4:31:02 PM   :::   16:31:02.5415348

::::::::::: PreSendRequestHeaders Request called at 7/26/2018 4:31:02 PM   :::   16:31:02.5515486

::::::::::: BeginRequest Request called at 7/26/2018 4:31:04 PM   :::   16:31:04.4971930

::::::::::: End Request called at 7/26/2018 4:31:04 PM   :::   16:31:04.5202069

::::::::::: PostResolveRequestCache Request called at 7/26/2018 4:31:04 PM   :::   16:31:04.5377234

::::::::::: AcquireRequestState Request called at 7/26/2018 4:31:04 PM   :::   16:31:04.5502372

::::::::::: PostAcquireRequestState Request called at 7/26/2018 4:31:04 PM   :::   16:31:04.5602450

::::::::::: PreRequestHandlerExecute Request called at 7/26/2018 4:31:04 PM   :::   16:31:04.5702505

::::::::::: Error Request called at 7/26/2018 4:31:04 PM   :::   16:31:04.5852627

::::::::::: EndRequest Request called at 7/26/2018 4:31:04 PM   :::   16:31:04.5952686

::::::::::: PreSendRequestContent Request called at 7/26/2018 4:31:04 PM   :::   16:31:04.6052752

::::::::::: PreSendRequestHeaders Request called at 7/26/2018 4:31:04 PM   :::   16:31:04.6142998

::::::::::: BeginRequest Request called at 7/26/2018 4:31:05 PM   :::   16:31:05.8021409

::::::::::: AuthenticateRequest Request called at 7/26/2018 4:31:05 PM   :::   16:31:05.8381699

::::::::::: PostAuthenticateRequest Request called at 7/26/2018 4:31:05 PM   :::   16:31:05.8536862

::::::::::: AuthorizeRequest Request called at 7/26/2018 4:31:05 PM   :::   16:31:05.8696986

::::::::::: PostAuthorizeRequest Request called at 7/26/2018 4:31:05 PM   :::   16:31:05.8817067

::::::::::: End Request called at 7/26/2018 4:31:05 PM   :::   16:31:05.8927113

::::::::::: PostResolveRequestCache Request called at 7/26/2018 4:31:05 PM   :::   16:31:05.9047372

::::::::::: AcquireRequestState Request called at 7/26/2018 4:31:05 PM   :::   16:31:05.9177310

::::::::::: PostAcquireRequestState Request called at 7/26/2018 4:31:05 PM   :::   16:31:05.9282548

::::::::::: PreRequestHandlerExecute Request called at 7/26/2018 4:31:05 PM   :::   16:31:05.9397643

::::::::::: PostRequestHandlerExecute Request called at 7/26/2018 4:31:05 PM   :::   16:31:05.9547773

::::::::::: ReleaseRequestState Request called at 7/26/2018 4:31:05 PM   :::   16:31:05.9677857

::::::::::: PostReleaseRequestState Request called at 7/26/2018 4:31:05 PM   :::   16:31:05.9817959

::::::::::: UpdateRequestCache Request called at 7/26/2018 4:31:05 PM   :::   16:31:05.9998091

::::::::::: EndRequest Request called at 7/26/2018 4:31:06 PM   :::   16:31:06.0108184

::::::::::: PreSendRequestContent Request called at 7/26/2018 4:31:06 PM   :::   16:31:06.0228269

::::::::::: PreSendRequestHeaders Request called at 7/26/2018 4:31:06 PM   :::   16:31:06.0348405

::::::::::: BeginRequest Request called at 7/26/2018 4:34:30 PM   :::   16:34:30.6868954

::::::::::: AuthenticateRequest Request called at 7/26/2018 4:34:30 PM   :::   16:34:30.7289255

::::::::::: PostAuthenticateRequest Request called at 7/26/2018 4:34:30 PM   :::   16:34:30.7684595

::::::::::: AuthorizeRequest Request called at 7/26/2018 4:34:30 PM   :::   16:34:30.8140009

::::::::::: PostAuthorizeRequest Request called at 7/26/2018 4:34:30 PM   :::   16:34:30.8550283

::::::::::: End Request called at 7/26/2018 4:34:30 PM   :::   16:34:30.8870798

::::::::::: PostResolveRequestCache Request called at 7/26/2018 4:34:30 PM   :::   16:34:30.9260947

::::::::::: AcquireRequestState Request called at 7/26/2018 4:34:30 PM   :::   16:34:30.9611194

::::::::::: PostAcquireRequestState Request called at 7/26/2018 4:34:30 PM   :::   16:34:30.9801356

::::::::::: PreRequestHandlerExecute Request called at 7/26/2018 4:34:30 PM   :::   16:34:30.9911734

::::::::::: PostRequestHandlerExecute Request called at 7/26/2018 4:34:31 PM   :::   16:34:31.0011654

::::::::::: ReleaseRequestState Request called at 7/26/2018 4:34:31 PM   :::   16:34:31.0111871

::::::::::: PostReleaseRequestState Request called at 7/26/2018 4:34:31 PM   :::   16:34:31.0221945

::::::::::: UpdateRequestCache Request called at 7/26/2018 4:34:31 PM   :::   16:34:31.0321905

::::::::::: EndRequest Request called at 7/26/2018 4:34:31 PM   :::   16:34:31.0432097

::::::::::: PreSendRequestContent Request called at 7/26/2018 4:34:31 PM   :::   16:34:31.0552040

::::::::::: PreSendRequestHeaders Request called at 7/26/2018 4:34:31 PM   :::   16:34:31.0672275

::::::::::: BeginRequest Request called at 7/26/2018 4:35:56 PM   :::   16:35:56.1180377

::::::::::: AuthenticateRequest Request called at 7/26/2018 4:35:56 PM   :::   16:35:56.1390399

::::::::::: PostAuthenticateRequest Request called at 7/26/2018 4:35:56 PM   :::   16:35:56.3051813

::::::::::: AuthorizeRequest Request called at 7/26/2018 4:35:56 PM   :::   16:35:56.3141896

::::::::::: PostAuthorizeRequest Request called at 7/26/2018 4:35:56 PM   :::   16:35:56.3241955

::::::::::: End Request called at 7/26/2018 4:35:56 PM   :::   16:35:56.3327041

::::::::::: PostResolveRequestCache Request called at 7/26/2018 4:35:56 PM   :::   16:35:56.3427096

::::::::::: AcquireRequestState Request called at 7/26/2018 4:35:56 PM   :::   16:35:56.3512359

::::::::::: PostAcquireRequestState Request called at 7/26/2018 4:35:56 PM   :::   16:35:56.3602423

::::::::::: PreRequestHandlerExecute Request called at 7/26/2018 4:35:56 PM   :::   16:35:56.3692301

::::::::::: PostRequestHandlerExecute Request called at 7/26/2018 4:35:56 PM   :::   16:35:56.4623238

::::::::::: ReleaseRequestState Request called at 7/26/2018 4:35:56 PM   :::   16:35:56.4743114

::::::::::: PostReleaseRequestState Request called at 7/26/2018 4:35:56 PM   :::   16:35:56.4873360

::::::::::: UpdateRequestCache Request called at 7/26/2018 4:35:56 PM   :::   16:35:56.5043330

::::::::::: EndRequest Request called at 7/26/2018 4:35:56 PM   :::   16:35:56.5133531

::::::::::: PreSendRequestContent Request called at 7/26/2018 4:35:56 PM   :::   16:35:56.5378782

::::::::::: PreSendRequestHeaders Request called at 7/26/2018 4:35:56 PM   :::   16:35:56.5453683

::::::::::: BeginRequest Request called at 7/26/2018 4:35:56 PM   :::   16:35:56.6289318

::::::::::: AuthenticateRequest Request called at 7/26/2018 4:35:56 PM   :::   16:35:56.6429409

::::::::::: PostAuthenticateRequest Request called at 7/26/2018 4:35:56 PM   :::   16:35:56.6844736

::::::::::: BeginRequest Request called at 7/26/2018 4:35:56 PM   :::   16:35:56.7215001

::::::::::: AuthenticateRequest Request called at 7/26/2018 4:35:56 PM   :::   16:35:56.7685373

::::::::::: PostResolveRequestCache Request called at 7/26/2018 4:35:56 PM   :::   16:35:56.7930548

::::::::::: BeginRequest Request called at 7/26/2018 4:35:56 PM   :::   16:35:56.8315861

::::::::::: PreSendRequestContent Request called at 7/26/2018 4:35:56 PM   :::   16:35:56.8701092

::::::::::: PreSendRequestHeaders Request called at 7/26/2018 4:35:56 PM   :::   16:35:56.8931258

::::::::::: BeginRequest Request called at 7/26/2018 4:35:56 PM   :::   16:35:56.9381620

::::::::::: AuthenticateRequest Request called at 7/26/2018 4:35:56 PM   :::   16:35:56.9821891

::::::::::: AuthorizeRequest Request called at 7/26/2018 4:35:57 PM   :::   16:35:57.0147111

::::::::::: PostReleaseRequestState Request called at 7/26/2018 4:35:57 PM   :::   16:35:57.0372272

::::::::::: UpdateRequestCache Request called at 7/26/2018 4:35:57 PM   :::   16:35:57.0542396

::::::::::: BeginRequest Request called at 7/26/2018 4:35:57 PM   :::   16:35:57.0917655

::::::::::: UpdateRequestCache Request called at 7/26/2018 4:35:57 PM   :::   16:35:57.1152823

::::::::::: End Request called at 7/26/2018 4:35:57 PM   :::   16:35:57.1312944

::::::::::: PostAuthorizeRequest Request called at 7/26/2018 4:35:57 PM   :::   16:35:57.1593134

::::::::::: PreRequestHandlerExecute Request called at 7/26/2018 4:35:57 PM   :::   16:35:57.1703208

::::::::::: BeginRequest Request called at 7/26/2018 4:35:57 PM   :::   16:35:57.2468750

::::::::::: AuthenticateRequest Request called at 7/26/2018 4:35:57 PM   :::   16:35:57.2598838

::::::::::: PostAuthenticateRequest Request called at 7/26/2018 4:35:57 PM   :::   16:35:57.2708920

::::::::::: PostRequestHandlerExecute Request called at 7/26/2018 4:35:57 PM   :::   16:35:57.2808995

::::::::::: EndRequest Request called at 7/26/2018 4:35:57 PM   :::   16:35:57.3049156

::::::::::: PreSendRequestContent Request called at 7/26/2018 4:35:57 PM   :::   16:35:57.3454456

::::::::::: PreSendRequestHeaders Request called at 7/26/2018 4:35:57 PM   :::   16:35:57.4004837

::::::::::: AuthorizeRequest Request called at 7/26/2018 4:35:57 PM   :::   16:35:57.4660302

::::::::::: PostAuthorizeRequest Request called at 7/26/2018 4:35:57 PM   :::   16:35:57.5080599

::::::::::: End Request called at 7/26/2018 4:35:57 PM   :::   16:35:57.5395815

::::::::::: UpdateRequestCache Request called at 7/26/2018 4:35:57 PM   :::   16:35:57.6136342

::::::::::: EndRequest Request called at 7/26/2018 4:35:57 PM   :::   16:35:57.6251421

::::::::::: PreSendRequestContent Request called at 7/26/2018 4:35:57 PM   :::   16:35:57.7197087

::::::::::: PreSendRequestHeaders Request called at 7/26/2018 4:35:57 PM   :::   16:35:57.7827536

::::::::::: PostAuthorizeRequest Request called at 7/26/2018 4:35:57 PM   :::   16:35:57.8372915

::::::::::: End Request called at 7/26/2018 4:35:57 PM   :::   16:35:57.8493008

::::::::::: PostResolveRequestCache Request called at 7/26/2018 4:35:57 PM   :::   16:35:57.8833244

::::::::::: AcquireRequestState Request called at 7/26/2018 4:35:57 PM   :::   16:35:57.9533735

::::::::::: PostAcquireRequestState Request called at 7/26/2018 4:35:58 PM   :::   16:35:58.0314286

::::::::::: AuthorizeRequest Request called at 7/26/2018 4:35:58 PM   :::   16:35:58.1069830

::::::::::: PostAuthorizeRequest Request called at 7/26/2018 4:35:58 PM   :::   16:35:58.1209925

::::::::::: End Request called at 7/26/2018 4:35:58 PM   :::   16:35:58.1405060

::::::::::: PostResolveRequestCache Request called at 7/26/2018 4:35:58 PM   :::   16:35:58.1585192

::::::::::: PostResolveRequestCache Request called at 7/26/2018 4:35:58 PM   :::   16:35:58.1765327

::::::::::: AcquireRequestState Request called at 7/26/2018 4:35:58 PM   :::   16:35:58.2590900

::::::::::: PostAcquireRequestState Request called at 7/26/2018 4:35:58 PM   :::   16:35:58.3106281

::::::::::: PreRequestHandlerExecute Request called at 7/26/2018 4:35:58 PM   :::   16:35:58.3451507

::::::::::: PostRequestHandlerExecute Request called at 7/26/2018 4:35:58 PM   :::   16:35:58.3811758

::::::::::: UpdateRequestCache Request called at 7/26/2018 4:35:58 PM   :::   16:35:58.4111978

::::::::::: EndRequest Request called at 7/26/2018 4:35:58 PM   :::   16:35:58.4682377

::::::::::: PreSendRequestContent Request called at 7/26/2018 4:35:58 PM   :::   16:35:58.4807463

::::::::::: PreSendRequestHeaders Request called at 7/26/2018 4:35:58 PM   :::   16:35:58.4927552

::::::::::: UpdateRequestCache Request called at 7/26/2018 4:35:58 PM   :::   16:35:58.5082655

::::::::::: EndRequest Request called at 7/26/2018 4:35:58 PM   :::   16:35:58.5908240

::::::::::: PreSendRequestContent Request called at 7/26/2018 4:35:58 PM   :::   16:35:58.6498657

::::::::::: PreSendRequestHeaders Request called at 7/26/2018 4:35:58 PM   :::   16:35:58.7249191

::::::::::: AuthorizeRequest Request called at 7/26/2018 4:35:58 PM   :::   16:35:58.7604440

::::::::::: PostAuthorizeRequest Request called at 7/26/2018 4:35:58 PM   :::   16:35:58.7779569

::::::::::: End Request called at 7/26/2018 4:35:58 PM   :::   16:35:58.7994723

::::::::::: PostResolveRequestCache Request called at 7/26/2018 4:35:58 PM   :::   16:35:58.8124811

::::::::::: EndRequest Request called at 7/26/2018 4:35:58 PM   :::   16:35:58.8395010

::::::::::: PreSendRequestContent Request called at 7/26/2018 4:35:58 PM   :::   16:35:58.8560117

::::::::::: PreSendRequestHeaders Request called at 7/26/2018 4:35:58 PM   :::   16:35:58.8720230

::::::::::: BeginRequest Request called at 7/26/2018 4:35:59 PM   :::   16:35:59.9378375

::::::::::: AuthenticateRequest Request called at 7/26/2018 4:35:59 PM   :::   16:35:59.9498464

::::::::::: PostAuthenticateRequest Request called at 7/26/2018 4:35:59 PM   :::   16:35:59.9653615

::::::::::: AuthorizeRequest Request called at 7/26/2018 4:35:59 PM   :::   16:35:59.9808758

::::::::::: PostAuthorizeRequest Request called at 7/26/2018 4:35:59 PM   :::   16:35:59.9928862

::::::::::: End Request called at 7/26/2018 4:36:00 PM   :::   16:36:00.0189042

::::::::::: PostResolveRequestCache Request called at 7/26/2018 4:36:00 PM   :::   16:36:00.0379172

::::::::::: AcquireRequestState Request called at 7/26/2018 4:36:00 PM   :::   16:36:00.0669452

::::::::::: PostAcquireRequestState Request called at 7/26/2018 4:36:00 PM   :::   16:36:00.0989670

::::::::::: PreRequestHandlerExecute Request called at 7/26/2018 4:36:00 PM   :::   16:36:00.1299893

::::::::::: PostRequestHandlerExecute Request called at 7/26/2018 4:36:00 PM   :::   16:36:00.1515107

::::::::::: ReleaseRequestState Request called at 7/26/2018 4:36:00 PM   :::   16:36:00.1665209

::::::::::: PostReleaseRequestState Request called at 7/26/2018 4:36:00 PM   :::   16:36:00.1840330

::::::::::: UpdateRequestCache Request called at 7/26/2018 4:36:00 PM   :::   16:36:00.2055480

::::::::::: EndRequest Request called at 7/26/2018 4:36:00 PM   :::   16:36:00.2275644

::::::::::: PreSendRequestContent Request called at 7/26/2018 4:36:00 PM   :::   16:36:00.2456027

::::::::::: PreSendRequestHeaders Request called at 7/26/2018 4:36:00 PM   :::   16:36:00.2626151

::::::::::: BeginRequest Request called at 7/26/2018 4:36:02 PM   :::   16:36:02.0882399

::::::::::: PostResolveRequestCache Request called at 7/26/2018 4:36:02 PM   :::   16:36:02.1132580

::::::::::: AcquireRequestState Request called at 7/26/2018 4:36:02 PM   :::   16:36:02.1332749

::::::::::: PostAcquireRequestState Request called at 7/26/2018 4:36:02 PM   :::   16:36:02.1627999

::::::::::: PreRequestHandlerExecute Request called at 7/26/2018 4:36:02 PM   :::   16:36:02.1808138

::::::::::: PostRequestHandlerExecute Request called at 7/26/2018 4:36:02 PM   :::   16:36:02.1938206

::::::::::: ReleaseRequestState Request called at 7/26/2018 4:36:02 PM   :::   16:36:02.2178376

::::::::::: PostReleaseRequestState Request called at 7/26/2018 4:36:02 PM   :::   16:36:02.2448614

::::::::::: UpdateRequestCache Request called at 7/26/2018 4:36:02 PM   :::   16:36:02.2588705

::::::::::: EndRequest Request called at 7/26/2018 4:36:02 PM   :::   16:36:02.2758837

::::::::::: PreSendRequestContent Request called at 7/26/2018 4:36:02 PM   :::   16:36:02.2938952

::::::::::: PreSendRequestHeaders Request called at 7/26/2018 4:36:02 PM   :::   16:36:02.3114078

::::::::::: BeginRequest Request called at 7/26/2018 4:36:03 PM   :::   16:36:03.4232532

::::::::::: AuthenticateRequest Request called at 7/26/2018 4:36:03 PM   :::   16:36:03.4908181

::::::::::: PostAuthenticateRequest Request called at 7/26/2018 4:36:03 PM   :::   16:36:03.5088229

::::::::::: AuthorizeRequest Request called at 7/26/2018 4:36:03 PM   :::   16:36:03.5308400

::::::::::: PostAuthorizeRequest Request called at 7/26/2018 4:36:03 PM   :::   16:36:03.5418474

::::::::::: End Request called at 7/26/2018 4:36:03 PM   :::   16:36:03.5518549

::::::::::: PostResolveRequestCache Request called at 7/26/2018 4:36:03 PM   :::   16:36:03.5673688

::::::::::: AcquireRequestState Request called at 7/26/2018 4:36:03 PM   :::   16:36:03.5808805

::::::::::: PostAcquireRequestState Request called at 7/26/2018 4:36:03 PM   :::   16:36:03.5928890

::::::::::: PreRequestHandlerExecute Request called at 7/26/2018 4:36:03 PM   :::   16:36:03.6038960

::::::::::: PostRequestHandlerExecute Request called at 7/26/2018 4:36:03 PM   :::   16:36:03.6159060

::::::::::: ReleaseRequestState Request called at 7/26/2018 4:36:03 PM   :::   16:36:03.6319158

::::::::::: PostReleaseRequestState Request called at 7/26/2018 4:36:03 PM   :::   16:36:03.6479271

::::::::::: UpdateRequestCache Request called at 7/26/2018 4:36:03 PM   :::   16:36:03.6694456

::::::::::: EndRequest Request called at 7/26/2018 4:36:03 PM   :::   16:36:03.6869621

::::::::::: PreSendRequestContent Request called at 7/26/2018 4:36:03 PM   :::   16:36:03.7049741

::::::::::: PreSendRequestHeaders Request called at 7/26/2018 4:36:03 PM   :::   16:36:03.7149815

::::::::::: BeginRequest Request called at 7/26/2018 4:36:07 PM   :::   16:36:07.1499908

::::::::::: AuthenticateRequest Request called at 7/26/2018 4:36:07 PM   :::   16:36:07.1610172

::::::::::: PostAuthenticateRequest Request called at 7/26/2018 4:36:07 PM   :::   16:36:07.1715236

::::::::::: AuthorizeRequest Request called at 7/26/2018 4:36:07 PM   :::   16:36:07.1796311

::::::::::: PostAuthorizeRequest Request called at 7/26/2018 4:36:07 PM   :::   16:36:07.1906409

::::::::::: End Request called at 7/26/2018 4:36:07 PM   :::   16:36:07.2026474

::::::::::: PostResolveRequestCache Request called at 7/26/2018 4:36:07 PM   :::   16:36:07.2116537

::::::::::: AcquireRequestState Request called at 7/26/2018 4:36:07 PM   :::   16:36:07.2206751

::::::::::: PostAcquireRequestState Request called at 7/26/2018 4:36:07 PM   :::   16:36:07.2296660

::::::::::: PreRequestHandlerExecute Request called at 7/26/2018 4:36:07 PM   :::   16:36:07.2386740

::::::::::: PostRequestHandlerExecute Request called at 7/26/2018 4:36:07 PM   :::   16:36:07.2536988

::::::::::: ReleaseRequestState Request called at 7/26/2018 4:36:07 PM   :::   16:36:07.2626921

::::::::::: PostReleaseRequestState Request called at 7/26/2018 4:36:07 PM   :::   16:36:07.2711987

::::::::::: UpdateRequestCache Request called at 7/26/2018 4:36:07 PM   :::   16:36:07.2822089

::::::::::: EndRequest Request called at 7/26/2018 4:36:07 PM   :::   16:36:07.2912298

::::::::::: PreSendRequestContent Request called at 7/26/2018 4:36:07 PM   :::   16:36:07.3005421

::::::::::: PreSendRequestHeaders Request called at 7/26/2018 4:36:07 PM   :::   16:36:07.3095505

::::::::::: BeginRequest Request called at 7/26/2018 4:36:07 PM   :::   16:36:07.3911165

::::::::::: AuthenticateRequest Request called at 7/26/2018 4:36:07 PM   :::   16:36:07.4091273

::::::::::: PostAuthenticateRequest Request called at 7/26/2018 4:36:07 PM   :::   16:36:07.4221369

::::::::::: AuthorizeRequest Request called at 7/26/2018 4:36:07 PM   :::   16:36:07.4301425

::::::::::: PostAuthorizeRequest Request called at 7/26/2018 4:36:07 PM   :::   16:36:07.4411677

::::::::::: End Request called at 7/26/2018 4:36:07 PM   :::   16:36:07.4491599

::::::::::: PostResolveRequestCache Request called at 7/26/2018 4:36:07 PM   :::   16:36:07.4616693

::::::::::: AcquireRequestState Request called at 7/26/2018 4:36:07 PM   :::   16:36:07.4726941

::::::::::: PostAcquireRequestState Request called at 7/26/2018 4:36:07 PM   :::   16:36:07.4847574

::::::::::: PreRequestHandlerExecute Request called at 7/26/2018 4:36:07 PM   :::   16:36:07.4967631

::::::::::: PostRequestHandlerExecute Request called at 7/26/2018 4:36:07 PM   :::   16:36:07.5147758

::::::::::: ReleaseRequestState Request called at 7/26/2018 4:36:07 PM   :::   16:36:07.5257848

::::::::::: PostReleaseRequestState Request called at 7/26/2018 4:36:07 PM   :::   16:36:07.5357919

::::::::::: UpdateRequestCache Request called at 7/26/2018 4:36:07 PM   :::   16:36:07.5558060

::::::::::: EndRequest Request called at 7/26/2018 4:36:07 PM   :::   16:36:07.5638148

::::::::::: PreSendRequestContent Request called at 7/26/2018 4:36:07 PM   :::   16:36:07.5739233

::::::::::: PreSendRequestHeaders Request called at 7/26/2018 4:36:07 PM   :::   16:36:07.5819317

::::::::::: BeginRequest Request called at 7/26/2018 4:36:08 PM   :::   16:36:08.9186914

::::::::::: AuthenticateRequest Request called at 7/26/2018 4:36:08 PM   :::   16:36:08.9347051

::::::::::: PostAuthenticateRequest Request called at 7/26/2018 4:36:08 PM   :::   16:36:08.9477131

::::::::::: AuthorizeRequest Request called at 7/26/2018 4:36:08 PM   :::   16:36:08.9672302

::::::::::: PostAuthorizeRequest Request called at 7/26/2018 4:36:08 PM   :::   16:36:08.9833063

::::::::::: End Request called at 7/26/2018 4:36:08 PM   :::   16:36:08.9993180

::::::::::: PostResolveRequestCache Request called at 7/26/2018 4:36:09 PM   :::   16:36:09.0203336

::::::::::: AcquireRequestState Request called at 7/26/2018 4:36:09 PM   :::   16:36:09.0313402

::::::::::: PostAcquireRequestState Request called at 7/26/2018 4:36:09 PM   :::   16:36:09.0413485

::::::::::: PreRequestHandlerExecute Request called at 7/26/2018 4:36:09 PM   :::   16:36:09.0523562

::::::::::: Error Request called at 7/26/2018 4:36:09 PM   :::   16:36:09.0643663

::::::::::: EndRequest Request called at 7/26/2018 4:36:09 PM   :::   16:36:09.0768781

::::::::::: PreSendRequestContent Request called at 7/26/2018 4:36:09 PM   :::   16:36:09.0888862

::::::::::: PreSendRequestHeaders Request called at 7/26/2018 4:36:09 PM   :::   16:36:09.1028961

::::::::::: BeginRequest Request called at 7/26/2018 4:36:10 PM   :::   16:36:10.4773597

::::::::::: AuthenticateRequest Request called at 7/26/2018 4:36:10 PM   :::   16:36:10.4873667

::::::::::: PostAuthenticateRequest Request called at 7/26/2018 4:36:10 PM   :::   16:36:10.4973726

::::::::::: AuthorizeRequest Request called at 7/26/2018 4:36:10 PM   :::   16:36:10.5073805

::::::::::: PostAuthorizeRequest Request called at 7/26/2018 4:36:10 PM   :::   16:36:10.5184052

::::::::::: End Request called at 7/26/2018 4:36:10 PM   :::   16:36:10.5293964

::::::::::: PostResolveRequestCache Request called at 7/26/2018 4:36:10 PM   :::   16:36:10.5374021

::::::::::: AcquireRequestState Request called at 7/26/2018 4:36:10 PM   :::   16:36:10.5494113

::::::::::: PostAcquireRequestState Request called at 7/26/2018 4:36:10 PM   :::   16:36:10.5649241

::::::::::: PreRequestHandlerExecute Request called at 7/26/2018 4:36:10 PM   :::   16:36:10.5759315

::::::::::: PostRequestHandlerExecute Request called at 7/26/2018 4:36:10 PM   :::   16:36:10.6319860

::::::::::: ReleaseRequestState Request called at 7/26/2018 4:36:10 PM   :::   16:36:10.6459860

::::::::::: PostReleaseRequestState Request called at 7/26/2018 4:36:10 PM   :::   16:36:10.6625019

::::::::::: UpdateRequestCache Request called at 7/26/2018 4:36:10 PM   :::   16:36:10.6760100

::::::::::: EndRequest Request called at 7/26/2018 4:36:10 PM   :::   16:36:10.6920245

::::::::::: PreSendRequestContent Request called at 7/26/2018 4:36:10 PM   :::   16:36:10.7090385

::::::::::: PreSendRequestHeaders Request called at 7/26/2018 4:36:10 PM   :::   16:36:10.7230472

::::::::::: BeginRequest Request called at 7/26/2018 4:37:25 PM   :::   16:37:25.7442128

::::::::::: AuthenticateRequest Request called at 7/26/2018 4:37:25 PM   :::   16:37:25.7962622

::::::::::: PostRequestHandlerExecute Request called at 7/26/2018 4:37:25 PM   :::   16:37:25.8162755

::::::::::: EndRequest Request called at 7/26/2018 4:37:25 PM   :::   16:37:25.8352893

::::::::::: PreSendRequestContent Request called at 7/26/2018 4:37:25 PM   :::   16:37:25.8472982

::::::::::: PreSendRequestHeaders Request called at 7/26/2018 4:37:25 PM   :::   16:37:25.8628121

::::::::::: UpdateRequestCache Request called at 7/26/2018 4:37:25 PM   :::   16:37:25.8753219

::::::::::: EndRequest Request called at 7/26/2018 4:37:25 PM   :::   16:37:25.8908323

::::::::::: PostAuthorizeRequest Request called at 7/26/2018 4:37:25 PM   :::   16:37:25.9018397

::::::::::: End Request called at 7/26/2018 4:37:25 PM   :::   16:37:25.9143491

::::::::::: UpdateRequestCache Request called at 7/26/2018 4:37:25 PM   :::   16:37:25.9243558

::::::::::: EndRequest Request called at 7/26/2018 4:37:25 PM   :::   16:37:25.9393660

::::::::::: PreSendRequestContent Request called at 7/26/2018 4:37:25 PM   :::   16:37:25.9528761

::::::::::: PreSendRequestHeaders Request called at 7/26/2018 4:37:25 PM   :::   16:37:25.9658849

::::::::::: BeginRequest Request called at 7/26/2018 4:37:54 PM   :::   16:37:54.8451034

::::::::::: AuthenticateRequest Request called at 7/26/2018 4:37:54 PM   :::   16:37:54.8591125

::::::::::: PostAuthenticateRequest Request called at 7/26/2018 4:37:54 PM   :::   16:37:54.8741239

::::::::::: AuthorizeRequest Request called at 7/26/2018 4:37:54 PM   :::   16:37:54.8901352

::::::::::: PostAuthorizeRequest Request called at 7/26/2018 4:37:54 PM   :::   16:37:54.9061461

::::::::::: End Request called at 7/26/2018 4:37:54 PM   :::   16:37:54.9211559

::::::::::: PostResolveRequestCache Request called at 7/26/2018 4:37:54 PM   :::   16:37:54.9331695

::::::::::: EndRequest Request called at 7/26/2018 4:37:54 PM   :::   16:37:54.9431785

::::::::::: PreSendRequestContent Request called at 7/26/2018 4:37:54 PM   :::   16:37:54.9551866

::::::::::: PreSendRequestHeaders Request called at 7/26/2018 4:37:54 PM   :::   16:37:54.9651933

::::::::::: BeginRequest Request called at 7/26/2018 4:40:09 PM   :::   16:40:09.4257291

::::::::::: AuthenticateRequest Request called at 7/26/2018 4:40:09 PM   :::   16:40:09.4917793

::::::::::: PostAuthenticateRequest Request called at 7/26/2018 4:40:09 PM   :::   16:40:09.5107935

::::::::::: AuthorizeRequest Request called at 7/26/2018 4:40:09 PM   :::   16:40:09.5248026

::::::::::: PostAuthorizeRequest Request called at 7/26/2018 4:40:09 PM   :::   16:40:09.5383148

::::::::::: End Request called at 7/26/2018 4:40:09 PM   :::   16:40:09.5543253

::::::::::: PostResolveRequestCache Request called at 7/26/2018 4:40:09 PM   :::   16:40:09.5683336

::::::::::: AcquireRequestState Request called at 7/26/2018 4:40:09 PM   :::   16:40:09.5838443

::::::::::: PostAcquireRequestState Request called at 7/26/2018 4:40:09 PM   :::   16:40:09.6103648

::::::::::: PreRequestHandlerExecute Request called at 7/26/2018 4:40:09 PM   :::   16:40:09.6263742

::::::::::: PostRequestHandlerExecute Request called at 7/26/2018 4:40:09 PM   :::   16:40:09.6544374

::::::::::: ReleaseRequestState Request called at 7/26/2018 4:40:09 PM   :::   16:40:09.6624426

::::::::::: PostReleaseRequestState Request called at 7/26/2018 4:40:09 PM   :::   16:40:09.6704491

::::::::::: UpdateRequestCache Request called at 7/26/2018 4:40:09 PM   :::   16:40:09.6884610

::::::::::: EndRequest Request called at 7/26/2018 4:40:09 PM   :::   16:40:09.6974674

::::::::::: PreSendRequestContent Request called at 7/26/2018 4:40:09 PM   :::   16:40:09.7064741

::::::::::: PreSendRequestHeaders Request called at 7/26/2018 4:40:09 PM   :::   16:40:09.7144814

::::::::::: BeginRequest Request called at 7/26/2018 4:40:09 PM   :::   16:40:09.7900420

::::::::::: AuthenticateRequest Request called at 7/26/2018 4:40:09 PM   :::   16:40:09.8060529

::::::::::: PostAuthenticateRequest Request called at 7/26/2018 4:40:09 PM   :::   16:40:09.8310765

::::::::::: AuthorizeRequest Request called at 7/26/2018 4:40:09 PM   :::   16:40:09.8631023

::::::::::: PostRequestHandlerExecute Request called at 7/26/2018 4:40:09 PM   :::   16:40:09.8791286

::::::::::: ReleaseRequestState Request called at 7/26/2018 4:40:09 PM   :::   16:40:09.8941238

::::::::::: End Request called at 7/26/2018 4:40:09 PM   :::   16:40:09.9471652

::::::::::: PostResolveRequestCache Request called at 7/26/2018 4:40:09 PM   :::   16:40:09.9686802

::::::::::: PreRequestHandlerExecute Request called at 7/26/2018 4:40:10 PM   :::   16:40:10.0057059

::::::::::: BeginRequest Request called at 7/26/2018 4:40:10 PM   :::   16:40:10.0502384

::::::::::: AuthorizeRequest Request called at 7/26/2018 4:40:10 PM   :::   16:40:10.0777576

::::::::::: PostRequestHandlerExecute Request called at 7/26/2018 4:40:10 PM   :::   16:40:10.0967706

::::::::::: AuthenticateRequest Request called at 7/26/2018 4:40:10 PM   :::   16:40:10.1558123

::::::::::: ReleaseRequestState Request called at 7/26/2018 4:40:10 PM   :::   16:40:10.1843323

::::::::::: PostReleaseRequestState Request called at 7/26/2018 4:40:10 PM   :::   16:40:10.1988423

::::::::::: UpdateRequestCache Request called at 7/26/2018 4:40:10 PM   :::   16:40:10.2438741

::::::::::: ReleaseRequestState Request called at 7/26/2018 4:40:10 PM   :::   16:40:10.2588851

::::::::::: PostReleaseRequestState Request called at 7/26/2018 4:40:10 PM   :::   16:40:10.2829024

::::::::::: PostAuthenticateRequest Request called at 7/26/2018 4:40:10 PM   :::   16:40:10.3189275

::::::::::: PostAuthenticateRequest Request called at 7/26/2018 4:40:10 PM   :::   16:40:10.3459509

::::::::::: AuthorizeRequest Request called at 7/26/2018 4:40:10 PM   :::   16:40:10.3629590

::::::::::: PostAuthorizeRequest Request called at 7/26/2018 4:40:10 PM   :::   16:40:10.4250024

::::::::::: End Request called at 7/26/2018 4:40:10 PM   :::   16:40:10.4660322

::::::::::: PostResolveRequestCache Request called at 7/26/2018 4:40:10 PM   :::   16:40:10.4980556

::::::::::: AcquireRequestState Request called at 7/26/2018 4:40:10 PM   :::   16:40:10.5821129

::::::::::: PostAcquireRequestState Request called at 7/26/2018 4:40:10 PM   :::   16:40:10.6321487

::::::::::: PreRequestHandlerExecute Request called at 7/26/2018 4:40:10 PM   :::   16:40:10.6811829

::::::::::: ReleaseRequestState Request called at 7/26/2018 4:40:10 PM   :::   16:40:10.7182094

::::::::::: AuthorizeRequest Request called at 7/26/2018 4:40:10 PM   :::   16:40:10.7972656

::::::::::: PostAuthorizeRequest Request called at 7/26/2018 4:40:10 PM   :::   16:40:10.8513030

::::::::::: PreSendRequestHeaders Request called at 7/26/2018 4:40:10 PM   :::   16:40:10.8683150

::::::::::: BeginRequest Request called at 7/26/2018 4:40:10 PM   :::   16:40:10.9453702

::::::::::: AuthenticateRequest Request called at 7/26/2018 4:40:10 PM   :::   16:40:10.9979059

::::::::::: EndRequest Request called at 7/26/2018 4:40:11 PM   :::   16:40:11.0649549

::::::::::: PreSendRequestContent Request called at 7/26/2018 4:40:11 PM   :::   16:40:11.0794657

::::::::::: PreSendRequestHeaders Request called at 7/26/2018 4:40:11 PM   :::   16:40:11.1194928

::::::::::: AuthenticateRequest Request called at 7/26/2018 4:40:11 PM   :::   16:40:11.1455112

::::::::::: PostAuthenticateRequest Request called at 7/26/2018 4:40:11 PM   :::   16:40:11.1720301

::::::::::: BeginRequest Request called at 7/26/2018 4:40:11 PM   :::   16:40:11.2070548

::::::::::: AuthenticateRequest Request called at 7/26/2018 4:40:11 PM   :::   16:40:11.2250679

::::::::::: PostAuthenticateRequest Request called at 7/26/2018 4:40:11 PM   :::   16:40:11.2405779

::::::::::: AuthorizeRequest Request called at 7/26/2018 4:40:11 PM   :::   16:40:11.2861102

::::::::::: PostAuthorizeRequest Request called at 7/26/2018 4:40:11 PM   :::   16:40:11.3176331

::::::::::: End Request called at 7/26/2018 4:40:11 PM   :::   16:40:11.3541579

::::::::::: End Request called at 7/26/2018 4:40:11 PM   :::   16:40:11.3986895

::::::::::: End Request called at 7/26/2018 4:40:11 PM   :::   16:40:11.4086966

::::::::::: BeginRequest Request called at 7/26/2018 4:40:11 PM   :::   16:40:11.4637359

::::::::::: PostResolveRequestCache Request called at 7/26/2018 4:40:11 PM   :::   16:40:11.5222770

::::::::::: AcquireRequestState Request called at 7/26/2018 4:40:11 PM   :::   16:40:11.5362873

::::::::::: PostAcquireRequestState Request called at 7/26/2018 4:40:11 PM   :::   16:40:11.5522982

::::::::::: PreRequestHandlerExecute Request called at 7/26/2018 4:40:11 PM   :::   16:40:11.5688101

::::::::::: PostRequestHandlerExecute Request called at 7/26/2018 4:40:11 PM   :::   16:40:11.5833201

::::::::::: PostAuthenticateRequest Request called at 7/26/2018 4:40:11 PM   :::   16:40:11.5953286

::::::::::: UpdateRequestCache Request called at 7/26/2018 4:40:11 PM   :::   16:40:11.6158429

::::::::::: PreRequestHandlerExecute Request called at 7/26/2018 4:40:11 PM   :::   16:40:11.6268510

::::::::::: PostRequestHandlerExecute Request called at 7/26/2018 4:40:11 PM   :::   16:40:11.6788878

::::::::::: ReleaseRequestState Request called at 7/26/2018 4:40:11 PM   :::   16:40:11.7094095

::::::::::: PostReleaseRequestState Request called at 7/26/2018 4:40:11 PM   :::   16:40:11.7254204

::::::::::: UpdateRequestCache Request called at 7/26/2018 4:40:11 PM   :::   16:40:11.7479365

::::::::::: EndRequest Request called at 7/26/2018 4:40:11 PM   :::   16:40:11.7694519

::::::::::: PreSendRequestContent Request called at 7/26/2018 4:40:11 PM   :::   16:40:11.7994731

::::::::::: PreSendRequestHeaders Request called at 7/26/2018 4:40:11 PM   :::   16:40:11.8214883

::::::::::: BeginRequest Request called at 7/26/2018 4:40:11 PM   :::   16:40:11.8460066

::::::::::: AuthenticateRequest Request called at 7/26/2018 4:40:11 PM   :::   16:40:11.8700227

::::::::::: PostAuthenticateRequest Request called at 7/26/2018 4:40:11 PM   :::   16:40:11.8920387

::::::::::: AuthorizeRequest Request called at 7/26/2018 4:40:11 PM   :::   16:40:11.9070493

::::::::::: PostAuthorizeRequest Request called at 7/26/2018 4:40:11 PM   :::   16:40:11.9330673

::::::::::: End Request called at 7/26/2018 4:40:11 PM   :::   16:40:11.9480794

::::::::::: PostResolveRequestCache Request called at 7/26/2018 4:40:11 PM   :::   16:40:11.9640892

::::::::::: EndRequest Request called at 7/26/2018 4:40:11 PM   :::   16:40:11.9766025

::::::::::: PreSendRequestContent Request called at 7/26/2018 4:40:11 PM   :::   16:40:11.9906077

::::::::::: PreSendRequestHeaders Request called at 7/26/2018 4:40:12 PM   :::   16:40:12.0081203

::::::::::: BeginRequest Request called at 7/26/2018 4:40:13 PM   :::   16:40:13.1400663

::::::::::: AuthenticateRequest Request called at 7/26/2018 4:40:13 PM   :::   16:40:13.1490730

::::::::::: PostAuthenticateRequest Request called at 7/26/2018 4:40:13 PM   :::   16:40:13.1600832

::::::::::: AuthorizeRequest Request called at 7/26/2018 4:40:13 PM   :::   16:40:13.1710886

::::::::::: ReleaseRequestState Request called at 7/26/2018 4:40:13 PM   :::   16:40:13.1830971

::::::::::: PostReleaseRequestState Request called at 7/26/2018 4:40:13 PM   :::   16:40:13.1951051

::::::::::: UpdateRequestCache Request called at 7/26/2018 4:40:13 PM   :::   16:40:13.2086390

::::::::::: EndRequest Request called at 7/26/2018 4:40:13 PM   :::   16:40:13.2201303

::::::::::: PreSendRequestContent Request called at 7/26/2018 4:40:13 PM   :::   16:40:13.2321392

::::::::::: PreSendRequestHeaders Request called at 7/26/2018 4:40:13 PM   :::   16:40:13.2461629

::::::::::: BeginRequest Request called at 7/26/2018 4:40:15 PM   :::   16:40:15.2998781

::::::::::: AuthenticateRequest Request called at 7/26/2018 4:40:15 PM   :::   16:40:15.3113900

::::::::::: PostAuthenticateRequest Request called at 7/26/2018 4:40:15 PM   :::   16:40:15.3239010

::::::::::: AuthorizeRequest Request called at 7/26/2018 4:40:15 PM   :::   16:40:15.3459174

::::::::::: PostAuthorizeRequest Request called at 7/26/2018 4:40:15 PM   :::   16:40:15.3609272

::::::::::: End Request called at 7/26/2018 4:40:15 PM   :::   16:40:15.3759382

::::::::::: PostResolveRequestCache Request called at 7/26/2018 4:40:15 PM   :::   16:40:15.3949516

::::::::::: AcquireRequestState Request called at 7/26/2018 4:40:15 PM   :::   16:40:15.4104671

::::::::::: PostAcquireRequestState Request called at 7/26/2018 4:40:15 PM   :::   16:40:15.4229753

::::::::::: PreRequestHandlerExecute Request called at 7/26/2018 4:40:15 PM   :::   16:40:15.4344836

::::::::::: PostRequestHandlerExecute Request called at 7/26/2018 4:40:15 PM   :::   16:40:15.4800369

::::::::::: ReleaseRequestState Request called at 7/26/2018 4:40:15 PM   :::   16:40:15.4870427

::::::::::: PostReleaseRequestState Request called at 7/26/2018 4:40:15 PM   :::   16:40:15.4960478

::::::::::: UpdateRequestCache Request called at 7/26/2018 4:40:15 PM   :::   16:40:15.5040558

::::::::::: EndRequest Request called at 7/26/2018 4:40:15 PM   :::   16:40:15.5120595

::::::::::: PreSendRequestContent Request called at 7/26/2018 4:40:15 PM   :::   16:40:15.5210659

::::::::::: PreSendRequestHeaders Request called at 7/26/2018 4:40:15 PM   :::   16:40:15.5290715

::::::::::: BeginRequest Request called at 7/26/2018 4:40:16 PM   :::   16:40:16.6550062

::::::::::: AuthenticateRequest Request called at 7/26/2018 4:40:16 PM   :::   16:40:16.6725235

::::::::::: PostAuthenticateRequest Request called at 7/26/2018 4:40:16 PM   :::   16:40:16.6855351

::::::::::: AuthorizeRequest Request called at 7/26/2018 4:40:16 PM   :::   16:40:16.7105523

::::::::::: PostAuthorizeRequest Request called at 7/26/2018 4:40:16 PM   :::   16:40:16.7185588

::::::::::: End Request called at 7/26/2018 4:40:16 PM   :::   16:40:16.7265637

::::::::::: PostResolveRequestCache Request called at 7/26/2018 4:40:16 PM   :::   16:40:16.7345697

::::::::::: AcquireRequestState Request called at 7/26/2018 4:40:16 PM   :::   16:40:16.7425750

::::::::::: PostAcquireRequestState Request called at 7/26/2018 4:40:16 PM   :::   16:40:16.7515817

::::::::::: PreRequestHandlerExecute Request called at 7/26/2018 4:40:16 PM   :::   16:40:16.7595882

::::::::::: PostRequestHandlerExecute Request called at 7/26/2018 4:40:16 PM   :::   16:40:16.7675966

::::::::::: ReleaseRequestState Request called at 7/26/2018 4:40:16 PM   :::   16:40:16.7766021

::::::::::: PostReleaseRequestState Request called at 7/26/2018 4:40:16 PM   :::   16:40:16.7846102

::::::::::: UpdateRequestCache Request called at 7/26/2018 4:40:16 PM   :::   16:40:16.8006211

::::::::::: EndRequest Request called at 7/26/2018 4:40:16 PM   :::   16:40:16.8086267

::::::::::: PreSendRequestContent Request called at 7/26/2018 4:40:16 PM   :::   16:40:16.8176339

::::::::::: PreSendRequestHeaders Request called at 7/26/2018 4:40:16 PM   :::   16:40:16.8256387

