::::::::::: BeginRequest Request called at 9/2/2018 11:02:28 PM   :::   23:02:28.7160684

::::::::::: AuthenticateRequest Request called at 9/2/2018 11:02:28 PM   :::   23:02:28.7470801

::::::::::: PostAuthenticateRequest Request called at 9/2/2018 11:02:28 PM   :::   23:02:28.9121312

::::::::::: AuthorizeRequest Request called at 9/2/2018 11:02:28 PM   :::   23:02:28.9141350

::::::::::: PostAuthorizeRequest Request called at 9/2/2018 11:02:28 PM   :::   23:02:28.9153015

::::::::::: End Request called at 9/2/2018 11:02:28 PM   :::   23:02:28.9168024

::::::::::: PostResolveRequestCache Request called at 9/2/2018 11:02:28 PM   :::   23:02:28.9309240

::::::::::: AcquireRequestState Request called at 9/2/2018 11:02:28 PM   :::   23:02:28.9349127

::::::::::: PostAcquireRequestState Request called at 9/2/2018 11:02:28 PM   :::   23:02:28.9389767

::::::::::: PreRequestHandlerExecute Request called at 9/2/2018 11:02:28 PM   :::   23:02:28.9429093

::::::::::: PostRequestHandlerExecute Request called at 9/2/2018 11:02:29 PM   :::   23:02:29.4875703

::::::::::: ReleaseRequestState Request called at 9/2/2018 11:02:29 PM   :::   23:02:29.4915704

::::::::::: PostReleaseRequestState Request called at 9/2/2018 11:02:29 PM   :::   23:02:29.4915704

::::::::::: UpdateRequestCache Request called at 9/2/2018 11:02:29 PM   :::   23:02:29.5355933

::::::::::: EndRequest Request called at 9/2/2018 11:02:29 PM   :::   23:02:29.5395922

::::::::::: PreSendRequestContent Request called at 9/2/2018 11:02:29 PM   :::   23:02:29.5715975

::::::::::: PreSendRequestHeaders Request called at 9/2/2018 11:02:29 PM   :::   23:02:29.5755964

::::::::::: BeginRequest Request called at 9/2/2018 11:02:29 PM   :::   23:02:29.6111028

::::::::::: AuthenticateRequest Request called at 9/2/2018 11:02:29 PM   :::   23:02:29.6151065

::::::::::: PostAuthenticateRequest Request called at 9/2/2018 11:02:29 PM   :::   23:02:29.6221106

::::::::::: AuthorizeRequest Request called at 9/2/2018 11:02:29 PM   :::   23:02:29.6316156

::::::::::: PostAuthorizeRequest Request called at 9/2/2018 11:02:29 PM   :::   23:02:29.6356161

::::::::::: End Request called at 9/2/2018 11:02:29 PM   :::   23:02:29.6356161

::::::::::: PostResolveRequestCache Request called at 9/2/2018 11:02:29 PM   :::   23:02:29.6356161

::::::::::: AcquireRequestState Request called at 9/2/2018 11:02:29 PM   :::   23:02:29.6396165

::::::::::: PostAcquireRequestState Request called at 9/2/2018 11:02:29 PM   :::   23:02:29.6396165

::::::::::: PreRequestHandlerExecute Request called at 9/2/2018 11:02:29 PM   :::   23:02:29.6396165

::::::::::: PostRequestHandlerExecute Request called at 9/2/2018 11:02:29 PM   :::   23:02:29.6436170

::::::::::: ReleaseRequestState Request called at 9/2/2018 11:02:29 PM   :::   23:02:29.6476171

::::::::::: PostReleaseRequestState Request called at 9/2/2018 11:02:29 PM   :::   23:02:29.6476171

::::::::::: UpdateRequestCache Request called at 9/2/2018 11:02:29 PM   :::   23:02:29.6516176

::::::::::: EndRequest Request called at 9/2/2018 11:02:29 PM   :::   23:02:29.6556176

::::::::::: PreSendRequestContent Request called at 9/2/2018 11:02:29 PM   :::   23:02:29.6556176

::::::::::: PreSendRequestHeaders Request called at 9/2/2018 11:02:29 PM   :::   23:02:29.6556176

::::::::::: BeginRequest Request called at 9/2/2018 11:02:29 PM   :::   23:02:29.7136296

::::::::::: AuthenticateRequest Request called at 9/2/2018 11:02:29 PM   :::   23:02:29.7156314

::::::::::: PostAuthenticateRequest Request called at 9/2/2018 11:02:29 PM   :::   23:02:29.7196338

::::::::::: AuthenticateRequest Request called at 9/2/2018 11:02:29 PM   :::   23:02:29.7391471

::::::::::: BeginRequest Request called at 9/2/2018 11:02:29 PM   :::   23:02:29.7406487

::::::::::: PostAuthenticateRequest Request called at 9/2/2018 11:02:29 PM   :::   23:02:29.7476533

::::::::::: PostAuthorizeRequest Request called at 9/2/2018 11:02:29 PM   :::   23:02:29.7716703

::::::::::: AuthorizeRequest Request called at 9/2/2018 11:02:29 PM   :::   23:02:29.7726706

::::::::::: PostAuthorizeRequest Request called at 9/2/2018 11:02:29 PM   :::   23:02:29.7741719

::::::::::: End Request called at 9/2/2018 11:02:29 PM   :::   23:02:29.7781747

::::::::::: PostResolveRequestCache Request called at 9/2/2018 11:02:29 PM   :::   23:02:29.7901832

::::::::::: AcquireRequestState Request called at 9/2/2018 11:02:29 PM   :::   23:02:29.7976884

::::::::::: PostAcquireRequestState Request called at 9/2/2018 11:02:29 PM   :::   23:02:29.8016912

::::::::::: PreRequestHandlerExecute Request called at 9/2/2018 11:02:29 PM   :::   23:02:29.8072083

::::::::::: ReleaseRequestState Request called at 9/2/2018 11:02:29 PM   :::   23:02:29.8192093

::::::::::: PostReleaseRequestState Request called at 9/2/2018 11:02:29 PM   :::   23:02:29.8232098

::::::::::: UpdateRequestCache Request called at 9/2/2018 11:02:29 PM   :::   23:02:29.8312104

::::::::::: EndRequest Request called at 9/2/2018 11:02:29 PM   :::   23:02:29.8792132

::::::::::: PreSendRequestContent Request called at 9/2/2018 11:02:29 PM   :::   23:02:29.8937198

::::::::::: PostAuthenticateRequest Request called at 9/2/2018 11:02:29 PM   :::   23:02:29.8942207

::::::::::: PreSendRequestContent Request called at 9/2/2018 11:02:29 PM   :::   23:02:29.9237316

::::::::::: PreSendRequestHeaders Request called at 9/2/2018 11:02:29 PM   :::   23:02:29.9317321

::::::::::: AuthorizeRequest Request called at 9/2/2018 11:02:29 PM   :::   23:02:29.9517337

::::::::::: PostAuthorizeRequest Request called at 9/2/2018 11:02:29 PM   :::   23:02:29.9517337

::::::::::: End Request called at 9/2/2018 11:02:29 PM   :::   23:02:29.9557333

::::::::::: PostResolveRequestCache Request called at 9/2/2018 11:02:29 PM   :::   23:02:29.9557333

::::::::::: AcquireRequestState Request called at 9/2/2018 11:02:29 PM   :::   23:02:29.9597338

::::::::::: PostAcquireRequestState Request called at 9/2/2018 11:02:29 PM   :::   23:02:29.9597338

::::::::::: PreRequestHandlerExecute Request called at 9/2/2018 11:02:29 PM   :::   23:02:29.9637343

::::::::::: PostRequestHandlerExecute Request called at 9/2/2018 11:02:29 PM   :::   23:02:29.9637343

::::::::::: ReleaseRequestState Request called at 9/2/2018 11:02:29 PM   :::   23:02:29.9677343

::::::::::: PostReleaseRequestState Request called at 9/2/2018 11:02:29 PM   :::   23:02:29.9677343

::::::::::: UpdateRequestCache Request called at 9/2/2018 11:02:29 PM   :::   23:02:29.9717348

::::::::::: EndRequest Request called at 9/2/2018 11:02:29 PM   :::   23:02:29.9717348

::::::::::: PreSendRequestContent Request called at 9/2/2018 11:02:29 PM   :::   23:02:29.9717348

::::::::::: PreSendRequestHeaders Request called at 9/2/2018 11:02:29 PM   :::   23:02:29.9757345

::::::::::: AuthorizeRequest Request called at 9/2/2018 11:02:30 PM   :::   23:02:30.0677595

::::::::::: PostAuthorizeRequest Request called at 9/2/2018 11:02:30 PM   :::   23:02:30.0677595

::::::::::: End Request called at 9/2/2018 11:02:30 PM   :::   23:02:30.0677595

::::::::::: BeginRequest Request called at 9/2/2018 11:02:30 PM   :::   23:02:30.0717588

::::::::::: AcquireRequestState Request called at 9/2/2018 11:02:30 PM   :::   23:02:30.0797593

::::::::::: PostAcquireRequestState Request called at 9/2/2018 11:02:30 PM   :::   23:02:30.0837598

::::::::::: PostAuthenticateRequest Request called at 9/2/2018 11:02:30 PM   :::   23:02:30.0877595

::::::::::: PostRequestHandlerExecute Request called at 9/2/2018 11:02:30 PM   :::   23:02:30.0937669

::::::::::: ReleaseRequestState Request called at 9/2/2018 11:02:30 PM   :::   23:02:30.0952678

::::::::::: PostReleaseRequestState Request called at 9/2/2018 11:02:30 PM   :::   23:02:30.0962685

::::::::::: UpdateRequestCache Request called at 9/2/2018 11:02:30 PM   :::   23:02:30.1073690

::::::::::: EndRequest Request called at 9/2/2018 11:02:30 PM   :::   23:02:30.1073690

::::::::::: PreSendRequestContent Request called at 9/2/2018 11:02:30 PM   :::   23:02:30.1113691

::::::::::: PreSendRequestHeaders Request called at 9/2/2018 11:02:30 PM   :::   23:02:30.1113691

::::::::::: AuthorizeRequest Request called at 9/2/2018 11:02:30 PM   :::   23:02:30.1433717

::::::::::: PostAuthorizeRequest Request called at 9/2/2018 11:02:30 PM   :::   23:02:30.1433717

::::::::::: End Request called at 9/2/2018 11:02:30 PM   :::   23:02:30.1473717

::::::::::: PostResolveRequestCache Request called at 9/2/2018 11:02:30 PM   :::   23:02:30.1473717

::::::::::: AcquireRequestState Request called at 9/2/2018 11:02:30 PM   :::   23:02:30.1513722

::::::::::: PostAcquireRequestState Request called at 9/2/2018 11:02:30 PM   :::   23:02:30.1513722

::::::::::: PreRequestHandlerExecute Request called at 9/2/2018 11:02:30 PM   :::   23:02:30.1513722

::::::::::: PostRequestHandlerExecute Request called at 9/2/2018 11:02:30 PM   :::   23:02:30.1553723

::::::::::: ReleaseRequestState Request called at 9/2/2018 11:02:30 PM   :::   23:02:30.1553723

::::::::::: PostReleaseRequestState Request called at 9/2/2018 11:02:30 PM   :::   23:02:30.1553723

::::::::::: UpdateRequestCache Request called at 9/2/2018 11:02:30 PM   :::   23:02:30.1593724

::::::::::: EndRequest Request called at 9/2/2018 11:02:30 PM   :::   23:02:30.1593724

::::::::::: PreSendRequestContent Request called at 9/2/2018 11:02:30 PM   :::   23:02:30.1593724

::::::::::: PreSendRequestHeaders Request called at 9/2/2018 11:02:30 PM   :::   23:02:30.1633736

::::::::::: BeginRequest Request called at 9/2/2018 11:02:32 PM   :::   23:02:32.3040520

::::::::::: AuthenticateRequest Request called at 9/2/2018 11:02:32 PM   :::   23:02:32.3040520

::::::::::: PostAuthenticateRequest Request called at 9/2/2018 11:02:32 PM   :::   23:02:32.3085262

::::::::::: AuthorizeRequest Request called at 9/2/2018 11:02:32 PM   :::   23:02:32.3085262

::::::::::: PostAuthorizeRequest Request called at 9/2/2018 11:02:32 PM   :::   23:02:32.3125267

::::::::::: End Request called at 9/2/2018 11:02:32 PM   :::   23:02:32.3125267

::::::::::: PostResolveRequestCache Request called at 9/2/2018 11:02:32 PM   :::   23:02:32.3167439

::::::::::: AcquireRequestState Request called at 9/2/2018 11:02:32 PM   :::   23:02:32.3167439

::::::::::: PostAcquireRequestState Request called at 9/2/2018 11:02:32 PM   :::   23:02:32.3188894

::::::::::: PreRequestHandlerExecute Request called at 9/2/2018 11:02:32 PM   :::   23:02:32.3188894

::::::::::: Error Request called at 9/2/2018 11:02:32 PM   :::   23:02:32.3228903

::::::::::: EndRequest Request called at 9/2/2018 11:02:32 PM   :::   23:02:32.3268891

::::::::::: PreSendRequestContent Request called at 9/2/2018 11:02:32 PM   :::   23:02:32.3268891

::::::::::: PreSendRequestHeaders Request called at 9/2/2018 11:02:32 PM   :::   23:02:32.3308920

::::::::::: BeginRequest Request called at 9/2/2018 11:02:33 PM   :::   23:02:33.7377248

::::::::::: AuthenticateRequest Request called at 9/2/2018 11:02:33 PM   :::   23:02:33.7377248

::::::::::: PostAuthenticateRequest Request called at 9/2/2018 11:02:33 PM   :::   23:02:33.7377248

::::::::::: AuthorizeRequest Request called at 9/2/2018 11:02:33 PM   :::   23:02:33.7377248

::::::::::: PostAuthorizeRequest Request called at 9/2/2018 11:02:33 PM   :::   23:02:33.7377248

::::::::::: End Request called at 9/2/2018 11:02:33 PM   :::   23:02:33.7377248

::::::::::: PostResolveRequestCache Request called at 9/2/2018 11:02:33 PM   :::   23:02:33.7377248

::::::::::: AcquireRequestState Request called at 9/2/2018 11:02:33 PM   :::   23:02:33.7377248

::::::::::: PostAcquireRequestState Request called at 9/2/2018 11:02:33 PM   :::   23:02:33.7377248

::::::::::: PreRequestHandlerExecute Request called at 9/2/2018 11:02:33 PM   :::   23:02:33.7377248

::::::::::: PostRequestHandlerExecute Request called at 9/2/2018 11:02:33 PM   :::   23:02:33.8062329

::::::::::: ReleaseRequestState Request called at 9/2/2018 11:02:33 PM   :::   23:02:33.8062329

::::::::::: PostReleaseRequestState Request called at 9/2/2018 11:02:33 PM   :::   23:02:33.8062329

::::::::::: UpdateRequestCache Request called at 9/2/2018 11:02:33 PM   :::   23:02:33.8062329

::::::::::: EndRequest Request called at 9/2/2018 11:02:33 PM   :::   23:02:33.8218767

::::::::::: PreSendRequestContent Request called at 9/2/2018 11:02:33 PM   :::   23:02:33.8218767

::::::::::: PreSendRequestHeaders Request called at 9/2/2018 11:02:33 PM   :::   23:02:33.8218767

::::::::::: BeginRequest Request called at 9/2/2018 11:02:37 PM   :::   23:02:37.4754911

::::::::::: AuthenticateRequest Request called at 9/2/2018 11:02:37 PM   :::   23:02:37.4754911

::::::::::: PostAuthenticateRequest Request called at 9/2/2018 11:02:37 PM   :::   23:02:37.4911160

::::::::::: AuthorizeRequest Request called at 9/2/2018 11:02:37 PM   :::   23:02:37.4911160

::::::::::: PostAuthorizeRequest Request called at 9/2/2018 11:02:37 PM   :::   23:02:37.4911160

::::::::::: End Request called at 9/2/2018 11:02:37 PM   :::   23:02:37.5077763

::::::::::: PostResolveRequestCache Request called at 9/2/2018 11:02:37 PM   :::   23:02:37.5122805

::::::::::: AcquireRequestState Request called at 9/2/2018 11:02:37 PM   :::   23:02:37.5132899

::::::::::: PostAcquireRequestState Request called at 9/2/2018 11:02:37 PM   :::   23:02:37.5132899

::::::::::: PreRequestHandlerExecute Request called at 9/2/2018 11:02:37 PM   :::   23:02:37.5132899

::::::::::: Error Request called at 9/2/2018 11:02:37 PM   :::   23:02:37.5132899

::::::::::: EndRequest Request called at 9/2/2018 11:02:37 PM   :::   23:02:37.5289152

::::::::::: PreSendRequestContent Request called at 9/2/2018 11:02:37 PM   :::   23:02:37.5289152

::::::::::: PreSendRequestHeaders Request called at 9/2/2018 11:02:37 PM   :::   23:02:37.5289152

