::::::::::: BeginRequest Request called at 9/14/2018 6:35:38 PM   :::   18:35:38.1528508

::::::::::: BeginRequest Request called at 9/14/2018 6:35:38 PM   :::   18:35:38.2259086

::::::::::: AuthenticateRequest Request called at 9/14/2018 6:35:38 PM   :::   18:35:38.2359161

::::::::::: AuthenticateRequest Request called at 9/14/2018 6:35:38 PM   :::   18:35:38.2439210

::::::::::: PostAuthenticateRequest Request called at 9/14/2018 6:35:38 PM   :::   18:35:38.4826298

::::::::::: AuthorizeRequest Request called at 9/14/2018 6:35:38 PM   :::   18:35:38.4856320

::::::::::: PostAuthorizeRequest Request called at 9/14/2018 6:35:38 PM   :::   18:35:38.4876334

::::::::::: End Request called at 9/14/2018 6:35:38 PM   :::   18:35:38.4911357

::::::::::: PostAuthenticateRequest Request called at 9/14/2018 6:35:38 PM   :::   18:35:38.4951385

::::::::::: AuthorizeRequest Request called at 9/14/2018 6:35:38 PM   :::   18:35:38.4966512

::::::::::: PostAuthorizeRequest Request called at 9/14/2018 6:35:38 PM   :::   18:35:38.4996419

::::::::::: End Request called at 9/14/2018 6:35:38 PM   :::   18:35:38.5011428

::::::::::: PostResolveRequestCache Request called at 9/14/2018 6:35:38 PM   :::   18:35:38.7192982

::::::::::: PostResolveRequestCache Request called at 9/14/2018 6:35:38 PM   :::   18:35:38.7353096

::::::::::: AcquireRequestState Request called at 9/14/2018 6:35:38 PM   :::   18:35:38.7648307

::::::::::: PostAcquireRequestState Request called at 9/14/2018 6:35:38 PM   :::   18:35:38.7763387

::::::::::: PreRequestHandlerExecute Request called at 9/14/2018 6:35:38 PM   :::   18:35:38.7783401

::::::::::: PostAcquireRequestState Request called at 9/14/2018 6:35:38 PM   :::   18:35:38.7828435

::::::::::: PreRequestHandlerExecute Request called at 9/14/2018 6:35:38 PM   :::   18:35:38.7928502

::::::::::: PostRequestHandlerExecute Request called at 9/14/2018 6:35:44 PM   :::   18:35:44.2419551

::::::::::: ReleaseRequestState Request called at 9/14/2018 6:35:44 PM   :::   18:35:44.2509615

::::::::::: PostReleaseRequestState Request called at 9/14/2018 6:35:44 PM   :::   18:35:44.2599695

::::::::::: PostReleaseRequestState Request called at 9/14/2018 6:35:44 PM   :::   18:35:44.2609694

::::::::::: UpdateRequestCache Request called at 9/14/2018 6:35:44 PM   :::   18:35:44.3240134

::::::::::: EndRequest Request called at 9/14/2018 6:35:44 PM   :::   18:35:44.3390280

::::::::::: EndRequest Request called at 9/14/2018 6:35:44 PM   :::   18:35:44.3530415

::::::::::: PreSendRequestContent Request called at 9/14/2018 6:35:44 PM   :::   18:35:44.3780581

::::::::::: PreSendRequestHeaders Request called at 9/14/2018 6:35:44 PM   :::   18:35:44.3860654

::::::::::: BeginRequest Request called at 9/14/2018 6:35:44 PM   :::   18:35:44.4661388

::::::::::: AuthenticateRequest Request called at 9/14/2018 6:35:44 PM   :::   18:35:44.4681406

::::::::::: BeginRequest Request called at 9/14/2018 6:35:44 PM   :::   18:35:44.4741516

::::::::::: AuthenticateRequest Request called at 9/14/2018 6:35:44 PM   :::   18:35:44.4771474

::::::::::: PostAuthenticateRequest Request called at 9/14/2018 6:35:44 PM   :::   18:35:44.4801492

::::::::::: AuthorizeRequest Request called at 9/14/2018 6:35:44 PM   :::   18:35:44.5051673

::::::::::: PostAuthorizeRequest Request called at 9/14/2018 6:35:44 PM   :::   18:35:44.5141730

::::::::::: End Request called at 9/14/2018 6:35:44 PM   :::   18:35:44.5291860

::::::::::: PostResolveRequestCache Request called at 9/14/2018 6:35:44 PM   :::   18:35:44.5371917

::::::::::: AcquireRequestState Request called at 9/14/2018 6:35:44 PM   :::   18:35:44.5472031

::::::::::: PostAcquireRequestState Request called at 9/14/2018 6:35:44 PM   :::   18:35:44.5492049

::::::::::: PreRequestHandlerExecute Request called at 9/14/2018 6:35:44 PM   :::   18:35:44.5522063

::::::::::: AuthorizeRequest Request called at 9/14/2018 6:35:44 PM   :::   18:35:44.5602132

::::::::::: AuthorizeRequest Request called at 9/14/2018 6:35:44 PM   :::   18:35:44.5682185

::::::::::: PostRequestHandlerExecute Request called at 9/14/2018 6:35:44 PM   :::   18:35:44.5762253

::::::::::: ReleaseRequestState Request called at 9/14/2018 6:35:44 PM   :::   18:35:44.5862316

::::::::::: PostResolveRequestCache Request called at 9/14/2018 6:35:44 PM   :::   18:35:44.5952384

::::::::::: AcquireRequestState Request called at 9/14/2018 6:35:44 PM   :::   18:35:44.6032437

::::::::::: PostAuthorizeRequest Request called at 9/14/2018 6:35:44 PM   :::   18:35:44.5762253

::::::::::: End Request called at 9/14/2018 6:35:44 PM   :::   18:35:44.6247616

::::::::::: UpdateRequestCache Request called at 9/14/2018 6:35:44 PM   :::   18:35:44.6257623

::::::::::: EndRequest Request called at 9/14/2018 6:35:44 PM   :::   18:35:44.6347679

::::::::::: PostRequestHandlerExecute Request called at 9/14/2018 6:35:44 PM   :::   18:35:44.6392717

::::::::::: ReleaseRequestState Request called at 9/14/2018 6:35:44 PM   :::   18:35:44.6502823

::::::::::: PostReleaseRequestState Request called at 9/14/2018 6:35:44 PM   :::   18:35:44.6572877

::::::::::: PreRequestHandlerExecute Request called at 9/14/2018 6:35:44 PM   :::   18:35:44.7063221

::::::::::: PostRequestHandlerExecute Request called at 9/14/2018 6:35:44 PM   :::   18:35:44.7193313

::::::::::: ReleaseRequestState Request called at 9/14/2018 6:35:44 PM   :::   18:35:44.7293424

::::::::::: PostReleaseRequestState Request called at 9/14/2018 6:35:44 PM   :::   18:35:44.7843847

::::::::::: PostReleaseRequestState Request called at 9/14/2018 6:35:44 PM   :::   18:35:44.7723753

::::::::::: UpdateRequestCache Request called at 9/14/2018 6:35:44 PM   :::   18:35:44.8174081

::::::::::: EndRequest Request called at 9/14/2018 6:35:44 PM   :::   18:35:44.8214110

::::::::::: PreSendRequestContent Request called at 9/14/2018 6:35:44 PM   :::   18:35:44.8289208

::::::::::: PreSendRequestHeaders Request called at 9/14/2018 6:35:44 PM   :::   18:35:44.8354245

::::::::::: BeginRequest Request called at 9/14/2018 6:35:44 PM   :::   18:35:44.8394269

::::::::::: AuthenticateRequest Request called at 9/14/2018 6:35:44 PM   :::   18:35:44.8534452

::::::::::: End Request called at 9/14/2018 6:35:44 PM   :::   18:35:44.8604501

::::::::::: PostAuthenticateRequest Request called at 9/14/2018 6:35:44 PM   :::   18:35:44.8654612

::::::::::: AuthorizeRequest Request called at 9/14/2018 6:35:44 PM   :::   18:35:44.8784625

::::::::::: PostAuthorizeRequest Request called at 9/14/2018 6:35:44 PM   :::   18:35:44.8864694

::::::::::: PostAuthenticateRequest Request called at 9/14/2018 6:35:44 PM   :::   18:35:44.9034807

::::::::::: BeginRequest Request called at 9/14/2018 6:35:44 PM   :::   18:35:44.9044818

::::::::::: PreRequestHandlerExecute Request called at 9/14/2018 6:35:44 PM   :::   18:35:44.9430275

::::::::::: PostAuthorizeRequest Request called at 9/14/2018 6:35:44 PM   :::   18:35:44.9630398

::::::::::: End Request called at 9/14/2018 6:35:44 PM   :::   18:35:44.9690476

::::::::::: ReleaseRequestState Request called at 9/14/2018 6:35:44 PM   :::   18:35:44.9840547

::::::::::: PreRequestHandlerExecute Request called at 9/14/2018 6:35:45 PM   :::   18:35:45.0050704

::::::::::: PostAuthorizeRequest Request called at 9/14/2018 6:35:45 PM   :::   18:35:45.0160775

::::::::::: End Request called at 9/14/2018 6:35:45 PM   :::   18:35:45.0371054

::::::::::: PostRequestHandlerExecute Request called at 9/14/2018 6:35:45 PM   :::   18:35:45.0441467

::::::::::: AcquireRequestState Request called at 9/14/2018 6:35:45 PM   :::   18:35:45.0711635

::::::::::: PostAcquireRequestState Request called at 9/14/2018 6:35:45 PM   :::   18:35:45.0761671

::::::::::: PreRequestHandlerExecute Request called at 9/14/2018 6:35:45 PM   :::   18:35:45.0931792

::::::::::: UpdateRequestCache Request called at 9/14/2018 6:35:45 PM   :::   18:35:45.1061884

::::::::::: BeginRequest Request called at 9/14/2018 6:35:45 PM   :::   18:35:45.1081902

::::::::::: AuthenticateRequest Request called at 9/14/2018 6:35:45 PM   :::   18:35:45.1357171

::::::::::: PostReleaseRequestState Request called at 9/14/2018 6:35:45 PM   :::   18:35:45.1766934

::::::::::: UpdateRequestCache Request called at 9/14/2018 6:35:45 PM   :::   18:35:45.1897054

::::::::::: EndRequest Request called at 9/14/2018 6:35:45 PM   :::   18:35:45.1947042

::::::::::: AuthorizeRequest Request called at 9/14/2018 6:35:45 PM   :::   18:35:45.2007140

::::::::::: PostAuthorizeRequest Request called at 9/14/2018 6:35:45 PM   :::   18:35:45.2097148

::::::::::: End Request called at 9/14/2018 6:35:45 PM   :::   18:35:45.2272381

::::::::::: AuthorizeRequest Request called at 9/14/2018 6:35:45 PM   :::   18:35:45.2447563

::::::::::: PostResolveRequestCache Request called at 9/14/2018 6:35:45 PM   :::   18:35:45.2497610

::::::::::: AcquireRequestState Request called at 9/14/2018 6:35:45 PM   :::   18:35:45.2667715

::::::::::: PostAcquireRequestState Request called at 9/14/2018 6:35:45 PM   :::   18:35:45.3008549

::::::::::: BeginRequest Request called at 9/14/2018 6:35:45 PM   :::   18:35:45.3008549

::::::::::: PreRequestHandlerExecute Request called at 9/14/2018 6:35:45 PM   :::   18:35:45.3048578

::::::::::: PostRequestHandlerExecute Request called at 9/14/2018 6:35:45 PM   :::   18:35:45.3506702

::::::::::: BeginRequest Request called at 9/14/2018 6:35:45 PM   :::   18:35:45.3436664

::::::::::: AcquireRequestState Request called at 9/14/2018 6:35:45 PM   :::   18:35:45.3596766

::::::::::: PostAcquireRequestState Request called at 9/14/2018 6:35:45 PM   :::   18:35:45.3616784

::::::::::: PreRequestHandlerExecute Request called at 9/14/2018 6:35:45 PM   :::   18:35:45.3646802

::::::::::: PostReleaseRequestState Request called at 9/14/2018 6:35:45 PM   :::   18:35:45.3792834

::::::::::: PostAuthenticateRequest Request called at 9/14/2018 6:35:45 PM   :::   18:35:45.3792834

::::::::::: AuthorizeRequest Request called at 9/14/2018 6:35:45 PM   :::   18:35:45.3924841

::::::::::: ReleaseRequestState Request called at 9/14/2018 6:35:45 PM   :::   18:35:45.3934841

::::::::::: PostAuthorizeRequest Request called at 9/14/2018 6:35:45 PM   :::   18:35:45.3967641

::::::::::: PreSendRequestContent Request called at 9/14/2018 6:35:45 PM   :::   18:35:45.4154121

::::::::::: End Request called at 9/14/2018 6:35:45 PM   :::   18:35:45.4196075

::::::::::: PostResolveRequestCache Request called at 9/14/2018 6:35:45 PM   :::   18:35:45.4396190

::::::::::: PreSendRequestHeaders Request called at 9/14/2018 6:35:45 PM   :::   18:35:45.4261092

::::::::::: EndRequest Request called at 9/14/2018 6:35:45 PM   :::   18:35:45.4636388

::::::::::: End Request called at 9/14/2018 6:35:45 PM   :::   18:35:45.4586349

::::::::::: PreSendRequestContent Request called at 9/14/2018 6:35:45 PM   :::   18:35:45.4716536

::::::::::: PostAcquireRequestState Request called at 9/14/2018 6:35:45 PM   :::   18:35:45.4976638

::::::::::: PostResolveRequestCache Request called at 9/14/2018 6:35:45 PM   :::   18:35:45.4976638

::::::::::: PreSendRequestHeaders Request called at 9/14/2018 6:35:45 PM   :::   18:35:45.5026681

::::::::::: AuthorizeRequest Request called at 9/14/2018 6:35:45 PM   :::   18:35:45.5255072

::::::::::: AuthenticateRequest Request called at 9/14/2018 6:35:45 PM   :::   18:35:45.5465249

::::::::::: PostAcquireRequestState Request called at 9/14/2018 6:35:45 PM   :::   18:35:45.5475260

::::::::::: PreRequestHandlerExecute Request called at 9/14/2018 6:35:45 PM   :::   18:35:45.5645369

::::::::::: PostAuthenticateRequest Request called at 9/14/2018 6:35:45 PM   :::   18:35:45.5696676

::::::::::: UpdateRequestCache Request called at 9/14/2018 6:35:45 PM   :::   18:35:45.5806758

::::::::::: AuthorizeRequest Request called at 9/14/2018 6:35:45 PM   :::   18:35:45.5956853

::::::::::: PostAuthorizeRequest Request called at 9/14/2018 6:35:45 PM   :::   18:35:45.6036910

::::::::::: PostAcquireRequestState Request called at 9/14/2018 6:35:45 PM   :::   18:35:45.6167010

::::::::::: End Request called at 9/14/2018 6:35:45 PM   :::   18:35:45.6197111

::::::::::: EndRequest Request called at 9/14/2018 6:35:45 PM   :::   18:35:45.6282106

::::::::::: PostResolveRequestCache Request called at 9/14/2018 6:35:45 PM   :::   18:35:45.6317137

::::::::::: AcquireRequestState Request called at 9/14/2018 6:35:45 PM   :::   18:35:45.6452381

::::::::::: PostAcquireRequestState Request called at 9/14/2018 6:35:45 PM   :::   18:35:45.6612487

::::::::::: PreRequestHandlerExecute Request called at 9/14/2018 6:35:45 PM   :::   18:35:45.6732576

::::::::::: PreSendRequestHeaders Request called at 9/14/2018 6:35:45 PM   :::   18:35:45.6802645

::::::::::: PostReleaseRequestState Request called at 9/14/2018 6:35:45 PM   :::   18:35:45.6932706

::::::::::: UpdateRequestCache Request called at 9/14/2018 6:35:45 PM   :::   18:35:45.7002760

::::::::::: EndRequest Request called at 9/14/2018 6:35:45 PM   :::   18:35:45.7082813

::::::::::: UpdateRequestCache Request called at 9/14/2018 6:35:45 PM   :::   18:35:45.7363036

::::::::::: UpdateRequestCache Request called at 9/14/2018 6:35:45 PM   :::   18:35:45.7545082

::::::::::: EndRequest Request called at 9/14/2018 6:35:45 PM   :::   18:35:45.7675174

::::::::::: PreSendRequestContent Request called at 9/14/2018 6:35:45 PM   :::   18:35:45.7885324

::::::::::: PostAuthorizeRequest Request called at 9/14/2018 6:35:45 PM   :::   18:35:45.7935351

::::::::::: BeginRequest Request called at 9/14/2018 6:35:45 PM   :::   18:35:45.8005397

::::::::::: End Request called at 9/14/2018 6:35:45 PM   :::   18:35:45.8255614

::::::::::: PostResolveRequestCache Request called at 9/14/2018 6:35:45 PM   :::   18:35:45.8485979

::::::::::: End Request called at 9/14/2018 6:35:45 PM   :::   18:35:45.8586054

::::::::::: PostResolveRequestCache Request called at 9/14/2018 6:35:45 PM   :::   18:35:45.8706136

::::::::::: AcquireRequestState Request called at 9/14/2018 6:35:45 PM   :::   18:35:45.8806219

::::::::::: PostAcquireRequestState Request called at 9/14/2018 6:35:45 PM   :::   18:35:45.8836232

::::::::::: PreRequestHandlerExecute Request called at 9/14/2018 6:35:45 PM   :::   18:35:45.8856246

::::::::::: PostAcquireRequestState Request called at 9/14/2018 6:35:45 PM   :::   18:35:45.9006345

::::::::::: PreRequestHandlerExecute Request called at 9/14/2018 6:35:45 PM   :::   18:35:45.9086402

::::::::::: PostAuthenticateRequest Request called at 9/14/2018 6:35:45 PM   :::   18:35:45.9276588

::::::::::: AuthorizeRequest Request called at 9/14/2018 6:35:45 PM   :::   18:35:45.9341633

::::::::::: AuthorizeRequest Request called at 9/14/2018 6:35:45 PM   :::   18:35:45.9386667

::::::::::: PostAuthorizeRequest Request called at 9/14/2018 6:35:45 PM   :::   18:35:45.9471757

::::::::::: End Request called at 9/14/2018 6:35:45 PM   :::   18:35:45.9561824

::::::::::: End Request called at 9/14/2018 6:35:45 PM   :::   18:35:45.9591842

::::::::::: UpdateRequestCache Request called at 9/14/2018 6:35:45 PM   :::   18:35:45.9661892

::::::::::: UpdateRequestCache Request called at 9/14/2018 6:35:45 PM   :::   18:35:45.9832012

::::::::::: PostAcquireRequestState Request called at 9/14/2018 6:35:45 PM   :::   18:35:45.9952098

::::::::::: EndRequest Request called at 9/14/2018 6:35:45 PM   :::   18:35:45.9982115

::::::::::: PostAcquireRequestState Request called at 9/14/2018 6:35:46 PM   :::   18:35:46.0132222

::::::::::: PreSendRequestContent Request called at 9/14/2018 6:35:46 PM   :::   18:35:46.0052169

::::::::::: PreSendRequestHeaders Request called at 9/14/2018 6:35:46 PM   :::   18:35:46.0282360

::::::::::: PreSendRequestHeaders Request called at 9/14/2018 6:35:46 PM   :::   18:35:46.0282360

::::::::::: PostRequestHandlerExecute Request called at 9/14/2018 6:35:46 PM   :::   18:35:46.0342411

::::::::::: BeginRequest Request called at 9/14/2018 6:35:46 PM   :::   18:35:46.0442505

::::::::::: PostAcquireRequestState Request called at 9/14/2018 6:35:46 PM   :::   18:35:46.0712693

::::::::::: PostReleaseRequestState Request called at 9/14/2018 6:35:46 PM   :::   18:35:46.0952860

::::::::::: PreRequestHandlerExecute Request called at 9/14/2018 6:35:46 PM   :::   18:35:46.0832787

::::::::::: PostAuthenticateRequest Request called at 9/14/2018 6:35:46 PM   :::   18:35:46.0962871

::::::::::: PostRequestHandlerExecute Request called at 9/14/2018 6:35:46 PM   :::   18:35:46.1132992

::::::::::: ReleaseRequestState Request called at 9/14/2018 6:35:46 PM   :::   18:35:46.1237287

::::::::::: PostReleaseRequestState Request called at 9/14/2018 6:35:46 PM   :::   18:35:46.1462496

::::::::::: PostResolveRequestCache Request called at 9/14/2018 6:35:46 PM   :::   18:35:46.1822748

::::::::::: AcquireRequestState Request called at 9/14/2018 6:35:46 PM   :::   18:35:46.1872788

::::::::::: BeginRequest Request called at 9/14/2018 6:35:46 PM   :::   18:35:46.1922831

::::::::::: AuthenticateRequest Request called at 9/14/2018 6:35:46 PM   :::   18:35:46.1952853

::::::::::: PreRequestHandlerExecute Request called at 9/14/2018 6:35:46 PM   :::   18:35:46.2142972

::::::::::: PostRequestHandlerExecute Request called at 9/14/2018 6:35:46 PM   :::   18:35:46.2263105

::::::::::: ReleaseRequestState Request called at 9/14/2018 6:35:46 PM   :::   18:35:46.2343157

::::::::::: AcquireRequestState Request called at 9/14/2018 6:35:46 PM   :::   18:35:46.2398203

::::::::::: PostAcquireRequestState Request called at 9/14/2018 6:35:46 PM   :::   18:35:46.2413207

::::::::::: UpdateRequestCache Request called at 9/14/2018 6:35:46 PM   :::   18:35:46.2603417

::::::::::: AuthorizeRequest Request called at 9/14/2018 6:35:46 PM   :::   18:35:46.2663413

::::::::::: PostAuthenticateRequest Request called at 9/14/2018 6:35:46 PM   :::   18:35:46.2723455

::::::::::: PostAuthorizeRequest Request called at 9/14/2018 6:35:46 PM   :::   18:35:46.2753485

::::::::::: AuthorizeRequest Request called at 9/14/2018 6:35:46 PM   :::   18:35:46.2943616

::::::::::: BeginRequest Request called at 9/14/2018 6:35:46 PM   :::   18:35:46.2953623

::::::::::: End Request called at 9/14/2018 6:35:46 PM   :::   18:35:46.2953623

::::::::::: PostReleaseRequestState Request called at 9/14/2018 6:35:46 PM   :::   18:35:46.3233830

::::::::::: PostResolveRequestCache Request called at 9/14/2018 6:35:46 PM   :::   18:35:46.3133755

::::::::::: AcquireRequestState Request called at 9/14/2018 6:35:46 PM   :::   18:35:46.3343955

::::::::::: PostAcquireRequestState Request called at 9/14/2018 6:35:46 PM   :::   18:35:46.3363966

::::::::::: PreRequestHandlerExecute Request called at 9/14/2018 6:35:46 PM   :::   18:35:46.3414005

::::::::::: PostResolveRequestCache Request called at 9/14/2018 6:35:46 PM   :::   18:35:46.3564147

::::::::::: AuthorizeRequest Request called at 9/14/2018 6:35:46 PM   :::   18:35:46.3804318

::::::::::: PostAuthorizeRequest Request called at 9/14/2018 6:35:46 PM   :::   18:35:46.3874356

::::::::::: PostAcquireRequestState Request called at 9/14/2018 6:35:46 PM   :::   18:35:46.4054480

::::::::::: PostResolveRequestCache Request called at 9/14/2018 6:35:46 PM   :::   18:35:46.4512908

::::::::::: AcquireRequestState Request called at 9/14/2018 6:35:46 PM   :::   18:35:46.4532922

::::::::::: PreRequestHandlerExecute Request called at 9/14/2018 6:35:46 PM   :::   18:35:46.4094516

::::::::::: PreSendRequestContent Request called at 9/14/2018 6:35:46 PM   :::   18:35:46.4763082

::::::::::: PreSendRequestHeaders Request called at 9/14/2018 6:35:46 PM   :::   18:35:46.4883163

::::::::::: PostRequestHandlerExecute Request called at 9/14/2018 6:35:46 PM   :::   18:35:46.5183298

::::::::::: BeginRequest Request called at 9/14/2018 6:35:46 PM   :::   18:35:46.5298401

::::::::::: ReleaseRequestState Request called at 9/14/2018 6:35:46 PM   :::   18:35:46.5443542

::::::::::: PostReleaseRequestState Request called at 9/14/2018 6:35:46 PM   :::   18:35:46.5473575

::::::::::: PostAcquireRequestState Request called at 9/14/2018 6:35:46 PM   :::   18:35:46.5603647

::::::::::: PreRequestHandlerExecute Request called at 9/14/2018 6:35:46 PM   :::   18:35:46.5973926

::::::::::: AuthorizeRequest Request called at 9/14/2018 6:35:46 PM   :::   18:35:46.6204086

::::::::::: EndRequest Request called at 9/14/2018 6:35:46 PM   :::   18:35:46.6294359

::::::::::: PostAuthorizeRequest Request called at 9/14/2018 6:35:46 PM   :::   18:35:46.6329370

::::::::::: PreSendRequestContent Request called at 9/14/2018 6:35:46 PM   :::   18:35:46.6404425

::::::::::: UpdateRequestCache Request called at 9/14/2018 6:35:46 PM   :::   18:35:46.6471290

::::::::::: PreSendRequestHeaders Request called at 9/14/2018 6:35:46 PM   :::   18:35:46.6501307

::::::::::: EndRequest Request called at 9/14/2018 6:35:46 PM   :::   18:35:46.6731474

::::::::::: PreRequestHandlerExecute Request called at 9/14/2018 6:35:46 PM   :::   18:35:46.6821558

::::::::::: PostAcquireRequestState Request called at 9/14/2018 6:35:46 PM   :::   18:35:46.6941620

::::::::::: PreRequestHandlerExecute Request called at 9/14/2018 6:35:46 PM   :::   18:35:46.6991663

::::::::::: UpdateRequestCache Request called at 9/14/2018 6:35:46 PM   :::   18:35:46.7111745

::::::::::: ReleaseRequestState Request called at 9/14/2018 6:35:46 PM   :::   18:35:46.7031703

::::::::::: PostReleaseRequestState Request called at 9/14/2018 6:35:46 PM   :::   18:35:46.7211812

::::::::::: PreSendRequestContent Request called at 9/14/2018 6:35:46 PM   :::   18:35:46.7331937

::::::::::: PreSendRequestHeaders Request called at 9/14/2018 6:35:46 PM   :::   18:35:46.7487072

::::::::::: EndRequest Request called at 9/14/2018 6:35:46 PM   :::   18:35:46.7657201

::::::::::: PreSendRequestContent Request called at 9/14/2018 6:35:46 PM   :::   18:35:46.7677211

::::::::::: PreSendRequestHeaders Request called at 9/14/2018 6:35:46 PM   :::   18:35:46.7697230

::::::::::: PostReleaseRequestState Request called at 9/14/2018 6:35:46 PM   :::   18:35:46.7807300

::::::::::: UpdateRequestCache Request called at 9/14/2018 6:35:46 PM   :::   18:35:46.7897368

::::::::::: EndRequest Request called at 9/14/2018 6:35:46 PM   :::   18:35:46.7937396

::::::::::: PreSendRequestContent Request called at 9/14/2018 6:35:46 PM   :::   18:35:46.8007446

::::::::::: PreSendRequestHeaders Request called at 9/14/2018 6:35:46 PM   :::   18:35:46.8077500

::::::::::: PostAuthenticateRequest Request called at 9/14/2018 6:35:46 PM   :::   18:35:46.8157553

::::::::::: BeginRequest Request called at 9/14/2018 6:35:46 PM   :::   18:35:46.8177567

::::::::::: AuthenticateRequest Request called at 9/14/2018 6:35:46 PM   :::   18:35:46.8217595

::::::::::: AuthorizeRequest Request called at 9/14/2018 6:35:46 PM   :::   18:35:46.8332719

::::::::::: PostAuthorizeRequest Request called at 9/14/2018 6:35:46 PM   :::   18:35:46.8357845

::::::::::: End Request called at 9/14/2018 6:35:46 PM   :::   18:35:46.8377772

::::::::::: PostResolveRequestCache Request called at 9/14/2018 6:35:46 PM   :::   18:35:46.8417777

::::::::::: AcquireRequestState Request called at 9/14/2018 6:35:46 PM   :::   18:35:46.8437823

::::::::::: AuthorizeRequest Request called at 9/14/2018 6:35:46 PM   :::   18:35:46.8507880

::::::::::: PostAuthorizeRequest Request called at 9/14/2018 6:35:46 PM   :::   18:35:46.8577938

::::::::::: End Request called at 9/14/2018 6:35:46 PM   :::   18:35:46.8738044

::::::::::: AuthorizeRequest Request called at 9/14/2018 6:35:46 PM   :::   18:35:46.8828104

::::::::::: AuthorizeRequest Request called at 9/14/2018 6:35:46 PM   :::   18:35:46.8908165

::::::::::: PostAuthorizeRequest Request called at 9/14/2018 6:35:46 PM   :::   18:35:46.9048253

::::::::::: AuthorizeRequest Request called at 9/14/2018 6:35:46 PM   :::   18:35:46.9118302

::::::::::: End Request called at 9/14/2018 6:35:46 PM   :::   18:35:46.9218381

::::::::::: PostResolveRequestCache Request called at 9/14/2018 6:35:46 PM   :::   18:35:46.9388526

::::::::::: AcquireRequestState Request called at 9/14/2018 6:35:46 PM   :::   18:35:46.9458599

::::::::::: PreRequestHandlerExecute Request called at 9/14/2018 6:35:46 PM   :::   18:35:46.9458599

::::::::::: EndRequest Request called at 9/14/2018 6:35:46 PM   :::   18:35:46.9618717

::::::::::: PostAcquireRequestState Request called at 9/14/2018 6:35:46 PM   :::   18:35:46.9628728

::::::::::: PreRequestHandlerExecute Request called at 9/14/2018 6:35:46 PM   :::   18:35:46.9758817

::::::::::: PostAcquireRequestState Request called at 9/14/2018 6:35:46 PM   :::   18:35:46.9838869

::::::::::: PreRequestHandlerExecute Request called at 9/14/2018 6:35:46 PM   :::   18:35:46.9898920

::::::::::: PostReleaseRequestState Request called at 9/14/2018 6:35:47 PM   :::   18:35:47.0149086

::::::::::: PostReleaseRequestState Request called at 9/14/2018 6:35:47 PM   :::   18:35:47.0179103

::::::::::: UpdateRequestCache Request called at 9/14/2018 6:35:47 PM   :::   18:35:47.0329245

::::::::::: UpdateRequestCache Request called at 9/14/2018 6:35:47 PM   :::   18:35:47.0459373

::::::::::: PostReleaseRequestState Request called at 9/14/2018 6:35:47 PM   :::   18:35:47.0629494

::::::::::: PostAuthenticateRequest Request called at 9/14/2018 6:35:47 PM   :::   18:35:47.0689537

::::::::::: PreSendRequestContent Request called at 9/14/2018 6:35:47 PM   :::   18:35:47.0859654

::::::::::: AuthorizeRequest Request called at 9/14/2018 6:35:47 PM   :::   18:35:47.1335084

::::::::::: PostAuthorizeRequest Request called at 9/14/2018 6:35:47 PM   :::   18:35:47.1465378

::::::::::: End Request called at 9/14/2018 6:35:47 PM   :::   18:35:47.1615489

::::::::::: BeginRequest Request called at 9/14/2018 6:35:47 PM   :::   18:35:47.1585459

::::::::::: BeginRequest Request called at 9/14/2018 6:35:47 PM   :::   18:35:47.1725567

::::::::::: EndRequest Request called at 9/14/2018 6:35:47 PM   :::   18:35:47.1775610

::::::::::: AuthenticateRequest Request called at 9/14/2018 6:35:47 PM   :::   18:35:47.2105841

::::::::::: PreSendRequestContent Request called at 9/14/2018 6:35:47 PM   :::   18:35:47.1935716

::::::::::: PreSendRequestHeaders Request called at 9/14/2018 6:35:47 PM   :::   18:35:47.2195901

::::::::::: BeginRequest Request called at 9/14/2018 6:35:47 PM   :::   18:35:47.2461147

::::::::::: AuthenticateRequest Request called at 9/14/2018 6:35:47 PM   :::   18:35:47.2491176

::::::::::: ReleaseRequestState Request called at 9/14/2018 6:35:47 PM   :::   18:35:47.2571221

::::::::::: PostReleaseRequestState Request called at 9/14/2018 6:35:47 PM   :::   18:35:47.2611261

::::::::::: AuthorizeRequest Request called at 9/14/2018 6:35:47 PM   :::   18:35:47.2641267

::::::::::: PostAuthenticateRequest Request called at 9/14/2018 6:35:47 PM   :::   18:35:47.2771367

::::::::::: UpdateRequestCache Request called at 9/14/2018 6:35:47 PM   :::   18:35:47.2871438

::::::::::: End Request called at 9/14/2018 6:35:47 PM   :::   18:35:47.2991520

::::::::::: EndRequest Request called at 9/14/2018 6:35:47 PM   :::   18:35:47.3021545

::::::::::: End Request called at 9/14/2018 6:35:47 PM   :::   18:35:47.3276748

::::::::::: AuthorizeRequest Request called at 9/14/2018 6:35:47 PM   :::   18:35:47.3366816

::::::::::: PostAuthorizeRequest Request called at 9/14/2018 6:35:47 PM   :::   18:35:47.3827648

::::::::::: BeginRequest Request called at 9/14/2018 6:35:47 PM   :::   18:35:47.3927707

::::::::::: PostRequestHandlerExecute Request called at 9/14/2018 6:35:47 PM   :::   18:35:47.3917688

::::::::::: PreRequestHandlerExecute Request called at 9/14/2018 6:35:47 PM   :::   18:35:47.4137868

::::::::::: ReleaseRequestState Request called at 9/14/2018 6:35:47 PM   :::   18:35:47.4137868

::::::::::: PreRequestHandlerExecute Request called at 9/14/2018 6:35:47 PM   :::   18:35:47.4257926

::::::::::: PostAuthenticateRequest Request called at 9/14/2018 6:35:47 PM   :::   18:35:47.4343024

::::::::::: PostRequestHandlerExecute Request called at 9/14/2018 6:35:47 PM   :::   18:35:47.4378102

::::::::::: UpdateRequestCache Request called at 9/14/2018 6:35:47 PM   :::   18:35:47.4592622

::::::::::: End Request called at 9/14/2018 6:35:47 PM   :::   18:35:47.4822785

::::::::::: PostReleaseRequestState Request called at 9/14/2018 6:35:47 PM   :::   18:35:47.4922872

::::::::::: PreSendRequestContent Request called at 9/14/2018 6:35:47 PM   :::   18:35:47.5002905

::::::::::: AcquireRequestState Request called at 9/14/2018 6:35:47 PM   :::   18:35:47.5163023

::::::::::: UpdateRequestCache Request called at 9/14/2018 6:35:47 PM   :::   18:35:47.5233069

::::::::::: PostRequestHandlerExecute Request called at 9/14/2018 6:35:47 PM   :::   18:35:47.5303146

::::::::::: EndRequest Request called at 9/14/2018 6:35:47 PM   :::   18:35:47.5358187

::::::::::: PostReleaseRequestState Request called at 9/14/2018 6:35:47 PM   :::   18:35:47.5600063

::::::::::: PreSendRequestContent Request called at 9/14/2018 6:35:47 PM   :::   18:35:47.5520006

::::::::::: PostRequestHandlerExecute Request called at 9/14/2018 6:35:47 PM   :::   18:35:47.5770184

::::::::::: UpdateRequestCache Request called at 9/14/2018 6:35:47 PM   :::   18:35:47.5860252

::::::::::: PostAuthenticateRequest Request called at 9/14/2018 6:35:47 PM   :::   18:35:47.5900280

::::::::::: PostReleaseRequestState Request called at 9/14/2018 6:35:47 PM   :::   18:35:47.6130452

::::::::::: PreSendRequestHeaders Request called at 9/14/2018 6:35:47 PM   :::   18:35:47.6285663

::::::::::: BeginRequest Request called at 9/14/2018 6:35:47 PM   :::   18:35:47.6415759

::::::::::: PreSendRequestHeaders Request called at 9/14/2018 6:35:47 PM   :::   18:35:47.5800205

::::::::::: AuthorizeRequest Request called at 9/14/2018 6:35:47 PM   :::   18:35:47.6736010

::::::::::: PostAuthenticateRequest Request called at 9/14/2018 6:35:47 PM   :::   18:35:47.6655953

::::::::::: AuthorizeRequest Request called at 9/14/2018 6:35:47 PM   :::   18:35:47.7006202

::::::::::: PostAuthorizeRequest Request called at 9/14/2018 6:35:47 PM   :::   18:35:47.7016213

::::::::::: PostAuthorizeRequest Request called at 9/14/2018 6:35:47 PM   :::   18:35:47.7096278

::::::::::: End Request called at 9/14/2018 6:35:47 PM   :::   18:35:47.7226378

::::::::::: PostResolveRequestCache Request called at 9/14/2018 6:35:47 PM   :::   18:35:47.7286433

::::::::::: AcquireRequestState Request called at 9/14/2018 6:35:47 PM   :::   18:35:47.7306451

::::::::::: AcquireRequestState Request called at 9/14/2018 6:35:47 PM   :::   18:35:47.7441675

::::::::::: AuthenticateRequest Request called at 9/14/2018 6:35:47 PM   :::   18:35:47.7511595

::::::::::: PostAcquireRequestState Request called at 9/14/2018 6:35:47 PM   :::   18:35:47.7471566

::::::::::: End Request called at 9/14/2018 6:35:47 PM   :::   18:35:47.7216367

::::::::::: PostResolveRequestCache Request called at 9/14/2018 6:35:47 PM   :::   18:35:47.7701734

::::::::::: AcquireRequestState Request called at 9/14/2018 6:35:47 PM   :::   18:35:47.7781783

::::::::::: PostAcquireRequestState Request called at 9/14/2018 6:35:47 PM   :::   18:35:47.7836824

::::::::::: PreRequestHandlerExecute Request called at 9/14/2018 6:35:47 PM   :::   18:35:47.7891865

::::::::::: PostAuthenticateRequest Request called at 9/14/2018 6:35:47 PM   :::   18:35:47.7946902

::::::::::: PostAcquireRequestState Request called at 9/14/2018 6:35:47 PM   :::   18:35:47.7531609

::::::::::: ReleaseRequestState Request called at 9/14/2018 6:35:47 PM   :::   18:35:47.8162057

::::::::::: PostReleaseRequestState Request called at 9/14/2018 6:35:47 PM   :::   18:35:47.8237108

::::::::::: UpdateRequestCache Request called at 9/14/2018 6:35:47 PM   :::   18:35:47.8292145

::::::::::: EndRequest Request called at 9/14/2018 6:35:47 PM   :::   18:35:47.8307154

::::::::::: PreSendRequestContent Request called at 9/14/2018 6:35:47 PM   :::   18:35:47.8412235

::::::::::: PreSendRequestHeaders Request called at 9/14/2018 6:35:47 PM   :::   18:35:47.8472273

::::::::::: BeginRequest Request called at 9/14/2018 6:35:47 PM   :::   18:35:47.8892576

::::::::::: PreRequestHandlerExecute Request called at 9/14/2018 6:35:47 PM   :::   18:35:47.8967623

::::::::::: BeginRequest Request called at 9/14/2018 6:35:47 PM   :::   18:35:47.9087712

::::::::::: PostRequestHandlerExecute Request called at 9/14/2018 6:35:47 PM   :::   18:35:47.9032675

::::::::::: AuthenticateRequest Request called at 9/14/2018 6:35:47 PM   :::   18:35:47.9162768

::::::::::: PreSendRequestContent Request called at 9/14/2018 6:35:47 PM   :::   18:35:47.9573067

::::::::::: PreSendRequestHeaders Request called at 9/14/2018 6:35:47 PM   :::   18:35:47.9618089

::::::::::: PostAuthorizeRequest Request called at 9/14/2018 6:35:47 PM   :::   18:35:47.9733177

::::::::::: End Request called at 9/14/2018 6:35:47 PM   :::   18:35:47.9783209

::::::::::: PostResolveRequestCache Request called at 9/14/2018 6:35:47 PM   :::   18:35:47.9808224

::::::::::: AcquireRequestState Request called at 9/14/2018 6:35:47 PM   :::   18:35:47.9823233

::::::::::: PostAcquireRequestState Request called at 9/14/2018 6:35:47 PM   :::   18:35:47.9938313

::::::::::: PreRequestHandlerExecute Request called at 9/14/2018 6:35:48 PM   :::   18:35:48.0023379

::::::::::: AuthenticateRequest Request called at 9/14/2018 6:35:48 PM   :::   18:35:48.0118449

::::::::::: PostAuthenticateRequest Request called at 9/14/2018 6:35:48 PM   :::   18:35:48.0163475

::::::::::: PostRequestHandlerExecute Request called at 9/14/2018 6:35:48 PM   :::   18:35:48.0238534

::::::::::: ReleaseRequestState Request called at 9/14/2018 6:35:48 PM   :::   18:35:48.0338605

::::::::::: PostReleaseRequestState Request called at 9/14/2018 6:35:48 PM   :::   18:35:48.0363617

::::::::::: AuthorizeRequest Request called at 9/14/2018 6:35:48 PM   :::   18:35:48.0428669

::::::::::: PostAuthorizeRequest Request called at 9/14/2018 6:35:48 PM   :::   18:35:48.0513724

::::::::::: PostAuthorizeRequest Request called at 9/14/2018 6:35:48 PM   :::   18:35:48.0593781

::::::::::: AuthorizeRequest Request called at 9/14/2018 6:35:48 PM   :::   18:35:48.0623810

::::::::::: PostReleaseRequestState Request called at 9/14/2018 6:35:48 PM   :::   18:35:48.0723889

::::::::::: PostResolveRequestCache Request called at 9/14/2018 6:35:48 PM   :::   18:35:48.0899003

::::::::::: AcquireRequestState Request called at 9/14/2018 6:35:48 PM   :::   18:35:48.0924019

::::::::::: PostAcquireRequestState Request called at 9/14/2018 6:35:48 PM   :::   18:35:48.0959050

::::::::::: PreRequestHandlerExecute Request called at 9/14/2018 6:35:48 PM   :::   18:35:48.1014083

::::::::::: AcquireRequestState Request called at 9/14/2018 6:35:48 PM   :::   18:35:48.1129159

::::::::::: PostAcquireRequestState Request called at 9/14/2018 6:35:48 PM   :::   18:35:48.1154179

::::::::::: PostAuthorizeRequest Request called at 9/14/2018 6:35:48 PM   :::   18:35:48.0743887

::::::::::: End Request called at 9/14/2018 6:35:48 PM   :::   18:35:48.1364332

::::::::::: PostResolveRequestCache Request called at 9/14/2018 6:35:48 PM   :::   18:35:48.1439387

::::::::::: AcquireRequestState Request called at 9/14/2018 6:35:48 PM   :::   18:35:48.1454392

::::::::::: PostAcquireRequestState Request called at 9/14/2018 6:35:48 PM   :::   18:35:48.1499434

::::::::::: PreRequestHandlerExecute Request called at 9/14/2018 6:35:48 PM   :::   18:35:48.1519440

::::::::::: PostRequestHandlerExecute Request called at 9/14/2018 6:35:48 PM   :::   18:35:48.1784631

::::::::::: ReleaseRequestState Request called at 9/14/2018 6:35:48 PM   :::   18:35:48.1844669

::::::::::: PostReleaseRequestState Request called at 9/14/2018 6:35:48 PM   :::   18:35:48.1889711

::::::::::: PostReleaseRequestState Request called at 9/14/2018 6:35:48 PM   :::   18:35:48.1984781

::::::::::: UpdateRequestCache Request called at 9/14/2018 6:35:48 PM   :::   18:35:48.2079842

::::::::::: EndRequest Request called at 9/14/2018 6:35:48 PM   :::   18:35:48.2104858

::::::::::: PreSendRequestHeaders Request called at 9/14/2018 6:35:48 PM   :::   18:35:48.2144886

::::::::::: ReleaseRequestState Request called at 9/14/2018 6:35:48 PM   :::   18:35:48.2214940

::::::::::: PreSendRequestHeaders Request called at 9/14/2018 6:35:48 PM   :::   18:35:48.2320009

::::::::::: BeginRequest Request called at 9/14/2018 6:35:48 PM   :::   18:35:48.2575188

::::::::::: AuthenticateRequest Request called at 9/14/2018 6:35:48 PM   :::   18:35:48.2595202

::::::::::: AuthenticateRequest Request called at 9/14/2018 6:35:48 PM   :::   18:35:48.2800350

::::::::::: PostAuthenticateRequest Request called at 9/14/2018 6:35:48 PM   :::   18:35:48.2955462

::::::::::: PostAuthenticateRequest Request called at 9/14/2018 6:35:48 PM   :::   18:35:48.2980478

::::::::::: UpdateRequestCache Request called at 9/14/2018 6:35:48 PM   :::   18:35:48.3140592

::::::::::: AuthorizeRequest Request called at 9/14/2018 6:35:48 PM   :::   18:35:48.3310721

::::::::::: PostAuthorizeRequest Request called at 9/14/2018 6:35:48 PM   :::   18:35:48.3390781

::::::::::: End Request called at 9/14/2018 6:35:48 PM   :::   18:35:48.3415801

::::::::::: PostResolveRequestCache Request called at 9/14/2018 6:35:48 PM   :::   18:35:48.3455822

::::::::::: PreSendRequestHeaders Request called at 9/14/2018 6:35:48 PM   :::   18:35:48.3605921

::::::::::: PostAcquireRequestState Request called at 9/14/2018 6:35:48 PM   :::   18:35:48.3801061

::::::::::: PreRequestHandlerExecute Request called at 9/14/2018 6:35:48 PM   :::   18:35:48.3831086

::::::::::: PostAuthorizeRequest Request called at 9/14/2018 6:35:48 PM   :::   18:35:48.4011210

::::::::::: End Request called at 9/14/2018 6:35:48 PM   :::   18:35:48.4026223

::::::::::: AuthenticateRequest Request called at 9/14/2018 6:35:48 PM   :::   18:35:48.4111278

::::::::::: PostResolveRequestCache Request called at 9/14/2018 6:35:48 PM   :::   18:35:48.4116287

::::::::::: ReleaseRequestState Request called at 9/14/2018 6:35:48 PM   :::   18:35:48.4521573

::::::::::: PostAuthenticateRequest Request called at 9/14/2018 6:35:48 PM   :::   18:35:48.4526575

::::::::::: PostReleaseRequestState Request called at 9/14/2018 6:35:48 PM   :::   18:35:48.4588658

::::::::::: UpdateRequestCache Request called at 9/14/2018 6:35:48 PM   :::   18:35:48.4758767

::::::::::: AuthorizeRequest Request called at 9/14/2018 6:35:48 PM   :::   18:35:48.4778880

::::::::::: PostAuthorizeRequest Request called at 9/14/2018 6:35:48 PM   :::   18:35:48.4828813

::::::::::: AuthorizeRequest Request called at 9/14/2018 6:35:48 PM   :::   18:35:48.5058992

::::::::::: End Request called at 9/14/2018 6:35:48 PM   :::   18:35:48.5139045

::::::::::: PreSendRequestContent Request called at 9/14/2018 6:35:48 PM   :::   18:35:48.5189081

::::::::::: PreSendRequestHeaders Request called at 9/14/2018 6:35:48 PM   :::   18:35:48.5269138

::::::::::: End Request called at 9/14/2018 6:35:48 PM   :::   18:35:48.5379255

::::::::::: PostResolveRequestCache Request called at 9/14/2018 6:35:48 PM   :::   18:35:48.5469319

::::::::::: AcquireRequestState Request called at 9/14/2018 6:35:48 PM   :::   18:35:48.5489330

::::::::::: PostAcquireRequestState Request called at 9/14/2018 6:35:48 PM   :::   18:35:48.5509336

::::::::::: PreRequestHandlerExecute Request called at 9/14/2018 6:35:48 PM   :::   18:35:48.5554437

::::::::::: BeginRequest Request called at 9/14/2018 6:35:48 PM   :::   18:35:48.5594465

::::::::::: AuthenticateRequest Request called at 9/14/2018 6:35:48 PM   :::   18:35:48.5784604

::::::::::: AuthenticateRequest Request called at 9/14/2018 6:35:48 PM   :::   18:35:48.5854642

::::::::::: PostRequestHandlerExecute Request called at 9/14/2018 6:35:48 PM   :::   18:35:48.6004761

::::::::::: ReleaseRequestState Request called at 9/14/2018 6:35:48 PM   :::   18:35:48.6024775

::::::::::: PostReleaseRequestState Request called at 9/14/2018 6:35:48 PM   :::   18:35:48.6104840

::::::::::: UpdateRequestCache Request called at 9/14/2018 6:35:48 PM   :::   18:35:48.6254931

::::::::::: EndRequest Request called at 9/14/2018 6:35:48 PM   :::   18:35:48.6274949

::::::::::: PreSendRequestContent Request called at 9/14/2018 6:35:48 PM   :::   18:35:48.6314977

::::::::::: PreSendRequestHeaders Request called at 9/14/2018 6:35:48 PM   :::   18:35:48.6324988

::::::::::: AcquireRequestState Request called at 9/14/2018 6:35:48 PM   :::   18:35:48.6485134

::::::::::: PostAcquireRequestState Request called at 9/14/2018 6:35:48 PM   :::   18:35:48.6505148

::::::::::: PreRequestHandlerExecute Request called at 9/14/2018 6:35:48 PM   :::   18:35:48.6530172

::::::::::: PreRequestHandlerExecute Request called at 9/14/2018 6:35:48 PM   :::   18:35:48.6765337

::::::::::: PostRequestHandlerExecute Request called at 9/14/2018 6:35:48 PM   :::   18:35:48.6860402

::::::::::: ReleaseRequestState Request called at 9/14/2018 6:35:48 PM   :::   18:35:48.6895437

::::::::::: PostReleaseRequestState Request called at 9/14/2018 6:35:48 PM   :::   18:35:48.6915439

::::::::::: UpdateRequestCache Request called at 9/14/2018 6:35:48 PM   :::   18:35:48.6965475

::::::::::: EndRequest Request called at 9/14/2018 6:35:48 PM   :::   18:35:48.7065550

::::::::::: PreSendRequestContent Request called at 9/14/2018 6:35:48 PM   :::   18:35:48.7085560

::::::::::: PreSendRequestHeaders Request called at 9/14/2018 6:35:48 PM   :::   18:35:48.7105574

::::::::::: PostAuthenticateRequest Request called at 9/14/2018 6:35:48 PM   :::   18:35:48.7220658

::::::::::: AuthorizeRequest Request called at 9/14/2018 6:35:48 PM   :::   18:35:48.7645966

::::::::::: PostAuthorizeRequest Request called at 9/14/2018 6:35:48 PM   :::   18:35:48.7660975

::::::::::: End Request called at 9/14/2018 6:35:48 PM   :::   18:35:48.7716024

::::::::::: PostResolveRequestCache Request called at 9/14/2018 6:35:48 PM   :::   18:35:48.7766044

::::::::::: AcquireRequestState Request called at 9/14/2018 6:35:48 PM   :::   18:35:48.7946184

::::::::::: PostAcquireRequestState Request called at 9/14/2018 6:35:48 PM   :::   18:35:48.7961192

::::::::::: AuthorizeRequest Request called at 9/14/2018 6:35:48 PM   :::   18:35:48.7981203

::::::::::: PreRequestHandlerExecute Request called at 9/14/2018 6:35:48 PM   :::   18:35:48.7986204

::::::::::: End Request called at 9/14/2018 6:35:48 PM   :::   18:35:48.8261402

::::::::::: PostResolveRequestCache Request called at 9/14/2018 6:35:48 PM   :::   18:35:48.8336449

::::::::::: AcquireRequestState Request called at 9/14/2018 6:35:48 PM   :::   18:35:48.8496594

::::::::::: PostAcquireRequestState Request called at 9/14/2018 6:35:48 PM   :::   18:35:48.8516605

::::::::::: EndRequest Request called at 9/14/2018 6:35:48 PM   :::   18:35:48.8686721

::::::::::: PreSendRequestContent Request called at 9/14/2018 6:35:48 PM   :::   18:35:48.8736765

::::::::::: PreRequestHandlerExecute Request called at 9/14/2018 6:35:48 PM   :::   18:35:48.8606673

::::::::::: PostAuthorizeRequest Request called at 9/14/2018 6:35:48 PM   :::   18:35:48.9427295

::::::::::: End Request called at 9/14/2018 6:35:48 PM   :::   18:35:48.9477338

::::::::::: PostResolveRequestCache Request called at 9/14/2018 6:35:48 PM   :::   18:35:48.9567395

::::::::::: AcquireRequestState Request called at 9/14/2018 6:35:48 PM   :::   18:35:48.9587409

::::::::::: PostAcquireRequestState Request called at 9/14/2018 6:35:48 PM   :::   18:35:48.9607427

::::::::::: PreRequestHandlerExecute Request called at 9/14/2018 6:35:48 PM   :::   18:35:48.9627437

::::::::::: PostRequestHandlerExecute Request called at 9/14/2018 6:35:48 PM   :::   18:35:48.9437298

::::::::::: ReleaseRequestState Request called at 9/14/2018 6:35:48 PM   :::   18:35:48.9747515

::::::::::: PostReleaseRequestState Request called at 9/14/2018 6:35:48 PM   :::   18:35:48.9767533

::::::::::: BeginRequest Request called at 9/14/2018 6:35:48 PM   :::   18:35:48.9797554

::::::::::: UpdateRequestCache Request called at 9/14/2018 6:35:48 PM   :::   18:35:48.9827579

::::::::::: EndRequest Request called at 9/14/2018 6:35:48 PM   :::   18:35:48.9957672

::::::::::: PreSendRequestContent Request called at 9/14/2018 6:35:48 PM   :::   18:35:48.9997696

::::::::::: PreSendRequestHeaders Request called at 9/14/2018 6:35:49 PM   :::   18:35:49.0017714

::::::::::: PostRequestHandlerExecute Request called at 9/14/2018 6:35:49 PM   :::   18:35:49.0267944

::::::::::: ReleaseRequestState Request called at 9/14/2018 6:35:49 PM   :::   18:35:49.0287946

::::::::::: PostReleaseRequestState Request called at 9/14/2018 6:35:49 PM   :::   18:35:49.0323000

::::::::::: UpdateRequestCache Request called at 9/14/2018 6:35:49 PM   :::   18:35:49.0388060

::::::::::: EndRequest Request called at 9/14/2018 6:35:49 PM   :::   18:35:49.0408071

::::::::::: EndRequest Request called at 9/14/2018 6:35:49 PM   :::   18:35:49.0478136

::::::::::: PreSendRequestContent Request called at 9/14/2018 6:35:49 PM   :::   18:35:49.0508154

::::::::::: PreSendRequestHeaders Request called at 9/14/2018 6:35:49 PM   :::   18:35:49.0558197

::::::::::: BeginRequest Request called at 9/14/2018 6:35:49 PM   :::   18:35:49.0638238

::::::::::: AuthenticateRequest Request called at 9/14/2018 6:35:49 PM   :::   18:35:49.0678271

::::::::::: PostAcquireRequestState Request called at 9/14/2018 6:35:49 PM   :::   18:35:49.0898431

::::::::::: PostAuthenticateRequest Request called at 9/14/2018 6:35:49 PM   :::   18:35:49.0948459

::::::::::: PreRequestHandlerExecute Request called at 9/14/2018 6:35:49 PM   :::   18:35:49.1038534

::::::::::: PostAuthenticateRequest Request called at 9/14/2018 6:35:49 PM   :::   18:35:49.1078559

::::::::::: PostRequestHandlerExecute Request called at 9/14/2018 6:35:49 PM   :::   18:35:49.1088558

::::::::::: ReleaseRequestState Request called at 9/14/2018 6:35:49 PM   :::   18:35:49.1198672

::::::::::: AuthorizeRequest Request called at 9/14/2018 6:35:49 PM   :::   18:35:49.1378831

::::::::::: PostAuthorizeRequest Request called at 9/14/2018 6:35:49 PM   :::   18:35:49.1448881

::::::::::: End Request called at 9/14/2018 6:35:49 PM   :::   18:35:49.1767273

::::::::::: End Request called at 9/14/2018 6:35:49 PM   :::   18:35:49.2107511

::::::::::: PostAuthenticateRequest Request called at 9/14/2018 6:35:49 PM   :::   18:35:49.2117518

::::::::::: UpdateRequestCache Request called at 9/14/2018 6:35:49 PM   :::   18:35:49.1997433

::::::::::: PostResolveRequestCache Request called at 9/14/2018 6:35:49 PM   :::   18:35:49.2217617

::::::::::: EndRequest Request called at 9/14/2018 6:35:49 PM   :::   18:35:49.2252651

::::::::::: AuthorizeRequest Request called at 9/14/2018 6:35:49 PM   :::   18:35:49.2577920

::::::::::: PostAuthorizeRequest Request called at 9/14/2018 6:35:49 PM   :::   18:35:49.2758044

::::::::::: End Request called at 9/14/2018 6:35:49 PM   :::   18:35:49.2888128

::::::::::: PostResolveRequestCache Request called at 9/14/2018 6:35:49 PM   :::   18:35:49.3008210

::::::::::: PostRequestHandlerExecute Request called at 9/14/2018 6:35:49 PM   :::   18:35:49.3058253

::::::::::: ReleaseRequestState Request called at 9/14/2018 6:35:49 PM   :::   18:35:49.3233407

::::::::::: PostReleaseRequestState Request called at 9/14/2018 6:35:49 PM   :::   18:35:49.3303457

::::::::::: ReleaseRequestState Request called at 9/14/2018 6:35:49 PM   :::   18:35:49.3428583

::::::::::: BeginRequest Request called at 9/14/2018 6:35:49 PM   :::   18:35:49.3478615

::::::::::: PostAcquireRequestState Request called at 9/14/2018 6:35:49 PM   :::   18:35:49.3438587

::::::::::: UpdateRequestCache Request called at 9/14/2018 6:35:49 PM   :::   18:35:49.3598712

::::::::::: UpdateRequestCache Request called at 9/14/2018 6:35:49 PM   :::   18:35:49.3648740

::::::::::: EndRequest Request called at 9/14/2018 6:35:49 PM   :::   18:35:49.3928947

::::::::::: UpdateRequestCache Request called at 9/14/2018 6:35:49 PM   :::   18:35:49.3928947

::::::::::: EndRequest Request called at 9/14/2018 6:35:49 PM   :::   18:35:49.4069035

::::::::::: PreSendRequestHeaders Request called at 9/14/2018 6:35:49 PM   :::   18:35:49.4184189

::::::::::: PostAuthenticateRequest Request called at 9/14/2018 6:35:49 PM   :::   18:35:49.4039017

::::::::::: BeginRequest Request called at 9/14/2018 6:35:49 PM   :::   18:35:49.4324269

::::::::::: PreSendRequestHeaders Request called at 9/14/2018 6:35:49 PM   :::   18:35:49.4449392

::::::::::: BeginRequest Request called at 9/14/2018 6:35:49 PM   :::   18:35:49.4649534

::::::::::: AuthenticateRequest Request called at 9/14/2018 6:35:49 PM   :::   18:35:49.4739594

::::::::::: PostReleaseRequestState Request called at 9/14/2018 6:35:49 PM   :::   18:35:49.5109853

::::::::::: PreSendRequestHeaders Request called at 9/14/2018 6:35:49 PM   :::   18:35:49.5159908

::::::::::: UpdateRequestCache Request called at 9/14/2018 6:35:49 PM   :::   18:35:49.5259995

::::::::::: BeginRequest Request called at 9/14/2018 6:35:49 PM   :::   18:35:49.5450158

::::::::::: AuthenticateRequest Request called at 9/14/2018 6:35:49 PM   :::   18:35:49.5780400

::::::::::: AuthorizeRequest Request called at 9/14/2018 6:35:49 PM   :::   18:35:49.5770389

::::::::::: PostAuthenticateRequest Request called at 9/14/2018 6:35:49 PM   :::   18:35:49.6180681

::::::::::: End Request called at 9/14/2018 6:35:49 PM   :::   18:35:49.6490952

::::::::::: PostResolveRequestCache Request called at 9/14/2018 6:35:49 PM   :::   18:35:49.6510967

::::::::::: PostResolveRequestCache Request called at 9/14/2018 6:35:49 PM   :::   18:35:49.6561002

::::::::::: AcquireRequestState Request called at 9/14/2018 6:35:49 PM   :::   18:35:49.6621041

::::::::::: PostAcquireRequestState Request called at 9/14/2018 6:35:49 PM   :::   18:35:49.6661069

::::::::::: PreRequestHandlerExecute Request called at 9/14/2018 6:35:49 PM   :::   18:35:49.6751137

::::::::::: PostAuthorizeRequest Request called at 9/14/2018 6:35:49 PM   :::   18:35:49.6831186

::::::::::: PostAuthenticateRequest Request called at 9/14/2018 6:35:49 PM   :::   18:35:49.6911243

::::::::::: PreRequestHandlerExecute Request called at 9/14/2018 6:35:49 PM   :::   18:35:49.7031344

::::::::::: End Request called at 9/14/2018 6:35:49 PM   :::   18:35:49.6931261

::::::::::: PostResolveRequestCache Request called at 9/14/2018 6:35:49 PM   :::   18:35:49.7467346

::::::::::: PostReleaseRequestState Request called at 9/14/2018 6:35:49 PM   :::   18:35:49.7477353

::::::::::: AcquireRequestState Request called at 9/14/2018 6:35:49 PM   :::   18:35:49.7537396

::::::::::: PostReleaseRequestState Request called at 9/14/2018 6:35:49 PM   :::   18:35:49.7807596

::::::::::: EndRequest Request called at 9/14/2018 6:35:49 PM   :::   18:35:49.7947680

::::::::::: PostAcquireRequestState Request called at 9/14/2018 6:35:49 PM   :::   18:35:49.7847624

::::::::::: UpdateRequestCache Request called at 9/14/2018 6:35:49 PM   :::   18:35:49.8127816

::::::::::: EndRequest Request called at 9/14/2018 6:35:49 PM   :::   18:35:49.8332991

::::::::::: PreSendRequestContent Request called at 9/14/2018 6:35:49 PM   :::   18:35:49.8503147

::::::::::: PreSendRequestHeaders Request called at 9/14/2018 6:35:49 PM   :::   18:35:49.8583208

::::::::::: BeginRequest Request called at 9/14/2018 6:35:49 PM   :::   18:35:49.8653250

::::::::::: ReleaseRequestState Request called at 9/14/2018 6:35:49 PM   :::   18:35:49.8663261

::::::::::: PostReleaseRequestState Request called at 9/14/2018 6:35:49 PM   :::   18:35:49.8793346

::::::::::: UpdateRequestCache Request called at 9/14/2018 6:35:49 PM   :::   18:35:49.9033524

::::::::::: PostReleaseRequestState Request called at 9/14/2018 6:35:49 PM   :::   18:35:49.9318867

::::::::::: PostAuthorizeRequest Request called at 9/14/2018 6:35:49 PM   :::   18:35:49.9454000

::::::::::: EndRequest Request called at 9/14/2018 6:35:49 PM   :::   18:35:49.9163617

::::::::::: UpdateRequestCache Request called at 9/14/2018 6:35:49 PM   :::   18:35:49.9693883

::::::::::: PreSendRequestHeaders Request called at 9/14/2018 6:35:49 PM   :::   18:35:49.9914027

::::::::::: PreSendRequestContent Request called at 9/14/2018 6:35:50 PM   :::   18:35:50.0084156

::::::::::: AcquireRequestState Request called at 9/14/2018 6:35:50 PM   :::   18:35:50.0154202

::::::::::: PostAcquireRequestState Request called at 9/14/2018 6:35:50 PM   :::   18:35:50.0234314

::::::::::: PreSendRequestHeaders Request called at 9/14/2018 6:35:50 PM   :::   18:35:50.0034132

::::::::::: PostRequestHandlerExecute Request called at 9/14/2018 6:35:50 PM   :::   18:35:50.0489572

::::::::::: ReleaseRequestState Request called at 9/14/2018 6:35:50 PM   :::   18:35:50.0509591

::::::::::: PostReleaseRequestState Request called at 9/14/2018 6:35:50 PM   :::   18:35:50.0549615

::::::::::: BeginRequest Request called at 9/14/2018 6:35:50 PM   :::   18:35:50.0559630

::::::::::: AuthenticateRequest Request called at 9/14/2018 6:35:50 PM   :::   18:35:50.0639683

::::::::::: PostAuthenticateRequest Request called at 9/14/2018 6:35:50 PM   :::   18:35:50.0749757

::::::::::: AuthorizeRequest Request called at 9/14/2018 6:35:50 PM   :::   18:35:50.0949911

::::::::::: PostAuthorizeRequest Request called at 9/14/2018 6:35:50 PM   :::   18:35:50.0959910

::::::::::: End Request called at 9/14/2018 6:35:50 PM   :::   18:35:50.1029964

::::::::::: PostAuthenticateRequest Request called at 9/14/2018 6:35:50 PM   :::   18:35:50.1049974

::::::::::: PostResolveRequestCache Request called at 9/14/2018 6:35:50 PM   :::   18:35:50.1059982

::::::::::: AcquireRequestState Request called at 9/14/2018 6:35:50 PM   :::   18:35:50.1280248

::::::::::: PostAcquireRequestState Request called at 9/14/2018 6:35:50 PM   :::   18:35:50.1310262

::::::::::: EndRequest Request called at 9/14/2018 6:35:50 PM   :::   18:35:50.1420368

::::::::::: PreSendRequestContent Request called at 9/14/2018 6:35:50 PM   :::   18:35:50.1450393

::::::::::: AuthorizeRequest Request called at 9/14/2018 6:35:50 PM   :::   18:35:50.1530446

::::::::::: PostAuthorizeRequest Request called at 9/14/2018 6:35:50 PM   :::   18:35:50.1550468

::::::::::: ReleaseRequestState Request called at 9/14/2018 6:35:50 PM   :::   18:35:50.1900709

::::::::::: PostReleaseRequestState Request called at 9/14/2018 6:35:50 PM   :::   18:35:50.1950745

::::::::::: BeginRequest Request called at 9/14/2018 6:35:50 PM   :::   18:35:50.1990769

::::::::::: AcquireRequestState Request called at 9/14/2018 6:35:50 PM   :::   18:35:50.2351064

::::::::::: EndRequest Request called at 9/14/2018 6:35:50 PM   :::   18:35:50.2361076

::::::::::: ReleaseRequestState Request called at 9/14/2018 6:35:50 PM   :::   18:35:50.2421146

::::::::::: PreSendRequestContent Request called at 9/14/2018 6:35:50 PM   :::   18:35:50.2551258

::::::::::: PostAuthenticateRequest Request called at 9/14/2018 6:35:50 PM   :::   18:35:50.2561253

::::::::::: PostRequestHandlerExecute Request called at 9/14/2018 6:35:50 PM   :::   18:35:50.2671328

::::::::::: ReleaseRequestState Request called at 9/14/2018 6:35:50 PM   :::   18:35:50.2791417

::::::::::: BeginRequest Request called at 9/14/2018 6:35:50 PM   :::   18:35:50.2841452

::::::::::: AuthenticateRequest Request called at 9/14/2018 6:35:50 PM   :::   18:35:50.3001566

::::::::::: UpdateRequestCache Request called at 9/14/2018 6:35:50 PM   :::   18:35:50.3241824

::::::::::: BeginRequest Request called at 9/14/2018 6:35:50 PM   :::   18:35:50.3286861

::::::::::: EndRequest Request called at 9/14/2018 6:35:50 PM   :::   18:35:50.3336893

::::::::::: PreSendRequestContent Request called at 9/14/2018 6:35:50 PM   :::   18:35:50.3421987

::::::::::: PreSendRequestHeaders Request called at 9/14/2018 6:35:50 PM   :::   18:35:50.3442005

::::::::::: AuthorizeRequest Request called at 9/14/2018 6:35:50 PM   :::   18:35:50.3652147

::::::::::: BeginRequest Request called at 9/14/2018 6:35:50 PM   :::   18:35:50.3652147

::::::::::: AuthenticateRequest Request called at 9/14/2018 6:35:50 PM   :::   18:35:50.3802257

::::::::::: PostAcquireRequestState Request called at 9/14/2018 6:35:50 PM   :::   18:35:50.4072445

::::::::::: PreRequestHandlerExecute Request called at 9/14/2018 6:35:50 PM   :::   18:35:50.4122493

::::::::::: PostAcquireRequestState Request called at 9/14/2018 6:35:50 PM   :::   18:35:50.4337671

::::::::::: PreRequestHandlerExecute Request called at 9/14/2018 6:35:50 PM   :::   18:35:50.4382756

::::::::::: PostRequestHandlerExecute Request called at 9/14/2018 6:35:50 PM   :::   18:35:50.4552869

::::::::::: PostReleaseRequestState Request called at 9/14/2018 6:35:50 PM   :::   18:35:50.4622911

::::::::::: PostResolveRequestCache Request called at 9/14/2018 6:35:50 PM   :::   18:35:50.4843068

::::::::::: AcquireRequestState Request called at 9/14/2018 6:35:50 PM   :::   18:35:50.4913117

::::::::::: UpdateRequestCache Request called at 9/14/2018 6:35:50 PM   :::   18:35:50.5073235

::::::::::: PreSendRequestContent Request called at 9/14/2018 6:35:50 PM   :::   18:35:50.5153292

::::::::::: EndRequest Request called at 9/14/2018 6:35:50 PM   :::   18:35:50.5193324

::::::::::: PreRequestHandlerExecute Request called at 9/14/2018 6:35:50 PM   :::   18:35:50.5428987

::::::::::: BeginRequest Request called at 9/14/2018 6:35:50 PM   :::   18:35:50.5499045

::::::::::: PostRequestHandlerExecute Request called at 9/14/2018 6:35:50 PM   :::   18:35:50.5509052

::::::::::: PreSendRequestHeaders Request called at 9/14/2018 6:35:50 PM   :::   18:35:50.5599116

::::::::::: ReleaseRequestState Request called at 9/14/2018 6:35:50 PM   :::   18:35:50.5729216

::::::::::: PostReleaseRequestState Request called at 9/14/2018 6:35:50 PM   :::   18:35:50.5769240

::::::::::: PostReleaseRequestState Request called at 9/14/2018 6:35:50 PM   :::   18:35:50.5979382

::::::::::: PostAuthenticateRequest Request called at 9/14/2018 6:35:50 PM   :::   18:35:50.6079449

::::::::::: UpdateRequestCache Request called at 9/14/2018 6:35:50 PM   :::   18:35:50.6099471

::::::::::: AuthorizeRequest Request called at 9/14/2018 6:35:50 PM   :::   18:35:50.6294647

::::::::::: PostAuthorizeRequest Request called at 9/14/2018 6:35:50 PM   :::   18:35:50.6339689

::::::::::: PreSendRequestContent Request called at 9/14/2018 6:35:50 PM   :::   18:35:50.6432465

::::::::::: PostAuthorizeRequest Request called at 9/14/2018 6:35:50 PM   :::   18:35:50.6502515

::::::::::: End Request called at 9/14/2018 6:35:50 PM   :::   18:35:50.6652625

::::::::::: AcquireRequestState Request called at 9/14/2018 6:35:50 PM   :::   18:35:50.6872798

::::::::::: PostResolveRequestCache Request called at 9/14/2018 6:35:50 PM   :::   18:35:50.6912826

::::::::::: AcquireRequestState Request called at 9/14/2018 6:35:50 PM   :::   18:35:50.6982872

::::::::::: PostAcquireRequestState Request called at 9/14/2018 6:35:50 PM   :::   18:35:50.7022896

::::::::::: BeginRequest Request called at 9/14/2018 6:35:50 PM   :::   18:35:50.7032907

::::::::::: PostAcquireRequestState Request called at 9/14/2018 6:35:50 PM   :::   18:35:50.6882809

::::::::::: PostAuthenticateRequest Request called at 9/14/2018 6:35:50 PM   :::   18:35:50.7092938

::::::::::: ReleaseRequestState Request called at 9/14/2018 6:35:50 PM   :::   18:35:50.7513308

::::::::::: PostReleaseRequestState Request called at 9/14/2018 6:35:50 PM   :::   18:35:50.7593325

::::::::::: AuthorizeRequest Request called at 9/14/2018 6:35:50 PM   :::   18:35:50.8213814

::::::::::: PostAuthorizeRequest Request called at 9/14/2018 6:35:50 PM   :::   18:35:50.8308887

::::::::::: End Request called at 9/14/2018 6:35:50 PM   :::   18:35:50.8373971

::::::::::: UpdateRequestCache Request called at 9/14/2018 6:35:50 PM   :::   18:35:50.8544099

::::::::::: EndRequest Request called at 9/14/2018 6:35:50 PM   :::   18:35:50.8944368

::::::::::: PreSendRequestContent Request called at 9/14/2018 6:35:50 PM   :::   18:35:50.9104490

::::::::::: PreSendRequestHeaders Request called at 9/14/2018 6:35:50 PM   :::   18:35:50.9279644

::::::::::: AuthenticateRequest Request called at 9/14/2018 6:35:50 PM   :::   18:35:50.9664955

::::::::::: BeginRequest Request called at 9/14/2018 6:35:50 PM   :::   18:35:50.9694976

::::::::::: AuthenticateRequest Request called at 9/14/2018 6:35:50 PM   :::   18:35:50.9714990

::::::::::: PreRequestHandlerExecute Request called at 9/14/2018 6:35:50 PM   :::   18:35:50.9604904

::::::::::: AuthorizeRequest Request called at 9/14/2018 6:35:51 PM   :::   18:35:51.0035214

::::::::::: PostAuthorizeRequest Request called at 9/14/2018 6:35:51 PM   :::   18:35:51.0125278

::::::::::: ReleaseRequestState Request called at 9/14/2018 6:35:51 PM   :::   18:35:51.0385589

::::::::::: End Request called at 9/14/2018 6:35:51 PM   :::   18:35:51.0505667

::::::::::: PostResolveRequestCache Request called at 9/14/2018 6:35:51 PM   :::   18:35:51.0585731

::::::::::: AcquireRequestState Request called at 9/14/2018 6:35:51 PM   :::   18:35:51.0605734

::::::::::: PostAcquireRequestState Request called at 9/14/2018 6:35:51 PM   :::   18:35:51.0715812

::::::::::: PreRequestHandlerExecute Request called at 9/14/2018 6:35:51 PM   :::   18:35:51.0765851

::::::::::: UpdateRequestCache Request called at 9/14/2018 6:35:51 PM   :::   18:35:51.0905947

::::::::::: UpdateRequestCache Request called at 9/14/2018 6:35:51 PM   :::   18:35:51.0955987

::::::::::: EndRequest Request called at 9/14/2018 6:35:51 PM   :::   18:35:51.1106089

::::::::::: PreSendRequestContent Request called at 9/14/2018 6:35:51 PM   :::   18:35:51.1386470

::::::::::: PreSendRequestHeaders Request called at 9/14/2018 6:35:51 PM   :::   18:35:51.1466499

::::::::::: PostResolveRequestCache Request called at 9/14/2018 6:35:51 PM   :::   18:35:51.1586588

::::::::::: AcquireRequestState Request called at 9/14/2018 6:35:51 PM   :::   18:35:51.1726688

::::::::::: PostAcquireRequestState Request called at 9/14/2018 6:35:51 PM   :::   18:35:51.1746698

::::::::::: PreRequestHandlerExecute Request called at 9/14/2018 6:35:51 PM   :::   18:35:51.1806745

::::::::::: BeginRequest Request called at 9/14/2018 6:35:51 PM   :::   18:35:51.1816752

::::::::::: AuthenticateRequest Request called at 9/14/2018 6:35:51 PM   :::   18:35:51.1886798

::::::::::: PreSendRequestContent Request called at 9/14/2018 6:35:51 PM   :::   18:35:51.1986873

::::::::::: PreSendRequestHeaders Request called at 9/14/2018 6:35:51 PM   :::   18:35:51.2026909

::::::::::: ReleaseRequestState Request called at 9/14/2018 6:35:51 PM   :::   18:35:51.2352170

::::::::::: PostReleaseRequestState Request called at 9/14/2018 6:35:51 PM   :::   18:35:51.2367175

::::::::::: PostAuthenticateRequest Request called at 9/14/2018 6:35:51 PM   :::   18:35:51.2477288

::::::::::: UpdateRequestCache Request called at 9/14/2018 6:35:51 PM   :::   18:35:51.2517325

::::::::::: EndRequest Request called at 9/14/2018 6:35:51 PM   :::   18:35:51.2537331

::::::::::: PreSendRequestContent Request called at 9/14/2018 6:35:51 PM   :::   18:35:51.2557341

::::::::::: PreSendRequestHeaders Request called at 9/14/2018 6:35:51 PM   :::   18:35:51.2577367

::::::::::: PostAuthenticateRequest Request called at 9/14/2018 6:35:51 PM   :::   18:35:51.2627395

::::::::::: AuthorizeRequest Request called at 9/14/2018 6:35:51 PM   :::   18:35:51.2717467

::::::::::: PostAuthorizeRequest Request called at 9/14/2018 6:35:51 PM   :::   18:35:51.2747492

::::::::::: End Request called at 9/14/2018 6:35:51 PM   :::   18:35:51.2757491

::::::::::: PostResolveRequestCache Request called at 9/14/2018 6:35:51 PM   :::   18:35:51.2777506

::::::::::: AcquireRequestState Request called at 9/14/2018 6:35:51 PM   :::   18:35:51.2797516

::::::::::: PostAcquireRequestState Request called at 9/14/2018 6:35:51 PM   :::   18:35:51.2817538

::::::::::: PreRequestHandlerExecute Request called at 9/14/2018 6:35:51 PM   :::   18:35:51.2837548

::::::::::: PostRequestHandlerExecute Request called at 9/14/2018 6:35:51 PM   :::   18:35:51.2907598

::::::::::: ReleaseRequestState Request called at 9/14/2018 6:35:51 PM   :::   18:35:51.2927612

::::::::::: PostReleaseRequestState Request called at 9/14/2018 6:35:51 PM   :::   18:35:51.2947626

::::::::::: AuthorizeRequest Request called at 9/14/2018 6:35:51 PM   :::   18:35:51.2967637

::::::::::: PostAuthorizeRequest Request called at 9/14/2018 6:35:51 PM   :::   18:35:51.2987647

::::::::::: End Request called at 9/14/2018 6:35:51 PM   :::   18:35:51.3027687

::::::::::: PostResolveRequestCache Request called at 9/14/2018 6:35:51 PM   :::   18:35:51.3197804

::::::::::: AcquireRequestState Request called at 9/14/2018 6:35:51 PM   :::   18:35:51.3282898

::::::::::: PostAcquireRequestState Request called at 9/14/2018 6:35:51 PM   :::   18:35:51.3322930

::::::::::: PreRequestHandlerExecute Request called at 9/14/2018 6:35:51 PM   :::   18:35:51.3388010

::::::::::: PostRequestHandlerExecute Request called at 9/14/2018 6:35:51 PM   :::   18:35:51.3418036

::::::::::: ReleaseRequestState Request called at 9/14/2018 6:35:51 PM   :::   18:35:51.3428039

::::::::::: PostReleaseRequestState Request called at 9/14/2018 6:35:51 PM   :::   18:35:51.3448053

::::::::::: UpdateRequestCache Request called at 9/14/2018 6:35:51 PM   :::   18:35:51.3518115

::::::::::: EndRequest Request called at 9/14/2018 6:35:51 PM   :::   18:35:51.3528118

::::::::::: PreSendRequestContent Request called at 9/14/2018 6:35:51 PM   :::   18:35:51.3548136

::::::::::: PreSendRequestHeaders Request called at 9/14/2018 6:35:51 PM   :::   18:35:51.3568146

::::::::::: BeginRequest Request called at 9/14/2018 6:35:51 PM   :::   18:35:51.6325253

::::::::::: AuthenticateRequest Request called at 9/14/2018 6:35:51 PM   :::   18:35:51.6345271

::::::::::: PostAuthenticateRequest Request called at 9/14/2018 6:35:51 PM   :::   18:35:51.6370283

::::::::::: AuthorizeRequest Request called at 9/14/2018 6:35:51 PM   :::   18:35:51.6390333

::::::::::: PostAuthorizeRequest Request called at 9/14/2018 6:35:51 PM   :::   18:35:51.6410363

::::::::::: End Request called at 9/14/2018 6:35:51 PM   :::   18:35:51.6420366

::::::::::: PostResolveRequestCache Request called at 9/14/2018 6:35:51 PM   :::   18:35:51.6430365

::::::::::: AcquireRequestState Request called at 9/14/2018 6:35:51 PM   :::   18:35:51.6450379

::::::::::: PostAcquireRequestState Request called at 9/14/2018 6:35:51 PM   :::   18:35:51.6460390

::::::::::: PreRequestHandlerExecute Request called at 9/14/2018 6:35:51 PM   :::   18:35:51.6480401

::::::::::: PostRequestHandlerExecute Request called at 9/14/2018 6:35:51 PM   :::   18:35:51.6490416

::::::::::: ReleaseRequestState Request called at 9/14/2018 6:35:51 PM   :::   18:35:51.6530432

::::::::::: PostReleaseRequestState Request called at 9/14/2018 6:35:51 PM   :::   18:35:51.6540439

::::::::::: UpdateRequestCache Request called at 9/14/2018 6:35:51 PM   :::   18:35:51.6560461

::::::::::: EndRequest Request called at 9/14/2018 6:35:51 PM   :::   18:35:51.6570465

::::::::::: PreSendRequestContent Request called at 9/14/2018 6:35:51 PM   :::   18:35:51.6590479

::::::::::: PreSendRequestHeaders Request called at 9/14/2018 6:35:51 PM   :::   18:35:51.6600482

::::::::::: BeginRequest Request called at 9/14/2018 6:35:51 PM   :::   18:35:51.6730574

::::::::::: AuthenticateRequest Request called at 9/14/2018 6:35:51 PM   :::   18:35:51.6750593

::::::::::: PostAuthenticateRequest Request called at 9/14/2018 6:35:51 PM   :::   18:35:51.6780610

::::::::::: AuthorizeRequest Request called at 9/14/2018 6:35:51 PM   :::   18:35:51.6830705

::::::::::: PostAuthorizeRequest Request called at 9/14/2018 6:35:51 PM   :::   18:35:51.6870686

::::::::::: End Request called at 9/14/2018 6:35:51 PM   :::   18:35:51.6890688

::::::::::: PostResolveRequestCache Request called at 9/14/2018 6:35:51 PM   :::   18:35:51.6900695

::::::::::: AcquireRequestState Request called at 9/14/2018 6:35:51 PM   :::   18:35:51.6910718

::::::::::: PostAcquireRequestState Request called at 9/14/2018 6:35:51 PM   :::   18:35:51.6930724

::::::::::: PreRequestHandlerExecute Request called at 9/14/2018 6:35:51 PM   :::   18:35:51.6940732

::::::::::: PostRequestHandlerExecute Request called at 9/14/2018 6:35:51 PM   :::   18:35:51.6960746

::::::::::: ReleaseRequestState Request called at 9/14/2018 6:35:51 PM   :::   18:35:51.6970745

::::::::::: PostReleaseRequestState Request called at 9/14/2018 6:35:51 PM   :::   18:35:51.6990771

::::::::::: UpdateRequestCache Request called at 9/14/2018 6:35:51 PM   :::   18:35:51.7030796

::::::::::: EndRequest Request called at 9/14/2018 6:35:51 PM   :::   18:35:51.7050802

::::::::::: PreSendRequestContent Request called at 9/14/2018 6:35:51 PM   :::   18:35:51.7060825

::::::::::: PreSendRequestHeaders Request called at 9/14/2018 6:35:51 PM   :::   18:35:51.7070832

::::::::::: BeginRequest Request called at 9/14/2018 6:35:51 PM   :::   18:35:51.8311832

::::::::::: AuthenticateRequest Request called at 9/14/2018 6:35:51 PM   :::   18:35:51.8331842

::::::::::: PostAuthenticateRequest Request called at 9/14/2018 6:35:51 PM   :::   18:35:51.8390677

::::::::::: AuthorizeRequest Request called at 9/14/2018 6:35:51 PM   :::   18:35:51.8410774

::::::::::: PostAuthorizeRequest Request called at 9/14/2018 6:35:51 PM   :::   18:35:51.8430709

::::::::::: End Request called at 9/14/2018 6:35:51 PM   :::   18:35:51.8440712

::::::::::: PostResolveRequestCache Request called at 9/14/2018 6:35:51 PM   :::   18:35:51.8460727

::::::::::: AcquireRequestState Request called at 9/14/2018 6:35:51 PM   :::   18:35:51.8480745

::::::::::: PostAcquireRequestState Request called at 9/14/2018 6:35:51 PM   :::   18:35:51.8490768

::::::::::: PreRequestHandlerExecute Request called at 9/14/2018 6:35:51 PM   :::   18:35:51.8540787

::::::::::: Error Request called at 9/14/2018 6:35:51 PM   :::   18:35:51.8600834

::::::::::: EndRequest Request called at 9/14/2018 6:35:51 PM   :::   18:35:51.8660877

::::::::::: PreSendRequestContent Request called at 9/14/2018 6:35:51 PM   :::   18:35:51.8700897

::::::::::: PreSendRequestHeaders Request called at 9/14/2018 6:35:51 PM   :::   18:35:51.8720943

::::::::::: BeginRequest Request called at 9/14/2018 6:35:54 PM   :::   18:35:54.3894240

::::::::::: AuthenticateRequest Request called at 9/14/2018 6:35:54 PM   :::   18:35:54.3904046

::::::::::: PostAuthenticateRequest Request called at 9/14/2018 6:35:54 PM   :::   18:35:54.3934047

::::::::::: AuthorizeRequest Request called at 9/14/2018 6:35:54 PM   :::   18:35:54.3954061

::::::::::: PostAuthorizeRequest Request called at 9/14/2018 6:35:54 PM   :::   18:35:54.3964068

::::::::::: End Request called at 9/14/2018 6:35:54 PM   :::   18:35:54.3974083

::::::::::: PostResolveRequestCache Request called at 9/14/2018 6:35:54 PM   :::   18:35:54.4004097

::::::::::: AcquireRequestState Request called at 9/14/2018 6:35:54 PM   :::   18:35:54.4024111

::::::::::: PostAcquireRequestState Request called at 9/14/2018 6:35:54 PM   :::   18:35:54.4034118

::::::::::: PreRequestHandlerExecute Request called at 9/14/2018 6:35:54 PM   :::   18:35:54.4054156

::::::::::: PostRequestHandlerExecute Request called at 9/14/2018 6:35:54 PM   :::   18:35:54.4764692

::::::::::: ReleaseRequestState Request called at 9/14/2018 6:35:54 PM   :::   18:35:54.4794730

::::::::::: PostReleaseRequestState Request called at 9/14/2018 6:35:54 PM   :::   18:35:54.4844749

::::::::::: UpdateRequestCache Request called at 9/14/2018 6:35:54 PM   :::   18:35:54.4874775

::::::::::: EndRequest Request called at 9/14/2018 6:35:54 PM   :::   18:35:54.4894785

::::::::::: PreSendRequestContent Request called at 9/14/2018 6:35:54 PM   :::   18:35:54.4924814

::::::::::: PreSendRequestHeaders Request called at 9/14/2018 6:35:54 PM   :::   18:35:54.4934817

::::::::::: BeginRequest Request called at 9/14/2018 6:35:55 PM   :::   18:35:55.5701540

::::::::::: AuthenticateRequest Request called at 9/14/2018 6:35:55 PM   :::   18:35:55.5741572

::::::::::: PostAuthenticateRequest Request called at 9/14/2018 6:35:55 PM   :::   18:35:55.5811618

::::::::::: AuthorizeRequest Request called at 9/14/2018 6:35:55 PM   :::   18:35:55.5851646

::::::::::: PostAuthorizeRequest Request called at 9/14/2018 6:35:55 PM   :::   18:35:55.5921712

::::::::::: End Request called at 9/14/2018 6:35:55 PM   :::   18:35:55.5961732

::::::::::: PostResolveRequestCache Request called at 9/14/2018 6:35:55 PM   :::   18:35:55.6001753

::::::::::: AcquireRequestState Request called at 9/14/2018 6:35:55 PM   :::   18:35:55.6031770

::::::::::: PostAcquireRequestState Request called at 9/14/2018 6:35:55 PM   :::   18:35:55.6051784

::::::::::: PreRequestHandlerExecute Request called at 9/14/2018 6:35:55 PM   :::   18:35:55.6081802

::::::::::: Error Request called at 9/14/2018 6:35:55 PM   :::   18:35:55.6131841

::::::::::: EndRequest Request called at 9/14/2018 6:35:55 PM   :::   18:35:55.6171870

::::::::::: PreSendRequestContent Request called at 9/14/2018 6:35:55 PM   :::   18:35:55.6221905

::::::::::: PreSendRequestHeaders Request called at 9/14/2018 6:35:55 PM   :::   18:35:55.6251927

::::::::::: BeginRequest Request called at 9/14/2018 6:35:57 PM   :::   18:35:57.7762124

::::::::::: AuthenticateRequest Request called at 9/14/2018 6:35:57 PM   :::   18:35:57.7782134

::::::::::: PostAuthenticateRequest Request called at 9/14/2018 6:35:57 PM   :::   18:35:57.7832174

::::::::::: AuthorizeRequest Request called at 9/14/2018 6:35:57 PM   :::   18:35:57.7982264

::::::::::: PostAuthorizeRequest Request called at 9/14/2018 6:35:57 PM   :::   18:35:57.8002287

::::::::::: End Request called at 9/14/2018 6:35:57 PM   :::   18:35:57.8022309

::::::::::: PostResolveRequestCache Request called at 9/14/2018 6:35:57 PM   :::   18:35:57.8062333

::::::::::: AcquireRequestState Request called at 9/14/2018 6:35:57 PM   :::   18:35:57.8122506

::::::::::: PostAcquireRequestState Request called at 9/14/2018 6:35:57 PM   :::   18:35:57.8152393

::::::::::: PreRequestHandlerExecute Request called at 9/14/2018 6:35:57 PM   :::   18:35:57.8222478

::::::::::: PostRequestHandlerExecute Request called at 9/14/2018 6:35:57 PM   :::   18:35:57.8332750

::::::::::: ReleaseRequestState Request called at 9/14/2018 6:35:57 PM   :::   18:35:57.8367761

::::::::::: PostReleaseRequestState Request called at 9/14/2018 6:35:57 PM   :::   18:35:57.8417773

::::::::::: UpdateRequestCache Request called at 9/14/2018 6:35:57 PM   :::   18:35:57.8532995

::::::::::: EndRequest Request called at 9/14/2018 6:35:57 PM   :::   18:35:57.8553017

::::::::::: PreSendRequestContent Request called at 9/14/2018 6:35:57 PM   :::   18:35:57.8573019

::::::::::: PreSendRequestHeaders Request called at 9/14/2018 6:35:57 PM   :::   18:35:57.8583042

::::::::::: BeginRequest Request called at 9/14/2018 6:36:10 PM   :::   18:36:10.5494011

::::::::::: AuthenticateRequest Request called at 9/14/2018 6:36:10 PM   :::   18:36:10.5539156

::::::::::: PostAuthenticateRequest Request called at 9/14/2018 6:36:10 PM   :::   18:36:10.5644221

::::::::::: AuthorizeRequest Request called at 9/14/2018 6:36:10 PM   :::   18:36:10.5744367

::::::::::: PostAuthorizeRequest Request called at 9/14/2018 6:36:10 PM   :::   18:36:10.5774384

::::::::::: End Request called at 9/14/2018 6:36:10 PM   :::   18:36:10.5814413

::::::::::: PostResolveRequestCache Request called at 9/14/2018 6:36:10 PM   :::   18:36:10.5864456

::::::::::: AcquireRequestState Request called at 9/14/2018 6:36:10 PM   :::   18:36:10.5904484

::::::::::: PostAcquireRequestState Request called at 9/14/2018 6:36:10 PM   :::   18:36:10.5944505

::::::::::: PreRequestHandlerExecute Request called at 9/14/2018 6:36:10 PM   :::   18:36:10.5974534

::::::::::: PostRequestHandlerExecute Request called at 9/14/2018 6:36:10 PM   :::   18:36:10.5994537

::::::::::: ReleaseRequestState Request called at 9/14/2018 6:36:10 PM   :::   18:36:10.6014551

::::::::::: PostReleaseRequestState Request called at 9/14/2018 6:36:10 PM   :::   18:36:10.6034561

::::::::::: UpdateRequestCache Request called at 9/14/2018 6:36:10 PM   :::   18:36:10.6054575

::::::::::: EndRequest Request called at 9/14/2018 6:36:10 PM   :::   18:36:10.6074609

::::::::::: PreSendRequestContent Request called at 9/14/2018 6:36:10 PM   :::   18:36:10.6094604

::::::::::: PreSendRequestHeaders Request called at 9/14/2018 6:36:10 PM   :::   18:36:10.6114622

::::::::::: BeginRequest Request called at 9/14/2018 6:37:18 PM   :::   18:37:18.2991358

::::::::::: AuthenticateRequest Request called at 9/14/2018 6:37:18 PM   :::   18:37:18.3771896

::::::::::: PostAuthenticateRequest Request called at 9/14/2018 6:37:18 PM   :::   18:37:18.6348729

::::::::::: AuthorizeRequest Request called at 9/14/2018 6:37:18 PM   :::   18:37:18.6373749

::::::::::: PostAuthorizeRequest Request called at 9/14/2018 6:37:18 PM   :::   18:37:18.6388758

::::::::::: End Request called at 9/14/2018 6:37:18 PM   :::   18:37:18.6403782

::::::::::: PostResolveRequestCache Request called at 9/14/2018 6:37:18 PM   :::   18:37:18.6543874

::::::::::: AcquireRequestState Request called at 9/14/2018 6:37:18 PM   :::   18:37:18.6598931

::::::::::: PostAcquireRequestState Request called at 9/14/2018 6:37:18 PM   :::   18:37:18.6618917

::::::::::: PreRequestHandlerExecute Request called at 9/14/2018 6:37:18 PM   :::   18:37:18.6633926

::::::::::: PostRequestHandlerExecute Request called at 9/14/2018 6:37:18 PM   :::   18:37:18.9000613

::::::::::: ReleaseRequestState Request called at 9/14/2018 6:37:18 PM   :::   18:37:18.9015618

::::::::::: PostReleaseRequestState Request called at 9/14/2018 6:37:18 PM   :::   18:37:18.9045643

::::::::::: UpdateRequestCache Request called at 9/14/2018 6:37:18 PM   :::   18:37:18.9636063

::::::::::: EndRequest Request called at 9/14/2018 6:37:18 PM   :::   18:37:18.9676095

::::::::::: PreSendRequestContent Request called at 9/14/2018 6:37:19 PM   :::   18:37:19.0026344

::::::::::: PreSendRequestHeaders Request called at 9/14/2018 6:37:19 PM   :::   18:37:19.0041349

::::::::::: BeginRequest Request called at 9/14/2018 6:37:39 PM   :::   18:37:39.8200348

::::::::::: AuthenticateRequest Request called at 9/14/2018 6:37:39 PM   :::   18:37:39.8225364

::::::::::: PostAuthenticateRequest Request called at 9/14/2018 6:37:39 PM   :::   18:37:39.8250380

::::::::::: AuthorizeRequest Request called at 9/14/2018 6:37:39 PM   :::   18:37:39.8265420

::::::::::: PostAuthorizeRequest Request called at 9/14/2018 6:37:39 PM   :::   18:37:39.8305476

::::::::::: End Request called at 9/14/2018 6:37:39 PM   :::   18:37:39.8325475

::::::::::: PostResolveRequestCache Request called at 9/14/2018 6:37:39 PM   :::   18:37:39.8345481

::::::::::: AcquireRequestState Request called at 9/14/2018 6:37:39 PM   :::   18:37:39.8365495

::::::::::: PostAcquireRequestState Request called at 9/14/2018 6:37:39 PM   :::   18:37:39.8375526

::::::::::: PreRequestHandlerExecute Request called at 9/14/2018 6:37:39 PM   :::   18:37:39.8395572

::::::::::: PostRequestHandlerExecute Request called at 9/14/2018 6:37:39 PM   :::   18:37:39.8555630

::::::::::: ReleaseRequestState Request called at 9/14/2018 6:37:39 PM   :::   18:37:39.8575645

::::::::::: PostReleaseRequestState Request called at 9/14/2018 6:37:39 PM   :::   18:37:39.8595659

::::::::::: UpdateRequestCache Request called at 9/14/2018 6:37:39 PM   :::   18:37:39.8655705

::::::::::: EndRequest Request called at 9/14/2018 6:37:39 PM   :::   18:37:39.8685731

::::::::::: PreSendRequestContent Request called at 9/14/2018 6:37:39 PM   :::   18:37:39.8705733

::::::::::: PreSendRequestHeaders Request called at 9/14/2018 6:37:39 PM   :::   18:37:39.8725751

::::::::::: BeginRequest Request called at 9/14/2018 6:37:39 PM   :::   18:37:39.9536402

::::::::::: AuthenticateRequest Request called at 9/14/2018 6:37:39 PM   :::   18:37:39.9576431

::::::::::: PostAuthenticateRequest Request called at 9/14/2018 6:37:40 PM   :::   18:37:40.0006736

::::::::::: AuthorizeRequest Request called at 9/14/2018 6:37:40 PM   :::   18:37:40.1677955

::::::::::: PostAuthorizeRequest Request called at 9/14/2018 6:37:40 PM   :::   18:37:40.1692968

::::::::::: End Request called at 9/14/2018 6:37:40 PM   :::   18:37:40.1707972

::::::::::: PostResolveRequestCache Request called at 9/14/2018 6:37:40 PM   :::   18:37:40.1722989

::::::::::: AcquireRequestState Request called at 9/14/2018 6:37:40 PM   :::   18:37:40.1737998

::::::::::: PostAcquireRequestState Request called at 9/14/2018 6:37:40 PM   :::   18:37:40.1758028

::::::::::: PreRequestHandlerExecute Request called at 9/14/2018 6:37:40 PM   :::   18:37:40.1798060

::::::::::: PostRequestHandlerExecute Request called at 9/14/2018 6:37:40 PM   :::   18:37:40.1868090

::::::::::: ReleaseRequestState Request called at 9/14/2018 6:37:40 PM   :::   18:37:40.1888116

::::::::::: PostReleaseRequestState Request called at 9/14/2018 6:37:40 PM   :::   18:37:40.1913132

::::::::::: UpdateRequestCache Request called at 9/14/2018 6:37:40 PM   :::   18:37:40.2088247

::::::::::: EndRequest Request called at 9/14/2018 6:37:40 PM   :::   18:37:40.2103259

::::::::::: PreSendRequestContent Request called at 9/14/2018 6:37:40 PM   :::   18:37:40.2128287

::::::::::: PreSendRequestHeaders Request called at 9/14/2018 6:37:40 PM   :::   18:37:40.2143284

::::::::::: BeginRequest Request called at 9/14/2018 6:37:41 PM   :::   18:37:41.7903562

::::::::::: AuthenticateRequest Request called at 9/14/2018 6:37:41 PM   :::   18:37:41.7913592

::::::::::: PostAuthenticateRequest Request called at 9/14/2018 6:37:41 PM   :::   18:37:41.7953593

::::::::::: AuthorizeRequest Request called at 9/14/2018 6:37:41 PM   :::   18:37:41.7983618

::::::::::: PostAuthorizeRequest Request called at 9/14/2018 6:37:41 PM   :::   18:37:41.8003625

::::::::::: End Request called at 9/14/2018 6:37:41 PM   :::   18:37:41.8013632

::::::::::: PostResolveRequestCache Request called at 9/14/2018 6:37:41 PM   :::   18:37:41.8043657

::::::::::: AcquireRequestState Request called at 9/14/2018 6:37:41 PM   :::   18:37:41.8063675

::::::::::: PostAcquireRequestState Request called at 9/14/2018 6:37:41 PM   :::   18:37:41.8093693

::::::::::: PreRequestHandlerExecute Request called at 9/14/2018 6:37:41 PM   :::   18:37:41.8133721

::::::::::: Error Request called at 9/14/2018 6:37:41 PM   :::   18:37:41.8163739

::::::::::: EndRequest Request called at 9/14/2018 6:37:41 PM   :::   18:37:41.8243807

::::::::::: PreSendRequestContent Request called at 9/14/2018 6:37:41 PM   :::   18:37:41.8283828

::::::::::: PreSendRequestHeaders Request called at 9/14/2018 6:37:41 PM   :::   18:37:41.8303838

::::::::::: BeginRequest Request called at 9/14/2018 6:37:43 PM   :::   18:37:43.3437256

::::::::::: AuthenticateRequest Request called at 9/14/2018 6:37:43 PM   :::   18:37:43.3447062

::::::::::: PostAuthenticateRequest Request called at 9/14/2018 6:37:43 PM   :::   18:37:43.3477079

::::::::::: AuthorizeRequest Request called at 9/14/2018 6:37:43 PM   :::   18:37:43.3497090

::::::::::: PostAuthorizeRequest Request called at 9/14/2018 6:37:43 PM   :::   18:37:43.3507101

::::::::::: End Request called at 9/14/2018 6:37:43 PM   :::   18:37:43.3527111

::::::::::: PostResolveRequestCache Request called at 9/14/2018 6:37:43 PM   :::   18:37:43.3547125

::::::::::: AcquireRequestState Request called at 9/14/2018 6:37:43 PM   :::   18:37:43.3567139

::::::::::: PostAcquireRequestState Request called at 9/14/2018 6:37:43 PM   :::   18:37:43.3587158

::::::::::: PreRequestHandlerExecute Request called at 9/14/2018 6:37:43 PM   :::   18:37:43.3597165

::::::::::: PostRequestHandlerExecute Request called at 9/14/2018 6:37:43 PM   :::   18:37:43.4217692

::::::::::: ReleaseRequestState Request called at 9/14/2018 6:37:43 PM   :::   18:37:43.4237715

::::::::::: PostReleaseRequestState Request called at 9/14/2018 6:37:43 PM   :::   18:37:43.4257733

::::::::::: UpdateRequestCache Request called at 9/14/2018 6:37:43 PM   :::   18:37:43.4267941

::::::::::: EndRequest Request called at 9/14/2018 6:37:43 PM   :::   18:37:43.4287975

::::::::::: PreSendRequestContent Request called at 9/14/2018 6:37:43 PM   :::   18:37:43.4307772

::::::::::: PreSendRequestHeaders Request called at 9/14/2018 6:37:43 PM   :::   18:37:43.4317799

::::::::::: BeginRequest Request called at 9/14/2018 6:38:32 PM   :::   18:38:32.6908890

::::::::::: AuthenticateRequest Request called at 9/14/2018 6:38:32 PM   :::   18:38:32.6923911

::::::::::: PostAuthenticateRequest Request called at 9/14/2018 6:38:32 PM   :::   18:38:32.6958918

::::::::::: AuthorizeRequest Request called at 9/14/2018 6:38:32 PM   :::   18:38:32.6973939

::::::::::: PostAuthorizeRequest Request called at 9/14/2018 6:38:32 PM   :::   18:38:32.6988947

::::::::::: End Request called at 9/14/2018 6:38:32 PM   :::   18:38:32.6998962

::::::::::: PostResolveRequestCache Request called at 9/14/2018 6:38:32 PM   :::   18:38:32.7018973

::::::::::: EndRequest Request called at 9/14/2018 6:38:32 PM   :::   18:38:32.7033981

::::::::::: PreSendRequestContent Request called at 9/14/2018 6:38:32 PM   :::   18:38:32.7048994

::::::::::: PreSendRequestHeaders Request called at 9/14/2018 6:38:32 PM   :::   18:38:32.7064014

::::::::::: BeginRequest Request called at 9/14/2018 6:40:59 PM   :::   18:40:59.4803004

::::::::::: AuthenticateRequest Request called at 9/14/2018 6:40:59 PM   :::   18:40:59.4823018

::::::::::: PostAuthenticateRequest Request called at 9/14/2018 6:40:59 PM   :::   18:40:59.4853035

::::::::::: AuthorizeRequest Request called at 9/14/2018 6:40:59 PM   :::   18:40:59.4873053

::::::::::: PostAuthorizeRequest Request called at 9/14/2018 6:40:59 PM   :::   18:40:59.4883061

::::::::::: End Request called at 9/14/2018 6:40:59 PM   :::   18:40:59.4903071

::::::::::: PostResolveRequestCache Request called at 9/14/2018 6:40:59 PM   :::   18:40:59.4923085

::::::::::: EndRequest Request called at 9/14/2018 6:40:59 PM   :::   18:40:59.4943099

::::::::::: PreSendRequestContent Request called at 9/14/2018 6:40:59 PM   :::   18:40:59.4963117

::::::::::: PreSendRequestHeaders Request called at 9/14/2018 6:40:59 PM   :::   18:40:59.4973125

::::::::::: BeginRequest Request called at 9/14/2018 6:41:48 PM   :::   18:41:48.4375201

::::::::::: AuthenticateRequest Request called at 9/14/2018 6:41:48 PM   :::   18:41:48.4395207

::::::::::: PostAuthenticateRequest Request called at 9/14/2018 6:41:48 PM   :::   18:41:48.4425224

::::::::::: AuthorizeRequest Request called at 9/14/2018 6:41:48 PM   :::   18:41:48.4435259

::::::::::: PostAuthorizeRequest Request called at 9/14/2018 6:41:48 PM   :::   18:41:48.4455269

::::::::::: End Request called at 9/14/2018 6:41:48 PM   :::   18:41:48.4465257

::::::::::: PostResolveRequestCache Request called at 9/14/2018 6:41:48 PM   :::   18:41:48.4485271

::::::::::: EndRequest Request called at 9/14/2018 6:41:48 PM   :::   18:41:48.4515300

::::::::::: PreSendRequestContent Request called at 9/14/2018 6:41:48 PM   :::   18:41:48.4545318

::::::::::: PreSendRequestHeaders Request called at 9/14/2018 6:41:48 PM   :::   18:41:48.4565332

::::::::::: BeginRequest Request called at 9/14/2018 6:45:00 PM   :::   18:45:00.5449372

::::::::::: AuthenticateRequest Request called at 9/14/2018 6:45:00 PM   :::   18:45:00.5469382

::::::::::: PostAuthenticateRequest Request called at 9/14/2018 6:45:00 PM   :::   18:45:00.5509407

::::::::::: AuthorizeRequest Request called at 9/14/2018 6:45:00 PM   :::   18:45:00.5529421

::::::::::: PostAuthorizeRequest Request called at 9/14/2018 6:45:00 PM   :::   18:45:00.5549439

::::::::::: End Request called at 9/14/2018 6:45:00 PM   :::   18:45:00.5589511

::::::::::: PostResolveRequestCache Request called at 9/14/2018 6:45:00 PM   :::   18:45:00.5619485

::::::::::: EndRequest Request called at 9/14/2018 6:45:00 PM   :::   18:45:00.5649506

::::::::::: PreSendRequestContent Request called at 9/14/2018 6:45:00 PM   :::   18:45:00.5679540

::::::::::: PreSendRequestHeaders Request called at 9/14/2018 6:45:00 PM   :::   18:45:00.5699589

