<?xml version="1.0" encoding="UTF-8"?>
<soap-env:Envelope xmlns:soap-env="http://schemas.xmlsoap.org/soap/envelope/"><soap-env:Header><eb:MessageHeader xmlns:eb="http://www.ebxml.org/namespaces/messageHeader" eb:version="1.0" soap-env:mustUnderstand="1"><eb:From><eb:PartyId eb:type="URI">123123</eb:PartyId></eb:From><eb:To><eb:PartyId eb:type="urn: x12.org:IO5: 01">999999</eb:PartyId></eb:To><eb:CPAId>3RT2</eb:CPAId><eb:ConversationId>1111111111111111111</eb:ConversationId><eb:Service eb:type="sabreXML">EnhancedAirBookRQ</eb:Service><eb:Action>EnhancedAirBookRS</eb:Action><eb:MessageData><eb:MessageId>xnqcpyl8g</eb:MessageId><eb:Timestamp>2018-10-25T16:50:18</eb:Timestamp><eb:RefToMessageId>mid:0_2014-09-22T21:43:40m</eb:RefToMessageId></eb:MessageData></eb:MessageHeader><wsse:Security xmlns:wsse="http://schemas.xmlsoap.org/ws/2002/12/secext"><wsse:BinarySecurityToken valueType="String" EncodingType="wsse:Base64Binary">Shared/IDL:IceSess\/SessMgr:1\.0.IDL/Common/!ICESMS\/RESB!ICESMSLB\/RES.LB!-3088894445047612284!1858529!0</wsse:BinarySecurityToken></wsse:Security></soap-env:Header><soap-env:Body><EnhancedAirBookRS xmlns="http://services.sabre.com/sp/eab/v3_6"><ApplicationResults xmlns="http://services.sabre.com/STL_Payload/v02_01" status="Complete"><Success timeStamp="2018-10-25T11:50:18.354-05:00"/></ApplicationResults><OTA_AirBookRS><OriginDestinationOption>
  <FlightSegment ArrivalDateTime="12-02T11:35" DepartureDateTime="12-01T13:55" FlightNumber="0242" NumberInParty="001" ResBookDesigCode="U" Status="NN" eTicket="true">
   <DestinationLocation LocationCode="DXB"/>
   <MarketingAirline Code="EK" FlightNumber="0242"/>
   <OriginLocation LocationCode="YYZ"/>
  </FlightSegment>
  <FlightSegment ArrivalDateTime="12-02T19:55" DepartureDateTime="12-02T15:10" FlightNumber="0514" NumberInParty="001" ResBookDesigCode="T" Status="NN" eTicket="true">
   <DestinationLocation LocationCode="DEL"/>
   <MarketingAirline Code="EK" FlightNumber="0514"/>
   <OriginLocation LocationCode="DXB"/>
  </FlightSegment>
  <FlightSegment ArrivalDateTime="12-06T23:55" DepartureDateTime="12-06T21:25" FlightNumber="0515" NumberInParty="001" ResBookDesigCode="L" Status="NN" eTicket="true">
   <DestinationLocation LocationCode="DXB"/>
   <MarketingAirline Code="EK" FlightNumber="0515"/>
   <OriginLocation LocationCode="DEL"/>
  </FlightSegment>
  <FlightSegment ArrivalDateTime="12-07T08:25" DepartureDateTime="12-07T03:30" FlightNumber="0526" NumberInParty="001" ResBookDesigCode="U" Status="NN" eTicket="true">
   <DestinationLocation LocationCode="HYD"/>
   <MarketingAirline Code="EK" FlightNumber="0526"/>
   <OriginLocation LocationCode="DXB"/>
  </FlightSegment>
 </OriginDestinationOption></OTA_AirBookRS><TravelItineraryReadRS><TravelItinerary><CustomerInfo/><ItineraryInfo><ReservationItems><Item RPH="1"><FlightSegment AirMilesFlown="6899" ArrivalDateTime="12-02T11:35" DayOfWeekInd="6" DepartureDateTime="2018-12-01T13:55" ElapsedTime="12.40" eTicket="true" FlightNumber="0242" NumberInParty="01" ResBookDesigCode="U" SegmentNumber="0001" SmokingAllowed="false" SpecialMeal="false" Status="SS" StopQuantity="00" IsPast="false"><DestinationLocation LocationCode="DXB" Terminal="TERMINAL 3" TerminalCode="3"/><Equipment AirEquipType="388"/><MarketingAirline Code="EK" FlightNumber="0242"/><MarriageGrp Group="001" Sequence="1"/><Meal Code="M"/><OriginLocation LocationCode="YYZ" Terminal="TERMINAL 1" TerminalCode="1"/><SupplierRef ID="DCEK"/><UpdatedArrivalTime>12-02T11:35</UpdatedArrivalTime><UpdatedDepartureTime>12-01T13:55</UpdatedDepartureTime></FlightSegment></Item><Item RPH="2"><FlightSegment AirMilesFlown="1360" ArrivalDateTime="12-02T19:55" DayOfWeekInd="7" DepartureDateTime="2018-12-02T15:10" ElapsedTime="03.15" eTicket="true" FlightNumber="0514" NumberInParty="01" ResBookDesigCode="T" SegmentNumber="0002" SmokingAllowed="false" SpecialMeal="false" Status="SS" StopQuantity="00" IsPast="false"><DestinationLocation LocationCode="DEL" Terminal="TERMINAL 3" TerminalCode="3"/><Equipment AirEquipType="77W"/><MarketingAirline Code="EK" FlightNumber="0514"/><MarriageGrp Group="001" Sequence="2"/><Meal Code="M"/><OriginLocation LocationCode="DXB" Terminal="TERMINAL 3" TerminalCode="3"/><SupplierRef ID="DCEK"/><UpdatedArrivalTime>12-02T19:55</UpdatedArrivalTime><UpdatedDepartureTime>12-02T15:10</UpdatedDepartureTime></FlightSegment></Item><Item RPH="3"><FlightSegment AirMilesFlown="1360" ArrivalDateTime="12-06T23:55" DayOfWeekInd="4" DepartureDateTime="2018-12-06T21:25" ElapsedTime="04.00" eTicket="true" FlightNumber="0515" NumberInParty="01" ResBookDesigCode="L" SegmentNumber="0003" SmokingAllowed="false" SpecialMeal="false" Status="SS" StopQuantity="00" IsPast="false"><DestinationLocation LocationCode="DXB" Terminal="TERMINAL 3" TerminalCode="3"/><Equipment AirEquipType="77W"/><MarketingAirline Code="EK" FlightNumber="0515"/><Meal Code="M"/><OriginLocation LocationCode="DEL" Terminal="TERMINAL 3" TerminalCode="3"/><SupplierRef ID="DCEK"/><UpdatedArrivalTime>12-06T23:55</UpdatedArrivalTime><UpdatedDepartureTime>12-06T21:25</UpdatedDepartureTime></FlightSegment></Item><Item RPH="4"><FlightSegment AirMilesFlown="1583" ArrivalDateTime="12-07T08:25" DayOfWeekInd="5" DepartureDateTime="2018-12-07T03:30" ElapsedTime="03.25" eTicket="true" FlightNumber="0526" NumberInParty="01" ResBookDesigCode="U" SegmentNumber="0004" SmokingAllowed="false" SpecialMeal="false" Status="SS" StopQuantity="00" IsPast="false"><DestinationLocation LocationCode="HYD"/><Equipment AirEquipType="77W"/><MarketingAirline Code="EK" FlightNumber="0526"/><MarriageGrp Group="001" Sequence="3"/><Meal Code="M"/><OriginLocation LocationCode="DXB" Terminal="TERMINAL 3" TerminalCode="3"/><SupplierRef ID="DCEK"/><UpdatedArrivalTime>12-07T08:25</UpdatedArrivalTime><UpdatedDepartureTime>12-07T03:30</UpdatedDepartureTime></FlightSegment></Item></ReservationItems></ItineraryInfo><ItineraryRef AirExtras="false" InhibitCode="U" PartitionID="AA" PrimeHostID="1S"><Source PseudoCityCode="3RT2"/></ItineraryRef></TravelItinerary></TravelItineraryReadRS></EnhancedAirBookRS></soap-env:Body></soap-env:Envelope>