<?xml version="1.0" encoding="UTF-8"?>
<soap-env:Envelope xmlns:soap-env="http://schemas.xmlsoap.org/soap/envelope/"><soap-env:Header><eb:MessageHeader xmlns:eb="http://www.ebxml.org/namespaces/messageHeader" eb:version="1.0" soap-env:mustUnderstand="1"><eb:From><eb:PartyId eb:type="URI">123123</eb:PartyId></eb:From><eb:To><eb:PartyId eb:type="urn: x12.org:IO5: 01">999999</eb:PartyId></eb:To><eb:CPAId>3RT2</eb:CPAId><eb:ConversationId>1111111111111111111</eb:ConversationId><eb:Service eb:type="sabreXML">OTA_AirPriceLLSRQ</eb:Service><eb:Action>OTA_AirPriceLLSRS</eb:Action><eb:MessageData><eb:MessageId>7069199611512160194</eb:MessageId><eb:Timestamp>2018-10-30T16:59:12</eb:Timestamp><eb:RefToMessageId>mid:0_2014-09-22T21:43:40m</eb:RefToMessageId></eb:MessageData></eb:MessageHeader><wsse:Security xmlns:wsse="http://schemas.xmlsoap.org/ws/2002/12/secext"><wsse:BinarySecurityToken valueType="String" EncodingType="wsse:Base64Binary">Shared/IDL:IceSess\/SessMgr:1\.0.IDL/Common/!ICESMS\/RESE!ICESMSLB\/RES.LB!-3087122793601368177!628788!0</wsse:BinarySecurityToken></wsse:Security></soap-env:Header><soap-env:Body><OTA_AirPriceRS xmlns="http://webservices.sabre.com/sabreXML/2011/10" xmlns:xs="http://www.w3.org/2001/XMLSchema" xmlns:xsi="http://www.w3.org/2001/XMLSchema-instance" xmlns:stl="http://services.sabre.com/STL/v01" Version="2.14.0">
 <stl:ApplicationResults status="Complete">
  <stl:Success timeStamp="2018-10-30T11:59:12-05:00"/>
 </stl:ApplicationResults>
 <PriceQuote>
  <MiscInformation>
   <BaggageInfo>
    <SubCodeProperties RPH="1" SolutionSequenceNmbr="1">
     <AncillaryFeeGroupCode>BG</AncillaryFeeGroupCode>
     <AncillaryService SubGroupCode="CY">
      <Text>CARRY ON HAND BAGGAGE</Text>
     </AncillaryService>
     <CommercialNameofBaggageItemType>CARRYON HAND BAGGAGE ALLOWANCE</CommercialNameofBaggageItemType>
     <EMD_Type>4</EMD_Type>
     <ExtendedSubCodeKey>0LNABAI</ExtendedSubCodeKey>
     <RFIC>C</RFIC>
    </SubCodeProperties>
    <SubCodeProperties RPH="2" SolutionSequenceNmbr="1">
     <AncillaryFeeGroupCode>BG</AncillaryFeeGroupCode>
     <AncillaryService SubGroupCode="CY">
      <Text>CARRY ON HAND BAGGAGE</Text>
     </AncillaryService>
     <CommercialNameofBaggageItemType>CARRYON HAND BAGGAGE ALLOWANCE</CommercialNameofBaggageItemType>
     <EMD_Type>4</EMD_Type>
     <ExtendedSubCodeKey>0LNABKL</ExtendedSubCodeKey>
    </SubCodeProperties>
    <SubCodeProperties RPH="3" SolutionSequenceNmbr="1">
     <AncillaryFeeGroupCode>BG</AncillaryFeeGroupCode>
     <AncillaryService SubGroupCode="CY">
      <Text>CARRY ON HAND BAGGAGE</Text>
     </AncillaryService>
     <CommercialNameofBaggageItemType>CABIN BAGGAGE 12KG 1PC 115CM</CommercialNameofBaggageItemType>
     <DescriptionOne Code="12">
      <Text>UP TO 26 POUNDS/12 KILOGRAMS</Text>
     </DescriptionOne>
     <DescriptionTwo Code="4U">
      <Text>UP TO 45 LINEAR INCHES/115 LINEAR CENTIMETERS</Text>
     </DescriptionTwo>
     <EMD_Type>4</EMD_Type>
     <ExtendedSubCodeKey>0MRACKL</ExtendedSubCodeKey>
     <RFIC>C</RFIC>
     <SizeWeightInfo>
      <MaximumSizeInAlternate Units="C">115</MaximumSizeInAlternate>
      <MaximumSize Units="I">45</MaximumSize>
      <MaximumWeightInAlternate Units="K">12</MaximumWeightInAlternate>
      <MaximumWeight Units="L">26</MaximumWeight>
     </SizeWeightInfo>
    </SubCodeProperties>
    <SubCodeProperties RPH="4" SolutionSequenceNmbr="1">
     <AncillaryFeeGroupCode>BG</AncillaryFeeGroupCode>
     <CommercialNameofBaggageItemType>FREE BAGGAGE ALLOWANCE</CommercialNameofBaggageItemType>
     <EMD_Type>4</EMD_Type>
     <ExtendedSubCodeKey>0DFAADL</ExtendedSubCodeKey>
    </SubCodeProperties>
    <SubCodeProperties RPH="5" SolutionSequenceNmbr="1">
     <AncillaryFeeGroupCode>BG</AncillaryFeeGroupCode>
     <CommercialNameofBaggageItemType>UPTO50LB 23KG AND62LI 158LCM</CommercialNameofBaggageItemType>
     <DescriptionOne Code="23">
      <Text>UP TO 50 POUNDS/23 KILOGRAMS</Text>
     </DescriptionOne>
     <DescriptionTwo Code="6U">
      <Text>UP TO 62 LINEAR INCHES/158 LINEAR CENTIMETERS</Text>
     </DescriptionTwo>
     <EMD_Type>4</EMD_Type>
     <ExtendedSubCodeKey>0GOACDL</ExtendedSubCodeKey>
     <SizeWeightInfo>
      <MaximumSizeInAlternate Units="C">158</MaximumSizeInAlternate>
      <MaximumSize Units="I">62</MaximumSize>
      <MaximumWeightInAlternate Units="K">23</MaximumWeightInAlternate>
      <MaximumWeight Units="L">50</MaximumWeight>
     </SizeWeightInfo>
    </SubCodeProperties>
   </BaggageInfo>
   <HeaderInformation SolutionSequenceNmbr="1">
    <DepartureDate>2018-12-01</DepartureDate>
    <LastTicketingDate>11-02T12:59</LastTicketingDate>
    <Text>VALIDATING CARRIER - DL</Text>
    <Text>BAG ALLOWANCE     -YYZHYD-02P/DL/EACH PIECE UP TO 50 POUNDS/23</Text>
    <Text>KILOGRAMS AND UP TO 62 LINEAR INCHES/158 LINEAR CENTIMETERS</Text>
    <Text>CARRY ON ALLOWANCE</Text>
    <Text>YYZAMS-01P/KL</Text>
    <Text>01/UP TO 26 POUNDS/12 KILOGRAMS AND UP TO 45 LINEAR INCHES/115</Text>
    <Text>LINEAR CENTIMETERS</Text>
    <Text>AMSDEL-9W-CARRY ON ALLOWANCE UNKNOWN-CONTACT CARRIER</Text>
    <Text>DELHYD-01P/08KG/AI</Text>
    <Text>CARRY ON CHARGES</Text>
    <Text>YYZAMS-KL-CARRY ON FEES UNKNOWN-CONTACT CARRIER</Text>
    <Text>AMSDEL-9W-CARRY ON FEES UNKNOWN-CONTACT CARRIER</Text>
    <Text>DELHYD-AI-CARRY ON FEES UNKNOWN-CONTACT CARRIER</Text>
    <Text>ADDITIONAL ALLOWANCES AND/OR DISCOUNTS MAY APPLY DEPENDING ON</Text>
    <Text>FLYER-SPECIFIC FACTORS /E.G. FREQUENT FLYER STATUS/MILITARY/</Text>
    <Text>CREDIT CARD FORM OF PAYMENT/EARLY PURCHASE OVER INTERNET,ETC./</Text>
    <Text>01DEC DEPARTURE DATE-----LAST DAY TO PURCHASE 02NOV/1259</Text>
    <ValidatingCarrier Code="DL"/>
   </HeaderInformation>
   <SolutionInformation SolutionSequenceNmbr="1">
    <CurrencyCode>CAD</CurrencyCode>
    <RequiresRebook>false</RequiresRebook>
    <TicketNumber>0</TicketNumber>
    <TotalAmount>1627.87</TotalAmount>
   </SolutionInformation>
  </MiscInformation>
  <PricedItinerary AlternativePricing="false" CurrencyCode="CAD" MultiTicket="false" TotalAmount="1627.87">
   <AirItineraryPricingInfo SolutionSequenceNmbr="1">
    <BaggageProvisions RPH="1">
     <Associations>
      <CarrierCode RPH="1">DL</CarrierCode>
      <CarrierCode RPH="2">DL</CarrierCode>
      <CarrierCode RPH="3">AI</CarrierCode>
      <CountForSegmentAssociatedID>3</CountForSegmentAssociatedID>
      <DepartureDate RPH="1">2018-12-01</DepartureDate>
      <DepartureDate RPH="2">2018-12-02</DepartureDate>
      <DepartureDate RPH="3">2018-12-22</DepartureDate>
      <DestinationLocation LocationCode="AMS" RPH="1"/>
      <DestinationLocation LocationCode="DEL" RPH="2"/>
      <DestinationLocation LocationCode="HYD" RPH="3"/>
      <FlightNumber RPH="1">9699</FlightNumber>
      <FlightNumber RPH="2">7534</FlightNumber>
      <FlightNumber RPH="3">126</FlightNumber>
      <OriginLocation LocationCode="YYZ" RPH="1"/>
      <OriginLocation LocationCode="AMS" RPH="2"/>
      <OriginLocation LocationCode="DEL" RPH="3"/>
      <PNR_Segment RPH="1">2</PNR_Segment>
      <PNR_Segment RPH="2">3</PNR_Segment>
      <PNR_Segment RPH="3">4</PNR_Segment>
      <ResBookDesigCode RPH="1">U</ResBookDesigCode>
      <ResBookDesigCode RPH="2">U</ResBookDesigCode>
      <ResBookDesigCode RPH="3">Y</ResBookDesigCode>
      <StatusCode RPH="1">SS</StatusCode>
      <StatusCode RPH="2">SS</StatusCode>
      <StatusCode RPH="3">SS</StatusCode>
     </Associations>
     <CarrierWhoseBaggageProvisionsApply>DL</CarrierWhoseBaggageProvisionsApply>
     <NumPiecesBDI>2</NumPiecesBDI>
     <NumPiecesITR>2</NumPiecesITR>
     <ProvisionType>A</ProvisionType>
     <SubCodeInfo>
      <SubCodeForAllowance RPH="1">0GOACDL</SubCodeForAllowance>
      <SubCodeForChargesOthers>0DFAADL</SubCodeForChargesOthers>
     </SubCodeInfo>
    </BaggageProvisions>
    <BaggageProvisions RPH="2">
     <Associations>
      <CarrierCode RPH="1">DL</CarrierCode>
      <CountForSegmentAssociatedID>1</CountForSegmentAssociatedID>
      <DepartureDate RPH="1">2018-12-01</DepartureDate>
      <DestinationLocation LocationCode="AMS" RPH="1"/>
      <FlightNumber RPH="1">9699</FlightNumber>
      <OriginLocation LocationCode="YYZ" RPH="1"/>
      <PNR_Segment RPH="1">2</PNR_Segment>
      <ResBookDesigCode RPH="1">U</ResBookDesigCode>
      <StatusCode RPH="1">SS</StatusCode>
     </Associations>
     <CarrierWhoseBaggageProvisionsApply>KL</CarrierWhoseBaggageProvisionsApply>
     <NumPiecesBDI>1</NumPiecesBDI>
     <NumPiecesITR>1</NumPiecesITR>
     <ProvisionType>B</ProvisionType>
     <SubCodeInfo>
      <SubCodeForAllowance RPH="1">0MRACKL</SubCodeForAllowance>
      <SubCodeForChargesOthers>0LNABKL</SubCodeForChargesOthers>
     </SubCodeInfo>
    </BaggageProvisions>
    <BaggageProvisions RPH="3">
     <Associations>
      <CarrierCode RPH="1">AI</CarrierCode>
      <CountForSegmentAssociatedID>1</CountForSegmentAssociatedID>
      <DepartureDate RPH="1">2018-12-22</DepartureDate>
      <DestinationLocation LocationCode="HYD" RPH="1"/>
      <FlightNumber RPH="1">126</FlightNumber>
      <OriginLocation LocationCode="DEL" RPH="1"/>
      <PNR_Segment RPH="1">4</PNR_Segment>
      <ResBookDesigCode RPH="1">Y</ResBookDesigCode>
      <StatusCode RPH="1">SS</StatusCode>
     </Associations>
     <CarrierWhoseBaggageProvisionsApply>AI</CarrierWhoseBaggageProvisionsApply>
     <NumPiecesBDI>1</NumPiecesBDI>
     <ProvisionType>B</ProvisionType>
     <SubCodeInfo>
      <SubCodeForChargesOthers>0LNABAI</SubCodeForChargesOthers>
     </SubCodeInfo>
     <WeightLimit Units="K">8</WeightLimit>
    </BaggageProvisions>
    <FareCalculation>
     <Text>YTO DL X/AMS DL DEL Q YTODEL11.40M593.82AI HYD355.78NUC961.00END ROE1.315194</Text>
    </FareCalculation>
    <FareCalculationBreakdown>
     <Departure AirlineCode="DL" AirportCode="YYZ" ArrivalAirportCode="AMS" ArrivalCityCode="AMS" CityCode="YTO" GenericInd="X"/>
     <FareBasis Cabin="Y" Code="UH1H39M3" FilingCarrier="DL"/>
     <FreeBaggageAllowance>PC002</FreeBaggageAllowance>
     <Surcharges Ind="Q" Type="UNK">11.40</Surcharges>
    </FareCalculationBreakdown>
    <FareCalculationBreakdown>
     <Branch FirstJointCarrier="DL" PCC="3RT2"/>
     <Departure AirlineCode="DL" AirportCode="AMS" ArrivalAirportCode="DEL" ArrivalCityCode="DEL" CityCode="AMS" GenericInd="O"/>
     <FareBasis Cabin="Y" Code="UH1H39M3" FareAmount="593.82" FarePassengerType="ADT" FareType="P" FilingCarrier="DL" GlobalInd="AT" Market="YTODEL" TripTypeInd="O"/>
     <FreeBaggageAllowance>PC002</FreeBaggageAllowance>
     <Mileage MileageSymbol="M"/>
     <RuleCategoryIndicator>2</RuleCategoryIndicator>
     <RuleCategoryIndicator>3</RuleCategoryIndicator>
     <RuleCategoryIndicator>4</RuleCategoryIndicator>
     <RuleCategoryIndicator>5</RuleCategoryIndicator>
     <RuleCategoryIndicator>8</RuleCategoryIndicator>
     <RuleCategoryIndicator>9</RuleCategoryIndicator>
     <RuleCategoryIndicator>10</RuleCategoryIndicator>
     <RuleCategoryIndicator>11</RuleCategoryIndicator>
     <RuleCategoryIndicator>16</RuleCategoryIndicator>
     <RuleCategoryIndicator>18</RuleCategoryIndicator>
    </FareCalculationBreakdown>
    <FareCalculationBreakdown>
     <Branch FirstJointCarrier="AI" PCC="3RT2"/>
     <Departure AirlineCode="AI" AirportCode="DEL" ArrivalAirportCode="HYD" ArrivalCityCode="HYD" CityCode="DEL" GenericInd="O"/>
     <FareBasis Cabin="Y" Code="Y" FareAmount="355.78" FarePassengerType="ADT" FareType="P" FilingCarrier="AI" GlobalInd="EH" Market="DELHYD" TripTypeInd="O"/>
     <FreeBaggageAllowance>PC002</FreeBaggageAllowance>
     <RuleCategoryIndicator>4</RuleCategoryIndicator>
     <RuleCategoryIndicator>7</RuleCategoryIndicator>
     <RuleCategoryIndicator>8</RuleCategoryIndicator>
     <RuleCategoryIndicator>9</RuleCategoryIndicator>
     <RuleCategoryIndicator>10</RuleCategoryIndicator>
     <RuleCategoryIndicator>12</RuleCategoryIndicator>
     <RuleCategoryIndicator>15</RuleCategoryIndicator>
     <RuleCategoryIndicator>16</RuleCategoryIndicator>
     <RuleCategoryIndicator>18</RuleCategoryIndicator>
    </FareCalculationBreakdown>
    <ItinTotalFare NonRefundableInd="O">
     <BaggageInfo>
      <US_DOT_Disclosure>
       <Text>BAG ALLOWANCE     -YYZHYD-02P/DL/EACH PIECE UP TO 50 POUNDS/23</Text>
       <Text>KILOGRAMS AND UP TO 62 LINEAR INCHES/158 LINEAR CENTIMETERS</Text>
       <Text>CARRY ON ALLOWANCE</Text>
       <Text>YYZAMS-01P/KL</Text>
       <Text>01/UP TO 26 POUNDS/12 KILOGRAMS AND UP TO 45 LINEAR INCHES/115</Text>
       <Text>LINEAR CENTIMETERS</Text>
       <Text>AMSDEL-9W-CARRY ON ALLOWANCE UNKNOWN-CONTACT CARRIER</Text>
       <Text>DELHYD-01P/08KG/AI</Text>
       <Text>CARRY ON CHARGES</Text>
       <Text>YYZAMS-KL-CARRY ON FEES UNKNOWN-CONTACT CARRIER</Text>
       <Text>AMSDEL-9W-CARRY ON FEES UNKNOWN-CONTACT CARRIER</Text>
       <Text>DELHYD-AI-CARRY ON FEES UNKNOWN-CONTACT CARRIER</Text>
       <Text>ADDITIONAL ALLOWANCES AND/OR DISCOUNTS MAY APPLY DEPENDING ON</Text>
       <Text>FLYER-SPECIFIC FACTORS /E.G. FREQUENT FLYER STATUS/MILITARY/</Text>
       <Text>CREDIT CARD FORM OF PAYMENT/EARLY PURCHASE OVER INTERNET,ETC./</Text>
      </US_DOT_Disclosure>
     </BaggageInfo>
     <BaseFare Amount="1264.00" CurrencyCode="CAD"/>
     <Endorsements>
      <Text>REF WITH FEE/CHG FEE APPLIES</Text>
      <Text>DOMESTIC TKT RULE APPLIES</Text>
     </Endorsements>
     <Taxes TotalAmount="363.87">
      <Tax Amount="287.00" TaxCode="YRI" TaxName="SERVICE FEE - CARRIER-IMPOSED" TicketingTaxCode="YR"/>
      <Tax Amount="25.91" TaxCode="CA4" TaxName="AIR TRAVELLERS SECURITY CHARGE" TicketingTaxCode="CA"/>
      <Tax Amount="25.00" TaxCode="SQ" TaxName="AIRPORT IMPROVEMENT FEE  AIF" TicketingTaxCode="SQ"/>
      <Tax Amount="3.25" TaxCode="RC2" TaxName="HARMONIZED SALES TAX HST ON SQ" TicketingTaxCode="RC"/>
      <Tax Amount="9.10" TaxCode="CJ" TaxName="SECURITY SERVICE CHARGE" TicketingTaxCode="CJ"/>
      <Tax Amount="8.37" TaxCode="RN" TaxName="PASSENGER SERVICE CHARGE" TicketingTaxCode="RN"/>
      <Tax Amount="4.98" TaxCode="WO" TaxName="PASSENGER SERVICE FEE" TicketingTaxCode="WO"/>
      <Tax Amount="0.26" TaxCode="IN" TaxName="USER DEVELOPMENT FEE DEPARTURE" TicketingTaxCode="IN"/>
     </Taxes>
     <TotalFare Amount="1627.87" CurrencyCode="CAD"/>
     <Warnings>
      <Warning ShortText="BAG ALLOWANCE     -YYZHYD-02P/DL/EACH PIECE UP TO 50 POUNDS/23"/>
      <Warning ShortText="KILOGRAMS AND UP TO 62 LINEAR INCHES/158 LINEAR CENTIMETERS"/>
      <Warning ShortText="CARRY ON ALLOWANCE"/>
      <Warning ShortText="YYZAMS-01P/KL"/>
      <Warning ShortText="01/UP TO 26 POUNDS/12 KILOGRAMS AND UP TO 45 LINEAR INCHES/115"/>
      <Warning ShortText="LINEAR CENTIMETERS"/>
      <Warning ShortText="AMSDEL-9W-CARRY ON ALLOWANCE UNKNOWN-CONTACT CARRIER"/>
      <Warning ShortText="DELHYD-01P/08KG/AI"/>
      <Warning ShortText="CARRY ON CHARGES"/>
      <Warning ShortText="YYZAMS-KL-CARRY ON FEES UNKNOWN-CONTACT CARRIER"/>
      <Warning ShortText="AMSDEL-9W-CARRY ON FEES UNKNOWN-CONTACT CARRIER"/>
      <Warning ShortText="DELHYD-AI-CARRY ON FEES UNKNOWN-CONTACT CARRIER"/>
      <Warning ShortText="ADDITIONAL ALLOWANCES AND/OR DISCOUNTS MAY APPLY DEPENDING ON"/>
      <Warning ShortText="FLYER-SPECIFIC FACTORS /E.G. FREQUENT FLYER STATUS/MILITARY/"/>
      <Warning ShortText="CREDIT CARD FORM OF PAYMENT/EARLY PURCHASE OVER INTERNET,ETC./"/>
     </Warnings>
    </ItinTotalFare>
    <PassengerTypeQuantity Code="ADT" Quantity="1"/>
    <PTC_FareBreakdown>
     <Cabin>Y</Cabin>
     <FareBasis Code="UH1H39M3" FilingCarrier="DL"/>
     <FreeBaggageAllowance>PC002</FreeBaggageAllowance>
     <Surcharges Ind="Q" Type="UNK">11.40</Surcharges>
    </PTC_FareBreakdown>
    <PTC_FareBreakdown>
     <Cabin>Y</Cabin>
     <FareBasis Code="UH1H39M3" FareAmount="593.82" FarePassengerType="ADT" FareType="P" FilingCarrier="DL" GlobalInd="AT" Market="YTODEL"/>
     <FreeBaggageAllowance>PC002</FreeBaggageAllowance>
    </PTC_FareBreakdown>
    <PTC_FareBreakdown>
     <Cabin>Y</Cabin>
     <FareBasis Code="Y" FareAmount="355.78" FarePassengerType="ADT" FareType="P" FilingCarrier="AI" GlobalInd="EH" Market="DELHYD"/>
     <FreeBaggageAllowance>PC002</FreeBaggageAllowance>
    </PTC_FareBreakdown>
   </AirItineraryPricingInfo>
  </PricedItinerary>
 </PriceQuote>
</OTA_AirPriceRS></soap-env:Body></soap-env:Envelope>