<?xml version="1.0" encoding="UTF-8"?>
<soap-env:Envelope xmlns:soap-env="http://schemas.xmlsoap.org/soap/envelope/"><soap-env:Header><eb:MessageHeader xmlns:eb="http://www.ebxml.org/namespaces/messageHeader" eb:version="1.0" soap-env:mustUnderstand="1"><eb:From><eb:PartyId eb:type="URI">123123</eb:PartyId></eb:From><eb:To><eb:PartyId eb:type="urn: x12.org:IO5: 01">999999</eb:PartyId></eb:To><eb:CPAId>3RT2</eb:CPAId><eb:ConversationId>1111111111111111111</eb:ConversationId><eb:Service eb:type="sabreXML">EnhancedAirBookRQ</eb:Service><eb:Action>EnhancedAirBookRS</eb:Action><eb:MessageData><eb:MessageId>1qb8afpc0</eb:MessageId><eb:Timestamp>2018-11-08T12:07:26</eb:Timestamp><eb:RefToMessageId>mid:0_2014-09-22T21:43:40m</eb:RefToMessageId></eb:MessageData></eb:MessageHeader><wsse:Security xmlns:wsse="http://schemas.xmlsoap.org/ws/2002/12/secext"><wsse:BinarySecurityToken valueType="String" EncodingType="wsse:Base64Binary">Shared/IDL:IceSess\/SessMgr:1\.0.IDL/Common/!ICESMS\/RESD!ICESMSLB\/RES.LB!1541678835064!36791291!65537</wsse:BinarySecurityToken></wsse:Security></soap-env:Header><soap-env:Body><EnhancedAirBookRS xmlns="http://services.sabre.com/sp/eab/v3_6"><ApplicationResults xmlns="http://services.sabre.com/STL_Payload/v02_01" status="Complete"><Success timeStamp="2018-11-08T06:07:26.245-06:00"/></ApplicationResults><OTA_AirBookRS><OriginDestinationOption>
  <FlightSegment ArrivalDateTime="02-10T07:25" DepartureDateTime="02-09T18:05" FlightNumber="8467" NumberInParty="001" ResBookDesigCode="T" Status="NN" eTicket="true">
   <DestinationLocation LocationCode="AMS"/>
   <MarketingAirline Code="AF" FlightNumber="8467"/>
   <OriginLocation LocationCode="YYZ"/>
  </FlightSegment>
  <FlightSegment ArrivalDateTime="02-11T00:35" DepartureDateTime="02-10T11:20" FlightNumber="6914" NumberInParty="001" ResBookDesigCode="T" Status="NN" eTicket="true">
   <DestinationLocation LocationCode="BOM"/>
   <MarketingAirline Code="AF" FlightNumber="6914"/>
   <OriginLocation LocationCode="AMS"/>
  </FlightSegment>
  <FlightSegment ArrivalDateTime="02-11T08:35" DepartureDateTime="02-11T07:10" FlightNumber="6918" NumberInParty="001" ResBookDesigCode="T" Status="NN" eTicket="true">
   <DestinationLocation LocationCode="HYD"/>
   <MarketingAirline Code="AF" FlightNumber="6918"/>
   <OriginLocation LocationCode="BOM"/>
  </FlightSegment>
  <FlightSegment ArrivalDateTime="02-28T18:30" DepartureDateTime="02-28T16:15" FlightNumber="0541" NumberInParty="001" ResBookDesigCode="Y" Status="NN" eTicket="true">
   <DestinationLocation LocationCode="DEL"/>
   <MarketingAirline Code="AI" FlightNumber="0541"/>
   <OriginLocation LocationCode="HYD"/>
  </FlightSegment>
 </OriginDestinationOption></OTA_AirBookRS><TravelItineraryReadRS><TravelItinerary><CustomerInfo/><ItineraryInfo><ReservationItems><Item RPH="1"><FlightSegment AirMilesFlown="3733" ArrivalDateTime="02-10T07:25" DayOfWeekInd="6" DepartureDateTime="2019-02-09T18:05" ElapsedTime="07.20" eTicket="true" FlightNumber="8467" NumberInParty="01" ResBookDesigCode="T" SegmentNumber="0001" SmokingAllowed="false" SpecialMeal="false" Status="SS" StopQuantity="00" IsPast="false"><DestinationLocation LocationCode="AMS"/><Equipment AirEquipType="744"/><MarketingAirline Code="AF" FlightNumber="8467"/><MarriageGrp Group="001" Sequence="1"/><Meal Code="M"/><OperatingAirline Code="KL" CompanyShortName="KLM ROYAL DUTCH AIRLINES" FlightNumber="8467"/><OriginLocation LocationCode="YYZ" Terminal="TERMINAL 3" TerminalCode="3"/><SupplierRef ID="DCAF"/><Text>OPERATED BY KLM ROYAL DUTCH AIRLINES</Text><UpdatedArrivalTime>02-10T07:25</UpdatedArrivalTime><UpdatedDepartureTime>02-09T18:05</UpdatedDepartureTime></FlightSegment></Item><Item RPH="2"><FlightSegment AirMilesFlown="4266" ArrivalDateTime="02-11T00:35" DayOfWeekInd="7" DepartureDateTime="2019-02-10T11:20" ElapsedTime="08.45" eTicket="true" FlightNumber="6914" NumberInParty="01" ResBookDesigCode="T" SegmentNumber="0002" SmokingAllowed="false" SpecialMeal="false" Status="SS" StopQuantity="00" IsPast="false"><DestinationLocation LocationCode="BOM" Terminal="TERMINAL 2 INTERNATIONAL" TerminalCode="2"/><Equipment AirEquipType="77W"/><MarketingAirline Code="AF" FlightNumber="6914"/><MarriageGrp Group="001" Sequence="2"/><Meal Code="L"/><Meal Code="R"/><OperatingAirline Code="9W" CompanyShortName="JET AIRWAYS" FlightNumber="6914"/><OriginLocation LocationCode="AMS"/><SupplierRef ID="DCAF"/><Text>OPERATED BY JET AIRWAYS</Text><UpdatedArrivalTime>02-11T00:35</UpdatedArrivalTime><UpdatedDepartureTime>02-10T11:20</UpdatedDepartureTime></FlightSegment></Item><Item RPH="3"><FlightSegment AirMilesFlown="0386" ArrivalDateTime="02-11T08:35" DayOfWeekInd="1" DepartureDateTime="2019-02-11T07:10" ElapsedTime="01.25" eTicket="true" FlightNumber="6918" NumberInParty="01" ResBookDesigCode="T" SegmentNumber="0003" SmokingAllowed="false" SpecialMeal="false" Status="SS" StopQuantity="00" IsPast="false"><DestinationLocation LocationCode="HYD"/><Equipment AirEquipType="73H"/><MarketingAirline Code="AF" FlightNumber="6918"/><MarriageGrp Group="001" Sequence="3"/><Meal Code="B"/><OperatingAirline Code="9W" CompanyShortName="JET AIRWAYS" FlightNumber="6918"/><OriginLocation LocationCode="BOM" Terminal="TERMINAL 2 INTERNATIONAL" TerminalCode="2"/><SupplierRef ID="DCAF"/><Text>OPERATED BY JET AIRWAYS</Text><UpdatedArrivalTime>02-11T08:35</UpdatedArrivalTime><UpdatedDepartureTime>02-11T07:10</UpdatedDepartureTime></FlightSegment></Item><Item RPH="4"><FlightSegment AirMilesFlown="0783" ArrivalDateTime="02-28T18:30" DayOfWeekInd="4" DepartureDateTime="2019-02-28T16:15" ElapsedTime="02.15" eTicket="true" FlightNumber="0541" NumberInParty="01" ResBookDesigCode="Y" SegmentNumber="0004" SmokingAllowed="false" SpecialMeal="false" Status="SS" StopQuantity="00" IsPast="false"><DestinationLocation LocationCode="DEL" Terminal="TERMINAL 3" TerminalCode="3"/><Equipment AirEquipType="321"/><MarketingAirline Code="AI" FlightNumber="0541"/><Meal Code="S"/><OriginLocation LocationCode="HYD"/><SupplierRef ID="DCAI"/><UpdatedArrivalTime>02-28T18:30</UpdatedArrivalTime><UpdatedDepartureTime>02-28T16:15</UpdatedDepartureTime></FlightSegment></Item></ReservationItems></ItineraryInfo><ItineraryRef AirExtras="false" InhibitCode="U" PartitionID="AA" PrimeHostID="1S"><Source PseudoCityCode="3RT2"/></ItineraryRef></TravelItinerary></TravelItineraryReadRS></EnhancedAirBookRS></soap-env:Body></soap-env:Envelope>