<?xml version="1.0" encoding="UTF-8"?>
<soap-env:Envelope xmlns:soap-env="http://schemas.xmlsoap.org/soap/envelope/"><soap-env:Header><eb:MessageHeader xmlns:eb="http://www.ebxml.org/namespaces/messageHeader" eb:version="1.0" soap-env:mustUnderstand="1"><eb:From><eb:PartyId eb:type="URI">123123</eb:PartyId></eb:From><eb:To><eb:PartyId eb:type="urn: x12.org:IO5: 01">999999</eb:PartyId></eb:To><eb:CPAId>3RT2</eb:CPAId><eb:ConversationId>1111111111111111111</eb:ConversationId><eb:Service eb:type="sabreXML">OTA_AirPriceLLSRQ</eb:Service><eb:Action>OTA_AirPriceLLSRS</eb:Action><eb:MessageData><eb:MessageId>7571627659411830231</eb:MessageId><eb:Timestamp>2018-12-21T18:19:02</eb:Timestamp><eb:RefToMessageId>mid:0_2014-09-22T21:43:40m</eb:RefToMessageId></eb:MessageData></eb:MessageHeader><wsse:Security xmlns:wsse="http://schemas.xmlsoap.org/ws/2002/12/secext"><wsse:BinarySecurityToken valueType="String" EncodingType="wsse:Base64Binary">Shared/IDL:IceSess\/SessMgr:1\.0.IDL/Common/!ICESMS\/RESA!ICESMSLB\/RES.LB!1545416328223!9012!13</wsse:BinarySecurityToken></wsse:Security></soap-env:Header><soap-env:Body><OTA_AirPriceRS xmlns="http://webservices.sabre.com/sabreXML/2011/10" xmlns:xs="http://www.w3.org/2001/XMLSchema" xmlns:xsi="http://www.w3.org/2001/XMLSchema-instance" xmlns:stl="http://services.sabre.com/STL/v01" Version="2.14.0">
 <stl:ApplicationResults status="Complete">
  <stl:Success timeStamp="2018-12-21T12:19:02-06:00"/>
 </stl:ApplicationResults>
 <PriceQuote>
  <MiscInformation>
   <BaggageInfo>
    <SubCodeProperties RPH="1" SolutionSequenceNmbr="1">
     <AncillaryFeeGroupCode>BG</AncillaryFeeGroupCode>
     <AncillaryService SubGroupCode="CY">
      <Text>CARRY ON HAND BAGGAGE</Text>
     </AncillaryService>
     <CommercialNameofBaggageItemType>CARRYON HAND BAGGAGE ALLOWANCE</CommercialNameofBaggageItemType>
     <EMD_Type>4</EMD_Type>
     <ExtendedSubCodeKey>0LNABWS</ExtendedSubCodeKey>
     <RFIC>C</RFIC>
    </SubCodeProperties>
    <SubCodeProperties RPH="2" SolutionSequenceNmbr="1">
     <AncillaryFeeGroupCode>BG</AncillaryFeeGroupCode>
     <CommercialNameofBaggageItemType>FREE BAGGAGE ALLOWANCE</CommercialNameofBaggageItemType>
     <EMD_Type>4</EMD_Type>
     <ExtendedSubCodeKey>0DFAAAF</ExtendedSubCodeKey>
    </SubCodeProperties>
    <SubCodeProperties RPH="3" SolutionSequenceNmbr="1">
     <AncillaryFeeGroupCode>BG</AncillaryFeeGroupCode>
     <CommercialNameofBaggageItemType>UPTO50LB 23KG AND62LI 158LCM</CommercialNameofBaggageItemType>
     <DescriptionOne Code="23">
      <Text>UP TO 50 POUNDS/23 KILOGRAMS</Text>
     </DescriptionOne>
     <DescriptionTwo Code="6U">
      <Text>UP TO 62 LINEAR INCHES/158 LINEAR CENTIMETERS</Text>
     </DescriptionTwo>
     <EMD_Type>4</EMD_Type>
     <ExtendedSubCodeKey>0GOACAF</ExtendedSubCodeKey>
     <SizeWeightInfo>
      <MaximumSizeInAlternate Units="C">158</MaximumSizeInAlternate>
      <MaximumSize Units="I">62</MaximumSize>
      <MaximumWeightInAlternate Units="K">23</MaximumWeightInAlternate>
      <MaximumWeight Units="L">50</MaximumWeight>
     </SizeWeightInfo>
    </SubCodeProperties>
    <SubCodeProperties RPH="4" SolutionSequenceNmbr="1">
     <AncillaryFeeGroupCode>BG</AncillaryFeeGroupCode>
     <AncillaryService SubGroupCode="CY">
      <Text>CARRY ON HAND BAGGAGE</Text>
     </AncillaryService>
     <CommercialNameofBaggageItemType>CARRYON HAND BAGGAGE ALLOWANCE</CommercialNameofBaggageItemType>
     <EMD_Type>4</EMD_Type>
     <ExtendedSubCodeKey>0LNABAF</ExtendedSubCodeKey>
    </SubCodeProperties>
    <SubCodeProperties RPH="5" SolutionSequenceNmbr="1">
     <AncillaryFeeGroupCode>BG</AncillaryFeeGroupCode>
     <AncillaryService SubGroupCode="CY">
      <Text>CARRY ON HAND BAGGAGE</Text>
     </AncillaryService>
     <BookingMethod>04</BookingMethod>
     <CommercialNameofBaggageItemType>CABIN BAGGAGE 12KG 1PC 115CM</CommercialNameofBaggageItemType>
     <DescriptionOne Code="12">
      <Text>UP TO 26 POUNDS/12 KILOGRAMS</Text>
     </DescriptionOne>
     <DescriptionTwo Code="4U">
      <Text>UP TO 45 LINEAR INCHES/115 LINEAR CENTIMETERS</Text>
     </DescriptionTwo>
     <EMD_Type>4</EMD_Type>
     <ExtendedSubCodeKey>0MRACAF</ExtendedSubCodeKey>
     <SizeWeightInfo>
      <MaximumSizeInAlternate Units="C">115</MaximumSizeInAlternate>
      <MaximumSize Units="I">45</MaximumSize>
      <MaximumWeightInAlternate Units="K">12</MaximumWeightInAlternate>
      <MaximumWeight Units="L">26</MaximumWeight>
     </SizeWeightInfo>
    </SubCodeProperties>
   </BaggageInfo>
   <HeaderInformation SolutionSequenceNmbr="1">
    <DepartureDate>2019-05-15</DepartureDate>
    <LastTicketingDate>12-24T13:19</LastTicketingDate>
    <Text>VALIDATING CARRIER - AF</Text>
    <Text>BAG ALLOWANCE     -YYZCDG-01P/AF/EACH PIECE UP TO 50 POUNDS/23</Text>
    <Text>KILOGRAMS AND UP TO 62 LINEAR INCHES/158 LINEAR CENTIMETERS</Text>
    <Text>2NDCHECKED BAG FEE-YYZCDG-CAD120.00/AF/UP TO 50 POUNDS/23 KILOG</Text>
    <Text>RAMS AND UP TO 62 LINEAR INCHES/158 LINEAR CENTIMETERS</Text>
    <Text>BAG ALLOWANCE     -FCOZRH-01P/AF/EACH PIECE UP TO 50 POUNDS/23</Text>
    <Text>KILOGRAMS AND UP TO 62 LINEAR INCHES/158 LINEAR CENTIMETERS</Text>
    <Text>2NDCHECKED BAG FEE-FCOZRH-CAD120.00/AF/UP TO 50 POUNDS/23 KILOG</Text>
    <Text>RAMS AND UP TO 62 LINEAR INCHES/158 LINEAR CENTIMETERS</Text>
    <Text>CARRY ON ALLOWANCE</Text>
    <Text>YYZYUL-01P/WS</Text>
    <Text>YULCDG FCOCDG CDGZRH-01P/AF</Text>
    <Text>01/UP TO 26 POUNDS/12 KILOGRAMS AND UP TO 45 LINEAR INCHES/115</Text>
    <Text>LINEAR CENTIMETERS</Text>
    <Text>CARRY ON CHARGES</Text>
    <Text>YYZYUL-WS-CARRY ON FEES UNKNOWN-CONTACT CARRIER</Text>
    <Text>YULCDG FCOCDG CDGZRH-AF-CARRY ON FEES UNKNOWN-CONTACT CARRIER</Text>
    <Text>ADDITIONAL ALLOWANCES AND/OR DISCOUNTS MAY APPLY DEPENDING ON</Text>
    <Text>FLYER-SPECIFIC FACTORS /E.G. FREQUENT FLYER STATUS/MILITARY/</Text>
    <Text>CREDIT CARD FORM OF PAYMENT/EARLY PURCHASE OVER INTERNET,ETC./</Text>
    <Text>15MAY DEPARTURE DATE-----LAST DAY TO PURCHASE 24DEC/1319</Text>
    <ValidatingCarrier Code="AF"/>
   </HeaderInformation>
   <SolutionInformation SolutionSequenceNmbr="1">
    <CurrencyCode>CAD</CurrencyCode>
    <RequiresRebook>false</RequiresRebook>
    <TicketNumber>0</TicketNumber>
    <TotalAmount>2126.45</TotalAmount>
   </SolutionInformation>
  </MiscInformation>
  <PricedItinerary AlternativePricing="false" CurrencyCode="CAD" MultiTicket="false" TotalAmount="2126.45">
   <AirItineraryPricingInfo SolutionSequenceNmbr="1">
    <BaggageProvisions RPH="1">
     <Associations>
      <CarrierCode RPH="1">AF</CarrierCode>
      <CarrierCode RPH="2">AF</CarrierCode>
      <CountForSegmentAssociatedID>2</CountForSegmentAssociatedID>
      <DepartureDate RPH="1">2019-05-15</DepartureDate>
      <DepartureDate RPH="2">2019-05-15</DepartureDate>
      <DestinationLocation LocationCode="YUL" RPH="1"/>
      <DestinationLocation LocationCode="CDG" RPH="2"/>
      <FlightNumber RPH="1">5120</FlightNumber>
      <FlightNumber RPH="2">349</FlightNumber>
      <OriginLocation LocationCode="YYZ" RPH="1"/>
      <OriginLocation LocationCode="YUL" RPH="2"/>
      <PNR_Segment RPH="1">2</PNR_Segment>
      <PNR_Segment RPH="2">3</PNR_Segment>
      <ResBookDesigCode RPH="1">M</ResBookDesigCode>
      <ResBookDesigCode RPH="2">M</ResBookDesigCode>
      <StatusCode RPH="1">SS</StatusCode>
      <StatusCode RPH="2">SS</StatusCode>
     </Associations>
     <CarrierWhoseBaggageProvisionsApply>AF</CarrierWhoseBaggageProvisionsApply>
     <NumPiecesBDI>1</NumPiecesBDI>
     <NumPiecesITR>1</NumPiecesITR>
     <ProvisionType>A</ProvisionType>
     <SubCodeInfo>
      <SubCodeForAllowance RPH="1">0GOACAF</SubCodeForAllowance>
      <SubCodeForChargesOthers>0DFAAAF</SubCodeForChargesOthers>
     </SubCodeInfo>
    </BaggageProvisions>
    <BaggageProvisions RPH="2">
     <Associations>
      <CarrierCode RPH="1">AF</CarrierCode>
      <CarrierCode RPH="2">AF</CarrierCode>
      <CountForSegmentAssociatedID>2</CountForSegmentAssociatedID>
      <DepartureDate RPH="1">2019-05-15</DepartureDate>
      <DepartureDate RPH="2">2019-05-15</DepartureDate>
      <DestinationLocation LocationCode="YUL" RPH="1"/>
      <DestinationLocation LocationCode="CDG" RPH="2"/>
      <FlightNumber RPH="1">5120</FlightNumber>
      <FlightNumber RPH="2">349</FlightNumber>
      <OriginLocation LocationCode="YYZ" RPH="1"/>
      <OriginLocation LocationCode="YUL" RPH="2"/>
      <PNR_Segment RPH="1">2</PNR_Segment>
      <PNR_Segment RPH="2">3</PNR_Segment>
      <ResBookDesigCode RPH="1">M</ResBookDesigCode>
      <ResBookDesigCode RPH="2">M</ResBookDesigCode>
      <StatusCode RPH="1">SS</StatusCode>
      <StatusCode RPH="2">SS</StatusCode>
     </Associations>
     <CarrierWhoseBaggageProvisionsApply>AF</CarrierWhoseBaggageProvisionsApply>
     <Commissionable>N</Commissionable>
     <FeeApplicationIndicator>4</FeeApplicationIndicator>
     <FeeNotGuaranteedIndicator>N</FeeNotGuaranteedIndicator>
     <FirstOccurrence>1</FirstOccurrence>
     <Interlineable>Y</Interlineable>
     <LastOccurrence>1</LastOccurrence>
     <PassengerType Code="ADT"/>
     <PriceInformation>
      <Base Amount="120.00" CurrencyCode="CAD"/>
      <Equiv Amount="120.00" CurrencyCode="CAD"/>
      <TaxIndicator>X</TaxIndicator>
      <Total>120.00</Total>
     </PriceInformation>
     <ProvisionType>C</ProvisionType>
     <RefundReissue>N</RefundReissue>
     <SubCodeInfo>
      <SubCodeForChargesOthers>0GOACAF</SubCodeForChargesOthers>
     </SubCodeInfo>
    </BaggageProvisions>
    <BaggageProvisions RPH="3">
     <Associations>
      <CarrierCode RPH="1">AF</CarrierCode>
      <CarrierCode RPH="2">AF</CarrierCode>
      <CountForSegmentAssociatedID>2</CountForSegmentAssociatedID>
      <DepartureDate RPH="1">2019-06-30</DepartureDate>
      <DepartureDate RPH="2">2019-06-30</DepartureDate>
      <DestinationLocation LocationCode="CDG" RPH="1"/>
      <DestinationLocation LocationCode="ZRH" RPH="2"/>
      <FlightNumber RPH="1">1605</FlightNumber>
      <FlightNumber RPH="2">1414</FlightNumber>
      <OriginLocation LocationCode="FCO" RPH="1"/>
      <OriginLocation LocationCode="CDG" RPH="2"/>
      <PNR_Segment RPH="1">4</PNR_Segment>
      <PNR_Segment RPH="2">5</PNR_Segment>
      <ResBookDesigCode RPH="1">Y</ResBookDesigCode>
      <ResBookDesigCode RPH="2">Y</ResBookDesigCode>
      <StatusCode RPH="1">SS</StatusCode>
      <StatusCode RPH="2">SS</StatusCode>
     </Associations>
     <CarrierWhoseBaggageProvisionsApply>AF</CarrierWhoseBaggageProvisionsApply>
     <NumPiecesBDI>1</NumPiecesBDI>
     <NumPiecesITR>1</NumPiecesITR>
     <ProvisionType>A</ProvisionType>
     <SubCodeInfo>
      <SubCodeForAllowance RPH="1">0GOACAF</SubCodeForAllowance>
      <SubCodeForChargesOthers>0DFAAAF</SubCodeForChargesOthers>
     </SubCodeInfo>
    </BaggageProvisions>
    <BaggageProvisions RPH="4">
     <Associations>
      <CarrierCode RPH="1">AF</CarrierCode>
      <CarrierCode RPH="2">AF</CarrierCode>
      <CountForSegmentAssociatedID>2</CountForSegmentAssociatedID>
      <DepartureDate RPH="1">2019-06-30</DepartureDate>
      <DepartureDate RPH="2">2019-06-30</DepartureDate>
      <DestinationLocation LocationCode="CDG" RPH="1"/>
      <DestinationLocation LocationCode="ZRH" RPH="2"/>
      <FlightNumber RPH="1">1605</FlightNumber>
      <FlightNumber RPH="2">1414</FlightNumber>
      <OriginLocation LocationCode="FCO" RPH="1"/>
      <OriginLocation LocationCode="CDG" RPH="2"/>
      <PNR_Segment RPH="1">4</PNR_Segment>
      <PNR_Segment RPH="2">5</PNR_Segment>
      <ResBookDesigCode RPH="1">Y</ResBookDesigCode>
      <ResBookDesigCode RPH="2">Y</ResBookDesigCode>
      <StatusCode RPH="1">SS</StatusCode>
      <StatusCode RPH="2">SS</StatusCode>
     </Associations>
     <CarrierWhoseBaggageProvisionsApply>AF</CarrierWhoseBaggageProvisionsApply>
     <Commissionable>N</Commissionable>
     <FeeApplicationIndicator>4</FeeApplicationIndicator>
     <FeeNotGuaranteedIndicator>N</FeeNotGuaranteedIndicator>
     <FirstOccurrence>1</FirstOccurrence>
     <Interlineable>Y</Interlineable>
     <LastOccurrence>1</LastOccurrence>
     <PassengerType Code="ADT"/>
     <PriceInformation>
      <Base Amount="120.00" CurrencyCode="CAD"/>
      <Equiv Amount="120.00" CurrencyCode="CAD"/>
      <TaxIndicator>X</TaxIndicator>
      <Total>120.00</Total>
     </PriceInformation>
     <ProvisionType>C</ProvisionType>
     <RefundReissue>N</RefundReissue>
     <SubCodeInfo>
      <SubCodeForChargesOthers>0GOACAF</SubCodeForChargesOthers>
     </SubCodeInfo>
    </BaggageProvisions>
    <BaggageProvisions RPH="5">
     <Associations>
      <CarrierCode RPH="1">AF</CarrierCode>
      <CountForSegmentAssociatedID>1</CountForSegmentAssociatedID>
      <DepartureDate RPH="1">2019-05-15</DepartureDate>
      <DestinationLocation LocationCode="YUL" RPH="1"/>
      <FlightNumber RPH="1">5120</FlightNumber>
      <OriginLocation LocationCode="YYZ" RPH="1"/>
      <PNR_Segment RPH="1">2</PNR_Segment>
      <ResBookDesigCode RPH="1">M</ResBookDesigCode>
      <StatusCode RPH="1">SS</StatusCode>
     </Associations>
     <CarrierWhoseBaggageProvisionsApply>WS</CarrierWhoseBaggageProvisionsApply>
     <NumPiecesBDI>1</NumPiecesBDI>
     <ProvisionType>B</ProvisionType>
     <SubCodeInfo>
      <SubCodeForChargesOthers>0LNABWS</SubCodeForChargesOthers>
     </SubCodeInfo>
    </BaggageProvisions>
    <BaggageProvisions RPH="6">
     <Associations>
      <CarrierCode RPH="1">AF</CarrierCode>
      <CarrierCode RPH="2">AF</CarrierCode>
      <CarrierCode RPH="3">AF</CarrierCode>
      <CountForSegmentAssociatedID>3</CountForSegmentAssociatedID>
      <DepartureDate RPH="1">2019-05-15</DepartureDate>
      <DepartureDate RPH="2">2019-06-30</DepartureDate>
      <DepartureDate RPH="3">2019-06-30</DepartureDate>
      <DestinationLocation LocationCode="CDG" RPH="1"/>
      <DestinationLocation LocationCode="CDG" RPH="2"/>
      <DestinationLocation LocationCode="ZRH" RPH="3"/>
      <FlightNumber RPH="1">349</FlightNumber>
      <FlightNumber RPH="2">1605</FlightNumber>
      <FlightNumber RPH="3">1414</FlightNumber>
      <OriginLocation LocationCode="YUL" RPH="1"/>
      <OriginLocation LocationCode="FCO" RPH="2"/>
      <OriginLocation LocationCode="CDG" RPH="3"/>
      <PNR_Segment RPH="1">3</PNR_Segment>
      <PNR_Segment RPH="2">4</PNR_Segment>
      <PNR_Segment RPH="3">5</PNR_Segment>
      <ResBookDesigCode RPH="1">M</ResBookDesigCode>
      <ResBookDesigCode RPH="2">Y</ResBookDesigCode>
      <ResBookDesigCode RPH="3">Y</ResBookDesigCode>
      <StatusCode RPH="1">SS</StatusCode>
      <StatusCode RPH="2">SS</StatusCode>
      <StatusCode RPH="3">SS</StatusCode>
     </Associations>
     <CarrierWhoseBaggageProvisionsApply>AF</CarrierWhoseBaggageProvisionsApply>
     <NumPiecesBDI>1</NumPiecesBDI>
     <NumPiecesITR>1</NumPiecesITR>
     <ProvisionType>B</ProvisionType>
     <SubCodeInfo>
      <SubCodeForAllowance RPH="1">0MRACAF</SubCodeForAllowance>
      <SubCodeForChargesOthers>0LNABAF</SubCodeForChargesOthers>
     </SubCodeInfo>
    </BaggageProvisions>
    <FareCalculation>
     <Text>YTO AF X/YMQ AF PAR//ROM AF X/PAR AF ZRH Q YTOZRH13.34 15M1301.45NUC1314.79END ROE1.311295</Text>
    </FareCalculation>
    <FareCalculationBreakdown>
     <Departure AirlineCode="AF" AirportCode="YYZ" ArrivalAirportCode="YUL" ArrivalCityCode="YMQ" CityCode="YTO" GenericInd="X"/>
     <FareBasis Cabin="Y" Code="MN1H09M1" FilingCarrier="AF"/>
     <FreeBaggageAllowance>PC001</FreeBaggageAllowance>
    </FareCalculationBreakdown>
    <FareCalculationBreakdown>
     <Departure AirlineCode="AF" AirportCode="YUL" ArrivalAirportCode="CDG" ArrivalCityCode="PAR" CityCode="YMQ" GenericInd="O"/>
     <FareBasis Cabin="Y" Code="MN1H09M1" FilingCarrier="AF"/>
     <FreeBaggageAllowance>PC001</FreeBaggageAllowance>
    </FareCalculationBreakdown>
    <FareCalculationBreakdown>
     <Departure AirlineCode="AF" AirportCode="CDG" ArrivalAirportCode="FCO" ArrivalCityCode="ROM" CityCode="PAR" GenericInd="O"/>
     <FareBasis Cabin="Y" FilingCarrier="AF" SurfaceSegment="/-"/>
    </FareCalculationBreakdown>
    <FareCalculationBreakdown>
     <Departure AirlineCode="AF" AirportCode="FCO" ArrivalAirportCode="CDG" ArrivalCityCode="PAR" CityCode="ROM" GenericInd="X"/>
     <FareBasis Cabin="Y" Code="MN1H09M1" FilingCarrier="AF"/>
     <FreeBaggageAllowance>PC001</FreeBaggageAllowance>
     <Surcharges Ind="Q" Type="UNK">13.34</Surcharges>
    </FareCalculationBreakdown>
    <FareCalculationBreakdown>
     <Branch FirstJointCarrier="AF" PCC="3RT2"/>
     <Departure AirlineCode="AF" AirportCode="CDG" ArrivalAirportCode="ZRH" ArrivalCityCode="ZRH" CityCode="PAR" GenericInd="O"/>
     <FareBasis Cabin="Y" Code="MN1H09M1" FareAmount="1301.45" FarePassengerType="ADT" FareType="P" FilingCarrier="AF" GlobalInd="AT" Market="YTOZRH" TripTypeInd="O"/>
     <FreeBaggageAllowance>PC001</FreeBaggageAllowance>
     <Mileage MileageSurchargeInd="15" MileageSymbol="M"/>
     <RuleCategoryIndicator>2</RuleCategoryIndicator>
     <RuleCategoryIndicator>3</RuleCategoryIndicator>
     <RuleCategoryIndicator>4</RuleCategoryIndicator>
     <RuleCategoryIndicator>5</RuleCategoryIndicator>
     <RuleCategoryIndicator>8</RuleCategoryIndicator>
     <RuleCategoryIndicator>9</RuleCategoryIndicator>
     <RuleCategoryIndicator>10</RuleCategoryIndicator>
     <RuleCategoryIndicator>11</RuleCategoryIndicator>
     <RuleCategoryIndicator>12</RuleCategoryIndicator>
     <RuleCategoryIndicator>16</RuleCategoryIndicator>
     <RuleCategoryIndicator>18</RuleCategoryIndicator>
    </FareCalculationBreakdown>
    <ItinTotalFare NonRefundableInd="O">
     <BaggageInfo>
      <US_DOT_Disclosure>
       <Text>BAG ALLOWANCE     -YYZCDG-01P/AF/EACH PIECE UP TO 50 POUNDS/23</Text>
       <Text>KILOGRAMS AND UP TO 62 LINEAR INCHES/158 LINEAR CENTIMETERS</Text>
       <Text>2NDCHECKED BAG FEE-YYZCDG-CAD120.00/AF/UP TO 50 POUNDS/23 KILOG</Text>
       <Text>RAMS AND UP TO 62 LINEAR INCHES/158 LINEAR CENTIMETERS</Text>
       <Text>BAG ALLOWANCE     -FCOZRH-01P/AF/EACH PIECE UP TO 50 POUNDS/23</Text>
       <Text>KILOGRAMS AND UP TO 62 LINEAR INCHES/158 LINEAR CENTIMETERS</Text>
       <Text>2NDCHECKED BAG FEE-FCOZRH-CAD120.00/AF/UP TO 50 POUNDS/23 KILOG</Text>
       <Text>RAMS AND UP TO 62 LINEAR INCHES/158 LINEAR CENTIMETERS</Text>
       <Text>CARRY ON ALLOWANCE</Text>
       <Text>YYZYUL-01P/WS</Text>
       <Text>YULCDG FCOCDG CDGZRH-01P/AF</Text>
       <Text>01/UP TO 26 POUNDS/12 KILOGRAMS AND UP TO 45 LINEAR INCHES/115</Text>
       <Text>LINEAR CENTIMETERS</Text>
       <Text>CARRY ON CHARGES</Text>
       <Text>YYZYUL-WS-CARRY ON FEES UNKNOWN-CONTACT CARRIER</Text>
       <Text>YULCDG FCOCDG CDGZRH-AF-CARRY ON FEES UNKNOWN-CONTACT CARRIER</Text>
       <Text>ADDITIONAL ALLOWANCES AND/OR DISCOUNTS MAY APPLY DEPENDING ON</Text>
       <Text>FLYER-SPECIFIC FACTORS /E.G. FREQUENT FLYER STATUS/MILITARY/</Text>
       <Text>CREDIT CARD FORM OF PAYMENT/EARLY PURCHASE OVER INTERNET,ETC./</Text>
      </US_DOT_Disclosure>
     </BaggageInfo>
     <BaseFare Amount="1724.00" CurrencyCode="CAD"/>
     <Endorsements>
      <Text>REF WITH FEE/CHG FEE APPLIES</Text>
     </Endorsements>
     <Taxes TotalAmount="402.45">
      <Tax Amount="16.00" TaxCode="YQI" TaxName="SERVICE FEE - INSURANCE" TicketingTaxCode="YQ"/>
      <Tax Amount="255.00" TaxCode="YRI" TaxName="SERVICE FEE - CARRIER-IMPOSED" TicketingTaxCode="YR"/>
      <Tax Amount="25.91" TaxCode="CA4" TaxName="AIR TRAVELLERS SECURITY CHARGE" TicketingTaxCode="CA"/>
      <Tax Amount="25.00" TaxCode="SQ" TaxName="AIRPORT IMPROVEMENT FEE  AIF" TicketingTaxCode="SQ"/>
      <Tax Amount="3.25" TaxCode="RC2" TaxName="HARMONIZED SALES TAX HST ON SQ" TicketingTaxCode="RC"/>
      <Tax Amount="11.97" TaxCode="FR7" TaxName="AIRPORT TAX DOMESTIC AND INTER" TicketingTaxCode="FR"/>
      <Tax Amount="16.26" TaxCode="QX" TaxName="PASSENGER SERVICE CHARGE INTER" TicketingTaxCode="QX"/>
      <Tax Amount="3.85" TaxCode="EX" TaxName="SECURITY BAG CHARGE" TicketingTaxCode="EX"/>
      <Tax Amount="27.01" TaxCode="IT3" TaxName="EMBARKATION TAX" TicketingTaxCode="IT"/>
      <Tax Amount="4.88" TaxCode="VT" TaxName="SECURITY CHARGE" TicketingTaxCode="VT"/>
      <Tax Amount="12.00" TaxCode="HB" TaxName="COUNCIL CITY TAX" TicketingTaxCode="HB"/>
      <Tax Amount="1.32" TaxCode="MJ" TaxName="PASSENGER SERVICE CHARGE DEPAR" TicketingTaxCode="MJ"/>
     </Taxes>
     <TotalFare Amount="2126.45" CurrencyCode="CAD"/>
     <Warnings>
      <Warning ShortText="BAG ALLOWANCE     -YYZCDG-01P/AF/EACH PIECE UP TO 50 POUNDS/23"/>
      <Warning ShortText="KILOGRAMS AND UP TO 62 LINEAR INCHES/158 LINEAR CENTIMETERS"/>
      <Warning ShortText="2NDCHECKED BAG FEE-YYZCDG-CAD120.00/AF/UP TO 50 POUNDS/23 KILOG"/>
      <Warning ShortText="RAMS AND UP TO 62 LINEAR INCHES/158 LINEAR CENTIMETERS"/>
      <Warning ShortText="BAG ALLOWANCE     -FCOZRH-01P/AF/EACH PIECE UP TO 50 POUNDS/23"/>
      <Warning ShortText="KILOGRAMS AND UP TO 62 LINEAR INCHES/158 LINEAR CENTIMETERS"/>
      <Warning ShortText="2NDCHECKED BAG FEE-FCOZRH-CAD120.00/AF/UP TO 50 POUNDS/23 KILOG"/>
      <Warning ShortText="RAMS AND UP TO 62 LINEAR INCHES/158 LINEAR CENTIMETERS"/>
      <Warning ShortText="CARRY ON ALLOWANCE"/>
      <Warning ShortText="YYZYUL-01P/WS"/>
      <Warning ShortText="YULCDG FCOCDG CDGZRH-01P/AF"/>
      <Warning ShortText="01/UP TO 26 POUNDS/12 KILOGRAMS AND UP TO 45 LINEAR INCHES/115"/>
      <Warning ShortText="LINEAR CENTIMETERS"/>
      <Warning ShortText="CARRY ON CHARGES"/>
      <Warning ShortText="YYZYUL-WS-CARRY ON FEES UNKNOWN-CONTACT CARRIER"/>
      <Warning ShortText="YULCDG FCOCDG CDGZRH-AF-CARRY ON FEES UNKNOWN-CONTACT CARRIER"/>
      <Warning ShortText="ADDITIONAL ALLOWANCES AND/OR DISCOUNTS MAY APPLY DEPENDING ON"/>
      <Warning ShortText="FLYER-SPECIFIC FACTORS /E.G. FREQUENT FLYER STATUS/MILITARY/"/>
      <Warning ShortText="CREDIT CARD FORM OF PAYMENT/EARLY PURCHASE OVER INTERNET,ETC./"/>
     </Warnings>
    </ItinTotalFare>
    <PassengerTypeQuantity Code="ADT" Quantity="1"/>
    <PTC_FareBreakdown>
     <Cabin>Y</Cabin>
     <FareBasis Code="MN1H09M1" FilingCarrier="AF"/>
     <FreeBaggageAllowance>PC001</FreeBaggageAllowance>
    </PTC_FareBreakdown>
    <PTC_FareBreakdown>
     <Cabin>Y</Cabin>
     <FareBasis Code="MN1H09M1" FilingCarrier="AF"/>
     <FreeBaggageAllowance>PC001</FreeBaggageAllowance>
    </PTC_FareBreakdown>
    <PTC_FareBreakdown>
     <Cabin>Y</Cabin>
     <FareBasis FilingCarrier="AF" SurfaceSegment="/-"/>
    </PTC_FareBreakdown>
    <PTC_FareBreakdown>
     <Cabin>Y</Cabin>
     <FareBasis Code="MN1H09M1" FilingCarrier="AF"/>
     <FreeBaggageAllowance>PC001</FreeBaggageAllowance>
     <Surcharges Ind="Q" Type="UNK">13.34</Surcharges>
    </PTC_FareBreakdown>
    <PTC_FareBreakdown>
     <Cabin>Y</Cabin>
     <FareBasis Code="MN1H09M1" FareAmount="1301.45" FarePassengerType="ADT" FareType="P" FilingCarrier="AF" GlobalInd="AT" Market="YTOZRH"/>
     <FreeBaggageAllowance>PC001</FreeBaggageAllowance>
    </PTC_FareBreakdown>
   </AirItineraryPricingInfo>
  </PricedItinerary>
 </PriceQuote>
</OTA_AirPriceRS></soap-env:Body></soap-env:Envelope>