<?xml version="1.0" encoding="UTF-8"?>
<soap-env:Envelope xmlns:soap-env="http://schemas.xmlsoap.org/soap/envelope/"><soap-env:Header><eb:MessageHeader xmlns:eb="http://www.ebxml.org/namespaces/messageHeader" eb:version="1.0" soap-env:mustUnderstand="1"><eb:From><eb:PartyId eb:type="URI">123123</eb:PartyId></eb:From><eb:To><eb:PartyId eb:type="urn: x12.org:IO5: 01">999999</eb:PartyId></eb:To><eb:CPAId>3RT2</eb:CPAId><eb:ConversationId>1111111111111111111</eb:ConversationId><eb:Service eb:type="sabreXML">EnhancedAirBookRQ</eb:Service><eb:Action>EnhancedAirBookRS</eb:Action><eb:MessageData><eb:MessageId>1eczl9p59</eb:MessageId><eb:Timestamp>2018-12-21T18:19:00</eb:Timestamp><eb:RefToMessageId>mid:0_2014-09-22T21:43:40m</eb:RefToMessageId></eb:MessageData></eb:MessageHeader><wsse:Security xmlns:wsse="http://schemas.xmlsoap.org/ws/2002/12/secext"><wsse:BinarySecurityToken valueType="String" EncodingType="wsse:Base64Binary">Shared/IDL:IceSess\/SessMgr:1\.0.IDL/Common/!ICESMS\/RESA!ICESMSLB\/RES.LB!1545416328223!9012!13</wsse:BinarySecurityToken></wsse:Security></soap-env:Header><soap-env:Body><EnhancedAirBookRS xmlns="http://services.sabre.com/sp/eab/v3_6"><ApplicationResults xmlns="http://services.sabre.com/STL_Payload/v02_01" status="Complete"><Success timeStamp="2018-12-21T12:19:00.484-06:00"/></ApplicationResults><OTA_AirBookRS><OriginDestinationOption>
  <FlightSegment ArrivalDateTime="05-15T21:26" DepartureDateTime="05-15T20:00" FlightNumber="5120" NumberInParty="001" ResBookDesigCode="M" Status="NN" eTicket="true">
   <DestinationLocation LocationCode="YUL"/>
   <MarketingAirline Code="AF" FlightNumber="5120"/>
   <OriginLocation LocationCode="YYZ"/>
  </FlightSegment>
  <FlightSegment ArrivalDateTime="05-16T11:05" DepartureDateTime="05-15T22:15" FlightNumber="0349" NumberInParty="001" ResBookDesigCode="M" Status="NN" eTicket="true">
   <DestinationLocation LocationCode="CDG"/>
   <MarketingAirline Code="AF" FlightNumber="0349"/>
   <OriginLocation LocationCode="YUL"/>
  </FlightSegment>
  <FlightSegment ArrivalDateTime="06-30T20:30" DepartureDateTime="06-30T18:25" FlightNumber="1605" NumberInParty="001" ResBookDesigCode="Y" Status="NN" eTicket="true">
   <DestinationLocation LocationCode="CDG"/>
   <MarketingAirline Code="AF" FlightNumber="1605"/>
   <OriginLocation LocationCode="FCO"/>
  </FlightSegment>
  <FlightSegment ArrivalDateTime="06-30T22:35" DepartureDateTime="06-30T21:15" FlightNumber="1414" NumberInParty="001" ResBookDesigCode="Y" Status="NN" eTicket="true">
   <DestinationLocation LocationCode="ZRH"/>
   <MarketingAirline Code="AF" FlightNumber="1414"/>
   <OriginLocation LocationCode="CDG"/>
  </FlightSegment>
 </OriginDestinationOption></OTA_AirBookRS><TravelItineraryReadRS><TravelItinerary><CustomerInfo/><ItineraryInfo><ReservationItems><Item RPH="1"><FlightSegment AirMilesFlown="0316" ArrivalDateTime="05-15T21:26" DayOfWeekInd="3" DepartureDateTime="2019-05-15T20:00" ElapsedTime="01.26" eTicket="true" FlightNumber="5120" NumberInParty="01" ResBookDesigCode="M" SegmentNumber="0001" SmokingAllowed="false" SpecialMeal="false" Status="SS" StopQuantity="00" IsPast="false"><DestinationLocation LocationCode="YUL"/><Equipment AirEquipType="DH4"/><MarketingAirline Code="AF" FlightNumber="5120"/><OperatingAirline Code="WS" CompanyShortName=" WR" FlightNumber="5120"/><OriginLocation LocationCode="YYZ" Terminal="TERMINAL 3" TerminalCode="3"/><SupplierRef ID="DCAF"/><Text>OPERATED BY  WR</Text><UpdatedArrivalTime>05-15T21:26</UpdatedArrivalTime><UpdatedDepartureTime>05-15T20:00</UpdatedDepartureTime></FlightSegment></Item><Item RPH="2"><FlightSegment AirMilesFlown="3442" ArrivalDateTime="05-16T11:05" DayOfWeekInd="3" DepartureDateTime="2019-05-15T22:15" ElapsedTime="06.50" eTicket="true" FlightNumber="0349" NumberInParty="01" ResBookDesigCode="M" SegmentNumber="0002" SmokingAllowed="false" SpecialMeal="false" Status="SS" StopQuantity="00" IsPast="false"><DestinationLocation LocationCode="CDG" Terminal="AEROGARE 2 TERMINAL E" TerminalCode="2E"/><Equipment AirEquipType="772"/><MarketingAirline Code="AF" FlightNumber="0349"/><Meal Code="B"/><Meal Code="M"/><OriginLocation LocationCode="YUL"/><SupplierRef ID="DCAF"/><UpdatedArrivalTime>05-16T11:05</UpdatedArrivalTime><UpdatedDepartureTime>05-15T22:15</UpdatedDepartureTime></FlightSegment></Item><Item RPH="3"><FlightSegment AirMilesFlown="0684" ArrivalDateTime="06-30T20:30" DayOfWeekInd="7" DepartureDateTime="2019-06-30T18:25" ElapsedTime="02.05" eTicket="true" FlightNumber="1605" NumberInParty="01" ResBookDesigCode="Y" SegmentNumber="0003" SmokingAllowed="false" SpecialMeal="false" Status="SS" StopQuantity="00" IsPast="false"><DestinationLocation LocationCode="CDG" Terminal="AEROGARE 2 TERMINAL F" TerminalCode="2F"/><Equipment AirEquipType="320"/><MarketingAirline Code="AF" FlightNumber="1605"/><MarriageGrp Group="001" Sequence="1"/><Meal Code="S"/><OperatingAirline Code="AF" CompanyShortName="AIR FRANCE" FlightNumber="1605"/><OriginLocation LocationCode="FCO" Terminal="TERMINAL 1" TerminalCode="1"/><SupplierRef ID="DCAF"/><Text>OPERATED BY AIR FRANCE</Text><UpdatedArrivalTime>06-30T20:30</UpdatedArrivalTime><UpdatedDepartureTime>06-30T18:25</UpdatedDepartureTime></FlightSegment></Item><Item RPH="4"><FlightSegment AirMilesFlown="0297" ArrivalDateTime="06-30T22:35" DayOfWeekInd="7" DepartureDateTime="2019-06-30T21:15" ElapsedTime="01.20" eTicket="true" FlightNumber="1414" NumberInParty="01" ResBookDesigCode="Y" SegmentNumber="0004" SmokingAllowed="false" SpecialMeal="false" Status="SS" StopQuantity="00" IsPast="false"><DestinationLocation LocationCode="ZRH"/><Equipment AirEquipType="318"/><MarketingAirline Code="AF" FlightNumber="1414"/><MarriageGrp Group="001" Sequence="2"/><Meal Code="S"/><OriginLocation LocationCode="CDG" Terminal="AEROGARE 2 TERMINAL F" TerminalCode="2F"/><SupplierRef ID="DCAF"/><UpdatedArrivalTime>06-30T22:35</UpdatedArrivalTime><UpdatedDepartureTime>06-30T21:15</UpdatedDepartureTime></FlightSegment></Item></ReservationItems></ItineraryInfo><ItineraryRef AirExtras="false" InhibitCode="U" PartitionID="AA" PrimeHostID="1S"><Source PseudoCityCode="3RT2"/></ItineraryRef></TravelItinerary></TravelItineraryReadRS></EnhancedAirBookRS></soap-env:Body></soap-env:Envelope>