<?xml version="1.0" encoding="UTF-8"?>
<soap-env:Envelope xmlns:soap-env="http://schemas.xmlsoap.org/soap/envelope/"><soap-env:Header><eb:MessageHeader xmlns:eb="http://www.ebxml.org/namespaces/messageHeader" eb:version="1.0" soap-env:mustUnderstand="1"><eb:From><eb:PartyId eb:type="URI">123123</eb:PartyId></eb:From><eb:To><eb:PartyId eb:type="urn: x12.org:IO5: 01">999999</eb:PartyId></eb:To><eb:CPAId>3RT2</eb:CPAId><eb:ConversationId>1111111111111111111</eb:ConversationId><eb:Service eb:type="sabreXML">EnhancedAirBookRQ</eb:Service><eb:Action>EnhancedAirBookRS</eb:Action><eb:MessageData><eb:MessageId>1o5vgprsf</eb:MessageId><eb:Timestamp>2018-09-26T19:02:38</eb:Timestamp><eb:RefToMessageId>mid:0_2014-09-22T21:43:40m</eb:RefToMessageId></eb:MessageData></eb:MessageHeader><wsse:Security xmlns:wsse="http://schemas.xmlsoap.org/ws/2002/12/secext"><wsse:BinarySecurityToken valueType="String" EncodingType="wsse:Base64Binary">Shared/IDL:IceSess\/SessMgr:1\.0.IDL/Common/!ICESMS\/ACPCRTC!ICESMSLB\/CRT.LB!1537988400402!4684301!196609</wsse:BinarySecurityToken></wsse:Security></soap-env:Header><soap-env:Body><EnhancedAirBookRS xmlns="http://services.sabre.com/sp/eab/v3_6"><ApplicationResults xmlns="http://services.sabre.com/STL_Payload/v02_01" status="Complete"><Success timeStamp="2018-09-26T14:02:38.243-05:00"/></ApplicationResults><OTA_AirBookRS><OriginDestinationOption>
  <FlightSegment ArrivalDateTime="11-10T19:40" DepartureDateTime="11-09T21:55" FlightNumber="0140" NumberInParty="001" ResBookDesigCode="U" Status="NN" eTicket="true">
   <DestinationLocation LocationCode="AUH"/>
   <MarketingAirline Code="EY" FlightNumber="0140"/>
   <OriginLocation LocationCode="YYZ"/>
  </FlightSegment>
  <FlightSegment ArrivalDateTime="11-11T02:45" DepartureDateTime="11-10T21:55" FlightNumber="0218" NumberInParty="001" ResBookDesigCode="U" Status="NN" eTicket="true">
   <DestinationLocation LocationCode="DEL"/>
   <MarketingAirline Code="EY" FlightNumber="0218"/>
   <OriginLocation LocationCode="AUH"/>
  </FlightSegment>
  <FlightSegment ArrivalDateTime="11-23T23:45" DepartureDateTime="11-23T21:05" FlightNumber="0223" NumberInParty="001" ResBookDesigCode="U" Status="NN" eTicket="true">
   <DestinationLocation LocationCode="AUH"/>
   <MarketingAirline Code="EY" FlightNumber="0223"/>
   <OriginLocation LocationCode="DEL"/>
  </FlightSegment>
  <FlightSegment ArrivalDateTime="11-24T06:45" DepartureDateTime="11-24T02:05" FlightNumber="0045" NumberInParty="001" ResBookDesigCode="U" Status="NN" eTicket="true">
   <DestinationLocation LocationCode="DUB"/>
   <MarketingAirline Code="EY" FlightNumber="0045"/>
   <OriginLocation LocationCode="AUH"/>
  </FlightSegment>
  <FlightSegment ArrivalDateTime="11-24T12:35" DepartureDateTime="11-24T10:05" FlightNumber="0843" NumberInParty="001" ResBookDesigCode="S" Status="NN" eTicket="true">
   <DestinationLocation LocationCode="YYZ"/>
   <MarketingAirline Code="AC" FlightNumber="0843"/>
   <OriginLocation LocationCode="DUB"/>
  </FlightSegment>
 </OriginDestinationOption></OTA_AirBookRS><TravelItineraryReadRS><TravelItinerary><CustomerInfo/><ItineraryInfo><ReservationItems><Item RPH="1"><FlightSegment AirMilesFlown="6914" ArrivalDateTime="11-10T19:40" DayOfWeekInd="5" DepartureDateTime="2018-11-09T21:55" ElapsedTime="12.45" eTicket="true" FlightNumber="0140" NumberInParty="01" ResBookDesigCode="U" SegmentNumber="0001" SmokingAllowed="false" SpecialMeal="false" Status="SS" StopQuantity="00" IsPast="false"><DestinationLocation LocationCode="AUH" Terminal="TERMINAL 3" TerminalCode="3"/><Equipment AirEquipType="77W"/><MarketingAirline Code="EY" FlightNumber="0140"/><MarriageGrp Group="001" Sequence="1"/><Meal Code="M"/><OriginLocation LocationCode="YYZ" Terminal="TERMINAL 3" TerminalCode="3"/><SupplierRef ID="DCEY"/><UpdatedArrivalTime>11-10T19:40</UpdatedArrivalTime><UpdatedDepartureTime>11-09T21:55</UpdatedDepartureTime></FlightSegment></Item><Item RPH="2"><FlightSegment AirMilesFlown="1433" ArrivalDateTime="11-11T02:45" DayOfWeekInd="6" DepartureDateTime="2018-11-10T21:55" ElapsedTime="03.20" eTicket="true" FlightNumber="0218" NumberInParty="01" ResBookDesigCode="U" SegmentNumber="0002" SmokingAllowed="false" SpecialMeal="false" Status="SS" StopQuantity="00" IsPast="false"><DestinationLocation LocationCode="DEL" Terminal="TERMINAL 3" TerminalCode="3"/><Equipment AirEquipType="332"/><MarketingAirline Code="EY" FlightNumber="0218"/><MarriageGrp Group="001" Sequence="2"/><Meal Code="M"/><OriginLocation LocationCode="AUH" Terminal="TERMINAL 3" TerminalCode="3"/><SupplierRef ID="DCEY"/><UpdatedArrivalTime>11-11T02:45</UpdatedArrivalTime><UpdatedDepartureTime>11-10T21:55</UpdatedDepartureTime></FlightSegment></Item><Item RPH="3"><FlightSegment AirMilesFlown="1433" ArrivalDateTime="11-23T23:45" DayOfWeekInd="5" DepartureDateTime="2018-11-23T21:05" ElapsedTime="04.10" eTicket="true" FlightNumber="0223" NumberInParty="01" ResBookDesigCode="U" SegmentNumber="0003" SmokingAllowed="false" SpecialMeal="false" Status="SS" StopQuantity="00" IsPast="false"><DestinationLocation LocationCode="AUH" Terminal="TERMINAL 1" TerminalCode="1"/><Equipment AirEquipType="321"/><MarketingAirline Code="EY" FlightNumber="0223"/><MarriageGrp Group="002" Sequence="1"/><Meal Code="M"/><OriginLocation LocationCode="DEL" Terminal="TERMINAL 3" TerminalCode="3"/><SupplierRef ID="DCEY"/><UpdatedArrivalTime>11-23T23:45</UpdatedArrivalTime><UpdatedDepartureTime>11-23T21:05</UpdatedDepartureTime></FlightSegment></Item><Item RPH="4"><FlightSegment AirMilesFlown="3684" ArrivalDateTime="11-24T06:45" DayOfWeekInd="6" DepartureDateTime="2018-11-24T02:05" ElapsedTime="08.40" eTicket="true" FlightNumber="0045" NumberInParty="01" ResBookDesigCode="U" SegmentNumber="0004" SmokingAllowed="false" SpecialMeal="false" Status="SS" StopQuantity="00" IsPast="false"><DestinationLocation LocationCode="DUB" Terminal="TERMINAL 1" TerminalCode="1"/><Equipment AirEquipType="332"/><MarketingAirline Code="EY" FlightNumber="0045"/><MarriageGrp Group="002" Sequence="2"/><Meal Code="M"/><OriginLocation LocationCode="AUH" Terminal="TERMINAL 3" TerminalCode="3"/><SupplierRef ID="DCEY"/><UpdatedArrivalTime>11-24T06:45</UpdatedArrivalTime><UpdatedDepartureTime>11-24T02:05</UpdatedDepartureTime></FlightSegment></Item><Item RPH="5"><FlightSegment AirMilesFlown="3279" ArrivalDateTime="11-24T12:35" DayOfWeekInd="6" DepartureDateTime="2018-11-24T10:05" ElapsedTime="07.30" eTicket="true" FlightNumber="0843" NumberInParty="01" ResBookDesigCode="S" SegmentNumber="0005" SmokingAllowed="false" SpecialMeal="false" Status="SS" StopQuantity="00" IsPast="false"><DestinationLocation LocationCode="YYZ" Terminal="TERMINAL 1" TerminalCode="1"/><Equipment AirEquipType="763"/><MarketingAirline Code="AC" FlightNumber="0843"/><Meal Code="M"/><Meal Code="S"/><OriginLocation LocationCode="DUB" Terminal="TERMINAL 1" TerminalCode="1"/><SupplierRef ID="DCAC"/><UpdatedArrivalTime>11-24T12:35</UpdatedArrivalTime><UpdatedDepartureTime>11-24T10:05</UpdatedDepartureTime></FlightSegment></Item></ReservationItems></ItineraryInfo><ItineraryRef AirExtras="false" InhibitCode="U" PartitionID="AA" PrimeHostID="1S"><Source PseudoCityCode="3RT2"/></ItineraryRef></TravelItinerary></TravelItineraryReadRS></EnhancedAirBookRS></soap-env:Body></soap-env:Envelope>