<?xml version="1.0" encoding="UTF-8"?>
<soap-env:Envelope xmlns:soap-env="http://schemas.xmlsoap.org/soap/envelope/"><soap-env:Header><eb:MessageHeader xmlns:eb="http://www.ebxml.org/namespaces/messageHeader" eb:version="1.0" soap-env:mustUnderstand="1"><eb:From><eb:PartyId eb:type="URI">123123</eb:PartyId></eb:From><eb:To><eb:PartyId eb:type="urn: x12.org:IO5: 01">999999</eb:PartyId></eb:To><eb:CPAId>3RT2</eb:CPAId><eb:ConversationId>1111111111111111111</eb:ConversationId><eb:Service eb:type="sabreXML">EnhancedAirBookRQ</eb:Service><eb:Action>EnhancedAirBookRS</eb:Action><eb:MessageData><eb:MessageId>1wum2zrf0</eb:MessageId><eb:Timestamp>2018-10-06T14:59:46</eb:Timestamp><eb:RefToMessageId>mid:0_2014-09-22T21:43:40m</eb:RefToMessageId></eb:MessageData></eb:MessageHeader><wsse:Security xmlns:wsse="http://schemas.xmlsoap.org/ws/2002/12/secext"><wsse:BinarySecurityToken valueType="String" EncodingType="wsse:Base64Binary">Shared/IDL:IceSess\/SessMgr:1\.0.IDL/Common/!ICESMS\/ACPCRTC!ICESMSLB\/CRT.LB!1538837967156!1401251!262145</wsse:BinarySecurityToken></wsse:Security></soap-env:Header><soap-env:Body><EnhancedAirBookRS xmlns="http://services.sabre.com/sp/eab/v3_6"><ApplicationResults xmlns="http://services.sabre.com/STL_Payload/v02_01" status="Complete"><Success timeStamp="2018-10-06T09:59:46.239-05:00"/></ApplicationResults><OTA_AirBookRS><OriginDestinationOption>
  <FlightSegment ArrivalDateTime="12-08T04:50" DepartureDateTime="12-07T17:55" FlightNumber="0214" NumberInParty="001" ResBookDesigCode="X" Status="QF" eTicket="true">
   <DestinationLocation LocationCode="KEF"/>
   <MarketingAirline Code="WW" FlightNumber="0214"/>
   <OriginLocation LocationCode="YYZ"/>
  </FlightSegment>
  <FlightSegment ArrivalDateTime="12-09T03:15" DepartureDateTime="12-08T11:45" FlightNumber="0322" NumberInParty="001" ResBookDesigCode="X" Status="QF" eTicket="true">
   <DestinationLocation LocationCode="DEL"/>
   <MarketingAirline Code="WW" FlightNumber="0322"/>
   <OriginLocation LocationCode="KEF"/>
  </FlightSegment>
  <FlightSegment ArrivalDateTime="12-21T13:20" DepartureDateTime="12-21T07:00" FlightNumber="0323" NumberInParty="001" ResBookDesigCode="X" Status="QF" eTicket="true">
   <DestinationLocation LocationCode="KEF"/>
   <MarketingAirline Code="WW" FlightNumber="0323"/>
   <OriginLocation LocationCode="DEL"/>
  </FlightSegment>
  <FlightSegment ArrivalDateTime="12-21T16:25" DepartureDateTime="12-21T15:30" FlightNumber="0213" NumberInParty="001" ResBookDesigCode="X" Status="QF" eTicket="true">
   <DestinationLocation LocationCode="YYZ"/>
   <MarketingAirline Code="WW" FlightNumber="0213"/>
   <OriginLocation LocationCode="KEF"/>
  </FlightSegment>
 </OriginDestinationOption></OTA_AirBookRS><TravelItineraryReadRS><RetryRebook Successful="true"/><TravelItinerary><CustomerInfo/><ItineraryInfo><ReservationItems><Item RPH="1"><FlightSegment AirMilesFlown="2598" ArrivalDateTime="12-08T04:50" ConnectionInd="O" DayOfWeekInd="5" DepartureDateTime="2018-12-07T17:55" ElapsedTime="05.55" eTicket="true" FlightNumber="0214" NumberInParty="01" ResBookDesigCode="V" SegmentNumber="0001" SmokingAllowed="false" SpecialMeal="false" Status="SS" StopQuantity="00" IsPast="false"><DestinationLocation LocationCode="KEF"/><Equipment AirEquipType="321"/><MarketingAirline Code="WW" FlightNumber="0214"/><Meal Code="F"/><OriginLocation LocationCode="YYZ" Terminal="TERMINAL 3" TerminalCode="3"/><SupplierRef ID="DCWW"/><UpdatedArrivalTime>12-08T04:50</UpdatedArrivalTime><UpdatedDepartureTime>12-07T17:55</UpdatedDepartureTime></FlightSegment></Item><Item RPH="2"><FlightSegment AirMilesFlown="4749" ArrivalDateTime="12-09T03:15" ConnectionInd="I" DayOfWeekInd="6" DepartureDateTime="2018-12-08T11:45" ElapsedTime="10.00" eTicket="true" FlightNumber="0322" NumberInParty="01" ResBookDesigCode="V" SegmentNumber="0002" SmokingAllowed="false" SpecialMeal="false" Status="SS" StopQuantity="00" IsPast="false"><DestinationLocation LocationCode="DEL" Terminal="TERMINAL 3" TerminalCode="3"/><Equipment AirEquipType="330"/><MarketingAirline Code="WW" FlightNumber="0322"/><Meal Code="F"/><OriginLocation LocationCode="KEF"/><SupplierRef ID="DCWW"/><UpdatedArrivalTime>12-09T03:15</UpdatedArrivalTime><UpdatedDepartureTime>12-08T11:45</UpdatedDepartureTime></FlightSegment></Item><Item RPH="3"><FlightSegment AirMilesFlown="4749" ArrivalDateTime="12-21T13:20" ConnectionInd="O" DayOfWeekInd="5" DepartureDateTime="2018-12-21T07:00" ElapsedTime="11.50" eTicket="true" FlightNumber="0323" NumberInParty="01" ResBookDesigCode="U" SegmentNumber="0003" SmokingAllowed="false" SpecialMeal="false" Status="SS" StopQuantity="00" IsPast="false"><DestinationLocation LocationCode="KEF"/><Equipment AirEquipType="330"/><MarketingAirline Code="WW" FlightNumber="0323"/><Meal Code="F"/><OriginLocation LocationCode="DEL" Terminal="TERMINAL 3" TerminalCode="3"/><SupplierRef ID="DCWW"/><UpdatedArrivalTime>12-21T13:20</UpdatedArrivalTime><UpdatedDepartureTime>12-21T07:00</UpdatedDepartureTime></FlightSegment></Item><Item RPH="4"><FlightSegment AirMilesFlown="2598" ArrivalDateTime="12-21T16:25" ConnectionInd="I" DayOfWeekInd="5" DepartureDateTime="2018-12-21T15:30" ElapsedTime="05.55" eTicket="true" FlightNumber="0213" NumberInParty="01" ResBookDesigCode="U" SegmentNumber="0004" SmokingAllowed="false" SpecialMeal="false" Status="SS" StopQuantity="00" IsPast="false"><DestinationLocation LocationCode="YYZ" Terminal="TERMINAL 3" TerminalCode="3"/><Equipment AirEquipType="321"/><MarketingAirline Code="WW" FlightNumber="0213"/><Meal Code="F"/><OriginLocation LocationCode="KEF"/><SupplierRef ID="DCWW"/><UpdatedArrivalTime>12-21T16:25</UpdatedArrivalTime><UpdatedDepartureTime>12-21T15:30</UpdatedDepartureTime></FlightSegment></Item></ReservationItems></ItineraryInfo><ItineraryRef AirExtras="false" InhibitCode="U" PartitionID="AA" PrimeHostID="1S"><Source PseudoCityCode="3RT2"/></ItineraryRef></TravelItinerary></TravelItineraryReadRS></EnhancedAirBookRS></soap-env:Body></soap-env:Envelope>