<?xml version="1.0" encoding="UTF-8"?>
<soap-env:Envelope xmlns:soap-env="http://schemas.xmlsoap.org/soap/envelope/"><soap-env:Header><eb:MessageHeader xmlns:eb="http://www.ebxml.org/namespaces/messageHeader" eb:version="1.0" soap-env:mustUnderstand="1"><eb:From><eb:PartyId eb:type="URI">123123</eb:PartyId></eb:From><eb:To><eb:PartyId eb:type="urn: x12.org:IO5: 01">999999</eb:PartyId></eb:To><eb:CPAId>3RT2</eb:CPAId><eb:ConversationId>1111111111111111111</eb:ConversationId><eb:Service eb:type="sabreXML">EnhancedAirBookRQ</eb:Service><eb:Action>EnhancedAirBookRS</eb:Action><eb:MessageData><eb:MessageId>89ontawt7</eb:MessageId><eb:Timestamp>2019-01-11T12:55:36</eb:Timestamp><eb:RefToMessageId>mid:0_2014-09-22T21:43:40m</eb:RefToMessageId></eb:MessageData></eb:MessageHeader><wsse:Security xmlns:wsse="http://schemas.xmlsoap.org/ws/2002/12/secext"><wsse:BinarySecurityToken valueType="String" EncodingType="wsse:Base64Binary">Shared/IDL:IceSess\/SessMgr:1\.0.IDL/Common/!ICESMS\/RESC!ICESMSLB\/RES.LB!1547211320383!2705!37</wsse:BinarySecurityToken></wsse:Security></soap-env:Header><soap-env:Body><EnhancedAirBookRS xmlns="http://services.sabre.com/sp/eab/v3_6"><ApplicationResults xmlns="http://services.sabre.com/STL_Payload/v02_01" status="Complete"><Success timeStamp="2019-01-11T06:55:36.709-06:00"/></ApplicationResults><OTA_AirBookRS><OriginDestinationOption>
  <FlightSegment ArrivalDateTime="06-05T10:35" DepartureDateTime="06-05T07:30" FlightNumber="0246" NumberInParty="001" ResBookDesigCode="E" Status="NN" eTicket="true">
   <DestinationLocation LocationCode="YHZ"/>
   <MarketingAirline Code="WS" FlightNumber="0246"/>
   <OriginLocation LocationCode="YYZ"/>
  </FlightSegment>
  <FlightSegment ArrivalDateTime="06-06T10:00" DepartureDateTime="06-05T22:55" FlightNumber="0080" NumberInParty="001" ResBookDesigCode="E" Status="NN" eTicket="true">
   <DestinationLocation LocationCode="CDG"/>
   <MarketingAirline Code="WS" FlightNumber="0080"/>
   <OriginLocation LocationCode="YHZ"/>
  </FlightSegment>
  <FlightSegment ArrivalDateTime="06-28T13:35" DepartureDateTime="06-28T11:20" FlightNumber="0081" NumberInParty="001" ResBookDesigCode="E" Status="NN" eTicket="true">
   <DestinationLocation LocationCode="YHZ"/>
   <MarketingAirline Code="WS" FlightNumber="0081"/>
   <OriginLocation LocationCode="CDG"/>
  </FlightSegment>
  <FlightSegment ArrivalDateTime="06-28T20:25" DepartureDateTime="06-28T19:05" FlightNumber="0275" NumberInParty="001" ResBookDesigCode="E" Status="NN" eTicket="true">
   <DestinationLocation LocationCode="YYZ"/>
   <MarketingAirline Code="WS" FlightNumber="0275"/>
   <OriginLocation LocationCode="YHZ"/>
  </FlightSegment>
 </OriginDestinationOption></OTA_AirBookRS><TravelItineraryReadRS><TravelItinerary><CustomerInfo/><ItineraryInfo><ReservationItems><Item RPH="1"><FlightSegment AirMilesFlown="0803" ArrivalDateTime="06-05T10:35" DayOfWeekInd="3" DepartureDateTime="2019-06-05T07:30" ElapsedTime="02.05" eTicket="true" FlightNumber="0246" NumberInParty="01" ResBookDesigCode="E" SegmentNumber="0001" SmokingAllowed="false" SpecialMeal="false" Status="SS" StopQuantity="00" IsPast="false"><DestinationLocation LocationCode="YHZ"/><Equipment AirEquipType="73W"/><MarketingAirline Code="WS" FlightNumber="0246"/><Meal Code="F"/><OriginLocation LocationCode="YYZ" Terminal="TERMINAL 3" TerminalCode="3"/><SupplierRef ID="DCWS"/><UpdatedArrivalTime>06-05T10:35</UpdatedArrivalTime><UpdatedDepartureTime>06-05T07:30</UpdatedDepartureTime></FlightSegment></Item><Item RPH="2"><FlightSegment AirMilesFlown="3038" ArrivalDateTime="06-06T10:00" DayOfWeekInd="3" DepartureDateTime="2019-06-05T22:55" ElapsedTime="06.05" eTicket="true" FlightNumber="0080" NumberInParty="01" ResBookDesigCode="E" SegmentNumber="0002" SmokingAllowed="false" SpecialMeal="false" Status="SS" StopQuantity="00" IsPast="false"><DestinationLocation LocationCode="CDG" Terminal="AEROGARE 1" TerminalCode="1"/><Equipment AirEquipType="7M8"/><MarketingAirline Code="WS" FlightNumber="0080"/><Meal Code="F"/><OriginLocation LocationCode="YHZ"/><SupplierRef ID="DCWS"/><UpdatedArrivalTime>06-06T10:00</UpdatedArrivalTime><UpdatedDepartureTime>06-05T22:55</UpdatedDepartureTime></FlightSegment></Item><Item RPH="3"><FlightSegment AirMilesFlown="3038" ArrivalDateTime="06-28T13:35" DayOfWeekInd="5" DepartureDateTime="2019-06-28T11:20" ElapsedTime="07.15" eTicket="true" FlightNumber="0081" NumberInParty="01" ResBookDesigCode="E" SegmentNumber="0003" SmokingAllowed="false" SpecialMeal="false" Status="SS" StopQuantity="00" IsPast="false"><DestinationLocation LocationCode="YHZ"/><Equipment AirEquipType="7M8"/><MarketingAirline Code="WS" FlightNumber="0081"/><Meal Code="F"/><OriginLocation LocationCode="CDG" Terminal="AEROGARE 1" TerminalCode="1"/><SupplierRef ID="DCWS"/><UpdatedArrivalTime>06-28T13:35</UpdatedArrivalTime><UpdatedDepartureTime>06-28T11:20</UpdatedDepartureTime></FlightSegment></Item><Item RPH="4"><FlightSegment AirMilesFlown="0803" ArrivalDateTime="06-28T20:25" DayOfWeekInd="5" DepartureDateTime="2019-06-28T19:05" ElapsedTime="02.20" eTicket="true" FlightNumber="0275" NumberInParty="01" ResBookDesigCode="E" SegmentNumber="0004" SmokingAllowed="false" SpecialMeal="false" Status="SS" StopQuantity="00" IsPast="false"><DestinationLocation LocationCode="YYZ" Terminal="TERMINAL 3" TerminalCode="3"/><Equipment AirEquipType="73W"/><MarketingAirline Code="WS" FlightNumber="0275"/><Meal Code="F"/><OriginLocation LocationCode="YHZ"/><SupplierRef ID="DCWS"/><UpdatedArrivalTime>06-28T20:25</UpdatedArrivalTime><UpdatedDepartureTime>06-28T19:05</UpdatedDepartureTime></FlightSegment></Item></ReservationItems></ItineraryInfo><ItineraryRef AirExtras="false" InhibitCode="U" PartitionID="AA" PrimeHostID="1S"><Source PseudoCityCode="3RT2"/></ItineraryRef></TravelItinerary></TravelItineraryReadRS></EnhancedAirBookRS></soap-env:Body></soap-env:Envelope>