<?xml version="1.0" encoding="UTF-8"?>
<soap-env:Envelope xmlns:soap-env="http://schemas.xmlsoap.org/soap/envelope/"><soap-env:Header><eb:MessageHeader xmlns:eb="http://www.ebxml.org/namespaces/messageHeader" eb:version="1.0" soap-env:mustUnderstand="1"><eb:From><eb:PartyId eb:type="URI">123123</eb:PartyId></eb:From><eb:To><eb:PartyId eb:type="urn: x12.org:IO5: 01">999999</eb:PartyId></eb:To><eb:CPAId>3RT2</eb:CPAId><eb:ConversationId>1111111111111111111</eb:ConversationId><eb:Service eb:type="sabreXML">EnhancedAirBookRQ</eb:Service><eb:Action>EnhancedAirBookRS</eb:Action><eb:MessageData><eb:MessageId>1jmwvruft</eb:MessageId><eb:Timestamp>2018-11-02T16:11:49</eb:Timestamp><eb:RefToMessageId>mid:0_2014-09-22T21:43:40m</eb:RefToMessageId></eb:MessageData></eb:MessageHeader><wsse:Security xmlns:wsse="http://schemas.xmlsoap.org/ws/2002/12/secext"><wsse:BinarySecurityToken valueType="String" EncodingType="wsse:Base64Binary">Shared/IDL:IceSess\/SessMgr:1\.0.IDL/Common/!ICESMS\/RESA!ICESMSLB\/RES.LB!1541175097910!16983929!327681</wsse:BinarySecurityToken></wsse:Security></soap-env:Header><soap-env:Body><EnhancedAirBookRS xmlns="http://services.sabre.com/sp/eab/v3_6"><ApplicationResults xmlns="http://services.sabre.com/STL_Payload/v02_01" status="Complete"><Success timeStamp="2018-11-02T11:11:49.231-05:00"/></ApplicationResults><OTA_AirBookRS><OriginDestinationOption>
  <FlightSegment ArrivalDateTime="01-13T07:25" DepartureDateTime="01-12T18:05" FlightNumber="9699" NumberInParty="001" ResBookDesigCode="T" Status="NN" eTicket="true">
   <DestinationLocation LocationCode="AMS"/>
   <MarketingAirline Code="DL" FlightNumber="9699"/>
   <OriginLocation LocationCode="YYZ"/>
  </FlightSegment>
  <FlightSegment ArrivalDateTime="01-13T11:55" DepartureDateTime="01-13T09:40" FlightNumber="9579" NumberInParty="001" ResBookDesigCode="T" Status="NN" eTicket="true">
   <DestinationLocation LocationCode="FCO"/>
   <MarketingAirline Code="DL" FlightNumber="9579"/>
   <OriginLocation LocationCode="AMS"/>
  </FlightSegment>
  <FlightSegment ArrivalDateTime="01-14T02:20" DepartureDateTime="01-13T14:30" FlightNumber="6700" NumberInParty="001" ResBookDesigCode="T" Status="NN" eTicket="true">
   <DestinationLocation LocationCode="DEL"/>
   <MarketingAirline Code="DL" FlightNumber="6700"/>
   <OriginLocation LocationCode="FCO"/>
  </FlightSegment>
  <FlightSegment ArrivalDateTime="01-24T17:40" DepartureDateTime="01-24T13:10" FlightNumber="7574" NumberInParty="001" ResBookDesigCode="X" Status="NN" eTicket="true">
   <DestinationLocation LocationCode="LHR"/>
   <MarketingAirline Code="DL" FlightNumber="7574"/>
   <OriginLocation LocationCode="DEL"/>
  </FlightSegment>
  <FlightSegment ArrivalDateTime="01-24T23:20" DepartureDateTime="01-24T20:05" FlightNumber="4376" NumberInParty="001" ResBookDesigCode="X" Status="NN" eTicket="true">
   <DestinationLocation LocationCode="JFK"/>
   <MarketingAirline Code="DL" FlightNumber="4376"/>
   <OriginLocation LocationCode="LHR"/>
  </FlightSegment>
  <FlightSegment ArrivalDateTime="01-25T12:54" DepartureDateTime="01-25T09:35" FlightNumber="1097" NumberInParty="001" ResBookDesigCode="X" Status="NN" eTicket="true">
   <DestinationLocation LocationCode="AUS"/>
   <MarketingAirline Code="DL" FlightNumber="1097"/>
   <OriginLocation LocationCode="JFK"/>
  </FlightSegment>
 </OriginDestinationOption></OTA_AirBookRS><TravelItineraryReadRS><TravelItinerary><CustomerInfo/><ItineraryInfo><ReservationItems><Item RPH="1"><FlightSegment AirMilesFlown="3733" ArrivalDateTime="01-13T07:25" DayOfWeekInd="6" DepartureDateTime="2019-01-12T18:05" ElapsedTime="07.20" eTicket="true" FlightNumber="9699" NumberInParty="01" ResBookDesigCode="T" SegmentNumber="0001" SmokingAllowed="false" SpecialMeal="false" Status="SS" StopQuantity="00" IsPast="false"><DestinationLocation LocationCode="AMS"/><Equipment AirEquipType="744"/><MarketingAirline Code="DL" FlightNumber="9699"/><MarriageGrp Group="001" Sequence="1"/><Meal Code="D"/><OperatingAirline Code="KL" CompanyShortName="KLM ROYAL DUTCH AIRLINES" FlightNumber="9699"/><OriginLocation LocationCode="YYZ" Terminal="TERMINAL 3" TerminalCode="3"/><SupplierRef ID="DCDL"/><Text>OPERATED BY KLM ROYAL DUTCH AIRLINES</Text><UpdatedArrivalTime>01-13T07:25</UpdatedArrivalTime><UpdatedDepartureTime>01-12T18:05</UpdatedDepartureTime></FlightSegment></Item><Item RPH="2"><FlightSegment AirMilesFlown="0806" ArrivalDateTime="01-13T11:55" DayOfWeekInd="7" DepartureDateTime="2019-01-13T09:40" ElapsedTime="02.15" eTicket="true" FlightNumber="9579" NumberInParty="01" ResBookDesigCode="T" SegmentNumber="0002" SmokingAllowed="false" SpecialMeal="false" Status="SS" StopQuantity="00" IsPast="false"><DestinationLocation LocationCode="FCO" Terminal="TERMINAL 1" TerminalCode="1"/><Equipment AirEquipType="73J"/><MarketingAirline Code="DL" FlightNumber="9579"/><MarriageGrp Group="001" Sequence="2"/><Meal Code="S"/><OperatingAirline Code="KL" CompanyShortName="KLM ROYAL DUTCH AIRLINES" FlightNumber="9579"/><OriginLocation LocationCode="AMS"/><SupplierRef ID="DCDL"/><Text>OPERATED BY KLM ROYAL DUTCH AIRLINES</Text><UpdatedArrivalTime>01-13T11:55</UpdatedArrivalTime><UpdatedDepartureTime>01-13T09:40</UpdatedDepartureTime></FlightSegment></Item><Item RPH="3"><FlightSegment AirMilesFlown="3693" ArrivalDateTime="01-14T02:20" DayOfWeekInd="7" DepartureDateTime="2019-01-13T14:30" ElapsedTime="07.20" eTicket="true" FlightNumber="6700" NumberInParty="01" ResBookDesigCode="T" SegmentNumber="0003" SmokingAllowed="false" SpecialMeal="false" Status="SS" StopQuantity="00" IsPast="false"><DestinationLocation LocationCode="DEL" Terminal="TERMINAL 3" TerminalCode="3"/><Equipment AirEquipType="330"/><MarketingAirline Code="DL" FlightNumber="6700"/><MarriageGrp Group="001" Sequence="3"/><OperatingAirline Code="AZ" CompanyShortName="ALITALIA S.P.A. IN A.S." FlightNumber="6700"/><OriginLocation LocationCode="FCO" Terminal="TERMINAL 1" TerminalCode="1"/><SupplierRef ID="DCDL"/><Text>OPERATED BY ALITALIA S.P.A. IN A.S.</Text><UpdatedArrivalTime>01-14T02:20</UpdatedArrivalTime><UpdatedDepartureTime>01-13T14:30</UpdatedDepartureTime></FlightSegment></Item><Item RPH="4"><FlightSegment AirMilesFlown="4191" ArrivalDateTime="01-24T17:40" DayOfWeekInd="4" DepartureDateTime="2019-01-24T13:10" ElapsedTime="10.00" eTicket="true" FlightNumber="7574" NumberInParty="01" ResBookDesigCode="X" SegmentNumber="0004" SmokingAllowed="false" SpecialMeal="false" Status="SS" StopQuantity="00" IsPast="false"><DestinationLocation LocationCode="LHR" Terminal="TERMINAL 4" TerminalCode="4"/><Equipment AirEquipType="77W"/><MarketingAirline Code="DL" FlightNumber="7574"/><MarriageGrp Group="002" Sequence="1"/><Meal Code="L"/><OperatingAirline Code="9W" CompanyShortName="JET AIRWAYS" FlightNumber="7574"/><OriginLocation LocationCode="DEL" Terminal="TERMINAL 3" TerminalCode="3"/><SupplierRef ID="DCDL"/><Text>OPERATED BY JET AIRWAYS</Text><UpdatedArrivalTime>01-24T17:40</UpdatedArrivalTime><UpdatedDepartureTime>01-24T13:10</UpdatedDepartureTime></FlightSegment></Item><Item RPH="5"><FlightSegment AirMilesFlown="3452" ArrivalDateTime="01-24T23:20" DayOfWeekInd="4" DepartureDateTime="2019-01-24T20:05" ElapsedTime="08.15" eTicket="true" FlightNumber="4376" NumberInParty="01" ResBookDesigCode="X" SegmentNumber="0005" SmokingAllowed="false" SpecialMeal="false" Status="SS" StopQuantity="00" IsPast="false"><DestinationLocation LocationCode="JFK" Terminal="TERMINAL 4" TerminalCode="4"/><Equipment AirEquipType="346"/><MarketingAirline Code="DL" FlightNumber="4376"/><MarriageGrp Group="002" Sequence="2"/><Meal Code="D"/><OperatingAirline Code="VS" CompanyShortName="VIRGIN ATLANTIC" FlightNumber="4376"/><OriginLocation LocationCode="LHR" Terminal="TERMINAL 3" TerminalCode="3"/><SupplierRef ID="DCDL"/><Text>OPERATED BY VIRGIN ATLANTIC</Text><UpdatedArrivalTime>01-24T23:20</UpdatedArrivalTime><UpdatedDepartureTime>01-24T20:05</UpdatedDepartureTime></FlightSegment></Item><Item RPH="6"><FlightSegment AirMilesFlown="1521" ArrivalDateTime="01-25T12:54" DayOfWeekInd="5" DepartureDateTime="2019-01-25T09:35" ElapsedTime="04.19" eTicket="true" FlightNumber="1097" NumberInParty="01" ResBookDesigCode="X" SegmentNumber="0006" SmokingAllowed="false" SpecialMeal="false" Status="SS" StopQuantity="00" IsPast="false"><DestinationLocation LocationCode="AUS"/><Equipment AirEquipType="320"/><MarketingAirline Code="DL" FlightNumber="1097"/><MarriageGrp Group="002" Sequence="3"/><Meal Code="F"/><OriginLocation LocationCode="JFK" Terminal="TERMINAL 4" TerminalCode="4"/><SupplierRef ID="DCDL"/><UpdatedArrivalTime>01-25T12:54</UpdatedArrivalTime><UpdatedDepartureTime>01-25T09:35</UpdatedDepartureTime></FlightSegment></Item></ReservationItems></ItineraryInfo><ItineraryRef AirExtras="false" InhibitCode="U" PartitionID="AA" PrimeHostID="1S"><Source PseudoCityCode="3RT2"/></ItineraryRef></TravelItinerary></TravelItineraryReadRS></EnhancedAirBookRS></soap-env:Body></soap-env:Envelope>