<?xml version="1.0" encoding="UTF-8"?>
<soap-env:Envelope xmlns:soap-env="http://schemas.xmlsoap.org/soap/envelope/"><soap-env:Header><eb:MessageHeader xmlns:eb="http://www.ebxml.org/namespaces/messageHeader" eb:version="1.0" soap-env:mustUnderstand="1"><eb:From><eb:PartyId eb:type="URI">123123</eb:PartyId></eb:From><eb:To><eb:PartyId eb:type="urn: x12.org:IO5: 01">999999</eb:PartyId></eb:To><eb:CPAId>6DTH</eb:CPAId><eb:ConversationId>1111111111111111111</eb:ConversationId><eb:Service eb:type="sabreXML">OTA_AirPriceLLSRQ</eb:Service><eb:Action>OTA_AirPriceLLSRS</eb:Action><eb:MessageData><eb:MessageId>2154525634335560611</eb:MessageId><eb:Timestamp>2018-10-17T17:37:15</eb:Timestamp><eb:RefToMessageId>mid:0_2014-09-22T21:43:40m</eb:RefToMessageId></eb:MessageData></eb:MessageHeader><wsse:Security xmlns:wsse="http://schemas.xmlsoap.org/ws/2002/12/secext"><wsse:BinarySecurityToken valueType="String" EncodingType="wsse:Base64Binary">Shared/IDL:IceSess\/SessMgr:1\.0.IDL/Common/!ICESMS\/ACPCRTD!ICESMSLB\/CRT.LB!1539797812622!1855396!65537</wsse:BinarySecurityToken></wsse:Security></soap-env:Header><soap-env:Body><OTA_AirPriceRS xmlns="http://webservices.sabre.com/sabreXML/2011/10" xmlns:xs="http://www.w3.org/2001/XMLSchema" xmlns:xsi="http://www.w3.org/2001/XMLSchema-instance" xmlns:stl="http://services.sabre.com/STL/v01" Version="2.14.0">
 <stl:ApplicationResults status="Complete">
  <stl:Success timeStamp="2018-10-17T12:37:15-05:00"/>
 </stl:ApplicationResults>
 <PriceQuote>
  <MiscInformation>
   <BaggageInfo>
    <SubCodeProperties RPH="1" SolutionSequenceNmbr="1">
     <AncillaryFeeGroupCode>BG</AncillaryFeeGroupCode>
     <CommercialNameofBaggageItemType>UPTO50LB 23KG AND62LI 158LCM</CommercialNameofBaggageItemType>
     <DescriptionOne Code="23">
      <Text>UP TO 50 POUNDS/23 KILOGRAMS</Text>
     </DescriptionOne>
     <DescriptionTwo Code="6U">
      <Text>UP TO 62 LINEAR INCHES/158 LINEAR CENTIMETERS</Text>
     </DescriptionTwo>
     <EMD_Type>2</EMD_Type>
     <ExtendedSubCodeKey>0GOACAC</ExtendedSubCodeKey>
     <RFIC>C</RFIC>
     <SizeWeightInfo>
      <MaximumSizeInAlternate Units="C">158</MaximumSizeInAlternate>
      <MaximumSize Units="I">62</MaximumSize>
      <MaximumWeightInAlternate Units="K">23</MaximumWeightInAlternate>
      <MaximumWeight Units="L">50</MaximumWeight>
     </SizeWeightInfo>
     <SSR_Code>XBAG</SSR_Code>
    </SubCodeProperties>
    <SubCodeProperties RPH="2" SolutionSequenceNmbr="1">
     <AncillaryFeeGroupCode>BG</AncillaryFeeGroupCode>
     <AncillaryService SubGroupCode="CY">
      <Text>CARRY ON HAND BAGGAGE</Text>
     </AncillaryService>
     <CommercialNameofBaggageItemType>CARRY ON HAND BAGGAGE</CommercialNameofBaggageItemType>
     <EMD_Type>4</EMD_Type>
     <ExtendedSubCodeKey>0L5ACAC</ExtendedSubCodeKey>
     <RFIC>C</RFIC>
    </SubCodeProperties>
    <SubCodeProperties RPH="3" SolutionSequenceNmbr="1">
     <AncillaryFeeGroupCode>BG</AncillaryFeeGroupCode>
     <AncillaryService SubGroupCode="CY">
      <Text>CARRY ON HAND BAGGAGE</Text>
     </AncillaryService>
     <CommercialNameofBaggageItemType>CARRYON HAND BAGGAGE ALLOWANCE</CommercialNameofBaggageItemType>
     <EMD_Type>4</EMD_Type>
     <ExtendedSubCodeKey>0LNABAC</ExtendedSubCodeKey>
     <RFIC>C</RFIC>
    </SubCodeProperties>
    <SubCodeProperties RPH="4" SolutionSequenceNmbr="1">
     <AncillaryFeeGroupCode>BG</AncillaryFeeGroupCode>
     <AncillaryService SubGroupCode="CY">
      <Text>CARRY ON HAND BAGGAGE</Text>
     </AncillaryService>
     <CommercialNameofBaggageItemType>CARRYON HAND BAGGAGE ALLOWANCE</CommercialNameofBaggageItemType>
     <EMD_Type>4</EMD_Type>
     <ExtendedSubCodeKey>0LNABLH</ExtendedSubCodeKey>
    </SubCodeProperties>
    <SubCodeProperties RPH="5" SolutionSequenceNmbr="1">
     <AncillaryFeeGroupCode>BG</AncillaryFeeGroupCode>
     <AncillaryService SubGroupCode="CY">
      <Text>CARRY ON HAND BAGGAGE</Text>
     </AncillaryService>
     <CommercialNameofBaggageItemType>CARRY8KG 18LB UPTO46LI 118LCM</CommercialNameofBaggageItemType>
     <DescriptionOne Code="08">
      <Text>UP TO 18 POUNDS/8 KILOGRAMS</Text>
     </DescriptionOne>
     <DescriptionTwo Code="4Y">
      <Text>UP TO 46 LINEAR INCHES/118 LINEAR CENTIMETERS</Text>
     </DescriptionTwo>
     <EMD_Type>2</EMD_Type>
     <ExtendedSubCodeKey>0M1ACLH</ExtendedSubCodeKey>
     <RFIC>C</RFIC>
     <SizeWeightInfo>
      <MaximumSizeInAlternate Units="C">118</MaximumSizeInAlternate>
      <MaximumSize Units="I">46</MaximumSize>
      <MaximumWeightInAlternate Units="K">8</MaximumWeightInAlternate>
      <MaximumWeight Units="L">18</MaximumWeight>
     </SizeWeightInfo>
    </SubCodeProperties>
    <SubCodeProperties RPH="6" SolutionSequenceNmbr="1">
     <AncillaryFeeGroupCode>BG</AncillaryFeeGroupCode>
     <CommercialNameofBaggageItemType>FREE BAGGAGE ALLOWANCE</CommercialNameofBaggageItemType>
     <EMD_Type>4</EMD_Type>
     <ExtendedSubCodeKey>0DFAAAC</ExtendedSubCodeKey>
     <RFIC>C</RFIC>
    </SubCodeProperties>
   </BaggageInfo>
   <HeaderInformation SolutionSequenceNmbr="1">
    <DepartureDate>2019-01-04</DepartureDate>
    <LastTicketingDate>10-20T13:37</LastTicketingDate>
    <Text>VALIDATING CARRIER - AC</Text>
    <Text>CAT 15 SALES RESTRICTIONS FREE TEXT FOUND - VERIFY RULES</Text>
    <Text>BAG ALLOWANCE     -YYZDEL-02P/AC/EACH PIECE UP TO 50 POUNDS/23</Text>
    <Text>KILOGRAMS AND UP TO 62 LINEAR INCHES/158 LINEAR CENTIMETERS</Text>
    <Text>BAG ALLOWANCE     -DELYYZ-02P/AC/EACH PIECE UP TO 50 POUNDS/23</Text>
    <Text>KILOGRAMS AND UP TO 62 LINEAR INCHES/158 LINEAR CENTIMETERS</Text>
    <Text>CARRY ON ALLOWANCE</Text>
    <Text>YYZFRA DELYYZ-02P/AC</Text>
    <Text>02/EACH PIECE CARRY ON HAND BAGGAGE</Text>
    <Text>FRADEL-01P/LH</Text>
    <Text>01/UP TO 18 POUNDS/8 KILOGRAMS AND UP TO 46 LINEAR INCHES/118 L</Text>
    <Text>INEAR CENTIMETERS</Text>
    <Text>CARRY ON CHARGES</Text>
    <Text>FRADEL-LH</Text>
    <Text>UP TO 18 POUNDS/8 KILOGRAMS AND UP TO 46 LINEAR INCHES/118 LINE</Text>
    <Text>AR CENTIMETERS-NOT PERMITTED</Text>
    <Text>ADDITIONAL ALLOWANCES AND/OR DISCOUNTS MAY APPLY DEPENDING ON</Text>
    <Text>FLYER-SPECIFIC FACTORS /E.G. FREQUENT FLYER STATUS/MILITARY/</Text>
    <Text>CREDIT CARD FORM OF PAYMENT/EARLY PURCHASE OVER INTERNET,ETC./</Text>
    <Text>04JAN DEPARTURE DATE-----LAST DAY TO PURCHASE 20OCT/1337</Text>
    <ValidatingCarrier Code="AC"/>
   </HeaderInformation>
   <SolutionInformation SolutionSequenceNmbr="1">
    <CurrencyCode>CAD</CurrencyCode>
    <RequiresRebook>false</RequiresRebook>
    <TicketNumber>0</TicketNumber>
    <TotalAmount>1866.08</TotalAmount>
   </SolutionInformation>
  </MiscInformation>
  <PricedItinerary AlternativePricing="false" CurrencyCode="CAD" MultiTicket="false" TotalAmount="1866.08">
   <AirItineraryPricingInfo SolutionSequenceNmbr="1">
    <BaggageProvisions RPH="1">
     <Associations>
      <CarrierCode RPH="1">AC</CarrierCode>
      <CarrierCode RPH="2">AC</CarrierCode>
      <CountForSegmentAssociatedID>2</CountForSegmentAssociatedID>
      <DepartureDate RPH="1">2019-01-04</DepartureDate>
      <DepartureDate RPH="2">2019-01-05</DepartureDate>
      <DestinationLocation LocationCode="FRA" RPH="1"/>
      <DestinationLocation LocationCode="DEL" RPH="2"/>
      <FlightNumber RPH="1">876</FlightNumber>
      <FlightNumber RPH="2">9352</FlightNumber>
      <OriginLocation LocationCode="YYZ" RPH="1"/>
      <OriginLocation LocationCode="FRA" RPH="2"/>
      <PNR_Segment RPH="1">5</PNR_Segment>
      <PNR_Segment RPH="2">2</PNR_Segment>
      <ResBookDesigCode RPH="1">S</ResBookDesigCode>
      <ResBookDesigCode RPH="2">S</ResBookDesigCode>
      <StatusCode RPH="1">SS</StatusCode>
      <StatusCode RPH="2">SS</StatusCode>
     </Associations>
     <CarrierWhoseBaggageProvisionsApply>AC</CarrierWhoseBaggageProvisionsApply>
     <NumPiecesBDI>2</NumPiecesBDI>
     <NumPiecesITR>2</NumPiecesITR>
     <ProvisionType>A</ProvisionType>
     <SubCodeInfo>
      <SubCodeForAllowance RPH="1">0GOACAC</SubCodeForAllowance>
      <SubCodeForChargesOthers>0DFAAAC</SubCodeForChargesOthers>
     </SubCodeInfo>
    </BaggageProvisions>
    <BaggageProvisions RPH="2">
     <Associations>
      <CarrierCode RPH="1">AC</CarrierCode>
      <CountForSegmentAssociatedID>1</CountForSegmentAssociatedID>
      <DepartureDate RPH="1">2019-01-18</DepartureDate>
      <DestinationLocation LocationCode="YYZ" RPH="1"/>
      <FlightNumber RPH="1">43</FlightNumber>
      <OriginLocation LocationCode="DEL" RPH="1"/>
      <PNR_Segment RPH="1">3</PNR_Segment>
      <ResBookDesigCode RPH="1">S</ResBookDesigCode>
      <StatusCode RPH="1">SS</StatusCode>
     </Associations>
     <CarrierWhoseBaggageProvisionsApply>AC</CarrierWhoseBaggageProvisionsApply>
     <NumPiecesBDI>2</NumPiecesBDI>
     <NumPiecesITR>2</NumPiecesITR>
     <ProvisionType>A</ProvisionType>
     <SubCodeInfo>
      <SubCodeForAllowance RPH="1">0GOACAC</SubCodeForAllowance>
      <SubCodeForChargesOthers>0DFAAAC</SubCodeForChargesOthers>
     </SubCodeInfo>
    </BaggageProvisions>
    <BaggageProvisions RPH="3">
     <Associations>
      <CarrierCode RPH="1">AC</CarrierCode>
      <CarrierCode RPH="2">AC</CarrierCode>
      <CountForSegmentAssociatedID>2</CountForSegmentAssociatedID>
      <DepartureDate RPH="1">2019-01-04</DepartureDate>
      <DepartureDate RPH="2">2019-01-18</DepartureDate>
      <DestinationLocation LocationCode="FRA" RPH="1"/>
      <DestinationLocation LocationCode="YYZ" RPH="2"/>
      <FlightNumber RPH="1">876</FlightNumber>
      <FlightNumber RPH="2">43</FlightNumber>
      <OriginLocation LocationCode="YYZ" RPH="1"/>
      <OriginLocation LocationCode="DEL" RPH="2"/>
      <PNR_Segment RPH="1">5</PNR_Segment>
      <PNR_Segment RPH="2">3</PNR_Segment>
      <ResBookDesigCode RPH="1">S</ResBookDesigCode>
      <ResBookDesigCode RPH="2">S</ResBookDesigCode>
      <StatusCode RPH="1">SS</StatusCode>
      <StatusCode RPH="2">SS</StatusCode>
     </Associations>
     <CarrierWhoseBaggageProvisionsApply>AC</CarrierWhoseBaggageProvisionsApply>
     <NumPiecesBDI>2</NumPiecesBDI>
     <NumPiecesITR>2</NumPiecesITR>
     <ProvisionType>B</ProvisionType>
     <SubCodeInfo>
      <SubCodeForAllowance RPH="1">0L5ACAC</SubCodeForAllowance>
      <SubCodeForChargesOthers>0LNABAC</SubCodeForChargesOthers>
     </SubCodeInfo>
    </BaggageProvisions>
    <BaggageProvisions RPH="4">
     <Associations>
      <CarrierCode RPH="1">AC</CarrierCode>
      <CountForSegmentAssociatedID>1</CountForSegmentAssociatedID>
      <DepartureDate RPH="1">2019-01-05</DepartureDate>
      <DestinationLocation LocationCode="DEL" RPH="1"/>
      <FlightNumber RPH="1">9352</FlightNumber>
      <OriginLocation LocationCode="FRA" RPH="1"/>
      <PNR_Segment RPH="1">2</PNR_Segment>
      <ResBookDesigCode RPH="1">S</ResBookDesigCode>
      <StatusCode RPH="1">SS</StatusCode>
     </Associations>
     <CarrierWhoseBaggageProvisionsApply>LH</CarrierWhoseBaggageProvisionsApply>
     <NumPiecesBDI>1</NumPiecesBDI>
     <NumPiecesITR>1</NumPiecesITR>
     <ProvisionType>B</ProvisionType>
     <SubCodeInfo>
      <SubCodeForAllowance RPH="1">0M1ACLH</SubCodeForAllowance>
      <SubCodeForChargesOthers>0LNABLH</SubCodeForChargesOthers>
     </SubCodeInfo>
    </BaggageProvisions>
    <BaggageProvisions RPH="5">
     <Associations>
      <CarrierCode RPH="1">AC</CarrierCode>
      <CountForSegmentAssociatedID>1</CountForSegmentAssociatedID>
      <DepartureDate RPH="1">2019-01-05</DepartureDate>
      <DestinationLocation LocationCode="DEL" RPH="1"/>
      <FlightNumber RPH="1">9352</FlightNumber>
      <OriginLocation LocationCode="FRA" RPH="1"/>
      <PNR_Segment RPH="1">2</PNR_Segment>
      <ResBookDesigCode RPH="1">S</ResBookDesigCode>
      <StatusCode RPH="1">SS</StatusCode>
     </Associations>
     <CarrierWhoseBaggageProvisionsApply>LH</CarrierWhoseBaggageProvisionsApply>
     <Commissionable>N</Commissionable>
     <FeeNotGuaranteedIndicator>Y</FeeNotGuaranteedIndicator>
     <FirstOccurrence>1</FirstOccurrence>
     <NoChargeNotAvailableIndicator>X</NoChargeNotAvailableIndicator>
     <PassengerType Code="ADT"/>
     <PriceInformation>
      <Base Amount="0.00"/>
      <Equiv CurrencyCode="CAD"/>
     </PriceInformation>
     <ProvisionType>CC</ProvisionType>
     <SubCodeInfo>
      <SubCodeForChargesOthers>0M1ACLH</SubCodeForChargesOthers>
     </SubCodeInfo>
    </BaggageProvisions>
    <FareCalculation>
     <Text>YTO AC X/FRA Q11.40AC DEL538.32AC YTO Q11.40 340.63NUC901.75END ROE1.315194</Text>
    </FareCalculation>
    <FareCalculationBreakdown>
     <Departure AirlineCode="AC" AirportCode="YYZ" ArrivalAirportCode="FRA" ArrivalCityCode="FRA" CityCode="YTO" GenericInd="X"/>
     <FareBasis Cabin="Y" Code="SQW38RCS" FilingCarrier="AC"/>
     <FreeBaggageAllowance>PC002</FreeBaggageAllowance>
     <Surcharges Ind="Q" Type="UNK">11.40</Surcharges>
    </FareCalculationBreakdown>
    <FareCalculationBreakdown>
     <Branch FirstJointCarrier="AC" PCC="6DTH"/>
     <Departure AirlineCode="AC" AirportCode="FRA" ArrivalAirportCode="DEL" ArrivalCityCode="DEL" CityCode="FRA" GenericInd="O"/>
     <FareBasis Cabin="Y" Code="SQW38RCS" FareAmount="538.32" FarePassengerType="ADT" FareType="P" FilingCarrier="AC" GlobalInd="AT" Market="YTODEL" TripTypeInd="R"/>
     <FreeBaggageAllowance>PC002</FreeBaggageAllowance>
     <RuleCategoryIndicator>2</RuleCategoryIndicator>
     <RuleCategoryIndicator>3</RuleCategoryIndicator>
     <RuleCategoryIndicator>4</RuleCategoryIndicator>
     <RuleCategoryIndicator>5</RuleCategoryIndicator>
     <RuleCategoryIndicator>6</RuleCategoryIndicator>
     <RuleCategoryIndicator>7</RuleCategoryIndicator>
     <RuleCategoryIndicator>8</RuleCategoryIndicator>
     <RuleCategoryIndicator>9</RuleCategoryIndicator>
     <RuleCategoryIndicator>10</RuleCategoryIndicator>
     <RuleCategoryIndicator>12</RuleCategoryIndicator>
     <RuleCategoryIndicator>15</RuleCategoryIndicator>
     <RuleCategoryIndicator>16</RuleCategoryIndicator>
     <RuleCategoryIndicator>18</RuleCategoryIndicator>
    </FareCalculationBreakdown>
    <FareCalculationBreakdown>
     <Branch FirstJointCarrier="AC" PCC="6DTH"/>
     <Departure AirlineCode="AC" AirportCode="DEL" ArrivalAirportCode="YYZ" ArrivalCityCode="YTO" CityCode="DEL" GenericInd="O"/>
     <FareBasis Cabin="Y" Code="SLW38RCS" FareAmount="340.63" FarePassengerType="ADT" FareType="P" FilingCarrier="AC" GlobalInd="AT" Market="YTODEL" TripTypeInd="R"/>
     <FreeBaggageAllowance>PC002</FreeBaggageAllowance>
     <RuleCategoryIndicator>2</RuleCategoryIndicator>
     <RuleCategoryIndicator>3</RuleCategoryIndicator>
     <RuleCategoryIndicator>4</RuleCategoryIndicator>
     <RuleCategoryIndicator>5</RuleCategoryIndicator>
     <RuleCategoryIndicator>6</RuleCategoryIndicator>
     <RuleCategoryIndicator>7</RuleCategoryIndicator>
     <RuleCategoryIndicator>8</RuleCategoryIndicator>
     <RuleCategoryIndicator>9</RuleCategoryIndicator>
     <RuleCategoryIndicator>10</RuleCategoryIndicator>
     <RuleCategoryIndicator>12</RuleCategoryIndicator>
     <RuleCategoryIndicator>15</RuleCategoryIndicator>
     <RuleCategoryIndicator>16</RuleCategoryIndicator>
     <RuleCategoryIndicator>18</RuleCategoryIndicator>
     <Surcharges Ind="Q" Type="UNK">11.40</Surcharges>
    </FareCalculationBreakdown>
    <ItinTotalFare NonRefundableInd="O">
     <BaggageInfo>
      <US_DOT_Disclosure>
       <Text>BAG ALLOWANCE     -YYZDEL-02P/AC/EACH PIECE UP TO 50 POUNDS/23</Text>
       <Text>KILOGRAMS AND UP TO 62 LINEAR INCHES/158 LINEAR CENTIMETERS</Text>
       <Text>BAG ALLOWANCE     -DELYYZ-02P/AC/EACH PIECE UP TO 50 POUNDS/23</Text>
       <Text>KILOGRAMS AND UP TO 62 LINEAR INCHES/158 LINEAR CENTIMETERS</Text>
       <Text>CARRY ON ALLOWANCE</Text>
       <Text>YYZFRA DELYYZ-02P/AC</Text>
       <Text>02/EACH PIECE CARRY ON HAND BAGGAGE</Text>
       <Text>FRADEL-01P/LH</Text>
       <Text>01/UP TO 18 POUNDS/8 KILOGRAMS AND UP TO 46 LINEAR INCHES/118 L</Text>
       <Text>INEAR CENTIMETERS</Text>
       <Text>CARRY ON CHARGES</Text>
       <Text>FRADEL-LH</Text>
       <Text>UP TO 18 POUNDS/8 KILOGRAMS AND UP TO 46 LINEAR INCHES/118 LINE</Text>
       <Text>AR CENTIMETERS-NOT PERMITTED</Text>
       <Text>ADDITIONAL ALLOWANCES AND/OR DISCOUNTS MAY APPLY DEPENDING ON</Text>
       <Text>FLYER-SPECIFIC FACTORS /E.G. FREQUENT FLYER STATUS/MILITARY/</Text>
       <Text>CREDIT CARD FORM OF PAYMENT/EARLY PURCHASE OVER INTERNET,ETC./</Text>
      </US_DOT_Disclosure>
     </BaggageInfo>
     <BaseFare Amount="1186.00" CurrencyCode="CAD"/>
     <Endorsements>
      <Text>-REFUNDABLE/CXLFEE/CHGFEE/VLD AC TRANSATLANTIC ONLY</Text>
     </Endorsements>
     <Taxes TotalAmount="680.08">
      <Tax Amount="3.25" TaxCode="RC2" TaxName="HARMONIZED SALES TAX HST ON SQ" TicketingTaxCode="RC"/>
      <Tax Amount="25.00" TaxCode="SQ" TaxName="AIRPORT IMPROVEMENT FEE  AIF" TicketingTaxCode="SQ"/>
      <Tax Amount="25.91" TaxCode="CA4" TaxName="AIR TRAVELLERS SECURITY CHARGE" TicketingTaxCode="CA"/>
      <Tax Amount="574.00" TaxCode="YQI" TaxName="SERVICE FEE - INSURANCE" TicketingTaxCode="YQ"/>
      <Tax Amount="13.55" TaxCode="DE" TaxName="AIRPORT SECURITY CHARGE" TicketingTaxCode="DE"/>
      <Tax Amount="32.00" TaxCode="RA2" TaxName="PASSENGER SERVICE CHARGE INTER" TicketingTaxCode="RA"/>
      <Tax Amount="4.94" TaxCode="WO" TaxName="PASSENGER SERVICE FEE" TicketingTaxCode="WO"/>
      <Tax Amount="1.43" TaxCode="IN" TaxName="USER DEVELOPMENT FEE DEPARTURE" TicketingTaxCode="IN"/>
     </Taxes>
     <TotalFare Amount="1866.08" CurrencyCode="CAD"/>
     <Warnings>
      <Warning ShortText="BAG ALLOWANCE     -YYZDEL-02P/AC/EACH PIECE UP TO 50 POUNDS/23"/>
      <Warning ShortText="KILOGRAMS AND UP TO 62 LINEAR INCHES/158 LINEAR CENTIMETERS"/>
      <Warning ShortText="BAG ALLOWANCE     -DELYYZ-02P/AC/EACH PIECE UP TO 50 POUNDS/23"/>
      <Warning ShortText="KILOGRAMS AND UP TO 62 LINEAR INCHES/158 LINEAR CENTIMETERS"/>
      <Warning ShortText="CARRY ON ALLOWANCE"/>
      <Warning ShortText="YYZFRA DELYYZ-02P/AC"/>
      <Warning ShortText="02/EACH PIECE CARRY ON HAND BAGGAGE"/>
      <Warning ShortText="FRADEL-01P/LH"/>
      <Warning ShortText="01/UP TO 18 POUNDS/8 KILOGRAMS AND UP TO 46 LINEAR INCHES/118 L"/>
      <Warning ShortText="INEAR CENTIMETERS"/>
      <Warning ShortText="CARRY ON CHARGES"/>
      <Warning ShortText="FRADEL-LH"/>
      <Warning ShortText="UP TO 18 POUNDS/8 KILOGRAMS AND UP TO 46 LINEAR INCHES/118 LINE"/>
      <Warning ShortText="AR CENTIMETERS-NOT PERMITTED"/>
      <Warning ShortText="ADDITIONAL ALLOWANCES AND/OR DISCOUNTS MAY APPLY DEPENDING ON"/>
      <Warning ShortText="FLYER-SPECIFIC FACTORS /E.G. FREQUENT FLYER STATUS/MILITARY/"/>
      <Warning ShortText="CREDIT CARD FORM OF PAYMENT/EARLY PURCHASE OVER INTERNET,ETC./"/>
     </Warnings>
    </ItinTotalFare>
    <PassengerTypeQuantity Code="ADT" Quantity="1"/>
    <PTC_FareBreakdown>
     <Cabin>Y</Cabin>
     <FareBasis Code="SQW38RCS" FilingCarrier="AC"/>
     <FreeBaggageAllowance>PC002</FreeBaggageAllowance>
     <Surcharges Ind="Q" Type="UNK">11.40</Surcharges>
    </PTC_FareBreakdown>
    <PTC_FareBreakdown>
     <Cabin>Y</Cabin>
     <FareBasis Code="SQW38RCS" FareAmount="538.32" FarePassengerType="ADT" FareType="P" FilingCarrier="AC" GlobalInd="AT" Market="YTODEL"/>
     <FreeBaggageAllowance>PC002</FreeBaggageAllowance>
    </PTC_FareBreakdown>
    <PTC_FareBreakdown>
     <Cabin>Y</Cabin>
     <FareBasis Code="SLW38RCS" FareAmount="340.63" FarePassengerType="ADT" FareType="P" FilingCarrier="AC" GlobalInd="AT" Market="YTODEL"/>
     <FreeBaggageAllowance>PC002</FreeBaggageAllowance>
     <Surcharges Ind="Q" Type="UNK">11.40</Surcharges>
    </PTC_FareBreakdown>
   </AirItineraryPricingInfo>
  </PricedItinerary>
 </PriceQuote>
</OTA_AirPriceRS></soap-env:Body></soap-env:Envelope>