|| EXMESSAGE ||:- Exception occured at: Bussiness.GetCommonService  || EXSOURCE ||:- App.BusinessLayer || EXTARGETSITE ||:- App.Common.CommonUtility GetCommonService(System.String, System.String)  ||  EXData ||:- System.Collections.ListDictionaryInternal


||EXInnerException||:-  
System.Exception: Exception occured at: DataLayer.GetCommonService ---> System.Data.SqlClient.SqlException: A transport-level error has occurred when receiving results from the server. (provider: TCP Provider, error: 0 - An existing connection was forcibly closed by the remote host.) ---> System.ComponentModel.Win32Exception: An existing connection was forcibly closed by the remote host
   --- End of inner exception stack trace ---
   at System.Data.SqlClient.SqlConnection.OnError(SqlException exception, Boolean breakConnection, Action`1 wrapCloseInAction)
   at System.Data.SqlClient.SqlInternalConnection.OnError(SqlException exception, Boolean breakConnection, Action`1 wrapCloseInAction)
   at System.Data.SqlClient.TdsParser.ThrowExceptionAndWarning(TdsParserStateObject stateObj, Boolean callerHasConnectionLock, Boolean asyncClose)
   at System.Data.SqlClient.TdsParserStateObject.ReadSniError(TdsParserStateObject stateObj, UInt32 error)
   at System.Data.SqlClient.TdsParserStateObject.ReadSniSyncOverAsync()
   at System.Data.SqlClient.TdsParserStateObject.TryReadNetworkPacket()
   at System.Data.SqlClient.TdsParserStateObject.TryPrepareBuffer()
   at System.Data.SqlClient.TdsParserStateObject.TryReadByteArray(Byte[] buff, Int32 offset, Int32 len, Int32& totalRead)
   at System.Data.SqlClient.TdsParserStateObject.TryReadUInt16(UInt16& value)
   at System.Data.SqlClient.TdsParser.TryGetTokenLength(Byte token, TdsParserStateObject stateObj, Int32& tokenLength)
   at System.Data.SqlClient.TdsParser.TryGetDataLength(SqlMetaDataPriv colmeta, TdsParserStateObject stateObj, UInt64& length)
   at System.Data.SqlClient.TdsParser.TryProcessColumnHeaderNoNBC(SqlMetaDataPriv col, TdsParserStateObject stateObj, Boolean& isNull, UInt64& length)
   at System.Data.SqlClient.SqlDataReader.TryReadColumnInternal(Int32 i, Boolean readHeaderOnly)
   at System.Data.SqlClient.SqlDataReader.TryReadColumn(Int32 i, Boolean setTimeout, Boolean allowPartiallyReadColumn)
   at System.Data.SqlClient.SqlDataReader.GetValues(Object[] values)
   at System.Data.ProviderBase.DataReaderContainer.CommonLanguageSubsetDataReader.GetValues(Object[] values)
   at System.Data.ProviderBase.SchemaMapping.LoadDataRow()
   at System.Data.Common.DataAdapter.FillLoadDataRow(SchemaMapping mapping)
   at System.Data.Common.DataAdapter.FillFromReader(DataSet dataset, DataTable datatable, String srcTable, DataReaderContainer dataReader, Int32 startRecord, Int32 maxRecords, DataColumn parentChapterColumn, Object parentChapterValue)
   at System.Data.Common.DataAdapter.Fill(DataSet dataSet, String srcTable, IDataReader dataReader, Int32 startRecord, Int32 maxRecords)
   at System.Data.Common.DbDataAdapter.FillInternal(DataSet dataset, DataTable[] datatables, Int32 startRecord, Int32 maxRecords, String srcTable, IDbCommand command, CommandBehavior behavior)
   at System.Data.Common.DbDataAdapter.Fill(DataSet dataSet, Int32 startRecord, Int32 maxRecords, String srcTable, IDbCommand command, CommandBehavior behavior)
   at System.Data.Common.DbDataAdapter.Fill(DataSet dataSet)
   at Microsoft.Practices.EnterpriseLibrary.Data.Database.DoLoadDataSet(IDbCommand command, DataSet dataSet, String[] tableNames)
   at Microsoft.Practices.EnterpriseLibrary.Data.Database.LoadDataSet(DbCommand command, DataSet dataSet, String[] tableNames)
   at Microsoft.Practices.EnterpriseLibrary.Data.Database.LoadDataSet(DbCommand command, DataSet dataSet, String tableName)
   at Microsoft.Practices.EnterpriseLibrary.Data.Database.ExecuteDataSet(DbCommand command)
   at App.DataLayer.DataLayer.GetCommonService(String CommonServiceType, String SearchText) in E:\Practice\Aporta\Air\SolutionApps\SolutionApps\App.SolutionHelpers\App.DataLayer\DataLayer.cs:line 79
   --- End of inner exception stack trace ---
   at App.DataLayer.DataLayer.GetCommonService(String CommonServiceType, String SearchText) in E:\Practice\Aporta\Air\SolutionApps\SolutionApps\App.SolutionHelpers\App.DataLayer\DataLayer.cs:line 146
   at App.BusinessLayer.BusinessLayer.GetCommonService(String CommonServiceType, String SearchText) in E:\Practice\Aporta\Air\SolutionApps\SolutionApps\App.SolutionHelpers\App.BusinessLayer\BusinessLayer.cs:line 389   :::   20:52:57.7070131

