<?xml version="1.0" encoding="UTF-8"?>
<soap-env:Envelope xmlns:soap-env="http://schemas.xmlsoap.org/soap/envelope/"><soap-env:Header><eb:MessageHeader xmlns:eb="http://www.ebxml.org/namespaces/messageHeader" eb:version="1.0" soap-env:mustUnderstand="1"><eb:From><eb:PartyId eb:type="URI">123123</eb:PartyId></eb:From><eb:To><eb:PartyId eb:type="urn: x12.org:IO5: 01">999999</eb:PartyId></eb:To><eb:CPAId>3RT2</eb:CPAId><eb:ConversationId>1111111111111111111</eb:ConversationId><eb:Service eb:type="sabreXML">EnhancedAirBookRQ</eb:Service><eb:Action>EnhancedAirBookRS</eb:Action><eb:MessageData><eb:MessageId>8x1x3in43</eb:MessageId><eb:Timestamp>2018-10-05T10:59:36</eb:Timestamp><eb:RefToMessageId>mid:0_2014-09-22T21:43:40m</eb:RefToMessageId></eb:MessageData></eb:MessageHeader><wsse:Security xmlns:wsse="http://schemas.xmlsoap.org/ws/2002/12/secext"><wsse:BinarySecurityToken valueType="String" EncodingType="wsse:Base64Binary">Shared/IDL:IceSess\/SessMgr:1\.0.IDL/Common/!ICESMS\/CERTG!ICESMSLB\/CRT.LB!1538737162145!907782!131073</wsse:BinarySecurityToken></wsse:Security></soap-env:Header><soap-env:Body><EnhancedAirBookRS xmlns="http://services.sabre.com/sp/eab/v3_6"><ApplicationResults xmlns="http://services.sabre.com/STL_Payload/v02_01" status="Incomplete"><Error type="BusinessLogic" timeStamp="2018-10-05T05:59:36.603-05:00"><SystemSpecificResults><Message code="ERR.SP.HALT_ON_STATUS_RECEIVED">Specified HaltOnStatus Received - Processing Aborted</Message></SystemSpecificResults></Error></ApplicationResults><OTA_AirBookRS><OriginDestinationOption>
  <FlightSegment ArrivalDateTime="12-02T05:10" DepartureDateTime="12-01T00:30" FlightNumber="0312" NumberInParty="001" ResBookDesigCode="V" Status="NN" eTicket="true">
   <DestinationLocation LocationCode="CAN"/>
   <MarketingAirline Code="CZ" FlightNumber="0312"/>
   <OriginLocation LocationCode="YYZ"/>
  </FlightSegment>
  <FlightSegment ArrivalDateTime="12-02T11:30" DepartureDateTime="12-02T07:30" FlightNumber="3027" NumberInParty="001" ResBookDesigCode="V" Status="NN" eTicket="true">
   <DestinationLocation LocationCode="DEL"/>
   <MarketingAirline Code="CZ" FlightNumber="3027"/>
   <OriginLocation LocationCode="CAN"/>
  </FlightSegment>
  <FlightSegment ArrivalDateTime="12-15T07:15" DepartureDateTime="12-15T00:05" FlightNumber="0360" NumberInParty="001" ResBookDesigCode="V" Status="NN" eTicket="true">
   <DestinationLocation LocationCode="CAN"/>
   <MarketingAirline Code="CZ" FlightNumber="0360"/>
   <OriginLocation LocationCode="DEL"/>
  </FlightSegment>
  <FlightSegment ArrivalDateTime="12-15T16:30" DepartureDateTime="12-15T14:30" FlightNumber="0311" NumberInParty="001" ResBookDesigCode="V" Status="NN" eTicket="true">
   <DestinationLocation LocationCode="YYZ"/>
   <MarketingAirline Code="CZ" FlightNumber="0311"/>
   <OriginLocation LocationCode="CAN"/>
  </FlightSegment>
 </OriginDestinationOption></OTA_AirBookRS><TravelItineraryReadRS><TravelItinerary><CustomerInfo/><ItineraryInfo><ReservationItems><Item RPH="1"><FlightSegment AirMilesFlown="7744" ArrivalDateTime="12-02T05:10" DayOfWeekInd="6" DepartureDateTime="2018-12-01T00:30" ElapsedTime="15.40" eTicket="true" FlightNumber="0312" NumberInParty="01" ResBookDesigCode="V" SegmentNumber="0001" SmokingAllowed="false" SpecialMeal="false" Status="NN" StopQuantity="00" IsPast="false"><DestinationLocation LocationCode="CAN" TerminalCode="2"/><Equipment AirEquipType="77W"/><MarketingAirline Code="CZ" FlightNumber="0312"/><Meal Code="D"/><OriginLocation LocationCode="YYZ" Terminal="TERMINAL 3" TerminalCode="3"/><SupplierRef ID="nullnull"/><UpdatedArrivalTime>12-02T05:10</UpdatedArrivalTime><UpdatedDepartureTime>12-01T00:30</UpdatedDepartureTime></FlightSegment></Item><Item RPH="2"><FlightSegment AirMilesFlown="2271" ArrivalDateTime="12-02T11:30" DayOfWeekInd="7" DepartureDateTime="2018-12-02T07:30" ElapsedTime="06.30" eTicket="true" FlightNumber="3027" NumberInParty="01" ResBookDesigCode="V" SegmentNumber="0002" SmokingAllowed="false" SpecialMeal="false" Status="NN" StopQuantity="00" IsPast="false"><DestinationLocation LocationCode="DEL" Terminal="TERMINAL 3" TerminalCode="3"/><Equipment AirEquipType="333"/><MarketingAirline Code="CZ" FlightNumber="3027"/><Meal Code="L"/><OriginLocation LocationCode="CAN" TerminalCode="2"/><SupplierRef ID="nullnull"/><UpdatedArrivalTime>12-02T11:30</UpdatedArrivalTime><UpdatedDepartureTime>12-02T07:30</UpdatedDepartureTime></FlightSegment></Item><Item RPH="3"><FlightSegment AirMilesFlown="2271" ArrivalDateTime="12-15T07:15" DayOfWeekInd="6" DepartureDateTime="2018-12-15T00:05" ElapsedTime="04.40" eTicket="true" FlightNumber="0360" NumberInParty="01" ResBookDesigCode="V" SegmentNumber="0003" SmokingAllowed="false" SpecialMeal="false" Status="NN" StopQuantity="00" IsPast="false"><DestinationLocation LocationCode="CAN" TerminalCode="2"/><Equipment AirEquipType="333"/><MarketingAirline Code="CZ" FlightNumber="0360"/><Meal Code="C"/><OriginLocation LocationCode="DEL" Terminal="TERMINAL 3" TerminalCode="3"/><SupplierRef ID="nullnull"/><UpdatedArrivalTime>12-15T07:15</UpdatedArrivalTime><UpdatedDepartureTime>12-15T00:05</UpdatedDepartureTime></FlightSegment></Item><Item RPH="4"><FlightSegment AirMilesFlown="7744" ArrivalDateTime="12-15T16:30" DayOfWeekInd="6" DepartureDateTime="2018-12-15T14:30" ElapsedTime="15.00" eTicket="true" FlightNumber="0311" NumberInParty="01" ResBookDesigCode="V" SegmentNumber="0004" SmokingAllowed="false" SpecialMeal="false" Status="NN" StopQuantity="00" IsPast="false"><DestinationLocation LocationCode="YYZ" Terminal="TERMINAL 3" TerminalCode="3"/><Equipment AirEquipType="77W"/><MarketingAirline Code="CZ" FlightNumber="0311"/><Meal Code="D"/><OriginLocation LocationCode="CAN" TerminalCode="2"/><SupplierRef ID="nullnull"/><UpdatedArrivalTime>12-15T16:30</UpdatedArrivalTime><UpdatedDepartureTime>12-15T14:30</UpdatedDepartureTime></FlightSegment></Item></ReservationItems></ItineraryInfo><ItineraryRef AirExtras="false" InhibitCode="U" PartitionID="AA" PrimeHostID="1S"><Source PseudoCityCode="3RT2"/></ItineraryRef></TravelItinerary></TravelItineraryReadRS></EnhancedAirBookRS></soap-env:Body></soap-env:Envelope>