<?xml version="1.0" encoding="UTF-8"?>
<soap-env:Envelope xmlns:soap-env="http://schemas.xmlsoap.org/soap/envelope/"><soap-env:Header><eb:MessageHeader xmlns:eb="http://www.ebxml.org/namespaces/messageHeader" eb:version="1.0" soap-env:mustUnderstand="1"><eb:From><eb:PartyId eb:type="URI">123123</eb:PartyId></eb:From><eb:To><eb:PartyId eb:type="urn: x12.org:IO5: 01">999999</eb:PartyId></eb:To><eb:CPAId>3RT2</eb:CPAId><eb:ConversationId>1111111111111111111</eb:ConversationId><eb:Service eb:type="sabreXML">EnhancedAirBookRQ</eb:Service><eb:Action>EnhancedAirBookRS</eb:Action><eb:MessageData><eb:MessageId>k90ktwv6e</eb:MessageId><eb:Timestamp>2018-09-27T15:59:55</eb:Timestamp><eb:RefToMessageId>mid:0_2014-09-22T21:43:40m</eb:RefToMessageId></eb:MessageData></eb:MessageHeader><wsse:Security xmlns:wsse="http://schemas.xmlsoap.org/ws/2002/12/secext"><wsse:BinarySecurityToken valueType="String" EncodingType="wsse:Base64Binary">Shared/IDL:IceSess\/SessMgr:1\.0.IDL/Common/!ICESMS\/CERTG!ICESMSLB\/CRT.LB!1538063787171!4986531!131073</wsse:BinarySecurityToken></wsse:Security></soap-env:Header><soap-env:Body><EnhancedAirBookRS xmlns="http://services.sabre.com/sp/eab/v3_6"><ApplicationResults xmlns="http://services.sabre.com/STL_Payload/v02_01" status="Incomplete"><Error type="BusinessLogic" timeStamp="2018-09-27T10:59:54.979-05:00"><SystemSpecificResults><Message code="ERR.SP.HALT_ON_STATUS_RECEIVED">Specified HaltOnStatus Received - Processing Aborted</Message></SystemSpecificResults></Error></ApplicationResults><OTA_AirBookRS><OriginDestinationOption>
  <FlightSegment ArrivalDateTime="12-21T16:10" DepartureDateTime="12-20T22:35" FlightNumber="0018" NumberInParty="001" ResBookDesigCode="L" Status="QF" eTicket="true">
   <DestinationLocation LocationCode="IST"/>
   <MarketingAirline Code="TK" FlightNumber="0018"/>
   <OriginLocation LocationCode="YYZ"/>
  </FlightSegment>
  <FlightSegment ArrivalDateTime="12-22T05:15" DepartureDateTime="12-21T20:55" FlightNumber="0716" NumberInParty="001" ResBookDesigCode="L" Status="QF" eTicket="true">
   <DestinationLocation LocationCode="DEL"/>
   <MarketingAirline Code="TK" FlightNumber="0716"/>
   <OriginLocation LocationCode="IST"/>
  </FlightSegment>
  <FlightSegment ArrivalDateTime="12-27T11:30" DepartureDateTime="12-27T06:55" FlightNumber="0717" NumberInParty="001" ResBookDesigCode="V" Status="QF" eTicket="true">
   <DestinationLocation LocationCode="IST"/>
   <MarketingAirline Code="TK" FlightNumber="0717"/>
   <OriginLocation LocationCode="DEL"/>
  </FlightSegment>
  <FlightSegment ArrivalDateTime="12-27T18:45" DepartureDateTime="12-27T15:30" FlightNumber="0017" NumberInParty="001" ResBookDesigCode="V" Status="QF" eTicket="true">
   <DestinationLocation LocationCode="YYZ"/>
   <MarketingAirline Code="TK" FlightNumber="0017"/>
   <OriginLocation LocationCode="IST"/>
  </FlightSegment>
 </OriginDestinationOption></OTA_AirBookRS><TravelItineraryReadRS><RetryRebook Successful="false"/><TravelItinerary><CustomerInfo/><ItineraryInfo><ReservationItems><Item RPH="1"><FlightSegment AirMilesFlown="5112" ArrivalDateTime="12-21T16:10" ConnectionInd="O" DayOfWeekInd="4" DepartureDateTime="2018-12-20T22:35" ElapsedTime="09.35" eTicket="true" FlightNumber="0018" NumberInParty="01" ResBookDesigCode="L" SegmentNumber="0001" SmokingAllowed="false" SpecialMeal="false" Status="UC" StopQuantity="00" IsPast="false"><DestinationLocation LocationCode="IST" Terminal="INTERNATIONAL TERMINAL" TerminalCode="I"/><Equipment AirEquipType="77W"/><MarketingAirline Code="TK" FlightNumber="0018"/><Meal Code="M"/><OriginLocation LocationCode="YYZ" Terminal="TERMINAL 1" TerminalCode="1"/><SupplierRef ID="DCTK"/><UpdatedArrivalTime>12-21T16:10</UpdatedArrivalTime><UpdatedDepartureTime>12-20T22:35</UpdatedDepartureTime></FlightSegment></Item><Item RPH="2"><FlightSegment AirMilesFlown="2830" ArrivalDateTime="12-22T05:15" ConnectionInd="I" DayOfWeekInd="5" DepartureDateTime="2018-12-21T20:55" ElapsedTime="05.50" eTicket="true" FlightNumber="0716" NumberInParty="01" ResBookDesigCode="L" SegmentNumber="0002" SmokingAllowed="false" SpecialMeal="false" Status="UC" StopQuantity="00" IsPast="false"><DestinationLocation LocationCode="DEL" Terminal="TERMINAL 3" TerminalCode="3"/><Equipment AirEquipType="77W"/><MarketingAirline Code="TK" FlightNumber="0716"/><Meal Code="M"/><OriginLocation LocationCode="IST" Terminal="INTERNATIONAL TERMINAL" TerminalCode="I"/><SupplierRef ID="DCTK"/><UpdatedArrivalTime>12-22T05:15</UpdatedArrivalTime><UpdatedDepartureTime>12-21T20:55</UpdatedDepartureTime></FlightSegment></Item><Item RPH="3"><FlightSegment AirMilesFlown="2830" ArrivalDateTime="12-27T11:30" ConnectionInd="O" DayOfWeekInd="4" DepartureDateTime="2018-12-27T06:55" ElapsedTime="07.05" eTicket="true" FlightNumber="0717" NumberInParty="01" ResBookDesigCode="V" SegmentNumber="0003" SmokingAllowed="false" SpecialMeal="false" Status="UC" StopQuantity="00" IsPast="false"><DestinationLocation LocationCode="IST" Terminal="INTERNATIONAL TERMINAL" TerminalCode="I"/><Equipment AirEquipType="77W"/><MarketingAirline Code="TK" FlightNumber="0717"/><Meal Code="M"/><OriginLocation LocationCode="DEL" Terminal="TERMINAL 3" TerminalCode="3"/><SupplierRef ID="DCTK"/><UpdatedArrivalTime>12-27T11:30</UpdatedArrivalTime><UpdatedDepartureTime>12-27T06:55</UpdatedDepartureTime></FlightSegment></Item><Item RPH="4"><FlightSegment AirMilesFlown="5112" ArrivalDateTime="12-27T18:45" ConnectionInd="I" DayOfWeekInd="4" DepartureDateTime="2018-12-27T15:30" ElapsedTime="11.15" eTicket="true" FlightNumber="0017" NumberInParty="01" ResBookDesigCode="V" SegmentNumber="0004" SmokingAllowed="false" SpecialMeal="false" Status="UC" StopQuantity="00" IsPast="false"><DestinationLocation LocationCode="YYZ" Terminal="TERMINAL 1" TerminalCode="1"/><Equipment AirEquipType="77W"/><MarketingAirline Code="TK" FlightNumber="0017"/><Meal Code="M"/><OriginLocation LocationCode="IST" Terminal="INTERNATIONAL TERMINAL" TerminalCode="I"/><SupplierRef ID="DCTK"/><UpdatedArrivalTime>12-27T18:45</UpdatedArrivalTime><UpdatedDepartureTime>12-27T15:30</UpdatedDepartureTime></FlightSegment></Item></ReservationItems></ItineraryInfo><ItineraryRef AirExtras="false" InhibitCode="U" PartitionID="AA" PrimeHostID="1S"><Source PseudoCityCode="3RT2"/></ItineraryRef></TravelItinerary></TravelItineraryReadRS></EnhancedAirBookRS></soap-env:Body></soap-env:Envelope>