|| EXMESSAGE ||:- Index was outside the bounds of the array.  || EXSOURCE ||:- App.Apps || EXTARGETSITE ||:- Void MoveNext()  ||  EXData ||:- System.Collections.ListDictionaryInternal


||EXInnerException||:-  
   :::   09:10:06.5443002

|| EXMESSAGE ||:- Index was outside the bounds of the array.  || EXSOURCE ||:- App.Apps || EXTARGETSITE ||:- Void MoveNext()  ||  EXData ||:- System.Collections.ListDictionaryInternal


||EXInnerException||:-  
   :::   09:17:38.5959784

|| EXMESSAGE ||:- Index was outside the bounds of the array.  || EXSOURCE ||:- App.Apps || EXTARGETSITE ||:- Void MoveNext()  ||  EXData ||:- System.Collections.ListDictionaryInternal


||EXInnerException||:-  
   :::   09:18:37.2754620

|| EXMESSAGE ||:- Index was outside the bounds of the array.  || EXSOURCE ||:- App.Apps || EXTARGETSITE ||:- Void MoveNext()  ||  EXData ||:- System.Collections.ListDictionaryInternal


||EXInnerException||:-  
   :::   09:23:03.7037268

|| EXMESSAGE ||:- Index was outside the bounds of the array.  || EXSOURCE ||:- App.Apps || EXTARGETSITE ||:- Void MoveNext()  ||  EXData ||:- System.Collections.ListDictionaryInternal


||EXInnerException||:-  
   :::   10:06:24.0847627

|| EXMESSAGE ||:- Index was outside the bounds of the array.  || EXSOURCE ||:- App.Apps || EXTARGETSITE ||:- Void MoveNext()  ||  EXData ||:- System.Collections.ListDictionaryInternal


||EXInnerException||:-  
   :::   10:08:41.2691278

|| EXMESSAGE ||:- Input string was not in a correct format.  || EXSOURCE ||:- mscorlib || EXTARGETSITE ||:- Void StringToNumber(System.String, System.Globalization.NumberStyles, NumberBuffer ByRef, System.Globalization.NumberFormatInfo, Boolean)  ||  EXData ||:- System.Collections.ListDictionaryInternal


||EXInnerException||:-  
   :::   10:14:30.7585504

|| EXMESSAGE ||:- Input string was not in a correct format.  || EXSOURCE ||:- mscorlib || EXTARGETSITE ||:- Void StringToNumber(System.String, System.Globalization.NumberStyles, NumberBuffer ByRef, System.Globalization.NumberFormatInfo, Boolean)  ||  EXData ||:- System.Collections.ListDictionaryInternal


||EXInnerException||:-  
   :::   10:14:34.4952539

|| EXMESSAGE ||:- Input string was not in a correct format.  || EXSOURCE ||:- mscorlib || EXTARGETSITE ||:- Void StringToNumber(System.String, System.Globalization.NumberStyles, NumberBuffer ByRef, System.Globalization.NumberFormatInfo, Boolean)  ||  EXData ||:- System.Collections.ListDictionaryInternal


||EXInnerException||:-  
   :::   10:20:00.0731031

|| EXMESSAGE ||:- Input string was not in a correct format.  || EXSOURCE ||:- mscorlib || EXTARGETSITE ||:- Void StringToNumber(System.String, System.Globalization.NumberStyles, NumberBuffer ByRef, System.Globalization.NumberFormatInfo, Boolean)  ||  EXData ||:- System.Collections.ListDictionaryInternal


||EXInnerException||:-  
   :::   10:25:16.0705589

|| EXMESSAGE ||:- Input string was not in a correct format.  || EXSOURCE ||:- mscorlib || EXTARGETSITE ||:- Void StringToNumber(System.String, System.Globalization.NumberStyles, NumberBuffer ByRef, System.Globalization.NumberFormatInfo, Boolean)  ||  EXData ||:- System.Collections.ListDictionaryInternal


||EXInnerException||:-  
   :::   10:25:50.8993610

|| EXMESSAGE ||:- Index was outside the bounds of the array.  || EXSOURCE ||:- App.Apps || EXTARGETSITE ||:- Void MoveNext()  ||  EXData ||:- System.Collections.ListDictionaryInternal


||EXInnerException||:-  
   :::   10:28:13.0095400

|| EXMESSAGE ||:- Index was outside the bounds of the array.  || EXSOURCE ||:- App.Apps || EXTARGETSITE ||:- Void MoveNext()  ||  EXData ||:- System.Collections.ListDictionaryInternal


||EXInnerException||:-  
   :::   10:31:56.3713054

|| EXMESSAGE ||:- Index was outside the bounds of the array.  || EXSOURCE ||:- App.Apps || EXTARGETSITE ||:- Void MoveNext()  ||  EXData ||:- System.Collections.ListDictionaryInternal


||EXInnerException||:-  
   :::   10:35:08.9665907

|| EXMESSAGE ||:- Input string was not in a correct format.  || EXSOURCE ||:- mscorlib || EXTARGETSITE ||:- Void StringToNumber(System.String, System.Globalization.NumberStyles, NumberBuffer ByRef, System.Globalization.NumberFormatInfo, Boolean)  ||  EXData ||:- System.Collections.ListDictionaryInternal


||EXInnerException||:-  
   :::   23:38:20.5733504

|| EXMESSAGE ||:- Input string was not in a correct format.  || EXSOURCE ||:- mscorlib || EXTARGETSITE ||:- Void StringToNumber(System.String, System.Globalization.NumberStyles, NumberBuffer ByRef, System.Globalization.NumberFormatInfo, Boolean)  ||  EXData ||:- System.Collections.ListDictionaryInternal


||EXInnerException||:-  
   :::   23:40:16.9992822

|| EXMESSAGE ||:- Object reference not set to an instance of an object.  || EXSOURCE ||:- HtmlAgilityPack || EXTARGETSITE ||:- System.String get_InnerHtml()  ||  EXData ||:- System.Collections.ListDictionaryInternal


||EXInnerException||:-  
   :::   23:43:06.5494363

