<?xml version="1.0" encoding="UTF-8"?>
<soap-env:Envelope xmlns:soap-env="http://schemas.xmlsoap.org/soap/envelope/"><soap-env:Header><eb:MessageHeader xmlns:eb="http://www.ebxml.org/namespaces/messageHeader" eb:version="1.0" soap-env:mustUnderstand="1"><eb:From><eb:PartyId eb:type="URI">123123</eb:PartyId></eb:From><eb:To><eb:PartyId eb:type="urn: x12.org:IO5: 01">999999</eb:PartyId></eb:To><eb:CPAId>3RT2</eb:CPAId><eb:ConversationId>1111111111111111111</eb:ConversationId><eb:Service eb:type="sabreXML">EnhancedAirBookRQ</eb:Service><eb:Action>EnhancedAirBookRS</eb:Action><eb:MessageData><eb:MessageId>2cdl9ym27</eb:MessageId><eb:Timestamp>2018-11-02T16:24:15</eb:Timestamp><eb:RefToMessageId>mid:0_2014-09-22T21:43:40m</eb:RefToMessageId></eb:MessageData></eb:MessageHeader><wsse:Security xmlns:wsse="http://schemas.xmlsoap.org/ws/2002/12/secext"><wsse:BinarySecurityToken valueType="String" EncodingType="wsse:Base64Binary">Shared/IDL:IceSess\/SessMgr:1\.0.IDL/Common/!ICESMS\/RESD!ICESMSLB\/RES.LB!1541175843569!23952266!131073</wsse:BinarySecurityToken></wsse:Security></soap-env:Header><soap-env:Body><EnhancedAirBookRS xmlns="http://services.sabre.com/sp/eab/v3_6"><ApplicationResults xmlns="http://services.sabre.com/STL_Payload/v02_01" status="Complete"><Success timeStamp="2018-11-02T11:24:15.011-05:00"/></ApplicationResults><OTA_AirBookRS><OriginDestinationOption>
  <FlightSegment ArrivalDateTime="01-10T10:10" DepartureDateTime="01-09T22:05" FlightNumber="6208" NumberInParty="001" ResBookDesigCode="O" Status="SS" eTicket="true">
   <DestinationLocation LocationCode="LHR"/>
   <MarketingAirline Code="AA" FlightNumber="6208"/>
   <OriginLocation LocationCode="YYZ"/>
  </FlightSegment>
  <FlightSegment ArrivalDateTime="01-11T08:50" DepartureDateTime="01-10T18:50" FlightNumber="0257" NumberInParty="001" ResBookDesigCode="O" Status="NN" eTicket="true">
   <DestinationLocation LocationCode="DEL"/>
   <MarketingAirline Code="BA" FlightNumber="0257"/>
   <OriginLocation LocationCode="LHR"/>
  </FlightSegment>
  <FlightSegment ArrivalDateTime="01-24T16:35" DepartureDateTime="01-24T12:20" FlightNumber="6664" NumberInParty="001" ResBookDesigCode="O" Status="SS" eTicket="true">
   <DestinationLocation LocationCode="LHR"/>
   <MarketingAirline Code="AA" FlightNumber="6664"/>
   <MarriageGrp Ind="A"/>
   <OriginLocation LocationCode="DEL"/>
  </FlightSegment>
  <FlightSegment ArrivalDateTime="01-24T22:45" DepartureDateTime="01-24T19:50" FlightNumber="6146" NumberInParty="001" ResBookDesigCode="O" Status="SS" eTicket="true">
   <DestinationLocation LocationCode="JFK"/>
   <MarketingAirline Code="AA" FlightNumber="6146"/>
   <MarriageGrp Ind="A"/>
   <OriginLocation LocationCode="LHR"/>
  </FlightSegment>
  <FlightSegment ArrivalDateTime="01-25T11:52" DepartureDateTime="01-25T09:59" FlightNumber="3399" NumberInParty="001" ResBookDesigCode="O" Status="SS" eTicket="true">
   <DestinationLocation LocationCode="YYZ"/>
   <MarketingAirline Code="AA" FlightNumber="3399"/>
   <MarriageGrp Ind="A"/>
   <OriginLocation LocationCode="JFK"/>
  </FlightSegment>
 </OriginDestinationOption></OTA_AirBookRS><TravelItineraryReadRS><TravelItinerary><CustomerInfo/><ItineraryInfo><ReservationItems><Item RPH="1"><FlightSegment AirMilesFlown="3557" ArrivalDateTime="01-10T10:10" DayOfWeekInd="3" DepartureDateTime="2019-01-09T22:05" ElapsedTime="07.05" eTicket="true" FlightNumber="6208" NumberInParty="01" ResBookDesigCode="O" SegmentNumber="0001" SmokingAllowed="false" SpecialMeal="false" Status="SS" StopQuantity="00" IsPast="false"><DestinationLocation LocationCode="LHR" Terminal="TERMINAL 5" TerminalCode="5"/><Equipment AirEquipType="788"/><MarketingAirline Code="AA" FlightNumber="6208"/><Meal Code="M"/><OperatingAirline Code="BA" CompanyShortName="BRITISH AIRWAYS" FlightNumber="0098"/><OriginLocation LocationCode="YYZ" Terminal="TERMINAL 3" TerminalCode="3"/><PartnerCarrier Code="BA" FlightNumber="0098" ResBookDesigCode="O"><Banner>OPERATED BY BRITISH AIRWAYS</Banner></PartnerCarrier><SupplierRef ID="DCAA"/><Text>OPERATED BY BRITISH AIRWAYS</Text><UpdatedArrivalTime>01-10T10:10</UpdatedArrivalTime><UpdatedDepartureTime>01-09T22:05</UpdatedDepartureTime></FlightSegment></Item><Item RPH="2"><FlightSegment AirMilesFlown="4191" ArrivalDateTime="01-11T08:50" DayOfWeekInd="4" DepartureDateTime="2019-01-10T18:50" ElapsedTime="08.30" eTicket="true" FlightNumber="0257" NumberInParty="01" ResBookDesigCode="O" SegmentNumber="0002" SmokingAllowed="false" SpecialMeal="false" Status="SS" StopQuantity="00" IsPast="false"><DestinationLocation LocationCode="DEL" Terminal="TERMINAL 3" TerminalCode="3"/><Equipment AirEquipType="777"/><MarketingAirline Code="BA" FlightNumber="0257"/><Meal Code="M"/><OriginLocation LocationCode="LHR" Terminal="TERMINAL 5" TerminalCode="5"/><SupplierRef ID="DCBA"/><UpdatedArrivalTime>01-11T08:50</UpdatedArrivalTime><UpdatedDepartureTime>01-10T18:50</UpdatedDepartureTime></FlightSegment></Item><Item RPH="3"><FlightSegment AirMilesFlown="4191" ArrivalDateTime="01-24T16:35" ConnectionInd="O" DayOfWeekInd="4" DepartureDateTime="2019-01-24T12:20" ElapsedTime="09.45" eTicket="true" FlightNumber="6664" NumberInParty="01" ResBookDesigCode="O" SegmentNumber="0003" SmokingAllowed="false" SpecialMeal="false" Status="SS" StopQuantity="00" IsPast="false"><DestinationLocation LocationCode="LHR" Terminal="TERMINAL 5" TerminalCode="5"/><Equipment AirEquipType="777"/><MarketingAirline Code="AA" FlightNumber="6664"/><MarriageGrp Group="002" Ind="O" Sequence="1"/><Meal Code="M"/><OperatingAirline Code="BA" CompanyShortName="BRITISH AIRWAYS" FlightNumber="0256"/><OriginLocation LocationCode="DEL" Terminal="TERMINAL 3" TerminalCode="3"/><PartnerCarrier Code="BA" FlightNumber="0256" ResBookDesigCode="O"><Banner>OPERATED BY BRITISH AIRWAYS</Banner></PartnerCarrier><SupplierRef ID="DCAA"/><Text>OPERATED BY BRITISH AIRWAYS</Text><UpdatedArrivalTime>01-24T16:35</UpdatedArrivalTime><UpdatedDepartureTime>01-24T12:20</UpdatedDepartureTime></FlightSegment></Item><Item RPH="4"><FlightSegment AirMilesFlown="3452" ArrivalDateTime="01-24T22:45" ConnectionInd="I" DayOfWeekInd="4" DepartureDateTime="2019-01-24T19:50" ElapsedTime="07.55" eTicket="true" FlightNumber="6146" NumberInParty="01" ResBookDesigCode="O" SegmentNumber="0004" SmokingAllowed="false" SpecialMeal="false" Status="SS" StopQuantity="00" IsPast="false"><DestinationLocation LocationCode="JFK" Terminal="TERMINAL 7" TerminalCode="7"/><Equipment AirEquipType="747"/><MarketingAirline Code="AA" FlightNumber="6146"/><MarriageGrp Group="002" Ind="I" Sequence="2"/><Meal Code="M"/><OperatingAirline Code="BA" CompanyShortName="BRITISH AIRWAYS" FlightNumber="0183"/><OriginLocation LocationCode="LHR" Terminal="TERMINAL 5" TerminalCode="5"/><PartnerCarrier Code="BA" FlightNumber="0183" ResBookDesigCode="O"><Banner>OPERATED BY BRITISH AIRWAYS</Banner></PartnerCarrier><SupplierRef ID="DCAA"/><Text>OPERATED BY BRITISH AIRWAYS</Text><UpdatedArrivalTime>01-24T22:45</UpdatedArrivalTime><UpdatedDepartureTime>01-24T19:50</UpdatedDepartureTime></FlightSegment></Item><Item RPH="5"><FlightSegment AirMilesFlown="0366" ArrivalDateTime="01-25T11:52" DayOfWeekInd="5" DepartureDateTime="2019-01-25T09:59" ElapsedTime="01.53" eTicket="true" FlightNumber="3399" NumberInParty="01" ResBookDesigCode="O" SegmentNumber="0005" SmokingAllowed="false" SpecialMeal="false" Status="SS" StopQuantity="00" IsPast="false"><DestinationLocation LocationCode="YYZ" Terminal="TERMINAL 3" TerminalCode="3"/><Equipment AirEquipType="ERD"/><MarketingAirline Code="AA" FlightNumber="3399"/><MarriageGrp Group="002" Sequence="3"/><OperatingAirline Code="AA" CompanyShortName="ENVOY AIR AS AMERICAN EAGLE" FlightNumber="3399"/><OriginLocation LocationCode="JFK" Terminal="TERMINAL 8" TerminalCode="8"/><SupplierRef ID="DCAA"/><Text>OPERATED BY ENVOY AIR AS AMERICAN EAGLE</Text><UpdatedArrivalTime>01-25T11:52</UpdatedArrivalTime><UpdatedDepartureTime>01-25T09:59</UpdatedDepartureTime></FlightSegment></Item></ReservationItems></ItineraryInfo><ItineraryRef AirExtras="false" InhibitCode="U" PartitionID="AA" PrimeHostID="1S"><Source PseudoCityCode="3RT2"/></ItineraryRef></TravelItinerary></TravelItineraryReadRS></EnhancedAirBookRS></soap-env:Body></soap-env:Envelope>