::::::::::: BeginRequest Request called at 8/17/2018 10:35:58 AM   :::   10:35:58.4771427

::::::::::: AuthenticateRequest Request called at 8/17/2018 10:35:58 AM   :::   10:35:58.4824150

::::::::::: PostAuthenticateRequest Request called at 8/17/2018 10:35:58 AM   :::   10:35:58.4885644

::::::::::: AuthorizeRequest Request called at 8/17/2018 10:35:58 AM   :::   10:35:58.5096514

::::::::::: PostAuthorizeRequest Request called at 8/17/2018 10:35:58 AM   :::   10:35:58.5158016

::::::::::: End Request called at 8/17/2018 10:35:58 AM   :::   10:35:58.5175584

::::::::::: PostResolveRequestCache Request called at 8/17/2018 10:35:58 AM   :::   10:35:58.5465521

::::::::::: AcquireRequestState Request called at 8/17/2018 10:35:58 AM   :::   10:35:58.5540210

::::::::::: PostAcquireRequestState Request called at 8/17/2018 10:35:58 AM   :::   10:35:58.5588524

::::::::::: PreRequestHandlerExecute Request called at 8/17/2018 10:35:58 AM   :::   10:35:58.5619276

::::::::::: PostRequestHandlerExecute Request called at 8/17/2018 10:35:59 AM   :::   10:35:59.7563821

::::::::::: ReleaseRequestState Request called at 8/17/2018 10:35:59 AM   :::   10:35:59.7682429

::::::::::: PostReleaseRequestState Request called at 8/17/2018 10:35:59 AM   :::   10:35:59.7792259

::::::::::: UpdateRequestCache Request called at 8/17/2018 10:35:59 AM   :::   10:35:59.8561028

::::::::::: EndRequest Request called at 8/17/2018 10:35:59 AM   :::   10:35:59.8596175

::::::::::: PreSendRequestContent Request called at 8/17/2018 10:35:59 AM   :::   10:35:59.8631315

::::::::::: PreSendRequestHeaders Request called at 8/17/2018 10:35:59 AM   :::   10:35:59.8688426

::::::::::: BeginRequest Request called at 8/17/2018 10:36:00 AM   :::   10:36:00.0085385

::::::::::: BeginRequest Request called at 8/17/2018 10:36:00 AM   :::   10:36:00.0621332

::::::::::: AuthenticateRequest Request called at 8/17/2018 10:36:00 AM   :::   10:36:00.0441221

::::::::::: PostAuthenticateRequest Request called at 8/17/2018 10:36:00 AM   :::   10:36:00.0845372

::::::::::: AuthorizeRequest Request called at 8/17/2018 10:36:00 AM   :::   10:36:00.0889308

::::::::::: PostAuthorizeRequest Request called at 8/17/2018 10:36:00 AM   :::   10:36:00.0985947

::::::::::: End Request called at 8/17/2018 10:36:00 AM   :::   10:36:00.1003522

::::::::::: PostResolveRequestCache Request called at 8/17/2018 10:36:00 AM   :::   10:36:00.1016700

::::::::::: AcquireRequestState Request called at 8/17/2018 10:36:00 AM   :::   10:36:00.1029884

::::::::::: PostAcquireRequestState Request called at 8/17/2018 10:36:00 AM   :::   10:36:00.1139706

::::::::::: PreRequestHandlerExecute Request called at 8/17/2018 10:36:00 AM   :::   10:36:00.1157275

::::::::::: PostAuthenticateRequest Request called at 8/17/2018 10:36:00 AM   :::   10:36:00.1249529

::::::::::: PostRequestHandlerExecute Request called at 8/17/2018 10:36:00 AM   :::   10:36:00.1214382

::::::::::: AuthorizeRequest Request called at 8/17/2018 10:36:00 AM   :::   10:36:00.1376924

::::::::::: ReleaseRequestState Request called at 8/17/2018 10:36:00 AM   :::   10:36:00.1333004

::::::::::: PostReleaseRequestState Request called at 8/17/2018 10:36:00 AM   :::   10:36:00.1530676

::::::::::: End Request called at 8/17/2018 10:36:00 AM   :::   10:36:00.1662469

::::::::::: PostResolveRequestCache Request called at 8/17/2018 10:36:00 AM   :::   10:36:00.1706402

::::::::::: AcquireRequestState Request called at 8/17/2018 10:36:00 AM   :::   10:36:00.1763509

::::::::::: PostAcquireRequestState Request called at 8/17/2018 10:36:00 AM   :::   10:36:00.1781077

::::::::::: PreRequestHandlerExecute Request called at 8/17/2018 10:36:00 AM   :::   10:36:00.1825011

::::::::::: UpdateRequestCache Request called at 8/17/2018 10:36:00 AM   :::   10:36:00.1833796

::::::::::: AcquireRequestState Request called at 8/17/2018 10:36:00 AM   :::   10:36:00.2071014

::::::::::: AuthorizeRequest Request called at 8/17/2018 10:36:00 AM   :::   10:36:00.1464787

::::::::::: EndRequest Request called at 8/17/2018 10:36:00 AM   :::   10:36:00.2141301

::::::::::: PostAuthorizeRequest Request called at 8/17/2018 10:36:00 AM   :::   10:36:00.2251124

::::::::::: End Request called at 8/17/2018 10:36:00 AM   :::   10:36:00.2317020

::::::::::: PostReleaseRequestState Request called at 8/17/2018 10:36:00 AM   :::   10:36:00.2396094

::::::::::: PreSendRequestHeaders Request called at 8/17/2018 10:36:00 AM   :::   10:36:00.2523499

::::::::::: PostReleaseRequestState Request called at 8/17/2018 10:36:00 AM   :::   10:36:00.2598174

::::::::::: UpdateRequestCache Request called at 8/17/2018 10:36:00 AM   :::   10:36:00.2558643

::::::::::: AuthenticateRequest Request called at 8/17/2018 10:36:00 AM   :::   10:36:00.2725607

::::::::::: PreSendRequestContent Request called at 8/17/2018 10:36:00 AM   :::   10:36:00.2874930

::::::::::: PreRequestHandlerExecute Request called at 8/17/2018 10:36:00 AM   :::   10:36:00.3235154

::::::::::: AuthorizeRequest Request called at 8/17/2018 10:36:00 AM   :::   10:36:00.3243940

::::::::::: PreSendRequestContent Request called at 8/17/2018 10:36:00 AM   :::   10:36:00.3371338

::::::::::: PostRequestHandlerExecute Request called at 8/17/2018 10:36:00 AM   :::   10:36:00.3384512

::::::::::: PostAuthorizeRequest Request called at 8/17/2018 10:36:00 AM   :::   10:36:00.3336191

::::::::::: ReleaseRequestState Request called at 8/17/2018 10:36:00 AM   :::   10:36:00.3463589

::::::::::: PostReleaseRequestState Request called at 8/17/2018 10:36:00 AM   :::   10:36:00.3560238

::::::::::: AcquireRequestState Request called at 8/17/2018 10:36:00 AM   :::   10:36:00.3709592

::::::::::: UpdateRequestCache Request called at 8/17/2018 10:36:00 AM   :::   10:36:00.3784274

::::::::::: EndRequest Request called at 8/17/2018 10:36:00 AM   :::   10:36:00.3815023

::::::::::: PreSendRequestContent Request called at 8/17/2018 10:36:00 AM   :::   10:36:00.4021502

::::::::::: PreRequestHandlerExecute Request called at 8/17/2018 10:36:00 AM   :::   10:36:00.4153284

::::::::::: AuthorizeRequest Request called at 8/17/2018 10:36:00 AM   :::   10:36:00.4236759

::::::::::: PostAuthorizeRequest Request called at 8/17/2018 10:36:00 AM   :::   10:36:00.4258716

::::::::::: ReleaseRequestState Request called at 8/17/2018 10:36:00 AM   :::   10:36:00.4329003

::::::::::: PostReleaseRequestState Request called at 8/17/2018 10:36:00 AM   :::   10:36:00.4346579

::::::::::: PostResolveRequestCache Request called at 8/17/2018 10:36:00 AM   :::   10:36:00.4412471

::::::::::: AcquireRequestState Request called at 8/17/2018 10:36:00 AM   :::   10:36:00.4430040

::::::::::: PostAcquireRequestState Request called at 8/17/2018 10:36:00 AM   :::   10:36:00.4443221

::::::::::: PreRequestHandlerExecute Request called at 8/17/2018 10:36:00 AM   :::   10:36:00.4460796

::::::::::: PreSendRequestContent Request called at 8/17/2018 10:36:00 AM   :::   10:36:00.4575010

::::::::::: PreSendRequestHeaders Request called at 8/17/2018 10:36:00 AM   :::   10:36:00.4610157

::::::::::: PostReleaseRequestState Request called at 8/17/2018 10:36:00 AM   :::   10:36:00.4706799

::::::::::: UpdateRequestCache Request called at 8/17/2018 10:36:00 AM   :::   10:36:00.4777087

::::::::::: EndRequest Request called at 8/17/2018 10:36:00 AM   :::   10:36:00.4790264

::::::::::: PreSendRequestContent Request called at 8/17/2018 10:36:00 AM   :::   10:36:00.4803445

::::::::::: PreSendRequestHeaders Request called at 8/17/2018 10:36:00 AM   :::   10:36:00.4816629

::::::::::: BeginRequest Request called at 8/17/2018 10:36:00 AM   :::   10:36:00.6960394

::::::::::: AuthenticateRequest Request called at 8/17/2018 10:36:00 AM   :::   10:36:00.6973575

::::::::::: PostAuthenticateRequest Request called at 8/17/2018 10:36:00 AM   :::   10:36:00.6991146

::::::::::: AuthorizeRequest Request called at 8/17/2018 10:36:00 AM   :::   10:36:00.7109759

::::::::::: PostAuthorizeRequest Request called at 8/17/2018 10:36:00 AM   :::   10:36:00.7127330

::::::::::: End Request called at 8/17/2018 10:36:00 AM   :::   10:36:00.7140515

::::::::::: PostResolveRequestCache Request called at 8/17/2018 10:36:00 AM   :::   10:36:00.7162474

::::::::::: AcquireRequestState Request called at 8/17/2018 10:36:00 AM   :::   10:36:00.7180050

::::::::::: PostAcquireRequestState Request called at 8/17/2018 10:36:00 AM   :::   10:36:00.7193227

::::::::::: PreRequestHandlerExecute Request called at 8/17/2018 10:36:00 AM   :::   10:36:00.7223979

::::::::::: PostRequestHandlerExecute Request called at 8/17/2018 10:36:00 AM   :::   10:36:00.7250334

::::::::::: ReleaseRequestState Request called at 8/17/2018 10:36:00 AM   :::   10:36:00.7263511

::::::::::: PostReleaseRequestState Request called at 8/17/2018 10:36:00 AM   :::   10:36:00.7276692

::::::::::: UpdateRequestCache Request called at 8/17/2018 10:36:00 AM   :::   10:36:00.7311835

::::::::::: EndRequest Request called at 8/17/2018 10:36:00 AM   :::   10:36:00.7325016

::::::::::: PreSendRequestContent Request called at 8/17/2018 10:36:00 AM   :::   10:36:00.7342588

::::::::::: PreSendRequestHeaders Request called at 8/17/2018 10:36:00 AM   :::   10:36:00.7386514

::::::::::: BeginRequest Request called at 8/17/2018 10:36:01 AM   :::   10:36:01.3593791

::::::::::: AuthenticateRequest Request called at 8/17/2018 10:36:01 AM   :::   10:36:01.3611363

::::::::::: PostAuthenticateRequest Request called at 8/17/2018 10:36:01 AM   :::   10:36:01.3624543

::::::::::: AuthorizeRequest Request called at 8/17/2018 10:36:01 AM   :::   10:36:01.3642112

::::::::::: PostAuthorizeRequest Request called at 8/17/2018 10:36:01 AM   :::   10:36:01.3668469

::::::::::: End Request called at 8/17/2018 10:36:01 AM   :::   10:36:01.3690436

::::::::::: PostResolveRequestCache Request called at 8/17/2018 10:36:01 AM   :::   10:36:01.3716797

::::::::::: AcquireRequestState Request called at 8/17/2018 10:36:01 AM   :::   10:36:01.3734369

::::::::::: PostAcquireRequestState Request called at 8/17/2018 10:36:01 AM   :::   10:36:01.3747543

::::::::::: PreRequestHandlerExecute Request called at 8/17/2018 10:36:01 AM   :::   10:36:01.3765118

::::::::::: PostRequestHandlerExecute Request called at 8/17/2018 10:36:01 AM   :::   10:36:01.4652499

::::::::::: ReleaseRequestState Request called at 8/17/2018 10:36:01 AM   :::   10:36:01.4665677

::::::::::: PostReleaseRequestState Request called at 8/17/2018 10:36:01 AM   :::   10:36:01.4678854

::::::::::: UpdateRequestCache Request called at 8/17/2018 10:36:01 AM   :::   10:36:01.4696436

::::::::::: EndRequest Request called at 8/17/2018 10:36:01 AM   :::   10:36:01.4718396

::::::::::: PreSendRequestContent Request called at 8/17/2018 10:36:01 AM   :::   10:36:01.4735964

::::::::::: PreSendRequestHeaders Request called at 8/17/2018 10:36:01 AM   :::   10:36:01.4757931

::::::::::: BeginRequest Request called at 8/17/2018 10:36:02 AM   :::   10:36:02.2472000

::::::::::: AuthenticateRequest Request called at 8/17/2018 10:36:02 AM   :::   10:36:02.2489568

::::::::::: PostAuthenticateRequest Request called at 8/17/2018 10:36:02 AM   :::   10:36:02.2502745

::::::::::: AuthorizeRequest Request called at 8/17/2018 10:36:02 AM   :::   10:36:02.2515926

::::::::::: PostAuthorizeRequest Request called at 8/17/2018 10:36:02 AM   :::   10:36:02.2533494

::::::::::: End Request called at 8/17/2018 10:36:02 AM   :::   10:36:02.2555461

::::::::::: PostResolveRequestCache Request called at 8/17/2018 10:36:02 AM   :::   10:36:02.2577424

::::::::::: AcquireRequestState Request called at 8/17/2018 10:36:02 AM   :::   10:36:02.2594996

::::::::::: PostAcquireRequestState Request called at 8/17/2018 10:36:02 AM   :::   10:36:02.2630140

::::::::::: PreRequestHandlerExecute Request called at 8/17/2018 10:36:02 AM   :::   10:36:02.2647712

::::::::::: PostRequestHandlerExecute Request called at 8/17/2018 10:36:02 AM   :::   10:36:02.2766331

::::::::::: ReleaseRequestState Request called at 8/17/2018 10:36:02 AM   :::   10:36:02.2827829

::::::::::: PostReleaseRequestState Request called at 8/17/2018 10:36:02 AM   :::   10:36:02.2845397

::::::::::: UpdateRequestCache Request called at 8/17/2018 10:36:02 AM   :::   10:36:02.2885033

::::::::::: EndRequest Request called at 8/17/2018 10:36:02 AM   :::   10:36:02.2915685

::::::::::: PreSendRequestContent Request called at 8/17/2018 10:36:02 AM   :::   10:36:02.2933257

::::::::::: PreSendRequestHeaders Request called at 8/17/2018 10:36:02 AM   :::   10:36:02.2946438

::::::::::: BeginRequest Request called at 8/17/2018 10:36:02 AM   :::   10:36:02.3464809

::::::::::: AuthenticateRequest Request called at 8/17/2018 10:36:02 AM   :::   10:36:02.3473588

::::::::::: PostAuthenticateRequest Request called at 8/17/2018 10:36:02 AM   :::   10:36:02.3486772

::::::::::: AuthorizeRequest Request called at 8/17/2018 10:36:02 AM   :::   10:36:02.3499949

::::::::::: PostAuthorizeRequest Request called at 8/17/2018 10:36:02 AM   :::   10:36:02.3508732

::::::::::: End Request called at 8/17/2018 10:36:02 AM   :::   10:36:02.3521912

::::::::::: PostResolveRequestCache Request called at 8/17/2018 10:36:02 AM   :::   10:36:02.3535093

::::::::::: AcquireRequestState Request called at 8/17/2018 10:36:02 AM   :::   10:36:02.3543875

::::::::::: PostAcquireRequestState Request called at 8/17/2018 10:36:02 AM   :::   10:36:02.3557056

::::::::::: PreRequestHandlerExecute Request called at 8/17/2018 10:36:02 AM   :::   10:36:02.3574631

::::::::::: PostRequestHandlerExecute Request called at 8/17/2018 10:36:16 AM   :::   10:36:16.7750062

::::::::::: ReleaseRequestState Request called at 8/17/2018 10:36:16 AM   :::   10:36:16.7837918

::::::::::: PostReleaseRequestState Request called at 8/17/2018 10:36:16 AM   :::   10:36:16.7912604

::::::::::: UpdateRequestCache Request called at 8/17/2018 10:36:16 AM   :::   10:36:16.7947741

::::::::::: EndRequest Request called at 8/17/2018 10:36:16 AM   :::   10:36:16.7965306

::::::::::: PreSendRequestContent Request called at 8/17/2018 10:36:16 AM   :::   10:36:16.8013641

::::::::::: PreSendRequestHeaders Request called at 8/17/2018 10:36:16 AM   :::   10:36:16.8031216

::::::::::: BeginRequest Request called at 8/17/2018 10:37:10 AM   :::   10:37:10.7023136

::::::::::: AuthenticateRequest Request called at 8/17/2018 10:37:10 AM   :::   10:37:10.7040715

::::::::::: PostAuthenticateRequest Request called at 8/17/2018 10:37:10 AM   :::   10:37:10.7053885

::::::::::: AuthorizeRequest Request called at 8/17/2018 10:37:10 AM   :::   10:37:10.7067066

::::::::::: PostAuthorizeRequest Request called at 8/17/2018 10:37:10 AM   :::   10:37:10.7080247

::::::::::: End Request called at 8/17/2018 10:37:10 AM   :::   10:37:10.7115391

::::::::::: PostResolveRequestCache Request called at 8/17/2018 10:37:10 AM   :::   10:37:10.7128568

::::::::::: AcquireRequestState Request called at 8/17/2018 10:37:10 AM   :::   10:37:10.7168106

::::::::::: PostAcquireRequestState Request called at 8/17/2018 10:37:10 AM   :::   10:37:10.7181294

::::::::::: PreRequestHandlerExecute Request called at 8/17/2018 10:37:10 AM   :::   10:37:10.7194464

::::::::::: PostRequestHandlerExecute Request called at 8/17/2018 10:37:10 AM   :::   10:37:10.7225217

::::::::::: ReleaseRequestState Request called at 8/17/2018 10:37:10 AM   :::   10:37:10.7260364

::::::::::: PostReleaseRequestState Request called at 8/17/2018 10:37:10 AM   :::   10:37:10.7317471

::::::::::: UpdateRequestCache Request called at 8/17/2018 10:37:10 AM   :::   10:37:10.7365788

::::::::::: EndRequest Request called at 8/17/2018 10:37:10 AM   :::   10:37:10.7462441

::::::::::: PreSendRequestContent Request called at 8/17/2018 10:37:10 AM   :::   10:37:10.7475618

::::::::::: PreSendRequestHeaders Request called at 8/17/2018 10:37:10 AM   :::   10:37:10.7488792

::::::::::: BeginRequest Request called at 8/17/2018 10:37:10 AM   :::   10:37:10.7932494

::::::::::: AuthenticateRequest Request called at 8/17/2018 10:37:10 AM   :::   10:37:10.7954451

::::::::::: PostAuthenticateRequest Request called at 8/17/2018 10:37:10 AM   :::   10:37:10.7985214

::::::::::: AuthorizeRequest Request called at 8/17/2018 10:37:10 AM   :::   10:37:10.8007166

::::::::::: PostAuthorizeRequest Request called at 8/17/2018 10:37:10 AM   :::   10:37:10.8046705

::::::::::: End Request called at 8/17/2018 10:37:10 AM   :::   10:37:10.8059886

::::::::::: PostResolveRequestCache Request called at 8/17/2018 10:37:10 AM   :::   10:37:10.8086243

::::::::::: AcquireRequestState Request called at 8/17/2018 10:37:10 AM   :::   10:37:10.8108207

::::::::::: PostAcquireRequestState Request called at 8/17/2018 10:37:10 AM   :::   10:37:10.8152129

::::::::::: PreRequestHandlerExecute Request called at 8/17/2018 10:37:10 AM   :::   10:37:10.8178491

::::::::::: PostRequestHandlerExecute Request called at 8/17/2018 10:37:24 AM   :::   10:37:24.5325358

::::::::::: ReleaseRequestState Request called at 8/17/2018 10:37:24 AM   :::   10:37:24.5338532

::::::::::: PostReleaseRequestState Request called at 8/17/2018 10:37:24 AM   :::   10:37:24.5351716

::::::::::: UpdateRequestCache Request called at 8/17/2018 10:37:24 AM   :::   10:37:24.5364893

::::::::::: EndRequest Request called at 8/17/2018 10:37:24 AM   :::   10:37:24.5378067

::::::::::: PreSendRequestContent Request called at 8/17/2018 10:37:24 AM   :::   10:37:24.5391247

::::::::::: PreSendRequestHeaders Request called at 8/17/2018 10:37:24 AM   :::   10:37:24.5400037

::::::::::: BeginRequest Request called at 8/17/2018 10:39:45 AM   :::   10:39:45.5204700

::::::::::: AuthenticateRequest Request called at 8/17/2018 10:39:45 AM   :::   10:39:45.5242648

::::::::::: PostAuthenticateRequest Request called at 8/17/2018 10:39:45 AM   :::   10:39:45.5266367

::::::::::: AuthorizeRequest Request called at 8/17/2018 10:39:45 AM   :::   10:39:45.5299580

::::::::::: PostAuthorizeRequest Request called at 8/17/2018 10:39:45 AM   :::   10:39:45.5318547

::::::::::: End Request called at 8/17/2018 10:39:45 AM   :::   10:39:45.5342254

::::::::::: PostResolveRequestCache Request called at 8/17/2018 10:39:45 AM   :::   10:39:45.5356490

::::::::::: AcquireRequestState Request called at 8/17/2018 10:39:45 AM   :::   10:39:45.5365977

::::::::::: PostAcquireRequestState Request called at 8/17/2018 10:39:45 AM   :::   10:39:45.5384985

::::::::::: PreRequestHandlerExecute Request called at 8/17/2018 10:39:45 AM   :::   10:39:45.5408666

::::::::::: PostRequestHandlerExecute Request called at 8/17/2018 10:39:58 AM   :::   10:39:58.1651201

::::::::::: ReleaseRequestState Request called at 8/17/2018 10:39:58 AM   :::   10:39:58.1660687

::::::::::: PostReleaseRequestState Request called at 8/17/2018 10:39:58 AM   :::   10:39:58.1674916

::::::::::: UpdateRequestCache Request called at 8/17/2018 10:39:58 AM   :::   10:39:58.1684403

::::::::::: EndRequest Request called at 8/17/2018 10:39:58 AM   :::   10:39:58.1698635

::::::::::: PreSendRequestContent Request called at 8/17/2018 10:39:58 AM   :::   10:39:58.1713036

::::::::::: PreSendRequestHeaders Request called at 8/17/2018 10:39:58 AM   :::   10:39:58.1727096

::::::::::: BeginRequest Request called at 8/17/2018 10:39:58 AM   :::   10:39:58.1864657

::::::::::: AuthenticateRequest Request called at 8/17/2018 10:39:58 AM   :::   10:39:58.1883623

::::::::::: PostAuthenticateRequest Request called at 8/17/2018 10:39:58 AM   :::   10:39:58.1902604

::::::::::: AuthorizeRequest Request called at 8/17/2018 10:39:58 AM   :::   10:39:58.1916833

::::::::::: PostAuthorizeRequest Request called at 8/17/2018 10:39:58 AM   :::   10:39:58.1926316

::::::::::: End Request called at 8/17/2018 10:39:58 AM   :::   10:39:58.1935807

::::::::::: PostResolveRequestCache Request called at 8/17/2018 10:39:58 AM   :::   10:39:58.1954780

::::::::::: AcquireRequestState Request called at 8/17/2018 10:39:58 AM   :::   10:39:58.2002211

::::::::::: PostAcquireRequestState Request called at 8/17/2018 10:39:58 AM   :::   10:39:58.2025930

::::::::::: PreRequestHandlerExecute Request called at 8/17/2018 10:39:58 AM   :::   10:39:58.2040177

::::::::::: PreSendRequestContent Request called at 8/17/2018 10:40:04 AM   :::   10:40:04.5172685

::::::::::: PreSendRequestHeaders Request called at 8/17/2018 10:40:04 AM   :::   10:40:04.5196400

::::::::::: PostRequestHandlerExecute Request called at 8/17/2018 10:40:04 AM   :::   10:40:04.5234347

::::::::::: ReleaseRequestState Request called at 8/17/2018 10:40:04 AM   :::   10:40:04.5277040

::::::::::: PostReleaseRequestState Request called at 8/17/2018 10:40:04 AM   :::   10:40:04.5329208

::::::::::: UpdateRequestCache Request called at 8/17/2018 10:40:04 AM   :::   10:40:04.5343444

::::::::::: EndRequest Request called at 8/17/2018 10:40:04 AM   :::   10:40:04.5362418

::::::::::: PreSendRequestContent Request called at 8/17/2018 10:40:04 AM   :::   10:40:04.5376647

::::::::::: BeginRequest Request called at 8/17/2018 10:40:15 AM   :::   10:40:15.3573610

::::::::::: AuthenticateRequest Request called at 8/17/2018 10:40:15 AM   :::   10:40:15.3587843

::::::::::: PostAuthenticateRequest Request called at 8/17/2018 10:40:15 AM   :::   10:40:15.3602075

::::::::::: AuthorizeRequest Request called at 8/17/2018 10:40:15 AM   :::   10:40:15.3611558

::::::::::: PostAuthorizeRequest Request called at 8/17/2018 10:40:15 AM   :::   10:40:15.3625790

::::::::::: End Request called at 8/17/2018 10:40:15 AM   :::   10:40:15.3644775

::::::::::: PostResolveRequestCache Request called at 8/17/2018 10:40:15 AM   :::   10:40:15.3658996

::::::::::: AcquireRequestState Request called at 8/17/2018 10:40:15 AM   :::   10:40:15.3687460

::::::::::: PostAcquireRequestState Request called at 8/17/2018 10:40:15 AM   :::   10:40:15.3696955

::::::::::: PreRequestHandlerExecute Request called at 8/17/2018 10:40:15 AM   :::   10:40:15.3711172

::::::::::: PostRequestHandlerExecute Request called at 8/17/2018 10:40:30 AM   :::   10:40:30.5830385

::::::::::: ReleaseRequestState Request called at 8/17/2018 10:40:30 AM   :::   10:40:30.5844632

::::::::::: PostReleaseRequestState Request called at 8/17/2018 10:40:30 AM   :::   10:40:30.5863740

::::::::::: UpdateRequestCache Request called at 8/17/2018 10:40:30 AM   :::   10:40:30.5882560

::::::::::: EndRequest Request called at 8/17/2018 10:40:30 AM   :::   10:40:30.5901534

::::::::::: PreSendRequestContent Request called at 8/17/2018 10:40:30 AM   :::   10:40:30.5920504

::::::::::: PreSendRequestHeaders Request called at 8/17/2018 10:40:30 AM   :::   10:40:30.5939478

::::::::::: BeginRequest Request called at 8/17/2018 10:40:30 AM   :::   10:40:30.6048579

::::::::::: AuthenticateRequest Request called at 8/17/2018 10:40:30 AM   :::   10:40:30.6058062

::::::::::: PostAuthenticateRequest Request called at 8/17/2018 10:40:30 AM   :::   10:40:30.6077039

::::::::::: AuthorizeRequest Request called at 8/17/2018 10:40:30 AM   :::   10:40:30.6086541

::::::::::: PostAuthorizeRequest Request called at 8/17/2018 10:40:30 AM   :::   10:40:30.6100755

::::::::::: End Request called at 8/17/2018 10:40:30 AM   :::   10:40:30.6119725

::::::::::: PostResolveRequestCache Request called at 8/17/2018 10:40:30 AM   :::   10:40:30.6138702

::::::::::: AcquireRequestState Request called at 8/17/2018 10:40:30 AM   :::   10:40:30.6152931

::::::::::: PostAcquireRequestState Request called at 8/17/2018 10:40:30 AM   :::   10:40:30.6162417

::::::::::: PreRequestHandlerExecute Request called at 8/17/2018 10:40:30 AM   :::   10:40:30.6176650

::::::::::: PreSendRequestContent Request called at 8/17/2018 10:41:01 AM   :::   10:41:01.3108473

::::::::::: PreSendRequestHeaders Request called at 8/17/2018 10:41:01 AM   :::   10:41:01.3122702

::::::::::: PostRequestHandlerExecute Request called at 8/17/2018 10:41:01 AM   :::   10:41:01.3146424

::::::::::: ReleaseRequestState Request called at 8/17/2018 10:41:01 AM   :::   10:41:01.3174885

::::::::::: PostReleaseRequestState Request called at 8/17/2018 10:41:01 AM   :::   10:41:01.3189117

::::::::::: UpdateRequestCache Request called at 8/17/2018 10:41:01 AM   :::   10:41:01.3198600

::::::::::: EndRequest Request called at 8/17/2018 10:41:01 AM   :::   10:41:01.3217574

::::::::::: PreSendRequestContent Request called at 8/17/2018 10:41:01 AM   :::   10:41:01.3241289

::::::::::: BeginRequest Request called at 8/17/2018 10:41:38 AM   :::   10:41:38.9958691

::::::::::: AuthenticateRequest Request called at 8/17/2018 10:41:38 AM   :::   10:41:38.9991890

::::::::::: PostAuthenticateRequest Request called at 8/17/2018 10:41:39 AM   :::   10:41:39.0025095

::::::::::: AuthorizeRequest Request called at 8/17/2018 10:41:39 AM   :::   10:41:39.0063047

::::::::::: PostAuthorizeRequest Request called at 8/17/2018 10:41:39 AM   :::   10:41:39.0100990

::::::::::: End Request called at 8/17/2018 10:41:39 AM   :::   10:41:39.0139028

::::::::::: PostResolveRequestCache Request called at 8/17/2018 10:41:39 AM   :::   10:41:39.0181634

::::::::::: AcquireRequestState Request called at 8/17/2018 10:41:39 AM   :::   10:41:39.0219578

::::::::::: PostAcquireRequestState Request called at 8/17/2018 10:41:39 AM   :::   10:41:39.0243293

::::::::::: PreRequestHandlerExecute Request called at 8/17/2018 10:41:39 AM   :::   10:41:39.0267001

::::::::::: PostRequestHandlerExecute Request called at 8/17/2018 10:41:51 AM   :::   10:41:51.4170007

::::::::::: ReleaseRequestState Request called at 8/17/2018 10:41:51 AM   :::   10:41:51.4179501

::::::::::: PostReleaseRequestState Request called at 8/17/2018 10:41:51 AM   :::   10:41:51.4188977

::::::::::: UpdateRequestCache Request called at 8/17/2018 10:41:51 AM   :::   10:41:51.4203265

::::::::::: EndRequest Request called at 8/17/2018 10:41:51 AM   :::   10:41:51.4212696

::::::::::: PreSendRequestContent Request called at 8/17/2018 10:41:51 AM   :::   10:41:51.4226973

::::::::::: PreSendRequestHeaders Request called at 8/17/2018 10:41:51 AM   :::   10:41:51.4236591

::::::::::: BeginRequest Request called at 8/17/2018 10:41:51 AM   :::   10:41:51.4312314

::::::::::: AuthenticateRequest Request called at 8/17/2018 10:41:51 AM   :::   10:41:51.4331287

::::::::::: PostAuthenticateRequest Request called at 8/17/2018 10:41:51 AM   :::   10:41:51.4355006

::::::::::: AuthorizeRequest Request called at 8/17/2018 10:41:51 AM   :::   10:41:51.4373988

::::::::::: PostAuthorizeRequest Request called at 8/17/2018 10:41:51 AM   :::   10:41:51.4392950

::::::::::: End Request called at 8/17/2018 10:41:51 AM   :::   10:41:51.4407179

::::::::::: PostResolveRequestCache Request called at 8/17/2018 10:41:51 AM   :::   10:41:51.4426175

::::::::::: AcquireRequestState Request called at 8/17/2018 10:41:51 AM   :::   10:41:51.4435643

::::::::::: PostAcquireRequestState Request called at 8/17/2018 10:41:51 AM   :::   10:41:51.4449875

::::::::::: PreRequestHandlerExecute Request called at 8/17/2018 10:41:51 AM   :::   10:41:51.4487823

::::::::::: PreSendRequestContent Request called at 8/17/2018 10:42:07 AM   :::   10:42:07.3070997

::::::::::: PreSendRequestHeaders Request called at 8/17/2018 10:42:07 AM   :::   10:42:07.3388794

::::::::::: PostRequestHandlerExecute Request called at 8/17/2018 10:42:07 AM   :::   10:42:07.3512124

::::::::::: ReleaseRequestState Request called at 8/17/2018 10:42:07 AM   :::   10:42:07.3531101

::::::::::: PostReleaseRequestState Request called at 8/17/2018 10:42:07 AM   :::   10:42:07.3573786

::::::::::: UpdateRequestCache Request called at 8/17/2018 10:42:12 AM   :::   10:42:12.5406814

::::::::::: EndRequest Request called at 8/17/2018 10:42:12 AM   :::   10:42:12.5440012

::::::::::: PreSendRequestContent Request called at 8/17/2018 10:42:12 AM   :::   10:42:12.5458990

::::::::::: BeginRequest Request called at 8/17/2018 10:42:53 AM   :::   10:42:53.8562928

::::::::::: AuthenticateRequest Request called at 8/17/2018 10:42:53 AM   :::   10:42:53.8586643

::::::::::: PostAuthenticateRequest Request called at 8/17/2018 10:42:53 AM   :::   10:42:53.8600872

::::::::::: AuthorizeRequest Request called at 8/17/2018 10:42:53 AM   :::   10:42:53.8610358

::::::::::: PostAuthorizeRequest Request called at 8/17/2018 10:42:53 AM   :::   10:42:53.8624591

::::::::::: End Request called at 8/17/2018 10:42:53 AM   :::   10:42:53.8638823

::::::::::: PostResolveRequestCache Request called at 8/17/2018 10:42:53 AM   :::   10:42:53.8676770

::::::::::: AcquireRequestState Request called at 8/17/2018 10:42:53 AM   :::   10:42:53.8690999

::::::::::: PostAcquireRequestState Request called at 8/17/2018 10:42:53 AM   :::   10:42:53.8700508

::::::::::: PreRequestHandlerExecute Request called at 8/17/2018 10:42:53 AM   :::   10:42:53.8714718

::::::::::: PostRequestHandlerExecute Request called at 8/17/2018 10:43:08 AM   :::   10:43:08.9580070

::::::::::: ReleaseRequestState Request called at 8/17/2018 10:43:08 AM   :::   10:43:08.9599073

::::::::::: PostReleaseRequestState Request called at 8/17/2018 10:43:08 AM   :::   10:43:08.9618013

::::::::::: UpdateRequestCache Request called at 8/17/2018 10:43:08 AM   :::   10:43:08.9636991

::::::::::: EndRequest Request called at 8/17/2018 10:43:08 AM   :::   10:43:08.9655961

::::::::::: PreSendRequestContent Request called at 8/17/2018 10:43:08 AM   :::   10:43:08.9674935

::::::::::: PreSendRequestHeaders Request called at 8/17/2018 10:43:08 AM   :::   10:43:08.9693908

::::::::::: BeginRequest Request called at 8/17/2018 10:43:21 AM   :::   10:43:21.5771162

::::::::::: AuthenticateRequest Request called at 8/17/2018 10:43:21 AM   :::   10:43:21.5785390

::::::::::: PostAuthenticateRequest Request called at 8/17/2018 10:43:21 AM   :::   10:43:21.5804368

::::::::::: AuthorizeRequest Request called at 8/17/2018 10:43:21 AM   :::   10:43:21.5856540

::::::::::: PostAuthorizeRequest Request called at 8/17/2018 10:43:21 AM   :::   10:43:21.5870776

::::::::::: End Request called at 8/17/2018 10:43:21 AM   :::   10:43:21.5889749

::::::::::: PostResolveRequestCache Request called at 8/17/2018 10:43:21 AM   :::   10:43:21.5918206

::::::::::: AcquireRequestState Request called at 8/17/2018 10:43:21 AM   :::   10:43:21.5941922

::::::::::: PostAcquireRequestState Request called at 8/17/2018 10:43:21 AM   :::   10:43:21.5960895

::::::::::: PreRequestHandlerExecute Request called at 8/17/2018 10:43:21 AM   :::   10:43:21.5970401

::::::::::: PostRequestHandlerExecute Request called at 8/17/2018 10:43:36 AM   :::   10:43:36.6712409

::::::::::: ReleaseRequestState Request called at 8/17/2018 10:43:36 AM   :::   10:43:36.6726637

::::::::::: PostReleaseRequestState Request called at 8/17/2018 10:43:36 AM   :::   10:43:36.6741034

::::::::::: UpdateRequestCache Request called at 8/17/2018 10:43:36 AM   :::   10:43:36.6755101

::::::::::: EndRequest Request called at 8/17/2018 10:43:36 AM   :::   10:43:36.6764581

::::::::::: PreSendRequestContent Request called at 8/17/2018 10:43:36 AM   :::   10:43:36.6778809

::::::::::: PreSendRequestHeaders Request called at 8/17/2018 10:43:36 AM   :::   10:43:36.6783555

::::::::::: BeginRequest Request called at 8/17/2018 10:44:08 AM   :::   10:44:08.8563285

::::::::::: AuthenticateRequest Request called at 8/17/2018 10:44:08 AM   :::   10:44:08.8597499

::::::::::: PostAuthenticateRequest Request called at 8/17/2018 10:44:08 AM   :::   10:44:08.8607272

::::::::::: AuthorizeRequest Request called at 8/17/2018 10:44:08 AM   :::   10:44:08.8617072

::::::::::: PostAuthorizeRequest Request called at 8/17/2018 10:44:08 AM   :::   10:44:08.8631736

::::::::::: End Request called at 8/17/2018 10:44:08 AM   :::   10:44:08.8646384

::::::::::: PostResolveRequestCache Request called at 8/17/2018 10:44:08 AM   :::   10:44:08.8661052

::::::::::: AcquireRequestState Request called at 8/17/2018 10:44:08 AM   :::   10:44:08.8675712

::::::::::: PostAcquireRequestState Request called at 8/17/2018 10:44:08 AM   :::   10:44:08.8690395

::::::::::: PreRequestHandlerExecute Request called at 8/17/2018 10:44:08 AM   :::   10:44:08.8700183

::::::::::: BeginRequest Request called at 8/17/2018 10:45:49 AM   :::   10:45:49.2043088

::::::::::: AuthenticateRequest Request called at 8/17/2018 10:45:49 AM   :::   10:45:49.2106648

::::::::::: PostAuthenticateRequest Request called at 8/17/2018 10:45:49 AM   :::   10:45:49.2170186

::::::::::: AuthorizeRequest Request called at 8/17/2018 10:45:49 AM   :::   10:45:49.2223954

::::::::::: PostAuthorizeRequest Request called at 8/17/2018 10:45:49 AM   :::   10:45:49.2243512

::::::::::: End Request called at 8/17/2018 10:45:49 AM   :::   10:45:49.2282624

::::::::::: PostResolveRequestCache Request called at 8/17/2018 10:45:49 AM   :::   10:45:49.2654152

::::::::::: AcquireRequestState Request called at 8/17/2018 10:45:49 AM   :::   10:45:49.2722591

::::::::::: PostAcquireRequestState Request called at 8/17/2018 10:45:49 AM   :::   10:45:49.2761723

::::::::::: PreRequestHandlerExecute Request called at 8/17/2018 10:45:49 AM   :::   10:45:49.2786136

::::::::::: PostRequestHandlerExecute Request called at 8/17/2018 10:45:50 AM   :::   10:45:50.5716295

::::::::::: ReleaseRequestState Request called at 8/17/2018 10:45:50 AM   :::   10:45:50.5745626

::::::::::: PostReleaseRequestState Request called at 8/17/2018 10:45:50 AM   :::   10:45:50.5862955

::::::::::: UpdateRequestCache Request called at 8/17/2018 10:45:50 AM   :::   10:45:50.6571797

::::::::::: EndRequest Request called at 8/17/2018 10:45:50 AM   :::   10:45:50.6645115

::::::::::: PreSendRequestContent Request called at 8/17/2018 10:45:50 AM   :::   10:45:50.6674447

::::::::::: PreSendRequestHeaders Request called at 8/17/2018 10:45:50 AM   :::   10:45:50.6689114

::::::::::: BeginRequest Request called at 8/17/2018 10:45:51 AM   :::   10:45:51.5385811

::::::::::: AuthenticateRequest Request called at 8/17/2018 10:45:51 AM   :::   10:45:51.5405358

::::::::::: PostAuthenticateRequest Request called at 8/17/2018 10:45:51 AM   :::   10:45:51.5459130

::::::::::: AuthorizeRequest Request called at 8/17/2018 10:45:51 AM   :::   10:45:51.5473797

::::::::::: PostAuthorizeRequest Request called at 8/17/2018 10:45:51 AM   :::   10:45:51.5488465

::::::::::: End Request called at 8/17/2018 10:45:51 AM   :::   10:45:51.5503128

::::::::::: PostResolveRequestCache Request called at 8/17/2018 10:45:51 AM   :::   10:45:51.5547127

::::::::::: AcquireRequestState Request called at 8/17/2018 10:45:51 AM   :::   10:45:51.5566681

::::::::::: PostAcquireRequestState Request called at 8/17/2018 10:45:51 AM   :::   10:45:51.5581345

::::::::::: PreRequestHandlerExecute Request called at 8/17/2018 10:45:51 AM   :::   10:45:51.5625340

::::::::::: PostRequestHandlerExecute Request called at 8/17/2018 10:45:51 AM   :::   10:45:51.6563941

::::::::::: ReleaseRequestState Request called at 8/17/2018 10:45:51 AM   :::   10:45:51.6578608

::::::::::: PostReleaseRequestState Request called at 8/17/2018 10:45:51 AM   :::   10:45:51.6603057

::::::::::: UpdateRequestCache Request called at 8/17/2018 10:45:51 AM   :::   10:45:51.6622619

::::::::::: EndRequest Request called at 8/17/2018 10:45:51 AM   :::   10:45:51.6637278

::::::::::: PreSendRequestContent Request called at 8/17/2018 10:45:51 AM   :::   10:45:51.6661715

::::::::::: PreSendRequestHeaders Request called at 8/17/2018 10:45:51 AM   :::   10:45:51.6691039

::::::::::: BeginRequest Request called at 8/17/2018 10:45:52 AM   :::   10:45:52.3701192

::::::::::: AuthenticateRequest Request called at 8/17/2018 10:45:52 AM   :::   10:45:52.3720746

::::::::::: PostAuthenticateRequest Request called at 8/17/2018 10:45:52 AM   :::   10:45:52.3735410

::::::::::: AuthorizeRequest Request called at 8/17/2018 10:45:52 AM   :::   10:45:52.3750073

::::::::::: PostAuthorizeRequest Request called at 8/17/2018 10:45:52 AM   :::   10:45:52.3764741

::::::::::: End Request called at 8/17/2018 10:45:52 AM   :::   10:45:52.3779404

::::::::::: PostResolveRequestCache Request called at 8/17/2018 10:45:52 AM   :::   10:45:52.3808743

::::::::::: AcquireRequestState Request called at 8/17/2018 10:45:52 AM   :::   10:45:52.3828290

::::::::::: PostAcquireRequestState Request called at 8/17/2018 10:45:52 AM   :::   10:45:52.3847844

::::::::::: PreRequestHandlerExecute Request called at 8/17/2018 10:45:52 AM   :::   10:45:52.3862511

::::::::::: PostRequestHandlerExecute Request called at 8/17/2018 10:45:52 AM   :::   10:45:52.3979832

::::::::::: ReleaseRequestState Request called at 8/17/2018 10:45:52 AM   :::   10:45:52.3999390

::::::::::: PostReleaseRequestState Request called at 8/17/2018 10:45:52 AM   :::   10:45:52.4014054

::::::::::: UpdateRequestCache Request called at 8/17/2018 10:45:52 AM   :::   10:45:52.4028717

::::::::::: EndRequest Request called at 8/17/2018 10:45:52 AM   :::   10:45:52.4038502

::::::::::: PreSendRequestContent Request called at 8/17/2018 10:45:52 AM   :::   10:45:52.4053166

::::::::::: PreSendRequestHeaders Request called at 8/17/2018 10:45:52 AM   :::   10:45:52.4067833

::::::::::: BeginRequest Request called at 8/17/2018 10:45:52 AM   :::   10:45:52.4385590

::::::::::: AuthenticateRequest Request called at 8/17/2018 10:45:52 AM   :::   10:45:52.4414913

::::::::::: PostAuthenticateRequest Request called at 8/17/2018 10:45:52 AM   :::   10:45:52.4434467

::::::::::: AuthorizeRequest Request called at 8/17/2018 10:45:52 AM   :::   10:45:52.4449135

::::::::::: PostAuthorizeRequest Request called at 8/17/2018 10:45:52 AM   :::   10:45:52.4463806

::::::::::: End Request called at 8/17/2018 10:45:52 AM   :::   10:45:52.4483356

::::::::::: PostResolveRequestCache Request called at 8/17/2018 10:45:52 AM   :::   10:45:52.4498016

::::::::::: AcquireRequestState Request called at 8/17/2018 10:45:52 AM   :::   10:45:52.4517574

::::::::::: PostAcquireRequestState Request called at 8/17/2018 10:45:52 AM   :::   10:45:52.4532238

::::::::::: PreRequestHandlerExecute Request called at 8/17/2018 10:45:52 AM   :::   10:45:52.4546901

::::::::::: BeginRequest Request called at 8/17/2018 10:50:58 AM   :::   10:50:58.1767444

::::::::::: AuthenticateRequest Request called at 8/17/2018 10:50:58 AM   :::   10:50:58.1816930

::::::::::: PostAuthenticateRequest Request called at 8/17/2018 10:50:58 AM   :::   10:50:58.1945594

::::::::::: AuthorizeRequest Request called at 8/17/2018 10:50:58 AM   :::   10:50:58.2113846

::::::::::: PostAuthorizeRequest Request called at 8/17/2018 10:50:58 AM   :::   10:50:58.2292000

::::::::::: End Request called at 8/17/2018 10:50:58 AM   :::   10:50:58.2311802

::::::::::: PostResolveRequestCache Request called at 8/17/2018 10:50:58 AM   :::   10:50:58.2430557

::::::::::: AcquireRequestState Request called at 8/17/2018 10:50:58 AM   :::   10:50:58.2509738

::::::::::: PostAcquireRequestState Request called at 8/17/2018 10:50:58 AM   :::   10:50:58.2524582

::::::::::: PreRequestHandlerExecute Request called at 8/17/2018 10:50:58 AM   :::   10:50:58.2559220

::::::::::: PostRequestHandlerExecute Request called at 8/17/2018 10:50:59 AM   :::   10:50:59.1570628

::::::::::: ReleaseRequestState Request called at 8/17/2018 10:50:59 AM   :::   10:50:59.1634966

::::::::::: PostReleaseRequestState Request called at 8/17/2018 10:50:59 AM   :::   10:50:59.1674551

::::::::::: UpdateRequestCache Request called at 8/17/2018 10:50:59 AM   :::   10:50:59.2535600

::::::::::: EndRequest Request called at 8/17/2018 10:50:59 AM   :::   10:50:59.2609839

::::::::::: PreSendRequestContent Request called at 8/17/2018 10:50:59 AM   :::   10:50:59.2654374

::::::::::: PreSendRequestHeaders Request called at 8/17/2018 10:50:59 AM   :::   10:50:59.2669218

::::::::::: BeginRequest Request called at 8/17/2018 10:51:07 AM   :::   10:51:07.3626998

::::::::::: AuthenticateRequest Request called at 8/17/2018 10:51:07 AM   :::   10:51:07.3666579

::::::::::: PostAuthenticateRequest Request called at 8/17/2018 10:51:07 AM   :::   10:51:07.3696275

::::::::::: AuthorizeRequest Request called at 8/17/2018 10:51:07 AM   :::   10:51:07.3725962

::::::::::: PostAuthorizeRequest Request called at 8/17/2018 10:51:07 AM   :::   10:51:07.3745757

::::::::::: End Request called at 8/17/2018 10:51:07 AM   :::   10:51:07.3765551

::::::::::: PostResolveRequestCache Request called at 8/17/2018 10:51:07 AM   :::   10:51:07.3795243

::::::::::: AcquireRequestState Request called at 8/17/2018 10:51:07 AM   :::   10:51:07.3815045

::::::::::: PostAcquireRequestState Request called at 8/17/2018 10:51:07 AM   :::   10:51:07.3844729

::::::::::: PreRequestHandlerExecute Request called at 8/17/2018 10:51:07 AM   :::   10:51:07.3854626

::::::::::: BeginRequest Request called at 8/17/2018 10:51:16 AM   :::   10:51:16.7545011

::::::::::: AuthenticateRequest Request called at 8/17/2018 10:51:16 AM   :::   10:51:16.9673027

::::::::::: PostAuthenticateRequest Request called at 8/17/2018 10:51:16 AM   :::   10:51:16.9831379

::::::::::: AuthorizeRequest Request called at 8/17/2018 10:51:16 AM   :::   10:51:16.9851161

::::::::::: PostAuthorizeRequest Request called at 8/17/2018 10:51:16 AM   :::   10:51:16.9870956

::::::::::: End Request called at 8/17/2018 10:51:16 AM   :::   10:51:16.9950141

::::::::::: PostResolveRequestCache Request called at 8/17/2018 10:51:17 AM   :::   10:51:17.0009521

::::::::::: AcquireRequestState Request called at 8/17/2018 10:51:17 AM   :::   10:51:17.0118394

::::::::::: PostAcquireRequestState Request called at 8/17/2018 10:51:17 AM   :::   10:51:17.0157983

::::::::::: PreRequestHandlerExecute Request called at 8/17/2018 10:51:17 AM   :::   10:51:17.0187670

::::::::::: BeginRequest Request called at 8/17/2018 10:54:28 AM   :::   10:54:28.8950428

::::::::::: AuthenticateRequest Request called at 8/17/2018 10:54:28 AM   :::   10:54:28.9010113

::::::::::: PostAuthenticateRequest Request called at 8/17/2018 10:54:28 AM   :::   10:54:28.9039954

::::::::::: AuthorizeRequest Request called at 8/17/2018 10:54:28 AM   :::   10:54:28.9059840

::::::::::: PostAuthorizeRequest Request called at 8/17/2018 10:54:28 AM   :::   10:54:28.9079926

::::::::::: End Request called at 8/17/2018 10:54:28 AM   :::   10:54:28.9089685

::::::::::: BeginRequest Request called at 8/17/2018 10:54:28 AM   :::   10:54:28.9164312

::::::::::: AuthenticateRequest Request called at 8/17/2018 10:54:28 AM   :::   10:54:28.9184206

::::::::::: PostAuthenticateRequest Request called at 8/17/2018 10:54:28 AM   :::   10:54:28.9194153

::::::::::: AuthorizeRequest Request called at 8/17/2018 10:54:28 AM   :::   10:54:28.9209067

::::::::::: PostAuthorizeRequest Request called at 8/17/2018 10:54:28 AM   :::   10:54:28.9223989

::::::::::: End Request called at 8/17/2018 10:54:28 AM   :::   10:54:28.9238908

::::::::::: PostResolveRequestCache Request called at 8/17/2018 10:54:28 AM   :::   10:54:28.9273728

::::::::::: AcquireRequestState Request called at 8/17/2018 10:54:28 AM   :::   10:54:28.9358314

::::::::::: PostAcquireRequestState Request called at 8/17/2018 10:54:28 AM   :::   10:54:28.9378200

::::::::::: PreRequestHandlerExecute Request called at 8/17/2018 10:54:28 AM   :::   10:54:28.9398094

::::::::::: PostResolveRequestCache Request called at 8/17/2018 10:54:29 AM   :::   10:54:29.0402198

::::::::::: AcquireRequestState Request called at 8/17/2018 10:54:29 AM   :::   10:54:29.0611079

::::::::::: PostAcquireRequestState Request called at 8/17/2018 10:54:29 AM   :::   10:54:29.0621041

::::::::::: PreRequestHandlerExecute Request called at 8/17/2018 10:54:29 AM   :::   10:54:29.0630980

::::::::::: PostRequestHandlerExecute Request called at 8/17/2018 10:54:58 AM   :::   10:54:58.0819152

::::::::::: ReleaseRequestState Request called at 8/17/2018 10:54:58 AM   :::   10:54:58.0839069

::::::::::: PostReleaseRequestState Request called at 8/17/2018 10:54:58 AM   :::   10:54:58.0858951

::::::::::: UpdateRequestCache Request called at 8/17/2018 10:54:58 AM   :::   10:54:58.1386141

::::::::::: EndRequest Request called at 8/17/2018 10:54:58 AM   :::   10:54:58.1406215

::::::::::: PreSendRequestContent Request called at 8/17/2018 10:54:58 AM   :::   10:54:58.1465897

::::::::::: PreSendRequestHeaders Request called at 8/17/2018 10:54:58 AM   :::   10:54:58.1485614

::::::::::: PreSendRequestContent Request called at 8/17/2018 10:55:09 AM   :::   10:55:09.5284579

::::::::::: PreSendRequestHeaders Request called at 8/17/2018 10:55:09 AM   :::   10:55:09.5299501

::::::::::: PostRequestHandlerExecute Request called at 8/17/2018 10:55:09 AM   :::   10:55:09.5398970

::::::::::: ReleaseRequestState Request called at 8/17/2018 10:55:09 AM   :::   10:55:09.5408949

::::::::::: PostReleaseRequestState Request called at 8/17/2018 10:55:09 AM   :::   10:55:09.5418899

::::::::::: UpdateRequestCache Request called at 8/17/2018 10:55:09 AM   :::   10:55:09.5428846

::::::::::: EndRequest Request called at 8/17/2018 10:55:09 AM   :::   10:55:09.5438793

::::::::::: PreSendRequestContent Request called at 8/17/2018 10:55:09 AM   :::   10:55:09.5448740

::::::::::: BeginRequest Request called at 8/17/2018 10:55:18 AM   :::   10:55:18.4929107

::::::::::: AuthenticateRequest Request called at 8/17/2018 10:55:18 AM   :::   10:55:18.4963704

::::::::::: PostAuthenticateRequest Request called at 8/17/2018 10:55:18 AM   :::   10:55:18.5014129

::::::::::: AuthorizeRequest Request called at 8/17/2018 10:55:18 AM   :::   10:55:18.5053917

::::::::::: PostAuthorizeRequest Request called at 8/17/2018 10:55:18 AM   :::   10:55:18.5103651

::::::::::: End Request called at 8/17/2018 10:55:18 AM   :::   10:55:18.5143419

::::::::::: PostResolveRequestCache Request called at 8/17/2018 10:55:18 AM   :::   10:55:18.5173272

::::::::::: AcquireRequestState Request called at 8/17/2018 10:55:18 AM   :::   10:55:18.5203112

::::::::::: PostAcquireRequestState Request called at 8/17/2018 10:55:18 AM   :::   10:55:18.5223183

::::::::::: PreRequestHandlerExecute Request called at 8/17/2018 10:55:18 AM   :::   10:55:18.5252839

::::::::::: PreSendRequestContent Request called at 8/17/2018 10:55:23 AM   :::   10:55:23.7707300

::::::::::: PreSendRequestHeaders Request called at 8/17/2018 10:55:23 AM   :::   10:55:23.7717247

::::::::::: PostRequestHandlerExecute Request called at 8/17/2018 10:55:23 AM   :::   10:55:23.7737141

::::::::::: ReleaseRequestState Request called at 8/17/2018 10:55:23 AM   :::   10:55:23.7757035

::::::::::: PostReleaseRequestState Request called at 8/17/2018 10:55:23 AM   :::   10:55:23.7776932

::::::::::: UpdateRequestCache Request called at 8/17/2018 10:55:23 AM   :::   10:55:23.7786883

::::::::::: EndRequest Request called at 8/17/2018 10:55:23 AM   :::   10:55:23.7806777

::::::::::: PreSendRequestContent Request called at 8/17/2018 10:55:23 AM   :::   10:55:23.7826663

::::::::::: BeginRequest Request called at 8/17/2018 3:12:55 PM   :::   15:12:55.0815858

::::::::::: AuthenticateRequest Request called at 8/17/2018 3:12:55 PM   :::   15:12:55.0900919

::::::::::: PostAuthenticateRequest Request called at 8/17/2018 3:12:55 PM   :::   15:12:55.0945942

::::::::::: AuthorizeRequest Request called at 8/17/2018 3:12:55 PM   :::   15:12:55.0970960

::::::::::: PostAuthorizeRequest Request called at 8/17/2018 3:12:55 PM   :::   15:12:55.0995974

::::::::::: End Request called at 8/17/2018 3:12:55 PM   :::   15:12:55.1021001

::::::::::: PostResolveRequestCache Request called at 8/17/2018 3:12:55 PM   :::   15:12:55.1396233

::::::::::: AcquireRequestState Request called at 8/17/2018 3:12:55 PM   :::   15:12:55.1501307

::::::::::: PostAcquireRequestState Request called at 8/17/2018 3:12:55 PM   :::   15:12:55.1531326

::::::::::: PreRequestHandlerExecute Request called at 8/17/2018 3:12:55 PM   :::   15:12:55.1546330

::::::::::: PostRequestHandlerExecute Request called at 8/17/2018 3:12:56 PM   :::   15:12:56.1403551

::::::::::: ReleaseRequestState Request called at 8/17/2018 3:12:56 PM   :::   15:12:56.1423572

::::::::::: PostReleaseRequestState Request called at 8/17/2018 3:12:56 PM   :::   15:12:56.1443581

::::::::::: UpdateRequestCache Request called at 8/17/2018 3:12:56 PM   :::   15:12:56.1993961

::::::::::: EndRequest Request called at 8/17/2018 3:12:56 PM   :::   15:12:56.2056581

::::::::::: PreSendRequestContent Request called at 8/17/2018 3:12:56 PM   :::   15:12:56.2216684

::::::::::: PreSendRequestHeaders Request called at 8/17/2018 3:12:56 PM   :::   15:12:56.2256718

::::::::::: BeginRequest Request called at 8/17/2018 3:13:06 PM   :::   15:13:06.6956485

::::::::::: AuthenticateRequest Request called at 8/17/2018 3:13:06 PM   :::   15:13:06.6986504

::::::::::: PostAuthenticateRequest Request called at 8/17/2018 3:13:06 PM   :::   15:13:06.7006513

::::::::::: AuthorizeRequest Request called at 8/17/2018 3:13:06 PM   :::   15:13:06.7026530

::::::::::: PostAuthorizeRequest Request called at 8/17/2018 3:13:06 PM   :::   15:13:06.7036576

::::::::::: End Request called at 8/17/2018 3:13:06 PM   :::   15:13:06.7056593

::::::::::: PostResolveRequestCache Request called at 8/17/2018 3:13:06 PM   :::   15:13:06.7156653

::::::::::: AcquireRequestState Request called at 8/17/2018 3:13:06 PM   :::   15:13:06.7176666

::::::::::: PostAcquireRequestState Request called at 8/17/2018 3:13:06 PM   :::   15:13:06.7216692

::::::::::: PreRequestHandlerExecute Request called at 8/17/2018 3:13:06 PM   :::   15:13:06.7296744

::::::::::: BeginRequest Request called at 8/17/2018 3:13:13 PM   :::   15:13:13.1670572

::::::::::: AuthenticateRequest Request called at 8/17/2018 3:13:13 PM   :::   15:13:13.1690581

::::::::::: PostAuthenticateRequest Request called at 8/17/2018 3:13:13 PM   :::   15:13:13.1710598

::::::::::: AuthorizeRequest Request called at 8/17/2018 3:13:13 PM   :::   15:13:13.1725629

::::::::::: PostAuthorizeRequest Request called at 8/17/2018 3:13:13 PM   :::   15:13:13.1740629

::::::::::: End Request called at 8/17/2018 3:13:13 PM   :::   15:13:13.1755633

::::::::::: PostResolveRequestCache Request called at 8/17/2018 3:13:13 PM   :::   15:13:13.1770633

::::::::::: AcquireRequestState Request called at 8/17/2018 3:13:13 PM   :::   15:13:13.1785680

::::::::::: PostAcquireRequestState Request called at 8/17/2018 3:13:13 PM   :::   15:13:13.1795686

::::::::::: PreRequestHandlerExecute Request called at 8/17/2018 3:13:13 PM   :::   15:13:13.1815695

::::::::::: PreSendRequestContent Request called at 8/17/2018 3:13:19 PM   :::   15:13:19.6617449

::::::::::: PreSendRequestHeaders Request called at 8/17/2018 3:13:19 PM   :::   15:13:19.6647417

::::::::::: PostRequestHandlerExecute Request called at 8/17/2018 3:13:19 PM   :::   15:13:19.6797561

::::::::::: ReleaseRequestState Request called at 8/17/2018 3:13:19 PM   :::   15:13:19.6817574

::::::::::: PostReleaseRequestState Request called at 8/17/2018 3:13:19 PM   :::   15:13:19.6837619

::::::::::: UpdateRequestCache Request called at 8/17/2018 3:13:19 PM   :::   15:13:19.6877653

::::::::::: EndRequest Request called at 8/17/2018 3:13:19 PM   :::   15:13:19.6907664

::::::::::: PreSendRequestContent Request called at 8/17/2018 3:13:19 PM   :::   15:13:19.6947690

::::::::::: BeginRequest Request called at 8/17/2018 3:13:20 PM   :::   15:13:20.1492552

::::::::::: AuthenticateRequest Request called at 8/17/2018 3:13:20 PM   :::   15:13:20.1512557

::::::::::: PostAuthenticateRequest Request called at 8/17/2018 3:13:20 PM   :::   15:13:20.1532582

::::::::::: AuthorizeRequest Request called at 8/17/2018 3:13:20 PM   :::   15:13:20.1552591

::::::::::: PostAuthorizeRequest Request called at 8/17/2018 3:13:20 PM   :::   15:13:20.1572600

::::::::::: End Request called at 8/17/2018 3:13:20 PM   :::   15:13:20.1582602

::::::::::: PostResolveRequestCache Request called at 8/17/2018 3:13:20 PM   :::   15:13:20.1622632

::::::::::: AcquireRequestState Request called at 8/17/2018 3:13:20 PM   :::   15:13:20.1632646

::::::::::: PostAcquireRequestState Request called at 8/17/2018 3:13:20 PM   :::   15:13:20.1652651

::::::::::: PreRequestHandlerExecute Request called at 8/17/2018 3:13:20 PM   :::   15:13:20.1672716

::::::::::: PreSendRequestContent Request called at 8/17/2018 3:13:21 PM   :::   15:13:21.5168442

::::::::::: PreSendRequestHeaders Request called at 8/17/2018 3:13:21 PM   :::   15:13:21.5178444

::::::::::: PostRequestHandlerExecute Request called at 8/17/2018 3:13:21 PM   :::   15:13:21.5658759

::::::::::: ReleaseRequestState Request called at 8/17/2018 3:13:21 PM   :::   15:13:21.5683812

::::::::::: PostReleaseRequestState Request called at 8/17/2018 3:13:21 PM   :::   15:13:21.5713863

::::::::::: UpdateRequestCache Request called at 8/17/2018 3:13:21 PM   :::   15:13:21.5733849

::::::::::: EndRequest Request called at 8/17/2018 3:13:21 PM   :::   15:13:21.5763872

::::::::::: PreSendRequestContent Request called at 8/17/2018 3:13:21 PM   :::   15:13:21.5783877

::::::::::: BeginRequest Request called at 8/17/2018 3:13:21 PM   :::   15:13:21.6654475

::::::::::: AuthenticateRequest Request called at 8/17/2018 3:13:21 PM   :::   15:13:21.6679536

::::::::::: PostAuthenticateRequest Request called at 8/17/2018 3:13:21 PM   :::   15:13:21.6699549

::::::::::: AuthorizeRequest Request called at 8/17/2018 3:13:21 PM   :::   15:13:21.6719562

::::::::::: PostAuthorizeRequest Request called at 8/17/2018 3:13:21 PM   :::   15:13:21.6744580

::::::::::: End Request called at 8/17/2018 3:13:21 PM   :::   15:13:21.6769587

::::::::::: PostResolveRequestCache Request called at 8/17/2018 3:13:21 PM   :::   15:13:21.6784602

::::::::::: AcquireRequestState Request called at 8/17/2018 3:13:21 PM   :::   15:13:21.6799606

::::::::::: PostAcquireRequestState Request called at 8/17/2018 3:13:21 PM   :::   15:13:21.6809632

::::::::::: PreRequestHandlerExecute Request called at 8/17/2018 3:13:21 PM   :::   15:13:21.6829641

::::::::::: PreSendRequestContent Request called at 8/17/2018 3:13:24 PM   :::   15:13:24.2078556

::::::::::: PreSendRequestHeaders Request called at 8/17/2018 3:13:24 PM   :::   15:13:24.2088562

::::::::::: PostRequestHandlerExecute Request called at 8/17/2018 3:13:24 PM   :::   15:13:24.2118582

::::::::::: ReleaseRequestState Request called at 8/17/2018 3:13:24 PM   :::   15:13:24.2148605

::::::::::: PostReleaseRequestState Request called at 8/17/2018 3:13:24 PM   :::   15:13:24.2188631

::::::::::: UpdateRequestCache Request called at 8/17/2018 3:13:24 PM   :::   15:13:24.2228688

::::::::::: EndRequest Request called at 8/17/2018 3:13:24 PM   :::   15:13:24.2258676

::::::::::: PreSendRequestContent Request called at 8/17/2018 3:13:24 PM   :::   15:13:24.2298706

::::::::::: PreSendRequestContent Request called at 8/17/2018 3:13:25 PM   :::   15:13:25.1747134

::::::::::: PreSendRequestHeaders Request called at 8/17/2018 3:13:25 PM   :::   15:13:25.1802168

::::::::::: PostRequestHandlerExecute Request called at 8/17/2018 3:13:25 PM   :::   15:13:25.1907234

::::::::::: ReleaseRequestState Request called at 8/17/2018 3:13:25 PM   :::   15:13:25.1932252

::::::::::: PostReleaseRequestState Request called at 8/17/2018 3:13:25 PM   :::   15:13:25.2077344

::::::::::: UpdateRequestCache Request called at 8/17/2018 3:13:25 PM   :::   15:13:25.2137383

::::::::::: EndRequest Request called at 8/17/2018 3:13:25 PM   :::   15:13:25.2162397

::::::::::: PreSendRequestContent Request called at 8/17/2018 3:13:25 PM   :::   15:13:25.2177405

::::::::::: BeginRequest Request called at 8/17/2018 3:13:39 PM   :::   15:13:39.3878678

::::::::::: AuthenticateRequest Request called at 8/17/2018 3:13:39 PM   :::   15:13:39.3948732

::::::::::: PostAuthenticateRequest Request called at 8/17/2018 3:13:39 PM   :::   15:13:39.3968753

::::::::::: AuthorizeRequest Request called at 8/17/2018 3:13:39 PM   :::   15:13:39.3988765

::::::::::: PostAuthorizeRequest Request called at 8/17/2018 3:13:39 PM   :::   15:13:39.4008826

::::::::::: End Request called at 8/17/2018 3:13:39 PM   :::   15:13:39.4028826

::::::::::: PostResolveRequestCache Request called at 8/17/2018 3:13:39 PM   :::   15:13:39.4043841

::::::::::: AcquireRequestState Request called at 8/17/2018 3:13:39 PM   :::   15:13:39.4053845

::::::::::: PostAcquireRequestState Request called at 8/17/2018 3:13:39 PM   :::   15:13:39.4063857

::::::::::: PreRequestHandlerExecute Request called at 8/17/2018 3:13:39 PM   :::   15:13:39.4088880

::::::::::: PreSendRequestContent Request called at 8/17/2018 3:13:42 PM   :::   15:13:42.0021079

::::::::::: PreSendRequestHeaders Request called at 8/17/2018 3:13:42 PM   :::   15:13:42.0106188

::::::::::: PostRequestHandlerExecute Request called at 8/17/2018 3:13:42 PM   :::   15:13:42.0341417

::::::::::: ReleaseRequestState Request called at 8/17/2018 3:13:42 PM   :::   15:13:42.0361434

::::::::::: PostReleaseRequestState Request called at 8/17/2018 3:13:42 PM   :::   15:13:42.0401467

::::::::::: UpdateRequestCache Request called at 8/17/2018 3:13:42 PM   :::   15:13:42.0411479

::::::::::: EndRequest Request called at 8/17/2018 3:13:42 PM   :::   15:13:42.0431496

::::::::::: PreSendRequestContent Request called at 8/17/2018 3:13:42 PM   :::   15:13:42.0451512

::::::::::: BeginRequest Request called at 8/17/2018 3:13:42 PM   :::   15:13:42.1752642

::::::::::: AuthenticateRequest Request called at 8/17/2018 3:13:42 PM   :::   15:13:42.1772658

::::::::::: PostAuthenticateRequest Request called at 8/17/2018 3:13:42 PM   :::   15:13:42.1792671

::::::::::: AuthorizeRequest Request called at 8/17/2018 3:13:42 PM   :::   15:13:42.1802687

::::::::::: PostAuthorizeRequest Request called at 8/17/2018 3:13:42 PM   :::   15:13:42.1812692

::::::::::: End Request called at 8/17/2018 3:13:42 PM   :::   15:13:42.1832716

::::::::::: PostResolveRequestCache Request called at 8/17/2018 3:13:42 PM   :::   15:13:42.1852725

::::::::::: AcquireRequestState Request called at 8/17/2018 3:13:42 PM   :::   15:13:42.1872742

::::::::::: PostAcquireRequestState Request called at 8/17/2018 3:13:42 PM   :::   15:13:42.1902767

::::::::::: PreRequestHandlerExecute Request called at 8/17/2018 3:13:42 PM   :::   15:13:42.1922787

::::::::::: PreSendRequestContent Request called at 8/17/2018 3:13:44 PM   :::   15:13:44.2780723

::::::::::: PreSendRequestHeaders Request called at 8/17/2018 3:13:44 PM   :::   15:13:44.2800689

::::::::::: PostRequestHandlerExecute Request called at 8/17/2018 3:13:44 PM   :::   15:13:44.2840726

::::::::::: ReleaseRequestState Request called at 8/17/2018 3:13:44 PM   :::   15:13:44.2870806

::::::::::: PostReleaseRequestState Request called at 8/17/2018 3:13:44 PM   :::   15:13:44.2900776

::::::::::: UpdateRequestCache Request called at 8/17/2018 3:13:44 PM   :::   15:13:44.2910784

::::::::::: EndRequest Request called at 8/17/2018 3:13:44 PM   :::   15:13:44.2930797

::::::::::: PreSendRequestContent Request called at 8/17/2018 3:13:44 PM   :::   15:13:44.2950818

::::::::::: BeginRequest Request called at 8/17/2018 3:16:39 PM   :::   15:16:39.7962097

::::::::::: AuthenticateRequest Request called at 8/17/2018 3:16:39 PM   :::   15:16:39.7992130

::::::::::: PostAuthenticateRequest Request called at 8/17/2018 3:16:39 PM   :::   15:16:39.8022155

::::::::::: AuthorizeRequest Request called at 8/17/2018 3:16:39 PM   :::   15:16:39.8052180

::::::::::: PostAuthorizeRequest Request called at 8/17/2018 3:16:39 PM   :::   15:16:39.8072193

::::::::::: End Request called at 8/17/2018 3:16:39 PM   :::   15:16:39.8102218

::::::::::: PostResolveRequestCache Request called at 8/17/2018 3:16:39 PM   :::   15:16:39.8132239

::::::::::: AcquireRequestState Request called at 8/17/2018 3:16:39 PM   :::   15:16:39.8232318

::::::::::: PostAcquireRequestState Request called at 8/17/2018 3:16:39 PM   :::   15:16:39.8262355

::::::::::: PreRequestHandlerExecute Request called at 8/17/2018 3:16:39 PM   :::   15:16:39.8292376

::::::::::: PreSendRequestContent Request called at 8/17/2018 3:16:45 PM   :::   15:16:45.5715961

::::::::::: PreSendRequestHeaders Request called at 8/17/2018 3:16:45 PM   :::   15:16:45.5745986

::::::::::: PostRequestHandlerExecute Request called at 8/17/2018 3:16:45 PM   :::   15:16:45.5956157

::::::::::: ReleaseRequestState Request called at 8/17/2018 3:16:45 PM   :::   15:16:45.5976177

::::::::::: PostReleaseRequestState Request called at 8/17/2018 3:16:45 PM   :::   15:16:45.5996186

::::::::::: UpdateRequestCache Request called at 8/17/2018 3:16:45 PM   :::   15:16:45.6016199

::::::::::: EndRequest Request called at 8/17/2018 3:16:45 PM   :::   15:16:45.6026207

::::::::::: PreSendRequestContent Request called at 8/17/2018 3:16:45 PM   :::   15:16:45.6046228

::::::::::: BeginRequest Request called at 8/17/2018 3:16:45 PM   :::   15:16:45.7012061

::::::::::: AuthenticateRequest Request called at 8/17/2018 3:16:45 PM   :::   15:16:45.7042082

::::::::::: PostAuthenticateRequest Request called at 8/17/2018 3:16:45 PM   :::   15:16:45.7057092

::::::::::: AuthorizeRequest Request called at 8/17/2018 3:16:45 PM   :::   15:16:45.7072107

::::::::::: PostAuthorizeRequest Request called at 8/17/2018 3:16:45 PM   :::   15:16:45.7087121

::::::::::: End Request called at 8/17/2018 3:16:45 PM   :::   15:16:45.7102139

::::::::::: PostResolveRequestCache Request called at 8/17/2018 3:16:45 PM   :::   15:16:45.7127150

::::::::::: AcquireRequestState Request called at 8/17/2018 3:16:45 PM   :::   15:16:45.7157179

::::::::::: PostAcquireRequestState Request called at 8/17/2018 3:16:45 PM   :::   15:16:45.7172194

::::::::::: PreRequestHandlerExecute Request called at 8/17/2018 3:16:45 PM   :::   15:16:45.7187200

::::::::::: PreSendRequestContent Request called at 8/17/2018 3:16:49 PM   :::   15:16:49.3950288

::::::::::: PreSendRequestHeaders Request called at 8/17/2018 3:16:49 PM   :::   15:16:49.3980309

::::::::::: PostRequestHandlerExecute Request called at 8/17/2018 3:16:49 PM   :::   15:16:49.4180467

::::::::::: ReleaseRequestState Request called at 8/17/2018 3:16:49 PM   :::   15:16:49.4280554

::::::::::: PostReleaseRequestState Request called at 8/17/2018 3:16:49 PM   :::   15:16:49.4380634

::::::::::: UpdateRequestCache Request called at 8/17/2018 3:16:49 PM   :::   15:16:49.4430675

::::::::::: EndRequest Request called at 8/17/2018 3:16:49 PM   :::   15:16:49.4505795

::::::::::: PreSendRequestContent Request called at 8/17/2018 3:16:49 PM   :::   15:16:49.4550827

::::::::::: BeginRequest Request called at 8/17/2018 3:20:22 PM   :::   15:20:22.7745118

::::::::::: AuthenticateRequest Request called at 8/17/2018 3:20:22 PM   :::   15:20:22.7765120

::::::::::: PostAuthenticateRequest Request called at 8/17/2018 3:20:22 PM   :::   15:20:22.7775132

::::::::::: AuthorizeRequest Request called at 8/17/2018 3:20:22 PM   :::   15:20:22.7795209

::::::::::: PostAuthorizeRequest Request called at 8/17/2018 3:20:22 PM   :::   15:20:22.7805177

::::::::::: End Request called at 8/17/2018 3:20:22 PM   :::   15:20:22.7825168

::::::::::: PostResolveRequestCache Request called at 8/17/2018 3:20:22 PM   :::   15:20:22.7865197

::::::::::: AcquireRequestState Request called at 8/17/2018 3:20:22 PM   :::   15:20:22.7885231

::::::::::: PostAcquireRequestState Request called at 8/17/2018 3:20:22 PM   :::   15:20:22.7895218

::::::::::: PreRequestHandlerExecute Request called at 8/17/2018 3:20:22 PM   :::   15:20:22.7915403

::::::::::: PreSendRequestContent Request called at 8/17/2018 3:20:27 PM   :::   15:20:27.1940854

::::::::::: PreSendRequestHeaders Request called at 8/17/2018 3:20:27 PM   :::   15:20:27.1970883

::::::::::: PostRequestHandlerExecute Request called at 8/17/2018 3:20:27 PM   :::   15:20:27.2271093

::::::::::: ReleaseRequestState Request called at 8/17/2018 3:20:27 PM   :::   15:20:27.2301114

::::::::::: PostReleaseRequestState Request called at 8/17/2018 3:20:27 PM   :::   15:20:27.2331132

::::::::::: UpdateRequestCache Request called at 8/17/2018 3:20:27 PM   :::   15:20:27.2341151

::::::::::: EndRequest Request called at 8/17/2018 3:20:27 PM   :::   15:20:27.2371197

::::::::::: PreSendRequestContent Request called at 8/17/2018 3:20:27 PM   :::   15:20:27.2391215

::::::::::: BeginRequest Request called at 8/17/2018 3:20:27 PM   :::   15:20:27.3677226

::::::::::: AuthenticateRequest Request called at 8/17/2018 3:20:27 PM   :::   15:20:27.3692235

::::::::::: PostAuthenticateRequest Request called at 8/17/2018 3:20:27 PM   :::   15:20:27.3712257

::::::::::: AuthorizeRequest Request called at 8/17/2018 3:20:27 PM   :::   15:20:27.3727266

::::::::::: PostAuthorizeRequest Request called at 8/17/2018 3:20:27 PM   :::   15:20:27.3742275

::::::::::: End Request called at 8/17/2018 3:20:27 PM   :::   15:20:27.3757288

::::::::::: PostResolveRequestCache Request called at 8/17/2018 3:20:27 PM   :::   15:20:27.3777298

::::::::::: AcquireRequestState Request called at 8/17/2018 3:20:27 PM   :::   15:20:27.3792311

::::::::::: PostAcquireRequestState Request called at 8/17/2018 3:20:27 PM   :::   15:20:27.3807320

::::::::::: PreRequestHandlerExecute Request called at 8/17/2018 3:20:27 PM   :::   15:20:27.3822337

::::::::::: PreSendRequestContent Request called at 8/17/2018 3:20:30 PM   :::   15:20:30.4134033

::::::::::: PreSendRequestHeaders Request called at 8/17/2018 3:20:30 PM   :::   15:20:30.4164059

::::::::::: PostRequestHandlerExecute Request called at 8/17/2018 3:20:30 PM   :::   15:20:30.4254160

::::::::::: ReleaseRequestState Request called at 8/17/2018 3:20:30 PM   :::   15:20:30.4274174

::::::::::: PostReleaseRequestState Request called at 8/17/2018 3:20:30 PM   :::   15:20:30.4319209

::::::::::: UpdateRequestCache Request called at 8/17/2018 3:20:30 PM   :::   15:20:30.4334218

::::::::::: EndRequest Request called at 8/17/2018 3:20:30 PM   :::   15:20:30.4364279

::::::::::: PreSendRequestContent Request called at 8/17/2018 3:20:30 PM   :::   15:20:30.4384289

::::::::::: BeginRequest Request called at 8/17/2018 3:21:41 PM   :::   15:21:41.6570260

::::::::::: AuthenticateRequest Request called at 8/17/2018 3:21:41 PM   :::   15:21:41.6590267

::::::::::: PostAuthenticateRequest Request called at 8/17/2018 3:21:41 PM   :::   15:21:41.6600274

::::::::::: AuthorizeRequest Request called at 8/17/2018 3:21:41 PM   :::   15:21:41.6610281

::::::::::: PostAuthorizeRequest Request called at 8/17/2018 3:21:41 PM   :::   15:21:41.6630300

::::::::::: End Request called at 8/17/2018 3:21:41 PM   :::   15:21:41.6640303

::::::::::: PostResolveRequestCache Request called at 8/17/2018 3:21:41 PM   :::   15:21:41.6670325

::::::::::: AcquireRequestState Request called at 8/17/2018 3:21:41 PM   :::   15:21:41.6690339

::::::::::: PostAcquireRequestState Request called at 8/17/2018 3:21:41 PM   :::   15:21:41.6700351

::::::::::: PreRequestHandlerExecute Request called at 8/17/2018 3:21:41 PM   :::   15:21:41.6710362

::::::::::: PreSendRequestContent Request called at 8/17/2018 3:21:50 PM   :::   15:21:50.7782940

::::::::::: PreSendRequestHeaders Request called at 8/17/2018 3:21:50 PM   :::   15:21:50.7822973

::::::::::: PostRequestHandlerExecute Request called at 8/17/2018 3:21:50 PM   :::   15:21:50.8163258

::::::::::: ReleaseRequestState Request called at 8/17/2018 3:21:50 PM   :::   15:21:50.8188279

::::::::::: PostReleaseRequestState Request called at 8/17/2018 3:21:50 PM   :::   15:21:50.8253331

::::::::::: UpdateRequestCache Request called at 8/17/2018 3:21:50 PM   :::   15:21:50.8293416

::::::::::: EndRequest Request called at 8/17/2018 3:21:50 PM   :::   15:21:50.8363454

::::::::::: PreSendRequestContent Request called at 8/17/2018 3:21:50 PM   :::   15:21:50.8383481

::::::::::: BeginRequest Request called at 8/17/2018 3:21:51 PM   :::   15:21:51.0364949

::::::::::: AuthenticateRequest Request called at 8/17/2018 3:21:51 PM   :::   15:21:51.0384960

::::::::::: PostAuthenticateRequest Request called at 8/17/2018 3:21:51 PM   :::   15:21:51.0399976

::::::::::: AuthorizeRequest Request called at 8/17/2018 3:21:51 PM   :::   15:21:51.0419987

::::::::::: PostAuthorizeRequest Request called at 8/17/2018 3:21:51 PM   :::   15:21:51.0440001

::::::::::: End Request called at 8/17/2018 3:21:51 PM   :::   15:21:51.0480082

::::::::::: PostResolveRequestCache Request called at 8/17/2018 3:21:51 PM   :::   15:21:51.0510048

::::::::::: AcquireRequestState Request called at 8/17/2018 3:21:51 PM   :::   15:21:51.0535072

::::::::::: PostAcquireRequestState Request called at 8/17/2018 3:21:51 PM   :::   15:21:51.0555087

::::::::::: PreRequestHandlerExecute Request called at 8/17/2018 3:21:51 PM   :::   15:21:51.0575101

::::::::::: PreSendRequestContent Request called at 8/17/2018 3:21:52 PM   :::   15:21:52.9577555

::::::::::: PreSendRequestHeaders Request called at 8/17/2018 3:21:52 PM   :::   15:21:52.9587566

::::::::::: PostRequestHandlerExecute Request called at 8/17/2018 3:21:52 PM   :::   15:21:52.9617596

::::::::::: ReleaseRequestState Request called at 8/17/2018 3:21:52 PM   :::   15:21:52.9647618

::::::::::: PostReleaseRequestState Request called at 8/17/2018 3:21:52 PM   :::   15:21:52.9657617

::::::::::: UpdateRequestCache Request called at 8/17/2018 3:21:52 PM   :::   15:21:52.9677632

::::::::::: EndRequest Request called at 8/17/2018 3:21:52 PM   :::   15:21:52.9697650

::::::::::: PreSendRequestContent Request called at 8/17/2018 3:21:52 PM   :::   15:21:52.9727676

::::::::::: BeginRequest Request called at 8/17/2018 3:29:29 PM   :::   15:29:29.0126859

::::::::::: AuthenticateRequest Request called at 8/17/2018 3:29:29 PM   :::   15:29:29.0146872

::::::::::: PostAuthenticateRequest Request called at 8/17/2018 3:29:29 PM   :::   15:29:29.0166893

::::::::::: AuthorizeRequest Request called at 8/17/2018 3:29:29 PM   :::   15:29:29.0181901

::::::::::: PostAuthorizeRequest Request called at 8/17/2018 3:29:29 PM   :::   15:29:29.0196909

::::::::::: End Request called at 8/17/2018 3:29:29 PM   :::   15:29:29.0251943

::::::::::: PostResolveRequestCache Request called at 8/17/2018 3:29:29 PM   :::   15:29:29.0271956

::::::::::: AcquireRequestState Request called at 8/17/2018 3:29:29 PM   :::   15:29:29.0291969

::::::::::: PostAcquireRequestState Request called at 8/17/2018 3:29:29 PM   :::   15:29:29.0311983

::::::::::: PreRequestHandlerExecute Request called at 8/17/2018 3:29:29 PM   :::   15:29:29.0336997

::::::::::: PostRequestHandlerExecute Request called at 8/17/2018 3:29:29 PM   :::   15:29:29.0652211

::::::::::: ReleaseRequestState Request called at 8/17/2018 3:29:29 PM   :::   15:29:29.0682227

::::::::::: PostReleaseRequestState Request called at 8/17/2018 3:29:29 PM   :::   15:29:29.0717248

::::::::::: UpdateRequestCache Request called at 8/17/2018 3:29:29 PM   :::   15:29:29.0762279

::::::::::: EndRequest Request called at 8/17/2018 3:29:29 PM   :::   15:29:29.0782289

::::::::::: PreSendRequestContent Request called at 8/17/2018 3:29:29 PM   :::   15:29:29.0797296

::::::::::: PreSendRequestHeaders Request called at 8/17/2018 3:29:29 PM   :::   15:29:29.0822327

::::::::::: BeginRequest Request called at 8/17/2018 3:29:29 PM   :::   15:29:29.0917407

::::::::::: AuthenticateRequest Request called at 8/17/2018 3:29:29 PM   :::   15:29:29.0942398

::::::::::: PostAuthenticateRequest Request called at 8/17/2018 3:29:29 PM   :::   15:29:29.0967413

::::::::::: AuthorizeRequest Request called at 8/17/2018 3:29:29 PM   :::   15:29:29.0987426

::::::::::: PostAuthorizeRequest Request called at 8/17/2018 3:29:29 PM   :::   15:29:29.1017446

::::::::::: End Request called at 8/17/2018 3:29:29 PM   :::   15:29:29.1072484

::::::::::: PostResolveRequestCache Request called at 8/17/2018 3:29:29 PM   :::   15:29:29.1097498

::::::::::: AcquireRequestState Request called at 8/17/2018 3:29:29 PM   :::   15:29:29.1117512

::::::::::: PostAcquireRequestState Request called at 8/17/2018 3:29:29 PM   :::   15:29:29.1142534

::::::::::: PreRequestHandlerExecute Request called at 8/17/2018 3:29:29 PM   :::   15:29:29.1157542

::::::::::: PreSendRequestContent Request called at 8/17/2018 3:29:52 PM   :::   15:29:52.8892439

::::::::::: PreSendRequestHeaders Request called at 8/17/2018 3:29:52 PM   :::   15:29:52.8912445

::::::::::: PostRequestHandlerExecute Request called at 8/17/2018 3:29:52 PM   :::   15:29:52.9142604

::::::::::: ReleaseRequestState Request called at 8/17/2018 3:29:52 PM   :::   15:29:52.9192637

::::::::::: PostReleaseRequestState Request called at 8/17/2018 3:29:52 PM   :::   15:29:52.9212646

::::::::::: UpdateRequestCache Request called at 8/17/2018 3:29:52 PM   :::   15:29:52.9222649

::::::::::: EndRequest Request called at 8/17/2018 3:29:52 PM   :::   15:29:52.9242666

::::::::::: PreSendRequestContent Request called at 8/17/2018 3:29:52 PM   :::   15:29:52.9252673

::::::::::: BeginRequest Request called at 8/17/2018 3:34:35 PM   :::   15:34:35.4071046

::::::::::: AuthenticateRequest Request called at 8/17/2018 3:34:35 PM   :::   15:34:35.4091053

::::::::::: PostAuthenticateRequest Request called at 8/17/2018 3:34:35 PM   :::   15:34:35.4111068

::::::::::: AuthorizeRequest Request called at 8/17/2018 3:34:35 PM   :::   15:34:35.4171110

::::::::::: PostAuthorizeRequest Request called at 8/17/2018 3:34:35 PM   :::   15:34:35.4186120

::::::::::: End Request called at 8/17/2018 3:34:35 PM   :::   15:34:35.4201133

::::::::::: PostResolveRequestCache Request called at 8/17/2018 3:34:35 PM   :::   15:34:35.4221152

::::::::::: AcquireRequestState Request called at 8/17/2018 3:34:35 PM   :::   15:34:35.4246173

::::::::::: PostAcquireRequestState Request called at 8/17/2018 3:34:35 PM   :::   15:34:35.4386280

::::::::::: PreRequestHandlerExecute Request called at 8/17/2018 3:34:35 PM   :::   15:34:35.4406287

::::::::::: PostRequestHandlerExecute Request called at 8/17/2018 3:34:35 PM   :::   15:34:35.4496364

::::::::::: ReleaseRequestState Request called at 8/17/2018 3:34:35 PM   :::   15:34:35.4511373

::::::::::: PostReleaseRequestState Request called at 8/17/2018 3:34:35 PM   :::   15:34:35.4526383

::::::::::: UpdateRequestCache Request called at 8/17/2018 3:34:35 PM   :::   15:34:35.4546394

::::::::::: EndRequest Request called at 8/17/2018 3:34:35 PM   :::   15:34:35.4561407

::::::::::: PreSendRequestContent Request called at 8/17/2018 3:34:35 PM   :::   15:34:35.4581422

::::::::::: PreSendRequestHeaders Request called at 8/17/2018 3:34:35 PM   :::   15:34:35.4601442

::::::::::: BeginRequest Request called at 8/17/2018 3:34:35 PM   :::   15:34:35.4871659

::::::::::: AuthenticateRequest Request called at 8/17/2018 3:34:35 PM   :::   15:34:35.4891659

::::::::::: PostAuthenticateRequest Request called at 8/17/2018 3:34:35 PM   :::   15:34:35.4996745

::::::::::: AuthorizeRequest Request called at 8/17/2018 3:34:35 PM   :::   15:34:35.5041773

::::::::::: PostAuthorizeRequest Request called at 8/17/2018 3:34:35 PM   :::   15:34:35.5061792

::::::::::: End Request called at 8/17/2018 3:34:35 PM   :::   15:34:35.5126844

::::::::::: PostResolveRequestCache Request called at 8/17/2018 3:34:35 PM   :::   15:34:35.5201899

::::::::::: AcquireRequestState Request called at 8/17/2018 3:34:35 PM   :::   15:34:35.5246939

::::::::::: PostAcquireRequestState Request called at 8/17/2018 3:34:35 PM   :::   15:34:35.5296969

::::::::::: PreRequestHandlerExecute Request called at 8/17/2018 3:34:35 PM   :::   15:34:35.5357019

::::::::::: PreSendRequestContent Request called at 8/17/2018 3:34:57 PM   :::   15:34:57.7788716

::::::::::: PreSendRequestHeaders Request called at 8/17/2018 3:34:57 PM   :::   15:34:57.7803769

::::::::::: PostRequestHandlerExecute Request called at 8/17/2018 3:34:57 PM   :::   15:34:57.7923853

::::::::::: ReleaseRequestState Request called at 8/17/2018 3:34:57 PM   :::   15:34:57.7948882

::::::::::: PostReleaseRequestState Request called at 8/17/2018 3:34:57 PM   :::   15:34:57.7978912

::::::::::: UpdateRequestCache Request called at 8/17/2018 3:34:57 PM   :::   15:34:57.8008935

::::::::::: EndRequest Request called at 8/17/2018 3:34:57 PM   :::   15:34:57.8028958

::::::::::: PreSendRequestContent Request called at 8/17/2018 3:34:57 PM   :::   15:34:57.8078993

::::::::::: BeginRequest Request called at 8/17/2018 3:35:28 PM   :::   15:35:28.0894099

::::::::::: AuthenticateRequest Request called at 8/17/2018 3:35:28 PM   :::   15:35:28.0914109

::::::::::: PostAuthenticateRequest Request called at 8/17/2018 3:35:28 PM   :::   15:35:28.0929122

::::::::::: AuthorizeRequest Request called at 8/17/2018 3:35:28 PM   :::   15:35:28.0944130

::::::::::: PostAuthorizeRequest Request called at 8/17/2018 3:35:28 PM   :::   15:35:28.0964152

::::::::::: End Request called at 8/17/2018 3:35:28 PM   :::   15:35:28.0984162

::::::::::: PostResolveRequestCache Request called at 8/17/2018 3:35:28 PM   :::   15:35:28.1034193

::::::::::: AcquireRequestState Request called at 8/17/2018 3:35:28 PM   :::   15:35:28.1054215

::::::::::: PostAcquireRequestState Request called at 8/17/2018 3:35:28 PM   :::   15:35:28.1084228

::::::::::: PreRequestHandlerExecute Request called at 8/17/2018 3:35:28 PM   :::   15:35:28.1139268

::::::::::: PostRequestHandlerExecute Request called at 8/17/2018 3:35:28 PM   :::   15:35:28.1214327

::::::::::: ReleaseRequestState Request called at 8/17/2018 3:35:28 PM   :::   15:35:28.1234337

::::::::::: PostReleaseRequestState Request called at 8/17/2018 3:35:28 PM   :::   15:35:28.1249353

::::::::::: UpdateRequestCache Request called at 8/17/2018 3:35:28 PM   :::   15:35:28.1264357

::::::::::: EndRequest Request called at 8/17/2018 3:35:28 PM   :::   15:35:28.1279366

::::::::::: PreSendRequestContent Request called at 8/17/2018 3:35:28 PM   :::   15:35:28.1339408

::::::::::: PreSendRequestHeaders Request called at 8/17/2018 3:35:28 PM   :::   15:35:28.1359422

::::::::::: BeginRequest Request called at 8/17/2018 3:35:28 PM   :::   15:35:28.1719677

::::::::::: AuthenticateRequest Request called at 8/17/2018 3:35:28 PM   :::   15:35:28.1754699

::::::::::: PostAuthenticateRequest Request called at 8/17/2018 3:35:28 PM   :::   15:35:28.1829746

::::::::::: AuthorizeRequest Request called at 8/17/2018 3:35:28 PM   :::   15:35:28.1874779

::::::::::: PostAuthorizeRequest Request called at 8/17/2018 3:35:28 PM   :::   15:35:28.1909810

::::::::::: End Request called at 8/17/2018 3:35:28 PM   :::   15:35:28.1949834

::::::::::: PostResolveRequestCache Request called at 8/17/2018 3:35:28 PM   :::   15:35:28.1969851

::::::::::: AcquireRequestState Request called at 8/17/2018 3:35:28 PM   :::   15:35:28.1999868

::::::::::: PostAcquireRequestState Request called at 8/17/2018 3:35:28 PM   :::   15:35:28.2014877

::::::::::: PreRequestHandlerExecute Request called at 8/17/2018 3:35:28 PM   :::   15:35:28.2029893

::::::::::: PreSendRequestContent Request called at 8/17/2018 3:35:44 PM   :::   15:35:44.0586974

::::::::::: PreSendRequestHeaders Request called at 8/17/2018 3:35:44 PM   :::   15:35:44.0596989

::::::::::: PostRequestHandlerExecute Request called at 8/17/2018 3:35:44 PM   :::   15:35:44.0727072

::::::::::: ReleaseRequestState Request called at 8/17/2018 3:35:44 PM   :::   15:35:44.0747085

::::::::::: PostReleaseRequestState Request called at 8/17/2018 3:35:44 PM   :::   15:35:44.0767095

::::::::::: UpdateRequestCache Request called at 8/17/2018 3:35:44 PM   :::   15:35:44.0777106

::::::::::: EndRequest Request called at 8/17/2018 3:35:44 PM   :::   15:35:44.0797116

::::::::::: PreSendRequestContent Request called at 8/17/2018 3:35:44 PM   :::   15:35:44.0807123

::::::::::: BeginRequest Request called at 8/17/2018 10:20:26 PM   :::   22:20:26.2289629

::::::::::: AuthenticateRequest Request called at 8/17/2018 10:20:26 PM   :::   22:20:26.2359679

::::::::::: PostAuthenticateRequest Request called at 8/17/2018 10:20:26 PM   :::   22:20:26.2404709

::::::::::: AuthorizeRequest Request called at 8/17/2018 10:20:26 PM   :::   22:20:26.2429729

::::::::::: PostAuthorizeRequest Request called at 8/17/2018 10:20:26 PM   :::   22:20:26.2444738

::::::::::: End Request called at 8/17/2018 10:20:26 PM   :::   22:20:26.2459746

::::::::::: PostResolveRequestCache Request called at 8/17/2018 10:20:26 PM   :::   22:20:26.2844892

::::::::::: AcquireRequestState Request called at 8/17/2018 10:20:26 PM   :::   22:20:26.2924897

::::::::::: PostAcquireRequestState Request called at 8/17/2018 10:20:26 PM   :::   22:20:26.2964898

::::::::::: PreRequestHandlerExecute Request called at 8/17/2018 10:20:26 PM   :::   22:20:26.2964898

::::::::::: PostRequestHandlerExecute Request called at 8/17/2018 10:20:27 PM   :::   22:20:27.2888615

::::::::::: ReleaseRequestState Request called at 8/17/2018 10:20:27 PM   :::   22:20:27.2888615

::::::::::: PostReleaseRequestState Request called at 8/17/2018 10:20:27 PM   :::   22:20:27.2888615

::::::::::: UpdateRequestCache Request called at 8/17/2018 10:20:27 PM   :::   22:20:27.3201113

::::::::::: EndRequest Request called at 8/17/2018 10:20:27 PM   :::   22:20:27.3357200

::::::::::: PreSendRequestContent Request called at 8/17/2018 10:20:27 PM   :::   22:20:27.3357200

::::::::::: PreSendRequestHeaders Request called at 8/17/2018 10:20:27 PM   :::   22:20:27.3357200

::::::::::: BeginRequest Request called at 8/17/2018 10:20:30 PM   :::   22:20:30.5852404

::::::::::: AuthenticateRequest Request called at 8/17/2018 10:20:30 PM   :::   22:20:30.5892409

::::::::::: PostAuthenticateRequest Request called at 8/17/2018 10:20:30 PM   :::   22:20:30.5972406

::::::::::: AuthorizeRequest Request called at 8/17/2018 10:20:30 PM   :::   22:20:30.5972406

::::::::::: PostAuthorizeRequest Request called at 8/17/2018 10:20:30 PM   :::   22:20:30.6012415

::::::::::: End Request called at 8/17/2018 10:20:30 PM   :::   22:20:30.6012415

::::::::::: PostResolveRequestCache Request called at 8/17/2018 10:20:30 PM   :::   22:20:30.6092416

::::::::::: AcquireRequestState Request called at 8/17/2018 10:20:30 PM   :::   22:20:30.6092416

::::::::::: PostAcquireRequestState Request called at 8/17/2018 10:20:30 PM   :::   22:20:30.6092416

::::::::::: PreRequestHandlerExecute Request called at 8/17/2018 10:20:30 PM   :::   22:20:30.6132417

::::::::::: PreSendRequestContent Request called at 8/17/2018 10:20:36 PM   :::   22:20:36.8359367

::::::::::: PreSendRequestHeaders Request called at 8/17/2018 10:20:36 PM   :::   22:20:36.8359367

::::::::::: PostRequestHandlerExecute Request called at 8/17/2018 10:20:36 PM   :::   22:20:36.8569276

::::::::::: ReleaseRequestState Request called at 8/17/2018 10:20:36 PM   :::   22:20:36.8579271

::::::::::: PostReleaseRequestState Request called at 8/17/2018 10:20:36 PM   :::   22:20:36.8589286

::::::::::: UpdateRequestCache Request called at 8/17/2018 10:20:36 PM   :::   22:20:36.8604307

::::::::::: EndRequest Request called at 8/17/2018 10:20:36 PM   :::   22:20:36.8614318

::::::::::: PreSendRequestContent Request called at 8/17/2018 10:20:36 PM   :::   22:20:36.8624321

::::::::::: BeginRequest Request called at 8/17/2018 10:20:37 PM   :::   22:20:37.0800924

::::::::::: AuthenticateRequest Request called at 8/17/2018 10:20:37 PM   :::   22:20:37.0800924

::::::::::: PostAuthenticateRequest Request called at 8/17/2018 10:20:37 PM   :::   22:20:37.0800924

::::::::::: AuthorizeRequest Request called at 8/17/2018 10:20:37 PM   :::   22:20:37.0840932

::::::::::: PostAuthorizeRequest Request called at 8/17/2018 10:20:37 PM   :::   22:20:37.0840932

::::::::::: End Request called at 8/17/2018 10:20:37 PM   :::   22:20:37.0840932

::::::::::: PostResolveRequestCache Request called at 8/17/2018 10:20:37 PM   :::   22:20:37.0840932

::::::::::: AcquireRequestState Request called at 8/17/2018 10:20:37 PM   :::   22:20:37.0880929

::::::::::: PostAcquireRequestState Request called at 8/17/2018 10:20:37 PM   :::   22:20:37.0880929

::::::::::: PreRequestHandlerExecute Request called at 8/17/2018 10:20:37 PM   :::   22:20:37.0880929

::::::::::: PreSendRequestContent Request called at 8/17/2018 10:20:41 PM   :::   22:20:41.0110429

::::::::::: PreSendRequestHeaders Request called at 8/17/2018 10:20:41 PM   :::   22:20:41.0150379

::::::::::: PostRequestHandlerExecute Request called at 8/17/2018 10:20:41 PM   :::   22:20:41.0230392

::::::::::: ReleaseRequestState Request called at 8/17/2018 10:20:41 PM   :::   22:20:41.0270397

::::::::::: PostReleaseRequestState Request called at 8/17/2018 10:20:41 PM   :::   22:20:41.0310394

::::::::::: UpdateRequestCache Request called at 8/17/2018 10:20:41 PM   :::   22:20:41.0390419

::::::::::: EndRequest Request called at 8/17/2018 10:20:41 PM   :::   22:20:41.0430475

::::::::::: PreSendRequestContent Request called at 8/17/2018 10:20:41 PM   :::   22:20:41.0470417

::::::::::: BeginRequest Request called at 8/17/2018 11:50:30 PM   :::   23:50:30.1962403

::::::::::: AuthenticateRequest Request called at 8/17/2018 11:50:30 PM   :::   23:50:30.2017480

::::::::::: PostAuthenticateRequest Request called at 8/17/2018 11:50:30 PM   :::   23:50:30.2057488

::::::::::: AuthorizeRequest Request called at 8/17/2018 11:50:30 PM   :::   23:50:30.2097481

::::::::::: PostAuthorizeRequest Request called at 8/17/2018 11:50:30 PM   :::   23:50:30.2137490

::::::::::: End Request called at 8/17/2018 11:50:30 PM   :::   23:50:30.2217488

::::::::::: PostResolveRequestCache Request called at 8/17/2018 11:50:30 PM   :::   23:50:30.2257492

::::::::::: AcquireRequestState Request called at 8/17/2018 11:50:30 PM   :::   23:50:30.2297513

::::::::::: PostAcquireRequestState Request called at 8/17/2018 11:50:30 PM   :::   23:50:30.2297513

::::::::::: PreRequestHandlerExecute Request called at 8/17/2018 11:50:30 PM   :::   23:50:30.2337494

::::::::::: PreSendRequestContent Request called at 8/17/2018 11:50:35 PM   :::   23:50:35.9039653

::::::::::: PreSendRequestHeaders Request called at 8/17/2018 11:50:35 PM   :::   23:50:35.9079638

::::::::::: PostRequestHandlerExecute Request called at 8/17/2018 11:50:35 PM   :::   23:50:35.9239645

::::::::::: ReleaseRequestState Request called at 8/17/2018 11:50:35 PM   :::   23:50:35.9239645

::::::::::: PostReleaseRequestState Request called at 8/17/2018 11:50:35 PM   :::   23:50:35.9239645

::::::::::: UpdateRequestCache Request called at 8/17/2018 11:50:35 PM   :::   23:50:35.9279650

::::::::::: EndRequest Request called at 8/17/2018 11:50:35 PM   :::   23:50:35.9279650

::::::::::: PreSendRequestContent Request called at 8/17/2018 11:50:35 PM   :::   23:50:35.9279650

::::::::::: BeginRequest Request called at 8/17/2018 11:50:35 PM   :::   23:50:35.9959975

::::::::::: AuthenticateRequest Request called at 8/17/2018 11:50:35 PM   :::   23:50:35.9974791

::::::::::: PostAuthenticateRequest Request called at 8/17/2018 11:50:35 PM   :::   23:50:35.9989803

::::::::::: AuthorizeRequest Request called at 8/17/2018 11:50:35 PM   :::   23:50:35.9999810

::::::::::: PostAuthorizeRequest Request called at 8/17/2018 11:50:35 PM   :::   23:50:35.9999810

::::::::::: End Request called at 8/17/2018 11:50:35 PM   :::   23:50:35.9999810

::::::::::: PostResolveRequestCache Request called at 8/17/2018 11:50:36 PM   :::   23:50:36.0043719

::::::::::: AcquireRequestState Request called at 8/17/2018 11:50:36 PM   :::   23:50:36.0043719

::::::::::: PostAcquireRequestState Request called at 8/17/2018 11:50:36 PM   :::   23:50:36.0083716

::::::::::: PreRequestHandlerExecute Request called at 8/17/2018 11:50:36 PM   :::   23:50:36.0083716

::::::::::: BeginRequest Request called at 8/17/2018 11:55:23 PM   :::   23:55:23.8310753

::::::::::: AuthenticateRequest Request called at 8/17/2018 11:55:23 PM   :::   23:55:23.8360796

::::::::::: PostAuthenticateRequest Request called at 8/17/2018 11:55:23 PM   :::   23:55:23.8380534

::::::::::: AuthorizeRequest Request called at 8/17/2018 11:55:23 PM   :::   23:55:23.8410548

::::::::::: PostAuthorizeRequest Request called at 8/17/2018 11:55:23 PM   :::   23:55:23.8420555

::::::::::: End Request called at 8/17/2018 11:55:23 PM   :::   23:55:23.8440565

::::::::::: BeginRequest Request called at 8/17/2018 11:55:23 PM   :::   23:55:23.8950920

::::::::::: AuthenticateRequest Request called at 8/17/2018 11:55:23 PM   :::   23:55:23.8970938

::::::::::: PostAuthenticateRequest Request called at 8/17/2018 11:55:23 PM   :::   23:55:23.8980953

::::::::::: AuthorizeRequest Request called at 8/17/2018 11:55:23 PM   :::   23:55:23.8990952

::::::::::: PostAuthorizeRequest Request called at 8/17/2018 11:55:23 PM   :::   23:55:23.9010970

::::::::::: End Request called at 8/17/2018 11:55:23 PM   :::   23:55:23.9020985

::::::::::: PostResolveRequestCache Request called at 8/17/2018 11:55:23 PM   :::   23:55:23.9061006

::::::::::: AcquireRequestState Request called at 8/17/2018 11:55:23 PM   :::   23:55:23.9141062

::::::::::: PostAcquireRequestState Request called at 8/17/2018 11:55:23 PM   :::   23:55:23.9161077

::::::::::: PreRequestHandlerExecute Request called at 8/17/2018 11:55:23 PM   :::   23:55:23.9171080

::::::::::: PostResolveRequestCache Request called at 8/17/2018 11:55:23 PM   :::   23:55:23.9341240

::::::::::: AcquireRequestState Request called at 8/17/2018 11:55:23 PM   :::   23:55:23.9356249

::::::::::: PostAcquireRequestState Request called at 8/17/2018 11:55:23 PM   :::   23:55:23.9366264

::::::::::: PreRequestHandlerExecute Request called at 8/17/2018 11:55:23 PM   :::   23:55:23.9381099

::::::::::: PostRequestHandlerExecute Request called at 8/17/2018 11:55:24 PM   :::   23:55:24.0188489

::::::::::: ReleaseRequestState Request called at 8/17/2018 11:55:24 PM   :::   23:55:24.0188489

::::::::::: PostReleaseRequestState Request called at 8/17/2018 11:55:24 PM   :::   23:55:24.0349783

::::::::::: UpdateRequestCache Request called at 8/17/2018 11:55:24 PM   :::   23:55:24.0369797

::::::::::: EndRequest Request called at 8/17/2018 11:55:24 PM   :::   23:55:24.0369797

::::::::::: PreSendRequestContent Request called at 8/17/2018 11:55:24 PM   :::   23:55:24.0369797

::::::::::: PreSendRequestHeaders Request called at 8/17/2018 11:55:24 PM   :::   23:55:24.0369797

::::::::::: PostRequestHandlerExecute Request called at 8/17/2018 11:55:26 PM   :::   23:55:26.1937506

::::::::::: ReleaseRequestState Request called at 8/17/2018 11:55:26 PM   :::   23:55:26.1957520

::::::::::: PostReleaseRequestState Request called at 8/17/2018 11:55:26 PM   :::   23:55:26.2012557

::::::::::: UpdateRequestCache Request called at 8/17/2018 11:55:26 PM   :::   23:55:26.2818119

::::::::::: EndRequest Request called at 8/17/2018 11:55:26 PM   :::   23:55:26.2833132

::::::::::: PreSendRequestContent Request called at 8/17/2018 11:55:26 PM   :::   23:55:26.2848152

::::::::::: PreSendRequestHeaders Request called at 8/17/2018 11:55:26 PM   :::   23:55:26.2863153

::::::::::: BeginRequest Request called at 8/17/2018 11:55:44 PM   :::   23:55:44.2767661

::::::::::: AuthenticateRequest Request called at 8/17/2018 11:55:44 PM   :::   23:55:44.2787671

::::::::::: PostAuthenticateRequest Request called at 8/17/2018 11:55:44 PM   :::   23:55:44.2807686

::::::::::: AuthorizeRequest Request called at 8/17/2018 11:55:44 PM   :::   23:55:44.2817705

::::::::::: PostAuthorizeRequest Request called at 8/17/2018 11:55:44 PM   :::   23:55:44.2837703

::::::::::: End Request called at 8/17/2018 11:55:44 PM   :::   23:55:44.2847714

::::::::::: PostResolveRequestCache Request called at 8/17/2018 11:55:44 PM   :::   23:55:44.2887790

::::::::::: AcquireRequestState Request called at 8/17/2018 11:55:44 PM   :::   23:55:44.2902783

::::::::::: PostAcquireRequestState Request called at 8/17/2018 11:55:44 PM   :::   23:55:44.2917795

::::::::::: PreRequestHandlerExecute Request called at 8/17/2018 11:55:44 PM   :::   23:55:44.2932816

::::::::::: PreSendRequestContent Request called at 8/17/2018 11:55:50 PM   :::   23:55:50.4936527

::::::::::: PreSendRequestHeaders Request called at 8/17/2018 11:55:50 PM   :::   23:55:50.4956533

::::::::::: PostRequestHandlerExecute Request called at 8/17/2018 11:55:50 PM   :::   23:55:50.5151468

::::::::::: ReleaseRequestState Request called at 8/17/2018 11:55:50 PM   :::   23:55:50.5171486

::::::::::: PostReleaseRequestState Request called at 8/17/2018 11:55:50 PM   :::   23:55:50.5201512

::::::::::: UpdateRequestCache Request called at 8/17/2018 11:55:50 PM   :::   23:55:50.5211511

::::::::::: EndRequest Request called at 8/17/2018 11:55:50 PM   :::   23:55:50.5241536

::::::::::: PreSendRequestContent Request called at 8/17/2018 11:55:50 PM   :::   23:55:50.5251543

::::::::::: BeginRequest Request called at 8/17/2018 11:55:50 PM   :::   23:55:50.9995030

::::::::::: AuthenticateRequest Request called at 8/17/2018 11:55:51 PM   :::   23:55:51.0010038

::::::::::: PostAuthenticateRequest Request called at 8/17/2018 11:55:51 PM   :::   23:55:51.0030057

::::::::::: AuthorizeRequest Request called at 8/17/2018 11:55:51 PM   :::   23:55:51.0075087

::::::::::: PostAuthorizeRequest Request called at 8/17/2018 11:55:51 PM   :::   23:55:51.0110117

::::::::::: End Request called at 8/17/2018 11:55:51 PM   :::   23:55:51.0135129

::::::::::: PostResolveRequestCache Request called at 8/17/2018 11:55:51 PM   :::   23:55:51.0170156

::::::::::: AcquireRequestState Request called at 8/17/2018 11:55:51 PM   :::   23:55:51.0215190

::::::::::: PostAcquireRequestState Request called at 8/17/2018 11:55:51 PM   :::   23:55:51.0575442

::::::::::: PreRequestHandlerExecute Request called at 8/17/2018 11:55:51 PM   :::   23:55:51.0775584

::::::::::: PreSendRequestContent Request called at 8/17/2018 11:57:25 PM   :::   23:57:25.8300813

::::::::::: PreSendRequestHeaders Request called at 8/17/2018 11:57:25 PM   :::   23:57:25.8320827

::::::::::: PostRequestHandlerExecute Request called at 8/17/2018 11:57:25 PM   :::   23:57:25.8460931

::::::::::: ReleaseRequestState Request called at 8/17/2018 11:57:25 PM   :::   23:57:25.8480941

::::::::::: PostReleaseRequestState Request called at 8/17/2018 11:57:25 PM   :::   23:57:25.8500955

::::::::::: UpdateRequestCache Request called at 8/17/2018 11:57:25 PM   :::   23:57:25.8510962

::::::::::: EndRequest Request called at 8/17/2018 11:57:25 PM   :::   23:57:25.8601022

::::::::::: PreSendRequestContent Request called at 8/17/2018 11:57:25 PM   :::   23:57:25.8971293

