::::::::::: BeginRequest Request called at 9/2/2018 11:02:26 PM   :::   23:02:26.3756432

::::::::::: AuthenticateRequest Request called at 9/2/2018 11:02:26 PM   :::   23:02:26.3836446

::::::::::: PostAuthenticateRequest Request called at 9/2/2018 11:02:26 PM   :::   23:02:26.3876438

::::::::::: AuthorizeRequest Request called at 9/2/2018 11:02:26 PM   :::   23:02:26.3916443

::::::::::: PostAuthorizeRequest Request called at 9/2/2018 11:02:26 PM   :::   23:02:26.3916443

::::::::::: End Request called at 9/2/2018 11:02:26 PM   :::   23:02:26.3916443

::::::::::: PostResolveRequestCache Request called at 9/2/2018 11:02:26 PM   :::   23:02:26.4396653

::::::::::: AcquireRequestState Request called at 9/2/2018 11:02:26 PM   :::   23:02:26.4556672

::::::::::: PostAcquireRequestState Request called at 9/2/2018 11:02:26 PM   :::   23:02:26.4596661

::::::::::: PreRequestHandlerExecute Request called at 9/2/2018 11:02:26 PM   :::   23:02:26.4636685

::::::::::: PostRequestHandlerExecute Request called at 9/2/2018 11:02:27 PM   :::   23:02:27.8424147

::::::::::: ReleaseRequestState Request called at 9/2/2018 11:02:27 PM   :::   23:02:27.8464184

::::::::::: PostReleaseRequestState Request called at 9/2/2018 11:02:27 PM   :::   23:02:27.8464184

::::::::::: UpdateRequestCache Request called at 9/2/2018 11:02:27 PM   :::   23:02:27.8944394

::::::::::: EndRequest Request called at 9/2/2018 11:02:27 PM   :::   23:02:27.8944394

::::::::::: PreSendRequestContent Request called at 9/2/2018 11:02:27 PM   :::   23:02:27.9024241

::::::::::: PreSendRequestHeaders Request called at 9/2/2018 11:02:27 PM   :::   23:02:27.9064222

::::::::::: BeginRequest Request called at 9/2/2018 11:02:28 PM   :::   23:02:28.3381547

::::::::::: AuthenticateRequest Request called at 9/2/2018 11:02:28 PM   :::   23:02:28.3381547

::::::::::: PostAuthenticateRequest Request called at 9/2/2018 11:02:28 PM   :::   23:02:28.3421544

::::::::::: AuthorizeRequest Request called at 9/2/2018 11:02:28 PM   :::   23:02:28.3421544

::::::::::: PostAuthorizeRequest Request called at 9/2/2018 11:02:28 PM   :::   23:02:28.3461545

::::::::::: End Request called at 9/2/2018 11:02:28 PM   :::   23:02:28.3461545

::::::::::: PostResolveRequestCache Request called at 9/2/2018 11:02:28 PM   :::   23:02:28.3501557

::::::::::: AcquireRequestState Request called at 9/2/2018 11:02:28 PM   :::   23:02:28.3501557

::::::::::: PostAcquireRequestState Request called at 9/2/2018 11:02:28 PM   :::   23:02:28.3541554

::::::::::: PreRequestHandlerExecute Request called at 9/2/2018 11:02:28 PM   :::   23:02:28.3541554

::::::::::: PostRequestHandlerExecute Request called at 9/2/2018 11:02:28 PM   :::   23:02:28.3741739

::::::::::: ReleaseRequestState Request called at 9/2/2018 11:02:28 PM   :::   23:02:28.3741739

::::::::::: PostReleaseRequestState Request called at 9/2/2018 11:02:28 PM   :::   23:02:28.3781566

::::::::::: UpdateRequestCache Request called at 9/2/2018 11:02:28 PM   :::   23:02:28.3781566

::::::::::: EndRequest Request called at 9/2/2018 11:02:28 PM   :::   23:02:28.3781566

::::::::::: PreSendRequestContent Request called at 9/2/2018 11:02:28 PM   :::   23:02:28.3821587

::::::::::: PreSendRequestHeaders Request called at 9/2/2018 11:02:28 PM   :::   23:02:28.3821587

::::::::::: BeginRequest Request called at 9/2/2018 11:02:30 PM   :::   23:02:30.1353711

::::::::::: AuthenticateRequest Request called at 9/2/2018 11:02:30 PM   :::   23:02:30.1353711

::::::::::: PostAuthenticateRequest Request called at 9/2/2018 11:02:30 PM   :::   23:02:30.1353711

::::::::::: AuthorizeRequest Request called at 9/2/2018 11:02:30 PM   :::   23:02:30.1393720

::::::::::: PostAuthorizeRequest Request called at 9/2/2018 11:02:30 PM   :::   23:02:30.1393720

::::::::::: End Request called at 9/2/2018 11:02:30 PM   :::   23:02:30.1393720

::::::::::: PostResolveRequestCache Request called at 9/2/2018 11:02:30 PM   :::   23:02:30.1473717

::::::::::: AcquireRequestState Request called at 9/2/2018 11:02:30 PM   :::   23:02:30.1473717

::::::::::: PostAcquireRequestState Request called at 9/2/2018 11:02:30 PM   :::   23:02:30.1473717

::::::::::: PreRequestHandlerExecute Request called at 9/2/2018 11:02:30 PM   :::   23:02:30.1513722

::::::::::: PostRequestHandlerExecute Request called at 9/2/2018 11:02:30 PM   :::   23:02:30.2318916

::::::::::: ReleaseRequestState Request called at 9/2/2018 11:02:30 PM   :::   23:02:30.2318916

::::::::::: PostReleaseRequestState Request called at 9/2/2018 11:02:30 PM   :::   23:02:30.2318916

::::::::::: UpdateRequestCache Request called at 9/2/2018 11:02:30 PM   :::   23:02:30.2358925

::::::::::: EndRequest Request called at 9/2/2018 11:02:30 PM   :::   23:02:30.2358925

::::::::::: PreSendRequestContent Request called at 9/2/2018 11:02:30 PM   :::   23:02:30.2358925

::::::::::: PreSendRequestHeaders Request called at 9/2/2018 11:02:30 PM   :::   23:02:30.2398918

::::::::::: BeginRequest Request called at 9/2/2018 11:02:32 PM   :::   23:02:32.1985212

::::::::::: AuthenticateRequest Request called at 9/2/2018 11:02:32 PM   :::   23:02:32.2005234

::::::::::: PostAuthenticateRequest Request called at 9/2/2018 11:02:32 PM   :::   23:02:32.2015230

::::::::::: AuthorizeRequest Request called at 9/2/2018 11:02:32 PM   :::   23:02:32.2030242

::::::::::: PostAuthorizeRequest Request called at 9/2/2018 11:02:32 PM   :::   23:02:32.2045255

::::::::::: End Request called at 9/2/2018 11:02:32 PM   :::   23:02:32.2045255

::::::::::: PostResolveRequestCache Request called at 9/2/2018 11:02:32 PM   :::   23:02:32.2045255

::::::::::: AcquireRequestState Request called at 9/2/2018 11:02:32 PM   :::   23:02:32.2085299

::::::::::: PostAcquireRequestState Request called at 9/2/2018 11:02:32 PM   :::   23:02:32.2085299

::::::::::: PreRequestHandlerExecute Request called at 9/2/2018 11:02:32 PM   :::   23:02:32.2125296

::::::::::: PreSendRequestContent Request called at 9/2/2018 11:02:40 PM   :::   23:02:40.1789997

::::::::::: PreSendRequestHeaders Request called at 9/2/2018 11:02:40 PM   :::   23:02:40.1789997

::::::::::: PostRequestHandlerExecute Request called at 9/2/2018 11:02:40 PM   :::   23:02:40.1946254

::::::::::: ReleaseRequestState Request called at 9/2/2018 11:02:40 PM   :::   23:02:40.1946254

::::::::::: PostReleaseRequestState Request called at 9/2/2018 11:02:40 PM   :::   23:02:40.1946254

::::::::::: UpdateRequestCache Request called at 9/2/2018 11:02:40 PM   :::   23:02:40.1946254

::::::::::: EndRequest Request called at 9/2/2018 11:02:40 PM   :::   23:02:40.1946254

::::::::::: PreSendRequestContent Request called at 9/2/2018 11:02:40 PM   :::   23:02:40.1946254

