::::::::::: BeginRequest Request called at 9/26/2018 12:44:57 AM   :::   00:44:57.2913103

::::::::::: AuthenticateRequest Request called at 9/26/2018 12:44:57 AM   :::   00:44:57.2953108

::::::::::: PostAuthenticateRequest Request called at 9/26/2018 12:44:57 AM   :::   00:44:57.2993109

::::::::::: AuthorizeRequest Request called at 9/26/2018 12:44:57 AM   :::   00:44:57.2993109

::::::::::: PostAuthorizeRequest Request called at 9/26/2018 12:44:57 AM   :::   00:44:57.3033110

::::::::::: End Request called at 9/26/2018 12:44:57 AM   :::   00:44:57.3033110

::::::::::: PostResolveRequestCache Request called at 9/26/2018 12:44:57 AM   :::   00:44:57.3073118

::::::::::: AcquireRequestState Request called at 9/26/2018 12:44:57 AM   :::   00:44:57.3073118

::::::::::: PostAcquireRequestState Request called at 9/26/2018 12:44:57 AM   :::   00:44:57.3113115

::::::::::: PreRequestHandlerExecute Request called at 9/26/2018 12:44:57 AM   :::   00:44:57.3113115

::::::::::: PostRequestHandlerExecute Request called at 9/26/2018 12:44:57 AM   :::   00:44:57.3153120

::::::::::: ReleaseRequestState Request called at 9/26/2018 12:44:57 AM   :::   00:44:57.3153120

::::::::::: PostReleaseRequestState Request called at 9/26/2018 12:44:57 AM   :::   00:44:57.3193125

::::::::::: UpdateRequestCache Request called at 9/26/2018 12:44:57 AM   :::   00:44:57.3233122

::::::::::: EndRequest Request called at 9/26/2018 12:44:57 AM   :::   00:44:57.3273126

::::::::::: PreSendRequestContent Request called at 9/26/2018 12:44:57 AM   :::   00:44:57.3273126

::::::::::: PreSendRequestHeaders Request called at 9/26/2018 12:44:57 AM   :::   00:44:57.3313135

::::::::::: BeginRequest Request called at 9/26/2018 12:44:57 AM   :::   00:44:57.3673162

::::::::::: AuthenticateRequest Request called at 9/26/2018 12:44:57 AM   :::   00:44:57.3713163

::::::::::: PostAuthenticateRequest Request called at 9/26/2018 12:44:57 AM   :::   00:44:57.3753168

::::::::::: AuthorizeRequest Request called at 9/26/2018 12:44:57 AM   :::   00:44:57.3793161

::::::::::: PostAuthorizeRequest Request called at 9/26/2018 12:44:57 AM   :::   00:44:57.3793161

::::::::::: End Request called at 9/26/2018 12:44:57 AM   :::   00:44:57.3833170

::::::::::: PostResolveRequestCache Request called at 9/26/2018 12:44:57 AM   :::   00:44:57.3833170

::::::::::: AcquireRequestState Request called at 9/26/2018 12:44:57 AM   :::   00:44:57.3873175

::::::::::: PostAcquireRequestState Request called at 9/26/2018 12:44:57 AM   :::   00:44:57.3873175

::::::::::: PreRequestHandlerExecute Request called at 9/26/2018 12:44:57 AM   :::   00:44:57.3913175

::::::::::: PostRequestHandlerExecute Request called at 9/26/2018 12:45:12 AM   :::   00:45:12.0074188

::::::::::: ReleaseRequestState Request called at 9/26/2018 12:45:12 AM   :::   00:45:12.0074188

::::::::::: PostReleaseRequestState Request called at 9/26/2018 12:45:12 AM   :::   00:45:12.0074188

::::::::::: UpdateRequestCache Request called at 9/26/2018 12:45:12 AM   :::   00:45:12.0114174

::::::::::: EndRequest Request called at 9/26/2018 12:45:12 AM   :::   00:45:12.0114174

::::::::::: BeginRequest Request called at 9/26/2018 1:18:29 AM   :::   01:18:29.0294689

::::::::::: AuthenticateRequest Request called at 9/26/2018 1:18:29 AM   :::   01:18:29.0294689

::::::::::: PostAuthenticateRequest Request called at 9/26/2018 1:18:29 AM   :::   01:18:29.0334689

::::::::::: AuthorizeRequest Request called at 9/26/2018 1:18:29 AM   :::   01:18:29.0374706

::::::::::: PostAuthorizeRequest Request called at 9/26/2018 1:18:29 AM   :::   01:18:29.0374706

::::::::::: End Request called at 9/26/2018 1:18:29 AM   :::   01:18:29.0414691

::::::::::: PostResolveRequestCache Request called at 9/26/2018 1:18:29 AM   :::   01:18:29.0414691

::::::::::: AcquireRequestState Request called at 9/26/2018 1:18:29 AM   :::   01:18:29.0454700

::::::::::: PostAcquireRequestState Request called at 9/26/2018 1:18:29 AM   :::   01:18:29.0454700

::::::::::: PreRequestHandlerExecute Request called at 9/26/2018 1:18:29 AM   :::   01:18:29.0454700

::::::::::: PostRequestHandlerExecute Request called at 9/26/2018 1:18:29 AM   :::   01:18:29.0494697

::::::::::: ReleaseRequestState Request called at 9/26/2018 1:18:29 AM   :::   01:18:29.0534697

::::::::::: PostReleaseRequestState Request called at 9/26/2018 1:18:29 AM   :::   01:18:29.0534697

::::::::::: UpdateRequestCache Request called at 9/26/2018 1:18:29 AM   :::   01:18:29.0574702

::::::::::: EndRequest Request called at 9/26/2018 1:18:29 AM   :::   01:18:29.0574702

::::::::::: PreSendRequestContent Request called at 9/26/2018 1:18:29 AM   :::   01:18:29.0614707

::::::::::: PreSendRequestHeaders Request called at 9/26/2018 1:18:29 AM   :::   01:18:29.0614707

::::::::::: BeginRequest Request called at 9/26/2018 1:18:29 AM   :::   01:18:29.0934737

::::::::::: AuthenticateRequest Request called at 9/26/2018 1:18:29 AM   :::   01:18:29.0974734

::::::::::: PostAuthenticateRequest Request called at 9/26/2018 1:18:29 AM   :::   01:18:29.1054732

::::::::::: AuthorizeRequest Request called at 9/26/2018 1:18:29 AM   :::   01:18:29.1054732

::::::::::: PostAuthorizeRequest Request called at 9/26/2018 1:18:29 AM   :::   01:18:29.1094737

::::::::::: End Request called at 9/26/2018 1:18:29 AM   :::   01:18:29.1094737

::::::::::: PostResolveRequestCache Request called at 9/26/2018 1:18:29 AM   :::   01:18:29.1134746

::::::::::: AcquireRequestState Request called at 9/26/2018 1:18:29 AM   :::   01:18:29.1134746

::::::::::: PostAcquireRequestState Request called at 9/26/2018 1:18:29 AM   :::   01:18:29.1174762

::::::::::: PreRequestHandlerExecute Request called at 9/26/2018 1:18:29 AM   :::   01:18:29.1174762

::::::::::: PostRequestHandlerExecute Request called at 9/26/2018 1:18:39 AM   :::   01:18:39.4476665

::::::::::: ReleaseRequestState Request called at 9/26/2018 1:18:39 AM   :::   01:18:39.4476665

::::::::::: PostReleaseRequestState Request called at 9/26/2018 1:18:39 AM   :::   01:18:39.4633064

::::::::::: UpdateRequestCache Request called at 9/26/2018 1:18:39 AM   :::   01:18:39.4633064

::::::::::: EndRequest Request called at 9/26/2018 1:18:39 AM   :::   01:18:39.4633064

::::::::::: BeginRequest Request called at 9/26/2018 1:19:20 AM   :::   01:19:20.7417234

::::::::::: AuthenticateRequest Request called at 9/26/2018 1:19:20 AM   :::   01:19:20.7457238

::::::::::: PostAuthenticateRequest Request called at 9/26/2018 1:19:20 AM   :::   01:19:20.7497239

::::::::::: AuthorizeRequest Request called at 9/26/2018 1:19:20 AM   :::   01:19:20.7497239

::::::::::: PostAuthorizeRequest Request called at 9/26/2018 1:19:20 AM   :::   01:19:20.7537291

::::::::::: End Request called at 9/26/2018 1:19:20 AM   :::   01:19:20.7577245

::::::::::: PostResolveRequestCache Request called at 9/26/2018 1:19:20 AM   :::   01:19:20.7577245

::::::::::: AcquireRequestState Request called at 9/26/2018 1:19:20 AM   :::   01:19:20.7617250

::::::::::: PostAcquireRequestState Request called at 9/26/2018 1:19:20 AM   :::   01:19:20.7617250

::::::::::: PreRequestHandlerExecute Request called at 9/26/2018 1:19:20 AM   :::   01:19:20.7657251

::::::::::: PostRequestHandlerExecute Request called at 9/26/2018 1:19:20 AM   :::   01:19:20.7697247

::::::::::: ReleaseRequestState Request called at 9/26/2018 1:19:20 AM   :::   01:19:20.7697247

::::::::::: PostReleaseRequestState Request called at 9/26/2018 1:19:20 AM   :::   01:19:20.7737252

::::::::::: UpdateRequestCache Request called at 9/26/2018 1:19:20 AM   :::   01:19:20.7737252

::::::::::: EndRequest Request called at 9/26/2018 1:19:20 AM   :::   01:19:20.7777257

::::::::::: PreSendRequestContent Request called at 9/26/2018 1:19:20 AM   :::   01:19:20.7777257

::::::::::: PreSendRequestHeaders Request called at 9/26/2018 1:19:20 AM   :::   01:19:20.7777257

::::::::::: BeginRequest Request called at 9/26/2018 1:19:21 AM   :::   01:19:21.3737678

::::::::::: AuthenticateRequest Request called at 9/26/2018 1:19:21 AM   :::   01:19:21.3737678

::::::::::: PostAuthenticateRequest Request called at 9/26/2018 1:19:21 AM   :::   01:19:21.3737678

::::::::::: AuthorizeRequest Request called at 9/26/2018 1:19:21 AM   :::   01:19:21.3777679

::::::::::: PostAuthorizeRequest Request called at 9/26/2018 1:19:21 AM   :::   01:19:21.3777679

::::::::::: End Request called at 9/26/2018 1:19:21 AM   :::   01:19:21.3817687

::::::::::: PostResolveRequestCache Request called at 9/26/2018 1:19:21 AM   :::   01:19:21.3817687

::::::::::: AcquireRequestState Request called at 9/26/2018 1:19:21 AM   :::   01:19:21.3857696

::::::::::: PostAcquireRequestState Request called at 9/26/2018 1:19:21 AM   :::   01:19:21.3857696

::::::::::: PreRequestHandlerExecute Request called at 9/26/2018 1:19:21 AM   :::   01:19:21.3897689

::::::::::: PreSendRequestContent Request called at 9/26/2018 1:19:30 AM   :::   01:19:30.2851829

::::::::::: PreSendRequestHeaders Request called at 9/26/2018 1:19:30 AM   :::   01:19:30.2851829

::::::::::: PostRequestHandlerExecute Request called at 9/26/2018 1:19:30 AM   :::   01:19:30.3007892

::::::::::: ReleaseRequestState Request called at 9/26/2018 1:19:30 AM   :::   01:19:30.3007892

::::::::::: PostReleaseRequestState Request called at 9/26/2018 1:19:30 AM   :::   01:19:30.3007892

::::::::::: UpdateRequestCache Request called at 9/26/2018 1:19:30 AM   :::   01:19:30.3007892

::::::::::: EndRequest Request called at 9/26/2018 1:19:30 AM   :::   01:19:30.3007892

::::::::::: PreSendRequestContent Request called at 9/26/2018 1:19:30 AM   :::   01:19:30.3007892

::::::::::: BeginRequest Request called at 9/26/2018 10:18:21 PM   :::   22:18:21.7936328

::::::::::: AuthenticateRequest Request called at 9/26/2018 10:18:21 PM   :::   22:18:21.8036399

::::::::::: PostAuthenticateRequest Request called at 9/26/2018 10:18:21 PM   :::   22:18:21.8096438

::::::::::: AuthorizeRequest Request called at 9/26/2018 10:18:21 PM   :::   22:18:21.8121461

::::::::::: PostAuthorizeRequest Request called at 9/26/2018 10:18:21 PM   :::   22:18:21.8136470

::::::::::: End Request called at 9/26/2018 10:18:21 PM   :::   22:18:21.8166491

::::::::::: PostResolveRequestCache Request called at 9/26/2018 10:18:21 PM   :::   22:18:21.8661750

::::::::::: AcquireRequestState Request called at 9/26/2018 10:18:21 PM   :::   22:18:21.8861762

::::::::::: PostAcquireRequestState Request called at 9/26/2018 10:18:21 PM   :::   22:18:21.8861762

::::::::::: PreRequestHandlerExecute Request called at 9/26/2018 10:18:21 PM   :::   22:18:21.8901775

::::::::::: PostRequestHandlerExecute Request called at 9/26/2018 10:18:23 PM   :::   22:18:23.4392772

::::::::::: ReleaseRequestState Request called at 9/26/2018 10:18:23 PM   :::   22:18:23.4412786

::::::::::: PostReleaseRequestState Request called at 9/26/2018 10:18:23 PM   :::   22:18:23.4442811

::::::::::: UpdateRequestCache Request called at 9/26/2018 10:18:23 PM   :::   22:18:23.5013220

::::::::::: EndRequest Request called at 9/26/2018 10:18:23 PM   :::   22:18:23.5048239

::::::::::: PreSendRequestContent Request called at 9/26/2018 10:18:23 PM   :::   22:18:23.5123286

::::::::::: PreSendRequestHeaders Request called at 9/26/2018 10:18:23 PM   :::   22:18:23.5138303

::::::::::: BeginRequest Request called at 9/26/2018 10:18:24 PM   :::   22:18:24.0251932

::::::::::: AuthenticateRequest Request called at 9/26/2018 10:18:24 PM   :::   22:18:24.0286959

::::::::::: PostAuthenticateRequest Request called at 9/26/2018 10:18:24 PM   :::   22:18:24.0306973

::::::::::: AuthorizeRequest Request called at 9/26/2018 10:18:24 PM   :::   22:18:24.0326995

::::::::::: PostAuthorizeRequest Request called at 9/26/2018 10:18:24 PM   :::   22:18:24.0341992

::::::::::: End Request called at 9/26/2018 10:18:24 PM   :::   22:18:24.0352003

::::::::::: PostResolveRequestCache Request called at 9/26/2018 10:18:24 PM   :::   22:18:24.0407044

::::::::::: AcquireRequestState Request called at 9/26/2018 10:18:24 PM   :::   22:18:24.0442079

::::::::::: PostAcquireRequestState Request called at 9/26/2018 10:18:24 PM   :::   22:18:24.0462089

::::::::::: PreRequestHandlerExecute Request called at 9/26/2018 10:18:24 PM   :::   22:18:24.0482099

::::::::::: BeginRequest Request called at 9/26/2018 10:18:24 PM   :::   22:18:24.0942426

::::::::::: AuthenticateRequest Request called at 9/26/2018 10:18:24 PM   :::   22:18:24.0962436

::::::::::: PostAuthenticateRequest Request called at 9/26/2018 10:18:24 PM   :::   22:18:24.0977453

::::::::::: AuthorizeRequest Request called at 9/26/2018 10:18:24 PM   :::   22:18:24.0997467

::::::::::: PostAuthorizeRequest Request called at 9/26/2018 10:18:24 PM   :::   22:18:24.1012476

::::::::::: End Request called at 9/26/2018 10:18:24 PM   :::   22:18:24.1027484

::::::::::: PostResolveRequestCache Request called at 9/26/2018 10:18:24 PM   :::   22:18:24.1042493

::::::::::: AcquireRequestState Request called at 9/26/2018 10:18:24 PM   :::   22:18:24.1062511

::::::::::: PostAcquireRequestState Request called at 9/26/2018 10:18:24 PM   :::   22:18:24.1077520

::::::::::: PreRequestHandlerExecute Request called at 9/26/2018 10:18:24 PM   :::   22:18:24.1097534

::::::::::: PostRequestHandlerExecute Request called at 9/26/2018 10:18:24 PM   :::   22:18:24.1322692

::::::::::: ReleaseRequestState Request called at 9/26/2018 10:18:24 PM   :::   22:18:24.1347716

::::::::::: PostReleaseRequestState Request called at 9/26/2018 10:18:24 PM   :::   22:18:24.1362720

::::::::::: UpdateRequestCache Request called at 9/26/2018 10:18:24 PM   :::   22:18:24.1387740

::::::::::: EndRequest Request called at 9/26/2018 10:18:24 PM   :::   22:18:24.1402753

::::::::::: PreSendRequestContent Request called at 9/26/2018 10:18:24 PM   :::   22:18:24.1417757

::::::::::: PreSendRequestHeaders Request called at 9/26/2018 10:18:24 PM   :::   22:18:24.1432770

::::::::::: PostRequestHandlerExecute Request called at 9/26/2018 10:18:24 PM   :::   22:18:24.1502820

::::::::::: ReleaseRequestState Request called at 9/26/2018 10:18:24 PM   :::   22:18:24.1517836

::::::::::: PostReleaseRequestState Request called at 9/26/2018 10:18:24 PM   :::   22:18:24.1532841

::::::::::: UpdateRequestCache Request called at 9/26/2018 10:18:24 PM   :::   22:18:24.1552855

::::::::::: EndRequest Request called at 9/26/2018 10:18:24 PM   :::   22:18:24.1567876

::::::::::: PreSendRequestContent Request called at 9/26/2018 10:18:24 PM   :::   22:18:24.1582888

::::::::::: PreSendRequestHeaders Request called at 9/26/2018 10:18:24 PM   :::   22:18:24.1597885

::::::::::: BeginRequest Request called at 9/26/2018 10:18:24 PM   :::   22:18:24.2358433

::::::::::: AuthenticateRequest Request called at 9/26/2018 10:18:24 PM   :::   22:18:24.2378443

::::::::::: PostAuthenticateRequest Request called at 9/26/2018 10:18:24 PM   :::   22:18:24.2398457

::::::::::: AuthorizeRequest Request called at 9/26/2018 10:18:24 PM   :::   22:18:24.2413470

::::::::::: PostAuthorizeRequest Request called at 9/26/2018 10:18:24 PM   :::   22:18:24.2433480

::::::::::: End Request called at 9/26/2018 10:18:24 PM   :::   22:18:24.2453510

::::::::::: PostResolveRequestCache Request called at 9/26/2018 10:18:24 PM   :::   22:18:24.2478514

::::::::::: AcquireRequestState Request called at 9/26/2018 10:18:24 PM   :::   22:18:24.2503530

::::::::::: PostAcquireRequestState Request called at 9/26/2018 10:18:24 PM   :::   22:18:24.2518542

::::::::::: PreRequestHandlerExecute Request called at 9/26/2018 10:18:24 PM   :::   22:18:24.2533575

::::::::::: PostRequestHandlerExecute Request called at 9/26/2018 10:18:32 PM   :::   22:18:32.7810325

::::::::::: ReleaseRequestState Request called at 9/26/2018 10:18:32 PM   :::   22:18:32.7850330

::::::::::: PostReleaseRequestState Request called at 9/26/2018 10:18:32 PM   :::   22:18:32.7850330

::::::::::: UpdateRequestCache Request called at 9/26/2018 10:18:32 PM   :::   22:18:32.7895380

::::::::::: EndRequest Request called at 9/26/2018 10:18:32 PM   :::   22:18:32.7910389

::::::::::: BeginRequest Request called at 9/26/2018 10:25:07 PM   :::   22:25:07.7370104

::::::::::: AuthenticateRequest Request called at 9/26/2018 10:25:07 PM   :::   22:25:07.7410112

::::::::::: PostAuthenticateRequest Request called at 9/26/2018 10:25:07 PM   :::   22:25:07.7410112

::::::::::: AuthorizeRequest Request called at 9/26/2018 10:25:07 PM   :::   22:25:07.7450117

::::::::::: PostAuthorizeRequest Request called at 9/26/2018 10:25:07 PM   :::   22:25:07.7450117

::::::::::: End Request called at 9/26/2018 10:25:07 PM   :::   22:25:07.7450117

::::::::::: PostResolveRequestCache Request called at 9/26/2018 10:25:07 PM   :::   22:25:07.7490118

::::::::::: AcquireRequestState Request called at 9/26/2018 10:25:07 PM   :::   22:25:07.7490118

::::::::::: PostAcquireRequestState Request called at 9/26/2018 10:25:07 PM   :::   22:25:07.7530123

::::::::::: PreRequestHandlerExecute Request called at 9/26/2018 10:25:07 PM   :::   22:25:07.7570131

::::::::::: PostRequestHandlerExecute Request called at 9/26/2018 10:25:07 PM   :::   22:25:07.7570131

::::::::::: ReleaseRequestState Request called at 9/26/2018 10:25:07 PM   :::   22:25:07.7610128

::::::::::: PostReleaseRequestState Request called at 9/26/2018 10:25:07 PM   :::   22:25:07.7610128

::::::::::: UpdateRequestCache Request called at 9/26/2018 10:25:07 PM   :::   22:25:07.7610128

::::::::::: EndRequest Request called at 9/26/2018 10:25:07 PM   :::   22:25:07.7650129

::::::::::: PreSendRequestContent Request called at 9/26/2018 10:25:07 PM   :::   22:25:07.7650129

::::::::::: PreSendRequestHeaders Request called at 9/26/2018 10:25:07 PM   :::   22:25:07.7690134

::::::::::: BeginRequest Request called at 9/26/2018 10:25:07 PM   :::   22:25:07.8040287

::::::::::: AuthenticateRequest Request called at 9/26/2018 10:25:07 PM   :::   22:25:07.8050299

::::::::::: PostAuthenticateRequest Request called at 9/26/2018 10:25:07 PM   :::   22:25:07.8090339

::::::::::: AuthorizeRequest Request called at 9/26/2018 10:25:07 PM   :::   22:25:07.8130340

::::::::::: PostAuthorizeRequest Request called at 9/26/2018 10:25:07 PM   :::   22:25:07.8170344

::::::::::: End Request called at 9/26/2018 10:25:07 PM   :::   22:25:07.8210341

::::::::::: PostResolveRequestCache Request called at 9/26/2018 10:25:07 PM   :::   22:25:07.8210341

::::::::::: AcquireRequestState Request called at 9/26/2018 10:25:07 PM   :::   22:25:07.8250346

::::::::::: PostAcquireRequestState Request called at 9/26/2018 10:25:07 PM   :::   22:25:07.8290351

::::::::::: PreRequestHandlerExecute Request called at 9/26/2018 10:25:07 PM   :::   22:25:07.8290351

::::::::::: PostRequestHandlerExecute Request called at 9/26/2018 10:25:16 PM   :::   22:25:16.2128814

::::::::::: ReleaseRequestState Request called at 9/26/2018 10:25:16 PM   :::   22:25:16.2168831

::::::::::: PostReleaseRequestState Request called at 9/26/2018 10:25:16 PM   :::   22:25:16.2168831

::::::::::: UpdateRequestCache Request called at 9/26/2018 10:25:16 PM   :::   22:25:16.2168831

::::::::::: EndRequest Request called at 9/26/2018 10:25:16 PM   :::   22:25:16.2208832

::::::::::: BeginRequest Request called at 9/26/2018 10:25:36 PM   :::   22:25:36.8812496

::::::::::: AuthenticateRequest Request called at 9/26/2018 10:25:36 PM   :::   22:25:36.8832514

::::::::::: PostAuthenticateRequest Request called at 9/26/2018 10:25:36 PM   :::   22:25:36.8847515

::::::::::: AuthorizeRequest Request called at 9/26/2018 10:25:36 PM   :::   22:25:36.8862528

::::::::::: PostAuthorizeRequest Request called at 9/26/2018 10:25:36 PM   :::   22:25:36.8882542

::::::::::: End Request called at 9/26/2018 10:25:36 PM   :::   22:25:36.8912563

::::::::::: PostResolveRequestCache Request called at 9/26/2018 10:25:36 PM   :::   22:25:36.8957597

::::::::::: AcquireRequestState Request called at 9/26/2018 10:25:36 PM   :::   22:25:36.8972606

::::::::::: PostAcquireRequestState Request called at 9/26/2018 10:25:36 PM   :::   22:25:36.8987615

::::::::::: PreRequestHandlerExecute Request called at 9/26/2018 10:25:36 PM   :::   22:25:36.9002627

::::::::::: PostRequestHandlerExecute Request called at 9/26/2018 10:25:36 PM   :::   22:25:36.9022649

::::::::::: ReleaseRequestState Request called at 9/26/2018 10:25:36 PM   :::   22:25:36.9037650

::::::::::: PostReleaseRequestState Request called at 9/26/2018 10:25:36 PM   :::   22:25:36.9047657

::::::::::: UpdateRequestCache Request called at 9/26/2018 10:25:36 PM   :::   22:25:36.9062670

::::::::::: EndRequest Request called at 9/26/2018 10:25:36 PM   :::   22:25:36.9072677

::::::::::: PreSendRequestContent Request called at 9/26/2018 10:25:36 PM   :::   22:25:36.9097705

::::::::::: PreSendRequestHeaders Request called at 9/26/2018 10:25:36 PM   :::   22:25:36.9112721

::::::::::: BeginRequest Request called at 9/26/2018 10:25:36 PM   :::   22:25:36.9422965

::::::::::: AuthenticateRequest Request called at 9/26/2018 10:25:36 PM   :::   22:25:36.9437938

::::::::::: PostAuthenticateRequest Request called at 9/26/2018 10:25:36 PM   :::   22:25:36.9457952

::::::::::: AuthorizeRequest Request called at 9/26/2018 10:25:36 PM   :::   22:25:36.9472961

::::::::::: PostAuthorizeRequest Request called at 9/26/2018 10:25:36 PM   :::   22:25:36.9487974

::::::::::: End Request called at 9/26/2018 10:25:36 PM   :::   22:25:36.9502982

::::::::::: PostResolveRequestCache Request called at 9/26/2018 10:25:36 PM   :::   22:25:36.9522997

::::::::::: AcquireRequestState Request called at 9/26/2018 10:25:36 PM   :::   22:25:36.9543011

::::::::::: PostAcquireRequestState Request called at 9/26/2018 10:25:36 PM   :::   22:25:36.9558023

::::::::::: PreRequestHandlerExecute Request called at 9/26/2018 10:25:36 PM   :::   22:25:36.9588045

::::::::::: PostRequestHandlerExecute Request called at 9/26/2018 10:25:42 PM   :::   22:25:42.4467669

::::::::::: ReleaseRequestState Request called at 9/26/2018 10:25:42 PM   :::   22:25:42.4507721

::::::::::: PostReleaseRequestState Request called at 9/26/2018 10:25:42 PM   :::   22:25:42.4507721

::::::::::: UpdateRequestCache Request called at 9/26/2018 10:25:42 PM   :::   22:25:42.4547706

::::::::::: EndRequest Request called at 9/26/2018 10:25:42 PM   :::   22:25:42.4547706

::::::::::: BeginRequest Request called at 9/26/2018 10:26:48 PM   :::   22:26:48.3655128

::::::::::: AuthenticateRequest Request called at 9/26/2018 10:26:48 PM   :::   22:26:48.3755199

::::::::::: PostAuthenticateRequest Request called at 9/26/2018 10:26:48 PM   :::   22:26:48.3775209

::::::::::: AuthorizeRequest Request called at 9/26/2018 10:26:48 PM   :::   22:26:48.3790222

::::::::::: PostAuthorizeRequest Request called at 9/26/2018 10:26:48 PM   :::   22:26:48.3805231

::::::::::: End Request called at 9/26/2018 10:26:48 PM   :::   22:26:48.3820243

::::::::::: PostResolveRequestCache Request called at 9/26/2018 10:26:48 PM   :::   22:26:48.3840258

::::::::::: AcquireRequestState Request called at 9/26/2018 10:26:48 PM   :::   22:26:48.3860272

::::::::::: PostAcquireRequestState Request called at 9/26/2018 10:26:48 PM   :::   22:26:48.3910307

::::::::::: PreRequestHandlerExecute Request called at 9/26/2018 10:26:48 PM   :::   22:26:48.3925320

::::::::::: PostRequestHandlerExecute Request called at 9/26/2018 10:26:48 PM   :::   22:26:48.3950332

::::::::::: ReleaseRequestState Request called at 9/26/2018 10:26:48 PM   :::   22:26:48.3965344

::::::::::: PostReleaseRequestState Request called at 9/26/2018 10:26:48 PM   :::   22:26:48.3980357

::::::::::: UpdateRequestCache Request called at 9/26/2018 10:26:48 PM   :::   22:26:48.3990364

::::::::::: EndRequest Request called at 9/26/2018 10:26:48 PM   :::   22:26:48.4005377

::::::::::: PreSendRequestContent Request called at 9/26/2018 10:26:48 PM   :::   22:26:48.4020381

::::::::::: PreSendRequestHeaders Request called at 9/26/2018 10:26:48 PM   :::   22:26:48.4035394

::::::::::: BeginRequest Request called at 9/26/2018 10:26:48 PM   :::   22:26:48.9223632

::::::::::: AuthenticateRequest Request called at 9/26/2018 10:26:48 PM   :::   22:26:48.9248652

::::::::::: PostAuthenticateRequest Request called at 9/26/2018 10:26:48 PM   :::   22:26:48.9263661

::::::::::: AuthorizeRequest Request called at 9/26/2018 10:26:48 PM   :::   22:26:48.9278673

::::::::::: PostAuthorizeRequest Request called at 9/26/2018 10:26:48 PM   :::   22:26:48.9293686

::::::::::: End Request called at 9/26/2018 10:26:48 PM   :::   22:26:48.9308691

::::::::::: PostResolveRequestCache Request called at 9/26/2018 10:26:48 PM   :::   22:26:48.9328709

::::::::::: AcquireRequestState Request called at 9/26/2018 10:26:48 PM   :::   22:26:48.9348723

::::::::::: PostAcquireRequestState Request called at 9/26/2018 10:26:48 PM   :::   22:26:48.9388759

::::::::::: PreRequestHandlerExecute Request called at 9/26/2018 10:26:48 PM   :::   22:26:48.9398758

::::::::::: PostRequestHandlerExecute Request called at 9/26/2018 10:26:55 PM   :::   22:26:55.0027544

::::::::::: ReleaseRequestState Request called at 9/26/2018 10:26:55 PM   :::   22:26:55.0027544

::::::::::: PostReleaseRequestState Request called at 9/26/2018 10:26:55 PM   :::   22:26:55.0183935

::::::::::: UpdateRequestCache Request called at 9/26/2018 10:26:55 PM   :::   22:26:55.0183935

::::::::::: EndRequest Request called at 9/26/2018 10:26:55 PM   :::   22:26:55.0183935

::::::::::: BeginRequest Request called at 9/26/2018 10:28:05 PM   :::   22:28:05.5724470

::::::::::: AuthenticateRequest Request called at 9/26/2018 10:28:05 PM   :::   22:28:05.5739479

::::::::::: PostAuthenticateRequest Request called at 9/26/2018 10:28:05 PM   :::   22:28:05.5774502

::::::::::: AuthorizeRequest Request called at 9/26/2018 10:28:05 PM   :::   22:28:05.5794524

::::::::::: PostAuthorizeRequest Request called at 9/26/2018 10:28:05 PM   :::   22:28:05.5814530

::::::::::: End Request called at 9/26/2018 10:28:05 PM   :::   22:28:05.5824541

::::::::::: PostResolveRequestCache Request called at 9/26/2018 10:28:05 PM   :::   22:28:05.5844556

::::::::::: AcquireRequestState Request called at 9/26/2018 10:28:05 PM   :::   22:28:05.5859564

::::::::::: PostAcquireRequestState Request called at 9/26/2018 10:28:05 PM   :::   22:28:05.5879583

::::::::::: PreRequestHandlerExecute Request called at 9/26/2018 10:28:05 PM   :::   22:28:05.5899605

::::::::::: PostRequestHandlerExecute Request called at 9/26/2018 10:28:05 PM   :::   22:28:05.5919607

::::::::::: ReleaseRequestState Request called at 9/26/2018 10:28:05 PM   :::   22:28:05.5939621

::::::::::: PostReleaseRequestState Request called at 9/26/2018 10:28:05 PM   :::   22:28:05.5964641

::::::::::: UpdateRequestCache Request called at 9/26/2018 10:28:05 PM   :::   22:28:05.5979650

::::::::::: EndRequest Request called at 9/26/2018 10:28:05 PM   :::   22:28:05.5994658

::::::::::: PreSendRequestContent Request called at 9/26/2018 10:28:05 PM   :::   22:28:05.6009671

::::::::::: PreSendRequestHeaders Request called at 9/26/2018 10:28:05 PM   :::   22:28:05.6024684

::::::::::: BeginRequest Request called at 9/26/2018 10:28:06 PM   :::   22:28:06.0987594

::::::::::: AuthenticateRequest Request called at 9/26/2018 10:28:06 PM   :::   22:28:06.1002587

::::::::::: PostAuthenticateRequest Request called at 9/26/2018 10:28:06 PM   :::   22:28:06.1022605

::::::::::: AuthorizeRequest Request called at 9/26/2018 10:28:06 PM   :::   22:28:06.1042615

::::::::::: PostAuthorizeRequest Request called at 9/26/2018 10:28:06 PM   :::   22:28:06.1057628

::::::::::: End Request called at 9/26/2018 10:28:06 PM   :::   22:28:06.1122676

::::::::::: PostResolveRequestCache Request called at 9/26/2018 10:28:06 PM   :::   22:28:06.1142694

::::::::::: AcquireRequestState Request called at 9/26/2018 10:28:06 PM   :::   22:28:06.1142694

::::::::::: PostAcquireRequestState Request called at 9/26/2018 10:28:06 PM   :::   22:28:06.1182746

::::::::::: PreRequestHandlerExecute Request called at 9/26/2018 10:28:06 PM   :::   22:28:06.1182746

::::::::::: PreSendRequestContent Request called at 9/26/2018 10:28:11 PM   :::   22:28:11.4858002

::::::::::: PreSendRequestHeaders Request called at 9/26/2018 10:28:11 PM   :::   22:28:11.4897797

::::::::::: PostRequestHandlerExecute Request called at 9/26/2018 10:28:11 PM   :::   22:28:11.4977806

::::::::::: ReleaseRequestState Request called at 9/26/2018 10:28:11 PM   :::   22:28:11.5017815

::::::::::: PostReleaseRequestState Request called at 9/26/2018 10:28:11 PM   :::   22:28:11.5017815

::::::::::: UpdateRequestCache Request called at 9/26/2018 10:28:11 PM   :::   22:28:11.5057808

::::::::::: EndRequest Request called at 9/26/2018 10:28:11 PM   :::   22:28:11.5057808

::::::::::: PreSendRequestContent Request called at 9/26/2018 10:28:11 PM   :::   22:28:11.5057808

::::::::::: BeginRequest Request called at 9/26/2018 10:29:07 PM   :::   22:29:07.8312378

::::::::::: AuthenticateRequest Request called at 9/26/2018 10:29:07 PM   :::   22:29:07.8392395

::::::::::: PostAuthenticateRequest Request called at 9/26/2018 10:29:07 PM   :::   22:29:07.8392395

::::::::::: AuthorizeRequest Request called at 9/26/2018 10:29:07 PM   :::   22:29:07.8432400

::::::::::: PostAuthorizeRequest Request called at 9/26/2018 10:29:07 PM   :::   22:29:07.8432400

::::::::::: End Request called at 9/26/2018 10:29:07 PM   :::   22:29:07.8432400

::::::::::: BeginRequest Request called at 9/26/2018 10:29:07 PM   :::   22:29:07.8782546

::::::::::: AuthenticateRequest Request called at 9/26/2018 10:29:07 PM   :::   22:29:07.8792577

::::::::::: PostAuthenticateRequest Request called at 9/26/2018 10:29:07 PM   :::   22:29:07.8792577

::::::::::: AuthorizeRequest Request called at 9/26/2018 10:29:07 PM   :::   22:29:07.8792577

::::::::::: PostAuthorizeRequest Request called at 9/26/2018 10:29:07 PM   :::   22:29:07.8832582

::::::::::: End Request called at 9/26/2018 10:29:07 PM   :::   22:29:07.8832582

::::::::::: PostResolveRequestCache Request called at 9/26/2018 10:29:07 PM   :::   22:29:07.8872582

::::::::::: AcquireRequestState Request called at 9/26/2018 10:29:07 PM   :::   22:29:07.8952588

::::::::::: PostAcquireRequestState Request called at 9/26/2018 10:29:07 PM   :::   22:29:07.8992593

::::::::::: PreRequestHandlerExecute Request called at 9/26/2018 10:29:07 PM   :::   22:29:07.8992593

::::::::::: PostResolveRequestCache Request called at 9/26/2018 10:29:07 PM   :::   22:29:07.9392624

::::::::::: AcquireRequestState Request called at 9/26/2018 10:29:07 PM   :::   22:29:07.9392624

::::::::::: PostAcquireRequestState Request called at 9/26/2018 10:29:07 PM   :::   22:29:07.9432621

::::::::::: PreRequestHandlerExecute Request called at 9/26/2018 10:29:07 PM   :::   22:29:07.9432621

::::::::::: PostRequestHandlerExecute Request called at 9/26/2018 10:29:08 PM   :::   22:29:08.0112839

::::::::::: ReleaseRequestState Request called at 9/26/2018 10:29:08 PM   :::   22:29:08.0112839

::::::::::: PostReleaseRequestState Request called at 9/26/2018 10:29:08 PM   :::   22:29:08.0152848

::::::::::: UpdateRequestCache Request called at 9/26/2018 10:29:08 PM   :::   22:29:08.0152848

::::::::::: EndRequest Request called at 9/26/2018 10:29:08 PM   :::   22:29:08.0192872

::::::::::: PreSendRequestContent Request called at 9/26/2018 10:29:08 PM   :::   22:29:08.0232861

::::::::::: PreSendRequestHeaders Request called at 9/26/2018 10:29:08 PM   :::   22:29:08.0272866

::::::::::: BeginRequest Request called at 9/26/2018 10:29:08 PM   :::   22:29:08.0312867

::::::::::: AuthenticateRequest Request called at 9/26/2018 10:29:08 PM   :::   22:29:08.0352887

::::::::::: PostAuthenticateRequest Request called at 9/26/2018 10:29:08 PM   :::   22:29:08.0352887

::::::::::: AuthorizeRequest Request called at 9/26/2018 10:29:08 PM   :::   22:29:08.0352887

::::::::::: PostAuthorizeRequest Request called at 9/26/2018 10:29:08 PM   :::   22:29:08.0392868

::::::::::: End Request called at 9/26/2018 10:29:08 PM   :::   22:29:08.0392868

::::::::::: PostResolveRequestCache Request called at 9/26/2018 10:29:08 PM   :::   22:29:08.0432873

::::::::::: AcquireRequestState Request called at 9/26/2018 10:29:08 PM   :::   22:29:08.0432873

::::::::::: PostAcquireRequestState Request called at 9/26/2018 10:29:08 PM   :::   22:29:08.0432873

::::::::::: PreRequestHandlerExecute Request called at 9/26/2018 10:29:08 PM   :::   22:29:08.0472890

::::::::::: PostRequestHandlerExecute Request called at 9/26/2018 10:29:09 PM   :::   22:29:09.8285519

::::::::::: ReleaseRequestState Request called at 9/26/2018 10:29:09 PM   :::   22:29:09.8285519

::::::::::: PostReleaseRequestState Request called at 9/26/2018 10:29:09 PM   :::   22:29:09.8285519

::::::::::: UpdateRequestCache Request called at 9/26/2018 10:29:09 PM   :::   22:29:09.8660586

::::::::::: EndRequest Request called at 9/26/2018 10:29:09 PM   :::   22:29:09.8675409

::::::::::: PreSendRequestContent Request called at 9/26/2018 10:29:09 PM   :::   22:29:09.8690418

::::::::::: PreSendRequestHeaders Request called at 9/26/2018 10:29:09 PM   :::   22:29:09.8700425

::::::::::: BeginRequest Request called at 9/26/2018 10:29:10 PM   :::   22:29:10.1081574

::::::::::: AuthenticateRequest Request called at 9/26/2018 10:29:10 PM   :::   22:29:10.1081574

::::::::::: PostAuthenticateRequest Request called at 9/26/2018 10:29:10 PM   :::   22:29:10.1121579

::::::::::: AuthorizeRequest Request called at 9/26/2018 10:29:10 PM   :::   22:29:10.1121579

::::::::::: PostAuthorizeRequest Request called at 9/26/2018 10:29:10 PM   :::   22:29:10.1121579

::::::::::: End Request called at 9/26/2018 10:29:10 PM   :::   22:29:10.1161579

::::::::::: PostResolveRequestCache Request called at 9/26/2018 10:29:10 PM   :::   22:29:10.1161579

::::::::::: AcquireRequestState Request called at 9/26/2018 10:29:10 PM   :::   22:29:10.1201588

::::::::::: PostAcquireRequestState Request called at 9/26/2018 10:29:10 PM   :::   22:29:10.1201588

::::::::::: PreRequestHandlerExecute Request called at 9/26/2018 10:29:10 PM   :::   22:29:10.1201588

::::::::::: PostRequestHandlerExecute Request called at 9/26/2018 10:29:10 PM   :::   22:29:10.1401600

::::::::::: ReleaseRequestState Request called at 9/26/2018 10:29:10 PM   :::   22:29:10.1441601

::::::::::: PostReleaseRequestState Request called at 9/26/2018 10:29:10 PM   :::   22:29:10.1441601

::::::::::: UpdateRequestCache Request called at 9/26/2018 10:29:10 PM   :::   22:29:10.1441601

::::::::::: EndRequest Request called at 9/26/2018 10:29:10 PM   :::   22:29:10.1481605

::::::::::: PreSendRequestContent Request called at 9/26/2018 10:29:10 PM   :::   22:29:10.1481605

::::::::::: PreSendRequestHeaders Request called at 9/26/2018 10:29:10 PM   :::   22:29:10.1521610

::::::::::: PreSendRequestContent Request called at 9/26/2018 10:29:15 PM   :::   22:29:15.7196687

::::::::::: PreSendRequestHeaders Request called at 9/26/2018 10:29:15 PM   :::   22:29:15.7236538

::::::::::: PostRequestHandlerExecute Request called at 9/26/2018 10:29:15 PM   :::   22:29:15.7316512

::::::::::: ReleaseRequestState Request called at 9/26/2018 10:29:15 PM   :::   22:29:15.7316512

::::::::::: PostReleaseRequestState Request called at 9/26/2018 10:29:15 PM   :::   22:29:15.7356520

::::::::::: UpdateRequestCache Request called at 9/26/2018 10:29:15 PM   :::   22:29:15.7356520

::::::::::: EndRequest Request called at 9/26/2018 10:29:15 PM   :::   22:29:15.7356520

::::::::::: PreSendRequestContent Request called at 9/26/2018 10:29:15 PM   :::   22:29:15.7396517

::::::::::: BeginRequest Request called at 9/26/2018 11:25:32 PM   :::   23:25:32.3672241

::::::::::: AuthenticateRequest Request called at 9/26/2018 11:25:32 PM   :::   23:25:32.3702263

::::::::::: PostAuthenticateRequest Request called at 9/26/2018 11:25:32 PM   :::   23:25:32.3722320

::::::::::: AuthorizeRequest Request called at 9/26/2018 11:25:32 PM   :::   23:25:32.3747336

::::::::::: PostAuthorizeRequest Request called at 9/26/2018 11:25:32 PM   :::   23:25:32.3782359

::::::::::: End Request called at 9/26/2018 11:25:32 PM   :::   23:25:32.3797372

::::::::::: PostResolveRequestCache Request called at 9/26/2018 11:25:32 PM   :::   23:25:32.3827401

::::::::::: AcquireRequestState Request called at 9/26/2018 11:25:32 PM   :::   23:25:32.3857450

::::::::::: PostAcquireRequestState Request called at 9/26/2018 11:25:32 PM   :::   23:25:32.3882525

::::::::::: PreRequestHandlerExecute Request called at 9/26/2018 11:25:32 PM   :::   23:25:32.3922549

::::::::::: PostRequestHandlerExecute Request called at 9/26/2018 11:25:32 PM   :::   23:25:32.3962570

::::::::::: ReleaseRequestState Request called at 9/26/2018 11:25:32 PM   :::   23:25:32.3972573

::::::::::: PostReleaseRequestState Request called at 9/26/2018 11:25:32 PM   :::   23:25:32.3982584

::::::::::: UpdateRequestCache Request called at 9/26/2018 11:25:32 PM   :::   23:25:32.4002602

::::::::::: EndRequest Request called at 9/26/2018 11:25:32 PM   :::   23:25:32.4012605

::::::::::: PreSendRequestContent Request called at 9/26/2018 11:25:32 PM   :::   23:25:32.4042634

::::::::::: PreSendRequestHeaders Request called at 9/26/2018 11:25:32 PM   :::   23:25:32.4062645

::::::::::: BeginRequest Request called at 9/26/2018 11:25:32 PM   :::   23:25:32.4132702

::::::::::: AuthenticateRequest Request called at 9/26/2018 11:25:32 PM   :::   23:25:32.4142709

::::::::::: PostAuthenticateRequest Request called at 9/26/2018 11:25:32 PM   :::   23:25:32.4162716

::::::::::: AuthorizeRequest Request called at 9/26/2018 11:25:32 PM   :::   23:25:32.4172723

::::::::::: PostAuthorizeRequest Request called at 9/26/2018 11:25:32 PM   :::   23:25:32.4202760

::::::::::: End Request called at 9/26/2018 11:25:32 PM   :::   23:25:32.4222758

::::::::::: PostResolveRequestCache Request called at 9/26/2018 11:25:32 PM   :::   23:25:32.4252795

::::::::::: AcquireRequestState Request called at 9/26/2018 11:25:32 PM   :::   23:25:32.4272798

::::::::::: PostAcquireRequestState Request called at 9/26/2018 11:25:32 PM   :::   23:25:32.4282809

::::::::::: PreRequestHandlerExecute Request called at 9/26/2018 11:25:32 PM   :::   23:25:32.4292812

::::::::::: PreSendRequestContent Request called at 9/26/2018 11:25:44 PM   :::   23:25:44.8049707

::::::::::: PreSendRequestHeaders Request called at 9/26/2018 11:25:44 PM   :::   23:25:44.8059540

::::::::::: Error Request called at 9/26/2018 11:25:44 PM   :::   23:25:44.8119571

::::::::::: PreSendRequestContent Request called at 9/26/2018 11:25:54 PM   :::   23:25:54.9189624

::::::::::: PreSendRequestContent Request called at 9/26/2018 11:25:54 PM   :::   23:25:54.9239391

::::::::::: PreSendRequestContent Request called at 9/26/2018 11:25:54 PM   :::   23:25:54.9539612

::::::::::: PreSendRequestContent Request called at 9/26/2018 11:25:54 PM   :::   23:25:54.9889845

::::::::::: EndRequest Request called at 9/26/2018 11:25:55 PM   :::   23:25:55.0009974

::::::::::: PreSendRequestContent Request called at 9/26/2018 11:25:55 PM   :::   23:25:55.0049998

