::::::::::: BeginRequest Request called at 7/26/2018 4:27:56 PM   :::   16:27:56.9677438

::::::::::: AuthenticateRequest Request called at 7/26/2018 4:27:56 PM   :::   16:27:56.9767498

::::::::::: PostAuthenticateRequest Request called at 7/26/2018 4:27:56 PM   :::   16:27:56.9847629

::::::::::: AuthorizeRequest Request called at 7/26/2018 4:27:56 PM   :::   16:27:56.9937622

::::::::::: PostAuthorizeRequest Request called at 7/26/2018 4:27:57 PM   :::   16:27:57.0017682

::::::::::: End Request called at 7/26/2018 4:27:57 PM   :::   16:27:57.0097739

::::::::::: PostResolveRequestCache Request called at 7/26/2018 4:27:57 PM   :::   16:27:57.1088494

::::::::::: AcquireRequestState Request called at 7/26/2018 4:27:57 PM   :::   16:27:57.1208582

::::::::::: PostAcquireRequestState Request called at 7/26/2018 4:27:57 PM   :::   16:27:57.1283681

::::::::::: PreRequestHandlerExecute Request called at 7/26/2018 4:27:57 PM   :::   16:27:57.1363737

::::::::::: BeginRequest Request called at 7/26/2018 4:27:58 PM   :::   16:27:58.9610851

::::::::::: AuthenticateRequest Request called at 7/26/2018 4:27:58 PM   :::   16:27:58.9690899

::::::::::: PostAuthenticateRequest Request called at 7/26/2018 4:27:58 PM   :::   16:27:58.9760953

::::::::::: AuthorizeRequest Request called at 7/26/2018 4:27:58 PM   :::   16:27:58.9851024

::::::::::: PostAuthorizeRequest Request called at 7/26/2018 4:27:58 PM   :::   16:27:58.9926119

::::::::::: End Request called at 7/26/2018 4:27:59 PM   :::   16:27:59.0011181

::::::::::: PostResolveRequestCache Request called at 7/26/2018 4:27:59 PM   :::   16:27:59.0116257

::::::::::: AcquireRequestState Request called at 7/26/2018 4:27:59 PM   :::   16:27:59.0251346

::::::::::: PostAcquireRequestState Request called at 7/26/2018 4:27:59 PM   :::   16:27:59.0331407

::::::::::: PreRequestHandlerExecute Request called at 7/26/2018 4:27:59 PM   :::   16:27:59.0406458

::::::::::: PostRequestHandlerExecute Request called at 7/26/2018 4:27:59 PM   :::   16:27:59.1407172

::::::::::: ReleaseRequestState Request called at 7/26/2018 4:27:59 PM   :::   16:27:59.1487225

::::::::::: PostReleaseRequestState Request called at 7/26/2018 4:27:59 PM   :::   16:27:59.1562308

::::::::::: UpdateRequestCache Request called at 7/26/2018 4:27:59 PM   :::   16:27:59.1672389

::::::::::: EndRequest Request called at 7/26/2018 4:27:59 PM   :::   16:27:59.1752450

::::::::::: PreSendRequestContent Request called at 7/26/2018 4:27:59 PM   :::   16:27:59.1912555

::::::::::: PreSendRequestHeaders Request called at 7/26/2018 4:27:59 PM   :::   16:27:59.2012626

::::::::::: BeginRequest Request called at 7/26/2018 4:27:59 PM   :::   16:27:59.2292827

::::::::::: AuthenticateRequest Request called at 7/26/2018 4:27:59 PM   :::   16:27:59.2402925

::::::::::: PostAuthenticateRequest Request called at 7/26/2018 4:27:59 PM   :::   16:27:59.2492992

::::::::::: AuthorizeRequest Request called at 7/26/2018 4:27:59 PM   :::   16:27:59.2573084

::::::::::: PostAuthorizeRequest Request called at 7/26/2018 4:27:59 PM   :::   16:27:59.2663251

::::::::::: End Request called at 7/26/2018 4:27:59 PM   :::   16:27:59.2763219

::::::::::: PostResolveRequestCache Request called at 7/26/2018 4:27:59 PM   :::   16:27:59.2863293

::::::::::: AcquireRequestState Request called at 7/26/2018 4:27:59 PM   :::   16:27:59.2963364

::::::::::: PostAcquireRequestState Request called at 7/26/2018 4:27:59 PM   :::   16:27:59.3053424

::::::::::: PreRequestHandlerExecute Request called at 7/26/2018 4:27:59 PM   :::   16:27:59.3133484

::::::::::: PostRequestHandlerExecute Request called at 7/26/2018 4:28:00 PM   :::   16:28:00.0321822

::::::::::: ReleaseRequestState Request called at 7/26/2018 4:28:00 PM   :::   16:28:00.0401906

::::::::::: PostReleaseRequestState Request called at 7/26/2018 4:28:00 PM   :::   16:28:00.0491962

::::::::::: UpdateRequestCache Request called at 7/26/2018 4:28:00 PM   :::   16:28:00.1052370

::::::::::: EndRequest Request called at 7/26/2018 4:28:00 PM   :::   16:28:00.1122407

::::::::::: PreSendRequestContent Request called at 7/26/2018 4:28:00 PM   :::   16:28:00.1197506

::::::::::: PreSendRequestHeaders Request called at 7/26/2018 4:28:00 PM   :::   16:28:00.1282560

::::::::::: BeginRequest Request called at 7/26/2018 4:28:00 PM   :::   16:28:00.1512762

::::::::::: PreRequestHandlerExecute Request called at 7/26/2018 4:28:00 PM   :::   16:28:00.1632850

::::::::::: PostRequestHandlerExecute Request called at 7/26/2018 4:28:00 PM   :::   16:28:00.1742912

::::::::::: BeginRequest Request called at 7/26/2018 4:28:00 PM   :::   16:28:00.1863005

::::::::::: AuthenticateRequest Request called at 7/26/2018 4:28:00 PM   :::   16:28:00.2013107

::::::::::: ReleaseRequestState Request called at 7/26/2018 4:28:00 PM   :::   16:28:00.2123185

::::::::::: PostReleaseRequestState Request called at 7/26/2018 4:28:00 PM   :::   16:28:00.2258314

::::::::::: PreSendRequestHeaders Request called at 7/26/2018 4:28:00 PM   :::   16:28:00.2373618

::::::::::: UpdateRequestCache Request called at 7/26/2018 4:28:00 PM   :::   16:28:00.2503710

::::::::::: EndRequest Request called at 7/26/2018 4:28:00 PM   :::   16:28:00.2603781

::::::::::: PreSendRequestContent Request called at 7/26/2018 4:28:00 PM   :::   16:28:00.2733869

::::::::::: PreSendRequestHeaders Request called at 7/26/2018 4:28:00 PM   :::   16:28:00.2843950

::::::::::: BeginRequest Request called at 7/26/2018 4:28:00 PM   :::   16:28:00.6732511

::::::::::: AuthenticateRequest Request called at 7/26/2018 4:28:00 PM   :::   16:28:00.6817592

::::::::::: PostAuthenticateRequest Request called at 7/26/2018 4:28:00 PM   :::   16:28:00.6897669

::::::::::: AuthorizeRequest Request called at 7/26/2018 4:28:00 PM   :::   16:28:00.6977721

::::::::::: PostAuthorizeRequest Request called at 7/26/2018 4:28:00 PM   :::   16:28:00.7047771

::::::::::: End Request called at 7/26/2018 4:28:00 PM   :::   16:28:00.7117820

::::::::::: PostResolveRequestCache Request called at 7/26/2018 4:28:00 PM   :::   16:28:00.7217883

::::::::::: AcquireRequestState Request called at 7/26/2018 4:28:00 PM   :::   16:28:00.7297991

::::::::::: PostAcquireRequestState Request called at 7/26/2018 4:28:00 PM   :::   16:28:00.7377992

::::::::::: PreRequestHandlerExecute Request called at 7/26/2018 4:28:00 PM   :::   16:28:00.7468064

::::::::::: PostRequestHandlerExecute Request called at 7/26/2018 4:28:00 PM   :::   16:28:00.8158602

::::::::::: ReleaseRequestState Request called at 7/26/2018 4:28:00 PM   :::   16:28:00.8248666

::::::::::: PostReleaseRequestState Request called at 7/26/2018 4:28:00 PM   :::   16:28:00.8348741

::::::::::: UpdateRequestCache Request called at 7/26/2018 4:28:00 PM   :::   16:28:00.8448811

::::::::::: EndRequest Request called at 7/26/2018 4:28:00 PM   :::   16:28:00.8548886

::::::::::: PreSendRequestContent Request called at 7/26/2018 4:28:00 PM   :::   16:28:00.8648988

::::::::::: PreSendRequestHeaders Request called at 7/26/2018 4:28:00 PM   :::   16:28:00.8744049

::::::::::: PreSendRequestContent Request called at 7/26/2018 4:28:07 PM   :::   16:28:07.2613168

::::::::::: PreSendRequestHeaders Request called at 7/26/2018 4:28:07 PM   :::   16:28:07.2678216

::::::::::: PostRequestHandlerExecute Request called at 7/26/2018 4:28:07 PM   :::   16:28:07.2873506

::::::::::: ReleaseRequestState Request called at 7/26/2018 4:28:07 PM   :::   16:28:07.3013506

::::::::::: PostReleaseRequestState Request called at 7/26/2018 4:28:07 PM   :::   16:28:07.3113659

::::::::::: UpdateRequestCache Request called at 7/26/2018 4:28:07 PM   :::   16:28:07.3213655

::::::::::: EndRequest Request called at 7/26/2018 4:28:07 PM   :::   16:28:07.3313726

::::::::::: PreSendRequestContent Request called at 7/26/2018 4:28:07 PM   :::   16:28:07.3403777

::::::::::: BeginRequest Request called at 7/26/2018 4:28:35 PM   :::   16:28:35.3545965

::::::::::: AuthenticateRequest Request called at 7/26/2018 4:28:35 PM   :::   16:28:35.4066332

::::::::::: PostAuthenticateRequest Request called at 7/26/2018 4:28:35 PM   :::   16:28:35.4346530

::::::::::: AuthorizeRequest Request called at 7/26/2018 4:28:35 PM   :::   16:28:35.4561672

::::::::::: PostAuthorizeRequest Request called at 7/26/2018 4:28:35 PM   :::   16:28:35.5047017

::::::::::: End Request called at 7/26/2018 4:28:35 PM   :::   16:28:35.5342227

::::::::::: PostResolveRequestCache Request called at 7/26/2018 4:28:35 PM   :::   16:28:35.5517345

::::::::::: AcquireRequestState Request called at 7/26/2018 4:28:35 PM   :::   16:28:35.5622425

::::::::::: PostAcquireRequestState Request called at 7/26/2018 4:28:35 PM   :::   16:28:35.5742506

::::::::::: PreRequestHandlerExecute Request called at 7/26/2018 4:28:35 PM   :::   16:28:35.5832565

::::::::::: PostRequestHandlerExecute Request called at 7/26/2018 4:28:35 PM   :::   16:28:35.6422990

::::::::::: ReleaseRequestState Request called at 7/26/2018 4:28:35 PM   :::   16:28:35.6668165

::::::::::: PostReleaseRequestState Request called at 7/26/2018 4:28:35 PM   :::   16:28:35.7243570

::::::::::: UpdateRequestCache Request called at 7/26/2018 4:28:35 PM   :::   16:28:35.7458716

::::::::::: EndRequest Request called at 7/26/2018 4:28:35 PM   :::   16:28:35.7713894

::::::::::: PreSendRequestContent Request called at 7/26/2018 4:28:35 PM   :::   16:28:35.7833983

::::::::::: PreSendRequestHeaders Request called at 7/26/2018 4:28:35 PM   :::   16:28:35.8034124

::::::::::: BeginRequest Request called at 7/26/2018 4:28:35 PM   :::   16:28:35.8954778

::::::::::: AuthenticateRequest Request called at 7/26/2018 4:28:35 PM   :::   16:28:35.9660270

::::::::::: PostAuthenticateRequest Request called at 7/26/2018 4:28:35 PM   :::   16:28:35.9925463

::::::::::: AuthorizeRequest Request called at 7/26/2018 4:28:36 PM   :::   16:28:36.0836106

::::::::::: PostAuthorizeRequest Request called at 7/26/2018 4:28:36 PM   :::   16:28:36.0966190

::::::::::: End Request called at 7/26/2018 4:28:36 PM   :::   16:28:36.1296463

::::::::::: PostResolveRequestCache Request called at 7/26/2018 4:28:36 PM   :::   16:28:36.1586628

::::::::::: AcquireRequestState Request called at 7/26/2018 4:28:36 PM   :::   16:28:36.1761758

::::::::::: PostAcquireRequestState Request called at 7/26/2018 4:28:36 PM   :::   16:28:36.1881835

::::::::::: PreRequestHandlerExecute Request called at 7/26/2018 4:28:36 PM   :::   16:28:36.1991921

::::::::::: PreSendRequestContent Request called at 7/26/2018 4:28:47 PM   :::   16:28:47.8744855

::::::::::: PreSendRequestHeaders Request called at 7/26/2018 4:28:47 PM   :::   16:28:47.8854928

::::::::::: PostRequestHandlerExecute Request called at 7/26/2018 4:28:47 PM   :::   16:28:47.9335264

::::::::::: ReleaseRequestState Request called at 7/26/2018 4:28:47 PM   :::   16:28:47.9550414

::::::::::: PostReleaseRequestState Request called at 7/26/2018 4:28:47 PM   :::   16:28:47.9645479

::::::::::: UpdateRequestCache Request called at 7/26/2018 4:28:47 PM   :::   16:28:47.9845628

::::::::::: EndRequest Request called at 7/26/2018 4:28:47 PM   :::   16:28:47.9940701

::::::::::: PreSendRequestContent Request called at 7/26/2018 4:28:48 PM   :::   16:28:48.0060778

::::::::::: BeginRequest Request called at 7/26/2018 4:31:00 PM   :::   16:31:00.8131771

::::::::::: AuthenticateRequest Request called at 7/26/2018 4:31:00 PM   :::   16:31:00.8467013

::::::::::: PostAuthenticateRequest Request called at 7/26/2018 4:31:00 PM   :::   16:31:00.9592806

::::::::::: AuthorizeRequest Request called at 7/26/2018 4:31:00 PM   :::   16:31:00.9707894

::::::::::: PostAuthorizeRequest Request called at 7/26/2018 4:31:00 PM   :::   16:31:00.9817967

::::::::::: End Request called at 7/26/2018 4:31:00 PM   :::   16:31:00.9938068

::::::::::: PostResolveRequestCache Request called at 7/26/2018 4:31:01 PM   :::   16:31:01.0098165

::::::::::: AcquireRequestState Request called at 7/26/2018 4:31:01 PM   :::   16:31:01.0313382

::::::::::: PostAcquireRequestState Request called at 7/26/2018 4:31:01 PM   :::   16:31:01.0438398

::::::::::: PreRequestHandlerExecute Request called at 7/26/2018 4:31:01 PM   :::   16:31:01.0558494

::::::::::: PostRequestHandlerExecute Request called at 7/26/2018 4:31:01 PM   :::   16:31:01.0728614

::::::::::: ReleaseRequestState Request called at 7/26/2018 4:31:01 PM   :::   16:31:01.0833687

::::::::::: PostReleaseRequestState Request called at 7/26/2018 4:31:01 PM   :::   16:31:01.0948762

::::::::::: UpdateRequestCache Request called at 7/26/2018 4:31:01 PM   :::   16:31:01.1068851

::::::::::: EndRequest Request called at 7/26/2018 4:31:01 PM   :::   16:31:01.1178928

::::::::::: PreSendRequestContent Request called at 7/26/2018 4:31:01 PM   :::   16:31:01.1469153

::::::::::: PreSendRequestHeaders Request called at 7/26/2018 4:31:01 PM   :::   16:31:01.1649257

::::::::::: BeginRequest Request called at 7/26/2018 4:31:02 PM   :::   16:31:02.3974121

::::::::::: AuthenticateRequest Request called at 7/26/2018 4:31:02 PM   :::   16:31:02.4149334

::::::::::: PostAuthenticateRequest Request called at 7/26/2018 4:31:02 PM   :::   16:31:02.4304465

::::::::::: AuthorizeRequest Request called at 7/26/2018 4:31:02 PM   :::   16:31:02.4414554

::::::::::: PostAuthorizeRequest Request called at 7/26/2018 4:31:02 PM   :::   16:31:02.4494603

::::::::::: End Request called at 7/26/2018 4:31:02 PM   :::   16:31:02.4634706

::::::::::: PostResolveRequestCache Request called at 7/26/2018 4:31:02 PM   :::   16:31:02.4784816

::::::::::: AcquireRequestState Request called at 7/26/2018 4:31:02 PM   :::   16:31:02.4894882

::::::::::: PostAcquireRequestState Request called at 7/26/2018 4:31:02 PM   :::   16:31:02.4984953

::::::::::: PreRequestHandlerExecute Request called at 7/26/2018 4:31:02 PM   :::   16:31:02.5095027

::::::::::: PreSendRequestContent Request called at 7/26/2018 4:31:12 PM   :::   16:31:12.3591595

::::::::::: PreSendRequestHeaders Request called at 7/26/2018 4:31:12 PM   :::   16:31:12.3661656

::::::::::: PostRequestHandlerExecute Request called at 7/26/2018 4:31:12 PM   :::   16:31:12.3821785

::::::::::: ReleaseRequestState Request called at 7/26/2018 4:31:12 PM   :::   16:31:12.3961856

::::::::::: PostReleaseRequestState Request called at 7/26/2018 4:31:12 PM   :::   16:31:12.4071942

::::::::::: UpdateRequestCache Request called at 7/26/2018 4:31:12 PM   :::   16:31:12.4172032

::::::::::: EndRequest Request called at 7/26/2018 4:31:12 PM   :::   16:31:12.4272075

::::::::::: PreSendRequestContent Request called at 7/26/2018 4:31:12 PM   :::   16:31:12.4377179

::::::::::: BeginRequest Request called at 7/26/2018 4:34:24 PM   :::   16:34:24.3583810

::::::::::: AuthenticateRequest Request called at 7/26/2018 4:34:24 PM   :::   16:34:24.3823983

::::::::::: PostAuthenticateRequest Request called at 7/26/2018 4:34:24 PM   :::   16:34:24.4084215

::::::::::: AuthorizeRequest Request called at 7/26/2018 4:34:24 PM   :::   16:34:24.4419299

::::::::::: PostAuthorizeRequest Request called at 7/26/2018 4:34:24 PM   :::   16:34:24.4629428

::::::::::: End Request called at 7/26/2018 4:34:24 PM   :::   16:34:24.4829569

::::::::::: PreSendRequestContent Request called at 7/26/2018 4:34:24 PM   :::   16:34:24.4939675

::::::::::: PreSendRequestHeaders Request called at 7/26/2018 4:34:24 PM   :::   16:34:24.5139855

::::::::::: BeginRequest Request called at 7/26/2018 4:34:24 PM   :::   16:34:24.5299980

::::::::::: AuthenticateRequest Request called at 7/26/2018 4:34:24 PM   :::   16:34:24.5560156

::::::::::: PostAuthenticateRequest Request called at 7/26/2018 4:34:24 PM   :::   16:34:24.5670234

::::::::::: AuthorizeRequest Request called at 7/26/2018 4:34:24 PM   :::   16:34:24.5770301

::::::::::: PostAuthorizeRequest Request called at 7/26/2018 4:34:24 PM   :::   16:34:24.5870371

::::::::::: End Request called at 7/26/2018 4:34:24 PM   :::   16:34:24.5975475

::::::::::: PostResolveRequestCache Request called at 7/26/2018 4:34:24 PM   :::   16:34:24.6075550

::::::::::: AcquireRequestState Request called at 7/26/2018 4:34:24 PM   :::   16:34:24.6175616

::::::::::: PostAcquireRequestState Request called at 7/26/2018 4:34:24 PM   :::   16:34:24.6275691

::::::::::: PreRequestHandlerExecute Request called at 7/26/2018 4:34:24 PM   :::   16:34:24.6370756

::::::::::: PreSendRequestContent Request called at 7/26/2018 4:34:28 PM   :::   16:34:28.7658545

::::::::::: PreSendRequestHeaders Request called at 7/26/2018 4:34:28 PM   :::   16:34:28.7879305

::::::::::: PostRequestHandlerExecute Request called at 7/26/2018 4:34:28 PM   :::   16:34:28.8109203

::::::::::: ReleaseRequestState Request called at 7/26/2018 4:34:28 PM   :::   16:34:28.8349372

::::::::::: PostReleaseRequestState Request called at 7/26/2018 4:34:28 PM   :::   16:34:28.8569536

::::::::::: UpdateRequestCache Request called at 7/26/2018 4:34:28 PM   :::   16:34:28.8795028

::::::::::: EndRequest Request called at 7/26/2018 4:34:28 PM   :::   16:34:28.9020465

::::::::::: PreSendRequestContent Request called at 7/26/2018 4:34:28 PM   :::   16:34:28.9235817

::::::::::: PreSendRequestContent Request called at 7/26/2018 4:34:29 PM   :::   16:34:29.9568533

::::::::::: PreSendRequestHeaders Request called at 7/26/2018 4:34:29 PM   :::   16:34:29.9778792

::::::::::: PostRequestHandlerExecute Request called at 7/26/2018 4:34:30 PM   :::   16:34:30.0004044

::::::::::: ReleaseRequestState Request called at 7/26/2018 4:34:30 PM   :::   16:34:30.0304228

::::::::::: PostReleaseRequestState Request called at 7/26/2018 4:34:30 PM   :::   16:34:30.0564684

::::::::::: UpdateRequestCache Request called at 7/26/2018 4:34:30 PM   :::   16:34:30.0829861

::::::::::: EndRequest Request called at 7/26/2018 4:34:30 PM   :::   16:34:30.0971066

::::::::::: PreSendRequestContent Request called at 7/26/2018 4:34:30 PM   :::   16:34:30.1081108

::::::::::: BeginRequest Request called at 7/26/2018 4:34:32 PM   :::   16:34:32.6417199

::::::::::: AuthenticateRequest Request called at 7/26/2018 4:34:32 PM   :::   16:34:32.6567289

::::::::::: PostAuthenticateRequest Request called at 7/26/2018 4:34:32 PM   :::   16:34:32.6687382

::::::::::: AuthorizeRequest Request called at 7/26/2018 4:34:32 PM   :::   16:34:32.6762465

::::::::::: PostAuthorizeRequest Request called at 7/26/2018 4:34:32 PM   :::   16:34:32.6852528

::::::::::: End Request called at 7/26/2018 4:34:32 PM   :::   16:34:32.6937638

::::::::::: PostResolveRequestCache Request called at 7/26/2018 4:34:32 PM   :::   16:34:32.7017671

::::::::::: AcquireRequestState Request called at 7/26/2018 4:34:32 PM   :::   16:34:32.7087720

::::::::::: PostAcquireRequestState Request called at 7/26/2018 4:34:32 PM   :::   16:34:32.7177784

::::::::::: PreRequestHandlerExecute Request called at 7/26/2018 4:34:32 PM   :::   16:34:32.7247845

::::::::::: PostRequestHandlerExecute Request called at 7/26/2018 4:34:32 PM   :::   16:34:32.7327909

::::::::::: ReleaseRequestState Request called at 7/26/2018 4:34:32 PM   :::   16:34:32.7387936

::::::::::: PostReleaseRequestState Request called at 7/26/2018 4:34:32 PM   :::   16:34:32.7477996

::::::::::: UpdateRequestCache Request called at 7/26/2018 4:34:32 PM   :::   16:34:32.7548061

::::::::::: EndRequest Request called at 7/26/2018 4:34:32 PM   :::   16:34:32.7618126

::::::::::: PreSendRequestContent Request called at 7/26/2018 4:34:32 PM   :::   16:34:32.7688148

::::::::::: PreSendRequestHeaders Request called at 7/26/2018 4:34:32 PM   :::   16:34:32.7808256

::::::::::: BeginRequest Request called at 7/26/2018 4:34:32 PM   :::   16:34:32.7968401

::::::::::: AuthenticateRequest Request called at 7/26/2018 4:34:32 PM   :::   16:34:32.8078483

::::::::::: PostAuthenticateRequest Request called at 7/26/2018 4:34:32 PM   :::   16:34:32.8158535

::::::::::: AuthorizeRequest Request called at 7/26/2018 4:34:32 PM   :::   16:34:32.8228601

::::::::::: PostAuthorizeRequest Request called at 7/26/2018 4:34:32 PM   :::   16:34:32.8318644

::::::::::: End Request called at 7/26/2018 4:34:32 PM   :::   16:34:32.8408704

::::::::::: PostResolveRequestCache Request called at 7/26/2018 4:34:32 PM   :::   16:34:32.8478761

::::::::::: AcquireRequestState Request called at 7/26/2018 4:34:32 PM   :::   16:34:32.8548807

::::::::::: PostAcquireRequestState Request called at 7/26/2018 4:34:32 PM   :::   16:34:32.8628859

::::::::::: PreRequestHandlerExecute Request called at 7/26/2018 4:34:32 PM   :::   16:34:32.8688918

::::::::::: PostRequestHandlerExecute Request called at 7/26/2018 4:34:32 PM   :::   16:34:32.8763988

::::::::::: ReleaseRequestState Request called at 7/26/2018 4:34:32 PM   :::   16:34:32.8825898

::::::::::: PostReleaseRequestState Request called at 7/26/2018 4:34:32 PM   :::   16:34:32.8890993

::::::::::: UpdateRequestCache Request called at 7/26/2018 4:34:32 PM   :::   16:34:32.8951028

::::::::::: EndRequest Request called at 7/26/2018 4:34:32 PM   :::   16:34:32.9021065

::::::::::: PreSendRequestContent Request called at 7/26/2018 4:34:32 PM   :::   16:34:32.9081293

::::::::::: PreSendRequestHeaders Request called at 7/26/2018 4:34:32 PM   :::   16:34:32.9151339

::::::::::: BeginRequest Request called at 7/26/2018 4:34:32 PM   :::   16:34:32.9231214

::::::::::: AuthenticateRequest Request called at 7/26/2018 4:34:32 PM   :::   16:34:32.9311448

::::::::::: PostAuthenticateRequest Request called at 7/26/2018 4:34:32 PM   :::   16:34:32.9391323

::::::::::: AuthorizeRequest Request called at 7/26/2018 4:34:32 PM   :::   16:34:32.9451369

::::::::::: PostAuthorizeRequest Request called at 7/26/2018 4:34:32 PM   :::   16:34:32.9511585

::::::::::: End Request called at 7/26/2018 4:34:32 PM   :::   16:34:32.9601479

::::::::::: PostResolveRequestCache Request called at 7/26/2018 4:34:32 PM   :::   16:34:32.9681540

::::::::::: EndRequest Request called at 7/26/2018 4:34:32 PM   :::   16:34:32.9756606

::::::::::: PreSendRequestContent Request called at 7/26/2018 4:34:32 PM   :::   16:34:32.9831665

::::::::::: PreSendRequestHeaders Request called at 7/26/2018 4:34:32 PM   :::   16:34:32.9891728

::::::::::: BeginRequest Request called at 7/26/2018 4:34:32 PM   :::   16:34:32.9991806

::::::::::: AuthenticateRequest Request called at 7/26/2018 4:34:33 PM   :::   16:34:33.0051841

::::::::::: PostAuthenticateRequest Request called at 7/26/2018 4:34:33 PM   :::   16:34:33.0141900

::::::::::: AuthorizeRequest Request called at 7/26/2018 4:34:33 PM   :::   16:34:33.0212135

::::::::::: PostAuthorizeRequest Request called at 7/26/2018 4:34:33 PM   :::   16:34:33.0282149

::::::::::: End Request called at 7/26/2018 4:34:33 PM   :::   16:34:33.0342239

::::::::::: PostResolveRequestCache Request called at 7/26/2018 4:34:33 PM   :::   16:34:33.0412198

::::::::::: AcquireRequestState Request called at 7/26/2018 4:34:33 PM   :::   16:34:33.0482287

::::::::::: PostAcquireRequestState Request called at 7/26/2018 4:34:33 PM   :::   16:34:33.0542218

::::::::::: PreRequestHandlerExecute Request called at 7/26/2018 4:34:33 PM   :::   16:34:33.0612264

::::::::::: BeginRequest Request called at 7/26/2018 4:34:33 PM   :::   16:34:33.2458937

::::::::::: AuthenticateRequest Request called at 7/26/2018 4:34:33 PM   :::   16:34:33.2699110

::::::::::: PostAuthenticateRequest Request called at 7/26/2018 4:34:33 PM   :::   16:34:33.2949378

::::::::::: AuthorizeRequest Request called at 7/26/2018 4:34:33 PM   :::   16:34:33.3269624

::::::::::: PostAuthorizeRequest Request called at 7/26/2018 4:34:33 PM   :::   16:34:33.3510054

::::::::::: End Request called at 7/26/2018 4:34:33 PM   :::   16:34:33.3800065

::::::::::: PostResolveRequestCache Request called at 7/26/2018 4:34:33 PM   :::   16:34:33.4100348

::::::::::: AcquireRequestState Request called at 7/26/2018 4:34:33 PM   :::   16:34:33.4420574

::::::::::: PostAcquireRequestState Request called at 7/26/2018 4:34:33 PM   :::   16:34:33.4660732

::::::::::: PreRequestHandlerExecute Request called at 7/26/2018 4:34:33 PM   :::   16:34:33.4855915

::::::::::: PostRequestHandlerExecute Request called at 7/26/2018 4:34:33 PM   :::   16:34:33.5071113

::::::::::: ReleaseRequestState Request called at 7/26/2018 4:34:33 PM   :::   16:34:33.5221219

::::::::::: PostReleaseRequestState Request called at 7/26/2018 4:34:33 PM   :::   16:34:33.5371325

::::::::::: UpdateRequestCache Request called at 7/26/2018 4:34:33 PM   :::   16:34:33.5461388

::::::::::: EndRequest Request called at 7/26/2018 4:34:33 PM   :::   16:34:33.5571474

::::::::::: PreSendRequestContent Request called at 7/26/2018 4:34:33 PM   :::   16:34:33.5671533

::::::::::: PreSendRequestHeaders Request called at 7/26/2018 4:34:33 PM   :::   16:34:33.5766621

::::::::::: BeginRequest Request called at 7/26/2018 4:34:33 PM   :::   16:34:33.5891716

::::::::::: AuthenticateRequest Request called at 7/26/2018 4:34:33 PM   :::   16:34:33.6001825

::::::::::: PostAuthenticateRequest Request called at 7/26/2018 4:34:33 PM   :::   16:34:33.6121914

::::::::::: AuthorizeRequest Request called at 7/26/2018 4:34:33 PM   :::   16:34:33.6221977

::::::::::: PostAuthorizeRequest Request called at 7/26/2018 4:34:33 PM   :::   16:34:33.6312044

::::::::::: End Request called at 7/26/2018 4:34:33 PM   :::   16:34:33.6402116

::::::::::: PostResolveRequestCache Request called at 7/26/2018 4:34:33 PM   :::   16:34:33.6482164

::::::::::: AcquireRequestState Request called at 7/26/2018 4:34:33 PM   :::   16:34:33.6562221

::::::::::: PostAcquireRequestState Request called at 7/26/2018 4:34:33 PM   :::   16:34:33.6642277

::::::::::: PreRequestHandlerExecute Request called at 7/26/2018 4:34:33 PM   :::   16:34:33.6702324

::::::::::: PreSendRequestContent Request called at 7/26/2018 4:34:35 PM   :::   16:34:35.6177006

::::::::::: PreSendRequestHeaders Request called at 7/26/2018 4:34:35 PM   :::   16:34:35.6457188

::::::::::: PostRequestHandlerExecute Request called at 7/26/2018 4:34:35 PM   :::   16:34:35.6737394

::::::::::: ReleaseRequestState Request called at 7/26/2018 4:34:35 PM   :::   16:34:35.7007707

::::::::::: PostReleaseRequestState Request called at 7/26/2018 4:34:35 PM   :::   16:34:35.7297916

::::::::::: UpdateRequestCache Request called at 7/26/2018 4:34:35 PM   :::   16:34:35.7638148

::::::::::: EndRequest Request called at 7/26/2018 4:34:35 PM   :::   16:34:35.7868401

::::::::::: PreSendRequestContent Request called at 7/26/2018 4:34:35 PM   :::   16:34:35.8094091

::::::::::: PreSendRequestContent Request called at 7/26/2018 4:34:36 PM   :::   16:34:36.2899923

::::::::::: PreSendRequestHeaders Request called at 7/26/2018 4:34:36 PM   :::   16:34:36.3130188

::::::::::: PostRequestHandlerExecute Request called at 7/26/2018 4:34:36 PM   :::   16:34:36.3380305

::::::::::: ReleaseRequestState Request called at 7/26/2018 4:34:36 PM   :::   16:34:36.3690544

::::::::::: PostReleaseRequestState Request called at 7/26/2018 4:34:36 PM   :::   16:34:36.4061220

::::::::::: UpdateRequestCache Request called at 7/26/2018 4:34:36 PM   :::   16:34:36.4371218

::::::::::: EndRequest Request called at 7/26/2018 4:34:36 PM   :::   16:34:36.4661640

::::::::::: PreSendRequestContent Request called at 7/26/2018 4:34:36 PM   :::   16:34:36.4941688

::::::::::: PreSendRequestContent Request called at 7/26/2018 4:34:37 PM   :::   16:34:37.1721256

::::::::::: PreSendRequestHeaders Request called at 7/26/2018 4:34:37 PM   :::   16:34:37.1945750

::::::::::: PostRequestHandlerExecute Request called at 7/26/2018 4:34:37 PM   :::   16:34:37.2065894

::::::::::: ReleaseRequestState Request called at 7/26/2018 4:34:37 PM   :::   16:34:37.2155871

::::::::::: PostReleaseRequestState Request called at 7/26/2018 4:34:37 PM   :::   16:34:37.2245930

::::::::::: UpdateRequestCache Request called at 7/26/2018 4:34:37 PM   :::   16:34:37.2315992

::::::::::: EndRequest Request called at 7/26/2018 4:34:37 PM   :::   16:34:37.2396028

::::::::::: PreSendRequestContent Request called at 7/26/2018 4:34:37 PM   :::   16:34:37.2476097

::::::::::: BeginRequest Request called at 7/26/2018 4:35:57 PM   :::   16:35:57.5661008

::::::::::: AuthenticateRequest Request called at 7/26/2018 4:35:57 PM   :::   16:35:57.6141348

::::::::::: PostAuthenticateRequest Request called at 7/26/2018 4:35:57 PM   :::   16:35:57.6251421

::::::::::: AuthorizeRequest Request called at 7/26/2018 4:35:57 PM   :::   16:35:57.6376504

::::::::::: PostAuthorizeRequest Request called at 7/26/2018 4:35:57 PM   :::   16:35:57.6511613

::::::::::: End Request called at 7/26/2018 4:35:57 PM   :::   16:35:57.6636695

::::::::::: PostResolveRequestCache Request called at 7/26/2018 4:35:57 PM   :::   16:35:57.6751775

::::::::::: AcquireRequestState Request called at 7/26/2018 4:35:57 PM   :::   16:35:57.6866858

::::::::::: PostAcquireRequestState Request called at 7/26/2018 4:35:57 PM   :::   16:35:57.6976932

::::::::::: PreRequestHandlerExecute Request called at 7/26/2018 4:35:57 PM   :::   16:35:57.7087005

::::::::::: PostRequestHandlerExecute Request called at 7/26/2018 4:35:57 PM   :::   16:35:57.7217105

::::::::::: ReleaseRequestState Request called at 7/26/2018 4:35:57 PM   :::   16:35:57.7332188

::::::::::: PostReleaseRequestState Request called at 7/26/2018 4:35:57 PM   :::   16:35:57.7442258

::::::::::: UpdateRequestCache Request called at 7/26/2018 4:35:57 PM   :::   16:35:57.7552340

::::::::::: EndRequest Request called at 7/26/2018 4:35:57 PM   :::   16:35:57.7672421

::::::::::: PreSendRequestContent Request called at 7/26/2018 4:35:57 PM   :::   16:35:57.7827536

::::::::::: PreSendRequestHeaders Request called at 7/26/2018 4:35:57 PM   :::   16:35:57.8007656

::::::::::: BeginRequest Request called at 7/26/2018 4:35:57 PM   :::   16:35:57.9238529

::::::::::: AuthenticateRequest Request called at 7/26/2018 4:35:58 PM   :::   16:35:58.0264259

::::::::::: PostAuthenticateRequest Request called at 7/26/2018 4:35:58 PM   :::   16:35:58.0384340

::::::::::: AuthorizeRequest Request called at 7/26/2018 4:35:58 PM   :::   16:35:58.0494413

::::::::::: PostAuthorizeRequest Request called at 7/26/2018 4:35:58 PM   :::   16:35:58.0609497

::::::::::: End Request called at 7/26/2018 4:35:58 PM   :::   16:35:58.0709563

::::::::::: PostResolveRequestCache Request called at 7/26/2018 4:35:58 PM   :::   16:35:58.0819641

::::::::::: AcquireRequestState Request called at 7/26/2018 4:35:58 PM   :::   16:35:58.0924717

::::::::::: PostAcquireRequestState Request called at 7/26/2018 4:35:58 PM   :::   16:35:58.1034795

::::::::::: PreRequestHandlerExecute Request called at 7/26/2018 4:35:58 PM   :::   16:35:58.1189910

::::::::::: BeginRequest Request called at 7/26/2018 4:36:07 PM   :::   16:36:07.6119514

::::::::::: AuthenticateRequest Request called at 7/26/2018 4:36:07 PM   :::   16:36:07.6259609

::::::::::: PostAuthenticateRequest Request called at 7/26/2018 4:36:07 PM   :::   16:36:07.6389708

::::::::::: AuthorizeRequest Request called at 7/26/2018 4:36:07 PM   :::   16:36:07.6539822

::::::::::: PostAuthorizeRequest Request called at 7/26/2018 4:36:07 PM   :::   16:36:07.6659919

::::::::::: End Request called at 7/26/2018 4:36:07 PM   :::   16:36:07.6780146

::::::::::: PostResolveRequestCache Request called at 7/26/2018 4:36:07 PM   :::   16:36:07.6900235

::::::::::: AcquireRequestState Request called at 7/26/2018 4:36:07 PM   :::   16:36:07.6990294

::::::::::: PostAcquireRequestState Request called at 7/26/2018 4:36:07 PM   :::   16:36:07.7090365

::::::::::: PreRequestHandlerExecute Request called at 7/26/2018 4:36:07 PM   :::   16:36:07.7170441

::::::::::: PostRequestHandlerExecute Request called at 7/26/2018 4:36:07 PM   :::   16:36:07.7270496

::::::::::: ReleaseRequestState Request called at 7/26/2018 4:36:07 PM   :::   16:36:07.7370567

::::::::::: PostReleaseRequestState Request called at 7/26/2018 4:36:07 PM   :::   16:36:07.7450627

::::::::::: UpdateRequestCache Request called at 7/26/2018 4:36:07 PM   :::   16:36:07.7550690

::::::::::: EndRequest Request called at 7/26/2018 4:36:07 PM   :::   16:36:07.7625780

::::::::::: PreSendRequestContent Request called at 7/26/2018 4:36:07 PM   :::   16:36:07.7725843

::::::::::: PreSendRequestHeaders Request called at 7/26/2018 4:36:07 PM   :::   16:36:07.7826111

::::::::::: BeginRequest Request called at 7/26/2018 4:36:08 PM   :::   16:36:08.8156167

::::::::::: AuthenticateRequest Request called at 7/26/2018 4:36:08 PM   :::   16:36:08.8296234

::::::::::: PostAuthenticateRequest Request called at 7/26/2018 4:36:08 PM   :::   16:36:08.8406292

::::::::::: AuthorizeRequest Request called at 7/26/2018 4:36:08 PM   :::   16:36:08.8506386

::::::::::: PostAuthorizeRequest Request called at 7/26/2018 4:36:08 PM   :::   16:36:08.8586419

::::::::::: End Request called at 7/26/2018 4:36:08 PM   :::   16:36:08.8706540

::::::::::: PostResolveRequestCache Request called at 7/26/2018 4:36:08 PM   :::   16:36:08.8796627

::::::::::: AcquireRequestState Request called at 7/26/2018 4:36:08 PM   :::   16:36:08.8886722

::::::::::: PostAcquireRequestState Request called at 7/26/2018 4:36:08 PM   :::   16:36:08.8976758

::::::::::: PreRequestHandlerExecute Request called at 7/26/2018 4:36:08 PM   :::   16:36:08.9166924

::::::::::: PreSendRequestContent Request called at 7/26/2018 4:36:13 PM   :::   16:36:13.9664917

::::::::::: PreSendRequestHeaders Request called at 7/26/2018 4:36:13 PM   :::   16:36:13.9739845

::::::::::: PostRequestHandlerExecute Request called at 7/26/2018 4:36:13 PM   :::   16:36:13.9924998

::::::::::: ReleaseRequestState Request called at 7/26/2018 4:36:14 PM   :::   16:36:14.0075108

::::::::::: PostReleaseRequestState Request called at 7/26/2018 4:36:14 PM   :::   16:36:14.0205184

::::::::::: UpdateRequestCache Request called at 7/26/2018 4:36:14 PM   :::   16:36:14.0305404

::::::::::: EndRequest Request called at 7/26/2018 4:36:14 PM   :::   16:36:14.0385315

::::::::::: PreSendRequestContent Request called at 7/26/2018 4:36:14 PM   :::   16:36:14.0465375

::::::::::: PostRequestHandlerExecute Request called at 7/26/2018 4:36:17 PM   :::   16:36:17.4248066

::::::::::: ReleaseRequestState Request called at 7/26/2018 4:36:17 PM   :::   16:36:17.4548337

::::::::::: PostReleaseRequestState Request called at 7/26/2018 4:36:17 PM   :::   16:36:17.4783509

::::::::::: UpdateRequestCache Request called at 7/26/2018 4:36:17 PM   :::   16:36:17.5014043

::::::::::: EndRequest Request called at 7/26/2018 4:36:17 PM   :::   16:36:17.5284293

::::::::::: BeginRequest Request called at 7/26/2018 4:36:34 PM   :::   16:36:34.5448211

::::::::::: AuthenticateRequest Request called at 7/26/2018 4:36:34 PM   :::   16:36:34.5698368

::::::::::: PostAuthenticateRequest Request called at 7/26/2018 4:36:34 PM   :::   16:36:34.6028672

::::::::::: AuthorizeRequest Request called at 7/26/2018 4:36:34 PM   :::   16:36:34.6379007

::::::::::: PostAuthorizeRequest Request called at 7/26/2018 4:36:34 PM   :::   16:36:34.6649174

::::::::::: PostResolveRequestCache Request called at 7/26/2018 4:36:34 PM   :::   16:36:34.6839308

::::::::::: PreSendRequestHeaders Request called at 7/26/2018 4:36:34 PM   :::   16:36:34.6959424

::::::::::: AuthenticateRequest Request called at 7/26/2018 4:36:34 PM   :::   16:36:34.7099555

::::::::::: PostAuthenticateRequest Request called at 7/26/2018 4:36:34 PM   :::   16:36:34.7209636

::::::::::: AuthorizeRequest Request called at 7/26/2018 4:36:34 PM   :::   16:36:34.7319718

::::::::::: PostAuthorizeRequest Request called at 7/26/2018 4:36:34 PM   :::   16:36:34.7399771

::::::::::: End Request called at 7/26/2018 4:36:34 PM   :::   16:36:34.7479819

::::::::::: PostResolveRequestCache Request called at 7/26/2018 4:36:34 PM   :::   16:36:34.7539874

::::::::::: AcquireRequestState Request called at 7/26/2018 4:36:34 PM   :::   16:36:34.7599912

::::::::::: PostAcquireRequestState Request called at 7/26/2018 4:36:34 PM   :::   16:36:34.7669950

::::::::::: PreRequestHandlerExecute Request called at 7/26/2018 4:36:34 PM   :::   16:36:34.7750006

::::::::::: PreSendRequestContent Request called at 7/26/2018 4:36:37 PM   :::   16:36:37.0889714

::::::::::: PreSendRequestHeaders Request called at 7/26/2018 4:36:37 PM   :::   16:36:37.1256155

::::::::::: PostRequestHandlerExecute Request called at 7/26/2018 4:36:37 PM   :::   16:36:37.1836560

::::::::::: ReleaseRequestState Request called at 7/26/2018 4:36:37 PM   :::   16:36:37.2071760

::::::::::: PostReleaseRequestState Request called at 7/26/2018 4:36:37 PM   :::   16:36:37.2230882

::::::::::: UpdateRequestCache Request called at 7/26/2018 4:36:37 PM   :::   16:36:37.2330961

::::::::::: EndRequest Request called at 7/26/2018 4:36:37 PM   :::   16:36:37.2441062

::::::::::: PreSendRequestContent Request called at 7/26/2018 4:36:37 PM   :::   16:36:37.2541109

::::::::::: BeginRequest Request called at 7/26/2018 4:36:40 PM   :::   16:36:40.8098374

::::::::::: AuthenticateRequest Request called at 7/26/2018 4:36:40 PM   :::   16:36:40.8491859

::::::::::: PostAuthenticateRequest Request called at 7/26/2018 4:36:40 PM   :::   16:36:40.8761999

::::::::::: AuthorizeRequest Request called at 7/26/2018 4:36:40 PM   :::   16:36:40.9008465

::::::::::: PostAuthorizeRequest Request called at 7/26/2018 4:36:40 PM   :::   16:36:40.9253707

::::::::::: End Request called at 7/26/2018 4:36:40 PM   :::   16:36:40.9563910

::::::::::: PostResolveRequestCache Request called at 7/26/2018 4:36:40 PM   :::   16:36:40.9874153

::::::::::: UpdateRequestCache Request called at 7/26/2018 4:36:41 PM   :::   16:36:41.0134479

::::::::::: AuthenticateRequest Request called at 7/26/2018 4:36:41 PM   :::   16:36:41.0324578

::::::::::: PreRequestHandlerExecute Request called at 7/26/2018 4:36:41 PM   :::   16:36:41.0554740

::::::::::: BeginRequest Request called at 7/26/2018 4:36:41 PM   :::   16:36:41.1981499

::::::::::: AuthenticateRequest Request called at 7/26/2018 4:36:41 PM   :::   16:36:41.2236780

::::::::::: PostAuthenticateRequest Request called at 7/26/2018 4:36:41 PM   :::   16:36:41.2457152

::::::::::: AuthorizeRequest Request called at 7/26/2018 4:36:41 PM   :::   16:36:41.2767091

::::::::::: PostAuthorizeRequest Request called at 7/26/2018 4:36:41 PM   :::   16:36:41.2977303

::::::::::: End Request called at 7/26/2018 4:36:41 PM   :::   16:36:41.3256731

::::::::::: AuthenticateRequest Request called at 7/26/2018 4:36:41 PM   :::   16:36:41.3606722

::::::::::: PostAuthenticateRequest Request called at 7/26/2018 4:36:41 PM   :::   16:36:41.4012081

::::::::::: AuthorizeRequest Request called at 7/26/2018 4:36:41 PM   :::   16:36:41.4347383

::::::::::: PostAuthorizeRequest Request called at 7/26/2018 4:36:41 PM   :::   16:36:41.4487695

::::::::::: End Request called at 7/26/2018 4:36:41 PM   :::   16:36:41.4647800

::::::::::: PostResolveRequestCache Request called at 7/26/2018 4:36:41 PM   :::   16:36:41.4847957

::::::::::: AcquireRequestState Request called at 7/26/2018 4:36:41 PM   :::   16:36:41.5057928

::::::::::: PostAcquireRequestState Request called at 7/26/2018 4:36:41 PM   :::   16:36:41.5228115

::::::::::: PreRequestHandlerExecute Request called at 7/26/2018 4:36:41 PM   :::   16:36:41.5398196

::::::::::: PostRequestHandlerExecute Request called at 7/26/2018 4:36:41 PM   :::   16:36:41.5548349

::::::::::: ReleaseRequestState Request called at 7/26/2018 4:36:41 PM   :::   16:36:41.5758454

::::::::::: PostReleaseRequestState Request called at 7/26/2018 4:36:41 PM   :::   16:36:41.5948576

::::::::::: UpdateRequestCache Request called at 7/26/2018 4:36:41 PM   :::   16:36:41.6174515

::::::::::: EndRequest Request called at 7/26/2018 4:36:41 PM   :::   16:36:41.6344682

::::::::::: PreSendRequestContent Request called at 7/26/2018 4:36:41 PM   :::   16:36:41.6514763

::::::::::: PreSendRequestHeaders Request called at 7/26/2018 4:36:41 PM   :::   16:36:41.6724900

::::::::::: BeginRequest Request called at 7/26/2018 4:36:41 PM   :::   16:36:41.6990144

::::::::::: AuthenticateRequest Request called at 7/26/2018 4:36:41 PM   :::   16:36:41.7226441

::::::::::: PostAuthenticateRequest Request called at 7/26/2018 4:36:41 PM   :::   16:36:41.7496632

::::::::::: AuthorizeRequest Request called at 7/26/2018 4:36:41 PM   :::   16:36:41.7696773

::::::::::: PostAuthorizeRequest Request called at 7/26/2018 4:36:41 PM   :::   16:36:41.7896954

::::::::::: End Request called at 7/26/2018 4:36:41 PM   :::   16:36:41.8067074

::::::::::: PostResolveRequestCache Request called at 7/26/2018 4:36:41 PM   :::   16:36:41.8237467

::::::::::: AcquireRequestState Request called at 7/26/2018 4:36:41 PM   :::   16:36:41.8417606

::::::::::: PostAcquireRequestState Request called at 7/26/2018 4:36:41 PM   :::   16:36:41.8597765

::::::::::: PreRequestHandlerExecute Request called at 7/26/2018 4:36:41 PM   :::   16:36:41.8767833

::::::::::: PreSendRequestContent Request called at 7/26/2018 4:36:43 PM   :::   16:36:43.4007131

::::::::::: PreSendRequestHeaders Request called at 7/26/2018 4:36:43 PM   :::   16:36:43.4332429

::::::::::: PostRequestHandlerExecute Request called at 7/26/2018 4:36:43 PM   :::   16:36:43.4612619

::::::::::: ReleaseRequestState Request called at 7/26/2018 4:36:43 PM   :::   16:36:43.4862792

::::::::::: PostReleaseRequestState Request called at 7/26/2018 4:36:43 PM   :::   16:36:43.5048027

::::::::::: UpdateRequestCache Request called at 7/26/2018 4:36:43 PM   :::   16:36:43.5253214

::::::::::: EndRequest Request called at 7/26/2018 4:36:43 PM   :::   16:36:43.5433337

::::::::::: PreSendRequestContent Request called at 7/26/2018 4:36:43 PM   :::   16:36:43.5603666

::::::::::: PreSendRequestContent Request called at 7/26/2018 4:36:43 PM   :::   16:36:43.7354946

::::::::::: PreSendRequestHeaders Request called at 7/26/2018 4:36:43 PM   :::   16:36:43.7635156

::::::::::: PostRequestHandlerExecute Request called at 7/26/2018 4:36:43 PM   :::   16:36:43.7915358

::::::::::: ReleaseRequestState Request called at 7/26/2018 4:36:43 PM   :::   16:36:43.8150581

::::::::::: PostReleaseRequestState Request called at 7/26/2018 4:36:43 PM   :::   16:36:43.8375797

::::::::::: UpdateRequestCache Request called at 7/26/2018 4:36:43 PM   :::   16:36:43.8575931

::::::::::: EndRequest Request called at 7/26/2018 4:36:43 PM   :::   16:36:43.8726033

::::::::::: PreSendRequestContent Request called at 7/26/2018 4:36:43 PM   :::   16:36:43.8866128

::::::::::: PreSendRequestContent Request called at 7/26/2018 4:36:44 PM   :::   16:36:44.2392472

::::::::::: PreSendRequestHeaders Request called at 7/26/2018 4:36:44 PM   :::   16:36:44.2602881

::::::::::: PostRequestHandlerExecute Request called at 7/26/2018 4:36:44 PM   :::   16:36:44.2832826

::::::::::: ReleaseRequestState Request called at 7/26/2018 4:36:44 PM   :::   16:36:44.3278320

::::::::::: PostReleaseRequestState Request called at 7/26/2018 4:36:44 PM   :::   16:36:44.3598597

::::::::::: UpdateRequestCache Request called at 7/26/2018 4:36:44 PM   :::   16:36:44.3858726

::::::::::: EndRequest Request called at 7/26/2018 4:36:44 PM   :::   16:36:44.4109234

::::::::::: PreSendRequestContent Request called at 7/26/2018 4:36:44 PM   :::   16:36:44.4359525

::::::::::: BeginRequest Request called at 7/26/2018 4:36:54 PM   :::   16:36:54.1347229

::::::::::: AuthenticateRequest Request called at 7/26/2018 4:36:54 PM   :::   16:36:54.1527344

::::::::::: PostAuthenticateRequest Request called at 7/26/2018 4:36:54 PM   :::   16:36:54.1697468

::::::::::: AuthorizeRequest Request called at 7/26/2018 4:36:54 PM   :::   16:36:54.1847566

::::::::::: PostAuthorizeRequest Request called at 7/26/2018 4:36:54 PM   :::   16:36:54.1927639

::::::::::: End Request called at 7/26/2018 4:36:54 PM   :::   16:36:54.2077733

::::::::::: PostResolveRequestCache Request called at 7/26/2018 4:36:54 PM   :::   16:36:54.2207852

::::::::::: AcquireRequestState Request called at 7/26/2018 4:36:54 PM   :::   16:36:54.2307954

::::::::::: PostAcquireRequestState Request called at 7/26/2018 4:36:54 PM   :::   16:36:54.2398018

::::::::::: PreRequestHandlerExecute Request called at 7/26/2018 4:36:54 PM   :::   16:36:54.2508096

::::::::::: PostRequestHandlerExecute Request called at 7/26/2018 4:36:54 PM   :::   16:36:54.2608162

::::::::::: ReleaseRequestState Request called at 7/26/2018 4:36:54 PM   :::   16:36:54.2708237

::::::::::: PostReleaseRequestState Request called at 7/26/2018 4:36:54 PM   :::   16:36:54.2798316

::::::::::: UpdateRequestCache Request called at 7/26/2018 4:36:54 PM   :::   16:36:54.2888380

::::::::::: EndRequest Request called at 7/26/2018 4:36:54 PM   :::   16:36:54.2988474

::::::::::: PreSendRequestContent Request called at 7/26/2018 4:36:54 PM   :::   16:36:54.3098513

::::::::::: PreSendRequestHeaders Request called at 7/26/2018 4:36:54 PM   :::   16:36:54.3193625

::::::::::: BeginRequest Request called at 7/26/2018 4:36:54 PM   :::   16:36:54.3438832

::::::::::: AuthenticateRequest Request called at 7/26/2018 4:36:54 PM   :::   16:36:54.3558913

::::::::::: PostAuthenticateRequest Request called at 7/26/2018 4:36:54 PM   :::   16:36:54.3669129

::::::::::: AuthorizeRequest Request called at 7/26/2018 4:36:54 PM   :::   16:36:54.3769057

::::::::::: PostAuthorizeRequest Request called at 7/26/2018 4:36:54 PM   :::   16:36:54.3849125

::::::::::: End Request called at 7/26/2018 4:36:54 PM   :::   16:36:54.3929174

::::::::::: PostResolveRequestCache Request called at 7/26/2018 4:36:54 PM   :::   16:36:54.4019242

::::::::::: AcquireRequestState Request called at 7/26/2018 4:36:54 PM   :::   16:36:54.4099286

::::::::::: PostAcquireRequestState Request called at 7/26/2018 4:36:54 PM   :::   16:36:54.4179386

::::::::::: PreRequestHandlerExecute Request called at 7/26/2018 4:36:54 PM   :::   16:36:54.4249448

::::::::::: PostRequestHandlerExecute Request called at 7/26/2018 4:36:54 PM   :::   16:36:54.4329524

::::::::::: ReleaseRequestState Request called at 7/26/2018 4:36:54 PM   :::   16:36:54.4419587

::::::::::: PostReleaseRequestState Request called at 7/26/2018 4:36:54 PM   :::   16:36:54.4519658

::::::::::: UpdateRequestCache Request called at 7/26/2018 4:36:54 PM   :::   16:36:54.4599715

::::::::::: EndRequest Request called at 7/26/2018 4:36:54 PM   :::   16:36:54.4799844

::::::::::: PreSendRequestContent Request called at 7/26/2018 4:36:54 PM   :::   16:36:54.4969960

::::::::::: PreSendRequestHeaders Request called at 7/26/2018 4:36:54 PM   :::   16:36:54.5160110

::::::::::: BeginRequest Request called at 7/26/2018 4:36:54 PM   :::   16:36:54.5330440

::::::::::: AuthenticateRequest Request called at 7/26/2018 4:36:54 PM   :::   16:36:54.5550418

::::::::::: PostAcquireRequestState Request called at 7/26/2018 4:36:54 PM   :::   16:36:54.5620491

::::::::::: PreRequestHandlerExecute Request called at 7/26/2018 4:36:54 PM   :::   16:36:54.5690524

::::::::::: PostRequestHandlerExecute Request called at 7/26/2018 4:36:54 PM   :::   16:36:54.5780588

::::::::::: ReleaseRequestState Request called at 7/26/2018 4:36:54 PM   :::   16:36:54.5880828

::::::::::: PostReleaseRequestState Request called at 7/26/2018 4:36:54 PM   :::   16:36:54.5980891

::::::::::: UpdateRequestCache Request called at 7/26/2018 4:36:54 PM   :::   16:36:54.6070959

::::::::::: EndRequest Request called at 7/26/2018 4:36:54 PM   :::   16:36:54.6170970

::::::::::: PreSendRequestContent Request called at 7/26/2018 4:36:54 PM   :::   16:36:54.6265937

::::::::::: PreSendRequestHeaders Request called at 7/26/2018 4:36:54 PM   :::   16:36:54.6361207

::::::::::: BeginRequest Request called at 7/26/2018 4:36:54 PM   :::   16:36:54.6481296

::::::::::: AuthenticateRequest Request called at 7/26/2018 4:36:54 PM   :::   16:36:54.6571525

::::::::::: PostAuthenticateRequest Request called at 7/26/2018 4:36:54 PM   :::   16:36:54.6671584

::::::::::: AuthorizeRequest Request called at 7/26/2018 4:36:54 PM   :::   16:36:54.6781520

::::::::::: PostAuthorizeRequest Request called at 7/26/2018 4:36:54 PM   :::   16:36:54.6901577

::::::::::: End Request called at 7/26/2018 4:36:54 PM   :::   16:36:54.7001643

::::::::::: PostResolveRequestCache Request called at 7/26/2018 4:36:54 PM   :::   16:36:54.7091719

::::::::::: AcquireRequestState Request called at 7/26/2018 4:36:54 PM   :::   16:36:54.7176793

::::::::::: PostAcquireRequestState Request called at 7/26/2018 4:36:54 PM   :::   16:36:54.7251844

::::::::::: PreRequestHandlerExecute Request called at 7/26/2018 4:36:54 PM   :::   16:36:54.7322083

::::::::::: PostRequestHandlerExecute Request called at 7/26/2018 4:36:54 PM   :::   16:36:54.7412150

::::::::::: ReleaseRequestState Request called at 7/26/2018 4:36:54 PM   :::   16:36:54.7482373

::::::::::: PostReleaseRequestState Request called at 7/26/2018 4:36:54 PM   :::   16:36:54.7566812

::::::::::: UpdateRequestCache Request called at 7/26/2018 4:36:54 PM   :::   16:36:54.7636841

::::::::::: EndRequest Request called at 7/26/2018 4:36:54 PM   :::   16:36:54.7726917

::::::::::: PreSendRequestContent Request called at 7/26/2018 4:36:54 PM   :::   16:36:54.7806977

::::::::::: PreSendRequestHeaders Request called at 7/26/2018 4:36:54 PM   :::   16:36:54.7877193

::::::::::: BeginRequest Request called at 7/26/2018 4:36:54 PM   :::   16:36:54.7987109

::::::::::: AuthenticateRequest Request called at 7/26/2018 4:36:54 PM   :::   16:36:54.8087163

::::::::::: PostAuthenticateRequest Request called at 7/26/2018 4:36:54 PM   :::   16:36:54.8177424

::::::::::: AuthorizeRequest Request called at 7/26/2018 4:36:54 PM   :::   16:36:54.8277681

::::::::::: PostAuthorizeRequest Request called at 7/26/2018 4:36:54 PM   :::   16:36:54.8370401

::::::::::: End Request called at 7/26/2018 4:36:54 PM   :::   16:36:54.8470373

::::::::::: PostResolveRequestCache Request called at 7/26/2018 4:36:54 PM   :::   16:36:54.8560429

::::::::::: AcquireRequestState Request called at 7/26/2018 4:36:54 PM   :::   16:36:54.8660495

::::::::::: PostAcquireRequestState Request called at 7/26/2018 4:36:54 PM   :::   16:36:54.8750559

::::::::::: PreRequestHandlerExecute Request called at 7/26/2018 4:36:54 PM   :::   16:36:54.8890681

::::::::::: PreSendRequestContent Request called at 7/26/2018 4:36:56 PM   :::   16:36:56.7868883

::::::::::: PreSendRequestHeaders Request called at 7/26/2018 4:36:56 PM   :::   16:36:56.8374802

::::::::::: PostRequestHandlerExecute Request called at 7/26/2018 4:36:56 PM   :::   16:36:56.8915200

::::::::::: ReleaseRequestState Request called at 7/26/2018 4:36:56 PM   :::   16:36:56.9505806

::::::::::: PostReleaseRequestState Request called at 7/26/2018 4:36:56 PM   :::   16:36:56.9916060

::::::::::: UpdateRequestCache Request called at 7/26/2018 4:36:57 PM   :::   16:36:57.0181648

::::::::::: EndRequest Request called at 7/26/2018 4:36:57 PM   :::   16:36:57.0417002

::::::::::: PreSendRequestContent Request called at 7/26/2018 4:36:57 PM   :::   16:36:57.0636995

::::::::::: PreSendRequestContent Request called at 7/26/2018 4:36:57 PM   :::   16:36:57.2467981

::::::::::: PreSendRequestHeaders Request called at 7/26/2018 4:36:57 PM   :::   16:36:57.2668114

::::::::::: PostRequestHandlerExecute Request called at 7/26/2018 4:36:57 PM   :::   16:36:57.2888277

::::::::::: ReleaseRequestState Request called at 7/26/2018 4:36:57 PM   :::   16:36:57.3203526

::::::::::: EndRequest Request called at 7/26/2018 4:36:57 PM   :::   16:36:57.3589246

::::::::::: PreSendRequestContent Request called at 7/26/2018 4:36:57 PM   :::   16:36:57.3789075

::::::::::: BeginRequest Request called at 7/26/2018 4:37:00 PM   :::   16:37:00.8159009

::::::::::: AuthenticateRequest Request called at 7/26/2018 4:37:00 PM   :::   16:37:00.8384233

::::::::::: PostAuthenticateRequest Request called at 7/26/2018 4:37:00 PM   :::   16:37:00.8594354

::::::::::: AuthorizeRequest Request called at 7/26/2018 4:37:00 PM   :::   16:37:00.8804573

::::::::::: PostAuthorizeRequest Request called at 7/26/2018 4:37:00 PM   :::   16:37:00.9014655

::::::::::: End Request called at 7/26/2018 4:37:00 PM   :::   16:37:00.9229876

::::::::::: PostResolveRequestCache Request called at 7/26/2018 4:37:00 PM   :::   16:37:00.9503319

::::::::::: AcquireRequestState Request called at 7/26/2018 4:37:00 PM   :::   16:37:00.9743497

::::::::::: PostRequestHandlerExecute Request called at 7/26/2018 4:37:01 PM   :::   16:37:01.0003661

::::::::::: BeginRequest Request called at 7/26/2018 4:37:01 PM   :::   16:37:01.0278924

::::::::::: AcquireRequestState Request called at 7/26/2018 4:37:01 PM   :::   16:37:01.0644231

::::::::::: PostAcquireRequestState Request called at 7/26/2018 4:37:01 PM   :::   16:37:01.0804333

::::::::::: PreRequestHandlerExecute Request called at 7/26/2018 4:37:01 PM   :::   16:37:01.0904407

::::::::::: PreSendRequestContent Request called at 7/26/2018 4:37:03 PM   :::   16:37:03.5091032

::::::::::: PreSendRequestHeaders Request called at 7/26/2018 4:37:03 PM   :::   16:37:03.5311519

::::::::::: PostRequestHandlerExecute Request called at 7/26/2018 4:37:03 PM   :::   16:37:03.5531734

::::::::::: ReleaseRequestState Request called at 7/26/2018 4:37:03 PM   :::   16:37:03.5752094

::::::::::: PostReleaseRequestState Request called at 7/26/2018 4:37:03 PM   :::   16:37:03.5972045

::::::::::: UpdateRequestCache Request called at 7/26/2018 4:37:03 PM   :::   16:37:03.6152160

::::::::::: EndRequest Request called at 7/26/2018 4:37:03 PM   :::   16:37:03.6302309

::::::::::: PreSendRequestContent Request called at 7/26/2018 4:37:03 PM   :::   16:37:03.6442618

::::::::::: PreSendRequestContent Request called at 7/26/2018 4:37:03 PM   :::   16:37:03.9042453

::::::::::: PreSendRequestHeaders Request called at 7/26/2018 4:37:03 PM   :::   16:37:03.9232592

::::::::::: PostRequestHandlerExecute Request called at 7/26/2018 4:37:03 PM   :::   16:37:03.9432847

::::::::::: ReleaseRequestState Request called at 7/26/2018 4:37:03 PM   :::   16:37:03.9622986

::::::::::: PostReleaseRequestState Request called at 7/26/2018 4:37:03 PM   :::   16:37:03.9823119

::::::::::: UpdateRequestCache Request called at 7/26/2018 4:37:04 PM   :::   16:37:04.0073339

::::::::::: EndRequest Request called at 7/26/2018 4:37:04 PM   :::   16:37:04.0303557

::::::::::: PreSendRequestContent Request called at 7/26/2018 4:37:04 PM   :::   16:37:04.0513729

::::::::::: BeginRequest Request called at 7/26/2018 4:37:13 PM   :::   16:37:13.0967390

::::::::::: AuthenticateRequest Request called at 7/26/2018 4:37:13 PM   :::   16:37:13.1137530

::::::::::: PostAuthenticateRequest Request called at 7/26/2018 4:37:13 PM   :::   16:37:13.1387746

::::::::::: AuthorizeRequest Request called at 7/26/2018 4:37:13 PM   :::   16:37:13.1602932

::::::::::: PostAuthorizeRequest Request called at 7/26/2018 4:37:13 PM   :::   16:37:13.1712998

::::::::::: End Request called at 7/26/2018 4:37:13 PM   :::   16:37:13.1803077

::::::::::: PostResolveRequestCache Request called at 7/26/2018 4:37:13 PM   :::   16:37:13.1923170

::::::::::: AcquireRequestState Request called at 7/26/2018 4:37:13 PM   :::   16:37:13.2023331

::::::::::: PostAcquireRequestState Request called at 7/26/2018 4:37:13 PM   :::   16:37:13.2143306

::::::::::: PreRequestHandlerExecute Request called at 7/26/2018 4:37:13 PM   :::   16:37:13.2253375

::::::::::: PostRequestHandlerExecute Request called at 7/26/2018 4:37:13 PM   :::   16:37:13.2363639

::::::::::: ReleaseRequestState Request called at 7/26/2018 4:37:13 PM   :::   16:37:13.2493581

::::::::::: PostReleaseRequestState Request called at 7/26/2018 4:37:13 PM   :::   16:37:13.2663736

::::::::::: UpdateRequestCache Request called at 7/26/2018 4:37:13 PM   :::   16:37:13.2803835

::::::::::: EndRequest Request called at 7/26/2018 4:37:13 PM   :::   16:37:13.2933935

::::::::::: PreSendRequestContent Request called at 7/26/2018 4:37:13 PM   :::   16:37:13.3074026

::::::::::: PreSendRequestHeaders Request called at 7/26/2018 4:37:13 PM   :::   16:37:13.3244146

::::::::::: BeginRequest Request called at 7/26/2018 4:37:13 PM   :::   16:37:13.3429306

::::::::::: AuthenticateRequest Request called at 7/26/2018 4:37:13 PM   :::   16:37:13.3584442

::::::::::: PostAuthenticateRequest Request called at 7/26/2018 4:37:13 PM   :::   16:37:13.3704609

::::::::::: AuthorizeRequest Request called at 7/26/2018 4:37:13 PM   :::   16:37:13.3814600

::::::::::: PostAuthorizeRequest Request called at 7/26/2018 4:37:13 PM   :::   16:37:13.3954703

::::::::::: End Request called at 7/26/2018 4:37:13 PM   :::   16:37:13.4074808

::::::::::: PostResolveRequestCache Request called at 7/26/2018 4:37:13 PM   :::   16:37:13.4174878

::::::::::: AcquireRequestState Request called at 7/26/2018 4:37:13 PM   :::   16:37:13.4324960

::::::::::: PostAcquireRequestState Request called at 7/26/2018 4:37:13 PM   :::   16:37:13.4455092

::::::::::: PreRequestHandlerExecute Request called at 7/26/2018 4:37:13 PM   :::   16:37:13.4640477

::::::::::: PreSendRequestContent Request called at 7/26/2018 4:37:24 PM   :::   16:37:24.3782218

::::::::::: PreSendRequestHeaders Request called at 7/26/2018 4:37:24 PM   :::   16:37:24.3942367

::::::::::: PostRequestHandlerExecute Request called at 7/26/2018 4:37:24 PM   :::   16:37:24.4202519

::::::::::: ReleaseRequestState Request called at 7/26/2018 4:37:24 PM   :::   16:37:24.4392645

::::::::::: PostReleaseRequestState Request called at 7/26/2018 4:37:24 PM   :::   16:37:24.4727979

::::::::::: UpdateRequestCache Request called at 7/26/2018 4:37:24 PM   :::   16:37:24.4928116

::::::::::: EndRequest Request called at 7/26/2018 4:37:24 PM   :::   16:37:24.5108247

::::::::::: PreSendRequestContent Request called at 7/26/2018 4:37:24 PM   :::   16:37:24.5268356

::::::::::: BeginRequest Request called at 7/26/2018 4:38:31 PM   :::   16:38:31.7787504

::::::::::: AuthenticateRequest Request called at 7/26/2018 4:38:31 PM   :::   16:38:31.8017674

::::::::::: PostAuthenticateRequest Request called at 7/26/2018 4:38:31 PM   :::   16:38:31.8312924

::::::::::: AuthorizeRequest Request called at 7/26/2018 4:38:31 PM   :::   16:38:31.8533123

::::::::::: PostAuthorizeRequest Request called at 7/26/2018 4:38:31 PM   :::   16:38:31.8743260

::::::::::: End Request called at 7/26/2018 4:38:31 PM   :::   16:38:31.8883359

::::::::::: PostResolveRequestCache Request called at 7/26/2018 4:38:31 PM   :::   16:38:31.9013455

::::::::::: AcquireRequestState Request called at 7/26/2018 4:38:31 PM   :::   16:38:31.9113525

::::::::::: PostAcquireRequestState Request called at 7/26/2018 4:38:31 PM   :::   16:38:31.9223646

::::::::::: PreRequestHandlerExecute Request called at 7/26/2018 4:38:31 PM   :::   16:38:31.9328719

::::::::::: PreSendRequestContent Request called at 7/26/2018 4:38:37 PM   :::   16:38:37.8741993

::::::::::: PreSendRequestHeaders Request called at 7/26/2018 4:38:37 PM   :::   16:38:37.8852051

::::::::::: PostRequestHandlerExecute Request called at 7/26/2018 4:38:37 PM   :::   16:38:37.9012172

::::::::::: ReleaseRequestState Request called at 7/26/2018 4:38:37 PM   :::   16:38:37.9162282

::::::::::: PostReleaseRequestState Request called at 7/26/2018 4:38:37 PM   :::   16:38:37.9492700

::::::::::: UpdateRequestCache Request called at 7/26/2018 4:38:37 PM   :::   16:38:37.9682831

::::::::::: EndRequest Request called at 7/26/2018 4:38:37 PM   :::   16:38:37.9963036

::::::::::: PreSendRequestContent Request called at 7/26/2018 4:38:38 PM   :::   16:38:38.0103127

::::::::::: BeginRequest Request called at 7/26/2018 4:40:10 PM   :::   16:40:10.8177795

::::::::::: AuthenticateRequest Request called at 7/26/2018 4:40:10 PM   :::   16:40:10.8863281

::::::::::: PostAuthenticateRequest Request called at 7/26/2018 4:40:10 PM   :::   16:40:10.9413670

::::::::::: AuthorizeRequest Request called at 7/26/2018 4:40:10 PM   :::   16:40:10.9828965

::::::::::: PostAuthorizeRequest Request called at 7/26/2018 4:40:11 PM   :::   16:40:11.0034108

::::::::::: End Request called at 7/26/2018 4:40:11 PM   :::   16:40:11.0214239

::::::::::: PostResolveRequestCache Request called at 7/26/2018 4:40:11 PM   :::   16:40:11.0364337

::::::::::: AcquireRequestState Request called at 7/26/2018 4:40:11 PM   :::   16:40:11.1064832

::::::::::: PostAcquireRequestState Request called at 7/26/2018 4:40:11 PM   :::   16:40:11.1525161

::::::::::: PreRequestHandlerExecute Request called at 7/26/2018 4:40:11 PM   :::   16:40:11.2065547

::::::::::: PostRequestHandlerExecute Request called at 7/26/2018 4:40:11 PM   :::   16:40:11.2685981

::::::::::: ReleaseRequestState Request called at 7/26/2018 4:40:11 PM   :::   16:40:11.3076256

::::::::::: PostReleaseRequestState Request called at 7/26/2018 4:40:11 PM   :::   16:40:11.3691697

::::::::::: UpdateRequestCache Request called at 7/26/2018 4:40:11 PM   :::   16:40:11.4457231

::::::::::: EndRequest Request called at 7/26/2018 4:40:11 PM   :::   16:40:11.4992615

::::::::::: PreSendRequestContent Request called at 7/26/2018 4:40:11 PM   :::   16:40:11.5527991

::::::::::: PreSendRequestHeaders Request called at 7/26/2018 4:40:11 PM   :::   16:40:11.6163438

::::::::::: BeginRequest Request called at 7/26/2018 4:40:11 PM   :::   16:40:11.7504381

::::::::::: AuthenticateRequest Request called at 7/26/2018 4:40:11 PM   :::   16:40:11.7684516

::::::::::: PostAuthenticateRequest Request called at 7/26/2018 4:40:11 PM   :::   16:40:11.8189867

::::::::::: AuthorizeRequest Request called at 7/26/2018 4:40:11 PM   :::   16:40:11.8364993

::::::::::: PostAuthorizeRequest Request called at 7/26/2018 4:40:11 PM   :::   16:40:11.8640189

::::::::::: End Request called at 7/26/2018 4:40:11 PM   :::   16:40:11.8895367

::::::::::: PostResolveRequestCache Request called at 7/26/2018 4:40:11 PM   :::   16:40:11.9150541

::::::::::: AcquireRequestState Request called at 7/26/2018 4:40:11 PM   :::   16:40:11.9335678

::::::::::: PostAcquireRequestState Request called at 7/26/2018 4:40:11 PM   :::   16:40:11.9520807

::::::::::: PreRequestHandlerExecute Request called at 7/26/2018 4:40:11 PM   :::   16:40:11.9680916

::::::::::: PreSendRequestContent Request called at 7/26/2018 4:40:17 PM   :::   16:40:17.0348145

::::::::::: PreSendRequestHeaders Request called at 7/26/2018 4:40:17 PM   :::   16:40:17.0418178

::::::::::: PostRequestHandlerExecute Request called at 7/26/2018 4:40:17 PM   :::   16:40:17.0558265

::::::::::: ReleaseRequestState Request called at 7/26/2018 4:40:17 PM   :::   16:40:17.0678421

::::::::::: PostReleaseRequestState Request called at 7/26/2018 4:40:17 PM   :::   16:40:17.0798522

::::::::::: UpdateRequestCache Request called at 7/26/2018 4:40:17 PM   :::   16:40:17.0947530

::::::::::: EndRequest Request called at 7/26/2018 4:40:17 PM   :::   16:40:17.1047605

::::::::::: PreSendRequestContent Request called at 7/26/2018 4:40:17 PM   :::   16:40:17.1127657

::::::::::: BeginRequest Request called at 7/26/2018 4:41:33 PM   :::   16:41:33.8567976

::::::::::: AuthenticateRequest Request called at 7/26/2018 4:41:33 PM   :::   16:41:33.8923344

::::::::::: PostAuthenticateRequest Request called at 7/26/2018 4:41:33 PM   :::   16:41:33.9358696

::::::::::: AuthorizeRequest Request called at 7/26/2018 4:41:33 PM   :::   16:41:33.9578852

::::::::::: PostAcquireRequestState Request called at 7/26/2018 4:41:33 PM   :::   16:41:33.9728950

::::::::::: PostAuthenticateRequest Request called at 7/26/2018 4:41:33 PM   :::   16:41:33.9909113

::::::::::: AuthorizeRequest Request called at 7/26/2018 4:41:34 PM   :::   16:41:34.0069249

::::::::::: PostAuthorizeRequest Request called at 7/26/2018 4:41:34 PM   :::   16:41:34.0169316

::::::::::: End Request called at 7/26/2018 4:41:34 PM   :::   16:41:34.0269387

::::::::::: PostResolveRequestCache Request called at 7/26/2018 4:41:34 PM   :::   16:41:34.0349455

::::::::::: AcquireRequestState Request called at 7/26/2018 4:41:34 PM   :::   16:41:34.1100013

::::::::::: PostAcquireRequestState Request called at 7/26/2018 4:41:34 PM   :::   16:41:34.1170066

::::::::::: PreRequestHandlerExecute Request called at 7/26/2018 4:41:34 PM   :::   16:41:34.1280144

::::::::::: PreSendRequestContent Request called at 7/26/2018 4:41:36 PM   :::   16:41:36.3340261

::::::::::: PreSendRequestHeaders Request called at 7/26/2018 4:41:36 PM   :::   16:41:36.3610468

::::::::::: PostRequestHandlerExecute Request called at 7/26/2018 4:41:36 PM   :::   16:41:36.3905781

::::::::::: ReleaseRequestState Request called at 7/26/2018 4:41:36 PM   :::   16:41:36.4346222

::::::::::: PostReleaseRequestState Request called at 7/26/2018 4:41:36 PM   :::   16:41:36.4636360

::::::::::: UpdateRequestCache Request called at 7/26/2018 4:41:36 PM   :::   16:41:36.4916696

::::::::::: EndRequest Request called at 7/26/2018 4:41:36 PM   :::   16:41:36.5197170

::::::::::: PreSendRequestContent Request called at 7/26/2018 4:41:36 PM   :::   16:41:36.5507397

::::::::::: PreSendRequestContent Request called at 7/26/2018 4:41:38 PM   :::   16:41:38.4871283

::::::::::: PreSendRequestHeaders Request called at 7/26/2018 4:41:38 PM   :::   16:41:38.5196621

::::::::::: PostRequestHandlerExecute Request called at 7/26/2018 4:41:38 PM   :::   16:41:38.5516800

::::::::::: ReleaseRequestState Request called at 7/26/2018 4:41:38 PM   :::   16:41:38.5817008

::::::::::: PostReleaseRequestState Request called at 7/26/2018 4:41:38 PM   :::   16:41:38.6072786

::::::::::: UpdateRequestCache Request called at 7/26/2018 4:41:38 PM   :::   16:41:38.6406221

::::::::::: EndRequest Request called at 7/26/2018 4:41:38 PM   :::   16:41:38.6786509

::::::::::: PreSendRequestContent Request called at 7/26/2018 4:41:38 PM   :::   16:41:38.7146918

::::::::::: BeginRequest Request called at 7/26/2018 4:41:41 PM   :::   16:41:41.7139350

::::::::::: AuthenticateRequest Request called at 7/26/2018 4:41:41 PM   :::   16:41:41.7529618

::::::::::: PostAuthenticateRequest Request called at 7/26/2018 4:41:41 PM   :::   16:41:41.7809831

::::::::::: AuthorizeRequest Request called at 7/26/2018 4:41:41 PM   :::   16:41:41.8460607

::::::::::: PostAuthenticateRequest Request called at 7/26/2018 4:41:41 PM   :::   16:41:41.8790859

::::::::::: AuthorizeRequest Request called at 7/26/2018 4:41:41 PM   :::   16:41:41.9231202

::::::::::: PostAuthorizeRequest Request called at 7/26/2018 4:41:41 PM   :::   16:41:41.9651491

::::::::::: End Request called at 7/26/2018 4:41:41 PM   :::   16:41:41.9871682

::::::::::: PostResolveRequestCache Request called at 7/26/2018 4:41:42 PM   :::   16:41:42.0061824

::::::::::: AcquireRequestState Request called at 7/26/2018 4:41:42 PM   :::   16:41:42.0231991

::::::::::: PostAcquireRequestState Request called at 7/26/2018 4:41:42 PM   :::   16:41:42.0422122

::::::::::: PreRequestHandlerExecute Request called at 7/26/2018 4:41:42 PM   :::   16:41:42.0542195

::::::::::: PostRequestHandlerExecute Request called at 7/26/2018 4:41:42 PM   :::   16:41:42.0662280

::::::::::: ReleaseRequestState Request called at 7/26/2018 4:41:42 PM   :::   16:41:42.0782364

::::::::::: PostReleaseRequestState Request called at 7/26/2018 4:41:42 PM   :::   16:41:42.0902461

::::::::::: UpdateRequestCache Request called at 7/26/2018 4:41:42 PM   :::   16:41:42.1042588

::::::::::: EndRequest Request called at 7/26/2018 4:41:42 PM   :::   16:41:42.1182714

::::::::::: PostAuthenticateRequest Request called at 7/26/2018 4:41:42 PM   :::   16:41:42.1402873

::::::::::: PostResolveRequestCache Request called at 7/26/2018 4:41:42 PM   :::   16:41:42.1542965

::::::::::: AcquireRequestState Request called at 7/26/2018 4:41:42 PM   :::   16:41:42.1673060

::::::::::: PostAcquireRequestState Request called at 7/26/2018 4:41:42 PM   :::   16:41:42.1813159

::::::::::: PreRequestHandlerExecute Request called at 7/26/2018 4:41:42 PM   :::   16:41:42.1913222

::::::::::: PreSendRequestContent Request called at 7/26/2018 4:41:44 PM   :::   16:41:44.3777090

::::::::::: PreSendRequestHeaders Request called at 7/26/2018 4:41:44 PM   :::   16:41:44.4057379

::::::::::: PostRequestHandlerExecute Request called at 7/26/2018 4:41:44 PM   :::   16:41:44.4358065

::::::::::: ReleaseRequestState Request called at 7/26/2018 4:41:44 PM   :::   16:41:44.4808375

::::::::::: PostReleaseRequestState Request called at 7/26/2018 4:41:44 PM   :::   16:41:44.5098793

::::::::::: UpdateRequestCache Request called at 7/26/2018 4:41:44 PM   :::   16:41:44.5379322

::::::::::: EndRequest Request called at 7/26/2018 4:41:44 PM   :::   16:41:44.5819621

::::::::::: PreSendRequestContent Request called at 7/26/2018 4:41:44 PM   :::   16:41:44.6255069

::::::::::: PreSendRequestContent Request called at 7/26/2018 4:41:44 PM   :::   16:41:44.6885502

::::::::::: PreSendRequestHeaders Request called at 7/26/2018 4:41:44 PM   :::   16:41:44.7005587

::::::::::: PostRequestHandlerExecute Request called at 7/26/2018 4:41:44 PM   :::   16:41:44.7120702

::::::::::: ReleaseRequestState Request called at 7/26/2018 4:41:44 PM   :::   16:41:44.7205788

::::::::::: PostReleaseRequestState Request called at 7/26/2018 4:41:44 PM   :::   16:41:44.7305858

::::::::::: UpdateRequestCache Request called at 7/26/2018 4:41:44 PM   :::   16:41:44.7385935

::::::::::: EndRequest Request called at 7/26/2018 4:41:44 PM   :::   16:41:44.7475974

::::::::::: PreSendRequestContent Request called at 7/26/2018 4:41:44 PM   :::   16:41:44.7566058

::::::::::: PreSendRequestContent Request called at 7/26/2018 4:41:46 PM   :::   16:41:46.3398444

::::::::::: PreSendRequestHeaders Request called at 7/26/2018 4:41:46 PM   :::   16:41:46.3798699

::::::::::: PostRequestHandlerExecute Request called at 7/26/2018 4:41:46 PM   :::   16:41:46.4088975

::::::::::: ReleaseRequestState Request called at 7/26/2018 4:41:46 PM   :::   16:41:46.4404255

::::::::::: PostReleaseRequestState Request called at 7/26/2018 4:41:46 PM   :::   16:41:46.4644421

::::::::::: UpdateRequestCache Request called at 7/26/2018 4:41:46 PM   :::   16:41:46.4754495

::::::::::: EndRequest Request called at 7/26/2018 4:41:46 PM   :::   16:41:46.4864568

::::::::::: PreSendRequestContent Request called at 7/26/2018 4:41:46 PM   :::   16:41:46.4984669

::::::::::: BeginRequest Request called at 7/26/2018 4:41:56 PM   :::   16:41:56.5319406

::::::::::: AuthenticateRequest Request called at 7/26/2018 4:41:56 PM   :::   16:41:56.5659725

::::::::::: PostAuthenticateRequest Request called at 7/26/2018 4:41:56 PM   :::   16:41:56.5989955

::::::::::: AuthorizeRequest Request called at 7/26/2018 4:41:56 PM   :::   16:41:56.6426962

::::::::::: PostAuthorizeRequest Request called at 7/26/2018 4:41:56 PM   :::   16:41:56.6917343

::::::::::: AuthenticateRequest Request called at 7/26/2018 4:41:56 PM   :::   16:41:56.7207588

::::::::::: PostAuthenticateRequest Request called at 7/26/2018 4:41:56 PM   :::   16:41:56.7392748

::::::::::: AuthorizeRequest Request called at 7/26/2018 4:41:56 PM   :::   16:41:56.7562860

::::::::::: PostAuthorizeRequest Request called at 7/26/2018 4:41:56 PM   :::   16:41:56.7672958

::::::::::: End Request called at 7/26/2018 4:41:56 PM   :::   16:41:56.7783016

::::::::::: PostResolveRequestCache Request called at 7/26/2018 4:41:56 PM   :::   16:41:56.7883086

::::::::::: AcquireRequestState Request called at 7/26/2018 4:41:56 PM   :::   16:41:56.8023185

::::::::::: PostAcquireRequestState Request called at 7/26/2018 4:41:56 PM   :::   16:41:56.8133299

::::::::::: PreRequestHandlerExecute Request called at 7/26/2018 4:41:56 PM   :::   16:41:56.8258393

::::::::::: UpdateRequestCache Request called at 7/26/2018 4:41:56 PM   :::   16:41:56.8383519

::::::::::: EndRequest Request called at 7/26/2018 4:41:56 PM   :::   16:41:56.8513610

::::::::::: PreSendRequestContent Request called at 7/26/2018 4:41:56 PM   :::   16:41:56.8643690

::::::::::: PreSendRequestHeaders Request called at 7/26/2018 4:41:56 PM   :::   16:41:56.8743769

::::::::::: BeginRequest Request called at 7/26/2018 4:41:56 PM   :::   16:41:56.8883872

::::::::::: AuthenticateRequest Request called at 7/26/2018 4:41:56 PM   :::   16:41:56.8983943

::::::::::: PostAuthenticateRequest Request called at 7/26/2018 4:41:56 PM   :::   16:41:56.9144052

::::::::::: AuthorizeRequest Request called at 7/26/2018 4:41:56 PM   :::   16:41:56.9209115

::::::::::: PostAuthorizeRequest Request called at 7/26/2018 4:41:56 PM   :::   16:41:56.9344209

::::::::::: End Request called at 7/26/2018 4:41:56 PM   :::   16:41:56.9421636

::::::::::: PostResolveRequestCache Request called at 7/26/2018 4:41:56 PM   :::   16:41:56.9531722

::::::::::: AuthenticateRequest Request called at 7/26/2018 4:41:56 PM   :::   16:41:56.9641800

::::::::::: PostAuthenticateRequest Request called at 7/26/2018 4:41:56 PM   :::   16:41:56.9741886

::::::::::: AuthorizeRequest Request called at 7/26/2018 4:41:56 PM   :::   16:41:56.9831934

::::::::::: PostAuthorizeRequest Request called at 7/26/2018 4:41:56 PM   :::   16:41:56.9931997

::::::::::: End Request called at 7/26/2018 4:41:57 PM   :::   16:41:57.0022064

::::::::::: PostResolveRequestCache Request called at 7/26/2018 4:41:57 PM   :::   16:41:57.0152180

::::::::::: AcquireRequestState Request called at 7/26/2018 4:41:57 PM   :::   16:41:57.0247245

::::::::::: PostAcquireRequestState Request called at 7/26/2018 4:41:57 PM   :::   16:41:57.0342326

::::::::::: PreRequestHandlerExecute Request called at 7/26/2018 4:41:57 PM   :::   16:41:57.0412537

::::::::::: PostRequestHandlerExecute Request called at 7/26/2018 4:41:57 PM   :::   16:41:57.0492448

::::::::::: ReleaseRequestState Request called at 7/26/2018 4:41:57 PM   :::   16:41:57.0562489

::::::::::: PostReleaseRequestState Request called at 7/26/2018 4:41:57 PM   :::   16:41:57.0632547

::::::::::: UpdateRequestCache Request called at 7/26/2018 4:41:57 PM   :::   16:41:57.0702600

::::::::::: EndRequest Request called at 7/26/2018 4:41:57 PM   :::   16:41:57.0772736

::::::::::: PreSendRequestContent Request called at 7/26/2018 4:41:57 PM   :::   16:41:57.0842695

::::::::::: PreSendRequestHeaders Request called at 7/26/2018 4:41:57 PM   :::   16:41:57.0912922

::::::::::: BeginRequest Request called at 7/26/2018 4:41:57 PM   :::   16:41:57.1002812

::::::::::: AuthenticateRequest Request called at 7/26/2018 4:41:57 PM   :::   16:41:57.1072877

::::::::::: PostAuthenticateRequest Request called at 7/26/2018 4:41:57 PM   :::   16:41:57.1198054

::::::::::: AuthorizeRequest Request called at 7/26/2018 4:41:57 PM   :::   16:41:57.1268029

::::::::::: PostAuthorizeRequest Request called at 7/26/2018 4:41:57 PM   :::   16:41:57.1359561

::::::::::: End Request called at 7/26/2018 4:41:57 PM   :::   16:41:57.1439594

::::::::::: PostResolveRequestCache Request called at 7/26/2018 4:41:57 PM   :::   16:41:57.1508921

::::::::::: AcquireRequestState Request called at 7/26/2018 4:41:57 PM   :::   16:41:57.1578958

::::::::::: PostAcquireRequestState Request called at 7/26/2018 4:41:57 PM   :::   16:41:57.1649130

::::::::::: PreRequestHandlerExecute Request called at 7/26/2018 4:41:57 PM   :::   16:41:57.1719069

::::::::::: PreSendRequestContent Request called at 7/26/2018 4:41:59 PM   :::   16:41:59.1912551

::::::::::: PreSendRequestHeaders Request called at 7/26/2018 4:41:59 PM   :::   16:41:59.2162759

::::::::::: PostRequestHandlerExecute Request called at 7/26/2018 4:41:59 PM   :::   16:41:59.2423436

::::::::::: ReleaseRequestState Request called at 7/26/2018 4:41:59 PM   :::   16:41:59.2733651

::::::::::: PostReleaseRequestState Request called at 7/26/2018 4:41:59 PM   :::   16:41:59.3013849

::::::::::: UpdateRequestCache Request called at 7/26/2018 4:41:59 PM   :::   16:41:59.3264373

::::::::::: EndRequest Request called at 7/26/2018 4:41:59 PM   :::   16:41:59.3629471

::::::::::: PreSendRequestContent Request called at 7/26/2018 4:41:59 PM   :::   16:41:59.3909618

::::::::::: PreSendRequestContent Request called at 7/26/2018 4:41:59 PM   :::   16:41:59.5933501

::::::::::: PreSendRequestHeaders Request called at 7/26/2018 4:41:59 PM   :::   16:41:59.6183685

::::::::::: PostRequestHandlerExecute Request called at 7/26/2018 4:41:59 PM   :::   16:41:59.6457156

::::::::::: ReleaseRequestState Request called at 7/26/2018 4:41:59 PM   :::   16:41:59.6787382

::::::::::: PostReleaseRequestState Request called at 7/26/2018 4:41:59 PM   :::   16:41:59.7167642

::::::::::: UpdateRequestCache Request called at 7/26/2018 4:41:59 PM   :::   16:41:59.7342835

::::::::::: EndRequest Request called at 7/26/2018 4:41:59 PM   :::   16:41:59.7477968

::::::::::: PreSendRequestContent Request called at 7/26/2018 4:41:59 PM   :::   16:41:59.7598029

::::::::::: PreSendRequestContent Request called at 7/26/2018 4:42:01 PM   :::   16:42:01.7178352

::::::::::: PreSendRequestHeaders Request called at 7/26/2018 4:42:01 PM   :::   16:42:01.7450485

::::::::::: PostRequestHandlerExecute Request called at 7/26/2018 4:42:01 PM   :::   16:42:01.7710657

::::::::::: ReleaseRequestState Request called at 7/26/2018 4:42:01 PM   :::   16:42:01.8211022

::::::::::: PostReleaseRequestState Request called at 7/26/2018 4:42:01 PM   :::   16:42:01.8436357

::::::::::: UpdateRequestCache Request called at 7/26/2018 4:42:01 PM   :::   16:42:01.8779238

::::::::::: EndRequest Request called at 7/26/2018 4:42:01 PM   :::   16:42:01.9036591

::::::::::: PreSendRequestContent Request called at 7/26/2018 4:42:01 PM   :::   16:42:01.9287115

::::::::::: BeginRequest Request called at 7/26/2018 4:42:06 PM   :::   16:42:06.1567735

::::::::::: AuthenticateRequest Request called at 7/26/2018 4:42:06 PM   :::   16:42:06.1837922

::::::::::: PostAuthenticateRequest Request called at 7/26/2018 4:42:06 PM   :::   16:42:06.2078135

::::::::::: AuthorizeRequest Request called at 7/26/2018 4:42:06 PM   :::   16:42:06.2318289

::::::::::: PostAuthorizeRequest Request called at 7/26/2018 4:42:06 PM   :::   16:42:06.2678626

::::::::::: End Request called at 7/26/2018 4:42:06 PM   :::   16:42:06.2948817

::::::::::: PostResolveRequestCache Request called at 7/26/2018 4:42:06 PM   :::   16:42:06.3259016

::::::::::: AcquireRequestState Request called at 7/26/2018 4:42:06 PM   :::   16:42:06.3464226

::::::::::: PostResolveRequestCache Request called at 7/26/2018 4:42:06 PM   :::   16:42:06.3659453

::::::::::: BeginRequest Request called at 7/26/2018 4:42:06 PM   :::   16:42:06.3809524

::::::::::: AuthenticateRequest Request called at 7/26/2018 4:42:06 PM   :::   16:42:06.3919601

::::::::::: PostAuthenticateRequest Request called at 7/26/2018 4:42:06 PM   :::   16:42:06.3999843

::::::::::: AuthorizeRequest Request called at 7/26/2018 4:42:06 PM   :::   16:42:06.4069723

::::::::::: PostAuthorizeRequest Request called at 7/26/2018 4:42:06 PM   :::   16:42:06.4139773

::::::::::: End Request called at 7/26/2018 4:42:06 PM   :::   16:42:06.4219813

::::::::::: PostResolveRequestCache Request called at 7/26/2018 4:42:06 PM   :::   16:42:06.4319880

::::::::::: AcquireRequestState Request called at 7/26/2018 4:42:06 PM   :::   16:42:06.4409963

::::::::::: PostAcquireRequestState Request called at 7/26/2018 4:42:06 PM   :::   16:42:06.4515036

::::::::::: PreRequestHandlerExecute Request called at 7/26/2018 4:42:06 PM   :::   16:42:06.4598676

::::::::::: PreSendRequestContent Request called at 7/26/2018 4:42:09 PM   :::   16:42:09.0142090

::::::::::: PreSendRequestHeaders Request called at 7/26/2018 4:42:09 PM   :::   16:42:09.0382283

::::::::::: PostRequestHandlerExecute Request called at 7/26/2018 4:42:09 PM   :::   16:42:09.0627817

::::::::::: ReleaseRequestState Request called at 7/26/2018 4:42:09 PM   :::   16:42:09.1048102

::::::::::: PostReleaseRequestState Request called at 7/26/2018 4:42:09 PM   :::   16:42:09.1918835

::::::::::: UpdateRequestCache Request called at 7/26/2018 4:42:09 PM   :::   16:42:09.2189022

::::::::::: EndRequest Request called at 7/26/2018 4:42:09 PM   :::   16:42:09.2319122

::::::::::: PreSendRequestContent Request called at 7/26/2018 4:42:09 PM   :::   16:42:09.2414389

::::::::::: BeginRequest Request called at 7/26/2018 4:42:24 PM   :::   16:42:24.9716278

::::::::::: AuthenticateRequest Request called at 7/26/2018 4:42:24 PM   :::   16:42:24.9956527

::::::::::: PostAuthenticateRequest Request called at 7/26/2018 4:42:25 PM   :::   16:42:25.0176599

::::::::::: AuthorizeRequest Request called at 7/26/2018 4:42:25 PM   :::   16:42:25.0416777

::::::::::: PostAuthorizeRequest Request called at 7/26/2018 4:42:25 PM   :::   16:42:25.0576925

::::::::::: End Request called at 7/26/2018 4:42:25 PM   :::   16:42:25.0757155

::::::::::: PostResolveRequestCache Request called at 7/26/2018 4:42:25 PM   :::   16:42:25.0937188

::::::::::: AcquireRequestState Request called at 7/26/2018 4:42:25 PM   :::   16:42:25.1142327

::::::::::: PostAcquireRequestState Request called at 7/26/2018 4:42:25 PM   :::   16:42:25.1417523

::::::::::: PreRequestHandlerExecute Request called at 7/26/2018 4:42:25 PM   :::   16:42:25.1597646

::::::::::: PreSendRequestContent Request called at 7/26/2018 4:42:48 PM   :::   16:42:48.9813396

::::::::::: PreSendRequestHeaders Request called at 7/26/2018 4:42:49 PM   :::   16:42:49.0143764

::::::::::: PostRequestHandlerExecute Request called at 7/26/2018 4:42:49 PM   :::   16:42:49.0463994

::::::::::: ReleaseRequestState Request called at 7/26/2018 4:42:49 PM   :::   16:42:49.0684153

::::::::::: PostReleaseRequestState Request called at 7/26/2018 4:42:49 PM   :::   16:42:49.0874311

::::::::::: UpdateRequestCache Request called at 7/26/2018 4:42:49 PM   :::   16:42:49.1044431

::::::::::: EndRequest Request called at 7/26/2018 4:42:49 PM   :::   16:42:49.1144549

::::::::::: PreSendRequestContent Request called at 7/26/2018 4:42:49 PM   :::   16:42:49.1244608

