::::::::::: BeginRequest Request called at 11/5/2018 7:40:51 AM   :::   07:40:51.6831720

::::::::::: AuthenticateRequest Request called at 11/5/2018 7:40:51 AM   :::   07:40:51.6861714

::::::::::: PostAuthenticateRequest Request called at 11/5/2018 7:40:51 AM   :::   07:40:51.6891719

::::::::::: AuthorizeRequest Request called at 11/5/2018 7:40:51 AM   :::   07:40:51.6911698

::::::::::: PostAuthorizeRequest Request called at 11/5/2018 7:40:51 AM   :::   07:40:51.6931712

::::::::::: End Request called at 11/5/2018 7:40:51 AM   :::   07:40:51.6961718

::::::::::: PostResolveRequestCache Request called at 11/5/2018 7:40:51 AM   :::   07:40:51.6991735

::::::::::: AcquireRequestState Request called at 11/5/2018 7:40:51 AM   :::   07:40:51.7016798

::::::::::: PostAcquireRequestState Request called at 11/5/2018 7:40:51 AM   :::   07:40:51.7031787

::::::::::: PreRequestHandlerExecute Request called at 11/5/2018 7:40:51 AM   :::   07:40:51.7046792

::::::::::: PostRequestHandlerExecute Request called at 11/5/2018 7:40:51 AM   :::   07:40:51.7091790

::::::::::: ReleaseRequestState Request called at 11/5/2018 7:40:51 AM   :::   07:40:51.7126794

::::::::::: PostReleaseRequestState Request called at 11/5/2018 7:40:51 AM   :::   07:40:51.7146796

::::::::::: UpdateRequestCache Request called at 11/5/2018 7:40:51 AM   :::   07:40:51.7161801

::::::::::: EndRequest Request called at 11/5/2018 7:40:51 AM   :::   07:40:51.7181906

::::::::::: PreSendRequestContent Request called at 11/5/2018 7:40:51 AM   :::   07:40:51.7191885

::::::::::: PreSendRequestHeaders Request called at 11/5/2018 7:40:51 AM   :::   07:40:51.7211900

::::::::::: BeginRequest Request called at 11/5/2018 7:40:53 AM   :::   07:40:53.7626510

::::::::::: AuthenticateRequest Request called at 11/5/2018 7:40:53 AM   :::   07:40:53.7636537

::::::::::: PostAuthenticateRequest Request called at 11/5/2018 7:40:53 AM   :::   07:40:53.7666515

::::::::::: AuthorizeRequest Request called at 11/5/2018 7:40:53 AM   :::   07:40:53.7676751

::::::::::: PostAuthorizeRequest Request called at 11/5/2018 7:40:53 AM   :::   07:40:53.7696540

::::::::::: End Request called at 11/5/2018 7:40:53 AM   :::   07:40:53.7776518

::::::::::: PostResolveRequestCache Request called at 11/5/2018 7:40:53 AM   :::   07:40:53.7806543

::::::::::: AcquireRequestState Request called at 11/5/2018 7:40:53 AM   :::   07:40:53.7826581

::::::::::: PostAcquireRequestState Request called at 11/5/2018 7:40:53 AM   :::   07:40:53.7846560

::::::::::: PreRequestHandlerExecute Request called at 11/5/2018 7:40:53 AM   :::   07:40:53.7876526

::::::::::: PreSendRequestContent Request called at 11/5/2018 7:41:05 AM   :::   07:41:05.5285043

::::::::::: PreSendRequestHeaders Request called at 11/5/2018 7:41:05 AM   :::   07:41:05.5300071

::::::::::: PostRequestHandlerExecute Request called at 11/5/2018 7:41:05 AM   :::   07:41:05.5390076

::::::::::: ReleaseRequestState Request called at 11/5/2018 7:41:05 AM   :::   07:41:05.5430112

::::::::::: PostReleaseRequestState Request called at 11/5/2018 7:41:05 AM   :::   07:41:05.5460102

::::::::::: UpdateRequestCache Request called at 11/5/2018 7:41:05 AM   :::   07:41:05.5480096

::::::::::: EndRequest Request called at 11/5/2018 7:41:05 AM   :::   07:41:05.5500067

::::::::::: PreSendRequestContent Request called at 11/5/2018 7:41:05 AM   :::   07:41:05.5520066

::::::::::: BeginRequest Request called at 11/5/2018 7:41:23 AM   :::   07:41:23.9054744

::::::::::: AuthenticateRequest Request called at 11/5/2018 7:41:23 AM   :::   07:41:23.9074746

::::::::::: PostAuthenticateRequest Request called at 11/5/2018 7:41:23 AM   :::   07:41:23.9084746

::::::::::: AuthorizeRequest Request called at 11/5/2018 7:41:23 AM   :::   07:41:23.9104740

::::::::::: PostAuthorizeRequest Request called at 11/5/2018 7:41:23 AM   :::   07:41:23.9124758

::::::::::: End Request called at 11/5/2018 7:41:23 AM   :::   07:41:23.9144761

::::::::::: PostResolveRequestCache Request called at 11/5/2018 7:41:23 AM   :::   07:41:23.9174754

::::::::::: AcquireRequestState Request called at 11/5/2018 7:41:23 AM   :::   07:41:23.9194780

::::::::::: PostAcquireRequestState Request called at 11/5/2018 7:41:23 AM   :::   07:41:23.9214751

::::::::::: PreRequestHandlerExecute Request called at 11/5/2018 7:41:23 AM   :::   07:41:23.9234765

::::::::::: PostRequestHandlerExecute Request called at 11/5/2018 7:41:23 AM   :::   07:41:23.9274766

::::::::::: ReleaseRequestState Request called at 11/5/2018 7:41:23 AM   :::   07:41:23.9344832

::::::::::: PostReleaseRequestState Request called at 11/5/2018 7:41:23 AM   :::   07:41:23.9404756

::::::::::: UpdateRequestCache Request called at 11/5/2018 7:41:23 AM   :::   07:41:23.9424885

::::::::::: EndRequest Request called at 11/5/2018 7:41:23 AM   :::   07:41:23.9444741

::::::::::: PreSendRequestContent Request called at 11/5/2018 7:41:23 AM   :::   07:41:23.9489882

::::::::::: PreSendRequestHeaders Request called at 11/5/2018 7:41:23 AM   :::   07:41:23.9509888

::::::::::: BeginRequest Request called at 11/5/2018 7:41:23 AM   :::   07:41:23.9569852

::::::::::: AuthenticateRequest Request called at 11/5/2018 7:41:23 AM   :::   07:41:23.9584857

::::::::::: PostAuthenticateRequest Request called at 11/5/2018 7:41:23 AM   :::   07:41:23.9599869

::::::::::: AuthorizeRequest Request called at 11/5/2018 7:41:23 AM   :::   07:41:23.9619931

::::::::::: PostAuthorizeRequest Request called at 11/5/2018 7:41:23 AM   :::   07:41:23.9675000

::::::::::: End Request called at 11/5/2018 7:41:23 AM   :::   07:41:23.9695116

::::::::::: PostResolveRequestCache Request called at 11/5/2018 7:41:23 AM   :::   07:41:23.9714969

::::::::::: AcquireRequestState Request called at 11/5/2018 7:41:23 AM   :::   07:41:23.9734971

::::::::::: PostAcquireRequestState Request called at 11/5/2018 7:41:23 AM   :::   07:41:23.9744990

::::::::::: PreRequestHandlerExecute Request called at 11/5/2018 7:41:23 AM   :::   07:41:23.9764989

::::::::::: PreSendRequestContent Request called at 11/5/2018 7:41:42 AM   :::   07:41:42.4218600

::::::::::: PreSendRequestHeaders Request called at 11/5/2018 7:41:42 AM   :::   07:41:42.4258569

::::::::::: PostRequestHandlerExecute Request called at 11/5/2018 7:41:42 AM   :::   07:41:42.4428600

::::::::::: ReleaseRequestState Request called at 11/5/2018 7:41:42 AM   :::   07:41:42.4693806

::::::::::: PostReleaseRequestState Request called at 11/5/2018 7:41:42 AM   :::   07:41:42.4763785

::::::::::: UpdateRequestCache Request called at 11/5/2018 7:41:42 AM   :::   07:41:42.4808791

::::::::::: EndRequest Request called at 11/5/2018 7:41:42 AM   :::   07:41:42.4833767

::::::::::: PreSendRequestContent Request called at 11/5/2018 7:41:42 AM   :::   07:41:42.4858933

::::::::::: BeginRequest Request called at 11/5/2018 7:41:42 AM   :::   07:41:42.8929468

::::::::::: AuthenticateRequest Request called at 11/5/2018 7:41:42 AM   :::   07:41:42.8949474

::::::::::: PostAuthenticateRequest Request called at 11/5/2018 7:41:42 AM   :::   07:41:42.8969492

::::::::::: AuthorizeRequest Request called at 11/5/2018 7:41:42 AM   :::   07:41:42.8989475

::::::::::: PostAuthorizeRequest Request called at 11/5/2018 7:41:42 AM   :::   07:41:42.8999482

::::::::::: End Request called at 11/5/2018 7:41:42 AM   :::   07:41:42.9019472

::::::::::: PostResolveRequestCache Request called at 11/5/2018 7:41:42 AM   :::   07:41:42.9029468

::::::::::: AcquireRequestState Request called at 11/5/2018 7:41:42 AM   :::   07:41:42.9049462

::::::::::: PostAcquireRequestState Request called at 11/5/2018 7:41:42 AM   :::   07:41:42.9059477

::::::::::: PreRequestHandlerExecute Request called at 11/5/2018 7:41:42 AM   :::   07:41:42.9069476

::::::::::: PostRequestHandlerExecute Request called at 11/5/2018 7:41:45 AM   :::   07:41:45.2814794

::::::::::: ReleaseRequestState Request called at 11/5/2018 7:41:45 AM   :::   07:41:45.2854814

::::::::::: PostReleaseRequestState Request called at 11/5/2018 7:41:45 AM   :::   07:41:45.2894783

::::::::::: UpdateRequestCache Request called at 11/5/2018 7:41:45 AM   :::   07:41:45.2965263

::::::::::: EndRequest Request called at 11/5/2018 7:41:45 AM   :::   07:41:45.3005347

::::::::::: PreSendRequestContent Request called at 11/5/2018 7:41:45 AM   :::   07:41:45.3045237

::::::::::: PreSendRequestHeaders Request called at 11/5/2018 7:41:45 AM   :::   07:41:45.3085262

::::::::::: BeginRequest Request called at 11/5/2018 7:41:57 AM   :::   07:41:57.5900908

::::::::::: AuthenticateRequest Request called at 11/5/2018 7:41:57 AM   :::   07:41:57.6010920

::::::::::: PostAuthenticateRequest Request called at 11/5/2018 7:41:57 AM   :::   07:41:57.6020899

::::::::::: AuthorizeRequest Request called at 11/5/2018 7:41:57 AM   :::   07:41:57.6040894

::::::::::: PostAuthorizeRequest Request called at 11/5/2018 7:41:57 AM   :::   07:41:57.6060924

::::::::::: End Request called at 11/5/2018 7:41:57 AM   :::   07:41:57.6076011

::::::::::: BeginRequest Request called at 11/5/2018 7:41:57 AM   :::   07:41:57.6086006

::::::::::: AcquireRequestState Request called at 11/5/2018 7:41:57 AM   :::   07:41:57.6241127

::::::::::: PostAcquireRequestState Request called at 11/5/2018 7:41:57 AM   :::   07:41:57.6271120

::::::::::: AuthorizeRequest Request called at 11/5/2018 7:41:57 AM   :::   07:41:57.6491107

::::::::::: PostAuthorizeRequest Request called at 11/5/2018 7:41:57 AM   :::   07:41:57.6501118

::::::::::: End Request called at 11/5/2018 7:41:57 AM   :::   07:41:57.6531124

::::::::::: PostRequestHandlerExecute Request called at 11/5/2018 7:41:57 AM   :::   07:41:57.6641127

::::::::::: ReleaseRequestState Request called at 11/5/2018 7:41:57 AM   :::   07:41:57.6671129

::::::::::: PostReleaseRequestState Request called at 11/5/2018 7:41:57 AM   :::   07:41:57.6701126

::::::::::: UpdateRequestCache Request called at 11/5/2018 7:41:57 AM   :::   07:41:57.6831136

::::::::::: EndRequest Request called at 11/5/2018 7:41:57 AM   :::   07:41:57.7281199

::::::::::: ReleaseRequestState Request called at 11/5/2018 7:41:57 AM   :::   07:41:57.7391230

::::::::::: PostReleaseRequestState Request called at 11/5/2018 7:41:57 AM   :::   07:41:57.7471212

::::::::::: UpdateRequestCache Request called at 11/5/2018 7:41:57 AM   :::   07:41:57.7596220

::::::::::: EndRequest Request called at 11/5/2018 7:41:57 AM   :::   07:41:57.7671216

::::::::::: PreSendRequestContent Request called at 11/5/2018 7:41:57 AM   :::   07:41:57.7691226

::::::::::: PreSendRequestHeaders Request called at 11/5/2018 7:41:57 AM   :::   07:41:57.7706196

::::::::::: BeginRequest Request called at 11/5/2018 7:41:58 AM   :::   07:41:58.5012308

::::::::::: AuthenticateRequest Request called at 11/5/2018 7:41:58 AM   :::   07:41:58.5032299

::::::::::: PostAuthenticateRequest Request called at 11/5/2018 7:41:58 AM   :::   07:41:58.5042322

::::::::::: AuthorizeRequest Request called at 11/5/2018 7:41:58 AM   :::   07:41:58.5062332

::::::::::: PostAuthorizeRequest Request called at 11/5/2018 7:41:58 AM   :::   07:41:58.5082303

::::::::::: End Request called at 11/5/2018 7:41:58 AM   :::   07:41:58.5152321

::::::::::: PostResolveRequestCache Request called at 11/5/2018 7:41:58 AM   :::   07:41:58.5172312

::::::::::: AcquireRequestState Request called at 11/5/2018 7:41:58 AM   :::   07:41:58.5182323

::::::::::: PostAcquireRequestState Request called at 11/5/2018 7:41:58 AM   :::   07:41:58.5202297

::::::::::: PreRequestHandlerExecute Request called at 11/5/2018 7:41:58 AM   :::   07:41:58.5212301

::::::::::: PreSendRequestContent Request called at 11/5/2018 7:42:00 AM   :::   07:42:00.5974479

::::::::::: PreSendRequestHeaders Request called at 11/5/2018 7:42:00 AM   :::   07:42:00.6034526

::::::::::: PostRequestHandlerExecute Request called at 11/5/2018 7:42:00 AM   :::   07:42:00.6074499

::::::::::: ReleaseRequestState Request called at 11/5/2018 7:42:00 AM   :::   07:42:00.6154493

::::::::::: PostReleaseRequestState Request called at 11/5/2018 7:42:00 AM   :::   07:42:00.6184487

::::::::::: UpdateRequestCache Request called at 11/5/2018 7:42:00 AM   :::   07:42:00.6214508

::::::::::: EndRequest Request called at 11/5/2018 7:42:00 AM   :::   07:42:00.6244490

::::::::::: PreSendRequestContent Request called at 11/5/2018 7:42:00 AM   :::   07:42:00.6284562

::::::::::: BeginRequest Request called at 11/5/2018 7:43:12 AM   :::   07:43:12.0633720

::::::::::: AuthenticateRequest Request called at 11/5/2018 7:43:12 AM   :::   07:43:12.0648694

::::::::::: PostAuthenticateRequest Request called at 11/5/2018 7:43:12 AM   :::   07:43:12.0668712

::::::::::: AuthorizeRequest Request called at 11/5/2018 7:43:12 AM   :::   07:43:12.0713683

::::::::::: PostAuthorizeRequest Request called at 11/5/2018 7:43:12 AM   :::   07:43:12.0738679

::::::::::: End Request called at 11/5/2018 7:43:12 AM   :::   07:43:12.0773792

::::::::::: PostResolveRequestCache Request called at 11/5/2018 7:43:12 AM   :::   07:43:12.0803802

::::::::::: AcquireRequestState Request called at 11/5/2018 7:43:12 AM   :::   07:43:12.0823796

::::::::::: PostAcquireRequestState Request called at 11/5/2018 7:43:12 AM   :::   07:43:12.0853806

::::::::::: PreRequestHandlerExecute Request called at 11/5/2018 7:43:12 AM   :::   07:43:12.0874136

::::::::::: PostRequestHandlerExecute Request called at 11/5/2018 7:43:12 AM   :::   07:43:12.0943811

::::::::::: ReleaseRequestState Request called at 11/5/2018 7:43:12 AM   :::   07:43:12.0963789

::::::::::: PostReleaseRequestState Request called at 11/5/2018 7:43:12 AM   :::   07:43:12.0973998

::::::::::: UpdateRequestCache Request called at 11/5/2018 7:43:12 AM   :::   07:43:12.0993799

::::::::::: EndRequest Request called at 11/5/2018 7:43:12 AM   :::   07:43:12.1003972

::::::::::: PreSendRequestContent Request called at 11/5/2018 7:43:12 AM   :::   07:43:12.1013782

::::::::::: PreSendRequestHeaders Request called at 11/5/2018 7:43:12 AM   :::   07:43:12.1033776

::::::::::: BeginRequest Request called at 11/5/2018 7:43:12 AM   :::   07:43:12.1103798

::::::::::: AuthenticateRequest Request called at 11/5/2018 7:43:12 AM   :::   07:43:12.1113778

::::::::::: PostAuthenticateRequest Request called at 11/5/2018 7:43:12 AM   :::   07:43:12.1133792

::::::::::: AuthorizeRequest Request called at 11/5/2018 7:43:12 AM   :::   07:43:12.1143803

::::::::::: PostAuthorizeRequest Request called at 11/5/2018 7:43:12 AM   :::   07:43:12.1153790

::::::::::: End Request called at 11/5/2018 7:43:12 AM   :::   07:43:12.1163786

::::::::::: PostResolveRequestCache Request called at 11/5/2018 7:43:12 AM   :::   07:43:12.1173785

::::::::::: AcquireRequestState Request called at 11/5/2018 7:43:12 AM   :::   07:43:12.1193783

::::::::::: PostAcquireRequestState Request called at 11/5/2018 7:43:12 AM   :::   07:43:12.1203798

::::::::::: PreRequestHandlerExecute Request called at 11/5/2018 7:43:12 AM   :::   07:43:12.1223781

::::::::::: BeginRequest Request called at 11/5/2018 7:48:27 AM   :::   07:48:27.2106965

::::::::::: AuthenticateRequest Request called at 11/5/2018 7:48:27 AM   :::   07:48:27.2176967

::::::::::: PostAuthenticateRequest Request called at 11/5/2018 7:48:27 AM   :::   07:48:27.2206965

::::::::::: AuthorizeRequest Request called at 11/5/2018 7:48:27 AM   :::   07:48:27.2216909

::::::::::: PostAuthorizeRequest Request called at 11/5/2018 7:48:27 AM   :::   07:48:27.2236911

::::::::::: End Request called at 11/5/2018 7:48:27 AM   :::   07:48:27.2246911

::::::::::: PostResolveRequestCache Request called at 11/5/2018 7:48:27 AM   :::   07:48:27.3097109

::::::::::: AcquireRequestState Request called at 11/5/2018 7:48:27 AM   :::   07:48:27.3187137

::::::::::: PostAcquireRequestState Request called at 11/5/2018 7:48:27 AM   :::   07:48:27.3207096

::::::::::: PreRequestHandlerExecute Request called at 11/5/2018 7:48:27 AM   :::   07:48:27.3217099

::::::::::: PostRequestHandlerExecute Request called at 11/5/2018 7:48:29 AM   :::   07:48:29.9216745

::::::::::: ReleaseRequestState Request called at 11/5/2018 7:48:29 AM   :::   07:48:29.9236783

::::::::::: PostReleaseRequestState Request called at 11/5/2018 7:48:29 AM   :::   07:48:29.9261759

::::::::::: UpdateRequestCache Request called at 11/5/2018 7:48:29 AM   :::   07:48:29.9691848

::::::::::: EndRequest Request called at 11/5/2018 7:48:29 AM   :::   07:48:29.9711850

::::::::::: PreSendRequestContent Request called at 11/5/2018 7:48:29 AM   :::   07:48:29.9782026

::::::::::: PreSendRequestHeaders Request called at 11/5/2018 7:48:29 AM   :::   07:48:29.9811846

::::::::::: BeginRequest Request called at 11/5/2018 7:48:32 AM   :::   07:48:32.8570052

::::::::::: AuthenticateRequest Request called at 11/5/2018 7:48:32 AM   :::   07:48:32.8595048

::::::::::: PostAuthenticateRequest Request called at 11/5/2018 7:48:32 AM   :::   07:48:32.8615063

::::::::::: AuthorizeRequest Request called at 11/5/2018 7:48:32 AM   :::   07:48:32.8630044

::::::::::: PostAuthorizeRequest Request called at 11/5/2018 7:48:32 AM   :::   07:48:32.8645045

::::::::::: End Request called at 11/5/2018 7:48:32 AM   :::   07:48:32.8665035

::::::::::: BeginRequest Request called at 11/5/2018 7:48:32 AM   :::   07:48:32.8705052

::::::::::: PostResolveRequestCache Request called at 11/5/2018 7:48:32 AM   :::   07:48:32.8715043

::::::::::: PostAuthenticateRequest Request called at 11/5/2018 7:48:32 AM   :::   07:48:32.8735041

::::::::::: PostAcquireRequestState Request called at 11/5/2018 7:48:32 AM   :::   07:48:32.8745049

::::::::::: PreRequestHandlerExecute Request called at 11/5/2018 7:48:32 AM   :::   07:48:32.8780040

::::::::::: AcquireRequestState Request called at 11/5/2018 7:48:32 AM   :::   07:48:32.8795037

::::::::::: PostAcquireRequestState Request called at 11/5/2018 7:48:32 AM   :::   07:48:32.8810026

::::::::::: PreRequestHandlerExecute Request called at 11/5/2018 7:48:32 AM   :::   07:48:32.8825038

::::::::::: PostRequestHandlerExecute Request called at 11/5/2018 7:48:32 AM   :::   07:48:32.9570026

::::::::::: ReleaseRequestState Request called at 11/5/2018 7:48:32 AM   :::   07:48:32.9600047

::::::::::: PostReleaseRequestState Request called at 11/5/2018 7:48:32 AM   :::   07:48:32.9615044

::::::::::: UpdateRequestCache Request called at 11/5/2018 7:48:32 AM   :::   07:48:32.9630033

::::::::::: EndRequest Request called at 11/5/2018 7:48:32 AM   :::   07:48:32.9645022

::::::::::: PreSendRequestContent Request called at 11/5/2018 7:48:32 AM   :::   07:48:32.9660042

::::::::::: PreSendRequestHeaders Request called at 11/5/2018 7:48:32 AM   :::   07:48:32.9685050

::::::::::: PostRequestHandlerExecute Request called at 11/5/2018 7:48:33 AM   :::   07:48:33.1612428

::::::::::: ReleaseRequestState Request called at 11/5/2018 7:48:33 AM   :::   07:48:33.1632194

::::::::::: PostReleaseRequestState Request called at 11/5/2018 7:48:33 AM   :::   07:48:33.1642244

::::::::::: UpdateRequestCache Request called at 11/5/2018 7:48:33 AM   :::   07:48:33.1652397

::::::::::: EndRequest Request called at 11/5/2018 7:48:33 AM   :::   07:48:33.1662412

::::::::::: PreSendRequestContent Request called at 11/5/2018 7:48:33 AM   :::   07:48:33.1682194

::::::::::: PreSendRequestHeaders Request called at 11/5/2018 7:48:33 AM   :::   07:48:33.1692213

::::::::::: BeginRequest Request called at 11/5/2018 7:48:34 AM   :::   07:48:34.2364264

::::::::::: AuthenticateRequest Request called at 11/5/2018 7:48:34 AM   :::   07:48:34.2379249

::::::::::: PostAuthenticateRequest Request called at 11/5/2018 7:48:34 AM   :::   07:48:34.2399240

::::::::::: AuthorizeRequest Request called at 11/5/2018 7:48:34 AM   :::   07:48:34.2419274

::::::::::: PostAuthorizeRequest Request called at 11/5/2018 7:48:34 AM   :::   07:48:34.2434263

::::::::::: End Request called at 11/5/2018 7:48:34 AM   :::   07:48:34.2459251

::::::::::: PostResolveRequestCache Request called at 11/5/2018 7:48:34 AM   :::   07:48:34.2479297

::::::::::: AcquireRequestState Request called at 11/5/2018 7:48:34 AM   :::   07:48:34.2494246

::::::::::: PostAcquireRequestState Request called at 11/5/2018 7:48:34 AM   :::   07:48:34.2509405

::::::::::: PreRequestHandlerExecute Request called at 11/5/2018 7:48:34 AM   :::   07:48:34.2559365

::::::::::: PreSendRequestContent Request called at 11/5/2018 7:48:36 AM   :::   07:48:36.2962678

::::::::::: PreSendRequestHeaders Request called at 11/5/2018 7:48:36 AM   :::   07:48:36.3012670

::::::::::: PostRequestHandlerExecute Request called at 11/5/2018 7:48:36 AM   :::   07:48:36.3072709

::::::::::: ReleaseRequestState Request called at 11/5/2018 7:48:36 AM   :::   07:48:36.3152687

::::::::::: PostReleaseRequestState Request called at 11/5/2018 7:48:36 AM   :::   07:48:36.3192636

::::::::::: UpdateRequestCache Request called at 11/5/2018 7:48:36 AM   :::   07:48:36.3242751

::::::::::: EndRequest Request called at 11/5/2018 7:48:36 AM   :::   07:48:36.3293023

::::::::::: PreSendRequestContent Request called at 11/5/2018 7:48:36 AM   :::   07:48:36.3328014

::::::::::: BeginRequest Request called at 11/5/2018 7:48:46 AM   :::   07:48:46.1150743

::::::::::: AuthenticateRequest Request called at 11/5/2018 7:48:46 AM   :::   07:48:46.1170725

::::::::::: PostAuthenticateRequest Request called at 11/5/2018 7:48:46 AM   :::   07:48:46.1180725

::::::::::: AuthorizeRequest Request called at 11/5/2018 7:48:46 AM   :::   07:48:46.1200735

::::::::::: PostAuthorizeRequest Request called at 11/5/2018 7:48:46 AM   :::   07:48:46.1210726

::::::::::: End Request called at 11/5/2018 7:48:46 AM   :::   07:48:46.1230721

::::::::::: PostResolveRequestCache Request called at 11/5/2018 7:48:46 AM   :::   07:48:46.1250735

::::::::::: AcquireRequestState Request called at 11/5/2018 7:48:46 AM   :::   07:48:46.1270726

::::::::::: PostAcquireRequestState Request called at 11/5/2018 7:48:46 AM   :::   07:48:46.1280729

::::::::::: PreRequestHandlerExecute Request called at 11/5/2018 7:48:46 AM   :::   07:48:46.1300755

::::::::::: PostRequestHandlerExecute Request called at 11/5/2018 7:48:46 AM   :::   07:48:46.1350759

::::::::::: ReleaseRequestState Request called at 11/5/2018 7:48:46 AM   :::   07:48:46.1370734

::::::::::: PostReleaseRequestState Request called at 11/5/2018 7:48:46 AM   :::   07:48:46.1390732

::::::::::: UpdateRequestCache Request called at 11/5/2018 7:48:46 AM   :::   07:48:46.1410738

::::::::::: EndRequest Request called at 11/5/2018 7:48:46 AM   :::   07:48:46.1430756

::::::::::: PreSendRequestContent Request called at 11/5/2018 7:48:46 AM   :::   07:48:46.1450731

::::::::::: PreSendRequestHeaders Request called at 11/5/2018 7:48:46 AM   :::   07:48:46.1470742

::::::::::: BeginRequest Request called at 11/5/2018 7:48:46 AM   :::   07:48:46.3801333

::::::::::: AuthenticateRequest Request called at 11/5/2018 7:48:46 AM   :::   07:48:46.3811423

::::::::::: PostAuthenticateRequest Request called at 11/5/2018 7:48:46 AM   :::   07:48:46.3831422

::::::::::: AuthorizeRequest Request called at 11/5/2018 7:48:46 AM   :::   07:48:46.3841433

::::::::::: PostAuthorizeRequest Request called at 11/5/2018 7:48:46 AM   :::   07:48:46.3861411

::::::::::: End Request called at 11/5/2018 7:48:46 AM   :::   07:48:46.3881441

::::::::::: PostResolveRequestCache Request called at 11/5/2018 7:48:46 AM   :::   07:48:46.3901428

::::::::::: AcquireRequestState Request called at 11/5/2018 7:48:46 AM   :::   07:48:46.3911411

::::::::::: PostAcquireRequestState Request called at 11/5/2018 7:48:46 AM   :::   07:48:46.3931481

::::::::::: PreRequestHandlerExecute Request called at 11/5/2018 7:48:46 AM   :::   07:48:46.3941433

::::::::::: PostRequestHandlerExecute Request called at 11/5/2018 7:48:46 AM   :::   07:48:46.3971462

::::::::::: ReleaseRequestState Request called at 11/5/2018 7:48:46 AM   :::   07:48:46.3991449

::::::::::: PostReleaseRequestState Request called at 11/5/2018 7:48:46 AM   :::   07:48:46.4011419

::::::::::: UpdateRequestCache Request called at 11/5/2018 7:48:46 AM   :::   07:48:46.4021454

::::::::::: EndRequest Request called at 11/5/2018 7:48:46 AM   :::   07:48:46.4031430

::::::::::: PreSendRequestContent Request called at 11/5/2018 7:48:46 AM   :::   07:48:46.4051412

::::::::::: PreSendRequestHeaders Request called at 11/5/2018 7:48:46 AM   :::   07:48:46.4061447

::::::::::: BeginRequest Request called at 11/5/2018 7:48:47 AM   :::   07:48:47.7282534

::::::::::: AuthenticateRequest Request called at 11/5/2018 7:48:47 AM   :::   07:48:47.7302418

::::::::::: PostAuthenticateRequest Request called at 11/5/2018 7:48:47 AM   :::   07:48:47.7322444

::::::::::: AuthorizeRequest Request called at 11/5/2018 7:48:47 AM   :::   07:48:47.7342450

::::::::::: PostAuthorizeRequest Request called at 11/5/2018 7:48:47 AM   :::   07:48:47.7362444

::::::::::: End Request called at 11/5/2018 7:48:47 AM   :::   07:48:47.7372459

::::::::::: PostResolveRequestCache Request called at 11/5/2018 7:48:47 AM   :::   07:48:47.7392450

::::::::::: AcquireRequestState Request called at 11/5/2018 7:48:47 AM   :::   07:48:47.7412425

::::::::::: PostAcquireRequestState Request called at 11/5/2018 7:48:47 AM   :::   07:48:47.7422432

::::::::::: PreRequestHandlerExecute Request called at 11/5/2018 7:48:47 AM   :::   07:48:47.7462523

::::::::::: BeginRequest Request called at 11/5/2018 7:48:47 AM   :::   07:48:47.7582451

::::::::::: AuthenticateRequest Request called at 11/5/2018 7:48:47 AM   :::   07:48:47.7632463

::::::::::: PostAuthenticateRequest Request called at 11/5/2018 7:48:47 AM   :::   07:48:47.7652426

::::::::::: AuthorizeRequest Request called at 11/5/2018 7:48:47 AM   :::   07:48:47.7667505

::::::::::: PostAuthorizeRequest Request called at 11/5/2018 7:48:47 AM   :::   07:48:47.7682494

::::::::::: End Request called at 11/5/2018 7:48:47 AM   :::   07:48:47.7702524

::::::::::: PostResolveRequestCache Request called at 11/5/2018 7:48:47 AM   :::   07:48:47.7717502

::::::::::: AcquireRequestState Request called at 11/5/2018 7:48:47 AM   :::   07:48:47.7737500

::::::::::: PostAcquireRequestState Request called at 11/5/2018 7:48:47 AM   :::   07:48:47.7752501

::::::::::: PreRequestHandlerExecute Request called at 11/5/2018 7:48:47 AM   :::   07:48:47.7767506

::::::::::: PreSendRequestContent Request called at 11/5/2018 7:48:49 AM   :::   07:48:49.7912615

::::::::::: PreSendRequestHeaders Request called at 11/5/2018 7:48:49 AM   :::   07:48:49.7952635

::::::::::: PostRequestHandlerExecute Request called at 11/5/2018 7:48:49 AM   :::   07:48:49.8002572

::::::::::: ReleaseRequestState Request called at 11/5/2018 7:48:49 AM   :::   07:48:49.8032605

::::::::::: PostReleaseRequestState Request called at 11/5/2018 7:48:49 AM   :::   07:48:49.8062599

::::::::::: UpdateRequestCache Request called at 11/5/2018 7:48:49 AM   :::   07:48:49.8092612

::::::::::: EndRequest Request called at 11/5/2018 7:48:49 AM   :::   07:48:49.8122634

::::::::::: PreSendRequestContent Request called at 11/5/2018 7:48:49 AM   :::   07:48:49.8152691

::::::::::: BeginRequest Request called at 11/5/2018 7:48:49 AM   :::   07:48:49.8977841

::::::::::: AuthenticateRequest Request called at 11/5/2018 7:48:49 AM   :::   07:48:49.9007938

::::::::::: PostAuthenticateRequest Request called at 11/5/2018 7:48:49 AM   :::   07:48:49.9037797

::::::::::: AuthorizeRequest Request called at 11/5/2018 7:48:49 AM   :::   07:48:49.9047808

::::::::::: PostAuthorizeRequest Request called at 11/5/2018 7:48:49 AM   :::   07:48:49.9077798

::::::::::: End Request called at 11/5/2018 7:48:49 AM   :::   07:48:49.9097816

::::::::::: PostResolveRequestCache Request called at 11/5/2018 7:48:49 AM   :::   07:48:49.9117779

::::::::::: AcquireRequestState Request called at 11/5/2018 7:48:49 AM   :::   07:48:49.9147777

::::::::::: PostAcquireRequestState Request called at 11/5/2018 7:48:49 AM   :::   07:48:49.9167826

::::::::::: PreRequestHandlerExecute Request called at 11/5/2018 7:48:49 AM   :::   07:48:49.9207827

::::::::::: PreSendRequestContent Request called at 11/5/2018 7:48:57 AM   :::   07:48:57.4023373

::::::::::: PreSendRequestHeaders Request called at 11/5/2018 7:48:57 AM   :::   07:48:57.4033348

::::::::::: PostRequestHandlerExecute Request called at 11/5/2018 7:48:57 AM   :::   07:48:57.4113373

::::::::::: ReleaseRequestState Request called at 11/5/2018 7:48:57 AM   :::   07:48:57.4133352

::::::::::: PostReleaseRequestState Request called at 11/5/2018 7:48:57 AM   :::   07:48:57.4143359

::::::::::: UpdateRequestCache Request called at 11/5/2018 7:48:57 AM   :::   07:48:57.4173349

::::::::::: EndRequest Request called at 11/5/2018 7:48:57 AM   :::   07:48:57.4203355

::::::::::: PreSendRequestContent Request called at 11/5/2018 7:48:57 AM   :::   07:48:57.4213354

::::::::::: PreSendRequestContent Request called at 11/5/2018 7:48:58 AM   :::   07:48:58.5425541

::::::::::: PreSendRequestHeaders Request called at 11/5/2018 7:48:58 AM   :::   07:48:58.5445567

::::::::::: PostRequestHandlerExecute Request called at 11/5/2018 7:48:58 AM   :::   07:48:58.5525596

::::::::::: ReleaseRequestState Request called at 11/5/2018 7:48:58 AM   :::   07:48:58.5555558

::::::::::: PostReleaseRequestState Request called at 11/5/2018 7:48:58 AM   :::   07:48:58.5585588

::::::::::: UpdateRequestCache Request called at 11/5/2018 7:48:58 AM   :::   07:48:58.5615573

::::::::::: EndRequest Request called at 11/5/2018 7:48:58 AM   :::   07:48:58.5635584

::::::::::: PreSendRequestContent Request called at 11/5/2018 7:48:58 AM   :::   07:48:58.5665581

::::::::::: BeginRequest Request called at 11/5/2018 7:48:58 AM   :::   07:48:58.8995420

::::::::::: AuthenticateRequest Request called at 11/5/2018 7:48:58 AM   :::   07:48:58.9025421

::::::::::: PostAuthenticateRequest Request called at 11/5/2018 7:48:58 AM   :::   07:48:58.9055443

::::::::::: AuthorizeRequest Request called at 11/5/2018 7:48:58 AM   :::   07:48:58.9075433

::::::::::: PostAuthorizeRequest Request called at 11/5/2018 7:48:58 AM   :::   07:48:58.9095432

::::::::::: End Request called at 11/5/2018 7:48:58 AM   :::   07:48:58.9115399

::::::::::: PostResolveRequestCache Request called at 11/5/2018 7:48:58 AM   :::   07:48:58.9135421

::::::::::: AcquireRequestState Request called at 11/5/2018 7:48:58 AM   :::   07:48:58.9145424

::::::::::: PostAcquireRequestState Request called at 11/5/2018 7:48:58 AM   :::   07:48:58.9175473

::::::::::: PreRequestHandlerExecute Request called at 11/5/2018 7:48:58 AM   :::   07:48:58.9195412

::::::::::: PostRequestHandlerExecute Request called at 11/5/2018 7:49:01 AM   :::   07:49:01.7244285

::::::::::: ReleaseRequestState Request called at 11/5/2018 7:49:01 AM   :::   07:49:01.7254293

::::::::::: PostReleaseRequestState Request called at 11/5/2018 7:49:01 AM   :::   07:49:01.7264288

::::::::::: UpdateRequestCache Request called at 11/5/2018 7:49:01 AM   :::   07:49:01.7284310

::::::::::: EndRequest Request called at 11/5/2018 7:49:01 AM   :::   07:49:01.7294305

::::::::::: PreSendRequestContent Request called at 11/5/2018 7:49:01 AM   :::   07:49:01.7314304

::::::::::: PreSendRequestHeaders Request called at 11/5/2018 7:49:01 AM   :::   07:49:01.7324342

::::::::::: BeginRequest Request called at 11/5/2018 7:51:28 AM   :::   07:51:28.8931351

::::::::::: AuthenticateRequest Request called at 11/5/2018 7:51:28 AM   :::   07:51:28.8971403

::::::::::: PostAuthenticateRequest Request called at 11/5/2018 7:51:28 AM   :::   07:51:28.9001570

::::::::::: AuthorizeRequest Request called at 11/5/2018 7:51:28 AM   :::   07:51:28.9031386

::::::::::: PostAuthorizeRequest Request called at 11/5/2018 7:51:28 AM   :::   07:51:28.9051393

::::::::::: End Request called at 11/5/2018 7:51:28 AM   :::   07:51:28.9071379

::::::::::: PostResolveRequestCache Request called at 11/5/2018 7:51:28 AM   :::   07:51:28.9801887

::::::::::: AcquireRequestState Request called at 11/5/2018 7:51:28 AM   :::   07:51:28.9871727

::::::::::: PostAcquireRequestState Request called at 11/5/2018 7:51:28 AM   :::   07:51:28.9891714

::::::::::: PreRequestHandlerExecute Request called at 11/5/2018 7:51:28 AM   :::   07:51:28.9901725

::::::::::: PostRequestHandlerExecute Request called at 11/5/2018 7:51:30 AM   :::   07:51:30.9147769

::::::::::: ReleaseRequestState Request called at 11/5/2018 7:51:30 AM   :::   07:51:30.9167795

::::::::::: PostReleaseRequestState Request called at 11/5/2018 7:51:30 AM   :::   07:51:30.9192783

::::::::::: UpdateRequestCache Request called at 11/5/2018 7:51:30 AM   :::   07:51:30.9552877

::::::::::: EndRequest Request called at 11/5/2018 7:51:30 AM   :::   07:51:30.9582824

::::::::::: PreSendRequestContent Request called at 11/5/2018 7:51:30 AM   :::   07:51:30.9632831

::::::::::: PreSendRequestHeaders Request called at 11/5/2018 7:51:30 AM   :::   07:51:30.9642827

::::::::::: BeginRequest Request called at 11/5/2018 7:52:10 AM   :::   07:52:10.4447445

::::::::::: AuthenticateRequest Request called at 11/5/2018 7:52:10 AM   :::   07:52:10.4537438

::::::::::: PostAuthenticateRequest Request called at 11/5/2018 7:52:10 AM   :::   07:52:10.4587458

::::::::::: AuthorizeRequest Request called at 11/5/2018 7:52:10 AM   :::   07:52:10.4612442

::::::::::: PostAuthorizeRequest Request called at 11/5/2018 7:52:10 AM   :::   07:52:10.4672445

::::::::::: End Request called at 11/5/2018 7:52:10 AM   :::   07:52:10.4702439

::::::::::: PostResolveRequestCache Request called at 11/5/2018 7:52:10 AM   :::   07:52:10.5152443

::::::::::: AcquireRequestState Request called at 11/5/2018 7:52:10 AM   :::   07:52:10.5272450

::::::::::: PostAcquireRequestState Request called at 11/5/2018 7:52:10 AM   :::   07:52:10.5307445

::::::::::: PreRequestHandlerExecute Request called at 11/5/2018 7:52:10 AM   :::   07:52:10.5337632

::::::::::: PostRequestHandlerExecute Request called at 11/5/2018 7:52:11 AM   :::   07:52:11.7197455

::::::::::: ReleaseRequestState Request called at 11/5/2018 7:52:11 AM   :::   07:52:11.7217446

::::::::::: PostReleaseRequestState Request called at 11/5/2018 7:52:11 AM   :::   07:52:11.7252453

::::::::::: UpdateRequestCache Request called at 11/5/2018 7:52:11 AM   :::   07:52:11.7987532

::::::::::: EndRequest Request called at 11/5/2018 7:52:11 AM   :::   07:52:11.8067447

::::::::::: PreSendRequestContent Request called at 11/5/2018 7:52:11 AM   :::   07:52:11.8187457

::::::::::: PreSendRequestHeaders Request called at 11/5/2018 7:52:11 AM   :::   07:52:11.8202450

::::::::::: BeginRequest Request called at 11/5/2018 7:52:12 AM   :::   07:52:12.2277457

::::::::::: AuthenticateRequest Request called at 11/5/2018 7:52:12 AM   :::   07:52:12.2292446

::::::::::: PostAuthenticateRequest Request called at 11/5/2018 7:52:12 AM   :::   07:52:12.2307435

::::::::::: AuthorizeRequest Request called at 11/5/2018 7:52:12 AM   :::   07:52:12.2322440

::::::::::: PostAuthorizeRequest Request called at 11/5/2018 7:52:12 AM   :::   07:52:12.2337440

::::::::::: End Request called at 11/5/2018 7:52:12 AM   :::   07:52:12.2352437

::::::::::: PostResolveRequestCache Request called at 11/5/2018 7:52:12 AM   :::   07:52:12.2377461

::::::::::: AcquireRequestState Request called at 11/5/2018 7:52:12 AM   :::   07:52:12.2392442

::::::::::: PostAcquireRequestState Request called at 11/5/2018 7:52:12 AM   :::   07:52:12.2407447

::::::::::: PreRequestHandlerExecute Request called at 11/5/2018 7:52:12 AM   :::   07:52:12.2422436

::::::::::: PostRequestHandlerExecute Request called at 11/5/2018 7:52:12 AM   :::   07:52:12.2587421

::::::::::: ReleaseRequestState Request called at 11/5/2018 7:52:12 AM   :::   07:52:12.2597420

::::::::::: PostReleaseRequestState Request called at 11/5/2018 7:52:12 AM   :::   07:52:12.2607411

::::::::::: UpdateRequestCache Request called at 11/5/2018 7:52:12 AM   :::   07:52:12.2622420

::::::::::: EndRequest Request called at 11/5/2018 7:52:12 AM   :::   07:52:12.2637433

::::::::::: PreSendRequestContent Request called at 11/5/2018 7:52:12 AM   :::   07:52:12.2652445

::::::::::: PreSendRequestHeaders Request called at 11/5/2018 7:52:12 AM   :::   07:52:12.2667438

::::::::::: BeginRequest Request called at 11/5/2018 7:52:32 AM   :::   07:52:32.2966602

::::::::::: AuthenticateRequest Request called at 11/5/2018 7:52:32 AM   :::   07:52:32.3036624

::::::::::: PostAuthenticateRequest Request called at 11/5/2018 7:52:32 AM   :::   07:52:32.3086612

::::::::::: AuthorizeRequest Request called at 11/5/2018 7:52:32 AM   :::   07:52:32.3116629

::::::::::: PostAuthorizeRequest Request called at 11/5/2018 7:52:32 AM   :::   07:52:32.3126617

::::::::::: End Request called at 11/5/2018 7:52:32 AM   :::   07:52:32.3146611

::::::::::: PostResolveRequestCache Request called at 11/5/2018 7:52:32 AM   :::   07:52:32.3851700

::::::::::: AcquireRequestState Request called at 11/5/2018 7:52:32 AM   :::   07:52:32.4556726

::::::::::: PostAcquireRequestState Request called at 11/5/2018 7:52:32 AM   :::   07:52:32.4766706

::::::::::: PreRequestHandlerExecute Request called at 11/5/2018 7:52:32 AM   :::   07:52:32.4861716

::::::::::: PostRequestHandlerExecute Request called at 11/5/2018 7:52:33 AM   :::   07:52:33.8696706

::::::::::: ReleaseRequestState Request called at 11/5/2018 7:52:33 AM   :::   07:52:33.8751712

::::::::::: PostReleaseRequestState Request called at 11/5/2018 7:52:33 AM   :::   07:52:33.8791737

::::::::::: UpdateRequestCache Request called at 11/5/2018 7:52:33 AM   :::   07:52:33.9421695

::::::::::: EndRequest Request called at 11/5/2018 7:52:33 AM   :::   07:52:33.9451697

::::::::::: PreSendRequestContent Request called at 11/5/2018 7:52:33 AM   :::   07:52:33.9541729

::::::::::: PreSendRequestHeaders Request called at 11/5/2018 7:52:33 AM   :::   07:52:33.9586720

::::::::::: BeginRequest Request called at 11/5/2018 7:52:34 AM   :::   07:52:34.3527399

::::::::::: AuthenticateRequest Request called at 11/5/2018 7:52:34 AM   :::   07:52:34.3547405

::::::::::: PostAuthenticateRequest Request called at 11/5/2018 7:52:34 AM   :::   07:52:34.3562402

::::::::::: AuthorizeRequest Request called at 11/5/2018 7:52:34 AM   :::   07:52:34.3582396

::::::::::: PostAuthorizeRequest Request called at 11/5/2018 7:52:34 AM   :::   07:52:34.3597393

::::::::::: End Request called at 11/5/2018 7:52:34 AM   :::   07:52:34.3607468

::::::::::: PostResolveRequestCache Request called at 11/5/2018 7:52:34 AM   :::   07:52:34.3627494

::::::::::: AcquireRequestState Request called at 11/5/2018 7:52:34 AM   :::   07:52:34.3647468

::::::::::: PostAcquireRequestState Request called at 11/5/2018 7:52:34 AM   :::   07:52:34.3667471

::::::::::: PreRequestHandlerExecute Request called at 11/5/2018 7:52:34 AM   :::   07:52:34.3677505

::::::::::: PostRequestHandlerExecute Request called at 11/5/2018 7:52:34 AM   :::   07:52:34.3907480

::::::::::: ReleaseRequestState Request called at 11/5/2018 7:52:34 AM   :::   07:52:34.3917483

::::::::::: PostReleaseRequestState Request called at 11/5/2018 7:52:34 AM   :::   07:52:34.3937505

::::::::::: UpdateRequestCache Request called at 11/5/2018 7:52:34 AM   :::   07:52:34.3957476

::::::::::: EndRequest Request called at 11/5/2018 7:52:34 AM   :::   07:52:34.3977486

::::::::::: PreSendRequestContent Request called at 11/5/2018 7:52:34 AM   :::   07:52:34.3997500

::::::::::: PreSendRequestHeaders Request called at 11/5/2018 7:52:34 AM   :::   07:52:34.4007492

::::::::::: BeginRequest Request called at 11/5/2018 7:53:14 AM   :::   07:53:14.8764032

::::::::::: AuthenticateRequest Request called at 11/5/2018 7:53:14 AM   :::   07:53:14.8794022

::::::::::: PostAuthenticateRequest Request called at 11/5/2018 7:53:14 AM   :::   07:53:14.8814092

::::::::::: AuthorizeRequest Request called at 11/5/2018 7:53:14 AM   :::   07:53:14.8844034

::::::::::: PostAuthorizeRequest Request called at 11/5/2018 7:53:14 AM   :::   07:53:14.8864021

::::::::::: End Request called at 11/5/2018 7:53:14 AM   :::   07:53:14.8884031

::::::::::: PostResolveRequestCache Request called at 11/5/2018 7:53:14 AM   :::   07:53:14.8964041

::::::::::: AcquireRequestState Request called at 11/5/2018 7:53:14 AM   :::   07:53:14.9014041

::::::::::: PostAcquireRequestState Request called at 11/5/2018 7:53:14 AM   :::   07:53:14.9034051

::::::::::: PreRequestHandlerExecute Request called at 11/5/2018 7:53:14 AM   :::   07:53:14.9074028

::::::::::: PostRequestHandlerExecute Request called at 11/5/2018 7:53:15 AM   :::   07:53:15.0589129

::::::::::: ReleaseRequestState Request called at 11/5/2018 7:53:15 AM   :::   07:53:15.0724116

::::::::::: PostReleaseRequestState Request called at 11/5/2018 7:53:15 AM   :::   07:53:15.0829138

::::::::::: UpdateRequestCache Request called at 11/5/2018 7:53:15 AM   :::   07:53:15.0879134

::::::::::: EndRequest Request called at 11/5/2018 7:53:15 AM   :::   07:53:15.1194154

::::::::::: PreSendRequestContent Request called at 11/5/2018 7:53:15 AM   :::   07:53:15.1229134

::::::::::: PreSendRequestHeaders Request called at 11/5/2018 7:53:15 AM   :::   07:53:15.1259112

::::::::::: BeginRequest Request called at 11/5/2018 7:53:15 AM   :::   07:53:15.1534132

::::::::::: AuthenticateRequest Request called at 11/5/2018 7:53:15 AM   :::   07:53:15.1579134

::::::::::: PostAuthenticateRequest Request called at 11/5/2018 7:53:15 AM   :::   07:53:15.1614137

::::::::::: AuthorizeRequest Request called at 11/5/2018 7:53:15 AM   :::   07:53:15.1634144

::::::::::: PostAuthorizeRequest Request called at 11/5/2018 7:53:15 AM   :::   07:53:15.1664141

::::::::::: End Request called at 11/5/2018 7:53:15 AM   :::   07:53:15.1679138

::::::::::: PostResolveRequestCache Request called at 11/5/2018 7:53:15 AM   :::   07:53:15.1704134

::::::::::: AcquireRequestState Request called at 11/5/2018 7:53:15 AM   :::   07:53:15.1729138

::::::::::: PostAcquireRequestState Request called at 11/5/2018 7:53:15 AM   :::   07:53:15.1749125

::::::::::: PreRequestHandlerExecute Request called at 11/5/2018 7:53:15 AM   :::   07:53:15.1794155

::::::::::: PostRequestHandlerExecute Request called at 11/5/2018 7:53:26 AM   :::   07:53:26.5931676

::::::::::: ReleaseRequestState Request called at 11/5/2018 7:53:26 AM   :::   07:53:26.5971653

::::::::::: PostReleaseRequestState Request called at 11/5/2018 7:53:26 AM   :::   07:53:26.5991667

::::::::::: UpdateRequestCache Request called at 11/5/2018 7:53:26 AM   :::   07:53:26.6011678

::::::::::: EndRequest Request called at 11/5/2018 7:53:26 AM   :::   07:53:26.6081648

::::::::::: BeginRequest Request called at 11/5/2018 7:53:36 AM   :::   07:53:36.9064439

::::::::::: AuthenticateRequest Request called at 11/5/2018 7:53:36 AM   :::   07:53:36.9114439

::::::::::: PostAuthenticateRequest Request called at 11/5/2018 7:53:36 AM   :::   07:53:36.9144433

::::::::::: AuthorizeRequest Request called at 11/5/2018 7:53:36 AM   :::   07:53:36.9164443

::::::::::: PostAuthorizeRequest Request called at 11/5/2018 7:53:36 AM   :::   07:53:36.9184442

::::::::::: End Request called at 11/5/2018 7:53:36 AM   :::   07:53:36.9204448

::::::::::: PostResolveRequestCache Request called at 11/5/2018 7:53:36 AM   :::   07:53:36.9224419

::::::::::: AcquireRequestState Request called at 11/5/2018 7:53:36 AM   :::   07:53:36.9314495

::::::::::: PostAcquireRequestState Request called at 11/5/2018 7:53:36 AM   :::   07:53:36.9354432

::::::::::: PreRequestHandlerExecute Request called at 11/5/2018 7:53:36 AM   :::   07:53:36.9364455

::::::::::: PostRequestHandlerExecute Request called at 11/5/2018 7:53:36 AM   :::   07:53:36.9414447

::::::::::: ReleaseRequestState Request called at 11/5/2018 7:53:36 AM   :::   07:53:36.9474443

::::::::::: PostReleaseRequestState Request called at 11/5/2018 7:53:36 AM   :::   07:53:36.9494429

::::::::::: UpdateRequestCache Request called at 11/5/2018 7:53:36 AM   :::   07:53:36.9514436

::::::::::: EndRequest Request called at 11/5/2018 7:53:36 AM   :::   07:53:36.9534434

::::::::::: PreSendRequestContent Request called at 11/5/2018 7:53:36 AM   :::   07:53:36.9554440

::::::::::: PreSendRequestHeaders Request called at 11/5/2018 7:53:36 AM   :::   07:53:36.9574435

::::::::::: BeginRequest Request called at 11/5/2018 7:53:37 AM   :::   07:53:37.0029547

::::::::::: BeginRequest Request called at 11/5/2018 7:53:37 AM   :::   07:53:37.0084557

::::::::::: AuthenticateRequest Request called at 11/5/2018 7:53:37 AM   :::   07:53:37.0274558

::::::::::: BeginRequest Request called at 11/5/2018 7:53:37 AM   :::   07:53:37.0289547

::::::::::: AuthenticateRequest Request called at 11/5/2018 7:53:37 AM   :::   07:53:37.0369533

::::::::::: AuthenticateRequest Request called at 11/5/2018 7:53:37 AM   :::   07:53:37.0429520

::::::::::: AuthenticateRequest Request called at 11/5/2018 7:53:37 AM   :::   07:53:37.0329532

::::::::::: PostAuthenticateRequest Request called at 11/5/2018 7:53:37 AM   :::   07:53:37.0539523

::::::::::: AuthorizeRequest Request called at 11/5/2018 7:53:37 AM   :::   07:53:37.0674550

::::::::::: AuthorizeRequest Request called at 11/5/2018 7:53:37 AM   :::   07:53:37.0689547

::::::::::: PostAuthorizeRequest Request called at 11/5/2018 7:53:37 AM   :::   07:53:37.0799716

::::::::::: End Request called at 11/5/2018 7:53:37 AM   :::   07:53:37.0924531

::::::::::: AcquireRequestState Request called at 11/5/2018 7:53:37 AM   :::   07:53:37.1049547

::::::::::: PostAcquireRequestState Request called at 11/5/2018 7:53:37 AM   :::   07:53:37.1089540

::::::::::: PreRequestHandlerExecute Request called at 11/5/2018 7:53:37 AM   :::   07:53:37.1189540

::::::::::: PreRequestHandlerExecute Request called at 11/5/2018 7:53:37 AM   :::   07:53:37.1334538

::::::::::: PostRequestHandlerExecute Request called at 11/5/2018 7:53:37 AM   :::   07:53:37.1349535

::::::::::: ReleaseRequestState Request called at 11/5/2018 7:53:37 AM   :::   07:53:37.1399535

::::::::::: PostReleaseRequestState Request called at 11/5/2018 7:53:37 AM   :::   07:53:37.1949528

::::::::::: UpdateRequestCache Request called at 11/5/2018 7:53:37 AM   :::   07:53:37.2064540

::::::::::: EndRequest Request called at 11/5/2018 7:53:37 AM   :::   07:53:37.2254525

::::::::::: UpdateRequestCache Request called at 11/5/2018 7:53:37 AM   :::   07:53:37.2449619

::::::::::: PostAuthorizeRequest Request called at 11/5/2018 7:53:37 AM   :::   07:53:37.2449619

::::::::::: PostAuthorizeRequest Request called at 11/5/2018 7:53:37 AM   :::   07:53:37.2549540

::::::::::: PreSendRequestHeaders Request called at 11/5/2018 7:53:37 AM   :::   07:53:37.2684516

::::::::::: BeginRequest Request called at 11/5/2018 7:53:37 AM   :::   07:53:37.2884630

::::::::::: AuthenticateRequest Request called at 11/5/2018 7:53:37 AM   :::   07:53:37.2904633

::::::::::: PostResolveRequestCache Request called at 11/5/2018 7:53:37 AM   :::   07:53:37.3064620

::::::::::: AcquireRequestState Request called at 11/5/2018 7:53:37 AM   :::   07:53:37.3104625

::::::::::: PostAcquireRequestState Request called at 11/5/2018 7:53:37 AM   :::   07:53:37.3194638

::::::::::: PreRequestHandlerExecute Request called at 11/5/2018 7:53:37 AM   :::   07:53:37.3324687

::::::::::: PreSendRequestHeaders Request called at 11/5/2018 7:53:37 AM   :::   07:53:37.3424635

::::::::::: AuthorizeRequest Request called at 11/5/2018 7:53:37 AM   :::   07:53:37.3494654

::::::::::: PostAuthorizeRequest Request called at 11/5/2018 7:53:37 AM   :::   07:53:37.3689711

::::::::::: ReleaseRequestState Request called at 11/5/2018 7:53:37 AM   :::   07:53:37.3699703

::::::::::: PostReleaseRequestState Request called at 11/5/2018 7:53:37 AM   :::   07:53:37.3724695

::::::::::: UpdateRequestCache Request called at 11/5/2018 7:53:37 AM   :::   07:53:37.3854768

::::::::::: EndRequest Request called at 11/5/2018 7:53:37 AM   :::   07:53:37.3874770

::::::::::: PreSendRequestContent Request called at 11/5/2018 7:53:37 AM   :::   07:53:37.4064759

::::::::::: PreSendRequestHeaders Request called at 11/5/2018 7:53:37 AM   :::   07:53:37.4154752

::::::::::: PostAcquireRequestState Request called at 11/5/2018 7:53:37 AM   :::   07:53:37.4314775

::::::::::: PreRequestHandlerExecute Request called at 11/5/2018 7:53:37 AM   :::   07:53:37.4454776

::::::::::: PostRequestHandlerExecute Request called at 11/5/2018 7:53:37 AM   :::   07:53:37.4594872

::::::::::: ReleaseRequestState Request called at 11/5/2018 7:53:37 AM   :::   07:53:37.4654855

::::::::::: PostReleaseRequestState Request called at 11/5/2018 7:53:37 AM   :::   07:53:37.4794915

::::::::::: UpdateRequestCache Request called at 11/5/2018 7:53:37 AM   :::   07:53:37.5134912

::::::::::: EndRequest Request called at 11/5/2018 7:53:37 AM   :::   07:53:37.5174893

::::::::::: PreSendRequestContent Request called at 11/5/2018 7:53:37 AM   :::   07:53:37.5294939

::::::::::: PreSendRequestHeaders Request called at 11/5/2018 7:53:37 AM   :::   07:53:37.5354923

::::::::::: UpdateRequestCache Request called at 11/5/2018 7:53:37 AM   :::   07:53:37.5464922

::::::::::: PreSendRequestHeaders Request called at 11/5/2018 7:53:37 AM   :::   07:53:37.5554939

::::::::::: EndRequest Request called at 11/5/2018 7:53:37 AM   :::   07:53:37.5580033

::::::::::: PreSendRequestContent Request called at 11/5/2018 7:53:37 AM   :::   07:53:37.5645046

::::::::::: PreSendRequestHeaders Request called at 11/5/2018 7:53:37 AM   :::   07:53:37.5725024

::::::::::: BeginRequest Request called at 11/5/2018 7:53:37 AM   :::   07:53:37.8035534

::::::::::: AuthenticateRequest Request called at 11/5/2018 7:53:37 AM   :::   07:53:37.8045498

::::::::::: PostAuthenticateRequest Request called at 11/5/2018 7:53:37 AM   :::   07:53:37.8065544

::::::::::: AuthorizeRequest Request called at 11/5/2018 7:53:37 AM   :::   07:53:37.8075523

::::::::::: PostAuthorizeRequest Request called at 11/5/2018 7:53:37 AM   :::   07:53:37.8095518

::::::::::: End Request called at 11/5/2018 7:53:37 AM   :::   07:53:37.8105509

::::::::::: PostResolveRequestCache Request called at 11/5/2018 7:53:37 AM   :::   07:53:37.8125512

::::::::::: AcquireRequestState Request called at 11/5/2018 7:53:37 AM   :::   07:53:37.8135523

::::::::::: PostAcquireRequestState Request called at 11/5/2018 7:53:37 AM   :::   07:53:37.8155517

::::::::::: PreRequestHandlerExecute Request called at 11/5/2018 7:53:37 AM   :::   07:53:37.8165532

::::::::::: PostRequestHandlerExecute Request called at 11/5/2018 7:53:37 AM   :::   07:53:37.8195498

::::::::::: ReleaseRequestState Request called at 11/5/2018 7:53:37 AM   :::   07:53:37.8215512

::::::::::: PostReleaseRequestState Request called at 11/5/2018 7:53:37 AM   :::   07:53:37.8235519

::::::::::: UpdateRequestCache Request called at 11/5/2018 7:53:37 AM   :::   07:53:37.8245518

::::::::::: EndRequest Request called at 11/5/2018 7:53:37 AM   :::   07:53:37.8265516

::::::::::: PreSendRequestContent Request called at 11/5/2018 7:53:37 AM   :::   07:53:37.8285527

::::::::::: PreSendRequestHeaders Request called at 11/5/2018 7:53:37 AM   :::   07:53:37.8295502

::::::::::: BeginRequest Request called at 11/5/2018 7:53:45 AM   :::   07:53:45.6307797

::::::::::: AuthenticateRequest Request called at 11/5/2018 7:53:45 AM   :::   07:53:45.6322790

::::::::::: PostAuthenticateRequest Request called at 11/5/2018 7:53:45 AM   :::   07:53:45.6337775

::::::::::: AuthorizeRequest Request called at 11/5/2018 7:53:45 AM   :::   07:53:45.6407774

::::::::::: PostAuthorizeRequest Request called at 11/5/2018 7:53:45 AM   :::   07:53:45.6422767

::::::::::: End Request called at 11/5/2018 7:53:45 AM   :::   07:53:45.6437779

::::::::::: PostResolveRequestCache Request called at 11/5/2018 7:53:45 AM   :::   07:53:45.6457793

::::::::::: AcquireRequestState Request called at 11/5/2018 7:53:45 AM   :::   07:53:45.6477776

::::::::::: PostAcquireRequestState Request called at 11/5/2018 7:53:45 AM   :::   07:53:45.6497782

::::::::::: PreRequestHandlerExecute Request called at 11/5/2018 7:53:45 AM   :::   07:53:45.6517884

::::::::::: PostRequestHandlerExecute Request called at 11/5/2018 7:53:45 AM   :::   07:53:45.6567793

::::::::::: ReleaseRequestState Request called at 11/5/2018 7:53:45 AM   :::   07:53:45.6582798

::::::::::: PostReleaseRequestState Request called at 11/5/2018 7:53:45 AM   :::   07:53:45.6597786

::::::::::: UpdateRequestCache Request called at 11/5/2018 7:53:45 AM   :::   07:53:45.6622779

::::::::::: EndRequest Request called at 11/5/2018 7:53:45 AM   :::   07:53:45.6642789

::::::::::: PreSendRequestContent Request called at 11/5/2018 7:53:45 AM   :::   07:53:45.6662787

::::::::::: PreSendRequestHeaders Request called at 11/5/2018 7:53:45 AM   :::   07:53:45.6702796

::::::::::: BeginRequest Request called at 11/5/2018 7:53:45 AM   :::   07:53:45.6767797

::::::::::: AuthenticateRequest Request called at 11/5/2018 7:53:45 AM   :::   07:53:45.6787803

::::::::::: PostAuthenticateRequest Request called at 11/5/2018 7:53:45 AM   :::   07:53:45.6807786

::::::::::: AuthorizeRequest Request called at 11/5/2018 7:53:45 AM   :::   07:53:45.6822810

::::::::::: PostAuthorizeRequest Request called at 11/5/2018 7:53:45 AM   :::   07:53:45.6837787

::::::::::: End Request called at 11/5/2018 7:53:45 AM   :::   07:53:45.6877780

::::::::::: PostResolveRequestCache Request called at 11/5/2018 7:53:45 AM   :::   07:53:45.6922779

::::::::::: AcquireRequestState Request called at 11/5/2018 7:53:45 AM   :::   07:53:45.6942785

::::::::::: PostAcquireRequestState Request called at 11/5/2018 7:53:45 AM   :::   07:53:45.6957774

::::::::::: PreRequestHandlerExecute Request called at 11/5/2018 7:53:45 AM   :::   07:53:45.6972775

::::::::::: PreSendRequestContent Request called at 11/5/2018 7:53:52 AM   :::   07:53:52.4095215

::::::::::: PreSendRequestHeaders Request called at 11/5/2018 7:53:52 AM   :::   07:53:52.4115205

::::::::::: PostRequestHandlerExecute Request called at 11/5/2018 7:53:52 AM   :::   07:53:52.4230198

::::::::::: ReleaseRequestState Request called at 11/5/2018 7:53:52 AM   :::   07:53:52.4245203

::::::::::: PostReleaseRequestState Request called at 11/5/2018 7:53:52 AM   :::   07:53:52.4265205

::::::::::: UpdateRequestCache Request called at 11/5/2018 7:53:52 AM   :::   07:53:52.4280198

::::::::::: EndRequest Request called at 11/5/2018 7:53:52 AM   :::   07:53:52.4320199

::::::::::: PreSendRequestContent Request called at 11/5/2018 7:53:52 AM   :::   07:53:52.4335200

::::::::::: BeginRequest Request called at 11/5/2018 7:54:29 AM   :::   07:54:29.3665801

::::::::::: AuthenticateRequest Request called at 11/5/2018 7:54:29 AM   :::   07:54:29.3680802

::::::::::: PostAuthenticateRequest Request called at 11/5/2018 7:54:29 AM   :::   07:54:29.3700808

::::::::::: AuthorizeRequest Request called at 11/5/2018 7:54:29 AM   :::   07:54:29.3715809

::::::::::: PostAuthorizeRequest Request called at 11/5/2018 7:54:29 AM   :::   07:54:29.3730810

::::::::::: End Request called at 11/5/2018 7:54:29 AM   :::   07:54:29.3750800

::::::::::: PostResolveRequestCache Request called at 11/5/2018 7:54:29 AM   :::   07:54:29.3800812

::::::::::: AcquireRequestState Request called at 11/5/2018 7:54:29 AM   :::   07:54:29.3815809

::::::::::: PostAcquireRequestState Request called at 11/5/2018 7:54:29 AM   :::   07:54:29.3835792

::::::::::: PreRequestHandlerExecute Request called at 11/5/2018 7:54:29 AM   :::   07:54:29.3850808

::::::::::: PostRequestHandlerExecute Request called at 11/5/2018 7:54:29 AM   :::   07:54:29.3880810

::::::::::: ReleaseRequestState Request called at 11/5/2018 7:54:29 AM   :::   07:54:29.3900800

::::::::::: PostReleaseRequestState Request called at 11/5/2018 7:54:29 AM   :::   07:54:29.3920803

::::::::::: UpdateRequestCache Request called at 11/5/2018 7:54:29 AM   :::   07:54:29.3950804

::::::::::: EndRequest Request called at 11/5/2018 7:54:29 AM   :::   07:54:29.3965805

::::::::::: PreSendRequestContent Request called at 11/5/2018 7:54:29 AM   :::   07:54:29.3990829

::::::::::: PreSendRequestHeaders Request called at 11/5/2018 7:54:29 AM   :::   07:54:29.4010807

::::::::::: BeginRequest Request called at 11/5/2018 7:54:29 AM   :::   07:54:29.4405818

::::::::::: AuthenticateRequest Request called at 11/5/2018 7:54:29 AM   :::   07:54:29.4470815

::::::::::: PostAuthenticateRequest Request called at 11/5/2018 7:54:29 AM   :::   07:54:29.4505806

::::::::::: AuthorizeRequest Request called at 11/5/2018 7:54:29 AM   :::   07:54:29.4530810

::::::::::: PostAuthorizeRequest Request called at 11/5/2018 7:54:29 AM   :::   07:54:29.4565806

::::::::::: End Request called at 11/5/2018 7:54:29 AM   :::   07:54:29.4695803

::::::::::: PostResolveRequestCache Request called at 11/5/2018 7:54:29 AM   :::   07:54:29.4710796

::::::::::: AcquireRequestState Request called at 11/5/2018 7:54:29 AM   :::   07:54:29.4780807

::::::::::: PostAcquireRequestState Request called at 11/5/2018 7:54:29 AM   :::   07:54:29.4795799

::::::::::: PreRequestHandlerExecute Request called at 11/5/2018 7:54:29 AM   :::   07:54:29.4860800

::::::::::: PreSendRequestContent Request called at 11/5/2018 7:54:34 AM   :::   07:54:34.9199462

::::::::::: PreSendRequestHeaders Request called at 11/5/2018 7:54:34 AM   :::   07:54:34.9209485

::::::::::: PostRequestHandlerExecute Request called at 11/5/2018 7:54:34 AM   :::   07:54:34.9294563

::::::::::: ReleaseRequestState Request called at 11/5/2018 7:54:34 AM   :::   07:54:34.9314586

::::::::::: PostReleaseRequestState Request called at 11/5/2018 7:54:34 AM   :::   07:54:34.9329563

::::::::::: UpdateRequestCache Request called at 11/5/2018 7:54:34 AM   :::   07:54:34.9339566

::::::::::: EndRequest Request called at 11/5/2018 7:54:34 AM   :::   07:54:34.9354563

::::::::::: PreSendRequestContent Request called at 11/5/2018 7:54:34 AM   :::   07:54:34.9364597

::::::::::: BeginRequest Request called at 11/5/2018 7:55:19 AM   :::   07:55:19.5117472

::::::::::: AuthenticateRequest Request called at 11/5/2018 7:55:19 AM   :::   07:55:19.5137462

::::::::::: PostAuthenticateRequest Request called at 11/5/2018 7:55:19 AM   :::   07:55:19.5167444

::::::::::: AuthorizeRequest Request called at 11/5/2018 7:55:19 AM   :::   07:55:19.5187443

::::::::::: PostAuthorizeRequest Request called at 11/5/2018 7:55:19 AM   :::   07:55:19.5207445

::::::::::: End Request called at 11/5/2018 7:55:19 AM   :::   07:55:19.5227436

::::::::::: PostResolveRequestCache Request called at 11/5/2018 7:55:19 AM   :::   07:55:19.5247442

::::::::::: AcquireRequestState Request called at 11/5/2018 7:55:19 AM   :::   07:55:19.5277467

::::::::::: PostAcquireRequestState Request called at 11/5/2018 7:55:19 AM   :::   07:55:19.5297442

::::::::::: PreRequestHandlerExecute Request called at 11/5/2018 7:55:19 AM   :::   07:55:19.5357437

::::::::::: PostRequestHandlerExecute Request called at 11/5/2018 7:55:19 AM   :::   07:55:19.5457453

::::::::::: ReleaseRequestState Request called at 11/5/2018 7:55:19 AM   :::   07:55:19.5487435

::::::::::: PostReleaseRequestState Request called at 11/5/2018 7:55:19 AM   :::   07:55:19.5507433

::::::::::: UpdateRequestCache Request called at 11/5/2018 7:55:19 AM   :::   07:55:19.5537427

::::::::::: EndRequest Request called at 11/5/2018 7:55:19 AM   :::   07:55:19.5557430

::::::::::: PreSendRequestContent Request called at 11/5/2018 7:55:19 AM   :::   07:55:19.5577424

::::::::::: PreSendRequestHeaders Request called at 11/5/2018 7:55:19 AM   :::   07:55:19.5597557

::::::::::: BeginRequest Request called at 11/5/2018 7:55:19 AM   :::   07:55:19.5677428

::::::::::: AuthenticateRequest Request called at 11/5/2018 7:55:19 AM   :::   07:55:19.5687427

::::::::::: PostAuthenticateRequest Request called at 11/5/2018 7:55:19 AM   :::   07:55:19.5707426

::::::::::: AuthorizeRequest Request called at 11/5/2018 7:55:19 AM   :::   07:55:19.5727432

::::::::::: PostAuthorizeRequest Request called at 11/5/2018 7:55:19 AM   :::   07:55:19.5737431

::::::::::: End Request called at 11/5/2018 7:55:19 AM   :::   07:55:19.5757430

::::::::::: PostResolveRequestCache Request called at 11/5/2018 7:55:19 AM   :::   07:55:19.5797435

::::::::::: AcquireRequestState Request called at 11/5/2018 7:55:19 AM   :::   07:55:19.5817445

::::::::::: PostAcquireRequestState Request called at 11/5/2018 7:55:19 AM   :::   07:55:19.5837423

::::::::::: PreRequestHandlerExecute Request called at 11/5/2018 7:55:19 AM   :::   07:55:19.5852507

::::::::::: PreSendRequestContent Request called at 11/5/2018 7:55:29 AM   :::   07:55:29.5889113

::::::::::: PreSendRequestHeaders Request called at 11/5/2018 7:55:29 AM   :::   07:55:29.5904110

::::::::::: PostRequestHandlerExecute Request called at 11/5/2018 7:55:29 AM   :::   07:55:29.5924100

::::::::::: ReleaseRequestState Request called at 11/5/2018 7:55:29 AM   :::   07:55:29.5949104

::::::::::: PostReleaseRequestState Request called at 11/5/2018 7:55:29 AM   :::   07:55:29.5969103

::::::::::: UpdateRequestCache Request called at 11/5/2018 7:55:29 AM   :::   07:55:29.5984100

::::::::::: EndRequest Request called at 11/5/2018 7:55:29 AM   :::   07:55:29.5999101

::::::::::: PreSendRequestContent Request called at 11/5/2018 7:55:29 AM   :::   07:55:29.6024108

::::::::::: BeginRequest Request called at 11/5/2018 7:55:50 AM   :::   07:55:50.8554629

::::::::::: AuthenticateRequest Request called at 11/5/2018 7:55:50 AM   :::   07:55:50.8574647

::::::::::: PostAuthenticateRequest Request called at 11/5/2018 7:55:50 AM   :::   07:55:50.8604629

::::::::::: AuthorizeRequest Request called at 11/5/2018 7:55:50 AM   :::   07:55:50.8624624

::::::::::: PostAuthorizeRequest Request called at 11/5/2018 7:55:50 AM   :::   07:55:50.8644630

::::::::::: End Request called at 11/5/2018 7:55:50 AM   :::   07:55:50.8664640

::::::::::: PostResolveRequestCache Request called at 11/5/2018 7:55:50 AM   :::   07:55:50.8694626

::::::::::: AcquireRequestState Request called at 11/5/2018 7:55:50 AM   :::   07:55:50.8724644

::::::::::: PostAcquireRequestState Request called at 11/5/2018 7:55:50 AM   :::   07:55:50.8764767

::::::::::: PreRequestHandlerExecute Request called at 11/5/2018 7:55:50 AM   :::   07:55:50.8824640

::::::::::: PreSendRequestContent Request called at 11/5/2018 7:56:02 AM   :::   07:56:02.8204621

::::::::::: PreSendRequestHeaders Request called at 11/5/2018 7:56:02 AM   :::   07:56:02.8490086

::::::::::: PostRequestHandlerExecute Request called at 11/5/2018 7:56:02 AM   :::   07:56:02.8850058

::::::::::: ReleaseRequestState Request called at 11/5/2018 7:56:02 AM   :::   07:56:02.8970009

::::::::::: PostReleaseRequestState Request called at 11/5/2018 7:56:02 AM   :::   07:56:02.9060085

::::::::::: UpdateRequestCache Request called at 11/5/2018 7:56:02 AM   :::   07:56:02.9079985

::::::::::: EndRequest Request called at 11/5/2018 7:56:02 AM   :::   07:56:02.9099979

::::::::::: PreSendRequestContent Request called at 11/5/2018 7:56:02 AM   :::   07:56:02.9119978

::::::::::: BeginRequest Request called at 11/5/2018 7:56:03 AM   :::   07:56:03.7121378

::::::::::: AuthenticateRequest Request called at 11/5/2018 7:56:03 AM   :::   07:56:03.7131381

::::::::::: PostAuthenticateRequest Request called at 11/5/2018 7:56:03 AM   :::   07:56:03.7151352

::::::::::: AuthorizeRequest Request called at 11/5/2018 7:56:03 AM   :::   07:56:03.7161386

::::::::::: PostAuthorizeRequest Request called at 11/5/2018 7:56:03 AM   :::   07:56:03.7181369

::::::::::: End Request called at 11/5/2018 7:56:03 AM   :::   07:56:03.7191380

::::::::::: PostResolveRequestCache Request called at 11/5/2018 7:56:03 AM   :::   07:56:03.7211402

::::::::::: AcquireRequestState Request called at 11/5/2018 7:56:03 AM   :::   07:56:03.7231373

::::::::::: PostAcquireRequestState Request called at 11/5/2018 7:56:03 AM   :::   07:56:03.7241376

::::::::::: PreRequestHandlerExecute Request called at 11/5/2018 7:56:03 AM   :::   07:56:03.7251375

::::::::::: PostRequestHandlerExecute Request called at 11/5/2018 7:56:06 AM   :::   07:56:06.3360894

::::::::::: ReleaseRequestState Request called at 11/5/2018 7:56:06 AM   :::   07:56:06.3410839

::::::::::: PostReleaseRequestState Request called at 11/5/2018 7:56:06 AM   :::   07:56:06.3500891

::::::::::: UpdateRequestCache Request called at 11/5/2018 7:56:06 AM   :::   07:56:06.3556003

::::::::::: EndRequest Request called at 11/5/2018 7:56:06 AM   :::   07:56:06.3595992

::::::::::: PreSendRequestContent Request called at 11/5/2018 7:56:06 AM   :::   07:56:06.3661012

::::::::::: PreSendRequestHeaders Request called at 11/5/2018 7:56:06 AM   :::   07:56:06.3716184

::::::::::: BeginRequest Request called at 11/5/2018 7:56:19 AM   :::   07:56:19.4761653

::::::::::: AuthenticateRequest Request called at 11/5/2018 7:56:19 AM   :::   07:56:19.4781643

::::::::::: PostAuthenticateRequest Request called at 11/5/2018 7:56:19 AM   :::   07:56:19.4801642

::::::::::: AuthorizeRequest Request called at 11/5/2018 7:56:19 AM   :::   07:56:19.4811641

::::::::::: PostAuthorizeRequest Request called at 11/5/2018 7:56:19 AM   :::   07:56:19.4841702

::::::::::: End Request called at 11/5/2018 7:56:19 AM   :::   07:56:19.4861637

::::::::::: PostResolveRequestCache Request called at 11/5/2018 7:56:19 AM   :::   07:56:19.4881636

::::::::::: AcquireRequestState Request called at 11/5/2018 7:56:19 AM   :::   07:56:19.4901630

::::::::::: PostAcquireRequestState Request called at 11/5/2018 7:56:19 AM   :::   07:56:19.4926752

::::::::::: PreRequestHandlerExecute Request called at 11/5/2018 7:56:19 AM   :::   07:56:19.4941745

::::::::::: BeginRequest Request called at 11/5/2018 7:56:19 AM   :::   07:56:19.4986764

::::::::::: AuthenticateRequest Request called at 11/5/2018 7:56:19 AM   :::   07:56:19.5041753

::::::::::: PostAuthenticateRequest Request called at 11/5/2018 7:56:19 AM   :::   07:56:19.5061748

::::::::::: AuthorizeRequest Request called at 11/5/2018 7:56:19 AM   :::   07:56:19.5101855

::::::::::: PostAuthorizeRequest Request called at 11/5/2018 7:56:19 AM   :::   07:56:19.5191872

::::::::::: End Request called at 11/5/2018 7:56:19 AM   :::   07:56:19.5261862

::::::::::: PostResolveRequestCache Request called at 11/5/2018 7:56:19 AM   :::   07:56:19.5352061

::::::::::: AcquireRequestState Request called at 11/5/2018 7:56:19 AM   :::   07:56:19.5391829

::::::::::: PostAcquireRequestState Request called at 11/5/2018 7:56:19 AM   :::   07:56:19.5441864

::::::::::: PreRequestHandlerExecute Request called at 11/5/2018 7:56:19 AM   :::   07:56:19.5551832

::::::::::: PostRequestHandlerExecute Request called at 11/5/2018 7:56:19 AM   :::   07:56:19.5901868

::::::::::: ReleaseRequestState Request called at 11/5/2018 7:56:19 AM   :::   07:56:19.5916951

::::::::::: PostReleaseRequestState Request called at 11/5/2018 7:56:19 AM   :::   07:56:19.5931980

::::::::::: UpdateRequestCache Request called at 11/5/2018 7:56:19 AM   :::   07:56:19.5941971

::::::::::: EndRequest Request called at 11/5/2018 7:56:19 AM   :::   07:56:19.5956948

::::::::::: PreSendRequestContent Request called at 11/5/2018 7:56:19 AM   :::   07:56:19.5966951

::::::::::: PreSendRequestHeaders Request called at 11/5/2018 7:56:19 AM   :::   07:56:19.5976963

::::::::::: BeginRequest Request called at 11/5/2018 7:56:20 AM   :::   07:56:20.9416990

::::::::::: AuthenticateRequest Request called at 11/5/2018 7:56:20 AM   :::   07:56:20.9431967

::::::::::: PostAuthenticateRequest Request called at 11/5/2018 7:56:20 AM   :::   07:56:20.9477131

::::::::::: AuthorizeRequest Request called at 11/5/2018 7:56:20 AM   :::   07:56:20.9527269

::::::::::: PostAuthorizeRequest Request called at 11/5/2018 7:56:20 AM   :::   07:56:20.9587257

::::::::::: End Request called at 11/5/2018 7:56:20 AM   :::   07:56:20.9597264

::::::::::: PostResolveRequestCache Request called at 11/5/2018 7:56:20 AM   :::   07:56:20.9617246

::::::::::: AcquireRequestState Request called at 11/5/2018 7:56:20 AM   :::   07:56:20.9627250

::::::::::: PostAcquireRequestState Request called at 11/5/2018 7:56:20 AM   :::   07:56:20.9637245

::::::::::: PreRequestHandlerExecute Request called at 11/5/2018 7:56:20 AM   :::   07:56:20.9647236

::::::::::: PreSendRequestContent Request called at 11/5/2018 7:56:23 AM   :::   07:56:23.0326536

::::::::::: PreSendRequestHeaders Request called at 11/5/2018 7:56:23 AM   :::   07:56:23.0376540

::::::::::: PostRequestHandlerExecute Request called at 11/5/2018 7:56:23 AM   :::   07:56:23.0446562

::::::::::: ReleaseRequestState Request called at 11/5/2018 7:56:23 AM   :::   07:56:23.0556597

::::::::::: PostReleaseRequestState Request called at 11/5/2018 7:56:23 AM   :::   07:56:23.0616533

::::::::::: UpdateRequestCache Request called at 11/5/2018 7:56:23 AM   :::   07:56:23.0686586

::::::::::: EndRequest Request called at 11/5/2018 7:56:23 AM   :::   07:56:23.0746811

::::::::::: PreSendRequestContent Request called at 11/5/2018 7:56:23 AM   :::   07:56:23.0791845

::::::::::: BeginRequest Request called at 11/5/2018 7:58:08 AM   :::   07:58:08.7013944

::::::::::: AuthenticateRequest Request called at 11/5/2018 7:58:08 AM   :::   07:58:08.7043942

::::::::::: PostAuthenticateRequest Request called at 11/5/2018 7:58:08 AM   :::   07:58:08.7053941

::::::::::: AuthorizeRequest Request called at 11/5/2018 7:58:08 AM   :::   07:58:08.7073991

::::::::::: PostAuthorizeRequest Request called at 11/5/2018 7:58:08 AM   :::   07:58:08.7093950

::::::::::: End Request called at 11/5/2018 7:58:08 AM   :::   07:58:08.7123947

::::::::::: PostResolveRequestCache Request called at 11/5/2018 7:58:08 AM   :::   07:58:08.7143942

::::::::::: AcquireRequestState Request called at 11/5/2018 7:58:08 AM   :::   07:58:08.7173955

::::::::::: PostAcquireRequestState Request called at 11/5/2018 7:58:08 AM   :::   07:58:08.7214106

::::::::::: PreRequestHandlerExecute Request called at 11/5/2018 7:58:08 AM   :::   07:58:08.7243946

::::::::::: PostRequestHandlerExecute Request called at 11/5/2018 7:58:08 AM   :::   07:58:08.7313960

::::::::::: ReleaseRequestState Request called at 11/5/2018 7:58:08 AM   :::   07:58:08.7333943

::::::::::: PostReleaseRequestState Request called at 11/5/2018 7:58:08 AM   :::   07:58:08.7353929

::::::::::: UpdateRequestCache Request called at 11/5/2018 7:58:08 AM   :::   07:58:08.7363952

::::::::::: EndRequest Request called at 11/5/2018 7:58:08 AM   :::   07:58:08.7373940

::::::::::: PreSendRequestContent Request called at 11/5/2018 7:58:08 AM   :::   07:58:08.7393899

::::::::::: PreSendRequestHeaders Request called at 11/5/2018 7:58:08 AM   :::   07:58:08.7403941

::::::::::: BeginRequest Request called at 11/5/2018 7:58:08 AM   :::   07:58:08.7483923

::::::::::: AuthenticateRequest Request called at 11/5/2018 7:58:08 AM   :::   07:58:08.7513921

::::::::::: PostAuthenticateRequest Request called at 11/5/2018 7:58:08 AM   :::   07:58:08.7533919

::::::::::: AuthorizeRequest Request called at 11/5/2018 7:58:08 AM   :::   07:58:08.7543907

::::::::::: PostAuthorizeRequest Request called at 11/5/2018 7:58:08 AM   :::   07:58:08.7563909

::::::::::: End Request called at 11/5/2018 7:58:08 AM   :::   07:58:08.7573900

::::::::::: PostResolveRequestCache Request called at 11/5/2018 7:58:08 AM   :::   07:58:08.7593942

::::::::::: AcquireRequestState Request called at 11/5/2018 7:58:08 AM   :::   07:58:08.7633935

::::::::::: PostAcquireRequestState Request called at 11/5/2018 7:58:08 AM   :::   07:58:08.7653926

::::::::::: PreRequestHandlerExecute Request called at 11/5/2018 7:58:08 AM   :::   07:58:08.7663909

::::::::::: PreSendRequestContent Request called at 11/5/2018 8:08:43 AM   :::   08:08:43.6719253

::::::::::: PreSendRequestHeaders Request called at 11/5/2018 8:08:43 AM   :::   08:08:43.6749247

::::::::::: Error Request called at 11/5/2018 8:08:43 AM   :::   08:08:43.6789256

::::::::::: PreSendRequestContent Request called at 11/5/2018 8:08:53 AM   :::   08:08:53.7776565

::::::::::: PreSendRequestContent Request called at 11/5/2018 8:08:53 AM   :::   08:08:53.7826419

::::::::::: PreSendRequestContent Request called at 11/5/2018 8:08:53 AM   :::   08:08:53.7871658

::::::::::: PreSendRequestContent Request called at 11/5/2018 8:08:53 AM   :::   08:08:53.7926621

::::::::::: EndRequest Request called at 11/5/2018 8:08:53 AM   :::   08:08:53.7986620

::::::::::: PreSendRequestContent Request called at 11/5/2018 8:08:53 AM   :::   08:08:53.8026648

::::::::::: BeginRequest Request called at 11/5/2018 8:16:41 AM   :::   08:16:41.4745231

::::::::::: AuthenticateRequest Request called at 11/5/2018 8:16:41 AM   :::   08:16:41.4765241

::::::::::: PostAuthenticateRequest Request called at 11/5/2018 8:16:41 AM   :::   08:16:41.4785240

::::::::::: AuthorizeRequest Request called at 11/5/2018 8:16:41 AM   :::   08:16:41.4795223

::::::::::: PostAuthorizeRequest Request called at 11/5/2018 8:16:41 AM   :::   08:16:41.4825221

::::::::::: End Request called at 11/5/2018 8:16:41 AM   :::   08:16:41.4845227

::::::::::: PostResolveRequestCache Request called at 11/5/2018 8:16:41 AM   :::   08:16:41.4955230

::::::::::: AcquireRequestState Request called at 11/5/2018 8:16:41 AM   :::   08:16:41.4985236

::::::::::: PostAcquireRequestState Request called at 11/5/2018 8:16:41 AM   :::   08:16:41.5005234

::::::::::: PreRequestHandlerExecute Request called at 11/5/2018 8:16:41 AM   :::   08:16:41.5025237

::::::::::: PostRequestHandlerExecute Request called at 11/5/2018 8:16:41 AM   :::   08:16:41.5105226

::::::::::: ReleaseRequestState Request called at 11/5/2018 8:16:41 AM   :::   08:16:41.5115226

::::::::::: PostReleaseRequestState Request called at 11/5/2018 8:16:41 AM   :::   08:16:41.5135228

::::::::::: BeginRequest Request called at 11/5/2018 8:16:41 AM   :::   08:16:41.5155238

::::::::::: AuthenticateRequest Request called at 11/5/2018 8:16:41 AM   :::   08:16:41.5175233

::::::::::: PostAuthenticateRequest Request called at 11/5/2018 8:16:41 AM   :::   08:16:41.5295212

::::::::::: AuthorizeRequest Request called at 11/5/2018 8:16:41 AM   :::   08:16:41.5375292

::::::::::: PostAuthorizeRequest Request called at 11/5/2018 8:16:41 AM   :::   08:16:41.5425221

::::::::::: PreSendRequestHeaders Request called at 11/5/2018 8:16:41 AM   :::   08:16:41.5540337

::::::::::: PostResolveRequestCache Request called at 11/5/2018 8:16:41 AM   :::   08:16:41.5705551

::::::::::: AcquireRequestState Request called at 11/5/2018 8:16:41 AM   :::   08:16:41.5745445

::::::::::: PostAcquireRequestState Request called at 11/5/2018 8:16:41 AM   :::   08:16:41.5755444

::::::::::: PreRequestHandlerExecute Request called at 11/5/2018 8:16:41 AM   :::   08:16:41.5775443

::::::::::: PostRequestHandlerExecute Request called at 11/5/2018 8:16:41 AM   :::   08:16:41.6075593

::::::::::: ReleaseRequestState Request called at 11/5/2018 8:16:41 AM   :::   08:16:41.6085422

::::::::::: PostReleaseRequestState Request called at 11/5/2018 8:16:41 AM   :::   08:16:41.6115432

::::::::::: UpdateRequestCache Request called at 11/5/2018 8:16:41 AM   :::   08:16:41.6135458

::::::::::: EndRequest Request called at 11/5/2018 8:16:41 AM   :::   08:16:41.6155433

::::::::::: PreSendRequestContent Request called at 11/5/2018 8:16:41 AM   :::   08:16:41.6175447

::::::::::: PreSendRequestHeaders Request called at 11/5/2018 8:16:41 AM   :::   08:16:41.6195461

::::::::::: BeginRequest Request called at 11/5/2018 8:16:44 AM   :::   08:16:44.3659051

::::::::::: AuthenticateRequest Request called at 11/5/2018 8:16:44 AM   :::   08:16:44.3714190

::::::::::: PostAuthenticateRequest Request called at 11/5/2018 8:16:44 AM   :::   08:16:44.3734169

::::::::::: AuthorizeRequest Request called at 11/5/2018 8:16:44 AM   :::   08:16:44.3764190

::::::::::: PostAuthorizeRequest Request called at 11/5/2018 8:16:44 AM   :::   08:16:44.3784291

::::::::::: End Request called at 11/5/2018 8:16:44 AM   :::   08:16:44.3804160

::::::::::: PostResolveRequestCache Request called at 11/5/2018 8:16:44 AM   :::   08:16:44.3844153

::::::::::: AcquireRequestState Request called at 11/5/2018 8:16:44 AM   :::   08:16:44.3864186

::::::::::: PostAcquireRequestState Request called at 11/5/2018 8:16:44 AM   :::   08:16:44.3884153

::::::::::: PreRequestHandlerExecute Request called at 11/5/2018 8:16:44 AM   :::   08:16:44.3894160

::::::::::: PreSendRequestContent Request called at 11/5/2018 8:16:46 AM   :::   08:16:46.4174968

::::::::::: PreSendRequestHeaders Request called at 11/5/2018 8:16:46 AM   :::   08:16:46.4194974

::::::::::: PostRequestHandlerExecute Request called at 11/5/2018 8:16:46 AM   :::   08:16:46.4224948

::::::::::: ReleaseRequestState Request called at 11/5/2018 8:16:46 AM   :::   08:16:46.4244958

::::::::::: PostReleaseRequestState Request called at 11/5/2018 8:16:46 AM   :::   08:16:46.4254949

::::::::::: UpdateRequestCache Request called at 11/5/2018 8:16:46 AM   :::   08:16:46.4264964

::::::::::: EndRequest Request called at 11/5/2018 8:16:46 AM   :::   08:16:46.4284939

::::::::::: PreSendRequestContent Request called at 11/5/2018 8:16:46 AM   :::   08:16:46.4320538

::::::::::: BeginRequest Request called at 11/5/2018 6:00:46 PM   :::   18:00:46.4803641

::::::::::: AuthenticateRequest Request called at 11/5/2018 6:00:46 PM   :::   18:00:46.4878642

::::::::::: PostAuthenticateRequest Request called at 11/5/2018 6:00:46 PM   :::   18:00:46.4928647

::::::::::: AuthorizeRequest Request called at 11/5/2018 6:00:46 PM   :::   18:00:46.4953655

::::::::::: PostAuthorizeRequest Request called at 11/5/2018 6:00:46 PM   :::   18:00:46.4973634

::::::::::: End Request called at 11/5/2018 6:00:46 PM   :::   18:00:46.4993644

::::::::::: PostResolveRequestCache Request called at 11/5/2018 6:00:46 PM   :::   18:00:46.5343637

::::::::::: AcquireRequestState Request called at 11/5/2018 6:00:46 PM   :::   18:00:46.5443674

::::::::::: PostAcquireRequestState Request called at 11/5/2018 6:00:46 PM   :::   18:00:46.5473665

::::::::::: PreRequestHandlerExecute Request called at 11/5/2018 6:00:46 PM   :::   18:00:46.5488654

::::::::::: PostRequestHandlerExecute Request called at 11/5/2018 6:00:47 PM   :::   18:00:47.5644779

::::::::::: ReleaseRequestState Request called at 11/5/2018 6:00:47 PM   :::   18:00:47.5659772

::::::::::: PostReleaseRequestState Request called at 11/5/2018 6:00:47 PM   :::   18:00:47.5684764

::::::::::: UpdateRequestCache Request called at 11/5/2018 6:00:47 PM   :::   18:00:47.6149866

::::::::::: EndRequest Request called at 11/5/2018 6:00:47 PM   :::   18:00:47.6179880

::::::::::: PreSendRequestContent Request called at 11/5/2018 6:00:47 PM   :::   18:00:47.6269866

::::::::::: PreSendRequestHeaders Request called at 11/5/2018 6:00:47 PM   :::   18:00:47.6279889

::::::::::: BeginRequest Request called at 11/5/2018 6:00:55 PM   :::   18:00:55.2393012

::::::::::: AuthenticateRequest Request called at 11/5/2018 6:00:55 PM   :::   18:00:55.2407990

::::::::::: PostAuthenticateRequest Request called at 11/5/2018 6:00:55 PM   :::   18:00:55.2683005

::::::::::: AuthorizeRequest Request called at 11/5/2018 6:00:55 PM   :::   18:00:55.3458032

::::::::::: PostAuthorizeRequest Request called at 11/5/2018 6:00:55 PM   :::   18:00:55.3473025

::::::::::: End Request called at 11/5/2018 6:00:55 PM   :::   18:00:55.3638020

::::::::::: PostResolveRequestCache Request called at 11/5/2018 6:00:55 PM   :::   18:00:55.3693034

::::::::::: AcquireRequestState Request called at 11/5/2018 6:00:55 PM   :::   18:00:55.3853020

::::::::::: PostAcquireRequestState Request called at 11/5/2018 6:00:55 PM   :::   18:00:55.3873027

::::::::::: PreRequestHandlerExecute Request called at 11/5/2018 6:00:55 PM   :::   18:00:55.3893081

::::::::::: PostRequestHandlerExecute Request called at 11/5/2018 6:00:55 PM   :::   18:00:55.5888043

::::::::::: ReleaseRequestState Request called at 11/5/2018 6:00:55 PM   :::   18:00:55.6388042

::::::::::: PostReleaseRequestState Request called at 11/5/2018 6:00:55 PM   :::   18:00:55.6773067

::::::::::: UpdateRequestCache Request called at 11/5/2018 6:00:55 PM   :::   18:00:55.6793069

::::::::::: EndRequest Request called at 11/5/2018 6:00:55 PM   :::   18:00:55.6943067

::::::::::: PreSendRequestContent Request called at 11/5/2018 6:00:55 PM   :::   18:00:55.7143086

::::::::::: PreSendRequestHeaders Request called at 11/5/2018 6:00:55 PM   :::   18:00:55.7163069

::::::::::: BeginRequest Request called at 11/5/2018 6:00:55 PM   :::   18:00:55.8158089

::::::::::: AuthenticateRequest Request called at 11/5/2018 6:00:55 PM   :::   18:00:55.8218085

::::::::::: PostAuthenticateRequest Request called at 11/5/2018 6:00:55 PM   :::   18:00:55.8293102

::::::::::: AuthorizeRequest Request called at 11/5/2018 6:00:55 PM   :::   18:00:55.8323096

::::::::::: PostAuthorizeRequest Request called at 11/5/2018 6:00:55 PM   :::   18:00:55.8443092

::::::::::: End Request called at 11/5/2018 6:00:55 PM   :::   18:00:55.8458093

::::::::::: PostResolveRequestCache Request called at 11/5/2018 6:00:55 PM   :::   18:00:55.8488131

::::::::::: AcquireRequestState Request called at 11/5/2018 6:00:55 PM   :::   18:00:55.8508078

::::::::::: PostAcquireRequestState Request called at 11/5/2018 6:00:55 PM   :::   18:00:55.8638105

::::::::::: PreRequestHandlerExecute Request called at 11/5/2018 6:00:55 PM   :::   18:00:55.8668103

::::::::::: PostRequestHandlerExecute Request called at 11/5/2018 6:01:06 PM   :::   18:01:06.5312696

::::::::::: ReleaseRequestState Request called at 11/5/2018 6:01:06 PM   :::   18:01:06.5322703

::::::::::: PostReleaseRequestState Request called at 11/5/2018 6:01:06 PM   :::   18:01:06.5342741

::::::::::: UpdateRequestCache Request called at 11/5/2018 6:01:06 PM   :::   18:01:06.5362716

::::::::::: EndRequest Request called at 11/5/2018 6:01:06 PM   :::   18:01:06.5382751

::::::::::: BeginRequest Request called at 11/5/2018 7:09:43 PM   :::   19:09:43.0081470

::::::::::: AuthenticateRequest Request called at 11/5/2018 7:09:43 PM   :::   19:09:43.0691490

::::::::::: PostAuthenticateRequest Request called at 11/5/2018 7:09:43 PM   :::   19:09:43.0816478

::::::::::: AuthorizeRequest Request called at 11/5/2018 7:09:43 PM   :::   19:09:43.0841474

::::::::::: PostAuthorizeRequest Request called at 11/5/2018 7:09:43 PM   :::   19:09:43.0966470

::::::::::: End Request called at 11/5/2018 7:09:43 PM   :::   19:09:43.0986485

::::::::::: PostResolveRequestCache Request called at 11/5/2018 7:09:43 PM   :::   19:09:43.1121472

::::::::::: AcquireRequestState Request called at 11/5/2018 7:09:43 PM   :::   19:09:43.1211461

::::::::::: PostAcquireRequestState Request called at 11/5/2018 7:09:43 PM   :::   19:09:43.1261469

::::::::::: PreRequestHandlerExecute Request called at 11/5/2018 7:09:43 PM   :::   19:09:43.1291463

::::::::::: PostRequestHandlerExecute Request called at 11/5/2018 7:09:43 PM   :::   19:09:43.1341455

::::::::::: ReleaseRequestState Request called at 11/5/2018 7:09:43 PM   :::   19:09:43.1356475

::::::::::: PostReleaseRequestState Request called at 11/5/2018 7:09:43 PM   :::   19:09:43.1376458

::::::::::: UpdateRequestCache Request called at 11/5/2018 7:09:43 PM   :::   19:09:43.1401462

::::::::::: EndRequest Request called at 11/5/2018 7:09:43 PM   :::   19:09:43.1416475

::::::::::: PreSendRequestContent Request called at 11/5/2018 7:09:43 PM   :::   19:09:43.1431456

::::::::::: PreSendRequestHeaders Request called at 11/5/2018 7:09:43 PM   :::   19:09:43.1451478

::::::::::: BeginRequest Request called at 11/5/2018 7:09:53 PM   :::   19:09:53.6383722

::::::::::: AuthenticateRequest Request called at 11/5/2018 7:09:53 PM   :::   19:09:53.6483710

::::::::::: PostAuthenticateRequest Request called at 11/5/2018 7:09:53 PM   :::   19:09:53.6543701

::::::::::: AuthorizeRequest Request called at 11/5/2018 7:09:53 PM   :::   19:09:53.6738700

::::::::::: PostAuthorizeRequest Request called at 11/5/2018 7:09:53 PM   :::   19:09:53.6903720

::::::::::: End Request called at 11/5/2018 7:09:53 PM   :::   19:09:53.6978713

::::::::::: PostResolveRequestCache Request called at 11/5/2018 7:09:53 PM   :::   19:09:53.6998719

::::::::::: AcquireRequestState Request called at 11/5/2018 7:09:53 PM   :::   19:09:53.7018698

::::::::::: PostAcquireRequestState Request called at 11/5/2018 7:09:53 PM   :::   19:09:53.7033710

::::::::::: PreRequestHandlerExecute Request called at 11/5/2018 7:09:53 PM   :::   19:09:53.7048707

::::::::::: PostRequestHandlerExecute Request called at 11/5/2018 7:09:53 PM   :::   19:09:53.7623704

::::::::::: ReleaseRequestState Request called at 11/5/2018 7:09:53 PM   :::   19:09:53.7648688

::::::::::: PostReleaseRequestState Request called at 11/5/2018 7:09:53 PM   :::   19:09:53.7863712

::::::::::: UpdateRequestCache Request called at 11/5/2018 7:09:53 PM   :::   19:09:53.8108711

::::::::::: EndRequest Request called at 11/5/2018 7:09:53 PM   :::   19:09:53.8228721

::::::::::: PreSendRequestContent Request called at 11/5/2018 7:09:53 PM   :::   19:09:53.8373700

::::::::::: PreSendRequestHeaders Request called at 11/5/2018 7:09:53 PM   :::   19:09:53.8988721

::::::::::: BeginRequest Request called at 11/5/2018 7:09:53 PM   :::   19:09:53.9488682

::::::::::: AuthenticateRequest Request called at 11/5/2018 7:09:53 PM   :::   19:09:53.9623721

::::::::::: PostAuthenticateRequest Request called at 11/5/2018 7:09:53 PM   :::   19:09:53.9663722

::::::::::: AuthorizeRequest Request called at 11/5/2018 7:09:54 PM   :::   19:09:54.0088694

::::::::::: PostAuthorizeRequest Request called at 11/5/2018 7:09:54 PM   :::   19:09:54.0198706

::::::::::: End Request called at 11/5/2018 7:09:54 PM   :::   19:09:54.0598702

::::::::::: PostResolveRequestCache Request called at 11/5/2018 7:09:54 PM   :::   19:09:54.0783705

::::::::::: AcquireRequestState Request called at 11/5/2018 7:09:54 PM   :::   19:09:54.0818704

::::::::::: PostAcquireRequestState Request called at 11/5/2018 7:09:54 PM   :::   19:09:54.0833705

::::::::::: PreRequestHandlerExecute Request called at 11/5/2018 7:09:54 PM   :::   19:09:54.0848710

::::::::::: PostRequestHandlerExecute Request called at 11/5/2018 7:10:19 PM   :::   19:10:19.7712327

::::::::::: ReleaseRequestState Request called at 11/5/2018 7:10:19 PM   :::   19:10:19.7722496

::::::::::: PostReleaseRequestState Request called at 11/5/2018 7:10:19 PM   :::   19:10:19.7742320

::::::::::: UpdateRequestCache Request called at 11/5/2018 7:10:19 PM   :::   19:10:19.7752316

::::::::::: EndRequest Request called at 11/5/2018 7:10:19 PM   :::   19:10:19.7772306

