::::::::::: BeginRequest Request called at 10/11/2018 9:13:52 PM   :::   21:13:52.0601044

::::::::::: AuthenticateRequest Request called at 10/11/2018 9:13:52 PM   :::   21:13:52.0671046

::::::::::: PostAuthenticateRequest Request called at 10/11/2018 9:13:52 PM   :::   21:13:52.0731034

::::::::::: AuthorizeRequest Request called at 10/11/2018 9:13:52 PM   :::   21:13:52.0751064

::::::::::: PostAuthorizeRequest Request called at 10/11/2018 9:13:52 PM   :::   21:13:52.0771035

::::::::::: End Request called at 10/11/2018 9:13:52 PM   :::   21:13:52.0881042

::::::::::: PostResolveRequestCache Request called at 10/11/2018 9:13:52 PM   :::   21:13:52.2441022

::::::::::: AcquireRequestState Request called at 10/11/2018 9:13:52 PM   :::   21:13:52.2571055

::::::::::: PostAcquireRequestState Request called at 10/11/2018 9:13:52 PM   :::   21:13:52.2601045

::::::::::: PreRequestHandlerExecute Request called at 10/11/2018 9:13:52 PM   :::   21:13:52.2621023

::::::::::: PostRequestHandlerExecute Request called at 10/11/2018 9:13:56 PM   :::   21:13:56.2031046

::::::::::: ReleaseRequestState Request called at 10/11/2018 9:13:56 PM   :::   21:13:56.2061048

::::::::::: PostReleaseRequestState Request called at 10/11/2018 9:13:56 PM   :::   21:13:56.2081042

::::::::::: UpdateRequestCache Request called at 10/11/2018 9:13:56 PM   :::   21:13:56.2741046

::::::::::: EndRequest Request called at 10/11/2018 9:13:56 PM   :::   21:13:56.2771047

::::::::::: PreSendRequestContent Request called at 10/11/2018 9:13:56 PM   :::   21:13:56.2871043

::::::::::: PreSendRequestHeaders Request called at 10/11/2018 9:13:56 PM   :::   21:13:56.2891054

::::::::::: BeginRequest Request called at 10/11/2018 9:13:57 PM   :::   21:13:57.2881082

::::::::::: AuthenticateRequest Request called at 10/11/2018 9:13:57 PM   :::   21:13:57.2901049

::::::::::: PostAuthenticateRequest Request called at 10/11/2018 9:13:57 PM   :::   21:13:57.2911064

::::::::::: AuthorizeRequest Request called at 10/11/2018 9:13:57 PM   :::   21:13:57.2931066

::::::::::: PostAuthorizeRequest Request called at 10/11/2018 9:13:57 PM   :::   21:13:57.2951061

::::::::::: End Request called at 10/11/2018 9:13:57 PM   :::   21:13:57.2971059

::::::::::: PostResolveRequestCache Request called at 10/11/2018 9:13:57 PM   :::   21:13:57.2991061

::::::::::: AcquireRequestState Request called at 10/11/2018 9:13:57 PM   :::   21:13:57.3011048

::::::::::: PostAcquireRequestState Request called at 10/11/2018 9:13:57 PM   :::   21:13:57.3031050

::::::::::: PreRequestHandlerExecute Request called at 10/11/2018 9:13:57 PM   :::   21:13:57.3051041

::::::::::: PostRequestHandlerExecute Request called at 10/11/2018 9:13:57 PM   :::   21:13:57.3301073

::::::::::: ReleaseRequestState Request called at 10/11/2018 9:13:57 PM   :::   21:13:57.3321075

::::::::::: PostReleaseRequestState Request called at 10/11/2018 9:13:57 PM   :::   21:13:57.3341085

::::::::::: UpdateRequestCache Request called at 10/11/2018 9:13:57 PM   :::   21:13:57.3371071

::::::::::: EndRequest Request called at 10/11/2018 9:13:57 PM   :::   21:13:57.3391058

::::::::::: PreSendRequestContent Request called at 10/11/2018 9:13:57 PM   :::   21:13:57.3411040

::::::::::: PreSendRequestHeaders Request called at 10/11/2018 9:13:57 PM   :::   21:13:57.3431043

::::::::::: BeginRequest Request called at 10/11/2018 9:13:57 PM   :::   21:13:57.6621049

::::::::::: AuthenticateRequest Request called at 10/11/2018 9:13:57 PM   :::   21:13:57.6641047

::::::::::: PostAuthenticateRequest Request called at 10/11/2018 9:13:57 PM   :::   21:13:57.6651054

::::::::::: AuthorizeRequest Request called at 10/11/2018 9:13:57 PM   :::   21:13:57.6671053

::::::::::: PostAuthorizeRequest Request called at 10/11/2018 9:13:57 PM   :::   21:13:57.6691095

::::::::::: End Request called at 10/11/2018 9:13:57 PM   :::   21:13:57.6711061

::::::::::: PostResolveRequestCache Request called at 10/11/2018 9:13:57 PM   :::   21:13:57.6761057

::::::::::: AcquireRequestState Request called at 10/11/2018 9:13:57 PM   :::   21:13:57.6781048

::::::::::: PostAcquireRequestState Request called at 10/11/2018 9:13:57 PM   :::   21:13:57.6801066

::::::::::: PreRequestHandlerExecute Request called at 10/11/2018 9:13:57 PM   :::   21:13:57.6811054

::::::::::: PostRequestHandlerExecute Request called at 10/11/2018 9:13:57 PM   :::   21:13:57.7831072

::::::::::: ReleaseRequestState Request called at 10/11/2018 9:13:57 PM   :::   21:13:57.7851047

::::::::::: PostReleaseRequestState Request called at 10/11/2018 9:13:57 PM   :::   21:13:57.7871053

::::::::::: UpdateRequestCache Request called at 10/11/2018 9:13:57 PM   :::   21:13:57.7891059

::::::::::: EndRequest Request called at 10/11/2018 9:13:57 PM   :::   21:13:57.7901059

::::::::::: PreSendRequestContent Request called at 10/11/2018 9:13:57 PM   :::   21:13:57.7921041

::::::::::: PreSendRequestHeaders Request called at 10/11/2018 9:13:57 PM   :::   21:13:57.7941056

::::::::::: BeginRequest Request called at 10/11/2018 9:13:57 PM   :::   21:13:57.8261058

::::::::::: AuthenticateRequest Request called at 10/11/2018 9:13:57 PM   :::   21:13:57.8281053

::::::::::: PostAuthenticateRequest Request called at 10/11/2018 9:13:57 PM   :::   21:13:57.8291060

::::::::::: AuthorizeRequest Request called at 10/11/2018 9:13:57 PM   :::   21:13:57.8311066

::::::::::: PostAuthorizeRequest Request called at 10/11/2018 9:13:57 PM   :::   21:13:57.8331060

::::::::::: End Request called at 10/11/2018 9:13:57 PM   :::   21:13:57.8351067

::::::::::: PostResolveRequestCache Request called at 10/11/2018 9:13:57 PM   :::   21:13:57.8371101

::::::::::: AcquireRequestState Request called at 10/11/2018 9:13:57 PM   :::   21:13:57.8391044

::::::::::: PostAcquireRequestState Request called at 10/11/2018 9:13:57 PM   :::   21:13:57.8411054

::::::::::: PreRequestHandlerExecute Request called at 10/11/2018 9:13:57 PM   :::   21:13:57.8431060

::::::::::: PreSendRequestContent Request called at 10/11/2018 9:14:07 PM   :::   21:14:07.0579944

::::::::::: PreSendRequestHeaders Request called at 10/11/2018 9:14:07 PM   :::   21:14:07.0589935

::::::::::: PostRequestHandlerExecute Request called at 10/11/2018 9:14:07 PM   :::   21:14:07.0679968

::::::::::: ReleaseRequestState Request called at 10/11/2018 9:14:07 PM   :::   21:14:07.0699966

::::::::::: PostReleaseRequestState Request called at 10/11/2018 9:14:07 PM   :::   21:14:07.0719977

::::::::::: UpdateRequestCache Request called at 10/11/2018 9:14:07 PM   :::   21:14:07.0729944

::::::::::: EndRequest Request called at 10/11/2018 9:14:07 PM   :::   21:14:07.0759962

::::::::::: PreSendRequestContent Request called at 10/11/2018 9:14:07 PM   :::   21:14:07.0779944

::::::::::: BeginRequest Request called at 10/11/2018 9:14:34 PM   :::   21:14:34.3356540

::::::::::: AuthenticateRequest Request called at 10/11/2018 9:14:34 PM   :::   21:14:34.3386546

::::::::::: PostAuthenticateRequest Request called at 10/11/2018 9:14:34 PM   :::   21:14:34.3406540

::::::::::: AuthorizeRequest Request called at 10/11/2018 9:14:34 PM   :::   21:14:34.3426570

::::::::::: PostAuthorizeRequest Request called at 10/11/2018 9:14:34 PM   :::   21:14:34.3446545

::::::::::: End Request called at 10/11/2018 9:14:34 PM   :::   21:14:34.3466527

::::::::::: PostResolveRequestCache Request called at 10/11/2018 9:14:34 PM   :::   21:14:34.3486526

::::::::::: AcquireRequestState Request called at 10/11/2018 9:14:34 PM   :::   21:14:34.3516547

::::::::::: PostAcquireRequestState Request called at 10/11/2018 9:14:34 PM   :::   21:14:34.3526531

::::::::::: PreRequestHandlerExecute Request called at 10/11/2018 9:14:34 PM   :::   21:14:34.3546545

::::::::::: PreSendRequestContent Request called at 10/11/2018 9:14:40 PM   :::   21:14:40.2812528

::::::::::: PreSendRequestHeaders Request called at 10/11/2018 9:14:40 PM   :::   21:14:40.2822528

::::::::::: PostRequestHandlerExecute Request called at 10/11/2018 9:14:40 PM   :::   21:14:40.2952494

::::::::::: ReleaseRequestState Request called at 10/11/2018 9:14:40 PM   :::   21:14:40.2972492

::::::::::: PostReleaseRequestState Request called at 10/11/2018 9:14:40 PM   :::   21:14:40.2982511

::::::::::: UpdateRequestCache Request called at 10/11/2018 9:14:40 PM   :::   21:14:40.3002513

::::::::::: EndRequest Request called at 10/11/2018 9:14:40 PM   :::   21:14:40.3012521

::::::::::: PreSendRequestContent Request called at 10/11/2018 9:14:40 PM   :::   21:14:40.3022496

::::::::::: BeginRequest Request called at 10/11/2018 9:14:49 PM   :::   21:14:49.1058008

::::::::::: AuthenticateRequest Request called at 10/11/2018 9:14:49 PM   :::   21:14:49.1228002

::::::::::: PostAuthenticateRequest Request called at 10/11/2018 9:14:49 PM   :::   21:14:49.1298009

::::::::::: AuthorizeRequest Request called at 10/11/2018 9:14:49 PM   :::   21:14:49.1397993

::::::::::: PostAuthorizeRequest Request called at 10/11/2018 9:14:49 PM   :::   21:14:49.1448009

::::::::::: End Request called at 10/11/2018 9:14:49 PM   :::   21:14:49.1478002

::::::::::: PostResolveRequestCache Request called at 10/11/2018 9:14:49 PM   :::   21:14:49.1508000

::::::::::: AcquireRequestState Request called at 10/11/2018 9:14:49 PM   :::   21:14:49.1538002

::::::::::: PostAcquireRequestState Request called at 10/11/2018 9:14:49 PM   :::   21:14:49.1547997

::::::::::: PreRequestHandlerExecute Request called at 10/11/2018 9:14:49 PM   :::   21:14:49.1577994

::::::::::: PreSendRequestContent Request called at 10/11/2018 9:14:52 PM   :::   21:14:52.8787886

::::::::::: PreSendRequestHeaders Request called at 10/11/2018 9:14:52 PM   :::   21:14:52.8857892

::::::::::: PostRequestHandlerExecute Request called at 10/11/2018 9:14:52 PM   :::   21:14:52.8977883

::::::::::: ReleaseRequestState Request called at 10/11/2018 9:14:52 PM   :::   21:14:52.9117868

::::::::::: PostReleaseRequestState Request called at 10/11/2018 9:14:52 PM   :::   21:14:52.9237843

::::::::::: UpdateRequestCache Request called at 10/11/2018 9:14:52 PM   :::   21:14:52.9277828

::::::::::: EndRequest Request called at 10/11/2018 9:14:52 PM   :::   21:14:52.9317825

::::::::::: PreSendRequestContent Request called at 10/11/2018 9:14:52 PM   :::   21:14:52.9357833

::::::::::: BeginRequest Request called at 10/11/2018 9:15:18 PM   :::   21:15:18.4129851

::::::::::: AuthenticateRequest Request called at 10/11/2018 9:15:18 PM   :::   21:15:18.4449841

::::::::::: PostAuthenticateRequest Request called at 10/11/2018 9:15:18 PM   :::   21:15:18.4679847

::::::::::: AuthorizeRequest Request called at 10/11/2018 9:15:18 PM   :::   21:15:18.4719844

::::::::::: PostAuthorizeRequest Request called at 10/11/2018 9:15:18 PM   :::   21:15:18.4749822

::::::::::: End Request called at 10/11/2018 9:15:18 PM   :::   21:15:18.4779819

::::::::::: PostResolveRequestCache Request called at 10/11/2018 9:15:18 PM   :::   21:15:18.4809837

::::::::::: AcquireRequestState Request called at 10/11/2018 9:15:18 PM   :::   21:15:18.4849814

::::::::::: PostAcquireRequestState Request called at 10/11/2018 9:15:18 PM   :::   21:15:18.4899810

::::::::::: PreRequestHandlerExecute Request called at 10/11/2018 9:15:18 PM   :::   21:15:18.4929800

::::::::::: PreSendRequestContent Request called at 10/11/2018 9:15:20 PM   :::   21:15:20.2717352

::::::::::: PreSendRequestHeaders Request called at 10/11/2018 9:15:20 PM   :::   21:15:20.2837315

::::::::::: PostRequestHandlerExecute Request called at 10/11/2018 9:15:20 PM   :::   21:15:20.2967348

::::::::::: ReleaseRequestState Request called at 10/11/2018 9:15:20 PM   :::   21:15:20.3137300

::::::::::: PostReleaseRequestState Request called at 10/11/2018 9:15:20 PM   :::   21:15:20.3217270

::::::::::: UpdateRequestCache Request called at 10/11/2018 9:15:20 PM   :::   21:15:20.3287284

::::::::::: EndRequest Request called at 10/11/2018 9:15:20 PM   :::   21:15:20.3357255

::::::::::: PreSendRequestContent Request called at 10/11/2018 9:15:20 PM   :::   21:15:20.3377249

::::::::::: BeginRequest Request called at 10/11/2018 9:15:48 PM   :::   21:15:48.7919000

::::::::::: AuthenticateRequest Request called at 10/11/2018 9:15:48 PM   :::   21:15:48.8048994

::::::::::: PostAuthenticateRequest Request called at 10/11/2018 9:15:48 PM   :::   21:15:48.8098994

::::::::::: AuthorizeRequest Request called at 10/11/2018 9:15:48 PM   :::   21:15:48.8129000

::::::::::: PostAuthorizeRequest Request called at 10/11/2018 9:15:48 PM   :::   21:15:48.8149006

::::::::::: End Request called at 10/11/2018 9:15:48 PM   :::   21:15:48.8169001

::::::::::: PostResolveRequestCache Request called at 10/11/2018 9:15:48 PM   :::   21:15:48.8569016

::::::::::: AcquireRequestState Request called at 10/11/2018 9:15:48 PM   :::   21:15:48.8719068

::::::::::: PostAcquireRequestState Request called at 10/11/2018 9:15:48 PM   :::   21:15:48.8749026

::::::::::: PreRequestHandlerExecute Request called at 10/11/2018 9:15:48 PM   :::   21:15:48.8768989

::::::::::: PostRequestHandlerExecute Request called at 10/11/2018 9:15:50 PM   :::   21:15:50.3919023

::::::::::: ReleaseRequestState Request called at 10/11/2018 9:15:50 PM   :::   21:15:50.3939005

::::::::::: PostReleaseRequestState Request called at 10/11/2018 9:15:50 PM   :::   21:15:50.3979030

::::::::::: UpdateRequestCache Request called at 10/11/2018 9:15:50 PM   :::   21:15:50.4619015

::::::::::: EndRequest Request called at 10/11/2018 9:15:50 PM   :::   21:15:50.4669003

::::::::::: PreSendRequestContent Request called at 10/11/2018 9:15:50 PM   :::   21:15:50.4779022

::::::::::: PreSendRequestHeaders Request called at 10/11/2018 9:15:50 PM   :::   21:15:50.4809016

::::::::::: BeginRequest Request called at 10/11/2018 9:15:51 PM   :::   21:15:51.0469013

::::::::::: AuthenticateRequest Request called at 10/11/2018 9:15:51 PM   :::   21:15:51.0598991

::::::::::: PostAuthenticateRequest Request called at 10/11/2018 9:15:51 PM   :::   21:15:51.0689004

::::::::::: AuthorizeRequest Request called at 10/11/2018 9:15:51 PM   :::   21:15:51.0728993

::::::::::: PostAuthorizeRequest Request called at 10/11/2018 9:15:51 PM   :::   21:15:51.0759002

::::::::::: End Request called at 10/11/2018 9:15:51 PM   :::   21:15:51.0848999

::::::::::: PostResolveRequestCache Request called at 10/11/2018 9:15:51 PM   :::   21:15:51.0929005

::::::::::: AcquireRequestState Request called at 10/11/2018 9:15:51 PM   :::   21:15:51.0949003

::::::::::: PostAcquireRequestState Request called at 10/11/2018 9:15:51 PM   :::   21:15:51.0968986

::::::::::: PreRequestHandlerExecute Request called at 10/11/2018 9:15:51 PM   :::   21:15:51.0988996

::::::::::: PostRequestHandlerExecute Request called at 10/11/2018 9:15:51 PM   :::   21:15:51.1409003

::::::::::: ReleaseRequestState Request called at 10/11/2018 9:15:51 PM   :::   21:15:51.1428997

::::::::::: PostReleaseRequestState Request called at 10/11/2018 9:15:51 PM   :::   21:15:51.1439016

::::::::::: UpdateRequestCache Request called at 10/11/2018 9:15:51 PM   :::   21:15:51.1469002

::::::::::: EndRequest Request called at 10/11/2018 9:15:51 PM   :::   21:15:51.1499007

::::::::::: PreSendRequestContent Request called at 10/11/2018 9:15:51 PM   :::   21:15:51.1519002

::::::::::: PreSendRequestHeaders Request called at 10/11/2018 9:15:51 PM   :::   21:15:51.1539024

::::::::::: BeginRequest Request called at 10/11/2018 9:15:58 PM   :::   21:15:58.4129014

::::::::::: AuthenticateRequest Request called at 10/11/2018 9:15:58 PM   :::   21:15:58.4149020

::::::::::: PostAuthenticateRequest Request called at 10/11/2018 9:15:58 PM   :::   21:15:58.4169015

::::::::::: AuthorizeRequest Request called at 10/11/2018 9:15:58 PM   :::   21:15:58.4189049

::::::::::: PostAuthorizeRequest Request called at 10/11/2018 9:15:58 PM   :::   21:15:58.4209047

::::::::::: End Request called at 10/11/2018 9:15:58 PM   :::   21:15:58.4229022

::::::::::: PostResolveRequestCache Request called at 10/11/2018 9:15:58 PM   :::   21:15:58.4289005

::::::::::: AcquireRequestState Request called at 10/11/2018 9:15:58 PM   :::   21:15:58.4299012

::::::::::: PostAcquireRequestState Request called at 10/11/2018 9:15:58 PM   :::   21:15:58.4319011

::::::::::: PreRequestHandlerExecute Request called at 10/11/2018 9:15:58 PM   :::   21:15:58.4329010

::::::::::: PostRequestHandlerExecute Request called at 10/11/2018 9:15:58 PM   :::   21:15:58.5959024

::::::::::: ReleaseRequestState Request called at 10/11/2018 9:15:58 PM   :::   21:15:58.6069035

::::::::::: PostReleaseRequestState Request called at 10/11/2018 9:15:58 PM   :::   21:15:58.6209020

::::::::::: UpdateRequestCache Request called at 10/11/2018 9:15:58 PM   :::   21:15:58.6229015

::::::::::: EndRequest Request called at 10/11/2018 9:15:58 PM   :::   21:15:58.6609028

::::::::::: PreSendRequestContent Request called at 10/11/2018 9:15:58 PM   :::   21:15:58.6739046

::::::::::: PreSendRequestHeaders Request called at 10/11/2018 9:15:58 PM   :::   21:15:58.6829015

::::::::::: BeginRequest Request called at 10/11/2018 9:16:00 PM   :::   21:16:00.6319031

::::::::::: AuthenticateRequest Request called at 10/11/2018 9:16:00 PM   :::   21:16:00.6329038

::::::::::: PostAuthenticateRequest Request called at 10/11/2018 9:16:00 PM   :::   21:16:00.6349037

::::::::::: AuthorizeRequest Request called at 10/11/2018 9:16:00 PM   :::   21:16:00.6369020

::::::::::: PostAuthorizeRequest Request called at 10/11/2018 9:16:00 PM   :::   21:16:00.6389018

::::::::::: End Request called at 10/11/2018 9:16:00 PM   :::   21:16:00.6409044

::::::::::: PostResolveRequestCache Request called at 10/11/2018 9:16:00 PM   :::   21:16:00.6429015

::::::::::: AcquireRequestState Request called at 10/11/2018 9:16:00 PM   :::   21:16:00.6459028

::::::::::: PostAcquireRequestState Request called at 10/11/2018 9:16:00 PM   :::   21:16:00.6479035

::::::::::: PreRequestHandlerExecute Request called at 10/11/2018 9:16:00 PM   :::   21:16:00.6499021

::::::::::: BeginRequest Request called at 10/11/2018 9:16:17 PM   :::   21:16:17.3865920

::::::::::: AuthenticateRequest Request called at 10/11/2018 9:16:17 PM   :::   21:16:17.3895890

::::::::::: PostAuthenticateRequest Request called at 10/11/2018 9:16:17 PM   :::   21:16:17.4095937

::::::::::: AuthorizeRequest Request called at 10/11/2018 9:16:17 PM   :::   21:16:17.4135906

::::::::::: PostAuthorizeRequest Request called at 10/11/2018 9:16:17 PM   :::   21:16:17.4175891

::::::::::: End Request called at 10/11/2018 9:16:17 PM   :::   21:16:17.4205913

::::::::::: PostResolveRequestCache Request called at 10/11/2018 9:16:17 PM   :::   21:16:17.4255944

::::::::::: AcquireRequestState Request called at 10/11/2018 9:16:17 PM   :::   21:16:17.4295953

::::::::::: PostAcquireRequestState Request called at 10/11/2018 9:16:17 PM   :::   21:16:17.4385930

::::::::::: PreRequestHandlerExecute Request called at 10/11/2018 9:16:17 PM   :::   21:16:17.4415908

::::::::::: PostRequestHandlerExecute Request called at 10/11/2018 9:16:18 PM   :::   21:16:18.9901806

::::::::::: ReleaseRequestState Request called at 10/11/2018 9:16:18 PM   :::   21:16:18.9941810

::::::::::: PostReleaseRequestState Request called at 10/11/2018 9:16:18 PM   :::   21:16:18.9981823

::::::::::: UpdateRequestCache Request called at 10/11/2018 9:16:19 PM   :::   21:16:19.0021792

::::::::::: EndRequest Request called at 10/11/2018 9:16:19 PM   :::   21:16:19.0061805

::::::::::: BeginRequest Request called at 10/11/2018 9:16:28 PM   :::   21:16:28.0209132

::::::::::: AuthenticateRequest Request called at 10/11/2018 9:16:28 PM   :::   21:16:28.0339055

::::::::::: PostAuthenticateRequest Request called at 10/11/2018 9:16:28 PM   :::   21:16:28.0389063

::::::::::: AuthorizeRequest Request called at 10/11/2018 9:16:28 PM   :::   21:16:28.0449094

::::::::::: PostAuthorizeRequest Request called at 10/11/2018 9:16:28 PM   :::   21:16:28.0519100

::::::::::: End Request called at 10/11/2018 9:16:28 PM   :::   21:16:28.0579948

::::::::::: PostResolveRequestCache Request called at 10/11/2018 9:16:28 PM   :::   21:16:28.0729107

::::::::::: AcquireRequestState Request called at 10/11/2018 9:16:28 PM   :::   21:16:28.0789075

::::::::::: PostAcquireRequestState Request called at 10/11/2018 9:16:28 PM   :::   21:16:28.0869061

::::::::::: PreRequestHandlerExecute Request called at 10/11/2018 9:16:28 PM   :::   21:16:28.0919041

::::::::::: PreSendRequestContent Request called at 10/11/2018 9:16:28 PM   :::   21:16:28.4909000

::::::::::: PreSendRequestHeaders Request called at 10/11/2018 9:16:28 PM   :::   21:16:28.4939017

::::::::::: PostRequestHandlerExecute Request called at 10/11/2018 9:16:28 PM   :::   21:16:28.5109008

::::::::::: ReleaseRequestState Request called at 10/11/2018 9:16:28 PM   :::   21:16:28.5149017

::::::::::: PostReleaseRequestState Request called at 10/11/2018 9:16:28 PM   :::   21:16:28.5179026

::::::::::: UpdateRequestCache Request called at 10/11/2018 9:16:28 PM   :::   21:16:28.5209032

::::::::::: EndRequest Request called at 10/11/2018 9:16:28 PM   :::   21:16:28.5249001

::::::::::: PreSendRequestContent Request called at 10/11/2018 9:16:28 PM   :::   21:16:28.5269003

::::::::::: BeginRequest Request called at 10/11/2018 9:16:28 PM   :::   21:16:28.8919028

::::::::::: AuthenticateRequest Request called at 10/11/2018 9:16:28 PM   :::   21:16:28.8938995

::::::::::: PostAuthenticateRequest Request called at 10/11/2018 9:16:28 PM   :::   21:16:28.8959010

::::::::::: AuthorizeRequest Request called at 10/11/2018 9:16:28 PM   :::   21:16:28.8979020

::::::::::: PostAuthorizeRequest Request called at 10/11/2018 9:16:28 PM   :::   21:16:28.8999006

::::::::::: End Request called at 10/11/2018 9:16:28 PM   :::   21:16:28.9009021

::::::::::: PostResolveRequestCache Request called at 10/11/2018 9:16:28 PM   :::   21:16:28.9038999

::::::::::: AcquireRequestState Request called at 10/11/2018 9:16:28 PM   :::   21:16:28.9059029

::::::::::: PostAcquireRequestState Request called at 10/11/2018 9:16:28 PM   :::   21:16:28.9069013

::::::::::: PreRequestHandlerExecute Request called at 10/11/2018 9:16:28 PM   :::   21:16:28.9089019

::::::::::: PreSendRequestContent Request called at 10/11/2018 9:16:31 PM   :::   21:16:31.7486141

::::::::::: PreSendRequestHeaders Request called at 10/11/2018 9:16:31 PM   :::   21:16:31.7496171

::::::::::: PostRequestHandlerExecute Request called at 10/11/2018 9:16:31 PM   :::   21:16:31.7596148

::::::::::: ReleaseRequestState Request called at 10/11/2018 9:16:31 PM   :::   21:16:31.7606167

::::::::::: PostReleaseRequestState Request called at 10/11/2018 9:16:31 PM   :::   21:16:31.7626141

::::::::::: UpdateRequestCache Request called at 10/11/2018 9:16:31 PM   :::   21:16:31.7636137

::::::::::: EndRequest Request called at 10/11/2018 9:16:31 PM   :::   21:16:31.7646140

::::::::::: PreSendRequestContent Request called at 10/11/2018 9:16:31 PM   :::   21:16:31.7666162

::::::::::: PreSendRequestContent Request called at 10/11/2018 9:16:36 PM   :::   21:16:36.3312434

::::::::::: PreSendRequestHeaders Request called at 10/11/2018 9:16:36 PM   :::   21:16:36.3382369

::::::::::: PostRequestHandlerExecute Request called at 10/11/2018 9:16:36 PM   :::   21:16:36.3485353

::::::::::: ReleaseRequestState Request called at 10/11/2018 9:16:36 PM   :::   21:16:36.3562312

::::::::::: PostReleaseRequestState Request called at 10/11/2018 9:16:36 PM   :::   21:16:36.3612315

::::::::::: UpdateRequestCache Request called at 10/11/2018 9:16:36 PM   :::   21:16:36.3642313

::::::::::: EndRequest Request called at 10/11/2018 9:16:36 PM   :::   21:16:36.3702316

::::::::::: PreSendRequestContent Request called at 10/11/2018 9:16:36 PM   :::   21:16:36.3762319

::::::::::: BeginRequest Request called at 10/11/2018 9:16:39 PM   :::   21:16:39.2956974

::::::::::: AuthenticateRequest Request called at 10/11/2018 9:16:39 PM   :::   21:16:39.3036968

::::::::::: PostAuthenticateRequest Request called at 10/11/2018 9:16:39 PM   :::   21:16:39.3096936

::::::::::: AuthorizeRequest Request called at 10/11/2018 9:16:39 PM   :::   21:16:39.3176988

::::::::::: PostAuthorizeRequest Request called at 10/11/2018 9:16:39 PM   :::   21:16:39.3246908

::::::::::: End Request called at 10/11/2018 9:16:39 PM   :::   21:16:39.3286936

::::::::::: PostResolveRequestCache Request called at 10/11/2018 9:16:39 PM   :::   21:16:39.3326917

::::::::::: AcquireRequestState Request called at 10/11/2018 9:16:39 PM   :::   21:16:39.3396932

::::::::::: PostAcquireRequestState Request called at 10/11/2018 9:16:39 PM   :::   21:16:39.3436901

::::::::::: PreRequestHandlerExecute Request called at 10/11/2018 9:16:39 PM   :::   21:16:39.3496924

::::::::::: PreSendRequestContent Request called at 10/11/2018 9:16:41 PM   :::   21:16:41.2029889

::::::::::: PreSendRequestHeaders Request called at 10/11/2018 9:16:41 PM   :::   21:16:41.2049860

::::::::::: PostRequestHandlerExecute Request called at 10/11/2018 9:16:41 PM   :::   21:16:41.2069886

::::::::::: ReleaseRequestState Request called at 10/11/2018 9:16:41 PM   :::   21:16:41.2089893

::::::::::: PostReleaseRequestState Request called at 10/11/2018 9:16:41 PM   :::   21:16:41.2099872

::::::::::: UpdateRequestCache Request called at 10/11/2018 9:16:41 PM   :::   21:16:41.2119878

::::::::::: EndRequest Request called at 10/11/2018 9:16:41 PM   :::   21:16:41.2129874

::::::::::: PreSendRequestContent Request called at 10/11/2018 9:16:41 PM   :::   21:16:41.2149884

::::::::::: BeginRequest Request called at 10/11/2018 9:17:06 PM   :::   21:17:06.0661718

::::::::::: AuthenticateRequest Request called at 10/11/2018 9:17:06 PM   :::   21:17:06.0701680

::::::::::: PostAuthenticateRequest Request called at 10/11/2018 9:17:06 PM   :::   21:17:06.0741712

::::::::::: AuthorizeRequest Request called at 10/11/2018 9:17:06 PM   :::   21:17:06.0771753

::::::::::: PostAuthorizeRequest Request called at 10/11/2018 9:17:06 PM   :::   21:17:06.0811714

::::::::::: End Request called at 10/11/2018 9:17:06 PM   :::   21:17:06.0841708

::::::::::: PostResolveRequestCache Request called at 10/11/2018 9:17:06 PM   :::   21:17:06.0871710

::::::::::: AcquireRequestState Request called at 10/11/2018 9:17:06 PM   :::   21:17:06.0891751

::::::::::: PostAcquireRequestState Request called at 10/11/2018 9:17:06 PM   :::   21:17:06.0911710

::::::::::: PreRequestHandlerExecute Request called at 10/11/2018 9:17:06 PM   :::   21:17:06.0961730

::::::::::: PreSendRequestContent Request called at 10/11/2018 9:17:53 PM   :::   21:17:53.5190233

::::::::::: PreSendRequestHeaders Request called at 10/11/2018 9:17:53 PM   :::   21:17:53.5250217

::::::::::: PostRequestHandlerExecute Request called at 10/11/2018 9:17:53 PM   :::   21:17:53.5320231

::::::::::: ReleaseRequestState Request called at 10/11/2018 9:17:53 PM   :::   21:17:53.5370247

::::::::::: PostReleaseRequestState Request called at 10/11/2018 9:17:53 PM   :::   21:17:53.5430293

::::::::::: UpdateRequestCache Request called at 10/11/2018 9:17:53 PM   :::   21:17:53.5450229

::::::::::: EndRequest Request called at 10/11/2018 9:17:53 PM   :::   21:17:53.5480270

::::::::::: PreSendRequestContent Request called at 10/11/2018 9:17:53 PM   :::   21:17:53.5500237

::::::::::: BeginRequest Request called at 10/11/2018 9:20:02 PM   :::   21:20:02.6394754

::::::::::: AuthenticateRequest Request called at 10/11/2018 9:20:02 PM   :::   21:20:02.6464397

::::::::::: PostAuthenticateRequest Request called at 10/11/2018 9:20:02 PM   :::   21:20:02.6504410

::::::::::: AuthorizeRequest Request called at 10/11/2018 9:20:02 PM   :::   21:20:02.6544426

::::::::::: PostAuthorizeRequest Request called at 10/11/2018 9:20:02 PM   :::   21:20:02.6604410

::::::::::: End Request called at 10/11/2018 9:20:02 PM   :::   21:20:02.6644410

::::::::::: PostResolveRequestCache Request called at 10/11/2018 9:20:02 PM   :::   21:20:02.6704433

::::::::::: AcquireRequestState Request called at 10/11/2018 9:20:02 PM   :::   21:20:02.6744387

::::::::::: PostAcquireRequestState Request called at 10/11/2018 9:20:02 PM   :::   21:20:02.6784403

::::::::::: PreRequestHandlerExecute Request called at 10/11/2018 9:20:02 PM   :::   21:20:02.6824392

::::::::::: PreSendRequestContent Request called at 10/11/2018 9:20:04 PM   :::   21:20:04.6958196

::::::::::: PreSendRequestHeaders Request called at 10/11/2018 9:20:04 PM   :::   21:20:04.6968349

::::::::::: PostRequestHandlerExecute Request called at 10/11/2018 9:20:04 PM   :::   21:20:04.7078115

::::::::::: ReleaseRequestState Request called at 10/11/2018 9:20:04 PM   :::   21:20:04.7088114

::::::::::: PostReleaseRequestState Request called at 10/11/2018 9:20:04 PM   :::   21:20:04.7108168

::::::::::: UpdateRequestCache Request called at 10/11/2018 9:20:04 PM   :::   21:20:04.7118128

::::::::::: EndRequest Request called at 10/11/2018 9:20:04 PM   :::   21:20:04.7138138

::::::::::: PreSendRequestContent Request called at 10/11/2018 9:20:04 PM   :::   21:20:04.7148185

::::::::::: BeginRequest Request called at 10/11/2018 9:20:04 PM   :::   21:20:04.7768124

::::::::::: AuthenticateRequest Request called at 10/11/2018 9:20:04 PM   :::   21:20:04.7788146

::::::::::: PostAuthenticateRequest Request called at 10/11/2018 9:20:04 PM   :::   21:20:04.7798311

::::::::::: AuthorizeRequest Request called at 10/11/2018 9:20:04 PM   :::   21:20:04.7818156

::::::::::: PostAuthorizeRequest Request called at 10/11/2018 9:20:04 PM   :::   21:20:04.7838150

::::::::::: End Request called at 10/11/2018 9:20:04 PM   :::   21:20:04.7848157

::::::::::: PostResolveRequestCache Request called at 10/11/2018 9:20:04 PM   :::   21:20:04.7868148

::::::::::: AcquireRequestState Request called at 10/11/2018 9:20:04 PM   :::   21:20:04.7888166

::::::::::: PostAcquireRequestState Request called at 10/11/2018 9:20:04 PM   :::   21:20:04.7898126

::::::::::: PreRequestHandlerExecute Request called at 10/11/2018 9:20:04 PM   :::   21:20:04.7918156

::::::::::: PreSendRequestContent Request called at 10/11/2018 9:20:18 PM   :::   21:20:18.1898001

::::::::::: PreSendRequestHeaders Request called at 10/11/2018 9:20:18 PM   :::   21:20:18.1957969

::::::::::: PostRequestHandlerExecute Request called at 10/11/2018 9:20:18 PM   :::   21:20:18.2047989

::::::::::: ReleaseRequestState Request called at 10/11/2018 9:20:18 PM   :::   21:20:18.2087946

::::::::::: PostReleaseRequestState Request called at 10/11/2018 9:20:18 PM   :::   21:20:18.2157949

::::::::::: UpdateRequestCache Request called at 10/11/2018 9:20:18 PM   :::   21:20:18.2207953

::::::::::: EndRequest Request called at 10/11/2018 9:20:18 PM   :::   21:20:18.2237939

::::::::::: PreSendRequestContent Request called at 10/11/2018 9:20:18 PM   :::   21:20:18.2277947

::::::::::: BeginRequest Request called at 10/11/2018 9:21:18 PM   :::   21:21:18.4668770

::::::::::: AuthenticateRequest Request called at 10/11/2018 9:21:18 PM   :::   21:21:18.4688702

::::::::::: PostAuthenticateRequest Request called at 10/11/2018 9:21:18 PM   :::   21:21:18.4698906

::::::::::: AuthorizeRequest Request called at 10/11/2018 9:21:18 PM   :::   21:21:18.4728765

::::::::::: PostAuthorizeRequest Request called at 10/11/2018 9:21:18 PM   :::   21:21:18.4758739

::::::::::: End Request called at 10/11/2018 9:21:18 PM   :::   21:21:18.4798752

::::::::::: PostResolveRequestCache Request called at 10/11/2018 9:21:18 PM   :::   21:21:18.4848859

::::::::::: AcquireRequestState Request called at 10/11/2018 9:21:18 PM   :::   21:21:18.4888804

::::::::::: PostAcquireRequestState Request called at 10/11/2018 9:21:18 PM   :::   21:21:18.4918735

::::::::::: PreRequestHandlerExecute Request called at 10/11/2018 9:21:18 PM   :::   21:21:18.4958807

::::::::::: PreSendRequestContent Request called at 10/11/2018 9:21:20 PM   :::   21:21:20.7521254

::::::::::: PreSendRequestHeaders Request called at 10/11/2018 9:21:20 PM   :::   21:21:20.7531269

::::::::::: PostRequestHandlerExecute Request called at 10/11/2018 9:21:20 PM   :::   21:21:20.7691280

::::::::::: ReleaseRequestState Request called at 10/11/2018 9:21:20 PM   :::   21:21:20.7711259

::::::::::: PostReleaseRequestState Request called at 10/11/2018 9:21:20 PM   :::   21:21:20.7731262

::::::::::: UpdateRequestCache Request called at 10/11/2018 9:21:20 PM   :::   21:21:20.7741257

::::::::::: EndRequest Request called at 10/11/2018 9:21:20 PM   :::   21:21:20.7761275

::::::::::: PreSendRequestContent Request called at 10/11/2018 9:21:20 PM   :::   21:21:20.7781277

::::::::::: BeginRequest Request called at 10/11/2018 9:21:20 PM   :::   21:21:20.8511295

::::::::::: AuthenticateRequest Request called at 10/11/2018 9:21:20 PM   :::   21:21:20.8521460

::::::::::: PostAuthenticateRequest Request called at 10/11/2018 9:21:20 PM   :::   21:21:20.8541269

::::::::::: AuthorizeRequest Request called at 10/11/2018 9:21:20 PM   :::   21:21:20.8551264

::::::::::: PostAuthorizeRequest Request called at 10/11/2018 9:21:20 PM   :::   21:21:20.8571263

::::::::::: End Request called at 10/11/2018 9:21:20 PM   :::   21:21:20.8581250

::::::::::: PostResolveRequestCache Request called at 10/11/2018 9:21:20 PM   :::   21:21:20.8601260

::::::::::: AcquireRequestState Request called at 10/11/2018 9:21:20 PM   :::   21:21:20.8611252

::::::::::: PostAcquireRequestState Request called at 10/11/2018 9:21:20 PM   :::   21:21:20.8621259

::::::::::: PreRequestHandlerExecute Request called at 10/11/2018 9:21:20 PM   :::   21:21:20.8631475

::::::::::: PreSendRequestContent Request called at 10/11/2018 9:21:25 PM   :::   21:21:25.9553957

::::::::::: PreSendRequestHeaders Request called at 10/11/2018 9:21:25 PM   :::   21:21:25.9613984

::::::::::: PostRequestHandlerExecute Request called at 10/11/2018 9:21:25 PM   :::   21:21:25.9734010

::::::::::: ReleaseRequestState Request called at 10/11/2018 9:21:25 PM   :::   21:21:25.9803965

::::::::::: PostReleaseRequestState Request called at 10/11/2018 9:21:25 PM   :::   21:21:25.9934030

::::::::::: UpdateRequestCache Request called at 10/11/2018 9:21:26 PM   :::   21:21:26.0113933

::::::::::: EndRequest Request called at 10/11/2018 9:21:26 PM   :::   21:21:26.0193954

::::::::::: PreSendRequestContent Request called at 10/11/2018 9:21:26 PM   :::   21:21:26.0293946

::::::::::: BeginRequest Request called at 10/11/2018 9:27:22 PM   :::   21:27:22.4949040

::::::::::: AuthenticateRequest Request called at 10/11/2018 9:27:22 PM   :::   21:27:22.4969035

::::::::::: PostAuthenticateRequest Request called at 10/11/2018 9:27:22 PM   :::   21:27:22.5009028

::::::::::: AuthorizeRequest Request called at 10/11/2018 9:27:22 PM   :::   21:27:22.5029034

::::::::::: PostAuthorizeRequest Request called at 10/11/2018 9:27:22 PM   :::   21:27:22.5064053

::::::::::: End Request called at 10/11/2018 9:27:22 PM   :::   21:27:22.5079018

::::::::::: PostResolveRequestCache Request called at 10/11/2018 9:27:22 PM   :::   21:27:22.5104042

::::::::::: AcquireRequestState Request called at 10/11/2018 9:27:22 PM   :::   21:27:22.5124036

::::::::::: PostAcquireRequestState Request called at 10/11/2018 9:27:22 PM   :::   21:27:22.5139049

::::::::::: PreRequestHandlerExecute Request called at 10/11/2018 9:27:22 PM   :::   21:27:22.5154026

::::::::::: PostRequestHandlerExecute Request called at 10/11/2018 9:27:22 PM   :::   21:27:22.5204034

::::::::::: ReleaseRequestState Request called at 10/11/2018 9:27:22 PM   :::   21:27:22.5239033

::::::::::: PostReleaseRequestState Request called at 10/11/2018 9:27:22 PM   :::   21:27:22.5254026

::::::::::: UpdateRequestCache Request called at 10/11/2018 9:27:22 PM   :::   21:27:22.5294047

::::::::::: EndRequest Request called at 10/11/2018 9:27:22 PM   :::   21:27:22.5314037

::::::::::: PreSendRequestContent Request called at 10/11/2018 9:27:22 PM   :::   21:27:22.5334024

::::::::::: PreSendRequestHeaders Request called at 10/11/2018 9:27:22 PM   :::   21:27:22.5369039

::::::::::: BeginRequest Request called at 10/11/2018 9:27:23 PM   :::   21:27:23.2009050

::::::::::: AuthenticateRequest Request called at 10/11/2018 9:27:23 PM   :::   21:27:23.2119049

::::::::::: PostAuthenticateRequest Request called at 10/11/2018 9:27:23 PM   :::   21:27:23.2139048

::::::::::: AuthorizeRequest Request called at 10/11/2018 9:27:23 PM   :::   21:27:23.2154037

::::::::::: PostAuthorizeRequest Request called at 10/11/2018 9:27:23 PM   :::   21:27:23.2174059

::::::::::: End Request called at 10/11/2018 9:27:23 PM   :::   21:27:23.2194061

::::::::::: PostResolveRequestCache Request called at 10/11/2018 9:27:23 PM   :::   21:27:23.2234173

::::::::::: AcquireRequestState Request called at 10/11/2018 9:27:23 PM   :::   21:27:23.2249055

::::::::::: PostAcquireRequestState Request called at 10/11/2018 9:27:23 PM   :::   21:27:23.2274043

::::::::::: PreRequestHandlerExecute Request called at 10/11/2018 9:27:23 PM   :::   21:27:23.2294038

::::::::::: PostRequestHandlerExecute Request called at 10/11/2018 9:27:30 PM   :::   21:27:30.5013915

::::::::::: ReleaseRequestState Request called at 10/11/2018 9:27:30 PM   :::   21:27:30.5033901

::::::::::: PostReleaseRequestState Request called at 10/11/2018 9:27:30 PM   :::   21:27:30.5053900

::::::::::: UpdateRequestCache Request called at 10/11/2018 9:27:30 PM   :::   21:27:30.5068897

::::::::::: EndRequest Request called at 10/11/2018 9:27:30 PM   :::   21:27:30.5129014

::::::::::: BeginRequest Request called at 10/11/2018 9:28:07 PM   :::   21:28:07.4489676

::::::::::: AuthenticateRequest Request called at 10/11/2018 9:28:07 PM   :::   21:28:07.4509683

::::::::::: PostAuthenticateRequest Request called at 10/11/2018 9:28:07 PM   :::   21:28:07.4559687

::::::::::: AuthorizeRequest Request called at 10/11/2018 9:28:07 PM   :::   21:28:07.4579685

::::::::::: PostAuthorizeRequest Request called at 10/11/2018 9:28:07 PM   :::   21:28:07.4589673

::::::::::: End Request called at 10/11/2018 9:28:07 PM   :::   21:28:07.4619773

::::::::::: PostResolveRequestCache Request called at 10/11/2018 9:28:07 PM   :::   21:28:07.4629669

::::::::::: AcquireRequestState Request called at 10/11/2018 9:28:07 PM   :::   21:28:07.4649672

::::::::::: PostAcquireRequestState Request called at 10/11/2018 9:28:07 PM   :::   21:28:07.4689681

::::::::::: PreRequestHandlerExecute Request called at 10/11/2018 9:28:07 PM   :::   21:28:07.4739704

::::::::::: PostRequestHandlerExecute Request called at 10/11/2018 9:28:07 PM   :::   21:28:07.4769682

::::::::::: ReleaseRequestState Request called at 10/11/2018 9:28:07 PM   :::   21:28:07.4789696

::::::::::: PostReleaseRequestState Request called at 10/11/2018 9:28:07 PM   :::   21:28:07.4809675

::::::::::: UpdateRequestCache Request called at 10/11/2018 9:28:07 PM   :::   21:28:07.4829670

::::::::::: EndRequest Request called at 10/11/2018 9:28:07 PM   :::   21:28:07.4839669

::::::::::: PreSendRequestContent Request called at 10/11/2018 9:28:07 PM   :::   21:28:07.4859722

::::::::::: PreSendRequestHeaders Request called at 10/11/2018 9:28:07 PM   :::   21:28:07.4869662

::::::::::: BeginRequest Request called at 10/11/2018 9:28:08 PM   :::   21:28:08.0030919

::::::::::: AuthenticateRequest Request called at 10/11/2018 9:28:08 PM   :::   21:28:08.0040883

::::::::::: PostAuthenticateRequest Request called at 10/11/2018 9:28:08 PM   :::   21:28:08.0060885

::::::::::: AuthorizeRequest Request called at 10/11/2018 9:28:08 PM   :::   21:28:08.0070896

::::::::::: PostAuthorizeRequest Request called at 10/11/2018 9:28:08 PM   :::   21:28:08.0100913

::::::::::: End Request called at 10/11/2018 9:28:08 PM   :::   21:28:08.0175996

::::::::::: PostResolveRequestCache Request called at 10/11/2018 9:28:08 PM   :::   21:28:08.0191005

::::::::::: AcquireRequestState Request called at 10/11/2018 9:28:08 PM   :::   21:28:08.0211019

::::::::::: PostAcquireRequestState Request called at 10/11/2018 9:28:08 PM   :::   21:28:08.0226012

::::::::::: PreRequestHandlerExecute Request called at 10/11/2018 9:28:08 PM   :::   21:28:08.0251016

::::::::::: PostRequestHandlerExecute Request called at 10/11/2018 9:28:28 PM   :::   21:28:28.0945446

::::::::::: ReleaseRequestState Request called at 10/11/2018 9:28:28 PM   :::   21:28:28.0975452

::::::::::: PostReleaseRequestState Request called at 10/11/2018 9:28:28 PM   :::   21:28:28.1025448

::::::::::: UpdateRequestCache Request called at 10/11/2018 9:28:28 PM   :::   21:28:28.1155418

::::::::::: EndRequest Request called at 10/11/2018 9:28:28 PM   :::   21:28:28.1195450

::::::::::: BeginRequest Request called at 10/11/2018 9:28:29 PM   :::   21:28:29.4446344

::::::::::: AuthenticateRequest Request called at 10/11/2018 9:28:29 PM   :::   21:28:29.4471364

::::::::::: PostAuthenticateRequest Request called at 10/11/2018 9:28:29 PM   :::   21:28:29.4491358

::::::::::: AuthorizeRequest Request called at 10/11/2018 9:28:29 PM   :::   21:28:29.4506347

::::::::::: PostAuthorizeRequest Request called at 10/11/2018 9:28:29 PM   :::   21:28:29.4521360

::::::::::: End Request called at 10/11/2018 9:28:29 PM   :::   21:28:29.4551353

::::::::::: PostResolveRequestCache Request called at 10/11/2018 9:28:29 PM   :::   21:28:29.4581363

::::::::::: AcquireRequestState Request called at 10/11/2018 9:28:29 PM   :::   21:28:29.4601353

::::::::::: PostAcquireRequestState Request called at 10/11/2018 9:28:29 PM   :::   21:28:29.4621356

::::::::::: PreRequestHandlerExecute Request called at 10/11/2018 9:28:29 PM   :::   21:28:29.4641346

::::::::::: PostRequestHandlerExecute Request called at 10/11/2018 9:28:29 PM   :::   21:28:29.4766358

::::::::::: ReleaseRequestState Request called at 10/11/2018 9:28:29 PM   :::   21:28:29.4781347

::::::::::: PostReleaseRequestState Request called at 10/11/2018 9:28:29 PM   :::   21:28:29.4811357

::::::::::: UpdateRequestCache Request called at 10/11/2018 9:28:29 PM   :::   21:28:29.4831355

::::::::::: EndRequest Request called at 10/11/2018 9:28:29 PM   :::   21:28:29.4851342

::::::::::: PreSendRequestContent Request called at 10/11/2018 9:28:29 PM   :::   21:28:29.4871344

::::::::::: PreSendRequestHeaders Request called at 10/11/2018 9:28:29 PM   :::   21:28:29.4911349

::::::::::: BeginRequest Request called at 10/11/2018 9:28:29 PM   :::   21:28:29.5161349

::::::::::: AuthenticateRequest Request called at 10/11/2018 9:28:29 PM   :::   21:28:29.5216402

::::::::::: PostAuthenticateRequest Request called at 10/11/2018 9:28:29 PM   :::   21:28:29.5256340

::::::::::: AuthorizeRequest Request called at 10/11/2018 9:28:29 PM   :::   21:28:29.5286345

::::::::::: PostAuthorizeRequest Request called at 10/11/2018 9:28:29 PM   :::   21:28:29.5336341

::::::::::: End Request called at 10/11/2018 9:28:29 PM   :::   21:28:29.5376346

::::::::::: PostResolveRequestCache Request called at 10/11/2018 9:28:29 PM   :::   21:28:29.5411373

::::::::::: AcquireRequestState Request called at 10/11/2018 9:28:29 PM   :::   21:28:29.5471502

::::::::::: PostAcquireRequestState Request called at 10/11/2018 9:28:29 PM   :::   21:28:29.5521356

::::::::::: PreRequestHandlerExecute Request called at 10/11/2018 9:28:29 PM   :::   21:28:29.5546344

::::::::::: PreSendRequestContent Request called at 10/11/2018 9:28:33 PM   :::   21:28:33.9665579

::::::::::: PreSendRequestHeaders Request called at 10/11/2018 9:28:33 PM   :::   21:28:33.9680528

::::::::::: PostRequestHandlerExecute Request called at 10/11/2018 9:28:33 PM   :::   21:28:33.9890527

::::::::::: ReleaseRequestState Request called at 10/11/2018 9:28:33 PM   :::   21:28:33.9925534

::::::::::: PostReleaseRequestState Request called at 10/11/2018 9:28:33 PM   :::   21:28:33.9950546

::::::::::: UpdateRequestCache Request called at 10/11/2018 9:28:33 PM   :::   21:28:33.9970533

::::::::::: EndRequest Request called at 10/11/2018 9:28:33 PM   :::   21:28:33.9990519

::::::::::: PreSendRequestContent Request called at 10/11/2018 9:28:34 PM   :::   21:28:34.0010538

::::::::::: BeginRequest Request called at 10/11/2018 9:29:04 PM   :::   21:29:04.1778464

::::::::::: AuthenticateRequest Request called at 10/11/2018 9:29:04 PM   :::   21:29:04.1798431

::::::::::: PostAuthenticateRequest Request called at 10/11/2018 9:29:04 PM   :::   21:29:04.1818449

::::::::::: AuthorizeRequest Request called at 10/11/2018 9:29:04 PM   :::   21:29:04.1838432

::::::::::: PostAuthorizeRequest Request called at 10/11/2018 9:29:04 PM   :::   21:29:04.1858422

::::::::::: End Request called at 10/11/2018 9:29:04 PM   :::   21:29:04.1878417

::::::::::: PostResolveRequestCache Request called at 10/11/2018 9:29:04 PM   :::   21:29:04.1898431

::::::::::: AcquireRequestState Request called at 10/11/2018 9:29:04 PM   :::   21:29:04.1928421

::::::::::: PostAcquireRequestState Request called at 10/11/2018 9:29:04 PM   :::   21:29:04.1938440

::::::::::: PreRequestHandlerExecute Request called at 10/11/2018 9:29:04 PM   :::   21:29:04.1958423

::::::::::: PostRequestHandlerExecute Request called at 10/11/2018 9:29:04 PM   :::   21:29:04.1988440

::::::::::: ReleaseRequestState Request called at 10/11/2018 9:29:04 PM   :::   21:29:04.2008430

::::::::::: PostReleaseRequestState Request called at 10/11/2018 9:29:04 PM   :::   21:29:04.2038412

::::::::::: UpdateRequestCache Request called at 10/11/2018 9:29:04 PM   :::   21:29:04.2058423

::::::::::: EndRequest Request called at 10/11/2018 9:29:04 PM   :::   21:29:04.2108430

::::::::::: PreSendRequestContent Request called at 10/11/2018 9:29:04 PM   :::   21:29:04.2128437

::::::::::: PreSendRequestHeaders Request called at 10/11/2018 9:29:04 PM   :::   21:29:04.2148435

::::::::::: BeginRequest Request called at 10/11/2018 9:29:04 PM   :::   21:29:04.2258438

::::::::::: AuthenticateRequest Request called at 10/11/2018 9:29:04 PM   :::   21:29:04.2278433

::::::::::: PostAuthenticateRequest Request called at 10/11/2018 9:29:04 PM   :::   21:29:04.2308427

::::::::::: AuthorizeRequest Request called at 10/11/2018 9:29:04 PM   :::   21:29:04.2318426

::::::::::: PostAuthorizeRequest Request called at 10/11/2018 9:29:04 PM   :::   21:29:04.2338511

::::::::::: End Request called at 10/11/2018 9:29:04 PM   :::   21:29:04.2358521

::::::::::: PostResolveRequestCache Request called at 10/11/2018 9:29:04 PM   :::   21:29:04.2373495

::::::::::: AcquireRequestState Request called at 10/11/2018 9:29:04 PM   :::   21:29:04.2423518

::::::::::: PostAcquireRequestState Request called at 10/11/2018 9:29:04 PM   :::   21:29:04.2458506

::::::::::: PreRequestHandlerExecute Request called at 10/11/2018 9:29:04 PM   :::   21:29:04.2473506

::::::::::: PreSendRequestContent Request called at 10/11/2018 9:29:19 PM   :::   21:29:19.9345864

::::::::::: PreSendRequestHeaders Request called at 10/11/2018 9:29:19 PM   :::   21:29:19.9365867

::::::::::: Error Request called at 10/11/2018 9:29:19 PM   :::   21:29:19.9465875

::::::::::: PreSendRequestContent Request called at 10/11/2018 9:29:29 PM   :::   21:29:29.9774334

::::::::::: PreSendRequestContent Request called at 10/11/2018 9:29:29 PM   :::   21:29:29.9804328

::::::::::: PreSendRequestContent Request called at 10/11/2018 9:29:29 PM   :::   21:29:29.9854344

::::::::::: PreSendRequestContent Request called at 10/11/2018 9:29:29 PM   :::   21:29:29.9944321

::::::::::: EndRequest Request called at 10/11/2018 9:29:29 PM   :::   21:29:29.9984326

::::::::::: PreSendRequestContent Request called at 10/11/2018 9:29:30 PM   :::   21:29:30.0004312

::::::::::: BeginRequest Request called at 10/11/2018 9:30:05 PM   :::   21:30:05.8660446

::::::::::: AuthenticateRequest Request called at 10/11/2018 9:30:05 PM   :::   21:30:05.8680433

::::::::::: PostAuthenticateRequest Request called at 10/11/2018 9:30:05 PM   :::   21:30:05.8710427

::::::::::: BeginRequest Request called at 10/11/2018 9:30:05 PM   :::   21:30:05.8730437

::::::::::: AuthenticateRequest Request called at 10/11/2018 9:30:05 PM   :::   21:30:05.8810466

::::::::::: PostAuthenticateRequest Request called at 10/11/2018 9:30:05 PM   :::   21:30:05.8910458

::::::::::: AuthorizeRequest Request called at 10/11/2018 9:30:05 PM   :::   21:30:05.9021733

::::::::::: PostAuthorizeRequest Request called at 10/11/2018 9:30:05 PM   :::   21:30:05.9119593

::::::::::: End Request called at 10/11/2018 9:30:05 PM   :::   21:30:05.9219558

::::::::::: PreRequestHandlerExecute Request called at 10/11/2018 9:30:05 PM   :::   21:30:05.9369700

::::::::::: AcquireRequestState Request called at 10/11/2018 9:30:05 PM   :::   21:30:05.9479545

::::::::::: PostAcquireRequestState Request called at 10/11/2018 9:30:05 PM   :::   21:30:05.9499551

::::::::::: PreRequestHandlerExecute Request called at 10/11/2018 9:30:05 PM   :::   21:30:05.9639544

::::::::::: UpdateRequestCache Request called at 10/11/2018 9:30:05 PM   :::   21:30:05.9789568

::::::::::: EndRequest Request called at 10/11/2018 9:30:05 PM   :::   21:30:05.9879549

::::::::::: PreSendRequestContent Request called at 10/11/2018 9:30:05 PM   :::   21:30:05.9974603

::::::::::: PreSendRequestHeaders Request called at 10/11/2018 9:30:05 PM   :::   21:30:05.9989580

::::::::::: PostRequestHandlerExecute Request called at 10/11/2018 9:30:08 PM   :::   21:30:08.1023806

::::::::::: ReleaseRequestState Request called at 10/11/2018 9:30:08 PM   :::   21:30:08.1093832

::::::::::: PostReleaseRequestState Request called at 10/11/2018 9:30:08 PM   :::   21:30:08.1134074

::::::::::: UpdateRequestCache Request called at 10/11/2018 9:30:08 PM   :::   21:30:08.1164091

::::::::::: EndRequest Request called at 10/11/2018 9:30:08 PM   :::   21:30:08.1194073

::::::::::: PreSendRequestContent Request called at 10/11/2018 9:30:08 PM   :::   21:30:08.1224331

::::::::::: PreSendRequestHeaders Request called at 10/11/2018 9:30:08 PM   :::   21:30:08.1254096

::::::::::: BeginRequest Request called at 10/11/2018 9:30:09 PM   :::   21:30:09.4505052

::::::::::: AuthenticateRequest Request called at 10/11/2018 9:30:09 PM   :::   21:30:09.4520061

::::::::::: PostAuthenticateRequest Request called at 10/11/2018 9:30:09 PM   :::   21:30:09.4545057

::::::::::: AuthorizeRequest Request called at 10/11/2018 9:30:09 PM   :::   21:30:09.4565040

::::::::::: PostAuthorizeRequest Request called at 10/11/2018 9:30:09 PM   :::   21:30:09.4595053

::::::::::: End Request called at 10/11/2018 9:30:09 PM   :::   21:30:09.4615044

::::::::::: PostResolveRequestCache Request called at 10/11/2018 9:30:09 PM   :::   21:30:09.4635046

::::::::::: AcquireRequestState Request called at 10/11/2018 9:30:09 PM   :::   21:30:09.4650039

::::::::::: PostAcquireRequestState Request called at 10/11/2018 9:30:09 PM   :::   21:30:09.4665040

::::::::::: PreRequestHandlerExecute Request called at 10/11/2018 9:30:09 PM   :::   21:30:09.4680041

::::::::::: PreSendRequestContent Request called at 10/11/2018 9:30:11 PM   :::   21:30:11.5488856

::::::::::: PreSendRequestHeaders Request called at 10/11/2018 9:30:11 PM   :::   21:30:11.5508854

::::::::::: PostRequestHandlerExecute Request called at 10/11/2018 9:30:11 PM   :::   21:30:11.5548871

::::::::::: ReleaseRequestState Request called at 10/11/2018 9:30:11 PM   :::   21:30:11.5588848

::::::::::: PostReleaseRequestState Request called at 10/11/2018 9:30:11 PM   :::   21:30:11.5609012

::::::::::: UpdateRequestCache Request called at 10/11/2018 9:30:11 PM   :::   21:30:11.5628857

::::::::::: EndRequest Request called at 10/11/2018 9:30:11 PM   :::   21:30:11.5648851

::::::::::: PreSendRequestContent Request called at 10/11/2018 9:30:11 PM   :::   21:30:11.5668838

::::::::::: BeginRequest Request called at 10/11/2018 9:31:59 PM   :::   21:31:59.9169747

::::::::::: AuthenticateRequest Request called at 10/11/2018 9:31:59 PM   :::   21:31:59.9189765

::::::::::: PostAuthenticateRequest Request called at 10/11/2018 9:31:59 PM   :::   21:31:59.9209775

::::::::::: AuthorizeRequest Request called at 10/11/2018 9:31:59 PM   :::   21:31:59.9229754

::::::::::: PostAuthorizeRequest Request called at 10/11/2018 9:31:59 PM   :::   21:31:59.9269755

::::::::::: End Request called at 10/11/2018 9:31:59 PM   :::   21:31:59.9289749

::::::::::: PostResolveRequestCache Request called at 10/11/2018 9:31:59 PM   :::   21:31:59.9309756

::::::::::: AcquireRequestState Request called at 10/11/2018 9:31:59 PM   :::   21:31:59.9329754

::::::::::: PostAcquireRequestState Request called at 10/11/2018 9:31:59 PM   :::   21:31:59.9349757

::::::::::: PreRequestHandlerExecute Request called at 10/11/2018 9:31:59 PM   :::   21:31:59.9389769

::::::::::: PostRequestHandlerExecute Request called at 10/11/2018 9:31:59 PM   :::   21:31:59.9459740

::::::::::: ReleaseRequestState Request called at 10/11/2018 9:31:59 PM   :::   21:31:59.9479825

::::::::::: PostReleaseRequestState Request called at 10/11/2018 9:31:59 PM   :::   21:31:59.9519933

::::::::::: UpdateRequestCache Request called at 10/11/2018 9:31:59 PM   :::   21:31:59.9539746

::::::::::: EndRequest Request called at 10/11/2018 9:31:59 PM   :::   21:31:59.9559780

::::::::::: PreSendRequestContent Request called at 10/11/2018 9:31:59 PM   :::   21:31:59.9579754

::::::::::: PreSendRequestHeaders Request called at 10/11/2018 9:31:59 PM   :::   21:31:59.9589773

::::::::::: BeginRequest Request called at 10/11/2018 9:31:59 PM   :::   21:31:59.9639726

::::::::::: AuthenticateRequest Request called at 10/11/2018 9:31:59 PM   :::   21:31:59.9649729

::::::::::: PostAuthenticateRequest Request called at 10/11/2018 9:31:59 PM   :::   21:31:59.9700065

::::::::::: AuthorizeRequest Request called at 10/11/2018 9:31:59 PM   :::   21:31:59.9715050

::::::::::: PostAuthorizeRequest Request called at 10/11/2018 9:31:59 PM   :::   21:31:59.9730050

::::::::::: End Request called at 10/11/2018 9:31:59 PM   :::   21:31:59.9750049

::::::::::: PostResolveRequestCache Request called at 10/11/2018 9:31:59 PM   :::   21:31:59.9765050

::::::::::: AcquireRequestState Request called at 10/11/2018 9:31:59 PM   :::   21:31:59.9780058

::::::::::: PostAcquireRequestState Request called at 10/11/2018 9:31:59 PM   :::   21:31:59.9800053

::::::::::: PreRequestHandlerExecute Request called at 10/11/2018 9:31:59 PM   :::   21:31:59.9815061

::::::::::: PreSendRequestContent Request called at 10/11/2018 9:33:52 PM   :::   21:33:52.8550309

::::::::::: PreSendRequestHeaders Request called at 10/11/2018 9:33:52 PM   :::   21:33:52.8570268

::::::::::: Error Request called at 10/11/2018 9:33:52 PM   :::   21:33:52.8600285

::::::::::: PreSendRequestContent Request called at 10/11/2018 9:34:02 PM   :::   21:34:02.9038005

::::::::::: PreSendRequestContent Request called at 10/11/2018 9:34:02 PM   :::   21:34:02.9108252

::::::::::: PreSendRequestContent Request called at 10/11/2018 9:34:02 PM   :::   21:34:02.9173256

::::::::::: PreSendRequestContent Request called at 10/11/2018 9:34:02 PM   :::   21:34:02.9218488

::::::::::: EndRequest Request called at 10/11/2018 9:34:02 PM   :::   21:34:02.9278570

::::::::::: PreSendRequestContent Request called at 10/11/2018 9:34:02 PM   :::   21:34:02.9328511

::::::::::: BeginRequest Request called at 10/11/2018 9:35:33 PM   :::   21:35:33.0481571

::::::::::: AuthenticateRequest Request called at 10/11/2018 9:35:33 PM   :::   21:35:33.0531661

::::::::::: PostAuthenticateRequest Request called at 10/11/2018 9:35:33 PM   :::   21:35:33.0621587

::::::::::: AuthorizeRequest Request called at 10/11/2018 9:35:33 PM   :::   21:35:33.0681590

::::::::::: PostAuthorizeRequest Request called at 10/11/2018 9:35:33 PM   :::   21:35:33.0811620

::::::::::: End Request called at 10/11/2018 9:35:33 PM   :::   21:35:33.0921579

::::::::::: PostResolveRequestCache Request called at 10/11/2018 9:35:33 PM   :::   21:35:33.1001557

::::::::::: AcquireRequestState Request called at 10/11/2018 9:35:33 PM   :::   21:35:33.1101593

::::::::::: PostAcquireRequestState Request called at 10/11/2018 9:35:33 PM   :::   21:35:33.1146643

::::::::::: PreRequestHandlerExecute Request called at 10/11/2018 9:35:33 PM   :::   21:35:33.1176632

::::::::::: PreSendRequestContent Request called at 10/11/2018 9:35:37 PM   :::   21:35:37.2094069

::::::::::: PreSendRequestHeaders Request called at 10/11/2018 9:35:37 PM   :::   21:35:37.2114008

::::::::::: PostRequestHandlerExecute Request called at 10/11/2018 9:35:37 PM   :::   21:35:37.2263985

::::::::::: ReleaseRequestState Request called at 10/11/2018 9:35:37 PM   :::   21:35:37.2283987

::::::::::: PostReleaseRequestState Request called at 10/11/2018 9:35:37 PM   :::   21:35:37.2293998

::::::::::: UpdateRequestCache Request called at 10/11/2018 9:35:37 PM   :::   21:35:37.2313989

::::::::::: EndRequest Request called at 10/11/2018 9:35:37 PM   :::   21:35:37.2334011

::::::::::: PreSendRequestContent Request called at 10/11/2018 9:35:37 PM   :::   21:35:37.2343986

::::::::::: BeginRequest Request called at 10/11/2018 9:35:37 PM   :::   21:35:37.3524257

::::::::::: AuthenticateRequest Request called at 10/11/2018 9:35:37 PM   :::   21:35:37.3544354

::::::::::: PostAuthenticateRequest Request called at 10/11/2018 9:35:37 PM   :::   21:35:37.3554377

::::::::::: AuthorizeRequest Request called at 10/11/2018 9:35:37 PM   :::   21:35:37.3564384

::::::::::: PostAuthorizeRequest Request called at 10/11/2018 9:35:37 PM   :::   21:35:37.3574348

::::::::::: End Request called at 10/11/2018 9:35:37 PM   :::   21:35:37.3594378

::::::::::: PostResolveRequestCache Request called at 10/11/2018 9:35:37 PM   :::   21:35:37.3614376

::::::::::: AcquireRequestState Request called at 10/11/2018 9:35:37 PM   :::   21:35:37.3634347

::::::::::: PostAcquireRequestState Request called at 10/11/2018 9:35:37 PM   :::   21:35:37.3654353

::::::::::: PreRequestHandlerExecute Request called at 10/11/2018 9:35:37 PM   :::   21:35:37.3674364

::::::::::: PreSendRequestContent Request called at 10/11/2018 9:35:41 PM   :::   21:35:41.5957911

::::::::::: PreSendRequestHeaders Request called at 10/11/2018 9:35:41 PM   :::   21:35:41.6048030

::::::::::: PostRequestHandlerExecute Request called at 10/11/2018 9:35:41 PM   :::   21:35:41.6137948

::::::::::: ReleaseRequestState Request called at 10/11/2018 9:35:41 PM   :::   21:35:41.6247939

::::::::::: PostReleaseRequestState Request called at 10/11/2018 9:35:41 PM   :::   21:35:41.6287885

::::::::::: UpdateRequestCache Request called at 10/11/2018 9:35:41 PM   :::   21:35:41.6357951

::::::::::: EndRequest Request called at 10/11/2018 9:35:41 PM   :::   21:35:41.6418281

::::::::::: PreSendRequestContent Request called at 10/11/2018 9:35:41 PM   :::   21:35:41.6533239

::::::::::: BeginRequest Request called at 10/11/2018 9:55:37 PM   :::   21:55:37.2554163

::::::::::: AuthenticateRequest Request called at 10/11/2018 9:55:37 PM   :::   21:55:37.2569148

::::::::::: PostAuthenticateRequest Request called at 10/11/2018 9:55:37 PM   :::   21:55:37.2589155

::::::::::: AuthorizeRequest Request called at 10/11/2018 9:55:37 PM   :::   21:55:37.2604155

::::::::::: PostAuthorizeRequest Request called at 10/11/2018 9:55:37 PM   :::   21:55:37.2624170

::::::::::: End Request called at 10/11/2018 9:55:37 PM   :::   21:55:37.2639151

::::::::::: PostResolveRequestCache Request called at 10/11/2018 9:55:37 PM   :::   21:55:37.2659185

::::::::::: AcquireRequestState Request called at 10/11/2018 9:55:37 PM   :::   21:55:37.2674174

::::::::::: PostAcquireRequestState Request called at 10/11/2018 9:55:37 PM   :::   21:55:37.2689151

::::::::::: PreRequestHandlerExecute Request called at 10/11/2018 9:55:37 PM   :::   21:55:37.2699241

::::::::::: PreSendRequestContent Request called at 10/11/2018 9:55:42 PM   :::   21:55:42.5776350

::::::::::: PreSendRequestHeaders Request called at 10/11/2018 9:55:42 PM   :::   21:55:42.5796372

::::::::::: PostRequestHandlerExecute Request called at 10/11/2018 9:55:42 PM   :::   21:55:42.5946329

::::::::::: ReleaseRequestState Request called at 10/11/2018 9:55:42 PM   :::   21:55:42.5966347

::::::::::: PostReleaseRequestState Request called at 10/11/2018 9:55:42 PM   :::   21:55:42.5976350

::::::::::: UpdateRequestCache Request called at 10/11/2018 9:55:42 PM   :::   21:55:42.5996345

::::::::::: EndRequest Request called at 10/11/2018 9:55:42 PM   :::   21:55:42.6006332

::::::::::: PreSendRequestContent Request called at 10/11/2018 9:55:42 PM   :::   21:55:42.6026382

::::::::::: BeginRequest Request called at 10/11/2018 9:55:42 PM   :::   21:55:42.6946519

::::::::::: AuthenticateRequest Request called at 10/11/2018 9:55:42 PM   :::   21:55:42.6956541

::::::::::: PostAuthenticateRequest Request called at 10/11/2018 9:55:42 PM   :::   21:55:42.6976508

::::::::::: AuthorizeRequest Request called at 10/11/2018 9:55:42 PM   :::   21:55:42.6986512

::::::::::: PostAuthorizeRequest Request called at 10/11/2018 9:55:42 PM   :::   21:55:42.6996503

::::::::::: End Request called at 10/11/2018 9:55:42 PM   :::   21:55:42.7006502

::::::::::: PostResolveRequestCache Request called at 10/11/2018 9:55:42 PM   :::   21:55:42.7026552

::::::::::: AcquireRequestState Request called at 10/11/2018 9:55:42 PM   :::   21:55:42.7036531

::::::::::: PostAcquireRequestState Request called at 10/11/2018 9:55:42 PM   :::   21:55:42.7056545

::::::::::: PreRequestHandlerExecute Request called at 10/11/2018 9:55:42 PM   :::   21:55:42.7066513

::::::::::: PreSendRequestContent Request called at 10/11/2018 9:55:47 PM   :::   21:55:47.0635510

::::::::::: PreSendRequestHeaders Request called at 10/11/2018 9:55:47 PM   :::   21:55:47.0685380

::::::::::: PostRequestHandlerExecute Request called at 10/11/2018 9:55:47 PM   :::   21:55:47.0765378

::::::::::: ReleaseRequestState Request called at 10/11/2018 9:55:47 PM   :::   21:55:47.0840603

::::::::::: PostReleaseRequestState Request called at 10/11/2018 9:55:47 PM   :::   21:55:47.0910960

::::::::::: UpdateRequestCache Request called at 10/11/2018 9:55:47 PM   :::   21:55:47.0960550

::::::::::: EndRequest Request called at 10/11/2018 9:55:47 PM   :::   21:55:47.0990563

::::::::::: PreSendRequestContent Request called at 10/11/2018 9:55:47 PM   :::   21:55:47.1040544

::::::::::: BeginRequest Request called at 10/11/2018 9:57:18 PM   :::   21:57:18.8344190

::::::::::: AuthenticateRequest Request called at 10/11/2018 9:57:18 PM   :::   21:57:18.8374192

::::::::::: PostAuthenticateRequest Request called at 10/11/2018 9:57:18 PM   :::   21:57:18.8394186

::::::::::: AuthorizeRequest Request called at 10/11/2018 9:57:18 PM   :::   21:57:18.8414192

::::::::::: PostAuthorizeRequest Request called at 10/11/2018 9:57:18 PM   :::   21:57:18.8434175

::::::::::: End Request called at 10/11/2018 9:57:18 PM   :::   21:57:18.8464208

::::::::::: PostResolveRequestCache Request called at 10/11/2018 9:57:18 PM   :::   21:57:18.8494194

::::::::::: AcquireRequestState Request called at 10/11/2018 9:57:18 PM   :::   21:57:18.8514204

::::::::::: PostAcquireRequestState Request called at 10/11/2018 9:57:18 PM   :::   21:57:18.8534211

::::::::::: PreRequestHandlerExecute Request called at 10/11/2018 9:57:18 PM   :::   21:57:18.8554189

::::::::::: PreSendRequestContent Request called at 10/11/2018 9:57:25 PM   :::   21:57:25.7950174

::::::::::: PreSendRequestHeaders Request called at 10/11/2018 9:57:25 PM   :::   21:57:25.7960170

::::::::::: PostRequestHandlerExecute Request called at 10/11/2018 9:57:25 PM   :::   21:57:25.8120114

::::::::::: ReleaseRequestState Request called at 10/11/2018 9:57:25 PM   :::   21:57:25.8140195

::::::::::: PostReleaseRequestState Request called at 10/11/2018 9:57:25 PM   :::   21:57:25.8160122

::::::::::: UpdateRequestCache Request called at 10/11/2018 9:57:25 PM   :::   21:57:25.8190160

::::::::::: EndRequest Request called at 10/11/2018 9:57:25 PM   :::   21:57:25.8210154

::::::::::: PreSendRequestContent Request called at 10/11/2018 9:57:25 PM   :::   21:57:25.8260154

::::::::::: BeginRequest Request called at 10/11/2018 9:57:25 PM   :::   21:57:25.9555283

::::::::::: AuthenticateRequest Request called at 10/11/2018 9:57:25 PM   :::   21:57:25.9575305

::::::::::: PostAuthenticateRequest Request called at 10/11/2018 9:57:25 PM   :::   21:57:25.9585316

::::::::::: AuthorizeRequest Request called at 10/11/2018 9:57:25 PM   :::   21:57:25.9605287

::::::::::: PostAuthorizeRequest Request called at 10/11/2018 9:57:25 PM   :::   21:57:25.9625297

::::::::::: End Request called at 10/11/2018 9:57:25 PM   :::   21:57:25.9635297

::::::::::: PostResolveRequestCache Request called at 10/11/2018 9:57:25 PM   :::   21:57:25.9665298

::::::::::: AcquireRequestState Request called at 10/11/2018 9:57:25 PM   :::   21:57:25.9675298

::::::::::: PostAcquireRequestState Request called at 10/11/2018 9:57:25 PM   :::   21:57:25.9705291

::::::::::: PreRequestHandlerExecute Request called at 10/11/2018 9:57:25 PM   :::   21:57:25.9750408

::::::::::: PreSendRequestContent Request called at 10/11/2018 9:58:53 PM   :::   21:58:53.9676659

::::::::::: PreSendRequestHeaders Request called at 10/11/2018 9:58:53 PM   :::   21:58:53.9756633

::::::::::: PostRequestHandlerExecute Request called at 10/11/2018 9:58:53 PM   :::   21:58:53.9876671

::::::::::: ReleaseRequestState Request called at 10/11/2018 9:58:54 PM   :::   21:58:54.0126940

::::::::::: PostReleaseRequestState Request called at 10/11/2018 9:58:54 PM   :::   21:58:54.0166960

::::::::::: UpdateRequestCache Request called at 10/11/2018 9:58:54 PM   :::   21:58:54.0236935

::::::::::: EndRequest Request called at 10/11/2018 9:58:54 PM   :::   21:58:54.0286959

::::::::::: PreSendRequestContent Request called at 10/11/2018 9:58:54 PM   :::   21:58:54.0306930

::::::::::: BeginRequest Request called at 10/11/2018 9:59:03 PM   :::   21:59:03.5742432

::::::::::: AuthenticateRequest Request called at 10/11/2018 9:59:03 PM   :::   21:59:03.5797442

::::::::::: PostAuthenticateRequest Request called at 10/11/2018 9:59:03 PM   :::   21:59:03.5842448

::::::::::: AuthorizeRequest Request called at 10/11/2018 9:59:03 PM   :::   21:59:03.5892547

::::::::::: PostAuthorizeRequest Request called at 10/11/2018 9:59:03 PM   :::   21:59:03.5917448

::::::::::: End Request called at 10/11/2018 9:59:03 PM   :::   21:59:03.5982457

::::::::::: PostResolveRequestCache Request called at 10/11/2018 9:59:03 PM   :::   21:59:03.6042456

::::::::::: AcquireRequestState Request called at 10/11/2018 9:59:03 PM   :::   21:59:03.6072434

::::::::::: PostAcquireRequestState Request called at 10/11/2018 9:59:03 PM   :::   21:59:03.6097450

::::::::::: PreRequestHandlerExecute Request called at 10/11/2018 9:59:03 PM   :::   21:59:03.6142429

::::::::::: PreSendRequestContent Request called at 10/11/2018 9:59:16 PM   :::   21:59:16.2627904

::::::::::: PreSendRequestHeaders Request called at 10/11/2018 9:59:16 PM   :::   21:59:16.2637698

::::::::::: PostRequestHandlerExecute Request called at 10/11/2018 9:59:16 PM   :::   21:59:16.2837686

::::::::::: ReleaseRequestState Request called at 10/11/2018 9:59:16 PM   :::   21:59:16.2857760

::::::::::: PostReleaseRequestState Request called at 10/11/2018 9:59:16 PM   :::   21:59:16.2872753

::::::::::: UpdateRequestCache Request called at 10/11/2018 9:59:16 PM   :::   21:59:16.2892775

::::::::::: EndRequest Request called at 10/11/2018 9:59:16 PM   :::   21:59:16.2917763

::::::::::: PreSendRequestContent Request called at 10/11/2018 9:59:16 PM   :::   21:59:16.2952778

::::::::::: BeginRequest Request called at 10/11/2018 9:59:16 PM   :::   21:59:16.3902948

::::::::::: AuthenticateRequest Request called at 10/11/2018 9:59:16 PM   :::   21:59:16.3917929

::::::::::: PostAuthenticateRequest Request called at 10/11/2018 9:59:16 PM   :::   21:59:16.3937927

::::::::::: AuthorizeRequest Request called at 10/11/2018 9:59:16 PM   :::   21:59:16.3952944

::::::::::: PostAuthorizeRequest Request called at 10/11/2018 9:59:16 PM   :::   21:59:16.3967937

::::::::::: End Request called at 10/11/2018 9:59:16 PM   :::   21:59:16.3987967

::::::::::: PostResolveRequestCache Request called at 10/11/2018 9:59:16 PM   :::   21:59:16.3997927

::::::::::: AcquireRequestState Request called at 10/11/2018 9:59:16 PM   :::   21:59:16.4018051

::::::::::: PostAcquireRequestState Request called at 10/11/2018 9:59:16 PM   :::   21:59:16.4038093

::::::::::: PreRequestHandlerExecute Request called at 10/11/2018 9:59:16 PM   :::   21:59:16.4048235

::::::::::: PreSendRequestContent Request called at 10/11/2018 9:59:21 PM   :::   21:59:21.9359622

::::::::::: PreSendRequestHeaders Request called at 10/11/2018 9:59:21 PM   :::   21:59:21.9419573

::::::::::: PostRequestHandlerExecute Request called at 10/11/2018 9:59:21 PM   :::   21:59:21.9499622

::::::::::: ReleaseRequestState Request called at 10/11/2018 9:59:21 PM   :::   21:59:21.9559590

::::::::::: PostReleaseRequestState Request called at 10/11/2018 9:59:21 PM   :::   21:59:21.9639607

::::::::::: UpdateRequestCache Request called at 10/11/2018 9:59:21 PM   :::   21:59:21.9709606

::::::::::: EndRequest Request called at 10/11/2018 9:59:21 PM   :::   21:59:21.9789596

::::::::::: PreSendRequestContent Request called at 10/11/2018 9:59:21 PM   :::   21:59:21.9839548

::::::::::: BeginRequest Request called at 10/11/2018 9:59:37 PM   :::   21:59:37.9606171

::::::::::: AuthenticateRequest Request called at 10/11/2018 9:59:37 PM   :::   21:59:37.9636177

::::::::::: PostAuthenticateRequest Request called at 10/11/2018 9:59:37 PM   :::   21:59:37.9656171

::::::::::: AuthorizeRequest Request called at 10/11/2018 9:59:37 PM   :::   21:59:37.9676166

::::::::::: PostAuthorizeRequest Request called at 10/11/2018 9:59:37 PM   :::   21:59:37.9696160

::::::::::: End Request called at 10/11/2018 9:59:37 PM   :::   21:59:37.9706160

::::::::::: PostResolveRequestCache Request called at 10/11/2018 9:59:37 PM   :::   21:59:37.9726154

::::::::::: AcquireRequestState Request called at 10/11/2018 9:59:37 PM   :::   21:59:37.9746160

::::::::::: PostAcquireRequestState Request called at 10/11/2018 9:59:37 PM   :::   21:59:37.9766163

::::::::::: PreRequestHandlerExecute Request called at 10/11/2018 9:59:37 PM   :::   21:59:37.9786169

::::::::::: PreSendRequestContent Request called at 10/11/2018 9:59:50 PM   :::   21:59:50.7651244

::::::::::: PreSendRequestHeaders Request called at 10/11/2018 9:59:50 PM   :::   21:59:50.7671175

::::::::::: PostRequestHandlerExecute Request called at 10/11/2018 9:59:50 PM   :::   21:59:50.7851169

::::::::::: ReleaseRequestState Request called at 10/11/2018 9:59:50 PM   :::   21:59:50.7871168

::::::::::: PostReleaseRequestState Request called at 10/11/2018 9:59:50 PM   :::   21:59:50.7891154

::::::::::: UpdateRequestCache Request called at 10/11/2018 9:59:50 PM   :::   21:59:50.7921203

::::::::::: EndRequest Request called at 10/11/2018 9:59:50 PM   :::   21:59:50.7951177

::::::::::: PreSendRequestContent Request called at 10/11/2018 9:59:50 PM   :::   21:59:50.7981171

::::::::::: BeginRequest Request called at 10/11/2018 9:59:50 PM   :::   21:59:50.9021365

::::::::::: AuthenticateRequest Request called at 10/11/2018 9:59:50 PM   :::   21:59:50.9031400

::::::::::: PostAuthenticateRequest Request called at 10/11/2018 9:59:50 PM   :::   21:59:50.9051335

::::::::::: AuthorizeRequest Request called at 10/11/2018 9:59:50 PM   :::   21:59:50.9071346

::::::::::: PostAuthorizeRequest Request called at 10/11/2018 9:59:50 PM   :::   21:59:50.9091415

::::::::::: End Request called at 10/11/2018 9:59:50 PM   :::   21:59:50.9101367

::::::::::: PostResolveRequestCache Request called at 10/11/2018 9:59:50 PM   :::   21:59:50.9111378

::::::::::: AcquireRequestState Request called at 10/11/2018 9:59:50 PM   :::   21:59:50.9131345

::::::::::: PostAcquireRequestState Request called at 10/11/2018 9:59:50 PM   :::   21:59:50.9151371

::::::::::: PreRequestHandlerExecute Request called at 10/11/2018 9:59:50 PM   :::   21:59:50.9171377

::::::::::: PreSendRequestContent Request called at 10/11/2018 10:00:15 PM   :::   22:00:15.0668094

::::::::::: PreSendRequestHeaders Request called at 10/11/2018 10:00:15 PM   :::   22:00:15.0728109

::::::::::: PostRequestHandlerExecute Request called at 10/11/2018 10:00:15 PM   :::   22:00:15.0848083

::::::::::: ReleaseRequestState Request called at 10/11/2018 10:00:15 PM   :::   22:00:15.0898072

::::::::::: PostReleaseRequestState Request called at 10/11/2018 10:00:15 PM   :::   22:00:15.0958079

::::::::::: UpdateRequestCache Request called at 10/11/2018 10:00:15 PM   :::   22:00:15.1068094

::::::::::: EndRequest Request called at 10/11/2018 10:00:15 PM   :::   22:00:15.1118066

::::::::::: PreSendRequestContent Request called at 10/11/2018 10:00:15 PM   :::   22:00:15.1163195

::::::::::: BeginRequest Request called at 10/11/2018 10:15:43 PM   :::   22:15:43.1249359

::::::::::: AuthenticateRequest Request called at 10/11/2018 10:15:43 PM   :::   22:15:43.1294318

::::::::::: PostAuthenticateRequest Request called at 10/11/2018 10:15:43 PM   :::   22:15:43.1309351

::::::::::: AuthorizeRequest Request called at 10/11/2018 10:15:43 PM   :::   22:15:43.1319295

::::::::::: PostAuthorizeRequest Request called at 10/11/2018 10:15:43 PM   :::   22:15:43.1334288

::::::::::: End Request called at 10/11/2018 10:15:43 PM   :::   22:15:43.1349304

::::::::::: PostResolveRequestCache Request called at 10/11/2018 10:15:43 PM   :::   22:15:43.1369307

::::::::::: AcquireRequestState Request called at 10/11/2018 10:15:43 PM   :::   22:15:43.1384311

::::::::::: PostAcquireRequestState Request called at 10/11/2018 10:15:43 PM   :::   22:15:43.1399304

::::::::::: PreRequestHandlerExecute Request called at 10/11/2018 10:15:43 PM   :::   22:15:43.1404357

::::::::::: PreSendRequestContent Request called at 10/11/2018 10:15:48 PM   :::   22:15:48.5008898

::::::::::: PreSendRequestHeaders Request called at 10/11/2018 10:15:48 PM   :::   22:15:48.5018882

::::::::::: PostRequestHandlerExecute Request called at 10/11/2018 10:15:48 PM   :::   22:15:48.5138868

::::::::::: ReleaseRequestState Request called at 10/11/2018 10:15:48 PM   :::   22:15:48.5158894

::::::::::: PostReleaseRequestState Request called at 10/11/2018 10:15:48 PM   :::   22:15:48.5178881

::::::::::: UpdateRequestCache Request called at 10/11/2018 10:15:48 PM   :::   22:15:48.5198871

::::::::::: EndRequest Request called at 10/11/2018 10:15:48 PM   :::   22:15:48.5208926

::::::::::: PreSendRequestContent Request called at 10/11/2018 10:15:48 PM   :::   22:15:48.5228893

::::::::::: BeginRequest Request called at 10/11/2018 10:15:48 PM   :::   22:15:48.6039038

::::::::::: AuthenticateRequest Request called at 10/11/2018 10:15:48 PM   :::   22:15:48.6069048

::::::::::: PostAuthenticateRequest Request called at 10/11/2018 10:15:48 PM   :::   22:15:48.6099045

::::::::::: AuthorizeRequest Request called at 10/11/2018 10:15:48 PM   :::   22:15:48.6119068

::::::::::: PostAuthorizeRequest Request called at 10/11/2018 10:15:48 PM   :::   22:15:48.6139066

::::::::::: End Request called at 10/11/2018 10:15:48 PM   :::   22:15:48.6159088

::::::::::: PostResolveRequestCache Request called at 10/11/2018 10:15:48 PM   :::   22:15:48.6199061

::::::::::: AcquireRequestState Request called at 10/11/2018 10:15:48 PM   :::   22:15:48.6219040

::::::::::: PostAcquireRequestState Request called at 10/11/2018 10:15:48 PM   :::   22:15:48.6249057

::::::::::: PreRequestHandlerExecute Request called at 10/11/2018 10:15:48 PM   :::   22:15:48.6269028

