::::::::::: BeginRequest Request called at 11/6/2018 8:20:16 PM   :::   20:20:16.0068466

::::::::::: AuthenticateRequest Request called at 11/6/2018 8:20:16 PM   :::   20:20:16.0243478

::::::::::: PostAuthenticateRequest Request called at 11/6/2018 8:20:16 PM   :::   20:20:16.0298460

::::::::::: AuthorizeRequest Request called at 11/6/2018 8:20:16 PM   :::   20:20:16.0323456

::::::::::: PostAuthorizeRequest Request called at 11/6/2018 8:20:16 PM   :::   20:20:16.0358506

::::::::::: End Request called at 11/6/2018 8:20:16 PM   :::   20:20:16.0428469

::::::::::: PostResolveRequestCache Request called at 11/6/2018 8:20:16 PM   :::   20:20:16.0968474

::::::::::: AcquireRequestState Request called at 11/6/2018 8:20:16 PM   :::   20:20:16.1253462

::::::::::: PostAcquireRequestState Request called at 11/6/2018 8:20:16 PM   :::   20:20:16.1288445

::::::::::: PreRequestHandlerExecute Request called at 11/6/2018 8:20:16 PM   :::   20:20:16.1308459

::::::::::: PostRequestHandlerExecute Request called at 11/6/2018 8:20:18 PM   :::   20:20:18.0618462

::::::::::: ReleaseRequestState Request called at 11/6/2018 8:20:18 PM   :::   20:20:18.0638469

::::::::::: PostReleaseRequestState Request called at 11/6/2018 8:20:18 PM   :::   20:20:18.0678469

::::::::::: UpdateRequestCache Request called at 11/6/2018 8:20:18 PM   :::   20:20:18.1218502

::::::::::: EndRequest Request called at 11/6/2018 8:20:18 PM   :::   20:20:18.1258463

::::::::::: PreSendRequestContent Request called at 11/6/2018 8:20:18 PM   :::   20:20:18.1353651

::::::::::: PreSendRequestHeaders Request called at 11/6/2018 8:20:18 PM   :::   20:20:18.1373460

::::::::::: BeginRequest Request called at 11/6/2018 8:20:25 PM   :::   20:20:25.6290812

::::::::::: AuthenticateRequest Request called at 11/6/2018 8:20:25 PM   :::   20:20:25.6305809

::::::::::: PostAuthenticateRequest Request called at 11/6/2018 8:20:25 PM   :::   20:20:25.6320809

::::::::::: AuthorizeRequest Request called at 11/6/2018 8:20:25 PM   :::   20:20:25.6355813

::::::::::: PostAuthorizeRequest Request called at 11/6/2018 8:20:25 PM   :::   20:20:25.6375827

::::::::::: End Request called at 11/6/2018 8:20:25 PM   :::   20:20:25.6405820

::::::::::: PostResolveRequestCache Request called at 11/6/2018 8:20:25 PM   :::   20:20:25.6500815

::::::::::: AcquireRequestState Request called at 11/6/2018 8:20:25 PM   :::   20:20:25.6520821

::::::::::: PostAcquireRequestState Request called at 11/6/2018 8:20:25 PM   :::   20:20:25.6535810

::::::::::: PreRequestHandlerExecute Request called at 11/6/2018 8:20:25 PM   :::   20:20:25.6550807

::::::::::: PostRequestHandlerExecute Request called at 11/6/2018 8:20:25 PM   :::   20:20:25.8175827

::::::::::: ReleaseRequestState Request called at 11/6/2018 8:20:25 PM   :::   20:20:25.8195830

::::::::::: PostReleaseRequestState Request called at 11/6/2018 8:20:25 PM   :::   20:20:25.8215824

::::::::::: UpdateRequestCache Request called at 11/6/2018 8:20:25 PM   :::   20:20:25.8235823

::::::::::: EndRequest Request called at 11/6/2018 8:20:25 PM   :::   20:20:25.8255829

::::::::::: PreSendRequestContent Request called at 11/6/2018 8:20:25 PM   :::   20:20:25.8275835

::::::::::: PreSendRequestHeaders Request called at 11/6/2018 8:20:25 PM   :::   20:20:25.8305825

::::::::::: BeginRequest Request called at 11/6/2018 8:20:25 PM   :::   20:20:25.8445826

::::::::::: AuthenticateRequest Request called at 11/6/2018 8:20:25 PM   :::   20:20:25.8470838

::::::::::: PostAuthenticateRequest Request called at 11/6/2018 8:20:25 PM   :::   20:20:25.8525808

::::::::::: AuthorizeRequest Request called at 11/6/2018 8:20:25 PM   :::   20:20:25.8560807

::::::::::: PostAuthorizeRequest Request called at 11/6/2018 8:20:25 PM   :::   20:20:25.8595810

::::::::::: End Request called at 11/6/2018 8:20:25 PM   :::   20:20:25.8635823

::::::::::: PostResolveRequestCache Request called at 11/6/2018 8:20:25 PM   :::   20:20:25.8675828

::::::::::: AcquireRequestState Request called at 11/6/2018 8:20:25 PM   :::   20:20:25.8700824

::::::::::: PostAcquireRequestState Request called at 11/6/2018 8:20:25 PM   :::   20:20:25.8720810

::::::::::: PreRequestHandlerExecute Request called at 11/6/2018 8:20:25 PM   :::   20:20:25.8915829

::::::::::: BeginRequest Request called at 11/6/2018 8:20:44 PM   :::   20:20:44.3940270

::::::::::: AuthenticateRequest Request called at 11/6/2018 8:20:44 PM   :::   20:20:44.3960284

::::::::::: PostAuthenticateRequest Request called at 11/6/2018 8:20:44 PM   :::   20:20:44.3975265

::::::::::: AuthorizeRequest Request called at 11/6/2018 8:20:44 PM   :::   20:20:44.3995272

::::::::::: PostAuthorizeRequest Request called at 11/6/2018 8:20:44 PM   :::   20:20:44.4010261

::::::::::: End Request called at 11/6/2018 8:20:44 PM   :::   20:20:44.4030263

::::::::::: PostResolveRequestCache Request called at 11/6/2018 8:20:44 PM   :::   20:20:44.4050261

::::::::::: AcquireRequestState Request called at 11/6/2018 8:20:44 PM   :::   20:20:44.4075257

::::::::::: PostAcquireRequestState Request called at 11/6/2018 8:20:44 PM   :::   20:20:44.4090262

::::::::::: PreRequestHandlerExecute Request called at 11/6/2018 8:20:44 PM   :::   20:20:44.4115286

::::::::::: PostRequestHandlerExecute Request called at 11/6/2018 8:20:44 PM   :::   20:20:44.4140258

::::::::::: ReleaseRequestState Request called at 11/6/2018 8:20:44 PM   :::   20:20:44.4155267

::::::::::: PostReleaseRequestState Request called at 11/6/2018 8:20:44 PM   :::   20:20:44.4170268

::::::::::: UpdateRequestCache Request called at 11/6/2018 8:20:44 PM   :::   20:20:44.4185245

::::::::::: EndRequest Request called at 11/6/2018 8:20:44 PM   :::   20:20:44.4200246

::::::::::: PreSendRequestContent Request called at 11/6/2018 8:20:44 PM   :::   20:20:44.4220268

::::::::::: PreSendRequestHeaders Request called at 11/6/2018 8:20:44 PM   :::   20:20:44.4235265

::::::::::: BeginRequest Request called at 11/6/2018 8:20:44 PM   :::   20:20:44.4845288

::::::::::: AuthenticateRequest Request called at 11/6/2018 8:20:44 PM   :::   20:20:44.4860273

::::::::::: PostAuthenticateRequest Request called at 11/6/2018 8:20:44 PM   :::   20:20:44.4880263

::::::::::: AuthorizeRequest Request called at 11/6/2018 8:20:44 PM   :::   20:20:44.4905267

::::::::::: PostAuthorizeRequest Request called at 11/6/2018 8:20:44 PM   :::   20:20:44.4920268

::::::::::: End Request called at 11/6/2018 8:20:44 PM   :::   20:20:44.4935269

::::::::::: PostResolveRequestCache Request called at 11/6/2018 8:20:44 PM   :::   20:20:44.4955267

::::::::::: AcquireRequestState Request called at 11/6/2018 8:20:44 PM   :::   20:20:44.4975266

::::::::::: PostAcquireRequestState Request called at 11/6/2018 8:20:44 PM   :::   20:20:44.4990270

::::::::::: PreRequestHandlerExecute Request called at 11/6/2018 8:20:44 PM   :::   20:20:44.5010269

::::::::::: PostRequestHandlerExecute Request called at 11/6/2018 8:21:01 PM   :::   20:21:01.9543865

::::::::::: ReleaseRequestState Request called at 11/6/2018 8:21:01 PM   :::   20:21:01.9558881

::::::::::: PostReleaseRequestState Request called at 11/6/2018 8:21:01 PM   :::   20:21:01.9583877

::::::::::: UpdateRequestCache Request called at 11/6/2018 8:21:01 PM   :::   20:21:01.9613887

::::::::::: EndRequest Request called at 11/6/2018 8:21:01 PM   :::   20:21:01.9628864

::::::::::: PostRequestHandlerExecute Request called at 11/6/2018 8:21:02 PM   :::   20:21:02.2948863

::::::::::: ReleaseRequestState Request called at 11/6/2018 8:21:02 PM   :::   20:21:02.2958878

::::::::::: PostReleaseRequestState Request called at 11/6/2018 8:21:02 PM   :::   20:21:02.2973871

::::::::::: UpdateRequestCache Request called at 11/6/2018 8:21:02 PM   :::   20:21:02.2988876

::::::::::: EndRequest Request called at 11/6/2018 8:21:02 PM   :::   20:21:02.3003885

::::::::::: BeginRequest Request called at 11/6/2018 8:21:23 PM   :::   20:21:23.6942434

::::::::::: AuthenticateRequest Request called at 11/6/2018 8:21:23 PM   :::   20:21:23.6962417

::::::::::: PostAuthenticateRequest Request called at 11/6/2018 8:21:23 PM   :::   20:21:23.6982412

::::::::::: AuthorizeRequest Request called at 11/6/2018 8:21:23 PM   :::   20:21:23.6997408

::::::::::: PostAuthorizeRequest Request called at 11/6/2018 8:21:23 PM   :::   20:21:23.7027410

::::::::::: End Request called at 11/6/2018 8:21:23 PM   :::   20:21:23.7047416

::::::::::: PostResolveRequestCache Request called at 11/6/2018 8:21:23 PM   :::   20:21:23.7067423

::::::::::: AcquireRequestState Request called at 11/6/2018 8:21:23 PM   :::   20:21:23.7082412

::::::::::: PostAcquireRequestState Request called at 11/6/2018 8:21:23 PM   :::   20:21:23.7112413

::::::::::: PreRequestHandlerExecute Request called at 11/6/2018 8:21:23 PM   :::   20:21:23.7127406

::::::::::: PostRequestHandlerExecute Request called at 11/6/2018 8:21:23 PM   :::   20:21:23.7602414

::::::::::: ReleaseRequestState Request called at 11/6/2018 8:21:23 PM   :::   20:21:23.7747436

::::::::::: PostReleaseRequestState Request called at 11/6/2018 8:21:23 PM   :::   20:21:23.7807412

::::::::::: UpdateRequestCache Request called at 11/6/2018 8:21:23 PM   :::   20:21:23.7882412

::::::::::: EndRequest Request called at 11/6/2018 8:21:23 PM   :::   20:21:23.7932416

::::::::::: PreSendRequestContent Request called at 11/6/2018 8:21:23 PM   :::   20:21:23.7947417

::::::::::: PreSendRequestHeaders Request called at 11/6/2018 8:21:23 PM   :::   20:21:23.8012414

::::::::::: BeginRequest Request called at 11/6/2018 8:21:24 PM   :::   20:21:24.4282446

::::::::::: AuthenticateRequest Request called at 11/6/2018 8:21:24 PM   :::   20:21:24.4302429

::::::::::: PostAuthenticateRequest Request called at 11/6/2018 8:21:24 PM   :::   20:21:24.4322459

::::::::::: AuthorizeRequest Request called at 11/6/2018 8:21:24 PM   :::   20:21:24.4402413

::::::::::: PostAuthorizeRequest Request called at 11/6/2018 8:21:24 PM   :::   20:21:24.4427429

::::::::::: End Request called at 11/6/2018 8:21:24 PM   :::   20:21:24.4452468

::::::::::: PostResolveRequestCache Request called at 11/6/2018 8:21:24 PM   :::   20:21:24.4477417

::::::::::: AcquireRequestState Request called at 11/6/2018 8:21:24 PM   :::   20:21:24.4492410

::::::::::: PostAcquireRequestState Request called at 11/6/2018 8:21:24 PM   :::   20:21:24.4527409

::::::::::: PreRequestHandlerExecute Request called at 11/6/2018 8:21:24 PM   :::   20:21:24.4547423

::::::::::: PostRequestHandlerExecute Request called at 11/6/2018 8:22:11 PM   :::   20:22:11.0858538

::::::::::: ReleaseRequestState Request called at 11/6/2018 8:22:11 PM   :::   20:22:11.0873523

::::::::::: PostReleaseRequestState Request called at 11/6/2018 8:22:11 PM   :::   20:22:11.0893537

::::::::::: UpdateRequestCache Request called at 11/6/2018 8:22:11 PM   :::   20:22:11.0908534

::::::::::: EndRequest Request called at 11/6/2018 8:22:11 PM   :::   20:22:11.0923527

::::::::::: PreSendRequestContent Request called at 11/6/2018 8:22:11 PM   :::   20:22:11.0933542

::::::::::: PreSendRequestHeaders Request called at 11/6/2018 8:22:11 PM   :::   20:22:11.0943561

::::::::::: BeginRequest Request called at 11/6/2018 8:30:57 PM   :::   20:30:57.2324112

::::::::::: AuthenticateRequest Request called at 11/6/2018 8:30:57 PM   :::   20:30:57.2344126

::::::::::: PostAuthenticateRequest Request called at 11/6/2018 8:30:57 PM   :::   20:30:57.2359127

::::::::::: AuthorizeRequest Request called at 11/6/2018 8:30:57 PM   :::   20:30:57.2374108

::::::::::: PostAuthorizeRequest Request called at 11/6/2018 8:30:57 PM   :::   20:30:57.2389101

::::::::::: End Request called at 11/6/2018 8:30:57 PM   :::   20:30:57.2414121

::::::::::: PostResolveRequestCache Request called at 11/6/2018 8:30:57 PM   :::   20:30:57.2429110

::::::::::: AcquireRequestState Request called at 11/6/2018 8:30:57 PM   :::   20:30:57.2444103

::::::::::: PostAcquireRequestState Request called at 11/6/2018 8:30:57 PM   :::   20:30:57.2454106

::::::::::: PreRequestHandlerExecute Request called at 11/6/2018 8:30:57 PM   :::   20:30:57.2469103

::::::::::: PreSendRequestContent Request called at 11/6/2018 8:31:29 PM   :::   20:31:29.0343332

::::::::::: PreSendRequestHeaders Request called at 11/6/2018 8:31:29 PM   :::   20:31:29.0373294

::::::::::: PostRequestHandlerExecute Request called at 11/6/2018 8:31:29 PM   :::   20:31:29.0543277

::::::::::: ReleaseRequestState Request called at 11/6/2018 8:31:29 PM   :::   20:31:29.0558278

::::::::::: PostReleaseRequestState Request called at 11/6/2018 8:31:29 PM   :::   20:31:29.0583281

::::::::::: UpdateRequestCache Request called at 11/6/2018 8:31:29 PM   :::   20:31:29.0608285

::::::::::: EndRequest Request called at 11/6/2018 8:31:29 PM   :::   20:31:29.0628288

::::::::::: PreSendRequestContent Request called at 11/6/2018 8:31:29 PM   :::   20:31:29.0648310

::::::::::: BeginRequest Request called at 11/6/2018 8:31:29 PM   :::   20:31:29.3813272

::::::::::: AuthenticateRequest Request called at 11/6/2018 8:31:29 PM   :::   20:31:29.3828273

::::::::::: PostAuthenticateRequest Request called at 11/6/2018 8:31:29 PM   :::   20:31:29.3848284

::::::::::: AuthorizeRequest Request called at 11/6/2018 8:31:29 PM   :::   20:31:29.3863276

::::::::::: PostAuthorizeRequest Request called at 11/6/2018 8:31:29 PM   :::   20:31:29.3878277

::::::::::: End Request called at 11/6/2018 8:31:29 PM   :::   20:31:29.3898284

::::::::::: PostResolveRequestCache Request called at 11/6/2018 8:31:29 PM   :::   20:31:29.3913273

::::::::::: AcquireRequestState Request called at 11/6/2018 8:31:29 PM   :::   20:31:29.3933279

::::::::::: PostAcquireRequestState Request called at 11/6/2018 8:31:29 PM   :::   20:31:29.3948272

::::::::::: PreRequestHandlerExecute Request called at 11/6/2018 8:31:29 PM   :::   20:31:29.3958259

::::::::::: PreSendRequestContent Request called at 11/6/2018 8:31:33 PM   :::   20:31:33.1244785

::::::::::: PreSendRequestHeaders Request called at 11/6/2018 8:31:33 PM   :::   20:31:33.1264783

::::::::::: PostRequestHandlerExecute Request called at 11/6/2018 8:31:33 PM   :::   20:31:33.1299783

::::::::::: ReleaseRequestState Request called at 11/6/2018 8:31:33 PM   :::   20:31:33.1324779

::::::::::: PostReleaseRequestState Request called at 11/6/2018 8:31:33 PM   :::   20:31:33.1349783

::::::::::: UpdateRequestCache Request called at 11/6/2018 8:31:33 PM   :::   20:31:33.1369769

::::::::::: EndRequest Request called at 11/6/2018 8:31:33 PM   :::   20:31:33.1404808

::::::::::: PreSendRequestContent Request called at 11/6/2018 8:31:33 PM   :::   20:31:33.1429772

::::::::::: BeginRequest Request called at 11/6/2018 8:34:28 PM   :::   20:34:28.2883231

::::::::::: AuthenticateRequest Request called at 11/6/2018 8:34:28 PM   :::   20:34:28.2943278

::::::::::: PostAuthenticateRequest Request called at 11/6/2018 8:34:28 PM   :::   20:34:28.2968274

::::::::::: AuthorizeRequest Request called at 11/6/2018 8:34:28 PM   :::   20:34:28.3003253

::::::::::: PostAuthorizeRequest Request called at 11/6/2018 8:34:28 PM   :::   20:34:28.3033247

::::::::::: End Request called at 11/6/2018 8:34:28 PM   :::   20:34:28.3058263

::::::::::: PostResolveRequestCache Request called at 11/6/2018 8:34:28 PM   :::   20:34:28.3098252

::::::::::: AcquireRequestState Request called at 11/6/2018 8:34:28 PM   :::   20:34:28.3138252

::::::::::: PostAcquireRequestState Request called at 11/6/2018 8:34:28 PM   :::   20:34:28.3198264

::::::::::: PreRequestHandlerExecute Request called at 11/6/2018 8:34:28 PM   :::   20:34:28.3233259

::::::::::: PreSendRequestContent Request called at 11/6/2018 8:34:49 PM   :::   20:34:49.4599689

::::::::::: PreSendRequestHeaders Request called at 11/6/2018 8:34:49 PM   :::   20:34:49.4619676

::::::::::: PostRequestHandlerExecute Request called at 11/6/2018 8:34:49 PM   :::   20:34:49.4829640

::::::::::: ReleaseRequestState Request called at 11/6/2018 8:34:49 PM   :::   20:34:49.4854667

::::::::::: PostReleaseRequestState Request called at 11/6/2018 8:34:49 PM   :::   20:34:49.4894680

::::::::::: UpdateRequestCache Request called at 11/6/2018 8:34:49 PM   :::   20:34:49.4984653

::::::::::: EndRequest Request called at 11/6/2018 8:34:49 PM   :::   20:34:49.5019656

::::::::::: PreSendRequestContent Request called at 11/6/2018 8:34:49 PM   :::   20:34:49.5044652

::::::::::: BeginRequest Request called at 11/6/2018 8:34:49 PM   :::   20:34:49.5779644

::::::::::: AuthenticateRequest Request called at 11/6/2018 8:34:49 PM   :::   20:34:49.5799638

::::::::::: PostAuthenticateRequest Request called at 11/6/2018 8:34:49 PM   :::   20:34:49.5819649

::::::::::: AuthorizeRequest Request called at 11/6/2018 8:34:49 PM   :::   20:34:49.5834649

::::::::::: PostAuthorizeRequest Request called at 11/6/2018 8:34:49 PM   :::   20:34:49.5849662

::::::::::: End Request called at 11/6/2018 8:34:49 PM   :::   20:34:49.5864667

::::::::::: PostResolveRequestCache Request called at 11/6/2018 8:34:49 PM   :::   20:34:49.5884657

::::::::::: AcquireRequestState Request called at 11/6/2018 8:34:49 PM   :::   20:34:49.5904656

::::::::::: PostAcquireRequestState Request called at 11/6/2018 8:34:49 PM   :::   20:34:49.5919657

::::::::::: PreRequestHandlerExecute Request called at 11/6/2018 8:34:49 PM   :::   20:34:49.5929652

::::::::::: PreSendRequestContent Request called at 11/6/2018 8:34:52 PM   :::   20:34:52.7939273

::::::::::: PreSendRequestHeaders Request called at 11/6/2018 8:34:52 PM   :::   20:34:52.7964269

::::::::::: PostRequestHandlerExecute Request called at 11/6/2018 8:34:52 PM   :::   20:34:52.8004289

::::::::::: ReleaseRequestState Request called at 11/6/2018 8:34:52 PM   :::   20:34:52.8029278

::::::::::: PostReleaseRequestState Request called at 11/6/2018 8:34:52 PM   :::   20:34:52.8059275

::::::::::: UpdateRequestCache Request called at 11/6/2018 8:34:52 PM   :::   20:34:52.8084271

::::::::::: EndRequest Request called at 11/6/2018 8:34:52 PM   :::   20:34:52.8104274

::::::::::: PreSendRequestContent Request called at 11/6/2018 8:34:52 PM   :::   20:34:52.8129270

::::::::::: BeginRequest Request called at 11/6/2018 8:42:15 PM   :::   20:42:15.7150255

::::::::::: AuthenticateRequest Request called at 11/6/2018 8:42:15 PM   :::   20:42:15.7250259

::::::::::: PostAuthenticateRequest Request called at 11/6/2018 8:42:15 PM   :::   20:42:15.7310286

::::::::::: AuthorizeRequest Request called at 11/6/2018 8:42:15 PM   :::   20:42:15.7360262

::::::::::: PostAuthorizeRequest Request called at 11/6/2018 8:42:15 PM   :::   20:42:15.7415244

::::::::::: End Request called at 11/6/2018 8:42:15 PM   :::   20:42:15.7450255

::::::::::: PostResolveRequestCache Request called at 11/6/2018 8:42:15 PM   :::   20:42:15.7490244

::::::::::: AcquireRequestState Request called at 11/6/2018 8:42:15 PM   :::   20:42:15.7530256

::::::::::: PostAcquireRequestState Request called at 11/6/2018 8:42:15 PM   :::   20:42:15.7565236

::::::::::: PreRequestHandlerExecute Request called at 11/6/2018 8:42:15 PM   :::   20:42:15.7620245

::::::::::: PreSendRequestContent Request called at 11/6/2018 8:43:38 PM   :::   20:43:38.4470560

::::::::::: PreSendRequestHeaders Request called at 11/6/2018 8:43:38 PM   :::   20:43:38.4495532

::::::::::: PostRequestHandlerExecute Request called at 11/6/2018 8:43:38 PM   :::   20:43:38.4735569

::::::::::: ReleaseRequestState Request called at 11/6/2018 8:43:38 PM   :::   20:43:38.4750558

::::::::::: PostReleaseRequestState Request called at 11/6/2018 8:43:38 PM   :::   20:43:38.4800554

::::::::::: UpdateRequestCache Request called at 11/6/2018 8:43:38 PM   :::   20:43:38.4820544

::::::::::: EndRequest Request called at 11/6/2018 8:43:38 PM   :::   20:43:38.4835549

::::::::::: PreSendRequestContent Request called at 11/6/2018 8:43:38 PM   :::   20:43:38.4855547

::::::::::: BeginRequest Request called at 11/6/2018 8:43:38 PM   :::   20:43:38.5920584

::::::::::: AuthenticateRequest Request called at 11/6/2018 8:43:38 PM   :::   20:43:38.5935561

::::::::::: PostAuthenticateRequest Request called at 11/6/2018 8:43:38 PM   :::   20:43:38.6005556

::::::::::: AuthorizeRequest Request called at 11/6/2018 8:43:38 PM   :::   20:43:38.6020549

::::::::::: PostAuthorizeRequest Request called at 11/6/2018 8:43:38 PM   :::   20:43:38.6040579

::::::::::: End Request called at 11/6/2018 8:43:38 PM   :::   20:43:38.6055564

::::::::::: PostResolveRequestCache Request called at 11/6/2018 8:43:38 PM   :::   20:43:38.6080560

::::::::::: AcquireRequestState Request called at 11/6/2018 8:43:38 PM   :::   20:43:38.6095572

::::::::::: PostAcquireRequestState Request called at 11/6/2018 8:43:38 PM   :::   20:43:38.6120572

::::::::::: PreRequestHandlerExecute Request called at 11/6/2018 8:43:38 PM   :::   20:43:38.6135581

::::::::::: PreSendRequestContent Request called at 11/6/2018 8:43:48 PM   :::   20:43:48.8298021

::::::::::: PreSendRequestHeaders Request called at 11/6/2018 8:43:48 PM   :::   20:43:48.8322808

::::::::::: PostRequestHandlerExecute Request called at 11/6/2018 8:43:48 PM   :::   20:43:48.8352837

::::::::::: ReleaseRequestState Request called at 11/6/2018 8:43:48 PM   :::   20:43:48.8382838

::::::::::: PostReleaseRequestState Request called at 11/6/2018 8:43:48 PM   :::   20:43:48.8402841

::::::::::: UpdateRequestCache Request called at 11/6/2018 8:43:48 PM   :::   20:43:48.8417826

::::::::::: EndRequest Request called at 11/6/2018 8:43:48 PM   :::   20:43:48.8447831

::::::::::: PreSendRequestContent Request called at 11/6/2018 8:43:48 PM   :::   20:43:48.8492834

::::::::::: BeginRequest Request called at 11/6/2018 8:46:41 PM   :::   20:46:41.5935814

::::::::::: AuthenticateRequest Request called at 11/6/2018 8:46:41 PM   :::   20:46:41.5955805

::::::::::: PostAuthenticateRequest Request called at 11/6/2018 8:46:41 PM   :::   20:46:41.5970801

::::::::::: AuthorizeRequest Request called at 11/6/2018 8:46:41 PM   :::   20:46:41.6035818

::::::::::: PostAuthorizeRequest Request called at 11/6/2018 8:46:41 PM   :::   20:46:41.6055805

::::::::::: End Request called at 11/6/2018 8:46:41 PM   :::   20:46:41.6075815

::::::::::: PostResolveRequestCache Request called at 11/6/2018 8:46:41 PM   :::   20:46:41.6145821

::::::::::: AcquireRequestState Request called at 11/6/2018 8:46:41 PM   :::   20:46:41.6170797

::::::::::: PostAcquireRequestState Request called at 11/6/2018 8:46:41 PM   :::   20:46:41.6195805

::::::::::: PreRequestHandlerExecute Request called at 11/6/2018 8:46:41 PM   :::   20:46:41.6225846

::::::::::: PreSendRequestContent Request called at 11/6/2018 8:47:06 PM   :::   20:47:06.3469356

::::::::::: PreSendRequestHeaders Request called at 11/6/2018 8:47:06 PM   :::   20:47:06.3494348

::::::::::: PostRequestHandlerExecute Request called at 11/6/2018 8:47:06 PM   :::   20:47:06.3849341

::::::::::: ReleaseRequestState Request called at 11/6/2018 8:47:06 PM   :::   20:47:06.3874349

::::::::::: PostReleaseRequestState Request called at 11/6/2018 8:47:06 PM   :::   20:47:06.3899365

::::::::::: UpdateRequestCache Request called at 11/6/2018 8:47:06 PM   :::   20:47:06.3929359

::::::::::: EndRequest Request called at 11/6/2018 8:47:06 PM   :::   20:47:06.3954351

::::::::::: PreSendRequestContent Request called at 11/6/2018 8:47:06 PM   :::   20:47:06.3979363

::::::::::: BeginRequest Request called at 11/6/2018 8:47:06 PM   :::   20:47:06.4779379

::::::::::: AuthenticateRequest Request called at 11/6/2018 8:47:06 PM   :::   20:47:06.4794344

::::::::::: PostAuthenticateRequest Request called at 11/6/2018 8:47:06 PM   :::   20:47:06.4814351

::::::::::: AuthorizeRequest Request called at 11/6/2018 8:47:06 PM   :::   20:47:06.4829355

::::::::::: PostAuthorizeRequest Request called at 11/6/2018 8:47:06 PM   :::   20:47:06.4844352

::::::::::: End Request called at 11/6/2018 8:47:06 PM   :::   20:47:06.4859369

::::::::::: PostResolveRequestCache Request called at 11/6/2018 8:47:06 PM   :::   20:47:06.4879359

::::::::::: AcquireRequestState Request called at 11/6/2018 8:47:06 PM   :::   20:47:06.4894360

::::::::::: PostAcquireRequestState Request called at 11/6/2018 8:47:06 PM   :::   20:47:06.4914362

::::::::::: PreRequestHandlerExecute Request called at 11/6/2018 8:47:06 PM   :::   20:47:06.4934361

::::::::::: PreSendRequestContent Request called at 11/6/2018 8:47:09 PM   :::   20:47:09.5873754

::::::::::: PreSendRequestHeaders Request called at 11/6/2018 8:47:09 PM   :::   20:47:09.5943788

::::::::::: PostRequestHandlerExecute Request called at 11/6/2018 8:47:09 PM   :::   20:47:09.5993760

::::::::::: ReleaseRequestState Request called at 11/6/2018 8:47:09 PM   :::   20:47:09.6033765

::::::::::: PostReleaseRequestState Request called at 11/6/2018 8:47:09 PM   :::   20:47:09.6078768

::::::::::: UpdateRequestCache Request called at 11/6/2018 8:47:09 PM   :::   20:47:09.6118768

::::::::::: EndRequest Request called at 11/6/2018 8:47:09 PM   :::   20:47:09.6163771

::::::::::: PreSendRequestContent Request called at 11/6/2018 8:47:09 PM   :::   20:47:09.6228768

