::::::::::: BeginRequest Request called at 09-01-2019 06:02:09 PM   :::   18:02:09.4602974

::::::::::: AuthenticateRequest Request called at 09-01-2019 06:02:09 PM   :::   18:02:09.4913012

::::::::::: PostAuthenticateRequest Request called at 09-01-2019 06:02:09 PM   :::   18:02:09.5332824

::::::::::: AuthorizeRequest Request called at 09-01-2019 06:02:09 PM   :::   18:02:09.5423178

::::::::::: PostAuthorizeRequest Request called at 09-01-2019 06:02:09 PM   :::   18:02:09.5433043

::::::::::: End Request called at 09-01-2019 06:02:09 PM   :::   18:02:09.5512795

::::::::::: PostResolveRequestCache Request called at 09-01-2019 06:02:09 PM   :::   18:02:09.6232653

::::::::::: AcquireRequestState Request called at 09-01-2019 06:02:09 PM   :::   18:02:09.6382695

::::::::::: PostAcquireRequestState Request called at 09-01-2019 06:02:09 PM   :::   18:02:09.6402648

::::::::::: PreRequestHandlerExecute Request called at 09-01-2019 06:02:09 PM   :::   18:02:09.6413081

::::::::::: PostRequestHandlerExecute Request called at 09-01-2019 06:02:12 PM   :::   18:02:12.2847354

::::::::::: ReleaseRequestState Request called at 09-01-2019 06:02:12 PM   :::   18:02:12.2877402

::::::::::: PostReleaseRequestState Request called at 09-01-2019 06:02:12 PM   :::   18:02:12.2967374

::::::::::: UpdateRequestCache Request called at 09-01-2019 06:02:12 PM   :::   18:02:12.3007344

::::::::::: EndRequest Request called at 09-01-2019 06:02:12 PM   :::   18:02:12.3047342

::::::::::: PreSendRequestContent Request called at 09-01-2019 06:02:12 PM   :::   18:02:12.3137308

::::::::::: PreSendRequestHeaders Request called at 09-01-2019 06:02:12 PM   :::   18:02:12.3147310

::::::::::: BeginRequest Request called at 09-01-2019 06:02:12 PM   :::   18:02:12.3637248

::::::::::: AuthenticateRequest Request called at 09-01-2019 06:02:12 PM   :::   18:02:12.3667446

::::::::::: PostAuthenticateRequest Request called at 09-01-2019 06:02:12 PM   :::   18:02:12.3717238

::::::::::: AuthorizeRequest Request called at 09-01-2019 06:02:12 PM   :::   18:02:12.3757232

::::::::::: PostAuthorizeRequest Request called at 09-01-2019 06:02:12 PM   :::   18:02:12.3767222

::::::::::: End Request called at 09-01-2019 06:02:12 PM   :::   18:02:12.3787226

::::::::::: PostResolveRequestCache Request called at 09-01-2019 06:02:12 PM   :::   18:02:12.3797237

::::::::::: AcquireRequestState Request called at 09-01-2019 06:02:12 PM   :::   18:02:12.3887212

::::::::::: BeginRequest Request called at 09-01-2019 06:02:12 PM   :::   18:02:12.3907209

::::::::::: PostAcquireRequestState Request called at 09-01-2019 06:02:12 PM   :::   18:02:12.3907209

::::::::::: BeginRequest Request called at 09-01-2019 06:02:12 PM   :::   18:02:12.3937179

::::::::::: PreRequestHandlerExecute Request called at 09-01-2019 06:02:12 PM   :::   18:02:12.3937179

::::::::::: AuthenticateRequest Request called at 09-01-2019 06:02:12 PM   :::   18:02:12.4317079

::::::::::: BeginRequest Request called at 09-01-2019 06:02:12 PM   :::   18:02:12.4317079

::::::::::: PostAuthenticateRequest Request called at 09-01-2019 06:02:12 PM   :::   18:02:12.4317079

::::::::::: AuthenticateRequest Request called at 09-01-2019 06:02:12 PM   :::   18:02:12.4347074

::::::::::: PostRequestHandlerExecute Request called at 09-01-2019 06:02:12 PM   :::   18:02:12.4357247

::::::::::: ReleaseRequestState Request called at 09-01-2019 06:02:12 PM   :::   18:02:12.4367224

::::::::::: PostAuthenticateRequest Request called at 09-01-2019 06:02:12 PM   :::   18:02:12.4387193

::::::::::: PostReleaseRequestState Request called at 09-01-2019 06:02:12 PM   :::   18:02:12.4387193

::::::::::: PostAuthenticateRequest Request called at 09-01-2019 06:02:12 PM   :::   18:02:12.4397187

::::::::::: UpdateRequestCache Request called at 09-01-2019 06:02:12 PM   :::   18:02:12.4467171

::::::::::: AuthorizeRequest Request called at 09-01-2019 06:02:12 PM   :::   18:02:12.4477193

::::::::::: EndRequest Request called at 09-01-2019 06:02:12 PM   :::   18:02:12.4487183

::::::::::: PostAuthorizeRequest Request called at 09-01-2019 06:02:12 PM   :::   18:02:12.4487183

::::::::::: PostAuthorizeRequest Request called at 09-01-2019 06:02:12 PM   :::   18:02:12.4567033

::::::::::: End Request called at 09-01-2019 06:02:12 PM   :::   18:02:12.4587057

::::::::::: PreSendRequestContent Request called at 09-01-2019 06:02:12 PM   :::   18:02:12.4587057

::::::::::: End Request called at 09-01-2019 06:02:12 PM   :::   18:02:12.4597073

::::::::::: PostResolveRequestCache Request called at 09-01-2019 06:02:12 PM   :::   18:02:12.4667037

::::::::::: AcquireRequestState Request called at 09-01-2019 06:02:12 PM   :::   18:02:12.4687036

::::::::::: PostAcquireRequestState Request called at 09-01-2019 06:02:12 PM   :::   18:02:12.4766980

::::::::::: PreRequestHandlerExecute Request called at 09-01-2019 06:02:12 PM   :::   18:02:12.4777051

::::::::::: PostResolveRequestCache Request called at 09-01-2019 06:02:12 PM   :::   18:02:12.4647043

::::::::::: PostAuthorizeRequest Request called at 09-01-2019 06:02:12 PM   :::   18:02:12.4777051

::::::::::: PostRequestHandlerExecute Request called at 09-01-2019 06:02:12 PM   :::   18:02:12.4817031

::::::::::: AcquireRequestState Request called at 09-01-2019 06:02:12 PM   :::   18:02:12.4817031

::::::::::: ReleaseRequestState Request called at 09-01-2019 06:02:12 PM   :::   18:02:12.4837025

::::::::::: PostAcquireRequestState Request called at 09-01-2019 06:02:12 PM   :::   18:02:12.4847012

::::::::::: PostReleaseRequestState Request called at 09-01-2019 06:02:12 PM   :::   18:02:12.4857067

::::::::::: PostResolveRequestCache Request called at 09-01-2019 06:02:12 PM   :::   18:02:12.5016955

::::::::::: UpdateRequestCache Request called at 09-01-2019 06:02:12 PM   :::   18:02:12.5026972

::::::::::: AcquireRequestState Request called at 09-01-2019 06:02:12 PM   :::   18:02:12.5086936

::::::::::: PostRequestHandlerExecute Request called at 09-01-2019 06:02:12 PM   :::   18:02:12.5266929

::::::::::: BeginRequest Request called at 09-01-2019 06:02:12 PM   :::   18:02:12.5266929

::::::::::: ReleaseRequestState Request called at 09-01-2019 06:02:12 PM   :::   18:02:12.5296937

::::::::::: AuthenticateRequest Request called at 09-01-2019 06:02:12 PM   :::   18:02:12.5306924

::::::::::: PostAcquireRequestState Request called at 09-01-2019 06:02:12 PM   :::   18:02:12.5166935

::::::::::: PostAuthenticateRequest Request called at 09-01-2019 06:02:12 PM   :::   18:02:12.5316909

::::::::::: PreRequestHandlerExecute Request called at 09-01-2019 06:02:12 PM   :::   18:02:12.5326899

::::::::::: AuthorizeRequest Request called at 09-01-2019 06:02:12 PM   :::   18:02:12.5346915

::::::::::: PostAuthorizeRequest Request called at 09-01-2019 06:02:12 PM   :::   18:02:12.5377344

::::::::::: End Request called at 09-01-2019 06:02:12 PM   :::   18:02:12.5396899

::::::::::: PostResolveRequestCache Request called at 09-01-2019 06:02:12 PM   :::   18:02:12.5406915

::::::::::: EndRequest Request called at 09-01-2019 06:02:12 PM   :::   18:02:12.5096959

::::::::::: UpdateRequestCache Request called at 09-01-2019 06:02:12 PM   :::   18:02:12.5546880

::::::::::: AcquireRequestState Request called at 09-01-2019 06:02:12 PM   :::   18:02:12.5557046

::::::::::: PostAcquireRequestState Request called at 09-01-2019 06:02:12 PM   :::   18:02:12.5716852

::::::::::: EndRequest Request called at 09-01-2019 06:02:12 PM   :::   18:02:12.5576911

::::::::::: PostRequestHandlerExecute Request called at 09-01-2019 06:02:12 PM   :::   18:02:12.5726859

::::::::::: PreSendRequestHeaders Request called at 09-01-2019 06:02:12 PM   :::   18:02:12.5736867

::::::::::: PreSendRequestContent Request called at 09-01-2019 06:02:12 PM   :::   18:02:12.5746828

::::::::::: ReleaseRequestState Request called at 09-01-2019 06:02:12 PM   :::   18:02:12.5756826

::::::::::: PreSendRequestHeaders Request called at 09-01-2019 06:02:12 PM   :::   18:02:12.5766825

::::::::::: BeginRequest Request called at 09-01-2019 06:02:12 PM   :::   18:02:12.5836823

::::::::::: AuthenticateRequest Request called at 09-01-2019 06:02:12 PM   :::   18:02:12.5886821

::::::::::: PostRequestHandlerExecute Request called at 09-01-2019 06:02:12 PM   :::   18:02:12.6016773

::::::::::: PostAuthenticateRequest Request called at 09-01-2019 06:02:12 PM   :::   18:02:12.6096776

::::::::::: ReleaseRequestState Request called at 09-01-2019 06:02:12 PM   :::   18:02:12.6116754

::::::::::: PostReleaseRequestState Request called at 09-01-2019 06:02:12 PM   :::   18:02:12.6126784

::::::::::: AuthorizeRequest Request called at 09-01-2019 06:02:12 PM   :::   18:02:12.6136758

::::::::::: UpdateRequestCache Request called at 09-01-2019 06:02:12 PM   :::   18:02:12.6136758

::::::::::: PostAuthorizeRequest Request called at 09-01-2019 06:02:12 PM   :::   18:02:12.6146747

::::::::::: EndRequest Request called at 09-01-2019 06:02:12 PM   :::   18:02:12.6156774

::::::::::: End Request called at 09-01-2019 06:02:12 PM   :::   18:02:12.6166745

::::::::::: PreSendRequestContent Request called at 09-01-2019 06:02:12 PM   :::   18:02:12.6166745

::::::::::: PreSendRequestHeaders Request called at 09-01-2019 06:02:12 PM   :::   18:02:12.6216768

::::::::::: PostReleaseRequestState Request called at 09-01-2019 06:02:12 PM   :::   18:02:12.6236747

::::::::::: PostResolveRequestCache Request called at 09-01-2019 06:02:12 PM   :::   18:02:12.6186776

::::::::::: UpdateRequestCache Request called at 09-01-2019 06:02:12 PM   :::   18:02:12.6256736

::::::::::: EndRequest Request called at 09-01-2019 06:02:12 PM   :::   18:02:12.6276741

::::::::::: PreSendRequestContent Request called at 09-01-2019 06:02:12 PM   :::   18:02:12.6636670

::::::::::: PreSendRequestHeaders Request called at 09-01-2019 06:02:12 PM   :::   18:02:12.6716634

::::::::::: PostAcquireRequestState Request called at 09-01-2019 06:02:12 PM   :::   18:02:12.7086589

::::::::::: PreRequestHandlerExecute Request called at 09-01-2019 06:02:12 PM   :::   18:02:12.7106553

::::::::::: PostRequestHandlerExecute Request called at 09-01-2019 06:02:12 PM   :::   18:02:12.7126552

::::::::::: ReleaseRequestState Request called at 09-01-2019 06:02:12 PM   :::   18:02:12.7146536

::::::::::: PostReleaseRequestState Request called at 09-01-2019 06:02:12 PM   :::   18:02:12.7166573

::::::::::: UpdateRequestCache Request called at 09-01-2019 06:02:12 PM   :::   18:02:12.7186589

::::::::::: EndRequest Request called at 09-01-2019 06:02:12 PM   :::   18:02:12.7196595

::::::::::: PreSendRequestContent Request called at 09-01-2019 06:02:12 PM   :::   18:02:12.7216582

::::::::::: PreSendRequestHeaders Request called at 09-01-2019 06:02:12 PM   :::   18:02:12.7226543

