::::::::::: BeginRequest Request called at 11/12/2018 8:49:30 AM   :::   08:49:30.0226092

::::::::::: AuthenticateRequest Request called at 11/12/2018 8:49:30 AM   :::   08:49:30.0266092

::::::::::: PostAuthenticateRequest Request called at 11/12/2018 8:49:30 AM   :::   08:49:30.0286332

::::::::::: AuthorizeRequest Request called at 11/12/2018 8:49:30 AM   :::   08:49:30.0306089

::::::::::: PostAuthorizeRequest Request called at 11/12/2018 8:49:30 AM   :::   08:49:30.0336197

::::::::::: End Request called at 11/12/2018 8:49:30 AM   :::   08:49:30.0366092

::::::::::: PostResolveRequestCache Request called at 11/12/2018 8:49:30 AM   :::   08:49:30.0396098

::::::::::: AcquireRequestState Request called at 11/12/2018 8:49:30 AM   :::   08:49:30.0426096

::::::::::: PostAcquireRequestState Request called at 11/12/2018 8:49:30 AM   :::   08:49:30.0476246

::::::::::: PreRequestHandlerExecute Request called at 11/12/2018 8:49:30 AM   :::   08:49:30.0506093

::::::::::: PreSendRequestContent Request called at 11/12/2018 8:49:47 AM   :::   08:49:47.1483724

::::::::::: PreSendRequestHeaders Request called at 11/12/2018 8:49:47 AM   :::   08:49:47.1503698

::::::::::: PostRequestHandlerExecute Request called at 11/12/2018 8:49:47 AM   :::   08:49:47.1673705

::::::::::: ReleaseRequestState Request called at 11/12/2018 8:49:47 AM   :::   08:49:47.1693696

::::::::::: PostReleaseRequestState Request called at 11/12/2018 8:49:47 AM   :::   08:49:47.1723693

::::::::::: UpdateRequestCache Request called at 11/12/2018 8:49:47 AM   :::   08:49:47.1733696

::::::::::: EndRequest Request called at 11/12/2018 8:49:47 AM   :::   08:49:47.1753711

::::::::::: PreSendRequestContent Request called at 11/12/2018 8:49:47 AM   :::   08:49:47.1773697

::::::::::: BeginRequest Request called at 11/12/2018 8:49:47 AM   :::   08:49:47.2563912

::::::::::: AuthenticateRequest Request called at 11/12/2018 8:49:47 AM   :::   08:49:47.2583926

::::::::::: PostAuthenticateRequest Request called at 11/12/2018 8:49:47 AM   :::   08:49:47.2603901

::::::::::: AuthorizeRequest Request called at 11/12/2018 8:49:47 AM   :::   08:49:47.2613920

::::::::::: PostAuthorizeRequest Request called at 11/12/2018 8:49:47 AM   :::   08:49:47.2633911

::::::::::: End Request called at 11/12/2018 8:49:47 AM   :::   08:49:47.2643914

::::::::::: PostResolveRequestCache Request called at 11/12/2018 8:49:47 AM   :::   08:49:47.2663912

::::::::::: AcquireRequestState Request called at 11/12/2018 8:49:47 AM   :::   08:49:47.2683919

::::::::::: PostAcquireRequestState Request called at 11/12/2018 8:49:47 AM   :::   08:49:47.2703929

::::::::::: PreRequestHandlerExecute Request called at 11/12/2018 8:49:47 AM   :::   08:49:47.2713908

::::::::::: PreSendRequestContent Request called at 11/12/2018 8:49:50 AM   :::   08:49:50.7409090

::::::::::: PreSendRequestHeaders Request called at 11/12/2018 8:49:50 AM   :::   08:49:50.7438973

::::::::::: PostRequestHandlerExecute Request called at 11/12/2018 8:49:50 AM   :::   08:49:50.7509015

::::::::::: ReleaseRequestState Request called at 11/12/2018 8:49:50 AM   :::   08:49:50.7548984

::::::::::: PostReleaseRequestState Request called at 11/12/2018 8:49:50 AM   :::   08:49:50.7568991

::::::::::: UpdateRequestCache Request called at 11/12/2018 8:49:50 AM   :::   08:49:50.7598996

::::::::::: EndRequest Request called at 11/12/2018 8:49:50 AM   :::   08:49:50.7648984

::::::::::: PreSendRequestContent Request called at 11/12/2018 8:49:50 AM   :::   08:49:50.7678966

