::::::::::: BeginRequest Request called at 10/23/2018 8:22:20 AM   :::   08:22:20.3384989

::::::::::: AuthenticateRequest Request called at 10/23/2018 8:22:20 AM   :::   08:22:20.3464959

::::::::::: PostAuthenticateRequest Request called at 10/23/2018 8:22:20 AM   :::   08:22:20.3514987

::::::::::: AuthorizeRequest Request called at 10/23/2018 8:22:20 AM   :::   08:22:20.3555087

::::::::::: PostAuthorizeRequest Request called at 10/23/2018 8:22:20 AM   :::   08:22:20.3590082

::::::::::: End Request called at 10/23/2018 8:22:20 AM   :::   08:22:20.3610069

::::::::::: PostResolveRequestCache Request called at 10/23/2018 8:22:20 AM   :::   08:22:20.3985144

::::::::::: AcquireRequestState Request called at 10/23/2018 8:22:20 AM   :::   08:22:20.4095163

::::::::::: PostAcquireRequestState Request called at 10/23/2018 8:22:20 AM   :::   08:22:20.4125153

::::::::::: PreRequestHandlerExecute Request called at 10/23/2018 8:22:20 AM   :::   08:22:20.4145175

::::::::::: PostRequestHandlerExecute Request called at 10/23/2018 8:22:21 AM   :::   08:22:21.8737037

::::::::::: ReleaseRequestState Request called at 10/23/2018 8:22:21 AM   :::   08:22:21.8767038

::::::::::: PostReleaseRequestState Request called at 10/23/2018 8:22:21 AM   :::   08:22:21.8817050

::::::::::: UpdateRequestCache Request called at 10/23/2018 8:22:21 AM   :::   08:22:21.9487077

::::::::::: EndRequest Request called at 10/23/2018 8:22:21 AM   :::   08:22:21.9507229

::::::::::: PreSendRequestContent Request called at 10/23/2018 8:22:21 AM   :::   08:22:21.9567229

::::::::::: PreSendRequestHeaders Request called at 10/23/2018 8:22:21 AM   :::   08:22:21.9587215

::::::::::: BeginRequest Request called at 10/23/2018 8:22:32 AM   :::   08:22:32.0102201

::::::::::: AuthenticateRequest Request called at 10/23/2018 8:22:32 AM   :::   08:22:32.0137291

::::::::::: PostAuthenticateRequest Request called at 10/23/2018 8:22:32 AM   :::   08:22:32.0177300

::::::::::: AuthorizeRequest Request called at 10/23/2018 8:22:32 AM   :::   08:22:32.0197294

::::::::::: PostAuthorizeRequest Request called at 10/23/2018 8:22:32 AM   :::   08:22:32.0212303

::::::::::: End Request called at 10/23/2018 8:22:32 AM   :::   08:22:32.0232297

::::::::::: PostResolveRequestCache Request called at 10/23/2018 8:22:32 AM   :::   08:22:32.0317285

::::::::::: AcquireRequestState Request called at 10/23/2018 8:22:32 AM   :::   08:22:32.0572291

::::::::::: PostAcquireRequestState Request called at 10/23/2018 8:22:32 AM   :::   08:22:32.0647299

::::::::::: PreRequestHandlerExecute Request called at 10/23/2018 8:22:32 AM   :::   08:22:32.0717293

::::::::::: PostRequestHandlerExecute Request called at 10/23/2018 8:22:32 AM   :::   08:22:32.3122305

::::::::::: ReleaseRequestState Request called at 10/23/2018 8:22:32 AM   :::   08:22:32.3237291

::::::::::: PostReleaseRequestState Request called at 10/23/2018 8:22:32 AM   :::   08:22:32.3252303

::::::::::: UpdateRequestCache Request called at 10/23/2018 8:22:32 AM   :::   08:22:32.3272294

::::::::::: EndRequest Request called at 10/23/2018 8:22:32 AM   :::   08:22:32.3292292

::::::::::: PreSendRequestContent Request called at 10/23/2018 8:22:32 AM   :::   08:22:32.3317296

::::::::::: PreSendRequestHeaders Request called at 10/23/2018 8:22:32 AM   :::   08:22:32.3372302

::::::::::: BeginRequest Request called at 10/23/2018 8:22:32 AM   :::   08:22:32.3902296

::::::::::: AuthenticateRequest Request called at 10/23/2018 8:22:32 AM   :::   08:22:32.4212300

::::::::::: PostAuthenticateRequest Request called at 10/23/2018 8:22:32 AM   :::   08:22:32.4272291

::::::::::: AuthorizeRequest Request called at 10/23/2018 8:22:32 AM   :::   08:22:32.4307294

::::::::::: PostAuthorizeRequest Request called at 10/23/2018 8:22:32 AM   :::   08:22:32.4382326

::::::::::: End Request called at 10/23/2018 8:22:32 AM   :::   08:22:32.4547299

::::::::::: PostResolveRequestCache Request called at 10/23/2018 8:22:32 AM   :::   08:22:32.4622307

::::::::::: AcquireRequestState Request called at 10/23/2018 8:22:32 AM   :::   08:22:32.4702305

::::::::::: PostAcquireRequestState Request called at 10/23/2018 8:22:32 AM   :::   08:22:32.4847311

::::::::::: PreRequestHandlerExecute Request called at 10/23/2018 8:22:32 AM   :::   08:22:32.4927313

::::::::::: BeginRequest Request called at 10/23/2018 8:28:15 AM   :::   08:28:15.0638298

::::::::::: AuthenticateRequest Request called at 10/23/2018 8:28:15 AM   :::   08:28:15.0903307

::::::::::: PostAuthenticateRequest Request called at 10/23/2018 8:28:15 AM   :::   08:28:15.0988287

::::::::::: AuthorizeRequest Request called at 10/23/2018 8:28:15 AM   :::   08:28:15.1023282

::::::::::: PostAuthorizeRequest Request called at 10/23/2018 8:28:15 AM   :::   08:28:15.1078280

::::::::::: End Request called at 10/23/2018 8:28:15 AM   :::   08:28:15.1153280

::::::::::: PostResolveRequestCache Request called at 10/23/2018 8:28:15 AM   :::   08:28:15.4453288

::::::::::: AcquireRequestState Request called at 10/23/2018 8:28:15 AM   :::   08:28:15.4913283

::::::::::: PostAcquireRequestState Request called at 10/23/2018 8:28:15 AM   :::   08:28:15.4943293

::::::::::: PreRequestHandlerExecute Request called at 10/23/2018 8:28:15 AM   :::   08:28:15.5158290

::::::::::: PostRequestHandlerExecute Request called at 10/23/2018 8:28:29 AM   :::   08:28:29.5200166

::::::::::: ReleaseRequestState Request called at 10/23/2018 8:28:29 AM   :::   08:28:29.5220160

::::::::::: PostReleaseRequestState Request called at 10/23/2018 8:28:29 AM   :::   08:28:29.5245176

::::::::::: BeginRequest Request called at 10/23/2018 8:45:41 AM   :::   08:45:41.9749177

::::::::::: AuthenticateRequest Request called at 10/23/2018 8:45:41 AM   :::   08:45:41.9819175

::::::::::: PostAuthenticateRequest Request called at 10/23/2018 8:45:41 AM   :::   08:45:41.9904182

::::::::::: AuthorizeRequest Request called at 10/23/2018 8:45:41 AM   :::   08:45:41.9929182

::::::::::: PostAuthorizeRequest Request called at 10/23/2018 8:45:41 AM   :::   08:45:41.9949177

::::::::::: End Request called at 10/23/2018 8:45:41 AM   :::   08:45:41.9969191

::::::::::: PostResolveRequestCache Request called at 10/23/2018 8:45:42 AM   :::   08:45:42.1259181

::::::::::: AcquireRequestState Request called at 10/23/2018 8:45:42 AM   :::   08:45:42.1394181

::::::::::: PostAcquireRequestState Request called at 10/23/2018 8:45:42 AM   :::   08:45:42.1424175

::::::::::: PreRequestHandlerExecute Request called at 10/23/2018 8:45:42 AM   :::   08:45:42.1444181

::::::::::: PostRequestHandlerExecute Request called at 10/23/2018 8:45:46 AM   :::   08:45:46.4829184

::::::::::: ReleaseRequestState Request called at 10/23/2018 8:45:46 AM   :::   08:45:46.4899198

::::::::::: PostReleaseRequestState Request called at 10/23/2018 8:45:46 AM   :::   08:45:46.5074191

::::::::::: UpdateRequestCache Request called at 10/23/2018 8:45:46 AM   :::   08:45:46.5834179

::::::::::: EndRequest Request called at 10/23/2018 8:45:46 AM   :::   08:45:46.5879177

::::::::::: PreSendRequestContent Request called at 10/23/2018 8:45:46 AM   :::   08:45:46.5989193

::::::::::: PreSendRequestHeaders Request called at 10/23/2018 8:45:46 AM   :::   08:45:46.6024188

::::::::::: BeginRequest Request called at 10/23/2018 8:49:23 AM   :::   08:49:23.4861511

::::::::::: AuthenticateRequest Request called at 10/23/2018 8:49:23 AM   :::   08:49:23.4976516

::::::::::: PostAuthenticateRequest Request called at 10/23/2018 8:49:23 AM   :::   08:49:23.5076508

::::::::::: AuthorizeRequest Request called at 10/23/2018 8:49:23 AM   :::   08:49:23.5146526

::::::::::: PostAuthorizeRequest Request called at 10/23/2018 8:49:23 AM   :::   08:49:23.5166513

::::::::::: End Request called at 10/23/2018 8:49:23 AM   :::   08:49:23.5251520

::::::::::: PostResolveRequestCache Request called at 10/23/2018 8:49:23 AM   :::   08:49:23.7106504

::::::::::: AcquireRequestState Request called at 10/23/2018 8:49:23 AM   :::   08:49:23.7751499

::::::::::: PostAcquireRequestState Request called at 10/23/2018 8:49:23 AM   :::   08:49:23.7781501

::::::::::: PreRequestHandlerExecute Request called at 10/23/2018 8:49:23 AM   :::   08:49:23.7811518

::::::::::: PostRequestHandlerExecute Request called at 10/23/2018 8:49:32 AM   :::   08:49:32.3925725

::::::::::: ReleaseRequestState Request called at 10/23/2018 8:49:32 AM   :::   08:49:32.3950749

::::::::::: PostReleaseRequestState Request called at 10/23/2018 8:49:32 AM   :::   08:49:32.4035752

::::::::::: UpdateRequestCache Request called at 10/23/2018 8:49:32 AM   :::   08:49:32.4725750

::::::::::: EndRequest Request called at 10/23/2018 8:49:32 AM   :::   08:49:32.4760761

::::::::::: PreSendRequestContent Request called at 10/23/2018 8:49:32 AM   :::   08:49:32.4880791

::::::::::: PreSendRequestHeaders Request called at 10/23/2018 8:49:32 AM   :::   08:49:32.4915751

::::::::::: BeginRequest Request called at 10/23/2018 8:50:29 AM   :::   08:50:29.7464814

::::::::::: AuthenticateRequest Request called at 10/23/2018 8:50:29 AM   :::   08:50:29.7629811

::::::::::: PostAuthenticateRequest Request called at 10/23/2018 8:50:29 AM   :::   08:50:29.7819800

::::::::::: AuthorizeRequest Request called at 10/23/2018 8:50:29 AM   :::   08:50:29.7844808

::::::::::: PostAuthorizeRequest Request called at 10/23/2018 8:50:29 AM   :::   08:50:29.7864791

::::::::::: End Request called at 10/23/2018 8:50:29 AM   :::   08:50:29.7884797

::::::::::: PostResolveRequestCache Request called at 10/23/2018 8:50:30 AM   :::   08:50:30.4085981

::::::::::: AcquireRequestState Request called at 10/23/2018 8:50:30 AM   :::   08:50:30.4391070

::::::::::: PostAcquireRequestState Request called at 10/23/2018 8:50:30 AM   :::   08:50:30.4431059

::::::::::: PreRequestHandlerExecute Request called at 10/23/2018 8:50:30 AM   :::   08:50:30.4456055

::::::::::: PostRequestHandlerExecute Request called at 10/23/2018 8:50:42 AM   :::   08:50:42.4644315

::::::::::: ReleaseRequestState Request called at 10/23/2018 8:50:42 AM   :::   08:50:42.4664238

::::::::::: PostReleaseRequestState Request called at 10/23/2018 8:50:42 AM   :::   08:50:42.4694248

::::::::::: UpdateRequestCache Request called at 10/23/2018 8:50:42 AM   :::   08:50:42.5334431

::::::::::: EndRequest Request called at 10/23/2018 8:50:42 AM   :::   08:50:42.5364464

::::::::::: PreSendRequestContent Request called at 10/23/2018 8:50:42 AM   :::   08:50:42.5474452

::::::::::: PreSendRequestHeaders Request called at 10/23/2018 8:50:42 AM   :::   08:50:42.5504465

::::::::::: BeginRequest Request called at 10/23/2018 8:51:00 AM   :::   08:51:00.0896300

::::::::::: AuthenticateRequest Request called at 10/23/2018 8:51:00 AM   :::   08:51:00.0916302

::::::::::: PostAuthenticateRequest Request called at 10/23/2018 8:51:00 AM   :::   08:51:00.0946312

::::::::::: AuthorizeRequest Request called at 10/23/2018 8:51:00 AM   :::   08:51:00.0966283

::::::::::: PostAuthorizeRequest Request called at 10/23/2018 8:51:00 AM   :::   08:51:00.0986305

::::::::::: End Request called at 10/23/2018 8:51:00 AM   :::   08:51:00.1006378

::::::::::: PostResolveRequestCache Request called at 10/23/2018 8:51:00 AM   :::   08:51:00.1076345

::::::::::: AcquireRequestState Request called at 10/23/2018 8:51:00 AM   :::   08:51:00.1116346

::::::::::: PostAcquireRequestState Request called at 10/23/2018 8:51:00 AM   :::   08:51:00.1136289

::::::::::: PreRequestHandlerExecute Request called at 10/23/2018 8:51:00 AM   :::   08:51:00.1156300

::::::::::: PreSendRequestContent Request called at 10/23/2018 8:51:06 AM   :::   08:51:06.6668686

::::::::::: PreSendRequestHeaders Request called at 10/23/2018 8:51:06 AM   :::   08:51:06.6688688

::::::::::: PostRequestHandlerExecute Request called at 10/23/2018 8:51:06 AM   :::   08:51:06.6788653

::::::::::: ReleaseRequestState Request called at 10/23/2018 8:51:06 AM   :::   08:51:06.6808663

::::::::::: PostReleaseRequestState Request called at 10/23/2018 8:51:06 AM   :::   08:51:06.6828705

::::::::::: UpdateRequestCache Request called at 10/23/2018 8:51:06 AM   :::   08:51:06.6848648

::::::::::: EndRequest Request called at 10/23/2018 8:51:06 AM   :::   08:51:06.6858647

::::::::::: PreSendRequestContent Request called at 10/23/2018 8:51:06 AM   :::   08:51:06.6878721

::::::::::: BeginRequest Request called at 10/23/2018 8:51:39 AM   :::   08:51:39.8010701

::::::::::: AuthenticateRequest Request called at 10/23/2018 8:51:39 AM   :::   08:51:39.8020708

::::::::::: PostAuthenticateRequest Request called at 10/23/2018 8:51:39 AM   :::   08:51:39.8040683

::::::::::: AuthorizeRequest Request called at 10/23/2018 8:51:39 AM   :::   08:51:39.8060682

::::::::::: PostAuthorizeRequest Request called at 10/23/2018 8:51:39 AM   :::   08:51:39.8080684

::::::::::: End Request called at 10/23/2018 8:51:39 AM   :::   08:51:39.8100690

::::::::::: PostResolveRequestCache Request called at 10/23/2018 8:51:39 AM   :::   08:51:39.8150702

::::::::::: AcquireRequestState Request called at 10/23/2018 8:51:39 AM   :::   08:51:39.8160694

::::::::::: PostAcquireRequestState Request called at 10/23/2018 8:51:39 AM   :::   08:51:39.8180672

::::::::::: PreRequestHandlerExecute Request called at 10/23/2018 8:51:39 AM   :::   08:51:39.8200683

::::::::::: BeginRequest Request called at 10/23/2018 8:52:22 AM   :::   08:52:22.7261845

::::::::::: AuthenticateRequest Request called at 10/23/2018 8:52:22 AM   :::   08:52:22.7341863

::::::::::: PostAuthenticateRequest Request called at 10/23/2018 8:52:22 AM   :::   08:52:22.7396829

::::::::::: AuthorizeRequest Request called at 10/23/2018 8:52:22 AM   :::   08:52:22.7431864

::::::::::: PostAuthorizeRequest Request called at 10/23/2018 8:52:22 AM   :::   08:52:22.7456844

::::::::::: BeginRequest Request called at 10/23/2018 8:52:22 AM   :::   08:52:22.7481915

::::::::::: AuthenticateRequest Request called at 10/23/2018 8:52:22 AM   :::   08:52:22.7711826

::::::::::: PostAuthenticateRequest Request called at 10/23/2018 8:52:22 AM   :::   08:52:22.7776823

::::::::::: AuthorizeRequest Request called at 10/23/2018 8:52:22 AM   :::   08:52:22.7796865

::::::::::: PostAuthorizeRequest Request called at 10/23/2018 8:52:22 AM   :::   08:52:22.7836826

::::::::::: End Request called at 10/23/2018 8:52:22 AM   :::   08:52:22.7861858

::::::::::: PostResolveRequestCache Request called at 10/23/2018 8:52:22 AM   :::   08:52:22.7926855

::::::::::: AcquireRequestState Request called at 10/23/2018 8:52:22 AM   :::   08:52:22.8066844

::::::::::: PostAcquireRequestState Request called at 10/23/2018 8:52:22 AM   :::   08:52:22.8096838

::::::::::: PreRequestHandlerExecute Request called at 10/23/2018 8:52:22 AM   :::   08:52:22.8116832

::::::::::: PostResolveRequestCache Request called at 10/23/2018 8:52:22 AM   :::   08:52:22.9156834

::::::::::: AcquireRequestState Request called at 10/23/2018 8:52:22 AM   :::   08:52:22.9191841

::::::::::: PostAcquireRequestState Request called at 10/23/2018 8:52:22 AM   :::   08:52:22.9211840

::::::::::: PreRequestHandlerExecute Request called at 10/23/2018 8:52:22 AM   :::   08:52:22.9226817

::::::::::: PostRequestHandlerExecute Request called at 10/23/2018 8:52:22 AM   :::   08:52:22.9696836

::::::::::: ReleaseRequestState Request called at 10/23/2018 8:52:22 AM   :::   08:52:22.9731843

::::::::::: PostReleaseRequestState Request called at 10/23/2018 8:52:22 AM   :::   08:52:22.9796836

::::::::::: UpdateRequestCache Request called at 10/23/2018 8:52:22 AM   :::   08:52:22.9821836

::::::::::: EndRequest Request called at 10/23/2018 8:52:22 AM   :::   08:52:22.9866850

::::::::::: PreSendRequestContent Request called at 10/23/2018 8:52:22 AM   :::   08:52:22.9966858

::::::::::: PreSendRequestHeaders Request called at 10/23/2018 8:52:23 AM   :::   08:52:23.0001845

::::::::::: BeginRequest Request called at 10/23/2018 8:52:25 AM   :::   08:52:25.0161237

::::::::::: AuthenticateRequest Request called at 10/23/2018 8:52:25 AM   :::   08:52:25.0181216

::::::::::: PostAuthenticateRequest Request called at 10/23/2018 8:52:25 AM   :::   08:52:25.0201230

::::::::::: AuthorizeRequest Request called at 10/23/2018 8:52:25 AM   :::   08:52:25.0221208

::::::::::: PostAuthorizeRequest Request called at 10/23/2018 8:52:25 AM   :::   08:52:25.0241353

::::::::::: End Request called at 10/23/2018 8:52:25 AM   :::   08:52:25.0261190

::::::::::: PostResolveRequestCache Request called at 10/23/2018 8:52:25 AM   :::   08:52:25.0271181

::::::::::: AcquireRequestState Request called at 10/23/2018 8:52:25 AM   :::   08:52:25.0301218

::::::::::: PostAcquireRequestState Request called at 10/23/2018 8:52:25 AM   :::   08:52:25.0321197

::::::::::: PreRequestHandlerExecute Request called at 10/23/2018 8:52:25 AM   :::   08:52:25.0341223

::::::::::: PostRequestHandlerExecute Request called at 10/23/2018 8:52:25 AM   :::   08:52:25.6133437

::::::::::: ReleaseRequestState Request called at 10/23/2018 8:52:25 AM   :::   08:52:25.6153278

::::::::::: PostReleaseRequestState Request called at 10/23/2018 8:52:25 AM   :::   08:52:25.6163080

::::::::::: UpdateRequestCache Request called at 10/23/2018 8:52:25 AM   :::   08:52:25.6593086

::::::::::: EndRequest Request called at 10/23/2018 8:52:25 AM   :::   08:52:25.6603041

::::::::::: PreSendRequestContent Request called at 10/23/2018 8:52:25 AM   :::   08:52:25.6623158

::::::::::: PreSendRequestHeaders Request called at 10/23/2018 8:52:25 AM   :::   08:52:25.6633122

::::::::::: BeginRequest Request called at 10/23/2018 8:52:26 AM   :::   08:52:26.0814076

::::::::::: AuthenticateRequest Request called at 10/23/2018 8:52:26 AM   :::   08:52:26.0823961

::::::::::: PostAuthenticateRequest Request called at 10/23/2018 8:52:26 AM   :::   08:52:26.0834035

::::::::::: AuthorizeRequest Request called at 10/23/2018 8:52:26 AM   :::   08:52:26.0853998

::::::::::: PostAuthorizeRequest Request called at 10/23/2018 8:52:26 AM   :::   08:52:26.0864037

::::::::::: End Request called at 10/23/2018 8:52:26 AM   :::   08:52:26.0874052

::::::::::: PostResolveRequestCache Request called at 10/23/2018 8:52:26 AM   :::   08:52:26.0893983

::::::::::: AcquireRequestState Request called at 10/23/2018 8:52:26 AM   :::   08:52:26.0913997

::::::::::: PostAcquireRequestState Request called at 10/23/2018 8:52:26 AM   :::   08:52:26.0923992

::::::::::: PreRequestHandlerExecute Request called at 10/23/2018 8:52:26 AM   :::   08:52:26.0933976

::::::::::: PostRequestHandlerExecute Request called at 10/23/2018 8:52:26 AM   :::   08:52:26.1163997

::::::::::: ReleaseRequestState Request called at 10/23/2018 8:52:26 AM   :::   08:52:26.1184008

::::::::::: PostReleaseRequestState Request called at 10/23/2018 8:52:26 AM   :::   08:52:26.1193983

::::::::::: UpdateRequestCache Request called at 10/23/2018 8:52:26 AM   :::   08:52:26.1213986

::::::::::: EndRequest Request called at 10/23/2018 8:52:26 AM   :::   08:52:26.1233992

::::::::::: PreSendRequestContent Request called at 10/23/2018 8:52:26 AM   :::   08:52:26.1253994

::::::::::: PreSendRequestHeaders Request called at 10/23/2018 8:52:26 AM   :::   08:52:26.1274020

::::::::::: PreSendRequestContent Request called at 10/23/2018 8:52:33 AM   :::   08:52:33.5248386

::::::::::: PreSendRequestHeaders Request called at 10/23/2018 8:52:33 AM   :::   08:52:33.5258397

::::::::::: PostRequestHandlerExecute Request called at 10/23/2018 8:52:33 AM   :::   08:52:33.5368396

::::::::::: ReleaseRequestState Request called at 10/23/2018 8:52:33 AM   :::   08:52:33.5388414

::::::::::: PostReleaseRequestState Request called at 10/23/2018 8:52:33 AM   :::   08:52:33.5408424

::::::::::: UpdateRequestCache Request called at 10/23/2018 8:52:33 AM   :::   08:52:33.5428427

::::::::::: EndRequest Request called at 10/23/2018 8:52:33 AM   :::   08:52:33.5448417

::::::::::: PreSendRequestContent Request called at 10/23/2018 8:52:33 AM   :::   08:52:33.5468400

::::::::::: BeginRequest Request called at 10/23/2018 8:53:18 AM   :::   08:53:18.2649804

::::::::::: AuthenticateRequest Request called at 10/23/2018 8:53:18 AM   :::   08:53:18.2689808

::::::::::: PostAuthenticateRequest Request called at 10/23/2018 8:53:18 AM   :::   08:53:18.2719802

::::::::::: AuthorizeRequest Request called at 10/23/2018 8:53:18 AM   :::   08:53:18.2769818

::::::::::: PostAuthorizeRequest Request called at 10/23/2018 8:53:18 AM   :::   08:53:18.2799835

::::::::::: End Request called at 10/23/2018 8:53:18 AM   :::   08:53:18.2829794

::::::::::: PostResolveRequestCache Request called at 10/23/2018 8:53:18 AM   :::   08:53:18.2859827

::::::::::: AcquireRequestState Request called at 10/23/2018 8:53:18 AM   :::   08:53:18.2889797

::::::::::: PostAcquireRequestState Request called at 10/23/2018 8:53:18 AM   :::   08:53:18.2919783

::::::::::: PreRequestHandlerExecute Request called at 10/23/2018 8:53:18 AM   :::   08:53:18.2949820

::::::::::: PreSendRequestContent Request called at 10/23/2018 8:53:25 AM   :::   08:53:25.2221799

::::::::::: PreSendRequestHeaders Request called at 10/23/2018 8:53:25 AM   :::   08:53:25.2231668

::::::::::: PostRequestHandlerExecute Request called at 10/23/2018 8:53:25 AM   :::   08:53:25.2322932

::::::::::: ReleaseRequestState Request called at 10/23/2018 8:53:25 AM   :::   08:53:25.2342911

::::::::::: PostReleaseRequestState Request called at 10/23/2018 8:53:25 AM   :::   08:53:25.2362925

::::::::::: UpdateRequestCache Request called at 10/23/2018 8:53:25 AM   :::   08:53:25.2382924

::::::::::: EndRequest Request called at 10/23/2018 8:53:25 AM   :::   08:53:25.2402930

::::::::::: PreSendRequestContent Request called at 10/23/2018 8:53:25 AM   :::   08:53:25.2412929

::::::::::: BeginRequest Request called at 10/23/2018 8:53:39 AM   :::   08:53:39.3260897

::::::::::: AuthenticateRequest Request called at 10/23/2018 8:53:39 AM   :::   08:53:39.3326111

::::::::::: PostAuthenticateRequest Request called at 10/23/2018 8:53:39 AM   :::   08:53:39.3491349

::::::::::: AuthorizeRequest Request called at 10/23/2018 8:53:39 AM   :::   08:53:39.3661253

::::::::::: PostAuthorizeRequest Request called at 10/23/2018 8:53:39 AM   :::   08:53:39.3771288

::::::::::: End Request called at 10/23/2018 8:53:39 AM   :::   08:53:39.3811269

::::::::::: PostResolveRequestCache Request called at 10/23/2018 8:53:39 AM   :::   08:53:39.3841255

::::::::::: AcquireRequestState Request called at 10/23/2018 8:53:39 AM   :::   08:53:39.3871260

::::::::::: PostAcquireRequestState Request called at 10/23/2018 8:53:39 AM   :::   08:53:39.3901270

::::::::::: PreRequestHandlerExecute Request called at 10/23/2018 8:53:39 AM   :::   08:53:39.3921264

::::::::::: BeginRequest Request called at 10/23/2018 8:56:31 AM   :::   08:56:31.1744975

::::::::::: AuthenticateRequest Request called at 10/23/2018 8:56:31 AM   :::   08:56:31.1824968

::::::::::: PostAuthenticateRequest Request called at 10/23/2018 8:56:31 AM   :::   08:56:31.1864918

::::::::::: AuthorizeRequest Request called at 10/23/2018 8:56:31 AM   :::   08:56:31.1904923

::::::::::: PostAuthorizeRequest Request called at 10/23/2018 8:56:31 AM   :::   08:56:31.1904923

::::::::::: End Request called at 10/23/2018 8:56:31 AM   :::   08:56:31.1944943

::::::::::: PostResolveRequestCache Request called at 10/23/2018 8:56:31 AM   :::   08:56:31.3065113

::::::::::: AcquireRequestState Request called at 10/23/2018 8:56:31 AM   :::   08:56:31.3175073

::::::::::: PostAcquireRequestState Request called at 10/23/2018 8:56:31 AM   :::   08:56:31.3215101

::::::::::: PreRequestHandlerExecute Request called at 10/23/2018 8:56:31 AM   :::   08:56:31.3235088

::::::::::: PostRequestHandlerExecute Request called at 10/23/2018 8:56:34 AM   :::   08:56:34.7323297

::::::::::: ReleaseRequestState Request called at 10/23/2018 8:56:34 AM   :::   08:56:34.7393304

::::::::::: PostReleaseRequestState Request called at 10/23/2018 8:56:34 AM   :::   08:56:34.7448286

::::::::::: UpdateRequestCache Request called at 10/23/2018 8:56:34 AM   :::   08:56:34.8323295

::::::::::: EndRequest Request called at 10/23/2018 8:56:34 AM   :::   08:56:34.8373283

::::::::::: PreSendRequestContent Request called at 10/23/2018 8:56:34 AM   :::   08:56:34.8518321

::::::::::: PreSendRequestHeaders Request called at 10/23/2018 8:56:34 AM   :::   08:56:34.8543289

::::::::::: BeginRequest Request called at 10/23/2018 8:56:35 AM   :::   08:56:35.4326179

::::::::::: AuthenticateRequest Request called at 10/23/2018 8:56:35 AM   :::   08:56:35.4586159

::::::::::: PostAuthenticateRequest Request called at 10/23/2018 8:56:35 AM   :::   08:56:35.4711179

::::::::::: AuthorizeRequest Request called at 10/23/2018 8:56:35 AM   :::   08:56:35.4741173

::::::::::: PostAuthorizeRequest Request called at 10/23/2018 8:56:35 AM   :::   08:56:35.4761171

::::::::::: End Request called at 10/23/2018 8:56:35 AM   :::   08:56:35.4781166

::::::::::: PostResolveRequestCache Request called at 10/23/2018 8:56:35 AM   :::   08:56:35.4806178

::::::::::: AcquireRequestState Request called at 10/23/2018 8:56:35 AM   :::   08:56:35.4836167

::::::::::: PostAcquireRequestState Request called at 10/23/2018 8:56:35 AM   :::   08:56:35.4986175

::::::::::: PreRequestHandlerExecute Request called at 10/23/2018 8:56:35 AM   :::   08:56:35.5016189

::::::::::: PostRequestHandlerExecute Request called at 10/23/2018 8:56:35 AM   :::   08:56:35.5531175

::::::::::: ReleaseRequestState Request called at 10/23/2018 8:56:35 AM   :::   08:56:35.5561184

::::::::::: PostReleaseRequestState Request called at 10/23/2018 8:56:35 AM   :::   08:56:35.5586180

::::::::::: UpdateRequestCache Request called at 10/23/2018 8:56:35 AM   :::   08:56:35.5626157

::::::::::: EndRequest Request called at 10/23/2018 8:56:35 AM   :::   08:56:35.5771176

::::::::::: PreSendRequestContent Request called at 10/23/2018 8:56:35 AM   :::   08:56:35.5801177

::::::::::: PreSendRequestHeaders Request called at 10/23/2018 8:56:35 AM   :::   08:56:35.5846172

::::::::::: BeginRequest Request called at 10/23/2018 8:56:36 AM   :::   08:56:36.3096528

::::::::::: AuthenticateRequest Request called at 10/23/2018 8:56:36 AM   :::   08:56:36.3116506

::::::::::: PostAuthenticateRequest Request called at 10/23/2018 8:56:36 AM   :::   08:56:36.3136513

::::::::::: AuthorizeRequest Request called at 10/23/2018 8:56:36 AM   :::   08:56:36.3166510

::::::::::: PostAuthorizeRequest Request called at 10/23/2018 8:56:36 AM   :::   08:56:36.3281531

::::::::::: End Request called at 10/23/2018 8:56:36 AM   :::   08:56:36.3321532

::::::::::: PostResolveRequestCache Request called at 10/23/2018 8:56:36 AM   :::   08:56:36.3466538

::::::::::: AcquireRequestState Request called at 10/23/2018 8:56:36 AM   :::   08:56:36.3511604

::::::::::: PostAcquireRequestState Request called at 10/23/2018 8:56:36 AM   :::   08:56:36.3586525

::::::::::: PreRequestHandlerExecute Request called at 10/23/2018 8:56:36 AM   :::   08:56:36.3881544

::::::::::: PostRequestHandlerExecute Request called at 10/23/2018 8:56:36 AM   :::   08:56:36.5526532

::::::::::: ReleaseRequestState Request called at 10/23/2018 8:56:36 AM   :::   08:56:36.5546535

::::::::::: PostReleaseRequestState Request called at 10/23/2018 8:56:36 AM   :::   08:56:36.5576528

::::::::::: UpdateRequestCache Request called at 10/23/2018 8:56:36 AM   :::   08:56:36.5636535

::::::::::: EndRequest Request called at 10/23/2018 8:56:36 AM   :::   08:56:36.5666537

::::::::::: PreSendRequestContent Request called at 10/23/2018 8:56:36 AM   :::   08:56:36.5696551

::::::::::: PreSendRequestHeaders Request called at 10/23/2018 8:56:36 AM   :::   08:56:36.5741537

::::::::::: BeginRequest Request called at 10/23/2018 8:56:38 AM   :::   08:56:38.2124294

::::::::::: AuthenticateRequest Request called at 10/23/2018 8:56:38 AM   :::   08:56:38.2154363

::::::::::: PostAuthenticateRequest Request called at 10/23/2018 8:56:38 AM   :::   08:56:38.2224290

::::::::::: AuthorizeRequest Request called at 10/23/2018 8:56:38 AM   :::   08:56:38.2309463

::::::::::: PostAuthorizeRequest Request called at 10/23/2018 8:56:38 AM   :::   08:56:38.2349460

::::::::::: End Request called at 10/23/2018 8:56:38 AM   :::   08:56:38.2369419

::::::::::: PostResolveRequestCache Request called at 10/23/2018 8:56:38 AM   :::   08:56:38.2389417

::::::::::: AcquireRequestState Request called at 10/23/2018 8:56:38 AM   :::   08:56:38.2409424

::::::::::: PostAcquireRequestState Request called at 10/23/2018 8:56:38 AM   :::   08:56:38.2429414

::::::::::: PreRequestHandlerExecute Request called at 10/23/2018 8:56:38 AM   :::   08:56:38.2439417

::::::::::: PostRequestHandlerExecute Request called at 10/23/2018 8:56:58 AM   :::   08:56:58.6840307

::::::::::: ReleaseRequestState Request called at 10/23/2018 8:56:58 AM   :::   08:56:58.6870328

::::::::::: PostReleaseRequestState Request called at 10/23/2018 8:56:58 AM   :::   08:56:58.6900330

::::::::::: UpdateRequestCache Request called at 10/23/2018 8:56:58 AM   :::   08:56:58.6940315

::::::::::: EndRequest Request called at 10/23/2018 8:56:58 AM   :::   08:56:58.6980308

::::::::::: BeginRequest Request called at 10/23/2018 8:57:05 AM   :::   08:57:05.0170920

::::::::::: AuthenticateRequest Request called at 10/23/2018 8:57:05 AM   :::   08:57:05.0195916

::::::::::: PostAuthenticateRequest Request called at 10/23/2018 8:57:05 AM   :::   08:57:05.0220924

::::::::::: AuthorizeRequest Request called at 10/23/2018 8:57:05 AM   :::   08:57:05.0240899

::::::::::: PostAuthorizeRequest Request called at 10/23/2018 8:57:05 AM   :::   08:57:05.0261000

::::::::::: End Request called at 10/23/2018 8:57:05 AM   :::   08:57:05.0280995

::::::::::: PostResolveRequestCache Request called at 10/23/2018 8:57:05 AM   :::   08:57:05.0300985

::::::::::: AcquireRequestState Request called at 10/23/2018 8:57:05 AM   :::   08:57:05.0341002

::::::::::: PostAcquireRequestState Request called at 10/23/2018 8:57:05 AM   :::   08:57:05.0360984

::::::::::: PreRequestHandlerExecute Request called at 10/23/2018 8:57:05 AM   :::   08:57:05.0391026

::::::::::: BeginRequest Request called at 10/23/2018 8:57:20 AM   :::   08:57:20.3234788

::::::::::: AuthenticateRequest Request called at 10/23/2018 8:57:20 AM   :::   08:57:20.3289778

::::::::::: PostAuthenticateRequest Request called at 10/23/2018 8:57:20 AM   :::   08:57:20.3309764

::::::::::: AuthorizeRequest Request called at 10/23/2018 8:57:20 AM   :::   08:57:20.3329771

::::::::::: PostAuthorizeRequest Request called at 10/23/2018 8:57:20 AM   :::   08:57:20.3499773

::::::::::: End Request called at 10/23/2018 8:57:20 AM   :::   08:57:20.3569866

::::::::::: PostResolveRequestCache Request called at 10/23/2018 8:57:20 AM   :::   08:57:20.3594795

::::::::::: AcquireRequestState Request called at 10/23/2018 8:57:20 AM   :::   08:57:20.3614778

::::::::::: PostAcquireRequestState Request called at 10/23/2018 8:57:20 AM   :::   08:57:20.3634769

::::::::::: PreRequestHandlerExecute Request called at 10/23/2018 8:57:20 AM   :::   08:57:20.3649777

::::::::::: PreSendRequestContent Request called at 10/23/2018 8:57:20 AM   :::   08:57:20.8575269

::::::::::: PreSendRequestHeaders Request called at 10/23/2018 8:57:20 AM   :::   08:57:20.8635268

::::::::::: PostRequestHandlerExecute Request called at 10/23/2018 8:57:20 AM   :::   08:57:20.8895283

::::::::::: ReleaseRequestState Request called at 10/23/2018 8:57:20 AM   :::   08:57:20.8915262

::::::::::: PostReleaseRequestState Request called at 10/23/2018 8:57:20 AM   :::   08:57:20.8935252

::::::::::: UpdateRequestCache Request called at 10/23/2018 8:57:20 AM   :::   08:57:20.8955259

::::::::::: EndRequest Request called at 10/23/2018 8:57:20 AM   :::   08:57:20.8965258

::::::::::: PreSendRequestContent Request called at 10/23/2018 8:57:20 AM   :::   08:57:20.8985268

::::::::::: BeginRequest Request called at 10/23/2018 8:57:21 AM   :::   08:57:21.3975753

::::::::::: AuthenticateRequest Request called at 10/23/2018 8:57:21 AM   :::   08:57:21.4000745

::::::::::: PostAuthenticateRequest Request called at 10/23/2018 8:57:21 AM   :::   08:57:21.4020755

::::::::::: AuthorizeRequest Request called at 10/23/2018 8:57:21 AM   :::   08:57:21.4040754

::::::::::: PostAuthorizeRequest Request called at 10/23/2018 8:57:21 AM   :::   08:57:21.4075757

::::::::::: End Request called at 10/23/2018 8:57:21 AM   :::   08:57:21.4095755

::::::::::: PostResolveRequestCache Request called at 10/23/2018 8:57:21 AM   :::   08:57:21.4120759

::::::::::: AcquireRequestState Request called at 10/23/2018 8:57:21 AM   :::   08:57:21.4140746

::::::::::: PostAcquireRequestState Request called at 10/23/2018 8:57:21 AM   :::   08:57:21.4170763

::::::::::: PreRequestHandlerExecute Request called at 10/23/2018 8:57:21 AM   :::   08:57:21.4210768

::::::::::: PostRequestHandlerExecute Request called at 10/23/2018 8:57:21 AM   :::   08:57:21.5665748

::::::::::: ReleaseRequestState Request called at 10/23/2018 8:57:21 AM   :::   08:57:21.5685758

::::::::::: PostReleaseRequestState Request called at 10/23/2018 8:57:21 AM   :::   08:57:21.5720757

::::::::::: UpdateRequestCache Request called at 10/23/2018 8:57:21 AM   :::   08:57:21.5740767

::::::::::: EndRequest Request called at 10/23/2018 8:57:21 AM   :::   08:57:21.5755744

::::::::::: PreSendRequestContent Request called at 10/23/2018 8:57:21 AM   :::   08:57:21.5775739

::::::::::: PreSendRequestHeaders Request called at 10/23/2018 8:57:21 AM   :::   08:57:21.5795749

::::::::::: PreSendRequestContent Request called at 10/23/2018 8:57:23 AM   :::   08:57:23.6071069

::::::::::: PreSendRequestHeaders Request called at 10/23/2018 8:57:23 AM   :::   08:57:23.6091178

::::::::::: PostRequestHandlerExecute Request called at 10/23/2018 8:57:23 AM   :::   08:57:23.6201190

::::::::::: ReleaseRequestState Request called at 10/23/2018 8:57:23 AM   :::   08:57:23.6221168

::::::::::: PostReleaseRequestState Request called at 10/23/2018 8:57:23 AM   :::   08:57:23.6231175

::::::::::: UpdateRequestCache Request called at 10/23/2018 8:57:23 AM   :::   08:57:23.6251166

::::::::::: EndRequest Request called at 10/23/2018 8:57:23 AM   :::   08:57:23.6261185

::::::::::: PreSendRequestContent Request called at 10/23/2018 8:57:23 AM   :::   08:57:23.6281168

::::::::::: BeginRequest Request called at 10/23/2018 8:57:33 AM   :::   08:57:33.7290094

::::::::::: AuthenticateRequest Request called at 10/23/2018 8:57:33 AM   :::   08:57:33.7370060

::::::::::: PostAuthenticateRequest Request called at 10/23/2018 8:57:33 AM   :::   08:57:33.7510042

::::::::::: AuthorizeRequest Request called at 10/23/2018 8:57:33 AM   :::   08:57:33.7570049

::::::::::: PostAuthorizeRequest Request called at 10/23/2018 8:57:33 AM   :::   08:57:33.7640016

::::::::::: End Request called at 10/23/2018 8:57:33 AM   :::   08:57:33.7670029

::::::::::: PostResolveRequestCache Request called at 10/23/2018 8:57:33 AM   :::   08:57:33.7709998

::::::::::: AcquireRequestState Request called at 10/23/2018 8:57:33 AM   :::   08:57:33.7730009

::::::::::: PostAcquireRequestState Request called at 10/23/2018 8:57:33 AM   :::   08:57:33.7800007

::::::::::: PreRequestHandlerExecute Request called at 10/23/2018 8:57:33 AM   :::   08:57:33.7840000

::::::::::: PostRequestHandlerExecute Request called at 10/23/2018 8:57:33 AM   :::   08:57:33.8030088

::::::::::: ReleaseRequestState Request called at 10/23/2018 8:57:33 AM   :::   08:57:33.8045022

::::::::::: PostReleaseRequestState Request called at 10/23/2018 8:57:33 AM   :::   08:57:33.8060022

::::::::::: UpdateRequestCache Request called at 10/23/2018 8:57:33 AM   :::   08:57:33.8075023

::::::::::: EndRequest Request called at 10/23/2018 8:57:33 AM   :::   08:57:33.8110034

::::::::::: PreSendRequestContent Request called at 10/23/2018 8:57:33 AM   :::   08:57:33.8130033

::::::::::: PreSendRequestHeaders Request called at 10/23/2018 8:57:33 AM   :::   08:57:33.8140083

::::::::::: BeginRequest Request called at 10/23/2018 8:58:51 AM   :::   08:58:51.5281762

::::::::::: AuthenticateRequest Request called at 10/23/2018 8:58:51 AM   :::   08:58:51.5386764

::::::::::: PostAuthenticateRequest Request called at 10/23/2018 8:58:51 AM   :::   08:58:51.5441758

::::::::::: AuthorizeRequest Request called at 10/23/2018 8:58:51 AM   :::   08:58:51.5471759

::::::::::: PostAuthorizeRequest Request called at 10/23/2018 8:58:51 AM   :::   08:58:51.5491766

::::::::::: End Request called at 10/23/2018 8:58:51 AM   :::   08:58:51.5516766

::::::::::: PostResolveRequestCache Request called at 10/23/2018 8:58:51 AM   :::   08:58:51.5951773

::::::::::: AcquireRequestState Request called at 10/23/2018 8:58:51 AM   :::   08:58:51.6081755

::::::::::: PostAcquireRequestState Request called at 10/23/2018 8:58:51 AM   :::   08:58:51.6111769

::::::::::: PreRequestHandlerExecute Request called at 10/23/2018 8:58:51 AM   :::   08:58:51.6136757

::::::::::: PostRequestHandlerExecute Request called at 10/23/2018 8:58:53 AM   :::   08:58:53.0581915

::::::::::: ReleaseRequestState Request called at 10/23/2018 8:58:53 AM   :::   08:58:53.0626779

::::::::::: PostReleaseRequestState Request called at 10/23/2018 8:58:53 AM   :::   08:58:53.0681769

::::::::::: UpdateRequestCache Request called at 10/23/2018 8:58:53 AM   :::   08:58:53.1396778

::::::::::: EndRequest Request called at 10/23/2018 8:58:53 AM   :::   08:58:53.1436752

::::::::::: PreSendRequestContent Request called at 10/23/2018 8:58:53 AM   :::   08:58:53.1566769

::::::::::: PreSendRequestHeaders Request called at 10/23/2018 8:58:53 AM   :::   08:58:53.1601788

::::::::::: BeginRequest Request called at 10/23/2018 8:58:53 AM   :::   08:58:53.6002026

::::::::::: AuthenticateRequest Request called at 10/23/2018 8:58:53 AM   :::   08:58:53.6022171

::::::::::: PostAuthenticateRequest Request called at 10/23/2018 8:58:53 AM   :::   08:58:53.6042169

::::::::::: AuthorizeRequest Request called at 10/23/2018 8:58:53 AM   :::   08:58:53.6062148

::::::::::: PostAuthorizeRequest Request called at 10/23/2018 8:58:53 AM   :::   08:58:53.6072151

::::::::::: End Request called at 10/23/2018 8:58:53 AM   :::   08:58:53.6092161

::::::::::: PostResolveRequestCache Request called at 10/23/2018 8:58:53 AM   :::   08:58:53.6132158

::::::::::: AcquireRequestState Request called at 10/23/2018 8:58:53 AM   :::   08:58:53.6172175

::::::::::: PostAcquireRequestState Request called at 10/23/2018 8:58:53 AM   :::   08:58:53.6192157

::::::::::: PreRequestHandlerExecute Request called at 10/23/2018 8:58:53 AM   :::   08:58:53.6212172

::::::::::: PostRequestHandlerExecute Request called at 10/23/2018 8:58:53 AM   :::   08:58:53.6482151

::::::::::: ReleaseRequestState Request called at 10/23/2018 8:58:53 AM   :::   08:58:53.6512140

::::::::::: PostReleaseRequestState Request called at 10/23/2018 8:58:53 AM   :::   08:58:53.6522155

::::::::::: UpdateRequestCache Request called at 10/23/2018 8:58:53 AM   :::   08:58:53.6552145

::::::::::: EndRequest Request called at 10/23/2018 8:58:53 AM   :::   08:58:53.6562148

::::::::::: PreSendRequestContent Request called at 10/23/2018 8:58:53 AM   :::   08:58:53.6572144

::::::::::: PreSendRequestHeaders Request called at 10/23/2018 8:58:53 AM   :::   08:58:53.6582143

::::::::::: BeginRequest Request called at 10/23/2018 8:58:59 AM   :::   08:58:59.5335955

::::::::::: AuthenticateRequest Request called at 10/23/2018 8:58:59 AM   :::   08:58:59.5355953

::::::::::: PostAuthenticateRequest Request called at 10/23/2018 8:58:59 AM   :::   08:58:59.5375952

::::::::::: AuthorizeRequest Request called at 10/23/2018 8:58:59 AM   :::   08:58:59.5405941

::::::::::: PostAuthorizeRequest Request called at 10/23/2018 8:58:59 AM   :::   08:58:59.5435951

::::::::::: End Request called at 10/23/2018 8:58:59 AM   :::   08:58:59.5455977

::::::::::: PostResolveRequestCache Request called at 10/23/2018 8:58:59 AM   :::   08:58:59.5505938

::::::::::: AcquireRequestState Request called at 10/23/2018 8:58:59 AM   :::   08:58:59.5525956

::::::::::: PostAcquireRequestState Request called at 10/23/2018 8:58:59 AM   :::   08:58:59.5545998

::::::::::: PreRequestHandlerExecute Request called at 10/23/2018 8:58:59 AM   :::   08:58:59.5565941

::::::::::: PostRequestHandlerExecute Request called at 10/23/2018 8:58:59 AM   :::   08:58:59.6336169

::::::::::: ReleaseRequestState Request called at 10/23/2018 8:58:59 AM   :::   08:58:59.6346232

::::::::::: PostReleaseRequestState Request called at 10/23/2018 8:58:59 AM   :::   08:58:59.6356175

::::::::::: UpdateRequestCache Request called at 10/23/2018 8:58:59 AM   :::   08:58:59.6376233

::::::::::: EndRequest Request called at 10/23/2018 8:58:59 AM   :::   08:58:59.6386173

::::::::::: PreSendRequestContent Request called at 10/23/2018 8:58:59 AM   :::   08:58:59.6406176

::::::::::: PreSendRequestHeaders Request called at 10/23/2018 8:58:59 AM   :::   08:58:59.6426174

::::::::::: BeginRequest Request called at 10/23/2018 8:59:00 AM   :::   08:59:00.8927938

::::::::::: AuthenticateRequest Request called at 10/23/2018 8:59:00 AM   :::   08:59:00.8942927

::::::::::: PostAuthenticateRequest Request called at 10/23/2018 8:59:00 AM   :::   08:59:00.8962901

::::::::::: AuthorizeRequest Request called at 10/23/2018 8:59:00 AM   :::   08:59:00.8977894

::::::::::: PostAuthorizeRequest Request called at 10/23/2018 8:59:00 AM   :::   08:59:00.8992887

::::::::::: End Request called at 10/23/2018 8:59:00 AM   :::   08:59:00.9007888

::::::::::: PostResolveRequestCache Request called at 10/23/2018 8:59:00 AM   :::   08:59:00.9022889

::::::::::: AcquireRequestState Request called at 10/23/2018 8:59:00 AM   :::   08:59:00.9034479

::::::::::: PostAcquireRequestState Request called at 10/23/2018 8:59:00 AM   :::   08:59:00.9054394

::::::::::: PreRequestHandlerExecute Request called at 10/23/2018 8:59:00 AM   :::   08:59:00.9064473

::::::::::: PostRequestHandlerExecute Request called at 10/23/2018 8:59:38 AM   :::   08:59:38.7781469

::::::::::: ReleaseRequestState Request called at 10/23/2018 8:59:38 AM   :::   08:59:38.7801247

::::::::::: PostReleaseRequestState Request called at 10/23/2018 8:59:38 AM   :::   08:59:38.7811313

::::::::::: UpdateRequestCache Request called at 10/23/2018 8:59:38 AM   :::   08:59:38.7831256

::::::::::: EndRequest Request called at 10/23/2018 8:59:38 AM   :::   08:59:38.7841307

::::::::::: BeginRequest Request called at 10/23/2018 8:59:45 AM   :::   08:59:45.9805726

::::::::::: AuthenticateRequest Request called at 10/23/2018 8:59:45 AM   :::   08:59:45.9845620

::::::::::: PostAuthenticateRequest Request called at 10/23/2018 8:59:45 AM   :::   08:59:45.9885636

::::::::::: AuthorizeRequest Request called at 10/23/2018 8:59:45 AM   :::   08:59:45.9915650

::::::::::: PostAuthorizeRequest Request called at 10/23/2018 8:59:45 AM   :::   08:59:45.9945663

::::::::::: End Request called at 10/23/2018 8:59:45 AM   :::   08:59:45.9985641

::::::::::: PostResolveRequestCache Request called at 10/23/2018 8:59:46 AM   :::   08:59:46.0025673

::::::::::: AcquireRequestState Request called at 10/23/2018 8:59:46 AM   :::   08:59:46.0055627

::::::::::: PostAcquireRequestState Request called at 10/23/2018 8:59:46 AM   :::   08:59:46.0085645

::::::::::: PreRequestHandlerExecute Request called at 10/23/2018 8:59:46 AM   :::   08:59:46.0115867

::::::::::: PreSendRequestContent Request called at 10/23/2018 8:59:48 AM   :::   08:59:48.5666359

::::::::::: PreSendRequestHeaders Request called at 10/23/2018 8:59:48 AM   :::   08:59:48.5686551

::::::::::: PostRequestHandlerExecute Request called at 10/23/2018 8:59:48 AM   :::   08:59:48.5776785

::::::::::: ReleaseRequestState Request called at 10/23/2018 8:59:48 AM   :::   08:59:48.5806806

::::::::::: PostReleaseRequestState Request called at 10/23/2018 8:59:48 AM   :::   08:59:48.5826793

::::::::::: UpdateRequestCache Request called at 10/23/2018 8:59:48 AM   :::   08:59:48.5836784

::::::::::: EndRequest Request called at 10/23/2018 8:59:48 AM   :::   08:59:48.5856787

::::::::::: PreSendRequestContent Request called at 10/23/2018 8:59:48 AM   :::   08:59:48.5876817

::::::::::: BeginRequest Request called at 10/23/2018 8:59:48 AM   :::   08:59:48.8592602

::::::::::: AuthenticateRequest Request called at 10/23/2018 8:59:48 AM   :::   08:59:48.8612755

::::::::::: PostAuthenticateRequest Request called at 10/23/2018 8:59:48 AM   :::   08:59:48.8627744

::::::::::: AuthorizeRequest Request called at 10/23/2018 8:59:48 AM   :::   08:59:48.8637739

::::::::::: PostAuthorizeRequest Request called at 10/23/2018 8:59:48 AM   :::   08:59:48.8647746

::::::::::: End Request called at 10/23/2018 8:59:48 AM   :::   08:59:48.8662739

::::::::::: PostResolveRequestCache Request called at 10/23/2018 8:59:48 AM   :::   08:59:48.8677771

::::::::::: AcquireRequestState Request called at 10/23/2018 8:59:48 AM   :::   08:59:48.8687731

::::::::::: PostAcquireRequestState Request called at 10/23/2018 8:59:48 AM   :::   08:59:48.8707753

::::::::::: PreRequestHandlerExecute Request called at 10/23/2018 8:59:48 AM   :::   08:59:48.8722762

::::::::::: BeginRequest Request called at 10/23/2018 4:10:05 PM   :::   16:10:05.0651925

::::::::::: AuthenticateRequest Request called at 10/23/2018 4:10:05 PM   :::   16:10:05.0741919

::::::::::: PostAuthenticateRequest Request called at 10/23/2018 4:10:05 PM   :::   16:10:05.0786914

::::::::::: AuthorizeRequest Request called at 10/23/2018 4:10:05 PM   :::   16:10:05.0811919

::::::::::: PostAuthorizeRequest Request called at 10/23/2018 4:10:05 PM   :::   16:10:05.0831917

::::::::::: End Request called at 10/23/2018 4:10:05 PM   :::   16:10:05.0851916

::::::::::: PostResolveRequestCache Request called at 10/23/2018 4:10:05 PM   :::   16:10:05.1546944

::::::::::: AcquireRequestState Request called at 10/23/2018 4:10:05 PM   :::   16:10:05.1851942

::::::::::: PostAcquireRequestState Request called at 10/23/2018 4:10:05 PM   :::   16:10:05.1906929

::::::::::: PreRequestHandlerExecute Request called at 10/23/2018 4:10:05 PM   :::   16:10:05.1986928

::::::::::: PostRequestHandlerExecute Request called at 10/23/2018 4:10:07 PM   :::   16:10:07.2502228

::::::::::: ReleaseRequestState Request called at 10/23/2018 4:10:07 PM   :::   16:10:07.2552217

::::::::::: PostReleaseRequestState Request called at 10/23/2018 4:10:07 PM   :::   16:10:07.2582211

::::::::::: UpdateRequestCache Request called at 10/23/2018 4:10:07 PM   :::   16:10:07.3252246

::::::::::: EndRequest Request called at 10/23/2018 4:10:07 PM   :::   16:10:07.3292240

::::::::::: PreSendRequestContent Request called at 10/23/2018 4:10:07 PM   :::   16:10:07.3377236

::::::::::: PreSendRequestHeaders Request called at 10/23/2018 4:10:07 PM   :::   16:10:07.3477230

::::::::::: BeginRequest Request called at 10/23/2018 4:24:05 PM   :::   16:24:05.6692327

::::::::::: AuthenticateRequest Request called at 10/23/2018 4:24:05 PM   :::   16:24:05.6712291

::::::::::: PostAuthenticateRequest Request called at 10/23/2018 4:24:05 PM   :::   16:24:05.6732297

::::::::::: AuthorizeRequest Request called at 10/23/2018 4:24:05 PM   :::   16:24:05.6752292

::::::::::: PostAuthorizeRequest Request called at 10/23/2018 4:24:05 PM   :::   16:24:05.6762276

::::::::::: End Request called at 10/23/2018 4:24:05 PM   :::   16:24:05.6772295

::::::::::: PostResolveRequestCache Request called at 10/23/2018 4:24:05 PM   :::   16:24:05.6812285

::::::::::: AcquireRequestState Request called at 10/23/2018 4:24:05 PM   :::   16:24:05.6832300

::::::::::: PostAcquireRequestState Request called at 10/23/2018 4:24:05 PM   :::   16:24:05.6842319

::::::::::: PreRequestHandlerExecute Request called at 10/23/2018 4:24:05 PM   :::   16:24:05.6852290

::::::::::: PreSendRequestContent Request called at 10/23/2018 4:24:11 PM   :::   16:24:11.6972362

::::::::::: PreSendRequestHeaders Request called at 10/23/2018 4:24:11 PM   :::   16:24:11.6992345

::::::::::: PostRequestHandlerExecute Request called at 10/23/2018 4:24:11 PM   :::   16:24:11.7192373

::::::::::: ReleaseRequestState Request called at 10/23/2018 4:24:11 PM   :::   16:24:11.7212352

::::::::::: PostReleaseRequestState Request called at 10/23/2018 4:24:11 PM   :::   16:24:11.7232391

::::::::::: UpdateRequestCache Request called at 10/23/2018 4:24:11 PM   :::   16:24:11.7242378

::::::::::: EndRequest Request called at 10/23/2018 4:24:11 PM   :::   16:24:11.7262373

::::::::::: PreSendRequestContent Request called at 10/23/2018 4:24:11 PM   :::   16:24:11.7282384

::::::::::: BeginRequest Request called at 10/23/2018 4:35:47 PM   :::   16:35:47.4630936

::::::::::: AuthenticateRequest Request called at 10/23/2018 4:35:47 PM   :::   16:35:47.4755931

::::::::::: PostAuthenticateRequest Request called at 10/23/2018 4:35:47 PM   :::   16:35:47.4810945

::::::::::: AuthorizeRequest Request called at 10/23/2018 4:35:47 PM   :::   16:35:47.4880945

::::::::::: PostAuthorizeRequest Request called at 10/23/2018 4:35:47 PM   :::   16:35:47.4905957

::::::::::: End Request called at 10/23/2018 4:35:47 PM   :::   16:35:47.4925972

::::::::::: PostResolveRequestCache Request called at 10/23/2018 4:35:47 PM   :::   16:35:47.5430972

::::::::::: AcquireRequestState Request called at 10/23/2018 4:35:47 PM   :::   16:35:47.5560941

::::::::::: PostAcquireRequestState Request called at 10/23/2018 4:35:47 PM   :::   16:35:47.5585953

::::::::::: PreRequestHandlerExecute Request called at 10/23/2018 4:35:47 PM   :::   16:35:47.5605964

::::::::::: PostRequestHandlerExecute Request called at 10/23/2018 4:35:48 PM   :::   16:35:48.8867941

::::::::::: ReleaseRequestState Request called at 10/23/2018 4:35:48 PM   :::   16:35:48.8892973

::::::::::: PostReleaseRequestState Request called at 10/23/2018 4:35:48 PM   :::   16:35:48.9017959

::::::::::: UpdateRequestCache Request called at 10/23/2018 4:35:48 PM   :::   16:35:48.9652980

::::::::::: EndRequest Request called at 10/23/2018 4:35:48 PM   :::   16:35:48.9702961

::::::::::: PreSendRequestContent Request called at 10/23/2018 4:35:48 PM   :::   16:35:48.9787974

::::::::::: PreSendRequestHeaders Request called at 10/23/2018 4:35:48 PM   :::   16:35:48.9812982

::::::::::: BeginRequest Request called at 10/23/2018 4:36:07 PM   :::   16:36:07.6942183

::::::::::: AuthenticateRequest Request called at 10/23/2018 4:36:07 PM   :::   16:36:07.6982050

::::::::::: PostAuthenticateRequest Request called at 10/23/2018 4:36:07 PM   :::   16:36:07.7002069

::::::::::: AuthorizeRequest Request called at 10/23/2018 4:36:07 PM   :::   16:36:07.7012092

::::::::::: PostAuthorizeRequest Request called at 10/23/2018 4:36:07 PM   :::   16:36:07.7032067

::::::::::: End Request called at 10/23/2018 4:36:07 PM   :::   16:36:07.7052062

::::::::::: PostResolveRequestCache Request called at 10/23/2018 4:36:07 PM   :::   16:36:07.7132089

::::::::::: AcquireRequestState Request called at 10/23/2018 4:36:07 PM   :::   16:36:07.7162071

::::::::::: PostAcquireRequestState Request called at 10/23/2018 4:36:07 PM   :::   16:36:07.7182074

::::::::::: PreRequestHandlerExecute Request called at 10/23/2018 4:36:07 PM   :::   16:36:07.7202065

::::::::::: PreSendRequestContent Request called at 10/23/2018 4:36:13 PM   :::   16:36:13.3474545

::::::::::: PreSendRequestHeaders Request called at 10/23/2018 4:36:13 PM   :::   16:36:13.3489569

::::::::::: PostRequestHandlerExecute Request called at 10/23/2018 4:36:13 PM   :::   16:36:13.3684667

::::::::::: ReleaseRequestState Request called at 10/23/2018 4:36:13 PM   :::   16:36:13.3704681

::::::::::: PostReleaseRequestState Request called at 10/23/2018 4:36:13 PM   :::   16:36:13.3734687

::::::::::: UpdateRequestCache Request called at 10/23/2018 4:36:13 PM   :::   16:36:13.3764670

::::::::::: EndRequest Request called at 10/23/2018 4:36:13 PM   :::   16:36:13.3784681

::::::::::: PreSendRequestContent Request called at 10/23/2018 4:36:13 PM   :::   16:36:13.3804727

::::::::::: BeginRequest Request called at 10/23/2018 4:36:16 PM   :::   16:36:16.6563989

::::::::::: AuthenticateRequest Request called at 10/23/2018 4:36:16 PM   :::   16:36:16.6604093

::::::::::: PostAuthenticateRequest Request called at 10/23/2018 4:36:16 PM   :::   16:36:16.6634103

::::::::::: AuthorizeRequest Request called at 10/23/2018 4:36:16 PM   :::   16:36:16.6664110

::::::::::: PostAuthorizeRequest Request called at 10/23/2018 4:36:16 PM   :::   16:36:16.6674101

::::::::::: End Request called at 10/23/2018 4:36:16 PM   :::   16:36:16.6694116

::::::::::: PostResolveRequestCache Request called at 10/23/2018 4:36:16 PM   :::   16:36:16.6754124

::::::::::: AcquireRequestState Request called at 10/23/2018 4:36:16 PM   :::   16:36:16.6774103

::::::::::: PostAcquireRequestState Request called at 10/23/2018 4:36:16 PM   :::   16:36:16.6794102

::::::::::: PreRequestHandlerExecute Request called at 10/23/2018 4:36:16 PM   :::   16:36:16.6814097

::::::::::: PreSendRequestContent Request called at 10/23/2018 4:36:25 PM   :::   16:36:25.5001325

::::::::::: PreSendRequestHeaders Request called at 10/23/2018 4:36:25 PM   :::   16:36:25.5031335

::::::::::: PostRequestHandlerExecute Request called at 10/23/2018 4:36:25 PM   :::   16:36:25.5051314

::::::::::: ReleaseRequestState Request called at 10/23/2018 4:36:25 PM   :::   16:36:25.5081328

::::::::::: PostReleaseRequestState Request called at 10/23/2018 4:36:25 PM   :::   16:36:25.5101327

::::::::::: UpdateRequestCache Request called at 10/23/2018 4:36:25 PM   :::   16:36:25.5121314

::::::::::: EndRequest Request called at 10/23/2018 4:36:25 PM   :::   16:36:25.5131337

::::::::::: PreSendRequestContent Request called at 10/23/2018 4:36:25 PM   :::   16:36:25.5151344

::::::::::: BeginRequest Request called at 10/23/2018 4:37:04 PM   :::   16:37:04.7110787

::::::::::: AuthenticateRequest Request called at 10/23/2018 4:37:04 PM   :::   16:37:04.7130727

::::::::::: PostAuthenticateRequest Request called at 10/23/2018 4:37:04 PM   :::   16:37:04.7220721

::::::::::: AuthorizeRequest Request called at 10/23/2018 4:37:04 PM   :::   16:37:04.7260711

::::::::::: PostAuthorizeRequest Request called at 10/23/2018 4:37:04 PM   :::   16:37:04.7310704

::::::::::: End Request called at 10/23/2018 4:37:04 PM   :::   16:37:04.7340750

::::::::::: PostResolveRequestCache Request called at 10/23/2018 4:37:04 PM   :::   16:37:04.7370713

::::::::::: AcquireRequestState Request called at 10/23/2018 4:37:04 PM   :::   16:37:04.7390743

::::::::::: PostAcquireRequestState Request called at 10/23/2018 4:37:04 PM   :::   16:37:04.7440716

::::::::::: PreRequestHandlerExecute Request called at 10/23/2018 4:37:04 PM   :::   16:37:04.7460727

::::::::::: PreSendRequestContent Request called at 10/23/2018 4:37:10 PM   :::   16:37:10.0059608

::::::::::: PreSendRequestHeaders Request called at 10/23/2018 4:37:10 PM   :::   16:37:10.0069418

::::::::::: PostRequestHandlerExecute Request called at 10/23/2018 4:37:10 PM   :::   16:37:10.0199442

::::::::::: ReleaseRequestState Request called at 10/23/2018 4:37:10 PM   :::   16:37:10.0209433

::::::::::: PostReleaseRequestState Request called at 10/23/2018 4:37:10 PM   :::   16:37:10.0219437

::::::::::: UpdateRequestCache Request called at 10/23/2018 4:37:10 PM   :::   16:37:10.0239451

::::::::::: EndRequest Request called at 10/23/2018 4:37:10 PM   :::   16:37:10.0249451

::::::::::: PreSendRequestContent Request called at 10/23/2018 4:37:10 PM   :::   16:37:10.0269458

::::::::::: BeginRequest Request called at 10/23/2018 4:37:12 PM   :::   16:37:12.9622543

::::::::::: AuthenticateRequest Request called at 10/23/2018 4:37:12 PM   :::   16:37:12.9632570

::::::::::: PostAuthenticateRequest Request called at 10/23/2018 4:37:12 PM   :::   16:37:12.9642546

::::::::::: AuthorizeRequest Request called at 10/23/2018 4:37:12 PM   :::   16:37:12.9662545

::::::::::: PostAuthorizeRequest Request called at 10/23/2018 4:37:12 PM   :::   16:37:12.9682567

::::::::::: End Request called at 10/23/2018 4:37:12 PM   :::   16:37:12.9692559

::::::::::: PostResolveRequestCache Request called at 10/23/2018 4:37:12 PM   :::   16:37:12.9702538

::::::::::: AcquireRequestState Request called at 10/23/2018 4:37:12 PM   :::   16:37:12.9722569

::::::::::: PostAcquireRequestState Request called at 10/23/2018 4:37:12 PM   :::   16:37:12.9732580

::::::::::: PreRequestHandlerExecute Request called at 10/23/2018 4:37:12 PM   :::   16:37:12.9742536

::::::::::: PreSendRequestContent Request called at 10/23/2018 4:37:44 PM   :::   16:37:44.6801776

::::::::::: PreSendRequestHeaders Request called at 10/23/2018 4:37:44 PM   :::   16:37:44.6831731

::::::::::: PostRequestHandlerExecute Request called at 10/23/2018 4:37:44 PM   :::   16:37:44.6921757

::::::::::: ReleaseRequestState Request called at 10/23/2018 4:37:44 PM   :::   16:37:44.6961787

::::::::::: PostReleaseRequestState Request called at 10/23/2018 4:37:44 PM   :::   16:37:44.6991773

::::::::::: UpdateRequestCache Request called at 10/23/2018 4:37:44 PM   :::   16:37:44.7011760

::::::::::: EndRequest Request called at 10/23/2018 4:37:44 PM   :::   16:37:44.7061757

::::::::::: PreSendRequestContent Request called at 10/23/2018 4:37:44 PM   :::   16:37:44.7091751

::::::::::: BeginRequest Request called at 10/23/2018 4:38:00 PM   :::   16:38:00.1234968

::::::::::: AuthenticateRequest Request called at 10/23/2018 4:38:00 PM   :::   16:38:00.1275111

::::::::::: PostAuthenticateRequest Request called at 10/23/2018 4:38:00 PM   :::   16:38:00.1305074

::::::::::: AuthorizeRequest Request called at 10/23/2018 4:38:00 PM   :::   16:38:00.1330086

::::::::::: PostAuthorizeRequest Request called at 10/23/2018 4:38:00 PM   :::   16:38:00.1360081

::::::::::: End Request called at 10/23/2018 4:38:00 PM   :::   16:38:00.1400075

::::::::::: PostResolveRequestCache Request called at 10/23/2018 4:38:00 PM   :::   16:38:00.1420208

::::::::::: AcquireRequestState Request called at 10/23/2018 4:38:00 PM   :::   16:38:00.1440230

::::::::::: PostAcquireRequestState Request called at 10/23/2018 4:38:00 PM   :::   16:38:00.1460189

::::::::::: PreRequestHandlerExecute Request called at 10/23/2018 4:38:00 PM   :::   16:38:00.1490247

::::::::::: PostRequestHandlerExecute Request called at 10/23/2018 4:42:02 PM   :::   16:42:02.8141710

::::::::::: ReleaseRequestState Request called at 10/23/2018 4:42:02 PM   :::   16:42:02.8161717

::::::::::: PostReleaseRequestState Request called at 10/23/2018 4:42:02 PM   :::   16:42:02.8191707

::::::::::: UpdateRequestCache Request called at 10/23/2018 4:42:02 PM   :::   16:42:02.8221733

::::::::::: EndRequest Request called at 10/23/2018 4:42:02 PM   :::   16:42:02.8241728

::::::::::: BeginRequest Request called at 10/23/2018 4:42:27 PM   :::   16:42:27.3668434

::::::::::: AuthenticateRequest Request called at 10/23/2018 4:42:27 PM   :::   16:42:27.3708483

::::::::::: PostAuthenticateRequest Request called at 10/23/2018 4:42:27 PM   :::   16:42:27.3748477

::::::::::: AuthorizeRequest Request called at 10/23/2018 4:42:27 PM   :::   16:42:27.3778459

::::::::::: PostAuthorizeRequest Request called at 10/23/2018 4:42:27 PM   :::   16:42:27.3798446

::::::::::: End Request called at 10/23/2018 4:42:27 PM   :::   16:42:27.3818417

::::::::::: PostResolveRequestCache Request called at 10/23/2018 4:42:27 PM   :::   16:42:27.3848522

::::::::::: AcquireRequestState Request called at 10/23/2018 4:42:27 PM   :::   16:42:27.3868525

::::::::::: PostAcquireRequestState Request called at 10/23/2018 4:42:27 PM   :::   16:42:27.3893525

::::::::::: PreRequestHandlerExecute Request called at 10/23/2018 4:42:27 PM   :::   16:42:27.3928517

::::::::::: PreSendRequestContent Request called at 10/23/2018 4:42:36 PM   :::   16:42:36.1467015

::::::::::: PreSendRequestHeaders Request called at 10/23/2018 4:42:36 PM   :::   16:42:36.1476849

::::::::::: PostRequestHandlerExecute Request called at 10/23/2018 4:42:36 PM   :::   16:42:36.1666849

::::::::::: ReleaseRequestState Request called at 10/23/2018 4:42:36 PM   :::   16:42:36.1696855

::::::::::: PostReleaseRequestState Request called at 10/23/2018 4:42:36 PM   :::   16:42:36.1716846

::::::::::: UpdateRequestCache Request called at 10/23/2018 4:42:36 PM   :::   16:42:36.1736857

::::::::::: EndRequest Request called at 10/23/2018 4:42:36 PM   :::   16:42:36.1776886

::::::::::: PreSendRequestContent Request called at 10/23/2018 4:42:36 PM   :::   16:42:36.1796861

::::::::::: BeginRequest Request called at 10/23/2018 4:42:39 PM   :::   16:42:39.9770797

::::::::::: AuthenticateRequest Request called at 10/23/2018 4:42:39 PM   :::   16:42:39.9790788

::::::::::: PostAuthenticateRequest Request called at 10/23/2018 4:42:39 PM   :::   16:42:39.9810764

::::::::::: AuthorizeRequest Request called at 10/23/2018 4:42:39 PM   :::   16:42:39.9830822

::::::::::: PostAuthorizeRequest Request called at 10/23/2018 4:42:39 PM   :::   16:42:39.9850773

::::::::::: End Request called at 10/23/2018 4:42:39 PM   :::   16:42:39.9900766

::::::::::: PostResolveRequestCache Request called at 10/23/2018 4:42:39 PM   :::   16:42:39.9945864

::::::::::: AcquireRequestState Request called at 10/23/2018 4:42:39 PM   :::   16:42:39.9995857

::::::::::: PostAcquireRequestState Request called at 10/23/2018 4:42:40 PM   :::   16:42:40.0010843

::::::::::: PreRequestHandlerExecute Request called at 10/23/2018 4:42:40 PM   :::   16:42:40.0035867

::::::::::: PostRequestHandlerExecute Request called at 10/23/2018 4:56:54 PM   :::   16:56:54.8942440

::::::::::: ReleaseRequestState Request called at 10/23/2018 4:56:54 PM   :::   16:56:54.8962423

::::::::::: PostReleaseRequestState Request called at 10/23/2018 4:56:54 PM   :::   16:56:54.8982429

::::::::::: UpdateRequestCache Request called at 10/23/2018 4:56:54 PM   :::   16:56:54.9022426

::::::::::: EndRequest Request called at 10/23/2018 4:56:54 PM   :::   16:56:54.9092409

::::::::::: BeginRequest Request called at 10/23/2018 10:44:11 PM   :::   22:44:11.6945569

::::::::::: AuthenticateRequest Request called at 10/23/2018 10:44:11 PM   :::   22:44:11.6990588

::::::::::: PostAuthenticateRequest Request called at 10/23/2018 10:44:11 PM   :::   22:44:11.7015576

::::::::::: AuthorizeRequest Request called at 10/23/2018 10:44:11 PM   :::   22:44:11.7035582

::::::::::: PostAuthorizeRequest Request called at 10/23/2018 10:44:11 PM   :::   22:44:11.7050583

::::::::::: End Request called at 10/23/2018 10:44:11 PM   :::   22:44:11.7065584

::::::::::: PostResolveRequestCache Request called at 10/23/2018 10:44:11 PM   :::   22:44:11.7135570

::::::::::: AcquireRequestState Request called at 10/23/2018 10:44:11 PM   :::   22:44:11.7160586

::::::::::: PostAcquireRequestState Request called at 10/23/2018 10:44:11 PM   :::   22:44:11.7180593

::::::::::: PreRequestHandlerExecute Request called at 10/23/2018 10:44:11 PM   :::   22:44:11.7295574

::::::::::: PostRequestHandlerExecute Request called at 10/23/2018 10:44:11 PM   :::   22:44:11.7815581

::::::::::: ReleaseRequestState Request called at 10/23/2018 10:44:11 PM   :::   22:44:11.7835583

::::::::::: PostReleaseRequestState Request called at 10/23/2018 10:44:11 PM   :::   22:44:11.7860579

::::::::::: UpdateRequestCache Request called at 10/23/2018 10:44:11 PM   :::   22:44:11.7935591

::::::::::: EndRequest Request called at 10/23/2018 10:44:11 PM   :::   22:44:11.7980582

::::::::::: PreSendRequestContent Request called at 10/23/2018 10:44:11 PM   :::   22:44:11.8020594

::::::::::: PreSendRequestHeaders Request called at 10/23/2018 10:44:11 PM   :::   22:44:11.8040569

::::::::::: BeginRequest Request called at 10/23/2018 10:44:11 PM   :::   22:44:11.8205598

::::::::::: AuthenticateRequest Request called at 10/23/2018 10:44:11 PM   :::   22:44:11.8330574

::::::::::: PostAuthenticateRequest Request called at 10/23/2018 10:44:11 PM   :::   22:44:11.8450565

::::::::::: AuthorizeRequest Request called at 10/23/2018 10:44:11 PM   :::   22:44:11.8560592

::::::::::: PostAuthorizeRequest Request called at 10/23/2018 10:44:11 PM   :::   22:44:11.8620579

::::::::::: End Request called at 10/23/2018 10:44:11 PM   :::   22:44:11.8650585

::::::::::: PostResolveRequestCache Request called at 10/23/2018 10:44:11 PM   :::   22:44:11.8675573

::::::::::: AcquireRequestState Request called at 10/23/2018 10:44:11 PM   :::   22:44:11.8710592

::::::::::: PostAcquireRequestState Request called at 10/23/2018 10:44:11 PM   :::   22:44:11.8745579

::::::::::: PreRequestHandlerExecute Request called at 10/23/2018 10:44:11 PM   :::   22:44:11.8805583

::::::::::: PostRequestHandlerExecute Request called at 10/23/2018 10:44:27 PM   :::   22:44:27.5200533

::::::::::: ReleaseRequestState Request called at 10/23/2018 10:44:27 PM   :::   22:44:27.5210537

::::::::::: PostReleaseRequestState Request called at 10/23/2018 10:44:27 PM   :::   22:44:27.5230614

::::::::::: UpdateRequestCache Request called at 10/23/2018 10:44:27 PM   :::   22:44:27.5240578

::::::::::: EndRequest Request called at 10/23/2018 10:44:27 PM   :::   22:44:27.5260556

::::::::::: BeginRequest Request called at 10/23/2018 10:45:05 PM   :::   22:45:05.6259590

::::::::::: AuthenticateRequest Request called at 10/23/2018 10:45:05 PM   :::   22:45:05.6274587

::::::::::: PostAuthenticateRequest Request called at 10/23/2018 10:45:05 PM   :::   22:45:05.6294582

::::::::::: AuthorizeRequest Request called at 10/23/2018 10:45:05 PM   :::   22:45:05.6324591

::::::::::: PostAuthorizeRequest Request called at 10/23/2018 10:45:05 PM   :::   22:45:05.6359594

::::::::::: End Request called at 10/23/2018 10:45:05 PM   :::   22:45:05.6384595

::::::::::: PostResolveRequestCache Request called at 10/23/2018 10:45:05 PM   :::   22:45:05.6409591

::::::::::: AcquireRequestState Request called at 10/23/2018 10:45:05 PM   :::   22:45:05.6429589

::::::::::: PostAcquireRequestState Request called at 10/23/2018 10:45:05 PM   :::   22:45:05.6444598

::::::::::: PreRequestHandlerExecute Request called at 10/23/2018 10:45:05 PM   :::   22:45:05.6464592

::::::::::: PostRequestHandlerExecute Request called at 10/23/2018 10:45:05 PM   :::   22:45:05.6489600

::::::::::: ReleaseRequestState Request called at 10/23/2018 10:45:05 PM   :::   22:45:05.6509607

::::::::::: PostReleaseRequestState Request called at 10/23/2018 10:45:05 PM   :::   22:45:05.6529593

::::::::::: UpdateRequestCache Request called at 10/23/2018 10:45:05 PM   :::   22:45:05.6544586

::::::::::: EndRequest Request called at 10/23/2018 10:45:05 PM   :::   22:45:05.6579581

::::::::::: PreSendRequestContent Request called at 10/23/2018 10:45:05 PM   :::   22:45:05.6599592

::::::::::: PreSendRequestHeaders Request called at 10/23/2018 10:45:05 PM   :::   22:45:05.6614596

::::::::::: BeginRequest Request called at 10/23/2018 10:45:05 PM   :::   22:45:05.6989589

::::::::::: AuthenticateRequest Request called at 10/23/2018 10:45:05 PM   :::   22:45:05.7014624

::::::::::: PostAuthenticateRequest Request called at 10/23/2018 10:45:05 PM   :::   22:45:05.7034615

::::::::::: AuthorizeRequest Request called at 10/23/2018 10:45:05 PM   :::   22:45:05.7064601

::::::::::: PostAuthorizeRequest Request called at 10/23/2018 10:45:05 PM   :::   22:45:05.7084587

::::::::::: End Request called at 10/23/2018 10:45:05 PM   :::   22:45:05.7104598

::::::::::: PostResolveRequestCache Request called at 10/23/2018 10:45:05 PM   :::   22:45:05.7124580

::::::::::: AcquireRequestState Request called at 10/23/2018 10:45:05 PM   :::   22:45:05.7144599

::::::::::: PostAcquireRequestState Request called at 10/23/2018 10:45:05 PM   :::   22:45:05.7164629

::::::::::: PreRequestHandlerExecute Request called at 10/23/2018 10:45:05 PM   :::   22:45:05.7194599

::::::::::: PostRequestHandlerExecute Request called at 10/23/2018 10:45:56 PM   :::   22:45:56.9750519

::::::::::: ReleaseRequestState Request called at 10/23/2018 10:45:56 PM   :::   22:45:56.9770648

::::::::::: PostReleaseRequestState Request called at 10/23/2018 10:45:56 PM   :::   22:45:56.9780509

::::::::::: UpdateRequestCache Request called at 10/23/2018 10:45:56 PM   :::   22:45:56.9790555

::::::::::: EndRequest Request called at 10/23/2018 10:45:56 PM   :::   22:45:56.9810495

::::::::::: BeginRequest Request called at 10/23/2018 10:46:23 PM   :::   22:46:23.9887050

::::::::::: AuthenticateRequest Request called at 10/23/2018 10:46:23 PM   :::   22:46:23.9912050

::::::::::: PostAuthenticateRequest Request called at 10/23/2018 10:46:23 PM   :::   22:46:23.9942036

::::::::::: AuthorizeRequest Request called at 10/23/2018 10:46:23 PM   :::   22:46:23.9972053

::::::::::: PostAuthorizeRequest Request called at 10/23/2018 10:46:23 PM   :::   22:46:23.9987038

::::::::::: End Request called at 10/23/2018 10:46:24 PM   :::   22:46:24.0002047

::::::::::: PostResolveRequestCache Request called at 10/23/2018 10:46:24 PM   :::   22:46:24.0022042

::::::::::: AcquireRequestState Request called at 10/23/2018 10:46:24 PM   :::   22:46:24.0042056

::::::::::: PostAcquireRequestState Request called at 10/23/2018 10:46:24 PM   :::   22:46:24.0062038

::::::::::: PreRequestHandlerExecute Request called at 10/23/2018 10:46:24 PM   :::   22:46:24.0082045

::::::::::: PostRequestHandlerExecute Request called at 10/23/2018 10:46:24 PM   :::   22:46:24.0107037

::::::::::: ReleaseRequestState Request called at 10/23/2018 10:46:24 PM   :::   22:46:24.0132159

::::::::::: PostReleaseRequestState Request called at 10/23/2018 10:46:24 PM   :::   22:46:24.0152047

::::::::::: UpdateRequestCache Request called at 10/23/2018 10:46:24 PM   :::   22:46:24.0167040

::::::::::: EndRequest Request called at 10/23/2018 10:46:24 PM   :::   22:46:24.0187047

::::::::::: PreSendRequestContent Request called at 10/23/2018 10:46:24 PM   :::   22:46:24.0202055

::::::::::: PreSendRequestHeaders Request called at 10/23/2018 10:46:24 PM   :::   22:46:24.0222058

::::::::::: BeginRequest Request called at 10/23/2018 10:46:24 PM   :::   22:46:24.5147924

::::::::::: AuthenticateRequest Request called at 10/23/2018 10:46:24 PM   :::   22:46:24.5157947

::::::::::: PostAuthenticateRequest Request called at 10/23/2018 10:46:24 PM   :::   22:46:24.5177910

::::::::::: AuthorizeRequest Request called at 10/23/2018 10:46:24 PM   :::   22:46:24.5278017

::::::::::: PostAuthorizeRequest Request called at 10/23/2018 10:46:24 PM   :::   22:46:24.5313020

::::::::::: End Request called at 10/23/2018 10:46:24 PM   :::   22:46:24.5344427

::::::::::: PostResolveRequestCache Request called at 10/23/2018 10:46:24 PM   :::   22:46:24.5368073

::::::::::: AcquireRequestState Request called at 10/23/2018 10:46:24 PM   :::   22:46:24.5388182

::::::::::: PostAcquireRequestState Request called at 10/23/2018 10:46:24 PM   :::   22:46:24.5418187

::::::::::: PreRequestHandlerExecute Request called at 10/23/2018 10:46:24 PM   :::   22:46:24.5428206

::::::::::: PreSendRequestContent Request called at 10/23/2018 10:46:32 PM   :::   22:46:32.5122095

::::::::::: PreSendRequestHeaders Request called at 10/23/2018 10:46:32 PM   :::   22:46:32.5142243

::::::::::: PostRequestHandlerExecute Request called at 10/23/2018 10:46:32 PM   :::   22:46:32.5299934

::::::::::: ReleaseRequestState Request called at 10/23/2018 10:46:32 PM   :::   22:46:32.5319999

::::::::::: PostReleaseRequestState Request called at 10/23/2018 10:46:32 PM   :::   22:46:32.5340108

::::::::::: UpdateRequestCache Request called at 10/23/2018 10:46:32 PM   :::   22:46:32.5359929

::::::::::: EndRequest Request called at 10/23/2018 10:46:32 PM   :::   22:46:32.5389946

::::::::::: PreSendRequestContent Request called at 10/23/2018 10:46:32 PM   :::   22:46:32.5419928

::::::::::: BeginRequest Request called at 10/23/2018 10:46:48 PM   :::   22:46:48.3359113

::::::::::: AuthenticateRequest Request called at 10/23/2018 10:46:48 PM   :::   22:46:48.3379128

::::::::::: PostAuthenticateRequest Request called at 10/23/2018 10:46:48 PM   :::   22:46:48.3399146

::::::::::: AuthorizeRequest Request called at 10/23/2018 10:46:48 PM   :::   22:46:48.3419267

::::::::::: PostAuthorizeRequest Request called at 10/23/2018 10:46:48 PM   :::   22:46:48.3439253

::::::::::: End Request called at 10/23/2018 10:46:48 PM   :::   22:46:48.3449256

::::::::::: PostResolveRequestCache Request called at 10/23/2018 10:46:48 PM   :::   22:46:48.3469271

::::::::::: AcquireRequestState Request called at 10/23/2018 10:46:48 PM   :::   22:46:48.3489289

::::::::::: PostAcquireRequestState Request called at 10/23/2018 10:46:48 PM   :::   22:46:48.3509342

::::::::::: PreRequestHandlerExecute Request called at 10/23/2018 10:46:48 PM   :::   22:46:48.3529258

::::::::::: PostRequestHandlerExecute Request called at 10/23/2018 10:46:48 PM   :::   22:46:48.3579297

::::::::::: ReleaseRequestState Request called at 10/23/2018 10:46:48 PM   :::   22:46:48.3599249

::::::::::: PostReleaseRequestState Request called at 10/23/2018 10:46:48 PM   :::   22:46:48.3619251

::::::::::: UpdateRequestCache Request called at 10/23/2018 10:46:48 PM   :::   22:46:48.3639253

::::::::::: EndRequest Request called at 10/23/2018 10:46:48 PM   :::   22:46:48.3649253

::::::::::: PreSendRequestContent Request called at 10/23/2018 10:46:48 PM   :::   22:46:48.3669247

::::::::::: PreSendRequestHeaders Request called at 10/23/2018 10:46:48 PM   :::   22:46:48.3679266

::::::::::: BeginRequest Request called at 10/23/2018 10:46:48 PM   :::   22:46:48.3809272

::::::::::: AuthenticateRequest Request called at 10/23/2018 10:46:48 PM   :::   22:46:48.3839269

::::::::::: PostAuthenticateRequest Request called at 10/23/2018 10:46:48 PM   :::   22:46:48.3879318

::::::::::: AuthorizeRequest Request called at 10/23/2018 10:46:48 PM   :::   22:46:48.3969259

::::::::::: PostAuthorizeRequest Request called at 10/23/2018 10:46:48 PM   :::   22:46:48.3989254

::::::::::: End Request called at 10/23/2018 10:46:48 PM   :::   22:46:48.4019295

::::::::::: PostResolveRequestCache Request called at 10/23/2018 10:46:48 PM   :::   22:46:48.4039254

::::::::::: AcquireRequestState Request called at 10/23/2018 10:46:48 PM   :::   22:46:48.4109256

::::::::::: PostAcquireRequestState Request called at 10/23/2018 10:46:48 PM   :::   22:46:48.4129259

::::::::::: PreRequestHandlerExecute Request called at 10/23/2018 10:46:48 PM   :::   22:46:48.4149265

::::::::::: PreSendRequestContent Request called at 10/23/2018 10:47:05 PM   :::   22:47:05.8280393

::::::::::: PreSendRequestHeaders Request called at 10/23/2018 10:47:05 PM   :::   22:47:05.8300320

::::::::::: Error Request called at 10/23/2018 10:47:05 PM   :::   22:47:05.8440356

::::::::::: PreSendRequestContent Request called at 10/23/2018 10:47:15 PM   :::   22:47:15.9090144

::::::::::: PreSendRequestContent Request called at 10/23/2018 10:47:15 PM   :::   22:47:15.9159799

::::::::::: PreSendRequestContent Request called at 10/23/2018 10:47:15 PM   :::   22:47:15.9219794

::::::::::: PreSendRequestContent Request called at 10/23/2018 10:47:15 PM   :::   22:47:15.9419708

::::::::::: EndRequest Request called at 10/23/2018 10:47:15 PM   :::   22:47:15.9469716

::::::::::: PreSendRequestContent Request called at 10/23/2018 10:47:15 PM   :::   22:47:15.9509740

::::::::::: BeginRequest Request called at 10/23/2018 10:47:40 PM   :::   22:47:40.9338103

::::::::::: AuthenticateRequest Request called at 10/23/2018 10:47:40 PM   :::   22:47:40.9378104

::::::::::: PostAuthenticateRequest Request called at 10/23/2018 10:47:40 PM   :::   22:47:40.9398087

::::::::::: AuthorizeRequest Request called at 10/23/2018 10:47:40 PM   :::   22:47:40.9418070

::::::::::: PostAuthorizeRequest Request called at 10/23/2018 10:47:40 PM   :::   22:47:40.9438076

::::::::::: End Request called at 10/23/2018 10:47:40 PM   :::   22:47:40.9468062

::::::::::: PostResolveRequestCache Request called at 10/23/2018 10:47:40 PM   :::   22:47:40.9498071

::::::::::: AcquireRequestState Request called at 10/23/2018 10:47:40 PM   :::   22:47:40.9518086

::::::::::: PostAcquireRequestState Request called at 10/23/2018 10:47:40 PM   :::   22:47:40.9578061

::::::::::: PreRequestHandlerExecute Request called at 10/23/2018 10:47:40 PM   :::   22:47:40.9588060

::::::::::: AuthenticateRequest Request called at 10/23/2018 10:47:40 PM   :::   22:47:40.9678211

::::::::::: PostAuthenticateRequest Request called at 10/23/2018 10:47:40 PM   :::   22:47:40.9708071

::::::::::: AuthorizeRequest Request called at 10/23/2018 10:47:40 PM   :::   22:47:40.9758047

::::::::::: PostAuthorizeRequest Request called at 10/23/2018 10:47:40 PM   :::   22:47:40.9873257

::::::::::: End Request called at 10/23/2018 10:47:40 PM   :::   22:47:40.9993568

::::::::::: EndRequest Request called at 10/23/2018 10:47:41 PM   :::   22:47:41.0163783

::::::::::: PreSendRequestContent Request called at 10/23/2018 10:47:41 PM   :::   22:47:41.0233664

::::::::::: PreSendRequestHeaders Request called at 10/23/2018 10:47:41 PM   :::   22:47:41.0333608

::::::::::: PreRequestHandlerExecute Request called at 10/23/2018 10:47:41 PM   :::   22:47:41.0493560

::::::::::: PostRequestHandlerExecute Request called at 10/23/2018 10:47:41 PM   :::   22:47:41.1153730

::::::::::: ReleaseRequestState Request called at 10/23/2018 10:47:41 PM   :::   22:47:41.1163864

::::::::::: PostReleaseRequestState Request called at 10/23/2018 10:47:41 PM   :::   22:47:41.1173768

::::::::::: UpdateRequestCache Request called at 10/23/2018 10:47:41 PM   :::   22:47:41.1193727

::::::::::: EndRequest Request called at 10/23/2018 10:47:41 PM   :::   22:47:41.1223729

::::::::::: PreSendRequestContent Request called at 10/23/2018 10:47:41 PM   :::   22:47:41.1233969

::::::::::: PreSendRequestHeaders Request called at 10/23/2018 10:47:41 PM   :::   22:47:41.1243715

::::::::::: BeginRequest Request called at 10/23/2018 10:47:42 PM   :::   22:47:42.3777853

::::::::::: AuthenticateRequest Request called at 10/23/2018 10:47:42 PM   :::   22:47:42.3807941

::::::::::: PostAuthenticateRequest Request called at 10/23/2018 10:47:42 PM   :::   22:47:42.3878082

::::::::::: AuthorizeRequest Request called at 10/23/2018 10:47:42 PM   :::   22:47:42.3908040

::::::::::: PostAuthorizeRequest Request called at 10/23/2018 10:47:42 PM   :::   22:47:42.3973017

::::::::::: End Request called at 10/23/2018 10:47:42 PM   :::   22:47:42.3988152

::::::::::: PostResolveRequestCache Request called at 10/23/2018 10:47:42 PM   :::   22:47:42.4008163

::::::::::: AcquireRequestState Request called at 10/23/2018 10:47:42 PM   :::   22:47:42.4048156

::::::::::: PostAcquireRequestState Request called at 10/23/2018 10:47:42 PM   :::   22:47:42.4068162

::::::::::: PreRequestHandlerExecute Request called at 10/23/2018 10:47:42 PM   :::   22:47:42.4088149

::::::::::: PreSendRequestContent Request called at 10/23/2018 10:47:44 PM   :::   22:47:44.4375548

::::::::::: PreSendRequestHeaders Request called at 10/23/2018 10:47:44 PM   :::   22:47:44.4385547

::::::::::: PostRequestHandlerExecute Request called at 10/23/2018 10:47:44 PM   :::   22:47:44.4415541

::::::::::: ReleaseRequestState Request called at 10/23/2018 10:47:44 PM   :::   22:47:44.4435563

::::::::::: PostReleaseRequestState Request called at 10/23/2018 10:47:44 PM   :::   22:47:44.4455562

::::::::::: UpdateRequestCache Request called at 10/23/2018 10:47:44 PM   :::   22:47:44.4475576

::::::::::: EndRequest Request called at 10/23/2018 10:47:44 PM   :::   22:47:44.4495559

::::::::::: PreSendRequestContent Request called at 10/23/2018 10:47:44 PM   :::   22:47:44.4515585

::::::::::: BeginRequest Request called at 10/23/2018 10:49:44 PM   :::   22:49:44.3896722

::::::::::: AuthenticateRequest Request called at 10/23/2018 10:49:44 PM   :::   22:49:44.3916709

::::::::::: PostAuthenticateRequest Request called at 10/23/2018 10:49:44 PM   :::   22:49:44.3936715

::::::::::: AuthorizeRequest Request called at 10/23/2018 10:49:44 PM   :::   22:49:44.3956710

::::::::::: PostAuthorizeRequest Request called at 10/23/2018 10:49:44 PM   :::   22:49:44.3976728

::::::::::: End Request called at 10/23/2018 10:49:44 PM   :::   22:49:44.4026728

::::::::::: PostResolveRequestCache Request called at 10/23/2018 10:49:44 PM   :::   22:49:44.4046723

::::::::::: AcquireRequestState Request called at 10/23/2018 10:49:44 PM   :::   22:49:44.4086873

::::::::::: PostAcquireRequestState Request called at 10/23/2018 10:49:44 PM   :::   22:49:44.4126914

::::::::::: PreRequestHandlerExecute Request called at 10/23/2018 10:49:44 PM   :::   22:49:44.4156761

::::::::::: PostRequestHandlerExecute Request called at 10/23/2018 10:49:44 PM   :::   22:49:44.4216713

::::::::::: ReleaseRequestState Request called at 10/23/2018 10:49:44 PM   :::   22:49:44.4226701

::::::::::: PostReleaseRequestState Request called at 10/23/2018 10:49:44 PM   :::   22:49:44.4241824

::::::::::: UpdateRequestCache Request called at 10/23/2018 10:49:44 PM   :::   22:49:44.4256821

::::::::::: EndRequest Request called at 10/23/2018 10:49:44 PM   :::   22:49:44.4276811

::::::::::: PreSendRequestContent Request called at 10/23/2018 10:49:44 PM   :::   22:49:44.4291824

::::::::::: PreSendRequestHeaders Request called at 10/23/2018 10:49:44 PM   :::   22:49:44.4301835

::::::::::: BeginRequest Request called at 10/23/2018 10:49:44 PM   :::   22:49:44.4376839

::::::::::: AuthenticateRequest Request called at 10/23/2018 10:49:44 PM   :::   22:49:44.4406951

::::::::::: PostAuthenticateRequest Request called at 10/23/2018 10:49:44 PM   :::   22:49:44.4426954

::::::::::: AuthorizeRequest Request called at 10/23/2018 10:49:44 PM   :::   22:49:44.4436945

::::::::::: PostAuthorizeRequest Request called at 10/23/2018 10:49:44 PM   :::   22:49:44.4446944

::::::::::: End Request called at 10/23/2018 10:49:44 PM   :::   22:49:44.4466970

::::::::::: PostResolveRequestCache Request called at 10/23/2018 10:49:44 PM   :::   22:49:44.4486933

::::::::::: AcquireRequestState Request called at 10/23/2018 10:49:44 PM   :::   22:49:44.4526958

::::::::::: PostAcquireRequestState Request called at 10/23/2018 10:49:44 PM   :::   22:49:44.4536965

::::::::::: PreRequestHandlerExecute Request called at 10/23/2018 10:49:44 PM   :::   22:49:44.4556944

::::::::::: PostRequestHandlerExecute Request called at 10/23/2018 10:50:16 PM   :::   22:50:16.0584292

::::::::::: ReleaseRequestState Request called at 10/23/2018 10:50:16 PM   :::   22:50:16.0614281

::::::::::: PostReleaseRequestState Request called at 10/23/2018 10:50:16 PM   :::   22:50:16.0644429

::::::::::: UpdateRequestCache Request called at 10/23/2018 10:50:16 PM   :::   22:50:16.0659426

::::::::::: EndRequest Request called at 10/23/2018 10:50:16 PM   :::   22:50:16.0669417

::::::::::: PreSendRequestContent Request called at 10/23/2018 10:50:16 PM   :::   22:50:16.0699439

::::::::::: PreSendRequestHeaders Request called at 10/23/2018 10:50:16 PM   :::   22:50:16.0719417

::::::::::: BeginRequest Request called at 10/23/2018 10:50:38 PM   :::   22:50:38.0867637

::::::::::: AuthenticateRequest Request called at 10/23/2018 10:50:38 PM   :::   22:50:38.0887636

::::::::::: PostAuthenticateRequest Request called at 10/23/2018 10:50:38 PM   :::   22:50:38.0917633

::::::::::: AuthorizeRequest Request called at 10/23/2018 10:50:38 PM   :::   22:50:38.0957650

::::::::::: PostAuthorizeRequest Request called at 10/23/2018 10:50:38 PM   :::   22:50:38.0997639

::::::::::: End Request called at 10/23/2018 10:50:38 PM   :::   22:50:38.1037754

::::::::::: PostResolveRequestCache Request called at 10/23/2018 10:50:38 PM   :::   22:50:38.1067693

::::::::::: AcquireRequestState Request called at 10/23/2018 10:50:38 PM   :::   22:50:38.1117677

::::::::::: PostAcquireRequestState Request called at 10/23/2018 10:50:38 PM   :::   22:50:38.1157725

::::::::::: PreRequestHandlerExecute Request called at 10/23/2018 10:50:38 PM   :::   22:50:38.1187632

::::::::::: BeginRequest Request called at 10/23/2018 10:51:21 PM   :::   22:51:21.3777281

::::::::::: AuthenticateRequest Request called at 10/23/2018 10:51:21 PM   :::   22:51:21.3827273

::::::::::: PostAuthenticateRequest Request called at 10/23/2018 10:51:21 PM   :::   22:51:21.4002281

::::::::::: AuthorizeRequest Request called at 10/23/2018 10:51:21 PM   :::   22:51:21.4062296

::::::::::: PostAuthorizeRequest Request called at 10/23/2018 10:51:21 PM   :::   22:51:21.4157286

::::::::::: End Request called at 10/23/2018 10:51:21 PM   :::   22:51:21.4287411

::::::::::: PostResolveRequestCache Request called at 10/23/2018 10:51:21 PM   :::   22:51:21.4457382

::::::::::: AcquireRequestState Request called at 10/23/2018 10:51:21 PM   :::   22:51:21.4497418

::::::::::: PostAcquireRequestState Request called at 10/23/2018 10:51:21 PM   :::   22:51:21.4557417

::::::::::: PreRequestHandlerExecute Request called at 10/23/2018 10:51:21 PM   :::   22:51:21.4647402

::::::::::: PostRequestHandlerExecute Request called at 10/23/2018 10:51:21 PM   :::   22:51:21.4817405

::::::::::: ReleaseRequestState Request called at 10/23/2018 10:51:21 PM   :::   22:51:21.4957398

::::::::::: PostReleaseRequestState Request called at 10/23/2018 10:51:21 PM   :::   22:51:21.4997383

::::::::::: UpdateRequestCache Request called at 10/23/2018 10:51:21 PM   :::   22:51:21.5077416

::::::::::: EndRequest Request called at 10/23/2018 10:51:21 PM   :::   22:51:21.5162495

::::::::::: PreSendRequestContent Request called at 10/23/2018 10:51:21 PM   :::   22:51:21.5267615

::::::::::: PreSendRequestHeaders Request called at 10/23/2018 10:51:21 PM   :::   22:51:21.5347597

::::::::::: PreSendRequestHeaders Request called at 10/23/2018 10:51:21 PM   :::   22:51:21.5507612

::::::::::: BeginRequest Request called at 10/23/2018 10:51:23 PM   :::   22:51:23.1925190

::::::::::: AuthenticateRequest Request called at 10/23/2018 10:51:23 PM   :::   22:51:23.1965124

::::::::::: PostAuthenticateRequest Request called at 10/23/2018 10:51:23 PM   :::   22:51:23.2005097

::::::::::: AuthorizeRequest Request called at 10/23/2018 10:51:23 PM   :::   22:51:23.2035126

::::::::::: PostAuthorizeRequest Request called at 10/23/2018 10:51:23 PM   :::   22:51:23.2075115

::::::::::: End Request called at 10/23/2018 10:51:23 PM   :::   22:51:23.2085403

::::::::::: PostResolveRequestCache Request called at 10/23/2018 10:51:23 PM   :::   22:51:23.2105196

::::::::::: AcquireRequestState Request called at 10/23/2018 10:51:23 PM   :::   22:51:23.2120197

::::::::::: PostAcquireRequestState Request called at 10/23/2018 10:51:23 PM   :::   22:51:23.2135190

::::::::::: PreRequestHandlerExecute Request called at 10/23/2018 10:51:23 PM   :::   22:51:23.2170232

::::::::::: PostRequestHandlerExecute Request called at 10/23/2018 10:51:24 PM   :::   22:51:24.4450959

::::::::::: ReleaseRequestState Request called at 10/23/2018 10:51:24 PM   :::   22:51:24.4470969

::::::::::: PostReleaseRequestState Request called at 10/23/2018 10:51:24 PM   :::   22:51:24.4480953

::::::::::: UpdateRequestCache Request called at 10/23/2018 10:51:24 PM   :::   22:51:24.4511017

::::::::::: EndRequest Request called at 10/23/2018 10:51:24 PM   :::   22:51:24.4600959

::::::::::: PreSendRequestContent Request called at 10/23/2018 10:51:25 PM   :::   22:51:25.2767351

::::::::::: PreSendRequestHeaders Request called at 10/23/2018 10:51:25 PM   :::   22:51:25.2777342

::::::::::: PostRequestHandlerExecute Request called at 10/23/2018 10:51:25 PM   :::   22:51:25.2797337

::::::::::: ReleaseRequestState Request called at 10/23/2018 10:51:25 PM   :::   22:51:25.2827370

::::::::::: PostReleaseRequestState Request called at 10/23/2018 10:51:25 PM   :::   22:51:25.2897349

::::::::::: UpdateRequestCache Request called at 10/23/2018 10:51:25 PM   :::   22:51:25.2917340

::::::::::: EndRequest Request called at 10/23/2018 10:51:25 PM   :::   22:51:25.2927347

::::::::::: PreSendRequestContent Request called at 10/23/2018 10:51:25 PM   :::   22:51:25.2937342

::::::::::: BeginRequest Request called at 10/23/2018 10:52:45 PM   :::   22:52:45.5564457

::::::::::: AuthenticateRequest Request called at 10/23/2018 10:52:45 PM   :::   22:52:45.5589449

::::::::::: PostAuthenticateRequest Request called at 10/23/2018 10:52:45 PM   :::   22:52:45.5609444

::::::::::: AuthorizeRequest Request called at 10/23/2018 10:52:45 PM   :::   22:52:45.5634444

::::::::::: PostAuthorizeRequest Request called at 10/23/2018 10:52:45 PM   :::   22:52:45.5659452

::::::::::: End Request called at 10/23/2018 10:52:45 PM   :::   22:52:45.5669455

::::::::::: PostResolveRequestCache Request called at 10/23/2018 10:52:45 PM   :::   22:52:45.5699942

::::::::::: AcquireRequestState Request called at 10/23/2018 10:52:45 PM   :::   22:52:45.5749662

::::::::::: PostAcquireRequestState Request called at 10/23/2018 10:52:45 PM   :::   22:52:45.5799591

::::::::::: PreRequestHandlerExecute Request called at 10/23/2018 10:52:45 PM   :::   22:52:45.5829573

::::::::::: PreSendRequestContent Request called at 10/23/2018 10:58:27 PM   :::   22:58:27.8946890

::::::::::: PreSendRequestHeaders Request called at 10/23/2018 10:58:27 PM   :::   22:58:27.9022080

::::::::::: PostRequestHandlerExecute Request called at 10/23/2018 10:58:27 PM   :::   22:58:27.9162049

::::::::::: ReleaseRequestState Request called at 10/23/2018 10:58:27 PM   :::   22:58:27.9232048

::::::::::: PostReleaseRequestState Request called at 10/23/2018 10:58:27 PM   :::   22:58:27.9252042

::::::::::: UpdateRequestCache Request called at 10/23/2018 10:58:27 PM   :::   22:58:27.9302038

::::::::::: EndRequest Request called at 10/23/2018 10:58:27 PM   :::   22:58:27.9422029

::::::::::: PreSendRequestContent Request called at 10/23/2018 10:58:27 PM   :::   22:58:27.9462010

