::::::::::: BeginRequest Request called at 10/5/2018 1:40:51 PM   :::   13:40:51.0089903

::::::::::: AuthenticateRequest Request called at 10/5/2018 1:40:51 PM   :::   13:40:51.0169960

::::::::::: PostAuthenticateRequest Request called at 10/5/2018 1:40:51 PM   :::   13:40:51.0199954

::::::::::: AuthorizeRequest Request called at 10/5/2018 1:40:51 PM   :::   13:40:51.0219969

::::::::::: PostAuthorizeRequest Request called at 10/5/2018 1:40:51 PM   :::   13:40:51.0239979

::::::::::: End Request called at 10/5/2018 1:40:51 PM   :::   13:40:51.0249986

::::::::::: PostResolveRequestCache Request called at 10/5/2018 1:40:51 PM   :::   13:40:51.1040624

::::::::::: AcquireRequestState Request called at 10/5/2018 1:40:51 PM   :::   13:40:51.1110682

::::::::::: PostAcquireRequestState Request called at 10/5/2018 1:40:51 PM   :::   13:40:51.1130688

::::::::::: PreRequestHandlerExecute Request called at 10/5/2018 1:40:51 PM   :::   13:40:51.1150703

::::::::::: BeginRequest Request called at 10/5/2018 1:40:53 PM   :::   13:40:53.0374655

::::::::::: AuthenticateRequest Request called at 10/5/2018 1:40:53 PM   :::   13:40:53.0389656

::::::::::: PostAuthenticateRequest Request called at 10/5/2018 1:40:53 PM   :::   13:40:53.0404669

::::::::::: AuthorizeRequest Request called at 10/5/2018 1:40:53 PM   :::   13:40:53.0434691

::::::::::: PostAuthorizeRequest Request called at 10/5/2018 1:40:53 PM   :::   13:40:53.0449703

::::::::::: End Request called at 10/5/2018 1:40:53 PM   :::   13:40:53.0464716

::::::::::: PostResolveRequestCache Request called at 10/5/2018 1:40:53 PM   :::   13:40:53.0509750

::::::::::: AcquireRequestState Request called at 10/5/2018 1:40:53 PM   :::   13:40:53.0524759

::::::::::: PostAcquireRequestState Request called at 10/5/2018 1:40:53 PM   :::   13:40:53.0539768

::::::::::: PreRequestHandlerExecute Request called at 10/5/2018 1:40:53 PM   :::   13:40:53.0549783

::::::::::: PostRequestHandlerExecute Request called at 10/5/2018 1:40:53 PM   :::   13:40:53.1430410

::::::::::: ReleaseRequestState Request called at 10/5/2018 1:40:53 PM   :::   13:40:53.1450428

::::::::::: PostReleaseRequestState Request called at 10/5/2018 1:40:53 PM   :::   13:40:53.1505521

::::::::::: UpdateRequestCache Request called at 10/5/2018 1:40:53 PM   :::   13:40:53.1540489

::::::::::: EndRequest Request called at 10/5/2018 1:40:53 PM   :::   13:40:53.1575508

::::::::::: PreSendRequestContent Request called at 10/5/2018 1:40:53 PM   :::   13:40:53.1680593

::::::::::: PreSendRequestHeaders Request called at 10/5/2018 1:40:53 PM   :::   13:40:53.1700603

::::::::::: BeginRequest Request called at 10/5/2018 1:40:53 PM   :::   13:40:53.3066604

::::::::::: AuthenticateRequest Request called at 10/5/2018 1:40:53 PM   :::   13:40:53.3076607

::::::::::: PostAuthenticateRequest Request called at 10/5/2018 1:40:53 PM   :::   13:40:53.3096621

::::::::::: AuthorizeRequest Request called at 10/5/2018 1:40:53 PM   :::   13:40:53.3106628

::::::::::: PostAuthorizeRequest Request called at 10/5/2018 1:40:53 PM   :::   13:40:53.3126643

::::::::::: End Request called at 10/5/2018 1:40:53 PM   :::   13:40:53.3156723

::::::::::: PostResolveRequestCache Request called at 10/5/2018 1:40:53 PM   :::   13:40:53.3186690

::::::::::: AcquireRequestState Request called at 10/5/2018 1:40:53 PM   :::   13:40:53.3206704

::::::::::: PostAcquireRequestState Request called at 10/5/2018 1:40:53 PM   :::   13:40:53.3216711

::::::::::: PreRequestHandlerExecute Request called at 10/5/2018 1:40:53 PM   :::   13:40:53.3236725

::::::::::: PostRequestHandlerExecute Request called at 10/5/2018 1:40:54 PM   :::   13:40:54.0091972

::::::::::: ReleaseRequestState Request called at 10/5/2018 1:40:54 PM   :::   13:40:54.0107028

::::::::::: PostReleaseRequestState Request called at 10/5/2018 1:40:54 PM   :::   13:40:54.0132067

::::::::::: UpdateRequestCache Request called at 10/5/2018 1:40:54 PM   :::   13:40:54.0522347

::::::::::: EndRequest Request called at 10/5/2018 1:40:54 PM   :::   13:40:54.0532354

::::::::::: PreSendRequestContent Request called at 10/5/2018 1:40:54 PM   :::   13:40:54.0552376

::::::::::: PreSendRequestHeaders Request called at 10/5/2018 1:40:54 PM   :::   13:40:54.0562384

::::::::::: BeginRequest Request called at 10/5/2018 1:40:54 PM   :::   13:40:54.9819441

::::::::::: AuthenticateRequest Request called at 10/5/2018 1:40:54 PM   :::   13:40:54.9829444

::::::::::: PostAuthenticateRequest Request called at 10/5/2018 1:40:54 PM   :::   13:40:54.9849451

::::::::::: AuthorizeRequest Request called at 10/5/2018 1:40:54 PM   :::   13:40:54.9859458

::::::::::: PostAuthorizeRequest Request called at 10/5/2018 1:40:54 PM   :::   13:40:54.9869461

::::::::::: End Request called at 10/5/2018 1:40:54 PM   :::   13:40:54.9889479

::::::::::: PostResolveRequestCache Request called at 10/5/2018 1:40:54 PM   :::   13:40:54.9899483

::::::::::: AcquireRequestState Request called at 10/5/2018 1:40:54 PM   :::   13:40:54.9919501

::::::::::: PostAcquireRequestState Request called at 10/5/2018 1:40:54 PM   :::   13:40:54.9939507

::::::::::: PreRequestHandlerExecute Request called at 10/5/2018 1:40:54 PM   :::   13:40:54.9949519

::::::::::: PostRequestHandlerExecute Request called at 10/5/2018 1:40:55 PM   :::   13:40:55.0134669

::::::::::: ReleaseRequestState Request called at 10/5/2018 1:40:55 PM   :::   13:40:55.0144676

::::::::::: PostReleaseRequestState Request called at 10/5/2018 1:40:55 PM   :::   13:40:55.0159681

::::::::::: UpdateRequestCache Request called at 10/5/2018 1:40:55 PM   :::   13:40:55.0169720

::::::::::: EndRequest Request called at 10/5/2018 1:40:55 PM   :::   13:40:55.0179723

::::::::::: PreSendRequestContent Request called at 10/5/2018 1:40:55 PM   :::   13:40:55.0199733

::::::::::: PreSendRequestHeaders Request called at 10/5/2018 1:40:55 PM   :::   13:40:55.0209740

::::::::::: PreSendRequestContent Request called at 10/5/2018 1:41:09 PM   :::   13:41:09.3122612

::::::::::: PreSendRequestHeaders Request called at 10/5/2018 1:41:09 PM   :::   13:41:09.3132801

::::::::::: PostRequestHandlerExecute Request called at 10/5/2018 1:41:09 PM   :::   13:41:09.3212728

::::::::::: ReleaseRequestState Request called at 10/5/2018 1:41:09 PM   :::   13:41:09.3227741

::::::::::: PostReleaseRequestState Request called at 10/5/2018 1:41:09 PM   :::   13:41:09.3247751

::::::::::: UpdateRequestCache Request called at 10/5/2018 1:41:09 PM   :::   13:41:09.3262760

::::::::::: EndRequest Request called at 10/5/2018 1:41:09 PM   :::   13:41:09.3277769

::::::::::: PreSendRequestContent Request called at 10/5/2018 1:41:09 PM   :::   13:41:09.3292781

::::::::::: BeginRequest Request called at 10/5/2018 4:20:32 PM   :::   16:20:32.8848833

::::::::::: AuthenticateRequest Request called at 10/5/2018 4:20:32 PM   :::   16:20:32.8908877

::::::::::: PostAuthenticateRequest Request called at 10/5/2018 4:20:32 PM   :::   16:20:32.8948907

::::::::::: AuthorizeRequest Request called at 10/5/2018 4:20:32 PM   :::   16:20:32.8968922

::::::::::: PostAuthorizeRequest Request called at 10/5/2018 4:20:32 PM   :::   16:20:32.8988944

::::::::::: End Request called at 10/5/2018 4:20:32 PM   :::   16:20:32.9008947

::::::::::: PostResolveRequestCache Request called at 10/5/2018 4:20:33 PM   :::   16:20:33.0244953

::::::::::: AcquireRequestState Request called at 10/5/2018 4:20:33 PM   :::   16:20:33.0355027

::::::::::: PostAcquireRequestState Request called at 10/5/2018 4:20:33 PM   :::   16:20:33.0385057

::::::::::: PreRequestHandlerExecute Request called at 10/5/2018 4:20:33 PM   :::   16:20:33.0405072

::::::::::: PostRequestHandlerExecute Request called at 10/5/2018 4:20:35 PM   :::   16:20:35.9258446

::::::::::: ReleaseRequestState Request called at 10/5/2018 4:20:35 PM   :::   16:20:35.9278465

::::::::::: PostReleaseRequestState Request called at 10/5/2018 4:20:35 PM   :::   16:20:35.9308483

::::::::::: UpdateRequestCache Request called at 10/5/2018 4:20:35 PM   :::   16:20:35.9909012

::::::::::: EndRequest Request called at 10/5/2018 4:20:35 PM   :::   16:20:35.9939034

::::::::::: PreSendRequestContent Request called at 10/5/2018 4:20:36 PM   :::   16:20:36.0019090

::::::::::: PreSendRequestHeaders Request called at 10/5/2018 4:20:36 PM   :::   16:20:36.0039116

::::::::::: BeginRequest Request called at 10/5/2018 4:20:40 PM   :::   16:20:40.7921387

::::::::::: AuthenticateRequest Request called at 10/5/2018 4:20:40 PM   :::   16:20:40.7981432

::::::::::: PostAuthenticateRequest Request called at 10/5/2018 4:20:40 PM   :::   16:20:40.7991443

::::::::::: AuthorizeRequest Request called at 10/5/2018 4:20:40 PM   :::   16:20:40.8031469

::::::::::: PostAuthorizeRequest Request called at 10/5/2018 4:20:40 PM   :::   16:20:40.8051488

::::::::::: End Request called at 10/5/2018 4:20:40 PM   :::   16:20:40.8061487

::::::::::: PostResolveRequestCache Request called at 10/5/2018 4:20:40 PM   :::   16:20:40.8111528

::::::::::: AcquireRequestState Request called at 10/5/2018 4:20:40 PM   :::   16:20:40.8141558

::::::::::: PostAcquireRequestState Request called at 10/5/2018 4:20:40 PM   :::   16:20:40.8151562

::::::::::: PreRequestHandlerExecute Request called at 10/5/2018 4:20:40 PM   :::   16:20:40.8171573

::::::::::: PostRequestHandlerExecute Request called at 10/5/2018 4:20:40 PM   :::   16:20:40.9527605

::::::::::: ReleaseRequestState Request called at 10/5/2018 4:20:40 PM   :::   16:20:40.9722755

::::::::::: PostReleaseRequestState Request called at 10/5/2018 4:20:40 PM   :::   16:20:40.9737764

::::::::::: UpdateRequestCache Request called at 10/5/2018 4:20:40 PM   :::   16:20:40.9752774

::::::::::: EndRequest Request called at 10/5/2018 4:20:40 PM   :::   16:20:40.9817820

::::::::::: PreSendRequestContent Request called at 10/5/2018 4:20:40 PM   :::   16:20:40.9847850

::::::::::: PreSendRequestHeaders Request called at 10/5/2018 4:20:40 PM   :::   16:20:40.9992952

::::::::::: BeginRequest Request called at 10/5/2018 4:20:41 PM   :::   16:20:41.0388243

::::::::::: AuthenticateRequest Request called at 10/5/2018 4:20:41 PM   :::   16:20:41.0418265

::::::::::: PostAuthenticateRequest Request called at 10/5/2018 4:20:41 PM   :::   16:20:41.0438288

::::::::::: AuthorizeRequest Request called at 10/5/2018 4:20:41 PM   :::   16:20:41.0453293

::::::::::: PostAuthorizeRequest Request called at 10/5/2018 4:20:41 PM   :::   16:20:41.0473304

::::::::::: End Request called at 10/5/2018 4:20:41 PM   :::   16:20:41.0488317

::::::::::: PostResolveRequestCache Request called at 10/5/2018 4:20:41 PM   :::   16:20:41.0508336

::::::::::: AcquireRequestState Request called at 10/5/2018 4:20:41 PM   :::   16:20:41.0553368

::::::::::: PostAcquireRequestState Request called at 10/5/2018 4:20:41 PM   :::   16:20:41.0573382

::::::::::: PreRequestHandlerExecute Request called at 10/5/2018 4:20:41 PM   :::   16:20:41.0588396

::::::::::: PostRequestHandlerExecute Request called at 10/5/2018 4:20:52 PM   :::   16:20:52.2647442

::::::::::: ReleaseRequestState Request called at 10/5/2018 4:20:52 PM   :::   16:20:52.2667437

::::::::::: PostReleaseRequestState Request called at 10/5/2018 4:20:52 PM   :::   16:20:52.2677295

::::::::::: UpdateRequestCache Request called at 10/5/2018 4:20:52 PM   :::   16:20:52.2697286

::::::::::: EndRequest Request called at 10/5/2018 4:20:52 PM   :::   16:20:52.2707317

::::::::::: BeginRequest Request called at 10/5/2018 4:25:19 PM   :::   16:25:19.4945502

::::::::::: AuthenticateRequest Request called at 10/5/2018 4:25:19 PM   :::   16:25:19.4975533

::::::::::: PostAuthenticateRequest Request called at 10/5/2018 4:25:19 PM   :::   16:25:19.4995540

::::::::::: AuthorizeRequest Request called at 10/5/2018 4:25:19 PM   :::   16:25:19.5005551

::::::::::: PostAuthorizeRequest Request called at 10/5/2018 4:25:19 PM   :::   16:25:19.5035632

::::::::::: End Request called at 10/5/2018 4:25:19 PM   :::   16:25:19.5055584

::::::::::: PostResolveRequestCache Request called at 10/5/2018 4:25:19 PM   :::   16:25:19.5085606

::::::::::: AcquireRequestState Request called at 10/5/2018 4:25:19 PM   :::   16:25:19.5095610

::::::::::: PostAcquireRequestState Request called at 10/5/2018 4:25:19 PM   :::   16:25:19.5115629

::::::::::: PreRequestHandlerExecute Request called at 10/5/2018 4:25:19 PM   :::   16:25:19.5135643

::::::::::: PostRequestHandlerExecute Request called at 10/5/2018 4:25:19 PM   :::   16:25:19.5155658

::::::::::: ReleaseRequestState Request called at 10/5/2018 4:25:19 PM   :::   16:25:19.5175665

::::::::::: PostReleaseRequestState Request called at 10/5/2018 4:25:19 PM   :::   16:25:19.5205711

::::::::::: UpdateRequestCache Request called at 10/5/2018 4:25:19 PM   :::   16:25:19.5225710

::::::::::: EndRequest Request called at 10/5/2018 4:25:19 PM   :::   16:25:19.5235718

::::::::::: PreSendRequestContent Request called at 10/5/2018 4:25:19 PM   :::   16:25:19.5255733

::::::::::: PreSendRequestHeaders Request called at 10/5/2018 4:25:19 PM   :::   16:25:19.5265736

::::::::::: BeginRequest Request called at 10/5/2018 4:25:19 PM   :::   16:25:19.5390866

::::::::::: AuthenticateRequest Request called at 10/5/2018 4:25:19 PM   :::   16:25:19.5405872

::::::::::: PostAuthenticateRequest Request called at 10/5/2018 4:25:19 PM   :::   16:25:19.5425886

::::::::::: AuthorizeRequest Request called at 10/5/2018 4:25:19 PM   :::   16:25:19.5440904

::::::::::: PostAuthorizeRequest Request called at 10/5/2018 4:25:19 PM   :::   16:25:19.5455909

::::::::::: End Request called at 10/5/2018 4:25:19 PM   :::   16:25:19.5470922

::::::::::: PostResolveRequestCache Request called at 10/5/2018 4:25:19 PM   :::   16:25:19.5490937

::::::::::: AcquireRequestState Request called at 10/5/2018 4:25:19 PM   :::   16:25:19.5505950

::::::::::: PostAcquireRequestState Request called at 10/5/2018 4:25:19 PM   :::   16:25:19.5586009

::::::::::: PreRequestHandlerExecute Request called at 10/5/2018 4:25:19 PM   :::   16:25:19.5606024

::::::::::: PostRequestHandlerExecute Request called at 10/5/2018 4:25:27 PM   :::   16:25:27.2033105

::::::::::: ReleaseRequestState Request called at 10/5/2018 4:25:27 PM   :::   16:25:27.2043266

::::::::::: PostReleaseRequestState Request called at 10/5/2018 4:25:27 PM   :::   16:25:27.2053266

::::::::::: UpdateRequestCache Request called at 10/5/2018 4:25:27 PM   :::   16:25:27.2068326

::::::::::: EndRequest Request called at 10/5/2018 4:25:27 PM   :::   16:25:27.2078191

::::::::::: BeginRequest Request called at 10/5/2018 4:26:03 PM   :::   16:26:03.0729084

::::::::::: AuthenticateRequest Request called at 10/5/2018 4:26:03 PM   :::   16:26:03.0744097

::::::::::: PostAuthenticateRequest Request called at 10/5/2018 4:26:03 PM   :::   16:26:03.0759102

::::::::::: AuthorizeRequest Request called at 10/5/2018 4:26:03 PM   :::   16:26:03.0779121

::::::::::: PostAuthorizeRequest Request called at 10/5/2018 4:26:03 PM   :::   16:26:03.0804134

::::::::::: End Request called at 10/5/2018 4:26:03 PM   :::   16:26:03.0824188

::::::::::: PostResolveRequestCache Request called at 10/5/2018 4:26:03 PM   :::   16:26:03.0854175

::::::::::: AcquireRequestState Request called at 10/5/2018 4:26:03 PM   :::   16:26:03.0869204

::::::::::: PostAcquireRequestState Request called at 10/5/2018 4:26:03 PM   :::   16:26:03.0879211

::::::::::: PreRequestHandlerExecute Request called at 10/5/2018 4:26:03 PM   :::   16:26:03.0894204

::::::::::: PostRequestHandlerExecute Request called at 10/5/2018 4:26:03 PM   :::   16:26:03.0924231

::::::::::: ReleaseRequestState Request called at 10/5/2018 4:26:03 PM   :::   16:26:03.0939236

::::::::::: PostReleaseRequestState Request called at 10/5/2018 4:26:03 PM   :::   16:26:03.0954249

::::::::::: UpdateRequestCache Request called at 10/5/2018 4:26:03 PM   :::   16:26:03.0979273

::::::::::: EndRequest Request called at 10/5/2018 4:26:03 PM   :::   16:26:03.0994279

::::::::::: PreSendRequestContent Request called at 10/5/2018 4:26:03 PM   :::   16:26:03.1014317

::::::::::: PreSendRequestHeaders Request called at 10/5/2018 4:26:03 PM   :::   16:26:03.1029299

::::::::::: BeginRequest Request called at 10/5/2018 4:26:03 PM   :::   16:26:03.6959174

::::::::::: AuthenticateRequest Request called at 10/5/2018 4:26:03 PM   :::   16:26:03.6979189

::::::::::: PostAuthenticateRequest Request called at 10/5/2018 4:26:03 PM   :::   16:26:03.6989196

::::::::::: AuthorizeRequest Request called at 10/5/2018 4:26:03 PM   :::   16:26:03.7029230

::::::::::: PostAuthorizeRequest Request called at 10/5/2018 4:26:03 PM   :::   16:26:03.7099278

::::::::::: End Request called at 10/5/2018 4:26:03 PM   :::   16:26:03.7119289

::::::::::: PostResolveRequestCache Request called at 10/5/2018 4:26:03 PM   :::   16:26:03.7139371

::::::::::: AcquireRequestState Request called at 10/5/2018 4:26:03 PM   :::   16:26:03.7159323

::::::::::: PostAcquireRequestState Request called at 10/5/2018 4:26:03 PM   :::   16:26:03.7189345

::::::::::: PreRequestHandlerExecute Request called at 10/5/2018 4:26:03 PM   :::   16:26:03.7209439

::::::::::: PreSendRequestContent Request called at 10/5/2018 4:26:19 PM   :::   16:26:19.6457547

::::::::::: PreSendRequestHeaders Request called at 10/5/2018 4:26:19 PM   :::   16:26:19.6467539

::::::::::: PostRequestHandlerExecute Request called at 10/5/2018 4:26:19 PM   :::   16:26:19.6567613

::::::::::: ReleaseRequestState Request called at 10/5/2018 4:26:19 PM   :::   16:26:19.6587628

::::::::::: PostReleaseRequestState Request called at 10/5/2018 4:26:19 PM   :::   16:26:19.6607639

::::::::::: UpdateRequestCache Request called at 10/5/2018 4:26:19 PM   :::   16:26:19.6627666

::::::::::: EndRequest Request called at 10/5/2018 4:26:19 PM   :::   16:26:19.6642699

::::::::::: PreSendRequestContent Request called at 10/5/2018 4:26:19 PM   :::   16:26:19.6662717

::::::::::: BeginRequest Request called at 10/5/2018 4:26:24 PM   :::   16:26:24.8152750

::::::::::: AuthenticateRequest Request called at 10/5/2018 4:26:24 PM   :::   16:26:24.8172765

::::::::::: PostAuthenticateRequest Request called at 10/5/2018 4:26:24 PM   :::   16:26:24.8182768

::::::::::: AuthorizeRequest Request called at 10/5/2018 4:26:24 PM   :::   16:26:24.8202779

::::::::::: PostAuthorizeRequest Request called at 10/5/2018 4:26:24 PM   :::   16:26:24.8212791

::::::::::: End Request called at 10/5/2018 4:26:24 PM   :::   16:26:24.8222794

::::::::::: PostResolveRequestCache Request called at 10/5/2018 4:26:24 PM   :::   16:26:24.8242817

::::::::::: AcquireRequestState Request called at 10/5/2018 4:26:24 PM   :::   16:26:24.8262828

::::::::::: PostAcquireRequestState Request called at 10/5/2018 4:26:24 PM   :::   16:26:24.8272831

::::::::::: PreRequestHandlerExecute Request called at 10/5/2018 4:26:24 PM   :::   16:26:24.8292854

::::::::::: PostRequestHandlerExecute Request called at 10/5/2018 4:26:24 PM   :::   16:26:24.8332888

::::::::::: ReleaseRequestState Request called at 10/5/2018 4:26:24 PM   :::   16:26:24.8362902

::::::::::: PostReleaseRequestState Request called at 10/5/2018 4:26:24 PM   :::   16:26:24.8372909

::::::::::: UpdateRequestCache Request called at 10/5/2018 4:26:24 PM   :::   16:26:24.8402951

::::::::::: EndRequest Request called at 10/5/2018 4:26:24 PM   :::   16:26:24.8433033

::::::::::: PreSendRequestContent Request called at 10/5/2018 4:26:24 PM   :::   16:26:24.8463000

::::::::::: PreSendRequestHeaders Request called at 10/5/2018 4:26:24 PM   :::   16:26:24.8482995

::::::::::: BeginRequest Request called at 10/5/2018 4:26:24 PM   :::   16:26:24.8563070

::::::::::: AuthenticateRequest Request called at 10/5/2018 4:26:24 PM   :::   16:26:24.8583065

::::::::::: PostAuthenticateRequest Request called at 10/5/2018 4:26:24 PM   :::   16:26:24.8593077

::::::::::: AuthorizeRequest Request called at 10/5/2018 4:26:24 PM   :::   16:26:24.8613084

::::::::::: PostAuthorizeRequest Request called at 10/5/2018 4:26:24 PM   :::   16:26:24.8623111

::::::::::: End Request called at 10/5/2018 4:26:24 PM   :::   16:26:24.8633099

::::::::::: PostResolveRequestCache Request called at 10/5/2018 4:26:24 PM   :::   16:26:24.8653121

::::::::::: AcquireRequestState Request called at 10/5/2018 4:26:24 PM   :::   16:26:24.8698240

::::::::::: PostAcquireRequestState Request called at 10/5/2018 4:26:24 PM   :::   16:26:24.8728270

::::::::::: PreRequestHandlerExecute Request called at 10/5/2018 4:26:24 PM   :::   16:26:24.8748300

::::::::::: PreSendRequestContent Request called at 10/5/2018 4:26:38 PM   :::   16:26:38.7617110

::::::::::: PreSendRequestHeaders Request called at 10/5/2018 4:26:38 PM   :::   16:26:38.7627244

::::::::::: Error Request called at 10/5/2018 4:26:38 PM   :::   16:26:38.7707173

::::::::::: PreSendRequestContent Request called at 10/5/2018 4:26:48 PM   :::   16:26:48.8949645

::::::::::: PreSendRequestContent Request called at 10/5/2018 4:26:48 PM   :::   16:26:48.9014751

::::::::::: PreSendRequestContent Request called at 10/5/2018 4:26:48 PM   :::   16:26:48.9094818

::::::::::: PreSendRequestContent Request called at 10/5/2018 4:26:48 PM   :::   16:26:48.9295034

::::::::::: EndRequest Request called at 10/5/2018 4:26:48 PM   :::   16:26:48.9355078

::::::::::: PreSendRequestContent Request called at 10/5/2018 4:26:48 PM   :::   16:26:48.9415131

::::::::::: BeginRequest Request called at 10/5/2018 4:27:22 PM   :::   16:27:22.0756718

::::::::::: AuthenticateRequest Request called at 10/5/2018 4:27:22 PM   :::   16:27:22.0776733

::::::::::: PostAuthenticateRequest Request called at 10/5/2018 4:27:22 PM   :::   16:27:22.0806751

::::::::::: AuthorizeRequest Request called at 10/5/2018 4:27:22 PM   :::   16:27:22.0826770

::::::::::: PostAuthorizeRequest Request called at 10/5/2018 4:27:22 PM   :::   16:27:22.0866878

::::::::::: End Request called at 10/5/2018 4:27:22 PM   :::   16:27:22.0896818

::::::::::: PostResolveRequestCache Request called at 10/5/2018 4:27:22 PM   :::   16:27:22.0926832

::::::::::: AcquireRequestState Request called at 10/5/2018 4:27:22 PM   :::   16:27:22.1004357

::::::::::: PostAcquireRequestState Request called at 10/5/2018 4:27:22 PM   :::   16:27:22.1049389

::::::::::: PreRequestHandlerExecute Request called at 10/5/2018 4:27:22 PM   :::   16:27:22.1119448

::::::::::: PostAuthorizeRequest Request called at 10/5/2018 4:27:22 PM   :::   16:27:22.1235306

::::::::::: End Request called at 10/5/2018 4:27:22 PM   :::   16:27:22.1275343

::::::::::: PostReleaseRequestState Request called at 10/5/2018 4:27:22 PM   :::   16:27:22.1375437

::::::::::: UpdateRequestCache Request called at 10/5/2018 4:27:22 PM   :::   16:27:22.1415479

::::::::::: PostAcquireRequestState Request called at 10/5/2018 4:27:22 PM   :::   16:27:22.1555563

::::::::::: PreRequestHandlerExecute Request called at 10/5/2018 4:27:22 PM   :::   16:27:22.1595723

::::::::::: PreSendRequestHeaders Request called at 10/5/2018 4:27:22 PM   :::   16:27:22.1715662

::::::::::: PostRequestHandlerExecute Request called at 10/5/2018 4:27:22 PM   :::   16:27:22.2471327

::::::::::: ReleaseRequestState Request called at 10/5/2018 4:27:22 PM   :::   16:27:22.2481481

::::::::::: PostReleaseRequestState Request called at 10/5/2018 4:27:22 PM   :::   16:27:22.2511416

::::::::::: UpdateRequestCache Request called at 10/5/2018 4:27:22 PM   :::   16:27:22.2531577

::::::::::: EndRequest Request called at 10/5/2018 4:27:22 PM   :::   16:27:22.2551395

::::::::::: PreSendRequestContent Request called at 10/5/2018 4:27:22 PM   :::   16:27:22.2561659

::::::::::: PreSendRequestHeaders Request called at 10/5/2018 4:27:22 PM   :::   16:27:22.2570154

::::::::::: BeginRequest Request called at 10/5/2018 4:27:23 PM   :::   16:27:23.4509684

::::::::::: AuthenticateRequest Request called at 10/5/2018 4:27:23 PM   :::   16:27:23.4529730

::::::::::: PostAuthenticateRequest Request called at 10/5/2018 4:27:23 PM   :::   16:27:23.4559725

::::::::::: AuthorizeRequest Request called at 10/5/2018 4:27:23 PM   :::   16:27:23.4569736

::::::::::: PostAuthorizeRequest Request called at 10/5/2018 4:27:23 PM   :::   16:27:23.4589755

::::::::::: End Request called at 10/5/2018 4:27:23 PM   :::   16:27:23.4609952

::::::::::: PostResolveRequestCache Request called at 10/5/2018 4:27:23 PM   :::   16:27:23.4619959

::::::::::: AcquireRequestState Request called at 10/5/2018 4:27:23 PM   :::   16:27:23.4629793

::::::::::: PostAcquireRequestState Request called at 10/5/2018 4:27:23 PM   :::   16:27:23.4640041

::::::::::: PreRequestHandlerExecute Request called at 10/5/2018 4:27:23 PM   :::   16:27:23.4669846

::::::::::: PreSendRequestContent Request called at 10/5/2018 4:27:25 PM   :::   16:27:25.4945475

::::::::::: PreSendRequestHeaders Request called at 10/5/2018 4:27:25 PM   :::   16:27:25.4975540

::::::::::: PostRequestHandlerExecute Request called at 10/5/2018 4:27:25 PM   :::   16:27:25.5030575

::::::::::: ReleaseRequestState Request called at 10/5/2018 4:27:25 PM   :::   16:27:25.5050586

::::::::::: PostReleaseRequestState Request called at 10/5/2018 4:27:25 PM   :::   16:27:25.5065595

::::::::::: UpdateRequestCache Request called at 10/5/2018 4:27:25 PM   :::   16:27:25.5085618

::::::::::: EndRequest Request called at 10/5/2018 4:27:25 PM   :::   16:27:25.5110635

::::::::::: PreSendRequestContent Request called at 10/5/2018 4:27:25 PM   :::   16:27:25.5145675

::::::::::: BeginRequest Request called at 10/5/2018 4:28:31 PM   :::   16:28:31.0635709

::::::::::: AuthenticateRequest Request called at 10/5/2018 4:28:31 PM   :::   16:28:31.0655724

::::::::::: PostAuthenticateRequest Request called at 10/5/2018 4:28:31 PM   :::   16:28:31.0685754

::::::::::: AuthorizeRequest Request called at 10/5/2018 4:28:31 PM   :::   16:28:31.0705757

::::::::::: PostAuthorizeRequest Request called at 10/5/2018 4:28:31 PM   :::   16:28:31.0725780

::::::::::: End Request called at 10/5/2018 4:28:31 PM   :::   16:28:31.0745830

::::::::::: PostResolveRequestCache Request called at 10/5/2018 4:28:31 PM   :::   16:28:31.0785844

::::::::::: AcquireRequestState Request called at 10/5/2018 4:28:31 PM   :::   16:28:31.0825897

::::::::::: PostAcquireRequestState Request called at 10/5/2018 4:28:31 PM   :::   16:28:31.0835853

::::::::::: PreRequestHandlerExecute Request called at 10/5/2018 4:28:31 PM   :::   16:28:31.0855872

::::::::::: PostRequestHandlerExecute Request called at 10/5/2018 4:28:31 PM   :::   16:28:31.0885918

::::::::::: ReleaseRequestState Request called at 10/5/2018 4:28:31 PM   :::   16:28:31.0895898

::::::::::: PostReleaseRequestState Request called at 10/5/2018 4:28:31 PM   :::   16:28:31.0905925

::::::::::: UpdateRequestCache Request called at 10/5/2018 4:28:31 PM   :::   16:28:31.0936070

::::::::::: EndRequest Request called at 10/5/2018 4:28:31 PM   :::   16:28:31.0956073

::::::::::: PreSendRequestContent Request called at 10/5/2018 4:28:31 PM   :::   16:28:31.0971110

::::::::::: PreSendRequestHeaders Request called at 10/5/2018 4:28:31 PM   :::   16:28:31.0986099

::::::::::: BeginRequest Request called at 10/5/2018 4:28:31 PM   :::   16:28:31.1031130

::::::::::: AuthenticateRequest Request called at 10/5/2018 4:28:31 PM   :::   16:28:31.1046140

::::::::::: PostAuthenticateRequest Request called at 10/5/2018 4:28:31 PM   :::   16:28:31.1061153

::::::::::: AuthorizeRequest Request called at 10/5/2018 4:28:31 PM   :::   16:28:31.1076166

::::::::::: PostAuthorizeRequest Request called at 10/5/2018 4:28:31 PM   :::   16:28:31.1091191

::::::::::: End Request called at 10/5/2018 4:28:31 PM   :::   16:28:31.1121253

::::::::::: PostResolveRequestCache Request called at 10/5/2018 4:28:31 PM   :::   16:28:31.1141267

::::::::::: AcquireRequestState Request called at 10/5/2018 4:28:31 PM   :::   16:28:31.1161290

::::::::::: PostAcquireRequestState Request called at 10/5/2018 4:28:31 PM   :::   16:28:31.1171294

::::::::::: PreRequestHandlerExecute Request called at 10/5/2018 4:28:31 PM   :::   16:28:31.1191305

::::::::::: PreSendRequestContent Request called at 10/5/2018 4:31:50 PM   :::   16:31:50.1739371

::::::::::: PreSendRequestHeaders Request called at 10/5/2018 4:31:50 PM   :::   16:31:50.1749520

::::::::::: Error Request called at 10/5/2018 4:31:50 PM   :::   16:31:50.1769383

::::::::::: PreSendRequestContent Request called at 10/5/2018 4:32:00 PM   :::   16:32:00.2183874

::::::::::: PreSendRequestContent Request called at 10/5/2018 4:32:00 PM   :::   16:32:00.2233926

::::::::::: PreSendRequestContent Request called at 10/5/2018 4:32:00 PM   :::   16:32:00.2283947

::::::::::: PreSendRequestContent Request called at 10/5/2018 4:32:00 PM   :::   16:32:00.2323981

::::::::::: EndRequest Request called at 10/5/2018 4:32:00 PM   :::   16:32:00.2364015

::::::::::: PreSendRequestContent Request called at 10/5/2018 4:32:00 PM   :::   16:32:00.2394023

::::::::::: BeginRequest Request called at 10/5/2018 4:33:16 PM   :::   16:33:16.6251151

::::::::::: AuthenticateRequest Request called at 10/5/2018 4:33:16 PM   :::   16:33:16.6271152

::::::::::: PostAuthenticateRequest Request called at 10/5/2018 4:33:16 PM   :::   16:33:16.6301168

::::::::::: AuthorizeRequest Request called at 10/5/2018 4:33:16 PM   :::   16:33:16.6381212

::::::::::: PostAuthorizeRequest Request called at 10/5/2018 4:33:16 PM   :::   16:33:16.6391223

::::::::::: End Request called at 10/5/2018 4:33:16 PM   :::   16:33:16.6411240

::::::::::: PostResolveRequestCache Request called at 10/5/2018 4:33:16 PM   :::   16:33:16.6431253

::::::::::: AcquireRequestState Request called at 10/5/2018 4:33:16 PM   :::   16:33:16.6441259

::::::::::: PostAcquireRequestState Request called at 10/5/2018 4:33:16 PM   :::   16:33:16.6491300

::::::::::: PreRequestHandlerExecute Request called at 10/5/2018 4:33:16 PM   :::   16:33:16.6521311

::::::::::: PostRequestHandlerExecute Request called at 10/5/2018 4:33:16 PM   :::   16:33:16.6581355

::::::::::: ReleaseRequestState Request called at 10/5/2018 4:33:16 PM   :::   16:33:16.6601372

::::::::::: PostReleaseRequestState Request called at 10/5/2018 4:33:16 PM   :::   16:33:16.6611366

::::::::::: UpdateRequestCache Request called at 10/5/2018 4:33:16 PM   :::   16:33:16.6631379

::::::::::: EndRequest Request called at 10/5/2018 4:33:16 PM   :::   16:33:16.6641382

::::::::::: PreSendRequestContent Request called at 10/5/2018 4:33:16 PM   :::   16:33:16.6661399

::::::::::: PreSendRequestHeaders Request called at 10/5/2018 4:33:16 PM   :::   16:33:16.6721458

::::::::::: BeginRequest Request called at 10/5/2018 4:33:16 PM   :::   16:33:16.9878760

::::::::::: AuthenticateRequest Request called at 10/5/2018 4:33:16 PM   :::   16:33:16.9898766

::::::::::: PostAuthenticateRequest Request called at 10/5/2018 4:33:16 PM   :::   16:33:16.9928789

::::::::::: AuthorizeRequest Request called at 10/5/2018 4:33:16 PM   :::   16:33:16.9938796

::::::::::: PostAuthorizeRequest Request called at 10/5/2018 4:33:16 PM   :::   16:33:16.9958805

::::::::::: End Request called at 10/5/2018 4:33:16 PM   :::   16:33:16.9978826

::::::::::: PostResolveRequestCache Request called at 10/5/2018 4:33:16 PM   :::   16:33:16.9998839

::::::::::: AcquireRequestState Request called at 10/5/2018 4:33:17 PM   :::   16:33:17.0028858

::::::::::: PostAcquireRequestState Request called at 10/5/2018 4:33:17 PM   :::   16:33:17.0048875

::::::::::: PreRequestHandlerExecute Request called at 10/5/2018 4:33:17 PM   :::   16:33:17.0068881

::::::::::: PostRequestHandlerExecute Request called at 10/5/2018 4:33:17 PM   :::   16:33:17.0098900

::::::::::: ReleaseRequestState Request called at 10/5/2018 4:33:17 PM   :::   16:33:17.0108907

::::::::::: PostReleaseRequestState Request called at 10/5/2018 4:33:17 PM   :::   16:33:17.0128916

::::::::::: UpdateRequestCache Request called at 10/5/2018 4:33:17 PM   :::   16:33:17.0148921

::::::::::: EndRequest Request called at 10/5/2018 4:33:17 PM   :::   16:33:17.0188991

::::::::::: PreSendRequestContent Request called at 10/5/2018 4:33:17 PM   :::   16:33:17.0198965

::::::::::: PreSendRequestHeaders Request called at 10/5/2018 4:33:17 PM   :::   16:33:17.0218975

::::::::::: BeginRequest Request called at 10/5/2018 4:33:18 PM   :::   16:33:18.8359694

::::::::::: AuthenticateRequest Request called at 10/5/2018 4:33:18 PM   :::   16:33:18.8389714

::::::::::: PostAuthenticateRequest Request called at 10/5/2018 4:33:18 PM   :::   16:33:18.8409727

::::::::::: AuthorizeRequest Request called at 10/5/2018 4:33:18 PM   :::   16:33:18.8449757

::::::::::: PostAuthorizeRequest Request called at 10/5/2018 4:33:18 PM   :::   16:33:18.8509796

::::::::::: End Request called at 10/5/2018 4:33:18 PM   :::   16:33:18.8559825

::::::::::: PostResolveRequestCache Request called at 10/5/2018 4:33:18 PM   :::   16:33:18.8579842

::::::::::: AcquireRequestState Request called at 10/5/2018 4:33:18 PM   :::   16:33:18.8599859

::::::::::: PostAcquireRequestState Request called at 10/5/2018 4:33:18 PM   :::   16:33:18.8629871

::::::::::: PreRequestHandlerExecute Request called at 10/5/2018 4:33:18 PM   :::   16:33:18.8659902

::::::::::: BeginRequest Request called at 10/5/2018 4:33:18 PM   :::   16:33:18.9180281

::::::::::: AuthenticateRequest Request called at 10/5/2018 4:33:18 PM   :::   16:33:18.9210368

::::::::::: PostAuthenticateRequest Request called at 10/5/2018 4:33:18 PM   :::   16:33:18.9230369

::::::::::: AuthorizeRequest Request called at 10/5/2018 4:33:18 PM   :::   16:33:18.9240368

::::::::::: PostAuthorizeRequest Request called at 10/5/2018 4:33:18 PM   :::   16:33:18.9270391

::::::::::: End Request called at 10/5/2018 4:33:18 PM   :::   16:33:18.9290396

::::::::::: PostResolveRequestCache Request called at 10/5/2018 4:33:18 PM   :::   16:33:18.9340433

::::::::::: AcquireRequestState Request called at 10/5/2018 4:33:18 PM   :::   16:33:18.9400480

::::::::::: PostAcquireRequestState Request called at 10/5/2018 4:33:18 PM   :::   16:33:18.9430504

::::::::::: PreRequestHandlerExecute Request called at 10/5/2018 4:33:18 PM   :::   16:33:18.9460515

::::::::::: PreSendRequestContent Request called at 10/5/2018 4:33:20 PM   :::   16:33:20.9710063

::::::::::: PreSendRequestHeaders Request called at 10/5/2018 4:33:20 PM   :::   16:33:20.9720073

::::::::::: PostRequestHandlerExecute Request called at 10/5/2018 4:33:20 PM   :::   16:33:20.9740082

::::::::::: ReleaseRequestState Request called at 10/5/2018 4:33:20 PM   :::   16:33:20.9770102

::::::::::: PostReleaseRequestState Request called at 10/5/2018 4:33:20 PM   :::   16:33:20.9780108

::::::::::: UpdateRequestCache Request called at 10/5/2018 4:33:20 PM   :::   16:33:20.9800125

::::::::::: EndRequest Request called at 10/5/2018 4:33:20 PM   :::   16:33:20.9820158

::::::::::: PreSendRequestContent Request called at 10/5/2018 4:33:20 PM   :::   16:33:20.9830165

::::::::::: BeginRequest Request called at 10/5/2018 4:33:21 PM   :::   16:33:21.2422369

::::::::::: AuthenticateRequest Request called at 10/5/2018 4:33:21 PM   :::   16:33:21.2432371

::::::::::: PostAuthenticateRequest Request called at 10/5/2018 4:33:21 PM   :::   16:33:21.2452388

::::::::::: AuthorizeRequest Request called at 10/5/2018 4:33:21 PM   :::   16:33:21.2482444

::::::::::: PostAuthorizeRequest Request called at 10/5/2018 4:33:21 PM   :::   16:33:21.2502437

::::::::::: End Request called at 10/5/2018 4:33:21 PM   :::   16:33:21.2522438

::::::::::: PostResolveRequestCache Request called at 10/5/2018 4:33:21 PM   :::   16:33:21.2542451

::::::::::: AcquireRequestState Request called at 10/5/2018 4:33:21 PM   :::   16:33:21.2562464

::::::::::: PostAcquireRequestState Request called at 10/5/2018 4:33:21 PM   :::   16:33:21.2602502

::::::::::: PreRequestHandlerExecute Request called at 10/5/2018 4:33:21 PM   :::   16:33:21.2662533

::::::::::: PreSendRequestContent Request called at 10/5/2018 4:33:36 PM   :::   16:33:36.2044718

::::::::::: PreSendRequestHeaders Request called at 10/5/2018 4:33:36 PM   :::   16:33:36.2064727

::::::::::: PostRequestHandlerExecute Request called at 10/5/2018 4:33:36 PM   :::   16:33:36.2174835

::::::::::: ReleaseRequestState Request called at 10/5/2018 4:33:36 PM   :::   16:33:36.2204830

::::::::::: PostReleaseRequestState Request called at 10/5/2018 4:33:36 PM   :::   16:33:36.2234846

::::::::::: UpdateRequestCache Request called at 10/5/2018 4:33:36 PM   :::   16:33:36.2249885

::::::::::: EndRequest Request called at 10/5/2018 4:33:36 PM   :::   16:33:36.2269899

::::::::::: PreSendRequestContent Request called at 10/5/2018 4:33:36 PM   :::   16:33:36.2289919

::::::::::: PreSendRequestContent Request called at 10/5/2018 4:33:39 PM   :::   16:33:39.4227251

::::::::::: PreSendRequestHeaders Request called at 10/5/2018 4:33:39 PM   :::   16:33:39.4247256

::::::::::: Error Request called at 10/5/2018 4:33:39 PM   :::   16:33:39.4452490

::::::::::: PreSendRequestContent Request called at 10/5/2018 4:33:49 PM   :::   16:33:49.4770962

::::::::::: PreSendRequestContent Request called at 10/5/2018 4:33:49 PM   :::   16:33:49.4820734

::::::::::: PreSendRequestContent Request called at 10/5/2018 4:33:49 PM   :::   16:33:49.4940805

::::::::::: PreSendRequestContent Request called at 10/5/2018 4:33:49 PM   :::   16:33:49.5050881

::::::::::: EndRequest Request called at 10/5/2018 4:33:49 PM   :::   16:33:49.5140928

::::::::::: PreSendRequestContent Request called at 10/5/2018 4:33:49 PM   :::   16:33:49.5190964

::::::::::: BeginRequest Request called at 10/5/2018 4:43:18 PM   :::   16:43:18.7377209

::::::::::: AuthenticateRequest Request called at 10/5/2018 4:43:18 PM   :::   16:43:18.7417191

::::::::::: PostAuthenticateRequest Request called at 10/5/2018 4:43:18 PM   :::   16:43:18.7437210

::::::::::: AuthorizeRequest Request called at 10/5/2018 4:43:18 PM   :::   16:43:18.7447217

::::::::::: PostAuthorizeRequest Request called at 10/5/2018 4:43:18 PM   :::   16:43:18.7457233

::::::::::: End Request called at 10/5/2018 4:43:18 PM   :::   16:43:18.7477247

::::::::::: PostResolveRequestCache Request called at 10/5/2018 4:43:18 PM   :::   16:43:18.7497250

::::::::::: AcquireRequestState Request called at 10/5/2018 4:43:18 PM   :::   16:43:18.7527355

::::::::::: PostAcquireRequestState Request called at 10/5/2018 4:43:18 PM   :::   16:43:18.7577321

::::::::::: PreRequestHandlerExecute Request called at 10/5/2018 4:43:18 PM   :::   16:43:18.7597336

::::::::::: PostRequestHandlerExecute Request called at 10/5/2018 4:43:18 PM   :::   16:43:18.7627354

::::::::::: ReleaseRequestState Request called at 10/5/2018 4:43:18 PM   :::   16:43:18.7647368

::::::::::: PostReleaseRequestState Request called at 10/5/2018 4:43:18 PM   :::   16:43:18.7667434

::::::::::: UpdateRequestCache Request called at 10/5/2018 4:43:18 PM   :::   16:43:18.7677398

::::::::::: EndRequest Request called at 10/5/2018 4:43:18 PM   :::   16:43:18.7707409

::::::::::: PreSendRequestContent Request called at 10/5/2018 4:43:18 PM   :::   16:43:18.7727427

::::::::::: PreSendRequestHeaders Request called at 10/5/2018 4:43:18 PM   :::   16:43:18.7767595

::::::::::: BeginRequest Request called at 10/5/2018 4:43:18 PM   :::   16:43:18.9764029

::::::::::: AuthenticateRequest Request called at 10/5/2018 4:43:18 PM   :::   16:43:18.9774029

::::::::::: PostAuthenticateRequest Request called at 10/5/2018 4:43:18 PM   :::   16:43:18.9794047

::::::::::: AuthorizeRequest Request called at 10/5/2018 4:43:18 PM   :::   16:43:18.9819107

::::::::::: PostAuthorizeRequest Request called at 10/5/2018 4:43:18 PM   :::   16:43:18.9834120

::::::::::: End Request called at 10/5/2018 4:43:18 PM   :::   16:43:18.9849137

::::::::::: PostResolveRequestCache Request called at 10/5/2018 4:43:18 PM   :::   16:43:18.9879163

::::::::::: AcquireRequestState Request called at 10/5/2018 4:43:18 PM   :::   16:43:18.9894161

::::::::::: PostAcquireRequestState Request called at 10/5/2018 4:43:18 PM   :::   16:43:18.9909178

::::::::::: PreRequestHandlerExecute Request called at 10/5/2018 4:43:18 PM   :::   16:43:18.9924191

::::::::::: PostRequestHandlerExecute Request called at 10/5/2018 4:43:18 PM   :::   16:43:18.9944201

::::::::::: ReleaseRequestState Request called at 10/5/2018 4:43:18 PM   :::   16:43:18.9959210

::::::::::: PostReleaseRequestState Request called at 10/5/2018 4:43:18 PM   :::   16:43:18.9974223

::::::::::: UpdateRequestCache Request called at 10/5/2018 4:43:18 PM   :::   16:43:18.9984286

::::::::::: EndRequest Request called at 10/5/2018 4:43:19 PM   :::   16:43:19.0004289

::::::::::: PreSendRequestContent Request called at 10/5/2018 4:43:19 PM   :::   16:43:19.0014288

::::::::::: PreSendRequestHeaders Request called at 10/5/2018 4:43:19 PM   :::   16:43:19.0044326

::::::::::: BeginRequest Request called at 10/5/2018 4:43:20 PM   :::   16:43:20.6153986

::::::::::: AuthenticateRequest Request called at 10/5/2018 4:43:20 PM   :::   16:43:20.6163994

::::::::::: PostAuthenticateRequest Request called at 10/5/2018 4:43:20 PM   :::   16:43:20.6184012

::::::::::: AuthorizeRequest Request called at 10/5/2018 4:43:20 PM   :::   16:43:20.6204023

::::::::::: PostAuthorizeRequest Request called at 10/5/2018 4:43:20 PM   :::   16:43:20.6224034

::::::::::: End Request called at 10/5/2018 4:43:20 PM   :::   16:43:20.6234057

::::::::::: PostResolveRequestCache Request called at 10/5/2018 4:43:20 PM   :::   16:43:20.6244053

::::::::::: AcquireRequestState Request called at 10/5/2018 4:43:20 PM   :::   16:43:20.6254052

::::::::::: PostAcquireRequestState Request called at 10/5/2018 4:43:20 PM   :::   16:43:20.6274075

::::::::::: PreRequestHandlerExecute Request called at 10/5/2018 4:43:20 PM   :::   16:43:20.6284094

::::::::::: BeginRequest Request called at 10/5/2018 4:43:20 PM   :::   16:43:20.6454207

::::::::::: AuthenticateRequest Request called at 10/5/2018 4:43:20 PM   :::   16:43:20.6474218

::::::::::: PostAuthenticateRequest Request called at 10/5/2018 4:43:20 PM   :::   16:43:20.6484221

::::::::::: AuthorizeRequest Request called at 10/5/2018 4:43:20 PM   :::   16:43:20.6504240

::::::::::: PostAuthorizeRequest Request called at 10/5/2018 4:43:20 PM   :::   16:43:20.6524255

::::::::::: End Request called at 10/5/2018 4:43:20 PM   :::   16:43:20.6544273

::::::::::: PostResolveRequestCache Request called at 10/5/2018 4:43:20 PM   :::   16:43:20.6554277

::::::::::: AcquireRequestState Request called at 10/5/2018 4:43:20 PM   :::   16:43:20.6574295

::::::::::: PostAcquireRequestState Request called at 10/5/2018 4:43:20 PM   :::   16:43:20.6584295

::::::::::: PreRequestHandlerExecute Request called at 10/5/2018 4:43:20 PM   :::   16:43:20.6594306

::::::::::: PreSendRequestContent Request called at 10/5/2018 4:43:22 PM   :::   16:43:22.6847542

::::::::::: PreSendRequestHeaders Request called at 10/5/2018 4:43:22 PM   :::   16:43:22.6867572

::::::::::: PostRequestHandlerExecute Request called at 10/5/2018 4:43:22 PM   :::   16:43:22.6912580

::::::::::: ReleaseRequestState Request called at 10/5/2018 4:43:22 PM   :::   16:43:22.6937604

::::::::::: PostReleaseRequestState Request called at 10/5/2018 4:43:22 PM   :::   16:43:22.6952609

::::::::::: UpdateRequestCache Request called at 10/5/2018 4:43:22 PM   :::   16:43:22.6962612

::::::::::: EndRequest Request called at 10/5/2018 4:43:22 PM   :::   16:43:22.6972647

::::::::::: PreSendRequestContent Request called at 10/5/2018 4:43:22 PM   :::   16:43:22.6987637

::::::::::: BeginRequest Request called at 10/5/2018 4:43:22 PM   :::   16:43:22.7323055

::::::::::: AuthenticateRequest Request called at 10/5/2018 4:43:22 PM   :::   16:43:22.7393055

::::::::::: PostAuthenticateRequest Request called at 10/5/2018 4:43:22 PM   :::   16:43:22.7413086

::::::::::: AuthorizeRequest Request called at 10/5/2018 4:43:22 PM   :::   16:43:22.7423081

::::::::::: PostAuthorizeRequest Request called at 10/5/2018 4:43:22 PM   :::   16:43:22.7433089

::::::::::: End Request called at 10/5/2018 4:43:22 PM   :::   16:43:22.7453099

::::::::::: PostResolveRequestCache Request called at 10/5/2018 4:43:22 PM   :::   16:43:22.7473130

::::::::::: AcquireRequestState Request called at 10/5/2018 4:43:22 PM   :::   16:43:22.7483141

::::::::::: PostAcquireRequestState Request called at 10/5/2018 4:43:22 PM   :::   16:43:22.7553212

::::::::::: PreRequestHandlerExecute Request called at 10/5/2018 4:43:22 PM   :::   16:43:22.7593214

::::::::::: PostRequestHandlerExecute Request called at 10/5/2018 4:43:22 PM   :::   16:43:22.7603210

::::::::::: ReleaseRequestState Request called at 10/5/2018 4:43:22 PM   :::   16:43:22.7613375

::::::::::: PostReleaseRequestState Request called at 10/5/2018 4:43:22 PM   :::   16:43:22.7623240

::::::::::: UpdateRequestCache Request called at 10/5/2018 4:43:22 PM   :::   16:43:22.7633374

::::::::::: EndRequest Request called at 10/5/2018 4:43:22 PM   :::   16:43:22.7643381

::::::::::: PreSendRequestContent Request called at 10/5/2018 4:43:22 PM   :::   16:43:22.7673324

::::::::::: PreSendRequestHeaders Request called at 10/5/2018 4:43:22 PM   :::   16:43:22.7693276

::::::::::: BeginRequest Request called at 10/5/2018 4:43:22 PM   :::   16:43:22.7723298

::::::::::: AuthenticateRequest Request called at 10/5/2018 4:43:22 PM   :::   16:43:22.7733309

::::::::::: PostAuthenticateRequest Request called at 10/5/2018 4:43:22 PM   :::   16:43:22.7743313

::::::::::: AuthorizeRequest Request called at 10/5/2018 4:43:22 PM   :::   16:43:22.7763335

::::::::::: PostAuthorizeRequest Request called at 10/5/2018 4:43:22 PM   :::   16:43:22.7763335

::::::::::: End Request called at 10/5/2018 4:43:22 PM   :::   16:43:22.7783362

::::::::::: PostResolveRequestCache Request called at 10/5/2018 4:43:22 PM   :::   16:43:22.7793369

::::::::::: AcquireRequestState Request called at 10/5/2018 4:43:22 PM   :::   16:43:22.7803377

::::::::::: PostAcquireRequestState Request called at 10/5/2018 4:43:22 PM   :::   16:43:22.7813364

::::::::::: PreRequestHandlerExecute Request called at 10/5/2018 4:43:22 PM   :::   16:43:22.7833426

::::::::::: PreSendRequestContent Request called at 10/5/2018 4:43:32 PM   :::   16:43:32.1055204

::::::::::: PreSendRequestHeaders Request called at 10/5/2018 4:43:32 PM   :::   16:43:32.1075214

::::::::::: PostRequestHandlerExecute Request called at 10/5/2018 4:43:32 PM   :::   16:43:32.1160350

::::::::::: ReleaseRequestState Request called at 10/5/2018 4:43:32 PM   :::   16:43:32.1180365

::::::::::: PostReleaseRequestState Request called at 10/5/2018 4:43:32 PM   :::   16:43:32.1200364

::::::::::: UpdateRequestCache Request called at 10/5/2018 4:43:32 PM   :::   16:43:32.1210371

::::::::::: EndRequest Request called at 10/5/2018 4:43:32 PM   :::   16:43:32.1230386

::::::::::: PreSendRequestContent Request called at 10/5/2018 4:43:32 PM   :::   16:43:32.1260416

::::::::::: PreSendRequestContent Request called at 10/5/2018 4:43:42 PM   :::   16:43:42.0084399

::::::::::: PreSendRequestHeaders Request called at 10/5/2018 4:43:42 PM   :::   16:43:42.0104406

::::::::::: Error Request called at 10/5/2018 4:43:42 PM   :::   16:43:42.0174509

::::::::::: PreSendRequestContent Request called at 10/5/2018 4:43:52 PM   :::   16:43:52.0505671

::::::::::: PreSendRequestContent Request called at 10/5/2018 4:43:52 PM   :::   16:43:52.0525501

::::::::::: PreSendRequestContent Request called at 10/5/2018 4:43:52 PM   :::   16:43:52.0605559

::::::::::: PreSendRequestContent Request called at 10/5/2018 4:43:52 PM   :::   16:43:52.0655588

::::::::::: EndRequest Request called at 10/5/2018 4:43:52 PM   :::   16:43:52.0715644

::::::::::: PreSendRequestContent Request called at 10/5/2018 4:43:52 PM   :::   16:43:52.0755666

::::::::::: BeginRequest Request called at 10/5/2018 6:27:55 PM   :::   18:27:55.4765826

::::::::::: AuthenticateRequest Request called at 10/5/2018 6:27:55 PM   :::   18:27:55.4845828

::::::::::: PostAuthenticateRequest Request called at 10/5/2018 6:27:55 PM   :::   18:27:55.4885836

::::::::::: AuthorizeRequest Request called at 10/5/2018 6:27:55 PM   :::   18:27:55.4885836

::::::::::: PostAuthorizeRequest Request called at 10/5/2018 6:27:55 PM   :::   18:27:55.4925837

::::::::::: End Request called at 10/5/2018 6:27:55 PM   :::   18:27:55.4925837

::::::::::: PostResolveRequestCache Request called at 10/5/2018 6:27:55 PM   :::   18:27:55.6005921

::::::::::: AcquireRequestState Request called at 10/5/2018 6:27:55 PM   :::   18:27:55.6125916

::::::::::: PostAcquireRequestState Request called at 10/5/2018 6:27:55 PM   :::   18:27:55.6165924

::::::::::: PreRequestHandlerExecute Request called at 10/5/2018 6:27:55 PM   :::   18:27:55.6165924

::::::::::: PostRequestHandlerExecute Request called at 10/5/2018 6:27:58 PM   :::   18:27:58.6768044

::::::::::: ReleaseRequestState Request called at 10/5/2018 6:27:58 PM   :::   18:27:58.6768044

::::::::::: PostReleaseRequestState Request called at 10/5/2018 6:27:58 PM   :::   18:27:58.7168052

::::::::::: UpdateRequestCache Request called at 10/5/2018 6:27:58 PM   :::   18:27:58.7888117

::::::::::: EndRequest Request called at 10/5/2018 6:27:58 PM   :::   18:27:58.7928106

::::::::::: PreSendRequestContent Request called at 10/5/2018 6:27:58 PM   :::   18:27:58.8008119

::::::::::: PreSendRequestHeaders Request called at 10/5/2018 6:27:58 PM   :::   18:27:58.8048124

::::::::::: BeginRequest Request called at 10/5/2018 6:27:59 PM   :::   18:27:59.1728365

::::::::::: AuthenticateRequest Request called at 10/5/2018 6:27:59 PM   :::   18:27:59.1768366

::::::::::: PostAuthenticateRequest Request called at 10/5/2018 6:27:59 PM   :::   18:27:59.1848375

::::::::::: AuthorizeRequest Request called at 10/5/2018 6:27:59 PM   :::   18:27:59.1848375

::::::::::: PostAuthorizeRequest Request called at 10/5/2018 6:27:59 PM   :::   18:27:59.1888376

::::::::::: End Request called at 10/5/2018 6:27:59 PM   :::   18:27:59.1928381

::::::::::: PostResolveRequestCache Request called at 10/5/2018 6:27:59 PM   :::   18:27:59.1968385

::::::::::: AcquireRequestState Request called at 10/5/2018 6:27:59 PM   :::   18:27:59.2008382

::::::::::: PostAcquireRequestState Request called at 10/5/2018 6:27:59 PM   :::   18:27:59.2008382

::::::::::: PreRequestHandlerExecute Request called at 10/5/2018 6:27:59 PM   :::   18:27:59.2008382

::::::::::: PostRequestHandlerExecute Request called at 10/5/2018 6:27:59 PM   :::   18:27:59.2248406

::::::::::: ReleaseRequestState Request called at 10/5/2018 6:27:59 PM   :::   18:27:59.2248406

::::::::::: PostReleaseRequestState Request called at 10/5/2018 6:27:59 PM   :::   18:27:59.2248406

::::::::::: UpdateRequestCache Request called at 10/5/2018 6:27:59 PM   :::   18:27:59.2288403

::::::::::: EndRequest Request called at 10/5/2018 6:27:59 PM   :::   18:27:59.2328404

::::::::::: PreSendRequestContent Request called at 10/5/2018 6:27:59 PM   :::   18:27:59.2328404

::::::::::: PreSendRequestHeaders Request called at 10/5/2018 6:27:59 PM   :::   18:27:59.2328404

::::::::::: BeginRequest Request called at 10/5/2018 6:28:08 PM   :::   18:28:08.0410664

::::::::::: AuthenticateRequest Request called at 10/5/2018 6:28:08 PM   :::   18:28:08.0425673

::::::::::: PostAuthenticateRequest Request called at 10/5/2018 6:28:08 PM   :::   18:28:08.0440698

::::::::::: AuthorizeRequest Request called at 10/5/2018 6:28:08 PM   :::   18:28:08.0455702

::::::::::: PostAuthorizeRequest Request called at 10/5/2018 6:28:08 PM   :::   18:28:08.0470707

::::::::::: End Request called at 10/5/2018 6:28:08 PM   :::   18:28:08.0500740

::::::::::: PostResolveRequestCache Request called at 10/5/2018 6:28:08 PM   :::   18:28:08.0520750

::::::::::: AcquireRequestState Request called at 10/5/2018 6:28:08 PM   :::   18:28:08.0535759

::::::::::: PostAcquireRequestState Request called at 10/5/2018 6:28:08 PM   :::   18:28:08.0550768

::::::::::: PreRequestHandlerExecute Request called at 10/5/2018 6:28:08 PM   :::   18:28:08.0615824

::::::::::: PostRequestHandlerExecute Request called at 10/5/2018 6:28:08 PM   :::   18:28:08.0670865

::::::::::: ReleaseRequestState Request called at 10/5/2018 6:28:08 PM   :::   18:28:08.0690867

::::::::::: PostReleaseRequestState Request called at 10/5/2018 6:28:08 PM   :::   18:28:08.0705892

::::::::::: UpdateRequestCache Request called at 10/5/2018 6:28:08 PM   :::   18:28:08.0735925

::::::::::: EndRequest Request called at 10/5/2018 6:28:08 PM   :::   18:28:08.0765926

::::::::::: PreSendRequestContent Request called at 10/5/2018 6:28:08 PM   :::   18:28:08.0780943

::::::::::: PreSendRequestHeaders Request called at 10/5/2018 6:28:08 PM   :::   18:28:08.0795940

::::::::::: BeginRequest Request called at 10/5/2018 6:28:08 PM   :::   18:28:08.1571496

::::::::::: AuthenticateRequest Request called at 10/5/2018 6:28:08 PM   :::   18:28:08.1861690

::::::::::: AuthenticateRequest Request called at 10/5/2018 6:28:08 PM   :::   18:28:08.2051829

::::::::::: AuthenticateRequest Request called at 10/5/2018 6:28:08 PM   :::   18:28:08.2051829

::::::::::: PostAuthenticateRequest Request called at 10/5/2018 6:28:08 PM   :::   18:28:08.2096867

::::::::::: AuthorizeRequest Request called at 10/5/2018 6:28:08 PM   :::   18:28:08.2302011

::::::::::: PostAuthorizeRequest Request called at 10/5/2018 6:28:08 PM   :::   18:28:08.2382060

::::::::::: End Request called at 10/5/2018 6:28:08 PM   :::   18:28:08.2412085

::::::::::: PostResolveRequestCache Request called at 10/5/2018 6:28:08 PM   :::   18:28:08.2427105

::::::::::: AcquireRequestState Request called at 10/5/2018 6:28:08 PM   :::   18:28:08.2467126

::::::::::: PostAcquireRequestState Request called at 10/5/2018 6:28:08 PM   :::   18:28:08.2482138

::::::::::: PreRequestHandlerExecute Request called at 10/5/2018 6:28:08 PM   :::   18:28:08.2502153

::::::::::: AuthorizeRequest Request called at 10/5/2018 6:28:08 PM   :::   18:28:08.2712298

::::::::::: PostAuthorizeRequest Request called at 10/5/2018 6:28:08 PM   :::   18:28:08.2777346

::::::::::: End Request called at 10/5/2018 6:28:08 PM   :::   18:28:08.2852397

::::::::::: PostResolveRequestCache Request called at 10/5/2018 6:28:08 PM   :::   18:28:08.2927449

::::::::::: PostReleaseRequestState Request called at 10/5/2018 6:28:08 PM   :::   18:28:08.2997498

::::::::::: AuthorizeRequest Request called at 10/5/2018 6:28:08 PM   :::   18:28:08.2737353

::::::::::: PostAuthorizeRequest Request called at 10/5/2018 6:28:08 PM   :::   18:28:08.3267690

::::::::::: AcquireRequestState Request called at 10/5/2018 6:28:08 PM   :::   18:28:08.3507860

::::::::::: PostAcquireRequestState Request called at 10/5/2018 6:28:08 PM   :::   18:28:08.3522869

::::::::::: PreRequestHandlerExecute Request called at 10/5/2018 6:28:08 PM   :::   18:28:08.3697999

::::::::::: PreSendRequestContent Request called at 10/5/2018 6:28:08 PM   :::   18:28:08.3818081

::::::::::: PreSendRequestHeaders Request called at 10/5/2018 6:28:08 PM   :::   18:28:08.3833093

::::::::::: End Request called at 10/5/2018 6:28:08 PM   :::   18:28:08.3417797

::::::::::: PostReleaseRequestState Request called at 10/5/2018 6:28:08 PM   :::   18:28:08.3998212

::::::::::: AcquireRequestState Request called at 10/5/2018 6:28:08 PM   :::   18:28:08.4123303

::::::::::: PostAcquireRequestState Request called at 10/5/2018 6:28:08 PM   :::   18:28:08.4148323

::::::::::: PreRequestHandlerExecute Request called at 10/5/2018 6:28:08 PM   :::   18:28:08.4498564

::::::::::: PostRequestHandlerExecute Request called at 10/5/2018 6:28:08 PM   :::   18:28:08.4638667

::::::::::: PostAuthorizeRequest Request called at 10/5/2018 6:28:08 PM   :::   18:28:08.4843810

::::::::::: End Request called at 10/5/2018 6:28:08 PM   :::   18:28:08.4908851

::::::::::: PostResolveRequestCache Request called at 10/5/2018 6:28:08 PM   :::   18:28:08.4928869

::::::::::: AcquireRequestState Request called at 10/5/2018 6:28:08 PM   :::   18:28:08.4978908

::::::::::: PostAcquireRequestState Request called at 10/5/2018 6:28:08 PM   :::   18:28:08.4993917

::::::::::: UpdateRequestCache Request called at 10/5/2018 6:28:08 PM   :::   18:28:08.5003928

::::::::::: EndRequest Request called at 10/5/2018 6:28:08 PM   :::   18:28:08.5108997

::::::::::: PreSendRequestContent Request called at 10/5/2018 6:28:08 PM   :::   18:28:08.5209068

::::::::::: PreSendRequestHeaders Request called at 10/5/2018 6:28:08 PM   :::   18:28:08.5224084

::::::::::: ReleaseRequestState Request called at 10/5/2018 6:28:08 PM   :::   18:28:08.4693700

::::::::::: BeginRequest Request called at 10/5/2018 6:28:08 PM   :::   18:28:08.5354181

::::::::::: AuthenticateRequest Request called at 10/5/2018 6:28:08 PM   :::   18:28:08.5469256

::::::::::: PostAuthenticateRequest Request called at 10/5/2018 6:28:08 PM   :::   18:28:08.5484261

::::::::::: PostReleaseRequestState Request called at 10/5/2018 6:28:08 PM   :::   18:28:08.5549313

::::::::::: PreSendRequestHeaders Request called at 10/5/2018 6:28:08 PM   :::   18:28:08.5569339

::::::::::: AuthorizeRequest Request called at 10/5/2018 6:28:08 PM   :::   18:28:08.5639377

::::::::::: EndRequest Request called at 10/5/2018 6:28:08 PM   :::   18:28:08.5769465

::::::::::: PreSendRequestContent Request called at 10/5/2018 6:28:08 PM   :::   18:28:08.5794481

::::::::::: PreSendRequestHeaders Request called at 10/5/2018 6:28:08 PM   :::   18:28:08.5829508

::::::::::: End Request called at 10/5/2018 6:28:08 PM   :::   18:28:08.5929579

::::::::::: PostResolveRequestCache Request called at 10/5/2018 6:28:08 PM   :::   18:28:08.5949601

::::::::::: AcquireRequestState Request called at 10/5/2018 6:28:08 PM   :::   18:28:08.5964602

::::::::::: PostAcquireRequestState Request called at 10/5/2018 6:28:08 PM   :::   18:28:08.5979615

::::::::::: PreRequestHandlerExecute Request called at 10/5/2018 6:28:08 PM   :::   18:28:08.5994623

::::::::::: EndRequest Request called at 10/5/2018 6:28:08 PM   :::   18:28:08.6309853

::::::::::: PreSendRequestContent Request called at 10/5/2018 6:28:08 PM   :::   18:28:08.6324862

::::::::::: PreSendRequestHeaders Request called at 10/5/2018 6:28:08 PM   :::   18:28:08.6339874

::::::::::: ReleaseRequestState Request called at 10/5/2018 6:28:08 PM   :::   18:28:08.6830218

::::::::::: PostReleaseRequestState Request called at 10/5/2018 6:28:08 PM   :::   18:28:08.6845227

::::::::::: UpdateRequestCache Request called at 10/5/2018 6:28:08 PM   :::   18:28:08.6935291

::::::::::: EndRequest Request called at 10/5/2018 6:28:08 PM   :::   18:28:08.6950307

::::::::::: PreSendRequestContent Request called at 10/5/2018 6:28:08 PM   :::   18:28:08.6965316

::::::::::: PreSendRequestHeaders Request called at 10/5/2018 6:28:08 PM   :::   18:28:08.6980325

::::::::::: BeginRequest Request called at 10/5/2018 6:28:08 PM   :::   18:28:08.9261960

::::::::::: AuthenticateRequest Request called at 10/5/2018 6:28:08 PM   :::   18:28:08.9261960

::::::::::: PostAuthenticateRequest Request called at 10/5/2018 6:28:08 PM   :::   18:28:08.9261960

::::::::::: AuthorizeRequest Request called at 10/5/2018 6:28:08 PM   :::   18:28:08.9261960

::::::::::: PostAuthorizeRequest Request called at 10/5/2018 6:28:08 PM   :::   18:28:08.9261960

::::::::::: End Request called at 10/5/2018 6:28:08 PM   :::   18:28:08.9261960

::::::::::: PostResolveRequestCache Request called at 10/5/2018 6:28:08 PM   :::   18:28:08.9261960

::::::::::: AcquireRequestState Request called at 10/5/2018 6:28:08 PM   :::   18:28:08.9261960

::::::::::: PostAcquireRequestState Request called at 10/5/2018 6:28:08 PM   :::   18:28:08.9261960

::::::::::: PreRequestHandlerExecute Request called at 10/5/2018 6:28:08 PM   :::   18:28:08.9261960

::::::::::: PostRequestHandlerExecute Request called at 10/5/2018 6:28:08 PM   :::   18:28:08.9418248

::::::::::: ReleaseRequestState Request called at 10/5/2018 6:28:08 PM   :::   18:28:08.9418248

::::::::::: PostReleaseRequestState Request called at 10/5/2018 6:28:08 PM   :::   18:28:08.9418248

::::::::::: UpdateRequestCache Request called at 10/5/2018 6:28:08 PM   :::   18:28:08.9418248

::::::::::: EndRequest Request called at 10/5/2018 6:28:08 PM   :::   18:28:08.9418248

::::::::::: PreSendRequestContent Request called at 10/5/2018 6:28:08 PM   :::   18:28:08.9418248

::::::::::: PreSendRequestHeaders Request called at 10/5/2018 6:28:08 PM   :::   18:28:08.9418248

::::::::::: BeginRequest Request called at 10/5/2018 6:28:58 PM   :::   18:28:58.1547321

::::::::::: AuthenticateRequest Request called at 10/5/2018 6:28:58 PM   :::   18:28:58.1577342

::::::::::: PostAuthenticateRequest Request called at 10/5/2018 6:28:58 PM   :::   18:28:58.1597365

::::::::::: AuthorizeRequest Request called at 10/5/2018 6:28:58 PM   :::   18:28:58.1627378

::::::::::: PostAuthorizeRequest Request called at 10/5/2018 6:28:58 PM   :::   18:28:58.1637381

::::::::::: End Request called at 10/5/2018 6:28:58 PM   :::   18:28:58.1667414

::::::::::: PostResolveRequestCache Request called at 10/5/2018 6:28:58 PM   :::   18:28:58.1747459

::::::::::: AcquireRequestState Request called at 10/5/2018 6:28:58 PM   :::   18:28:58.1817513

::::::::::: PostAcquireRequestState Request called at 10/5/2018 6:28:58 PM   :::   18:28:58.1857545

::::::::::: PreRequestHandlerExecute Request called at 10/5/2018 6:28:58 PM   :::   18:28:58.1877552

::::::::::: PostRequestHandlerExecute Request called at 10/5/2018 6:28:58 PM   :::   18:28:58.3298568

::::::::::: ReleaseRequestState Request called at 10/5/2018 6:28:58 PM   :::   18:28:58.3338588

::::::::::: PostReleaseRequestState Request called at 10/5/2018 6:28:58 PM   :::   18:28:58.3378617

::::::::::: UpdateRequestCache Request called at 10/5/2018 6:28:58 PM   :::   18:28:58.3398635

::::::::::: EndRequest Request called at 10/5/2018 6:28:58 PM   :::   18:28:58.3418649

::::::::::: PreSendRequestContent Request called at 10/5/2018 6:28:58 PM   :::   18:28:58.3468677

::::::::::: PreSendRequestHeaders Request called at 10/5/2018 6:28:58 PM   :::   18:28:58.3488699

::::::::::: BeginRequest Request called at 10/5/2018 6:28:58 PM   :::   18:28:58.3628798

::::::::::: AuthenticateRequest Request called at 10/5/2018 6:28:58 PM   :::   18:28:58.3668827

::::::::::: PostAuthenticateRequest Request called at 10/5/2018 6:28:58 PM   :::   18:28:58.3688841

::::::::::: AuthorizeRequest Request called at 10/5/2018 6:28:58 PM   :::   18:28:58.3708851

::::::::::: PostAuthorizeRequest Request called at 10/5/2018 6:28:58 PM   :::   18:28:58.3718858

::::::::::: End Request called at 10/5/2018 6:28:58 PM   :::   18:28:58.3788908

::::::::::: PostResolveRequestCache Request called at 10/5/2018 6:28:58 PM   :::   18:28:58.3798919

::::::::::: AcquireRequestState Request called at 10/5/2018 6:28:58 PM   :::   18:28:58.3828936

::::::::::: PostAcquireRequestState Request called at 10/5/2018 6:28:58 PM   :::   18:28:58.3848955

::::::::::: PreRequestHandlerExecute Request called at 10/5/2018 6:28:58 PM   :::   18:28:58.3888991

::::::::::: PostRequestHandlerExecute Request called at 10/5/2018 6:29:10 PM   :::   18:29:10.8523199

::::::::::: ReleaseRequestState Request called at 10/5/2018 6:29:10 PM   :::   18:29:10.8533206

::::::::::: PostReleaseRequestState Request called at 10/5/2018 6:29:10 PM   :::   18:29:10.8553216

::::::::::: UpdateRequestCache Request called at 10/5/2018 6:29:10 PM   :::   18:29:10.8563223

::::::::::: EndRequest Request called at 10/5/2018 6:29:10 PM   :::   18:29:10.8583233

::::::::::: BeginRequest Request called at 10/5/2018 6:31:35 PM   :::   18:31:35.9133387

::::::::::: AuthenticateRequest Request called at 10/5/2018 6:31:35 PM   :::   18:31:35.9133387

::::::::::: PostAuthenticateRequest Request called at 10/5/2018 6:31:35 PM   :::   18:31:35.9133387

::::::::::: AuthorizeRequest Request called at 10/5/2018 6:31:35 PM   :::   18:31:35.9133387

::::::::::: PostAuthorizeRequest Request called at 10/5/2018 6:31:35 PM   :::   18:31:35.9133387

::::::::::: End Request called at 10/5/2018 6:31:35 PM   :::   18:31:35.9289652

::::::::::: PostResolveRequestCache Request called at 10/5/2018 6:31:36 PM   :::   18:31:36.0004116

::::::::::: AcquireRequestState Request called at 10/5/2018 6:31:36 PM   :::   18:31:36.0074169

::::::::::: PostAcquireRequestState Request called at 10/5/2018 6:31:36 PM   :::   18:31:36.0094164

::::::::::: PreRequestHandlerExecute Request called at 10/5/2018 6:31:36 PM   :::   18:31:36.0104191

::::::::::: PostRequestHandlerExecute Request called at 10/5/2018 6:31:38 PM   :::   18:31:38.2113222

::::::::::: ReleaseRequestState Request called at 10/5/2018 6:31:38 PM   :::   18:31:38.2113222

::::::::::: PostReleaseRequestState Request called at 10/5/2018 6:31:38 PM   :::   18:31:38.2113222

::::::::::: UpdateRequestCache Request called at 10/5/2018 6:31:38 PM   :::   18:31:38.2425704

::::::::::: EndRequest Request called at 10/5/2018 6:31:38 PM   :::   18:31:38.2425704

::::::::::: PreSendRequestContent Request called at 10/5/2018 6:31:38 PM   :::   18:31:38.2581961

::::::::::: PreSendRequestHeaders Request called at 10/5/2018 6:31:38 PM   :::   18:31:38.2581961

::::::::::: BeginRequest Request called at 10/5/2018 6:31:45 PM   :::   18:31:45.1392714

::::::::::: AuthenticateRequest Request called at 10/5/2018 6:31:45 PM   :::   18:31:45.1402722

::::::::::: PostAuthenticateRequest Request called at 10/5/2018 6:31:45 PM   :::   18:31:45.1422740

::::::::::: AuthorizeRequest Request called at 10/5/2018 6:31:45 PM   :::   18:31:45.1442746

::::::::::: PostAuthorizeRequest Request called at 10/5/2018 6:31:45 PM   :::   18:31:45.1482814

::::::::::: End Request called at 10/5/2018 6:31:45 PM   :::   18:31:45.1502785

::::::::::: PostResolveRequestCache Request called at 10/5/2018 6:31:45 PM   :::   18:31:45.1542813

::::::::::: AcquireRequestState Request called at 10/5/2018 6:31:45 PM   :::   18:31:45.1572842

::::::::::: PostAcquireRequestState Request called at 10/5/2018 6:31:45 PM   :::   18:31:45.1582849

::::::::::: PreRequestHandlerExecute Request called at 10/5/2018 6:31:45 PM   :::   18:31:45.1602860

::::::::::: PostRequestHandlerExecute Request called at 10/5/2018 6:31:45 PM   :::   18:31:45.2603574

::::::::::: ReleaseRequestState Request called at 10/5/2018 6:31:45 PM   :::   18:31:45.2623588

::::::::::: PostReleaseRequestState Request called at 10/5/2018 6:31:45 PM   :::   18:31:45.2713664

::::::::::: UpdateRequestCache Request called at 10/5/2018 6:31:45 PM   :::   18:31:45.2733678

::::::::::: EndRequest Request called at 10/5/2018 6:31:45 PM   :::   18:31:45.2763703

::::::::::: PreSendRequestContent Request called at 10/5/2018 6:31:45 PM   :::   18:31:45.2793713

::::::::::: PreSendRequestHeaders Request called at 10/5/2018 6:31:45 PM   :::   18:31:45.2843748

::::::::::: BeginRequest Request called at 10/5/2018 6:31:45 PM   :::   18:31:45.8087458

::::::::::: AuthenticateRequest Request called at 10/5/2018 6:31:45 PM   :::   18:31:45.8197540

::::::::::: PostAuthenticateRequest Request called at 10/5/2018 6:31:45 PM   :::   18:31:45.8217554

::::::::::: AuthorizeRequest Request called at 10/5/2018 6:31:45 PM   :::   18:31:45.8237568

::::::::::: PostAuthorizeRequest Request called at 10/5/2018 6:31:45 PM   :::   18:31:45.8247575

::::::::::: End Request called at 10/5/2018 6:31:45 PM   :::   18:31:45.8267601

::::::::::: PostResolveRequestCache Request called at 10/5/2018 6:31:45 PM   :::   18:31:45.8277596

::::::::::: AcquireRequestState Request called at 10/5/2018 6:31:45 PM   :::   18:31:45.8317688

::::::::::: PostAcquireRequestState Request called at 10/5/2018 6:31:45 PM   :::   18:31:45.8337647

::::::::::: PreRequestHandlerExecute Request called at 10/5/2018 6:31:45 PM   :::   18:31:45.8347654

::::::::::: PostRequestHandlerExecute Request called at 10/5/2018 6:32:00 PM   :::   18:32:00.4407386

::::::::::: ReleaseRequestState Request called at 10/5/2018 6:32:00 PM   :::   18:32:00.4417555

::::::::::: PostReleaseRequestState Request called at 10/5/2018 6:32:00 PM   :::   18:32:00.4437408

::::::::::: UpdateRequestCache Request called at 10/5/2018 6:32:00 PM   :::   18:32:00.4447411

::::::::::: EndRequest Request called at 10/5/2018 6:32:00 PM   :::   18:32:00.4457426

::::::::::: BeginRequest Request called at 10/5/2018 6:32:44 PM   :::   18:32:44.1479889

::::::::::: AuthenticateRequest Request called at 10/5/2018 6:32:44 PM   :::   18:32:44.1549934

::::::::::: PostAuthenticateRequest Request called at 10/5/2018 6:32:44 PM   :::   18:32:44.1589963

::::::::::: AuthorizeRequest Request called at 10/5/2018 6:32:44 PM   :::   18:32:44.1609985

::::::::::: PostAuthorizeRequest Request called at 10/5/2018 6:32:44 PM   :::   18:32:44.1620000

::::::::::: End Request called at 10/5/2018 6:32:44 PM   :::   18:32:44.1639998

::::::::::: PostResolveRequestCache Request called at 10/5/2018 6:32:44 PM   :::   18:32:44.1660020

::::::::::: AcquireRequestState Request called at 10/5/2018 6:32:44 PM   :::   18:32:44.1670020

::::::::::: PostAcquireRequestState Request called at 10/5/2018 6:32:44 PM   :::   18:32:44.1690042

::::::::::: PreRequestHandlerExecute Request called at 10/5/2018 6:32:44 PM   :::   18:32:44.1700045

::::::::::: PostRequestHandlerExecute Request called at 10/5/2018 6:32:44 PM   :::   18:32:44.1750080

::::::::::: ReleaseRequestState Request called at 10/5/2018 6:32:44 PM   :::   18:32:44.1760092

::::::::::: PostReleaseRequestState Request called at 10/5/2018 6:32:44 PM   :::   18:32:44.1780102

::::::::::: UpdateRequestCache Request called at 10/5/2018 6:32:44 PM   :::   18:32:44.1790105

::::::::::: EndRequest Request called at 10/5/2018 6:32:44 PM   :::   18:32:44.1810119

::::::::::: PreSendRequestContent Request called at 10/5/2018 6:32:44 PM   :::   18:32:44.1820126

::::::::::: PreSendRequestHeaders Request called at 10/5/2018 6:32:44 PM   :::   18:32:44.1840140

::::::::::: BeginRequest Request called at 10/5/2018 6:32:44 PM   :::   18:32:44.6523476

::::::::::: AuthenticateRequest Request called at 10/5/2018 6:32:44 PM   :::   18:32:44.6543482

::::::::::: PostAuthenticateRequest Request called at 10/5/2018 6:32:44 PM   :::   18:32:44.6573503

::::::::::: AuthorizeRequest Request called at 10/5/2018 6:32:44 PM   :::   18:32:44.6583515

::::::::::: PostAuthorizeRequest Request called at 10/5/2018 6:32:44 PM   :::   18:32:44.6733617

::::::::::: End Request called at 10/5/2018 6:32:44 PM   :::   18:32:44.6773649

::::::::::: PostResolveRequestCache Request called at 10/5/2018 6:32:44 PM   :::   18:32:44.6803671

::::::::::: AcquireRequestState Request called at 10/5/2018 6:32:44 PM   :::   18:32:44.6833692

::::::::::: PostAcquireRequestState Request called at 10/5/2018 6:32:44 PM   :::   18:32:44.6853710

::::::::::: PreRequestHandlerExecute Request called at 10/5/2018 6:32:44 PM   :::   18:32:44.6883755

::::::::::: PreSendRequestContent Request called at 10/5/2018 6:32:54 PM   :::   18:32:54.0303883

::::::::::: PreSendRequestHeaders Request called at 10/5/2018 6:32:54 PM   :::   18:32:54.0323893

::::::::::: PostRequestHandlerExecute Request called at 10/5/2018 6:32:54 PM   :::   18:32:54.0403950

::::::::::: ReleaseRequestState Request called at 10/5/2018 6:32:54 PM   :::   18:32:54.0413973

::::::::::: PostReleaseRequestState Request called at 10/5/2018 6:32:54 PM   :::   18:32:54.0433979

::::::::::: UpdateRequestCache Request called at 10/5/2018 6:32:54 PM   :::   18:32:54.0443978

::::::::::: EndRequest Request called at 10/5/2018 6:32:54 PM   :::   18:32:54.0453981

::::::::::: PreSendRequestContent Request called at 10/5/2018 6:32:54 PM   :::   18:32:54.0463988

::::::::::: BeginRequest Request called at 10/5/2018 6:33:12 PM   :::   18:33:12.5378352

::::::::::: AuthenticateRequest Request called at 10/5/2018 6:33:12 PM   :::   18:33:12.5398354

::::::::::: PostAuthenticateRequest Request called at 10/5/2018 6:33:12 PM   :::   18:33:12.5408365

::::::::::: AuthorizeRequest Request called at 10/5/2018 6:33:12 PM   :::   18:33:12.5428379

::::::::::: PostAuthorizeRequest Request called at 10/5/2018 6:33:12 PM   :::   18:33:12.5438382

::::::::::: End Request called at 10/5/2018 6:33:12 PM   :::   18:33:12.5458397

::::::::::: PostResolveRequestCache Request called at 10/5/2018 6:33:12 PM   :::   18:33:12.5488422

::::::::::: AcquireRequestState Request called at 10/5/2018 6:33:12 PM   :::   18:33:12.5508436

::::::::::: PostAcquireRequestState Request called at 10/5/2018 6:33:12 PM   :::   18:33:12.5518443

::::::::::: PreRequestHandlerExecute Request called at 10/5/2018 6:33:12 PM   :::   18:33:12.5538457

::::::::::: PostRequestHandlerExecute Request called at 10/5/2018 6:33:12 PM   :::   18:33:12.5588493

::::::::::: ReleaseRequestState Request called at 10/5/2018 6:33:12 PM   :::   18:33:12.5608503

::::::::::: PostReleaseRequestState Request called at 10/5/2018 6:33:12 PM   :::   18:33:12.5638607

::::::::::: UpdateRequestCache Request called at 10/5/2018 6:33:12 PM   :::   18:33:12.5698630

::::::::::: EndRequest Request called at 10/5/2018 6:33:12 PM   :::   18:33:12.5728600

::::::::::: PreSendRequestContent Request called at 10/5/2018 6:33:12 PM   :::   18:33:12.5748670

::::::::::: PreSendRequestHeaders Request called at 10/5/2018 6:33:12 PM   :::   18:33:12.5768617

::::::::::: BeginRequest Request called at 10/5/2018 6:33:12 PM   :::   18:33:12.5858681

::::::::::: AuthenticateRequest Request called at 10/5/2018 6:33:12 PM   :::   18:33:12.5878695

::::::::::: PostAuthenticateRequest Request called at 10/5/2018 6:33:12 PM   :::   18:33:12.5888706

::::::::::: AuthorizeRequest Request called at 10/5/2018 6:33:12 PM   :::   18:33:12.5908716

::::::::::: PostAuthorizeRequest Request called at 10/5/2018 6:33:12 PM   :::   18:33:12.5918723

::::::::::: End Request called at 10/5/2018 6:33:12 PM   :::   18:33:12.5928726

::::::::::: PostResolveRequestCache Request called at 10/5/2018 6:33:12 PM   :::   18:33:12.5968763

::::::::::: AcquireRequestState Request called at 10/5/2018 6:33:12 PM   :::   18:33:12.5978774

::::::::::: PostAcquireRequestState Request called at 10/5/2018 6:33:12 PM   :::   18:33:12.5998784

::::::::::: PreRequestHandlerExecute Request called at 10/5/2018 6:33:12 PM   :::   18:33:12.6018798

::::::::::: PreSendRequestContent Request called at 10/5/2018 6:33:23 PM   :::   18:33:23.6513840

::::::::::: PreSendRequestHeaders Request called at 10/5/2018 6:33:23 PM   :::   18:33:23.6534000

::::::::::: Error Request called at 10/5/2018 6:33:23 PM   :::   18:33:23.6583886

::::::::::: PreSendRequestContent Request called at 10/5/2018 6:33:33 PM   :::   18:33:33.6783684

::::::::::: PreSendRequestContent Request called at 10/5/2018 6:33:33 PM   :::   18:33:33.6813674

::::::::::: PreSendRequestContent Request called at 10/5/2018 6:33:33 PM   :::   18:33:33.6853714

::::::::::: PreSendRequestContent Request called at 10/5/2018 6:33:33 PM   :::   18:33:33.6913749

::::::::::: EndRequest Request called at 10/5/2018 6:33:33 PM   :::   18:33:33.6963773

::::::::::: PreSendRequestContent Request called at 10/5/2018 6:33:33 PM   :::   18:33:33.6983787

::::::::::: BeginRequest Request called at 10/5/2018 6:33:39 PM   :::   18:33:39.4621487

::::::::::: AuthenticateRequest Request called at 10/5/2018 6:33:39 PM   :::   18:33:39.4631494

::::::::::: PostAuthenticateRequest Request called at 10/5/2018 6:33:39 PM   :::   18:33:39.4651500

::::::::::: AuthorizeRequest Request called at 10/5/2018 6:33:39 PM   :::   18:33:39.4661511

::::::::::: PostAuthorizeRequest Request called at 10/5/2018 6:33:39 PM   :::   18:33:39.4691537

::::::::::: End Request called at 10/5/2018 6:33:39 PM   :::   18:33:39.4721550

::::::::::: PostResolveRequestCache Request called at 10/5/2018 6:33:39 PM   :::   18:33:39.4741568

::::::::::: AcquireRequestState Request called at 10/5/2018 6:33:39 PM   :::   18:33:39.4751575

::::::::::: PostAcquireRequestState Request called at 10/5/2018 6:33:39 PM   :::   18:33:39.4771590

::::::::::: BeginRequest Request called at 10/5/2018 6:33:39 PM   :::   18:33:39.4781597

::::::::::: AuthenticateRequest Request called at 10/5/2018 6:33:39 PM   :::   18:33:39.4881660

::::::::::: PostAuthenticateRequest Request called at 10/5/2018 6:33:39 PM   :::   18:33:39.4921716

::::::::::: AuthorizeRequest Request called at 10/5/2018 6:33:39 PM   :::   18:33:39.4981739

::::::::::: PostAuthorizeRequest Request called at 10/5/2018 6:33:39 PM   :::   18:33:39.5061788

::::::::::: End Request called at 10/5/2018 6:33:39 PM   :::   18:33:39.5121842

::::::::::: PreSendRequestContent Request called at 10/5/2018 6:33:39 PM   :::   18:33:39.5212044

::::::::::: PreSendRequestHeaders Request called at 10/5/2018 6:33:39 PM   :::   18:33:39.5241915

::::::::::: PostAcquireRequestState Request called at 10/5/2018 6:33:39 PM   :::   18:33:39.5342176

::::::::::: PreRequestHandlerExecute Request called at 10/5/2018 6:33:39 PM   :::   18:33:39.5352005

::::::::::: PostRequestHandlerExecute Request called at 10/5/2018 6:33:39 PM   :::   18:33:39.5872363

::::::::::: ReleaseRequestState Request called at 10/5/2018 6:33:39 PM   :::   18:33:39.5882378

::::::::::: PostReleaseRequestState Request called at 10/5/2018 6:33:39 PM   :::   18:33:39.5902392

::::::::::: UpdateRequestCache Request called at 10/5/2018 6:33:39 PM   :::   18:33:39.5912403

::::::::::: EndRequest Request called at 10/5/2018 6:33:39 PM   :::   18:33:39.5922410

::::::::::: PreSendRequestContent Request called at 10/5/2018 6:33:39 PM   :::   18:33:39.5932409

::::::::::: PreSendRequestHeaders Request called at 10/5/2018 6:33:39 PM   :::   18:33:39.5952428

::::::::::: BeginRequest Request called at 10/5/2018 6:33:40 PM   :::   18:33:40.6213200

::::::::::: AuthenticateRequest Request called at 10/5/2018 6:33:40 PM   :::   18:33:40.6233211

::::::::::: PostAuthenticateRequest Request called at 10/5/2018 6:33:40 PM   :::   18:33:40.6253225

::::::::::: AuthorizeRequest Request called at 10/5/2018 6:33:40 PM   :::   18:33:40.6363299

::::::::::: PostAuthorizeRequest Request called at 10/5/2018 6:33:40 PM   :::   18:33:40.6383317

::::::::::: End Request called at 10/5/2018 6:33:40 PM   :::   18:33:40.6403327

::::::::::: PostResolveRequestCache Request called at 10/5/2018 6:33:40 PM   :::   18:33:40.6443360

::::::::::: AcquireRequestState Request called at 10/5/2018 6:33:40 PM   :::   18:33:40.6463378

::::::::::: PostAcquireRequestState Request called at 10/5/2018 6:33:40 PM   :::   18:33:40.6543431

::::::::::: PreRequestHandlerExecute Request called at 10/5/2018 6:33:40 PM   :::   18:33:40.6563445

::::::::::: PreSendRequestContent Request called at 10/5/2018 6:33:42 PM   :::   18:33:42.6827952

::::::::::: PreSendRequestHeaders Request called at 10/5/2018 6:33:42 PM   :::   18:33:42.6847963

::::::::::: PostRequestHandlerExecute Request called at 10/5/2018 6:33:42 PM   :::   18:33:42.6877992

::::::::::: ReleaseRequestState Request called at 10/5/2018 6:33:42 PM   :::   18:33:42.6898002

::::::::::: PostReleaseRequestState Request called at 10/5/2018 6:33:42 PM   :::   18:33:42.6918012

::::::::::: UpdateRequestCache Request called at 10/5/2018 6:33:42 PM   :::   18:33:42.6948034

::::::::::: EndRequest Request called at 10/5/2018 6:33:42 PM   :::   18:33:42.6968052

::::::::::: PreSendRequestContent Request called at 10/5/2018 6:33:42 PM   :::   18:33:42.6998073

::::::::::: BeginRequest Request called at 10/5/2018 6:44:26 PM   :::   18:44:26.5245741

::::::::::: AuthenticateRequest Request called at 10/5/2018 6:44:26 PM   :::   18:44:26.5265731

::::::::::: PostAuthenticateRequest Request called at 10/5/2018 6:44:26 PM   :::   18:44:26.5275738

::::::::::: AuthorizeRequest Request called at 10/5/2018 6:44:26 PM   :::   18:44:26.5295753

::::::::::: PostAuthorizeRequest Request called at 10/5/2018 6:44:26 PM   :::   18:44:26.5315790

::::::::::: End Request called at 10/5/2018 6:44:26 PM   :::   18:44:26.5325790

::::::::::: PostResolveRequestCache Request called at 10/5/2018 6:44:26 PM   :::   18:44:26.5355795

::::::::::: AcquireRequestState Request called at 10/5/2018 6:44:26 PM   :::   18:44:26.5405862

::::::::::: PostAcquireRequestState Request called at 10/5/2018 6:44:26 PM   :::   18:44:26.5425841

::::::::::: PreRequestHandlerExecute Request called at 10/5/2018 6:44:26 PM   :::   18:44:26.5445859

::::::::::: PostRequestHandlerExecute Request called at 10/5/2018 6:44:26 PM   :::   18:44:26.5485887

::::::::::: ReleaseRequestState Request called at 10/5/2018 6:44:26 PM   :::   18:44:26.5495887

::::::::::: PostReleaseRequestState Request called at 10/5/2018 6:44:26 PM   :::   18:44:26.5535923

::::::::::: UpdateRequestCache Request called at 10/5/2018 6:44:26 PM   :::   18:44:26.5555941

::::::::::: EndRequest Request called at 10/5/2018 6:44:26 PM   :::   18:44:26.5585958

::::::::::: PreSendRequestContent Request called at 10/5/2018 6:44:26 PM   :::   18:44:26.5595981

::::::::::: PreSendRequestHeaders Request called at 10/5/2018 6:44:26 PM   :::   18:44:26.5605985

::::::::::: BeginRequest Request called at 10/5/2018 6:44:26 PM   :::   18:44:26.5726058

::::::::::: AuthenticateRequest Request called at 10/5/2018 6:44:26 PM   :::   18:44:26.5746076

::::::::::: PostAuthenticateRequest Request called at 10/5/2018 6:44:26 PM   :::   18:44:26.5776089

::::::::::: AuthorizeRequest Request called at 10/5/2018 6:44:26 PM   :::   18:44:26.5816126

::::::::::: PostAuthorizeRequest Request called at 10/5/2018 6:44:26 PM   :::   18:44:26.5826129

::::::::::: End Request called at 10/5/2018 6:44:26 PM   :::   18:44:26.5856138

::::::::::: PostResolveRequestCache Request called at 10/5/2018 6:44:26 PM   :::   18:44:26.5876160

::::::::::: AcquireRequestState Request called at 10/5/2018 6:44:26 PM   :::   18:44:26.5896175

::::::::::: PostAcquireRequestState Request called at 10/5/2018 6:44:26 PM   :::   18:44:26.5906182

::::::::::: PreRequestHandlerExecute Request called at 10/5/2018 6:44:26 PM   :::   18:44:26.5926204

::::::::::: PreSendRequestContent Request called at 10/5/2018 6:47:00 PM   :::   18:47:00.5577641

::::::::::: PreSendRequestHeaders Request called at 10/5/2018 6:47:00 PM   :::   18:47:00.5587644

::::::::::: Error Request called at 10/5/2018 6:47:00 PM   :::   18:47:00.5607662

::::::::::: PreSendRequestContent Request called at 10/5/2018 6:47:10 PM   :::   18:47:10.5838007

::::::::::: PreSendRequestContent Request called at 10/5/2018 6:47:10 PM   :::   18:47:10.5856900

::::::::::: PreSendRequestContent Request called at 10/5/2018 6:47:10 PM   :::   18:47:10.5876918

::::::::::: PreSendRequestContent Request called at 10/5/2018 6:47:10 PM   :::   18:47:10.5896921

::::::::::: EndRequest Request called at 10/5/2018 6:47:10 PM   :::   18:47:10.5926966

::::::::::: PreSendRequestContent Request called at 10/5/2018 6:47:10 PM   :::   18:47:10.5936953

