::::::::::: BeginRequest Request called at 19-12-2018 12:00:01 AM   :::   00:00:01.0963084

::::::::::: AuthenticateRequest Request called at 19-12-2018 12:00:01 AM   :::   00:00:01.0992757

::::::::::: PostAuthenticateRequest Request called at 19-12-2018 12:00:01 AM   :::   00:00:01.1002806

::::::::::: AuthorizeRequest Request called at 19-12-2018 12:00:01 AM   :::   00:00:01.1012812

::::::::::: PostAuthorizeRequest Request called at 19-12-2018 12:00:01 AM   :::   00:00:01.1012812

::::::::::: End Request called at 19-12-2018 12:00:01 AM   :::   00:00:01.1022766

::::::::::: PostResolveRequestCache Request called at 19-12-2018 12:00:01 AM   :::   00:00:01.1042763

::::::::::: AcquireRequestState Request called at 19-12-2018 12:00:01 AM   :::   00:00:01.1052773

::::::::::: PostAcquireRequestState Request called at 19-12-2018 12:00:01 AM   :::   00:00:01.1062809

::::::::::: PreRequestHandlerExecute Request called at 19-12-2018 12:00:01 AM   :::   00:00:01.1072763

::::::::::: PostRequestHandlerExecute Request called at 19-12-2018 12:00:01 AM   :::   00:00:01.1082753

::::::::::: ReleaseRequestState Request called at 19-12-2018 12:00:01 AM   :::   00:00:01.1102791

::::::::::: PostReleaseRequestState Request called at 19-12-2018 12:00:01 AM   :::   00:00:01.1112784

::::::::::: UpdateRequestCache Request called at 19-12-2018 12:00:01 AM   :::   00:00:01.1122789

::::::::::: EndRequest Request called at 19-12-2018 12:00:01 AM   :::   00:00:01.1122789

::::::::::: PreSendRequestContent Request called at 19-12-2018 12:00:01 AM   :::   00:00:01.1132758

::::::::::: PreSendRequestHeaders Request called at 19-12-2018 12:00:01 AM   :::   00:00:01.1142762

::::::::::: BeginRequest Request called at 19-12-2018 12:00:01 AM   :::   00:00:01.1502793

::::::::::: AuthenticateRequest Request called at 19-12-2018 12:00:01 AM   :::   00:00:01.1522972

::::::::::: PostAuthenticateRequest Request called at 19-12-2018 12:00:01 AM   :::   00:00:01.1532793

::::::::::: AuthorizeRequest Request called at 19-12-2018 12:00:01 AM   :::   00:00:01.1552846

::::::::::: PostAuthorizeRequest Request called at 19-12-2018 12:00:01 AM   :::   00:00:01.1572807

::::::::::: End Request called at 19-12-2018 12:00:01 AM   :::   00:00:01.1583056

::::::::::: PostResolveRequestCache Request called at 19-12-2018 12:00:01 AM   :::   00:00:01.1602810

::::::::::: AcquireRequestState Request called at 19-12-2018 12:00:01 AM   :::   00:00:01.1652800

::::::::::: PostAcquireRequestState Request called at 19-12-2018 12:00:01 AM   :::   00:00:01.1663053

::::::::::: PreRequestHandlerExecute Request called at 19-12-2018 12:00:01 AM   :::   00:00:01.1682837

::::::::::: BeginRequest Request called at 19-12-2018 12:00:01 AM   :::   00:00:01.3522818

::::::::::: AuthenticateRequest Request called at 19-12-2018 12:00:01 AM   :::   00:00:01.3532892

::::::::::: PostAuthenticateRequest Request called at 19-12-2018 12:00:01 AM   :::   00:00:01.3552895

::::::::::: AuthorizeRequest Request called at 19-12-2018 12:00:01 AM   :::   00:00:01.3562797

::::::::::: PostAuthorizeRequest Request called at 19-12-2018 12:00:01 AM   :::   00:00:01.3572763

::::::::::: End Request called at 19-12-2018 12:00:01 AM   :::   00:00:01.3592742

::::::::::: PostResolveRequestCache Request called at 19-12-2018 12:00:01 AM   :::   00:00:01.3612808

::::::::::: AcquireRequestState Request called at 19-12-2018 12:00:01 AM   :::   00:00:01.3622766

::::::::::: PostAcquireRequestState Request called at 19-12-2018 12:00:01 AM   :::   00:00:01.3633042

::::::::::: PreRequestHandlerExecute Request called at 19-12-2018 12:00:01 AM   :::   00:00:01.3642834

::::::::::: PostRequestHandlerExecute Request called at 19-12-2018 12:00:01 AM   :::   00:00:01.3662761

::::::::::: ReleaseRequestState Request called at 19-12-2018 12:00:01 AM   :::   00:00:01.3672811

::::::::::: PostReleaseRequestState Request called at 19-12-2018 12:00:01 AM   :::   00:00:01.3682833

::::::::::: UpdateRequestCache Request called at 19-12-2018 12:00:01 AM   :::   00:00:01.3692831

::::::::::: EndRequest Request called at 19-12-2018 12:00:01 AM   :::   00:00:01.3702750

::::::::::: PreSendRequestContent Request called at 19-12-2018 12:00:01 AM   :::   00:00:01.3712798

::::::::::: PreSendRequestHeaders Request called at 19-12-2018 12:00:01 AM   :::   00:00:01.3722795

::::::::::: BeginRequest Request called at 19-12-2018 12:00:03 AM   :::   00:00:03.3672893

::::::::::: AuthenticateRequest Request called at 19-12-2018 12:00:03 AM   :::   00:00:03.3692801

::::::::::: PostAuthenticateRequest Request called at 19-12-2018 12:00:03 AM   :::   00:00:03.3722804

::::::::::: AuthorizeRequest Request called at 19-12-2018 12:00:03 AM   :::   00:00:03.3732790

::::::::::: PostAuthorizeRequest Request called at 19-12-2018 12:00:03 AM   :::   00:00:03.3752837

::::::::::: End Request called at 19-12-2018 12:00:03 AM   :::   00:00:03.3842797

::::::::::: PostResolveRequestCache Request called at 19-12-2018 12:00:03 AM   :::   00:00:03.3882762

::::::::::: AcquireRequestState Request called at 19-12-2018 12:00:03 AM   :::   00:00:03.3902817

::::::::::: PostAcquireRequestState Request called at 19-12-2018 12:00:03 AM   :::   00:00:03.3922779

::::::::::: PreRequestHandlerExecute Request called at 19-12-2018 12:00:03 AM   :::   00:00:03.3962778

::::::::::: PreSendRequestContent Request called at 19-12-2018 12:00:05 AM   :::   00:00:05.4021059

::::::::::: PreSendRequestHeaders Request called at 19-12-2018 12:00:05 AM   :::   00:00:05.4031076

::::::::::: PostRequestHandlerExecute Request called at 19-12-2018 12:00:05 AM   :::   00:00:05.4051103

::::::::::: ReleaseRequestState Request called at 19-12-2018 12:00:05 AM   :::   00:00:05.4091067

::::::::::: PostReleaseRequestState Request called at 19-12-2018 12:00:05 AM   :::   00:00:05.4111094

::::::::::: UpdateRequestCache Request called at 19-12-2018 12:00:05 AM   :::   00:00:05.4121141

::::::::::: EndRequest Request called at 19-12-2018 12:00:05 AM   :::   00:00:05.4141055

::::::::::: PreSendRequestContent Request called at 19-12-2018 12:00:05 AM   :::   00:00:05.4151053

::::::::::: BeginRequest Request called at 19-12-2018 12:00:06 AM   :::   00:00:06.2151092

::::::::::: AuthenticateRequest Request called at 19-12-2018 12:00:06 AM   :::   00:00:06.2161130

::::::::::: PostAuthenticateRequest Request called at 19-12-2018 12:00:06 AM   :::   00:00:06.2171045

::::::::::: AuthorizeRequest Request called at 19-12-2018 12:00:06 AM   :::   00:00:06.2191030

::::::::::: PostAuthorizeRequest Request called at 19-12-2018 12:00:06 AM   :::   00:00:06.2201090

::::::::::: End Request called at 19-12-2018 12:00:06 AM   :::   00:00:06.2221047

::::::::::: PostResolveRequestCache Request called at 19-12-2018 12:00:06 AM   :::   00:00:06.2231050

::::::::::: AcquireRequestState Request called at 19-12-2018 12:00:06 AM   :::   00:00:06.2251058

::::::::::: PostAcquireRequestState Request called at 19-12-2018 12:00:06 AM   :::   00:00:06.2261064

::::::::::: PreRequestHandlerExecute Request called at 19-12-2018 12:00:06 AM   :::   00:00:06.2281078

::::::::::: PostRequestHandlerExecute Request called at 19-12-2018 12:00:06 AM   :::   00:00:06.2301049

::::::::::: ReleaseRequestState Request called at 19-12-2018 12:00:06 AM   :::   00:00:06.2321067

::::::::::: PostReleaseRequestState Request called at 19-12-2018 12:00:06 AM   :::   00:00:06.2341093

::::::::::: UpdateRequestCache Request called at 19-12-2018 12:00:06 AM   :::   00:00:06.2361125

::::::::::: EndRequest Request called at 19-12-2018 12:00:06 AM   :::   00:00:06.2371118

::::::::::: PreSendRequestContent Request called at 19-12-2018 12:00:06 AM   :::   00:00:06.2391159

::::::::::: PreSendRequestHeaders Request called at 19-12-2018 12:00:06 AM   :::   00:00:06.2411070

::::::::::: BeginRequest Request called at 19-12-2018 12:00:06 AM   :::   00:00:06.2701080

::::::::::: AuthenticateRequest Request called at 19-12-2018 12:00:06 AM   :::   00:00:06.2721082

::::::::::: PostAuthenticateRequest Request called at 19-12-2018 12:00:06 AM   :::   00:00:06.2741066

::::::::::: AuthorizeRequest Request called at 19-12-2018 12:00:06 AM   :::   00:00:06.2801055

::::::::::: PostAuthorizeRequest Request called at 19-12-2018 12:00:06 AM   :::   00:00:06.2821047

::::::::::: End Request called at 19-12-2018 12:00:06 AM   :::   00:00:06.2841073

::::::::::: PostResolveRequestCache Request called at 19-12-2018 12:00:06 AM   :::   00:00:06.2861075

::::::::::: AcquireRequestState Request called at 19-12-2018 12:00:06 AM   :::   00:00:06.2871035

::::::::::: PostAcquireRequestState Request called at 19-12-2018 12:00:06 AM   :::   00:00:06.2881032

::::::::::: PreRequestHandlerExecute Request called at 19-12-2018 12:00:06 AM   :::   00:00:06.2891042

::::::::::: PreSendRequestContent Request called at 19-12-2018 12:00:13 AM   :::   00:00:13.9388041

::::::::::: PreSendRequestHeaders Request called at 19-12-2018 12:00:13 AM   :::   00:00:13.9407870

::::::::::: PostRequestHandlerExecute Request called at 19-12-2018 12:00:13 AM   :::   00:00:13.9637871

::::::::::: ReleaseRequestState Request called at 19-12-2018 12:00:13 AM   :::   00:00:13.9647872

::::::::::: PostReleaseRequestState Request called at 19-12-2018 12:00:13 AM   :::   00:00:13.9677891

::::::::::: UpdateRequestCache Request called at 19-12-2018 12:00:13 AM   :::   00:00:13.9687886

::::::::::: EndRequest Request called at 19-12-2018 12:00:13 AM   :::   00:00:13.9717860

::::::::::: PreSendRequestContent Request called at 19-12-2018 12:00:13 AM   :::   00:00:13.9757883

::::::::::: PreSendRequestContent Request called at 19-12-2018 12:00:18 AM   :::   00:00:18.8368410

::::::::::: PreSendRequestHeaders Request called at 19-12-2018 12:00:18 AM   :::   00:00:18.8388420

::::::::::: PostRequestHandlerExecute Request called at 19-12-2018 12:00:18 AM   :::   00:00:18.8498415

::::::::::: ReleaseRequestState Request called at 19-12-2018 12:00:18 AM   :::   00:00:18.8518407

::::::::::: PostReleaseRequestState Request called at 19-12-2018 12:00:18 AM   :::   00:00:18.8528379

::::::::::: UpdateRequestCache Request called at 19-12-2018 12:00:18 AM   :::   00:00:18.8548340

::::::::::: EndRequest Request called at 19-12-2018 12:00:18 AM   :::   00:00:18.8598459

::::::::::: PreSendRequestContent Request called at 19-12-2018 12:00:18 AM   :::   00:00:18.8608393

::::::::::: BeginRequest Request called at 19-12-2018 12:00:19 AM   :::   00:00:19.3128390

::::::::::: AuthenticateRequest Request called at 19-12-2018 12:00:19 AM   :::   00:00:19.3138395

::::::::::: PostAuthenticateRequest Request called at 19-12-2018 12:00:19 AM   :::   00:00:19.3148435

::::::::::: AuthorizeRequest Request called at 19-12-2018 12:00:19 AM   :::   00:00:19.3158338

::::::::::: PostAuthorizeRequest Request called at 19-12-2018 12:00:19 AM   :::   00:00:19.3168336

::::::::::: End Request called at 19-12-2018 12:00:19 AM   :::   00:00:19.3178348

::::::::::: PostResolveRequestCache Request called at 19-12-2018 12:00:19 AM   :::   00:00:19.3188396

::::::::::: AcquireRequestState Request called at 19-12-2018 12:00:19 AM   :::   00:00:19.3198360

::::::::::: PostAcquireRequestState Request called at 19-12-2018 12:00:19 AM   :::   00:00:19.3218359

::::::::::: PreRequestHandlerExecute Request called at 19-12-2018 12:00:19 AM   :::   00:00:19.3228419

::::::::::: PostRequestHandlerExecute Request called at 19-12-2018 12:00:19 AM   :::   00:00:19.7039579

::::::::::: ReleaseRequestState Request called at 19-12-2018 12:00:19 AM   :::   00:00:19.7049659

::::::::::: PostReleaseRequestState Request called at 19-12-2018 12:00:19 AM   :::   00:00:19.7089613

::::::::::: UpdateRequestCache Request called at 19-12-2018 12:00:19 AM   :::   00:00:19.7109575

::::::::::: EndRequest Request called at 19-12-2018 12:00:19 AM   :::   00:00:19.7119587

::::::::::: PreSendRequestContent Request called at 19-12-2018 12:00:19 AM   :::   00:00:19.7129625

::::::::::: PreSendRequestHeaders Request called at 19-12-2018 12:00:19 AM   :::   00:00:19.7149699

::::::::::: BeginRequest Request called at 19-12-2018 12:02:27 AM   :::   00:02:27.3335773

::::::::::: AuthenticateRequest Request called at 19-12-2018 12:02:27 AM   :::   00:02:27.3355813

::::::::::: PostAuthenticateRequest Request called at 19-12-2018 12:02:27 AM   :::   00:02:27.3415844

::::::::::: AuthorizeRequest Request called at 19-12-2018 12:02:27 AM   :::   00:02:27.3425799

::::::::::: PostAuthorizeRequest Request called at 19-12-2018 12:02:27 AM   :::   00:02:27.3435769

::::::::::: End Request called at 19-12-2018 12:02:27 AM   :::   00:02:27.3455779

::::::::::: PostResolveRequestCache Request called at 19-12-2018 12:02:27 AM   :::   00:02:27.3465772

::::::::::: AcquireRequestState Request called at 19-12-2018 12:02:27 AM   :::   00:02:27.3475839

::::::::::: PostAcquireRequestState Request called at 19-12-2018 12:02:27 AM   :::   00:02:27.3485768

::::::::::: PreRequestHandlerExecute Request called at 19-12-2018 12:02:27 AM   :::   00:02:27.3505796

::::::::::: PostRequestHandlerExecute Request called at 19-12-2018 12:02:27 AM   :::   00:02:27.3546237

::::::::::: ReleaseRequestState Request called at 19-12-2018 12:02:27 AM   :::   00:02:27.3585920

::::::::::: PostReleaseRequestState Request called at 19-12-2018 12:02:27 AM   :::   00:02:27.3595818

::::::::::: UpdateRequestCache Request called at 19-12-2018 12:02:27 AM   :::   00:02:27.3605776

::::::::::: EndRequest Request called at 19-12-2018 12:02:27 AM   :::   00:02:27.3625792

::::::::::: PreSendRequestContent Request called at 19-12-2018 12:02:27 AM   :::   00:02:27.3635788

::::::::::: PreSendRequestHeaders Request called at 19-12-2018 12:02:27 AM   :::   00:02:27.3655799

::::::::::: BeginRequest Request called at 19-12-2018 12:02:27 AM   :::   00:02:27.4125778

::::::::::: AuthenticateRequest Request called at 19-12-2018 12:02:27 AM   :::   00:02:27.4135828

::::::::::: PostAuthenticateRequest Request called at 19-12-2018 12:02:27 AM   :::   00:02:27.4155850

::::::::::: AuthorizeRequest Request called at 19-12-2018 12:02:27 AM   :::   00:02:27.4165866

::::::::::: PostAuthorizeRequest Request called at 19-12-2018 12:02:27 AM   :::   00:02:27.4185868

::::::::::: End Request called at 19-12-2018 12:02:27 AM   :::   00:02:27.4205976

::::::::::: PostResolveRequestCache Request called at 19-12-2018 12:02:27 AM   :::   00:02:27.4225780

::::::::::: AcquireRequestState Request called at 19-12-2018 12:02:27 AM   :::   00:02:27.4245798

::::::::::: PostAcquireRequestState Request called at 19-12-2018 12:02:27 AM   :::   00:02:27.4265861

::::::::::: PreRequestHandlerExecute Request called at 19-12-2018 12:02:27 AM   :::   00:02:27.4285795

::::::::::: BeginRequest Request called at 19-12-2018 12:02:27 AM   :::   00:02:27.5641435

::::::::::: AuthenticateRequest Request called at 19-12-2018 12:02:27 AM   :::   00:02:27.5661347

::::::::::: PostAuthenticateRequest Request called at 19-12-2018 12:02:27 AM   :::   00:02:27.5671349

::::::::::: AuthorizeRequest Request called at 19-12-2018 12:02:27 AM   :::   00:02:27.5691343

::::::::::: PostAuthorizeRequest Request called at 19-12-2018 12:02:27 AM   :::   00:02:27.5711375

::::::::::: End Request called at 19-12-2018 12:02:27 AM   :::   00:02:27.5721359

::::::::::: PostResolveRequestCache Request called at 19-12-2018 12:02:27 AM   :::   00:02:27.5741373

::::::::::: AcquireRequestState Request called at 19-12-2018 12:02:27 AM   :::   00:02:27.5761393

::::::::::: PostAcquireRequestState Request called at 19-12-2018 12:02:27 AM   :::   00:02:27.5771359

::::::::::: PreRequestHandlerExecute Request called at 19-12-2018 12:02:27 AM   :::   00:02:27.5791408

::::::::::: PostRequestHandlerExecute Request called at 19-12-2018 12:02:27 AM   :::   00:02:27.5811369

::::::::::: ReleaseRequestState Request called at 19-12-2018 12:02:27 AM   :::   00:02:27.5831346

::::::::::: PostReleaseRequestState Request called at 19-12-2018 12:02:27 AM   :::   00:02:27.5841374

::::::::::: UpdateRequestCache Request called at 19-12-2018 12:02:27 AM   :::   00:02:27.5871363

::::::::::: EndRequest Request called at 19-12-2018 12:02:27 AM   :::   00:02:27.5881350

::::::::::: PreSendRequestContent Request called at 19-12-2018 12:02:27 AM   :::   00:02:27.5901364

::::::::::: PreSendRequestHeaders Request called at 19-12-2018 12:02:27 AM   :::   00:02:27.5921589

::::::::::: BeginRequest Request called at 19-12-2018 12:02:29 AM   :::   00:02:29.8141392

::::::::::: AuthenticateRequest Request called at 19-12-2018 12:02:29 AM   :::   00:02:29.8161356

::::::::::: PostAuthenticateRequest Request called at 19-12-2018 12:02:29 AM   :::   00:02:29.8171382

::::::::::: AuthorizeRequest Request called at 19-12-2018 12:02:29 AM   :::   00:02:29.8191341

::::::::::: PostAuthorizeRequest Request called at 19-12-2018 12:02:29 AM   :::   00:02:29.8201381

::::::::::: End Request called at 19-12-2018 12:02:29 AM   :::   00:02:29.8281903

::::::::::: PostResolveRequestCache Request called at 19-12-2018 12:02:29 AM   :::   00:02:29.8321679

::::::::::: AcquireRequestState Request called at 19-12-2018 12:02:29 AM   :::   00:02:29.8331375

::::::::::: PostAcquireRequestState Request called at 19-12-2018 12:02:29 AM   :::   00:02:29.8351352

::::::::::: PreRequestHandlerExecute Request called at 19-12-2018 12:02:29 AM   :::   00:02:29.8361355

::::::::::: PreSendRequestContent Request called at 19-12-2018 12:02:31 AM   :::   00:02:31.8456940

::::::::::: PreSendRequestHeaders Request called at 19-12-2018 12:02:31 AM   :::   00:02:31.8466939

::::::::::: PostRequestHandlerExecute Request called at 19-12-2018 12:02:31 AM   :::   00:02:31.8496923

::::::::::: ReleaseRequestState Request called at 19-12-2018 12:02:31 AM   :::   00:02:31.8546932

::::::::::: PostReleaseRequestState Request called at 19-12-2018 12:02:31 AM   :::   00:02:31.8566983

::::::::::: UpdateRequestCache Request called at 19-12-2018 12:02:31 AM   :::   00:02:31.8586959

::::::::::: EndRequest Request called at 19-12-2018 12:02:31 AM   :::   00:02:31.8596944

::::::::::: PreSendRequestContent Request called at 19-12-2018 12:02:31 AM   :::   00:02:31.8606946

::::::::::: BeginRequest Request called at 19-12-2018 12:02:32 AM   :::   00:02:32.3596942

::::::::::: AuthenticateRequest Request called at 19-12-2018 12:02:32 AM   :::   00:02:32.3606966

::::::::::: PostAuthenticateRequest Request called at 19-12-2018 12:02:32 AM   :::   00:02:32.3626926

::::::::::: AuthorizeRequest Request called at 19-12-2018 12:02:32 AM   :::   00:02:32.3636947

::::::::::: PostAuthorizeRequest Request called at 19-12-2018 12:02:32 AM   :::   00:02:32.3646924

::::::::::: End Request called at 19-12-2018 12:02:32 AM   :::   00:02:32.3657109

::::::::::: PostResolveRequestCache Request called at 19-12-2018 12:02:32 AM   :::   00:02:32.3666968

::::::::::: AcquireRequestState Request called at 19-12-2018 12:02:32 AM   :::   00:02:32.3686932

::::::::::: PostAcquireRequestState Request called at 19-12-2018 12:02:32 AM   :::   00:02:32.3706944

::::::::::: PreRequestHandlerExecute Request called at 19-12-2018 12:02:32 AM   :::   00:02:32.3716929

::::::::::: PostRequestHandlerExecute Request called at 19-12-2018 12:02:40 AM   :::   00:02:40.0347159

::::::::::: ReleaseRequestState Request called at 19-12-2018 12:02:40 AM   :::   00:02:40.0367114

::::::::::: PostReleaseRequestState Request called at 19-12-2018 12:02:40 AM   :::   00:02:40.0377102

::::::::::: UpdateRequestCache Request called at 19-12-2018 12:02:40 AM   :::   00:02:40.0397069

::::::::::: EndRequest Request called at 19-12-2018 12:02:40 AM   :::   00:02:40.0407075

::::::::::: PostRequestHandlerExecute Request called at 19-12-2018 12:02:47 AM   :::   00:02:47.9427240

::::::::::: ReleaseRequestState Request called at 19-12-2018 12:02:47 AM   :::   00:02:47.9437331

::::::::::: PostReleaseRequestState Request called at 19-12-2018 12:02:47 AM   :::   00:02:47.9447342

::::::::::: UpdateRequestCache Request called at 19-12-2018 12:02:47 AM   :::   00:02:47.9447342

::::::::::: EndRequest Request called at 19-12-2018 12:02:47 AM   :::   00:02:47.9457241

::::::::::: BeginRequest Request called at 19-12-2018 12:04:15 AM   :::   00:04:15.5146797

::::::::::: BeginRequest Request called at 19-12-2018 12:04:15 AM   :::   00:04:15.5566779

::::::::::: AuthenticateRequest Request called at 19-12-2018 12:04:15 AM   :::   00:04:15.5656755

::::::::::: AuthenticateRequest Request called at 19-12-2018 12:04:15 AM   :::   00:04:15.5676742

::::::::::: PostAuthenticateRequest Request called at 19-12-2018 12:04:15 AM   :::   00:04:15.5716753

::::::::::: PostAuthenticateRequest Request called at 19-12-2018 12:04:15 AM   :::   00:04:15.5716753

::::::::::: AuthorizeRequest Request called at 19-12-2018 12:04:15 AM   :::   00:04:15.5736732

::::::::::: PostAuthorizeRequest Request called at 19-12-2018 12:04:15 AM   :::   00:04:15.5936749

::::::::::: End Request called at 19-12-2018 12:04:15 AM   :::   00:04:15.6086742

::::::::::: PostAuthorizeRequest Request called at 19-12-2018 12:04:15 AM   :::   00:04:15.6806754

::::::::::: End Request called at 19-12-2018 12:04:15 AM   :::   00:04:15.6826807

::::::::::: PostResolveRequestCache Request called at 19-12-2018 12:04:15 AM   :::   00:04:15.7106733

::::::::::: AcquireRequestState Request called at 19-12-2018 12:04:15 AM   :::   00:04:15.7376768

::::::::::: PostAcquireRequestState Request called at 19-12-2018 12:04:15 AM   :::   00:04:15.7396754

::::::::::: PreRequestHandlerExecute Request called at 19-12-2018 12:04:15 AM   :::   00:04:15.7416738

::::::::::: PostResolveRequestCache Request called at 19-12-2018 12:04:15 AM   :::   00:04:15.9356755

::::::::::: AcquireRequestState Request called at 19-12-2018 12:04:15 AM   :::   00:04:15.9376750

::::::::::: PostAcquireRequestState Request called at 19-12-2018 12:04:15 AM   :::   00:04:15.9396757

::::::::::: PreRequestHandlerExecute Request called at 19-12-2018 12:04:15 AM   :::   00:04:15.9406776

::::::::::: PostRequestHandlerExecute Request called at 19-12-2018 12:04:16 AM   :::   00:04:16.0316749

::::::::::: ReleaseRequestState Request called at 19-12-2018 12:04:16 AM   :::   00:04:16.0336790

::::::::::: PostReleaseRequestState Request called at 19-12-2018 12:04:16 AM   :::   00:04:16.0376727

::::::::::: UpdateRequestCache Request called at 19-12-2018 12:04:16 AM   :::   00:04:16.0396770

::::::::::: EndRequest Request called at 19-12-2018 12:04:16 AM   :::   00:04:16.0436736

::::::::::: PreSendRequestContent Request called at 19-12-2018 12:04:16 AM   :::   00:04:16.0566755

::::::::::: PreSendRequestHeaders Request called at 19-12-2018 12:04:16 AM   :::   00:04:16.0586761

::::::::::: BeginRequest Request called at 19-12-2018 12:04:16 AM   :::   00:04:16.1166841

::::::::::: AuthenticateRequest Request called at 19-12-2018 12:04:16 AM   :::   00:04:16.1186766

::::::::::: PostAuthenticateRequest Request called at 19-12-2018 12:04:16 AM   :::   00:04:16.1206758

::::::::::: AuthorizeRequest Request called at 19-12-2018 12:04:16 AM   :::   00:04:16.1216791

::::::::::: PostAuthorizeRequest Request called at 19-12-2018 12:04:16 AM   :::   00:04:16.1236768

::::::::::: End Request called at 19-12-2018 12:04:16 AM   :::   00:04:16.1246892

::::::::::: PostResolveRequestCache Request called at 19-12-2018 12:04:16 AM   :::   00:04:16.1266774

::::::::::: AcquireRequestState Request called at 19-12-2018 12:04:16 AM   :::   00:04:16.1286793

::::::::::: PostAcquireRequestState Request called at 19-12-2018 12:04:16 AM   :::   00:04:16.1306929

::::::::::: PreRequestHandlerExecute Request called at 19-12-2018 12:04:16 AM   :::   00:04:16.1316772

::::::::::: PostRequestHandlerExecute Request called at 19-12-2018 12:04:19 AM   :::   00:04:19.0836734

::::::::::: ReleaseRequestState Request called at 19-12-2018 12:04:19 AM   :::   00:04:19.0856754

::::::::::: PostReleaseRequestState Request called at 19-12-2018 12:04:19 AM   :::   00:04:19.0876778

::::::::::: UpdateRequestCache Request called at 19-12-2018 12:04:19 AM   :::   00:04:19.0896756

::::::::::: EndRequest Request called at 19-12-2018 12:04:19 AM   :::   00:04:19.0906756

::::::::::: PreSendRequestContent Request called at 19-12-2018 12:04:19 AM   :::   00:04:19.0926762

::::::::::: PreSendRequestHeaders Request called at 19-12-2018 12:04:19 AM   :::   00:04:19.0946743

::::::::::: BeginRequest Request called at 19-12-2018 12:04:19 AM   :::   00:04:19.1566803

::::::::::: AuthenticateRequest Request called at 19-12-2018 12:04:19 AM   :::   00:04:19.1576774

::::::::::: PostAuthenticateRequest Request called at 19-12-2018 12:04:19 AM   :::   00:04:19.1596790

::::::::::: AuthorizeRequest Request called at 19-12-2018 12:04:19 AM   :::   00:04:19.1616776

::::::::::: PostAuthorizeRequest Request called at 19-12-2018 12:04:19 AM   :::   00:04:19.1636763

::::::::::: BeginRequest Request called at 19-12-2018 12:04:19 AM   :::   00:04:19.1636763

::::::::::: End Request called at 19-12-2018 12:04:19 AM   :::   00:04:19.1646774

::::::::::: AuthenticateRequest Request called at 19-12-2018 12:04:19 AM   :::   00:04:19.1656755

::::::::::: PostResolveRequestCache Request called at 19-12-2018 12:04:19 AM   :::   00:04:19.1666736

::::::::::: PostAuthenticateRequest Request called at 19-12-2018 12:04:19 AM   :::   00:04:19.1676749

::::::::::: AcquireRequestState Request called at 19-12-2018 12:04:19 AM   :::   00:04:19.1686720

::::::::::: AuthorizeRequest Request called at 19-12-2018 12:04:19 AM   :::   00:04:19.1696735

::::::::::: PostAcquireRequestState Request called at 19-12-2018 12:04:19 AM   :::   00:04:19.1696735

::::::::::: PostAuthorizeRequest Request called at 19-12-2018 12:04:19 AM   :::   00:04:19.1716732

::::::::::: End Request called at 19-12-2018 12:04:19 AM   :::   00:04:19.1746739

::::::::::: PostRequestHandlerExecute Request called at 19-12-2018 12:04:19 AM   :::   00:04:19.2526754

::::::::::: BeginRequest Request called at 19-12-2018 12:04:19 AM   :::   00:04:19.2526754

::::::::::: ReleaseRequestState Request called at 19-12-2018 12:04:19 AM   :::   00:04:19.2536833

::::::::::: AuthenticateRequest Request called at 19-12-2018 12:04:19 AM   :::   00:04:19.2546735

::::::::::: PostReleaseRequestState Request called at 19-12-2018 12:04:19 AM   :::   00:04:19.2556738

::::::::::: PostAuthenticateRequest Request called at 19-12-2018 12:04:19 AM   :::   00:04:19.2556738

::::::::::: UpdateRequestCache Request called at 19-12-2018 12:04:19 AM   :::   00:04:19.2566756

::::::::::: EndRequest Request called at 19-12-2018 12:04:19 AM   :::   00:04:19.2586752

::::::::::: BeginRequest Request called at 19-12-2018 12:04:19 AM   :::   00:04:19.2576751

::::::::::: PreSendRequestContent Request called at 19-12-2018 12:04:19 AM   :::   00:04:19.2606761

::::::::::: AuthenticateRequest Request called at 19-12-2018 12:04:19 AM   :::   00:04:19.2606761

::::::::::: PreSendRequestHeaders Request called at 19-12-2018 12:04:19 AM   :::   00:04:19.2616730

::::::::::: PostAuthenticateRequest Request called at 19-12-2018 12:04:19 AM   :::   00:04:19.2626786

::::::::::: PostResolveRequestCache Request called at 19-12-2018 12:04:19 AM   :::   00:04:19.1896747

::::::::::: AcquireRequestState Request called at 19-12-2018 12:04:19 AM   :::   00:04:19.3006727

::::::::::: PostAuthorizeRequest Request called at 19-12-2018 12:04:19 AM   :::   00:04:19.3006727

::::::::::: BeginRequest Request called at 19-12-2018 12:04:19 AM   :::   00:04:19.2896753

::::::::::: PostAcquireRequestState Request called at 19-12-2018 12:04:19 AM   :::   00:04:19.3026742

::::::::::: End Request called at 19-12-2018 12:04:19 AM   :::   00:04:19.3036746

::::::::::: AuthenticateRequest Request called at 19-12-2018 12:04:19 AM   :::   00:04:19.3046802

::::::::::: PostAuthorizeRequest Request called at 19-12-2018 12:04:19 AM   :::   00:04:19.3466744

::::::::::: End Request called at 19-12-2018 12:04:19 AM   :::   00:04:19.3486772

::::::::::: PostResolveRequestCache Request called at 19-12-2018 12:04:19 AM   :::   00:04:19.3506760

::::::::::: AcquireRequestState Request called at 19-12-2018 12:04:19 AM   :::   00:04:19.3526767

::::::::::: PostAcquireRequestState Request called at 19-12-2018 12:04:19 AM   :::   00:04:19.3536788

::::::::::: PreRequestHandlerExecute Request called at 19-12-2018 12:04:19 AM   :::   00:04:19.3576727

::::::::::: PostRequestHandlerExecute Request called at 19-12-2018 12:04:19 AM   :::   00:04:19.3706731

::::::::::: ReleaseRequestState Request called at 19-12-2018 12:04:19 AM   :::   00:04:19.3726754

::::::::::: PostReleaseRequestState Request called at 19-12-2018 12:04:19 AM   :::   00:04:19.3746729

::::::::::: UpdateRequestCache Request called at 19-12-2018 12:04:19 AM   :::   00:04:19.3756750

::::::::::: EndRequest Request called at 19-12-2018 12:04:19 AM   :::   00:04:19.3776708

::::::::::: PreSendRequestContent Request called at 19-12-2018 12:04:19 AM   :::   00:04:19.3786725

::::::::::: PreSendRequestHeaders Request called at 19-12-2018 12:04:19 AM   :::   00:04:19.3806711

::::::::::: BeginRequest Request called at 19-12-2018 12:04:19 AM   :::   00:04:19.4046777

::::::::::: AuthenticateRequest Request called at 19-12-2018 12:04:19 AM   :::   00:04:19.4066795

::::::::::: PostAuthenticateRequest Request called at 19-12-2018 12:04:19 AM   :::   00:04:19.4076768

::::::::::: AuthorizeRequest Request called at 19-12-2018 12:04:19 AM   :::   00:04:19.4106774

::::::::::: PostAuthorizeRequest Request called at 19-12-2018 12:04:19 AM   :::   00:04:19.4116806

::::::::::: PostAuthenticateRequest Request called at 19-12-2018 12:04:19 AM   :::   00:04:19.4266759

::::::::::: PreRequestHandlerExecute Request called at 19-12-2018 12:04:19 AM   :::   00:04:19.3056771

::::::::::: AuthorizeRequest Request called at 19-12-2018 12:04:19 AM   :::   00:04:19.4286735

::::::::::: PostAuthorizeRequest Request called at 19-12-2018 12:04:19 AM   :::   00:04:19.4296740

::::::::::: End Request called at 19-12-2018 12:04:19 AM   :::   00:04:19.4316812

::::::::::: PostResolveRequestCache Request called at 19-12-2018 12:04:19 AM   :::   00:04:19.4326770

::::::::::: End Request called at 19-12-2018 12:04:19 AM   :::   00:04:19.4136795

::::::::::: PostResolveRequestCache Request called at 19-12-2018 12:04:19 AM   :::   00:04:19.4896782

::::::::::: AcquireRequestState Request called at 19-12-2018 12:04:19 AM   :::   00:04:19.4346759

::::::::::: AcquireRequestState Request called at 19-12-2018 12:04:19 AM   :::   00:04:19.4916763

::::::::::: PostAcquireRequestState Request called at 19-12-2018 12:04:19 AM   :::   00:04:19.4926740

::::::::::: PreRequestHandlerExecute Request called at 19-12-2018 12:04:19 AM   :::   00:04:19.4936741

::::::::::: PostAcquireRequestState Request called at 19-12-2018 12:04:19 AM   :::   00:04:19.4916763

::::::::::: PreRequestHandlerExecute Request called at 19-12-2018 12:04:19 AM   :::   00:04:19.5906755

::::::::::: PostRequestHandlerExecute Request called at 19-12-2018 12:04:19 AM   :::   00:04:19.7576775

::::::::::: ReleaseRequestState Request called at 19-12-2018 12:04:19 AM   :::   00:04:19.7586736

::::::::::: PostReleaseRequestState Request called at 19-12-2018 12:04:19 AM   :::   00:04:19.7606753

::::::::::: UpdateRequestCache Request called at 19-12-2018 12:04:19 AM   :::   00:04:19.7626753

::::::::::: EndRequest Request called at 19-12-2018 12:04:19 AM   :::   00:04:19.7636763

::::::::::: PreSendRequestContent Request called at 19-12-2018 12:04:19 AM   :::   00:04:19.7656762

::::::::::: PostRequestHandlerExecute Request called at 19-12-2018 12:04:19 AM   :::   00:04:19.8646757

::::::::::: ReleaseRequestState Request called at 19-12-2018 12:04:19 AM   :::   00:04:19.8666931

::::::::::: PostReleaseRequestState Request called at 19-12-2018 12:04:19 AM   :::   00:04:19.8676774

::::::::::: UpdateRequestCache Request called at 19-12-2018 12:04:19 AM   :::   00:04:19.8696779

::::::::::: EndRequest Request called at 19-12-2018 12:04:19 AM   :::   00:04:19.8716810

::::::::::: PreSendRequestContent Request called at 19-12-2018 12:04:19 AM   :::   00:04:19.8736747

::::::::::: PreSendRequestHeaders Request called at 19-12-2018 12:04:19 AM   :::   00:04:19.8766745

::::::::::: PreSendRequestHeaders Request called at 19-12-2018 12:04:19 AM   :::   00:04:19.7666759

::::::::::: AcquireRequestState Request called at 19-12-2018 12:04:19 AM   :::   00:04:19.9006752

::::::::::: PostAcquireRequestState Request called at 19-12-2018 12:04:19 AM   :::   00:04:19.9026744

::::::::::: PreRequestHandlerExecute Request called at 19-12-2018 12:04:19 AM   :::   00:04:19.9056728

::::::::::: PostRequestHandlerExecute Request called at 19-12-2018 12:04:19 AM   :::   00:04:19.9316749

::::::::::: ReleaseRequestState Request called at 19-12-2018 12:04:19 AM   :::   00:04:19.9356750

::::::::::: PostReleaseRequestState Request called at 19-12-2018 12:04:19 AM   :::   00:04:19.9377011

::::::::::: UpdateRequestCache Request called at 19-12-2018 12:04:19 AM   :::   00:04:19.9386768

::::::::::: EndRequest Request called at 19-12-2018 12:04:19 AM   :::   00:04:19.9406726

::::::::::: PreSendRequestContent Request called at 19-12-2018 12:04:19 AM   :::   00:04:19.9426779

::::::::::: PreSendRequestHeaders Request called at 19-12-2018 12:04:19 AM   :::   00:04:19.9446740

::::::::::: PostRequestHandlerExecute Request called at 19-12-2018 12:04:20 AM   :::   00:04:20.0126747

::::::::::: ReleaseRequestState Request called at 19-12-2018 12:04:20 AM   :::   00:04:20.0156742

::::::::::: PostReleaseRequestState Request called at 19-12-2018 12:04:20 AM   :::   00:04:20.0256750

::::::::::: UpdateRequestCache Request called at 19-12-2018 12:04:20 AM   :::   00:04:20.0276803

::::::::::: EndRequest Request called at 19-12-2018 12:04:20 AM   :::   00:04:20.0286752

::::::::::: PreSendRequestContent Request called at 19-12-2018 12:04:20 AM   :::   00:04:20.0306779

::::::::::: PreSendRequestHeaders Request called at 19-12-2018 12:04:20 AM   :::   00:04:20.0316766

::::::::::: PreSendRequestContent Request called at 19-12-2018 12:04:33 AM   :::   00:04:33.3462038

::::::::::: PreSendRequestHeaders Request called at 19-12-2018 12:04:33 AM   :::   00:04:33.3482025

::::::::::: PostRequestHandlerExecute Request called at 19-12-2018 12:04:33 AM   :::   00:04:33.3732023

::::::::::: ReleaseRequestState Request called at 19-12-2018 12:04:33 AM   :::   00:04:33.3752044

::::::::::: PostReleaseRequestState Request called at 19-12-2018 12:04:33 AM   :::   00:04:33.3782025

::::::::::: UpdateRequestCache Request called at 19-12-2018 12:04:33 AM   :::   00:04:33.3802119

::::::::::: EndRequest Request called at 19-12-2018 12:04:33 AM   :::   00:04:33.3812061

::::::::::: PreSendRequestContent Request called at 19-12-2018 12:04:33 AM   :::   00:04:33.3832021

::::::::::: BeginRequest Request called at 19-12-2018 12:11:15 AM   :::   00:11:15.0368518

::::::::::: AuthenticateRequest Request called at 19-12-2018 12:11:15 AM   :::   00:11:15.0398506

::::::::::: PostAuthenticateRequest Request called at 19-12-2018 12:11:15 AM   :::   00:11:15.0418511

::::::::::: AuthorizeRequest Request called at 19-12-2018 12:11:15 AM   :::   00:11:15.0428521

::::::::::: PostAuthorizeRequest Request called at 19-12-2018 12:11:15 AM   :::   00:11:15.0468514

::::::::::: End Request called at 19-12-2018 12:11:15 AM   :::   00:11:15.0478497

::::::::::: PostResolveRequestCache Request called at 19-12-2018 12:11:15 AM   :::   00:11:15.0669335

::::::::::: AcquireRequestState Request called at 19-12-2018 12:11:15 AM   :::   00:11:15.0708526

::::::::::: PostAcquireRequestState Request called at 19-12-2018 12:11:15 AM   :::   00:11:15.0728518

::::::::::: PreRequestHandlerExecute Request called at 19-12-2018 12:11:15 AM   :::   00:11:15.0738509

::::::::::: Error Request called at 19-12-2018 12:11:15 AM   :::   00:11:15.0808554

::::::::::: EndRequest Request called at 19-12-2018 12:11:31 AM   :::   00:11:31.7130059

::::::::::: PreSendRequestContent Request called at 19-12-2018 12:11:31 AM   :::   00:11:31.7140070

::::::::::: PreSendRequestHeaders Request called at 19-12-2018 12:11:31 AM   :::   00:11:31.7150061

::::::::::: BeginRequest Request called at 19-12-2018 12:27:51 AM   :::   00:27:51.4628160

::::::::::: AuthenticateRequest Request called at 19-12-2018 12:27:51 AM   :::   00:27:51.4648160

::::::::::: PostAuthenticateRequest Request called at 19-12-2018 12:27:51 AM   :::   00:27:51.4668294

::::::::::: AuthorizeRequest Request called at 19-12-2018 12:27:51 AM   :::   00:27:51.4688160

::::::::::: PostAuthorizeRequest Request called at 19-12-2018 12:27:51 AM   :::   00:27:51.4698161

::::::::::: End Request called at 19-12-2018 12:27:51 AM   :::   00:27:51.4718174

::::::::::: PostResolveRequestCache Request called at 19-12-2018 12:27:51 AM   :::   00:27:51.4798497

::::::::::: AcquireRequestState Request called at 19-12-2018 12:27:51 AM   :::   00:27:51.4828152

::::::::::: PostAcquireRequestState Request called at 19-12-2018 12:27:51 AM   :::   00:27:51.4838184

::::::::::: PreRequestHandlerExecute Request called at 19-12-2018 12:27:51 AM   :::   00:27:51.4848197

::::::::::: PostRequestHandlerExecute Request called at 19-12-2018 12:27:51 AM   :::   00:27:51.4878213

::::::::::: ReleaseRequestState Request called at 19-12-2018 12:27:51 AM   :::   00:27:51.4888185

::::::::::: PostReleaseRequestState Request called at 19-12-2018 12:27:51 AM   :::   00:27:51.4908153

::::::::::: UpdateRequestCache Request called at 19-12-2018 12:27:51 AM   :::   00:27:51.4918166

::::::::::: EndRequest Request called at 19-12-2018 12:27:51 AM   :::   00:27:51.4928182

::::::::::: PreSendRequestContent Request called at 19-12-2018 12:27:51 AM   :::   00:27:51.4948221

::::::::::: PreSendRequestHeaders Request called at 19-12-2018 12:27:51 AM   :::   00:27:51.4958197

::::::::::: BeginRequest Request called at 19-12-2018 12:27:51 AM   :::   00:27:51.5638177

::::::::::: AuthenticateRequest Request called at 19-12-2018 12:27:51 AM   :::   00:27:51.5668157

::::::::::: PostAuthenticateRequest Request called at 19-12-2018 12:27:51 AM   :::   00:27:51.5678131

::::::::::: AuthorizeRequest Request called at 19-12-2018 12:27:51 AM   :::   00:27:51.5738984

::::::::::: PostAuthorizeRequest Request called at 19-12-2018 12:27:51 AM   :::   00:27:51.5820742

::::::::::: End Request called at 19-12-2018 12:27:51 AM   :::   00:27:51.5838211

::::::::::: PostResolveRequestCache Request called at 19-12-2018 12:27:51 AM   :::   00:27:51.5858173

::::::::::: AcquireRequestState Request called at 19-12-2018 12:27:51 AM   :::   00:27:51.5908526

::::::::::: PostAcquireRequestState Request called at 19-12-2018 12:27:51 AM   :::   00:27:51.5928294

::::::::::: PreRequestHandlerExecute Request called at 19-12-2018 12:27:51 AM   :::   00:27:51.5938189

::::::::::: PreSendRequestContent Request called at 19-12-2018 12:28:13 AM   :::   00:28:13.3680579

::::::::::: PreSendRequestHeaders Request called at 19-12-2018 12:28:13 AM   :::   00:28:13.3710569

::::::::::: PostRequestHandlerExecute Request called at 19-12-2018 12:28:13 AM   :::   00:28:13.3970561

::::::::::: ReleaseRequestState Request called at 19-12-2018 12:28:13 AM   :::   00:28:13.3990583

::::::::::: PostReleaseRequestState Request called at 19-12-2018 12:28:13 AM   :::   00:28:13.4020590

::::::::::: UpdateRequestCache Request called at 19-12-2018 12:28:13 AM   :::   00:28:13.4050599

::::::::::: EndRequest Request called at 19-12-2018 12:28:13 AM   :::   00:28:13.4070582

::::::::::: PreSendRequestContent Request called at 19-12-2018 12:28:13 AM   :::   00:28:13.4090729

::::::::::: BeginRequest Request called at 19-12-2018 12:31:28 AM   :::   00:31:28.8989474

::::::::::: AuthenticateRequest Request called at 19-12-2018 12:31:28 AM   :::   00:31:28.8999491

::::::::::: PostAuthenticateRequest Request called at 19-12-2018 12:31:28 AM   :::   00:31:28.9019425

::::::::::: AuthorizeRequest Request called at 19-12-2018 12:31:28 AM   :::   00:31:28.9069642

::::::::::: PostAuthorizeRequest Request called at 19-12-2018 12:31:28 AM   :::   00:31:28.9139967

::::::::::: End Request called at 19-12-2018 12:31:28 AM   :::   00:31:28.9159460

::::::::::: PostResolveRequestCache Request called at 19-12-2018 12:31:28 AM   :::   00:31:28.9179482

::::::::::: AcquireRequestState Request called at 19-12-2018 12:31:28 AM   :::   00:31:28.9199465

::::::::::: PostAcquireRequestState Request called at 19-12-2018 12:31:28 AM   :::   00:31:28.9209468

::::::::::: PreRequestHandlerExecute Request called at 19-12-2018 12:31:28 AM   :::   00:31:28.9219495

::::::::::: PostRequestHandlerExecute Request called at 19-12-2018 12:31:28 AM   :::   00:31:28.9289466

::::::::::: ReleaseRequestState Request called at 19-12-2018 12:31:28 AM   :::   00:31:28.9299457

::::::::::: PostReleaseRequestState Request called at 19-12-2018 12:31:28 AM   :::   00:31:28.9329434

::::::::::: UpdateRequestCache Request called at 19-12-2018 12:31:28 AM   :::   00:31:28.9339452

::::::::::: EndRequest Request called at 19-12-2018 12:31:28 AM   :::   00:31:28.9499441

::::::::::: PreSendRequestContent Request called at 19-12-2018 12:31:28 AM   :::   00:31:28.9519458

::::::::::: PreSendRequestHeaders Request called at 19-12-2018 12:31:28 AM   :::   00:31:28.9589709

::::::::::: BeginRequest Request called at 19-12-2018 12:31:32 AM   :::   00:31:32.2544682

::::::::::: AuthenticateRequest Request called at 19-12-2018 12:31:32 AM   :::   00:31:32.2554692

::::::::::: PostAuthenticateRequest Request called at 19-12-2018 12:31:32 AM   :::   00:31:32.2574710

::::::::::: AuthorizeRequest Request called at 19-12-2018 12:31:32 AM   :::   00:31:32.2584677

::::::::::: PostAuthorizeRequest Request called at 19-12-2018 12:31:32 AM   :::   00:31:32.2604670

::::::::::: End Request called at 19-12-2018 12:31:32 AM   :::   00:31:32.2614685

::::::::::: PostResolveRequestCache Request called at 19-12-2018 12:31:32 AM   :::   00:31:32.2634695

::::::::::: AcquireRequestState Request called at 19-12-2018 12:31:32 AM   :::   00:31:32.2654717

::::::::::: PostAcquireRequestState Request called at 19-12-2018 12:31:32 AM   :::   00:31:32.2664678

::::::::::: PreRequestHandlerExecute Request called at 19-12-2018 12:31:32 AM   :::   00:31:32.2674671

::::::::::: PreSendRequestContent Request called at 19-12-2018 12:31:52 AM   :::   00:31:52.3898447

::::::::::: PreSendRequestHeaders Request called at 19-12-2018 12:31:52 AM   :::   00:31:52.3928387

::::::::::: PostRequestHandlerExecute Request called at 19-12-2018 12:31:52 AM   :::   00:31:52.4218426

::::::::::: ReleaseRequestState Request called at 19-12-2018 12:31:52 AM   :::   00:31:52.4248454

::::::::::: PostReleaseRequestState Request called at 19-12-2018 12:31:52 AM   :::   00:31:52.4258460

::::::::::: UpdateRequestCache Request called at 19-12-2018 12:31:52 AM   :::   00:31:52.4268524

::::::::::: EndRequest Request called at 19-12-2018 12:31:52 AM   :::   00:31:52.4288392

::::::::::: PreSendRequestContent Request called at 19-12-2018 12:31:52 AM   :::   00:31:52.4328592

::::::::::: BeginRequest Request called at 19-12-2018 03:56:19 PM   :::   15:56:19.6005320

::::::::::: AuthenticateRequest Request called at 19-12-2018 03:56:19 PM   :::   15:56:19.6115301

::::::::::: PostAuthenticateRequest Request called at 19-12-2018 03:56:19 PM   :::   15:56:19.6185329

::::::::::: AuthorizeRequest Request called at 19-12-2018 03:56:19 PM   :::   15:56:19.6205321

::::::::::: PostAuthorizeRequest Request called at 19-12-2018 03:56:19 PM   :::   15:56:19.6225294

::::::::::: End Request called at 19-12-2018 03:56:19 PM   :::   15:56:19.6235314

::::::::::: PostResolveRequestCache Request called at 19-12-2018 03:56:19 PM   :::   15:56:19.7365306

::::::::::: AcquireRequestState Request called at 19-12-2018 03:56:19 PM   :::   15:56:19.7495351

::::::::::: PostAcquireRequestState Request called at 19-12-2018 03:56:19 PM   :::   15:56:19.7515322

::::::::::: PreRequestHandlerExecute Request called at 19-12-2018 03:56:19 PM   :::   15:56:19.7535297

::::::::::: PostRequestHandlerExecute Request called at 19-12-2018 03:56:22 PM   :::   15:56:22.8765298

::::::::::: ReleaseRequestState Request called at 19-12-2018 03:56:22 PM   :::   15:56:22.8785294

::::::::::: PostReleaseRequestState Request called at 19-12-2018 03:56:22 PM   :::   15:56:22.8825329

::::::::::: UpdateRequestCache Request called at 19-12-2018 03:56:22 PM   :::   15:56:22.8845335

::::::::::: EndRequest Request called at 19-12-2018 03:56:22 PM   :::   15:56:22.8875313

::::::::::: PreSendRequestContent Request called at 19-12-2018 03:56:22 PM   :::   15:56:22.9015297

::::::::::: PreSendRequestHeaders Request called at 19-12-2018 03:56:22 PM   :::   15:56:22.9045338

::::::::::: BeginRequest Request called at 19-12-2018 03:56:22 PM   :::   15:56:22.9905338

::::::::::: AuthenticateRequest Request called at 19-12-2018 03:56:22 PM   :::   15:56:22.9925296

::::::::::: PostAuthenticateRequest Request called at 19-12-2018 03:56:22 PM   :::   15:56:22.9935358

::::::::::: AuthorizeRequest Request called at 19-12-2018 03:56:22 PM   :::   15:56:22.9965346

::::::::::: PostAuthorizeRequest Request called at 19-12-2018 03:56:22 PM   :::   15:56:22.9975359

::::::::::: End Request called at 19-12-2018 03:56:22 PM   :::   15:56:22.9995347

::::::::::: PostResolveRequestCache Request called at 19-12-2018 03:56:23 PM   :::   15:56:23.0005325

::::::::::: AcquireRequestState Request called at 19-12-2018 03:56:23 PM   :::   15:56:23.0025304

::::::::::: PostAcquireRequestState Request called at 19-12-2018 03:56:23 PM   :::   15:56:23.0035334

::::::::::: PreRequestHandlerExecute Request called at 19-12-2018 03:56:23 PM   :::   15:56:23.0045325

::::::::::: PostRequestHandlerExecute Request called at 19-12-2018 03:56:23 PM   :::   15:56:23.0125291

::::::::::: ReleaseRequestState Request called at 19-12-2018 03:56:23 PM   :::   15:56:23.0145304

::::::::::: PostReleaseRequestState Request called at 19-12-2018 03:56:23 PM   :::   15:56:23.0155323

::::::::::: UpdateRequestCache Request called at 19-12-2018 03:56:23 PM   :::   15:56:23.0165301

::::::::::: EndRequest Request called at 19-12-2018 03:56:23 PM   :::   15:56:23.0185321

::::::::::: PreSendRequestContent Request called at 19-12-2018 03:56:23 PM   :::   15:56:23.0205297

::::::::::: PreSendRequestHeaders Request called at 19-12-2018 03:56:23 PM   :::   15:56:23.0215320

::::::::::: BeginRequest Request called at 19-12-2018 03:56:23 PM   :::   15:56:23.0685327

::::::::::: AuthenticateRequest Request called at 19-12-2018 03:56:23 PM   :::   15:56:23.0695305

::::::::::: PostAuthenticateRequest Request called at 19-12-2018 03:56:23 PM   :::   15:56:23.0735343

::::::::::: BeginRequest Request called at 19-12-2018 03:56:23 PM   :::   15:56:23.0635306

::::::::::: AuthenticateRequest Request called at 19-12-2018 03:56:23 PM   :::   15:56:23.0775307

::::::::::: PostAuthenticateRequest Request called at 19-12-2018 03:56:23 PM   :::   15:56:23.0795279

::::::::::: AuthorizeRequest Request called at 19-12-2018 03:56:23 PM   :::   15:56:23.0815295

::::::::::: PostAuthorizeRequest Request called at 19-12-2018 03:56:23 PM   :::   15:56:23.0825302

::::::::::: End Request called at 19-12-2018 03:56:23 PM   :::   15:56:23.0845301

::::::::::: PostResolveRequestCache Request called at 19-12-2018 03:56:23 PM   :::   15:56:23.0855302

::::::::::: AcquireRequestState Request called at 19-12-2018 03:56:23 PM   :::   15:56:23.0875281

::::::::::: PostAcquireRequestState Request called at 19-12-2018 03:56:23 PM   :::   15:56:23.0885339

::::::::::: AuthorizeRequest Request called at 19-12-2018 03:56:23 PM   :::   15:56:23.0975313

::::::::::: PostAuthorizeRequest Request called at 19-12-2018 03:56:23 PM   :::   15:56:23.0995341

::::::::::: End Request called at 19-12-2018 03:56:23 PM   :::   15:56:23.1015291

::::::::::: BeginRequest Request called at 19-12-2018 03:56:23 PM   :::   15:56:23.1075327

::::::::::: AuthenticateRequest Request called at 19-12-2018 03:56:23 PM   :::   15:56:23.1095290

::::::::::: PostAuthenticateRequest Request called at 19-12-2018 03:56:23 PM   :::   15:56:23.1105300

::::::::::: PreRequestHandlerExecute Request called at 19-12-2018 03:56:23 PM   :::   15:56:23.1045305

::::::::::: PostRequestHandlerExecute Request called at 19-12-2018 03:56:23 PM   :::   15:56:23.1175276

::::::::::: ReleaseRequestState Request called at 19-12-2018 03:56:23 PM   :::   15:56:23.1185300

::::::::::: PostReleaseRequestState Request called at 19-12-2018 03:56:23 PM   :::   15:56:23.1205317

::::::::::: UpdateRequestCache Request called at 19-12-2018 03:56:23 PM   :::   15:56:23.1215312

::::::::::: EndRequest Request called at 19-12-2018 03:56:23 PM   :::   15:56:23.1235305

::::::::::: PreSendRequestContent Request called at 19-12-2018 03:56:23 PM   :::   15:56:23.1255286

::::::::::: PreSendRequestHeaders Request called at 19-12-2018 03:56:23 PM   :::   15:56:23.1265313

::::::::::: AuthorizeRequest Request called at 19-12-2018 03:56:23 PM   :::   15:56:23.1285309

::::::::::: PostAuthorizeRequest Request called at 19-12-2018 03:56:23 PM   :::   15:56:23.1295292

::::::::::: PostResolveRequestCache Request called at 19-12-2018 03:56:23 PM   :::   15:56:23.1025337

::::::::::: End Request called at 19-12-2018 03:56:23 PM   :::   15:56:23.1325282

::::::::::: AcquireRequestState Request called at 19-12-2018 03:56:23 PM   :::   15:56:23.1335291

::::::::::: PostAcquireRequestState Request called at 19-12-2018 03:56:23 PM   :::   15:56:23.1345290

::::::::::: PostResolveRequestCache Request called at 19-12-2018 03:56:23 PM   :::   15:56:23.1335291

::::::::::: PreRequestHandlerExecute Request called at 19-12-2018 03:56:23 PM   :::   15:56:23.1355289

::::::::::: AcquireRequestState Request called at 19-12-2018 03:56:23 PM   :::   15:56:23.1365293

::::::::::: PostRequestHandlerExecute Request called at 19-12-2018 03:56:23 PM   :::   15:56:23.1425307

::::::::::: PostAcquireRequestState Request called at 19-12-2018 03:56:23 PM   :::   15:56:23.1435299

::::::::::: ReleaseRequestState Request called at 19-12-2018 03:56:23 PM   :::   15:56:23.1445317

::::::::::: PreRequestHandlerExecute Request called at 19-12-2018 03:56:23 PM   :::   15:56:23.1445317

::::::::::: PostReleaseRequestState Request called at 19-12-2018 03:56:23 PM   :::   15:56:23.1455288

::::::::::: PostRequestHandlerExecute Request called at 19-12-2018 03:56:23 PM   :::   15:56:23.1465292

::::::::::: UpdateRequestCache Request called at 19-12-2018 03:56:23 PM   :::   15:56:23.1475274

::::::::::: ReleaseRequestState Request called at 19-12-2018 03:56:23 PM   :::   15:56:23.1485290

::::::::::: EndRequest Request called at 19-12-2018 03:56:23 PM   :::   15:56:23.1495282

::::::::::: PostReleaseRequestState Request called at 19-12-2018 03:56:23 PM   :::   15:56:23.1495282

::::::::::: PreSendRequestContent Request called at 19-12-2018 03:56:23 PM   :::   15:56:23.1505296

::::::::::: UpdateRequestCache Request called at 19-12-2018 03:56:23 PM   :::   15:56:23.1505296

::::::::::: PreSendRequestHeaders Request called at 19-12-2018 03:56:23 PM   :::   15:56:23.1515289

::::::::::: EndRequest Request called at 19-12-2018 03:56:23 PM   :::   15:56:23.1525292

::::::::::: PreSendRequestContent Request called at 19-12-2018 03:56:23 PM   :::   15:56:23.1545294

::::::::::: PreSendRequestHeaders Request called at 19-12-2018 03:56:23 PM   :::   15:56:23.1615339

::::::::::: BeginRequest Request called at 19-12-2018 03:56:23 PM   :::   15:56:23.1635292

::::::::::: AuthenticateRequest Request called at 19-12-2018 03:56:23 PM   :::   15:56:23.3545317

::::::::::: PostAuthenticateRequest Request called at 19-12-2018 03:56:23 PM   :::   15:56:23.3565320

::::::::::: AuthorizeRequest Request called at 19-12-2018 03:56:23 PM   :::   15:56:23.3595331

::::::::::: PostAuthorizeRequest Request called at 19-12-2018 03:56:23 PM   :::   15:56:23.3605332

::::::::::: End Request called at 19-12-2018 03:56:23 PM   :::   15:56:23.3625320

::::::::::: PostResolveRequestCache Request called at 19-12-2018 03:56:23 PM   :::   15:56:23.3645326

::::::::::: AcquireRequestState Request called at 19-12-2018 03:56:23 PM   :::   15:56:23.3665313

::::::::::: PostAcquireRequestState Request called at 19-12-2018 03:56:23 PM   :::   15:56:23.3685301

::::::::::: PreRequestHandlerExecute Request called at 19-12-2018 03:56:23 PM   :::   15:56:23.3695404

::::::::::: PostRequestHandlerExecute Request called at 19-12-2018 03:56:23 PM   :::   15:56:23.4555327

::::::::::: ReleaseRequestState Request called at 19-12-2018 03:56:23 PM   :::   15:56:23.4575320

::::::::::: PostReleaseRequestState Request called at 19-12-2018 03:56:23 PM   :::   15:56:23.4595307

::::::::::: UpdateRequestCache Request called at 19-12-2018 03:56:23 PM   :::   15:56:23.4605353

::::::::::: EndRequest Request called at 19-12-2018 03:56:23 PM   :::   15:56:23.4625319

::::::::::: PreSendRequestContent Request called at 19-12-2018 03:56:23 PM   :::   15:56:23.4705324

::::::::::: PreSendRequestHeaders Request called at 19-12-2018 03:56:23 PM   :::   15:56:23.4715360

::::::::::: AuthenticateRequest Request called at 19-12-2018 03:56:23 PM   :::   15:56:23.4915322

::::::::::: PostAuthenticateRequest Request called at 19-12-2018 03:56:23 PM   :::   15:56:23.4935297

::::::::::: AuthorizeRequest Request called at 19-12-2018 03:56:23 PM   :::   15:56:23.5015345

::::::::::: PostAuthorizeRequest Request called at 19-12-2018 03:56:23 PM   :::   15:56:23.5035301

::::::::::: End Request called at 19-12-2018 03:56:23 PM   :::   15:56:23.5045290

::::::::::: PostResolveRequestCache Request called at 19-12-2018 03:56:23 PM   :::   15:56:23.5055304

::::::::::: AcquireRequestState Request called at 19-12-2018 03:56:23 PM   :::   15:56:23.5345300

::::::::::: PostAcquireRequestState Request called at 19-12-2018 03:56:23 PM   :::   15:56:23.5365339

::::::::::: PreRequestHandlerExecute Request called at 19-12-2018 03:56:23 PM   :::   15:56:23.5375337

::::::::::: PostRequestHandlerExecute Request called at 19-12-2018 03:56:23 PM   :::   15:56:23.5745296

::::::::::: ReleaseRequestState Request called at 19-12-2018 03:56:23 PM   :::   15:56:23.5825300

::::::::::: PostReleaseRequestState Request called at 19-12-2018 03:56:23 PM   :::   15:56:23.5845302

::::::::::: UpdateRequestCache Request called at 19-12-2018 03:56:23 PM   :::   15:56:23.5865311

::::::::::: EndRequest Request called at 19-12-2018 03:56:23 PM   :::   15:56:23.5885301

::::::::::: PreSendRequestContent Request called at 19-12-2018 03:56:23 PM   :::   15:56:23.5905313

::::::::::: PreSendRequestHeaders Request called at 19-12-2018 03:56:23 PM   :::   15:56:23.5915305

::::::::::: BeginRequest Request called at 19-12-2018 03:56:31 PM   :::   15:56:31.0495282

::::::::::: AuthenticateRequest Request called at 19-12-2018 03:56:31 PM   :::   15:56:31.0515318

::::::::::: PostAuthenticateRequest Request called at 19-12-2018 03:56:31 PM   :::   15:56:31.0535323

::::::::::: AuthorizeRequest Request called at 19-12-2018 03:56:31 PM   :::   15:56:31.0555273

::::::::::: PostAuthorizeRequest Request called at 19-12-2018 03:56:31 PM   :::   15:56:31.0585302

::::::::::: End Request called at 19-12-2018 03:56:31 PM   :::   15:56:31.0595282

::::::::::: PostResolveRequestCache Request called at 19-12-2018 03:56:31 PM   :::   15:56:31.0705284

::::::::::: AcquireRequestState Request called at 19-12-2018 03:56:31 PM   :::   15:56:31.0725281

::::::::::: PostAcquireRequestState Request called at 19-12-2018 03:56:31 PM   :::   15:56:31.0745312

::::::::::: PreRequestHandlerExecute Request called at 19-12-2018 03:56:31 PM   :::   15:56:31.0755267

::::::::::: PostRequestHandlerExecute Request called at 19-12-2018 03:56:31 PM   :::   15:56:31.2605325

::::::::::: ReleaseRequestState Request called at 19-12-2018 03:56:31 PM   :::   15:56:31.2625287

::::::::::: PostReleaseRequestState Request called at 19-12-2018 03:56:31 PM   :::   15:56:31.2645312

::::::::::: UpdateRequestCache Request called at 19-12-2018 03:56:31 PM   :::   15:56:31.2685269

::::::::::: EndRequest Request called at 19-12-2018 03:56:31 PM   :::   15:56:31.2695282

::::::::::: PreSendRequestContent Request called at 19-12-2018 03:56:31 PM   :::   15:56:31.2705269

::::::::::: PreSendRequestHeaders Request called at 19-12-2018 03:56:31 PM   :::   15:56:31.2725299

::::::::::: BeginRequest Request called at 19-12-2018 03:56:31 PM   :::   15:56:31.3575300

::::::::::: AuthenticateRequest Request called at 19-12-2018 03:56:31 PM   :::   15:56:31.3605281

::::::::::: PostAuthenticateRequest Request called at 19-12-2018 03:56:31 PM   :::   15:56:31.3625337

::::::::::: AuthorizeRequest Request called at 19-12-2018 03:56:31 PM   :::   15:56:31.3645284

::::::::::: PostAuthorizeRequest Request called at 19-12-2018 03:56:31 PM   :::   15:56:31.3655287

::::::::::: End Request called at 19-12-2018 03:56:31 PM   :::   15:56:31.3675351

::::::::::: PostResolveRequestCache Request called at 19-12-2018 03:56:31 PM   :::   15:56:31.3695331

::::::::::: AcquireRequestState Request called at 19-12-2018 03:56:31 PM   :::   15:56:31.3705357

::::::::::: PostAcquireRequestState Request called at 19-12-2018 03:56:31 PM   :::   15:56:31.3735294

::::::::::: PreRequestHandlerExecute Request called at 19-12-2018 03:56:31 PM   :::   15:56:31.3755321

::::::::::: PostRequestHandlerExecute Request called at 19-12-2018 03:57:08 PM   :::   15:57:08.6245208

::::::::::: ReleaseRequestState Request called at 19-12-2018 03:57:08 PM   :::   15:57:08.6265193

::::::::::: PostReleaseRequestState Request called at 19-12-2018 03:57:08 PM   :::   15:57:08.6285188

::::::::::: UpdateRequestCache Request called at 19-12-2018 03:57:08 PM   :::   15:57:08.6295205

::::::::::: EndRequest Request called at 19-12-2018 03:57:08 PM   :::   15:57:08.6315204

::::::::::: PreSendRequestContent Request called at 19-12-2018 03:57:08 PM   :::   15:57:08.6325186

::::::::::: PreSendRequestHeaders Request called at 19-12-2018 03:57:08 PM   :::   15:57:08.6335187

::::::::::: BeginRequest Request called at 19-12-2018 04:04:00 PM   :::   16:04:00.9457674

::::::::::: AuthenticateRequest Request called at 19-12-2018 04:04:00 PM   :::   16:04:00.9477674

::::::::::: PostAuthenticateRequest Request called at 19-12-2018 04:04:00 PM   :::   16:04:00.9497673

::::::::::: AuthorizeRequest Request called at 19-12-2018 04:04:00 PM   :::   16:04:00.9517660

::::::::::: PostAuthorizeRequest Request called at 19-12-2018 04:04:00 PM   :::   16:04:00.9537684

::::::::::: End Request called at 19-12-2018 04:04:00 PM   :::   16:04:00.9547662

::::::::::: PostResolveRequestCache Request called at 19-12-2018 04:04:00 PM   :::   16:04:00.9577666

::::::::::: AcquireRequestState Request called at 19-12-2018 04:04:00 PM   :::   16:04:00.9617670

::::::::::: PostAcquireRequestState Request called at 19-12-2018 04:04:00 PM   :::   16:04:00.9647653

::::::::::: PreRequestHandlerExecute Request called at 19-12-2018 04:04:00 PM   :::   16:04:00.9657670

::::::::::: Error Request called at 19-12-2018 04:04:00 PM   :::   16:04:00.9697637

::::::::::: EndRequest Request called at 19-12-2018 04:04:17 PM   :::   16:04:17.6434565

::::::::::: PreSendRequestContent Request called at 19-12-2018 04:04:17 PM   :::   16:04:17.6444572

::::::::::: PreSendRequestHeaders Request called at 19-12-2018 04:04:17 PM   :::   16:04:17.6454562

::::::::::: BeginRequest Request called at 19-12-2018 04:10:44 PM   :::   16:10:44.9197576

::::::::::: AuthenticateRequest Request called at 19-12-2018 04:10:44 PM   :::   16:10:44.9217432

::::::::::: PostAuthenticateRequest Request called at 19-12-2018 04:10:44 PM   :::   16:10:44.9227442

::::::::::: AuthorizeRequest Request called at 19-12-2018 04:10:44 PM   :::   16:10:44.9247432

::::::::::: PostAuthorizeRequest Request called at 19-12-2018 04:10:44 PM   :::   16:10:44.9257456

::::::::::: End Request called at 19-12-2018 04:10:44 PM   :::   16:10:44.9267443

::::::::::: PostResolveRequestCache Request called at 19-12-2018 04:10:44 PM   :::   16:10:44.9277447

::::::::::: AcquireRequestState Request called at 19-12-2018 04:10:44 PM   :::   16:10:44.9287417

::::::::::: PostAcquireRequestState Request called at 19-12-2018 04:10:44 PM   :::   16:10:44.9297405

::::::::::: PreRequestHandlerExecute Request called at 19-12-2018 04:10:44 PM   :::   16:10:44.9307397

::::::::::: Error Request called at 19-12-2018 04:10:44 PM   :::   16:10:44.9327456

::::::::::: EndRequest Request called at 19-12-2018 04:11:00 PM   :::   16:11:00.9922659

::::::::::: PreSendRequestContent Request called at 19-12-2018 04:11:00 PM   :::   16:11:00.9932676

::::::::::: PreSendRequestHeaders Request called at 19-12-2018 04:11:00 PM   :::   16:11:00.9952639

::::::::::: BeginRequest Request called at 19-12-2018 04:11:19 PM   :::   16:11:19.5643252

::::::::::: AuthenticateRequest Request called at 19-12-2018 04:11:19 PM   :::   16:11:19.5663257

::::::::::: PostAuthenticateRequest Request called at 19-12-2018 04:11:19 PM   :::   16:11:19.5683827

::::::::::: AuthorizeRequest Request called at 19-12-2018 04:11:19 PM   :::   16:11:19.5693264

::::::::::: PostAuthorizeRequest Request called at 19-12-2018 04:11:19 PM   :::   16:11:19.5703234

::::::::::: End Request called at 19-12-2018 04:11:19 PM   :::   16:11:19.5713243

::::::::::: PostResolveRequestCache Request called at 19-12-2018 04:11:19 PM   :::   16:11:19.5723240

::::::::::: AcquireRequestState Request called at 19-12-2018 04:11:19 PM   :::   16:11:19.5743227

::::::::::: PostAcquireRequestState Request called at 19-12-2018 04:11:19 PM   :::   16:11:19.5753218

::::::::::: PreRequestHandlerExecute Request called at 19-12-2018 04:11:19 PM   :::   16:11:19.5763236

::::::::::: PostRequestHandlerExecute Request called at 19-12-2018 04:11:19 PM   :::   16:11:19.5783252

::::::::::: ReleaseRequestState Request called at 19-12-2018 04:11:19 PM   :::   16:11:19.5793283

::::::::::: PostReleaseRequestState Request called at 19-12-2018 04:11:19 PM   :::   16:11:19.5803275

::::::::::: UpdateRequestCache Request called at 19-12-2018 04:11:19 PM   :::   16:11:19.5823293

::::::::::: EndRequest Request called at 19-12-2018 04:11:19 PM   :::   16:11:19.5833332

::::::::::: PreSendRequestContent Request called at 19-12-2018 04:11:19 PM   :::   16:11:19.5863256

::::::::::: PreSendRequestHeaders Request called at 19-12-2018 04:11:19 PM   :::   16:11:19.5863256

::::::::::: BeginRequest Request called at 19-12-2018 04:11:19 PM   :::   16:11:19.6493277

::::::::::: AuthenticateRequest Request called at 19-12-2018 04:11:19 PM   :::   16:11:19.6523995

::::::::::: PostAuthenticateRequest Request called at 19-12-2018 04:11:19 PM   :::   16:11:19.6543313

::::::::::: AuthorizeRequest Request called at 19-12-2018 04:11:19 PM   :::   16:11:19.6553286

::::::::::: PostAuthorizeRequest Request called at 19-12-2018 04:11:19 PM   :::   16:11:19.6573330

::::::::::: End Request called at 19-12-2018 04:11:19 PM   :::   16:11:19.6583414

::::::::::: PostResolveRequestCache Request called at 19-12-2018 04:11:19 PM   :::   16:11:19.6603482

::::::::::: AcquireRequestState Request called at 19-12-2018 04:11:19 PM   :::   16:11:19.6623278

::::::::::: PostAcquireRequestState Request called at 19-12-2018 04:11:19 PM   :::   16:11:19.6643290

::::::::::: PreRequestHandlerExecute Request called at 19-12-2018 04:11:19 PM   :::   16:11:19.6653262

::::::::::: BeginRequest Request called at 19-12-2018 04:11:30 PM   :::   16:11:30.4590897

::::::::::: AuthenticateRequest Request called at 19-12-2018 04:11:30 PM   :::   16:11:30.4610878

::::::::::: PostAuthenticateRequest Request called at 19-12-2018 04:11:30 PM   :::   16:11:30.4620865

::::::::::: AuthorizeRequest Request called at 19-12-2018 04:11:30 PM   :::   16:11:30.4640862

::::::::::: PostAuthorizeRequest Request called at 19-12-2018 04:11:30 PM   :::   16:11:30.4671247

::::::::::: End Request called at 19-12-2018 04:11:30 PM   :::   16:11:30.4680898

::::::::::: PostResolveRequestCache Request called at 19-12-2018 04:11:30 PM   :::   16:11:30.4700857

::::::::::: AcquireRequestState Request called at 19-12-2018 04:11:30 PM   :::   16:11:30.4730870

::::::::::: PostAcquireRequestState Request called at 19-12-2018 04:11:30 PM   :::   16:11:30.4740849

::::::::::: PreRequestHandlerExecute Request called at 19-12-2018 04:11:30 PM   :::   16:11:30.4750837

::::::::::: PostRequestHandlerExecute Request called at 19-12-2018 04:11:30 PM   :::   16:11:30.4781266

::::::::::: ReleaseRequestState Request called at 19-12-2018 04:11:30 PM   :::   16:11:30.4791280

::::::::::: PostReleaseRequestState Request called at 19-12-2018 04:11:30 PM   :::   16:11:30.4810860

::::::::::: UpdateRequestCache Request called at 19-12-2018 04:11:30 PM   :::   16:11:30.4810860

::::::::::: EndRequest Request called at 19-12-2018 04:11:30 PM   :::   16:11:30.4840866

::::::::::: PreSendRequestContent Request called at 19-12-2018 04:11:30 PM   :::   16:11:30.4860955

::::::::::: PreSendRequestHeaders Request called at 19-12-2018 04:11:30 PM   :::   16:11:30.4871278

::::::::::: PostRequestHandlerExecute Request called at 19-12-2018 04:11:54 PM   :::   16:11:54.7226075

::::::::::: ReleaseRequestState Request called at 19-12-2018 04:11:54 PM   :::   16:11:54.7236072

::::::::::: PostReleaseRequestState Request called at 19-12-2018 04:11:54 PM   :::   16:11:54.7246055

::::::::::: UpdateRequestCache Request called at 19-12-2018 04:11:54 PM   :::   16:11:54.7256052

::::::::::: EndRequest Request called at 19-12-2018 04:11:54 PM   :::   16:11:54.7266060

::::::::::: PreSendRequestContent Request called at 19-12-2018 04:11:54 PM   :::   16:11:54.7276110

::::::::::: PreSendRequestHeaders Request called at 19-12-2018 04:11:54 PM   :::   16:11:54.7286068

::::::::::: BeginRequest Request called at 19-12-2018 04:16:44 PM   :::   16:16:44.4562702

::::::::::: AuthenticateRequest Request called at 19-12-2018 04:16:44 PM   :::   16:16:44.4592755

::::::::::: PostAuthenticateRequest Request called at 19-12-2018 04:16:44 PM   :::   16:16:44.4612724

::::::::::: AuthorizeRequest Request called at 19-12-2018 04:16:44 PM   :::   16:16:44.4622698

::::::::::: PostAuthorizeRequest Request called at 19-12-2018 04:16:44 PM   :::   16:16:44.4652696

::::::::::: End Request called at 19-12-2018 04:16:44 PM   :::   16:16:44.4662705

::::::::::: PostResolveRequestCache Request called at 19-12-2018 04:16:44 PM   :::   16:16:44.4692732

::::::::::: AcquireRequestState Request called at 19-12-2018 04:16:44 PM   :::   16:16:44.4712733

::::::::::: PostAcquireRequestState Request called at 19-12-2018 04:16:44 PM   :::   16:16:44.4722719

::::::::::: PreRequestHandlerExecute Request called at 19-12-2018 04:16:44 PM   :::   16:16:44.4732671

::::::::::: Error Request called at 19-12-2018 04:16:44 PM   :::   16:16:44.4752692

::::::::::: EndRequest Request called at 19-12-2018 04:17:00 PM   :::   16:17:00.8542929

::::::::::: PreSendRequestContent Request called at 19-12-2018 04:17:00 PM   :::   16:17:00.8553295

::::::::::: PreSendRequestHeaders Request called at 19-12-2018 04:17:00 PM   :::   16:17:00.8562867

::::::::::: BeginRequest Request called at 19-12-2018 05:31:04 PM   :::   17:31:04.8011991

::::::::::: AuthenticateRequest Request called at 19-12-2018 05:31:04 PM   :::   17:31:04.8031958

::::::::::: PostAuthenticateRequest Request called at 19-12-2018 05:31:04 PM   :::   17:31:04.8041955

::::::::::: AuthorizeRequest Request called at 19-12-2018 05:31:04 PM   :::   17:31:04.8071989

::::::::::: PostAuthorizeRequest Request called at 19-12-2018 05:31:04 PM   :::   17:31:04.8091988

::::::::::: End Request called at 19-12-2018 05:31:04 PM   :::   17:31:04.8101959

::::::::::: PostResolveRequestCache Request called at 19-12-2018 05:31:04 PM   :::   17:31:04.8131957

::::::::::: AcquireRequestState Request called at 19-12-2018 05:31:04 PM   :::   17:31:04.8131957

::::::::::: PostAcquireRequestState Request called at 19-12-2018 05:31:04 PM   :::   17:31:04.8141934

::::::::::: PreRequestHandlerExecute Request called at 19-12-2018 05:31:04 PM   :::   17:31:04.8151935

::::::::::: Error Request called at 19-12-2018 05:31:04 PM   :::   17:31:04.8171964

::::::::::: EndRequest Request called at 19-12-2018 05:31:21 PM   :::   17:31:21.2010496

::::::::::: PreSendRequestContent Request called at 19-12-2018 05:31:21 PM   :::   17:31:21.2030525

::::::::::: PreSendRequestHeaders Request called at 19-12-2018 05:31:21 PM   :::   17:31:21.2040576

::::::::::: BeginRequest Request called at 19-12-2018 05:32:01 PM   :::   17:32:01.1893251

::::::::::: AuthenticateRequest Request called at 19-12-2018 05:32:01 PM   :::   17:32:01.1903248

::::::::::: PostAuthenticateRequest Request called at 19-12-2018 05:32:01 PM   :::   17:32:01.1913231

::::::::::: AuthorizeRequest Request called at 19-12-2018 05:32:01 PM   :::   17:32:01.1923225

::::::::::: PostAuthorizeRequest Request called at 19-12-2018 05:32:01 PM   :::   17:32:01.1933221

::::::::::: End Request called at 19-12-2018 05:32:01 PM   :::   17:32:01.1943222

::::::::::: PostResolveRequestCache Request called at 19-12-2018 05:32:01 PM   :::   17:32:01.1953214

::::::::::: AcquireRequestState Request called at 19-12-2018 05:32:01 PM   :::   17:32:01.1963183

::::::::::: PostAcquireRequestState Request called at 19-12-2018 05:32:01 PM   :::   17:32:01.1973215

::::::::::: PreRequestHandlerExecute Request called at 19-12-2018 05:32:01 PM   :::   17:32:01.1983199

::::::::::: Error Request called at 19-12-2018 05:32:01 PM   :::   17:32:01.2013237

::::::::::: EndRequest Request called at 19-12-2018 05:32:17 PM   :::   17:32:17.4488927

::::::::::: PreSendRequestContent Request called at 19-12-2018 05:32:17 PM   :::   17:32:17.4499331

::::::::::: PreSendRequestHeaders Request called at 19-12-2018 05:32:17 PM   :::   17:32:17.4508907

::::::::::: BeginRequest Request called at 19-12-2018 06:05:45 PM   :::   18:05:45.2226774

::::::::::: AuthenticateRequest Request called at 19-12-2018 06:05:45 PM   :::   18:05:45.2326793

::::::::::: PostAuthenticateRequest Request called at 19-12-2018 06:05:45 PM   :::   18:05:45.2606806

::::::::::: AuthorizeRequest Request called at 19-12-2018 06:05:45 PM   :::   18:05:45.2646787

::::::::::: PostAuthorizeRequest Request called at 19-12-2018 06:05:45 PM   :::   18:05:45.2656778

::::::::::: End Request called at 19-12-2018 06:05:45 PM   :::   18:05:45.2786789

::::::::::: PostResolveRequestCache Request called at 19-12-2018 06:05:45 PM   :::   18:05:45.3696877

::::::::::: AcquireRequestState Request called at 19-12-2018 06:05:45 PM   :::   18:05:45.3966786

::::::::::: PostAcquireRequestState Request called at 19-12-2018 06:05:45 PM   :::   18:05:45.3986796

::::::::::: PreRequestHandlerExecute Request called at 19-12-2018 06:05:45 PM   :::   18:05:45.4006870

::::::::::: PostRequestHandlerExecute Request called at 19-12-2018 06:05:47 PM   :::   18:05:47.6376776

::::::::::: ReleaseRequestState Request called at 19-12-2018 06:05:47 PM   :::   18:05:47.6396773

::::::::::: PostReleaseRequestState Request called at 19-12-2018 06:05:47 PM   :::   18:05:47.6446771

::::::::::: UpdateRequestCache Request called at 19-12-2018 06:05:47 PM   :::   18:05:47.6466747

::::::::::: EndRequest Request called at 19-12-2018 06:05:47 PM   :::   18:05:47.6506780

::::::::::: PreSendRequestContent Request called at 19-12-2018 06:05:47 PM   :::   18:05:47.6646800

::::::::::: PreSendRequestHeaders Request called at 19-12-2018 06:05:47 PM   :::   18:05:47.6696841

::::::::::: BeginRequest Request called at 19-12-2018 06:06:33 PM   :::   18:06:33.8431562

::::::::::: AuthenticateRequest Request called at 19-12-2018 06:06:33 PM   :::   18:06:33.8511549

::::::::::: PostAuthenticateRequest Request called at 19-12-2018 06:06:33 PM   :::   18:06:33.8571536

::::::::::: AuthorizeRequest Request called at 19-12-2018 06:06:33 PM   :::   18:06:33.8601518

::::::::::: PostAuthorizeRequest Request called at 19-12-2018 06:06:33 PM   :::   18:06:33.8611558

::::::::::: End Request called at 19-12-2018 06:06:33 PM   :::   18:06:33.8631528

::::::::::: PostResolveRequestCache Request called at 19-12-2018 06:06:33 PM   :::   18:06:33.9031540

::::::::::: AcquireRequestState Request called at 19-12-2018 06:06:33 PM   :::   18:06:33.9151558

::::::::::: PostAcquireRequestState Request called at 19-12-2018 06:06:33 PM   :::   18:06:33.9181515

::::::::::: PreRequestHandlerExecute Request called at 19-12-2018 06:06:33 PM   :::   18:06:33.9271549

::::::::::: PostRequestHandlerExecute Request called at 19-12-2018 06:06:35 PM   :::   18:06:35.7291537

::::::::::: ReleaseRequestState Request called at 19-12-2018 06:06:35 PM   :::   18:06:35.7321540

::::::::::: PostReleaseRequestState Request called at 19-12-2018 06:06:35 PM   :::   18:06:35.7341520

::::::::::: UpdateRequestCache Request called at 19-12-2018 06:06:35 PM   :::   18:06:35.7361541

::::::::::: EndRequest Request called at 19-12-2018 06:06:35 PM   :::   18:06:35.7401524

::::::::::: PreSendRequestContent Request called at 19-12-2018 06:06:35 PM   :::   18:06:35.7531560

::::::::::: PreSendRequestHeaders Request called at 19-12-2018 06:06:35 PM   :::   18:06:35.7551589

::::::::::: BeginRequest Request called at 19-12-2018 06:06:42 PM   :::   18:06:42.4471560

::::::::::: AuthenticateRequest Request called at 19-12-2018 06:06:42 PM   :::   18:06:42.4491622

::::::::::: PostAuthenticateRequest Request called at 19-12-2018 06:06:42 PM   :::   18:06:42.4501591

::::::::::: AuthorizeRequest Request called at 19-12-2018 06:06:42 PM   :::   18:06:42.4511564

::::::::::: PostAuthorizeRequest Request called at 19-12-2018 06:06:42 PM   :::   18:06:42.4531564

::::::::::: End Request called at 19-12-2018 06:06:42 PM   :::   18:06:42.4541574

::::::::::: PostResolveRequestCache Request called at 19-12-2018 06:06:42 PM   :::   18:06:42.4601618

::::::::::: AcquireRequestState Request called at 19-12-2018 06:06:42 PM   :::   18:06:42.4611562

::::::::::: PostAcquireRequestState Request called at 19-12-2018 06:06:42 PM   :::   18:06:42.4631609

::::::::::: PreRequestHandlerExecute Request called at 19-12-2018 06:06:42 PM   :::   18:06:42.4641583

::::::::::: PostRequestHandlerExecute Request called at 19-12-2018 06:06:42 PM   :::   18:06:42.5671531

::::::::::: ReleaseRequestState Request called at 19-12-2018 06:06:42 PM   :::   18:06:42.5691557

::::::::::: PostReleaseRequestState Request called at 19-12-2018 06:06:42 PM   :::   18:06:42.5701559

::::::::::: UpdateRequestCache Request called at 19-12-2018 06:06:42 PM   :::   18:06:42.5711558

::::::::::: EndRequest Request called at 19-12-2018 06:06:42 PM   :::   18:06:42.5731557

::::::::::: PreSendRequestContent Request called at 19-12-2018 06:06:42 PM   :::   18:06:42.5751567

::::::::::: PreSendRequestHeaders Request called at 19-12-2018 06:06:42 PM   :::   18:06:42.5761591

::::::::::: BeginRequest Request called at 19-12-2018 06:06:42 PM   :::   18:06:42.9601574

::::::::::: AuthenticateRequest Request called at 19-12-2018 06:06:42 PM   :::   18:06:42.9611617

::::::::::: PostAuthenticateRequest Request called at 19-12-2018 06:06:42 PM   :::   18:06:42.9621552

::::::::::: AuthorizeRequest Request called at 19-12-2018 06:06:42 PM   :::   18:06:42.9641579

::::::::::: PostAuthorizeRequest Request called at 19-12-2018 06:06:42 PM   :::   18:06:42.9651552

::::::::::: End Request called at 19-12-2018 06:06:42 PM   :::   18:06:42.9671554

::::::::::: PostResolveRequestCache Request called at 19-12-2018 06:06:42 PM   :::   18:06:42.9691569

::::::::::: AcquireRequestState Request called at 19-12-2018 06:06:42 PM   :::   18:06:42.9701558

::::::::::: PostAcquireRequestState Request called at 19-12-2018 06:06:42 PM   :::   18:06:42.9721582

::::::::::: PreRequestHandlerExecute Request called at 19-12-2018 06:06:42 PM   :::   18:06:42.9731570

::::::::::: PostRequestHandlerExecute Request called at 19-12-2018 06:07:19 PM   :::   18:07:19.0063088

::::::::::: ReleaseRequestState Request called at 19-12-2018 06:07:19 PM   :::   18:07:19.0073097

::::::::::: PostReleaseRequestState Request called at 19-12-2018 06:07:19 PM   :::   18:07:19.0083100

::::::::::: UpdateRequestCache Request called at 19-12-2018 06:07:19 PM   :::   18:07:19.0093094

::::::::::: EndRequest Request called at 19-12-2018 06:07:19 PM   :::   18:07:19.0103095

::::::::::: PreSendRequestContent Request called at 19-12-2018 06:07:19 PM   :::   18:07:19.0123089

::::::::::: PreSendRequestHeaders Request called at 19-12-2018 06:07:19 PM   :::   18:07:19.0133087

::::::::::: BeginRequest Request called at 19-12-2018 06:10:07 PM   :::   18:10:07.7979650

::::::::::: AuthenticateRequest Request called at 19-12-2018 06:10:07 PM   :::   18:10:07.7999657

::::::::::: PostAuthenticateRequest Request called at 19-12-2018 06:10:07 PM   :::   18:10:07.8009651

::::::::::: AuthorizeRequest Request called at 19-12-2018 06:10:07 PM   :::   18:10:07.8029635

::::::::::: PostAuthorizeRequest Request called at 19-12-2018 06:10:07 PM   :::   18:10:07.8039634

::::::::::: End Request called at 19-12-2018 06:10:07 PM   :::   18:10:07.8049648

::::::::::: PostResolveRequestCache Request called at 19-12-2018 06:10:07 PM   :::   18:10:07.8079625

::::::::::: AcquireRequestState Request called at 19-12-2018 06:10:07 PM   :::   18:10:07.8099628

::::::::::: PostAcquireRequestState Request called at 19-12-2018 06:10:07 PM   :::   18:10:07.8119708

::::::::::: PreRequestHandlerExecute Request called at 19-12-2018 06:10:07 PM   :::   18:10:07.8139642

::::::::::: Error Request called at 19-12-2018 06:10:07 PM   :::   18:10:07.8169726

::::::::::: EndRequest Request called at 19-12-2018 06:10:24 PM   :::   18:10:24.4568681

::::::::::: PreSendRequestContent Request called at 19-12-2018 06:10:24 PM   :::   18:10:24.4588681

::::::::::: PreSendRequestHeaders Request called at 19-12-2018 06:10:24 PM   :::   18:10:24.4598642

::::::::::: BeginRequest Request called at 19-12-2018 06:40:23 PM   :::   18:40:23.8312728

::::::::::: AuthenticateRequest Request called at 19-12-2018 06:40:23 PM   :::   18:40:23.8442716

::::::::::: PostAuthenticateRequest Request called at 19-12-2018 06:40:23 PM   :::   18:40:23.8592713

::::::::::: AuthorizeRequest Request called at 19-12-2018 06:40:23 PM   :::   18:40:23.8622779

::::::::::: PostAuthorizeRequest Request called at 19-12-2018 06:40:23 PM   :::   18:40:23.8642738

::::::::::: End Request called at 19-12-2018 06:40:23 PM   :::   18:40:23.8672723

::::::::::: PostResolveRequestCache Request called at 19-12-2018 06:40:23 PM   :::   18:40:23.9512855

::::::::::: AcquireRequestState Request called at 19-12-2018 06:40:23 PM   :::   18:40:23.9702788

::::::::::: PostAcquireRequestState Request called at 19-12-2018 06:40:23 PM   :::   18:40:23.9732718

::::::::::: PreRequestHandlerExecute Request called at 19-12-2018 06:40:23 PM   :::   18:40:23.9752734

::::::::::: PostRequestHandlerExecute Request called at 19-12-2018 06:40:45 PM   :::   18:40:45.8771169

::::::::::: ReleaseRequestState Request called at 19-12-2018 06:40:45 PM   :::   18:40:45.8791173

::::::::::: PostReleaseRequestState Request called at 19-12-2018 06:40:45 PM   :::   18:40:45.8811143

::::::::::: UpdateRequestCache Request called at 19-12-2018 06:40:45 PM   :::   18:40:45.8831158

::::::::::: EndRequest Request called at 19-12-2018 06:40:45 PM   :::   18:40:45.8861142

::::::::::: PreSendRequestContent Request called at 19-12-2018 06:40:45 PM   :::   18:40:45.8991157

::::::::::: PreSendRequestHeaders Request called at 19-12-2018 06:40:45 PM   :::   18:40:45.9001157

::::::::::: BeginRequest Request called at 19-12-2018 06:46:58 PM   :::   18:46:58.4547793

::::::::::: AuthenticateRequest Request called at 19-12-2018 06:46:58 PM   :::   18:46:58.4637836

::::::::::: PostAuthenticateRequest Request called at 19-12-2018 06:46:58 PM   :::   18:46:58.4727781

::::::::::: AuthorizeRequest Request called at 19-12-2018 06:46:58 PM   :::   18:46:58.4747813

::::::::::: PostAuthorizeRequest Request called at 19-12-2018 06:46:58 PM   :::   18:46:58.4767767

::::::::::: AuthenticateRequest Request called at 19-12-2018 06:46:58 PM   :::   18:46:58.5607806

::::::::::: PostAuthenticateRequest Request called at 19-12-2018 06:46:58 PM   :::   18:46:58.5627818

::::::::::: AuthorizeRequest Request called at 19-12-2018 06:46:58 PM   :::   18:46:58.5647790

::::::::::: PostAuthorizeRequest Request called at 19-12-2018 06:46:58 PM   :::   18:46:58.5657823

::::::::::: End Request called at 19-12-2018 06:46:58 PM   :::   18:46:58.5707802

::::::::::: PostResolveRequestCache Request called at 19-12-2018 06:46:58 PM   :::   18:46:58.6197826

::::::::::: AcquireRequestState Request called at 19-12-2018 06:46:58 PM   :::   18:46:58.6307832

::::::::::: PostAcquireRequestState Request called at 19-12-2018 06:46:58 PM   :::   18:46:58.6357858

::::::::::: PreRequestHandlerExecute Request called at 19-12-2018 06:46:58 PM   :::   18:46:58.6367804

::::::::::: PostResolveRequestCache Request called at 19-12-2018 06:46:58 PM   :::   18:46:58.6537794

::::::::::: AcquireRequestState Request called at 19-12-2018 06:46:58 PM   :::   18:46:58.6567790

::::::::::: PostAcquireRequestState Request called at 19-12-2018 06:46:58 PM   :::   18:46:58.6577789

::::::::::: PreRequestHandlerExecute Request called at 19-12-2018 06:46:58 PM   :::   18:46:58.6597788

::::::::::: PostRequestHandlerExecute Request called at 19-12-2018 06:46:58 PM   :::   18:46:58.8097793

::::::::::: ReleaseRequestState Request called at 19-12-2018 06:46:58 PM   :::   18:46:58.8117815

::::::::::: PostReleaseRequestState Request called at 19-12-2018 06:46:58 PM   :::   18:46:58.8137801

::::::::::: UpdateRequestCache Request called at 19-12-2018 06:46:58 PM   :::   18:46:58.8157776

::::::::::: EndRequest Request called at 19-12-2018 06:46:58 PM   :::   18:46:58.8197835

::::::::::: PreSendRequestContent Request called at 19-12-2018 06:46:58 PM   :::   18:46:58.8317762

::::::::::: PreSendRequestHeaders Request called at 19-12-2018 06:46:58 PM   :::   18:46:58.8337792

::::::::::: PostRequestHandlerExecute Request called at 19-12-2018 06:47:00 PM   :::   18:47:00.3927745

::::::::::: ReleaseRequestState Request called at 19-12-2018 06:47:00 PM   :::   18:47:00.3957795

::::::::::: PostReleaseRequestState Request called at 19-12-2018 06:47:00 PM   :::   18:47:00.3977793

::::::::::: UpdateRequestCache Request called at 19-12-2018 06:47:00 PM   :::   18:47:00.3997809

::::::::::: EndRequest Request called at 19-12-2018 06:47:00 PM   :::   18:47:00.4017802

::::::::::: PreSendRequestContent Request called at 19-12-2018 06:47:00 PM   :::   18:47:00.4037799

::::::::::: PreSendRequestHeaders Request called at 19-12-2018 06:47:00 PM   :::   18:47:00.4047834

::::::::::: BeginRequest Request called at 19-12-2018 06:47:01 PM   :::   18:47:01.9247778

::::::::::: AuthenticateRequest Request called at 19-12-2018 06:47:01 PM   :::   18:47:01.9267801

::::::::::: PostAuthenticateRequest Request called at 19-12-2018 06:47:01 PM   :::   18:47:01.9287793

::::::::::: AuthorizeRequest Request called at 19-12-2018 06:47:01 PM   :::   18:47:01.9297840

::::::::::: PostAuthorizeRequest Request called at 19-12-2018 06:47:01 PM   :::   18:47:01.9317802

::::::::::: End Request called at 19-12-2018 06:47:01 PM   :::   18:47:01.9337840

::::::::::: PostResolveRequestCache Request called at 19-12-2018 06:47:01 PM   :::   18:47:01.9357795

::::::::::: AcquireRequestState Request called at 19-12-2018 06:47:01 PM   :::   18:47:01.9367823

::::::::::: PostAcquireRequestState Request called at 19-12-2018 06:47:01 PM   :::   18:47:01.9387786

::::::::::: PreRequestHandlerExecute Request called at 19-12-2018 06:47:01 PM   :::   18:47:01.9397840

::::::::::: PreSendRequestContent Request called at 19-12-2018 06:48:14 PM   :::   18:48:14.0050356

::::::::::: PreSendRequestHeaders Request called at 19-12-2018 06:48:14 PM   :::   18:48:14.0060354

::::::::::: PostRequestHandlerExecute Request called at 19-12-2018 06:48:14 PM   :::   18:48:14.0260373

::::::::::: ReleaseRequestState Request called at 19-12-2018 06:48:14 PM   :::   18:48:14.0290347

::::::::::: PostReleaseRequestState Request called at 19-12-2018 06:48:14 PM   :::   18:48:14.0310353

::::::::::: UpdateRequestCache Request called at 19-12-2018 06:48:14 PM   :::   18:48:14.0320482

::::::::::: EndRequest Request called at 19-12-2018 06:48:14 PM   :::   18:48:14.0330366

::::::::::: PreSendRequestContent Request called at 19-12-2018 06:48:14 PM   :::   18:48:14.0350369

