::::::::::: BeginRequest Request called at 9/16/2018 8:02:44 PM   :::   20:02:44.2556291

::::::::::: AuthenticateRequest Request called at 9/16/2018 8:02:44 PM   :::   20:02:44.2646351

::::::::::: PostAuthenticateRequest Request called at 9/16/2018 8:02:44 PM   :::   20:02:44.2686380

::::::::::: AuthorizeRequest Request called at 9/16/2018 8:02:44 PM   :::   20:02:44.2706390

::::::::::: PostAuthorizeRequest Request called at 9/16/2018 8:02:44 PM   :::   20:02:44.2721402

::::::::::: End Request called at 9/16/2018 8:02:44 PM   :::   20:02:44.2741421

::::::::::: PostResolveRequestCache Request called at 9/16/2018 8:02:44 PM   :::   20:02:44.3797169

::::::::::: AcquireRequestState Request called at 9/16/2018 8:02:44 PM   :::   20:02:44.3887237

::::::::::: PostAcquireRequestState Request called at 9/16/2018 8:02:44 PM   :::   20:02:44.3937268

::::::::::: PreRequestHandlerExecute Request called at 9/16/2018 8:02:44 PM   :::   20:02:44.3982310

::::::::::: PostRequestHandlerExecute Request called at 9/16/2018 8:02:47 PM   :::   20:02:47.4258329

::::::::::: ReleaseRequestState Request called at 9/16/2018 8:02:47 PM   :::   20:02:47.4278375

::::::::::: PostReleaseRequestState Request called at 9/16/2018 8:02:47 PM   :::   20:02:47.4308396

::::::::::: UpdateRequestCache Request called at 9/16/2018 8:02:47 PM   :::   20:02:47.4708680

::::::::::: EndRequest Request called at 9/16/2018 8:02:47 PM   :::   20:02:47.4738698

::::::::::: PreSendRequestContent Request called at 9/16/2018 8:02:47 PM   :::   20:02:47.4818762

::::::::::: PreSendRequestHeaders Request called at 9/16/2018 8:02:47 PM   :::   20:02:47.4838769

::::::::::: BeginRequest Request called at 9/16/2018 8:02:47 PM   :::   20:02:47.7395690

::::::::::: AuthenticateRequest Request called at 9/16/2018 8:02:47 PM   :::   20:02:47.7410698

::::::::::: PostAuthenticateRequest Request called at 9/16/2018 8:02:47 PM   :::   20:02:47.7445725

::::::::::: AuthorizeRequest Request called at 9/16/2018 8:02:47 PM   :::   20:02:47.7560805

::::::::::: PostAuthorizeRequest Request called at 9/16/2018 8:02:47 PM   :::   20:02:47.7600834

::::::::::: End Request called at 9/16/2018 8:02:47 PM   :::   20:02:47.7615842

::::::::::: PostResolveRequestCache Request called at 9/16/2018 8:02:47 PM   :::   20:02:47.7635856

::::::::::: AcquireRequestState Request called at 9/16/2018 8:02:47 PM   :::   20:02:47.7675889

::::::::::: PostAcquireRequestState Request called at 9/16/2018 8:02:47 PM   :::   20:02:47.7690898

::::::::::: PreRequestHandlerExecute Request called at 9/16/2018 8:02:47 PM   :::   20:02:47.7705906

::::::::::: PostRequestHandlerExecute Request called at 9/16/2018 8:02:47 PM   :::   20:02:47.7735932

::::::::::: ReleaseRequestState Request called at 9/16/2018 8:02:47 PM   :::   20:02:47.7750940

::::::::::: PostReleaseRequestState Request called at 9/16/2018 8:02:47 PM   :::   20:02:47.7805981

::::::::::: UpdateRequestCache Request called at 9/16/2018 8:02:47 PM   :::   20:02:47.7841004

::::::::::: EndRequest Request called at 9/16/2018 8:02:47 PM   :::   20:02:47.7856013

::::::::::: PreSendRequestContent Request called at 9/16/2018 8:02:47 PM   :::   20:02:47.7871022

::::::::::: PreSendRequestHeaders Request called at 9/16/2018 8:02:47 PM   :::   20:02:47.7886038

::::::::::: BeginRequest Request called at 9/16/2018 8:02:48 PM   :::   20:02:48.3459994

::::::::::: AuthenticateRequest Request called at 9/16/2018 8:02:48 PM   :::   20:02:48.3475011

::::::::::: PostAuthenticateRequest Request called at 9/16/2018 8:02:48 PM   :::   20:02:48.3490016

::::::::::: AuthorizeRequest Request called at 9/16/2018 8:02:48 PM   :::   20:02:48.3505024

::::::::::: PostAuthorizeRequest Request called at 9/16/2018 8:02:48 PM   :::   20:02:48.3520041

::::::::::: End Request called at 9/16/2018 8:02:48 PM   :::   20:02:48.3535050

::::::::::: PostResolveRequestCache Request called at 9/16/2018 8:02:48 PM   :::   20:02:48.3550062

::::::::::: AcquireRequestState Request called at 9/16/2018 8:02:48 PM   :::   20:02:48.3570076

::::::::::: PostAcquireRequestState Request called at 9/16/2018 8:02:48 PM   :::   20:02:48.3590087

::::::::::: PreRequestHandlerExecute Request called at 9/16/2018 8:02:48 PM   :::   20:02:48.3605095

::::::::::: PostRequestHandlerExecute Request called at 9/16/2018 8:02:48 PM   :::   20:02:48.3845266

::::::::::: ReleaseRequestState Request called at 9/16/2018 8:02:48 PM   :::   20:02:48.3870290

::::::::::: PostReleaseRequestState Request called at 9/16/2018 8:02:48 PM   :::   20:02:48.3900311

::::::::::: UpdateRequestCache Request called at 9/16/2018 8:02:48 PM   :::   20:02:48.3915316

::::::::::: EndRequest Request called at 9/16/2018 8:02:48 PM   :::   20:02:48.3930324

::::::::::: PreSendRequestContent Request called at 9/16/2018 8:02:48 PM   :::   20:02:48.3945341

::::::::::: PreSendRequestHeaders Request called at 9/16/2018 8:02:48 PM   :::   20:02:48.3960346

::::::::::: BeginRequest Request called at 9/16/2018 8:02:49 PM   :::   20:02:49.1931074

::::::::::: AuthenticateRequest Request called at 9/16/2018 8:02:49 PM   :::   20:02:49.1946082

::::::::::: PostAuthenticateRequest Request called at 9/16/2018 8:02:49 PM   :::   20:02:49.1966105

::::::::::: AuthorizeRequest Request called at 9/16/2018 8:02:49 PM   :::   20:02:49.1976104

::::::::::: PostAuthorizeRequest Request called at 9/16/2018 8:02:49 PM   :::   20:02:49.1991116

::::::::::: End Request called at 9/16/2018 8:02:49 PM   :::   20:02:49.2006125

::::::::::: PostResolveRequestCache Request called at 9/16/2018 8:02:49 PM   :::   20:02:49.2046157

::::::::::: AcquireRequestState Request called at 9/16/2018 8:02:49 PM   :::   20:02:49.2061170

::::::::::: PostAcquireRequestState Request called at 9/16/2018 8:02:49 PM   :::   20:02:49.2076171

::::::::::: PreRequestHandlerExecute Request called at 9/16/2018 8:02:49 PM   :::   20:02:49.2086182

::::::::::: PostRequestHandlerExecute Request called at 9/16/2018 8:02:49 PM   :::   20:02:49.2951803

::::::::::: ReleaseRequestState Request called at 9/16/2018 8:02:49 PM   :::   20:02:49.2966815

::::::::::: PostReleaseRequestState Request called at 9/16/2018 8:02:49 PM   :::   20:02:49.2981824

::::::::::: UpdateRequestCache Request called at 9/16/2018 8:02:49 PM   :::   20:02:49.2996833

::::::::::: EndRequest Request called at 9/16/2018 8:02:49 PM   :::   20:02:49.3011842

::::::::::: PreSendRequestContent Request called at 9/16/2018 8:02:49 PM   :::   20:02:49.3026854

::::::::::: PreSendRequestHeaders Request called at 9/16/2018 8:02:49 PM   :::   20:02:49.3041867

::::::::::: BeginRequest Request called at 9/16/2018 8:02:49 PM   :::   20:02:49.3211984

::::::::::: AuthenticateRequest Request called at 9/16/2018 8:02:49 PM   :::   20:02:49.3221991

::::::::::: PostAuthenticateRequest Request called at 9/16/2018 8:02:49 PM   :::   20:02:49.3237000

::::::::::: AuthorizeRequest Request called at 9/16/2018 8:02:49 PM   :::   20:02:49.3247007

::::::::::: PostAuthorizeRequest Request called at 9/16/2018 8:02:49 PM   :::   20:02:49.3262015

::::::::::: End Request called at 9/16/2018 8:02:49 PM   :::   20:02:49.3272026

::::::::::: PostResolveRequestCache Request called at 9/16/2018 8:02:49 PM   :::   20:02:49.3287035

::::::::::: AcquireRequestState Request called at 9/16/2018 8:02:49 PM   :::   20:02:49.3302048

::::::::::: PostAcquireRequestState Request called at 9/16/2018 8:02:49 PM   :::   20:02:49.3322070

::::::::::: PreRequestHandlerExecute Request called at 9/16/2018 8:02:49 PM   :::   20:02:49.3337075

::::::::::: PreSendRequestContent Request called at 9/16/2018 8:02:57 PM   :::   20:02:57.6395658

::::::::::: PreSendRequestHeaders Request called at 9/16/2018 8:02:57 PM   :::   20:02:57.6410659

::::::::::: PostRequestHandlerExecute Request called at 9/16/2018 8:02:57 PM   :::   20:02:57.6545761

::::::::::: ReleaseRequestState Request called at 9/16/2018 8:02:57 PM   :::   20:02:57.6595792

::::::::::: PostReleaseRequestState Request called at 9/16/2018 8:02:57 PM   :::   20:02:57.6610805

::::::::::: UpdateRequestCache Request called at 9/16/2018 8:02:57 PM   :::   20:02:57.6635821

::::::::::: EndRequest Request called at 9/16/2018 8:02:57 PM   :::   20:02:57.6695871

::::::::::: PreSendRequestContent Request called at 9/16/2018 8:02:57 PM   :::   20:02:57.6750904

::::::::::: BeginRequest Request called at 9/16/2018 8:09:57 PM   :::   20:09:57.2228563

::::::::::: AuthenticateRequest Request called at 9/16/2018 8:09:57 PM   :::   20:09:57.2248585

::::::::::: PostAuthenticateRequest Request called at 9/16/2018 8:09:57 PM   :::   20:09:57.2278599

::::::::::: AuthorizeRequest Request called at 9/16/2018 8:09:57 PM   :::   20:09:57.2358660

::::::::::: PostAuthorizeRequest Request called at 9/16/2018 8:09:57 PM   :::   20:09:57.2443781

::::::::::: End Request called at 9/16/2018 8:09:57 PM   :::   20:09:57.2468742

::::::::::: PostResolveRequestCache Request called at 9/16/2018 8:09:57 PM   :::   20:09:57.2723925

::::::::::: AcquireRequestState Request called at 9/16/2018 8:09:57 PM   :::   20:09:57.2763949

::::::::::: PostAcquireRequestState Request called at 9/16/2018 8:09:57 PM   :::   20:09:57.2783964

::::::::::: PreRequestHandlerExecute Request called at 9/16/2018 8:09:57 PM   :::   20:09:57.2798968

::::::::::: PostRequestHandlerExecute Request called at 9/16/2018 8:09:57 PM   :::   20:09:57.2818987

::::::::::: ReleaseRequestState Request called at 9/16/2018 8:09:57 PM   :::   20:09:57.2844002

::::::::::: PostReleaseRequestState Request called at 9/16/2018 8:09:57 PM   :::   20:09:57.2859023

::::::::::: UpdateRequestCache Request called at 9/16/2018 8:09:57 PM   :::   20:09:57.2874024

::::::::::: EndRequest Request called at 9/16/2018 8:09:57 PM   :::   20:09:57.2909047

::::::::::: PreSendRequestContent Request called at 9/16/2018 8:09:57 PM   :::   20:09:57.3829701

::::::::::: PreSendRequestHeaders Request called at 9/16/2018 8:09:57 PM   :::   20:09:57.4239992

::::::::::: BeginRequest Request called at 9/16/2018 8:09:57 PM   :::   20:09:57.5325770

::::::::::: AuthenticateRequest Request called at 9/16/2018 8:09:57 PM   :::   20:09:57.5370800

::::::::::: PostAuthenticateRequest Request called at 9/16/2018 8:09:57 PM   :::   20:09:57.5385808

::::::::::: AuthorizeRequest Request called at 9/16/2018 8:09:57 PM   :::   20:09:57.5395815

::::::::::: PostAuthorizeRequest Request called at 9/16/2018 8:09:57 PM   :::   20:09:57.5911187

::::::::::: End Request called at 9/16/2018 8:09:57 PM   :::   20:09:57.6306462

::::::::::: PostResolveRequestCache Request called at 9/16/2018 8:09:57 PM   :::   20:09:57.6421554

::::::::::: AcquireRequestState Request called at 9/16/2018 8:09:57 PM   :::   20:09:57.6671724

::::::::::: PostAcquireRequestState Request called at 9/16/2018 8:09:57 PM   :::   20:09:57.6686744

::::::::::: PreRequestHandlerExecute Request called at 9/16/2018 8:09:57 PM   :::   20:09:57.6696744

::::::::::: PreSendRequestContent Request called at 9/16/2018 8:10:08 PM   :::   20:10:08.3299505

::::::::::: PreSendRequestHeaders Request called at 9/16/2018 8:10:08 PM   :::   20:10:08.3309678

::::::::::: PostRequestHandlerExecute Request called at 9/16/2018 8:10:08 PM   :::   20:10:08.3399569

::::::::::: ReleaseRequestState Request called at 9/16/2018 8:10:08 PM   :::   20:10:08.3419622

::::::::::: PostReleaseRequestState Request called at 9/16/2018 8:10:08 PM   :::   20:10:08.3429629

::::::::::: UpdateRequestCache Request called at 9/16/2018 8:10:08 PM   :::   20:10:08.3449640

::::::::::: EndRequest Request called at 9/16/2018 8:10:08 PM   :::   20:10:08.3469670

::::::::::: PreSendRequestContent Request called at 9/16/2018 8:10:08 PM   :::   20:10:08.3479661

::::::::::: BeginRequest Request called at 9/16/2018 8:17:51 PM   :::   20:17:51.0979482

::::::::::: AuthenticateRequest Request called at 9/16/2018 8:17:51 PM   :::   20:17:51.1094546

::::::::::: PostAuthenticateRequest Request called at 9/16/2018 8:17:51 PM   :::   20:17:51.1139584

::::::::::: AuthorizeRequest Request called at 9/16/2018 8:17:51 PM   :::   20:17:51.1164600

::::::::::: PostAuthorizeRequest Request called at 9/16/2018 8:17:51 PM   :::   20:17:51.1179613

::::::::::: End Request called at 9/16/2018 8:17:51 PM   :::   20:17:51.1374746

::::::::::: PostResolveRequestCache Request called at 9/16/2018 8:17:51 PM   :::   20:17:51.1544874

::::::::::: AcquireRequestState Request called at 9/16/2018 8:17:51 PM   :::   20:17:51.1564881

::::::::::: PostAcquireRequestState Request called at 9/16/2018 8:17:51 PM   :::   20:17:51.1579893

::::::::::: PreRequestHandlerExecute Request called at 9/16/2018 8:17:51 PM   :::   20:17:51.1594898

::::::::::: PostRequestHandlerExecute Request called at 9/16/2018 8:17:51 PM   :::   20:17:51.1619922

::::::::::: ReleaseRequestState Request called at 9/16/2018 8:17:51 PM   :::   20:17:51.1639940

::::::::::: PostReleaseRequestState Request called at 9/16/2018 8:17:51 PM   :::   20:17:51.1654952

::::::::::: UpdateRequestCache Request called at 9/16/2018 8:17:51 PM   :::   20:17:51.1689975

::::::::::: EndRequest Request called at 9/16/2018 8:17:51 PM   :::   20:17:51.1709986

::::::::::: PreSendRequestContent Request called at 9/16/2018 8:17:51 PM   :::   20:17:51.1724998

::::::::::: PreSendRequestHeaders Request called at 9/16/2018 8:17:51 PM   :::   20:17:51.1740011

::::::::::: BeginRequest Request called at 9/16/2018 8:17:51 PM   :::   20:17:51.5067373

::::::::::: AuthenticateRequest Request called at 9/16/2018 8:17:51 PM   :::   20:17:51.5087387

::::::::::: PostAuthenticateRequest Request called at 9/16/2018 8:17:51 PM   :::   20:17:51.5112403

::::::::::: AuthorizeRequest Request called at 9/16/2018 8:17:51 PM   :::   20:17:51.5147430

::::::::::: PostAuthorizeRequest Request called at 9/16/2018 8:17:51 PM   :::   20:17:51.5162438

::::::::::: End Request called at 9/16/2018 8:17:51 PM   :::   20:17:51.5202467

::::::::::: PostResolveRequestCache Request called at 9/16/2018 8:17:51 PM   :::   20:17:51.5222489

::::::::::: AcquireRequestState Request called at 9/16/2018 8:17:51 PM   :::   20:17:51.5237490

::::::::::: PostAcquireRequestState Request called at 9/16/2018 8:17:51 PM   :::   20:17:51.5252499

::::::::::: PreRequestHandlerExecute Request called at 9/16/2018 8:17:51 PM   :::   20:17:51.5267515

::::::::::: PreSendRequestContent Request called at 9/16/2018 8:17:58 PM   :::   20:17:58.5991817

::::::::::: PreSendRequestHeaders Request called at 9/16/2018 8:17:58 PM   :::   20:17:58.6001836

::::::::::: PostRequestHandlerExecute Request called at 9/16/2018 8:17:58 PM   :::   20:17:58.6171945

::::::::::: ReleaseRequestState Request called at 9/16/2018 8:17:58 PM   :::   20:17:58.6181956

::::::::::: PostReleaseRequestState Request called at 9/16/2018 8:17:58 PM   :::   20:17:58.6211973

::::::::::: UpdateRequestCache Request called at 9/16/2018 8:17:58 PM   :::   20:17:58.6227025

::::::::::: EndRequest Request called at 9/16/2018 8:17:58 PM   :::   20:17:58.6247039

::::::::::: PreSendRequestContent Request called at 9/16/2018 8:17:58 PM   :::   20:17:58.6257047

::::::::::: BeginRequest Request called at 9/16/2018 8:18:22 PM   :::   20:18:22.3228110

::::::::::: AuthenticateRequest Request called at 9/16/2018 8:18:22 PM   :::   20:18:22.3248120

::::::::::: PostAuthenticateRequest Request called at 9/16/2018 8:18:22 PM   :::   20:18:22.3258131

::::::::::: AuthorizeRequest Request called at 9/16/2018 8:18:22 PM   :::   20:18:22.3278145

::::::::::: PostAuthorizeRequest Request called at 9/16/2018 8:18:22 PM   :::   20:18:22.3298163

::::::::::: End Request called at 9/16/2018 8:18:22 PM   :::   20:18:22.3318178

::::::::::: PostResolveRequestCache Request called at 9/16/2018 8:18:22 PM   :::   20:18:22.3348195

::::::::::: AcquireRequestState Request called at 9/16/2018 8:18:22 PM   :::   20:18:22.3368213

::::::::::: PostAcquireRequestState Request called at 9/16/2018 8:18:22 PM   :::   20:18:22.3388227

::::::::::: PreRequestHandlerExecute Request called at 9/16/2018 8:18:22 PM   :::   20:18:22.3398230

::::::::::: PostRequestHandlerExecute Request called at 9/16/2018 8:18:22 PM   :::   20:18:22.3418245

::::::::::: ReleaseRequestState Request called at 9/16/2018 8:18:22 PM   :::   20:18:22.3438263

::::::::::: PostReleaseRequestState Request called at 9/16/2018 8:18:22 PM   :::   20:18:22.3458305

::::::::::: UpdateRequestCache Request called at 9/16/2018 8:18:22 PM   :::   20:18:22.3473317

::::::::::: EndRequest Request called at 9/16/2018 8:18:22 PM   :::   20:18:22.3488326

::::::::::: PreSendRequestContent Request called at 9/16/2018 8:18:22 PM   :::   20:18:22.3513346

::::::::::: PreSendRequestHeaders Request called at 9/16/2018 8:18:22 PM   :::   20:18:22.3523353

::::::::::: BeginRequest Request called at 9/16/2018 8:18:22 PM   :::   20:18:22.8608851

::::::::::: AuthenticateRequest Request called at 9/16/2018 8:18:22 PM   :::   20:18:22.8618870

::::::::::: PostAuthenticateRequest Request called at 9/16/2018 8:18:22 PM   :::   20:18:22.8638928

::::::::::: AuthorizeRequest Request called at 9/16/2018 8:18:22 PM   :::   20:18:22.8678976

::::::::::: PostAuthorizeRequest Request called at 9/16/2018 8:18:22 PM   :::   20:18:22.8698983

::::::::::: End Request called at 9/16/2018 8:18:22 PM   :::   20:18:22.8779032

::::::::::: PostResolveRequestCache Request called at 9/16/2018 8:18:22 PM   :::   20:18:22.8789039

::::::::::: AcquireRequestState Request called at 9/16/2018 8:18:22 PM   :::   20:18:22.8819056

::::::::::: PostAcquireRequestState Request called at 9/16/2018 8:18:22 PM   :::   20:18:22.8839070

::::::::::: PreRequestHandlerExecute Request called at 9/16/2018 8:18:22 PM   :::   20:18:22.8869127

::::::::::: PreSendRequestContent Request called at 9/16/2018 8:18:30 PM   :::   20:18:30.7846341

::::::::::: PreSendRequestHeaders Request called at 9/16/2018 8:18:30 PM   :::   20:18:30.7846341

::::::::::: PostRequestHandlerExecute Request called at 9/16/2018 8:18:30 PM   :::   20:18:30.8002594

::::::::::: ReleaseRequestState Request called at 9/16/2018 8:18:30 PM   :::   20:18:30.8002594

::::::::::: PostReleaseRequestState Request called at 9/16/2018 8:18:30 PM   :::   20:18:30.8002594

::::::::::: UpdateRequestCache Request called at 9/16/2018 8:18:30 PM   :::   20:18:30.8002594

::::::::::: EndRequest Request called at 9/16/2018 8:18:30 PM   :::   20:18:30.8002594

::::::::::: PreSendRequestContent Request called at 9/16/2018 8:18:30 PM   :::   20:18:30.8163873

::::::::::: BeginRequest Request called at 9/16/2018 8:18:47 PM   :::   20:18:47.6867322

::::::::::: AuthenticateRequest Request called at 9/16/2018 8:18:47 PM   :::   20:18:47.6877325

::::::::::: PostAuthenticateRequest Request called at 9/16/2018 8:18:47 PM   :::   20:18:47.6892334

::::::::::: AuthorizeRequest Request called at 9/16/2018 8:18:47 PM   :::   20:18:47.6912352

::::::::::: PostAuthorizeRequest Request called at 9/16/2018 8:18:47 PM   :::   20:18:47.6927361

::::::::::: End Request called at 9/16/2018 8:18:47 PM   :::   20:18:47.6957390

::::::::::: PostResolveRequestCache Request called at 9/16/2018 8:18:47 PM   :::   20:18:47.6977397

::::::::::: AcquireRequestState Request called at 9/16/2018 8:18:47 PM   :::   20:18:47.6992405

::::::::::: PostAcquireRequestState Request called at 9/16/2018 8:18:47 PM   :::   20:18:47.7007418

::::::::::: PreRequestHandlerExecute Request called at 9/16/2018 8:18:47 PM   :::   20:18:47.7042441

::::::::::: PostRequestHandlerExecute Request called at 9/16/2018 8:18:47 PM   :::   20:18:47.7067465

::::::::::: ReleaseRequestState Request called at 9/16/2018 8:18:47 PM   :::   20:18:47.7087471

::::::::::: PostReleaseRequestState Request called at 9/16/2018 8:18:47 PM   :::   20:18:47.7102483

::::::::::: UpdateRequestCache Request called at 9/16/2018 8:18:47 PM   :::   20:18:47.7112491

::::::::::: EndRequest Request called at 9/16/2018 8:18:47 PM   :::   20:18:47.7127503

::::::::::: PreSendRequestContent Request called at 9/16/2018 8:18:47 PM   :::   20:18:47.7142508

::::::::::: PreSendRequestHeaders Request called at 9/16/2018 8:18:47 PM   :::   20:18:47.7157525

::::::::::: BeginRequest Request called at 9/16/2018 8:18:47 PM   :::   20:18:47.7467753

::::::::::: AuthenticateRequest Request called at 9/16/2018 8:18:47 PM   :::   20:18:47.7487763

::::::::::: PostAuthenticateRequest Request called at 9/16/2018 8:18:47 PM   :::   20:18:47.7502768

::::::::::: AuthorizeRequest Request called at 9/16/2018 8:18:47 PM   :::   20:18:47.7512779

::::::::::: PostAuthorizeRequest Request called at 9/16/2018 8:18:47 PM   :::   20:18:47.7527795

::::::::::: End Request called at 9/16/2018 8:18:47 PM   :::   20:18:47.7542796

::::::::::: PostResolveRequestCache Request called at 9/16/2018 8:18:47 PM   :::   20:18:47.7552815

::::::::::: AcquireRequestState Request called at 9/16/2018 8:18:47 PM   :::   20:18:47.7567828

::::::::::: PostAcquireRequestState Request called at 9/16/2018 8:18:47 PM   :::   20:18:47.7597841

::::::::::: PreRequestHandlerExecute Request called at 9/16/2018 8:18:47 PM   :::   20:18:47.7622853

::::::::::: PreSendRequestContent Request called at 9/16/2018 8:18:56 PM   :::   20:18:56.6331683

::::::::::: PreSendRequestHeaders Request called at 9/16/2018 8:18:56 PM   :::   20:18:56.6341690

::::::::::: PostRequestHandlerExecute Request called at 9/16/2018 8:18:56 PM   :::   20:18:56.6391738

::::::::::: ReleaseRequestState Request called at 9/16/2018 8:18:56 PM   :::   20:18:56.6431762

::::::::::: PostReleaseRequestState Request called at 9/16/2018 8:18:56 PM   :::   20:18:56.6461784

::::::::::: UpdateRequestCache Request called at 9/16/2018 8:18:56 PM   :::   20:18:56.6481802

::::::::::: EndRequest Request called at 9/16/2018 8:18:56 PM   :::   20:18:56.6501820

::::::::::: PreSendRequestContent Request called at 9/16/2018 8:18:56 PM   :::   20:18:56.6521818

::::::::::: BeginRequest Request called at 9/16/2018 8:19:25 PM   :::   20:19:25.1882191

::::::::::: AuthenticateRequest Request called at 9/16/2018 8:19:25 PM   :::   20:19:25.1902205

::::::::::: PostAuthenticateRequest Request called at 9/16/2018 8:19:25 PM   :::   20:19:25.1912212

::::::::::: AuthorizeRequest Request called at 9/16/2018 8:19:25 PM   :::   20:19:25.1932234

::::::::::: PostAuthorizeRequest Request called at 9/16/2018 8:19:25 PM   :::   20:19:25.1952241

::::::::::: End Request called at 9/16/2018 8:19:25 PM   :::   20:19:25.1962252

::::::::::: PostResolveRequestCache Request called at 9/16/2018 8:19:25 PM   :::   20:19:25.1982262

::::::::::: AcquireRequestState Request called at 9/16/2018 8:19:25 PM   :::   20:19:25.1992273

::::::::::: PostAcquireRequestState Request called at 9/16/2018 8:19:25 PM   :::   20:19:25.2012283

::::::::::: PreRequestHandlerExecute Request called at 9/16/2018 8:19:25 PM   :::   20:19:25.2022290

::::::::::: PostRequestHandlerExecute Request called at 9/16/2018 8:19:25 PM   :::   20:19:25.2052320

::::::::::: ReleaseRequestState Request called at 9/16/2018 8:19:25 PM   :::   20:19:25.2072330

::::::::::: PostReleaseRequestState Request called at 9/16/2018 8:19:25 PM   :::   20:19:25.2132376

::::::::::: UpdateRequestCache Request called at 9/16/2018 8:19:25 PM   :::   20:19:25.2142384

::::::::::: EndRequest Request called at 9/16/2018 8:19:25 PM   :::   20:19:25.2162390

::::::::::: PreSendRequestContent Request called at 9/16/2018 8:19:25 PM   :::   20:19:25.2192411

::::::::::: PreSendRequestHeaders Request called at 9/16/2018 8:19:25 PM   :::   20:19:25.2212425

::::::::::: BeginRequest Request called at 9/16/2018 8:19:25 PM   :::   20:19:25.2462603

::::::::::: AuthenticateRequest Request called at 9/16/2018 8:19:25 PM   :::   20:19:25.2472614

::::::::::: PostAuthenticateRequest Request called at 9/16/2018 8:19:25 PM   :::   20:19:25.2492656

::::::::::: AuthorizeRequest Request called at 9/16/2018 8:19:25 PM   :::   20:19:25.2607744

::::::::::: PostAuthorizeRequest Request called at 9/16/2018 8:19:25 PM   :::   20:19:25.2632764

::::::::::: End Request called at 9/16/2018 8:19:25 PM   :::   20:19:25.2647772

::::::::::: PostResolveRequestCache Request called at 9/16/2018 8:19:25 PM   :::   20:19:25.2667786

::::::::::: AcquireRequestState Request called at 9/16/2018 8:19:25 PM   :::   20:19:25.2682791

::::::::::: PostAcquireRequestState Request called at 9/16/2018 8:19:25 PM   :::   20:19:25.2697800

::::::::::: PreRequestHandlerExecute Request called at 9/16/2018 8:19:25 PM   :::   20:19:25.2742838

::::::::::: PreSendRequestContent Request called at 9/16/2018 8:19:35 PM   :::   20:19:35.4639077

::::::::::: PreSendRequestHeaders Request called at 9/16/2018 8:19:35 PM   :::   20:19:35.4649238

::::::::::: PostRequestHandlerExecute Request called at 9/16/2018 8:19:35 PM   :::   20:19:35.4719129

::::::::::: ReleaseRequestState Request called at 9/16/2018 8:19:35 PM   :::   20:19:35.4749139

::::::::::: PostReleaseRequestState Request called at 9/16/2018 8:19:35 PM   :::   20:19:35.4779164

::::::::::: UpdateRequestCache Request called at 9/16/2018 8:19:35 PM   :::   20:19:35.4799174

::::::::::: EndRequest Request called at 9/16/2018 8:19:35 PM   :::   20:19:35.4809197

::::::::::: PreSendRequestContent Request called at 9/16/2018 8:19:35 PM   :::   20:19:35.4829192

::::::::::: BeginRequest Request called at 9/16/2018 8:21:09 PM   :::   20:21:09.2593071

::::::::::: AuthenticateRequest Request called at 9/16/2018 8:21:09 PM   :::   20:21:09.2608079

::::::::::: PostAuthenticateRequest Request called at 9/16/2018 8:21:09 PM   :::   20:21:09.2623100

::::::::::: AuthorizeRequest Request called at 9/16/2018 8:21:09 PM   :::   20:21:09.2643110

::::::::::: PostAuthorizeRequest Request called at 9/16/2018 8:21:09 PM   :::   20:21:09.2663120

::::::::::: End Request called at 9/16/2018 8:21:09 PM   :::   20:21:09.2693209

::::::::::: PostResolveRequestCache Request called at 9/16/2018 8:21:09 PM   :::   20:21:09.2718158

::::::::::: AcquireRequestState Request called at 9/16/2018 8:21:09 PM   :::   20:21:09.2738172

::::::::::: PostAcquireRequestState Request called at 9/16/2018 8:21:09 PM   :::   20:21:09.2753180

::::::::::: PreRequestHandlerExecute Request called at 9/16/2018 8:21:09 PM   :::   20:21:09.2768189

::::::::::: PostRequestHandlerExecute Request called at 9/16/2018 8:21:09 PM   :::   20:21:09.2798214

::::::::::: ReleaseRequestState Request called at 9/16/2018 8:21:09 PM   :::   20:21:09.2808225

::::::::::: PostReleaseRequestState Request called at 9/16/2018 8:21:09 PM   :::   20:21:09.2823230

::::::::::: UpdateRequestCache Request called at 9/16/2018 8:21:09 PM   :::   20:21:09.2838247

::::::::::: EndRequest Request called at 9/16/2018 8:21:09 PM   :::   20:21:09.2873270

::::::::::: PreSendRequestContent Request called at 9/16/2018 8:21:09 PM   :::   20:21:09.2888274

::::::::::: PreSendRequestHeaders Request called at 9/16/2018 8:21:09 PM   :::   20:21:09.2903291

::::::::::: BeginRequest Request called at 9/16/2018 8:21:09 PM   :::   20:21:09.8602654

::::::::::: AuthenticateRequest Request called at 9/16/2018 8:21:09 PM   :::   20:21:09.8622668

::::::::::: PostAuthenticateRequest Request called at 9/16/2018 8:21:09 PM   :::   20:21:09.8642686

::::::::::: AuthorizeRequest Request called at 9/16/2018 8:21:09 PM   :::   20:21:09.8702784

::::::::::: PostAuthorizeRequest Request called at 9/16/2018 8:21:09 PM   :::   20:21:09.8717789

::::::::::: End Request called at 9/16/2018 8:21:09 PM   :::   20:21:09.8737803

::::::::::: PostResolveRequestCache Request called at 9/16/2018 8:21:09 PM   :::   20:21:09.8757817

::::::::::: AcquireRequestState Request called at 9/16/2018 8:21:09 PM   :::   20:21:09.8787835

::::::::::: PostAcquireRequestState Request called at 9/16/2018 8:21:09 PM   :::   20:21:09.8862925

::::::::::: PreRequestHandlerExecute Request called at 9/16/2018 8:21:09 PM   :::   20:21:09.8872933

::::::::::: PreSendRequestContent Request called at 9/16/2018 8:21:22 PM   :::   20:21:22.4472781

::::::::::: PreSendRequestHeaders Request called at 9/16/2018 8:21:22 PM   :::   20:21:22.4472781

::::::::::: PostRequestHandlerExecute Request called at 9/16/2018 8:21:22 PM   :::   20:21:22.4472781

::::::::::: ReleaseRequestState Request called at 9/16/2018 8:21:22 PM   :::   20:21:22.4594875

::::::::::: PostReleaseRequestState Request called at 9/16/2018 8:21:22 PM   :::   20:21:22.4614874

::::::::::: UpdateRequestCache Request called at 9/16/2018 8:21:22 PM   :::   20:21:22.4626113

::::::::::: EndRequest Request called at 9/16/2018 8:21:22 PM   :::   20:21:22.4626113

::::::::::: PreSendRequestContent Request called at 9/16/2018 8:21:22 PM   :::   20:21:22.4626113

::::::::::: BeginRequest Request called at 9/16/2018 9:09:40 PM   :::   21:09:40.4681632

::::::::::: AuthenticateRequest Request called at 9/16/2018 9:09:40 PM   :::   21:09:40.4696641

::::::::::: PostAuthenticateRequest Request called at 9/16/2018 9:09:40 PM   :::   21:09:40.4726666

::::::::::: AuthorizeRequest Request called at 9/16/2018 9:09:40 PM   :::   21:09:40.4741675

::::::::::: PostAuthorizeRequest Request called at 9/16/2018 9:09:40 PM   :::   21:09:40.4761693

::::::::::: End Request called at 9/16/2018 9:09:40 PM   :::   21:09:40.4776698

::::::::::: PostResolveRequestCache Request called at 9/16/2018 9:09:40 PM   :::   21:09:40.4821775

::::::::::: AcquireRequestState Request called at 9/16/2018 9:09:40 PM   :::   21:09:40.4846743

::::::::::: PostAcquireRequestState Request called at 9/16/2018 9:09:40 PM   :::   21:09:40.4861768

::::::::::: PreRequestHandlerExecute Request called at 9/16/2018 9:09:40 PM   :::   21:09:40.4876769

::::::::::: PostRequestHandlerExecute Request called at 9/16/2018 9:09:40 PM   :::   21:09:40.4901788

::::::::::: ReleaseRequestState Request called at 9/16/2018 9:09:40 PM   :::   21:09:40.4916793

::::::::::: PostReleaseRequestState Request called at 9/16/2018 9:09:40 PM   :::   21:09:40.5046897

::::::::::: UpdateRequestCache Request called at 9/16/2018 9:09:40 PM   :::   21:09:40.5066904

::::::::::: EndRequest Request called at 9/16/2018 9:09:40 PM   :::   21:09:40.5086918

::::::::::: PreSendRequestContent Request called at 9/16/2018 9:09:40 PM   :::   21:09:40.5101931

::::::::::: PreSendRequestHeaders Request called at 9/16/2018 9:09:40 PM   :::   21:09:40.5121945

::::::::::: BeginRequest Request called at 9/16/2018 9:09:40 PM   :::   21:09:40.5412155

::::::::::: AuthenticateRequest Request called at 9/16/2018 9:09:40 PM   :::   21:09:40.5437171

::::::::::: PostAuthenticateRequest Request called at 9/16/2018 9:09:40 PM   :::   21:09:40.5452176

::::::::::: AuthorizeRequest Request called at 9/16/2018 9:09:40 PM   :::   21:09:40.5497209

::::::::::: PostAuthorizeRequest Request called at 9/16/2018 9:09:40 PM   :::   21:09:40.5517224

::::::::::: End Request called at 9/16/2018 9:09:40 PM   :::   21:09:40.5537238

::::::::::: PostResolveRequestCache Request called at 9/16/2018 9:09:40 PM   :::   21:09:40.5552258

::::::::::: AcquireRequestState Request called at 9/16/2018 9:09:40 PM   :::   21:09:40.5567259

::::::::::: PostAcquireRequestState Request called at 9/16/2018 9:09:40 PM   :::   21:09:40.5662329

::::::::::: PreRequestHandlerExecute Request called at 9/16/2018 9:09:40 PM   :::   21:09:40.5677337

::::::::::: PreSendRequestContent Request called at 9/16/2018 9:09:47 PM   :::   21:09:47.3324822

::::::::::: PreSendRequestHeaders Request called at 9/16/2018 9:09:47 PM   :::   21:09:47.3334817

::::::::::: PostRequestHandlerExecute Request called at 9/16/2018 9:09:47 PM   :::   21:09:47.3464910

::::::::::: ReleaseRequestState Request called at 9/16/2018 9:09:47 PM   :::   21:09:47.3484916

::::::::::: PostReleaseRequestState Request called at 9/16/2018 9:09:47 PM   :::   21:09:47.3504954

::::::::::: UpdateRequestCache Request called at 9/16/2018 9:09:47 PM   :::   21:09:47.3524936

::::::::::: EndRequest Request called at 9/16/2018 9:09:47 PM   :::   21:09:47.3534951

::::::::::: PreSendRequestContent Request called at 9/16/2018 9:09:47 PM   :::   21:09:47.3554962

::::::::::: BeginRequest Request called at 9/16/2018 9:10:40 PM   :::   21:10:40.3676294

::::::::::: AuthenticateRequest Request called at 9/16/2018 9:10:40 PM   :::   21:10:40.3781371

::::::::::: PostAuthenticateRequest Request called at 9/16/2018 9:10:40 PM   :::   21:10:40.3976508

::::::::::: AuthorizeRequest Request called at 9/16/2018 9:10:40 PM   :::   21:10:40.4331758

::::::::::: PostAuthorizeRequest Request called at 9/16/2018 9:10:40 PM   :::   21:10:40.4767069

::::::::::: End Request called at 9/16/2018 9:10:40 PM   :::   21:10:40.4977223

::::::::::: PostResolveRequestCache Request called at 9/16/2018 9:10:40 PM   :::   21:10:40.5397517

::::::::::: AcquireRequestState Request called at 9/16/2018 9:10:40 PM   :::   21:10:40.5767776

::::::::::: PostAcquireRequestState Request called at 9/16/2018 9:10:40 PM   :::   21:10:40.6143061

::::::::::: PreRequestHandlerExecute Request called at 9/16/2018 9:10:40 PM   :::   21:10:40.6508314

::::::::::: PostRequestHandlerExecute Request called at 9/16/2018 9:10:40 PM   :::   21:10:40.6768491

::::::::::: ReleaseRequestState Request called at 9/16/2018 9:10:40 PM   :::   21:10:40.7088719

::::::::::: PostReleaseRequestState Request called at 9/16/2018 9:10:40 PM   :::   21:10:40.7423963

::::::::::: UpdateRequestCache Request called at 9/16/2018 9:10:40 PM   :::   21:10:40.7579071

::::::::::: EndRequest Request called at 9/16/2018 9:10:40 PM   :::   21:10:40.7744183

::::::::::: PreSendRequestContent Request called at 9/16/2018 9:10:40 PM   :::   21:10:40.7934326

::::::::::: PreSendRequestHeaders Request called at 9/16/2018 9:10:40 PM   :::   21:10:40.8404652

::::::::::: BeginRequest Request called at 9/16/2018 9:10:41 PM   :::   21:10:41.0210945

::::::::::: AuthenticateRequest Request called at 9/16/2018 9:10:41 PM   :::   21:10:41.0235957

::::::::::: PostAuthenticateRequest Request called at 9/16/2018 9:10:41 PM   :::   21:10:41.0250973

::::::::::: AuthorizeRequest Request called at 9/16/2018 9:10:41 PM   :::   21:10:41.0270984

::::::::::: PostAuthorizeRequest Request called at 9/16/2018 9:10:41 PM   :::   21:10:41.0285992

::::::::::: End Request called at 9/16/2018 9:10:41 PM   :::   21:10:41.0301001

::::::::::: PostResolveRequestCache Request called at 9/16/2018 9:10:41 PM   :::   21:10:41.0321023

::::::::::: AcquireRequestState Request called at 9/16/2018 9:10:41 PM   :::   21:10:41.0816369

::::::::::: PostAcquireRequestState Request called at 9/16/2018 9:10:41 PM   :::   21:10:41.1011510

::::::::::: PreRequestHandlerExecute Request called at 9/16/2018 9:10:41 PM   :::   21:10:41.1191638

::::::::::: PreSendRequestContent Request called at 9/16/2018 9:10:49 PM   :::   21:10:49.1371418

::::::::::: PreSendRequestHeaders Request called at 9/16/2018 9:10:49 PM   :::   21:10:49.1381414

::::::::::: PostRequestHandlerExecute Request called at 9/16/2018 9:10:49 PM   :::   21:10:49.1451479

::::::::::: ReleaseRequestState Request called at 9/16/2018 9:10:49 PM   :::   21:10:49.1481500

::::::::::: PostReleaseRequestState Request called at 9/16/2018 9:10:49 PM   :::   21:10:49.1511514

::::::::::: UpdateRequestCache Request called at 9/16/2018 9:10:49 PM   :::   21:10:49.1531528

::::::::::: EndRequest Request called at 9/16/2018 9:10:49 PM   :::   21:10:49.1541531

::::::::::: PreSendRequestContent Request called at 9/16/2018 9:10:49 PM   :::   21:10:49.1561546

::::::::::: BeginRequest Request called at 9/16/2018 9:15:20 PM   :::   21:15:20.1556868

::::::::::: AuthenticateRequest Request called at 9/16/2018 9:15:20 PM   :::   21:15:20.1576882

::::::::::: PostAuthenticateRequest Request called at 9/16/2018 9:15:20 PM   :::   21:15:20.1606915

::::::::::: AuthorizeRequest Request called at 9/16/2018 9:15:20 PM   :::   21:15:20.1626913

::::::::::: PostAuthorizeRequest Request called at 9/16/2018 9:15:20 PM   :::   21:15:20.1686956

::::::::::: End Request called at 9/16/2018 9:15:20 PM   :::   21:15:20.1696967

::::::::::: PostResolveRequestCache Request called at 9/16/2018 9:15:20 PM   :::   21:15:20.1726988

::::::::::: AcquireRequestState Request called at 9/16/2018 9:15:20 PM   :::   21:15:20.1736996

::::::::::: PostAcquireRequestState Request called at 9/16/2018 9:15:20 PM   :::   21:15:20.1757006

::::::::::: PreRequestHandlerExecute Request called at 9/16/2018 9:15:20 PM   :::   21:15:20.1777016

::::::::::: PostRequestHandlerExecute Request called at 9/16/2018 9:15:20 PM   :::   21:15:20.1797046

::::::::::: ReleaseRequestState Request called at 9/16/2018 9:15:20 PM   :::   21:15:20.1837059

::::::::::: PostReleaseRequestState Request called at 9/16/2018 9:15:20 PM   :::   21:15:20.1857085

::::::::::: UpdateRequestCache Request called at 9/16/2018 9:15:20 PM   :::   21:15:20.1867092

::::::::::: EndRequest Request called at 9/16/2018 9:15:20 PM   :::   21:15:20.1887102

::::::::::: PreSendRequestContent Request called at 9/16/2018 9:15:20 PM   :::   21:15:20.1907116

::::::::::: PreSendRequestHeaders Request called at 9/16/2018 9:15:20 PM   :::   21:15:20.1917128

::::::::::: BeginRequest Request called at 9/16/2018 9:15:20 PM   :::   21:15:20.2257365

::::::::::: AuthenticateRequest Request called at 9/16/2018 9:15:20 PM   :::   21:15:20.2307567

::::::::::: PostAuthenticateRequest Request called at 9/16/2018 9:15:20 PM   :::   21:15:20.2332571

::::::::::: AuthorizeRequest Request called at 9/16/2018 9:15:20 PM   :::   21:15:20.2347579

::::::::::: PostAuthorizeRequest Request called at 9/16/2018 9:15:20 PM   :::   21:15:20.2367633

::::::::::: End Request called at 9/16/2018 9:15:20 PM   :::   21:15:20.2392609

::::::::::: PostResolveRequestCache Request called at 9/16/2018 9:15:20 PM   :::   21:15:20.2412627

::::::::::: AcquireRequestState Request called at 9/16/2018 9:15:20 PM   :::   21:15:20.2427636

::::::::::: PostAcquireRequestState Request called at 9/16/2018 9:15:20 PM   :::   21:15:20.2442649

::::::::::: PreRequestHandlerExecute Request called at 9/16/2018 9:15:20 PM   :::   21:15:20.2457654

::::::::::: PreSendRequestContent Request called at 9/16/2018 9:15:24 PM   :::   21:15:24.6029722

::::::::::: PreSendRequestHeaders Request called at 9/16/2018 9:15:24 PM   :::   21:15:24.6039879

::::::::::: PostRequestHandlerExecute Request called at 9/16/2018 9:15:24 PM   :::   21:15:24.6119786

::::::::::: ReleaseRequestState Request called at 9/16/2018 9:15:24 PM   :::   21:15:24.6139800

::::::::::: PostReleaseRequestState Request called at 9/16/2018 9:15:24 PM   :::   21:15:24.6149831

::::::::::: UpdateRequestCache Request called at 9/16/2018 9:15:24 PM   :::   21:15:24.6159834

::::::::::: EndRequest Request called at 9/16/2018 9:15:24 PM   :::   21:15:24.6169818

::::::::::: PreSendRequestContent Request called at 9/16/2018 9:15:24 PM   :::   21:15:24.6179833

::::::::::: BeginRequest Request called at 9/16/2018 9:15:25 PM   :::   21:15:25.7188964

::::::::::: AuthenticateRequest Request called at 9/16/2018 9:15:25 PM   :::   21:15:25.7218985

::::::::::: PostAuthenticateRequest Request called at 9/16/2018 9:15:25 PM   :::   21:15:25.7319064

::::::::::: AuthorizeRequest Request called at 9/16/2018 9:15:25 PM   :::   21:15:25.7374097

::::::::::: PostAuthorizeRequest Request called at 9/16/2018 9:15:25 PM   :::   21:15:25.7449152

::::::::::: End Request called at 9/16/2018 9:15:25 PM   :::   21:15:25.7464161

::::::::::: PostResolveRequestCache Request called at 9/16/2018 9:15:25 PM   :::   21:15:25.7484175

::::::::::: AcquireRequestState Request called at 9/16/2018 9:15:25 PM   :::   21:15:25.7499188

::::::::::: PostAcquireRequestState Request called at 9/16/2018 9:15:25 PM   :::   21:15:25.7514197

::::::::::: PreRequestHandlerExecute Request called at 9/16/2018 9:15:25 PM   :::   21:15:25.7529205

::::::::::: PostRequestHandlerExecute Request called at 9/16/2018 9:15:25 PM   :::   21:15:25.7554229

::::::::::: ReleaseRequestState Request called at 9/16/2018 9:15:25 PM   :::   21:15:25.7569238

::::::::::: PostReleaseRequestState Request called at 9/16/2018 9:15:25 PM   :::   21:15:25.7634290

::::::::::: UpdateRequestCache Request called at 9/16/2018 9:15:25 PM   :::   21:15:25.7649299

::::::::::: EndRequest Request called at 9/16/2018 9:15:25 PM   :::   21:15:25.7719340

::::::::::: PreSendRequestContent Request called at 9/16/2018 9:15:25 PM   :::   21:15:25.7839430

::::::::::: PreSendRequestHeaders Request called at 9/16/2018 9:15:25 PM   :::   21:15:25.7874457

::::::::::: BeginRequest Request called at 9/16/2018 9:15:26 PM   :::   21:15:26.0396284

::::::::::: AuthenticateRequest Request called at 9/16/2018 9:15:26 PM   :::   21:15:26.0456330

::::::::::: PostAuthenticateRequest Request called at 9/16/2018 9:15:26 PM   :::   21:15:26.0486348

::::::::::: AuthorizeRequest Request called at 9/16/2018 9:15:26 PM   :::   21:15:26.0506358

::::::::::: PostAuthorizeRequest Request called at 9/16/2018 9:15:26 PM   :::   21:15:26.0526372

::::::::::: End Request called at 9/16/2018 9:15:26 PM   :::   21:15:26.0536379

::::::::::: PostResolveRequestCache Request called at 9/16/2018 9:15:26 PM   :::   21:15:26.0571461

::::::::::: AcquireRequestState Request called at 9/16/2018 9:15:26 PM   :::   21:15:26.0651510

::::::::::: PostAcquireRequestState Request called at 9/16/2018 9:15:26 PM   :::   21:15:26.0666511

::::::::::: PreRequestHandlerExecute Request called at 9/16/2018 9:15:26 PM   :::   21:15:26.0681524

::::::::::: PreSendRequestContent Request called at 9/16/2018 9:15:30 PM   :::   21:15:30.4262980

::::::::::: PreSendRequestHeaders Request called at 9/16/2018 9:15:30 PM   :::   21:15:30.4272979

::::::::::: PostRequestHandlerExecute Request called at 9/16/2018 9:15:30 PM   :::   21:15:30.4353036

::::::::::: ReleaseRequestState Request called at 9/16/2018 9:15:30 PM   :::   21:15:30.4373058

::::::::::: PostReleaseRequestState Request called at 9/16/2018 9:15:30 PM   :::   21:15:30.4393072

::::::::::: UpdateRequestCache Request called at 9/16/2018 9:15:30 PM   :::   21:15:30.4403067

::::::::::: EndRequest Request called at 9/16/2018 9:15:30 PM   :::   21:15:30.4413082

::::::::::: PreSendRequestContent Request called at 9/16/2018 9:15:30 PM   :::   21:15:30.4433093

::::::::::: BeginRequest Request called at 9/16/2018 9:15:35 PM   :::   21:15:35.8508793

::::::::::: AuthenticateRequest Request called at 9/16/2018 9:15:35 PM   :::   21:15:35.8528811

::::::::::: PostAuthenticateRequest Request called at 9/16/2018 9:15:35 PM   :::   21:15:35.8558824

::::::::::: AuthorizeRequest Request called at 9/16/2018 9:15:35 PM   :::   21:15:35.8618875

::::::::::: PostAuthorizeRequest Request called at 9/16/2018 9:15:35 PM   :::   21:15:35.8638877

::::::::::: End Request called at 9/16/2018 9:15:35 PM   :::   21:15:35.8698924

::::::::::: PostResolveRequestCache Request called at 9/16/2018 9:15:35 PM   :::   21:15:35.8708927

::::::::::: AcquireRequestState Request called at 9/16/2018 9:15:35 PM   :::   21:15:35.8728949

::::::::::: PostAcquireRequestState Request called at 9/16/2018 9:15:35 PM   :::   21:15:35.8738956

::::::::::: PreRequestHandlerExecute Request called at 9/16/2018 9:15:35 PM   :::   21:15:35.8758967

::::::::::: PostRequestHandlerExecute Request called at 9/16/2018 9:15:35 PM   :::   21:15:35.8788996

::::::::::: ReleaseRequestState Request called at 9/16/2018 9:15:35 PM   :::   21:15:35.8798995

::::::::::: PostReleaseRequestState Request called at 9/16/2018 9:15:35 PM   :::   21:15:35.8844065

::::::::::: UpdateRequestCache Request called at 9/16/2018 9:15:35 PM   :::   21:15:35.8859081

::::::::::: EndRequest Request called at 9/16/2018 9:15:35 PM   :::   21:15:35.8874094

::::::::::: PreSendRequestContent Request called at 9/16/2018 9:15:35 PM   :::   21:15:35.8894100

::::::::::: PreSendRequestHeaders Request called at 9/16/2018 9:15:35 PM   :::   21:15:35.8909113

::::::::::: BeginRequest Request called at 9/16/2018 9:15:39 PM   :::   21:15:39.7213332

::::::::::: AuthenticateRequest Request called at 9/16/2018 9:15:39 PM   :::   21:15:39.7233338

::::::::::: PostAuthenticateRequest Request called at 9/16/2018 9:15:39 PM   :::   21:15:39.7253357

::::::::::: AuthorizeRequest Request called at 9/16/2018 9:15:39 PM   :::   21:15:39.7273398

::::::::::: PostAuthorizeRequest Request called at 9/16/2018 9:15:39 PM   :::   21:15:39.7318428

::::::::::: End Request called at 9/16/2018 9:15:39 PM   :::   21:15:39.7333441

::::::::::: PostResolveRequestCache Request called at 9/16/2018 9:15:39 PM   :::   21:15:39.7353459

::::::::::: AcquireRequestState Request called at 9/16/2018 9:15:39 PM   :::   21:15:39.7368468

::::::::::: PostAcquireRequestState Request called at 9/16/2018 9:15:39 PM   :::   21:15:39.7383481

::::::::::: PreRequestHandlerExecute Request called at 9/16/2018 9:15:39 PM   :::   21:15:39.7413506

::::::::::: PreSendRequestContent Request called at 9/16/2018 9:15:45 PM   :::   21:15:45.5271341

::::::::::: PreSendRequestHeaders Request called at 9/16/2018 9:15:45 PM   :::   21:15:45.5281336

::::::::::: PostRequestHandlerExecute Request called at 9/16/2018 9:15:45 PM   :::   21:15:45.5351394

::::::::::: ReleaseRequestState Request called at 9/16/2018 9:15:45 PM   :::   21:15:45.5381415

::::::::::: PostReleaseRequestState Request called at 9/16/2018 9:15:45 PM   :::   21:15:45.5421444

::::::::::: UpdateRequestCache Request called at 9/16/2018 9:15:45 PM   :::   21:15:45.5431451

::::::::::: EndRequest Request called at 9/16/2018 9:15:45 PM   :::   21:15:45.5451461

::::::::::: PreSendRequestContent Request called at 9/16/2018 9:15:45 PM   :::   21:15:45.5471475

::::::::::: BeginRequest Request called at 9/16/2018 9:19:46 PM   :::   21:19:46.7015847

::::::::::: AuthenticateRequest Request called at 9/16/2018 9:19:46 PM   :::   21:19:46.7235995

::::::::::: PostAuthenticateRequest Request called at 9/16/2018 9:19:46 PM   :::   21:19:46.7621271

::::::::::: AuthorizeRequest Request called at 9/16/2018 9:19:46 PM   :::   21:19:46.7636276

::::::::::: PostAuthorizeRequest Request called at 9/16/2018 9:19:46 PM   :::   21:19:46.8101612

::::::::::: End Request called at 9/16/2018 9:19:46 PM   :::   21:19:46.8396816

::::::::::: PostResolveRequestCache Request called at 9/16/2018 9:19:46 PM   :::   21:19:46.8426841

::::::::::: AcquireRequestState Request called at 9/16/2018 9:19:46 PM   :::   21:19:46.9077303

::::::::::: PostAcquireRequestState Request called at 9/16/2018 9:19:46 PM   :::   21:19:46.9312472

::::::::::: PreRequestHandlerExecute Request called at 9/16/2018 9:19:46 PM   :::   21:19:46.9497610

::::::::::: PostRequestHandlerExecute Request called at 9/16/2018 9:19:46 PM   :::   21:19:46.9522622

::::::::::: ReleaseRequestState Request called at 9/16/2018 9:19:46 PM   :::   21:19:46.9607680

::::::::::: PostReleaseRequestState Request called at 9/16/2018 9:19:46 PM   :::   21:19:46.9972945

::::::::::: UpdateRequestCache Request called at 9/16/2018 9:19:47 PM   :::   21:19:47.0203113

::::::::::: EndRequest Request called at 9/16/2018 9:19:47 PM   :::   21:19:47.0228133

::::::::::: PreSendRequestContent Request called at 9/16/2018 9:19:47 PM   :::   21:19:47.0253141

::::::::::: PreSendRequestHeaders Request called at 9/16/2018 9:19:47 PM   :::   21:19:47.0273151

::::::::::: BeginRequest Request called at 9/16/2018 9:19:47 PM   :::   21:19:47.2089439

::::::::::: AuthenticateRequest Request called at 9/16/2018 9:19:47 PM   :::   21:19:47.2384651

::::::::::: PostAuthenticateRequest Request called at 9/16/2018 9:19:47 PM   :::   21:19:47.2724893

::::::::::: AuthorizeRequest Request called at 9/16/2018 9:19:47 PM   :::   21:19:47.2739905

::::::::::: PostAuthorizeRequest Request called at 9/16/2018 9:19:47 PM   :::   21:19:47.2754918

::::::::::: End Request called at 9/16/2018 9:19:47 PM   :::   21:19:47.2774928

::::::::::: PostResolveRequestCache Request called at 9/16/2018 9:19:47 PM   :::   21:19:47.2789941

::::::::::: AcquireRequestState Request called at 9/16/2018 9:19:47 PM   :::   21:19:47.2975078

::::::::::: PostAcquireRequestState Request called at 9/16/2018 9:19:47 PM   :::   21:19:47.3405392

::::::::::: PreRequestHandlerExecute Request called at 9/16/2018 9:19:47 PM   :::   21:19:47.3420389

::::::::::: PreSendRequestContent Request called at 9/16/2018 9:19:52 PM   :::   21:19:52.8541905

::::::::::: PreSendRequestHeaders Request called at 9/16/2018 9:19:52 PM   :::   21:19:52.8555343

::::::::::: PostRequestHandlerExecute Request called at 9/16/2018 9:19:52 PM   :::   21:19:52.8640101

::::::::::: ReleaseRequestState Request called at 9/16/2018 9:19:52 PM   :::   21:19:52.8660115

::::::::::: PostReleaseRequestState Request called at 9/16/2018 9:19:52 PM   :::   21:19:52.8680126

::::::::::: UpdateRequestCache Request called at 9/16/2018 9:19:52 PM   :::   21:19:52.8700140

::::::::::: EndRequest Request called at 9/16/2018 9:19:52 PM   :::   21:19:52.8720154

::::::::::: PreSendRequestContent Request called at 9/16/2018 9:19:52 PM   :::   21:19:52.8730161

::::::::::: BeginRequest Request called at 9/16/2018 10:14:11 PM   :::   22:14:11.6547632

::::::::::: AuthenticateRequest Request called at 9/16/2018 10:14:11 PM   :::   22:14:11.6577654

::::::::::: PostAuthenticateRequest Request called at 9/16/2018 10:14:11 PM   :::   22:14:11.6667710

::::::::::: AuthorizeRequest Request called at 9/16/2018 10:14:11 PM   :::   22:14:11.6697731

::::::::::: PostAuthorizeRequest Request called at 9/16/2018 10:14:11 PM   :::   22:14:11.6717749

::::::::::: End Request called at 9/16/2018 10:14:11 PM   :::   22:14:11.6747771

::::::::::: PostResolveRequestCache Request called at 9/16/2018 10:14:11 PM   :::   22:14:11.6777788

::::::::::: AcquireRequestState Request called at 9/16/2018 10:14:11 PM   :::   22:14:11.6817816

::::::::::: PostAcquireRequestState Request called at 9/16/2018 10:14:11 PM   :::   22:14:11.6847842

::::::::::: PreRequestHandlerExecute Request called at 9/16/2018 10:14:11 PM   :::   22:14:11.6867852

::::::::::: PostRequestHandlerExecute Request called at 9/16/2018 10:14:11 PM   :::   22:14:11.6897869

::::::::::: ReleaseRequestState Request called at 9/16/2018 10:14:11 PM   :::   22:14:11.6917895

::::::::::: PostReleaseRequestState Request called at 9/16/2018 10:14:11 PM   :::   22:14:11.6947909

::::::::::: UpdateRequestCache Request called at 9/16/2018 10:14:11 PM   :::   22:14:11.6997948

::::::::::: EndRequest Request called at 9/16/2018 10:14:11 PM   :::   22:14:11.7057983

::::::::::: PreSendRequestContent Request called at 9/16/2018 10:14:11 PM   :::   22:14:11.7078001

::::::::::: PreSendRequestHeaders Request called at 9/16/2018 10:14:11 PM   :::   22:14:11.7098015

::::::::::: BeginRequest Request called at 9/16/2018 10:14:12 PM   :::   22:14:12.2917278

::::::::::: AuthenticateRequest Request called at 9/16/2018 10:14:12 PM   :::   22:14:12.2942290

::::::::::: PostAuthenticateRequest Request called at 9/16/2018 10:14:12 PM   :::   22:14:12.2992321

::::::::::: AuthorizeRequest Request called at 9/16/2018 10:14:12 PM   :::   22:14:12.3027348

::::::::::: PostAuthorizeRequest Request called at 9/16/2018 10:14:12 PM   :::   22:14:12.3047362

::::::::::: End Request called at 9/16/2018 10:14:12 PM   :::   22:14:12.3102407

::::::::::: PostResolveRequestCache Request called at 9/16/2018 10:14:12 PM   :::   22:14:12.3187466

::::::::::: AcquireRequestState Request called at 9/16/2018 10:14:12 PM   :::   22:14:12.3217487

::::::::::: PostAcquireRequestState Request called at 9/16/2018 10:14:12 PM   :::   22:14:12.3237498

::::::::::: PreRequestHandlerExecute Request called at 9/16/2018 10:14:12 PM   :::   22:14:12.3267523

::::::::::: BeginRequest Request called at 9/16/2018 10:14:20 PM   :::   22:14:20.4052972

::::::::::: AuthenticateRequest Request called at 9/16/2018 10:14:20 PM   :::   22:14:20.4073054

::::::::::: PostAuthenticateRequest Request called at 9/16/2018 10:14:20 PM   :::   22:14:20.4103075

::::::::::: AuthorizeRequest Request called at 9/16/2018 10:14:20 PM   :::   22:14:20.4163130

::::::::::: PostAuthorizeRequest Request called at 9/16/2018 10:14:20 PM   :::   22:14:20.4183124

::::::::::: End Request called at 9/16/2018 10:14:20 PM   :::   22:14:20.4193131

::::::::::: PostResolveRequestCache Request called at 9/16/2018 10:14:20 PM   :::   22:14:20.4213145

::::::::::: AcquireRequestState Request called at 9/16/2018 10:14:20 PM   :::   22:14:20.4223164

::::::::::: PostAcquireRequestState Request called at 9/16/2018 10:14:20 PM   :::   22:14:20.4233179

::::::::::: PreRequestHandlerExecute Request called at 9/16/2018 10:14:20 PM   :::   22:14:20.4243163

::::::::::: PostRequestHandlerExecute Request called at 9/16/2018 10:14:20 PM   :::   22:14:20.4263181

::::::::::: ReleaseRequestState Request called at 9/16/2018 10:14:20 PM   :::   22:14:20.4283195

::::::::::: PostReleaseRequestState Request called at 9/16/2018 10:14:20 PM   :::   22:14:20.4323279

::::::::::: UpdateRequestCache Request called at 9/16/2018 10:14:20 PM   :::   22:14:20.4343246

::::::::::: EndRequest Request called at 9/16/2018 10:14:20 PM   :::   22:14:20.4363252

::::::::::: PreSendRequestContent Request called at 9/16/2018 10:14:20 PM   :::   22:14:20.4383270

::::::::::: PreSendRequestHeaders Request called at 9/16/2018 10:14:20 PM   :::   22:14:20.4403280

::::::::::: BeginRequest Request called at 9/16/2018 10:14:21 PM   :::   22:14:21.2529578

::::::::::: AuthenticateRequest Request called at 9/16/2018 10:14:21 PM   :::   22:14:21.2559604

::::::::::: PostAuthenticateRequest Request called at 9/16/2018 10:14:21 PM   :::   22:14:21.2579610

::::::::::: AuthorizeRequest Request called at 9/16/2018 10:14:21 PM   :::   22:14:21.2599636

::::::::::: PostAuthorizeRequest Request called at 9/16/2018 10:14:21 PM   :::   22:14:21.2619642

::::::::::: End Request called at 9/16/2018 10:14:21 PM   :::   22:14:21.2659766

::::::::::: PostResolveRequestCache Request called at 9/16/2018 10:14:21 PM   :::   22:14:21.2699703

::::::::::: AcquireRequestState Request called at 9/16/2018 10:14:21 PM   :::   22:14:21.2709706

::::::::::: PostAcquireRequestState Request called at 9/16/2018 10:14:21 PM   :::   22:14:21.2729728

::::::::::: PreRequestHandlerExecute Request called at 9/16/2018 10:14:21 PM   :::   22:14:21.2749759

::::::::::: PreSendRequestContent Request called at 9/16/2018 10:14:29 PM   :::   22:14:29.5428952

::::::::::: PreSendRequestHeaders Request called at 9/16/2018 10:14:29 PM   :::   22:14:29.5449057

::::::::::: PostRequestHandlerExecute Request called at 9/16/2018 10:14:29 PM   :::   22:14:29.5579066

::::::::::: ReleaseRequestState Request called at 9/16/2018 10:14:29 PM   :::   22:14:29.5599085

::::::::::: PostReleaseRequestState Request called at 9/16/2018 10:14:29 PM   :::   22:14:29.5639105

::::::::::: UpdateRequestCache Request called at 9/16/2018 10:14:29 PM   :::   22:14:29.5659131

::::::::::: EndRequest Request called at 9/16/2018 10:14:29 PM   :::   22:14:29.5679141

::::::::::: PreSendRequestContent Request called at 9/16/2018 10:14:29 PM   :::   22:14:29.5699156

::::::::::: PostRequestHandlerExecute Request called at 9/16/2018 10:14:47 PM   :::   22:14:47.5643905

::::::::::: ReleaseRequestState Request called at 9/16/2018 10:14:47 PM   :::   22:14:47.5663904

::::::::::: PostReleaseRequestState Request called at 9/16/2018 10:14:47 PM   :::   22:14:47.5673931

::::::::::: UpdateRequestCache Request called at 9/16/2018 10:14:47 PM   :::   22:14:47.5683922

::::::::::: EndRequest Request called at 9/16/2018 10:14:47 PM   :::   22:14:47.5703936

::::::::::: BeginRequest Request called at 9/16/2018 10:21:27 PM   :::   22:21:27.6561500

::::::::::: AuthenticateRequest Request called at 9/16/2018 10:21:27 PM   :::   22:21:27.6586516

::::::::::: PostAuthenticateRequest Request called at 9/16/2018 10:21:27 PM   :::   22:21:27.6616537

::::::::::: AuthorizeRequest Request called at 9/16/2018 10:21:27 PM   :::   22:21:27.6631550

::::::::::: PostAuthorizeRequest Request called at 9/16/2018 10:21:27 PM   :::   22:21:27.6646563

::::::::::: End Request called at 9/16/2018 10:21:27 PM   :::   22:21:27.6661575

::::::::::: PostResolveRequestCache Request called at 9/16/2018 10:21:27 PM   :::   22:21:27.6686587

::::::::::: AcquireRequestState Request called at 9/16/2018 10:21:27 PM   :::   22:21:27.6701600

::::::::::: PostAcquireRequestState Request called at 9/16/2018 10:21:27 PM   :::   22:21:27.6731621

::::::::::: PreRequestHandlerExecute Request called at 9/16/2018 10:21:27 PM   :::   22:21:27.6751651

::::::::::: PostRequestHandlerExecute Request called at 9/16/2018 10:21:27 PM   :::   22:21:27.6791660

::::::::::: ReleaseRequestState Request called at 9/16/2018 10:21:27 PM   :::   22:21:27.6811678

::::::::::: PostReleaseRequestState Request called at 9/16/2018 10:21:27 PM   :::   22:21:27.6846701

::::::::::: UpdateRequestCache Request called at 9/16/2018 10:21:27 PM   :::   22:21:27.6866719

::::::::::: EndRequest Request called at 9/16/2018 10:21:27 PM   :::   22:21:27.6901746

::::::::::: PreSendRequestContent Request called at 9/16/2018 10:21:27 PM   :::   22:21:27.6936792

::::::::::: PreSendRequestHeaders Request called at 9/16/2018 10:21:27 PM   :::   22:21:27.6996803

::::::::::: BeginRequest Request called at 9/16/2018 10:21:27 PM   :::   22:21:27.7467142

::::::::::: AuthenticateRequest Request called at 9/16/2018 10:21:27 PM   :::   22:21:27.7487160

::::::::::: PostAuthenticateRequest Request called at 9/16/2018 10:21:27 PM   :::   22:21:27.7502164

::::::::::: AuthorizeRequest Request called at 9/16/2018 10:21:27 PM   :::   22:21:27.7517177

::::::::::: PostAuthorizeRequest Request called at 9/16/2018 10:21:27 PM   :::   22:21:27.7532186

::::::::::: End Request called at 9/16/2018 10:21:27 PM   :::   22:21:27.7557202

::::::::::: PostResolveRequestCache Request called at 9/16/2018 10:21:27 PM   :::   22:21:27.7582221

::::::::::: AcquireRequestState Request called at 9/16/2018 10:21:27 PM   :::   22:21:27.7617252

::::::::::: PostAcquireRequestState Request called at 9/16/2018 10:21:27 PM   :::   22:21:27.7627263

::::::::::: PreRequestHandlerExecute Request called at 9/16/2018 10:21:27 PM   :::   22:21:27.7642268

::::::::::: PreSendRequestContent Request called at 9/16/2018 10:21:35 PM   :::   22:21:35.8429932

::::::::::: PreSendRequestHeaders Request called at 9/16/2018 10:21:35 PM   :::   22:21:35.8440093

::::::::::: PostRequestHandlerExecute Request called at 9/16/2018 10:21:35 PM   :::   22:21:35.8545071

::::::::::: ReleaseRequestState Request called at 9/16/2018 10:21:35 PM   :::   22:21:35.8595111

::::::::::: PostReleaseRequestState Request called at 9/16/2018 10:21:35 PM   :::   22:21:35.8615121

::::::::::: UpdateRequestCache Request called at 9/16/2018 10:21:35 PM   :::   22:21:35.8628886

::::::::::: EndRequest Request called at 9/16/2018 10:21:35 PM   :::   22:21:35.8648892

::::::::::: PreSendRequestContent Request called at 9/16/2018 10:21:35 PM   :::   22:21:35.8668911

::::::::::: BeginRequest Request called at 9/16/2018 10:24:12 PM   :::   22:24:12.9731745

::::::::::: AuthenticateRequest Request called at 9/16/2018 10:24:12 PM   :::   22:24:12.9751755

::::::::::: PostAuthenticateRequest Request called at 9/16/2018 10:24:12 PM   :::   22:24:12.9796793

::::::::::: AuthorizeRequest Request called at 9/16/2018 10:24:12 PM   :::   22:24:12.9816811

::::::::::: PostAuthorizeRequest Request called at 9/16/2018 10:24:12 PM   :::   22:24:12.9881847

::::::::::: End Request called at 9/16/2018 10:24:12 PM   :::   22:24:12.9896860

::::::::::: PostResolveRequestCache Request called at 9/16/2018 10:24:12 PM   :::   22:24:12.9916878

::::::::::: AcquireRequestState Request called at 9/16/2018 10:24:12 PM   :::   22:24:12.9936896

::::::::::: PostAcquireRequestState Request called at 9/16/2018 10:24:12 PM   :::   22:24:12.9961908

::::::::::: PreRequestHandlerExecute Request called at 9/16/2018 10:24:12 PM   :::   22:24:12.9976917

::::::::::: PostRequestHandlerExecute Request called at 9/16/2018 10:24:13 PM   :::   22:24:13.0031962

::::::::::: ReleaseRequestState Request called at 9/16/2018 10:24:13 PM   :::   22:24:13.0046967

::::::::::: PostReleaseRequestState Request called at 9/16/2018 10:24:13 PM   :::   22:24:13.0066985

::::::::::: UpdateRequestCache Request called at 9/16/2018 10:24:13 PM   :::   22:24:13.0086999

::::::::::: EndRequest Request called at 9/16/2018 10:24:13 PM   :::   22:24:13.0102008

::::::::::: PreSendRequestContent Request called at 9/16/2018 10:24:13 PM   :::   22:24:13.0132029

::::::::::: PreSendRequestHeaders Request called at 9/16/2018 10:24:13 PM   :::   22:24:13.0147038

::::::::::: BeginRequest Request called at 9/16/2018 10:24:13 PM   :::   22:24:13.1277841

::::::::::: AuthenticateRequest Request called at 9/16/2018 10:24:13 PM   :::   22:24:13.1643102

::::::::::: PostAuthenticateRequest Request called at 9/16/2018 10:24:13 PM   :::   22:24:13.1873266

::::::::::: AuthorizeRequest Request called at 9/16/2018 10:24:13 PM   :::   22:24:13.2168486

::::::::::: PostAuthorizeRequest Request called at 9/16/2018 10:24:13 PM   :::   22:24:13.2393640

::::::::::: End Request called at 9/16/2018 10:24:13 PM   :::   22:24:13.2548740

::::::::::: PostResolveRequestCache Request called at 9/16/2018 10:24:13 PM   :::   22:24:13.2563753

::::::::::: AcquireRequestState Request called at 9/16/2018 10:24:13 PM   :::   22:24:13.2593782

::::::::::: PostAcquireRequestState Request called at 9/16/2018 10:24:13 PM   :::   22:24:13.2608787

::::::::::: PreRequestHandlerExecute Request called at 9/16/2018 10:24:13 PM   :::   22:24:13.2623799

::::::::::: PreSendRequestContent Request called at 9/16/2018 10:24:22 PM   :::   22:24:22.4751366

::::::::::: PreSendRequestHeaders Request called at 9/16/2018 10:24:22 PM   :::   22:24:22.4761211

::::::::::: PostRequestHandlerExecute Request called at 9/16/2018 10:24:22 PM   :::   22:24:22.4841256

::::::::::: ReleaseRequestState Request called at 9/16/2018 10:24:22 PM   :::   22:24:22.4851267

::::::::::: PostReleaseRequestState Request called at 9/16/2018 10:24:22 PM   :::   22:24:22.4871282

::::::::::: UpdateRequestCache Request called at 9/16/2018 10:24:22 PM   :::   22:24:22.4881285

::::::::::: EndRequest Request called at 9/16/2018 10:24:22 PM   :::   22:24:22.4901295

::::::::::: PreSendRequestContent Request called at 9/16/2018 10:24:22 PM   :::   22:24:22.4911306

::::::::::: BeginRequest Request called at 9/16/2018 10:31:26 PM   :::   22:31:26.0294701

::::::::::: AuthenticateRequest Request called at 9/16/2018 10:31:26 PM   :::   22:31:26.0314715

::::::::::: PostAuthenticateRequest Request called at 9/16/2018 10:31:26 PM   :::   22:31:26.0344740

::::::::::: AuthorizeRequest Request called at 9/16/2018 10:31:26 PM   :::   22:31:26.0359749

::::::::::: PostAuthorizeRequest Request called at 9/16/2018 10:31:26 PM   :::   22:31:26.0369756

::::::::::: End Request called at 9/16/2018 10:31:26 PM   :::   22:31:26.0384765

::::::::::: PostResolveRequestCache Request called at 9/16/2018 10:31:26 PM   :::   22:31:26.0404783

::::::::::: AcquireRequestState Request called at 9/16/2018 10:31:26 PM   :::   22:31:26.0419788

::::::::::: PostAcquireRequestState Request called at 9/16/2018 10:31:26 PM   :::   22:31:26.0434800

::::::::::: PreRequestHandlerExecute Request called at 9/16/2018 10:31:26 PM   :::   22:31:26.0449809

::::::::::: PostRequestHandlerExecute Request called at 9/16/2018 10:31:26 PM   :::   22:31:26.1465536

::::::::::: ReleaseRequestState Request called at 9/16/2018 10:31:26 PM   :::   22:31:26.1750733

::::::::::: PostReleaseRequestState Request called at 9/16/2018 10:31:26 PM   :::   22:31:26.1765742

::::::::::: UpdateRequestCache Request called at 9/16/2018 10:31:26 PM   :::   22:31:26.1780758

::::::::::: EndRequest Request called at 9/16/2018 10:31:26 PM   :::   22:31:26.1790766

::::::::::: PreSendRequestContent Request called at 9/16/2018 10:31:26 PM   :::   22:31:26.1810776

::::::::::: PreSendRequestHeaders Request called at 9/16/2018 10:31:26 PM   :::   22:31:26.1825788

::::::::::: BeginRequest Request called at 9/16/2018 10:31:26 PM   :::   22:31:26.6173883

::::::::::: AuthenticateRequest Request called at 9/16/2018 10:31:26 PM   :::   22:31:26.6188888

::::::::::: PostAuthenticateRequest Request called at 9/16/2018 10:31:26 PM   :::   22:31:26.6208902

::::::::::: AuthorizeRequest Request called at 9/16/2018 10:31:26 PM   :::   22:31:26.6223915

::::::::::: PostAuthorizeRequest Request called at 9/16/2018 10:31:26 PM   :::   22:31:26.6238928

::::::::::: End Request called at 9/16/2018 10:31:26 PM   :::   22:31:26.6253940

::::::::::: PostResolveRequestCache Request called at 9/16/2018 10:31:26 PM   :::   22:31:26.6273951

::::::::::: AcquireRequestState Request called at 9/16/2018 10:31:26 PM   :::   22:31:26.6293973

::::::::::: PostAcquireRequestState Request called at 9/16/2018 10:31:26 PM   :::   22:31:26.6303976

::::::::::: PreRequestHandlerExecute Request called at 9/16/2018 10:31:26 PM   :::   22:31:26.6324002

::::::::::: PreSendRequestContent Request called at 9/16/2018 10:31:34 PM   :::   22:31:34.2861617

::::::::::: PreSendRequestHeaders Request called at 9/16/2018 10:31:34 PM   :::   22:31:34.2881596

::::::::::: PostRequestHandlerExecute Request called at 9/16/2018 10:31:34 PM   :::   22:31:34.3101744

::::::::::: ReleaseRequestState Request called at 9/16/2018 10:31:34 PM   :::   22:31:34.3161795

::::::::::: PostReleaseRequestState Request called at 9/16/2018 10:31:34 PM   :::   22:31:34.3211826

::::::::::: UpdateRequestCache Request called at 9/16/2018 10:31:34 PM   :::   22:31:34.3261866

::::::::::: EndRequest Request called at 9/16/2018 10:31:34 PM   :::   22:31:34.3291887

::::::::::: PreSendRequestContent Request called at 9/16/2018 10:31:34 PM   :::   22:31:34.3321905

