::::::::::: BeginRequest Request called at 8/9/2018 12:05:04 AM   :::   00:05:04.5681873

::::::::::: AuthenticateRequest Request called at 8/9/2018 12:05:04 AM   :::   00:05:04.5722118

::::::::::: PostAuthenticateRequest Request called at 8/9/2018 12:05:04 AM   :::   00:05:04.5801887

::::::::::: AuthorizeRequest Request called at 8/9/2018 12:05:04 AM   :::   00:05:04.5841899

::::::::::: PostAuthorizeRequest Request called at 8/9/2018 12:05:04 AM   :::   00:05:04.5881896

::::::::::: End Request called at 8/9/2018 12:05:04 AM   :::   00:05:04.5921956

::::::::::: PostResolveRequestCache Request called at 8/9/2018 12:05:04 AM   :::   00:05:04.5961886

::::::::::: AcquireRequestState Request called at 8/9/2018 12:05:04 AM   :::   00:05:04.6041907

::::::::::: PostAcquireRequestState Request called at 8/9/2018 12:05:04 AM   :::   00:05:04.6121909

::::::::::: PreRequestHandlerExecute Request called at 8/9/2018 12:05:04 AM   :::   00:05:04.6161906

::::::::::: PreSendRequestContent Request called at 8/9/2018 12:05:11 AM   :::   00:05:11.7890790

::::::::::: PreSendRequestHeaders Request called at 8/9/2018 12:05:11 AM   :::   00:05:11.7890790

::::::::::: PostRequestHandlerExecute Request called at 8/9/2018 12:05:11 AM   :::   00:05:11.7970804

::::::::::: ReleaseRequestState Request called at 8/9/2018 12:05:11 AM   :::   00:05:11.7970804

::::::::::: PostReleaseRequestState Request called at 8/9/2018 12:05:11 AM   :::   00:05:11.8010792

::::::::::: UpdateRequestCache Request called at 8/9/2018 12:05:11 AM   :::   00:05:11.8010792

::::::::::: EndRequest Request called at 8/9/2018 12:05:11 AM   :::   00:05:11.8010792

::::::::::: PreSendRequestContent Request called at 8/9/2018 12:05:11 AM   :::   00:05:11.8050801

::::::::::: BeginRequest Request called at 8/9/2018 12:05:11 AM   :::   00:05:11.8625947

::::::::::: AuthenticateRequest Request called at 8/9/2018 12:05:11 AM   :::   00:05:11.8645957

::::::::::: PostAuthenticateRequest Request called at 8/9/2018 12:05:11 AM   :::   00:05:11.8645957

::::::::::: AuthorizeRequest Request called at 8/9/2018 12:05:11 AM   :::   00:05:11.8645957

::::::::::: PostAuthorizeRequest Request called at 8/9/2018 12:05:11 AM   :::   00:05:11.8645957

::::::::::: End Request called at 8/9/2018 12:05:11 AM   :::   00:05:11.8690901

::::::::::: PostResolveRequestCache Request called at 8/9/2018 12:05:11 AM   :::   00:05:11.8690901

::::::::::: AcquireRequestState Request called at 8/9/2018 12:05:11 AM   :::   00:05:11.8690901

::::::::::: PostAcquireRequestState Request called at 8/9/2018 12:05:11 AM   :::   00:05:11.8730901

::::::::::: PreRequestHandlerExecute Request called at 8/9/2018 12:05:11 AM   :::   00:05:11.8730901

::::::::::: PreSendRequestContent Request called at 8/9/2018 12:05:25 AM   :::   00:05:25.1996510

::::::::::: PreSendRequestHeaders Request called at 8/9/2018 12:05:25 AM   :::   00:05:25.1996510

::::::::::: PostRequestHandlerExecute Request called at 8/9/2018 12:05:25 AM   :::   00:05:25.2037375

::::::::::: ReleaseRequestState Request called at 8/9/2018 12:05:25 AM   :::   00:05:25.2037375

::::::::::: PostReleaseRequestState Request called at 8/9/2018 12:05:25 AM   :::   00:05:25.2037375

::::::::::: UpdateRequestCache Request called at 8/9/2018 12:05:25 AM   :::   00:05:25.2077372

::::::::::: EndRequest Request called at 8/9/2018 12:05:25 AM   :::   00:05:25.2077372

::::::::::: PreSendRequestContent Request called at 8/9/2018 12:05:26 AM   :::   00:05:26.0327862

::::::::::: BeginRequest Request called at 8/9/2018 12:05:40 AM   :::   00:05:40.1542827

::::::::::: AuthenticateRequest Request called at 8/9/2018 12:05:40 AM   :::   00:05:40.1572844

::::::::::: PostAuthenticateRequest Request called at 8/9/2018 12:05:40 AM   :::   00:05:40.1602870

::::::::::: AuthorizeRequest Request called at 8/9/2018 12:05:40 AM   :::   00:05:40.1632887

::::::::::: PostAuthorizeRequest Request called at 8/9/2018 12:05:40 AM   :::   00:05:40.1632887

::::::::::: End Request called at 8/9/2018 12:05:40 AM   :::   00:05:40.1674822

::::::::::: PostResolveRequestCache Request called at 8/9/2018 12:05:40 AM   :::   00:05:40.1714787

::::::::::: AcquireRequestState Request called at 8/9/2018 12:05:40 AM   :::   00:05:40.1714787

::::::::::: PostAcquireRequestState Request called at 8/9/2018 12:05:40 AM   :::   00:05:40.1754780

::::::::::: PreRequestHandlerExecute Request called at 8/9/2018 12:05:40 AM   :::   00:05:40.1794793

::::::::::: PreSendRequestContent Request called at 8/9/2018 12:05:43 AM   :::   00:05:43.5145898

::::::::::: PreSendRequestHeaders Request called at 8/9/2018 12:05:43 AM   :::   00:05:43.5185883

::::::::::: PostRequestHandlerExecute Request called at 8/9/2018 12:05:43 AM   :::   00:05:43.5305744

::::::::::: ReleaseRequestState Request called at 8/9/2018 12:05:43 AM   :::   00:05:43.5305744

::::::::::: PostReleaseRequestState Request called at 8/9/2018 12:05:43 AM   :::   00:05:43.5345729

::::::::::: UpdateRequestCache Request called at 8/9/2018 12:05:43 AM   :::   00:05:43.5345729

::::::::::: EndRequest Request called at 8/9/2018 12:05:43 AM   :::   00:05:43.5385729

::::::::::: PreSendRequestContent Request called at 8/9/2018 12:05:43 AM   :::   00:05:43.5385729

::::::::::: BeginRequest Request called at 8/9/2018 12:05:43 AM   :::   00:05:43.6576074

::::::::::: AuthenticateRequest Request called at 8/9/2018 12:05:43 AM   :::   00:05:43.6586077

::::::::::: PostAuthenticateRequest Request called at 8/9/2018 12:05:43 AM   :::   00:05:43.6596088

::::::::::: AuthorizeRequest Request called at 8/9/2018 12:05:43 AM   :::   00:05:43.6606091

::::::::::: PostAuthorizeRequest Request called at 8/9/2018 12:05:43 AM   :::   00:05:43.6611100

::::::::::: End Request called at 8/9/2018 12:05:43 AM   :::   00:05:43.6621100

::::::::::: PostResolveRequestCache Request called at 8/9/2018 12:05:43 AM   :::   00:05:43.6631119

::::::::::: AcquireRequestState Request called at 8/9/2018 12:05:43 AM   :::   00:05:43.6641114

::::::::::: PostAcquireRequestState Request called at 8/9/2018 12:05:43 AM   :::   00:05:43.6651137

::::::::::: PreRequestHandlerExecute Request called at 8/9/2018 12:05:43 AM   :::   00:05:43.6661136

::::::::::: PreSendRequestContent Request called at 8/9/2018 12:05:49 AM   :::   00:05:49.7668534

::::::::::: PreSendRequestHeaders Request called at 8/9/2018 12:05:49 AM   :::   00:05:49.7713568

::::::::::: PostRequestHandlerExecute Request called at 8/9/2018 12:05:49 AM   :::   00:05:49.7753584

::::::::::: ReleaseRequestState Request called at 8/9/2018 12:05:49 AM   :::   00:05:49.7833669

::::::::::: PostReleaseRequestState Request called at 8/9/2018 12:05:49 AM   :::   00:05:49.7873681

::::::::::: UpdateRequestCache Request called at 8/9/2018 12:05:49 AM   :::   00:05:49.7913718

::::::::::: EndRequest Request called at 8/9/2018 12:05:49 AM   :::   00:05:49.7913718

::::::::::: PreSendRequestContent Request called at 8/9/2018 12:05:50 AM   :::   00:05:50.6631734

::::::::::: BeginRequest Request called at 8/9/2018 12:06:11 AM   :::   00:06:11.8189882

::::::::::: AuthenticateRequest Request called at 8/9/2018 12:06:11 AM   :::   00:06:11.8229875

::::::::::: PostAuthenticateRequest Request called at 8/9/2018 12:06:11 AM   :::   00:06:11.8269892

::::::::::: AuthorizeRequest Request called at 8/9/2018 12:06:11 AM   :::   00:06:11.8309963

::::::::::: PostAuthorizeRequest Request called at 8/9/2018 12:06:11 AM   :::   00:06:11.8349889

::::::::::: End Request called at 8/9/2018 12:06:11 AM   :::   00:06:11.8390147

::::::::::: PostResolveRequestCache Request called at 8/9/2018 12:06:11 AM   :::   00:06:11.8429899

::::::::::: AcquireRequestState Request called at 8/9/2018 12:06:11 AM   :::   00:06:11.8469903

::::::::::: PostAcquireRequestState Request called at 8/9/2018 12:06:11 AM   :::   00:06:11.8469903

::::::::::: PreRequestHandlerExecute Request called at 8/9/2018 12:06:11 AM   :::   00:06:11.8509908

::::::::::: BeginRequest Request called at 8/9/2018 12:06:13 AM   :::   00:06:13.7673792

::::::::::: AuthenticateRequest Request called at 8/9/2018 12:06:13 AM   :::   00:06:13.7708819

::::::::::: PostAuthenticateRequest Request called at 8/9/2018 12:06:13 AM   :::   00:06:13.7733933

::::::::::: AuthorizeRequest Request called at 8/9/2018 12:06:13 AM   :::   00:06:13.7773934

::::::::::: PostAuthorizeRequest Request called at 8/9/2018 12:06:13 AM   :::   00:06:13.7814207

::::::::::: End Request called at 8/9/2018 12:06:13 AM   :::   00:06:13.7854196

::::::::::: PostResolveRequestCache Request called at 8/9/2018 12:06:13 AM   :::   00:06:13.7894003

::::::::::: AcquireRequestState Request called at 8/9/2018 12:06:13 AM   :::   00:06:13.7933941

::::::::::: PostAcquireRequestState Request called at 8/9/2018 12:06:13 AM   :::   00:06:13.7933941

::::::::::: PreRequestHandlerExecute Request called at 8/9/2018 12:06:13 AM   :::   00:06:13.7973950

::::::::::: PreSendRequestContent Request called at 8/9/2018 12:06:16 AM   :::   00:06:16.9232583

::::::::::: PreSendRequestHeaders Request called at 8/9/2018 12:06:16 AM   :::   00:06:16.9232583

::::::::::: PostRequestHandlerExecute Request called at 8/9/2018 12:06:16 AM   :::   00:06:16.9312569

::::::::::: ReleaseRequestState Request called at 8/9/2018 12:06:16 AM   :::   00:06:16.9352562

::::::::::: PostReleaseRequestState Request called at 8/9/2018 12:06:16 AM   :::   00:06:16.9352562

::::::::::: UpdateRequestCache Request called at 8/9/2018 12:06:16 AM   :::   00:06:16.9352562

::::::::::: EndRequest Request called at 8/9/2018 12:06:16 AM   :::   00:06:16.9392578

::::::::::: PreSendRequestContent Request called at 8/9/2018 12:06:16 AM   :::   00:06:16.9392578

::::::::::: BeginRequest Request called at 8/9/2018 12:06:16 AM   :::   00:06:16.9952720

::::::::::: AuthenticateRequest Request called at 8/9/2018 12:06:16 AM   :::   00:06:16.9952720

::::::::::: PostAuthenticateRequest Request called at 8/9/2018 12:06:16 AM   :::   00:06:16.9952720

::::::::::: AuthorizeRequest Request called at 8/9/2018 12:06:16 AM   :::   00:06:16.9992827

::::::::::: PostAuthorizeRequest Request called at 8/9/2018 12:06:16 AM   :::   00:06:16.9992827

::::::::::: End Request called at 8/9/2018 12:06:16 AM   :::   00:06:16.9992827

::::::::::: PostResolveRequestCache Request called at 8/9/2018 12:06:17 AM   :::   00:06:17.0032745

::::::::::: AcquireRequestState Request called at 8/9/2018 12:06:17 AM   :::   00:06:17.0032745

::::::::::: PostAcquireRequestState Request called at 8/9/2018 12:06:17 AM   :::   00:06:17.0032745

::::::::::: PreRequestHandlerExecute Request called at 8/9/2018 12:06:17 AM   :::   00:06:17.0032745

::::::::::: BeginRequest Request called at 8/9/2018 12:06:18 AM   :::   00:06:18.5031620

::::::::::: AuthenticateRequest Request called at 8/9/2018 12:06:18 AM   :::   00:06:18.5071625

::::::::::: PostAuthenticateRequest Request called at 8/9/2018 12:06:18 AM   :::   00:06:18.5111625

::::::::::: AuthorizeRequest Request called at 8/9/2018 12:06:18 AM   :::   00:06:18.5151638

::::::::::: PostAuthorizeRequest Request called at 8/9/2018 12:06:18 AM   :::   00:06:18.5191627

::::::::::: End Request called at 8/9/2018 12:06:18 AM   :::   00:06:18.5231636

::::::::::: PostResolveRequestCache Request called at 8/9/2018 12:06:18 AM   :::   00:06:18.5271636

::::::::::: AcquireRequestState Request called at 8/9/2018 12:06:18 AM   :::   00:06:18.5311633

::::::::::: PostAcquireRequestState Request called at 8/9/2018 12:06:18 AM   :::   00:06:18.5351654

::::::::::: PreRequestHandlerExecute Request called at 8/9/2018 12:06:18 AM   :::   00:06:18.5391647

::::::::::: PreSendRequestContent Request called at 8/9/2018 12:06:19 AM   :::   00:06:19.2436617

::::::::::: PreSendRequestHeaders Request called at 8/9/2018 12:06:19 AM   :::   00:06:19.2476618

::::::::::: PostRequestHandlerExecute Request called at 8/9/2018 12:06:19 AM   :::   00:06:19.2516611

::::::::::: ReleaseRequestState Request called at 8/9/2018 12:06:19 AM   :::   00:06:19.2556616

::::::::::: PostReleaseRequestState Request called at 8/9/2018 12:06:19 AM   :::   00:06:19.2556616

::::::::::: UpdateRequestCache Request called at 8/9/2018 12:06:19 AM   :::   00:06:19.2556616

::::::::::: EndRequest Request called at 8/9/2018 12:06:19 AM   :::   00:06:19.2601721

::::::::::: PreSendRequestContent Request called at 8/9/2018 12:06:19 AM   :::   00:06:19.2616734

::::::::::: PreSendRequestContent Request called at 8/9/2018 12:06:21 AM   :::   00:06:21.2515111

::::::::::: PreSendRequestHeaders Request called at 8/9/2018 12:06:21 AM   :::   00:06:21.2515111

::::::::::: PostRequestHandlerExecute Request called at 8/9/2018 12:06:21 AM   :::   00:06:21.2595140

::::::::::: ReleaseRequestState Request called at 8/9/2018 12:06:21 AM   :::   00:06:21.2635121

::::::::::: PostReleaseRequestState Request called at 8/9/2018 12:06:21 AM   :::   00:06:21.2635121

::::::::::: UpdateRequestCache Request called at 8/9/2018 12:06:21 AM   :::   00:06:21.2675126

::::::::::: EndRequest Request called at 8/9/2018 12:06:21 AM   :::   00:06:21.2675126

::::::::::: PreSendRequestContent Request called at 8/9/2018 12:06:21 AM   :::   00:06:21.2715127

::::::::::: BeginRequest Request called at 8/9/2018 12:06:21 AM   :::   00:06:21.3640352

::::::::::: AuthenticateRequest Request called at 8/9/2018 12:06:21 AM   :::   00:06:21.3680357

::::::::::: PostAuthenticateRequest Request called at 8/9/2018 12:06:21 AM   :::   00:06:21.3680357

::::::::::: AuthorizeRequest Request called at 8/9/2018 12:06:21 AM   :::   00:06:21.3680357

::::::::::: PostAuthorizeRequest Request called at 8/9/2018 12:06:21 AM   :::   00:06:21.3680357

::::::::::: End Request called at 8/9/2018 12:06:21 AM   :::   00:06:21.3720373

::::::::::: PostResolveRequestCache Request called at 8/9/2018 12:06:21 AM   :::   00:06:21.3720373

::::::::::: AcquireRequestState Request called at 8/9/2018 12:06:21 AM   :::   00:06:21.3720373

::::::::::: PostAcquireRequestState Request called at 8/9/2018 12:06:21 AM   :::   00:06:21.3760374

::::::::::: PreRequestHandlerExecute Request called at 8/9/2018 12:06:21 AM   :::   00:06:21.3760374

::::::::::: PreSendRequestContent Request called at 8/9/2018 12:06:22 AM   :::   00:06:22.5216035

::::::::::: PreSendRequestHeaders Request called at 8/9/2018 12:06:22 AM   :::   00:06:22.5226022

::::::::::: PostRequestHandlerExecute Request called at 8/9/2018 12:06:22 AM   :::   00:06:22.5281055

::::::::::: ReleaseRequestState Request called at 8/9/2018 12:06:22 AM   :::   00:06:22.5281055

::::::::::: PostReleaseRequestState Request called at 8/9/2018 12:06:22 AM   :::   00:06:22.5321265

::::::::::: UpdateRequestCache Request called at 8/9/2018 12:06:22 AM   :::   00:06:22.5321265

::::::::::: EndRequest Request called at 8/9/2018 12:06:22 AM   :::   00:06:22.5321265

::::::::::: PreSendRequestContent Request called at 8/9/2018 12:06:22 AM   :::   00:06:22.5361286

::::::::::: BeginRequest Request called at 8/9/2018 12:06:22 AM   :::   00:06:22.5961302

::::::::::: AuthenticateRequest Request called at 8/9/2018 12:06:22 AM   :::   00:06:22.5961302

::::::::::: PostAuthenticateRequest Request called at 8/9/2018 12:06:22 AM   :::   00:06:22.6001310

::::::::::: AuthorizeRequest Request called at 8/9/2018 12:06:22 AM   :::   00:06:22.6001310

::::::::::: PostAuthorizeRequest Request called at 8/9/2018 12:06:22 AM   :::   00:06:22.6001310

::::::::::: End Request called at 8/9/2018 12:06:22 AM   :::   00:06:22.6001310

::::::::::: PostResolveRequestCache Request called at 8/9/2018 12:06:22 AM   :::   00:06:22.6041445

::::::::::: AcquireRequestState Request called at 8/9/2018 12:06:22 AM   :::   00:06:22.6041445

::::::::::: PostAcquireRequestState Request called at 8/9/2018 12:06:22 AM   :::   00:06:22.6041445

::::::::::: PreRequestHandlerExecute Request called at 8/9/2018 12:06:22 AM   :::   00:06:22.6041445

::::::::::: PreSendRequestContent Request called at 8/9/2018 12:06:23 AM   :::   00:06:23.5804516

::::::::::: PreSendRequestHeaders Request called at 8/9/2018 12:06:23 AM   :::   00:06:23.5844521

::::::::::: PostRequestHandlerExecute Request called at 8/9/2018 12:06:23 AM   :::   00:06:23.5844521

::::::::::: ReleaseRequestState Request called at 8/9/2018 12:06:23 AM   :::   00:06:23.5884521

::::::::::: PostReleaseRequestState Request called at 8/9/2018 12:06:23 AM   :::   00:06:23.5884521

::::::::::: UpdateRequestCache Request called at 8/9/2018 12:06:23 AM   :::   00:06:23.5924538

::::::::::: EndRequest Request called at 8/9/2018 12:06:23 AM   :::   00:06:23.5924538

::::::::::: PreSendRequestContent Request called at 8/9/2018 12:06:23 AM   :::   00:06:23.5924538

::::::::::: BeginRequest Request called at 8/9/2018 12:06:24 AM   :::   00:06:24.2377222

::::::::::: AuthenticateRequest Request called at 8/9/2018 12:06:24 AM   :::   00:06:24.2397236

::::::::::: PostAuthenticateRequest Request called at 8/9/2018 12:06:24 AM   :::   00:06:24.2412241

::::::::::: AuthorizeRequest Request called at 8/9/2018 12:06:24 AM   :::   00:06:24.2432259

::::::::::: PostAuthorizeRequest Request called at 8/9/2018 12:06:24 AM   :::   00:06:24.2452274

::::::::::: End Request called at 8/9/2018 12:06:24 AM   :::   00:06:24.2472284

::::::::::: PostResolveRequestCache Request called at 8/9/2018 12:06:24 AM   :::   00:06:24.2487300

::::::::::: AcquireRequestState Request called at 8/9/2018 12:06:24 AM   :::   00:06:24.2487300

::::::::::: PostAcquireRequestState Request called at 8/9/2018 12:06:24 AM   :::   00:06:24.2531798

::::::::::: PreRequestHandlerExecute Request called at 8/9/2018 12:06:24 AM   :::   00:06:24.2531798

::::::::::: PreSendRequestContent Request called at 8/9/2018 12:06:25 AM   :::   00:06:25.1973808

::::::::::: PreSendRequestHeaders Request called at 8/9/2018 12:06:25 AM   :::   00:06:25.1973808

::::::::::: PostRequestHandlerExecute Request called at 8/9/2018 12:06:25 AM   :::   00:06:25.2013812

::::::::::: ReleaseRequestState Request called at 8/9/2018 12:06:25 AM   :::   00:06:25.2013812

::::::::::: PostReleaseRequestState Request called at 8/9/2018 12:06:25 AM   :::   00:06:25.2013812

::::::::::: UpdateRequestCache Request called at 8/9/2018 12:06:25 AM   :::   00:06:25.2053821

::::::::::: EndRequest Request called at 8/9/2018 12:06:25 AM   :::   00:06:25.2053821

::::::::::: PreSendRequestContent Request called at 8/9/2018 12:06:25 AM   :::   00:06:25.2053821

::::::::::: PreSendRequestContent Request called at 8/9/2018 12:06:30 AM   :::   00:06:30.0825414

::::::::::: PreSendRequestHeaders Request called at 8/9/2018 12:06:30 AM   :::   00:06:30.0865233

::::::::::: PostRequestHandlerExecute Request called at 8/9/2018 12:06:30 AM   :::   00:06:30.0905215

::::::::::: ReleaseRequestState Request called at 8/9/2018 12:06:30 AM   :::   00:06:30.0945227

::::::::::: PostReleaseRequestState Request called at 8/9/2018 12:06:30 AM   :::   00:06:30.0945227

::::::::::: UpdateRequestCache Request called at 8/9/2018 12:06:30 AM   :::   00:06:30.0985240

::::::::::: EndRequest Request called at 8/9/2018 12:06:30 AM   :::   00:06:30.0985240

::::::::::: PreSendRequestContent Request called at 8/9/2018 12:06:30 AM   :::   00:06:30.0985240

::::::::::: BeginRequest Request called at 8/9/2018 12:06:30 AM   :::   00:06:30.1545393

::::::::::: AuthenticateRequest Request called at 8/9/2018 12:06:30 AM   :::   00:06:30.1585441

::::::::::: PostAuthenticateRequest Request called at 8/9/2018 12:06:30 AM   :::   00:06:30.1585441

::::::::::: AuthorizeRequest Request called at 8/9/2018 12:06:30 AM   :::   00:06:30.1585441

::::::::::: PostAuthorizeRequest Request called at 8/9/2018 12:06:30 AM   :::   00:06:30.1585441

::::::::::: End Request called at 8/9/2018 12:06:30 AM   :::   00:06:30.1625639

::::::::::: PostResolveRequestCache Request called at 8/9/2018 12:06:30 AM   :::   00:06:30.1625639

::::::::::: AcquireRequestState Request called at 8/9/2018 12:06:30 AM   :::   00:06:30.1625639

::::::::::: PostAcquireRequestState Request called at 8/9/2018 12:06:30 AM   :::   00:06:30.1625639

::::::::::: PreRequestHandlerExecute Request called at 8/9/2018 12:06:30 AM   :::   00:06:30.1665427

::::::::::: PreSendRequestContent Request called at 8/9/2018 12:06:32 AM   :::   00:06:32.4165147

::::::::::: PreSendRequestHeaders Request called at 8/9/2018 12:06:32 AM   :::   00:06:32.4205136

::::::::::: PostRequestHandlerExecute Request called at 8/9/2018 12:06:32 AM   :::   00:06:32.4205136

::::::::::: ReleaseRequestState Request called at 8/9/2018 12:06:32 AM   :::   00:06:32.4245128

::::::::::: PostReleaseRequestState Request called at 8/9/2018 12:06:32 AM   :::   00:06:32.4285161

::::::::::: UpdateRequestCache Request called at 8/9/2018 12:06:32 AM   :::   00:06:32.4285161

::::::::::: EndRequest Request called at 8/9/2018 12:06:32 AM   :::   00:06:32.4325130

::::::::::: PreSendRequestContent Request called at 8/9/2018 12:06:32 AM   :::   00:06:32.4325130

::::::::::: BeginRequest Request called at 8/9/2018 12:07:25 AM   :::   00:07:25.7723413

::::::::::: AuthenticateRequest Request called at 8/9/2018 12:07:25 AM   :::   00:07:25.7803407

::::::::::: PostAuthenticateRequest Request called at 8/9/2018 12:07:25 AM   :::   00:07:25.7843411

::::::::::: AuthorizeRequest Request called at 8/9/2018 12:07:25 AM   :::   00:07:25.7843411

::::::::::: PostAuthorizeRequest Request called at 8/9/2018 12:07:25 AM   :::   00:07:25.7883424

::::::::::: End Request called at 8/9/2018 12:07:25 AM   :::   00:07:25.7883424

::::::::::: PostResolveRequestCache Request called at 8/9/2018 12:07:25 AM   :::   00:07:25.8323662

::::::::::: AcquireRequestState Request called at 8/9/2018 12:07:25 AM   :::   00:07:25.8403675

::::::::::: PostAcquireRequestState Request called at 8/9/2018 12:07:25 AM   :::   00:07:25.8443664

::::::::::: PreRequestHandlerExecute Request called at 8/9/2018 12:07:25 AM   :::   00:07:25.8443664

::::::::::: PostRequestHandlerExecute Request called at 8/9/2018 12:07:27 AM   :::   00:07:27.1426156

::::::::::: ReleaseRequestState Request called at 8/9/2018 12:07:27 AM   :::   00:07:27.1446175

::::::::::: PostReleaseRequestState Request called at 8/9/2018 12:07:27 AM   :::   00:07:27.1466355

::::::::::: UpdateRequestCache Request called at 8/9/2018 12:07:27 AM   :::   00:07:27.1971281

::::::::::: EndRequest Request called at 8/9/2018 12:07:27 AM   :::   00:07:27.1971281

::::::::::: PreSendRequestContent Request called at 8/9/2018 12:07:27 AM   :::   00:07:27.2051468

::::::::::: PreSendRequestHeaders Request called at 8/9/2018 12:07:27 AM   :::   00:07:27.2051468

::::::::::: BeginRequest Request called at 8/9/2018 12:07:27 AM   :::   00:07:27.5012075

::::::::::: AuthenticateRequest Request called at 8/9/2018 12:07:27 AM   :::   00:07:27.5052076

::::::::::: PostAuthenticateRequest Request called at 8/9/2018 12:07:27 AM   :::   00:07:27.5052076

::::::::::: AuthorizeRequest Request called at 8/9/2018 12:07:27 AM   :::   00:07:27.5052076

::::::::::: PostAuthorizeRequest Request called at 8/9/2018 12:07:27 AM   :::   00:07:27.5092077

::::::::::: End Request called at 8/9/2018 12:07:27 AM   :::   00:07:27.5092077

::::::::::: PostResolveRequestCache Request called at 8/9/2018 12:07:27 AM   :::   00:07:27.5092077

::::::::::: AcquireRequestState Request called at 8/9/2018 12:07:27 AM   :::   00:07:27.5132082

::::::::::: PostAcquireRequestState Request called at 8/9/2018 12:07:27 AM   :::   00:07:27.5132082

::::::::::: PreRequestHandlerExecute Request called at 8/9/2018 12:07:27 AM   :::   00:07:27.5172090

::::::::::: PostRequestHandlerExecute Request called at 8/9/2018 12:07:27 AM   :::   00:07:27.5812300

::::::::::: ReleaseRequestState Request called at 8/9/2018 12:07:27 AM   :::   00:07:27.5812300

::::::::::: PostReleaseRequestState Request called at 8/9/2018 12:07:27 AM   :::   00:07:27.5812300

::::::::::: UpdateRequestCache Request called at 8/9/2018 12:07:27 AM   :::   00:07:27.5852313

::::::::::: EndRequest Request called at 8/9/2018 12:07:27 AM   :::   00:07:27.5852313

::::::::::: PreSendRequestContent Request called at 8/9/2018 12:07:27 AM   :::   00:07:27.5852313

::::::::::: PreSendRequestHeaders Request called at 8/9/2018 12:07:27 AM   :::   00:07:27.5892306

::::::::::: BeginRequest Request called at 8/9/2018 12:07:55 AM   :::   00:07:55.7263556

::::::::::: AuthenticateRequest Request called at 8/9/2018 12:07:55 AM   :::   00:07:55.7303572

::::::::::: PostAuthenticateRequest Request called at 8/9/2018 12:07:55 AM   :::   00:07:55.7343553

::::::::::: AuthorizeRequest Request called at 8/9/2018 12:07:55 AM   :::   00:07:55.7383617

::::::::::: PostAuthorizeRequest Request called at 8/9/2018 12:07:55 AM   :::   00:07:55.7383617

::::::::::: End Request called at 8/9/2018 12:07:55 AM   :::   00:07:55.7438686

::::::::::: PostResolveRequestCache Request called at 8/9/2018 12:07:55 AM   :::   00:07:55.7524917

::::::::::: AcquireRequestState Request called at 8/9/2018 12:07:55 AM   :::   00:07:55.7549937

::::::::::: PostAcquireRequestState Request called at 8/9/2018 12:07:55 AM   :::   00:07:55.7574960

::::::::::: PreRequestHandlerExecute Request called at 8/9/2018 12:07:55 AM   :::   00:07:55.7585185

::::::::::: PreSendRequestContent Request called at 8/9/2018 12:08:02 AM   :::   00:08:02.1230282

::::::::::: PreSendRequestHeaders Request called at 8/9/2018 12:08:02 AM   :::   00:08:02.1270290

::::::::::: PostRequestHandlerExecute Request called at 8/9/2018 12:08:02 AM   :::   00:08:02.1430301

::::::::::: ReleaseRequestState Request called at 8/9/2018 12:08:02 AM   :::   00:08:02.1430301

::::::::::: PostReleaseRequestState Request called at 8/9/2018 12:08:02 AM   :::   00:08:02.1470306

::::::::::: UpdateRequestCache Request called at 8/9/2018 12:08:02 AM   :::   00:08:02.1470306

::::::::::: EndRequest Request called at 8/9/2018 12:08:02 AM   :::   00:08:02.1470306

::::::::::: PreSendRequestContent Request called at 8/9/2018 12:08:02 AM   :::   00:08:02.1525355

::::::::::: BeginRequest Request called at 8/9/2018 12:08:02 AM   :::   00:08:02.3710954

::::::::::: AuthenticateRequest Request called at 8/9/2018 12:08:02 AM   :::   00:08:02.3710954

::::::::::: PostAuthenticateRequest Request called at 8/9/2018 12:08:02 AM   :::   00:08:02.3750959

::::::::::: AuthorizeRequest Request called at 8/9/2018 12:08:02 AM   :::   00:08:02.3750959

::::::::::: PostAuthorizeRequest Request called at 8/9/2018 12:08:02 AM   :::   00:08:02.3750959

::::::::::: End Request called at 8/9/2018 12:08:02 AM   :::   00:08:02.3750959

::::::::::: PostResolveRequestCache Request called at 8/9/2018 12:08:02 AM   :::   00:08:02.3790960

::::::::::: AcquireRequestState Request called at 8/9/2018 12:08:02 AM   :::   00:08:02.3790960

::::::::::: PostAcquireRequestState Request called at 8/9/2018 12:08:02 AM   :::   00:08:02.3790960

::::::::::: PreRequestHandlerExecute Request called at 8/9/2018 12:08:02 AM   :::   00:08:02.3830980

::::::::::: PreSendRequestContent Request called at 8/9/2018 12:08:07 AM   :::   00:08:07.0741122

::::::::::: PreSendRequestHeaders Request called at 8/9/2018 12:08:07 AM   :::   00:08:07.0741122

::::::::::: PostRequestHandlerExecute Request called at 8/9/2018 12:08:07 AM   :::   00:08:07.0781095

::::::::::: ReleaseRequestState Request called at 8/9/2018 12:08:07 AM   :::   00:08:07.0821100

::::::::::: PostReleaseRequestState Request called at 8/9/2018 12:08:07 AM   :::   00:08:07.0821100

::::::::::: UpdateRequestCache Request called at 8/9/2018 12:08:07 AM   :::   00:08:07.0821100

::::::::::: EndRequest Request called at 8/9/2018 12:08:07 AM   :::   00:08:07.0861116

::::::::::: PreSendRequestContent Request called at 8/9/2018 12:08:07 AM   :::   00:08:07.0861116

::::::::::: BeginRequest Request called at 8/9/2018 12:09:49 AM   :::   00:09:49.6723571

::::::::::: AuthenticateRequest Request called at 8/9/2018 12:09:49 AM   :::   00:09:49.6803568

::::::::::: PostAuthenticateRequest Request called at 8/9/2018 12:09:49 AM   :::   00:09:49.6843577

::::::::::: AuthorizeRequest Request called at 8/9/2018 12:09:49 AM   :::   00:09:49.6883578

::::::::::: PostAuthorizeRequest Request called at 8/9/2018 12:09:49 AM   :::   00:09:49.6883578

::::::::::: End Request called at 8/9/2018 12:09:49 AM   :::   00:09:49.6923575

::::::::::: PostResolveRequestCache Request called at 8/9/2018 12:09:49 AM   :::   00:09:49.7283613

::::::::::: AcquireRequestState Request called at 8/9/2018 12:09:49 AM   :::   00:09:49.7523812

::::::::::: PostAcquireRequestState Request called at 8/9/2018 12:09:49 AM   :::   00:09:49.7563820

::::::::::: PreRequestHandlerExecute Request called at 8/9/2018 12:09:49 AM   :::   00:09:49.7563820

::::::::::: PostRequestHandlerExecute Request called at 8/9/2018 12:09:50 AM   :::   00:09:50.9150746

::::::::::: ReleaseRequestState Request called at 8/9/2018 12:09:50 AM   :::   00:09:50.9150746

::::::::::: PostReleaseRequestState Request called at 8/9/2018 12:09:50 AM   :::   00:09:50.9190751

::::::::::: UpdateRequestCache Request called at 8/9/2018 12:09:50 AM   :::   00:09:50.9710990

::::::::::: EndRequest Request called at 8/9/2018 12:09:50 AM   :::   00:09:50.9710990

::::::::::: PreSendRequestContent Request called at 8/9/2018 12:09:50 AM   :::   00:09:50.9790984

::::::::::: PreSendRequestHeaders Request called at 8/9/2018 12:09:50 AM   :::   00:09:50.9790984

::::::::::: BeginRequest Request called at 8/9/2018 12:09:53 AM   :::   00:09:53.2418293

::::::::::: AuthenticateRequest Request called at 8/9/2018 12:09:53 AM   :::   00:09:53.2458349

::::::::::: PostAuthenticateRequest Request called at 8/9/2018 12:09:53 AM   :::   00:09:53.2458349

::::::::::: AuthorizeRequest Request called at 8/9/2018 12:09:53 AM   :::   00:09:53.2498350

::::::::::: PostAuthorizeRequest Request called at 8/9/2018 12:09:53 AM   :::   00:09:53.2498350

::::::::::: End Request called at 8/9/2018 12:09:53 AM   :::   00:09:53.2538362

::::::::::: PostResolveRequestCache Request called at 8/9/2018 12:09:53 AM   :::   00:09:53.2618356

::::::::::: AcquireRequestState Request called at 8/9/2018 12:09:53 AM   :::   00:09:53.2658377

::::::::::: PostAcquireRequestState Request called at 8/9/2018 12:09:53 AM   :::   00:09:53.2698362

::::::::::: PreRequestHandlerExecute Request called at 8/9/2018 12:09:53 AM   :::   00:09:53.2698362

::::::::::: PreSendRequestContent Request called at 8/9/2018 12:10:02 AM   :::   00:10:02.1686392

::::::::::: PreSendRequestHeaders Request called at 8/9/2018 12:10:02 AM   :::   00:10:02.1726413

::::::::::: PostRequestHandlerExecute Request called at 8/9/2018 12:10:02 AM   :::   00:10:02.1886408

::::::::::: ReleaseRequestState Request called at 8/9/2018 12:10:02 AM   :::   00:10:02.1886408

::::::::::: PostReleaseRequestState Request called at 8/9/2018 12:10:02 AM   :::   00:10:02.1926413

::::::::::: UpdateRequestCache Request called at 8/9/2018 12:10:02 AM   :::   00:10:02.1926413

::::::::::: EndRequest Request called at 8/9/2018 12:10:02 AM   :::   00:10:02.1966414

::::::::::: PreSendRequestContent Request called at 8/9/2018 12:10:02 AM   :::   00:10:02.1966414

::::::::::: BeginRequest Request called at 8/9/2018 12:10:02 AM   :::   00:10:02.4722548

::::::::::: AuthenticateRequest Request called at 8/9/2018 12:10:02 AM   :::   00:10:02.4722548

::::::::::: PostAuthenticateRequest Request called at 8/9/2018 12:10:02 AM   :::   00:10:02.4722548

::::::::::: AuthorizeRequest Request called at 8/9/2018 12:10:02 AM   :::   00:10:02.4762545

::::::::::: PostAuthorizeRequest Request called at 8/9/2018 12:10:02 AM   :::   00:10:02.4762545

::::::::::: End Request called at 8/9/2018 12:10:02 AM   :::   00:10:02.4762545

::::::::::: PostResolveRequestCache Request called at 8/9/2018 12:10:02 AM   :::   00:10:02.4802546

::::::::::: AcquireRequestState Request called at 8/9/2018 12:10:02 AM   :::   00:10:02.4802546

::::::::::: PostAcquireRequestState Request called at 8/9/2018 12:10:02 AM   :::   00:10:02.4802546

::::::::::: PreRequestHandlerExecute Request called at 8/9/2018 12:10:02 AM   :::   00:10:02.4802546

::::::::::: PreSendRequestContent Request called at 8/9/2018 12:10:10 AM   :::   00:10:10.8461302

::::::::::: PreSendRequestHeaders Request called at 8/9/2018 12:10:10 AM   :::   00:10:10.8501306

::::::::::: PostRequestHandlerExecute Request called at 8/9/2018 12:10:10 AM   :::   00:10:10.8656490

::::::::::: ReleaseRequestState Request called at 8/9/2018 12:10:10 AM   :::   00:10:10.8666497

::::::::::: PostReleaseRequestState Request called at 8/9/2018 12:10:10 AM   :::   00:10:10.8706561

::::::::::: UpdateRequestCache Request called at 8/9/2018 12:10:10 AM   :::   00:10:10.8746565

::::::::::: EndRequest Request called at 8/9/2018 12:10:10 AM   :::   00:10:10.8786574

::::::::::: PreSendRequestContent Request called at 8/9/2018 12:10:10 AM   :::   00:10:10.8826571

::::::::::: BeginRequest Request called at 8/9/2018 12:11:42 AM   :::   00:11:42.6010481

::::::::::: AuthenticateRequest Request called at 8/9/2018 12:11:42 AM   :::   00:11:42.6050481

::::::::::: PostAuthenticateRequest Request called at 8/9/2018 12:11:42 AM   :::   00:11:42.6050481

::::::::::: AuthorizeRequest Request called at 8/9/2018 12:11:42 AM   :::   00:11:42.6050481

::::::::::: PostAuthorizeRequest Request called at 8/9/2018 12:11:42 AM   :::   00:11:42.6090486

::::::::::: End Request called at 8/9/2018 12:11:42 AM   :::   00:11:42.6090486

::::::::::: PostResolveRequestCache Request called at 8/9/2018 12:11:42 AM   :::   00:11:42.6090486

::::::::::: AcquireRequestState Request called at 8/9/2018 12:11:42 AM   :::   00:11:42.6130499

::::::::::: PostAcquireRequestState Request called at 8/9/2018 12:11:42 AM   :::   00:11:42.6130499

::::::::::: PreRequestHandlerExecute Request called at 8/9/2018 12:11:42 AM   :::   00:11:42.6130499

::::::::::: PreSendRequestContent Request called at 8/9/2018 12:11:47 AM   :::   00:11:47.3636306

::::::::::: PreSendRequestHeaders Request called at 8/9/2018 12:11:47 AM   :::   00:11:47.3636306

::::::::::: PostRequestHandlerExecute Request called at 8/9/2018 12:11:47 AM   :::   00:11:47.3796384

::::::::::: ReleaseRequestState Request called at 8/9/2018 12:11:47 AM   :::   00:11:47.3836408

::::::::::: PostReleaseRequestState Request called at 8/9/2018 12:11:47 AM   :::   00:11:47.3916473

::::::::::: UpdateRequestCache Request called at 8/9/2018 12:11:47 AM   :::   00:11:47.3956517

::::::::::: EndRequest Request called at 8/9/2018 12:11:47 AM   :::   00:11:47.3996522

::::::::::: PreSendRequestContent Request called at 8/9/2018 12:11:47 AM   :::   00:11:47.3996522

::::::::::: BeginRequest Request called at 8/9/2018 12:11:47 AM   :::   00:11:47.4676559

::::::::::: AuthenticateRequest Request called at 8/9/2018 12:11:47 AM   :::   00:11:47.4676559

::::::::::: PostAuthenticateRequest Request called at 8/9/2018 12:11:47 AM   :::   00:11:47.4716576

::::::::::: AuthorizeRequest Request called at 8/9/2018 12:11:47 AM   :::   00:11:47.4716576

::::::::::: PostAuthorizeRequest Request called at 8/9/2018 12:11:47 AM   :::   00:11:47.4716576

::::::::::: End Request called at 8/9/2018 12:11:47 AM   :::   00:11:47.4761598

::::::::::: PostResolveRequestCache Request called at 8/9/2018 12:11:47 AM   :::   00:11:47.4781616

::::::::::: AcquireRequestState Request called at 8/9/2018 12:11:47 AM   :::   00:11:47.4791619

::::::::::: PostAcquireRequestState Request called at 8/9/2018 12:11:47 AM   :::   00:11:47.4806628

::::::::::: PreRequestHandlerExecute Request called at 8/9/2018 12:11:47 AM   :::   00:11:47.4821640

::::::::::: PreSendRequestContent Request called at 8/9/2018 12:13:10 AM   :::   00:13:10.2279397

::::::::::: PreSendRequestHeaders Request called at 8/9/2018 12:13:10 AM   :::   00:13:10.2289401

::::::::::: PostRequestHandlerExecute Request called at 8/9/2018 12:13:10 AM   :::   00:13:10.2309415

::::::::::: ReleaseRequestState Request called at 8/9/2018 12:13:10 AM   :::   00:13:10.2324423

::::::::::: PostReleaseRequestState Request called at 8/9/2018 12:13:10 AM   :::   00:13:10.2339432

::::::::::: UpdateRequestCache Request called at 8/9/2018 12:13:10 AM   :::   00:13:10.2349443

::::::::::: EndRequest Request called at 8/9/2018 12:13:10 AM   :::   00:13:10.2369465

::::::::::: PreSendRequestContent Request called at 8/9/2018 12:13:10 AM   :::   00:13:10.2384462

::::::::::: BeginRequest Request called at 8/9/2018 12:13:44 AM   :::   00:13:44.9427724

::::::::::: AuthenticateRequest Request called at 8/9/2018 12:13:44 AM   :::   00:13:44.9467728

::::::::::: PostAuthenticateRequest Request called at 8/9/2018 12:13:44 AM   :::   00:13:44.9467728

::::::::::: AuthorizeRequest Request called at 8/9/2018 12:13:44 AM   :::   00:13:44.9507733

::::::::::: PostAuthorizeRequest Request called at 8/9/2018 12:13:44 AM   :::   00:13:44.9507733

::::::::::: End Request called at 8/9/2018 12:13:44 AM   :::   00:13:44.9507733

::::::::::: PostResolveRequestCache Request called at 8/9/2018 12:13:44 AM   :::   00:13:44.9547730

::::::::::: AcquireRequestState Request called at 8/9/2018 12:13:44 AM   :::   00:13:44.9547730

::::::::::: PostAcquireRequestState Request called at 8/9/2018 12:13:44 AM   :::   00:13:44.9587739

::::::::::: PreRequestHandlerExecute Request called at 8/9/2018 12:13:44 AM   :::   00:13:44.9587739

::::::::::: PreSendRequestContent Request called at 8/9/2018 12:13:47 AM   :::   00:13:47.6976666

::::::::::: PreSendRequestHeaders Request called at 8/9/2018 12:13:47 AM   :::   00:13:47.7016698

::::::::::: PostRequestHandlerExecute Request called at 8/9/2018 12:13:47 AM   :::   00:13:47.7216670

::::::::::: ReleaseRequestState Request called at 8/9/2018 12:13:47 AM   :::   00:13:47.7256683

::::::::::: PostReleaseRequestState Request called at 8/9/2018 12:13:47 AM   :::   00:13:47.7296672

::::::::::: UpdateRequestCache Request called at 8/9/2018 12:13:47 AM   :::   00:13:47.7296672

::::::::::: EndRequest Request called at 8/9/2018 12:13:47 AM   :::   00:13:47.7336677

::::::::::: PreSendRequestContent Request called at 8/9/2018 12:13:47 AM   :::   00:13:47.7336677

::::::::::: BeginRequest Request called at 8/9/2018 12:13:47 AM   :::   00:13:47.8136910

::::::::::: AuthenticateRequest Request called at 8/9/2018 12:13:47 AM   :::   00:13:47.8136910

::::::::::: PostAuthenticateRequest Request called at 8/9/2018 12:13:47 AM   :::   00:13:47.8176942

::::::::::: AuthorizeRequest Request called at 8/9/2018 12:13:47 AM   :::   00:13:47.8176942

::::::::::: PostAuthorizeRequest Request called at 8/9/2018 12:13:47 AM   :::   00:13:47.8176942

::::::::::: End Request called at 8/9/2018 12:13:47 AM   :::   00:13:47.8176942

::::::::::: PostResolveRequestCache Request called at 8/9/2018 12:13:47 AM   :::   00:13:47.8216919

::::::::::: AcquireRequestState Request called at 8/9/2018 12:13:47 AM   :::   00:13:47.8216919

::::::::::: PostAcquireRequestState Request called at 8/9/2018 12:13:47 AM   :::   00:13:47.8216919

::::::::::: PreRequestHandlerExecute Request called at 8/9/2018 12:13:47 AM   :::   00:13:47.8256920

::::::::::: PreSendRequestContent Request called at 8/9/2018 12:13:57 AM   :::   00:13:57.1516864

::::::::::: PreSendRequestHeaders Request called at 8/9/2018 12:13:57 AM   :::   00:13:57.1596802

::::::::::: PostRequestHandlerExecute Request called at 8/9/2018 12:13:57 AM   :::   00:13:57.1796802

::::::::::: ReleaseRequestState Request called at 8/9/2018 12:13:57 AM   :::   00:13:57.1796802

::::::::::: PostReleaseRequestState Request called at 8/9/2018 12:13:57 AM   :::   00:13:57.1861894

::::::::::: UpdateRequestCache Request called at 8/9/2018 12:13:57 AM   :::   00:13:57.1896913

::::::::::: EndRequest Request called at 8/9/2018 12:13:57 AM   :::   00:13:57.1936949

::::::::::: PreSendRequestContent Request called at 8/9/2018 12:13:57 AM   :::   00:13:57.1961961

::::::::::: BeginRequest Request called at 8/9/2018 12:16:11 AM   :::   00:16:11.9946621

::::::::::: AuthenticateRequest Request called at 8/9/2018 12:16:11 AM   :::   00:16:11.9986621

::::::::::: PostAuthenticateRequest Request called at 8/9/2018 12:16:11 AM   :::   00:16:11.9986621

::::::::::: AuthorizeRequest Request called at 8/9/2018 12:16:11 AM   :::   00:16:11.9986621

::::::::::: PostAuthorizeRequest Request called at 8/9/2018 12:16:12 AM   :::   00:16:12.0026630

::::::::::: End Request called at 8/9/2018 12:16:12 AM   :::   00:16:12.0026630

::::::::::: PostResolveRequestCache Request called at 8/9/2018 12:16:12 AM   :::   00:16:12.0066631

::::::::::: AcquireRequestState Request called at 8/9/2018 12:16:12 AM   :::   00:16:12.0106640

::::::::::: PostAcquireRequestState Request called at 8/9/2018 12:16:12 AM   :::   00:16:12.0146747

::::::::::: PreRequestHandlerExecute Request called at 8/9/2018 12:16:12 AM   :::   00:16:12.0186633

::::::::::: PreSendRequestContent Request called at 8/9/2018 12:16:14 AM   :::   00:16:14.2607492

::::::::::: PreSendRequestHeaders Request called at 8/9/2018 12:16:14 AM   :::   00:16:14.2647485

::::::::::: PostRequestHandlerExecute Request called at 8/9/2018 12:16:14 AM   :::   00:16:14.2787593

::::::::::: ReleaseRequestState Request called at 8/9/2018 12:16:14 AM   :::   00:16:14.2807599

::::::::::: PostReleaseRequestState Request called at 8/9/2018 12:16:14 AM   :::   00:16:14.2817614

::::::::::: UpdateRequestCache Request called at 8/9/2018 12:16:14 AM   :::   00:16:14.2832611

::::::::::: EndRequest Request called at 8/9/2018 12:16:14 AM   :::   00:16:14.2842618

::::::::::: PreSendRequestContent Request called at 8/9/2018 12:16:14 AM   :::   00:16:14.2852621

::::::::::: BeginRequest Request called at 8/9/2018 12:16:14 AM   :::   00:16:14.3487743

::::::::::: AuthenticateRequest Request called at 8/9/2018 12:16:14 AM   :::   00:16:14.3487743

::::::::::: PostAuthenticateRequest Request called at 8/9/2018 12:16:14 AM   :::   00:16:14.3487743

::::::::::: AuthorizeRequest Request called at 8/9/2018 12:16:14 AM   :::   00:16:14.3527743

::::::::::: PostAuthorizeRequest Request called at 8/9/2018 12:16:14 AM   :::   00:16:14.3527743

::::::::::: End Request called at 8/9/2018 12:16:14 AM   :::   00:16:14.3527743

::::::::::: PostResolveRequestCache Request called at 8/9/2018 12:16:14 AM   :::   00:16:14.3567776

::::::::::: AcquireRequestState Request called at 8/9/2018 12:16:14 AM   :::   00:16:14.3567776

::::::::::: PostAcquireRequestState Request called at 8/9/2018 12:16:14 AM   :::   00:16:14.3567776

::::::::::: PreRequestHandlerExecute Request called at 8/9/2018 12:16:14 AM   :::   00:16:14.3607741

::::::::::: BeginRequest Request called at 8/9/2018 8:43:43 PM   :::   20:43:43.9941300

::::::::::: AuthenticateRequest Request called at 8/9/2018 8:43:44 PM   :::   20:43:44.0026362

::::::::::: PostAuthenticateRequest Request called at 8/9/2018 8:43:44 PM   :::   20:43:44.0071392

::::::::::: AuthorizeRequest Request called at 8/9/2018 8:43:44 PM   :::   20:43:44.0111421

::::::::::: PostAuthorizeRequest Request called at 8/9/2018 8:43:44 PM   :::   20:43:44.0131427

::::::::::: End Request called at 8/9/2018 8:43:44 PM   :::   20:43:44.0146440

::::::::::: PostResolveRequestCache Request called at 8/9/2018 8:43:44 PM   :::   20:43:44.0561732

::::::::::: AcquireRequestState Request called at 8/9/2018 8:43:44 PM   :::   20:43:44.0706837

::::::::::: PostAcquireRequestState Request called at 8/9/2018 8:43:44 PM   :::   20:43:44.0751895

::::::::::: PreRequestHandlerExecute Request called at 8/9/2018 8:43:44 PM   :::   20:43:44.0786890

::::::::::: PostRequestHandlerExecute Request called at 8/9/2018 8:43:45 PM   :::   20:43:45.3455898

::::::::::: ReleaseRequestState Request called at 8/9/2018 8:43:45 PM   :::   20:43:45.3485919

::::::::::: PostReleaseRequestState Request called at 8/9/2018 8:43:45 PM   :::   20:43:45.3540960

::::::::::: UpdateRequestCache Request called at 8/9/2018 8:43:45 PM   :::   20:43:45.4266470

::::::::::: EndRequest Request called at 8/9/2018 8:43:45 PM   :::   20:43:45.4296491

::::::::::: PreSendRequestContent Request called at 8/9/2018 8:43:45 PM   :::   20:43:45.4396562

::::::::::: PreSendRequestHeaders Request called at 8/9/2018 8:43:45 PM   :::   20:43:45.4421578

::::::::::: BeginRequest Request called at 8/9/2018 8:43:45 PM   :::   20:43:45.8769667

::::::::::: AuthenticateRequest Request called at 8/9/2018 8:43:45 PM   :::   20:43:45.8809695

::::::::::: PostAuthenticateRequest Request called at 8/9/2018 8:43:45 PM   :::   20:43:45.8834707

::::::::::: AuthorizeRequest Request called at 8/9/2018 8:43:45 PM   :::   20:43:45.8849724

::::::::::: PostAuthorizeRequest Request called at 8/9/2018 8:43:45 PM   :::   20:43:45.8864729

::::::::::: End Request called at 8/9/2018 8:43:45 PM   :::   20:43:45.8879741

::::::::::: PostResolveRequestCache Request called at 8/9/2018 8:43:45 PM   :::   20:43:45.8914768

::::::::::: AcquireRequestState Request called at 8/9/2018 8:43:45 PM   :::   20:43:45.8929777

::::::::::: PostAcquireRequestState Request called at 8/9/2018 8:43:45 PM   :::   20:43:45.8949791

::::::::::: PreRequestHandlerExecute Request called at 8/9/2018 8:43:45 PM   :::   20:43:45.8974807

::::::::::: PostRequestHandlerExecute Request called at 8/9/2018 8:43:45 PM   :::   20:43:45.9760382

::::::::::: ReleaseRequestState Request called at 8/9/2018 8:43:45 PM   :::   20:43:45.9780381

::::::::::: PostReleaseRequestState Request called at 8/9/2018 8:43:45 PM   :::   20:43:45.9810406

::::::::::: UpdateRequestCache Request called at 8/9/2018 8:43:45 PM   :::   20:43:45.9845429

::::::::::: EndRequest Request called at 8/9/2018 8:43:45 PM   :::   20:43:45.9870449

::::::::::: PreSendRequestContent Request called at 8/9/2018 8:43:45 PM   :::   20:43:45.9905476

::::::::::: PreSendRequestHeaders Request called at 8/9/2018 8:43:45 PM   :::   20:43:45.9930495

::::::::::: BeginRequest Request called at 8/9/2018 8:43:46 PM   :::   20:43:46.3137301

::::::::::: AuthenticateRequest Request called at 8/9/2018 8:43:46 PM   :::   20:43:46.3162325

::::::::::: PostAuthenticateRequest Request called at 8/9/2018 8:43:46 PM   :::   20:43:46.3177325

::::::::::: AuthorizeRequest Request called at 8/9/2018 8:43:46 PM   :::   20:43:46.3192342

::::::::::: PostAuthorizeRequest Request called at 8/9/2018 8:43:46 PM   :::   20:43:46.3207351

::::::::::: End Request called at 8/9/2018 8:43:46 PM   :::   20:43:46.3227365

::::::::::: PostResolveRequestCache Request called at 8/9/2018 8:43:46 PM   :::   20:43:46.3257382

::::::::::: AcquireRequestState Request called at 8/9/2018 8:43:46 PM   :::   20:43:46.3257382

::::::::::: PostAcquireRequestState Request called at 8/9/2018 8:43:46 PM   :::   20:43:46.3299179

::::::::::: PreRequestHandlerExecute Request called at 8/9/2018 8:43:46 PM   :::   20:43:46.3299179

::::::::::: PostRequestHandlerExecute Request called at 8/9/2018 8:43:46 PM   :::   20:43:46.4174333

::::::::::: ReleaseRequestState Request called at 8/9/2018 8:43:46 PM   :::   20:43:46.4194343

::::::::::: PostReleaseRequestState Request called at 8/9/2018 8:43:46 PM   :::   20:43:46.4204347

::::::::::: UpdateRequestCache Request called at 8/9/2018 8:43:46 PM   :::   20:43:46.4219363

::::::::::: EndRequest Request called at 8/9/2018 8:43:46 PM   :::   20:43:46.4229382

::::::::::: PreSendRequestContent Request called at 8/9/2018 8:43:46 PM   :::   20:43:46.4244387

::::::::::: PreSendRequestHeaders Request called at 8/9/2018 8:43:46 PM   :::   20:43:46.4259392

::::::::::: BeginRequest Request called at 8/9/2018 8:43:46 PM   :::   20:43:46.5384060

::::::::::: AuthenticateRequest Request called at 8/9/2018 8:43:46 PM   :::   20:43:46.5424061

::::::::::: PostAuthenticateRequest Request called at 8/9/2018 8:43:46 PM   :::   20:43:46.5424061

::::::::::: AuthorizeRequest Request called at 8/9/2018 8:43:46 PM   :::   20:43:46.5424061

::::::::::: PostAuthorizeRequest Request called at 8/9/2018 8:43:46 PM   :::   20:43:46.5464065

::::::::::: End Request called at 8/9/2018 8:43:46 PM   :::   20:43:46.5464065

::::::::::: PostResolveRequestCache Request called at 8/9/2018 8:43:46 PM   :::   20:43:46.5464065

::::::::::: AcquireRequestState Request called at 8/9/2018 8:43:46 PM   :::   20:43:46.5504066

::::::::::: PostAcquireRequestState Request called at 8/9/2018 8:43:46 PM   :::   20:43:46.5504066

::::::::::: PreRequestHandlerExecute Request called at 8/9/2018 8:43:46 PM   :::   20:43:46.5504066

::::::::::: PreSendRequestContent Request called at 8/9/2018 8:43:54 PM   :::   20:43:54.8505768

::::::::::: PreSendRequestHeaders Request called at 8/9/2018 8:43:54 PM   :::   20:43:54.8505768

::::::::::: PostRequestHandlerExecute Request called at 8/9/2018 8:43:54 PM   :::   20:43:54.8662013

::::::::::: ReleaseRequestState Request called at 8/9/2018 8:43:54 PM   :::   20:43:54.8662013

::::::::::: PostReleaseRequestState Request called at 8/9/2018 8:43:54 PM   :::   20:43:54.8662013

::::::::::: UpdateRequestCache Request called at 8/9/2018 8:43:54 PM   :::   20:43:54.8662013

::::::::::: EndRequest Request called at 8/9/2018 8:43:54 PM   :::   20:43:54.8662013

::::::::::: PreSendRequestContent Request called at 8/9/2018 8:43:54 PM   :::   20:43:54.8662013

::::::::::: BeginRequest Request called at 8/9/2018 8:46:37 PM   :::   20:46:37.4812052

::::::::::: AuthenticateRequest Request called at 8/9/2018 8:46:37 PM   :::   20:46:37.4852053

::::::::::: PostAuthenticateRequest Request called at 8/9/2018 8:46:37 PM   :::   20:46:37.4852053

::::::::::: AuthorizeRequest Request called at 8/9/2018 8:46:37 PM   :::   20:46:37.4892066

::::::::::: PostAuthorizeRequest Request called at 8/9/2018 8:46:37 PM   :::   20:46:37.4892066

::::::::::: End Request called at 8/9/2018 8:46:37 PM   :::   20:46:37.4892066

::::::::::: PostResolveRequestCache Request called at 8/9/2018 8:46:37 PM   :::   20:46:37.4932058

::::::::::: AcquireRequestState Request called at 8/9/2018 8:46:37 PM   :::   20:46:37.4932058

::::::::::: PostAcquireRequestState Request called at 8/9/2018 8:46:37 PM   :::   20:46:37.4932058

::::::::::: PreRequestHandlerExecute Request called at 8/9/2018 8:46:37 PM   :::   20:46:37.4932058

::::::::::: PreSendRequestContent Request called at 8/9/2018 8:46:39 PM   :::   20:46:39.8274258

::::::::::: PreSendRequestHeaders Request called at 8/9/2018 8:46:39 PM   :::   20:46:39.8274258

::::::::::: PostRequestHandlerExecute Request called at 8/9/2018 8:46:39 PM   :::   20:46:39.8434269

::::::::::: ReleaseRequestState Request called at 8/9/2018 8:46:39 PM   :::   20:46:39.8474270

::::::::::: PostReleaseRequestState Request called at 8/9/2018 8:46:39 PM   :::   20:46:39.8474270

::::::::::: UpdateRequestCache Request called at 8/9/2018 8:46:39 PM   :::   20:46:39.8549377

::::::::::: EndRequest Request called at 8/9/2018 8:46:39 PM   :::   20:46:39.8564358

::::::::::: PreSendRequestContent Request called at 8/9/2018 8:46:39 PM   :::   20:46:39.8579366

::::::::::: BeginRequest Request called at 8/9/2018 8:46:40 PM   :::   20:46:40.1570164

::::::::::: AuthenticateRequest Request called at 8/9/2018 8:46:40 PM   :::   20:46:40.1585177

::::::::::: PostAuthenticateRequest Request called at 8/9/2018 8:46:40 PM   :::   20:46:40.1600186

::::::::::: AuthorizeRequest Request called at 8/9/2018 8:46:40 PM   :::   20:46:40.1615206

::::::::::: PostAuthorizeRequest Request called at 8/9/2018 8:46:40 PM   :::   20:46:40.1625206

::::::::::: End Request called at 8/9/2018 8:46:40 PM   :::   20:46:40.1640218

::::::::::: PostResolveRequestCache Request called at 8/9/2018 8:46:40 PM   :::   20:46:40.1655231

::::::::::: AcquireRequestState Request called at 8/9/2018 8:46:40 PM   :::   20:46:40.1670287

::::::::::: PostAcquireRequestState Request called at 8/9/2018 8:46:40 PM   :::   20:46:40.1670287

::::::::::: PreRequestHandlerExecute Request called at 8/9/2018 8:46:40 PM   :::   20:46:40.1710698

::::::::::: BeginRequest Request called at 8/9/2018 8:51:38 PM   :::   20:51:38.1038679

::::::::::: AuthenticateRequest Request called at 8/9/2018 8:51:38 PM   :::   20:51:38.1108732

::::::::::: PostAuthenticateRequest Request called at 8/9/2018 8:51:38 PM   :::   20:51:38.1138758

::::::::::: AuthorizeRequest Request called at 8/9/2018 8:51:38 PM   :::   20:51:38.1138758

::::::::::: PostAuthorizeRequest Request called at 8/9/2018 8:51:38 PM   :::   20:51:38.1178798

::::::::::: End Request called at 8/9/2018 8:51:38 PM   :::   20:51:38.1178798

::::::::::: PostResolveRequestCache Request called at 8/9/2018 8:51:38 PM   :::   20:51:38.2579082

::::::::::: AcquireRequestState Request called at 8/9/2018 8:51:38 PM   :::   20:51:38.2699076

::::::::::: PostAcquireRequestState Request called at 8/9/2018 8:51:38 PM   :::   20:51:38.2779094

::::::::::: PreRequestHandlerExecute Request called at 8/9/2018 8:51:38 PM   :::   20:51:38.2819091

::::::::::: PostRequestHandlerExecute Request called at 8/9/2018 8:51:40 PM   :::   20:51:40.9907986

::::::::::: ReleaseRequestState Request called at 8/9/2018 8:51:40 PM   :::   20:51:40.9947999

::::::::::: PostReleaseRequestState Request called at 8/9/2018 8:51:40 PM   :::   20:51:40.9947999

::::::::::: UpdateRequestCache Request called at 8/9/2018 8:51:41 PM   :::   20:51:41.0588225

::::::::::: EndRequest Request called at 8/9/2018 8:51:41 PM   :::   20:51:41.0628218

::::::::::: PreSendRequestContent Request called at 8/9/2018 8:51:41 PM   :::   20:51:41.0708235

::::::::::: PreSendRequestHeaders Request called at 8/9/2018 8:51:41 PM   :::   20:51:41.0748244

::::::::::: BeginRequest Request called at 8/9/2018 8:51:41 PM   :::   20:51:41.5646349

::::::::::: AuthenticateRequest Request called at 8/9/2018 8:51:41 PM   :::   20:51:41.5661361

::::::::::: PostAuthenticateRequest Request called at 8/9/2018 8:51:41 PM   :::   20:51:41.5671368

::::::::::: AuthorizeRequest Request called at 8/9/2018 8:51:41 PM   :::   20:51:41.5696392

::::::::::: PostAuthorizeRequest Request called at 8/9/2018 8:51:41 PM   :::   20:51:41.5711393

::::::::::: End Request called at 8/9/2018 8:51:41 PM   :::   20:51:41.5726410

::::::::::: PostResolveRequestCache Request called at 8/9/2018 8:51:41 PM   :::   20:51:41.5751425

::::::::::: AcquireRequestState Request called at 8/9/2018 8:51:41 PM   :::   20:51:41.5771443

::::::::::: PostAcquireRequestState Request called at 8/9/2018 8:51:41 PM   :::   20:51:41.5786452

::::::::::: PreRequestHandlerExecute Request called at 8/9/2018 8:51:41 PM   :::   20:51:41.5796455

::::::::::: PostRequestHandlerExecute Request called at 8/9/2018 8:51:41 PM   :::   20:51:41.6592026

::::::::::: ReleaseRequestState Request called at 8/9/2018 8:51:41 PM   :::   20:51:41.6612036

::::::::::: PostReleaseRequestState Request called at 8/9/2018 8:51:41 PM   :::   20:51:41.6642058

::::::::::: UpdateRequestCache Request called at 8/9/2018 8:51:41 PM   :::   20:51:41.6677085

::::::::::: EndRequest Request called at 8/9/2018 8:51:41 PM   :::   20:51:41.6697099

::::::::::: PreSendRequestContent Request called at 8/9/2018 8:51:41 PM   :::   20:51:41.6712119

::::::::::: PreSendRequestHeaders Request called at 8/9/2018 8:51:41 PM   :::   20:51:41.6727116

::::::::::: BeginRequest Request called at 8/9/2018 8:51:42 PM   :::   20:51:42.5517026

::::::::::: AuthenticateRequest Request called at 8/9/2018 8:51:42 PM   :::   20:51:42.5517026

::::::::::: PostAuthenticateRequest Request called at 8/9/2018 8:51:42 PM   :::   20:51:42.5557023

::::::::::: AuthorizeRequest Request called at 8/9/2018 8:51:42 PM   :::   20:51:42.5557023

::::::::::: PostAuthorizeRequest Request called at 8/9/2018 8:51:42 PM   :::   20:51:42.5602081

::::::::::: End Request called at 8/9/2018 8:51:42 PM   :::   20:51:42.5622091

::::::::::: PostResolveRequestCache Request called at 8/9/2018 8:51:42 PM   :::   20:51:42.5667129

::::::::::: AcquireRequestState Request called at 8/9/2018 8:51:42 PM   :::   20:51:42.5677132

::::::::::: PostAcquireRequestState Request called at 8/9/2018 8:51:42 PM   :::   20:51:42.5697162

::::::::::: PreRequestHandlerExecute Request called at 8/9/2018 8:51:42 PM   :::   20:51:42.5712167

::::::::::: PostRequestHandlerExecute Request called at 8/9/2018 8:51:42 PM   :::   20:51:42.6637360

::::::::::: ReleaseRequestState Request called at 8/9/2018 8:51:42 PM   :::   20:51:42.6657370

::::::::::: PostReleaseRequestState Request called at 8/9/2018 8:51:42 PM   :::   20:51:42.6677392

::::::::::: UpdateRequestCache Request called at 8/9/2018 8:51:42 PM   :::   20:51:42.6692397

::::::::::: EndRequest Request called at 8/9/2018 8:51:42 PM   :::   20:51:42.6707406

::::::::::: PreSendRequestContent Request called at 8/9/2018 8:51:42 PM   :::   20:51:42.6722411

::::::::::: PreSendRequestHeaders Request called at 8/9/2018 8:51:42 PM   :::   20:51:42.6737423

::::::::::: BeginRequest Request called at 8/9/2018 8:51:44 PM   :::   20:51:44.3621755

::::::::::: AuthenticateRequest Request called at 8/9/2018 8:51:44 PM   :::   20:51:44.3641777

::::::::::: PostAuthenticateRequest Request called at 8/9/2018 8:51:44 PM   :::   20:51:44.3656782

::::::::::: AuthorizeRequest Request called at 8/9/2018 8:51:44 PM   :::   20:51:44.3676796

::::::::::: PostAuthorizeRequest Request called at 8/9/2018 8:51:44 PM   :::   20:51:44.3691813

::::::::::: End Request called at 8/9/2018 8:51:44 PM   :::   20:51:44.3711823

::::::::::: PostResolveRequestCache Request called at 8/9/2018 8:51:44 PM   :::   20:51:44.3726828

::::::::::: AcquireRequestState Request called at 8/9/2018 8:51:44 PM   :::   20:51:44.3746846

::::::::::: PostAcquireRequestState Request called at 8/9/2018 8:51:44 PM   :::   20:51:44.3761855

::::::::::: PreRequestHandlerExecute Request called at 8/9/2018 8:51:44 PM   :::   20:51:44.3761855

::::::::::: PreSendRequestContent Request called at 8/9/2018 8:51:52 PM   :::   20:51:52.9323895

::::::::::: PreSendRequestHeaders Request called at 8/9/2018 8:51:52 PM   :::   20:51:52.9323895

::::::::::: PostRequestHandlerExecute Request called at 8/9/2018 8:51:52 PM   :::   20:51:52.9480179

::::::::::: ReleaseRequestState Request called at 8/9/2018 8:51:52 PM   :::   20:51:52.9480179

::::::::::: PostReleaseRequestState Request called at 8/9/2018 8:51:52 PM   :::   20:51:52.9480179

::::::::::: UpdateRequestCache Request called at 8/9/2018 8:51:52 PM   :::   20:51:52.9480179

::::::::::: EndRequest Request called at 8/9/2018 8:51:52 PM   :::   20:51:52.9636432

::::::::::: PreSendRequestContent Request called at 8/9/2018 8:51:52 PM   :::   20:51:52.9636432

::::::::::: BeginRequest Request called at 8/9/2018 8:53:06 PM   :::   20:53:06.0776958

::::::::::: AuthenticateRequest Request called at 8/9/2018 8:53:06 PM   :::   20:53:06.0817220

::::::::::: PostAuthenticateRequest Request called at 8/9/2018 8:53:06 PM   :::   20:53:06.0856968

::::::::::: AuthorizeRequest Request called at 8/9/2018 8:53:06 PM   :::   20:53:06.0896961

::::::::::: PostAuthorizeRequest Request called at 8/9/2018 8:53:06 PM   :::   20:53:06.0937238

::::::::::: End Request called at 8/9/2018 8:53:06 PM   :::   20:53:06.0977021

::::::::::: PostResolveRequestCache Request called at 8/9/2018 8:53:06 PM   :::   20:53:06.1016967

::::::::::: AcquireRequestState Request called at 8/9/2018 8:53:06 PM   :::   20:53:06.1057232

::::::::::: PostAcquireRequestState Request called at 8/9/2018 8:53:06 PM   :::   20:53:06.1097020

::::::::::: PreRequestHandlerExecute Request called at 8/9/2018 8:53:06 PM   :::   20:53:06.1097020

::::::::::: BeginRequest Request called at 8/9/2018 8:53:08 PM   :::   20:53:08.3882418

::::::::::: AuthenticateRequest Request called at 8/9/2018 8:53:08 PM   :::   20:53:08.3922419

::::::::::: PostAuthenticateRequest Request called at 8/9/2018 8:53:08 PM   :::   20:53:08.3922419

::::::::::: AuthorizeRequest Request called at 8/9/2018 8:53:08 PM   :::   20:53:08.3962423

::::::::::: PostAuthorizeRequest Request called at 8/9/2018 8:53:08 PM   :::   20:53:08.3962423

::::::::::: End Request called at 8/9/2018 8:53:08 PM   :::   20:53:08.3962423

::::::::::: PostResolveRequestCache Request called at 8/9/2018 8:53:08 PM   :::   20:53:08.4002420

::::::::::: AcquireRequestState Request called at 8/9/2018 8:53:08 PM   :::   20:53:08.4002420

::::::::::: PostAcquireRequestState Request called at 8/9/2018 8:53:08 PM   :::   20:53:08.4002420

::::::::::: PreRequestHandlerExecute Request called at 8/9/2018 8:53:08 PM   :::   20:53:08.4042425

::::::::::: PreSendRequestContent Request called at 8/9/2018 8:53:08 PM   :::   20:53:08.5002673

::::::::::: PreSendRequestHeaders Request called at 8/9/2018 8:53:08 PM   :::   20:53:08.5002673

::::::::::: PostRequestHandlerExecute Request called at 8/9/2018 8:53:08 PM   :::   20:53:08.5122687

::::::::::: ReleaseRequestState Request called at 8/9/2018 8:53:08 PM   :::   20:53:08.5122687

::::::::::: PostReleaseRequestState Request called at 8/9/2018 8:53:08 PM   :::   20:53:08.5162692

::::::::::: UpdateRequestCache Request called at 8/9/2018 8:53:08 PM   :::   20:53:08.5162692

::::::::::: EndRequest Request called at 8/9/2018 8:53:08 PM   :::   20:53:08.5202669

::::::::::: PreSendRequestContent Request called at 8/9/2018 8:53:08 PM   :::   20:53:08.5202669

::::::::::: BeginRequest Request called at 8/9/2018 8:53:08 PM   :::   20:53:08.7718475

::::::::::: AuthenticateRequest Request called at 8/9/2018 8:53:08 PM   :::   20:53:08.7718475

::::::::::: PostAuthenticateRequest Request called at 8/9/2018 8:53:08 PM   :::   20:53:08.7718475

::::::::::: AuthorizeRequest Request called at 8/9/2018 8:53:08 PM   :::   20:53:08.7758476

::::::::::: PostAuthorizeRequest Request called at 8/9/2018 8:53:08 PM   :::   20:53:08.7758476

::::::::::: End Request called at 8/9/2018 8:53:08 PM   :::   20:53:08.7798476

::::::::::: PostResolveRequestCache Request called at 8/9/2018 8:53:08 PM   :::   20:53:08.7798476

::::::::::: AcquireRequestState Request called at 8/9/2018 8:53:08 PM   :::   20:53:08.7798476

::::::::::: PostAcquireRequestState Request called at 8/9/2018 8:53:08 PM   :::   20:53:08.7838485

::::::::::: PreRequestHandlerExecute Request called at 8/9/2018 8:53:08 PM   :::   20:53:08.7838485

::::::::::: PreSendRequestContent Request called at 8/9/2018 8:53:12 PM   :::   20:53:12.9633535

::::::::::: PreSendRequestHeaders Request called at 8/9/2018 8:53:12 PM   :::   20:53:12.9673488

::::::::::: PostRequestHandlerExecute Request called at 8/9/2018 8:53:12 PM   :::   20:53:12.9753352

::::::::::: ReleaseRequestState Request called at 8/9/2018 8:53:12 PM   :::   20:53:12.9793349

::::::::::: PostReleaseRequestState Request called at 8/9/2018 8:53:12 PM   :::   20:53:12.9793349

::::::::::: UpdateRequestCache Request called at 8/9/2018 8:53:12 PM   :::   20:53:12.9793349

::::::::::: EndRequest Request called at 8/9/2018 8:53:12 PM   :::   20:53:12.9833349

::::::::::: PreSendRequestContent Request called at 8/9/2018 8:53:12 PM   :::   20:53:12.9833349

::::::::::: BeginRequest Request called at 8/9/2018 8:53:13 PM   :::   20:53:13.0749511

::::::::::: AuthenticateRequest Request called at 8/9/2018 8:53:13 PM   :::   20:53:13.0749511

::::::::::: PostAuthenticateRequest Request called at 8/9/2018 8:53:13 PM   :::   20:53:13.0749511

::::::::::: AuthorizeRequest Request called at 8/9/2018 8:53:13 PM   :::   20:53:13.0749511

::::::::::: PostAuthorizeRequest Request called at 8/9/2018 8:53:13 PM   :::   20:53:13.0789646

::::::::::: End Request called at 8/9/2018 8:53:13 PM   :::   20:53:13.0789646

::::::::::: PostResolveRequestCache Request called at 8/9/2018 8:53:13 PM   :::   20:53:13.0789646

::::::::::: AcquireRequestState Request called at 8/9/2018 8:53:13 PM   :::   20:53:13.0829504

::::::::::: PostAcquireRequestState Request called at 8/9/2018 8:53:13 PM   :::   20:53:13.0829504

::::::::::: PreRequestHandlerExecute Request called at 8/9/2018 8:53:13 PM   :::   20:53:13.0829504

::::::::::: PreSendRequestContent Request called at 8/9/2018 8:54:52 PM   :::   20:54:52.9471858

::::::::::: PreSendRequestHeaders Request called at 8/9/2018 8:54:52 PM   :::   20:54:52.9511855

::::::::::: PostRequestHandlerExecute Request called at 8/9/2018 8:54:52 PM   :::   20:54:52.9711867

::::::::::: ReleaseRequestState Request called at 8/9/2018 8:54:52 PM   :::   20:54:52.9751935

::::::::::: PostReleaseRequestState Request called at 8/9/2018 8:54:52 PM   :::   20:54:52.9831893

::::::::::: UpdateRequestCache Request called at 8/9/2018 8:54:52 PM   :::   20:54:52.9912032

::::::::::: EndRequest Request called at 8/9/2018 8:54:52 PM   :::   20:54:52.9951907

::::::::::: PreSendRequestContent Request called at 8/9/2018 8:54:52 PM   :::   20:54:52.9951907

::::::::::: BeginRequest Request called at 8/9/2018 8:55:35 PM   :::   20:55:35.3302211

::::::::::: AuthenticateRequest Request called at 8/9/2018 8:55:35 PM   :::   20:55:35.3302211

::::::::::: PostAuthenticateRequest Request called at 8/9/2018 8:55:35 PM   :::   20:55:35.3342212

::::::::::: AuthorizeRequest Request called at 8/9/2018 8:55:35 PM   :::   20:55:35.3342212

::::::::::: PostAuthorizeRequest Request called at 8/9/2018 8:55:35 PM   :::   20:55:35.3387254

::::::::::: End Request called at 8/9/2018 8:55:35 PM   :::   20:55:35.3407268

::::::::::: PostResolveRequestCache Request called at 8/9/2018 8:55:35 PM   :::   20:55:35.3432295

::::::::::: AcquireRequestState Request called at 8/9/2018 8:55:35 PM   :::   20:55:35.3452302

::::::::::: PostAcquireRequestState Request called at 8/9/2018 8:55:35 PM   :::   20:55:35.3472312

::::::::::: PreRequestHandlerExecute Request called at 8/9/2018 8:55:35 PM   :::   20:55:35.3487321

::::::::::: PreSendRequestContent Request called at 8/9/2018 8:55:37 PM   :::   20:55:37.6041896

::::::::::: PreSendRequestHeaders Request called at 8/9/2018 8:55:37 PM   :::   20:55:37.6041896

::::::::::: PostRequestHandlerExecute Request called at 8/9/2018 8:55:37 PM   :::   20:55:37.6161938

::::::::::: ReleaseRequestState Request called at 8/9/2018 8:55:37 PM   :::   20:55:37.6201903

::::::::::: PostReleaseRequestState Request called at 8/9/2018 8:55:37 PM   :::   20:55:37.6201903

::::::::::: UpdateRequestCache Request called at 8/9/2018 8:55:37 PM   :::   20:55:37.6201903

::::::::::: EndRequest Request called at 8/9/2018 8:55:37 PM   :::   20:55:37.6241904

::::::::::: PreSendRequestContent Request called at 8/9/2018 8:55:37 PM   :::   20:55:37.6241904

::::::::::: BeginRequest Request called at 8/9/2018 8:55:37 PM   :::   20:55:37.6838856

::::::::::: AuthenticateRequest Request called at 8/9/2018 8:55:37 PM   :::   20:55:37.6838856

::::::::::: PostAuthenticateRequest Request called at 8/9/2018 8:55:37 PM   :::   20:55:37.6838856

::::::::::: AuthorizeRequest Request called at 8/9/2018 8:55:37 PM   :::   20:55:37.6838856

::::::::::: PostAuthorizeRequest Request called at 8/9/2018 8:55:37 PM   :::   20:55:37.6878833

::::::::::: End Request called at 8/9/2018 8:55:37 PM   :::   20:55:37.6878833

::::::::::: PostResolveRequestCache Request called at 8/9/2018 8:55:37 PM   :::   20:55:37.6878833

::::::::::: AcquireRequestState Request called at 8/9/2018 8:55:37 PM   :::   20:55:37.6918842

::::::::::: PostAcquireRequestState Request called at 8/9/2018 8:55:37 PM   :::   20:55:37.6918842

::::::::::: PreRequestHandlerExecute Request called at 8/9/2018 8:55:37 PM   :::   20:55:37.6918842

::::::::::: PreSendRequestContent Request called at 8/9/2018 8:55:55 PM   :::   20:55:55.3414488

::::::::::: PreSendRequestHeaders Request called at 8/9/2018 8:55:55 PM   :::   20:55:55.3454485

::::::::::: PostRequestHandlerExecute Request called at 8/9/2018 8:55:55 PM   :::   20:55:55.3614512

::::::::::: ReleaseRequestState Request called at 8/9/2018 8:55:55 PM   :::   20:55:55.3704623

::::::::::: PostReleaseRequestState Request called at 8/9/2018 8:55:55 PM   :::   20:55:55.3764654

::::::::::: UpdateRequestCache Request called at 8/9/2018 8:55:55 PM   :::   20:55:55.3804682

::::::::::: EndRequest Request called at 8/9/2018 8:55:55 PM   :::   20:55:55.3894785

::::::::::: PreSendRequestContent Request called at 8/9/2018 8:55:55 PM   :::   20:55:55.3974791

::::::::::: BeginRequest Request called at 8/9/2018 9:26:30 PM   :::   21:26:30.9651654

::::::::::: AuthenticateRequest Request called at 8/9/2018 9:26:30 PM   :::   21:26:30.9731727

::::::::::: PostAuthenticateRequest Request called at 8/9/2018 9:26:30 PM   :::   21:26:30.9806770

::::::::::: AuthorizeRequest Request called at 8/9/2018 9:26:30 PM   :::   21:26:30.9836792

::::::::::: PostAuthorizeRequest Request called at 8/9/2018 9:26:30 PM   :::   21:26:30.9851796

::::::::::: End Request called at 8/9/2018 9:26:30 PM   :::   21:26:30.9871811

::::::::::: PostResolveRequestCache Request called at 8/9/2018 9:26:31 PM   :::   21:26:31.1377886

::::::::::: AcquireRequestState Request called at 8/9/2018 9:26:31 PM   :::   21:26:31.2073374

::::::::::: PostAcquireRequestState Request called at 8/9/2018 9:26:31 PM   :::   21:26:31.2098394

::::::::::: PreRequestHandlerExecute Request called at 8/9/2018 9:26:31 PM   :::   21:26:31.2118408

::::::::::: PostRequestHandlerExecute Request called at 8/9/2018 9:26:35 PM   :::   21:26:35.0245484

::::::::::: ReleaseRequestState Request called at 8/9/2018 9:26:35 PM   :::   21:26:35.0270496

::::::::::: PostReleaseRequestState Request called at 8/9/2018 9:26:35 PM   :::   21:26:35.0420607

::::::::::: UpdateRequestCache Request called at 8/9/2018 9:26:35 PM   :::   21:26:35.1116106

::::::::::: EndRequest Request called at 8/9/2018 9:26:35 PM   :::   21:26:35.1141110

::::::::::: PreSendRequestContent Request called at 8/9/2018 9:26:35 PM   :::   21:26:35.1241185

::::::::::: PreSendRequestHeaders Request called at 8/9/2018 9:26:35 PM   :::   21:26:35.1261203

::::::::::: BeginRequest Request called at 8/9/2018 9:26:35 PM   :::   21:26:35.5199001

::::::::::: AuthenticateRequest Request called at 8/9/2018 9:26:35 PM   :::   21:26:35.5214010

::::::::::: PostAuthenticateRequest Request called at 8/9/2018 9:26:35 PM   :::   21:26:35.5229019

::::::::::: AuthorizeRequest Request called at 8/9/2018 9:26:35 PM   :::   21:26:35.5244028

::::::::::: PostAuthorizeRequest Request called at 8/9/2018 9:26:35 PM   :::   21:26:35.5259040

::::::::::: End Request called at 8/9/2018 9:26:35 PM   :::   21:26:35.5274049

::::::::::: PostResolveRequestCache Request called at 8/9/2018 9:26:35 PM   :::   21:26:35.5299069

::::::::::: AcquireRequestState Request called at 8/9/2018 9:26:35 PM   :::   21:26:35.5314077

::::::::::: PostAcquireRequestState Request called at 8/9/2018 9:26:35 PM   :::   21:26:35.5324084

::::::::::: PreRequestHandlerExecute Request called at 8/9/2018 9:26:35 PM   :::   21:26:35.5339093

::::::::::: PostRequestHandlerExecute Request called at 8/9/2018 9:26:35 PM   :::   21:26:35.6374834

::::::::::: ReleaseRequestState Request called at 8/9/2018 9:26:35 PM   :::   21:26:35.6454887

::::::::::: PostReleaseRequestState Request called at 8/9/2018 9:26:35 PM   :::   21:26:35.6549957

::::::::::: UpdateRequestCache Request called at 8/9/2018 9:26:35 PM   :::   21:26:35.6569971

::::::::::: EndRequest Request called at 8/9/2018 9:26:35 PM   :::   21:26:35.6584976

::::::::::: PreSendRequestContent Request called at 8/9/2018 9:26:35 PM   :::   21:26:35.6599992

::::::::::: PreSendRequestHeaders Request called at 8/9/2018 9:26:35 PM   :::   21:26:35.6615001

::::::::::: BeginRequest Request called at 8/9/2018 9:26:37 PM   :::   21:26:37.2174254

::::::::::: AuthenticateRequest Request called at 8/9/2018 9:26:37 PM   :::   21:26:37.2189263

::::::::::: PostAuthenticateRequest Request called at 8/9/2018 9:26:37 PM   :::   21:26:37.2204272

::::::::::: AuthorizeRequest Request called at 8/9/2018 9:26:37 PM   :::   21:26:37.2219280

::::::::::: PostAuthorizeRequest Request called at 8/9/2018 9:26:37 PM   :::   21:26:37.2234289

::::::::::: End Request called at 8/9/2018 9:26:37 PM   :::   21:26:37.2249305

::::::::::: PostResolveRequestCache Request called at 8/9/2018 9:26:37 PM   :::   21:26:37.2294332

::::::::::: AcquireRequestState Request called at 8/9/2018 9:26:37 PM   :::   21:26:37.2309352

::::::::::: PostAcquireRequestState Request called at 8/9/2018 9:26:37 PM   :::   21:26:37.2329362

::::::::::: PreRequestHandlerExecute Request called at 8/9/2018 9:26:37 PM   :::   21:26:37.2344371

::::::::::: PostRequestHandlerExecute Request called at 8/9/2018 9:26:37 PM   :::   21:26:37.3265033

::::::::::: ReleaseRequestState Request called at 8/9/2018 9:26:37 PM   :::   21:26:37.3280029

::::::::::: PostReleaseRequestState Request called at 8/9/2018 9:26:37 PM   :::   21:26:37.3295038

::::::::::: UpdateRequestCache Request called at 8/9/2018 9:26:37 PM   :::   21:26:37.3310055

::::::::::: EndRequest Request called at 8/9/2018 9:26:37 PM   :::   21:26:37.3320078

::::::::::: PreSendRequestContent Request called at 8/9/2018 9:26:37 PM   :::   21:26:37.3335074

::::::::::: PreSendRequestHeaders Request called at 8/9/2018 9:26:37 PM   :::   21:26:37.3350083

::::::::::: BeginRequest Request called at 8/9/2018 9:26:37 PM   :::   21:26:37.3473725

::::::::::: AuthenticateRequest Request called at 8/9/2018 9:26:37 PM   :::   21:26:37.3473725

::::::::::: PostAuthenticateRequest Request called at 8/9/2018 9:26:37 PM   :::   21:26:37.3513730

::::::::::: AuthorizeRequest Request called at 8/9/2018 9:26:37 PM   :::   21:26:37.3513730

::::::::::: PostAuthorizeRequest Request called at 8/9/2018 9:26:37 PM   :::   21:26:37.3553735

::::::::::: End Request called at 8/9/2018 9:26:37 PM   :::   21:26:37.3553735

::::::::::: PostResolveRequestCache Request called at 8/9/2018 9:26:37 PM   :::   21:26:37.3553735

::::::::::: AcquireRequestState Request called at 8/9/2018 9:26:37 PM   :::   21:26:37.3593739

::::::::::: PostAcquireRequestState Request called at 8/9/2018 9:26:37 PM   :::   21:26:37.3593739

::::::::::: PreRequestHandlerExecute Request called at 8/9/2018 9:26:37 PM   :::   21:26:37.3633740

::::::::::: PreSendRequestContent Request called at 8/9/2018 9:26:45 PM   :::   21:26:45.6318392

::::::::::: PreSendRequestHeaders Request called at 8/9/2018 9:26:45 PM   :::   21:26:45.6328395

::::::::::: PostRequestHandlerExecute Request called at 8/9/2018 9:26:45 PM   :::   21:26:45.6328395

::::::::::: ReleaseRequestState Request called at 8/9/2018 9:26:45 PM   :::   21:26:45.6328395

::::::::::: PostReleaseRequestState Request called at 8/9/2018 9:26:45 PM   :::   21:26:45.6328395

::::::::::: UpdateRequestCache Request called at 8/9/2018 9:26:45 PM   :::   21:26:45.6328395

::::::::::: EndRequest Request called at 8/9/2018 9:26:45 PM   :::   21:26:45.6486760

::::::::::: PreSendRequestContent Request called at 8/9/2018 9:26:45 PM   :::   21:26:45.6486760

::::::::::: BeginRequest Request called at 8/9/2018 9:27:23 PM   :::   21:27:23.4502246

::::::::::: AuthenticateRequest Request called at 8/9/2018 9:27:23 PM   :::   21:27:23.4542247

::::::::::: PostAuthenticateRequest Request called at 8/9/2018 9:27:23 PM   :::   21:27:23.4542247

::::::::::: AuthorizeRequest Request called at 8/9/2018 9:27:23 PM   :::   21:27:23.4582244

::::::::::: PostAuthorizeRequest Request called at 8/9/2018 9:27:23 PM   :::   21:27:23.4582244

::::::::::: End Request called at 8/9/2018 9:27:23 PM   :::   21:27:23.4582244

::::::::::: PostResolveRequestCache Request called at 8/9/2018 9:27:23 PM   :::   21:27:23.4622249

::::::::::: AcquireRequestState Request called at 8/9/2018 9:27:23 PM   :::   21:27:23.4622249

::::::::::: PostAcquireRequestState Request called at 8/9/2018 9:27:23 PM   :::   21:27:23.4662254

::::::::::: PreRequestHandlerExecute Request called at 8/9/2018 9:27:23 PM   :::   21:27:23.4662254

::::::::::: PostRequestHandlerExecute Request called at 8/9/2018 9:27:23 PM   :::   21:27:23.4702254

::::::::::: ReleaseRequestState Request called at 8/9/2018 9:27:23 PM   :::   21:27:23.4702254

::::::::::: PostReleaseRequestState Request called at 8/9/2018 9:27:23 PM   :::   21:27:23.4742255

::::::::::: UpdateRequestCache Request called at 8/9/2018 9:27:23 PM   :::   21:27:23.4742255

::::::::::: EndRequest Request called at 8/9/2018 9:27:23 PM   :::   21:27:23.4742255

::::::::::: PreSendRequestContent Request called at 8/9/2018 9:27:23 PM   :::   21:27:23.4782260

::::::::::: PreSendRequestHeaders Request called at 8/9/2018 9:27:23 PM   :::   21:27:23.4782260

::::::::::: BeginRequest Request called at 8/9/2018 9:27:23 PM   :::   21:27:23.4857331

::::::::::: AuthenticateRequest Request called at 8/9/2018 9:27:23 PM   :::   21:27:23.4877349

::::::::::: PostAuthenticateRequest Request called at 8/9/2018 9:27:23 PM   :::   21:27:23.4892362

::::::::::: AuthorizeRequest Request called at 8/9/2018 9:27:23 PM   :::   21:27:23.4907374

::::::::::: PostAuthorizeRequest Request called at 8/9/2018 9:27:23 PM   :::   21:27:23.4927389

::::::::::: End Request called at 8/9/2018 9:27:23 PM   :::   21:27:23.4942405

::::::::::: PostResolveRequestCache Request called at 8/9/2018 9:27:23 PM   :::   21:27:23.4957410

::::::::::: AcquireRequestState Request called at 8/9/2018 9:27:23 PM   :::   21:27:23.4972422

::::::::::: PostAcquireRequestState Request called at 8/9/2018 9:27:23 PM   :::   21:27:23.4982422

::::::::::: PreRequestHandlerExecute Request called at 8/9/2018 9:27:23 PM   :::   21:27:23.4982422

::::::::::: PreSendRequestContent Request called at 8/9/2018 9:27:28 PM   :::   21:27:28.8285315

::::::::::: PreSendRequestHeaders Request called at 8/9/2018 9:27:28 PM   :::   21:27:28.8285315

::::::::::: Error Request called at 8/9/2018 9:27:28 PM   :::   21:27:28.8325324

::::::::::: PreSendRequestContent Request called at 8/9/2018 9:27:29 PM   :::   21:27:29.1612360

::::::::::: PreSendRequestContent Request called at 8/9/2018 9:27:29 PM   :::   21:27:29.1612360

::::::::::: PreSendRequestContent Request called at 8/9/2018 9:27:29 PM   :::   21:27:29.1612360

::::::::::: PreSendRequestContent Request called at 8/9/2018 9:27:29 PM   :::   21:27:29.1612360

::::::::::: EndRequest Request called at 8/9/2018 9:27:29 PM   :::   21:27:29.1612360

::::::::::: PreSendRequestContent Request called at 8/9/2018 9:27:29 PM   :::   21:27:29.1612360

::::::::::: BeginRequest Request called at 8/9/2018 9:27:34 PM   :::   21:27:34.9686610

::::::::::: AuthenticateRequest Request called at 8/9/2018 9:27:34 PM   :::   21:27:34.9726658

::::::::::: PostAuthenticateRequest Request called at 8/9/2018 9:27:34 PM   :::   21:27:34.9726658

::::::::::: AuthorizeRequest Request called at 8/9/2018 9:27:34 PM   :::   21:27:34.9766659

::::::::::: PostAuthorizeRequest Request called at 8/9/2018 9:27:34 PM   :::   21:27:34.9766659

::::::::::: End Request called at 8/9/2018 9:27:34 PM   :::   21:27:34.9806668

::::::::::: PostResolveRequestCache Request called at 8/9/2018 9:27:34 PM   :::   21:27:34.9846672

::::::::::: AcquireRequestState Request called at 8/9/2018 9:27:34 PM   :::   21:27:34.9886669

::::::::::: PostAcquireRequestState Request called at 8/9/2018 9:27:34 PM   :::   21:27:34.9926666

::::::::::: PreRequestHandlerExecute Request called at 8/9/2018 9:27:34 PM   :::   21:27:34.9926666

::::::::::: PreSendRequestContent Request called at 8/9/2018 9:27:49 PM   :::   21:27:49.9733645

::::::::::: PreSendRequestHeaders Request called at 8/9/2018 9:27:49 PM   :::   21:27:49.9743645

::::::::::: Error Request called at 8/9/2018 9:27:49 PM   :::   21:27:49.9758653

::::::::::: PreSendRequestContent Request called at 8/9/2018 9:27:50 PM   :::   21:27:50.1739121

::::::::::: PreSendRequestContent Request called at 8/9/2018 9:27:50 PM   :::   21:27:50.1754133

::::::::::: PreSendRequestContent Request called at 8/9/2018 9:27:50 PM   :::   21:27:50.1759139

::::::::::: PreSendRequestContent Request called at 8/9/2018 9:27:50 PM   :::   21:27:50.1759139

::::::::::: EndRequest Request called at 8/9/2018 9:27:50 PM   :::   21:27:50.1799199

::::::::::: PreSendRequestContent Request called at 8/9/2018 9:27:50 PM   :::   21:27:50.1799199

::::::::::: BeginRequest Request called at 8/9/2018 9:39:52 PM   :::   21:39:52.6038004

::::::::::: AuthenticateRequest Request called at 8/9/2018 9:39:52 PM   :::   21:39:52.6078024

::::::::::: PostAuthenticateRequest Request called at 8/9/2018 9:39:52 PM   :::   21:39:52.6098026

::::::::::: AuthorizeRequest Request called at 8/9/2018 9:39:52 PM   :::   21:39:52.6108041

::::::::::: PostAuthorizeRequest Request called at 8/9/2018 9:39:52 PM   :::   21:39:52.6128048

::::::::::: End Request called at 8/9/2018 9:39:52 PM   :::   21:39:52.6148050

::::::::::: PostResolveRequestCache Request called at 8/9/2018 9:39:52 PM   :::   21:39:52.6158073

::::::::::: AcquireRequestState Request called at 8/9/2018 9:39:52 PM   :::   21:39:52.6178083

::::::::::: PostAcquireRequestState Request called at 8/9/2018 9:39:52 PM   :::   21:39:52.6208097

::::::::::: PreRequestHandlerExecute Request called at 8/9/2018 9:39:52 PM   :::   21:39:52.6228119

::::::::::: PostRequestHandlerExecute Request called at 8/9/2018 9:39:52 PM   :::   21:39:52.6278150

::::::::::: ReleaseRequestState Request called at 8/9/2018 9:39:52 PM   :::   21:39:52.6298165

::::::::::: PostReleaseRequestState Request called at 8/9/2018 9:39:52 PM   :::   21:39:52.6328186

::::::::::: UpdateRequestCache Request called at 8/9/2018 9:39:52 PM   :::   21:39:52.6338193

::::::::::: EndRequest Request called at 8/9/2018 9:39:52 PM   :::   21:39:52.6388233

::::::::::: PreSendRequestContent Request called at 8/9/2018 9:39:52 PM   :::   21:39:52.6398236

::::::::::: PreSendRequestHeaders Request called at 8/9/2018 9:39:52 PM   :::   21:39:52.6418250

::::::::::: BeginRequest Request called at 8/9/2018 9:39:52 PM   :::   21:39:52.6513359

::::::::::: AuthenticateRequest Request called at 8/9/2018 9:39:52 PM   :::   21:39:52.6538375

::::::::::: PostAuthenticateRequest Request called at 8/9/2018 9:39:52 PM   :::   21:39:52.6563390

::::::::::: AuthorizeRequest Request called at 8/9/2018 9:39:52 PM   :::   21:39:52.6578399

::::::::::: PostAuthorizeRequest Request called at 8/9/2018 9:39:52 PM   :::   21:39:52.6593408

::::::::::: End Request called at 8/9/2018 9:39:52 PM   :::   21:39:52.6603419

::::::::::: PostResolveRequestCache Request called at 8/9/2018 9:39:52 PM   :::   21:39:52.6623437

::::::::::: AcquireRequestState Request called at 8/9/2018 9:39:52 PM   :::   21:39:52.6643455

::::::::::: PostAcquireRequestState Request called at 8/9/2018 9:39:52 PM   :::   21:39:52.6673469

::::::::::: PreRequestHandlerExecute Request called at 8/9/2018 9:39:52 PM   :::   21:39:52.6703494

::::::::::: PreSendRequestContent Request called at 8/9/2018 9:39:59 PM   :::   21:39:59.6235126

::::::::::: PreSendRequestHeaders Request called at 8/9/2018 9:39:59 PM   :::   21:39:59.6255136

::::::::::: PostRequestHandlerExecute Request called at 8/9/2018 9:39:59 PM   :::   21:39:59.6375044

::::::::::: ReleaseRequestState Request called at 8/9/2018 9:39:59 PM   :::   21:39:59.6405065

::::::::::: PostReleaseRequestState Request called at 8/9/2018 9:39:59 PM   :::   21:39:59.6435078

::::::::::: UpdateRequestCache Request called at 8/9/2018 9:39:59 PM   :::   21:39:59.6475119

::::::::::: EndRequest Request called at 8/9/2018 9:39:59 PM   :::   21:39:59.6505124

::::::::::: PreSendRequestContent Request called at 8/9/2018 9:39:59 PM   :::   21:39:59.6535145

::::::::::: BeginRequest Request called at 8/9/2018 9:40:03 PM   :::   21:40:03.3197505

::::::::::: AuthenticateRequest Request called at 8/9/2018 9:40:03 PM   :::   21:40:03.3217520

::::::::::: PostAuthenticateRequest Request called at 8/9/2018 9:40:03 PM   :::   21:40:03.3237530

::::::::::: AuthorizeRequest Request called at 8/9/2018 9:40:03 PM   :::   21:40:03.3267559

::::::::::: PostAuthorizeRequest Request called at 8/9/2018 9:40:03 PM   :::   21:40:03.3287565

::::::::::: End Request called at 8/9/2018 9:40:03 PM   :::   21:40:03.3297572

::::::::::: PostResolveRequestCache Request called at 8/9/2018 9:40:03 PM   :::   21:40:03.3327598

::::::::::: AcquireRequestState Request called at 8/9/2018 9:40:03 PM   :::   21:40:03.3337605

::::::::::: PostAcquireRequestState Request called at 8/9/2018 9:40:03 PM   :::   21:40:03.3357623

::::::::::: PreRequestHandlerExecute Request called at 8/9/2018 9:40:03 PM   :::   21:40:03.3377629

::::::::::: PostRequestHandlerExecute Request called at 8/9/2018 9:40:03 PM   :::   21:40:03.3397651

::::::::::: ReleaseRequestState Request called at 8/9/2018 9:40:03 PM   :::   21:40:03.3407651

::::::::::: PostReleaseRequestState Request called at 8/9/2018 9:40:03 PM   :::   21:40:03.3427712

::::::::::: UpdateRequestCache Request called at 8/9/2018 9:40:03 PM   :::   21:40:03.3447679

::::::::::: EndRequest Request called at 8/9/2018 9:40:03 PM   :::   21:40:03.3497719

::::::::::: PreSendRequestContent Request called at 8/9/2018 9:40:03 PM   :::   21:40:03.3547754

::::::::::: PreSendRequestHeaders Request called at 8/9/2018 9:40:03 PM   :::   21:40:03.3557761

::::::::::: BeginRequest Request called at 8/9/2018 9:40:03 PM   :::   21:40:03.3717871

::::::::::: AuthenticateRequest Request called at 8/9/2018 9:40:03 PM   :::   21:40:03.3737885

::::::::::: PostAuthenticateRequest Request called at 8/9/2018 9:40:03 PM   :::   21:40:03.3777917

::::::::::: AuthorizeRequest Request called at 8/9/2018 9:40:03 PM   :::   21:40:03.3807943

::::::::::: PostAuthorizeRequest Request called at 8/9/2018 9:40:03 PM   :::   21:40:03.3827957

::::::::::: End Request called at 8/9/2018 9:40:03 PM   :::   21:40:03.3867981

::::::::::: PostResolveRequestCache Request called at 8/9/2018 9:40:03 PM   :::   21:40:03.3887992

::::::::::: AcquireRequestState Request called at 8/9/2018 9:40:03 PM   :::   21:40:03.3928020

::::::::::: PostAcquireRequestState Request called at 8/9/2018 9:40:03 PM   :::   21:40:03.3958045

::::::::::: PreRequestHandlerExecute Request called at 8/9/2018 9:40:03 PM   :::   21:40:03.3988071

::::::::::: PreSendRequestContent Request called at 8/9/2018 9:40:07 PM   :::   21:40:07.5390269

::::::::::: PreSendRequestHeaders Request called at 8/9/2018 9:40:07 PM   :::   21:40:07.5410292

::::::::::: PostRequestHandlerExecute Request called at 8/9/2018 9:40:07 PM   :::   21:40:07.5480337

::::::::::: ReleaseRequestState Request called at 8/9/2018 9:40:07 PM   :::   21:40:07.5490341

::::::::::: PostReleaseRequestState Request called at 8/9/2018 9:40:07 PM   :::   21:40:07.5510371

::::::::::: UpdateRequestCache Request called at 8/9/2018 9:40:07 PM   :::   21:40:07.5520370

::::::::::: EndRequest Request called at 8/9/2018 9:40:07 PM   :::   21:40:07.5540376

::::::::::: PreSendRequestContent Request called at 8/9/2018 9:40:07 PM   :::   21:40:07.5560386

::::::::::: BeginRequest Request called at 8/9/2018 9:40:32 PM   :::   21:40:32.1032426

::::::::::: AuthenticateRequest Request called at 8/9/2018 9:40:32 PM   :::   21:40:32.1042425

::::::::::: PostAuthenticateRequest Request called at 8/9/2018 9:40:32 PM   :::   21:40:32.1062439

::::::::::: AuthorizeRequest Request called at 8/9/2018 9:40:32 PM   :::   21:40:32.1077483

::::::::::: PostAuthorizeRequest Request called at 8/9/2018 9:40:32 PM   :::   21:40:32.1092496

::::::::::: End Request called at 8/9/2018 9:40:32 PM   :::   21:40:32.1112502

::::::::::: PostResolveRequestCache Request called at 8/9/2018 9:40:32 PM   :::   21:40:32.1137530

::::::::::: AcquireRequestState Request called at 8/9/2018 9:40:32 PM   :::   21:40:32.1162557

::::::::::: PostAcquireRequestState Request called at 8/9/2018 9:40:32 PM   :::   21:40:32.1192575

::::::::::: PreRequestHandlerExecute Request called at 8/9/2018 9:40:32 PM   :::   21:40:32.1207580

::::::::::: PostRequestHandlerExecute Request called at 8/9/2018 9:40:32 PM   :::   21:40:32.1252653

::::::::::: ReleaseRequestState Request called at 8/9/2018 9:40:32 PM   :::   21:40:32.1292745

::::::::::: PostReleaseRequestState Request called at 8/9/2018 9:40:32 PM   :::   21:40:32.1322699

::::::::::: UpdateRequestCache Request called at 8/9/2018 9:40:32 PM   :::   21:40:32.1352728

::::::::::: EndRequest Request called at 8/9/2018 9:40:32 PM   :::   21:40:32.1372738

::::::::::: PreSendRequestContent Request called at 8/9/2018 9:40:32 PM   :::   21:40:32.1402799

::::::::::: PreSendRequestHeaders Request called at 8/9/2018 9:40:32 PM   :::   21:40:32.1422813

::::::::::: BeginRequest Request called at 8/9/2018 9:40:32 PM   :::   21:40:32.1502831

::::::::::: AuthenticateRequest Request called at 8/9/2018 9:40:32 PM   :::   21:40:32.1542855

::::::::::: PostAuthenticateRequest Request called at 8/9/2018 9:40:32 PM   :::   21:40:32.1552862

::::::::::: AuthorizeRequest Request called at 8/9/2018 9:40:32 PM   :::   21:40:32.1582887

::::::::::: PostAuthorizeRequest Request called at 8/9/2018 9:40:32 PM   :::   21:40:32.1592891

::::::::::: End Request called at 8/9/2018 9:40:32 PM   :::   21:40:32.1612925

::::::::::: PostResolveRequestCache Request called at 8/9/2018 9:40:32 PM   :::   21:40:32.1622916

::::::::::: AcquireRequestState Request called at 8/9/2018 9:40:32 PM   :::   21:40:32.1702977

::::::::::: PostAcquireRequestState Request called at 8/9/2018 9:40:32 PM   :::   21:40:32.1722983

::::::::::: PreRequestHandlerExecute Request called at 8/9/2018 9:40:32 PM   :::   21:40:32.1732990

::::::::::: PreSendRequestContent Request called at 8/9/2018 9:40:46 PM   :::   21:40:46.1914259

::::::::::: PreSendRequestHeaders Request called at 8/9/2018 9:40:46 PM   :::   21:40:46.1954279

::::::::::: Error Request called at 8/9/2018 9:40:46 PM   :::   21:40:46.2084380

::::::::::: PreSendRequestContent Request called at 8/9/2018 9:40:46 PM   :::   21:40:46.4976686

::::::::::: PreSendRequestContent Request called at 8/9/2018 9:40:46 PM   :::   21:40:46.5006711

::::::::::: PreSendRequestContent Request called at 8/9/2018 9:40:46 PM   :::   21:40:46.5016734

::::::::::: PreSendRequestContent Request called at 8/9/2018 9:40:46 PM   :::   21:40:46.5036732

::::::::::: EndRequest Request called at 8/9/2018 9:40:46 PM   :::   21:40:46.5046740

::::::::::: PreSendRequestContent Request called at 8/9/2018 9:40:46 PM   :::   21:40:46.5066754

::::::::::: BeginRequest Request called at 8/9/2018 9:41:36 PM   :::   21:41:36.2727464

::::::::::: AuthenticateRequest Request called at 8/9/2018 9:41:36 PM   :::   21:41:36.2737475

::::::::::: PostAuthenticateRequest Request called at 8/9/2018 9:41:36 PM   :::   21:41:36.2757481

::::::::::: AuthorizeRequest Request called at 8/9/2018 9:41:36 PM   :::   21:41:36.2767484

::::::::::: PostAuthorizeRequest Request called at 8/9/2018 9:41:36 PM   :::   21:41:36.2787502

::::::::::: End Request called at 8/9/2018 9:41:36 PM   :::   21:41:36.2797505

::::::::::: PostResolveRequestCache Request called at 8/9/2018 9:41:36 PM   :::   21:41:36.2817527

::::::::::: AcquireRequestState Request called at 8/9/2018 9:41:36 PM   :::   21:41:36.2837538

::::::::::: PostAcquireRequestState Request called at 8/9/2018 9:41:36 PM   :::   21:41:36.2857552

::::::::::: PreRequestHandlerExecute Request called at 8/9/2018 9:41:36 PM   :::   21:41:36.2867555

::::::::::: PreSendRequestContent Request called at 8/9/2018 9:41:46 PM   :::   21:41:46.7337715

::::::::::: PreSendRequestHeaders Request called at 8/9/2018 9:41:46 PM   :::   21:41:46.7357568

::::::::::: Error Request called at 8/9/2018 9:41:46 PM   :::   21:41:46.7427586

::::::::::: PreSendRequestContent Request called at 8/9/2018 9:41:47 PM   :::   21:41:47.0360517

::::::::::: PreSendRequestContent Request called at 8/9/2018 9:41:47 PM   :::   21:41:47.0410560

::::::::::: PreSendRequestContent Request called at 8/9/2018 9:41:47 PM   :::   21:41:47.0460584

::::::::::: PreSendRequestContent Request called at 8/9/2018 9:41:47 PM   :::   21:41:47.0510631

::::::::::: EndRequest Request called at 8/9/2018 9:41:47 PM   :::   21:41:47.0560663

::::::::::: PreSendRequestContent Request called at 8/9/2018 9:41:47 PM   :::   21:41:47.0630708

