::::::::::: BeginRequest Request called at 10/12/2018 9:00:49 PM   :::   21:00:49.5496538

::::::::::: AuthenticateRequest Request called at 10/12/2018 9:00:49 PM   :::   21:00:49.5821550

::::::::::: PostAuthenticateRequest Request called at 10/12/2018 9:00:49 PM   :::   21:00:49.5936578

::::::::::: AuthorizeRequest Request called at 10/12/2018 9:00:49 PM   :::   21:00:49.6031561

::::::::::: PostAuthorizeRequest Request called at 10/12/2018 9:00:49 PM   :::   21:00:49.6101544

::::::::::: End Request called at 10/12/2018 9:00:49 PM   :::   21:00:49.6201583

::::::::::: PostResolveRequestCache Request called at 10/12/2018 9:00:49 PM   :::   21:00:49.6391576

::::::::::: AcquireRequestState Request called at 10/12/2018 9:00:49 PM   :::   21:00:49.6491549

::::::::::: PostAcquireRequestState Request called at 10/12/2018 9:00:49 PM   :::   21:00:49.6526556

::::::::::: PreRequestHandlerExecute Request called at 10/12/2018 9:00:49 PM   :::   21:00:49.6541561

::::::::::: PostResolveRequestCache Request called at 10/12/2018 9:00:49 PM   :::   21:00:49.7391577

::::::::::: AcquireRequestState Request called at 10/12/2018 9:00:49 PM   :::   21:00:49.7411571

::::::::::: PostAcquireRequestState Request called at 10/12/2018 9:00:49 PM   :::   21:00:49.7436567

::::::::::: PreRequestHandlerExecute Request called at 10/12/2018 9:00:49 PM   :::   21:00:49.7451568

::::::::::: PostRequestHandlerExecute Request called at 10/12/2018 9:00:49 PM   :::   21:00:49.7841565

::::::::::: ReleaseRequestState Request called at 10/12/2018 9:00:49 PM   :::   21:00:49.7866573

::::::::::: PostReleaseRequestState Request called at 10/12/2018 9:00:49 PM   :::   21:00:49.7891581

::::::::::: UpdateRequestCache Request called at 10/12/2018 9:00:49 PM   :::   21:00:49.7911571

::::::::::: EndRequest Request called at 10/12/2018 9:00:49 PM   :::   21:00:49.7956574

::::::::::: PreSendRequestContent Request called at 10/12/2018 9:00:49 PM   :::   21:00:49.8081550

::::::::::: PreSendRequestHeaders Request called at 10/12/2018 9:00:49 PM   :::   21:00:49.8106558

::::::::::: BeginRequest Request called at 10/12/2018 9:00:49 PM   :::   21:00:49.9151592

::::::::::: AuthenticateRequest Request called at 10/12/2018 9:00:49 PM   :::   21:00:49.9166573

::::::::::: PostAuthenticateRequest Request called at 10/12/2018 9:00:49 PM   :::   21:00:49.9191577

::::::::::: AuthorizeRequest Request called at 10/12/2018 9:00:49 PM   :::   21:00:49.9211544

::::::::::: PostAuthorizeRequest Request called at 10/12/2018 9:00:49 PM   :::   21:00:49.9231566

::::::::::: End Request called at 10/12/2018 9:00:49 PM   :::   21:00:49.9241554

::::::::::: PostResolveRequestCache Request called at 10/12/2018 9:00:49 PM   :::   21:00:49.9261580

::::::::::: AcquireRequestState Request called at 10/12/2018 9:00:49 PM   :::   21:00:49.9276581

::::::::::: PostAcquireRequestState Request called at 10/12/2018 9:00:49 PM   :::   21:00:49.9291562

::::::::::: PreRequestHandlerExecute Request called at 10/12/2018 9:00:49 PM   :::   21:00:49.9311552

::::::::::: PostRequestHandlerExecute Request called at 10/12/2018 9:00:53 PM   :::   21:00:53.1287899

::::::::::: ReleaseRequestState Request called at 10/12/2018 9:00:53 PM   :::   21:00:53.1302900

::::::::::: PostReleaseRequestState Request called at 10/12/2018 9:00:53 PM   :::   21:00:53.1322898

::::::::::: UpdateRequestCache Request called at 10/12/2018 9:00:53 PM   :::   21:00:53.1817917

::::::::::: EndRequest Request called at 10/12/2018 9:00:53 PM   :::   21:00:53.1832902

::::::::::: PreSendRequestContent Request called at 10/12/2018 9:00:53 PM   :::   21:00:53.1847902

::::::::::: PreSendRequestHeaders Request called at 10/12/2018 9:00:53 PM   :::   21:00:53.1862915

::::::::::: BeginRequest Request called at 10/12/2018 9:00:53 PM   :::   21:00:53.5577937

::::::::::: AuthenticateRequest Request called at 10/12/2018 9:00:53 PM   :::   21:00:53.5593092

::::::::::: PostAuthenticateRequest Request called at 10/12/2018 9:00:53 PM   :::   21:00:53.5612901

::::::::::: AuthorizeRequest Request called at 10/12/2018 9:00:53 PM   :::   21:00:53.5622900

::::::::::: PostAuthorizeRequest Request called at 10/12/2018 9:00:53 PM   :::   21:00:53.5642898

::::::::::: End Request called at 10/12/2018 9:00:53 PM   :::   21:00:53.5657899

::::::::::: PostResolveRequestCache Request called at 10/12/2018 9:00:53 PM   :::   21:00:53.5672896

::::::::::: AcquireRequestState Request called at 10/12/2018 9:00:53 PM   :::   21:00:53.5692902

::::::::::: PostAcquireRequestState Request called at 10/12/2018 9:00:53 PM   :::   21:00:53.5707895

::::::::::: PreRequestHandlerExecute Request called at 10/12/2018 9:00:53 PM   :::   21:00:53.5722900

::::::::::: PostRequestHandlerExecute Request called at 10/12/2018 9:00:53 PM   :::   21:00:53.5922900

::::::::::: ReleaseRequestState Request called at 10/12/2018 9:00:53 PM   :::   21:00:53.5937909

::::::::::: PostReleaseRequestState Request called at 10/12/2018 9:00:53 PM   :::   21:00:53.5957903

::::::::::: UpdateRequestCache Request called at 10/12/2018 9:00:53 PM   :::   21:00:53.6007903

::::::::::: EndRequest Request called at 10/12/2018 9:00:53 PM   :::   21:00:53.6027925

::::::::::: PreSendRequestContent Request called at 10/12/2018 9:00:53 PM   :::   21:00:53.6042914

::::::::::: PreSendRequestHeaders Request called at 10/12/2018 9:00:53 PM   :::   21:00:53.6057911

::::::::::: PreSendRequestContent Request called at 10/12/2018 9:00:58 PM   :::   21:00:58.1637039

::::::::::: PreSendRequestHeaders Request called at 10/12/2018 9:00:58 PM   :::   21:00:58.1652162

::::::::::: PostRequestHandlerExecute Request called at 10/12/2018 9:00:58 PM   :::   21:00:58.1737007

::::::::::: ReleaseRequestState Request called at 10/12/2018 9:00:58 PM   :::   21:00:58.1762035

::::::::::: PostReleaseRequestState Request called at 10/12/2018 9:00:58 PM   :::   21:00:58.1787035

::::::::::: UpdateRequestCache Request called at 10/12/2018 9:00:58 PM   :::   21:00:58.1807017

::::::::::: EndRequest Request called at 10/12/2018 9:00:58 PM   :::   21:00:58.1837015

::::::::::: PreSendRequestContent Request called at 10/12/2018 9:00:58 PM   :::   21:00:58.1862011

::::::::::: BeginRequest Request called at 10/12/2018 9:01:38 PM   :::   21:01:38.6429205

::::::::::: AuthenticateRequest Request called at 10/12/2018 9:01:38 PM   :::   21:01:38.6449199

::::::::::: PostAuthenticateRequest Request called at 10/12/2018 9:01:38 PM   :::   21:01:38.6469217

::::::::::: AuthorizeRequest Request called at 10/12/2018 9:01:38 PM   :::   21:01:38.6489196

::::::::::: PostAuthorizeRequest Request called at 10/12/2018 9:01:38 PM   :::   21:01:38.6509214

::::::::::: End Request called at 10/12/2018 9:01:38 PM   :::   21:01:38.6529189

::::::::::: PostResolveRequestCache Request called at 10/12/2018 9:01:38 PM   :::   21:01:38.6559202

::::::::::: AcquireRequestState Request called at 10/12/2018 9:01:38 PM   :::   21:01:38.6579232

::::::::::: PostAcquireRequestState Request called at 10/12/2018 9:01:38 PM   :::   21:01:38.6599215

::::::::::: PreRequestHandlerExecute Request called at 10/12/2018 9:01:38 PM   :::   21:01:38.6619217

::::::::::: PostRequestHandlerExecute Request called at 10/12/2018 9:01:38 PM   :::   21:01:38.6699199

::::::::::: ReleaseRequestState Request called at 10/12/2018 9:01:38 PM   :::   21:01:38.6739216

::::::::::: PostReleaseRequestState Request called at 10/12/2018 9:01:38 PM   :::   21:01:38.6794284

::::::::::: UpdateRequestCache Request called at 10/12/2018 9:01:38 PM   :::   21:01:38.6814311

::::::::::: EndRequest Request called at 10/12/2018 9:01:38 PM   :::   21:01:38.6834305

::::::::::: PreSendRequestContent Request called at 10/12/2018 9:01:38 PM   :::   21:01:38.6914291

::::::::::: PreSendRequestHeaders Request called at 10/12/2018 9:01:38 PM   :::   21:01:38.6929276

::::::::::: BeginRequest Request called at 10/12/2018 9:01:38 PM   :::   21:01:38.6969399

::::::::::: AuthenticateRequest Request called at 10/12/2018 9:01:38 PM   :::   21:01:38.6989397

::::::::::: PostAuthenticateRequest Request called at 10/12/2018 9:01:38 PM   :::   21:01:38.7009396

::::::::::: AuthorizeRequest Request called at 10/12/2018 9:01:38 PM   :::   21:01:38.7029394

::::::::::: PostAuthorizeRequest Request called at 10/12/2018 9:01:38 PM   :::   21:01:38.7039409

::::::::::: End Request called at 10/12/2018 9:01:38 PM   :::   21:01:38.7059392

::::::::::: PostResolveRequestCache Request called at 10/12/2018 9:01:38 PM   :::   21:01:38.7079418

::::::::::: AcquireRequestState Request called at 10/12/2018 9:01:38 PM   :::   21:01:38.7089413

::::::::::: PostAcquireRequestState Request called at 10/12/2018 9:01:38 PM   :::   21:01:38.7119482

::::::::::: PreRequestHandlerExecute Request called at 10/12/2018 9:01:38 PM   :::   21:01:38.7139390

::::::::::: PreSendRequestContent Request called at 10/12/2018 9:01:55 PM   :::   21:01:55.4825868

::::::::::: PreSendRequestHeaders Request called at 10/12/2018 9:01:55 PM   :::   21:01:55.5136014

::::::::::: Error Request called at 10/12/2018 9:01:55 PM   :::   21:01:55.5326117

::::::::::: PreSendRequestContent Request called at 10/12/2018 9:02:05 PM   :::   21:02:05.6891233

::::::::::: PreSendRequestContent Request called at 10/12/2018 9:02:05 PM   :::   21:02:05.7081234

::::::::::: PreSendRequestContent Request called at 10/12/2018 9:02:05 PM   :::   21:02:05.7191206

::::::::::: PreSendRequestContent Request called at 10/12/2018 9:02:05 PM   :::   21:02:05.7406301

::::::::::: EndRequest Request called at 10/12/2018 9:02:05 PM   :::   21:02:05.7466387

::::::::::: PreSendRequestContent Request called at 10/12/2018 9:02:05 PM   :::   21:02:05.7486429

