::::::::::: BeginRequest Request called at 11/29/2018 7:45:25 PM   :::   19:45:25.1375912

::::::::::: AuthenticateRequest Request called at 11/29/2018 7:45:25 PM   :::   19:45:25.1460927

::::::::::: PostAuthenticateRequest Request called at 11/29/2018 7:45:25 PM   :::   19:45:25.1515925

::::::::::: AuthorizeRequest Request called at 11/29/2018 7:45:25 PM   :::   19:45:25.1540925

::::::::::: PostAuthorizeRequest Request called at 11/29/2018 7:45:25 PM   :::   19:45:25.1555921

::::::::::: End Request called at 11/29/2018 7:45:25 PM   :::   19:45:25.1580917

::::::::::: PostResolveRequestCache Request called at 11/29/2018 7:45:25 PM   :::   19:45:25.2025920

::::::::::: AcquireRequestState Request called at 11/29/2018 7:45:25 PM   :::   19:45:25.2160928

::::::::::: PostAcquireRequestState Request called at 11/29/2018 7:45:25 PM   :::   19:45:25.2200925

::::::::::: PreRequestHandlerExecute Request called at 11/29/2018 7:45:25 PM   :::   19:45:25.2220927

::::::::::: PostRequestHandlerExecute Request called at 11/29/2018 7:45:26 PM   :::   19:45:26.6335921

::::::::::: ReleaseRequestState Request called at 11/29/2018 7:45:26 PM   :::   19:45:26.6360913

::::::::::: PostReleaseRequestState Request called at 11/29/2018 7:45:26 PM   :::   19:45:26.6385933

::::::::::: UpdateRequestCache Request called at 11/29/2018 7:45:26 PM   :::   19:45:26.7115963

::::::::::: EndRequest Request called at 11/29/2018 7:45:26 PM   :::   19:45:26.7150926

::::::::::: PreSendRequestContent Request called at 11/29/2018 7:45:26 PM   :::   19:45:26.7245905

::::::::::: PreSendRequestHeaders Request called at 11/29/2018 7:45:26 PM   :::   19:45:26.7260898

::::::::::: BeginRequest Request called at 11/29/2018 7:45:32 PM   :::   19:45:32.9694155

::::::::::: AuthenticateRequest Request called at 11/29/2018 7:45:32 PM   :::   19:45:32.9724157

::::::::::: PostAuthenticateRequest Request called at 11/29/2018 7:45:32 PM   :::   19:45:32.9754155

::::::::::: AuthorizeRequest Request called at 11/29/2018 7:45:32 PM   :::   19:45:32.9774137

::::::::::: PostAuthorizeRequest Request called at 11/29/2018 7:45:32 PM   :::   19:45:32.9794152

::::::::::: End Request called at 11/29/2018 7:45:32 PM   :::   19:45:32.9819152

::::::::::: PostResolveRequestCache Request called at 11/29/2018 7:45:32 PM   :::   19:45:32.9899138

::::::::::: AcquireRequestState Request called at 11/29/2018 7:45:32 PM   :::   19:45:32.9934168

::::::::::: PostAcquireRequestState Request called at 11/29/2018 7:45:32 PM   :::   19:45:32.9964142

::::::::::: PreRequestHandlerExecute Request called at 11/29/2018 7:45:32 PM   :::   19:45:32.9989146

::::::::::: PreSendRequestContent Request called at 11/29/2018 7:46:07 PM   :::   19:46:07.8058685

::::::::::: PreSendRequestHeaders Request called at 11/29/2018 7:46:07 PM   :::   19:46:07.8078663

::::::::::: PostRequestHandlerExecute Request called at 11/29/2018 7:46:07 PM   :::   19:46:07.8238682

::::::::::: ReleaseRequestState Request called at 11/29/2018 7:46:07 PM   :::   19:46:07.8253683

::::::::::: PostReleaseRequestState Request called at 11/29/2018 7:46:07 PM   :::   19:46:07.8273686

::::::::::: UpdateRequestCache Request called at 11/29/2018 7:46:07 PM   :::   19:46:07.8288694

::::::::::: EndRequest Request called at 11/29/2018 7:46:07 PM   :::   19:46:07.8313686

::::::::::: PreSendRequestContent Request called at 11/29/2018 7:46:07 PM   :::   19:46:07.8333689

::::::::::: BeginRequest Request called at 11/29/2018 7:46:08 PM   :::   19:46:08.2008681

::::::::::: AuthenticateRequest Request called at 11/29/2018 7:46:08 PM   :::   19:46:08.2048682

::::::::::: PostAuthenticateRequest Request called at 11/29/2018 7:46:08 PM   :::   19:46:08.2063679

::::::::::: AuthorizeRequest Request called at 11/29/2018 7:46:08 PM   :::   19:46:08.2078672

::::::::::: PostAuthorizeRequest Request called at 11/29/2018 7:46:08 PM   :::   19:46:08.2088663

::::::::::: End Request called at 11/29/2018 7:46:08 PM   :::   19:46:08.2103664

::::::::::: PostResolveRequestCache Request called at 11/29/2018 7:46:08 PM   :::   19:46:08.2128684

::::::::::: AcquireRequestState Request called at 11/29/2018 7:46:08 PM   :::   19:46:08.2143669

::::::::::: PostAcquireRequestState Request called at 11/29/2018 7:46:08 PM   :::   19:46:08.2158678

::::::::::: PreRequestHandlerExecute Request called at 11/29/2018 7:46:08 PM   :::   19:46:08.2173674

::::::::::: PostRequestHandlerExecute Request called at 11/29/2018 7:46:28 PM   :::   19:46:28.1123728

::::::::::: ReleaseRequestState Request called at 11/29/2018 7:46:28 PM   :::   19:46:28.1138721

::::::::::: PostReleaseRequestState Request called at 11/29/2018 7:46:28 PM   :::   19:46:28.1158708

::::::::::: UpdateRequestCache Request called at 11/29/2018 7:46:28 PM   :::   19:46:28.1183712

::::::::::: EndRequest Request called at 11/29/2018 7:46:28 PM   :::   19:46:28.1218869

::::::::::: PreSendRequestContent Request called at 11/29/2018 7:46:28 PM   :::   19:46:28.1263694

::::::::::: PreSendRequestHeaders Request called at 11/29/2018 7:46:28 PM   :::   19:46:28.1273736

::::::::::: BeginRequest Request called at 11/29/2018 7:47:08 PM   :::   19:47:08.2599910

::::::::::: AuthenticateRequest Request called at 11/29/2018 7:47:08 PM   :::   19:47:08.2614872

::::::::::: PostAuthenticateRequest Request called at 11/29/2018 7:47:08 PM   :::   19:47:08.2639896

::::::::::: AuthorizeRequest Request called at 11/29/2018 7:47:08 PM   :::   19:47:08.2659926

::::::::::: PostAuthorizeRequest Request called at 11/29/2018 7:47:08 PM   :::   19:47:08.2679908

::::::::::: End Request called at 11/29/2018 7:47:08 PM   :::   19:47:08.2704908

::::::::::: PostResolveRequestCache Request called at 11/29/2018 7:47:08 PM   :::   19:47:08.2754904

::::::::::: AcquireRequestState Request called at 11/29/2018 7:47:08 PM   :::   19:47:08.2774930

::::::::::: PostAcquireRequestState Request called at 11/29/2018 7:47:08 PM   :::   19:47:08.2789896

::::::::::: PreRequestHandlerExecute Request called at 11/29/2018 7:47:08 PM   :::   19:47:08.2814923

::::::::::: PreSendRequestContent Request called at 11/29/2018 7:47:20 PM   :::   19:47:20.8268909

::::::::::: PreSendRequestHeaders Request called at 11/29/2018 7:47:20 PM   :::   19:47:20.8283906

::::::::::: PostRequestHandlerExecute Request called at 11/29/2018 7:47:20 PM   :::   19:47:20.8403912

::::::::::: ReleaseRequestState Request called at 11/29/2018 7:47:20 PM   :::   19:47:20.8438916

::::::::::: PostReleaseRequestState Request called at 11/29/2018 7:47:20 PM   :::   19:47:20.8468937

::::::::::: UpdateRequestCache Request called at 11/29/2018 7:47:20 PM   :::   19:47:20.8488927

::::::::::: EndRequest Request called at 11/29/2018 7:47:20 PM   :::   19:47:20.8503916

::::::::::: PreSendRequestContent Request called at 11/29/2018 7:47:20 PM   :::   19:47:20.8523919

::::::::::: BeginRequest Request called at 11/29/2018 7:47:20 PM   :::   19:47:20.9508923

::::::::::: AuthenticateRequest Request called at 11/29/2018 7:47:20 PM   :::   19:47:20.9543950

::::::::::: PostAuthenticateRequest Request called at 11/29/2018 7:47:20 PM   :::   19:47:20.9568930

::::::::::: AuthorizeRequest Request called at 11/29/2018 7:47:20 PM   :::   19:47:20.9593942

::::::::::: PostAuthorizeRequest Request called at 11/29/2018 7:47:20 PM   :::   19:47:20.9608915

::::::::::: End Request called at 11/29/2018 7:47:20 PM   :::   19:47:20.9628961

::::::::::: PostResolveRequestCache Request called at 11/29/2018 7:47:20 PM   :::   19:47:20.9653957

::::::::::: AcquireRequestState Request called at 11/29/2018 7:47:20 PM   :::   19:47:20.9733931

::::::::::: PostAcquireRequestState Request called at 11/29/2018 7:47:20 PM   :::   19:47:20.9758935

::::::::::: PreRequestHandlerExecute Request called at 11/29/2018 7:47:20 PM   :::   19:47:20.9788925

::::::::::: PreSendRequestContent Request called at 11/29/2018 7:47:24 PM   :::   19:47:24.2793879

::::::::::: PreSendRequestHeaders Request called at 11/29/2018 7:47:24 PM   :::   19:47:24.2818863

::::::::::: PostRequestHandlerExecute Request called at 11/29/2018 7:47:24 PM   :::   19:47:24.2863893

::::::::::: ReleaseRequestState Request called at 11/29/2018 7:47:24 PM   :::   19:47:24.2888885

::::::::::: PostReleaseRequestState Request called at 11/29/2018 7:47:24 PM   :::   19:47:24.2913889

::::::::::: UpdateRequestCache Request called at 11/29/2018 7:47:24 PM   :::   19:47:24.2933880

::::::::::: EndRequest Request called at 11/29/2018 7:47:24 PM   :::   19:47:24.2953866

::::::::::: PreSendRequestContent Request called at 11/29/2018 7:47:24 PM   :::   19:47:24.2978886

::::::::::: BeginRequest Request called at 11/29/2018 7:48:14 PM   :::   19:48:14.6244242

::::::::::: AuthenticateRequest Request called at 11/29/2018 7:48:14 PM   :::   19:48:14.6264237

::::::::::: PostAuthenticateRequest Request called at 11/29/2018 7:48:14 PM   :::   19:48:14.6284239

::::::::::: AuthorizeRequest Request called at 11/29/2018 7:48:14 PM   :::   19:48:14.6304234

::::::::::: PostAuthorizeRequest Request called at 11/29/2018 7:48:14 PM   :::   19:48:14.6324244

::::::::::: End Request called at 11/29/2018 7:48:14 PM   :::   19:48:14.6339245

::::::::::: PostResolveRequestCache Request called at 11/29/2018 7:48:14 PM   :::   19:48:14.6359263

::::::::::: AcquireRequestState Request called at 11/29/2018 7:48:14 PM   :::   19:48:14.6379242

::::::::::: PostAcquireRequestState Request called at 11/29/2018 7:48:14 PM   :::   19:48:14.6444266

::::::::::: PreRequestHandlerExecute Request called at 11/29/2018 7:48:14 PM   :::   19:48:14.6469238

::::::::::: PostRequestHandlerExecute Request called at 11/29/2018 7:48:14 PM   :::   19:48:14.6694255

::::::::::: ReleaseRequestState Request called at 11/29/2018 7:48:14 PM   :::   19:48:14.6774252

::::::::::: PostReleaseRequestState Request called at 11/29/2018 7:48:14 PM   :::   19:48:14.6794239

::::::::::: UpdateRequestCache Request called at 11/29/2018 7:48:14 PM   :::   19:48:14.6834259

::::::::::: EndRequest Request called at 11/29/2018 7:48:14 PM   :::   19:48:14.6864245

::::::::::: PreSendRequestContent Request called at 11/29/2018 7:48:14 PM   :::   19:48:14.6924248

::::::::::: PreSendRequestHeaders Request called at 11/29/2018 7:48:14 PM   :::   19:48:14.6954250

::::::::::: BeginRequest Request called at 11/29/2018 7:48:14 PM   :::   19:48:14.7394247

::::::::::: AuthenticateRequest Request called at 11/29/2018 7:48:14 PM   :::   19:48:14.7454243

::::::::::: PostAuthenticateRequest Request called at 11/29/2018 7:48:14 PM   :::   19:48:14.7469240

::::::::::: AuthorizeRequest Request called at 11/29/2018 7:48:14 PM   :::   19:48:14.7484244

::::::::::: PostAuthorizeRequest Request called at 11/29/2018 7:48:14 PM   :::   19:48:14.7519259

::::::::::: End Request called at 11/29/2018 7:48:14 PM   :::   19:48:14.7534256

::::::::::: PostResolveRequestCache Request called at 11/29/2018 7:48:14 PM   :::   19:48:14.7569259

::::::::::: AcquireRequestState Request called at 11/29/2018 7:48:14 PM   :::   19:48:14.7589262

::::::::::: PostAcquireRequestState Request called at 11/29/2018 7:48:14 PM   :::   19:48:14.7604259

::::::::::: PreRequestHandlerExecute Request called at 11/29/2018 7:48:14 PM   :::   19:48:14.7659256

::::::::::: PreSendRequestContent Request called at 11/29/2018 7:48:25 PM   :::   19:48:25.2591380

::::::::::: PreSendRequestHeaders Request called at 11/29/2018 7:48:25 PM   :::   19:48:25.2606377

::::::::::: PostRequestHandlerExecute Request called at 11/29/2018 7:48:25 PM   :::   19:48:25.2726438

::::::::::: ReleaseRequestState Request called at 11/29/2018 7:48:25 PM   :::   19:48:25.2741408

::::::::::: PostReleaseRequestState Request called at 11/29/2018 7:48:25 PM   :::   19:48:25.2756400

::::::::::: UpdateRequestCache Request called at 11/29/2018 7:48:25 PM   :::   19:48:25.2776395

::::::::::: EndRequest Request called at 11/29/2018 7:48:25 PM   :::   19:48:25.2791396

::::::::::: PreSendRequestContent Request called at 11/29/2018 7:48:25 PM   :::   19:48:25.2816400

::::::::::: BeginRequest Request called at 11/29/2018 7:48:34 PM   :::   19:48:34.2584436

::::::::::: AuthenticateRequest Request called at 11/29/2018 7:48:34 PM   :::   19:48:34.2614418

::::::::::: PostAuthenticateRequest Request called at 11/29/2018 7:48:34 PM   :::   19:48:34.2629415

::::::::::: AuthorizeRequest Request called at 11/29/2018 7:48:34 PM   :::   19:48:34.2649425

::::::::::: PostAuthorizeRequest Request called at 11/29/2018 7:48:34 PM   :::   19:48:34.2664438

::::::::::: End Request called at 11/29/2018 7:48:34 PM   :::   19:48:34.2679431

::::::::::: PostResolveRequestCache Request called at 11/29/2018 7:48:34 PM   :::   19:48:34.2719435

::::::::::: AcquireRequestState Request called at 11/29/2018 7:48:34 PM   :::   19:48:34.2734420

::::::::::: PostAcquireRequestState Request called at 11/29/2018 7:48:34 PM   :::   19:48:34.2749417

::::::::::: PreRequestHandlerExecute Request called at 11/29/2018 7:48:34 PM   :::   19:48:34.2769431

::::::::::: PreSendRequestContent Request called at 11/29/2018 7:48:40 PM   :::   19:48:40.6526581

::::::::::: PreSendRequestHeaders Request called at 11/29/2018 7:48:40 PM   :::   19:48:40.6546603

::::::::::: PostRequestHandlerExecute Request called at 11/29/2018 7:48:40 PM   :::   19:48:40.6711608

::::::::::: ReleaseRequestState Request called at 11/29/2018 7:48:40 PM   :::   19:48:40.6756622

::::::::::: PostReleaseRequestState Request called at 11/29/2018 7:48:40 PM   :::   19:48:40.6826755

::::::::::: UpdateRequestCache Request called at 11/29/2018 7:48:40 PM   :::   19:48:40.6856603

::::::::::: EndRequest Request called at 11/29/2018 7:48:40 PM   :::   19:48:40.6871607

::::::::::: PreSendRequestContent Request called at 11/29/2018 7:48:40 PM   :::   19:48:40.6886608

::::::::::: BeginRequest Request called at 11/29/2018 7:48:40 PM   :::   19:48:40.7491603

::::::::::: AuthenticateRequest Request called at 11/29/2018 7:48:40 PM   :::   19:48:40.7506588

::::::::::: PostAuthenticateRequest Request called at 11/29/2018 7:48:40 PM   :::   19:48:40.7516615

::::::::::: AuthorizeRequest Request called at 11/29/2018 7:48:40 PM   :::   19:48:40.7531615

::::::::::: PostAuthorizeRequest Request called at 11/29/2018 7:48:40 PM   :::   19:48:40.7541595

::::::::::: End Request called at 11/29/2018 7:48:40 PM   :::   19:48:40.7556588

::::::::::: PostResolveRequestCache Request called at 11/29/2018 7:48:40 PM   :::   19:48:40.7571593

::::::::::: AcquireRequestState Request called at 11/29/2018 7:48:40 PM   :::   19:48:40.7581588

::::::::::: PostAcquireRequestState Request called at 11/29/2018 7:48:40 PM   :::   19:48:40.7591607

::::::::::: PreRequestHandlerExecute Request called at 11/29/2018 7:48:40 PM   :::   19:48:40.7601590

::::::::::: PreSendRequestContent Request called at 11/29/2018 7:48:44 PM   :::   19:48:44.7573614

::::::::::: PreSendRequestHeaders Request called at 11/29/2018 7:48:44 PM   :::   19:48:44.7678600

::::::::::: PostRequestHandlerExecute Request called at 11/29/2018 7:48:44 PM   :::   19:48:44.7733617

::::::::::: ReleaseRequestState Request called at 11/29/2018 7:48:44 PM   :::   19:48:44.7798646

::::::::::: PostReleaseRequestState Request called at 11/29/2018 7:48:44 PM   :::   19:48:44.7868616

::::::::::: UpdateRequestCache Request called at 11/29/2018 7:48:44 PM   :::   19:48:44.7898610

::::::::::: EndRequest Request called at 11/29/2018 7:48:44 PM   :::   19:48:44.7938725

::::::::::: PreSendRequestContent Request called at 11/29/2018 7:48:44 PM   :::   19:48:44.7958598

::::::::::: BeginRequest Request called at 11/29/2018 8:21:05 PM   :::   20:21:05.4456892

::::::::::: AuthenticateRequest Request called at 11/29/2018 8:21:05 PM   :::   20:21:05.4601875

::::::::::: PostAuthenticateRequest Request called at 11/29/2018 8:21:05 PM   :::   20:21:05.4666868

::::::::::: AuthorizeRequest Request called at 11/29/2018 8:21:05 PM   :::   20:21:05.4701863

::::::::::: PostAuthorizeRequest Request called at 11/29/2018 8:21:05 PM   :::   20:21:05.4731869

::::::::::: End Request called at 11/29/2018 8:21:05 PM   :::   20:21:05.4751875

::::::::::: PostResolveRequestCache Request called at 11/29/2018 8:21:05 PM   :::   20:21:05.5521862

::::::::::: AcquireRequestState Request called at 11/29/2018 8:21:05 PM   :::   20:21:05.5686856

::::::::::: PostAcquireRequestState Request called at 11/29/2018 8:21:05 PM   :::   20:21:05.5716893

::::::::::: PreRequestHandlerExecute Request called at 11/29/2018 8:21:05 PM   :::   20:21:05.5731866

::::::::::: PostRequestHandlerExecute Request called at 11/29/2018 8:21:07 PM   :::   20:21:07.4481853

::::::::::: ReleaseRequestState Request called at 11/29/2018 8:21:07 PM   :::   20:21:07.4511858

::::::::::: PostReleaseRequestState Request called at 11/29/2018 8:21:07 PM   :::   20:21:07.4551859

::::::::::: UpdateRequestCache Request called at 11/29/2018 8:21:07 PM   :::   20:21:07.5341869

::::::::::: EndRequest Request called at 11/29/2018 8:21:07 PM   :::   20:21:07.5371862

::::::::::: PreSendRequestContent Request called at 11/29/2018 8:21:07 PM   :::   20:21:07.5481992

::::::::::: PreSendRequestHeaders Request called at 11/29/2018 8:21:07 PM   :::   20:21:07.5501982

::::::::::: BeginRequest Request called at 11/29/2018 8:21:36 PM   :::   20:21:36.2171669

::::::::::: AuthenticateRequest Request called at 11/29/2018 8:21:36 PM   :::   20:21:36.2191545

::::::::::: PostAuthenticateRequest Request called at 11/29/2018 8:21:36 PM   :::   20:21:36.2211547

::::::::::: AuthorizeRequest Request called at 11/29/2018 8:21:36 PM   :::   20:21:36.2231558

::::::::::: PostAuthorizeRequest Request called at 11/29/2018 8:21:36 PM   :::   20:21:36.2261548

::::::::::: End Request called at 11/29/2018 8:21:36 PM   :::   20:21:36.2281589

::::::::::: PostResolveRequestCache Request called at 11/29/2018 8:21:36 PM   :::   20:21:36.2351608

::::::::::: AcquireRequestState Request called at 11/29/2018 8:21:36 PM   :::   20:21:36.2371543

::::::::::: PostAcquireRequestState Request called at 11/29/2018 8:21:36 PM   :::   20:21:36.2391537

::::::::::: PreRequestHandlerExecute Request called at 11/29/2018 8:21:36 PM   :::   20:21:36.2411544

::::::::::: BeginRequest Request called at 11/29/2018 8:21:41 PM   :::   20:21:41.8718088

::::::::::: AuthenticateRequest Request called at 11/29/2018 8:21:41 PM   :::   20:21:41.8793077

::::::::::: PostAuthenticateRequest Request called at 11/29/2018 8:21:41 PM   :::   20:21:41.8853277

::::::::::: AuthorizeRequest Request called at 11/29/2018 8:21:41 PM   :::   20:21:41.8893270

::::::::::: PostAuthorizeRequest Request called at 11/29/2018 8:21:41 PM   :::   20:21:41.8953313

::::::::::: End Request called at 11/29/2018 8:21:41 PM   :::   20:21:41.9013316

::::::::::: PostResolveRequestCache Request called at 11/29/2018 8:21:41 PM   :::   20:21:41.9063281

::::::::::: AcquireRequestState Request called at 11/29/2018 8:21:41 PM   :::   20:21:41.9103285

::::::::::: PostAcquireRequestState Request called at 11/29/2018 8:21:41 PM   :::   20:21:41.9133224

::::::::::: PreRequestHandlerExecute Request called at 11/29/2018 8:21:41 PM   :::   20:21:41.9143259

::::::::::: PostRequestHandlerExecute Request called at 11/29/2018 8:53:00 PM   :::   20:53:00.4370826

::::::::::: ReleaseRequestState Request called at 11/29/2018 8:53:00 PM   :::   20:53:00.4590845

::::::::::: ReleaseRequestState Request called at 11/29/2018 8:53:00 PM   :::   20:53:00.6830816

::::::::::: PostReleaseRequestState Request called at 11/29/2018 8:53:00 PM   :::   20:53:00.6850823

::::::::::: UpdateRequestCache Request called at 11/29/2018 8:53:00 PM   :::   20:53:00.6880824

::::::::::: EndRequest Request called at 11/29/2018 8:53:00 PM   :::   20:53:00.6900831

::::::::::: PreSendRequestContent Request called at 11/29/2018 8:53:00 PM   :::   20:53:00.6920821

::::::::::: PreSendRequestHeaders Request called at 11/29/2018 8:53:00 PM   :::   20:53:00.7060830

::::::::::: UpdateRequestCache Request called at 11/29/2018 8:53:00 PM   :::   20:53:00.8880874

::::::::::: EndRequest Request called at 11/29/2018 8:53:00 PM   :::   20:53:00.9090897

::::::::::: PreSendRequestContent Request called at 11/29/2018 8:53:01 PM   :::   20:53:01.0730896

::::::::::: PreSendRequestHeaders Request called at 11/29/2018 8:53:01 PM   :::   20:53:01.1780897

::::::::::: BeginRequest Request called at 11/29/2018 8:53:02 PM   :::   20:53:02.3020955

::::::::::: AuthenticateRequest Request called at 11/29/2018 8:53:02 PM   :::   20:53:02.4760958

::::::::::: PostAuthenticateRequest Request called at 11/29/2018 8:53:02 PM   :::   20:53:02.4900923

::::::::::: AuthorizeRequest Request called at 11/29/2018 8:53:02 PM   :::   20:53:02.7570921

::::::::::: PostAuthorizeRequest Request called at 11/29/2018 8:53:02 PM   :::   20:53:02.8420926

::::::::::: End Request called at 11/29/2018 8:53:02 PM   :::   20:53:02.8540909

::::::::::: PostResolveRequestCache Request called at 11/29/2018 8:53:02 PM   :::   20:53:02.8700892

::::::::::: AcquireRequestState Request called at 11/29/2018 8:53:02 PM   :::   20:53:02.8800987

::::::::::: PostAcquireRequestState Request called at 11/29/2018 8:53:03 PM   :::   20:53:03.1900884

::::::::::: AuthenticateRequest Request called at 11/29/2018 8:53:03 PM   :::   20:53:03.2830903

::::::::::: PostAuthenticateRequest Request called at 11/29/2018 8:53:03 PM   :::   20:53:03.2900901

::::::::::: AuthorizeRequest Request called at 11/29/2018 8:53:03 PM   :::   20:53:03.2990934

::::::::::: PostAuthorizeRequest Request called at 11/29/2018 8:53:03 PM   :::   20:53:03.4570870

::::::::::: End Request called at 11/29/2018 8:53:03 PM   :::   20:53:03.8250923

::::::::::: PostResolveRequestCache Request called at 11/29/2018 8:53:04 PM   :::   20:53:04.0140962

::::::::::: AcquireRequestState Request called at 11/29/2018 8:53:04 PM   :::   20:53:04.5801035

::::::::::: PostAcquireRequestState Request called at 11/29/2018 8:53:04 PM   :::   20:53:04.9500972

::::::::::: PreRequestHandlerExecute Request called at 11/29/2018 8:53:05 PM   :::   20:53:05.1970965

