::::::::::: BeginRequest Request called at 9/14/2018 6:35:39 PM   :::   18:35:39.5924195

::::::::::: AuthenticateRequest Request called at 9/14/2018 6:35:39 PM   :::   18:35:39.5999234

::::::::::: PostAuthenticateRequest Request called at 9/14/2018 6:35:39 PM   :::   18:35:39.6044272

::::::::::: AuthorizeRequest Request called at 9/14/2018 6:35:39 PM   :::   18:35:39.6064282

::::::::::: PostAuthorizeRequest Request called at 9/14/2018 6:35:39 PM   :::   18:35:39.6084297

::::::::::: End Request called at 9/14/2018 6:35:39 PM   :::   18:35:39.6099309

::::::::::: PostResolveRequestCache Request called at 9/14/2018 6:35:39 PM   :::   18:35:39.7190108

::::::::::: AcquireRequestState Request called at 9/14/2018 6:35:39 PM   :::   18:35:39.7280172

::::::::::: PostAcquireRequestState Request called at 9/14/2018 6:35:39 PM   :::   18:35:39.7320196

::::::::::: PreRequestHandlerExecute Request called at 9/14/2018 6:35:39 PM   :::   18:35:39.7340215

::::::::::: PostRequestHandlerExecute Request called at 9/14/2018 6:35:43 PM   :::   18:35:43.0537468

::::::::::: ReleaseRequestState Request called at 9/14/2018 6:35:43 PM   :::   18:35:43.0557486

::::::::::: PostReleaseRequestState Request called at 9/14/2018 6:35:43 PM   :::   18:35:43.0607522

::::::::::: UpdateRequestCache Request called at 9/14/2018 6:35:43 PM   :::   18:35:43.1263053

::::::::::: EndRequest Request called at 9/14/2018 6:35:43 PM   :::   18:35:43.1308020

::::::::::: PreSendRequestContent Request called at 9/14/2018 6:35:43 PM   :::   18:35:43.1388077

::::::::::: PreSendRequestHeaders Request called at 9/14/2018 6:35:43 PM   :::   18:35:43.1403089

::::::::::: BeginRequest Request called at 9/14/2018 6:35:47 PM   :::   18:35:47.9292860

::::::::::: AuthenticateRequest Request called at 9/14/2018 6:35:47 PM   :::   18:35:47.9317876

::::::::::: PostAuthenticateRequest Request called at 9/14/2018 6:35:47 PM   :::   18:35:47.9337890

::::::::::: AuthorizeRequest Request called at 9/14/2018 6:35:47 PM   :::   18:35:47.9352903

::::::::::: PostAuthorizeRequest Request called at 9/14/2018 6:35:47 PM   :::   18:35:47.9372913

::::::::::: End Request called at 9/14/2018 6:35:47 PM   :::   18:35:47.9392927

::::::::::: PostResolveRequestCache Request called at 9/14/2018 6:35:47 PM   :::   18:35:47.9452970

::::::::::: AcquireRequestState Request called at 9/14/2018 6:35:47 PM   :::   18:35:47.9472984

::::::::::: PostAcquireRequestState Request called at 9/14/2018 6:35:47 PM   :::   18:35:47.9492998

::::::::::: PreRequestHandlerExecute Request called at 9/14/2018 6:35:47 PM   :::   18:35:47.9508007

::::::::::: PostRequestHandlerExecute Request called at 9/14/2018 6:35:48 PM   :::   18:35:48.0858979

::::::::::: ReleaseRequestState Request called at 9/14/2018 6:35:48 PM   :::   18:35:48.0888996

::::::::::: PostReleaseRequestState Request called at 9/14/2018 6:35:48 PM   :::   18:35:48.0909010

::::::::::: UpdateRequestCache Request called at 9/14/2018 6:35:48 PM   :::   18:35:48.0929025

::::::::::: EndRequest Request called at 9/14/2018 6:35:48 PM   :::   18:35:48.0949039

::::::::::: PreSendRequestContent Request called at 9/14/2018 6:35:48 PM   :::   18:35:48.1004080

::::::::::: PreSendRequestHeaders Request called at 9/14/2018 6:35:48 PM   :::   18:35:48.1029096

::::::::::: BeginRequest Request called at 9/14/2018 6:35:48 PM   :::   18:35:48.1174193

::::::::::: AuthenticateRequest Request called at 9/14/2018 6:35:48 PM   :::   18:35:48.1204218

::::::::::: PostAuthenticateRequest Request called at 9/14/2018 6:35:48 PM   :::   18:35:48.1229234

::::::::::: AuthorizeRequest Request called at 9/14/2018 6:35:48 PM   :::   18:35:48.1249248

::::::::::: PostAuthorizeRequest Request called at 9/14/2018 6:35:48 PM   :::   18:35:48.1279269

::::::::::: End Request called at 9/14/2018 6:35:48 PM   :::   18:35:48.1299284

::::::::::: PostResolveRequestCache Request called at 9/14/2018 6:35:48 PM   :::   18:35:48.1324307

::::::::::: AcquireRequestState Request called at 9/14/2018 6:35:48 PM   :::   18:35:48.1349315

::::::::::: PostAcquireRequestState Request called at 9/14/2018 6:35:48 PM   :::   18:35:48.1384346

::::::::::: PreRequestHandlerExecute Request called at 9/14/2018 6:35:48 PM   :::   18:35:48.1444385

::::::::::: PreSendRequestContent Request called at 9/14/2018 6:35:56 PM   :::   18:35:56.9009262

::::::::::: PreSendRequestHeaders Request called at 9/14/2018 6:35:56 PM   :::   18:35:56.9029280

::::::::::: PostRequestHandlerExecute Request called at 9/14/2018 6:35:56 PM   :::   18:35:56.9159373

::::::::::: ReleaseRequestState Request called at 9/14/2018 6:35:56 PM   :::   18:35:56.9189402

::::::::::: PostReleaseRequestState Request called at 9/14/2018 6:35:56 PM   :::   18:35:56.9209404

::::::::::: UpdateRequestCache Request called at 9/14/2018 6:35:56 PM   :::   18:35:56.9229427

::::::::::: EndRequest Request called at 9/14/2018 6:35:56 PM   :::   18:35:56.9259444

::::::::::: PreSendRequestContent Request called at 9/14/2018 6:35:56 PM   :::   18:35:56.9294522

::::::::::: BeginRequest Request called at 9/14/2018 6:36:18 PM   :::   18:36:18.0154782

::::::::::: AuthenticateRequest Request called at 9/14/2018 6:36:18 PM   :::   18:36:18.0194965

::::::::::: PostAuthenticateRequest Request called at 9/14/2018 6:36:18 PM   :::   18:36:18.0214821

::::::::::: AuthorizeRequest Request called at 9/14/2018 6:36:18 PM   :::   18:36:18.0224848

::::::::::: PostAuthorizeRequest Request called at 9/14/2018 6:36:18 PM   :::   18:36:18.0234843

::::::::::: End Request called at 9/14/2018 6:36:18 PM   :::   18:36:18.0254869

::::::::::: PostResolveRequestCache Request called at 9/14/2018 6:36:18 PM   :::   18:36:18.0274895

::::::::::: AcquireRequestState Request called at 9/14/2018 6:36:18 PM   :::   18:36:18.0294878

::::::::::: PostAcquireRequestState Request called at 9/14/2018 6:36:18 PM   :::   18:36:18.0304893

::::::::::: PreRequestHandlerExecute Request called at 9/14/2018 6:36:18 PM   :::   18:36:18.0324923

::::::::::: PostRequestHandlerExecute Request called at 9/14/2018 6:36:18 PM   :::   18:36:18.0364943

::::::::::: ReleaseRequestState Request called at 9/14/2018 6:36:18 PM   :::   18:36:18.0384946

::::::::::: PostReleaseRequestState Request called at 9/14/2018 6:36:18 PM   :::   18:36:18.0394949

::::::::::: UpdateRequestCache Request called at 9/14/2018 6:36:18 PM   :::   18:36:18.0414967

::::::::::: EndRequest Request called at 9/14/2018 6:36:18 PM   :::   18:36:18.0444996

::::::::::: PreSendRequestContent Request called at 9/14/2018 6:36:18 PM   :::   18:36:18.0465003

::::::::::: PreSendRequestHeaders Request called at 9/14/2018 6:36:18 PM   :::   18:36:18.0485163

::::::::::: BeginRequest Request called at 9/14/2018 6:36:18 PM   :::   18:36:18.0660226

::::::::::: AuthenticateRequest Request called at 9/14/2018 6:36:18 PM   :::   18:36:18.0700219

::::::::::: PostAuthenticateRequest Request called at 9/14/2018 6:36:18 PM   :::   18:36:18.0720229

::::::::::: AuthorizeRequest Request called at 9/14/2018 6:36:18 PM   :::   18:36:18.0730260

::::::::::: PostAuthorizeRequest Request called at 9/14/2018 6:36:18 PM   :::   18:36:18.0750274

::::::::::: End Request called at 9/14/2018 6:36:18 PM   :::   18:36:18.0785270

::::::::::: PostResolveRequestCache Request called at 9/14/2018 6:36:18 PM   :::   18:36:18.0805315

::::::::::: AcquireRequestState Request called at 9/14/2018 6:36:18 PM   :::   18:36:18.0825330

::::::::::: PostAcquireRequestState Request called at 9/14/2018 6:36:18 PM   :::   18:36:18.0835333

::::::::::: PreRequestHandlerExecute Request called at 9/14/2018 6:36:18 PM   :::   18:36:18.0845360

::::::::::: BeginRequest Request called at 9/14/2018 6:37:22 PM   :::   18:37:22.2873751

::::::::::: AuthenticateRequest Request called at 9/14/2018 6:37:22 PM   :::   18:37:22.2933786

::::::::::: PostAuthenticateRequest Request called at 9/14/2018 6:37:22 PM   :::   18:37:22.2973819

::::::::::: AuthorizeRequest Request called at 9/14/2018 6:37:22 PM   :::   18:37:22.2993876

::::::::::: PostAuthorizeRequest Request called at 9/14/2018 6:37:22 PM   :::   18:37:22.3004096

::::::::::: End Request called at 9/14/2018 6:37:22 PM   :::   18:37:22.3013879

::::::::::: PostResolveRequestCache Request called at 9/14/2018 6:37:22 PM   :::   18:37:22.3674529

::::::::::: AcquireRequestState Request called at 9/14/2018 6:37:22 PM   :::   18:37:22.3734438

::::::::::: PostAcquireRequestState Request called at 9/14/2018 6:37:22 PM   :::   18:37:22.3753386

::::::::::: PreRequestHandlerExecute Request called at 9/14/2018 6:37:22 PM   :::   18:37:22.3763196

::::::::::: PostRequestHandlerExecute Request called at 9/14/2018 6:37:24 PM   :::   18:37:24.3739420

::::::::::: ReleaseRequestState Request called at 9/14/2018 6:37:24 PM   :::   18:37:24.3749624

::::::::::: PostReleaseRequestState Request called at 9/14/2018 6:37:24 PM   :::   18:37:24.3779456

::::::::::: UpdateRequestCache Request called at 9/14/2018 6:37:24 PM   :::   18:37:24.4199988

::::::::::: EndRequest Request called at 9/14/2018 6:37:24 PM   :::   18:37:24.4230029

::::::::::: PreSendRequestContent Request called at 9/14/2018 6:37:24 PM   :::   18:37:24.4290059

::::::::::: PreSendRequestHeaders Request called at 9/14/2018 6:37:24 PM   :::   18:37:24.4310070

::::::::::: BeginRequest Request called at 9/14/2018 6:37:40 PM   :::   18:37:40.2388464

::::::::::: AuthenticateRequest Request called at 9/14/2018 6:37:40 PM   :::   18:37:40.2403469

::::::::::: PostAuthenticateRequest Request called at 9/14/2018 6:37:40 PM   :::   18:37:40.2453516

::::::::::: AuthorizeRequest Request called at 9/14/2018 6:37:40 PM   :::   18:37:40.2473522

::::::::::: PostAuthorizeRequest Request called at 9/14/2018 6:37:40 PM   :::   18:37:40.2488535

::::::::::: End Request called at 9/14/2018 6:37:40 PM   :::   18:37:40.2503548

::::::::::: PostResolveRequestCache Request called at 9/14/2018 6:37:40 PM   :::   18:37:40.2558593

::::::::::: AcquireRequestState Request called at 9/14/2018 6:37:40 PM   :::   18:37:40.2578599

::::::::::: PostAcquireRequestState Request called at 9/14/2018 6:37:40 PM   :::   18:37:40.2598613

::::::::::: PreRequestHandlerExecute Request called at 9/14/2018 6:37:40 PM   :::   18:37:40.2623637

::::::::::: PostRequestHandlerExecute Request called at 9/14/2018 6:37:40 PM   :::   18:37:40.3704397

::::::::::: ReleaseRequestState Request called at 9/14/2018 6:37:40 PM   :::   18:37:40.3754432

::::::::::: PostReleaseRequestState Request called at 9/14/2018 6:37:40 PM   :::   18:37:40.3814479

::::::::::: UpdateRequestCache Request called at 9/14/2018 6:37:40 PM   :::   18:37:40.3834489

::::::::::: EndRequest Request called at 9/14/2018 6:37:40 PM   :::   18:37:40.3854511

::::::::::: PreSendRequestContent Request called at 9/14/2018 6:37:40 PM   :::   18:37:40.3869516

::::::::::: PreSendRequestHeaders Request called at 9/14/2018 6:37:40 PM   :::   18:37:40.3889538

::::::::::: BeginRequest Request called at 9/14/2018 6:37:41 PM   :::   18:37:41.6717303

::::::::::: AuthenticateRequest Request called at 9/14/2018 6:37:41 PM   :::   18:37:41.6732311

::::::::::: PostAuthenticateRequest Request called at 9/14/2018 6:37:41 PM   :::   18:37:41.6747324

::::::::::: AuthorizeRequest Request called at 9/14/2018 6:37:41 PM   :::   18:37:41.6782398

::::::::::: PostAuthorizeRequest Request called at 9/14/2018 6:37:41 PM   :::   18:37:41.6802432

::::::::::: End Request called at 9/14/2018 6:37:41 PM   :::   18:37:41.6822656

::::::::::: PostResolveRequestCache Request called at 9/14/2018 6:37:41 PM   :::   18:37:41.6842441

::::::::::: AcquireRequestState Request called at 9/14/2018 6:37:41 PM   :::   18:37:41.6862451

::::::::::: PostAcquireRequestState Request called at 9/14/2018 6:37:41 PM   :::   18:37:41.6872656

::::::::::: PreRequestHandlerExecute Request called at 9/14/2018 6:37:41 PM   :::   18:37:41.6882477

::::::::::: PreSendRequestContent Request called at 9/14/2018 6:37:49 PM   :::   18:37:49.4645203

::::::::::: PreSendRequestHeaders Request called at 9/14/2018 6:37:49 PM   :::   18:37:49.4665040

::::::::::: PostRequestHandlerExecute Request called at 9/14/2018 6:37:49 PM   :::   18:37:49.4775114

::::::::::: ReleaseRequestState Request called at 9/14/2018 6:37:49 PM   :::   18:37:49.4795160

::::::::::: PostReleaseRequestState Request called at 9/14/2018 6:37:49 PM   :::   18:37:49.4815131

::::::::::: UpdateRequestCache Request called at 9/14/2018 6:37:49 PM   :::   18:37:49.4825134

::::::::::: EndRequest Request called at 9/14/2018 6:37:49 PM   :::   18:37:49.4845152

::::::::::: PreSendRequestContent Request called at 9/14/2018 6:37:49 PM   :::   18:37:49.4865178

::::::::::: BeginRequest Request called at 9/14/2018 6:37:54 PM   :::   18:37:54.0180588

::::::::::: AuthenticateRequest Request called at 9/14/2018 6:37:54 PM   :::   18:37:54.0200598

::::::::::: PostAuthenticateRequest Request called at 9/14/2018 6:37:54 PM   :::   18:37:54.0220620

::::::::::: AuthorizeRequest Request called at 9/14/2018 6:37:54 PM   :::   18:37:54.0230643

::::::::::: PostAuthorizeRequest Request called at 9/14/2018 6:37:54 PM   :::   18:37:54.0250641

::::::::::: End Request called at 9/14/2018 6:37:54 PM   :::   18:37:54.0260656

::::::::::: PostResolveRequestCache Request called at 9/14/2018 6:37:54 PM   :::   18:37:54.0280678

::::::::::: AcquireRequestState Request called at 9/14/2018 6:37:54 PM   :::   18:37:54.0300677

::::::::::: PostAcquireRequestState Request called at 9/14/2018 6:37:54 PM   :::   18:37:54.0320687

::::::::::: PreRequestHandlerExecute Request called at 9/14/2018 6:37:54 PM   :::   18:37:54.0340729

::::::::::: PostRequestHandlerExecute Request called at 9/14/2018 6:38:27 PM   :::   18:38:27.3094646

::::::::::: ReleaseRequestState Request called at 9/14/2018 6:38:27 PM   :::   18:38:27.3114656

::::::::::: PostReleaseRequestState Request called at 9/14/2018 6:38:27 PM   :::   18:38:27.3124687

::::::::::: UpdateRequestCache Request called at 9/14/2018 6:38:27 PM   :::   18:38:27.3134714

::::::::::: EndRequest Request called at 9/14/2018 6:38:27 PM   :::   18:38:27.3154693

::::::::::: PreSendRequestContent Request called at 9/14/2018 6:38:27 PM   :::   18:38:27.3179787

::::::::::: PreSendRequestHeaders Request called at 9/14/2018 6:38:27 PM   :::   18:38:27.3194820

::::::::::: BeginRequest Request called at 9/14/2018 6:40:02 PM   :::   18:40:02.3499746

::::::::::: AuthenticateRequest Request called at 9/14/2018 6:40:02 PM   :::   18:40:02.3519761

::::::::::: PostAuthenticateRequest Request called at 9/14/2018 6:40:02 PM   :::   18:40:02.3529768

::::::::::: AuthorizeRequest Request called at 9/14/2018 6:40:02 PM   :::   18:40:02.3539775

::::::::::: PostAuthorizeRequest Request called at 9/14/2018 6:40:02 PM   :::   18:40:02.3569800

::::::::::: End Request called at 9/14/2018 6:40:02 PM   :::   18:40:02.3579799

::::::::::: PostResolveRequestCache Request called at 9/14/2018 6:40:02 PM   :::   18:40:02.3599818

::::::::::: AcquireRequestState Request called at 9/14/2018 6:40:02 PM   :::   18:40:02.3619832

::::::::::: PostAcquireRequestState Request called at 9/14/2018 6:40:02 PM   :::   18:40:02.3649853

::::::::::: PreRequestHandlerExecute Request called at 9/14/2018 6:40:02 PM   :::   18:40:02.3669871

::::::::::: PostRequestHandlerExecute Request called at 9/14/2018 6:40:55 PM   :::   18:40:55.9437290

::::::::::: ReleaseRequestState Request called at 9/14/2018 6:40:55 PM   :::   18:40:55.9457304

::::::::::: PostReleaseRequestState Request called at 9/14/2018 6:40:55 PM   :::   18:40:55.9477315

::::::::::: UpdateRequestCache Request called at 9/14/2018 6:40:55 PM   :::   18:40:55.9487322

::::::::::: EndRequest Request called at 9/14/2018 6:40:55 PM   :::   18:40:55.9507332

::::::::::: PreSendRequestContent Request called at 9/14/2018 6:40:55 PM   :::   18:40:55.9527386

::::::::::: PreSendRequestHeaders Request called at 9/14/2018 6:40:55 PM   :::   18:40:55.9557376

::::::::::: BeginRequest Request called at 9/14/2018 6:41:07 PM   :::   18:41:07.8879328

::::::::::: AuthenticateRequest Request called at 9/14/2018 6:41:07 PM   :::   18:41:07.8889331

::::::::::: PostAuthenticateRequest Request called at 9/14/2018 6:41:07 PM   :::   18:41:07.8939378

::::::::::: AuthorizeRequest Request called at 9/14/2018 6:41:07 PM   :::   18:41:07.8989414

::::::::::: PostAuthorizeRequest Request called at 9/14/2018 6:41:07 PM   :::   18:41:07.9029438

::::::::::: End Request called at 9/14/2018 6:41:07 PM   :::   18:41:07.9129513

::::::::::: PostResolveRequestCache Request called at 9/14/2018 6:41:07 PM   :::   18:41:07.9159535

::::::::::: AcquireRequestState Request called at 9/14/2018 6:41:07 PM   :::   18:41:07.9219581

::::::::::: PostAcquireRequestState Request called at 9/14/2018 6:41:07 PM   :::   18:41:07.9249658

::::::::::: PreRequestHandlerExecute Request called at 9/14/2018 6:41:07 PM   :::   18:41:07.9289615

::::::::::: PostRequestHandlerExecute Request called at 9/14/2018 6:41:44 PM   :::   18:41:44.9520256

::::::::::: ReleaseRequestState Request called at 9/14/2018 6:41:44 PM   :::   18:41:44.9530279

::::::::::: PostReleaseRequestState Request called at 9/14/2018 6:41:44 PM   :::   18:41:44.9580291

::::::::::: UpdateRequestCache Request called at 9/14/2018 6:41:44 PM   :::   18:41:44.9590298

::::::::::: EndRequest Request called at 9/14/2018 6:41:44 PM   :::   18:41:44.9610324

::::::::::: PreSendRequestContent Request called at 9/14/2018 6:41:44 PM   :::   18:41:44.9630327

::::::::::: PreSendRequestHeaders Request called at 9/14/2018 6:41:44 PM   :::   18:41:44.9640338

::::::::::: BeginRequest Request called at 9/14/2018 6:41:50 PM   :::   18:41:50.4837533

::::::::::: AuthenticateRequest Request called at 9/14/2018 6:41:50 PM   :::   18:41:50.4857547

::::::::::: PostAuthenticateRequest Request called at 9/14/2018 6:41:50 PM   :::   18:41:50.4867578

::::::::::: AuthorizeRequest Request called at 9/14/2018 6:41:50 PM   :::   18:41:50.4877581

::::::::::: PostAuthorizeRequest Request called at 9/14/2018 6:41:50 PM   :::   18:41:50.4897588

::::::::::: End Request called at 9/14/2018 6:41:50 PM   :::   18:41:50.4907583

::::::::::: PostResolveRequestCache Request called at 9/14/2018 6:41:50 PM   :::   18:41:50.4917740

::::::::::: AcquireRequestState Request called at 9/14/2018 6:41:50 PM   :::   18:41:50.4937616

::::::::::: PostAcquireRequestState Request called at 9/14/2018 6:41:50 PM   :::   18:41:50.4957622

::::::::::: PreRequestHandlerExecute Request called at 9/14/2018 6:41:50 PM   :::   18:41:50.4977637

::::::::::: PostRequestHandlerExecute Request called at 9/14/2018 6:43:20 PM   :::   18:43:20.3014139

::::::::::: ReleaseRequestState Request called at 9/14/2018 6:43:20 PM   :::   18:43:20.3039159

::::::::::: PostReleaseRequestState Request called at 9/14/2018 6:43:20 PM   :::   18:43:20.3049186

::::::::::: UpdateRequestCache Request called at 9/14/2018 6:43:20 PM   :::   18:43:20.3059193

::::::::::: EndRequest Request called at 9/14/2018 6:43:20 PM   :::   18:43:20.3074182

::::::::::: PreSendRequestContent Request called at 9/14/2018 6:43:20 PM   :::   18:43:20.3084189

::::::::::: PreSendRequestHeaders Request called at 9/14/2018 6:43:20 PM   :::   18:43:20.3094220

::::::::::: BeginRequest Request called at 9/14/2018 6:45:02 PM   :::   18:45:02.5579737

::::::::::: AuthenticateRequest Request called at 9/14/2018 6:45:02 PM   :::   18:45:02.5599755

::::::::::: PostAuthenticateRequest Request called at 9/14/2018 6:45:02 PM   :::   18:45:02.5609754

::::::::::: AuthorizeRequest Request called at 9/14/2018 6:45:02 PM   :::   18:45:02.5639776

::::::::::: PostAuthorizeRequest Request called at 9/14/2018 6:45:02 PM   :::   18:45:02.5649787

::::::::::: End Request called at 9/14/2018 6:45:02 PM   :::   18:45:02.5659794

::::::::::: PostResolveRequestCache Request called at 9/14/2018 6:45:02 PM   :::   18:45:02.5679828

::::::::::: AcquireRequestState Request called at 9/14/2018 6:45:02 PM   :::   18:45:02.5699822

::::::::::: PostAcquireRequestState Request called at 9/14/2018 6:45:02 PM   :::   18:45:02.5719896

::::::::::: PreRequestHandlerExecute Request called at 9/14/2018 6:45:02 PM   :::   18:45:02.5734885

::::::::::: PostRequestHandlerExecute Request called at 9/14/2018 6:58:49 PM   :::   18:58:49.7414216

::::::::::: ReleaseRequestState Request called at 9/14/2018 6:58:49 PM   :::   18:58:49.7434234

::::::::::: PostReleaseRequestState Request called at 9/14/2018 6:58:49 PM   :::   18:58:49.7454248

::::::::::: UpdateRequestCache Request called at 9/14/2018 6:58:49 PM   :::   18:58:49.7464251

::::::::::: EndRequest Request called at 9/14/2018 6:58:49 PM   :::   18:58:49.7474259

::::::::::: PreSendRequestContent Request called at 9/14/2018 6:58:49 PM   :::   18:58:49.7494269

::::::::::: PreSendRequestHeaders Request called at 9/14/2018 6:58:49 PM   :::   18:58:49.7504280

