::::::::::: BeginRequest Request called at 9/11/2018 9:46:20 AM   :::   09:46:20.0271410

::::::::::: AuthenticateRequest Request called at 9/11/2018 9:46:20 AM   :::   09:46:20.0386489

::::::::::: PostAuthenticateRequest Request called at 9/11/2018 9:46:20 AM   :::   09:46:20.0436525

::::::::::: AuthorizeRequest Request called at 9/11/2018 9:46:20 AM   :::   09:46:20.0461545

::::::::::: PostAuthorizeRequest Request called at 9/11/2018 9:46:20 AM   :::   09:46:20.0481559

::::::::::: End Request called at 9/11/2018 9:46:20 AM   :::   09:46:20.0496567

::::::::::: PostResolveRequestCache Request called at 9/11/2018 9:46:20 AM   :::   09:46:20.1197068

::::::::::: AcquireRequestState Request called at 9/11/2018 9:46:20 AM   :::   09:46:20.1402207

::::::::::: PostAcquireRequestState Request called at 9/11/2018 9:46:20 AM   :::   09:46:20.1427227

::::::::::: PreRequestHandlerExecute Request called at 9/11/2018 9:46:20 AM   :::   09:46:20.1447249

::::::::::: PostRequestHandlerExecute Request called at 9/11/2018 9:46:22 AM   :::   09:46:22.3327821

::::::::::: ReleaseRequestState Request called at 9/11/2018 9:46:22 AM   :::   09:46:22.3367849

::::::::::: PostReleaseRequestState Request called at 9/11/2018 9:46:22 AM   :::   09:46:22.3492940

::::::::::: UpdateRequestCache Request called at 9/11/2018 9:46:22 AM   :::   09:46:22.4408591

::::::::::: EndRequest Request called at 9/11/2018 9:46:22 AM   :::   09:46:22.4438608

::::::::::: PreSendRequestContent Request called at 9/11/2018 9:46:22 AM   :::   09:46:22.4523675

::::::::::: PreSendRequestHeaders Request called at 9/11/2018 9:46:22 AM   :::   09:46:22.4548690

::::::::::: BeginRequest Request called at 9/11/2018 9:46:26 AM   :::   09:46:26.1099599

::::::::::: AuthenticateRequest Request called at 9/11/2018 9:46:26 AM   :::   09:46:26.1119617

::::::::::: PostAuthenticateRequest Request called at 9/11/2018 9:46:26 AM   :::   09:46:26.1139627

::::::::::: AuthorizeRequest Request called at 9/11/2018 9:46:26 AM   :::   09:46:26.1154632

::::::::::: PostAuthorizeRequest Request called at 9/11/2018 9:46:26 AM   :::   09:46:26.1169648

::::::::::: End Request called at 9/11/2018 9:46:26 AM   :::   09:46:26.1189662

::::::::::: PostResolveRequestCache Request called at 9/11/2018 9:46:26 AM   :::   09:46:26.1244699

::::::::::: AcquireRequestState Request called at 9/11/2018 9:46:26 AM   :::   09:46:26.1264714

::::::::::: PostAcquireRequestState Request called at 9/11/2018 9:46:26 AM   :::   09:46:26.1284744

::::::::::: PreRequestHandlerExecute Request called at 9/11/2018 9:46:26 AM   :::   09:46:26.1299736

::::::::::: PostRequestHandlerExecute Request called at 9/11/2018 9:46:26 AM   :::   09:46:26.2775785

::::::::::: ReleaseRequestState Request called at 9/11/2018 9:46:26 AM   :::   09:46:26.2790801

::::::::::: PostReleaseRequestState Request called at 9/11/2018 9:46:26 AM   :::   09:46:26.2805806

::::::::::: UpdateRequestCache Request called at 9/11/2018 9:46:26 AM   :::   09:46:26.2820819

::::::::::: EndRequest Request called at 9/11/2018 9:46:26 AM   :::   09:46:26.2840829

::::::::::: PreSendRequestContent Request called at 9/11/2018 9:46:26 AM   :::   09:46:26.2855841

::::::::::: PreSendRequestHeaders Request called at 9/11/2018 9:46:26 AM   :::   09:46:26.2870854

::::::::::: BeginRequest Request called at 9/11/2018 9:46:26 AM   :::   09:46:26.3186076

::::::::::: AuthenticateRequest Request called at 9/11/2018 9:46:26 AM   :::   09:46:26.3201084

::::::::::: PostAuthenticateRequest Request called at 9/11/2018 9:46:26 AM   :::   09:46:26.3221102

::::::::::: AuthorizeRequest Request called at 9/11/2018 9:46:26 AM   :::   09:46:26.3236119

::::::::::: PostAuthorizeRequest Request called at 9/11/2018 9:46:26 AM   :::   09:46:26.3251124

::::::::::: End Request called at 9/11/2018 9:46:26 AM   :::   09:46:26.3271142

::::::::::: PostResolveRequestCache Request called at 9/11/2018 9:46:26 AM   :::   09:46:26.3291152

::::::::::: AcquireRequestState Request called at 9/11/2018 9:46:26 AM   :::   09:46:26.3306161

::::::::::: PostAcquireRequestState Request called at 9/11/2018 9:46:26 AM   :::   09:46:26.3326179

::::::::::: PreRequestHandlerExecute Request called at 9/11/2018 9:46:26 AM   :::   09:46:26.3361202

::::::::::: PreSendRequestContent Request called at 9/11/2018 9:46:40 AM   :::   09:46:40.8637269

::::::::::: PreSendRequestHeaders Request called at 9/11/2018 9:46:40 AM   :::   09:46:40.8662281

::::::::::: PostRequestHandlerExecute Request called at 9/11/2018 9:46:40 AM   :::   09:46:40.8792377

::::::::::: ReleaseRequestState Request called at 9/11/2018 9:46:40 AM   :::   09:46:40.8812395

::::::::::: PostReleaseRequestState Request called at 9/11/2018 9:46:40 AM   :::   09:46:40.8882449

::::::::::: UpdateRequestCache Request called at 9/11/2018 9:46:40 AM   :::   09:46:40.8912458

::::::::::: EndRequest Request called at 9/11/2018 9:46:40 AM   :::   09:46:40.8927471

::::::::::: PreSendRequestContent Request called at 9/11/2018 9:46:40 AM   :::   09:46:40.8947481

::::::::::: BeginRequest Request called at 9/11/2018 9:46:49 AM   :::   09:46:49.2662083

::::::::::: AuthenticateRequest Request called at 9/11/2018 9:46:49 AM   :::   09:46:49.2682085

::::::::::: PostAuthenticateRequest Request called at 9/11/2018 9:46:49 AM   :::   09:46:49.2702103

::::::::::: AuthorizeRequest Request called at 9/11/2018 9:46:49 AM   :::   09:46:49.2717108

::::::::::: PostAuthorizeRequest Request called at 9/11/2018 9:46:49 AM   :::   09:46:49.2732121

::::::::::: End Request called at 9/11/2018 9:46:49 AM   :::   09:46:49.2792163

::::::::::: PostResolveRequestCache Request called at 9/11/2018 9:46:49 AM   :::   09:46:49.3037339

::::::::::: AcquireRequestState Request called at 9/11/2018 9:46:49 AM   :::   09:46:49.3092376

::::::::::: PostAcquireRequestState Request called at 9/11/2018 9:46:49 AM   :::   09:46:49.3112398

::::::::::: PreRequestHandlerExecute Request called at 9/11/2018 9:46:49 AM   :::   09:46:49.3132408

::::::::::: PostRequestHandlerExecute Request called at 9/11/2018 9:46:49 AM   :::   09:46:49.3292526

::::::::::: ReleaseRequestState Request called at 9/11/2018 9:46:49 AM   :::   09:46:49.3317538

::::::::::: PostReleaseRequestState Request called at 9/11/2018 9:46:49 AM   :::   09:46:49.3332562

::::::::::: UpdateRequestCache Request called at 9/11/2018 9:46:49 AM   :::   09:46:49.3352560

::::::::::: EndRequest Request called at 9/11/2018 9:46:49 AM   :::   09:46:49.3437623

::::::::::: PreSendRequestContent Request called at 9/11/2018 9:46:49 AM   :::   09:46:49.3457637

::::::::::: PreSendRequestHeaders Request called at 9/11/2018 9:46:49 AM   :::   09:46:49.3472650

::::::::::: BeginRequest Request called at 9/11/2018 9:46:49 AM   :::   09:46:49.3547697

::::::::::: AuthenticateRequest Request called at 9/11/2018 9:46:49 AM   :::   09:46:49.3567715

::::::::::: PostAuthenticateRequest Request called at 9/11/2018 9:46:49 AM   :::   09:46:49.3587725

::::::::::: AuthorizeRequest Request called at 9/11/2018 9:46:49 AM   :::   09:46:49.3602738

::::::::::: PostAuthorizeRequest Request called at 9/11/2018 9:46:49 AM   :::   09:46:49.3617746

::::::::::: End Request called at 9/11/2018 9:46:49 AM   :::   09:46:49.3642766

::::::::::: PostResolveRequestCache Request called at 9/11/2018 9:46:49 AM   :::   09:46:49.3657771

::::::::::: AcquireRequestState Request called at 9/11/2018 9:46:49 AM   :::   09:46:49.3677797

::::::::::: PostAcquireRequestState Request called at 9/11/2018 9:46:49 AM   :::   09:46:49.3697843

::::::::::: PreRequestHandlerExecute Request called at 9/11/2018 9:46:49 AM   :::   09:46:49.3722827

::::::::::: PreSendRequestContent Request called at 9/11/2018 9:47:14 AM   :::   09:47:14.2898708

::::::::::: PreSendRequestHeaders Request called at 9/11/2018 9:47:14 AM   :::   09:47:14.2948744

::::::::::: Error Request called at 9/11/2018 9:47:14 AM   :::   09:47:14.3153887

::::::::::: PreSendRequestContent Request called at 9/11/2018 9:47:24 AM   :::   09:47:24.4339595

::::::::::: PreSendRequestContent Request called at 9/11/2018 9:47:24 AM   :::   09:47:24.4369427

::::::::::: PreSendRequestContent Request called at 9/11/2018 9:47:24 AM   :::   09:47:24.4539544

::::::::::: PreSendRequestContent Request called at 9/11/2018 9:47:24 AM   :::   09:47:24.4764698

::::::::::: EndRequest Request called at 9/11/2018 9:47:24 AM   :::   09:47:24.4794719

::::::::::: PreSendRequestContent Request called at 9/11/2018 9:47:24 AM   :::   09:47:24.4814733

::::::::::: BeginRequest Request called at 9/11/2018 9:49:02 AM   :::   09:49:02.6935751

::::::::::: AuthenticateRequest Request called at 9/11/2018 9:49:02 AM   :::   09:49:02.6960775

::::::::::: PostAuthenticateRequest Request called at 9/11/2018 9:49:02 AM   :::   09:49:02.6980781

::::::::::: AuthorizeRequest Request called at 9/11/2018 9:49:02 AM   :::   09:49:02.7000796

::::::::::: PostAuthorizeRequest Request called at 9/11/2018 9:49:02 AM   :::   09:49:02.7095869

::::::::::: End Request called at 9/11/2018 9:49:02 AM   :::   09:49:02.7120889

::::::::::: PostResolveRequestCache Request called at 9/11/2018 9:49:02 AM   :::   09:49:02.7175926

::::::::::: AcquireRequestState Request called at 9/11/2018 9:49:02 AM   :::   09:49:02.7190934

::::::::::: PostAcquireRequestState Request called at 9/11/2018 9:49:02 AM   :::   09:49:02.7205943

::::::::::: PreRequestHandlerExecute Request called at 9/11/2018 9:49:02 AM   :::   09:49:02.7220952

::::::::::: PostAuthenticateRequest Request called at 9/11/2018 9:49:02 AM   :::   09:49:02.7376064

::::::::::: PostRequestHandlerExecute Request called at 9/11/2018 9:49:02 AM   :::   09:49:02.7391076

::::::::::: ReleaseRequestState Request called at 9/11/2018 9:49:02 AM   :::   09:49:02.7406081

::::::::::: PostReleaseRequestState Request called at 9/11/2018 9:49:02 AM   :::   09:49:02.7491143

::::::::::: UpdateRequestCache Request called at 9/11/2018 9:49:02 AM   :::   09:49:02.7556187

::::::::::: EndRequest Request called at 9/11/2018 9:49:02 AM   :::   09:49:02.7626268

::::::::::: PreSendRequestContent Request called at 9/11/2018 9:49:02 AM   :::   09:49:02.7791352

::::::::::: PreSendRequestHeaders Request called at 9/11/2018 9:49:02 AM   :::   09:49:02.7821377

::::::::::: PostAcquireRequestState Request called at 9/11/2018 9:49:02 AM   :::   09:49:02.7946468

::::::::::: PreRequestHandlerExecute Request called at 9/11/2018 9:49:02 AM   :::   09:49:02.7996594

::::::::::: PostRequestHandlerExecute Request called at 9/11/2018 9:49:06 AM   :::   09:49:06.2723400

::::::::::: ReleaseRequestState Request called at 9/11/2018 9:49:06 AM   :::   09:49:06.2798456

::::::::::: PostReleaseRequestState Request called at 9/11/2018 9:49:06 AM   :::   09:49:06.2848487

::::::::::: UpdateRequestCache Request called at 9/11/2018 9:49:06 AM   :::   09:49:06.2898511

::::::::::: EndRequest Request called at 9/11/2018 9:49:06 AM   :::   09:49:06.2943541

::::::::::: PreSendRequestContent Request called at 9/11/2018 9:49:06 AM   :::   09:49:06.2963555

::::::::::: PreSendRequestHeaders Request called at 9/11/2018 9:49:06 AM   :::   09:49:06.2983569

::::::::::: BeginRequest Request called at 9/11/2018 9:49:07 AM   :::   09:49:07.5252270

::::::::::: AuthenticateRequest Request called at 9/11/2018 9:49:07 AM   :::   09:49:07.5272280

::::::::::: PostAuthenticateRequest Request called at 9/11/2018 9:49:07 AM   :::   09:49:07.5312313

::::::::::: AuthorizeRequest Request called at 9/11/2018 9:49:07 AM   :::   09:49:07.5417381

::::::::::: PostAuthorizeRequest Request called at 9/11/2018 9:49:07 AM   :::   09:49:07.5437399

::::::::::: End Request called at 9/11/2018 9:49:07 AM   :::   09:49:07.5462423

::::::::::: PostResolveRequestCache Request called at 9/11/2018 9:49:07 AM   :::   09:49:07.5477432

::::::::::: AcquireRequestState Request called at 9/11/2018 9:49:07 AM   :::   09:49:07.5492444

::::::::::: PostAcquireRequestState Request called at 9/11/2018 9:49:07 AM   :::   09:49:07.5507477

::::::::::: PreRequestHandlerExecute Request called at 9/11/2018 9:49:07 AM   :::   09:49:07.5522454

::::::::::: PreSendRequestContent Request called at 9/11/2018 9:49:09 AM   :::   09:49:09.6106473

::::::::::: PreSendRequestHeaders Request called at 9/11/2018 9:49:09 AM   :::   09:49:09.6146561

::::::::::: PostRequestHandlerExecute Request called at 9/11/2018 9:49:09 AM   :::   09:49:09.6206556

::::::::::: ReleaseRequestState Request called at 9/11/2018 9:49:09 AM   :::   09:49:09.6261589

::::::::::: PostReleaseRequestState Request called at 9/11/2018 9:49:09 AM   :::   09:49:09.6296616

::::::::::: UpdateRequestCache Request called at 9/11/2018 9:49:09 AM   :::   09:49:09.6346663

::::::::::: EndRequest Request called at 9/11/2018 9:49:09 AM   :::   09:49:09.6396679

::::::::::: PreSendRequestContent Request called at 9/11/2018 9:49:09 AM   :::   09:49:09.6471805

::::::::::: BeginRequest Request called at 9/11/2018 9:54:04 AM   :::   09:54:04.1098177

::::::::::: AuthenticateRequest Request called at 9/11/2018 9:54:04 AM   :::   09:54:04.1128199

::::::::::: PostAuthenticateRequest Request called at 9/11/2018 9:54:04 AM   :::   09:54:04.1223256

::::::::::: AuthorizeRequest Request called at 9/11/2018 9:54:04 AM   :::   09:54:04.1253281

::::::::::: PostAuthorizeRequest Request called at 9/11/2018 9:54:04 AM   :::   09:54:04.1378372

::::::::::: End Request called at 9/11/2018 9:54:04 AM   :::   09:54:04.1393373

::::::::::: PostResolveRequestCache Request called at 9/11/2018 9:54:04 AM   :::   09:54:04.1423402

::::::::::: AcquireRequestState Request called at 9/11/2018 9:54:04 AM   :::   09:54:04.1443424

::::::::::: PostAcquireRequestState Request called at 9/11/2018 9:54:04 AM   :::   09:54:04.1468436

::::::::::: PreRequestHandlerExecute Request called at 9/11/2018 9:54:04 AM   :::   09:54:04.1503451

::::::::::: PostRequestHandlerExecute Request called at 9/11/2018 9:54:04 AM   :::   09:54:04.1628542

::::::::::: ReleaseRequestState Request called at 9/11/2018 9:54:04 AM   :::   09:54:04.1693586

::::::::::: PostReleaseRequestState Request called at 9/11/2018 9:54:04 AM   :::   09:54:04.1718613

::::::::::: UpdateRequestCache Request called at 9/11/2018 9:54:04 AM   :::   09:54:04.1738620

::::::::::: EndRequest Request called at 9/11/2018 9:54:04 AM   :::   09:54:04.1768657

::::::::::: PreSendRequestContent Request called at 9/11/2018 9:54:04 AM   :::   09:54:04.1793661

::::::::::: PreSendRequestHeaders Request called at 9/11/2018 9:54:04 AM   :::   09:54:04.1813683

::::::::::: BeginRequest Request called at 9/11/2018 9:54:04 AM   :::   09:54:04.2148918

::::::::::: AuthenticateRequest Request called at 9/11/2018 9:54:04 AM   :::   09:54:04.2203951

::::::::::: PostAuthenticateRequest Request called at 9/11/2018 9:54:04 AM   :::   09:54:04.2258992

::::::::::: AuthorizeRequest Request called at 9/11/2018 9:54:04 AM   :::   09:54:04.2279003

::::::::::: PostAuthorizeRequest Request called at 9/11/2018 9:54:04 AM   :::   09:54:04.2304030

::::::::::: End Request called at 9/11/2018 9:54:04 AM   :::   09:54:04.2519181

::::::::::: PostResolveRequestCache Request called at 9/11/2018 9:54:04 AM   :::   09:54:04.2544193

::::::::::: AcquireRequestState Request called at 9/11/2018 9:54:04 AM   :::   09:54:04.2594228

::::::::::: PostAcquireRequestState Request called at 9/11/2018 9:54:04 AM   :::   09:54:04.2609233

::::::::::: PreRequestHandlerExecute Request called at 9/11/2018 9:54:04 AM   :::   09:54:04.2624245

::::::::::: PreSendRequestContent Request called at 9/11/2018 10:03:55 AM   :::   10:03:55.3961537

::::::::::: PreSendRequestHeaders Request called at 9/11/2018 10:03:55 AM   :::   10:03:55.4021571

::::::::::: PostRequestHandlerExecute Request called at 9/11/2018 10:03:55 AM   :::   10:03:55.4291767

::::::::::: ReleaseRequestState Request called at 9/11/2018 10:03:55 AM   :::   10:03:55.4401833

::::::::::: PostReleaseRequestState Request called at 9/11/2018 10:03:55 AM   :::   10:03:55.4431862

::::::::::: UpdateRequestCache Request called at 9/11/2018 10:03:55 AM   :::   10:03:55.4817137

::::::::::: EndRequest Request called at 9/11/2018 10:03:55 AM   :::   10:03:55.4832146

::::::::::: PreSendRequestContent Request called at 9/11/2018 10:03:55 AM   :::   10:03:55.4982248

::::::::::: BeginRequest Request called at 9/11/2018 10:04:27 AM   :::   10:04:27.8334490

::::::::::: AuthenticateRequest Request called at 9/11/2018 10:04:27 AM   :::   10:04:27.8349495

::::::::::: PostAuthenticateRequest Request called at 9/11/2018 10:04:27 AM   :::   10:04:27.8394521

::::::::::: AuthorizeRequest Request called at 9/11/2018 10:04:27 AM   :::   10:04:27.8409530

::::::::::: PostAuthorizeRequest Request called at 9/11/2018 10:04:27 AM   :::   10:04:27.8424550

::::::::::: End Request called at 9/11/2018 10:04:27 AM   :::   10:04:27.8439555

::::::::::: PostResolveRequestCache Request called at 9/11/2018 10:04:27 AM   :::   10:04:27.8464575

::::::::::: AcquireRequestState Request called at 9/11/2018 10:04:27 AM   :::   10:04:27.8484617

::::::::::: PostAcquireRequestState Request called at 9/11/2018 10:04:27 AM   :::   10:04:27.8499598

::::::::::: PreRequestHandlerExecute Request called at 9/11/2018 10:04:27 AM   :::   10:04:27.8514610

::::::::::: PostRequestHandlerExecute Request called at 9/11/2018 10:04:27 AM   :::   10:04:27.8544632

::::::::::: ReleaseRequestState Request called at 9/11/2018 10:04:27 AM   :::   10:04:27.8559640

::::::::::: PostReleaseRequestState Request called at 9/11/2018 10:04:27 AM   :::   10:04:27.8574649

::::::::::: UpdateRequestCache Request called at 9/11/2018 10:04:27 AM   :::   10:04:27.8589658

::::::::::: EndRequest Request called at 9/11/2018 10:04:27 AM   :::   10:04:27.8604678

::::::::::: PreSendRequestContent Request called at 9/11/2018 10:04:27 AM   :::   10:04:27.8629698

::::::::::: PreSendRequestHeaders Request called at 9/11/2018 10:04:27 AM   :::   10:04:27.8649708

::::::::::: BeginRequest Request called at 9/11/2018 10:04:27 AM   :::   10:04:27.9700453

::::::::::: AuthenticateRequest Request called at 9/11/2018 10:04:27 AM   :::   10:04:27.9715462

::::::::::: PostAuthenticateRequest Request called at 9/11/2018 10:04:27 AM   :::   10:04:27.9740481

::::::::::: AuthorizeRequest Request called at 9/11/2018 10:04:27 AM   :::   10:04:27.9755486

::::::::::: PostAuthorizeRequest Request called at 9/11/2018 10:04:27 AM   :::   10:04:27.9770499

::::::::::: End Request called at 9/11/2018 10:04:27 AM   :::   10:04:27.9785503

::::::::::: PostResolveRequestCache Request called at 9/11/2018 10:04:27 AM   :::   10:04:27.9805525

::::::::::: AcquireRequestState Request called at 9/11/2018 10:04:27 AM   :::   10:04:27.9825540

::::::::::: PostAcquireRequestState Request called at 9/11/2018 10:04:27 AM   :::   10:04:27.9845550

::::::::::: PreRequestHandlerExecute Request called at 9/11/2018 10:04:27 AM   :::   10:04:27.9865599

::::::::::: PostRequestHandlerExecute Request called at 9/11/2018 10:04:27 AM   :::   10:04:27.9890580

::::::::::: ReleaseRequestState Request called at 9/11/2018 10:04:27 AM   :::   10:04:27.9905592

::::::::::: PostReleaseRequestState Request called at 9/11/2018 10:04:27 AM   :::   10:04:27.9920601

::::::::::: UpdateRequestCache Request called at 9/11/2018 10:04:27 AM   :::   10:04:27.9930612

::::::::::: EndRequest Request called at 9/11/2018 10:04:27 AM   :::   10:04:27.9945621

::::::::::: PreSendRequestContent Request called at 9/11/2018 10:04:27 AM   :::   10:04:27.9965639

::::::::::: PreSendRequestHeaders Request called at 9/11/2018 10:04:27 AM   :::   10:04:27.9985653

::::::::::: BeginRequest Request called at 9/11/2018 10:04:29 AM   :::   10:04:29.7533106

::::::::::: AuthenticateRequest Request called at 9/11/2018 10:04:29 AM   :::   10:04:29.7548103

::::::::::: PostAuthenticateRequest Request called at 9/11/2018 10:04:29 AM   :::   10:04:29.7563131

::::::::::: AuthorizeRequest Request called at 9/11/2018 10:04:29 AM   :::   10:04:29.7588127

::::::::::: PostAuthorizeRequest Request called at 9/11/2018 10:04:29 AM   :::   10:04:29.7603140

::::::::::: End Request called at 9/11/2018 10:04:29 AM   :::   10:04:29.7623166

::::::::::: PostResolveRequestCache Request called at 9/11/2018 10:04:29 AM   :::   10:04:29.7643180

::::::::::: AcquireRequestState Request called at 9/11/2018 10:04:29 AM   :::   10:04:29.7663186

::::::::::: PostAcquireRequestState Request called at 9/11/2018 10:04:29 AM   :::   10:04:29.7683196

::::::::::: PreRequestHandlerExecute Request called at 9/11/2018 10:04:29 AM   :::   10:04:29.7698205

::::::::::: BeginRequest Request called at 9/11/2018 10:04:29 AM   :::   10:04:29.7868338

::::::::::: AuthenticateRequest Request called at 9/11/2018 10:04:29 AM   :::   10:04:29.7888360

::::::::::: PostAuthenticateRequest Request called at 9/11/2018 10:04:29 AM   :::   10:04:29.7903360

::::::::::: AuthorizeRequest Request called at 9/11/2018 10:04:29 AM   :::   10:04:29.7918361

::::::::::: PostAuthorizeRequest Request called at 9/11/2018 10:04:29 AM   :::   10:04:29.7933374

::::::::::: End Request called at 9/11/2018 10:04:29 AM   :::   10:04:29.7948390

::::::::::: PostResolveRequestCache Request called at 9/11/2018 10:04:29 AM   :::   10:04:29.7968416

::::::::::: AcquireRequestState Request called at 9/11/2018 10:04:29 AM   :::   10:04:29.7978431

::::::::::: PostAcquireRequestState Request called at 9/11/2018 10:04:29 AM   :::   10:04:29.7993416

::::::::::: PreRequestHandlerExecute Request called at 9/11/2018 10:04:29 AM   :::   10:04:29.8003423

::::::::::: PreSendRequestContent Request called at 9/11/2018 10:04:31 AM   :::   10:04:31.8242773

::::::::::: PreSendRequestHeaders Request called at 9/11/2018 10:04:31 AM   :::   10:04:31.8257975

::::::::::: PostRequestHandlerExecute Request called at 9/11/2018 10:04:31 AM   :::   10:04:31.8297821

::::::::::: ReleaseRequestState Request called at 9/11/2018 10:04:31 AM   :::   10:04:31.8347849

::::::::::: PostReleaseRequestState Request called at 9/11/2018 10:04:31 AM   :::   10:04:31.8367859

::::::::::: UpdateRequestCache Request called at 9/11/2018 10:04:31 AM   :::   10:04:31.8387873

::::::::::: EndRequest Request called at 9/11/2018 10:04:31 AM   :::   10:04:31.8412897

::::::::::: PreSendRequestContent Request called at 9/11/2018 10:04:31 AM   :::   10:04:31.8432903

::::::::::: BeginRequest Request called at 9/11/2018 10:04:31 AM   :::   10:04:31.9183439

::::::::::: AuthenticateRequest Request called at 9/11/2018 10:04:31 AM   :::   10:04:31.9208459

::::::::::: PostAuthenticateRequest Request called at 9/11/2018 10:04:31 AM   :::   10:04:31.9413682

::::::::::: AuthorizeRequest Request called at 9/11/2018 10:04:31 AM   :::   10:04:31.9533696

::::::::::: PostAuthorizeRequest Request called at 9/11/2018 10:04:31 AM   :::   10:04:31.9613748

::::::::::: End Request called at 9/11/2018 10:04:31 AM   :::   10:04:31.9628781

::::::::::: PostResolveRequestCache Request called at 9/11/2018 10:04:31 AM   :::   10:04:31.9653773

::::::::::: AcquireRequestState Request called at 9/11/2018 10:04:31 AM   :::   10:04:31.9678793

::::::::::: PostAcquireRequestState Request called at 9/11/2018 10:04:31 AM   :::   10:04:31.9693801

::::::::::: PreRequestHandlerExecute Request called at 9/11/2018 10:04:31 AM   :::   10:04:31.9703808

::::::::::: PostRequestHandlerExecute Request called at 9/11/2018 10:04:31 AM   :::   10:04:31.9728828

::::::::::: ReleaseRequestState Request called at 9/11/2018 10:04:31 AM   :::   10:04:31.9743837

::::::::::: PostReleaseRequestState Request called at 9/11/2018 10:04:31 AM   :::   10:04:31.9763851

::::::::::: UpdateRequestCache Request called at 9/11/2018 10:04:31 AM   :::   10:04:31.9778856

::::::::::: EndRequest Request called at 9/11/2018 10:04:31 AM   :::   10:04:31.9793868

::::::::::: PreSendRequestContent Request called at 9/11/2018 10:04:31 AM   :::   10:04:31.9813886

::::::::::: PreSendRequestHeaders Request called at 9/11/2018 10:04:31 AM   :::   10:04:31.9843912

::::::::::: BeginRequest Request called at 9/11/2018 10:04:32 AM   :::   10:04:32.0044046

::::::::::: AuthenticateRequest Request called at 9/11/2018 10:04:32 AM   :::   10:04:32.0079072

::::::::::: PostAuthenticateRequest Request called at 9/11/2018 10:04:32 AM   :::   10:04:32.0094081

::::::::::: AuthorizeRequest Request called at 9/11/2018 10:04:32 AM   :::   10:04:32.0114099

::::::::::: PostAuthorizeRequest Request called at 9/11/2018 10:04:32 AM   :::   10:04:32.0134113

::::::::::: End Request called at 9/11/2018 10:04:32 AM   :::   10:04:32.0169136

::::::::::: PostResolveRequestCache Request called at 9/11/2018 10:04:32 AM   :::   10:04:32.0189150

::::::::::: AcquireRequestState Request called at 9/11/2018 10:04:32 AM   :::   10:04:32.0204163

::::::::::: PostAcquireRequestState Request called at 9/11/2018 10:04:32 AM   :::   10:04:32.0219172

::::::::::: PreRequestHandlerExecute Request called at 9/11/2018 10:04:32 AM   :::   10:04:32.0234204

::::::::::: PreSendRequestContent Request called at 9/11/2018 10:04:40 AM   :::   10:04:40.3833548

::::::::::: PreSendRequestHeaders Request called at 9/11/2018 10:04:40 AM   :::   10:04:40.3847010

::::::::::: PostRequestHandlerExecute Request called at 9/11/2018 10:04:40 AM   :::   10:04:40.3937085

::::::::::: ReleaseRequestState Request called at 9/11/2018 10:04:40 AM   :::   10:04:40.3957103

::::::::::: PostReleaseRequestState Request called at 9/11/2018 10:04:40 AM   :::   10:04:40.3972092

::::::::::: UpdateRequestCache Request called at 9/11/2018 10:04:40 AM   :::   10:04:40.3982119

::::::::::: EndRequest Request called at 9/11/2018 10:04:40 AM   :::   10:04:40.3997108

::::::::::: PreSendRequestContent Request called at 9/11/2018 10:04:40 AM   :::   10:04:40.4012125

::::::::::: PreSendRequestContent Request called at 9/11/2018 10:04:57 AM   :::   10:04:57.1464512

::::::::::: PreSendRequestHeaders Request called at 9/11/2018 10:04:57 AM   :::   10:04:57.1479525

::::::::::: Error Request called at 9/11/2018 10:04:57 AM   :::   10:04:57.1524559

::::::::::: PreSendRequestContent Request called at 9/11/2018 10:05:07 AM   :::   10:05:07.1858902

::::::::::: PreSendRequestContent Request called at 9/11/2018 10:05:07 AM   :::   10:05:07.1893921

::::::::::: PreSendRequestContent Request called at 9/11/2018 10:05:07 AM   :::   10:05:07.1963978

::::::::::: PreSendRequestContent Request called at 9/11/2018 10:05:07 AM   :::   10:05:07.2109075

::::::::::: EndRequest Request called at 9/11/2018 10:05:07 AM   :::   10:05:07.2209135

::::::::::: PreSendRequestContent Request called at 9/11/2018 10:05:07 AM   :::   10:05:07.2229149

::::::::::: BeginRequest Request called at 9/11/2018 10:07:17 AM   :::   10:07:17.5115424

::::::::::: AuthenticateRequest Request called at 9/11/2018 10:07:17 AM   :::   10:07:17.5145437

::::::::::: PostAuthenticateRequest Request called at 9/11/2018 10:07:17 AM   :::   10:07:17.5160450

::::::::::: AuthorizeRequest Request called at 9/11/2018 10:07:17 AM   :::   10:07:17.5175458

::::::::::: PostAuthorizeRequest Request called at 9/11/2018 10:07:17 AM   :::   10:07:17.5185465

::::::::::: End Request called at 9/11/2018 10:07:17 AM   :::   10:07:17.5205483

::::::::::: PostResolveRequestCache Request called at 9/11/2018 10:07:17 AM   :::   10:07:17.5265522

::::::::::: AcquireRequestState Request called at 9/11/2018 10:07:17 AM   :::   10:07:17.5285540

::::::::::: PostAcquireRequestState Request called at 9/11/2018 10:07:17 AM   :::   10:07:17.5320563

::::::::::: PreRequestHandlerExecute Request called at 9/11/2018 10:07:17 AM   :::   10:07:17.5335572

::::::::::: PostAuthenticateRequest Request called at 9/11/2018 10:07:17 AM   :::   10:07:17.5440648

::::::::::: AuthorizeRequest Request called at 9/11/2018 10:07:17 AM   :::   10:07:17.5460658

::::::::::: PostReleaseRequestState Request called at 9/11/2018 10:07:17 AM   :::   10:07:17.5625773

::::::::::: UpdateRequestCache Request called at 9/11/2018 10:07:17 AM   :::   10:07:17.5660804

::::::::::: EndRequest Request called at 9/11/2018 10:07:17 AM   :::   10:07:17.5750868

::::::::::: AcquireRequestState Request called at 9/11/2018 10:07:17 AM   :::   10:07:17.5860946

::::::::::: PostAcquireRequestState Request called at 9/11/2018 10:07:17 AM   :::   10:07:17.5910978

::::::::::: PreRequestHandlerExecute Request called at 9/11/2018 10:07:17 AM   :::   10:07:17.5981027

::::::::::: PostRequestHandlerExecute Request called at 9/11/2018 10:07:21 AM   :::   10:07:21.2649818

::::::::::: ReleaseRequestState Request called at 9/11/2018 10:07:21 AM   :::   10:07:21.2694844

::::::::::: PostReleaseRequestState Request called at 9/11/2018 10:07:21 AM   :::   10:07:21.2729867

::::::::::: UpdateRequestCache Request called at 9/11/2018 10:07:21 AM   :::   10:07:21.2759884

::::::::::: EndRequest Request called at 9/11/2018 10:07:21 AM   :::   10:07:21.2784912

::::::::::: PreSendRequestContent Request called at 9/11/2018 10:07:21 AM   :::   10:07:21.2844867

::::::::::: PreSendRequestHeaders Request called at 9/11/2018 10:07:21 AM   :::   10:07:21.2864870

::::::::::: BeginRequest Request called at 9/11/2018 10:07:22 AM   :::   10:07:22.8877364

::::::::::: AuthenticateRequest Request called at 9/11/2018 10:07:22 AM   :::   10:07:22.8892373

::::::::::: PostAuthenticateRequest Request called at 9/11/2018 10:07:22 AM   :::   10:07:22.8907382

::::::::::: AuthorizeRequest Request called at 9/11/2018 10:07:22 AM   :::   10:07:22.8917393

::::::::::: PostAuthorizeRequest Request called at 9/11/2018 10:07:22 AM   :::   10:07:22.8932409

::::::::::: End Request called at 9/11/2018 10:07:22 AM   :::   10:07:22.8952416

::::::::::: PostResolveRequestCache Request called at 9/11/2018 10:07:22 AM   :::   10:07:22.8967436

::::::::::: AcquireRequestState Request called at 9/11/2018 10:07:22 AM   :::   10:07:22.9012462

::::::::::: PostAcquireRequestState Request called at 9/11/2018 10:07:22 AM   :::   10:07:22.9137557

::::::::::: PreRequestHandlerExecute Request called at 9/11/2018 10:07:22 AM   :::   10:07:22.9192610

::::::::::: PreSendRequestContent Request called at 9/11/2018 10:07:24 AM   :::   10:07:24.9803386

::::::::::: PreSendRequestHeaders Request called at 9/11/2018 10:07:24 AM   :::   10:07:24.9838409

::::::::::: PostRequestHandlerExecute Request called at 9/11/2018 10:07:24 AM   :::   10:07:24.9893461

::::::::::: ReleaseRequestState Request called at 9/11/2018 10:07:24 AM   :::   10:07:24.9958502

::::::::::: PostReleaseRequestState Request called at 9/11/2018 10:07:25 AM   :::   10:07:25.0013539

::::::::::: UpdateRequestCache Request called at 9/11/2018 10:07:25 AM   :::   10:07:25.0068564

::::::::::: EndRequest Request called at 9/11/2018 10:07:25 AM   :::   10:07:25.0111731

::::::::::: PreSendRequestContent Request called at 9/11/2018 10:07:25 AM   :::   10:07:25.0166776

::::::::::: BeginRequest Request called at 9/11/2018 10:08:54 AM   :::   10:08:54.3328547

::::::::::: AuthenticateRequest Request called at 9/11/2018 10:08:54 AM   :::   10:08:54.3343548

::::::::::: PostAuthenticateRequest Request called at 9/11/2018 10:08:54 AM   :::   10:08:54.3358557

::::::::::: AuthorizeRequest Request called at 9/11/2018 10:08:54 AM   :::   10:08:54.3388590

::::::::::: PostAuthorizeRequest Request called at 9/11/2018 10:08:54 AM   :::   10:08:54.3413602

::::::::::: End Request called at 9/11/2018 10:08:54 AM   :::   10:08:54.3438641

::::::::::: PostResolveRequestCache Request called at 9/11/2018 10:08:54 AM   :::   10:08:54.3463641

::::::::::: AcquireRequestState Request called at 9/11/2018 10:08:54 AM   :::   10:08:54.3483647

::::::::::: PostAcquireRequestState Request called at 9/11/2018 10:08:54 AM   :::   10:08:54.3498660

::::::::::: PreRequestHandlerExecute Request called at 9/11/2018 10:08:54 AM   :::   10:08:54.3518702

::::::::::: PostRequestHandlerExecute Request called at 9/11/2018 10:08:54 AM   :::   10:08:54.3628855

::::::::::: ReleaseRequestState Request called at 9/11/2018 10:08:54 AM   :::   10:08:54.3658860

::::::::::: PostReleaseRequestState Request called at 9/11/2018 10:08:54 AM   :::   10:08:54.3678788

::::::::::: UpdateRequestCache Request called at 9/11/2018 10:08:54 AM   :::   10:08:54.3703823

::::::::::: EndRequest Request called at 9/11/2018 10:08:54 AM   :::   10:08:54.3728823

::::::::::: PreSendRequestContent Request called at 9/11/2018 10:08:54 AM   :::   10:08:54.3768856

::::::::::: PreSendRequestHeaders Request called at 9/11/2018 10:08:54 AM   :::   10:08:54.3788862

::::::::::: BeginRequest Request called at 9/11/2018 10:08:54 AM   :::   10:08:54.3828890

::::::::::: AuthenticateRequest Request called at 9/11/2018 10:08:54 AM   :::   10:08:54.3843899

::::::::::: PostAuthenticateRequest Request called at 9/11/2018 10:08:54 AM   :::   10:08:54.3858912

::::::::::: AuthorizeRequest Request called at 9/11/2018 10:08:54 AM   :::   10:08:54.3873920

::::::::::: PostAuthorizeRequest Request called at 9/11/2018 10:08:54 AM   :::   10:08:54.3883927

::::::::::: End Request called at 9/11/2018 10:08:54 AM   :::   10:08:54.3898940

::::::::::: PostResolveRequestCache Request called at 9/11/2018 10:08:54 AM   :::   10:08:54.3924003

::::::::::: AcquireRequestState Request called at 9/11/2018 10:08:54 AM   :::   10:08:54.3938972

::::::::::: PostAcquireRequestState Request called at 9/11/2018 10:08:54 AM   :::   10:08:54.3953985

::::::::::: PreRequestHandlerExecute Request called at 9/11/2018 10:08:54 AM   :::   10:08:54.3968986

::::::::::: PreSendRequestContent Request called at 9/11/2018 10:09:08 AM   :::   10:09:08.9686115

::::::::::: PreSendRequestHeaders Request called at 9/11/2018 10:09:08 AM   :::   10:09:08.9701124

::::::::::: PostRequestHandlerExecute Request called at 9/11/2018 10:09:08 AM   :::   10:09:08.9736155

::::::::::: ReleaseRequestState Request called at 9/11/2018 10:09:08 AM   :::   10:09:08.9896264

::::::::::: PostReleaseRequestState Request called at 9/11/2018 10:09:08 AM   :::   10:09:08.9966314

::::::::::: UpdateRequestCache Request called at 9/11/2018 10:09:08 AM   :::   10:09:08.9996335

::::::::::: EndRequest Request called at 9/11/2018 10:09:09 AM   :::   10:09:09.0026368

::::::::::: PreSendRequestContent Request called at 9/11/2018 10:09:09 AM   :::   10:09:09.0126439

::::::::::: BeginRequest Request called at 9/11/2018 10:09:14 AM   :::   10:09:14.3863882

::::::::::: AuthenticateRequest Request called at 9/11/2018 10:09:14 AM   :::   10:09:14.3878981

::::::::::: PostAuthenticateRequest Request called at 9/11/2018 10:09:14 AM   :::   10:09:14.3923928

::::::::::: AuthorizeRequest Request called at 9/11/2018 10:09:14 AM   :::   10:09:14.3973960

::::::::::: PostAuthorizeRequest Request called at 9/11/2018 10:09:14 AM   :::   10:09:14.4018993

::::::::::: End Request called at 9/11/2018 10:09:14 AM   :::   10:09:14.4054020

::::::::::: PostResolveRequestCache Request called at 9/11/2018 10:09:14 AM   :::   10:09:14.4109053

::::::::::: AcquireRequestState Request called at 9/11/2018 10:09:14 AM   :::   10:09:14.4149117

::::::::::: PostAcquireRequestState Request called at 9/11/2018 10:09:14 AM   :::   10:09:14.4189114

::::::::::: PreRequestHandlerExecute Request called at 9/11/2018 10:09:14 AM   :::   10:09:14.4204296

::::::::::: PostRequestHandlerExecute Request called at 9/11/2018 10:09:14 AM   :::   10:09:14.4249153

::::::::::: ReleaseRequestState Request called at 9/11/2018 10:09:14 AM   :::   10:09:14.4264177

::::::::::: PostReleaseRequestState Request called at 9/11/2018 10:09:14 AM   :::   10:09:14.4279170

::::::::::: UpdateRequestCache Request called at 9/11/2018 10:09:14 AM   :::   10:09:14.4289181

::::::::::: EndRequest Request called at 9/11/2018 10:09:14 AM   :::   10:09:14.4299184

::::::::::: PreSendRequestContent Request called at 9/11/2018 10:09:14 AM   :::   10:09:14.4314193

::::::::::: PreSendRequestHeaders Request called at 9/11/2018 10:09:14 AM   :::   10:09:14.4324204

::::::::::: BeginRequest Request called at 9/11/2018 10:09:14 AM   :::   10:09:14.4359227

::::::::::: AuthenticateRequest Request called at 9/11/2018 10:09:14 AM   :::   10:09:14.4374239

::::::::::: PostAuthenticateRequest Request called at 9/11/2018 10:09:14 AM   :::   10:09:14.4404276

::::::::::: AuthorizeRequest Request called at 9/11/2018 10:09:14 AM   :::   10:09:14.4419289

::::::::::: PostAuthorizeRequest Request called at 9/11/2018 10:09:14 AM   :::   10:09:14.4434282

::::::::::: End Request called at 9/11/2018 10:09:14 AM   :::   10:09:14.4444301

::::::::::: PostResolveRequestCache Request called at 9/11/2018 10:09:14 AM   :::   10:09:14.4459302

::::::::::: AcquireRequestState Request called at 9/11/2018 10:09:14 AM   :::   10:09:14.4469324

::::::::::: PostAcquireRequestState Request called at 9/11/2018 10:09:14 AM   :::   10:09:14.4479312

::::::::::: PreRequestHandlerExecute Request called at 9/11/2018 10:09:14 AM   :::   10:09:14.4489323

::::::::::: BeginRequest Request called at 9/11/2018 10:10:20 AM   :::   10:10:20.5249771

::::::::::: AuthenticateRequest Request called at 9/11/2018 10:10:20 AM   :::   10:10:20.5294801

::::::::::: PostAuthenticateRequest Request called at 9/11/2018 10:10:20 AM   :::   10:10:20.5314819

::::::::::: AuthorizeRequest Request called at 9/11/2018 10:10:20 AM   :::   10:10:20.5329828

::::::::::: PostAuthorizeRequest Request called at 9/11/2018 10:10:20 AM   :::   10:10:20.5344837

::::::::::: End Request called at 9/11/2018 10:10:20 AM   :::   10:10:20.5359849

::::::::::: BeginRequest Request called at 9/11/2018 10:10:20 AM   :::   10:10:20.5379860

::::::::::: AuthenticateRequest Request called at 9/11/2018 10:10:20 AM   :::   10:10:20.5429899

::::::::::: PostAuthenticateRequest Request called at 9/11/2018 10:10:20 AM   :::   10:10:20.5474925

::::::::::: AuthorizeRequest Request called at 9/11/2018 10:10:20 AM   :::   10:10:20.5499949

::::::::::: PostAuthorizeRequest Request called at 9/11/2018 10:10:20 AM   :::   10:10:20.5595014

::::::::::: End Request called at 9/11/2018 10:10:20 AM   :::   10:10:20.5620034

::::::::::: PreRequestHandlerExecute Request called at 9/11/2018 10:10:20 AM   :::   10:10:20.5690087

::::::::::: AcquireRequestState Request called at 9/11/2018 10:10:20 AM   :::   10:10:20.5755124

::::::::::: PostRequestHandlerExecute Request called at 9/11/2018 10:10:20 AM   :::   10:10:20.5765135

::::::::::: ReleaseRequestState Request called at 9/11/2018 10:10:20 AM   :::   10:10:20.5830179

::::::::::: PostReleaseRequestState Request called at 9/11/2018 10:10:20 AM   :::   10:10:20.5905234

::::::::::: UpdateRequestCache Request called at 9/11/2018 10:10:20 AM   :::   10:10:20.5980289

::::::::::: EndRequest Request called at 9/11/2018 10:10:20 AM   :::   10:10:20.6105399

::::::::::: PreSendRequestContent Request called at 9/11/2018 10:10:20 AM   :::   10:10:20.6220459

::::::::::: PreSendRequestHeaders Request called at 9/11/2018 10:10:20 AM   :::   10:10:20.6315525

::::::::::: EndRequest Request called at 9/11/2018 10:10:20 AM   :::   10:10:20.6450619

::::::::::: PreSendRequestContent Request called at 9/11/2018 10:10:20 AM   :::   10:10:20.6465631

::::::::::: PreSendRequestHeaders Request called at 9/11/2018 10:10:20 AM   :::   10:10:20.6480640

::::::::::: BeginRequest Request called at 9/11/2018 10:10:27 AM   :::   10:10:27.3260073

::::::::::: AuthenticateRequest Request called at 9/11/2018 10:10:27 AM   :::   10:10:27.3280083

::::::::::: PostAuthenticateRequest Request called at 9/11/2018 10:10:27 AM   :::   10:10:27.3325113

::::::::::: AuthorizeRequest Request called at 9/11/2018 10:10:27 AM   :::   10:10:27.3345131

::::::::::: PostAuthorizeRequest Request called at 9/11/2018 10:10:27 AM   :::   10:10:27.3370186

::::::::::: End Request called at 9/11/2018 10:10:27 AM   :::   10:10:27.3385156

::::::::::: PostResolveRequestCache Request called at 9/11/2018 10:10:27 AM   :::   10:10:27.3405174

::::::::::: AcquireRequestState Request called at 9/11/2018 10:10:27 AM   :::   10:10:27.3425184

::::::::::: PostAcquireRequestState Request called at 9/11/2018 10:10:27 AM   :::   10:10:27.3440197

::::::::::: PreRequestHandlerExecute Request called at 9/11/2018 10:10:27 AM   :::   10:10:27.3460207

::::::::::: PreSendRequestContent Request called at 9/11/2018 10:10:29 AM   :::   10:10:29.3750657

::::::::::: PreSendRequestHeaders Request called at 9/11/2018 10:10:29 AM   :::   10:10:29.3765666

::::::::::: PostRequestHandlerExecute Request called at 9/11/2018 10:10:29 AM   :::   10:10:29.3800693

::::::::::: ReleaseRequestState Request called at 9/11/2018 10:10:29 AM   :::   10:10:29.3830714

::::::::::: PostReleaseRequestState Request called at 9/11/2018 10:10:29 AM   :::   10:10:29.3855742

::::::::::: UpdateRequestCache Request called at 9/11/2018 10:10:29 AM   :::   10:10:29.3875744

::::::::::: EndRequest Request called at 9/11/2018 10:10:29 AM   :::   10:10:29.3890757

::::::::::: PreSendRequestContent Request called at 9/11/2018 10:10:29 AM   :::   10:10:29.3905769

::::::::::: BeginRequest Request called at 9/11/2018 10:10:53 AM   :::   10:10:53.6600504

::::::::::: AuthenticateRequest Request called at 9/11/2018 10:10:53 AM   :::   10:10:53.6650539

::::::::::: PostAuthenticateRequest Request called at 9/11/2018 10:10:53 AM   :::   10:10:53.6685562

::::::::::: AuthorizeRequest Request called at 9/11/2018 10:10:53 AM   :::   10:10:53.6705588

::::::::::: PostAuthorizeRequest Request called at 9/11/2018 10:10:53 AM   :::   10:10:53.6780636

::::::::::: End Request called at 9/11/2018 10:10:53 AM   :::   10:10:53.6795652

::::::::::: PostResolveRequestCache Request called at 9/11/2018 10:10:53 AM   :::   10:10:53.6820672

::::::::::: AcquireRequestState Request called at 9/11/2018 10:10:53 AM   :::   10:10:53.6835673

::::::::::: PostAcquireRequestState Request called at 9/11/2018 10:10:53 AM   :::   10:10:53.6850677

::::::::::: PreRequestHandlerExecute Request called at 9/11/2018 10:10:53 AM   :::   10:10:53.6975772

::::::::::: AuthenticateRequest Request called at 9/11/2018 10:10:53 AM   :::   10:10:53.7090855

::::::::::: PostAuthenticateRequest Request called at 9/11/2018 10:10:53 AM   :::   10:10:53.7115863

::::::::::: AuthorizeRequest Request called at 9/11/2018 10:10:53 AM   :::   10:10:53.7150898

::::::::::: PostAuthorizeRequest Request called at 9/11/2018 10:10:53 AM   :::   10:10:53.7170912

::::::::::: End Request called at 9/11/2018 10:10:53 AM   :::   10:10:53.7190926

::::::::::: PostResolveRequestCache Request called at 9/11/2018 10:10:53 AM   :::   10:10:53.7285984

::::::::::: AcquireRequestState Request called at 9/11/2018 10:10:53 AM   :::   10:10:53.7356045

::::::::::: PostAcquireRequestState Request called at 9/11/2018 10:10:53 AM   :::   10:10:53.7371054

::::::::::: PreRequestHandlerExecute Request called at 9/11/2018 10:10:53 AM   :::   10:10:53.7456101

::::::::::: UpdateRequestCache Request called at 9/11/2018 10:10:53 AM   :::   10:10:53.7556179

::::::::::: EndRequest Request called at 9/11/2018 10:10:53 AM   :::   10:10:53.7611232

::::::::::: PreSendRequestContent Request called at 9/11/2018 10:10:53 AM   :::   10:10:53.7696279

::::::::::: ReleaseRequestState Request called at 9/11/2018 10:10:53 AM   :::   10:10:53.7761335

::::::::::: PostReleaseRequestState Request called at 9/11/2018 10:10:53 AM   :::   10:10:53.7786350

::::::::::: UpdateRequestCache Request called at 9/11/2018 10:10:53 AM   :::   10:10:53.7821373

::::::::::: EndRequest Request called at 9/11/2018 10:10:53 AM   :::   10:10:53.7841384

::::::::::: PreSendRequestContent Request called at 9/11/2018 10:10:53 AM   :::   10:10:53.7876410

::::::::::: PreSendRequestHeaders Request called at 9/11/2018 10:10:53 AM   :::   10:10:53.7926446

::::::::::: BeginRequest Request called at 9/11/2018 10:10:58 AM   :::   10:10:58.5040897

::::::::::: AuthenticateRequest Request called at 9/11/2018 10:10:58 AM   :::   10:10:58.5060927

::::::::::: PostAuthenticateRequest Request called at 9/11/2018 10:10:58 AM   :::   10:10:58.5085927

::::::::::: AuthorizeRequest Request called at 9/11/2018 10:10:58 AM   :::   10:10:58.5120950

::::::::::: PostAuthorizeRequest Request called at 9/11/2018 10:10:58 AM   :::   10:10:58.5150975

::::::::::: End Request called at 9/11/2018 10:10:58 AM   :::   10:10:58.5170993

::::::::::: PostResolveRequestCache Request called at 9/11/2018 10:10:58 AM   :::   10:10:58.5221061

::::::::::: AcquireRequestState Request called at 9/11/2018 10:10:58 AM   :::   10:10:58.5241043

::::::::::: PostAcquireRequestState Request called at 9/11/2018 10:10:58 AM   :::   10:10:58.5256060

::::::::::: PreRequestHandlerExecute Request called at 9/11/2018 10:10:58 AM   :::   10:10:58.5271053

::::::::::: PreSendRequestContent Request called at 9/11/2018 10:11:00 AM   :::   10:11:00.5649218

::::::::::: PreSendRequestHeaders Request called at 9/11/2018 10:11:00 AM   :::   10:11:00.5684249

::::::::::: PostRequestHandlerExecute Request called at 9/11/2018 10:11:00 AM   :::   10:11:00.5734280

::::::::::: ReleaseRequestState Request called at 9/11/2018 10:11:00 AM   :::   10:11:00.5759312

::::::::::: PostReleaseRequestState Request called at 9/11/2018 10:11:00 AM   :::   10:11:00.5779306

::::::::::: UpdateRequestCache Request called at 9/11/2018 10:11:00 AM   :::   10:11:00.5814337

::::::::::: EndRequest Request called at 9/11/2018 10:11:00 AM   :::   10:11:00.5839353

::::::::::: PreSendRequestContent Request called at 9/11/2018 10:11:00 AM   :::   10:11:00.5889400

::::::::::: Error Request called at 9/11/2018 10:11:58 AM   :::   10:11:58.8176094

::::::::::: EndRequest Request called at 9/11/2018 10:12:08 AM   :::   10:12:08.8383326

::::::::::: BeginRequest Request called at 9/11/2018 10:12:37 AM   :::   10:12:37.3167636

::::::::::: AuthenticateRequest Request called at 9/11/2018 10:12:37 AM   :::   10:12:37.3182641

::::::::::: BeginRequest Request called at 9/11/2018 10:12:37 AM   :::   10:12:37.3197650

::::::::::: AuthenticateRequest Request called at 9/11/2018 10:12:37 AM   :::   10:12:37.3217660

::::::::::: AuthorizeRequest Request called at 9/11/2018 10:12:37 AM   :::   10:12:37.3282708

::::::::::: PostAuthorizeRequest Request called at 9/11/2018 10:12:37 AM   :::   10:12:37.3307720

::::::::::: PostAuthorizeRequest Request called at 9/11/2018 10:12:37 AM   :::   10:12:37.3417814

::::::::::: End Request called at 9/11/2018 10:12:37 AM   :::   10:12:37.3377778

::::::::::: PostResolveRequestCache Request called at 9/11/2018 10:12:37 AM   :::   10:12:37.3542897

::::::::::: AcquireRequestState Request called at 9/11/2018 10:12:37 AM   :::   10:12:37.3612946

::::::::::: PostAcquireRequestState Request called at 9/11/2018 10:12:37 AM   :::   10:12:37.3642964

::::::::::: PreRequestHandlerExecute Request called at 9/11/2018 10:12:37 AM   :::   10:12:37.3713013

::::::::::: PostRequestHandlerExecute Request called at 9/11/2018 10:12:37 AM   :::   10:12:37.3808079

::::::::::: ReleaseRequestState Request called at 9/11/2018 10:12:37 AM   :::   10:12:37.3938171

::::::::::: PostReleaseRequestState Request called at 9/11/2018 10:12:37 AM   :::   10:12:37.3948182

::::::::::: UpdateRequestCache Request called at 9/11/2018 10:12:37 AM   :::   10:12:37.3963195

::::::::::: EndRequest Request called at 9/11/2018 10:12:37 AM   :::   10:12:37.3973198

::::::::::: PreSendRequestContent Request called at 9/11/2018 10:12:37 AM   :::   10:12:37.3983205

::::::::::: PreSendRequestHeaders Request called at 9/11/2018 10:12:37 AM   :::   10:12:37.3998213

::::::::::: PostRequestHandlerExecute Request called at 9/11/2018 10:12:40 AM   :::   10:12:40.8116588

::::::::::: ReleaseRequestState Request called at 9/11/2018 10:12:40 AM   :::   10:12:40.8146610

::::::::::: PostReleaseRequestState Request called at 9/11/2018 10:12:40 AM   :::   10:12:40.8176631

::::::::::: UpdateRequestCache Request called at 9/11/2018 10:12:40 AM   :::   10:12:40.8226674

::::::::::: EndRequest Request called at 9/11/2018 10:12:40 AM   :::   10:12:40.8256692

::::::::::: PreSendRequestContent Request called at 9/11/2018 10:12:40 AM   :::   10:12:40.8291715

::::::::::: PreSendRequestHeaders Request called at 9/11/2018 10:12:40 AM   :::   10:12:40.8311725

::::::::::: BeginRequest Request called at 9/11/2018 10:12:42 AM   :::   10:12:42.0112536

::::::::::: AuthenticateRequest Request called at 9/11/2018 10:12:42 AM   :::   10:12:42.0132558

::::::::::: PostAuthenticateRequest Request called at 9/11/2018 10:12:42 AM   :::   10:12:42.0152568

::::::::::: AuthorizeRequest Request called at 9/11/2018 10:12:42 AM   :::   10:12:42.0167581

::::::::::: PostAuthorizeRequest Request called at 9/11/2018 10:12:42 AM   :::   10:12:42.0187595

::::::::::: End Request called at 9/11/2018 10:12:42 AM   :::   10:12:42.0212650

::::::::::: PostResolveRequestCache Request called at 9/11/2018 10:12:42 AM   :::   10:12:42.0242640

::::::::::: AcquireRequestState Request called at 9/11/2018 10:12:42 AM   :::   10:12:42.0287674

::::::::::: PostAcquireRequestState Request called at 9/11/2018 10:12:42 AM   :::   10:12:42.0312686

::::::::::: PreRequestHandlerExecute Request called at 9/11/2018 10:12:42 AM   :::   10:12:42.0332696

::::::::::: PreSendRequestContent Request called at 9/11/2018 10:12:44 AM   :::   10:12:44.0829079

::::::::::: PreSendRequestHeaders Request called at 9/11/2018 10:12:44 AM   :::   10:12:44.0884045

::::::::::: PostRequestHandlerExecute Request called at 9/11/2018 10:12:44 AM   :::   10:12:44.0959104

::::::::::: ReleaseRequestState Request called at 9/11/2018 10:12:44 AM   :::   10:12:44.1014141

::::::::::: PostReleaseRequestState Request called at 9/11/2018 10:12:44 AM   :::   10:12:44.1049164

::::::::::: UpdateRequestCache Request called at 9/11/2018 10:12:44 AM   :::   10:12:44.1079186

::::::::::: EndRequest Request called at 9/11/2018 10:12:44 AM   :::   10:12:44.1109203

::::::::::: PreSendRequestContent Request called at 9/11/2018 10:12:44 AM   :::   10:12:44.1144238

::::::::::: BeginRequest Request called at 9/11/2018 10:13:42 AM   :::   10:13:42.3833947

::::::::::: AuthenticateRequest Request called at 9/11/2018 10:13:42 AM   :::   10:13:42.3849031

::::::::::: PostAuthenticateRequest Request called at 9/11/2018 10:13:42 AM   :::   10:13:42.3893978

::::::::::: AuthorizeRequest Request called at 9/11/2018 10:13:42 AM   :::   10:13:42.4014055

::::::::::: PostAuthorizeRequest Request called at 9/11/2018 10:13:42 AM   :::   10:13:42.4074102

::::::::::: End Request called at 9/11/2018 10:13:42 AM   :::   10:13:42.4214225

::::::::::: PostResolveRequestCache Request called at 9/11/2018 10:13:42 AM   :::   10:13:42.4244218

::::::::::: AcquireRequestState Request called at 9/11/2018 10:13:42 AM   :::   10:13:42.4299275

::::::::::: PostAcquireRequestState Request called at 9/11/2018 10:13:42 AM   :::   10:13:42.4319277

::::::::::: PreRequestHandlerExecute Request called at 9/11/2018 10:13:42 AM   :::   10:13:42.4329277

::::::::::: PreSendRequestContent Request called at 9/11/2018 10:17:12 AM   :::   10:17:12.0525318

::::::::::: PreSendRequestHeaders Request called at 9/11/2018 10:17:12 AM   :::   10:17:12.0565354

::::::::::: Error Request called at 9/11/2018 10:17:12 AM   :::   10:17:12.0620379

::::::::::: PreSendRequestContent Request called at 9/11/2018 10:17:22 AM   :::   10:17:22.1071614

::::::::::: PreSendRequestContent Request called at 9/11/2018 10:17:22 AM   :::   10:17:22.1121650

::::::::::: PreSendRequestContent Request called at 9/11/2018 10:17:22 AM   :::   10:17:22.1181696

::::::::::: PreSendRequestContent Request called at 9/11/2018 10:17:22 AM   :::   10:17:22.1206708

::::::::::: EndRequest Request called at 9/11/2018 10:17:22 AM   :::   10:17:22.1231724

::::::::::: PreSendRequestContent Request called at 9/11/2018 10:17:22 AM   :::   10:17:22.1251738

::::::::::: BeginRequest Request called at 9/11/2018 10:18:50 AM   :::   10:18:50.9903729

::::::::::: AuthenticateRequest Request called at 9/11/2018 10:18:50 AM   :::   10:18:50.9968801

::::::::::: PostAuthenticateRequest Request called at 9/11/2018 10:18:50 AM   :::   10:18:50.9993777

::::::::::: AuthorizeRequest Request called at 9/11/2018 10:18:51 AM   :::   10:18:51.0003796

::::::::::: PostAuthorizeRequest Request called at 9/11/2018 10:18:51 AM   :::   10:18:51.0018789

::::::::::: End Request called at 9/11/2018 10:18:51 AM   :::   10:18:51.0028800

::::::::::: PostResolveRequestCache Request called at 9/11/2018 10:18:51 AM   :::   10:18:51.0048814

::::::::::: AcquireRequestState Request called at 9/11/2018 10:18:51 AM   :::   10:18:51.0063831

::::::::::: PostAcquireRequestState Request called at 9/11/2018 10:18:51 AM   :::   10:18:51.0078851

::::::::::: PreRequestHandlerExecute Request called at 9/11/2018 10:18:51 AM   :::   10:18:51.0103855

::::::::::: PreSendRequestContent Request called at 9/11/2018 10:19:12 AM   :::   10:19:12.2920353

::::::::::: PreSendRequestHeaders Request called at 9/11/2018 10:19:12 AM   :::   10:19:12.2935365

::::::::::: PostRequestHandlerExecute Request called at 9/11/2018 10:19:12 AM   :::   10:19:12.3210551

::::::::::: ReleaseRequestState Request called at 9/11/2018 10:19:12 AM   :::   10:19:12.3240568

::::::::::: PostReleaseRequestState Request called at 9/11/2018 10:19:12 AM   :::   10:19:12.3260582

::::::::::: UpdateRequestCache Request called at 9/11/2018 10:19:12 AM   :::   10:19:12.3275591

::::::::::: EndRequest Request called at 9/11/2018 10:19:12 AM   :::   10:19:12.3285614

::::::::::: PreSendRequestContent Request called at 9/11/2018 10:19:12 AM   :::   10:19:12.3295601

::::::::::: BeginRequest Request called at 9/11/2018 10:19:12 AM   :::   10:19:12.7113309

::::::::::: AuthenticateRequest Request called at 9/11/2018 10:19:12 AM   :::   10:19:12.7128318

::::::::::: PostAuthenticateRequest Request called at 9/11/2018 10:19:12 AM   :::   10:19:12.7153338

::::::::::: AuthorizeRequest Request called at 9/11/2018 10:19:12 AM   :::   10:19:12.7168346

::::::::::: PostAuthorizeRequest Request called at 9/11/2018 10:19:12 AM   :::   10:19:12.7178357

::::::::::: End Request called at 9/11/2018 10:19:12 AM   :::   10:19:12.7198371

::::::::::: PostResolveRequestCache Request called at 9/11/2018 10:19:12 AM   :::   10:19:12.7213380

::::::::::: AcquireRequestState Request called at 9/11/2018 10:19:12 AM   :::   10:19:12.7228393

::::::::::: PostAcquireRequestState Request called at 9/11/2018 10:19:12 AM   :::   10:19:12.7248427

::::::::::: PreRequestHandlerExecute Request called at 9/11/2018 10:19:12 AM   :::   10:19:12.7293445

::::::::::: PreSendRequestContent Request called at 9/11/2018 10:19:20 AM   :::   10:19:20.7867970

::::::::::: PreSendRequestHeaders Request called at 9/11/2018 10:19:20 AM   :::   10:19:20.7892994

::::::::::: PostRequestHandlerExecute Request called at 9/11/2018 10:19:20 AM   :::   10:19:20.8078115

::::::::::: ReleaseRequestState Request called at 9/11/2018 10:19:20 AM   :::   10:19:20.8108141

::::::::::: PostReleaseRequestState Request called at 9/11/2018 10:19:20 AM   :::   10:19:20.8123153

::::::::::: UpdateRequestCache Request called at 9/11/2018 10:19:20 AM   :::   10:19:20.8153171

::::::::::: EndRequest Request called at 9/11/2018 10:19:20 AM   :::   10:19:20.8163178

::::::::::: PreSendRequestContent Request called at 9/11/2018 10:19:20 AM   :::   10:19:20.8178190

::::::::::: BeginRequest Request called at 9/11/2018 10:54:02 AM   :::   10:54:02.3734425

::::::::::: AuthenticateRequest Request called at 9/11/2018 10:54:02 AM   :::   10:54:02.3809472

::::::::::: PostAuthenticateRequest Request called at 9/11/2018 10:54:02 AM   :::   10:54:02.3884527

::::::::::: AuthorizeRequest Request called at 9/11/2018 10:54:02 AM   :::   10:54:02.3909547

::::::::::: PostAuthorizeRequest Request called at 9/11/2018 10:54:02 AM   :::   10:54:02.3929557

::::::::::: End Request called at 9/11/2018 10:54:02 AM   :::   10:54:02.3949575

::::::::::: PostResolveRequestCache Request called at 9/11/2018 10:54:02 AM   :::   10:54:02.4595031

::::::::::: AcquireRequestState Request called at 9/11/2018 10:54:02 AM   :::   10:54:02.4755152

::::::::::: PostAcquireRequestState Request called at 9/11/2018 10:54:02 AM   :::   10:54:02.4780160

::::::::::: PreRequestHandlerExecute Request called at 9/11/2018 10:54:02 AM   :::   10:54:02.4800178

::::::::::: PostRequestHandlerExecute Request called at 9/11/2018 10:54:03 AM   :::   10:54:03.9825824

::::::::::: ReleaseRequestState Request called at 9/11/2018 10:54:03 AM   :::   10:54:03.9890880

::::::::::: PostReleaseRequestState Request called at 9/11/2018 10:54:03 AM   :::   10:54:03.9920901

::::::::::: UpdateRequestCache Request called at 9/11/2018 10:54:04 AM   :::   10:54:04.0621394

::::::::::: EndRequest Request called at 9/11/2018 10:54:04 AM   :::   10:54:04.0651423

::::::::::: PreSendRequestContent Request called at 9/11/2018 10:54:04 AM   :::   10:54:04.0751478

::::::::::: PreSendRequestHeaders Request called at 9/11/2018 10:54:04 AM   :::   10:54:04.0771504

::::::::::: BeginRequest Request called at 9/11/2018 10:55:09 AM   :::   10:55:09.9081332

::::::::::: AuthenticateRequest Request called at 9/11/2018 10:55:09 AM   :::   10:55:09.9096340

::::::::::: PostAuthenticateRequest Request called at 9/11/2018 10:55:09 AM   :::   10:55:09.9126365

::::::::::: AuthorizeRequest Request called at 9/11/2018 10:55:09 AM   :::   10:55:09.9141374

::::::::::: PostAuthorizeRequest Request called at 9/11/2018 10:55:09 AM   :::   10:55:09.9161392

::::::::::: End Request called at 9/11/2018 10:55:09 AM   :::   10:55:09.9181402

::::::::::: PostResolveRequestCache Request called at 9/11/2018 10:55:09 AM   :::   10:55:09.9266465

::::::::::: AcquireRequestState Request called at 9/11/2018 10:55:09 AM   :::   10:55:09.9291488

::::::::::: PostAcquireRequestState Request called at 9/11/2018 10:55:09 AM   :::   10:55:09.9306489

::::::::::: PreRequestHandlerExecute Request called at 9/11/2018 10:55:09 AM   :::   10:55:09.9321498

::::::::::: PostRequestHandlerExecute Request called at 9/11/2018 10:55:10 AM   :::   10:55:10.1072747

::::::::::: ReleaseRequestState Request called at 9/11/2018 10:55:10 AM   :::   10:55:10.1107770

::::::::::: PostReleaseRequestState Request called at 9/11/2018 10:55:10 AM   :::   10:55:10.1157801

::::::::::: UpdateRequestCache Request called at 9/11/2018 10:55:10 AM   :::   10:55:10.1428005

::::::::::: EndRequest Request called at 9/11/2018 10:55:10 AM   :::   10:55:10.1488043

::::::::::: PreSendRequestContent Request called at 9/11/2018 10:55:10 AM   :::   10:55:10.1618132

::::::::::: PreSendRequestHeaders Request called at 9/11/2018 10:55:10 AM   :::   10:55:10.1663162

::::::::::: BeginRequest Request called at 9/11/2018 10:55:12 AM   :::   10:55:12.6726048

::::::::::: AuthenticateRequest Request called at 9/11/2018 10:55:12 AM   :::   10:55:12.6750950

::::::::::: PostAuthenticateRequest Request called at 9/11/2018 10:55:12 AM   :::   10:55:12.6775969

::::::::::: AuthorizeRequest Request called at 9/11/2018 10:55:12 AM   :::   10:55:12.6795980

::::::::::: PostAuthorizeRequest Request called at 9/11/2018 10:55:12 AM   :::   10:55:12.6810992

::::::::::: End Request called at 9/11/2018 10:55:12 AM   :::   10:55:12.6851052

::::::::::: PostResolveRequestCache Request called at 9/11/2018 10:55:12 AM   :::   10:55:12.6876040

::::::::::: AcquireRequestState Request called at 9/11/2018 10:55:12 AM   :::   10:55:12.6901064

::::::::::: PostAcquireRequestState Request called at 9/11/2018 10:55:12 AM   :::   10:55:12.6916069

::::::::::: PreRequestHandlerExecute Request called at 9/11/2018 10:55:12 AM   :::   10:55:12.6931085

::::::::::: PreSendRequestContent Request called at 9/11/2018 10:55:28 AM   :::   10:55:28.8030046

::::::::::: PreSendRequestHeaders Request called at 9/11/2018 10:55:28 AM   :::   10:55:28.8045055

::::::::::: PostRequestHandlerExecute Request called at 9/11/2018 10:55:28 AM   :::   10:55:28.8145122

::::::::::: ReleaseRequestState Request called at 9/11/2018 10:55:28 AM   :::   10:55:28.8200170

::::::::::: PostReleaseRequestState Request called at 9/11/2018 10:55:28 AM   :::   10:55:28.8225178

::::::::::: UpdateRequestCache Request called at 9/11/2018 10:55:28 AM   :::   10:55:28.8240187

::::::::::: EndRequest Request called at 9/11/2018 10:55:28 AM   :::   10:55:28.8250218

::::::::::: PreSendRequestContent Request called at 9/11/2018 10:55:28 AM   :::   10:55:28.8265218

::::::::::: BeginRequest Request called at 9/11/2018 10:56:04 AM   :::   10:56:04.3567750

::::::::::: AuthenticateRequest Request called at 9/11/2018 10:56:04 AM   :::   10:56:04.3587757

::::::::::: PostAuthenticateRequest Request called at 9/11/2018 10:56:04 AM   :::   10:56:04.3602773

::::::::::: AuthorizeRequest Request called at 9/11/2018 10:56:04 AM   :::   10:56:04.3622780

::::::::::: PostAuthorizeRequest Request called at 9/11/2018 10:56:04 AM   :::   10:56:04.3637788

::::::::::: End Request called at 9/11/2018 10:56:04 AM   :::   10:56:04.3667814

::::::::::: PostResolveRequestCache Request called at 9/11/2018 10:56:04 AM   :::   10:56:04.3687836

::::::::::: AcquireRequestState Request called at 9/11/2018 10:56:04 AM   :::   10:56:04.3707846

::::::::::: PostAcquireRequestState Request called at 9/11/2018 10:56:04 AM   :::   10:56:04.3722851

::::::::::: PreRequestHandlerExecute Request called at 9/11/2018 10:56:04 AM   :::   10:56:04.3737867

::::::::::: PostRequestHandlerExecute Request called at 9/11/2018 10:56:04 AM   :::   10:56:04.3777892

::::::::::: ReleaseRequestState Request called at 9/11/2018 10:56:04 AM   :::   10:56:04.3797910

::::::::::: PostReleaseRequestState Request called at 9/11/2018 10:56:04 AM   :::   10:56:04.3842940

::::::::::: UpdateRequestCache Request called at 9/11/2018 10:56:04 AM   :::   10:56:04.3872961

::::::::::: EndRequest Request called at 9/11/2018 10:56:04 AM   :::   10:56:04.3887970

::::::::::: PreSendRequestContent Request called at 9/11/2018 10:56:04 AM   :::   10:56:04.3902978

::::::::::: PreSendRequestHeaders Request called at 9/11/2018 10:56:04 AM   :::   10:56:04.3917995

::::::::::: BeginRequest Request called at 9/11/2018 10:56:04 AM   :::   10:56:04.4098115

::::::::::: AuthenticateRequest Request called at 9/11/2018 10:56:04 AM   :::   10:56:04.4113127

::::::::::: PostAuthenticateRequest Request called at 9/11/2018 10:56:04 AM   :::   10:56:04.4163178

::::::::::: AuthorizeRequest Request called at 9/11/2018 10:56:04 AM   :::   10:56:04.4198193

::::::::::: PostAuthorizeRequest Request called at 9/11/2018 10:56:04 AM   :::   10:56:04.4213198

::::::::::: End Request called at 9/11/2018 10:56:04 AM   :::   10:56:04.4228207

::::::::::: PostResolveRequestCache Request called at 9/11/2018 10:56:04 AM   :::   10:56:04.4258228

::::::::::: AcquireRequestState Request called at 9/11/2018 10:56:04 AM   :::   10:56:04.4273241

::::::::::: PostAcquireRequestState Request called at 9/11/2018 10:56:04 AM   :::   10:56:04.4288253

::::::::::: PreRequestHandlerExecute Request called at 9/11/2018 10:56:04 AM   :::   10:56:04.4308271

::::::::::: PreSendRequestContent Request called at 9/11/2018 10:56:19 AM   :::   10:56:19.9901811

::::::::::: PreSendRequestHeaders Request called at 9/11/2018 10:56:19 AM   :::   10:56:19.9921821

::::::::::: PostRequestHandlerExecute Request called at 9/11/2018 10:56:20 AM   :::   10:56:20.0202015

::::::::::: ReleaseRequestState Request called at 9/11/2018 10:56:20 AM   :::   10:56:20.0237038

::::::::::: PostReleaseRequestState Request called at 9/11/2018 10:56:20 AM   :::   10:56:20.0267060

::::::::::: UpdateRequestCache Request called at 9/11/2018 10:56:20 AM   :::   10:56:20.0467209

::::::::::: EndRequest Request called at 9/11/2018 10:56:20 AM   :::   10:56:20.0577280

::::::::::: PreSendRequestContent Request called at 9/11/2018 10:56:20 AM   :::   10:56:20.0602303

::::::::::: BeginRequest Request called at 9/11/2018 10:56:42 AM   :::   10:56:42.3823695

::::::::::: AuthenticateRequest Request called at 9/11/2018 10:56:42 AM   :::   10:56:42.3858726

::::::::::: PostAuthenticateRequest Request called at 9/11/2018 10:56:42 AM   :::   10:56:42.3873731

::::::::::: AuthorizeRequest Request called at 9/11/2018 10:56:42 AM   :::   10:56:42.3888751

::::::::::: PostAuthorizeRequest Request called at 9/11/2018 10:56:42 AM   :::   10:56:42.3903764

::::::::::: End Request called at 9/11/2018 10:56:42 AM   :::   10:56:42.3918761

::::::::::: PostResolveRequestCache Request called at 9/11/2018 10:56:42 AM   :::   10:56:42.3938779

::::::::::: AcquireRequestState Request called at 9/11/2018 10:56:42 AM   :::   10:56:42.3963791

::::::::::: PostAcquireRequestState Request called at 9/11/2018 10:56:42 AM   :::   10:56:42.3983809

::::::::::: PreRequestHandlerExecute Request called at 9/11/2018 10:56:42 AM   :::   10:56:42.4003827

::::::::::: PostRequestHandlerExecute Request called at 9/11/2018 10:56:42 AM   :::   10:56:42.4038846

::::::::::: ReleaseRequestState Request called at 9/11/2018 10:56:42 AM   :::   10:56:42.4053874

::::::::::: PostReleaseRequestState Request called at 9/11/2018 10:56:42 AM   :::   10:56:42.4073892

::::::::::: UpdateRequestCache Request called at 9/11/2018 10:56:42 AM   :::   10:56:42.4098892

::::::::::: EndRequest Request called at 9/11/2018 10:56:42 AM   :::   10:56:42.4123916

::::::::::: PreSendRequestContent Request called at 9/11/2018 10:56:42 AM   :::   10:56:42.4168942

::::::::::: PreSendRequestHeaders Request called at 9/11/2018 10:56:42 AM   :::   10:56:42.4183947

::::::::::: BeginRequest Request called at 9/11/2018 10:56:42 AM   :::   10:56:42.4364078

::::::::::: AuthenticateRequest Request called at 9/11/2018 10:56:42 AM   :::   10:56:42.4379083

::::::::::: PostAuthenticateRequest Request called at 9/11/2018 10:56:42 AM   :::   10:56:42.4394107

::::::::::: AuthorizeRequest Request called at 9/11/2018 10:56:42 AM   :::   10:56:42.4409104

::::::::::: PostAuthorizeRequest Request called at 9/11/2018 10:56:42 AM   :::   10:56:42.4419111

::::::::::: End Request called at 9/11/2018 10:56:42 AM   :::   10:56:42.4434124

::::::::::: PostResolveRequestCache Request called at 9/11/2018 10:56:42 AM   :::   10:56:42.4474152

::::::::::: AcquireRequestState Request called at 9/11/2018 10:56:42 AM   :::   10:56:42.4499168

::::::::::: PostAcquireRequestState Request called at 9/11/2018 10:56:42 AM   :::   10:56:42.4524188

::::::::::: PreRequestHandlerExecute Request called at 9/11/2018 10:56:42 AM   :::   10:56:42.4534195

::::::::::: PostRequestHandlerExecute Request called at 9/11/2018 10:56:45 AM   :::   10:56:45.2500643

::::::::::: ReleaseRequestState Request called at 9/11/2018 10:56:45 AM   :::   10:56:45.2520665

::::::::::: PostReleaseRequestState Request called at 9/11/2018 10:56:45 AM   :::   10:56:45.2540671

::::::::::: UpdateRequestCache Request called at 9/11/2018 10:56:45 AM   :::   10:56:45.2555680

::::::::::: EndRequest Request called at 9/11/2018 10:56:45 AM   :::   10:56:45.2575698

::::::::::: PreSendRequestContent Request called at 9/11/2018 10:56:45 AM   :::   10:56:45.2615723

::::::::::: PreSendRequestHeaders Request called at 9/11/2018 10:56:45 AM   :::   10:56:45.2625730

::::::::::: BeginRequest Request called at 9/11/2018 10:57:03 AM   :::   10:57:03.1943810

::::::::::: AuthenticateRequest Request called at 9/11/2018 10:57:03 AM   :::   10:57:03.1968826

::::::::::: PostAuthenticateRequest Request called at 9/11/2018 10:57:03 AM   :::   10:57:03.1993846

::::::::::: AuthorizeRequest Request called at 9/11/2018 10:57:03 AM   :::   10:57:03.2053888

::::::::::: PostAuthorizeRequest Request called at 9/11/2018 10:57:03 AM   :::   10:57:03.2118936

::::::::::: End Request called at 9/11/2018 10:57:03 AM   :::   10:57:03.2284048

::::::::::: PostResolveRequestCache Request called at 9/11/2018 10:57:03 AM   :::   10:57:03.2334091

::::::::::: AcquireRequestState Request called at 9/11/2018 10:57:03 AM   :::   10:57:03.2439171

::::::::::: PostAcquireRequestState Request called at 9/11/2018 10:57:03 AM   :::   10:57:03.2534237

::::::::::: PreRequestHandlerExecute Request called at 9/11/2018 10:57:03 AM   :::   10:57:03.2589270

::::::::::: PostRequestHandlerExecute Request called at 9/11/2018 10:57:03 AM   :::   10:57:03.5061022

::::::::::: ReleaseRequestState Request called at 9/11/2018 10:57:03 AM   :::   10:57:03.5116067

::::::::::: PostReleaseRequestState Request called at 9/11/2018 10:57:03 AM   :::   10:57:03.5146084

::::::::::: UpdateRequestCache Request called at 9/11/2018 10:57:03 AM   :::   10:57:03.5176098

::::::::::: EndRequest Request called at 9/11/2018 10:57:03 AM   :::   10:57:03.5201125

::::::::::: PreSendRequestContent Request called at 9/11/2018 10:57:03 AM   :::   10:57:03.5236144

::::::::::: PreSendRequestHeaders Request called at 9/11/2018 10:57:03 AM   :::   10:57:03.5271171

::::::::::: BeginRequest Request called at 9/11/2018 10:57:21 AM   :::   10:57:21.4690716

::::::::::: AuthenticateRequest Request called at 9/11/2018 10:57:21 AM   :::   10:57:21.4720745

::::::::::: PostAuthenticateRequest Request called at 9/11/2018 10:57:21 AM   :::   10:57:21.4820808

::::::::::: AuthorizeRequest Request called at 9/11/2018 10:57:21 AM   :::   10:57:21.4860841

::::::::::: PostAuthorizeRequest Request called at 9/11/2018 10:57:21 AM   :::   10:57:21.5281143

::::::::::: End Request called at 9/11/2018 10:57:21 AM   :::   10:57:21.5326165

::::::::::: PostResolveRequestCache Request called at 9/11/2018 10:57:21 AM   :::   10:57:21.5371206

::::::::::: AcquireRequestState Request called at 9/11/2018 10:57:21 AM   :::   10:57:21.5496293

::::::::::: PostAcquireRequestState Request called at 9/11/2018 10:57:21 AM   :::   10:57:21.5646396

::::::::::: PreRequestHandlerExecute Request called at 9/11/2018 10:57:21 AM   :::   10:57:21.5726480

::::::::::: PostRequestHandlerExecute Request called at 9/11/2018 11:05:20 AM   :::   11:05:20.2962998

::::::::::: ReleaseRequestState Request called at 9/11/2018 11:05:20 AM   :::   11:05:20.2978015

::::::::::: PostReleaseRequestState Request called at 9/11/2018 11:05:20 AM   :::   11:05:20.2993020

::::::::::: UpdateRequestCache Request called at 9/11/2018 11:05:20 AM   :::   11:05:20.3008032

::::::::::: EndRequest Request called at 9/11/2018 11:05:20 AM   :::   11:05:20.3013034

::::::::::: PreSendRequestContent Request called at 9/11/2018 11:05:20 AM   :::   11:05:20.3033139

::::::::::: PreSendRequestHeaders Request called at 9/11/2018 11:05:20 AM   :::   11:05:20.3043095

