::::::::::: BeginRequest Request called at 11/1/2018 12:10:45 AM   :::   00:10:45.1419915

::::::::::: AuthenticateRequest Request called at 11/1/2018 12:10:45 AM   :::   00:10:45.1529788

::::::::::: PostAuthenticateRequest Request called at 11/1/2018 12:10:45 AM   :::   00:10:45.1569757

::::::::::: AuthorizeRequest Request called at 11/1/2018 12:10:45 AM   :::   00:10:45.1619750

::::::::::: PostAuthorizeRequest Request called at 11/1/2018 12:10:45 AM   :::   00:10:45.1649751

::::::::::: End Request called at 11/1/2018 12:10:45 AM   :::   00:10:45.1669746

::::::::::: PostResolveRequestCache Request called at 11/1/2018 12:10:45 AM   :::   00:10:45.2039745

::::::::::: AcquireRequestState Request called at 11/1/2018 12:10:45 AM   :::   00:10:45.2439907

::::::::::: PostAcquireRequestState Request called at 11/1/2018 12:10:45 AM   :::   00:10:45.2699966

::::::::::: PreRequestHandlerExecute Request called at 11/1/2018 12:10:45 AM   :::   00:10:45.2719936

::::::::::: PostRequestHandlerExecute Request called at 11/1/2018 12:10:46 AM   :::   00:10:46.9870213

::::::::::: ReleaseRequestState Request called at 11/1/2018 12:10:46 AM   :::   00:10:46.9910392

::::::::::: PostReleaseRequestState Request called at 11/1/2018 12:10:46 AM   :::   00:10:46.9950266

::::::::::: UpdateRequestCache Request called at 11/1/2018 12:10:47 AM   :::   00:10:47.0530229

::::::::::: EndRequest Request called at 11/1/2018 12:10:47 AM   :::   00:10:47.0560251

::::::::::: PreSendRequestContent Request called at 11/1/2018 12:10:47 AM   :::   00:10:47.0650236

::::::::::: PreSendRequestHeaders Request called at 11/1/2018 12:10:47 AM   :::   00:10:47.0670333

::::::::::: BeginRequest Request called at 11/1/2018 12:10:47 AM   :::   00:10:47.7351550

::::::::::: AuthenticateRequest Request called at 11/1/2018 12:10:47 AM   :::   00:10:47.7381524

::::::::::: PostAuthenticateRequest Request called at 11/1/2018 12:10:47 AM   :::   00:10:47.7401519

::::::::::: AuthorizeRequest Request called at 11/1/2018 12:10:47 AM   :::   00:10:47.7411522

::::::::::: PostAuthorizeRequest Request called at 11/1/2018 12:10:47 AM   :::   00:10:47.7431508

::::::::::: End Request called at 11/1/2018 12:10:47 AM   :::   00:10:47.7441523

::::::::::: PostResolveRequestCache Request called at 11/1/2018 12:10:47 AM   :::   00:10:47.7501531

::::::::::: AcquireRequestState Request called at 11/1/2018 12:10:47 AM   :::   00:10:47.7521533

::::::::::: PostAcquireRequestState Request called at 11/1/2018 12:10:47 AM   :::   00:10:47.7541516

::::::::::: PreRequestHandlerExecute Request called at 11/1/2018 12:10:47 AM   :::   00:10:47.7561530

::::::::::: PostRequestHandlerExecute Request called at 11/1/2018 12:10:47 AM   :::   00:10:47.8541730

::::::::::: ReleaseRequestState Request called at 11/1/2018 12:10:47 AM   :::   00:10:47.8561705

::::::::::: PostReleaseRequestState Request called at 11/1/2018 12:10:47 AM   :::   00:10:47.8581699

::::::::::: UpdateRequestCache Request called at 11/1/2018 12:10:47 AM   :::   00:10:47.8591750

::::::::::: EndRequest Request called at 11/1/2018 12:10:47 AM   :::   00:10:47.8601714

::::::::::: PreSendRequestContent Request called at 11/1/2018 12:10:47 AM   :::   00:10:47.8621708

::::::::::: PreSendRequestHeaders Request called at 11/1/2018 12:10:47 AM   :::   00:10:47.8631715

::::::::::: BeginRequest Request called at 11/1/2018 12:10:48 AM   :::   00:10:48.0422077

::::::::::: AuthenticateRequest Request called at 11/1/2018 12:10:48 AM   :::   00:10:48.0452067

::::::::::: PostAuthenticateRequest Request called at 11/1/2018 12:10:48 AM   :::   00:10:48.0472073

::::::::::: AuthorizeRequest Request called at 11/1/2018 12:10:48 AM   :::   00:10:48.0492076

::::::::::: PostAuthorizeRequest Request called at 11/1/2018 12:10:48 AM   :::   00:10:48.0502099

::::::::::: End Request called at 11/1/2018 12:10:48 AM   :::   00:10:48.0522050

::::::::::: PostResolveRequestCache Request called at 11/1/2018 12:10:48 AM   :::   00:10:48.0542056

::::::::::: AcquireRequestState Request called at 11/1/2018 12:10:48 AM   :::   00:10:48.0562062

::::::::::: PostAcquireRequestState Request called at 11/1/2018 12:10:48 AM   :::   00:10:48.0572081

::::::::::: PreRequestHandlerExecute Request called at 11/1/2018 12:10:48 AM   :::   00:10:48.0582081

::::::::::: BeginRequest Request called at 11/1/2018 12:10:48 AM   :::   00:10:48.7173100

::::::::::: AuthenticateRequest Request called at 11/1/2018 12:10:48 AM   :::   00:10:48.7193102

::::::::::: PostAuthenticateRequest Request called at 11/1/2018 12:10:48 AM   :::   00:10:48.7203121

::::::::::: AuthorizeRequest Request called at 11/1/2018 12:10:48 AM   :::   00:10:48.7223124

::::::::::: PostAuthorizeRequest Request called at 11/1/2018 12:10:48 AM   :::   00:10:48.7243102

::::::::::: End Request called at 11/1/2018 12:10:48 AM   :::   00:10:48.7253141

::::::::::: PostResolveRequestCache Request called at 11/1/2018 12:10:48 AM   :::   00:10:48.7273108

::::::::::: AcquireRequestState Request called at 11/1/2018 12:10:48 AM   :::   00:10:48.7283099

::::::::::: PostAcquireRequestState Request called at 11/1/2018 12:10:48 AM   :::   00:10:48.7303106

::::::::::: PreRequestHandlerExecute Request called at 11/1/2018 12:10:48 AM   :::   00:10:48.7313101

::::::::::: PostRequestHandlerExecute Request called at 11/1/2018 12:10:48 AM   :::   00:10:48.7533103

::::::::::: ReleaseRequestState Request called at 11/1/2018 12:10:48 AM   :::   00:10:48.7553133

::::::::::: PostReleaseRequestState Request called at 11/1/2018 12:10:48 AM   :::   00:10:48.7573140

::::::::::: UpdateRequestCache Request called at 11/1/2018 12:10:48 AM   :::   00:10:48.7593111

::::::::::: EndRequest Request called at 11/1/2018 12:10:48 AM   :::   00:10:48.7603137

::::::::::: PreSendRequestContent Request called at 11/1/2018 12:10:48 AM   :::   00:10:48.7623124

::::::::::: PreSendRequestHeaders Request called at 11/1/2018 12:10:48 AM   :::   00:10:48.7643122

::::::::::: PreSendRequestContent Request called at 11/1/2018 12:10:56 AM   :::   00:10:56.0284551

::::::::::: PreSendRequestHeaders Request called at 11/1/2018 12:10:56 AM   :::   00:10:56.0304589

::::::::::: PostRequestHandlerExecute Request called at 11/1/2018 12:10:56 AM   :::   00:10:56.0404542

::::::::::: ReleaseRequestState Request called at 11/1/2018 12:10:56 AM   :::   00:10:56.0424556

::::::::::: PostReleaseRequestState Request called at 11/1/2018 12:10:56 AM   :::   00:10:56.0434536

::::::::::: UpdateRequestCache Request called at 11/1/2018 12:10:56 AM   :::   00:10:56.0454550

::::::::::: EndRequest Request called at 11/1/2018 12:10:56 AM   :::   00:10:56.0484528

::::::::::: PreSendRequestContent Request called at 11/1/2018 12:10:56 AM   :::   00:10:56.0504534

::::::::::: BeginRequest Request called at 11/1/2018 12:13:30 AM   :::   00:13:30.0786364

::::::::::: AuthenticateRequest Request called at 11/1/2018 12:13:30 AM   :::   00:13:30.0876381

::::::::::: PostAuthenticateRequest Request called at 11/1/2018 12:13:30 AM   :::   00:13:30.0926373

::::::::::: AuthorizeRequest Request called at 11/1/2018 12:13:30 AM   :::   00:13:30.0961498

::::::::::: PostAuthorizeRequest Request called at 11/1/2018 12:13:30 AM   :::   00:13:30.0991488

::::::::::: End Request called at 11/1/2018 12:13:30 AM   :::   00:13:30.1011499

::::::::::: PostResolveRequestCache Request called at 11/1/2018 12:13:30 AM   :::   00:13:30.2286737

::::::::::: AcquireRequestState Request called at 11/1/2018 12:13:30 AM   :::   00:13:30.2406747

::::::::::: PostAcquireRequestState Request called at 11/1/2018 12:13:30 AM   :::   00:13:30.2436733

::::::::::: PreRequestHandlerExecute Request called at 11/1/2018 12:13:30 AM   :::   00:13:30.2451738

::::::::::: PostRequestHandlerExecute Request called at 11/1/2018 12:13:33 AM   :::   00:13:33.6478606

::::::::::: ReleaseRequestState Request called at 11/1/2018 12:13:33 AM   :::   00:13:33.6588617

::::::::::: PostReleaseRequestState Request called at 11/1/2018 12:13:33 AM   :::   00:13:33.6633604

::::::::::: UpdateRequestCache Request called at 11/1/2018 12:13:33 AM   :::   00:13:33.7328607

::::::::::: EndRequest Request called at 11/1/2018 12:13:33 AM   :::   00:13:33.7378627

::::::::::: PreSendRequestContent Request called at 11/1/2018 12:13:33 AM   :::   00:13:33.7488630

::::::::::: PreSendRequestHeaders Request called at 11/1/2018 12:13:33 AM   :::   00:13:33.7618600

::::::::::: BeginRequest Request called at 11/1/2018 12:14:40 AM   :::   00:14:40.8512226

::::::::::: AuthenticateRequest Request called at 11/1/2018 12:14:40 AM   :::   00:14:40.8582343

::::::::::: PostAuthenticateRequest Request called at 11/1/2018 12:14:40 AM   :::   00:14:40.8637415

::::::::::: AuthorizeRequest Request called at 11/1/2018 12:14:40 AM   :::   00:14:40.8662341

::::::::::: PostAuthorizeRequest Request called at 11/1/2018 12:14:40 AM   :::   00:14:40.8672352

::::::::::: End Request called at 11/1/2018 12:14:40 AM   :::   00:14:40.8692453

::::::::::: PostResolveRequestCache Request called at 11/1/2018 12:14:40 AM   :::   00:14:40.9567671

::::::::::: AcquireRequestState Request called at 11/1/2018 12:14:40 AM   :::   00:14:40.9657609

::::::::::: PostAcquireRequestState Request called at 11/1/2018 12:14:40 AM   :::   00:14:40.9692714

::::::::::: PreRequestHandlerExecute Request called at 11/1/2018 12:14:40 AM   :::   00:14:40.9802718

::::::::::: PostRequestHandlerExecute Request called at 11/1/2018 12:14:44 AM   :::   00:14:44.4749100

::::::::::: ReleaseRequestState Request called at 11/1/2018 12:14:44 AM   :::   00:14:44.4779117

::::::::::: PostReleaseRequestState Request called at 11/1/2018 12:14:44 AM   :::   00:14:44.4814108

::::::::::: UpdateRequestCache Request called at 11/1/2018 12:14:44 AM   :::   00:14:44.5479122

::::::::::: EndRequest Request called at 11/1/2018 12:14:44 AM   :::   00:14:44.5509108

::::::::::: PreSendRequestContent Request called at 11/1/2018 12:14:44 AM   :::   00:14:44.5599109

::::::::::: PreSendRequestHeaders Request called at 11/1/2018 12:14:44 AM   :::   00:14:44.5624109

::::::::::: BeginRequest Request called at 11/1/2018 12:17:17 AM   :::   00:17:17.3073213

::::::::::: AuthenticateRequest Request called at 11/1/2018 12:17:17 AM   :::   00:17:17.3183209

::::::::::: PostAuthenticateRequest Request called at 11/1/2018 12:17:17 AM   :::   00:17:17.3228211

::::::::::: AuthorizeRequest Request called at 11/1/2018 12:17:17 AM   :::   00:17:17.3263199

::::::::::: PostAuthorizeRequest Request called at 11/1/2018 12:17:17 AM   :::   00:17:17.3283185

::::::::::: End Request called at 11/1/2018 12:17:17 AM   :::   00:17:17.3308201

::::::::::: PostResolveRequestCache Request called at 11/1/2018 12:17:17 AM   :::   00:17:17.4688204

::::::::::: AcquireRequestState Request called at 11/1/2018 12:17:17 AM   :::   00:17:17.4823208

::::::::::: PostAcquireRequestState Request called at 11/1/2018 12:17:18 AM   :::   00:17:18.1376784

::::::::::: PreRequestHandlerExecute Request called at 11/1/2018 12:17:18 AM   :::   00:17:18.1406766

::::::::::: PostRequestHandlerExecute Request called at 11/1/2018 12:17:26 AM   :::   00:17:26.1888987

::::::::::: ReleaseRequestState Request called at 11/1/2018 12:17:26 AM   :::   00:17:26.1913983

::::::::::: PostReleaseRequestState Request called at 11/1/2018 12:17:26 AM   :::   00:17:26.2003991

::::::::::: UpdateRequestCache Request called at 11/1/2018 12:17:26 AM   :::   00:17:26.2758994

::::::::::: EndRequest Request called at 11/1/2018 12:17:26 AM   :::   00:17:26.2879048

::::::::::: PreSendRequestContent Request called at 11/1/2018 12:17:26 AM   :::   00:17:26.2968981

::::::::::: PreSendRequestHeaders Request called at 11/1/2018 12:17:26 AM   :::   00:17:26.3028997

::::::::::: BeginRequest Request called at 11/1/2018 12:23:06 AM   :::   00:23:06.2618539

::::::::::: AuthenticateRequest Request called at 11/1/2018 12:23:06 AM   :::   00:23:06.2693555

::::::::::: PostAuthenticateRequest Request called at 11/1/2018 12:23:06 AM   :::   00:23:06.2743571

::::::::::: AuthorizeRequest Request called at 11/1/2018 12:23:06 AM   :::   00:23:06.2773568

::::::::::: PostAuthorizeRequest Request called at 11/1/2018 12:23:06 AM   :::   00:23:06.2788542

::::::::::: End Request called at 11/1/2018 12:23:06 AM   :::   00:23:06.2858564

::::::::::: PostResolveRequestCache Request called at 11/1/2018 12:23:06 AM   :::   00:23:06.4123562

::::::::::: AcquireRequestState Request called at 11/1/2018 12:23:06 AM   :::   00:23:06.4243869

::::::::::: PostAcquireRequestState Request called at 11/1/2018 12:23:06 AM   :::   00:23:06.4273894

::::::::::: PreRequestHandlerExecute Request called at 11/1/2018 12:23:06 AM   :::   00:23:06.4293873

::::::::::: PostRequestHandlerExecute Request called at 11/1/2018 12:23:22 AM   :::   00:23:22.9411544

::::::::::: ReleaseRequestState Request called at 11/1/2018 12:23:22 AM   :::   00:23:22.9481341

::::::::::: PostReleaseRequestState Request called at 11/1/2018 12:23:22 AM   :::   00:23:22.9601257

::::::::::: UpdateRequestCache Request called at 11/1/2018 12:23:23 AM   :::   00:23:23.0241432

::::::::::: EndRequest Request called at 11/1/2018 12:23:23 AM   :::   00:23:23.0271465

::::::::::: PreSendRequestContent Request called at 11/1/2018 12:23:23 AM   :::   00:23:23.0361446

::::::::::: PreSendRequestHeaders Request called at 11/1/2018 12:23:23 AM   :::   00:23:23.0381441

::::::::::: BeginRequest Request called at 11/1/2018 12:24:40 AM   :::   00:24:40.4017467

::::::::::: AuthenticateRequest Request called at 11/1/2018 12:24:40 AM   :::   00:24:40.4037461

::::::::::: PostAuthenticateRequest Request called at 11/1/2018 12:24:40 AM   :::   00:24:40.4047453

::::::::::: AuthorizeRequest Request called at 11/1/2018 12:24:40 AM   :::   00:24:40.4057452

::::::::::: PostAuthorizeRequest Request called at 11/1/2018 12:24:40 AM   :::   00:24:40.4087469

::::::::::: End Request called at 11/1/2018 12:24:40 AM   :::   00:24:40.4097496

::::::::::: PostResolveRequestCache Request called at 11/1/2018 12:24:40 AM   :::   00:24:40.4137446

::::::::::: AcquireRequestState Request called at 11/1/2018 12:24:40 AM   :::   00:24:40.4147453

::::::::::: PostAcquireRequestState Request called at 11/1/2018 12:24:40 AM   :::   00:24:40.4167447

::::::::::: PreRequestHandlerExecute Request called at 11/1/2018 12:24:40 AM   :::   00:24:40.4177458

::::::::::: PreSendRequestContent Request called at 11/1/2018 12:24:46 AM   :::   00:24:46.2499784

::::::::::: PreSendRequestHeaders Request called at 11/1/2018 12:24:46 AM   :::   00:24:46.2519802

::::::::::: PostRequestHandlerExecute Request called at 11/1/2018 12:24:46 AM   :::   00:24:46.2679857

::::::::::: ReleaseRequestState Request called at 11/1/2018 12:24:46 AM   :::   00:24:46.2699828

::::::::::: PostReleaseRequestState Request called at 11/1/2018 12:24:46 AM   :::   00:24:46.2709945

::::::::::: UpdateRequestCache Request called at 11/1/2018 12:24:46 AM   :::   00:24:46.2719905

::::::::::: EndRequest Request called at 11/1/2018 12:24:46 AM   :::   00:24:46.2729908

::::::::::: PreSendRequestContent Request called at 11/1/2018 12:24:46 AM   :::   00:24:46.2749910

::::::::::: BeginRequest Request called at 11/1/2018 12:24:46 AM   :::   00:24:46.4820223

::::::::::: AuthenticateRequest Request called at 11/1/2018 12:24:46 AM   :::   00:24:46.4830250

::::::::::: PostAuthenticateRequest Request called at 11/1/2018 12:24:46 AM   :::   00:24:46.4850245

::::::::::: AuthorizeRequest Request called at 11/1/2018 12:24:46 AM   :::   00:24:46.4860224

::::::::::: PostAuthorizeRequest Request called at 11/1/2018 12:24:46 AM   :::   00:24:46.4870275

::::::::::: End Request called at 11/1/2018 12:24:46 AM   :::   00:24:46.4880242

::::::::::: PostResolveRequestCache Request called at 11/1/2018 12:24:46 AM   :::   00:24:46.4900225

::::::::::: AcquireRequestState Request called at 11/1/2018 12:24:46 AM   :::   00:24:46.4910228

::::::::::: PostAcquireRequestState Request called at 11/1/2018 12:24:46 AM   :::   00:24:46.4920231

::::::::::: PreRequestHandlerExecute Request called at 11/1/2018 12:24:46 AM   :::   00:24:46.4930226

::::::::::: PreSendRequestContent Request called at 11/1/2018 12:24:50 AM   :::   00:24:50.0830687

::::::::::: PreSendRequestHeaders Request called at 11/1/2018 12:24:50 AM   :::   00:24:50.0840683

::::::::::: PostRequestHandlerExecute Request called at 11/1/2018 12:24:50 AM   :::   00:24:50.0870712

::::::::::: ReleaseRequestState Request called at 11/1/2018 12:24:50 AM   :::   00:24:50.0890718

::::::::::: PostReleaseRequestState Request called at 11/1/2018 12:24:50 AM   :::   00:24:50.0910705

::::::::::: UpdateRequestCache Request called at 11/1/2018 12:24:50 AM   :::   00:24:50.0930727

::::::::::: EndRequest Request called at 11/1/2018 12:24:50 AM   :::   00:24:50.0940734

::::::::::: PreSendRequestContent Request called at 11/1/2018 12:24:50 AM   :::   00:24:50.0960677

