::::::::::: BeginRequest Request called at 26-12-2018 07:00:22 PM   :::   19:00:22.6237848

::::::::::: AuthenticateRequest Request called at 26-12-2018 07:00:22 PM   :::   19:00:22.6347845

::::::::::: PostAuthenticateRequest Request called at 26-12-2018 07:00:22 PM   :::   19:00:22.6467825

::::::::::: AuthorizeRequest Request called at 26-12-2018 07:00:22 PM   :::   19:00:22.6497878

::::::::::: PostAuthorizeRequest Request called at 26-12-2018 07:00:22 PM   :::   19:00:22.6507915

::::::::::: End Request called at 26-12-2018 07:00:22 PM   :::   19:00:22.6527910

::::::::::: BeginRequest Request called at 26-12-2018 07:00:22 PM   :::   19:00:22.6677842

::::::::::: AuthenticateRequest Request called at 26-12-2018 07:00:22 PM   :::   19:00:22.6687861

::::::::::: PostAuthenticateRequest Request called at 26-12-2018 07:00:22 PM   :::   19:00:22.6707876

::::::::::: AuthorizeRequest Request called at 26-12-2018 07:00:22 PM   :::   19:00:22.6727847

::::::::::: PostAuthorizeRequest Request called at 26-12-2018 07:00:22 PM   :::   19:00:22.6747825

::::::::::: End Request called at 26-12-2018 07:00:22 PM   :::   19:00:22.6757827

::::::::::: PostResolveRequestCache Request called at 26-12-2018 07:00:22 PM   :::   19:00:22.6837819

::::::::::: AcquireRequestState Request called at 26-12-2018 07:00:22 PM   :::   19:00:22.6987837

::::::::::: PostAcquireRequestState Request called at 26-12-2018 07:00:22 PM   :::   19:00:22.7017835

::::::::::: PreRequestHandlerExecute Request called at 26-12-2018 07:00:22 PM   :::   19:00:22.7027801

::::::::::: PostResolveRequestCache Request called at 26-12-2018 07:00:22 PM   :::   19:00:22.7177818

::::::::::: AcquireRequestState Request called at 26-12-2018 07:00:22 PM   :::   19:00:22.7197837

::::::::::: PostAcquireRequestState Request called at 26-12-2018 07:00:22 PM   :::   19:00:22.7207821

::::::::::: PreRequestHandlerExecute Request called at 26-12-2018 07:00:22 PM   :::   19:00:22.7217848

::::::::::: PostRequestHandlerExecute Request called at 26-12-2018 07:00:22 PM   :::   19:00:22.8987813

::::::::::: ReleaseRequestState Request called at 26-12-2018 07:00:22 PM   :::   19:00:22.9007851

::::::::::: PostReleaseRequestState Request called at 26-12-2018 07:00:22 PM   :::   19:00:22.9038124

::::::::::: UpdateRequestCache Request called at 26-12-2018 07:00:22 PM   :::   19:00:22.9047833

::::::::::: EndRequest Request called at 26-12-2018 07:00:22 PM   :::   19:00:22.9087875

::::::::::: PreSendRequestContent Request called at 26-12-2018 07:00:22 PM   :::   19:00:22.9217817

::::::::::: PreSendRequestHeaders Request called at 26-12-2018 07:00:22 PM   :::   19:00:22.9237829

::::::::::: PostRequestHandlerExecute Request called at 26-12-2018 07:00:24 PM   :::   19:00:24.4547880

::::::::::: ReleaseRequestState Request called at 26-12-2018 07:00:24 PM   :::   19:00:24.4577855

::::::::::: PostReleaseRequestState Request called at 26-12-2018 07:00:24 PM   :::   19:00:24.4597817

::::::::::: UpdateRequestCache Request called at 26-12-2018 07:00:24 PM   :::   19:00:24.4627815

::::::::::: EndRequest Request called at 26-12-2018 07:00:24 PM   :::   19:00:24.4637844

::::::::::: PreSendRequestContent Request called at 26-12-2018 07:00:24 PM   :::   19:00:24.4657822

::::::::::: PreSendRequestHeaders Request called at 26-12-2018 07:00:24 PM   :::   19:00:24.4677822

::::::::::: BeginRequest Request called at 26-12-2018 07:00:24 PM   :::   19:00:24.5637835

::::::::::: AuthenticateRequest Request called at 26-12-2018 07:00:24 PM   :::   19:00:24.5647842

::::::::::: BeginRequest Request called at 26-12-2018 07:00:24 PM   :::   19:00:24.5697831

::::::::::: AuthenticateRequest Request called at 26-12-2018 07:00:24 PM   :::   19:00:24.5707838

::::::::::: PostAuthenticateRequest Request called at 26-12-2018 07:00:24 PM   :::   19:00:24.5667814

::::::::::: AuthorizeRequest Request called at 26-12-2018 07:00:24 PM   :::   19:00:24.6127820

::::::::::: PostAuthorizeRequest Request called at 26-12-2018 07:00:24 PM   :::   19:00:24.6137822

::::::::::: End Request called at 26-12-2018 07:00:24 PM   :::   19:00:24.6147861

::::::::::: PostResolveRequestCache Request called at 26-12-2018 07:00:24 PM   :::   19:00:24.6167798

::::::::::: BeginRequest Request called at 26-12-2018 07:00:24 PM   :::   19:00:24.6167798

::::::::::: AcquireRequestState Request called at 26-12-2018 07:00:24 PM   :::   19:00:24.6177870

::::::::::: AuthenticateRequest Request called at 26-12-2018 07:00:24 PM   :::   19:00:24.6177870

::::::::::: PostAcquireRequestState Request called at 26-12-2018 07:00:24 PM   :::   19:00:24.6187805

::::::::::: PreRequestHandlerExecute Request called at 26-12-2018 07:00:24 PM   :::   19:00:24.6197822

::::::::::: PostRequestHandlerExecute Request called at 26-12-2018 07:00:24 PM   :::   19:00:24.6267837

::::::::::: ReleaseRequestState Request called at 26-12-2018 07:00:24 PM   :::   19:00:24.6277818

::::::::::: PostReleaseRequestState Request called at 26-12-2018 07:00:24 PM   :::   19:00:24.6287809

::::::::::: UpdateRequestCache Request called at 26-12-2018 07:00:24 PM   :::   19:00:24.6307900

::::::::::: EndRequest Request called at 26-12-2018 07:00:24 PM   :::   19:00:24.6318068

::::::::::: PreSendRequestContent Request called at 26-12-2018 07:00:24 PM   :::   19:00:24.6337833

::::::::::: PreSendRequestHeaders Request called at 26-12-2018 07:00:24 PM   :::   19:00:24.6347833

::::::::::: BeginRequest Request called at 26-12-2018 07:00:24 PM   :::   19:00:24.6207810

::::::::::: BeginRequest Request called at 26-12-2018 07:00:24 PM   :::   19:00:24.6767812

::::::::::: AuthenticateRequest Request called at 26-12-2018 07:00:24 PM   :::   19:00:24.6777810

::::::::::: PostAuthenticateRequest Request called at 26-12-2018 07:00:24 PM   :::   19:00:24.6787806

::::::::::: AuthenticateRequest Request called at 26-12-2018 07:00:24 PM   :::   19:00:24.6787806

::::::::::: PostAuthenticateRequest Request called at 26-12-2018 07:00:24 PM   :::   19:00:24.6827829

::::::::::: PostAuthenticateRequest Request called at 26-12-2018 07:00:24 PM   :::   19:00:24.6917824

::::::::::: PostAuthenticateRequest Request called at 26-12-2018 07:00:24 PM   :::   19:00:24.6797809

::::::::::: AuthorizeRequest Request called at 26-12-2018 07:00:24 PM   :::   19:00:24.6937864

::::::::::: AuthorizeRequest Request called at 26-12-2018 07:00:24 PM   :::   19:00:24.6957830

::::::::::: PostAuthorizeRequest Request called at 26-12-2018 07:00:24 PM   :::   19:00:24.7117909

::::::::::: End Request called at 26-12-2018 07:00:24 PM   :::   19:00:24.7137865

::::::::::: PostResolveRequestCache Request called at 26-12-2018 07:00:24 PM   :::   19:00:24.7157830

::::::::::: AcquireRequestState Request called at 26-12-2018 07:00:24 PM   :::   19:00:24.7177836

::::::::::: PostAcquireRequestState Request called at 26-12-2018 07:00:24 PM   :::   19:00:24.7187832

::::::::::: PreRequestHandlerExecute Request called at 26-12-2018 07:00:24 PM   :::   19:00:24.7217853

::::::::::: AuthorizeRequest Request called at 26-12-2018 07:00:24 PM   :::   19:00:24.7397813

::::::::::: PostAuthorizeRequest Request called at 26-12-2018 07:00:24 PM   :::   19:00:24.7417812

::::::::::: End Request called at 26-12-2018 07:00:24 PM   :::   19:00:24.7427838

::::::::::: AuthorizeRequest Request called at 26-12-2018 07:00:24 PM   :::   19:00:24.7477822

::::::::::: PostAuthorizeRequest Request called at 26-12-2018 07:00:24 PM   :::   19:00:24.7487802

::::::::::: PostResolveRequestCache Request called at 26-12-2018 07:00:24 PM   :::   19:00:24.7447801

::::::::::: AcquireRequestState Request called at 26-12-2018 07:00:24 PM   :::   19:00:24.9127844

::::::::::: PostAcquireRequestState Request called at 26-12-2018 07:00:24 PM   :::   19:00:24.9147816

::::::::::: End Request called at 26-12-2018 07:00:24 PM   :::   19:00:24.9507825

::::::::::: PostResolveRequestCache Request called at 26-12-2018 07:00:24 PM   :::   19:00:24.9517841

::::::::::: AcquireRequestState Request called at 26-12-2018 07:00:24 PM   :::   19:00:24.9537844

::::::::::: PostAcquireRequestState Request called at 26-12-2018 07:00:24 PM   :::   19:00:24.9587815

::::::::::: PreRequestHandlerExecute Request called at 26-12-2018 07:00:24 PM   :::   19:00:24.9607854

::::::::::: PreRequestHandlerExecute Request called at 26-12-2018 07:00:24 PM   :::   19:00:24.9647815

::::::::::: PostRequestHandlerExecute Request called at 26-12-2018 07:00:25 PM   :::   19:00:25.0538323

::::::::::: ReleaseRequestState Request called at 26-12-2018 07:00:25 PM   :::   19:00:25.0557827

::::::::::: PostReleaseRequestState Request called at 26-12-2018 07:00:25 PM   :::   19:00:25.0577833

::::::::::: UpdateRequestCache Request called at 26-12-2018 07:00:25 PM   :::   19:00:25.0587816

::::::::::: EndRequest Request called at 26-12-2018 07:00:25 PM   :::   19:00:25.0607836

::::::::::: PreSendRequestContent Request called at 26-12-2018 07:00:25 PM   :::   19:00:25.0627825

::::::::::: PreSendRequestHeaders Request called at 26-12-2018 07:00:25 PM   :::   19:00:25.0688262

::::::::::: PostResolveRequestCache Request called at 26-12-2018 07:00:25 PM   :::   19:00:25.1478428

::::::::::: AcquireRequestState Request called at 26-12-2018 07:00:25 PM   :::   19:00:25.1548137

::::::::::: PostAcquireRequestState Request called at 26-12-2018 07:00:25 PM   :::   19:00:25.1567831

::::::::::: PreRequestHandlerExecute Request called at 26-12-2018 07:00:25 PM   :::   19:00:25.1577822

::::::::::: PostRequestHandlerExecute Request called at 26-12-2018 07:00:25 PM   :::   19:00:25.1747836

::::::::::: ReleaseRequestState Request called at 26-12-2018 07:00:25 PM   :::   19:00:25.1767909

::::::::::: PostReleaseRequestState Request called at 26-12-2018 07:00:25 PM   :::   19:00:25.1828258

::::::::::: UpdateRequestCache Request called at 26-12-2018 07:00:25 PM   :::   19:00:25.1888108

::::::::::: EndRequest Request called at 26-12-2018 07:00:25 PM   :::   19:00:25.1897856

::::::::::: PreSendRequestContent Request called at 26-12-2018 07:00:25 PM   :::   19:00:25.1917818

::::::::::: PreSendRequestHeaders Request called at 26-12-2018 07:00:25 PM   :::   19:00:25.1937864

::::::::::: PostRequestHandlerExecute Request called at 26-12-2018 07:00:25 PM   :::   19:00:25.2087906

::::::::::: ReleaseRequestState Request called at 26-12-2018 07:00:25 PM   :::   19:00:25.2097879

::::::::::: PostReleaseRequestState Request called at 26-12-2018 07:00:25 PM   :::   19:00:25.2117865

::::::::::: UpdateRequestCache Request called at 26-12-2018 07:00:25 PM   :::   19:00:25.2137828

::::::::::: EndRequest Request called at 26-12-2018 07:00:25 PM   :::   19:00:25.2157886

::::::::::: PreSendRequestContent Request called at 26-12-2018 07:00:25 PM   :::   19:00:25.2167960

::::::::::: PreSendRequestHeaders Request called at 26-12-2018 07:00:25 PM   :::   19:00:25.2187956

::::::::::: PostRequestHandlerExecute Request called at 26-12-2018 07:00:25 PM   :::   19:00:25.2377829

::::::::::: ReleaseRequestState Request called at 26-12-2018 07:00:25 PM   :::   19:00:25.2387833

::::::::::: PostReleaseRequestState Request called at 26-12-2018 07:00:25 PM   :::   19:00:25.2407822

::::::::::: UpdateRequestCache Request called at 26-12-2018 07:00:25 PM   :::   19:00:25.2417838

::::::::::: BeginRequest Request called at 26-12-2018 07:00:25 PM   :::   19:00:25.2427850

::::::::::: EndRequest Request called at 26-12-2018 07:00:25 PM   :::   19:00:25.2437813

::::::::::: PreSendRequestContent Request called at 26-12-2018 07:00:25 PM   :::   19:00:25.2457885

::::::::::: PreSendRequestHeaders Request called at 26-12-2018 07:00:25 PM   :::   19:00:25.2477820

::::::::::: AuthenticateRequest Request called at 26-12-2018 07:00:25 PM   :::   19:00:25.2487836

::::::::::: PostAuthenticateRequest Request called at 26-12-2018 07:00:25 PM   :::   19:00:25.2507845

::::::::::: AuthorizeRequest Request called at 26-12-2018 07:00:25 PM   :::   19:00:25.2547816

::::::::::: PostAuthorizeRequest Request called at 26-12-2018 07:00:25 PM   :::   19:00:25.2557813

::::::::::: End Request called at 26-12-2018 07:00:25 PM   :::   19:00:25.2567816

::::::::::: PostResolveRequestCache Request called at 26-12-2018 07:00:25 PM   :::   19:00:25.2587818

::::::::::: AcquireRequestState Request called at 26-12-2018 07:00:25 PM   :::   19:00:25.2597837

::::::::::: PostAcquireRequestState Request called at 26-12-2018 07:00:25 PM   :::   19:00:25.2617827

::::::::::: PreRequestHandlerExecute Request called at 26-12-2018 07:00:25 PM   :::   19:00:25.2627835

::::::::::: PostRequestHandlerExecute Request called at 26-12-2018 07:00:25 PM   :::   19:00:25.2837841

::::::::::: ReleaseRequestState Request called at 26-12-2018 07:00:25 PM   :::   19:00:25.2857836

::::::::::: PostReleaseRequestState Request called at 26-12-2018 07:00:25 PM   :::   19:00:25.2867829

::::::::::: UpdateRequestCache Request called at 26-12-2018 07:00:25 PM   :::   19:00:25.2877812

::::::::::: EndRequest Request called at 26-12-2018 07:00:25 PM   :::   19:00:25.2897838

::::::::::: PreSendRequestContent Request called at 26-12-2018 07:00:25 PM   :::   19:00:25.2917874

::::::::::: PreSendRequestHeaders Request called at 26-12-2018 07:00:25 PM   :::   19:00:25.2927850

::::::::::: BeginRequest Request called at 26-12-2018 07:00:25 PM   :::   19:00:25.9733171

::::::::::: AuthenticateRequest Request called at 26-12-2018 07:00:25 PM   :::   19:00:25.9753213

::::::::::: PostAuthenticateRequest Request called at 26-12-2018 07:00:25 PM   :::   19:00:25.9833192

::::::::::: AuthorizeRequest Request called at 26-12-2018 07:00:25 PM   :::   19:00:25.9843156

::::::::::: PostAuthorizeRequest Request called at 26-12-2018 07:00:25 PM   :::   19:00:25.9853166

::::::::::: End Request called at 26-12-2018 07:00:25 PM   :::   19:00:25.9863166

::::::::::: PostResolveRequestCache Request called at 26-12-2018 07:00:25 PM   :::   19:00:25.9883156

::::::::::: AcquireRequestState Request called at 26-12-2018 07:00:25 PM   :::   19:00:25.9893193

::::::::::: PostAcquireRequestState Request called at 26-12-2018 07:00:25 PM   :::   19:00:25.9913163

::::::::::: PreRequestHandlerExecute Request called at 26-12-2018 07:00:25 PM   :::   19:00:25.9923208

::::::::::: PostRequestHandlerExecute Request called at 26-12-2018 07:01:10 PM   :::   19:01:10.5728875

::::::::::: ReleaseRequestState Request called at 26-12-2018 07:01:10 PM   :::   19:01:10.5748852

::::::::::: PostReleaseRequestState Request called at 26-12-2018 07:01:10 PM   :::   19:01:10.5758875

::::::::::: UpdateRequestCache Request called at 26-12-2018 07:01:10 PM   :::   19:01:10.5768841

::::::::::: EndRequest Request called at 26-12-2018 07:01:10 PM   :::   19:01:10.5788852

::::::::::: PreSendRequestContent Request called at 26-12-2018 07:01:10 PM   :::   19:01:10.5808818

::::::::::: PreSendRequestHeaders Request called at 26-12-2018 07:01:10 PM   :::   19:01:10.5818833

::::::::::: BeginRequest Request called at 26-12-2018 07:26:51 PM   :::   19:26:51.4790249

::::::::::: AuthenticateRequest Request called at 26-12-2018 07:26:51 PM   :::   19:26:51.4930217

::::::::::: PostAuthenticateRequest Request called at 26-12-2018 07:26:51 PM   :::   19:26:51.5010235

::::::::::: AuthorizeRequest Request called at 26-12-2018 07:26:51 PM   :::   19:26:51.5030228

::::::::::: PostAuthorizeRequest Request called at 26-12-2018 07:26:51 PM   :::   19:26:51.5110203

::::::::::: End Request called at 26-12-2018 07:26:51 PM   :::   19:26:51.5130234

::::::::::: PostResolveRequestCache Request called at 26-12-2018 07:26:51 PM   :::   19:26:51.6980221

::::::::::: AcquireRequestState Request called at 26-12-2018 07:26:51 PM   :::   19:26:51.8390204

::::::::::: PostAcquireRequestState Request called at 26-12-2018 07:26:51 PM   :::   19:26:51.8471019

::::::::::: PreRequestHandlerExecute Request called at 26-12-2018 07:26:51 PM   :::   19:26:51.8490211

::::::::::: BeginRequest Request called at 26-12-2018 07:26:52 PM   :::   19:26:52.9630201

::::::::::: AuthenticateRequest Request called at 26-12-2018 07:26:52 PM   :::   19:26:52.9650201

::::::::::: PostAuthenticateRequest Request called at 26-12-2018 07:26:52 PM   :::   19:26:52.9670200

::::::::::: AuthorizeRequest Request called at 26-12-2018 07:26:52 PM   :::   19:26:52.9680449

::::::::::: PostAuthorizeRequest Request called at 26-12-2018 07:26:52 PM   :::   19:26:52.9710218

::::::::::: End Request called at 26-12-2018 07:26:52 PM   :::   19:26:52.9730718

::::::::::: PostResolveRequestCache Request called at 26-12-2018 07:26:52 PM   :::   19:26:52.9830295

::::::::::: AcquireRequestState Request called at 26-12-2018 07:26:52 PM   :::   19:26:52.9860220

::::::::::: PostAcquireRequestState Request called at 26-12-2018 07:26:52 PM   :::   19:26:52.9880259

::::::::::: PreRequestHandlerExecute Request called at 26-12-2018 07:26:52 PM   :::   19:26:52.9930545

::::::::::: PostRequestHandlerExecute Request called at 26-12-2018 07:26:53 PM   :::   19:26:53.2320223

::::::::::: ReleaseRequestState Request called at 26-12-2018 07:26:53 PM   :::   19:26:53.2340234

::::::::::: PostReleaseRequestState Request called at 26-12-2018 07:26:53 PM   :::   19:26:53.2360476

::::::::::: UpdateRequestCache Request called at 26-12-2018 07:26:53 PM   :::   19:26:53.2390215

::::::::::: EndRequest Request called at 26-12-2018 07:26:53 PM   :::   19:26:53.2420303

::::::::::: PreSendRequestContent Request called at 26-12-2018 07:26:53 PM   :::   19:26:53.2560236

::::::::::: PreSendRequestHeaders Request called at 26-12-2018 07:26:53 PM   :::   19:26:53.2570282

::::::::::: PostRequestHandlerExecute Request called at 26-12-2018 07:26:54 PM   :::   19:26:54.0230192

::::::::::: ReleaseRequestState Request called at 26-12-2018 07:26:54 PM   :::   19:26:54.0250203

::::::::::: PostReleaseRequestState Request called at 26-12-2018 07:26:54 PM   :::   19:26:54.0260176

::::::::::: UpdateRequestCache Request called at 26-12-2018 07:26:54 PM   :::   19:26:54.0290201

::::::::::: EndRequest Request called at 26-12-2018 07:26:54 PM   :::   19:26:54.0310219

::::::::::: PreSendRequestContent Request called at 26-12-2018 07:26:54 PM   :::   19:26:54.0330244

::::::::::: PreSendRequestHeaders Request called at 26-12-2018 07:26:54 PM   :::   19:26:54.0360215

::::::::::: BeginRequest Request called at 26-12-2018 07:26:55 PM   :::   19:26:55.4750256

::::::::::: AuthenticateRequest Request called at 26-12-2018 07:26:55 PM   :::   19:26:55.4810248

::::::::::: PostAuthenticateRequest Request called at 26-12-2018 07:26:55 PM   :::   19:26:55.4840333

::::::::::: AuthorizeRequest Request called at 26-12-2018 07:26:55 PM   :::   19:26:55.4900217

::::::::::: PostAuthorizeRequest Request called at 26-12-2018 07:26:55 PM   :::   19:26:55.4910311

::::::::::: End Request called at 26-12-2018 07:26:55 PM   :::   19:26:55.4950219

::::::::::: PostResolveRequestCache Request called at 26-12-2018 07:26:55 PM   :::   19:26:55.5060862

::::::::::: AcquireRequestState Request called at 26-12-2018 07:26:55 PM   :::   19:26:55.5100204

::::::::::: PostAcquireRequestState Request called at 26-12-2018 07:26:55 PM   :::   19:26:55.5110210

::::::::::: PreRequestHandlerExecute Request called at 26-12-2018 07:26:55 PM   :::   19:26:55.5120216

::::::::::: PreSendRequestContent Request called at 26-12-2018 07:27:08 PM   :::   19:27:08.0396997

::::::::::: PreSendRequestHeaders Request called at 26-12-2018 07:27:08 PM   :::   19:27:08.0407125

::::::::::: PostRequestHandlerExecute Request called at 26-12-2018 07:27:08 PM   :::   19:27:08.0686994

::::::::::: ReleaseRequestState Request called at 26-12-2018 07:27:08 PM   :::   19:27:08.0726996

::::::::::: PostReleaseRequestState Request called at 26-12-2018 07:27:08 PM   :::   19:27:08.0746971

::::::::::: UpdateRequestCache Request called at 26-12-2018 07:27:08 PM   :::   19:27:08.0756972

::::::::::: EndRequest Request called at 26-12-2018 07:27:08 PM   :::   19:27:08.0777033

::::::::::: PreSendRequestContent Request called at 26-12-2018 07:27:08 PM   :::   19:27:08.0786995

::::::::::: BeginRequest Request called at 26-12-2018 10:28:01 PM   :::   22:28:01.1660482

::::::::::: AuthenticateRequest Request called at 26-12-2018 10:28:01 PM   :::   22:28:01.1740500

::::::::::: PostAuthenticateRequest Request called at 26-12-2018 10:28:01 PM   :::   22:28:01.1790449

::::::::::: AuthorizeRequest Request called at 26-12-2018 10:28:01 PM   :::   22:28:01.1860487

::::::::::: PostAuthorizeRequest Request called at 26-12-2018 10:28:01 PM   :::   22:28:01.1880466

::::::::::: End Request called at 26-12-2018 10:28:01 PM   :::   22:28:01.1900458

::::::::::: PostResolveRequestCache Request called at 26-12-2018 10:28:01 PM   :::   22:28:01.3110593

::::::::::: AcquireRequestState Request called at 26-12-2018 10:28:01 PM   :::   22:28:01.3230477

::::::::::: PostAcquireRequestState Request called at 26-12-2018 10:28:01 PM   :::   22:28:01.3260475

::::::::::: PreRequestHandlerExecute Request called at 26-12-2018 10:28:01 PM   :::   22:28:01.3280458

::::::::::: PostRequestHandlerExecute Request called at 26-12-2018 10:28:05 PM   :::   22:28:05.6400571

::::::::::: ReleaseRequestState Request called at 26-12-2018 10:28:05 PM   :::   22:28:05.6450478

::::::::::: PostReleaseRequestState Request called at 26-12-2018 10:28:05 PM   :::   22:28:05.6480451

::::::::::: UpdateRequestCache Request called at 26-12-2018 10:28:05 PM   :::   22:28:05.6500491

::::::::::: EndRequest Request called at 26-12-2018 10:28:05 PM   :::   22:28:05.6530458

::::::::::: PreSendRequestContent Request called at 26-12-2018 10:28:05 PM   :::   22:28:05.6690482

::::::::::: PreSendRequestHeaders Request called at 26-12-2018 10:28:05 PM   :::   22:28:05.6710496

::::::::::: BeginRequest Request called at 26-12-2018 10:28:09 PM   :::   22:28:09.2540510

::::::::::: AuthenticateRequest Request called at 26-12-2018 10:28:09 PM   :::   22:28:09.2560686

::::::::::: PostAuthenticateRequest Request called at 26-12-2018 10:28:09 PM   :::   22:28:09.2570470

::::::::::: AuthorizeRequest Request called at 26-12-2018 10:28:09 PM   :::   22:28:09.2590513

::::::::::: PostAuthorizeRequest Request called at 26-12-2018 10:28:09 PM   :::   22:28:09.2600488

::::::::::: End Request called at 26-12-2018 10:28:09 PM   :::   22:28:09.2620453

::::::::::: PostResolveRequestCache Request called at 26-12-2018 10:28:09 PM   :::   22:28:09.2750487

::::::::::: AcquireRequestState Request called at 26-12-2018 10:28:09 PM   :::   22:28:09.2770465

::::::::::: PostAcquireRequestState Request called at 26-12-2018 10:28:09 PM   :::   22:28:09.2790451

::::::::::: PreRequestHandlerExecute Request called at 26-12-2018 10:28:09 PM   :::   22:28:09.2810469

::::::::::: PostRequestHandlerExecute Request called at 26-12-2018 10:28:09 PM   :::   22:28:09.5540470

::::::::::: ReleaseRequestState Request called at 26-12-2018 10:28:09 PM   :::   22:28:09.5550464

::::::::::: PostReleaseRequestState Request called at 26-12-2018 10:28:09 PM   :::   22:28:09.5570471

::::::::::: UpdateRequestCache Request called at 26-12-2018 10:28:09 PM   :::   22:28:09.5600460

::::::::::: EndRequest Request called at 26-12-2018 10:28:09 PM   :::   22:28:09.5830530

::::::::::: PreSendRequestContent Request called at 26-12-2018 10:28:09 PM   :::   22:28:09.5850467

::::::::::: PreSendRequestHeaders Request called at 26-12-2018 10:28:09 PM   :::   22:28:09.5860504

::::::::::: BeginRequest Request called at 26-12-2018 10:28:09 PM   :::   22:28:09.7730459

::::::::::: AuthenticateRequest Request called at 26-12-2018 10:28:09 PM   :::   22:28:09.7750501

::::::::::: PostAuthenticateRequest Request called at 26-12-2018 10:28:09 PM   :::   22:28:09.7770477

::::::::::: AuthorizeRequest Request called at 26-12-2018 10:28:09 PM   :::   22:28:09.7790482

::::::::::: PostAuthorizeRequest Request called at 26-12-2018 10:28:09 PM   :::   22:28:09.7800509

::::::::::: End Request called at 26-12-2018 10:28:09 PM   :::   22:28:09.7820531

::::::::::: PostResolveRequestCache Request called at 26-12-2018 10:28:09 PM   :::   22:28:09.7840629

::::::::::: AcquireRequestState Request called at 26-12-2018 10:28:09 PM   :::   22:28:09.7860467

::::::::::: PostAcquireRequestState Request called at 26-12-2018 10:28:09 PM   :::   22:28:09.7880514

::::::::::: PreRequestHandlerExecute Request called at 26-12-2018 10:28:09 PM   :::   22:28:09.7890490

::::::::::: PostRequestHandlerExecute Request called at 26-12-2018 10:28:46 PM   :::   22:28:46.0686004

::::::::::: ReleaseRequestState Request called at 26-12-2018 10:28:46 PM   :::   22:28:46.0696019

::::::::::: PostReleaseRequestState Request called at 26-12-2018 10:28:46 PM   :::   22:28:46.0716028

::::::::::: UpdateRequestCache Request called at 26-12-2018 10:28:46 PM   :::   22:28:46.0725992

::::::::::: EndRequest Request called at 26-12-2018 10:28:46 PM   :::   22:28:46.0735983

::::::::::: PreSendRequestContent Request called at 26-12-2018 10:28:46 PM   :::   22:28:46.0755942

::::::::::: PreSendRequestHeaders Request called at 26-12-2018 10:28:46 PM   :::   22:28:46.0765953

::::::::::: BeginRequest Request called at 26-12-2018 11:09:51 PM   :::   23:09:51.6330054

::::::::::: AuthenticateRequest Request called at 26-12-2018 11:09:51 PM   :::   23:09:51.6410129

::::::::::: PostAuthenticateRequest Request called at 26-12-2018 11:09:51 PM   :::   23:09:51.6509817

::::::::::: AuthorizeRequest Request called at 26-12-2018 11:09:51 PM   :::   23:09:51.6539851

::::::::::: PostAuthorizeRequest Request called at 26-12-2018 11:09:51 PM   :::   23:09:51.6559830

::::::::::: End Request called at 26-12-2018 11:09:51 PM   :::   23:09:51.6569847

::::::::::: PostResolveRequestCache Request called at 26-12-2018 11:09:51 PM   :::   23:09:51.6999838

::::::::::: AcquireRequestState Request called at 26-12-2018 11:09:51 PM   :::   23:09:51.7349807

::::::::::: PostAcquireRequestState Request called at 26-12-2018 11:09:51 PM   :::   23:09:51.7379828

::::::::::: PreRequestHandlerExecute Request called at 26-12-2018 11:09:51 PM   :::   23:09:51.7399829

::::::::::: BeginRequest Request called at 26-12-2018 11:09:53 PM   :::   23:09:53.3459882

::::::::::: AuthenticateRequest Request called at 26-12-2018 11:09:53 PM   :::   23:09:53.3479811

::::::::::: PostAuthenticateRequest Request called at 26-12-2018 11:09:53 PM   :::   23:09:53.3489810

::::::::::: AuthorizeRequest Request called at 26-12-2018 11:09:53 PM   :::   23:09:53.3499826

::::::::::: PostAuthorizeRequest Request called at 26-12-2018 11:09:53 PM   :::   23:09:53.3509819

::::::::::: End Request called at 26-12-2018 11:09:53 PM   :::   23:09:53.3529925

::::::::::: PostResolveRequestCache Request called at 26-12-2018 11:09:53 PM   :::   23:09:53.3599833

::::::::::: AcquireRequestState Request called at 26-12-2018 11:09:53 PM   :::   23:09:53.3619819

::::::::::: PostAcquireRequestState Request called at 26-12-2018 11:09:53 PM   :::   23:09:53.3639854

::::::::::: PreRequestHandlerExecute Request called at 26-12-2018 11:09:53 PM   :::   23:09:53.3649870

::::::::::: PostRequestHandlerExecute Request called at 26-12-2018 11:09:53 PM   :::   23:09:53.5239857

::::::::::: ReleaseRequestState Request called at 26-12-2018 11:09:53 PM   :::   23:09:53.5299873

::::::::::: PostReleaseRequestState Request called at 26-12-2018 11:09:53 PM   :::   23:09:53.5399839

::::::::::: UpdateRequestCache Request called at 26-12-2018 11:09:53 PM   :::   23:09:53.5419826

::::::::::: EndRequest Request called at 26-12-2018 11:09:53 PM   :::   23:09:53.5449822

::::::::::: PreSendRequestContent Request called at 26-12-2018 11:09:53 PM   :::   23:09:53.5609800

::::::::::: PreSendRequestHeaders Request called at 26-12-2018 11:09:53 PM   :::   23:09:53.5629807

::::::::::: PostRequestHandlerExecute Request called at 26-12-2018 11:09:54 PM   :::   23:09:54.1309843

::::::::::: ReleaseRequestState Request called at 26-12-2018 11:09:54 PM   :::   23:09:54.1329799

::::::::::: PostReleaseRequestState Request called at 26-12-2018 11:09:54 PM   :::   23:09:54.1359823

::::::::::: UpdateRequestCache Request called at 26-12-2018 11:09:54 PM   :::   23:09:54.1379843

::::::::::: EndRequest Request called at 26-12-2018 11:09:54 PM   :::   23:09:54.1389848

::::::::::: PreSendRequestContent Request called at 26-12-2018 11:09:54 PM   :::   23:09:54.1419866

::::::::::: PreSendRequestHeaders Request called at 26-12-2018 11:09:54 PM   :::   23:09:54.1439820

::::::::::: BeginRequest Request called at 26-12-2018 11:09:56 PM   :::   23:09:56.9309809

::::::::::: AuthenticateRequest Request called at 26-12-2018 11:09:56 PM   :::   23:09:56.9339809

::::::::::: PostAuthenticateRequest Request called at 26-12-2018 11:09:56 PM   :::   23:09:56.9359817

::::::::::: AuthorizeRequest Request called at 26-12-2018 11:09:56 PM   :::   23:09:56.9379945

::::::::::: PostAuthorizeRequest Request called at 26-12-2018 11:09:56 PM   :::   23:09:56.9399937

::::::::::: End Request called at 26-12-2018 11:09:56 PM   :::   23:09:56.9409955

::::::::::: PostResolveRequestCache Request called at 26-12-2018 11:09:56 PM   :::   23:09:56.9429953

::::::::::: AcquireRequestState Request called at 26-12-2018 11:09:56 PM   :::   23:09:56.9439970

::::::::::: PostAcquireRequestState Request called at 26-12-2018 11:09:56 PM   :::   23:09:56.9459939

::::::::::: PreRequestHandlerExecute Request called at 26-12-2018 11:09:56 PM   :::   23:09:56.9479954

::::::::::: PostRequestHandlerExecute Request called at 26-12-2018 11:10:47 PM   :::   23:10:47.8194873

::::::::::: ReleaseRequestState Request called at 26-12-2018 11:10:47 PM   :::   23:10:47.8204857

::::::::::: PostReleaseRequestState Request called at 26-12-2018 11:10:47 PM   :::   23:10:47.8214885

::::::::::: UpdateRequestCache Request called at 26-12-2018 11:10:47 PM   :::   23:10:47.8234872

::::::::::: EndRequest Request called at 26-12-2018 11:10:47 PM   :::   23:10:47.8244874

::::::::::: PreSendRequestContent Request called at 26-12-2018 11:10:47 PM   :::   23:10:47.8254853

::::::::::: PreSendRequestHeaders Request called at 26-12-2018 11:10:47 PM   :::   23:10:47.8264874

