::::::::::: BeginRequest Request called at 14-01-2019 07:14:12 PM   :::   19:14:12.6268280

::::::::::: AuthenticateRequest Request called at 14-01-2019 07:14:12 PM   :::   19:14:12.6368273

::::::::::: PostAuthenticateRequest Request called at 14-01-2019 07:14:12 PM   :::   19:14:12.6418331

::::::::::: AuthorizeRequest Request called at 14-01-2019 07:14:12 PM   :::   19:14:12.6448270

::::::::::: PostAuthorizeRequest Request called at 14-01-2019 07:14:12 PM   :::   19:14:12.6468275

::::::::::: End Request called at 14-01-2019 07:14:12 PM   :::   19:14:12.6478282

::::::::::: PostResolveRequestCache Request called at 14-01-2019 07:14:12 PM   :::   19:14:12.6948267

::::::::::: AcquireRequestState Request called at 14-01-2019 07:14:12 PM   :::   19:14:12.7068340

::::::::::: PostAcquireRequestState Request called at 14-01-2019 07:14:12 PM   :::   19:14:12.7108280

::::::::::: PreRequestHandlerExecute Request called at 14-01-2019 07:14:12 PM   :::   19:14:12.7128392

::::::::::: PostRequestHandlerExecute Request called at 14-01-2019 07:14:13 PM   :::   19:14:13.9678297

::::::::::: ReleaseRequestState Request called at 14-01-2019 07:14:13 PM   :::   19:14:13.9708407

::::::::::: PostReleaseRequestState Request called at 14-01-2019 07:14:13 PM   :::   19:14:13.9728407

::::::::::: UpdateRequestCache Request called at 14-01-2019 07:14:13 PM   :::   19:14:13.9748347

::::::::::: EndRequest Request called at 14-01-2019 07:14:13 PM   :::   19:14:13.9788402

::::::::::: PreSendRequestContent Request called at 14-01-2019 07:14:13 PM   :::   19:14:13.9908327

::::::::::: PreSendRequestHeaders Request called at 14-01-2019 07:14:13 PM   :::   19:14:13.9928362

::::::::::: BeginRequest Request called at 14-01-2019 07:14:18 PM   :::   19:14:18.1678318

::::::::::: AuthenticateRequest Request called at 14-01-2019 07:14:18 PM   :::   19:14:18.1688278

::::::::::: PostAuthenticateRequest Request called at 14-01-2019 07:14:18 PM   :::   19:14:18.1708281

::::::::::: AuthorizeRequest Request called at 14-01-2019 07:14:18 PM   :::   19:14:18.1718283

::::::::::: PostAuthorizeRequest Request called at 14-01-2019 07:14:18 PM   :::   19:14:18.1738261

::::::::::: End Request called at 14-01-2019 07:14:18 PM   :::   19:14:18.1748264

::::::::::: PostResolveRequestCache Request called at 14-01-2019 07:14:18 PM   :::   19:14:18.1758265

::::::::::: AcquireRequestState Request called at 14-01-2019 07:14:18 PM   :::   19:14:18.1768266

::::::::::: PostAcquireRequestState Request called at 14-01-2019 07:14:18 PM   :::   19:14:18.1788250

::::::::::: PreRequestHandlerExecute Request called at 14-01-2019 07:14:18 PM   :::   19:14:18.1798269

::::::::::: PostRequestHandlerExecute Request called at 14-01-2019 07:14:18 PM   :::   19:14:18.1828371

::::::::::: ReleaseRequestState Request called at 14-01-2019 07:14:18 PM   :::   19:14:18.1848282

::::::::::: PostReleaseRequestState Request called at 14-01-2019 07:14:18 PM   :::   19:14:18.1858280

::::::::::: UpdateRequestCache Request called at 14-01-2019 07:14:18 PM   :::   19:14:18.1868272

::::::::::: EndRequest Request called at 14-01-2019 07:14:18 PM   :::   19:14:18.1888274

::::::::::: PreSendRequestContent Request called at 14-01-2019 07:14:18 PM   :::   19:14:18.1898315

::::::::::: PreSendRequestHeaders Request called at 14-01-2019 07:14:18 PM   :::   19:14:18.1908397

::::::::::: BeginRequest Request called at 14-01-2019 07:14:18 PM   :::   19:14:18.2188323

::::::::::: AuthenticateRequest Request called at 14-01-2019 07:14:18 PM   :::   19:14:18.2208258

::::::::::: PostAuthenticateRequest Request called at 14-01-2019 07:14:18 PM   :::   19:14:18.2218267

::::::::::: AuthorizeRequest Request called at 14-01-2019 07:14:18 PM   :::   19:14:18.2238273

::::::::::: PostAuthorizeRequest Request called at 14-01-2019 07:14:18 PM   :::   19:14:18.2248257

::::::::::: End Request called at 14-01-2019 07:14:18 PM   :::   19:14:18.2268287

::::::::::: PostResolveRequestCache Request called at 14-01-2019 07:14:18 PM   :::   19:14:18.2288286

::::::::::: AcquireRequestState Request called at 14-01-2019 07:14:18 PM   :::   19:14:18.2298286

::::::::::: PostAcquireRequestState Request called at 14-01-2019 07:14:18 PM   :::   19:14:18.2318297

::::::::::: PreRequestHandlerExecute Request called at 14-01-2019 07:14:18 PM   :::   19:14:18.2338282

::::::::::: PostRequestHandlerExecute Request called at 14-01-2019 07:14:18 PM   :::   19:14:18.2358270

::::::::::: ReleaseRequestState Request called at 14-01-2019 07:14:18 PM   :::   19:14:18.2368275

::::::::::: PostReleaseRequestState Request called at 14-01-2019 07:14:18 PM   :::   19:14:18.2378279

::::::::::: UpdateRequestCache Request called at 14-01-2019 07:14:18 PM   :::   19:14:18.2398253

::::::::::: EndRequest Request called at 14-01-2019 07:14:18 PM   :::   19:14:18.2408261

::::::::::: PreSendRequestContent Request called at 14-01-2019 07:14:18 PM   :::   19:14:18.2418277

::::::::::: PreSendRequestHeaders Request called at 14-01-2019 07:14:18 PM   :::   19:14:18.2428268

::::::::::: BeginRequest Request called at 14-01-2019 07:14:18 PM   :::   19:14:18.8328298

::::::::::: AuthenticateRequest Request called at 14-01-2019 07:14:18 PM   :::   19:14:18.8338256

::::::::::: PostAuthenticateRequest Request called at 14-01-2019 07:14:18 PM   :::   19:14:18.8568283

::::::::::: AuthorizeRequest Request called at 14-01-2019 07:14:18 PM   :::   19:14:18.8588274

::::::::::: PostAuthorizeRequest Request called at 14-01-2019 07:14:18 PM   :::   19:14:18.8608281

::::::::::: End Request called at 14-01-2019 07:14:18 PM   :::   19:14:18.8618288

::::::::::: PostResolveRequestCache Request called at 14-01-2019 07:14:18 PM   :::   19:14:18.8628281

::::::::::: AcquireRequestState Request called at 14-01-2019 07:14:18 PM   :::   19:14:18.8648277

::::::::::: PostAcquireRequestState Request called at 14-01-2019 07:14:18 PM   :::   19:14:18.8658280

::::::::::: PreRequestHandlerExecute Request called at 14-01-2019 07:14:18 PM   :::   19:14:18.8668448

::::::::::: PostRequestHandlerExecute Request called at 14-01-2019 07:14:18 PM   :::   19:14:18.8688272

::::::::::: ReleaseRequestState Request called at 14-01-2019 07:14:18 PM   :::   19:14:18.8698276

::::::::::: PostReleaseRequestState Request called at 14-01-2019 07:14:18 PM   :::   19:14:18.8718318

::::::::::: UpdateRequestCache Request called at 14-01-2019 07:14:18 PM   :::   19:14:18.8728291

::::::::::: EndRequest Request called at 14-01-2019 07:14:18 PM   :::   19:14:18.8738280

::::::::::: PreSendRequestContent Request called at 14-01-2019 07:14:18 PM   :::   19:14:18.8758284

::::::::::: PreSendRequestHeaders Request called at 14-01-2019 07:14:18 PM   :::   19:14:18.8768298

::::::::::: BeginRequest Request called at 14-01-2019 07:14:19 PM   :::   19:14:19.7138329

::::::::::: AuthenticateRequest Request called at 14-01-2019 07:14:19 PM   :::   19:14:19.7158274

::::::::::: PostAuthenticateRequest Request called at 14-01-2019 07:14:19 PM   :::   19:14:19.7168293

::::::::::: AuthorizeRequest Request called at 14-01-2019 07:14:19 PM   :::   19:14:19.7188332

::::::::::: PostAuthorizeRequest Request called at 14-01-2019 07:14:19 PM   :::   19:14:19.7208298

::::::::::: End Request called at 14-01-2019 07:14:19 PM   :::   19:14:19.7218284

::::::::::: PostResolveRequestCache Request called at 14-01-2019 07:14:19 PM   :::   19:14:19.7238282

::::::::::: AcquireRequestState Request called at 14-01-2019 07:14:19 PM   :::   19:14:19.7248291

::::::::::: PostAcquireRequestState Request called at 14-01-2019 07:14:19 PM   :::   19:14:19.7258284

::::::::::: PreRequestHandlerExecute Request called at 14-01-2019 07:14:19 PM   :::   19:14:19.7278292

::::::::::: PostRequestHandlerExecute Request called at 14-01-2019 07:14:19 PM   :::   19:14:19.7298284

::::::::::: ReleaseRequestState Request called at 14-01-2019 07:14:19 PM   :::   19:14:19.7308276

::::::::::: PostReleaseRequestState Request called at 14-01-2019 07:14:19 PM   :::   19:14:19.7318283

::::::::::: UpdateRequestCache Request called at 14-01-2019 07:14:19 PM   :::   19:14:19.7338496

::::::::::: EndRequest Request called at 14-01-2019 07:14:19 PM   :::   19:14:19.7838251

::::::::::: PreSendRequestContent Request called at 14-01-2019 07:14:19 PM   :::   19:14:19.7858327

::::::::::: PreSendRequestHeaders Request called at 14-01-2019 07:14:19 PM   :::   19:14:19.7868285

::::::::::: BeginRequest Request called at 14-01-2019 07:14:20 PM   :::   19:14:20.3228306

::::::::::: AuthenticateRequest Request called at 14-01-2019 07:14:20 PM   :::   19:14:20.3238281

::::::::::: PostAuthenticateRequest Request called at 14-01-2019 07:14:20 PM   :::   19:14:20.3258282

::::::::::: AuthorizeRequest Request called at 14-01-2019 07:14:20 PM   :::   19:14:20.3288287

::::::::::: PostAuthorizeRequest Request called at 14-01-2019 07:14:20 PM   :::   19:14:20.3308305

::::::::::: End Request called at 14-01-2019 07:14:20 PM   :::   19:14:20.3328446

::::::::::: PostResolveRequestCache Request called at 14-01-2019 07:14:20 PM   :::   19:14:20.3338273

::::::::::: AcquireRequestState Request called at 14-01-2019 07:14:20 PM   :::   19:14:20.3348276

::::::::::: PostAcquireRequestState Request called at 14-01-2019 07:14:20 PM   :::   19:14:20.3368294

::::::::::: PreRequestHandlerExecute Request called at 14-01-2019 07:14:20 PM   :::   19:14:20.3378275

::::::::::: PostRequestHandlerExecute Request called at 14-01-2019 07:14:20 PM   :::   19:14:20.3398273

::::::::::: ReleaseRequestState Request called at 14-01-2019 07:14:20 PM   :::   19:14:20.3418336

::::::::::: PostReleaseRequestState Request called at 14-01-2019 07:14:20 PM   :::   19:14:20.3438275

::::::::::: UpdateRequestCache Request called at 14-01-2019 07:14:20 PM   :::   19:14:20.3448300

::::::::::: EndRequest Request called at 14-01-2019 07:14:20 PM   :::   19:14:20.3458273

::::::::::: PreSendRequestContent Request called at 14-01-2019 07:14:20 PM   :::   19:14:20.3478267

::::::::::: PreSendRequestHeaders Request called at 14-01-2019 07:14:20 PM   :::   19:14:20.3488289

::::::::::: BeginRequest Request called at 14-01-2019 07:14:22 PM   :::   19:14:22.3403697

::::::::::: AuthenticateRequest Request called at 14-01-2019 07:14:22 PM   :::   19:14:22.3423685

::::::::::: PostAuthenticateRequest Request called at 14-01-2019 07:14:22 PM   :::   19:14:22.3443696

::::::::::: AuthorizeRequest Request called at 14-01-2019 07:14:22 PM   :::   19:14:22.3483722

::::::::::: PostAuthorizeRequest Request called at 14-01-2019 07:14:22 PM   :::   19:14:22.3493941

::::::::::: End Request called at 14-01-2019 07:14:22 PM   :::   19:14:22.3513703

::::::::::: PostResolveRequestCache Request called at 14-01-2019 07:14:22 PM   :::   19:14:22.3533689

::::::::::: AcquireRequestState Request called at 14-01-2019 07:14:22 PM   :::   19:14:22.3543664

::::::::::: PostAcquireRequestState Request called at 14-01-2019 07:14:22 PM   :::   19:14:22.3553719

::::::::::: PreRequestHandlerExecute Request called at 14-01-2019 07:14:22 PM   :::   19:14:22.3573713

::::::::::: PostRequestHandlerExecute Request called at 14-01-2019 07:14:22 PM   :::   19:14:22.3593688

::::::::::: ReleaseRequestState Request called at 14-01-2019 07:14:22 PM   :::   19:14:22.3623988

::::::::::: PostReleaseRequestState Request called at 14-01-2019 07:14:22 PM   :::   19:14:22.3643701

::::::::::: UpdateRequestCache Request called at 14-01-2019 07:14:22 PM   :::   19:14:22.3663690

::::::::::: EndRequest Request called at 14-01-2019 07:14:22 PM   :::   19:14:22.3673698

::::::::::: PreSendRequestContent Request called at 14-01-2019 07:14:22 PM   :::   19:14:22.3693706

::::::::::: PreSendRequestHeaders Request called at 14-01-2019 07:14:22 PM   :::   19:14:22.3713931

::::::::::: BeginRequest Request called at 14-01-2019 07:14:33 PM   :::   19:14:33.9850641

::::::::::: AuthenticateRequest Request called at 14-01-2019 07:14:33 PM   :::   19:14:33.9870630

::::::::::: PostAuthenticateRequest Request called at 14-01-2019 07:14:33 PM   :::   19:14:33.9880610

::::::::::: AuthorizeRequest Request called at 14-01-2019 07:14:33 PM   :::   19:14:33.9900749

::::::::::: PostAuthorizeRequest Request called at 14-01-2019 07:14:33 PM   :::   19:14:33.9920685

::::::::::: End Request called at 14-01-2019 07:14:33 PM   :::   19:14:33.9930658

::::::::::: PostResolveRequestCache Request called at 14-01-2019 07:14:34 PM   :::   19:14:34.0020610

::::::::::: AcquireRequestState Request called at 14-01-2019 07:14:34 PM   :::   19:14:34.0030614

::::::::::: PostAcquireRequestState Request called at 14-01-2019 07:14:34 PM   :::   19:14:34.0040634

::::::::::: PreRequestHandlerExecute Request called at 14-01-2019 07:14:34 PM   :::   19:14:34.0060661

::::::::::: PostRequestHandlerExecute Request called at 14-01-2019 07:14:34 PM   :::   19:14:34.1830643

::::::::::: ReleaseRequestState Request called at 14-01-2019 07:14:34 PM   :::   19:14:34.1840637

::::::::::: PostReleaseRequestState Request called at 14-01-2019 07:14:34 PM   :::   19:14:34.1860629

::::::::::: UpdateRequestCache Request called at 14-01-2019 07:14:34 PM   :::   19:14:34.1880640

::::::::::: EndRequest Request called at 14-01-2019 07:14:34 PM   :::   19:14:34.1900689

::::::::::: PreSendRequestContent Request called at 14-01-2019 07:14:34 PM   :::   19:14:34.1910653

::::::::::: PreSendRequestHeaders Request called at 14-01-2019 07:14:34 PM   :::   19:14:34.1960692

::::::::::: BeginRequest Request called at 14-01-2019 07:14:35 PM   :::   19:14:35.1340657

::::::::::: AuthenticateRequest Request called at 14-01-2019 07:14:35 PM   :::   19:14:35.1350676

::::::::::: PostAuthenticateRequest Request called at 14-01-2019 07:14:35 PM   :::   19:14:35.1370664

::::::::::: AuthorizeRequest Request called at 14-01-2019 07:14:35 PM   :::   19:14:35.1390654

::::::::::: PostAuthorizeRequest Request called at 14-01-2019 07:14:35 PM   :::   19:14:35.1400681

::::::::::: End Request called at 14-01-2019 07:14:35 PM   :::   19:14:35.1410669

::::::::::: PostResolveRequestCache Request called at 14-01-2019 07:14:35 PM   :::   19:14:35.1430681

::::::::::: AcquireRequestState Request called at 14-01-2019 07:14:35 PM   :::   19:14:35.1440663

::::::::::: PostAcquireRequestState Request called at 14-01-2019 07:14:35 PM   :::   19:14:35.1460699

::::::::::: PreRequestHandlerExecute Request called at 14-01-2019 07:14:35 PM   :::   19:14:35.1470708

::::::::::: PostRequestHandlerExecute Request called at 14-01-2019 07:15:12 PM   :::   19:15:12.0865355

::::::::::: ReleaseRequestState Request called at 14-01-2019 07:15:12 PM   :::   19:15:12.0885399

::::::::::: PostReleaseRequestState Request called at 14-01-2019 07:15:12 PM   :::   19:15:12.0895417

::::::::::: UpdateRequestCache Request called at 14-01-2019 07:15:12 PM   :::   19:15:12.0915399

::::::::::: EndRequest Request called at 14-01-2019 07:15:12 PM   :::   19:15:12.0935392

::::::::::: PreSendRequestContent Request called at 14-01-2019 07:15:12 PM   :::   19:15:12.0955421

::::::::::: PreSendRequestHeaders Request called at 14-01-2019 07:15:12 PM   :::   19:15:12.0975397

::::::::::: BeginRequest Request called at 14-01-2019 07:52:46 PM   :::   19:52:46.3853862

::::::::::: AuthenticateRequest Request called at 14-01-2019 07:52:46 PM   :::   19:52:46.3963919

::::::::::: PostAuthenticateRequest Request called at 14-01-2019 07:52:46 PM   :::   19:52:46.4033851

::::::::::: AuthorizeRequest Request called at 14-01-2019 07:52:46 PM   :::   19:52:46.4163872

::::::::::: PostAuthorizeRequest Request called at 14-01-2019 07:52:46 PM   :::   19:52:46.4223869

::::::::::: End Request called at 14-01-2019 07:52:46 PM   :::   19:52:46.4243911

::::::::::: PostResolveRequestCache Request called at 14-01-2019 07:52:46 PM   :::   19:52:46.4553881

::::::::::: AcquireRequestState Request called at 14-01-2019 07:52:46 PM   :::   19:52:46.4773898

::::::::::: PostAcquireRequestState Request called at 14-01-2019 07:52:46 PM   :::   19:52:46.4803858

::::::::::: PreRequestHandlerExecute Request called at 14-01-2019 07:52:46 PM   :::   19:52:46.4833874

::::::::::: PostRequestHandlerExecute Request called at 14-01-2019 07:52:46 PM   :::   19:52:46.7003850

::::::::::: ReleaseRequestState Request called at 14-01-2019 07:52:46 PM   :::   19:52:46.7033887

::::::::::: PostReleaseRequestState Request called at 14-01-2019 07:52:46 PM   :::   19:52:46.7073895

::::::::::: UpdateRequestCache Request called at 14-01-2019 07:52:46 PM   :::   19:52:46.7093887

::::::::::: EndRequest Request called at 14-01-2019 07:52:46 PM   :::   19:52:46.7133877

::::::::::: PreSendRequestContent Request called at 14-01-2019 07:52:46 PM   :::   19:52:46.7313868

::::::::::: PreSendRequestHeaders Request called at 14-01-2019 07:52:46 PM   :::   19:52:46.7433939

::::::::::: BeginRequest Request called at 14-01-2019 07:52:46 PM   :::   19:52:46.8243875

::::::::::: AuthenticateRequest Request called at 14-01-2019 07:52:46 PM   :::   19:52:46.8273886

::::::::::: PostAuthenticateRequest Request called at 14-01-2019 07:52:46 PM   :::   19:52:46.8293867

::::::::::: AuthorizeRequest Request called at 14-01-2019 07:52:46 PM   :::   19:52:46.8313876

::::::::::: PostAuthorizeRequest Request called at 14-01-2019 07:52:46 PM   :::   19:52:46.8383910

::::::::::: End Request called at 14-01-2019 07:52:46 PM   :::   19:52:46.8403852

::::::::::: PostResolveRequestCache Request called at 14-01-2019 07:52:46 PM   :::   19:52:46.8433864

::::::::::: AcquireRequestState Request called at 14-01-2019 07:52:46 PM   :::   19:52:46.8593870

::::::::::: PostAcquireRequestState Request called at 14-01-2019 07:52:46 PM   :::   19:52:46.8613886

::::::::::: PreRequestHandlerExecute Request called at 14-01-2019 07:52:46 PM   :::   19:52:46.8634061

::::::::::: BeginRequest Request called at 14-01-2019 07:52:58 PM   :::   19:52:58.7164881

::::::::::: AuthenticateRequest Request called at 14-01-2019 07:52:58 PM   :::   19:52:58.7184927

::::::::::: PostAuthenticateRequest Request called at 14-01-2019 07:52:58 PM   :::   19:52:58.7215188

::::::::::: AuthorizeRequest Request called at 14-01-2019 07:52:58 PM   :::   19:52:58.7244912

::::::::::: PostAuthorizeRequest Request called at 14-01-2019 07:52:58 PM   :::   19:52:58.7264884

::::::::::: End Request called at 14-01-2019 07:52:58 PM   :::   19:52:58.7275056

::::::::::: PostResolveRequestCache Request called at 14-01-2019 07:52:58 PM   :::   19:52:58.7694888

::::::::::: AcquireRequestState Request called at 14-01-2019 07:52:58 PM   :::   19:52:58.7724909

::::::::::: PostAcquireRequestState Request called at 14-01-2019 07:52:58 PM   :::   19:52:58.7784862

::::::::::: PreRequestHandlerExecute Request called at 14-01-2019 07:52:58 PM   :::   19:52:58.7824891

::::::::::: PostRequestHandlerExecute Request called at 14-01-2019 07:53:00 PM   :::   19:53:00.2884956

::::::::::: ReleaseRequestState Request called at 14-01-2019 07:53:00 PM   :::   19:53:00.2894893

::::::::::: PostReleaseRequestState Request called at 14-01-2019 07:53:00 PM   :::   19:53:00.2914948

::::::::::: UpdateRequestCache Request called at 14-01-2019 07:53:00 PM   :::   19:53:00.2934971

::::::::::: EndRequest Request called at 14-01-2019 07:53:00 PM   :::   19:53:00.2944858

::::::::::: PreSendRequestContent Request called at 14-01-2019 07:53:00 PM   :::   19:53:00.2974891

::::::::::: PreSendRequestHeaders Request called at 14-01-2019 07:53:00 PM   :::   19:53:00.2994961

::::::::::: BeginRequest Request called at 14-01-2019 07:53:00 PM   :::   19:53:00.3734882

::::::::::: BeginRequest Request called at 14-01-2019 07:53:00 PM   :::   19:53:00.3744938

::::::::::: AuthenticateRequest Request called at 14-01-2019 07:53:00 PM   :::   19:53:00.3754919

::::::::::: AuthenticateRequest Request called at 14-01-2019 07:53:00 PM   :::   19:53:00.3754919

::::::::::: PostAuthenticateRequest Request called at 14-01-2019 07:53:00 PM   :::   19:53:00.3764893

::::::::::: BeginRequest Request called at 14-01-2019 07:53:00 PM   :::   19:53:00.3764893

::::::::::: PostAuthenticateRequest Request called at 14-01-2019 07:53:00 PM   :::   19:53:00.3774878

::::::::::: AuthenticateRequest Request called at 14-01-2019 07:53:00 PM   :::   19:53:00.3804925

::::::::::: BeginRequest Request called at 14-01-2019 07:53:00 PM   :::   19:53:00.3814894

::::::::::: AuthorizeRequest Request called at 14-01-2019 07:53:00 PM   :::   19:53:00.3814894

::::::::::: AuthenticateRequest Request called at 14-01-2019 07:53:00 PM   :::   19:53:00.3874917

::::::::::: PostAuthorizeRequest Request called at 14-01-2019 07:53:00 PM   :::   19:53:00.3874917

::::::::::: PostAuthorizeRequest Request called at 14-01-2019 07:53:00 PM   :::   19:53:00.4275019

::::::::::: End Request called at 14-01-2019 07:53:00 PM   :::   19:53:00.4284942

::::::::::: End Request called at 14-01-2019 07:53:00 PM   :::   19:53:00.4294897

::::::::::: PostResolveRequestCache Request called at 14-01-2019 07:53:00 PM   :::   19:53:00.4304880

::::::::::: PostResolveRequestCache Request called at 14-01-2019 07:53:00 PM   :::   19:53:00.4304880

::::::::::: AcquireRequestState Request called at 14-01-2019 07:53:00 PM   :::   19:53:00.4314869

::::::::::: AcquireRequestState Request called at 14-01-2019 07:53:00 PM   :::   19:53:00.4324905

::::::::::: PostAcquireRequestState Request called at 14-01-2019 07:53:00 PM   :::   19:53:00.4354911

::::::::::: PostAcquireRequestState Request called at 14-01-2019 07:53:00 PM   :::   19:53:00.4364901

::::::::::: PreRequestHandlerExecute Request called at 14-01-2019 07:53:00 PM   :::   19:53:00.4374890

::::::::::: PreRequestHandlerExecute Request called at 14-01-2019 07:53:00 PM   :::   19:53:00.4384908

::::::::::: PostRequestHandlerExecute Request called at 14-01-2019 07:53:00 PM   :::   19:53:00.4415000

::::::::::: PostRequestHandlerExecute Request called at 14-01-2019 07:53:00 PM   :::   19:53:00.4415000

::::::::::: ReleaseRequestState Request called at 14-01-2019 07:53:00 PM   :::   19:53:00.4424902

::::::::::: ReleaseRequestState Request called at 14-01-2019 07:53:00 PM   :::   19:53:00.4434894

::::::::::: PostReleaseRequestState Request called at 14-01-2019 07:53:00 PM   :::   19:53:00.4444870

::::::::::: PostReleaseRequestState Request called at 14-01-2019 07:53:00 PM   :::   19:53:00.4454872

::::::::::: UpdateRequestCache Request called at 14-01-2019 07:53:00 PM   :::   19:53:00.4464877

::::::::::: UpdateRequestCache Request called at 14-01-2019 07:53:00 PM   :::   19:53:00.4475032

::::::::::: EndRequest Request called at 14-01-2019 07:53:00 PM   :::   19:53:00.4475032

::::::::::: EndRequest Request called at 14-01-2019 07:53:00 PM   :::   19:53:00.4494912

::::::::::: PreSendRequestContent Request called at 14-01-2019 07:53:00 PM   :::   19:53:00.4504877

::::::::::: PreSendRequestContent Request called at 14-01-2019 07:53:00 PM   :::   19:53:00.4514878

::::::::::: PreSendRequestHeaders Request called at 14-01-2019 07:53:00 PM   :::   19:53:00.4524894

::::::::::: PreSendRequestHeaders Request called at 14-01-2019 07:53:00 PM   :::   19:53:00.4524894

::::::::::: BeginRequest Request called at 14-01-2019 07:53:00 PM   :::   19:53:00.4574873

::::::::::: AuthenticateRequest Request called at 14-01-2019 07:53:00 PM   :::   19:53:00.4644905

::::::::::: AuthenticateRequest Request called at 14-01-2019 07:53:00 PM   :::   19:53:00.5554892

::::::::::: PostAuthenticateRequest Request called at 14-01-2019 07:53:00 PM   :::   19:53:00.5884885

::::::::::: PostAuthenticateRequest Request called at 14-01-2019 07:53:00 PM   :::   19:53:00.5884885

::::::::::: AuthorizeRequest Request called at 14-01-2019 07:53:00 PM   :::   19:53:00.5914898

::::::::::: PostAuthorizeRequest Request called at 14-01-2019 07:53:00 PM   :::   19:53:00.6014885

::::::::::: PostAuthenticateRequest Request called at 14-01-2019 07:53:00 PM   :::   19:53:00.6084899

::::::::::: End Request called at 14-01-2019 07:53:00 PM   :::   19:53:00.6184909

::::::::::: AuthorizeRequest Request called at 14-01-2019 07:53:00 PM   :::   19:53:00.6094917

::::::::::: AuthorizeRequest Request called at 14-01-2019 07:53:00 PM   :::   19:53:00.6214896

::::::::::: PostResolveRequestCache Request called at 14-01-2019 07:53:00 PM   :::   19:53:00.6214896

::::::::::: PostAuthorizeRequest Request called at 14-01-2019 07:53:00 PM   :::   19:53:00.6224895

::::::::::: PostAuthorizeRequest Request called at 14-01-2019 07:53:00 PM   :::   19:53:00.6234888

::::::::::: AcquireRequestState Request called at 14-01-2019 07:53:00 PM   :::   19:53:00.6234888

::::::::::: End Request called at 14-01-2019 07:53:00 PM   :::   19:53:00.6254887

::::::::::: PostAcquireRequestState Request called at 14-01-2019 07:53:00 PM   :::   19:53:00.6254887

::::::::::: PreRequestHandlerExecute Request called at 14-01-2019 07:53:00 PM   :::   19:53:00.6274894

::::::::::: PostResolveRequestCache Request called at 14-01-2019 07:53:00 PM   :::   19:53:00.6284887

::::::::::: AcquireRequestState Request called at 14-01-2019 07:53:00 PM   :::   19:53:00.6294879

::::::::::: PostRequestHandlerExecute Request called at 14-01-2019 07:53:00 PM   :::   19:53:00.6424889

::::::::::: ReleaseRequestState Request called at 14-01-2019 07:53:00 PM   :::   19:53:00.6554896

::::::::::: PostAcquireRequestState Request called at 14-01-2019 07:53:00 PM   :::   19:53:00.6544892

::::::::::: PostResolveRequestCache Request called at 14-01-2019 07:53:00 PM   :::   19:53:00.6644860

::::::::::: PreRequestHandlerExecute Request called at 14-01-2019 07:53:00 PM   :::   19:53:00.6654887

::::::::::: AcquireRequestState Request called at 14-01-2019 07:53:00 PM   :::   19:53:00.6664960

::::::::::: PostRequestHandlerExecute Request called at 14-01-2019 07:53:00 PM   :::   19:53:00.6694900

::::::::::: PostAcquireRequestState Request called at 14-01-2019 07:53:00 PM   :::   19:53:00.6705053

::::::::::: PreRequestHandlerExecute Request called at 14-01-2019 07:53:00 PM   :::   19:53:00.6724880

::::::::::: PostReleaseRequestState Request called at 14-01-2019 07:53:00 PM   :::   19:53:00.6724880

::::::::::: UpdateRequestCache Request called at 14-01-2019 07:53:00 PM   :::   19:53:00.6824885

::::::::::: End Request called at 14-01-2019 07:53:00 PM   :::   19:53:00.6924869

::::::::::: PostResolveRequestCache Request called at 14-01-2019 07:53:00 PM   :::   19:53:00.6954880

::::::::::: AcquireRequestState Request called at 14-01-2019 07:53:00 PM   :::   19:53:00.6964890

::::::::::: PostAcquireRequestState Request called at 14-01-2019 07:53:00 PM   :::   19:53:00.6984871

::::::::::: PreRequestHandlerExecute Request called at 14-01-2019 07:53:00 PM   :::   19:53:00.6994869

::::::::::: PreSendRequestContent Request called at 14-01-2019 07:53:00 PM   :::   19:53:00.7484892

::::::::::: PreSendRequestHeaders Request called at 14-01-2019 07:53:00 PM   :::   19:53:00.7524908

::::::::::: PostRequestHandlerExecute Request called at 14-01-2019 07:53:00 PM   :::   19:53:00.7764884

::::::::::: ReleaseRequestState Request called at 14-01-2019 07:53:00 PM   :::   19:53:00.7784893

::::::::::: PostReleaseRequestState Request called at 14-01-2019 07:53:00 PM   :::   19:53:00.7804883

::::::::::: UpdateRequestCache Request called at 14-01-2019 07:53:00 PM   :::   19:53:00.7814899

::::::::::: EndRequest Request called at 14-01-2019 07:53:00 PM   :::   19:53:00.7855249

::::::::::: PreSendRequestContent Request called at 14-01-2019 07:53:00 PM   :::   19:53:00.7884943

::::::::::: PreSendRequestHeaders Request called at 14-01-2019 07:53:00 PM   :::   19:53:00.7894959

::::::::::: PostReleaseRequestState Request called at 14-01-2019 07:53:00 PM   :::   19:53:00.8064916

::::::::::: UpdateRequestCache Request called at 14-01-2019 07:53:00 PM   :::   19:53:00.8074893

::::::::::: EndRequest Request called at 14-01-2019 07:53:00 PM   :::   19:53:00.8094904

::::::::::: PreSendRequestContent Request called at 14-01-2019 07:53:00 PM   :::   19:53:00.8114905

::::::::::: PreSendRequestHeaders Request called at 14-01-2019 07:53:00 PM   :::   19:53:00.8124953

::::::::::: PostRequestHandlerExecute Request called at 14-01-2019 07:53:00 PM   :::   19:53:00.8244886

::::::::::: ReleaseRequestState Request called at 14-01-2019 07:53:00 PM   :::   19:53:00.8264944

::::::::::: PostReleaseRequestState Request called at 14-01-2019 07:53:00 PM   :::   19:53:00.8284901

::::::::::: UpdateRequestCache Request called at 14-01-2019 07:53:00 PM   :::   19:53:00.8404929

::::::::::: EndRequest Request called at 14-01-2019 07:53:00 PM   :::   19:53:00.8424894

::::::::::: PreSendRequestContent Request called at 14-01-2019 07:53:00 PM   :::   19:53:00.8444908

::::::::::: PreSendRequestHeaders Request called at 14-01-2019 07:53:00 PM   :::   19:53:00.8594897

::::::::::: PostRequestHandlerExecute Request called at 14-01-2019 07:53:26 PM   :::   19:53:26.6266782

::::::::::: ReleaseRequestState Request called at 14-01-2019 07:53:26 PM   :::   19:53:26.6286831

::::::::::: PostReleaseRequestState Request called at 14-01-2019 07:53:26 PM   :::   19:53:26.6316800

::::::::::: UpdateRequestCache Request called at 14-01-2019 07:53:26 PM   :::   19:53:26.6326812

::::::::::: EndRequest Request called at 14-01-2019 07:53:26 PM   :::   19:53:26.6336831

::::::::::: PreSendRequestContent Request called at 14-01-2019 07:53:26 PM   :::   19:53:26.6356791

::::::::::: PreSendRequestHeaders Request called at 14-01-2019 07:53:26 PM   :::   19:53:26.6366808

::::::::::: BeginRequest Request called at 14-01-2019 07:56:00 PM   :::   19:56:00.1418031

::::::::::: AuthenticateRequest Request called at 14-01-2019 07:56:00 PM   :::   19:56:00.1438013

::::::::::: PostAuthenticateRequest Request called at 14-01-2019 07:56:00 PM   :::   19:56:00.1448003

::::::::::: AuthorizeRequest Request called at 14-01-2019 07:56:00 PM   :::   19:56:00.1458007

::::::::::: PostAuthorizeRequest Request called at 14-01-2019 07:56:00 PM   :::   19:56:00.1467998

::::::::::: End Request called at 14-01-2019 07:56:00 PM   :::   19:56:00.1478003

::::::::::: PostResolveRequestCache Request called at 14-01-2019 07:56:00 PM   :::   19:56:00.1498019

::::::::::: AcquireRequestState Request called at 14-01-2019 07:56:00 PM   :::   19:56:00.1508027

::::::::::: PostAcquireRequestState Request called at 14-01-2019 07:56:00 PM   :::   19:56:00.1518045

::::::::::: PreRequestHandlerExecute Request called at 14-01-2019 07:56:00 PM   :::   19:56:00.1558074

::::::::::: PostRequestHandlerExecute Request called at 14-01-2019 07:56:00 PM   :::   19:56:00.1638177

::::::::::: ReleaseRequestState Request called at 14-01-2019 07:56:00 PM   :::   19:56:00.1648184

::::::::::: PostReleaseRequestState Request called at 14-01-2019 07:56:00 PM   :::   19:56:00.1668071

::::::::::: UpdateRequestCache Request called at 14-01-2019 07:56:00 PM   :::   19:56:00.1678436

::::::::::: EndRequest Request called at 14-01-2019 07:56:00 PM   :::   19:56:00.1688087

::::::::::: PreSendRequestContent Request called at 14-01-2019 07:56:00 PM   :::   19:56:00.1728419

::::::::::: PreSendRequestHeaders Request called at 14-01-2019 07:56:00 PM   :::   19:56:00.1758161

::::::::::: BeginRequest Request called at 14-01-2019 07:56:00 PM   :::   19:56:00.1938147

::::::::::: AuthenticateRequest Request called at 14-01-2019 07:56:00 PM   :::   19:56:00.1958174

::::::::::: PostAuthenticateRequest Request called at 14-01-2019 07:56:00 PM   :::   19:56:00.1978034

::::::::::: AuthorizeRequest Request called at 14-01-2019 07:56:00 PM   :::   19:56:00.1988024

::::::::::: PostAuthorizeRequest Request called at 14-01-2019 07:56:00 PM   :::   19:56:00.2008019

::::::::::: End Request called at 14-01-2019 07:56:00 PM   :::   19:56:00.2028034

::::::::::: PostResolveRequestCache Request called at 14-01-2019 07:56:00 PM   :::   19:56:00.2058130

::::::::::: AcquireRequestState Request called at 14-01-2019 07:56:00 PM   :::   19:56:00.2088158

::::::::::: PostAcquireRequestState Request called at 14-01-2019 07:56:00 PM   :::   19:56:00.2098092

::::::::::: PreRequestHandlerExecute Request called at 14-01-2019 07:56:00 PM   :::   19:56:00.2108105

::::::::::: PostRequestHandlerExecute Request called at 14-01-2019 07:56:04 PM   :::   19:56:04.2791684

::::::::::: ReleaseRequestState Request called at 14-01-2019 07:56:04 PM   :::   19:56:04.2801683

::::::::::: PostReleaseRequestState Request called at 14-01-2019 07:56:04 PM   :::   19:56:04.2811687

::::::::::: UpdateRequestCache Request called at 14-01-2019 07:56:04 PM   :::   19:56:04.2841718

::::::::::: EndRequest Request called at 14-01-2019 07:56:04 PM   :::   19:56:04.2851736

::::::::::: PreSendRequestContent Request called at 14-01-2019 07:56:04 PM   :::   19:56:04.2901947

::::::::::: PreSendRequestHeaders Request called at 14-01-2019 07:56:04 PM   :::   19:56:04.2911770

::::::::::: BeginRequest Request called at 14-01-2019 07:56:19 PM   :::   19:56:19.4863777

::::::::::: AuthenticateRequest Request called at 14-01-2019 07:56:19 PM   :::   19:56:19.4883739

::::::::::: PostAuthenticateRequest Request called at 14-01-2019 07:56:19 PM   :::   19:56:19.4893751

::::::::::: AuthorizeRequest Request called at 14-01-2019 07:56:19 PM   :::   19:56:19.4913816

::::::::::: PostAuthorizeRequest Request called at 14-01-2019 07:56:19 PM   :::   19:56:19.4923746

::::::::::: End Request called at 14-01-2019 07:56:19 PM   :::   19:56:19.4933734

::::::::::: PostResolveRequestCache Request called at 14-01-2019 07:56:19 PM   :::   19:56:19.4953753

::::::::::: AcquireRequestState Request called at 14-01-2019 07:56:19 PM   :::   19:56:19.4973874

::::::::::: PostAcquireRequestState Request called at 14-01-2019 07:56:19 PM   :::   19:56:19.5003740

::::::::::: PreRequestHandlerExecute Request called at 14-01-2019 07:56:19 PM   :::   19:56:19.5033834

::::::::::: PostRequestHandlerExecute Request called at 14-01-2019 07:56:19 PM   :::   19:56:19.5053910

::::::::::: ReleaseRequestState Request called at 14-01-2019 07:56:19 PM   :::   19:56:19.5063801

::::::::::: PostReleaseRequestState Request called at 14-01-2019 07:56:19 PM   :::   19:56:19.5083731

::::::::::: UpdateRequestCache Request called at 14-01-2019 07:56:19 PM   :::   19:56:19.5103763

::::::::::: EndRequest Request called at 14-01-2019 07:56:19 PM   :::   19:56:19.5123812

::::::::::: PreSendRequestContent Request called at 14-01-2019 07:56:19 PM   :::   19:56:19.5143722

::::::::::: PreSendRequestHeaders Request called at 14-01-2019 07:56:19 PM   :::   19:56:19.5243767

::::::::::: BeginRequest Request called at 14-01-2019 07:56:19 PM   :::   19:56:19.5433732

::::::::::: AuthenticateRequest Request called at 14-01-2019 07:56:19 PM   :::   19:56:19.5463762

::::::::::: PostAuthenticateRequest Request called at 14-01-2019 07:56:19 PM   :::   19:56:19.5473749

::::::::::: AuthorizeRequest Request called at 14-01-2019 07:56:19 PM   :::   19:56:19.5493721

::::::::::: PostAuthorizeRequest Request called at 14-01-2019 07:56:19 PM   :::   19:56:19.5533736

::::::::::: End Request called at 14-01-2019 07:56:19 PM   :::   19:56:19.5554254

::::::::::: PostResolveRequestCache Request called at 14-01-2019 07:56:19 PM   :::   19:56:19.5563714

::::::::::: AcquireRequestState Request called at 14-01-2019 07:56:19 PM   :::   19:56:19.5573712

::::::::::: PostAcquireRequestState Request called at 14-01-2019 07:56:19 PM   :::   19:56:19.5583710

::::::::::: PreRequestHandlerExecute Request called at 14-01-2019 07:56:19 PM   :::   19:56:19.5603703

::::::::::: PreSendRequestContent Request called at 14-01-2019 07:57:14 PM   :::   19:57:14.0752389

::::::::::: PreSendRequestHeaders Request called at 14-01-2019 07:57:14 PM   :::   19:57:14.0782793

::::::::::: PostRequestHandlerExecute Request called at 14-01-2019 07:57:14 PM   :::   19:57:14.0862364

::::::::::: ReleaseRequestState Request called at 14-01-2019 07:57:14 PM   :::   19:57:14.0872353

::::::::::: PostReleaseRequestState Request called at 14-01-2019 07:57:14 PM   :::   19:57:14.0892382

::::::::::: UpdateRequestCache Request called at 14-01-2019 07:57:14 PM   :::   19:57:14.0942423

::::::::::: EndRequest Request called at 14-01-2019 07:57:14 PM   :::   19:57:14.0952378

::::::::::: PreSendRequestContent Request called at 14-01-2019 07:57:14 PM   :::   19:57:14.0972482

::::::::::: BeginRequest Request called at 14-01-2019 07:57:14 PM   :::   19:57:14.9620505

::::::::::: AuthenticateRequest Request called at 14-01-2019 07:57:14 PM   :::   19:57:14.9640515

::::::::::: PostAuthenticateRequest Request called at 14-01-2019 07:57:14 PM   :::   19:57:14.9650643

::::::::::: AuthorizeRequest Request called at 14-01-2019 07:57:14 PM   :::   19:57:14.9660569

::::::::::: PostAuthorizeRequest Request called at 14-01-2019 07:57:14 PM   :::   19:57:14.9670554

::::::::::: End Request called at 14-01-2019 07:57:14 PM   :::   19:57:14.9680619

::::::::::: PostResolveRequestCache Request called at 14-01-2019 07:57:14 PM   :::   19:57:14.9690501

::::::::::: AcquireRequestState Request called at 14-01-2019 07:57:14 PM   :::   19:57:14.9700562

::::::::::: PostAcquireRequestState Request called at 14-01-2019 07:57:14 PM   :::   19:57:14.9710552

::::::::::: PreRequestHandlerExecute Request called at 14-01-2019 07:57:14 PM   :::   19:57:14.9720500

::::::::::: PostRequestHandlerExecute Request called at 14-01-2019 07:57:31 PM   :::   19:57:31.5301379

::::::::::: ReleaseRequestState Request called at 14-01-2019 07:57:31 PM   :::   19:57:31.5311375

::::::::::: PostReleaseRequestState Request called at 14-01-2019 07:57:31 PM   :::   19:57:31.5320971

::::::::::: UpdateRequestCache Request called at 14-01-2019 07:57:31 PM   :::   19:57:31.5331370

::::::::::: EndRequest Request called at 14-01-2019 07:57:31 PM   :::   19:57:31.5340981

::::::::::: PreSendRequestContent Request called at 14-01-2019 07:57:31 PM   :::   19:57:31.5350988

::::::::::: PreSendRequestHeaders Request called at 14-01-2019 07:57:31 PM   :::   19:57:31.5360982

::::::::::: BeginRequest Request called at 14-01-2019 09:52:27 PM   :::   21:52:27.7317275

::::::::::: AuthenticateRequest Request called at 14-01-2019 09:52:27 PM   :::   21:52:27.7437254

::::::::::: PostAuthenticateRequest Request called at 14-01-2019 09:52:27 PM   :::   21:52:27.7527271

::::::::::: AuthorizeRequest Request called at 14-01-2019 09:52:27 PM   :::   21:52:27.7557266

::::::::::: PostAuthorizeRequest Request called at 14-01-2019 09:52:27 PM   :::   21:52:27.7577241

::::::::::: End Request called at 14-01-2019 09:52:27 PM   :::   21:52:27.7597283

::::::::::: BeginRequest Request called at 14-01-2019 09:52:27 PM   :::   21:52:27.7897273

::::::::::: AuthenticateRequest Request called at 14-01-2019 09:52:27 PM   :::   21:52:27.7917252

::::::::::: PostAuthenticateRequest Request called at 14-01-2019 09:52:27 PM   :::   21:52:27.7927284

::::::::::: AuthorizeRequest Request called at 14-01-2019 09:52:27 PM   :::   21:52:27.7957253

::::::::::: PostAuthorizeRequest Request called at 14-01-2019 09:52:27 PM   :::   21:52:27.7967293

::::::::::: PostResolveRequestCache Request called at 14-01-2019 09:52:27 PM   :::   21:52:27.7967293

::::::::::: End Request called at 14-01-2019 09:52:27 PM   :::   21:52:27.7987239

::::::::::: AcquireRequestState Request called at 14-01-2019 09:52:27 PM   :::   21:52:27.8097239

::::::::::: PostAcquireRequestState Request called at 14-01-2019 09:52:27 PM   :::   21:52:27.8117280

::::::::::: PreRequestHandlerExecute Request called at 14-01-2019 09:52:27 PM   :::   21:52:27.8167240

::::::::::: PostResolveRequestCache Request called at 14-01-2019 09:52:27 PM   :::   21:52:27.9507236

::::::::::: AcquireRequestState Request called at 14-01-2019 09:52:27 PM   :::   21:52:27.9537251

::::::::::: PostAcquireRequestState Request called at 14-01-2019 09:52:27 PM   :::   21:52:27.9547267

::::::::::: PreRequestHandlerExecute Request called at 14-01-2019 09:52:27 PM   :::   21:52:27.9577246

::::::::::: PostRequestHandlerExecute Request called at 14-01-2019 09:52:28 PM   :::   21:52:28.0437281

::::::::::: ReleaseRequestState Request called at 14-01-2019 09:52:28 PM   :::   21:52:28.0467471

::::::::::: PostReleaseRequestState Request called at 14-01-2019 09:52:28 PM   :::   21:52:28.0487223

::::::::::: UpdateRequestCache Request called at 14-01-2019 09:52:28 PM   :::   21:52:28.0537282

::::::::::: EndRequest Request called at 14-01-2019 09:52:28 PM   :::   21:52:28.0567242

::::::::::: PreSendRequestContent Request called at 14-01-2019 09:52:28 PM   :::   21:52:28.0737270

::::::::::: PreSendRequestHeaders Request called at 14-01-2019 09:52:28 PM   :::   21:52:28.0747269

::::::::::: BeginRequest Request called at 14-01-2019 09:52:28 PM   :::   21:52:28.1357242

::::::::::: AuthenticateRequest Request called at 14-01-2019 09:52:28 PM   :::   21:52:28.1377259

::::::::::: PostAuthenticateRequest Request called at 14-01-2019 09:52:28 PM   :::   21:52:28.1397264

::::::::::: AuthorizeRequest Request called at 14-01-2019 09:52:28 PM   :::   21:52:28.1427253

::::::::::: PostAuthorizeRequest Request called at 14-01-2019 09:52:28 PM   :::   21:52:28.1457270

::::::::::: End Request called at 14-01-2019 09:52:28 PM   :::   21:52:28.1467278

::::::::::: PostResolveRequestCache Request called at 14-01-2019 09:52:28 PM   :::   21:52:28.1487279

::::::::::: AcquireRequestState Request called at 14-01-2019 09:52:28 PM   :::   21:52:28.1517253

::::::::::: PostAcquireRequestState Request called at 14-01-2019 09:52:28 PM   :::   21:52:28.1637264

::::::::::: PreRequestHandlerExecute Request called at 14-01-2019 09:52:28 PM   :::   21:52:28.1757221

::::::::::: PostRequestHandlerExecute Request called at 14-01-2019 09:52:32 PM   :::   21:52:32.3147244

::::::::::: ReleaseRequestState Request called at 14-01-2019 09:52:32 PM   :::   21:52:32.3197400

::::::::::: PostReleaseRequestState Request called at 14-01-2019 09:52:32 PM   :::   21:52:32.3217246

::::::::::: UpdateRequestCache Request called at 14-01-2019 09:52:32 PM   :::   21:52:32.3237260

::::::::::: EndRequest Request called at 14-01-2019 09:52:32 PM   :::   21:52:32.3297220

::::::::::: PreSendRequestContent Request called at 14-01-2019 09:52:32 PM   :::   21:52:32.3367290

::::::::::: PreSendRequestHeaders Request called at 14-01-2019 09:52:32 PM   :::   21:52:32.3387275

::::::::::: BeginRequest Request called at 14-01-2019 09:52:32 PM   :::   21:52:32.4247231

::::::::::: BeginRequest Request called at 14-01-2019 09:52:32 PM   :::   21:52:32.4267232

::::::::::: AuthenticateRequest Request called at 14-01-2019 09:52:32 PM   :::   21:52:32.4267232

::::::::::: BeginRequest Request called at 14-01-2019 09:52:32 PM   :::   21:52:32.4277277

::::::::::: AuthenticateRequest Request called at 14-01-2019 09:52:32 PM   :::   21:52:32.4277277

::::::::::: PostAuthenticateRequest Request called at 14-01-2019 09:52:32 PM   :::   21:52:32.4287225

::::::::::: AuthenticateRequest Request called at 14-01-2019 09:52:32 PM   :::   21:52:32.4297242

::::::::::: AuthorizeRequest Request called at 14-01-2019 09:52:32 PM   :::   21:52:32.4637331

::::::::::: AuthenticateRequest Request called at 14-01-2019 09:52:32 PM   :::   21:52:32.4717338

::::::::::: PostAuthenticateRequest Request called at 14-01-2019 09:52:32 PM   :::   21:52:32.4727236

::::::::::: PostAuthorizeRequest Request called at 14-01-2019 09:52:32 PM   :::   21:52:32.4727236

::::::::::: End Request called at 14-01-2019 09:52:32 PM   :::   21:52:32.4747290

::::::::::: PostAuthenticateRequest Request called at 14-01-2019 09:52:32 PM   :::   21:52:32.4747290

::::::::::: PostResolveRequestCache Request called at 14-01-2019 09:52:32 PM   :::   21:52:32.4757215

::::::::::: AuthorizeRequest Request called at 14-01-2019 09:52:32 PM   :::   21:52:32.4947224

::::::::::: AcquireRequestState Request called at 14-01-2019 09:52:32 PM   :::   21:52:32.5117268

::::::::::: PostAuthorizeRequest Request called at 14-01-2019 09:52:32 PM   :::   21:52:32.5487242

::::::::::: AuthorizeRequest Request called at 14-01-2019 09:52:32 PM   :::   21:52:32.5647428

::::::::::: PostAcquireRequestState Request called at 14-01-2019 09:52:32 PM   :::   21:52:32.5527760

::::::::::: End Request called at 14-01-2019 09:52:32 PM   :::   21:52:32.5777292

::::::::::: PostAuthorizeRequest Request called at 14-01-2019 09:52:32 PM   :::   21:52:32.5787377

::::::::::: PreRequestHandlerExecute Request called at 14-01-2019 09:52:32 PM   :::   21:52:32.5787377

::::::::::: PostResolveRequestCache Request called at 14-01-2019 09:52:32 PM   :::   21:52:32.5797237

::::::::::: End Request called at 14-01-2019 09:52:32 PM   :::   21:52:32.5797237

::::::::::: AcquireRequestState Request called at 14-01-2019 09:52:32 PM   :::   21:52:32.5917257

::::::::::: PostRequestHandlerExecute Request called at 14-01-2019 09:52:32 PM   :::   21:52:32.5927446

::::::::::: PostResolveRequestCache Request called at 14-01-2019 09:52:32 PM   :::   21:52:32.5917257

::::::::::: PostAcquireRequestState Request called at 14-01-2019 09:52:32 PM   :::   21:52:32.5937271

::::::::::: ReleaseRequestState Request called at 14-01-2019 09:52:32 PM   :::   21:52:32.5937271

::::::::::: AcquireRequestState Request called at 14-01-2019 09:52:32 PM   :::   21:52:32.5947236

::::::::::: PreRequestHandlerExecute Request called at 14-01-2019 09:52:32 PM   :::   21:52:32.5947236

::::::::::: PostReleaseRequestState Request called at 14-01-2019 09:52:32 PM   :::   21:52:32.5957243

::::::::::: PostAcquireRequestState Request called at 14-01-2019 09:52:32 PM   :::   21:52:32.5957243

::::::::::: PostRequestHandlerExecute Request called at 14-01-2019 09:52:32 PM   :::   21:52:32.5967234

::::::::::: PreRequestHandlerExecute Request called at 14-01-2019 09:52:32 PM   :::   21:52:32.5977244

::::::::::: UpdateRequestCache Request called at 14-01-2019 09:52:32 PM   :::   21:52:32.5977244

::::::::::: ReleaseRequestState Request called at 14-01-2019 09:52:32 PM   :::   21:52:32.6017540

::::::::::: PostRequestHandlerExecute Request called at 14-01-2019 09:52:32 PM   :::   21:52:32.6057256

::::::::::: EndRequest Request called at 14-01-2019 09:52:32 PM   :::   21:52:32.6057256

::::::::::: ReleaseRequestState Request called at 14-01-2019 09:52:32 PM   :::   21:52:32.6067234

::::::::::: PreSendRequestContent Request called at 14-01-2019 09:52:32 PM   :::   21:52:32.6087240

::::::::::: UpdateRequestCache Request called at 14-01-2019 09:52:32 PM   :::   21:52:32.6437281

::::::::::: UpdateRequestCache Request called at 14-01-2019 09:52:32 PM   :::   21:52:32.6617204

::::::::::: EndRequest Request called at 14-01-2019 09:52:32 PM   :::   21:52:32.6627246

::::::::::: EndRequest Request called at 14-01-2019 09:52:32 PM   :::   21:52:32.6627246

::::::::::: PreSendRequestContent Request called at 14-01-2019 09:52:32 PM   :::   21:52:32.6637231

::::::::::: PreSendRequestContent Request called at 14-01-2019 09:52:32 PM   :::   21:52:32.6647292

::::::::::: PreSendRequestHeaders Request called at 14-01-2019 09:52:32 PM   :::   21:52:32.6657296

::::::::::: PreSendRequestHeaders Request called at 14-01-2019 09:52:32 PM   :::   21:52:32.6677304

::::::::::: PreSendRequestHeaders Request called at 14-01-2019 09:52:32 PM   :::   21:52:32.6437281

::::::::::: End Request called at 14-01-2019 09:52:32 PM   :::   21:52:32.5537273

::::::::::: BeginRequest Request called at 14-01-2019 09:52:32 PM   :::   21:52:32.6757238

::::::::::: BeginRequest Request called at 14-01-2019 09:52:32 PM   :::   21:52:32.6767290

::::::::::: AuthenticateRequest Request called at 14-01-2019 09:52:32 PM   :::   21:52:32.6777239

::::::::::: AuthenticateRequest Request called at 14-01-2019 09:52:32 PM   :::   21:52:32.6777239

::::::::::: PostAuthenticateRequest Request called at 14-01-2019 09:52:32 PM   :::   21:52:32.6797248

::::::::::: PostResolveRequestCache Request called at 14-01-2019 09:52:32 PM   :::   21:52:32.6767290

::::::::::: AcquireRequestState Request called at 14-01-2019 09:52:32 PM   :::   21:52:32.6877625

::::::::::: PostAcquireRequestState Request called at 14-01-2019 09:52:32 PM   :::   21:52:32.7107286

::::::::::: PreRequestHandlerExecute Request called at 14-01-2019 09:52:32 PM   :::   21:52:32.7127441

::::::::::: AuthorizeRequest Request called at 14-01-2019 09:52:32 PM   :::   21:52:32.8067260

::::::::::: AuthorizeRequest Request called at 14-01-2019 09:52:32 PM   :::   21:52:32.8687226

::::::::::: PostAuthorizeRequest Request called at 14-01-2019 09:52:32 PM   :::   21:52:32.8717236

::::::::::: PostRequestHandlerExecute Request called at 14-01-2019 09:52:32 PM   :::   21:52:32.8707257

::::::::::: End Request called at 14-01-2019 09:52:32 PM   :::   21:52:32.8727222

::::::::::: ReleaseRequestState Request called at 14-01-2019 09:52:32 PM   :::   21:52:32.8737244

::::::::::: PostResolveRequestCache Request called at 14-01-2019 09:52:32 PM   :::   21:52:32.8747257

::::::::::: PostReleaseRequestState Request called at 14-01-2019 09:52:32 PM   :::   21:52:32.8747257

::::::::::: AcquireRequestState Request called at 14-01-2019 09:52:32 PM   :::   21:52:32.8767238

::::::::::: UpdateRequestCache Request called at 14-01-2019 09:52:32 PM   :::   21:52:32.8767238

::::::::::: PostAcquireRequestState Request called at 14-01-2019 09:52:32 PM   :::   21:52:32.8807239

::::::::::: EndRequest Request called at 14-01-2019 09:52:32 PM   :::   21:52:32.8877277

::::::::::: PreRequestHandlerExecute Request called at 14-01-2019 09:52:32 PM   :::   21:52:32.8887241

::::::::::: PreSendRequestContent Request called at 14-01-2019 09:52:32 PM   :::   21:52:32.8897249

::::::::::: PreSendRequestHeaders Request called at 14-01-2019 09:52:32 PM   :::   21:52:32.8917284

::::::::::: End Request called at 14-01-2019 09:52:32 PM   :::   21:52:32.9787256

::::::::::: PostResolveRequestCache Request called at 14-01-2019 09:52:32 PM   :::   21:52:32.9807400

::::::::::: AcquireRequestState Request called at 14-01-2019 09:52:32 PM   :::   21:52:32.9837265

::::::::::: PostAcquireRequestState Request called at 14-01-2019 09:52:32 PM   :::   21:52:32.9937308

::::::::::: PostRequestHandlerExecute Request called at 14-01-2019 09:52:32 PM   :::   21:52:32.9947293

::::::::::: PreRequestHandlerExecute Request called at 14-01-2019 09:52:32 PM   :::   21:52:32.9957246

::::::::::: ReleaseRequestState Request called at 14-01-2019 09:52:32 PM   :::   21:52:32.9957246

::::::::::: PostRequestHandlerExecute Request called at 14-01-2019 09:52:33 PM   :::   21:52:33.0007327

::::::::::: PostReleaseRequestState Request called at 14-01-2019 09:52:33 PM   :::   21:52:33.0007327

::::::::::: ReleaseRequestState Request called at 14-01-2019 09:52:33 PM   :::   21:52:33.0027244

::::::::::: UpdateRequestCache Request called at 14-01-2019 09:52:33 PM   :::   21:52:33.0027244

::::::::::: PostReleaseRequestState Request called at 14-01-2019 09:52:33 PM   :::   21:52:33.0037247

::::::::::: EndRequest Request called at 14-01-2019 09:52:33 PM   :::   21:52:33.0037247

::::::::::: UpdateRequestCache Request called at 14-01-2019 09:52:33 PM   :::   21:52:33.0047245

::::::::::: PreSendRequestContent Request called at 14-01-2019 09:52:33 PM   :::   21:52:33.0057245

::::::::::: EndRequest Request called at 14-01-2019 09:52:33 PM   :::   21:52:33.0067272

::::::::::: PreSendRequestHeaders Request called at 14-01-2019 09:52:33 PM   :::   21:52:33.0067272

::::::::::: PreSendRequestContent Request called at 14-01-2019 09:52:33 PM   :::   21:52:33.0077249

::::::::::: PreSendRequestHeaders Request called at 14-01-2019 09:52:33 PM   :::   21:52:33.0087279

::::::::::: PostRequestHandlerExecute Request called at 14-01-2019 09:53:00 PM   :::   21:53:00.4313365

::::::::::: ReleaseRequestState Request called at 14-01-2019 09:53:00 PM   :::   21:53:00.4333599

::::::::::: PostReleaseRequestState Request called at 14-01-2019 09:53:00 PM   :::   21:53:00.4343354

::::::::::: UpdateRequestCache Request called at 14-01-2019 09:53:00 PM   :::   21:53:00.4353357

::::::::::: EndRequest Request called at 14-01-2019 09:53:00 PM   :::   21:53:00.4363374

::::::::::: PreSendRequestContent Request called at 14-01-2019 09:53:00 PM   :::   21:53:00.4383345

::::::::::: PreSendRequestHeaders Request called at 14-01-2019 09:53:00 PM   :::   21:53:00.4393482

::::::::::: BeginRequest Request called at 14-01-2019 10:56:37 PM   :::   22:56:37.1716874

::::::::::: AuthenticateRequest Request called at 14-01-2019 10:56:37 PM   :::   22:56:37.1776836

::::::::::: PostAuthenticateRequest Request called at 14-01-2019 10:56:37 PM   :::   22:56:37.1836856

::::::::::: AuthorizeRequest Request called at 14-01-2019 10:56:37 PM   :::   22:56:37.1856872

::::::::::: PostAuthorizeRequest Request called at 14-01-2019 10:56:37 PM   :::   22:56:37.1876898

::::::::::: End Request called at 14-01-2019 10:56:37 PM   :::   22:56:37.1917392

::::::::::: PostResolveRequestCache Request called at 14-01-2019 10:56:37 PM   :::   22:56:37.2016846

::::::::::: AcquireRequestState Request called at 14-01-2019 10:56:37 PM   :::   22:56:37.2036850

::::::::::: PostAcquireRequestState Request called at 14-01-2019 10:56:37 PM   :::   22:56:37.2056858

::::::::::: PreRequestHandlerExecute Request called at 14-01-2019 10:56:37 PM   :::   22:56:37.2106858

::::::::::: PostRequestHandlerExecute Request called at 14-01-2019 10:56:37 PM   :::   22:56:37.2326856

::::::::::: ReleaseRequestState Request called at 14-01-2019 10:56:37 PM   :::   22:56:37.2356848

::::::::::: PostReleaseRequestState Request called at 14-01-2019 10:56:37 PM   :::   22:56:37.2596851

::::::::::: UpdateRequestCache Request called at 14-01-2019 10:56:37 PM   :::   22:56:37.2616837

::::::::::: EndRequest Request called at 14-01-2019 10:56:37 PM   :::   22:56:37.2636865

::::::::::: PreSendRequestContent Request called at 14-01-2019 10:56:37 PM   :::   22:56:37.2666837

::::::::::: PreSendRequestHeaders Request called at 14-01-2019 10:56:37 PM   :::   22:56:37.2686841

::::::::::: BeginRequest Request called at 14-01-2019 10:56:37 PM   :::   22:56:37.3027140

::::::::::: AuthenticateRequest Request called at 14-01-2019 10:56:37 PM   :::   22:56:37.3056870

::::::::::: PostAuthenticateRequest Request called at 14-01-2019 10:56:37 PM   :::   22:56:37.3166827

::::::::::: AuthorizeRequest Request called at 14-01-2019 10:56:37 PM   :::   22:56:37.3176847

::::::::::: PostAuthorizeRequest Request called at 14-01-2019 10:56:37 PM   :::   22:56:37.3196827

::::::::::: End Request called at 14-01-2019 10:56:37 PM   :::   22:56:37.3216834

::::::::::: PostResolveRequestCache Request called at 14-01-2019 10:56:37 PM   :::   22:56:37.3266860

::::::::::: AcquireRequestState Request called at 14-01-2019 10:56:37 PM   :::   22:56:37.3286827

::::::::::: PostAcquireRequestState Request called at 14-01-2019 10:56:37 PM   :::   22:56:37.3376830

::::::::::: PreRequestHandlerExecute Request called at 14-01-2019 10:56:37 PM   :::   22:56:37.3596986

::::::::::: PostRequestHandlerExecute Request called at 14-01-2019 10:56:44 PM   :::   22:56:44.0625345

::::::::::: ReleaseRequestState Request called at 14-01-2019 10:56:44 PM   :::   22:56:44.0645306

::::::::::: PostReleaseRequestState Request called at 14-01-2019 10:56:44 PM   :::   22:56:44.0655296

::::::::::: UpdateRequestCache Request called at 14-01-2019 10:56:44 PM   :::   22:56:44.0675281

::::::::::: EndRequest Request called at 14-01-2019 10:56:44 PM   :::   22:56:44.0805306

::::::::::: PreSendRequestContent Request called at 14-01-2019 10:56:44 PM   :::   22:56:44.0825433

::::::::::: PreSendRequestHeaders Request called at 14-01-2019 10:56:44 PM   :::   22:56:44.0835293

::::::::::: BeginRequest Request called at 14-01-2019 10:57:26 PM   :::   22:57:26.6806029

::::::::::: AuthenticateRequest Request called at 14-01-2019 10:57:26 PM   :::   22:57:26.6906042

::::::::::: PostAuthenticateRequest Request called at 14-01-2019 10:57:26 PM   :::   22:57:26.6926047

::::::::::: AuthorizeRequest Request called at 14-01-2019 10:57:26 PM   :::   22:57:26.6956055

::::::::::: PostAuthorizeRequest Request called at 14-01-2019 10:57:26 PM   :::   22:57:26.7066069

::::::::::: End Request called at 14-01-2019 10:57:26 PM   :::   22:57:26.7086045

::::::::::: PostResolveRequestCache Request called at 14-01-2019 10:57:26 PM   :::   22:57:26.7116044

::::::::::: AcquireRequestState Request called at 14-01-2019 10:57:26 PM   :::   22:57:26.7246084

::::::::::: PostAcquireRequestState Request called at 14-01-2019 10:57:26 PM   :::   22:57:26.7276234

::::::::::: PreRequestHandlerExecute Request called at 14-01-2019 10:57:26 PM   :::   22:57:26.7386183

::::::::::: PostRequestHandlerExecute Request called at 14-01-2019 10:57:26 PM   :::   22:57:26.7606249

::::::::::: ReleaseRequestState Request called at 14-01-2019 10:57:26 PM   :::   22:57:26.7626062

::::::::::: PostReleaseRequestState Request called at 14-01-2019 10:57:26 PM   :::   22:57:26.7686088

::::::::::: UpdateRequestCache Request called at 14-01-2019 10:57:26 PM   :::   22:57:26.7706056

::::::::::: EndRequest Request called at 14-01-2019 10:57:26 PM   :::   22:57:26.7726054

::::::::::: PreSendRequestContent Request called at 14-01-2019 10:57:26 PM   :::   22:57:26.7766087

::::::::::: PreSendRequestHeaders Request called at 14-01-2019 10:57:26 PM   :::   22:57:26.7786055

::::::::::: BeginRequest Request called at 14-01-2019 10:57:26 PM   :::   22:57:26.7966031

::::::::::: AuthenticateRequest Request called at 14-01-2019 10:57:26 PM   :::   22:57:26.7986058

::::::::::: PostAuthenticateRequest Request called at 14-01-2019 10:57:26 PM   :::   22:57:26.8066039

::::::::::: AuthorizeRequest Request called at 14-01-2019 10:57:26 PM   :::   22:57:26.8086024

::::::::::: PostAuthorizeRequest Request called at 14-01-2019 10:57:26 PM   :::   22:57:26.8096200

::::::::::: End Request called at 14-01-2019 10:57:26 PM   :::   22:57:26.8106051

::::::::::: PostResolveRequestCache Request called at 14-01-2019 10:57:26 PM   :::   22:57:26.8166076

::::::::::: AcquireRequestState Request called at 14-01-2019 10:57:26 PM   :::   22:57:26.8186059

::::::::::: PostAcquireRequestState Request called at 14-01-2019 10:57:26 PM   :::   22:57:26.8206037

::::::::::: PreRequestHandlerExecute Request called at 14-01-2019 10:57:26 PM   :::   22:57:26.8226037

::::::::::: PreSendRequestContent Request called at 14-01-2019 10:58:18 PM   :::   22:58:18.4275906

::::::::::: PreSendRequestHeaders Request called at 14-01-2019 10:58:18 PM   :::   22:58:18.4285917

::::::::::: PostRequestHandlerExecute Request called at 14-01-2019 10:58:18 PM   :::   22:58:18.4385920

::::::::::: ReleaseRequestState Request called at 14-01-2019 10:58:18 PM   :::   22:58:18.4405910

::::::::::: PostReleaseRequestState Request called at 14-01-2019 10:58:18 PM   :::   22:58:18.4445939

::::::::::: UpdateRequestCache Request called at 14-01-2019 10:58:18 PM   :::   22:58:18.4465907

::::::::::: EndRequest Request called at 14-01-2019 10:58:18 PM   :::   22:58:18.4475897

::::::::::: PreSendRequestContent Request called at 14-01-2019 10:58:18 PM   :::   22:58:18.4485917

::::::::::: BeginRequest Request called at 14-01-2019 10:58:20 PM   :::   22:58:20.5681820

::::::::::: AuthenticateRequest Request called at 14-01-2019 10:58:20 PM   :::   22:58:20.5691796

::::::::::: PostAuthenticateRequest Request called at 14-01-2019 10:58:20 PM   :::   22:58:20.5701766

::::::::::: AuthorizeRequest Request called at 14-01-2019 10:58:20 PM   :::   22:58:20.5711762

::::::::::: PostAuthorizeRequest Request called at 14-01-2019 10:58:20 PM   :::   22:58:20.5731779

::::::::::: End Request called at 14-01-2019 10:58:20 PM   :::   22:58:20.5742087

::::::::::: PostResolveRequestCache Request called at 14-01-2019 10:58:20 PM   :::   22:58:20.5751844

::::::::::: AcquireRequestState Request called at 14-01-2019 10:58:20 PM   :::   22:58:20.5761771

::::::::::: PostAcquireRequestState Request called at 14-01-2019 10:58:20 PM   :::   22:58:20.5771765

::::::::::: PreRequestHandlerExecute Request called at 14-01-2019 10:58:20 PM   :::   22:58:20.5791771

::::::::::: PostRequestHandlerExecute Request called at 14-01-2019 10:58:36 PM   :::   22:58:36.9440044

::::::::::: ReleaseRequestState Request called at 14-01-2019 10:58:36 PM   :::   22:58:36.9450011

::::::::::: PostReleaseRequestState Request called at 14-01-2019 10:58:36 PM   :::   22:58:36.9470021

::::::::::: UpdateRequestCache Request called at 14-01-2019 10:58:36 PM   :::   22:58:36.9480037

::::::::::: EndRequest Request called at 14-01-2019 10:58:36 PM   :::   22:58:36.9490067

::::::::::: PreSendRequestContent Request called at 14-01-2019 10:58:36 PM   :::   22:58:36.9500023

::::::::::: PreSendRequestHeaders Request called at 14-01-2019 10:58:36 PM   :::   22:58:36.9510025

::::::::::: BeginRequest Request called at 14-01-2019 10:58:39 PM   :::   22:58:39.2560072

::::::::::: AuthenticateRequest Request called at 14-01-2019 10:58:39 PM   :::   22:58:39.2580047

::::::::::: PostAuthenticateRequest Request called at 14-01-2019 10:58:39 PM   :::   22:58:39.2590064

::::::::::: AuthorizeRequest Request called at 14-01-2019 10:58:39 PM   :::   22:58:39.2610080

::::::::::: PostAuthorizeRequest Request called at 14-01-2019 10:58:39 PM   :::   22:58:39.2620050

::::::::::: End Request called at 14-01-2019 10:58:39 PM   :::   22:58:39.2640056

::::::::::: PostResolveRequestCache Request called at 14-01-2019 10:58:39 PM   :::   22:58:39.2650071

::::::::::: AcquireRequestState Request called at 14-01-2019 10:58:39 PM   :::   22:58:39.2670052

::::::::::: PostAcquireRequestState Request called at 14-01-2019 10:58:39 PM   :::   22:58:39.2690048

::::::::::: PreRequestHandlerExecute Request called at 14-01-2019 10:58:39 PM   :::   22:58:39.2700068

::::::::::: BeginRequest Request called at 14-01-2019 11:01:18 PM   :::   23:01:18.0125852

::::::::::: AuthenticateRequest Request called at 14-01-2019 11:01:18 PM   :::   23:01:18.0645794

::::::::::: AuthenticateRequest Request called at 14-01-2019 11:01:18 PM   :::   23:01:18.0645794

::::::::::: PostAuthenticateRequest Request called at 14-01-2019 11:01:18 PM   :::   23:01:18.0725781

::::::::::: AuthorizeRequest Request called at 14-01-2019 11:01:18 PM   :::   23:01:18.0745782

::::::::::: PostAuthenticateRequest Request called at 14-01-2019 11:01:18 PM   :::   23:01:18.0745782

::::::::::: AuthorizeRequest Request called at 14-01-2019 11:01:18 PM   :::   23:01:18.0805789

::::::::::: PostAuthorizeRequest Request called at 14-01-2019 11:01:18 PM   :::   23:01:18.0805789

::::::::::: PostAuthorizeRequest Request called at 14-01-2019 11:01:18 PM   :::   23:01:18.0825791

::::::::::: End Request called at 14-01-2019 11:01:18 PM   :::   23:01:18.0835812

::::::::::: End Request called at 14-01-2019 11:01:18 PM   :::   23:01:18.0835812

::::::::::: PostResolveRequestCache Request called at 14-01-2019 11:01:18 PM   :::   23:01:18.1085796

::::::::::: PostResolveRequestCache Request called at 14-01-2019 11:01:18 PM   :::   23:01:18.1575795

::::::::::: AcquireRequestState Request called at 14-01-2019 11:01:18 PM   :::   23:01:18.1575795

::::::::::: AcquireRequestState Request called at 14-01-2019 11:01:18 PM   :::   23:01:18.1605786

::::::::::: PostAcquireRequestState Request called at 14-01-2019 11:01:18 PM   :::   23:01:18.1635782

::::::::::: PostAcquireRequestState Request called at 14-01-2019 11:01:18 PM   :::   23:01:18.1635782

::::::::::: PreRequestHandlerExecute Request called at 14-01-2019 11:01:18 PM   :::   23:01:18.1655754

::::::::::: PreRequestHandlerExecute Request called at 14-01-2019 11:01:18 PM   :::   23:01:18.1655754

::::::::::: PostRequestHandlerExecute Request called at 14-01-2019 11:01:18 PM   :::   23:01:18.5165897

::::::::::: ReleaseRequestState Request called at 14-01-2019 11:01:18 PM   :::   23:01:18.5196006

::::::::::: PostReleaseRequestState Request called at 14-01-2019 11:01:18 PM   :::   23:01:18.5215899

::::::::::: UpdateRequestCache Request called at 14-01-2019 11:01:18 PM   :::   23:01:18.5235917

::::::::::: EndRequest Request called at 14-01-2019 11:01:18 PM   :::   23:01:18.5265794

::::::::::: PreSendRequestContent Request called at 14-01-2019 11:01:18 PM   :::   23:01:18.5545763

::::::::::: PreSendRequestHeaders Request called at 14-01-2019 11:01:18 PM   :::   23:01:18.5575788

::::::::::: BeginRequest Request called at 14-01-2019 11:01:20 PM   :::   23:01:20.9035795

::::::::::: AuthenticateRequest Request called at 14-01-2019 11:01:20 PM   :::   23:01:20.9055785

::::::::::: PostAuthenticateRequest Request called at 14-01-2019 11:01:20 PM   :::   23:01:20.9075772

::::::::::: AuthorizeRequest Request called at 14-01-2019 11:01:20 PM   :::   23:01:20.9095904

::::::::::: PostAuthorizeRequest Request called at 14-01-2019 11:01:20 PM   :::   23:01:20.9135899

::::::::::: End Request called at 14-01-2019 11:01:20 PM   :::   23:01:20.9155808

::::::::::: PostResolveRequestCache Request called at 14-01-2019 11:01:20 PM   :::   23:01:20.9175811

::::::::::: AcquireRequestState Request called at 14-01-2019 11:01:20 PM   :::   23:01:20.9195840

::::::::::: PostAcquireRequestState Request called at 14-01-2019 11:01:20 PM   :::   23:01:20.9215772

::::::::::: PreRequestHandlerExecute Request called at 14-01-2019 11:01:20 PM   :::   23:01:20.9225843

::::::::::: PostRequestHandlerExecute Request called at 14-01-2019 11:01:21 PM   :::   23:01:21.6745862

::::::::::: ReleaseRequestState Request called at 14-01-2019 11:01:21 PM   :::   23:01:21.6825793

::::::::::: PostReleaseRequestState Request called at 14-01-2019 11:01:21 PM   :::   23:01:21.6875807

::::::::::: UpdateRequestCache Request called at 14-01-2019 11:01:21 PM   :::   23:01:21.6895842

::::::::::: EndRequest Request called at 14-01-2019 11:01:21 PM   :::   23:01:21.6965808

::::::::::: PreSendRequestContent Request called at 14-01-2019 11:01:21 PM   :::   23:01:21.7035791

::::::::::: PreSendRequestHeaders Request called at 14-01-2019 11:01:21 PM   :::   23:01:21.7055761

::::::::::: BeginRequest Request called at 14-01-2019 11:01:21 PM   :::   23:01:21.8585823

::::::::::: AuthenticateRequest Request called at 14-01-2019 11:01:21 PM   :::   23:01:21.8605804

::::::::::: PostAuthenticateRequest Request called at 14-01-2019 11:01:21 PM   :::   23:01:21.8625795

::::::::::: AuthorizeRequest Request called at 14-01-2019 11:01:21 PM   :::   23:01:21.8645781

::::::::::: PostAuthorizeRequest Request called at 14-01-2019 11:01:21 PM   :::   23:01:21.8665842

::::::::::: End Request called at 14-01-2019 11:01:21 PM   :::   23:01:21.8675966

::::::::::: BeginRequest Request called at 14-01-2019 11:01:21 PM   :::   23:01:21.8685776

::::::::::: PostResolveRequestCache Request called at 14-01-2019 11:01:21 PM   :::   23:01:21.8695771

::::::::::: AuthenticateRequest Request called at 14-01-2019 11:01:21 PM   :::   23:01:21.8695771

::::::::::: AcquireRequestState Request called at 14-01-2019 11:01:21 PM   :::   23:01:21.8705782

::::::::::: PostAuthenticateRequest Request called at 14-01-2019 11:01:21 PM   :::   23:01:21.8715766

::::::::::: PostAcquireRequestState Request called at 14-01-2019 11:01:21 PM   :::   23:01:21.8715766

::::::::::: PreRequestHandlerExecute Request called at 14-01-2019 11:01:21 PM   :::   23:01:21.8735806

::::::::::: PostRequestHandlerExecute Request called at 14-01-2019 11:01:21 PM   :::   23:01:21.8785776

::::::::::: ReleaseRequestState Request called at 14-01-2019 11:01:21 PM   :::   23:01:21.8805821

::::::::::: PostReleaseRequestState Request called at 14-01-2019 11:01:21 PM   :::   23:01:21.8835804

::::::::::: AuthorizeRequest Request called at 14-01-2019 11:01:21 PM   :::   23:01:21.8875789

::::::::::: PostAuthorizeRequest Request called at 14-01-2019 11:01:21 PM   :::   23:01:21.8895906

::::::::::: End Request called at 14-01-2019 11:01:21 PM   :::   23:01:21.8905813

::::::::::: UpdateRequestCache Request called at 14-01-2019 11:01:21 PM   :::   23:01:21.8845782

::::::::::: EndRequest Request called at 14-01-2019 11:01:21 PM   :::   23:01:21.9185785

::::::::::: PreSendRequestContent Request called at 14-01-2019 11:01:21 PM   :::   23:01:21.9205773

::::::::::: PreSendRequestHeaders Request called at 14-01-2019 11:01:21 PM   :::   23:01:21.9215775

::::::::::: PostResolveRequestCache Request called at 14-01-2019 11:01:21 PM   :::   23:01:21.9095750

::::::::::: AcquireRequestState Request called at 14-01-2019 11:01:21 PM   :::   23:01:21.9255774

::::::::::: PostAcquireRequestState Request called at 14-01-2019 11:01:21 PM   :::   23:01:21.9355795

::::::::::: PreRequestHandlerExecute Request called at 14-01-2019 11:01:21 PM   :::   23:01:21.9375775

::::::::::: PostRequestHandlerExecute Request called at 14-01-2019 11:01:21 PM   :::   23:01:21.9535768

::::::::::: ReleaseRequestState Request called at 14-01-2019 11:01:21 PM   :::   23:01:21.9555795

::::::::::: PostReleaseRequestState Request called at 14-01-2019 11:01:21 PM   :::   23:01:21.9575795

::::::::::: UpdateRequestCache Request called at 14-01-2019 11:01:21 PM   :::   23:01:21.9605772

::::::::::: EndRequest Request called at 14-01-2019 11:01:21 PM   :::   23:01:21.9645785

::::::::::: PreSendRequestContent Request called at 14-01-2019 11:01:21 PM   :::   23:01:21.9685802

::::::::::: PreSendRequestHeaders Request called at 14-01-2019 11:01:21 PM   :::   23:01:21.9695784

::::::::::: BeginRequest Request called at 14-01-2019 11:01:28 PM   :::   23:01:28.0185782

::::::::::: AuthenticateRequest Request called at 14-01-2019 11:01:28 PM   :::   23:01:28.0205791

::::::::::: PostAuthenticateRequest Request called at 14-01-2019 11:01:28 PM   :::   23:01:28.0825806

::::::::::: AuthorizeRequest Request called at 14-01-2019 11:01:28 PM   :::   23:01:28.0855778

::::::::::: PostAuthorizeRequest Request called at 14-01-2019 11:01:28 PM   :::   23:01:28.0866116

::::::::::: End Request called at 14-01-2019 11:01:28 PM   :::   23:01:28.0885796

::::::::::: PostResolveRequestCache Request called at 14-01-2019 11:01:28 PM   :::   23:01:28.0905759

::::::::::: AcquireRequestState Request called at 14-01-2019 11:01:28 PM   :::   23:01:28.1005772

::::::::::: PostAcquireRequestState Request called at 14-01-2019 11:01:28 PM   :::   23:01:28.1025771

::::::::::: PreRequestHandlerExecute Request called at 14-01-2019 11:01:28 PM   :::   23:01:28.1035815

::::::::::: PostRequestHandlerExecute Request called at 14-01-2019 11:01:28 PM   :::   23:01:28.1065792

::::::::::: ReleaseRequestState Request called at 14-01-2019 11:01:28 PM   :::   23:01:28.1116032

::::::::::: PostReleaseRequestState Request called at 14-01-2019 11:01:28 PM   :::   23:01:28.1135813

::::::::::: UpdateRequestCache Request called at 14-01-2019 11:01:28 PM   :::   23:01:28.1155834

::::::::::: EndRequest Request called at 14-01-2019 11:01:28 PM   :::   23:01:28.1185792

::::::::::: PreSendRequestContent Request called at 14-01-2019 11:01:28 PM   :::   23:01:28.1195831

::::::::::: PreSendRequestHeaders Request called at 14-01-2019 11:01:28 PM   :::   23:01:28.1216069

::::::::::: BeginRequest Request called at 14-01-2019 11:01:28 PM   :::   23:01:28.2025798

::::::::::: AuthenticateRequest Request called at 14-01-2019 11:01:28 PM   :::   23:01:28.2035798

::::::::::: PostAuthenticateRequest Request called at 14-01-2019 11:01:28 PM   :::   23:01:28.2065797

::::::::::: AuthorizeRequest Request called at 14-01-2019 11:01:28 PM   :::   23:01:28.2095801

::::::::::: PostAuthorizeRequest Request called at 14-01-2019 11:01:28 PM   :::   23:01:28.2115792

::::::::::: End Request called at 14-01-2019 11:01:28 PM   :::   23:01:28.2135794

::::::::::: PostResolveRequestCache Request called at 14-01-2019 11:01:28 PM   :::   23:01:28.2145785

::::::::::: AcquireRequestState Request called at 14-01-2019 11:01:28 PM   :::   23:01:28.2165799

::::::::::: PostAcquireRequestState Request called at 14-01-2019 11:01:28 PM   :::   23:01:28.2175788

::::::::::: PreRequestHandlerExecute Request called at 14-01-2019 11:01:28 PM   :::   23:01:28.2195771

::::::::::: PostRequestHandlerExecute Request called at 14-01-2019 11:01:28 PM   :::   23:01:28.2245767

::::::::::: ReleaseRequestState Request called at 14-01-2019 11:01:28 PM   :::   23:01:28.2265766

::::::::::: PostReleaseRequestState Request called at 14-01-2019 11:01:28 PM   :::   23:01:28.2285759

::::::::::: UpdateRequestCache Request called at 14-01-2019 11:01:28 PM   :::   23:01:28.2295798

::::::::::: EndRequest Request called at 14-01-2019 11:01:28 PM   :::   23:01:28.2345792

::::::::::: PreSendRequestContent Request called at 14-01-2019 11:01:28 PM   :::   23:01:28.2365778

::::::::::: PreSendRequestHeaders Request called at 14-01-2019 11:01:28 PM   :::   23:01:28.2395791

::::::::::: BeginRequest Request called at 14-01-2019 11:01:28 PM   :::   23:01:28.2715815

::::::::::: AuthenticateRequest Request called at 14-01-2019 11:01:28 PM   :::   23:01:28.2735775

::::::::::: PostAuthenticateRequest Request called at 14-01-2019 11:01:28 PM   :::   23:01:28.2755991

::::::::::: AuthorizeRequest Request called at 14-01-2019 11:01:28 PM   :::   23:01:28.2785794

::::::::::: PostAuthorizeRequest Request called at 14-01-2019 11:01:28 PM   :::   23:01:28.2805779

::::::::::: End Request called at 14-01-2019 11:01:28 PM   :::   23:01:28.2825789

::::::::::: PostResolveRequestCache Request called at 14-01-2019 11:01:28 PM   :::   23:01:28.2845762

::::::::::: AcquireRequestState Request called at 14-01-2019 11:01:28 PM   :::   23:01:28.2855791

::::::::::: PostAcquireRequestState Request called at 14-01-2019 11:01:28 PM   :::   23:01:28.2875786

::::::::::: PreRequestHandlerExecute Request called at 14-01-2019 11:01:28 PM   :::   23:01:28.2885784

::::::::::: PostRequestHandlerExecute Request called at 14-01-2019 11:01:28 PM   :::   23:01:28.2905771

::::::::::: ReleaseRequestState Request called at 14-01-2019 11:01:28 PM   :::   23:01:28.2925842

::::::::::: PostReleaseRequestState Request called at 14-01-2019 11:01:28 PM   :::   23:01:28.3105774

::::::::::: UpdateRequestCache Request called at 14-01-2019 11:01:28 PM   :::   23:01:28.3135776

::::::::::: EndRequest Request called at 14-01-2019 11:01:28 PM   :::   23:01:28.3145798

::::::::::: PreSendRequestContent Request called at 14-01-2019 11:01:28 PM   :::   23:01:28.3165800

::::::::::: PreSendRequestHeaders Request called at 14-01-2019 11:01:28 PM   :::   23:01:28.3185773

::::::::::: BeginRequest Request called at 14-01-2019 11:01:28 PM   :::   23:01:28.8411107

::::::::::: AuthenticateRequest Request called at 14-01-2019 11:01:28 PM   :::   23:01:28.8451222

::::::::::: PostAuthenticateRequest Request called at 14-01-2019 11:01:28 PM   :::   23:01:28.8471131

::::::::::: AuthorizeRequest Request called at 14-01-2019 11:01:28 PM   :::   23:01:28.8501101

::::::::::: PostAuthorizeRequest Request called at 14-01-2019 11:01:28 PM   :::   23:01:28.8521122

::::::::::: End Request called at 14-01-2019 11:01:28 PM   :::   23:01:28.8541095

::::::::::: PostResolveRequestCache Request called at 14-01-2019 11:01:28 PM   :::   23:01:28.8551137

::::::::::: AcquireRequestState Request called at 14-01-2019 11:01:28 PM   :::   23:01:28.8581199

::::::::::: PostAcquireRequestState Request called at 14-01-2019 11:01:28 PM   :::   23:01:28.8611205

::::::::::: PreRequestHandlerExecute Request called at 14-01-2019 11:01:28 PM   :::   23:01:28.8621093

::::::::::: PostRequestHandlerExecute Request called at 14-01-2019 11:01:28 PM   :::   23:01:28.8701135

::::::::::: ReleaseRequestState Request called at 14-01-2019 11:01:28 PM   :::   23:01:28.8721103

::::::::::: PostReleaseRequestState Request called at 14-01-2019 11:01:28 PM   :::   23:01:28.8741168

::::::::::: UpdateRequestCache Request called at 14-01-2019 11:01:28 PM   :::   23:01:28.8801100

::::::::::: EndRequest Request called at 14-01-2019 11:01:28 PM   :::   23:01:28.8821097

::::::::::: PreSendRequestContent Request called at 14-01-2019 11:01:28 PM   :::   23:01:28.8831334

::::::::::: PreSendRequestHeaders Request called at 14-01-2019 11:01:28 PM   :::   23:01:28.8851093

::::::::::: BeginRequest Request called at 14-01-2019 11:01:46 PM   :::   23:01:46.4861130

::::::::::: AuthenticateRequest Request called at 14-01-2019 11:01:46 PM   :::   23:01:46.4881092

::::::::::: PostAuthenticateRequest Request called at 14-01-2019 11:01:46 PM   :::   23:01:46.4931506

::::::::::: AuthorizeRequest Request called at 14-01-2019 11:01:46 PM   :::   23:01:46.4951133

::::::::::: PostAuthorizeRequest Request called at 14-01-2019 11:01:46 PM   :::   23:01:46.4961129

::::::::::: End Request called at 14-01-2019 11:01:46 PM   :::   23:01:46.4981096

::::::::::: PostResolveRequestCache Request called at 14-01-2019 11:01:46 PM   :::   23:01:46.5001123

::::::::::: AcquireRequestState Request called at 14-01-2019 11:01:46 PM   :::   23:01:46.5021093

::::::::::: PostAcquireRequestState Request called at 14-01-2019 11:01:46 PM   :::   23:01:46.5581073

::::::::::: PreRequestHandlerExecute Request called at 14-01-2019 11:01:46 PM   :::   23:01:46.5591105

::::::::::: PostRequestHandlerExecute Request called at 14-01-2019 11:01:46 PM   :::   23:01:46.6221077

::::::::::: ReleaseRequestState Request called at 14-01-2019 11:01:46 PM   :::   23:01:46.6251166

::::::::::: PostReleaseRequestState Request called at 14-01-2019 11:01:46 PM   :::   23:01:46.6261092

::::::::::: UpdateRequestCache Request called at 14-01-2019 11:01:46 PM   :::   23:01:46.6271071

::::::::::: EndRequest Request called at 14-01-2019 11:01:46 PM   :::   23:01:46.6291070

::::::::::: PreSendRequestContent Request called at 14-01-2019 11:01:46 PM   :::   23:01:46.6301084

::::::::::: PreSendRequestHeaders Request called at 14-01-2019 11:01:46 PM   :::   23:01:46.6321064

::::::::::: BeginRequest Request called at 14-01-2019 11:01:46 PM   :::   23:01:46.9501154

::::::::::: AuthenticateRequest Request called at 14-01-2019 11:01:46 PM   :::   23:01:46.9521078

::::::::::: PostAuthenticateRequest Request called at 14-01-2019 11:01:46 PM   :::   23:01:46.9541090

::::::::::: AuthorizeRequest Request called at 14-01-2019 11:01:46 PM   :::   23:01:46.9551091

::::::::::: PostAuthorizeRequest Request called at 14-01-2019 11:01:46 PM   :::   23:01:46.9581123

::::::::::: End Request called at 14-01-2019 11:01:46 PM   :::   23:01:46.9601072

::::::::::: PostResolveRequestCache Request called at 14-01-2019 11:01:46 PM   :::   23:01:46.9611078

::::::::::: AcquireRequestState Request called at 14-01-2019 11:01:46 PM   :::   23:01:46.9631078

::::::::::: PostAcquireRequestState Request called at 14-01-2019 11:01:46 PM   :::   23:01:46.9641231

::::::::::: PreRequestHandlerExecute Request called at 14-01-2019 11:01:46 PM   :::   23:01:46.9661055

::::::::::: PostRequestHandlerExecute Request called at 14-01-2019 11:01:53 PM   :::   23:01:53.8776488

::::::::::: ReleaseRequestState Request called at 14-01-2019 11:01:53 PM   :::   23:01:53.8806703

::::::::::: PostReleaseRequestState Request called at 14-01-2019 11:01:53 PM   :::   23:01:53.8816512

::::::::::: UpdateRequestCache Request called at 14-01-2019 11:01:53 PM   :::   23:01:53.8846504

::::::::::: EndRequest Request called at 14-01-2019 11:01:53 PM   :::   23:01:53.8856505

::::::::::: PreSendRequestContent Request called at 14-01-2019 11:01:53 PM   :::   23:01:53.8876463

::::::::::: PreSendRequestHeaders Request called at 14-01-2019 11:01:53 PM   :::   23:01:53.8946514

::::::::::: PostRequestHandlerExecute Request called at 14-01-2019 11:02:00 PM   :::   23:02:00.1496532

::::::::::: ReleaseRequestState Request called at 14-01-2019 11:02:00 PM   :::   23:02:00.1516547

::::::::::: PostReleaseRequestState Request called at 14-01-2019 11:02:00 PM   :::   23:02:00.1526513

::::::::::: UpdateRequestCache Request called at 14-01-2019 11:02:00 PM   :::   23:02:00.1586498

::::::::::: EndRequest Request called at 14-01-2019 11:02:00 PM   :::   23:02:00.1606588

::::::::::: PreSendRequestContent Request called at 14-01-2019 11:02:00 PM   :::   23:02:00.1626494

::::::::::: PreSendRequestHeaders Request called at 14-01-2019 11:02:00 PM   :::   23:02:00.1636520

::::::::::: BeginRequest Request called at 14-01-2019 11:03:39 PM   :::   23:03:39.0817750

::::::::::: AuthenticateRequest Request called at 14-01-2019 11:03:39 PM   :::   23:03:39.0837706

::::::::::: PostAuthenticateRequest Request called at 14-01-2019 11:03:39 PM   :::   23:03:39.0847721

::::::::::: AuthorizeRequest Request called at 14-01-2019 11:03:39 PM   :::   23:03:39.0857722

::::::::::: PostAuthorizeRequest Request called at 14-01-2019 11:03:39 PM   :::   23:03:39.0867731

::::::::::: End Request called at 14-01-2019 11:03:39 PM   :::   23:03:39.0918016

::::::::::: PostResolveRequestCache Request called at 14-01-2019 11:03:39 PM   :::   23:03:39.1027691

::::::::::: AcquireRequestState Request called at 14-01-2019 11:03:39 PM   :::   23:03:39.1078001

::::::::::: PostAcquireRequestState Request called at 14-01-2019 11:03:39 PM   :::   23:03:39.1127752

::::::::::: PreRequestHandlerExecute Request called at 14-01-2019 11:03:39 PM   :::   23:03:39.1147777

::::::::::: PostRequestHandlerExecute Request called at 14-01-2019 11:03:39 PM   :::   23:03:39.1177738

::::::::::: ReleaseRequestState Request called at 14-01-2019 11:03:39 PM   :::   23:03:39.1187706

::::::::::: PostReleaseRequestState Request called at 14-01-2019 11:03:39 PM   :::   23:03:39.1197701

::::::::::: UpdateRequestCache Request called at 14-01-2019 11:03:39 PM   :::   23:03:39.1257732

::::::::::: EndRequest Request called at 14-01-2019 11:03:39 PM   :::   23:03:39.1277716

::::::::::: PreSendRequestContent Request called at 14-01-2019 11:03:39 PM   :::   23:03:39.1297751

::::::::::: PreSendRequestHeaders Request called at 14-01-2019 11:03:39 PM   :::   23:03:39.1307767

::::::::::: BeginRequest Request called at 14-01-2019 11:03:39 PM   :::   23:03:39.1667734

::::::::::: AuthenticateRequest Request called at 14-01-2019 11:03:39 PM   :::   23:03:39.1677726

::::::::::: PostAuthenticateRequest Request called at 14-01-2019 11:03:39 PM   :::   23:03:39.1687734

::::::::::: AuthorizeRequest Request called at 14-01-2019 11:03:39 PM   :::   23:03:39.1707725

::::::::::: PostAuthorizeRequest Request called at 14-01-2019 11:03:39 PM   :::   23:03:39.1727790

::::::::::: End Request called at 14-01-2019 11:03:39 PM   :::   23:03:39.1747753

::::::::::: PostResolveRequestCache Request called at 14-01-2019 11:03:39 PM   :::   23:03:39.1767753

::::::::::: AcquireRequestState Request called at 14-01-2019 11:03:39 PM   :::   23:03:39.1787724

::::::::::: PostAcquireRequestState Request called at 14-01-2019 11:03:39 PM   :::   23:03:39.1787724

::::::::::: PreRequestHandlerExecute Request called at 14-01-2019 11:03:39 PM   :::   23:03:39.1797732

::::::::::: PreSendRequestContent Request called at 14-01-2019 11:04:32 PM   :::   23:04:32.2008915

::::::::::: PreSendRequestHeaders Request called at 14-01-2019 11:04:32 PM   :::   23:04:32.2028982

::::::::::: PostRequestHandlerExecute Request called at 14-01-2019 11:04:32 PM   :::   23:04:32.2149070

::::::::::: ReleaseRequestState Request called at 14-01-2019 11:04:32 PM   :::   23:04:32.2159048

::::::::::: PostReleaseRequestState Request called at 14-01-2019 11:04:32 PM   :::   23:04:32.2199036

::::::::::: UpdateRequestCache Request called at 14-01-2019 11:04:32 PM   :::   23:04:32.2219000

::::::::::: EndRequest Request called at 14-01-2019 11:04:32 PM   :::   23:04:32.2239033

::::::::::: PreSendRequestContent Request called at 14-01-2019 11:04:32 PM   :::   23:04:32.2249332

