::::::::::: BeginRequest Request called at 11/26/2018 4:27:55 PM   :::   16:27:55.9089674

::::::::::: AuthenticateRequest Request called at 11/26/2018 4:27:55 PM   :::   16:27:55.9204780

::::::::::: PostAuthenticateRequest Request called at 11/26/2018 4:27:55 PM   :::   16:27:55.9254792

::::::::::: AuthorizeRequest Request called at 11/26/2018 4:27:55 PM   :::   16:27:55.9284793

::::::::::: PostAuthorizeRequest Request called at 11/26/2018 4:27:55 PM   :::   16:27:55.9304796

::::::::::: End Request called at 11/26/2018 4:27:55 PM   :::   16:27:55.9324806

::::::::::: PostResolveRequestCache Request called at 11/26/2018 4:27:55 PM   :::   16:27:55.9804789

::::::::::: AcquireRequestState Request called at 11/26/2018 4:27:56 PM   :::   16:27:56.0069883

::::::::::: PostAcquireRequestState Request called at 11/26/2018 4:27:56 PM   :::   16:27:56.0109864

::::::::::: PreRequestHandlerExecute Request called at 11/26/2018 4:27:56 PM   :::   16:27:56.0124857

::::::::::: PostRequestHandlerExecute Request called at 11/26/2018 4:27:57 PM   :::   16:27:57.6175773

::::::::::: ReleaseRequestState Request called at 11/26/2018 4:27:57 PM   :::   16:27:57.6210792

::::::::::: PostReleaseRequestState Request called at 11/26/2018 4:27:57 PM   :::   16:27:57.6245768

::::::::::: UpdateRequestCache Request called at 11/26/2018 4:27:57 PM   :::   16:27:57.6885868

::::::::::: EndRequest Request called at 11/26/2018 4:27:57 PM   :::   16:27:57.6925892

::::::::::: PreSendRequestContent Request called at 11/26/2018 4:27:57 PM   :::   16:27:57.7025848

::::::::::: PreSendRequestHeaders Request called at 11/26/2018 4:27:57 PM   :::   16:27:57.7045854

::::::::::: BeginRequest Request called at 11/26/2018 4:27:57 PM   :::   16:27:57.9836464

::::::::::: AuthenticateRequest Request called at 11/26/2018 4:27:57 PM   :::   16:27:57.9856471

::::::::::: PostAuthenticateRequest Request called at 11/26/2018 4:27:57 PM   :::   16:27:57.9876461

::::::::::: AuthorizeRequest Request called at 11/26/2018 4:27:58 PM   :::   16:27:58.0006458

::::::::::: PostAuthorizeRequest Request called at 11/26/2018 4:27:58 PM   :::   16:27:58.0026456

::::::::::: End Request called at 11/26/2018 4:27:58 PM   :::   16:27:58.0056450

::::::::::: PostResolveRequestCache Request called at 11/26/2018 4:27:58 PM   :::   16:27:58.0086459

::::::::::: AcquireRequestState Request called at 11/26/2018 4:27:58 PM   :::   16:27:58.0101535

::::::::::: PostAcquireRequestState Request called at 11/26/2018 4:27:58 PM   :::   16:27:58.0126547

::::::::::: PreRequestHandlerExecute Request called at 11/26/2018 4:27:58 PM   :::   16:27:58.0151535

::::::::::: PostRequestHandlerExecute Request called at 11/26/2018 4:27:58 PM   :::   16:27:58.0191539

::::::::::: ReleaseRequestState Request called at 11/26/2018 4:27:58 PM   :::   16:27:58.0206528

::::::::::: PostReleaseRequestState Request called at 11/26/2018 4:27:58 PM   :::   16:27:58.0226534

::::::::::: UpdateRequestCache Request called at 11/26/2018 4:27:58 PM   :::   16:27:58.0266626

::::::::::: EndRequest Request called at 11/26/2018 4:27:58 PM   :::   16:27:58.0286632

::::::::::: PreSendRequestContent Request called at 11/26/2018 4:27:58 PM   :::   16:27:58.0306634

::::::::::: PreSendRequestHeaders Request called at 11/26/2018 4:27:58 PM   :::   16:27:58.0326636

::::::::::: BeginRequest Request called at 11/26/2018 4:27:58 PM   :::   16:27:58.2777030

::::::::::: AuthenticateRequest Request called at 11/26/2018 4:27:58 PM   :::   16:27:58.2797025

::::::::::: PostAuthenticateRequest Request called at 11/26/2018 4:27:58 PM   :::   16:27:58.2807012

::::::::::: AuthorizeRequest Request called at 11/26/2018 4:27:58 PM   :::   16:27:58.2827014

::::::::::: PostAuthorizeRequest Request called at 11/26/2018 4:27:58 PM   :::   16:27:58.2847028

::::::::::: End Request called at 11/26/2018 4:27:58 PM   :::   16:27:58.2866999

::::::::::: PostResolveRequestCache Request called at 11/26/2018 4:27:58 PM   :::   16:27:58.2917015

::::::::::: AcquireRequestState Request called at 11/26/2018 4:27:58 PM   :::   16:27:58.2966999

::::::::::: PostAcquireRequestState Request called at 11/26/2018 4:27:58 PM   :::   16:27:58.2987005

::::::::::: PreRequestHandlerExecute Request called at 11/26/2018 4:27:58 PM   :::   16:27:58.2997024

::::::::::: PostRequestHandlerExecute Request called at 11/26/2018 4:27:58 PM   :::   16:27:58.3997180

::::::::::: ReleaseRequestState Request called at 11/26/2018 4:27:58 PM   :::   16:27:58.4017195

::::::::::: PostReleaseRequestState Request called at 11/26/2018 4:27:58 PM   :::   16:27:58.4037205

::::::::::: UpdateRequestCache Request called at 11/26/2018 4:27:58 PM   :::   16:27:58.4047204

::::::::::: EndRequest Request called at 11/26/2018 4:27:58 PM   :::   16:27:58.4067190

::::::::::: PreSendRequestContent Request called at 11/26/2018 4:27:58 PM   :::   16:27:58.4102430

::::::::::: PreSendRequestHeaders Request called at 11/26/2018 4:27:58 PM   :::   16:27:58.4117427

::::::::::: BeginRequest Request called at 11/26/2018 4:27:58 PM   :::   16:27:58.4777529

::::::::::: AuthenticateRequest Request called at 11/26/2018 4:27:58 PM   :::   16:27:58.4797536

::::::::::: PostAuthenticateRequest Request called at 11/26/2018 4:27:58 PM   :::   16:27:58.4807539

::::::::::: AuthorizeRequest Request called at 11/26/2018 4:27:58 PM   :::   16:27:58.4827545

::::::::::: PostAuthorizeRequest Request called at 11/26/2018 4:27:58 PM   :::   16:27:58.4847523

::::::::::: End Request called at 11/26/2018 4:27:58 PM   :::   16:27:58.4857554

::::::::::: PostResolveRequestCache Request called at 11/26/2018 4:27:58 PM   :::   16:27:58.4887607

::::::::::: AcquireRequestState Request called at 11/26/2018 4:27:58 PM   :::   16:27:58.4897535

::::::::::: PostAcquireRequestState Request called at 11/26/2018 4:27:58 PM   :::   16:27:58.4907534

::::::::::: PreRequestHandlerExecute Request called at 11/26/2018 4:27:58 PM   :::   16:27:58.4947551

::::::::::: BeginRequest Request called at 11/26/2018 4:27:58 PM   :::   16:27:58.5132620

::::::::::: AuthenticateRequest Request called at 11/26/2018 4:27:58 PM   :::   16:27:58.5152610

::::::::::: PostAuthenticateRequest Request called at 11/26/2018 4:27:58 PM   :::   16:27:58.5172617

::::::::::: AuthorizeRequest Request called at 11/26/2018 4:27:58 PM   :::   16:27:58.5192639

::::::::::: PostAuthorizeRequest Request called at 11/26/2018 4:27:58 PM   :::   16:27:58.5207612

::::::::::: End Request called at 11/26/2018 4:27:58 PM   :::   16:27:58.5222624

::::::::::: PostResolveRequestCache Request called at 11/26/2018 4:27:58 PM   :::   16:27:58.5247612

::::::::::: AcquireRequestState Request called at 11/26/2018 4:27:58 PM   :::   16:27:58.5267713

::::::::::: PostAcquireRequestState Request called at 11/26/2018 4:27:58 PM   :::   16:27:58.5287708

::::::::::: PreRequestHandlerExecute Request called at 11/26/2018 4:27:58 PM   :::   16:27:58.5307722

::::::::::: PostRequestHandlerExecute Request called at 11/26/2018 4:27:58 PM   :::   16:27:58.5827702

::::::::::: ReleaseRequestState Request called at 11/26/2018 4:27:58 PM   :::   16:27:58.5847739

::::::::::: PostReleaseRequestState Request called at 11/26/2018 4:27:58 PM   :::   16:27:58.5867722

::::::::::: UpdateRequestCache Request called at 11/26/2018 4:27:58 PM   :::   16:27:58.5887712

::::::::::: EndRequest Request called at 11/26/2018 4:27:58 PM   :::   16:27:58.5907703

::::::::::: PreSendRequestContent Request called at 11/26/2018 4:27:58 PM   :::   16:27:58.5927705

::::::::::: PreSendRequestHeaders Request called at 11/26/2018 4:27:58 PM   :::   16:27:58.5947715

::::::::::: PreSendRequestContent Request called at 11/26/2018 4:28:09 PM   :::   16:28:09.4368701

::::::::::: PreSendRequestHeaders Request called at 11/26/2018 4:28:09 PM   :::   16:28:09.4378700

::::::::::: PostRequestHandlerExecute Request called at 11/26/2018 4:28:09 PM   :::   16:28:09.4488730

::::::::::: ReleaseRequestState Request called at 11/26/2018 4:28:09 PM   :::   16:28:09.4508713

::::::::::: PostReleaseRequestState Request called at 11/26/2018 4:28:09 PM   :::   16:28:09.4528723

::::::::::: UpdateRequestCache Request called at 11/26/2018 4:28:09 PM   :::   16:28:09.4548705

::::::::::: EndRequest Request called at 11/26/2018 4:28:09 PM   :::   16:28:09.4568727

::::::::::: PreSendRequestContent Request called at 11/26/2018 4:28:09 PM   :::   16:28:09.4578719

::::::::::: BeginRequest Request called at 11/26/2018 5:02:16 PM   :::   17:02:16.4084779

::::::::::: AuthenticateRequest Request called at 11/26/2018 5:02:16 PM   :::   17:02:16.4104801

::::::::::: PostAuthenticateRequest Request called at 11/26/2018 5:02:16 PM   :::   17:02:16.4194806

::::::::::: AuthorizeRequest Request called at 11/26/2018 5:02:16 PM   :::   17:02:16.4299890

::::::::::: PostAuthorizeRequest Request called at 11/26/2018 5:02:16 PM   :::   17:02:16.4314903

::::::::::: End Request called at 11/26/2018 5:02:16 PM   :::   17:02:16.4339899

::::::::::: PostResolveRequestCache Request called at 11/26/2018 5:02:16 PM   :::   17:02:16.4359893

::::::::::: AcquireRequestState Request called at 11/26/2018 5:02:16 PM   :::   17:02:16.4379896

::::::::::: PostAcquireRequestState Request called at 11/26/2018 5:02:16 PM   :::   17:02:16.4394905

::::::::::: PreRequestHandlerExecute Request called at 11/26/2018 5:02:16 PM   :::   17:02:16.4409905

::::::::::: PostRequestHandlerExecute Request called at 11/26/2018 5:02:16 PM   :::   17:02:16.4494889

::::::::::: ReleaseRequestState Request called at 11/26/2018 5:02:16 PM   :::   17:02:16.4514887

::::::::::: PostReleaseRequestState Request called at 11/26/2018 5:02:16 PM   :::   17:02:16.4529884

::::::::::: UpdateRequestCache Request called at 11/26/2018 5:02:16 PM   :::   17:02:16.4544897

::::::::::: EndRequest Request called at 11/26/2018 5:02:16 PM   :::   17:02:16.4564899

::::::::::: PreSendRequestContent Request called at 11/26/2018 5:02:16 PM   :::   17:02:16.4579876

::::::::::: PreSendRequestHeaders Request called at 11/26/2018 5:02:16 PM   :::   17:02:16.4594893

::::::::::: BeginRequest Request called at 11/26/2018 5:02:16 PM   :::   17:02:16.5014884

::::::::::: AuthenticateRequest Request called at 11/26/2018 5:02:16 PM   :::   17:02:16.5039892

::::::::::: PostAuthenticateRequest Request called at 11/26/2018 5:02:16 PM   :::   17:02:16.5054885

::::::::::: AuthorizeRequest Request called at 11/26/2018 5:02:16 PM   :::   17:02:16.5069886

::::::::::: PostAuthorizeRequest Request called at 11/26/2018 5:02:16 PM   :::   17:02:16.5084886

::::::::::: End Request called at 11/26/2018 5:02:16 PM   :::   17:02:16.5104885

::::::::::: PostResolveRequestCache Request called at 11/26/2018 5:02:16 PM   :::   17:02:16.5154885

::::::::::: AcquireRequestState Request called at 11/26/2018 5:02:16 PM   :::   17:02:16.5179885

::::::::::: PostAcquireRequestState Request called at 11/26/2018 5:02:16 PM   :::   17:02:16.5199887

::::::::::: PreRequestHandlerExecute Request called at 11/26/2018 5:02:16 PM   :::   17:02:16.5214888

::::::::::: PostRequestHandlerExecute Request called at 11/26/2018 5:02:24 PM   :::   17:02:24.7576603

::::::::::: ReleaseRequestState Request called at 11/26/2018 5:02:24 PM   :::   17:02:24.7586772

::::::::::: PostReleaseRequestState Request called at 11/26/2018 5:02:24 PM   :::   17:02:24.7596610

::::::::::: UpdateRequestCache Request called at 11/26/2018 5:02:24 PM   :::   17:02:24.7606791

::::::::::: EndRequest Request called at 11/26/2018 5:02:24 PM   :::   17:02:24.7626655

::::::::::: BeginRequest Request called at 11/26/2018 5:02:59 PM   :::   17:02:59.8109097

::::::::::: AuthenticateRequest Request called at 11/26/2018 5:02:59 PM   :::   17:02:59.8129079

::::::::::: PostAuthenticateRequest Request called at 11/26/2018 5:02:59 PM   :::   17:02:59.8144068

::::::::::: AuthorizeRequest Request called at 11/26/2018 5:02:59 PM   :::   17:02:59.8164090

::::::::::: PostAuthorizeRequest Request called at 11/26/2018 5:02:59 PM   :::   17:02:59.8199093

::::::::::: End Request called at 11/26/2018 5:02:59 PM   :::   17:02:59.8224078

::::::::::: PostResolveRequestCache Request called at 11/26/2018 5:02:59 PM   :::   17:02:59.8249078

::::::::::: AcquireRequestState Request called at 11/26/2018 5:02:59 PM   :::   17:02:59.8264083

::::::::::: PostAcquireRequestState Request called at 11/26/2018 5:02:59 PM   :::   17:02:59.8284081

::::::::::: PreRequestHandlerExecute Request called at 11/26/2018 5:02:59 PM   :::   17:02:59.8309089

::::::::::: PostRequestHandlerExecute Request called at 11/26/2018 5:02:59 PM   :::   17:02:59.8354079

::::::::::: ReleaseRequestState Request called at 11/26/2018 5:02:59 PM   :::   17:02:59.8379095

::::::::::: PostReleaseRequestState Request called at 11/26/2018 5:02:59 PM   :::   17:02:59.8394076

::::::::::: UpdateRequestCache Request called at 11/26/2018 5:02:59 PM   :::   17:02:59.8409109

::::::::::: EndRequest Request called at 11/26/2018 5:02:59 PM   :::   17:02:59.8429111

::::::::::: PreSendRequestContent Request called at 11/26/2018 5:02:59 PM   :::   17:02:59.8449094

::::::::::: PreSendRequestHeaders Request called at 11/26/2018 5:02:59 PM   :::   17:02:59.8464083

::::::::::: BeginRequest Request called at 11/26/2018 5:03:00 PM   :::   17:03:00.5514936

::::::::::: AuthenticateRequest Request called at 11/26/2018 5:03:00 PM   :::   17:03:00.5539928

::::::::::: PostAuthenticateRequest Request called at 11/26/2018 5:03:00 PM   :::   17:03:00.5549943

::::::::::: AuthorizeRequest Request called at 11/26/2018 5:03:00 PM   :::   17:03:00.5570052

::::::::::: PostAuthorizeRequest Request called at 11/26/2018 5:03:00 PM   :::   17:03:00.5580051

::::::::::: End Request called at 11/26/2018 5:03:00 PM   :::   17:03:00.5600054

::::::::::: PostResolveRequestCache Request called at 11/26/2018 5:03:00 PM   :::   17:03:00.5620048

::::::::::: AcquireRequestState Request called at 11/26/2018 5:03:00 PM   :::   17:03:00.5630071

::::::::::: PostAcquireRequestState Request called at 11/26/2018 5:03:00 PM   :::   17:03:00.5660045

::::::::::: PreRequestHandlerExecute Request called at 11/26/2018 5:03:00 PM   :::   17:03:00.5710041

::::::::::: PreSendRequestContent Request called at 11/26/2018 5:03:08 PM   :::   17:03:08.8211106

::::::::::: PreSendRequestHeaders Request called at 11/26/2018 5:03:08 PM   :::   17:03:08.8231235

::::::::::: PostRequestHandlerExecute Request called at 11/26/2018 5:03:08 PM   :::   17:03:08.8351253

::::::::::: ReleaseRequestState Request called at 11/26/2018 5:03:08 PM   :::   17:03:08.8381243

::::::::::: PostReleaseRequestState Request called at 11/26/2018 5:03:08 PM   :::   17:03:08.8391238

::::::::::: UpdateRequestCache Request called at 11/26/2018 5:03:08 PM   :::   17:03:08.8401218

::::::::::: EndRequest Request called at 11/26/2018 5:03:08 PM   :::   17:03:08.8421208

::::::::::: PreSendRequestContent Request called at 11/26/2018 5:03:08 PM   :::   17:03:08.8431251

::::::::::: BeginRequest Request called at 11/26/2018 5:04:58 PM   :::   17:04:58.4107161

::::::::::: AuthenticateRequest Request called at 11/26/2018 5:04:58 PM   :::   17:04:58.4127164

::::::::::: PostAuthenticateRequest Request called at 11/26/2018 5:04:58 PM   :::   17:04:58.4147139

::::::::::: AuthorizeRequest Request called at 11/26/2018 5:04:58 PM   :::   17:04:58.4157142

::::::::::: PostAuthorizeRequest Request called at 11/26/2018 5:04:58 PM   :::   17:04:58.4177148

::::::::::: End Request called at 11/26/2018 5:04:58 PM   :::   17:04:58.4197166

::::::::::: PostResolveRequestCache Request called at 11/26/2018 5:04:58 PM   :::   17:04:58.4217161

::::::::::: AcquireRequestState Request called at 11/26/2018 5:04:58 PM   :::   17:04:58.4237171

::::::::::: PostAcquireRequestState Request called at 11/26/2018 5:04:58 PM   :::   17:04:58.4257154

::::::::::: PreRequestHandlerExecute Request called at 11/26/2018 5:04:58 PM   :::   17:04:58.4277302

::::::::::: PostRequestHandlerExecute Request called at 11/26/2018 5:04:58 PM   :::   17:04:58.4322253

::::::::::: ReleaseRequestState Request called at 11/26/2018 5:04:58 PM   :::   17:04:58.4357304

::::::::::: PostReleaseRequestState Request called at 11/26/2018 5:04:58 PM   :::   17:04:58.4407253

::::::::::: UpdateRequestCache Request called at 11/26/2018 5:04:58 PM   :::   17:04:58.4427373

::::::::::: EndRequest Request called at 11/26/2018 5:04:58 PM   :::   17:04:58.4447490

::::::::::: PreSendRequestContent Request called at 11/26/2018 5:04:58 PM   :::   17:04:58.4467422

::::::::::: PreSendRequestHeaders Request called at 11/26/2018 5:04:58 PM   :::   17:04:58.4477370

::::::::::: BeginRequest Request called at 11/26/2018 5:04:58 PM   :::   17:04:58.4567386

::::::::::: AuthenticateRequest Request called at 11/26/2018 5:04:58 PM   :::   17:04:58.4587365

::::::::::: PostAuthenticateRequest Request called at 11/26/2018 5:04:58 PM   :::   17:04:58.4607367

::::::::::: AuthorizeRequest Request called at 11/26/2018 5:04:58 PM   :::   17:04:58.4627370

::::::::::: PostAuthorizeRequest Request called at 11/26/2018 5:04:58 PM   :::   17:04:58.4637369

::::::::::: End Request called at 11/26/2018 5:04:58 PM   :::   17:04:58.4657363

::::::::::: PostResolveRequestCache Request called at 11/26/2018 5:04:58 PM   :::   17:04:58.4697372

::::::::::: AcquireRequestState Request called at 11/26/2018 5:04:58 PM   :::   17:04:58.4717371

::::::::::: PostAcquireRequestState Request called at 11/26/2018 5:04:58 PM   :::   17:04:58.4747372

::::::::::: PreRequestHandlerExecute Request called at 11/26/2018 5:04:58 PM   :::   17:04:58.4757387

::::::::::: PostRequestHandlerExecute Request called at 11/26/2018 5:05:00 PM   :::   17:05:00.6757397

::::::::::: ReleaseRequestState Request called at 11/26/2018 5:05:00 PM   :::   17:05:00.6777380

::::::::::: PostReleaseRequestState Request called at 11/26/2018 5:05:00 PM   :::   17:05:00.6797371

::::::::::: UpdateRequestCache Request called at 11/26/2018 5:05:00 PM   :::   17:05:00.6817444

::::::::::: EndRequest Request called at 11/26/2018 5:05:00 PM   :::   17:05:00.6857382

::::::::::: PreSendRequestContent Request called at 11/26/2018 5:05:00 PM   :::   17:05:00.6877364

::::::::::: PreSendRequestHeaders Request called at 11/26/2018 5:05:00 PM   :::   17:05:00.6897406

::::::::::: BeginRequest Request called at 11/26/2018 5:05:06 PM   :::   17:05:06.4189551

::::::::::: AuthenticateRequest Request called at 11/26/2018 5:05:06 PM   :::   17:05:06.4199547

::::::::::: PostAuthenticateRequest Request called at 11/26/2018 5:05:06 PM   :::   17:05:06.4219557

::::::::::: AuthorizeRequest Request called at 11/26/2018 5:05:06 PM   :::   17:05:06.4279560

::::::::::: PostAuthorizeRequest Request called at 11/26/2018 5:05:06 PM   :::   17:05:06.4299570

::::::::::: End Request called at 11/26/2018 5:05:06 PM   :::   17:05:06.4309570

::::::::::: PostResolveRequestCache Request called at 11/26/2018 5:05:06 PM   :::   17:05:06.4339686

::::::::::: AcquireRequestState Request called at 11/26/2018 5:05:06 PM   :::   17:05:06.4354671

::::::::::: PostAcquireRequestState Request called at 11/26/2018 5:05:06 PM   :::   17:05:06.4374673

::::::::::: PreRequestHandlerExecute Request called at 11/26/2018 5:05:06 PM   :::   17:05:06.4389674

::::::::::: PostRequestHandlerExecute Request called at 11/26/2018 5:05:06 PM   :::   17:05:06.4414678

::::::::::: ReleaseRequestState Request called at 11/26/2018 5:05:06 PM   :::   17:05:06.4434688

::::::::::: PostReleaseRequestState Request called at 11/26/2018 5:05:06 PM   :::   17:05:06.4449669

::::::::::: UpdateRequestCache Request called at 11/26/2018 5:05:06 PM   :::   17:05:06.4469691

::::::::::: EndRequest Request called at 11/26/2018 5:05:06 PM   :::   17:05:06.4489765

::::::::::: PreSendRequestContent Request called at 11/26/2018 5:05:06 PM   :::   17:05:06.4509755

::::::::::: PreSendRequestHeaders Request called at 11/26/2018 5:05:06 PM   :::   17:05:06.4529778

::::::::::: BeginRequest Request called at 11/26/2018 5:05:07 PM   :::   17:05:07.7470642

::::::::::: AuthenticateRequest Request called at 11/26/2018 5:05:07 PM   :::   17:05:07.7490775

::::::::::: PostAuthenticateRequest Request called at 11/26/2018 5:05:07 PM   :::   17:05:07.7580752

::::::::::: AuthorizeRequest Request called at 11/26/2018 5:05:07 PM   :::   17:05:07.7610734

::::::::::: PostAuthorizeRequest Request called at 11/26/2018 5:05:07 PM   :::   17:05:07.7620753

::::::::::: End Request called at 11/26/2018 5:05:07 PM   :::   17:05:07.7640752

::::::::::: PostResolveRequestCache Request called at 11/26/2018 5:05:07 PM   :::   17:05:07.7660742

::::::::::: AcquireRequestState Request called at 11/26/2018 5:05:07 PM   :::   17:05:07.7680764

::::::::::: PostAcquireRequestState Request called at 11/26/2018 5:05:07 PM   :::   17:05:07.7700759

::::::::::: PreRequestHandlerExecute Request called at 11/26/2018 5:05:07 PM   :::   17:05:07.7710746

::::::::::: PreSendRequestContent Request called at 11/26/2018 5:05:13 PM   :::   17:05:13.6528643

::::::::::: PreSendRequestHeaders Request called at 11/26/2018 5:05:13 PM   :::   17:05:13.6538820

::::::::::: PostRequestHandlerExecute Request called at 11/26/2018 5:05:13 PM   :::   17:05:13.6628651

::::::::::: ReleaseRequestState Request called at 11/26/2018 5:05:13 PM   :::   17:05:13.6648669

::::::::::: PostReleaseRequestState Request called at 11/26/2018 5:05:13 PM   :::   17:05:13.6668668

::::::::::: UpdateRequestCache Request called at 11/26/2018 5:05:13 PM   :::   17:05:13.6678699

::::::::::: EndRequest Request called at 11/26/2018 5:05:13 PM   :::   17:05:13.6688674

::::::::::: PreSendRequestContent Request called at 11/26/2018 5:05:13 PM   :::   17:05:13.6708641

::::::::::: BeginRequest Request called at 11/26/2018 5:05:24 PM   :::   17:05:24.2979772

::::::::::: AuthenticateRequest Request called at 11/26/2018 5:05:24 PM   :::   17:05:24.2999786

::::::::::: PostAuthenticateRequest Request called at 11/26/2018 5:05:24 PM   :::   17:05:24.3029807

::::::::::: AuthorizeRequest Request called at 11/26/2018 5:05:24 PM   :::   17:05:24.3049766

::::::::::: PostAuthorizeRequest Request called at 11/26/2018 5:05:24 PM   :::   17:05:24.3069765

::::::::::: End Request called at 11/26/2018 5:05:24 PM   :::   17:05:24.3089767

::::::::::: PostResolveRequestCache Request called at 11/26/2018 5:05:24 PM   :::   17:05:24.3119769

::::::::::: AcquireRequestState Request called at 11/26/2018 5:05:24 PM   :::   17:05:24.3160176

::::::::::: PostAcquireRequestState Request called at 11/26/2018 5:05:24 PM   :::   17:05:24.3199905

::::::::::: PreRequestHandlerExecute Request called at 11/26/2018 5:05:24 PM   :::   17:05:24.3229784

::::::::::: PreSendRequestContent Request called at 11/26/2018 5:05:39 PM   :::   17:05:39.7961797

::::::::::: PreSendRequestHeaders Request called at 11/26/2018 5:05:39 PM   :::   17:05:39.8101778

::::::::::: PostRequestHandlerExecute Request called at 11/26/2018 5:05:39 PM   :::   17:05:39.8271737

::::::::::: ReleaseRequestState Request called at 11/26/2018 5:05:39 PM   :::   17:05:39.8301738

::::::::::: PostReleaseRequestState Request called at 11/26/2018 5:05:39 PM   :::   17:05:39.8341724

::::::::::: UpdateRequestCache Request called at 11/26/2018 5:05:39 PM   :::   17:05:39.8381716

::::::::::: EndRequest Request called at 11/26/2018 5:05:39 PM   :::   17:05:39.8411718

::::::::::: PreSendRequestContent Request called at 11/26/2018 5:05:39 PM   :::   17:05:39.8451703

::::::::::: BeginRequest Request called at 11/26/2018 5:05:40 PM   :::   17:05:40.8244029

::::::::::: AuthenticateRequest Request called at 11/26/2018 5:05:40 PM   :::   17:05:40.8253992

::::::::::: PostAuthenticateRequest Request called at 11/26/2018 5:05:40 PM   :::   17:05:40.8264008

::::::::::: AuthorizeRequest Request called at 11/26/2018 5:05:40 PM   :::   17:05:40.8283990

::::::::::: PostAuthorizeRequest Request called at 11/26/2018 5:05:40 PM   :::   17:05:40.8293997

::::::::::: End Request called at 11/26/2018 5:05:40 PM   :::   17:05:40.8304028

::::::::::: PostResolveRequestCache Request called at 11/26/2018 5:05:40 PM   :::   17:05:40.8324046

::::::::::: AcquireRequestState Request called at 11/26/2018 5:05:40 PM   :::   17:05:40.8333978

::::::::::: PostAcquireRequestState Request called at 11/26/2018 5:05:40 PM   :::   17:05:40.8343997

::::::::::: PreRequestHandlerExecute Request called at 11/26/2018 5:05:40 PM   :::   17:05:40.8353997

::::::::::: PostRequestHandlerExecute Request called at 11/26/2018 5:05:43 PM   :::   17:05:43.2015800

::::::::::: ReleaseRequestState Request called at 11/26/2018 5:05:43 PM   :::   17:05:43.2055714

::::::::::: PostReleaseRequestState Request called at 11/26/2018 5:05:43 PM   :::   17:05:43.2085724

::::::::::: UpdateRequestCache Request called at 11/26/2018 5:05:43 PM   :::   17:05:43.2115698

::::::::::: EndRequest Request called at 11/26/2018 5:05:43 PM   :::   17:05:43.2135692

::::::::::: PreSendRequestContent Request called at 11/26/2018 5:05:43 PM   :::   17:05:43.2155710

::::::::::: PreSendRequestHeaders Request called at 11/26/2018 5:05:43 PM   :::   17:05:43.2175713

::::::::::: BeginRequest Request called at 11/26/2018 5:05:51 PM   :::   17:05:51.8041660

::::::::::: AuthenticateRequest Request called at 11/26/2018 5:05:51 PM   :::   17:05:51.8061670

::::::::::: PostAuthenticateRequest Request called at 11/26/2018 5:05:51 PM   :::   17:05:51.8081669

::::::::::: AuthorizeRequest Request called at 11/26/2018 5:05:51 PM   :::   17:05:51.8101651

::::::::::: PostAuthorizeRequest Request called at 11/26/2018 5:05:51 PM   :::   17:05:51.8121662

::::::::::: End Request called at 11/26/2018 5:05:51 PM   :::   17:05:51.8141652

::::::::::: PostResolveRequestCache Request called at 11/26/2018 5:05:51 PM   :::   17:05:51.8171662

::::::::::: AcquireRequestState Request called at 11/26/2018 5:05:51 PM   :::   17:05:51.8191664

::::::::::: PostAcquireRequestState Request called at 11/26/2018 5:05:51 PM   :::   17:05:51.8211667

::::::::::: PreRequestHandlerExecute Request called at 11/26/2018 5:05:51 PM   :::   17:05:51.8241712

::::::::::: BeginRequest Request called at 11/26/2018 5:05:56 PM   :::   17:05:56.4123635

::::::::::: AuthenticateRequest Request called at 11/26/2018 5:05:56 PM   :::   17:05:56.4153581

::::::::::: PostAuthenticateRequest Request called at 11/26/2018 5:05:56 PM   :::   17:05:56.4173544

::::::::::: AuthorizeRequest Request called at 11/26/2018 5:05:56 PM   :::   17:05:56.4193546

::::::::::: PostAuthorizeRequest Request called at 11/26/2018 5:05:56 PM   :::   17:05:56.4203739

::::::::::: End Request called at 11/26/2018 5:05:56 PM   :::   17:05:56.4213541

::::::::::: PostResolveRequestCache Request called at 11/26/2018 5:05:56 PM   :::   17:05:56.4253573

::::::::::: AcquireRequestState Request called at 11/26/2018 5:05:56 PM   :::   17:05:56.4293724

::::::::::: PostAcquireRequestState Request called at 11/26/2018 5:05:56 PM   :::   17:05:56.4323564

::::::::::: PreRequestHandlerExecute Request called at 11/26/2018 5:05:56 PM   :::   17:05:56.4343547

::::::::::: PostRequestHandlerExecute Request called at 11/26/2018 5:05:56 PM   :::   17:05:56.7821590

::::::::::: ReleaseRequestState Request called at 11/26/2018 5:05:56 PM   :::   17:05:56.7836686

::::::::::: PostReleaseRequestState Request called at 11/26/2018 5:05:56 PM   :::   17:05:56.7856692

::::::::::: UpdateRequestCache Request called at 11/26/2018 5:05:56 PM   :::   17:05:56.7876691

::::::::::: EndRequest Request called at 11/26/2018 5:05:56 PM   :::   17:05:56.7896705

::::::::::: PreSendRequestContent Request called at 11/26/2018 5:05:56 PM   :::   17:05:56.7916699

::::::::::: PreSendRequestHeaders Request called at 11/26/2018 5:05:56 PM   :::   17:05:56.7936698

::::::::::: BeginRequest Request called at 11/26/2018 5:05:57 PM   :::   17:05:57.4061180

::::::::::: AuthenticateRequest Request called at 11/26/2018 5:05:57 PM   :::   17:05:57.4110841

::::::::::: PostAuthenticateRequest Request called at 11/26/2018 5:05:57 PM   :::   17:05:57.4170808

::::::::::: AuthorizeRequest Request called at 11/26/2018 5:05:57 PM   :::   17:05:57.4211176

::::::::::: PostAuthorizeRequest Request called at 11/26/2018 5:05:57 PM   :::   17:05:57.4260912

::::::::::: End Request called at 11/26/2018 5:05:57 PM   :::   17:05:57.4310797

::::::::::: PostResolveRequestCache Request called at 11/26/2018 5:05:57 PM   :::   17:05:57.4350782

::::::::::: AcquireRequestState Request called at 11/26/2018 5:05:57 PM   :::   17:05:57.4401063

::::::::::: PostAcquireRequestState Request called at 11/26/2018 5:05:57 PM   :::   17:05:57.4470860

::::::::::: PreRequestHandlerExecute Request called at 11/26/2018 5:05:57 PM   :::   17:05:57.4520797

::::::::::: PostRequestHandlerExecute Request called at 11/26/2018 5:05:57 PM   :::   17:05:57.8491688

::::::::::: ReleaseRequestState Request called at 11/26/2018 5:05:57 PM   :::   17:05:57.8521690

::::::::::: PostReleaseRequestState Request called at 11/26/2018 5:05:57 PM   :::   17:05:57.8551687

::::::::::: UpdateRequestCache Request called at 11/26/2018 5:05:57 PM   :::   17:05:57.8611695

::::::::::: EndRequest Request called at 11/26/2018 5:05:57 PM   :::   17:05:57.8641677

::::::::::: PreSendRequestContent Request called at 11/26/2018 5:05:57 PM   :::   17:05:57.8681689

::::::::::: PreSendRequestHeaders Request called at 11/26/2018 5:05:57 PM   :::   17:05:57.8711683

::::::::::: BeginRequest Request called at 11/26/2018 5:05:58 PM   :::   17:05:58.5005027

::::::::::: AuthenticateRequest Request called at 11/26/2018 5:05:58 PM   :::   17:05:58.5034942

::::::::::: PostAuthenticateRequest Request called at 11/26/2018 5:05:58 PM   :::   17:05:58.5064939

::::::::::: AuthorizeRequest Request called at 11/26/2018 5:05:58 PM   :::   17:05:58.5094941

::::::::::: PostAuthorizeRequest Request called at 11/26/2018 5:05:58 PM   :::   17:05:58.5124938

::::::::::: End Request called at 11/26/2018 5:05:58 PM   :::   17:05:58.5145209

::::::::::: PostResolveRequestCache Request called at 11/26/2018 5:05:58 PM   :::   17:05:58.5175190

::::::::::: AcquireRequestState Request called at 11/26/2018 5:05:58 PM   :::   17:05:58.5204939

::::::::::: PostAcquireRequestState Request called at 11/26/2018 5:05:58 PM   :::   17:05:58.5235024

::::::::::: PreRequestHandlerExecute Request called at 11/26/2018 5:05:58 PM   :::   17:05:58.5264926

::::::::::: PostRequestHandlerExecute Request called at 11/26/2018 5:05:58 PM   :::   17:05:58.8917008

::::::::::: ReleaseRequestState Request called at 11/26/2018 5:05:58 PM   :::   17:05:58.8946966

::::::::::: PostReleaseRequestState Request called at 11/26/2018 5:05:58 PM   :::   17:05:58.8967023

::::::::::: UpdateRequestCache Request called at 11/26/2018 5:05:58 PM   :::   17:05:58.8996989

::::::::::: EndRequest Request called at 11/26/2018 5:05:58 PM   :::   17:05:58.9016987

::::::::::: PreSendRequestContent Request called at 11/26/2018 5:05:58 PM   :::   17:05:58.9046989

::::::::::: PreSendRequestHeaders Request called at 11/26/2018 5:05:58 PM   :::   17:05:58.9066971

::::::::::: BeginRequest Request called at 11/26/2018 5:05:59 PM   :::   17:05:59.4088338

::::::::::: AuthenticateRequest Request called at 11/26/2018 5:05:59 PM   :::   17:05:59.4127979

::::::::::: PostAuthenticateRequest Request called at 11/26/2018 5:05:59 PM   :::   17:05:59.4167983

::::::::::: AuthorizeRequest Request called at 11/26/2018 5:05:59 PM   :::   17:05:59.4208095

::::::::::: PostAuthorizeRequest Request called at 11/26/2018 5:05:59 PM   :::   17:05:59.4267983

::::::::::: End Request called at 11/26/2018 5:05:59 PM   :::   17:05:59.4308339

::::::::::: PostResolveRequestCache Request called at 11/26/2018 5:05:59 PM   :::   17:05:59.4357983

::::::::::: AcquireRequestState Request called at 11/26/2018 5:05:59 PM   :::   17:05:59.4397980

::::::::::: PostAcquireRequestState Request called at 11/26/2018 5:05:59 PM   :::   17:05:59.4447972

::::::::::: PreRequestHandlerExecute Request called at 11/26/2018 5:05:59 PM   :::   17:05:59.4478336

::::::::::: PostRequestHandlerExecute Request called at 11/26/2018 5:05:59 PM   :::   17:05:59.8367034

::::::::::: ReleaseRequestState Request called at 11/26/2018 5:05:59 PM   :::   17:05:59.8406999

::::::::::: PostReleaseRequestState Request called at 11/26/2018 5:05:59 PM   :::   17:05:59.8437044

::::::::::: UpdateRequestCache Request called at 11/26/2018 5:05:59 PM   :::   17:05:59.8487016

::::::::::: EndRequest Request called at 11/26/2018 5:05:59 PM   :::   17:05:59.8527076

::::::::::: PreSendRequestContent Request called at 11/26/2018 5:05:59 PM   :::   17:05:59.8556995

::::::::::: PreSendRequestHeaders Request called at 11/26/2018 5:05:59 PM   :::   17:05:59.8576981

::::::::::: BeginRequest Request called at 11/26/2018 5:06:00 PM   :::   17:06:00.3720666

::::::::::: AuthenticateRequest Request called at 11/26/2018 5:06:00 PM   :::   17:06:00.3740593

::::::::::: PostAuthenticateRequest Request called at 11/26/2018 5:06:00 PM   :::   17:06:00.3760832

::::::::::: AuthorizeRequest Request called at 11/26/2018 5:06:00 PM   :::   17:06:00.3780661

::::::::::: PostAuthorizeRequest Request called at 11/26/2018 5:06:00 PM   :::   17:06:00.3810745

::::::::::: End Request called at 11/26/2018 5:06:00 PM   :::   17:06:00.3830661

::::::::::: PostResolveRequestCache Request called at 11/26/2018 5:06:00 PM   :::   17:06:00.3910654

::::::::::: AcquireRequestState Request called at 11/26/2018 5:06:00 PM   :::   17:06:00.3950655

::::::::::: PostAcquireRequestState Request called at 11/26/2018 5:06:00 PM   :::   17:06:00.3960658

::::::::::: PreRequestHandlerExecute Request called at 11/26/2018 5:06:00 PM   :::   17:06:00.3990647

::::::::::: PostRequestHandlerExecute Request called at 11/26/2018 5:06:00 PM   :::   17:06:00.7774068

::::::::::: ReleaseRequestState Request called at 11/26/2018 5:06:00 PM   :::   17:06:00.7789053

::::::::::: PostReleaseRequestState Request called at 11/26/2018 5:06:00 PM   :::   17:06:00.7804065

::::::::::: UpdateRequestCache Request called at 11/26/2018 5:06:00 PM   :::   17:06:00.7824076

::::::::::: EndRequest Request called at 11/26/2018 5:06:00 PM   :::   17:06:00.7839080

::::::::::: PreSendRequestContent Request called at 11/26/2018 5:06:00 PM   :::   17:06:00.7874079

::::::::::: PreSendRequestHeaders Request called at 11/26/2018 5:06:00 PM   :::   17:06:00.7889076

::::::::::: PreSendRequestContent Request called at 11/26/2018 5:06:01 PM   :::   17:06:01.1114948

::::::::::: PreSendRequestHeaders Request called at 11/26/2018 5:06:01 PM   :::   17:06:01.1134962

::::::::::: PostRequestHandlerExecute Request called at 11/26/2018 5:06:01 PM   :::   17:06:01.1204948

::::::::::: ReleaseRequestState Request called at 11/26/2018 5:06:01 PM   :::   17:06:01.1224934

::::::::::: PostReleaseRequestState Request called at 11/26/2018 5:06:01 PM   :::   17:06:01.1244956

::::::::::: UpdateRequestCache Request called at 11/26/2018 5:06:01 PM   :::   17:06:01.1254936

::::::::::: EndRequest Request called at 11/26/2018 5:06:01 PM   :::   17:06:01.1274930

::::::::::: PreSendRequestContent Request called at 11/26/2018 5:06:01 PM   :::   17:06:01.1294940

::::::::::: BeginRequest Request called at 11/26/2018 5:06:01 PM   :::   17:06:01.3115466

::::::::::: AuthenticateRequest Request called at 11/26/2018 5:06:01 PM   :::   17:06:01.3125513

::::::::::: PostAuthenticateRequest Request called at 11/26/2018 5:06:01 PM   :::   17:06:01.3135484

::::::::::: AuthorizeRequest Request called at 11/26/2018 5:06:01 PM   :::   17:06:01.3145669

::::::::::: PostAuthorizeRequest Request called at 11/26/2018 5:06:01 PM   :::   17:06:01.3165466

::::::::::: End Request called at 11/26/2018 5:06:01 PM   :::   17:06:01.3215493

::::::::::: PostResolveRequestCache Request called at 11/26/2018 5:06:01 PM   :::   17:06:01.3265497

::::::::::: AcquireRequestState Request called at 11/26/2018 5:06:01 PM   :::   17:06:01.3300607

::::::::::: PostAcquireRequestState Request called at 11/26/2018 5:06:01 PM   :::   17:06:01.3320605

::::::::::: PreRequestHandlerExecute Request called at 11/26/2018 5:06:01 PM   :::   17:06:01.3360606

::::::::::: PostRequestHandlerExecute Request called at 11/26/2018 5:06:01 PM   :::   17:06:01.6877613

::::::::::: ReleaseRequestState Request called at 11/26/2018 5:06:01 PM   :::   17:06:01.6917626

::::::::::: PostReleaseRequestState Request called at 11/26/2018 5:06:01 PM   :::   17:06:01.6937624

::::::::::: UpdateRequestCache Request called at 11/26/2018 5:06:01 PM   :::   17:06:01.6957642

::::::::::: EndRequest Request called at 11/26/2018 5:06:01 PM   :::   17:06:01.6967622

::::::::::: PreSendRequestContent Request called at 11/26/2018 5:06:01 PM   :::   17:06:01.6987612

::::::::::: PreSendRequestHeaders Request called at 11/26/2018 5:06:01 PM   :::   17:06:01.6997627

::::::::::: BeginRequest Request called at 11/26/2018 5:06:02 PM   :::   17:06:02.3496796

::::::::::: AuthenticateRequest Request called at 11/26/2018 5:06:02 PM   :::   17:06:02.3506764

::::::::::: PostAuthenticateRequest Request called at 11/26/2018 5:06:02 PM   :::   17:06:02.3526758

::::::::::: AuthorizeRequest Request called at 11/26/2018 5:06:02 PM   :::   17:06:02.3536757

::::::::::: PostAuthorizeRequest Request called at 11/26/2018 5:06:02 PM   :::   17:06:02.3556768

::::::::::: End Request called at 11/26/2018 5:06:02 PM   :::   17:06:02.3566763

::::::::::: PostResolveRequestCache Request called at 11/26/2018 5:06:02 PM   :::   17:06:02.3586793

::::::::::: AcquireRequestState Request called at 11/26/2018 5:06:02 PM   :::   17:06:02.3606779

::::::::::: PostAcquireRequestState Request called at 11/26/2018 5:06:02 PM   :::   17:06:02.3626777

::::::::::: PreRequestHandlerExecute Request called at 11/26/2018 5:06:02 PM   :::   17:06:02.3636765

::::::::::: PostRequestHandlerExecute Request called at 11/26/2018 5:06:02 PM   :::   17:06:02.7132649

::::::::::: ReleaseRequestState Request called at 11/26/2018 5:06:02 PM   :::   17:06:02.7142696

::::::::::: PostReleaseRequestState Request called at 11/26/2018 5:06:02 PM   :::   17:06:02.7152655

::::::::::: UpdateRequestCache Request called at 11/26/2018 5:06:02 PM   :::   17:06:02.7172650

::::::::::: EndRequest Request called at 11/26/2018 5:06:02 PM   :::   17:06:02.7182645

::::::::::: PreSendRequestContent Request called at 11/26/2018 5:06:02 PM   :::   17:06:02.7202655

::::::::::: PreSendRequestHeaders Request called at 11/26/2018 5:06:02 PM   :::   17:06:02.7212650

::::::::::: BeginRequest Request called at 11/26/2018 5:06:04 PM   :::   17:06:04.4743363

::::::::::: AuthenticateRequest Request called at 11/26/2018 5:06:04 PM   :::   17:06:04.4793039

::::::::::: PostAuthenticateRequest Request called at 11/26/2018 5:06:04 PM   :::   17:06:04.4863381

::::::::::: AuthorizeRequest Request called at 11/26/2018 5:06:04 PM   :::   17:06:04.4918402

::::::::::: PostAuthorizeRequest Request called at 11/26/2018 5:06:04 PM   :::   17:06:04.4963408

::::::::::: End Request called at 11/26/2018 5:06:04 PM   :::   17:06:04.5013625

::::::::::: PostResolveRequestCache Request called at 11/26/2018 5:06:04 PM   :::   17:06:04.5083631

::::::::::: AcquireRequestState Request called at 11/26/2018 5:06:04 PM   :::   17:06:04.5133741

::::::::::: PostAcquireRequestState Request called at 11/26/2018 5:06:04 PM   :::   17:06:04.5183611

::::::::::: PreRequestHandlerExecute Request called at 11/26/2018 5:06:04 PM   :::   17:06:04.5243708

::::::::::: PostRequestHandlerExecute Request called at 11/26/2018 5:06:04 PM   :::   17:06:04.8974551

::::::::::: ReleaseRequestState Request called at 11/26/2018 5:06:04 PM   :::   17:06:04.9000538

::::::::::: PostReleaseRequestState Request called at 11/26/2018 5:06:04 PM   :::   17:06:04.9030496

::::::::::: UpdateRequestCache Request called at 11/26/2018 5:06:04 PM   :::   17:06:04.9060521

::::::::::: EndRequest Request called at 11/26/2018 5:06:04 PM   :::   17:06:04.9090507

::::::::::: PreSendRequestContent Request called at 11/26/2018 5:06:04 PM   :::   17:06:04.9120508

::::::::::: PreSendRequestHeaders Request called at 11/26/2018 5:06:04 PM   :::   17:06:04.9150490

::::::::::: BeginRequest Request called at 11/26/2018 5:06:05 PM   :::   17:06:05.4833178

::::::::::: AuthenticateRequest Request called at 11/26/2018 5:06:05 PM   :::   17:06:05.4868229

::::::::::: PostAuthenticateRequest Request called at 11/26/2018 5:06:05 PM   :::   17:06:05.4888239

::::::::::: AuthorizeRequest Request called at 11/26/2018 5:06:05 PM   :::   17:06:05.4903235

::::::::::: PostAuthorizeRequest Request called at 11/26/2018 5:06:05 PM   :::   17:06:05.4918228

::::::::::: End Request called at 11/26/2018 5:06:05 PM   :::   17:06:05.4933229

::::::::::: PostResolveRequestCache Request called at 11/26/2018 5:06:05 PM   :::   17:06:05.4953223

::::::::::: AcquireRequestState Request called at 11/26/2018 5:06:05 PM   :::   17:06:05.4978239

::::::::::: PostAcquireRequestState Request called at 11/26/2018 5:06:05 PM   :::   17:06:05.4993232

::::::::::: PreRequestHandlerExecute Request called at 11/26/2018 5:06:05 PM   :::   17:06:05.5008347

::::::::::: PostRequestHandlerExecute Request called at 11/26/2018 5:06:05 PM   :::   17:06:05.8466781

::::::::::: ReleaseRequestState Request called at 11/26/2018 5:06:05 PM   :::   17:06:05.8486791

::::::::::: PostReleaseRequestState Request called at 11/26/2018 5:06:05 PM   :::   17:06:05.8496806

::::::::::: UpdateRequestCache Request called at 11/26/2018 5:06:05 PM   :::   17:06:05.8516808

::::::::::: EndRequest Request called at 11/26/2018 5:06:05 PM   :::   17:06:05.8526792

::::::::::: PreSendRequestContent Request called at 11/26/2018 5:06:05 PM   :::   17:06:05.8546810

::::::::::: PreSendRequestHeaders Request called at 11/26/2018 5:06:05 PM   :::   17:06:05.8557002

::::::::::: BeginRequest Request called at 11/26/2018 5:06:06 PM   :::   17:06:06.3778608

::::::::::: AuthenticateRequest Request called at 11/26/2018 5:06:06 PM   :::   17:06:06.3858894

::::::::::: PostAuthenticateRequest Request called at 11/26/2018 5:06:06 PM   :::   17:06:06.3913860

::::::::::: AuthorizeRequest Request called at 11/26/2018 5:06:06 PM   :::   17:06:06.3968908

::::::::::: PostAuthorizeRequest Request called at 11/26/2018 5:06:06 PM   :::   17:06:06.4024048

::::::::::: End Request called at 11/26/2018 5:06:06 PM   :::   17:06:06.4064048

::::::::::: PostResolveRequestCache Request called at 11/26/2018 5:06:06 PM   :::   17:06:06.4124047

::::::::::: AcquireRequestState Request called at 11/26/2018 5:06:06 PM   :::   17:06:06.4154250

::::::::::: PostAcquireRequestState Request called at 11/26/2018 5:06:06 PM   :::   17:06:06.4174090

::::::::::: PreRequestHandlerExecute Request called at 11/26/2018 5:06:06 PM   :::   17:06:06.4204277

::::::::::: PostRequestHandlerExecute Request called at 11/26/2018 5:06:06 PM   :::   17:06:06.7757978

::::::::::: ReleaseRequestState Request called at 11/26/2018 5:06:06 PM   :::   17:06:06.7807997

::::::::::: PostReleaseRequestState Request called at 11/26/2018 5:06:06 PM   :::   17:06:06.7863141

::::::::::: UpdateRequestCache Request called at 11/26/2018 5:06:06 PM   :::   17:06:06.7918059

::::::::::: EndRequest Request called at 11/26/2018 5:06:06 PM   :::   17:06:06.7958075

::::::::::: PreSendRequestContent Request called at 11/26/2018 5:06:06 PM   :::   17:06:06.8013041

::::::::::: PreSendRequestHeaders Request called at 11/26/2018 5:06:06 PM   :::   17:06:06.8053211

::::::::::: BeginRequest Request called at 11/26/2018 5:06:07 PM   :::   17:06:07.3265801

::::::::::: AuthenticateRequest Request called at 11/26/2018 5:06:07 PM   :::   17:06:07.3305798

::::::::::: PostAuthenticateRequest Request called at 11/26/2018 5:06:07 PM   :::   17:06:07.3335874

::::::::::: AuthorizeRequest Request called at 11/26/2018 5:06:07 PM   :::   17:06:07.3375748

::::::::::: PostAuthorizeRequest Request called at 11/26/2018 5:06:07 PM   :::   17:06:07.3405789

::::::::::: End Request called at 11/26/2018 5:06:07 PM   :::   17:06:07.3455777

::::::::::: PostResolveRequestCache Request called at 11/26/2018 5:06:07 PM   :::   17:06:07.3495782

::::::::::: AcquireRequestState Request called at 11/26/2018 5:06:07 PM   :::   17:06:07.3535763

::::::::::: PostAcquireRequestState Request called at 11/26/2018 5:06:07 PM   :::   17:06:07.3565744

::::::::::: PreRequestHandlerExecute Request called at 11/26/2018 5:06:07 PM   :::   17:06:07.3585762

::::::::::: PostRequestHandlerExecute Request called at 11/26/2018 5:06:07 PM   :::   17:06:07.7172591

::::::::::: ReleaseRequestState Request called at 11/26/2018 5:06:07 PM   :::   17:06:07.7212607

::::::::::: PostReleaseRequestState Request called at 11/26/2018 5:06:07 PM   :::   17:06:07.7272626

::::::::::: UpdateRequestCache Request called at 11/26/2018 5:06:07 PM   :::   17:06:07.7322586

::::::::::: EndRequest Request called at 11/26/2018 5:06:07 PM   :::   17:06:07.7382616

::::::::::: PreSendRequestContent Request called at 11/26/2018 5:06:07 PM   :::   17:06:07.7462602

::::::::::: PreSendRequestHeaders Request called at 11/26/2018 5:06:07 PM   :::   17:06:07.7512696

::::::::::: BeginRequest Request called at 11/26/2018 5:06:08 PM   :::   17:06:08.3453227

::::::::::: AuthenticateRequest Request called at 11/26/2018 5:06:08 PM   :::   17:06:08.3513222

::::::::::: PostAuthenticateRequest Request called at 11/26/2018 5:06:08 PM   :::   17:06:08.3563226

::::::::::: AuthorizeRequest Request called at 11/26/2018 5:06:08 PM   :::   17:06:08.3623244

::::::::::: PostAuthorizeRequest Request called at 11/26/2018 5:06:08 PM   :::   17:06:08.3683247

::::::::::: End Request called at 11/26/2018 5:06:08 PM   :::   17:06:08.3733330

::::::::::: PostResolveRequestCache Request called at 11/26/2018 5:06:08 PM   :::   17:06:08.3773208

::::::::::: AcquireRequestState Request called at 11/26/2018 5:06:08 PM   :::   17:06:08.3813197

::::::::::: PostAcquireRequestState Request called at 11/26/2018 5:06:08 PM   :::   17:06:08.3853190

::::::::::: PreRequestHandlerExecute Request called at 11/26/2018 5:06:08 PM   :::   17:06:08.3893336

::::::::::: PostRequestHandlerExecute Request called at 11/26/2018 5:06:08 PM   :::   17:06:08.7634174

::::::::::: ReleaseRequestState Request called at 11/26/2018 5:06:08 PM   :::   17:06:08.7674285

::::::::::: PostReleaseRequestState Request called at 11/26/2018 5:06:08 PM   :::   17:06:08.7724179

::::::::::: UpdateRequestCache Request called at 11/26/2018 5:06:08 PM   :::   17:06:08.7784217

::::::::::: EndRequest Request called at 11/26/2018 5:06:08 PM   :::   17:06:08.7834185

::::::::::: PreSendRequestContent Request called at 11/26/2018 5:06:08 PM   :::   17:06:08.7884197

::::::::::: PreSendRequestHeaders Request called at 11/26/2018 5:06:08 PM   :::   17:06:08.7934390

::::::::::: BeginRequest Request called at 11/26/2018 5:06:09 PM   :::   17:06:09.3790948

::::::::::: AuthenticateRequest Request called at 11/26/2018 5:06:09 PM   :::   17:06:09.3860950

::::::::::: PostAuthenticateRequest Request called at 11/26/2018 5:06:09 PM   :::   17:06:09.3911491

::::::::::: AuthorizeRequest Request called at 11/26/2018 5:06:09 PM   :::   17:06:09.3981485

::::::::::: PostAuthorizeRequest Request called at 11/26/2018 5:06:09 PM   :::   17:06:09.4091713

::::::::::: End Request called at 11/26/2018 5:06:09 PM   :::   17:06:09.4191775

::::::::::: PostResolveRequestCache Request called at 11/26/2018 5:06:09 PM   :::   17:06:09.4251679

::::::::::: AcquireRequestState Request called at 11/26/2018 5:06:09 PM   :::   17:06:09.4291700

::::::::::: PostAcquireRequestState Request called at 11/26/2018 5:06:09 PM   :::   17:06:09.4361690

::::::::::: PreRequestHandlerExecute Request called at 11/26/2018 5:06:09 PM   :::   17:06:09.4401714

::::::::::: PostRequestHandlerExecute Request called at 11/26/2018 5:06:09 PM   :::   17:06:09.8217671

::::::::::: ReleaseRequestState Request called at 11/26/2018 5:06:09 PM   :::   17:06:09.8232659

::::::::::: PostReleaseRequestState Request called at 11/26/2018 5:06:09 PM   :::   17:06:09.8242674

::::::::::: UpdateRequestCache Request called at 11/26/2018 5:06:09 PM   :::   17:06:09.8262688

::::::::::: EndRequest Request called at 11/26/2018 5:06:09 PM   :::   17:06:09.8272688

::::::::::: PreSendRequestContent Request called at 11/26/2018 5:06:09 PM   :::   17:06:09.8287692

::::::::::: PreSendRequestHeaders Request called at 11/26/2018 5:06:09 PM   :::   17:06:09.8302685

::::::::::: BeginRequest Request called at 11/26/2018 5:06:16 PM   :::   17:06:16.0806703

::::::::::: AuthenticateRequest Request called at 11/26/2018 5:06:16 PM   :::   17:06:16.0826701

::::::::::: PostAuthenticateRequest Request called at 11/26/2018 5:06:16 PM   :::   17:06:16.0856710

::::::::::: AuthorizeRequest Request called at 11/26/2018 5:06:16 PM   :::   17:06:16.0966689

::::::::::: PostAuthorizeRequest Request called at 11/26/2018 5:06:16 PM   :::   17:06:16.1006698

::::::::::: End Request called at 11/26/2018 5:06:16 PM   :::   17:06:16.1026716

::::::::::: PostResolveRequestCache Request called at 11/26/2018 5:06:16 PM   :::   17:06:16.1056701

::::::::::: AcquireRequestState Request called at 11/26/2018 5:06:16 PM   :::   17:06:16.1076704

::::::::::: PostAcquireRequestState Request called at 11/26/2018 5:06:16 PM   :::   17:06:16.1136805

::::::::::: PreRequestHandlerExecute Request called at 11/26/2018 5:06:16 PM   :::   17:06:16.1166728

::::::::::: PreSendRequestContent Request called at 11/26/2018 5:06:29 PM   :::   17:06:29.2308645

::::::::::: PreSendRequestHeaders Request called at 11/26/2018 5:06:29 PM   :::   17:06:29.2393849

::::::::::: PostRequestHandlerExecute Request called at 11/26/2018 5:06:29 PM   :::   17:06:29.2704084

::::::::::: ReleaseRequestState Request called at 11/26/2018 5:06:29 PM   :::   17:06:29.2734046

::::::::::: PostReleaseRequestState Request called at 11/26/2018 5:06:29 PM   :::   17:06:29.2774050

::::::::::: UpdateRequestCache Request called at 11/26/2018 5:06:29 PM   :::   17:06:29.2804048

::::::::::: EndRequest Request called at 11/26/2018 5:06:29 PM   :::   17:06:29.2884017

::::::::::: PreSendRequestContent Request called at 11/26/2018 5:06:29 PM   :::   17:06:29.2914023

::::::::::: BeginRequest Request called at 11/26/2018 5:06:29 PM   :::   17:06:29.7815063

::::::::::: AuthenticateRequest Request called at 11/26/2018 5:06:29 PM   :::   17:06:29.7845069

::::::::::: PostAuthenticateRequest Request called at 11/26/2018 5:06:29 PM   :::   17:06:29.7865067

::::::::::: AuthorizeRequest Request called at 11/26/2018 5:06:29 PM   :::   17:06:29.7885069

::::::::::: PostAuthorizeRequest Request called at 11/26/2018 5:06:29 PM   :::   17:06:29.7905075

::::::::::: End Request called at 11/26/2018 5:06:29 PM   :::   17:06:29.7925058

::::::::::: PostResolveRequestCache Request called at 11/26/2018 5:06:29 PM   :::   17:06:29.7945076

::::::::::: AcquireRequestState Request called at 11/26/2018 5:06:29 PM   :::   17:06:29.7975058

::::::::::: PostAcquireRequestState Request called at 11/26/2018 5:06:29 PM   :::   17:06:29.8005083

::::::::::: PreRequestHandlerExecute Request called at 11/26/2018 5:06:29 PM   :::   17:06:29.8025109

::::::::::: PostRequestHandlerExecute Request called at 11/26/2018 5:06:30 PM   :::   17:06:30.1540593

::::::::::: ReleaseRequestState Request called at 11/26/2018 5:06:30 PM   :::   17:06:30.1555625

::::::::::: PostReleaseRequestState Request called at 11/26/2018 5:06:30 PM   :::   17:06:30.1570606

::::::::::: UpdateRequestCache Request called at 11/26/2018 5:06:30 PM   :::   17:06:30.1580589

::::::::::: EndRequest Request called at 11/26/2018 5:06:30 PM   :::   17:06:30.1595590

::::::::::: PreSendRequestContent Request called at 11/26/2018 5:06:30 PM   :::   17:06:30.1605601

::::::::::: PreSendRequestHeaders Request called at 11/26/2018 5:06:30 PM   :::   17:06:30.1620598

::::::::::: BeginRequest Request called at 11/26/2018 5:06:34 PM   :::   17:06:34.7464382

::::::::::: AuthenticateRequest Request called at 11/26/2018 5:06:34 PM   :::   17:06:34.7484404

::::::::::: PostAuthenticateRequest Request called at 11/26/2018 5:06:34 PM   :::   17:06:34.7504367

::::::::::: AuthorizeRequest Request called at 11/26/2018 5:06:34 PM   :::   17:06:34.7524476

::::::::::: PostAuthorizeRequest Request called at 11/26/2018 5:06:34 PM   :::   17:06:34.7549468

::::::::::: End Request called at 11/26/2018 5:06:34 PM   :::   17:06:34.7569490

::::::::::: PostResolveRequestCache Request called at 11/26/2018 5:06:34 PM   :::   17:06:34.7659533

::::::::::: AcquireRequestState Request called at 11/26/2018 5:06:34 PM   :::   17:06:34.7749881

::::::::::: PostAcquireRequestState Request called at 11/26/2018 5:06:34 PM   :::   17:06:34.7789858

::::::::::: PreRequestHandlerExecute Request called at 11/26/2018 5:06:34 PM   :::   17:06:34.7799857

::::::::::: PreSendRequestContent Request called at 11/26/2018 5:06:47 PM   :::   17:06:47.5010333

::::::::::: PreSendRequestHeaders Request called at 11/26/2018 5:06:47 PM   :::   17:06:47.5030311

::::::::::: PostRequestHandlerExecute Request called at 11/26/2018 5:06:47 PM   :::   17:06:47.5180342

::::::::::: ReleaseRequestState Request called at 11/26/2018 5:06:47 PM   :::   17:06:47.5240341

::::::::::: PostReleaseRequestState Request called at 11/26/2018 5:06:47 PM   :::   17:06:47.5340336

::::::::::: UpdateRequestCache Request called at 11/26/2018 5:06:47 PM   :::   17:06:47.5430483

::::::::::: EndRequest Request called at 11/26/2018 5:06:47 PM   :::   17:06:47.5550335

::::::::::: PreSendRequestContent Request called at 11/26/2018 5:06:47 PM   :::   17:06:47.5625476

::::::::::: BeginRequest Request called at 11/26/2018 5:06:48 PM   :::   17:06:48.1061999

::::::::::: AuthenticateRequest Request called at 11/26/2018 5:06:48 PM   :::   17:06:48.1112011

::::::::::: PostAuthenticateRequest Request called at 11/26/2018 5:06:48 PM   :::   17:06:48.1142016

::::::::::: AuthorizeRequest Request called at 11/26/2018 5:06:48 PM   :::   17:06:48.1172041

::::::::::: PostAuthorizeRequest Request called at 11/26/2018 5:06:48 PM   :::   17:06:48.1192008

::::::::::: End Request called at 11/26/2018 5:06:48 PM   :::   17:06:48.1262002

::::::::::: PostResolveRequestCache Request called at 11/26/2018 5:06:48 PM   :::   17:06:48.1301991

::::::::::: AcquireRequestState Request called at 11/26/2018 5:06:48 PM   :::   17:06:48.1332016

::::::::::: PostAcquireRequestState Request called at 11/26/2018 5:06:48 PM   :::   17:06:48.1361997

::::::::::: PreRequestHandlerExecute Request called at 11/26/2018 5:06:48 PM   :::   17:06:48.1382000

::::::::::: PostRequestHandlerExecute Request called at 11/26/2018 5:06:48 PM   :::   17:06:48.5467365

::::::::::: ReleaseRequestState Request called at 11/26/2018 5:06:48 PM   :::   17:06:48.5507365

::::::::::: PostReleaseRequestState Request called at 11/26/2018 5:06:48 PM   :::   17:06:48.5537351

::::::::::: UpdateRequestCache Request called at 11/26/2018 5:06:48 PM   :::   17:06:48.5647369

::::::::::: EndRequest Request called at 11/26/2018 5:06:48 PM   :::   17:06:48.5672354

::::::::::: PreSendRequestContent Request called at 11/26/2018 5:06:48 PM   :::   17:06:48.5702351

::::::::::: PreSendRequestHeaders Request called at 11/26/2018 5:06:48 PM   :::   17:06:48.5757364

::::::::::: BeginRequest Request called at 11/26/2018 5:07:04 PM   :::   17:07:04.8409352

::::::::::: AuthenticateRequest Request called at 11/26/2018 5:07:04 PM   :::   17:07:04.8429394

::::::::::: PostAuthenticateRequest Request called at 11/26/2018 5:07:04 PM   :::   17:07:04.8479354

::::::::::: AuthorizeRequest Request called at 11/26/2018 5:07:04 PM   :::   17:07:04.8539412

::::::::::: PostAuthorizeRequest Request called at 11/26/2018 5:07:04 PM   :::   17:07:04.8579507

::::::::::: End Request called at 11/26/2018 5:07:04 PM   :::   17:07:04.8619512

::::::::::: PostResolveRequestCache Request called at 11/26/2018 5:07:04 PM   :::   17:07:04.8639341

::::::::::: AcquireRequestState Request called at 11/26/2018 5:07:04 PM   :::   17:07:04.8669350

::::::::::: PostAcquireRequestState Request called at 11/26/2018 5:07:04 PM   :::   17:07:04.8764454

::::::::::: PreRequestHandlerExecute Request called at 11/26/2018 5:07:04 PM   :::   17:07:04.8824481

::::::::::: PreSendRequestContent Request called at 11/26/2018 5:07:17 PM   :::   17:07:17.8581683

::::::::::: PreSendRequestHeaders Request called at 11/26/2018 5:07:17 PM   :::   17:07:17.8621991

::::::::::: PostRequestHandlerExecute Request called at 11/26/2018 5:07:17 PM   :::   17:07:17.8911907

::::::::::: ReleaseRequestState Request called at 11/26/2018 5:07:17 PM   :::   17:07:17.9027144

::::::::::: PostReleaseRequestState Request called at 11/26/2018 5:07:17 PM   :::   17:07:17.9087068

::::::::::: UpdateRequestCache Request called at 11/26/2018 5:07:17 PM   :::   17:07:17.9197083

::::::::::: EndRequest Request called at 11/26/2018 5:07:17 PM   :::   17:07:17.9257050

::::::::::: PreSendRequestContent Request called at 11/26/2018 5:07:17 PM   :::   17:07:17.9317037

::::::::::: BeginRequest Request called at 11/26/2018 5:07:18 PM   :::   17:07:18.3768005

::::::::::: AuthenticateRequest Request called at 11/26/2018 5:07:18 PM   :::   17:07:18.3787988

::::::::::: PostAuthenticateRequest Request called at 11/26/2018 5:07:18 PM   :::   17:07:18.3807986

::::::::::: AuthorizeRequest Request called at 11/26/2018 5:07:18 PM   :::   17:07:18.3823097

::::::::::: PostAuthorizeRequest Request called at 11/26/2018 5:07:18 PM   :::   17:07:18.3843068

::::::::::: End Request called at 11/26/2018 5:07:18 PM   :::   17:07:18.3858077

::::::::::: PostResolveRequestCache Request called at 11/26/2018 5:07:18 PM   :::   17:07:18.3878079

::::::::::: AcquireRequestState Request called at 11/26/2018 5:07:18 PM   :::   17:07:18.3898073

::::::::::: PostAcquireRequestState Request called at 11/26/2018 5:07:18 PM   :::   17:07:18.3913062

::::::::::: PreRequestHandlerExecute Request called at 11/26/2018 5:07:18 PM   :::   17:07:18.3928059

::::::::::: PostRequestHandlerExecute Request called at 11/26/2018 5:07:18 PM   :::   17:07:18.7478668

::::::::::: ReleaseRequestState Request called at 11/26/2018 5:07:18 PM   :::   17:07:18.7508689

::::::::::: PostReleaseRequestState Request called at 11/26/2018 5:07:18 PM   :::   17:07:18.7518720

::::::::::: UpdateRequestCache Request called at 11/26/2018 5:07:18 PM   :::   17:07:18.7538683

::::::::::: EndRequest Request called at 11/26/2018 5:07:18 PM   :::   17:07:18.7558677

::::::::::: PreSendRequestContent Request called at 11/26/2018 5:07:18 PM   :::   17:07:18.7568692

::::::::::: PreSendRequestHeaders Request called at 11/26/2018 5:07:18 PM   :::   17:07:18.7588691

::::::::::: BeginRequest Request called at 11/26/2018 5:07:26 PM   :::   17:07:26.4984302

::::::::::: AuthenticateRequest Request called at 11/26/2018 5:07:26 PM   :::   17:07:26.4999307

::::::::::: PostAuthenticateRequest Request called at 11/26/2018 5:07:26 PM   :::   17:07:26.5039320

::::::::::: AuthorizeRequest Request called at 11/26/2018 5:07:26 PM   :::   17:07:26.5109456

::::::::::: PostAuthorizeRequest Request called at 11/26/2018 5:07:26 PM   :::   17:07:26.5199452

::::::::::: End Request called at 11/26/2018 5:07:26 PM   :::   17:07:26.5239457

::::::::::: PostResolveRequestCache Request called at 11/26/2018 5:07:26 PM   :::   17:07:26.5269427

::::::::::: AcquireRequestState Request called at 11/26/2018 5:07:26 PM   :::   17:07:26.5289437

::::::::::: PostAcquireRequestState Request called at 11/26/2018 5:07:26 PM   :::   17:07:26.5309439

::::::::::: PreRequestHandlerExecute Request called at 11/26/2018 5:07:26 PM   :::   17:07:26.5339444

::::::::::: PreSendRequestContent Request called at 11/26/2018 5:07:40 PM   :::   17:07:40.1769413

::::::::::: PreSendRequestHeaders Request called at 11/26/2018 5:07:40 PM   :::   17:07:40.1809417

::::::::::: PostRequestHandlerExecute Request called at 11/26/2018 5:07:40 PM   :::   17:07:40.2144541

::::::::::: ReleaseRequestState Request called at 11/26/2018 5:07:40 PM   :::   17:07:40.2179690

::::::::::: PostReleaseRequestState Request called at 11/26/2018 5:07:40 PM   :::   17:07:40.2289685

::::::::::: UpdateRequestCache Request called at 11/26/2018 5:07:40 PM   :::   17:07:40.2369682

::::::::::: EndRequest Request called at 11/26/2018 5:07:40 PM   :::   17:07:40.2429661

::::::::::: PreSendRequestContent Request called at 11/26/2018 5:07:40 PM   :::   17:07:40.2469682

::::::::::: BeginRequest Request called at 11/26/2018 5:07:40 PM   :::   17:07:40.6895362

::::::::::: AuthenticateRequest Request called at 11/26/2018 5:07:40 PM   :::   17:07:40.6915356

::::::::::: PostAuthenticateRequest Request called at 11/26/2018 5:07:40 PM   :::   17:07:40.6930369

::::::::::: AuthorizeRequest Request called at 11/26/2018 5:07:40 PM   :::   17:07:40.6945381

::::::::::: PostAuthorizeRequest Request called at 11/26/2018 5:07:40 PM   :::   17:07:40.6960354

::::::::::: End Request called at 11/26/2018 5:07:40 PM   :::   17:07:40.6970444

::::::::::: PostResolveRequestCache Request called at 11/26/2018 5:07:40 PM   :::   17:07:40.6990423

::::::::::: AcquireRequestState Request called at 11/26/2018 5:07:40 PM   :::   17:07:40.7010433

::::::::::: PostAcquireRequestState Request called at 11/26/2018 5:07:40 PM   :::   17:07:40.7020440

::::::::::: PreRequestHandlerExecute Request called at 11/26/2018 5:07:40 PM   :::   17:07:40.7050453

::::::::::: PostRequestHandlerExecute Request called at 11/26/2018 5:07:41 PM   :::   17:07:41.0521255

::::::::::: ReleaseRequestState Request called at 11/26/2018 5:07:41 PM   :::   17:07:41.0551225

::::::::::: PostReleaseRequestState Request called at 11/26/2018 5:07:41 PM   :::   17:07:41.0571255

::::::::::: UpdateRequestCache Request called at 11/26/2018 5:07:41 PM   :::   17:07:41.0591237

::::::::::: EndRequest Request called at 11/26/2018 5:07:41 PM   :::   17:07:41.0611247

::::::::::: PreSendRequestContent Request called at 11/26/2018 5:07:41 PM   :::   17:07:41.0631254

::::::::::: PreSendRequestHeaders Request called at 11/26/2018 5:07:41 PM   :::   17:07:41.0651248

