::::::::::: BeginRequest Request called at 9/27/2018 12:15:59 AM   :::   00:15:59.9606602

::::::::::: AuthenticateRequest Request called at 9/27/2018 12:15:59 AM   :::   00:15:59.9646599

::::::::::: PostAuthenticateRequest Request called at 9/27/2018 12:15:59 AM   :::   00:15:59.9646599

::::::::::: AuthorizeRequest Request called at 9/27/2018 12:15:59 AM   :::   00:15:59.9686604

::::::::::: PostAuthorizeRequest Request called at 9/27/2018 12:15:59 AM   :::   00:15:59.9686604

::::::::::: End Request called at 9/27/2018 12:15:59 AM   :::   00:15:59.9686604

::::::::::: PostResolveRequestCache Request called at 9/27/2018 12:15:59 AM   :::   00:15:59.9726605

::::::::::: AcquireRequestState Request called at 9/27/2018 12:15:59 AM   :::   00:15:59.9766609

::::::::::: PostAcquireRequestState Request called at 9/27/2018 12:15:59 AM   :::   00:15:59.9821654

::::::::::: PreRequestHandlerExecute Request called at 9/27/2018 12:15:59 AM   :::   00:15:59.9836667

::::::::::: AuthenticateRequest Request called at 9/27/2018 12:15:59 AM   :::   00:15:59.9901711

::::::::::: PostRequestHandlerExecute Request called at 9/27/2018 12:15:59 AM   :::   00:15:59.9911730

::::::::::: ReleaseRequestState Request called at 9/27/2018 12:15:59 AM   :::   00:15:59.9946741

::::::::::: PostReleaseRequestState Request called at 9/27/2018 12:16:00 AM   :::   00:16:00.0006788

::::::::::: UpdateRequestCache Request called at 9/27/2018 12:16:00 AM   :::   00:16:00.0086789

::::::::::: EndRequest Request called at 9/27/2018 12:16:00 AM   :::   00:16:00.0166799

::::::::::: PreSendRequestContent Request called at 9/27/2018 12:16:00 AM   :::   00:16:00.0206792

::::::::::: PreSendRequestHeaders Request called at 9/27/2018 12:16:00 AM   :::   00:16:00.0246796

::::::::::: PostAcquireRequestState Request called at 9/27/2018 12:16:00 AM   :::   00:16:00.0366803

::::::::::: PreRequestHandlerExecute Request called at 9/27/2018 12:16:00 AM   :::   00:16:00.0406807

::::::::::: PostRequestHandlerExecute Request called at 9/27/2018 12:16:00 AM   :::   00:16:00.1007016

::::::::::: ReleaseRequestState Request called at 9/27/2018 12:16:00 AM   :::   00:16:00.1047029

::::::::::: PostReleaseRequestState Request called at 9/27/2018 12:16:00 AM   :::   00:16:00.1047029

::::::::::: UpdateRequestCache Request called at 9/27/2018 12:16:00 AM   :::   00:16:00.1087042

::::::::::: EndRequest Request called at 9/27/2018 12:16:00 AM   :::   00:16:00.1087042

::::::::::: PreSendRequestContent Request called at 9/27/2018 12:16:00 AM   :::   00:16:00.1087042

::::::::::: PreSendRequestHeaders Request called at 9/27/2018 12:16:00 AM   :::   00:16:00.1127086

::::::::::: BeginRequest Request called at 9/27/2018 12:16:01 AM   :::   00:16:01.9218958

::::::::::: AuthenticateRequest Request called at 9/27/2018 12:16:01 AM   :::   00:16:01.9258967

::::::::::: PostAuthenticateRequest Request called at 9/27/2018 12:16:01 AM   :::   00:16:01.9298964

::::::::::: AuthorizeRequest Request called at 9/27/2018 12:16:01 AM   :::   00:16:01.9338977

::::::::::: PostAuthorizeRequest Request called at 9/27/2018 12:16:01 AM   :::   00:16:01.9338977

::::::::::: End Request called at 9/27/2018 12:16:01 AM   :::   00:16:01.9499094

::::::::::: PostResolveRequestCache Request called at 9/27/2018 12:16:01 AM   :::   00:16:01.9538976

::::::::::: AcquireRequestState Request called at 9/27/2018 12:16:01 AM   :::   00:16:01.9578977

::::::::::: PostAcquireRequestState Request called at 9/27/2018 12:16:01 AM   :::   00:16:01.9619041

::::::::::: PreRequestHandlerExecute Request called at 9/27/2018 12:16:01 AM   :::   00:16:01.9619041

::::::::::: PreSendRequestContent Request called at 9/27/2018 12:16:04 AM   :::   00:16:04.0000408

::::::::::: PreSendRequestHeaders Request called at 9/27/2018 12:16:04 AM   :::   00:16:04.0040413

::::::::::: PostRequestHandlerExecute Request called at 9/27/2018 12:16:04 AM   :::   00:16:04.0095466

::::::::::: ReleaseRequestState Request called at 9/27/2018 12:16:04 AM   :::   00:16:04.0125499

::::::::::: PostReleaseRequestState Request called at 9/27/2018 12:16:04 AM   :::   00:16:04.0140496

::::::::::: UpdateRequestCache Request called at 9/27/2018 12:16:04 AM   :::   00:16:04.0155509

::::::::::: EndRequest Request called at 9/27/2018 12:16:04 AM   :::   00:16:04.0175523

::::::::::: PreSendRequestContent Request called at 9/27/2018 12:16:04 AM   :::   00:16:04.0190532

::::::::::: BeginRequest Request called at 9/27/2018 12:28:27 AM   :::   00:28:27.9846781

::::::::::: AuthenticateRequest Request called at 9/27/2018 12:28:27 AM   :::   00:28:27.9866783

::::::::::: PostAuthenticateRequest Request called at 9/27/2018 12:28:27 AM   :::   00:28:27.9876822

::::::::::: AuthorizeRequest Request called at 9/27/2018 12:28:27 AM   :::   00:28:27.9896808

::::::::::: PostAuthorizeRequest Request called at 9/27/2018 12:28:27 AM   :::   00:28:27.9916823

::::::::::: End Request called at 9/27/2018 12:28:27 AM   :::   00:28:27.9936841

::::::::::: PostResolveRequestCache Request called at 9/27/2018 12:28:27 AM   :::   00:28:27.9956851

::::::::::: AcquireRequestState Request called at 9/27/2018 12:28:27 AM   :::   00:28:27.9986884

::::::::::: PostAcquireRequestState Request called at 9/27/2018 12:28:28 AM   :::   00:28:28.0006910

::::::::::: PreRequestHandlerExecute Request called at 9/27/2018 12:28:28 AM   :::   00:28:28.0076991

::::::::::: PostRequestHandlerExecute Request called at 9/27/2018 12:28:28 AM   :::   00:28:28.0116968

::::::::::: ReleaseRequestState Request called at 9/27/2018 12:28:28 AM   :::   00:28:28.0167008

::::::::::: PostReleaseRequestState Request called at 9/27/2018 12:28:28 AM   :::   00:28:28.0187018

::::::::::: UpdateRequestCache Request called at 9/27/2018 12:28:28 AM   :::   00:28:28.0207028

::::::::::: EndRequest Request called at 9/27/2018 12:28:28 AM   :::   00:28:28.0217036

::::::::::: PreSendRequestContent Request called at 9/27/2018 12:28:28 AM   :::   00:28:28.0227047

::::::::::: PreSendRequestHeaders Request called at 9/27/2018 12:28:28 AM   :::   00:28:28.0257068

::::::::::: BeginRequest Request called at 9/27/2018 12:28:28 AM   :::   00:28:28.0647448

::::::::::: AuthenticateRequest Request called at 9/27/2018 12:28:28 AM   :::   00:28:28.0677362

::::::::::: PostAuthenticateRequest Request called at 9/27/2018 12:28:28 AM   :::   00:28:28.0697384

::::::::::: AuthorizeRequest Request called at 9/27/2018 12:28:28 AM   :::   00:28:28.0707395

::::::::::: PostAuthorizeRequest Request called at 9/27/2018 12:28:28 AM   :::   00:28:28.0727398

::::::::::: End Request called at 9/27/2018 12:28:28 AM   :::   00:28:28.0747420

::::::::::: PostResolveRequestCache Request called at 9/27/2018 12:28:28 AM   :::   00:28:28.0767430

::::::::::: AcquireRequestState Request called at 9/27/2018 12:28:28 AM   :::   00:28:28.0777457

::::::::::: PostAcquireRequestState Request called at 9/27/2018 12:28:28 AM   :::   00:28:28.0817505

::::::::::: PreRequestHandlerExecute Request called at 9/27/2018 12:28:28 AM   :::   00:28:28.0837500

::::::::::: PreSendRequestContent Request called at 9/27/2018 12:36:53 AM   :::   00:36:53.1000791

::::::::::: PreSendRequestHeaders Request called at 9/27/2018 12:36:53 AM   :::   00:36:53.1030844

::::::::::: Error Request called at 9/27/2018 12:36:53 AM   :::   00:36:53.1070841

::::::::::: PreSendRequestContent Request called at 9/27/2018 12:37:03 AM   :::   00:37:03.1381061

::::::::::: PreSendRequestContent Request called at 9/27/2018 12:37:03 AM   :::   00:37:03.1441115

::::::::::: PreSendRequestContent Request called at 9/27/2018 12:37:03 AM   :::   00:37:03.1481128

::::::::::: PreSendRequestContent Request called at 9/27/2018 12:37:03 AM   :::   00:37:03.1511149

::::::::::: EndRequest Request called at 9/27/2018 12:37:03 AM   :::   00:37:03.1531167

::::::::::: PreSendRequestContent Request called at 9/27/2018 12:37:03 AM   :::   00:37:03.1551182

::::::::::: BeginRequest Request called at 9/27/2018 8:06:08 PM   :::   20:06:08.5800110

::::::::::: AuthenticateRequest Request called at 9/27/2018 8:06:08 PM   :::   20:06:08.5840107

::::::::::: PostAuthenticateRequest Request called at 9/27/2018 8:06:08 PM   :::   20:06:08.5880111

::::::::::: AuthorizeRequest Request called at 9/27/2018 8:06:08 PM   :::   20:06:08.5920112

::::::::::: PostAuthorizeRequest Request called at 9/27/2018 8:06:08 PM   :::   20:06:08.5920112

::::::::::: End Request called at 9/27/2018 8:06:08 PM   :::   20:06:08.5960117

::::::::::: BeginRequest Request called at 9/27/2018 8:06:08 PM   :::   20:06:08.6120128

::::::::::: AuthenticateRequest Request called at 9/27/2018 8:06:08 PM   :::   20:06:08.6160125

::::::::::: PostAuthenticateRequest Request called at 9/27/2018 8:06:08 PM   :::   20:06:08.6160125

::::::::::: AuthorizeRequest Request called at 9/27/2018 8:06:08 PM   :::   20:06:08.6200125

::::::::::: PostAuthorizeRequest Request called at 9/27/2018 8:06:08 PM   :::   20:06:08.6200125

::::::::::: End Request called at 9/27/2018 8:06:08 PM   :::   20:06:08.6200125

::::::::::: PostResolveRequestCache Request called at 9/27/2018 8:06:08 PM   :::   20:06:08.6240130

::::::::::: AcquireRequestState Request called at 9/27/2018 8:06:08 PM   :::   20:06:08.6360140

::::::::::: PostAcquireRequestState Request called at 9/27/2018 8:06:08 PM   :::   20:06:08.6360140

::::::::::: PreRequestHandlerExecute Request called at 9/27/2018 8:06:08 PM   :::   20:06:08.6400145

::::::::::: PostResolveRequestCache Request called at 9/27/2018 8:06:08 PM   :::   20:06:08.7240205

::::::::::: AcquireRequestState Request called at 9/27/2018 8:06:08 PM   :::   20:06:08.7240205

::::::::::: PostAcquireRequestState Request called at 9/27/2018 8:06:08 PM   :::   20:06:08.7280209

::::::::::: PreRequestHandlerExecute Request called at 9/27/2018 8:06:08 PM   :::   20:06:08.7280209

::::::::::: PostRequestHandlerExecute Request called at 9/27/2018 8:06:08 PM   :::   20:06:08.7720234

::::::::::: ReleaseRequestState Request called at 9/27/2018 8:06:08 PM   :::   20:06:08.7760235

::::::::::: PostReleaseRequestState Request called at 9/27/2018 8:06:08 PM   :::   20:06:08.7800239

::::::::::: UpdateRequestCache Request called at 9/27/2018 8:06:08 PM   :::   20:06:08.7840299

::::::::::: EndRequest Request called at 9/27/2018 8:06:08 PM   :::   20:06:08.7880245

::::::::::: PreSendRequestContent Request called at 9/27/2018 8:06:08 PM   :::   20:06:08.8000259

::::::::::: PreSendRequestHeaders Request called at 9/27/2018 8:06:08 PM   :::   20:06:08.8040256

::::::::::: BeginRequest Request called at 9/27/2018 8:06:10 PM   :::   20:06:10.1681191

::::::::::: AuthenticateRequest Request called at 9/27/2018 8:06:10 PM   :::   20:06:10.1681191

::::::::::: PostAuthenticateRequest Request called at 9/27/2018 8:06:10 PM   :::   20:06:10.1721191

::::::::::: AuthorizeRequest Request called at 9/27/2018 8:06:10 PM   :::   20:06:10.1721191

::::::::::: PostAuthorizeRequest Request called at 9/27/2018 8:06:10 PM   :::   20:06:10.1761196

::::::::::: End Request called at 9/27/2018 8:06:10 PM   :::   20:06:10.1761196

::::::::::: PostResolveRequestCache Request called at 9/27/2018 8:06:10 PM   :::   20:06:10.1801201

::::::::::: AcquireRequestState Request called at 9/27/2018 8:06:10 PM   :::   20:06:10.1801201

::::::::::: PostAcquireRequestState Request called at 9/27/2018 8:06:10 PM   :::   20:06:10.1801201

::::::::::: PreRequestHandlerExecute Request called at 9/27/2018 8:06:10 PM   :::   20:06:10.1841198

::::::::::: PostRequestHandlerExecute Request called at 9/27/2018 8:06:11 PM   :::   20:06:11.0881823

::::::::::: ReleaseRequestState Request called at 9/27/2018 8:06:11 PM   :::   20:06:11.0881823

::::::::::: PostReleaseRequestState Request called at 9/27/2018 8:06:11 PM   :::   20:06:11.0922001

::::::::::: UpdateRequestCache Request called at 9/27/2018 8:06:11 PM   :::   20:06:11.1281842

::::::::::: EndRequest Request called at 9/27/2018 8:06:11 PM   :::   20:06:11.1281842

::::::::::: PreSendRequestContent Request called at 9/27/2018 8:06:11 PM   :::   20:06:11.1321957

::::::::::: PreSendRequestHeaders Request called at 9/27/2018 8:06:11 PM   :::   20:06:11.1321957

::::::::::: BeginRequest Request called at 9/27/2018 8:06:11 PM   :::   20:06:11.4922102

::::::::::: AuthenticateRequest Request called at 9/27/2018 8:06:11 PM   :::   20:06:11.4962095

::::::::::: PostAuthenticateRequest Request called at 9/27/2018 8:06:11 PM   :::   20:06:11.4962095

::::::::::: AuthorizeRequest Request called at 9/27/2018 8:06:11 PM   :::   20:06:11.4962095

::::::::::: PostAuthorizeRequest Request called at 9/27/2018 8:06:11 PM   :::   20:06:11.4962095

::::::::::: End Request called at 9/27/2018 8:06:11 PM   :::   20:06:11.5002100

::::::::::: PostResolveRequestCache Request called at 9/27/2018 8:06:11 PM   :::   20:06:11.5002100

::::::::::: AcquireRequestState Request called at 9/27/2018 8:06:11 PM   :::   20:06:11.5042112

::::::::::: PostAcquireRequestState Request called at 9/27/2018 8:06:11 PM   :::   20:06:11.5042112

::::::::::: PreRequestHandlerExecute Request called at 9/27/2018 8:06:11 PM   :::   20:06:11.5042112

::::::::::: PostRequestHandlerExecute Request called at 9/27/2018 8:06:11 PM   :::   20:06:11.5242120

::::::::::: ReleaseRequestState Request called at 9/27/2018 8:06:11 PM   :::   20:06:11.5242120

::::::::::: PostReleaseRequestState Request called at 9/27/2018 8:06:11 PM   :::   20:06:11.5242120

::::::::::: UpdateRequestCache Request called at 9/27/2018 8:06:11 PM   :::   20:06:11.5282133

::::::::::: EndRequest Request called at 9/27/2018 8:06:11 PM   :::   20:06:11.5282133

::::::::::: PreSendRequestContent Request called at 9/27/2018 8:06:11 PM   :::   20:06:11.5282133

::::::::::: PreSendRequestHeaders Request called at 9/27/2018 8:06:11 PM   :::   20:06:11.5322141

::::::::::: PreSendRequestContent Request called at 9/27/2018 8:06:18 PM   :::   20:06:18.2775332

::::::::::: PreSendRequestHeaders Request called at 9/27/2018 8:06:18 PM   :::   20:06:18.2775332

::::::::::: PostRequestHandlerExecute Request called at 9/27/2018 8:06:18 PM   :::   20:06:18.3015254

::::::::::: ReleaseRequestState Request called at 9/27/2018 8:06:18 PM   :::   20:06:18.3055262

::::::::::: PostReleaseRequestState Request called at 9/27/2018 8:06:18 PM   :::   20:06:18.3095251

::::::::::: UpdateRequestCache Request called at 9/27/2018 8:06:18 PM   :::   20:06:18.3135268

::::::::::: EndRequest Request called at 9/27/2018 8:06:18 PM   :::   20:06:18.3175265

::::::::::: PreSendRequestContent Request called at 9/27/2018 8:06:18 PM   :::   20:06:18.3215262

::::::::::: BeginRequest Request called at 9/27/2018 8:59:26 PM   :::   20:59:26.7369223

::::::::::: AuthenticateRequest Request called at 9/27/2018 8:59:26 PM   :::   20:59:26.7409224

::::::::::: PostAuthenticateRequest Request called at 9/27/2018 8:59:26 PM   :::   20:59:26.7409224

::::::::::: AuthorizeRequest Request called at 9/27/2018 8:59:26 PM   :::   20:59:26.7409224

::::::::::: PostAuthorizeRequest Request called at 9/27/2018 8:59:26 PM   :::   20:59:26.7449237

::::::::::: End Request called at 9/27/2018 8:59:26 PM   :::   20:59:26.7449237

::::::::::: PostResolveRequestCache Request called at 9/27/2018 8:59:26 PM   :::   20:59:26.7489245

::::::::::: AcquireRequestState Request called at 9/27/2018 8:59:26 PM   :::   20:59:26.7489245

::::::::::: PostAcquireRequestState Request called at 9/27/2018 8:59:26 PM   :::   20:59:26.7489245

::::::::::: PreRequestHandlerExecute Request called at 9/27/2018 8:59:26 PM   :::   20:59:26.7489245

::::::::::: PostRequestHandlerExecute Request called at 9/27/2018 8:59:26 PM   :::   20:59:26.7529230

::::::::::: ReleaseRequestState Request called at 9/27/2018 8:59:26 PM   :::   20:59:26.7529230

::::::::::: PostReleaseRequestState Request called at 9/27/2018 8:59:26 PM   :::   20:59:26.7529230

::::::::::: UpdateRequestCache Request called at 9/27/2018 8:59:26 PM   :::   20:59:26.7569235

::::::::::: EndRequest Request called at 9/27/2018 8:59:26 PM   :::   20:59:26.7569235

::::::::::: PreSendRequestContent Request called at 9/27/2018 8:59:26 PM   :::   20:59:26.7569235

::::::::::: PreSendRequestHeaders Request called at 9/27/2018 8:59:26 PM   :::   20:59:26.7609240

::::::::::: BeginRequest Request called at 9/27/2018 8:59:26 PM   :::   20:59:26.7649241

::::::::::: AuthenticateRequest Request called at 9/27/2018 8:59:26 PM   :::   20:59:26.7689245

::::::::::: PostAuthenticateRequest Request called at 9/27/2018 8:59:26 PM   :::   20:59:26.7689245

::::::::::: AuthorizeRequest Request called at 9/27/2018 8:59:26 PM   :::   20:59:26.7729246

::::::::::: PostAuthorizeRequest Request called at 9/27/2018 8:59:26 PM   :::   20:59:26.7729246

::::::::::: End Request called at 9/27/2018 8:59:26 PM   :::   20:59:26.7769251

::::::::::: PostResolveRequestCache Request called at 9/27/2018 8:59:26 PM   :::   20:59:26.7769251

::::::::::: AcquireRequestState Request called at 9/27/2018 8:59:26 PM   :::   20:59:26.7809252

::::::::::: PostAcquireRequestState Request called at 9/27/2018 8:59:26 PM   :::   20:59:26.7809252

::::::::::: PreRequestHandlerExecute Request called at 9/27/2018 8:59:26 PM   :::   20:59:26.7809252

::::::::::: PostRequestHandlerExecute Request called at 9/27/2018 8:59:33 PM   :::   20:59:33.9414181

::::::::::: ReleaseRequestState Request called at 9/27/2018 8:59:33 PM   :::   20:59:33.9414181

::::::::::: PostReleaseRequestState Request called at 9/27/2018 8:59:33 PM   :::   20:59:33.9454182

::::::::::: UpdateRequestCache Request called at 9/27/2018 8:59:33 PM   :::   20:59:33.9454182

::::::::::: EndRequest Request called at 9/27/2018 8:59:33 PM   :::   20:59:33.9454182

::::::::::: BeginRequest Request called at 9/27/2018 9:00:04 PM   :::   21:00:04.2458812

::::::::::: AuthenticateRequest Request called at 9/27/2018 9:00:04 PM   :::   21:00:04.2458812

::::::::::: PostAuthenticateRequest Request called at 9/27/2018 9:00:04 PM   :::   21:00:04.2498812

::::::::::: AuthorizeRequest Request called at 9/27/2018 9:00:04 PM   :::   21:00:04.2498812

::::::::::: PostAuthorizeRequest Request called at 9/27/2018 9:00:04 PM   :::   21:00:04.2538821

::::::::::: End Request called at 9/27/2018 9:00:04 PM   :::   21:00:04.2538821

::::::::::: PostResolveRequestCache Request called at 9/27/2018 9:00:04 PM   :::   21:00:04.2578873

::::::::::: AcquireRequestState Request called at 9/27/2018 9:00:04 PM   :::   21:00:04.2578873

::::::::::: PostAcquireRequestState Request called at 9/27/2018 9:00:04 PM   :::   21:00:04.2618823

::::::::::: PreRequestHandlerExecute Request called at 9/27/2018 9:00:04 PM   :::   21:00:04.2658827

::::::::::: PostRequestHandlerExecute Request called at 9/27/2018 9:00:04 PM   :::   21:00:04.2658827

::::::::::: ReleaseRequestState Request called at 9/27/2018 9:00:04 PM   :::   21:00:04.2658827

::::::::::: PostReleaseRequestState Request called at 9/27/2018 9:00:04 PM   :::   21:00:04.2698824

::::::::::: UpdateRequestCache Request called at 9/27/2018 9:00:04 PM   :::   21:00:04.2738829

::::::::::: EndRequest Request called at 9/27/2018 9:00:04 PM   :::   21:00:04.2738829

::::::::::: PreSendRequestContent Request called at 9/27/2018 9:00:04 PM   :::   21:00:04.2778893

::::::::::: PreSendRequestHeaders Request called at 9/27/2018 9:00:04 PM   :::   21:00:04.2778893

::::::::::: BeginRequest Request called at 9/27/2018 9:00:04 PM   :::   21:00:04.8259212

::::::::::: AuthenticateRequest Request called at 9/27/2018 9:00:04 PM   :::   21:00:04.8259212

::::::::::: PostAuthenticateRequest Request called at 9/27/2018 9:00:04 PM   :::   21:00:04.8299217

::::::::::: AuthorizeRequest Request called at 9/27/2018 9:00:04 PM   :::   21:00:04.8379222

::::::::::: PostAuthorizeRequest Request called at 9/27/2018 9:00:04 PM   :::   21:00:04.8379222

::::::::::: End Request called at 9/27/2018 9:00:04 PM   :::   21:00:04.8419223

::::::::::: PostResolveRequestCache Request called at 9/27/2018 9:00:04 PM   :::   21:00:04.8419223

::::::::::: AcquireRequestState Request called at 9/27/2018 9:00:04 PM   :::   21:00:04.8459224

::::::::::: PostAcquireRequestState Request called at 9/27/2018 9:00:04 PM   :::   21:00:04.8459224

::::::::::: PreRequestHandlerExecute Request called at 9/27/2018 9:00:04 PM   :::   21:00:04.8499232

::::::::::: BeginRequest Request called at 9/27/2018 9:00:15 PM   :::   21:00:15.5471593

::::::::::: AuthenticateRequest Request called at 9/27/2018 9:00:15 PM   :::   21:00:15.5511546

::::::::::: PostAuthenticateRequest Request called at 9/27/2018 9:00:15 PM   :::   21:00:15.5511546

::::::::::: AuthorizeRequest Request called at 9/27/2018 9:00:15 PM   :::   21:00:15.5511546

::::::::::: PostAuthorizeRequest Request called at 9/27/2018 9:00:15 PM   :::   21:00:15.5551555

::::::::::: End Request called at 9/27/2018 9:00:15 PM   :::   21:00:15.5551555

::::::::::: PostResolveRequestCache Request called at 9/27/2018 9:00:15 PM   :::   21:00:15.5591548

::::::::::: AcquireRequestState Request called at 9/27/2018 9:00:15 PM   :::   21:00:15.5591548

::::::::::: PostAcquireRequestState Request called at 9/27/2018 9:00:15 PM   :::   21:00:15.5631568

::::::::::: PreRequestHandlerExecute Request called at 9/27/2018 9:00:15 PM   :::   21:00:15.5631568

::::::::::: PostRequestHandlerExecute Request called at 9/27/2018 9:00:15 PM   :::   21:00:15.5671553

::::::::::: ReleaseRequestState Request called at 9/27/2018 9:00:15 PM   :::   21:00:15.5671553

::::::::::: PostReleaseRequestState Request called at 9/27/2018 9:00:15 PM   :::   21:00:15.5671553

::::::::::: UpdateRequestCache Request called at 9/27/2018 9:00:15 PM   :::   21:00:15.5711562

::::::::::: EndRequest Request called at 9/27/2018 9:00:15 PM   :::   21:00:15.5711562

::::::::::: PreSendRequestContent Request called at 9/27/2018 9:00:15 PM   :::   21:00:15.5711562

::::::::::: PreSendRequestHeaders Request called at 9/27/2018 9:00:15 PM   :::   21:00:15.5751563

::::::::::: BeginRequest Request called at 9/27/2018 9:00:16 PM   :::   21:00:16.0391893

::::::::::: AuthenticateRequest Request called at 9/27/2018 9:00:16 PM   :::   21:00:16.0391893

::::::::::: PostAuthenticateRequest Request called at 9/27/2018 9:00:16 PM   :::   21:00:16.0391893

::::::::::: AuthorizeRequest Request called at 9/27/2018 9:00:16 PM   :::   21:00:16.0431882

::::::::::: PostAuthorizeRequest Request called at 9/27/2018 9:00:16 PM   :::   21:00:16.0511888

::::::::::: End Request called at 9/27/2018 9:00:16 PM   :::   21:00:16.0511888

::::::::::: PostResolveRequestCache Request called at 9/27/2018 9:00:16 PM   :::   21:00:16.0551892

::::::::::: AcquireRequestState Request called at 9/27/2018 9:00:16 PM   :::   21:00:16.0551892

::::::::::: PostAcquireRequestState Request called at 9/27/2018 9:00:16 PM   :::   21:00:16.0591905

::::::::::: PreRequestHandlerExecute Request called at 9/27/2018 9:00:16 PM   :::   21:00:16.0591905

::::::::::: PostRequestHandlerExecute Request called at 9/27/2018 9:00:33 PM   :::   21:00:33.0881890

::::::::::: ReleaseRequestState Request called at 9/27/2018 9:00:33 PM   :::   21:00:33.1194360

::::::::::: PostReleaseRequestState Request called at 9/27/2018 9:00:33 PM   :::   21:00:33.1194360

::::::::::: UpdateRequestCache Request called at 9/27/2018 9:00:33 PM   :::   21:00:33.1350569

::::::::::: EndRequest Request called at 9/27/2018 9:00:33 PM   :::   21:00:33.1350569

::::::::::: BeginRequest Request called at 9/27/2018 9:01:26 PM   :::   21:01:26.2477784

::::::::::: AuthenticateRequest Request called at 9/27/2018 9:01:26 PM   :::   21:01:26.2477784

::::::::::: PostAuthenticateRequest Request called at 9/27/2018 9:01:26 PM   :::   21:01:26.2517788

::::::::::: AuthorizeRequest Request called at 9/27/2018 9:01:26 PM   :::   21:01:26.2557789

::::::::::: PostAuthorizeRequest Request called at 9/27/2018 9:01:26 PM   :::   21:01:26.2557789

::::::::::: End Request called at 9/27/2018 9:01:26 PM   :::   21:01:26.2597794

::::::::::: PostResolveRequestCache Request called at 9/27/2018 9:01:26 PM   :::   21:01:26.2637795

::::::::::: AcquireRequestState Request called at 9/27/2018 9:01:26 PM   :::   21:01:26.2637795

::::::::::: PostAcquireRequestState Request called at 9/27/2018 9:01:26 PM   :::   21:01:26.2637795

::::::::::: PreRequestHandlerExecute Request called at 9/27/2018 9:01:26 PM   :::   21:01:26.2677795

::::::::::: PostRequestHandlerExecute Request called at 9/27/2018 9:01:26 PM   :::   21:01:26.2677795

::::::::::: ReleaseRequestState Request called at 9/27/2018 9:01:26 PM   :::   21:01:26.2717800

::::::::::: PostReleaseRequestState Request called at 9/27/2018 9:01:26 PM   :::   21:01:26.2717800

::::::::::: UpdateRequestCache Request called at 9/27/2018 9:01:26 PM   :::   21:01:26.2717800

::::::::::: EndRequest Request called at 9/27/2018 9:01:26 PM   :::   21:01:26.2757797

::::::::::: PreSendRequestContent Request called at 9/27/2018 9:01:26 PM   :::   21:01:26.2757797

::::::::::: PreSendRequestHeaders Request called at 9/27/2018 9:01:26 PM   :::   21:01:26.2797806

::::::::::: BeginRequest Request called at 9/27/2018 9:01:26 PM   :::   21:01:26.7398124

::::::::::: AuthenticateRequest Request called at 9/27/2018 9:01:26 PM   :::   21:01:26.7398124

::::::::::: PostAuthenticateRequest Request called at 9/27/2018 9:01:26 PM   :::   21:01:26.7438152

::::::::::: AuthorizeRequest Request called at 9/27/2018 9:01:26 PM   :::   21:01:26.7438152

::::::::::: PostAuthorizeRequest Request called at 9/27/2018 9:01:26 PM   :::   21:01:26.7518130

::::::::::: End Request called at 9/27/2018 9:01:26 PM   :::   21:01:26.7518130

::::::::::: PostResolveRequestCache Request called at 9/27/2018 9:01:26 PM   :::   21:01:26.7558131

::::::::::: AcquireRequestState Request called at 9/27/2018 9:01:26 PM   :::   21:01:26.7598139

::::::::::: PostAcquireRequestState Request called at 9/27/2018 9:01:26 PM   :::   21:01:26.7598139

::::::::::: PreRequestHandlerExecute Request called at 9/27/2018 9:01:26 PM   :::   21:01:26.7638140

::::::::::: PreSendRequestContent Request called at 9/27/2018 9:01:34 PM   :::   21:01:34.5630581

::::::::::: PreSendRequestHeaders Request called at 9/27/2018 9:01:34 PM   :::   21:01:34.5630581

::::::::::: PostRequestHandlerExecute Request called at 9/27/2018 9:01:34 PM   :::   21:01:34.5750584

::::::::::: ReleaseRequestState Request called at 9/27/2018 9:01:34 PM   :::   21:01:34.5750584

::::::::::: PostReleaseRequestState Request called at 9/27/2018 9:01:34 PM   :::   21:01:34.5750584

::::::::::: UpdateRequestCache Request called at 9/27/2018 9:01:34 PM   :::   21:01:34.5790584

::::::::::: EndRequest Request called at 9/27/2018 9:01:34 PM   :::   21:01:34.5790584

::::::::::: PreSendRequestContent Request called at 9/27/2018 9:01:34 PM   :::   21:01:34.5790584

::::::::::: BeginRequest Request called at 9/27/2018 9:01:44 PM   :::   21:01:44.3983093

::::::::::: AuthenticateRequest Request called at 9/27/2018 9:01:44 PM   :::   21:01:44.3983093

::::::::::: PostAuthenticateRequest Request called at 9/27/2018 9:01:44 PM   :::   21:01:44.4023077

::::::::::: AuthorizeRequest Request called at 9/27/2018 9:01:44 PM   :::   21:01:44.4023077

::::::::::: PostAuthorizeRequest Request called at 9/27/2018 9:01:44 PM   :::   21:01:44.4063094

::::::::::: End Request called at 9/27/2018 9:01:44 PM   :::   21:01:44.4103091

::::::::::: PostResolveRequestCache Request called at 9/27/2018 9:01:44 PM   :::   21:01:44.4103091

::::::::::: AcquireRequestState Request called at 9/27/2018 9:01:44 PM   :::   21:01:44.4143096

::::::::::: PostAcquireRequestState Request called at 9/27/2018 9:01:44 PM   :::   21:01:44.4143096

::::::::::: PreRequestHandlerExecute Request called at 9/27/2018 9:01:44 PM   :::   21:01:44.4183088

::::::::::: PostRequestHandlerExecute Request called at 9/27/2018 9:01:44 PM   :::   21:01:44.4223089

::::::::::: ReleaseRequestState Request called at 9/27/2018 9:01:44 PM   :::   21:01:44.4303174

::::::::::: PostReleaseRequestState Request called at 9/27/2018 9:01:44 PM   :::   21:01:44.4343099

::::::::::: UpdateRequestCache Request called at 9/27/2018 9:01:44 PM   :::   21:01:44.4343099

::::::::::: EndRequest Request called at 9/27/2018 9:01:44 PM   :::   21:01:44.4383112

::::::::::: PreSendRequestContent Request called at 9/27/2018 9:01:44 PM   :::   21:01:44.4463118

::::::::::: PreSendRequestHeaders Request called at 9/27/2018 9:01:44 PM   :::   21:01:44.4503122

::::::::::: BeginRequest Request called at 9/27/2018 9:01:44 PM   :::   21:01:44.4623117

::::::::::: AuthenticateRequest Request called at 9/27/2018 9:01:44 PM   :::   21:01:44.4663125

::::::::::: PostAuthenticateRequest Request called at 9/27/2018 9:01:44 PM   :::   21:01:44.4663125

::::::::::: AuthorizeRequest Request called at 9/27/2018 9:01:44 PM   :::   21:01:44.4703122

::::::::::: PostAuthorizeRequest Request called at 9/27/2018 9:01:44 PM   :::   21:01:44.4703122

::::::::::: End Request called at 9/27/2018 9:01:44 PM   :::   21:01:44.4703122

::::::::::: PostResolveRequestCache Request called at 9/27/2018 9:01:44 PM   :::   21:01:44.4703122

::::::::::: AcquireRequestState Request called at 9/27/2018 9:01:44 PM   :::   21:01:44.4743127

::::::::::: PostAcquireRequestState Request called at 9/27/2018 9:01:44 PM   :::   21:01:44.4783132

::::::::::: PreRequestHandlerExecute Request called at 9/27/2018 9:01:44 PM   :::   21:01:44.4823132

::::::::::: PreSendRequestContent Request called at 9/27/2018 9:01:56 PM   :::   21:01:56.3388221

::::::::::: PreSendRequestHeaders Request called at 9/27/2018 9:01:56 PM   :::   21:01:56.3428332

::::::::::: Error Request called at 9/27/2018 9:01:56 PM   :::   21:01:56.3468171

::::::::::: PreSendRequestContent Request called at 9/27/2018 9:02:06 PM   :::   21:02:06.3875087

::::::::::: PreSendRequestContent Request called at 9/27/2018 9:02:06 PM   :::   21:02:06.3955329

::::::::::: PreSendRequestContent Request called at 9/27/2018 9:02:06 PM   :::   21:02:06.4075122

::::::::::: PreSendRequestContent Request called at 9/27/2018 9:02:06 PM   :::   21:02:06.4315111

::::::::::: EndRequest Request called at 9/27/2018 9:02:06 PM   :::   21:02:06.4355317

::::::::::: PreSendRequestContent Request called at 9/27/2018 9:02:06 PM   :::   21:02:06.4435220

::::::::::: BeginRequest Request called at 9/27/2018 9:02:08 PM   :::   21:02:08.8821891

::::::::::: AuthenticateRequest Request called at 9/27/2018 9:02:08 PM   :::   21:02:08.8821891

::::::::::: PostAuthenticateRequest Request called at 9/27/2018 9:02:08 PM   :::   21:02:08.8861908

::::::::::: AuthorizeRequest Request called at 9/27/2018 9:02:08 PM   :::   21:02:08.8861908

::::::::::: PostAuthorizeRequest Request called at 9/27/2018 9:02:08 PM   :::   21:02:08.8901889

::::::::::: End Request called at 9/27/2018 9:02:08 PM   :::   21:02:08.8901889

::::::::::: PostResolveRequestCache Request called at 9/27/2018 9:02:08 PM   :::   21:02:08.8941890

::::::::::: AcquireRequestState Request called at 9/27/2018 9:02:08 PM   :::   21:02:08.8941890

::::::::::: PostAcquireRequestState Request called at 9/27/2018 9:02:08 PM   :::   21:02:08.8981894

::::::::::: PreRequestHandlerExecute Request called at 9/27/2018 9:02:08 PM   :::   21:02:08.8981894

::::::::::: PreSendRequestContent Request called at 9/27/2018 9:03:29 PM   :::   21:03:29.9436955

::::::::::: PreSendRequestHeaders Request called at 9/27/2018 9:03:29 PM   :::   21:03:29.9476995

::::::::::: Error Request called at 9/27/2018 9:03:29 PM   :::   21:03:29.9556969

::::::::::: PreSendRequestContent Request called at 9/27/2018 9:03:39 PM   :::   21:03:39.9843851

::::::::::: PreSendRequestContent Request called at 9/27/2018 9:03:39 PM   :::   21:03:39.9883895

::::::::::: PreSendRequestContent Request called at 9/27/2018 9:03:39 PM   :::   21:03:39.9923873

::::::::::: PreSendRequestContent Request called at 9/27/2018 9:03:40 PM   :::   21:03:40.0003862

::::::::::: EndRequest Request called at 9/27/2018 9:03:40 PM   :::   21:03:40.0043922

::::::::::: PreSendRequestContent Request called at 9/27/2018 9:03:40 PM   :::   21:03:40.0083872

::::::::::: BeginRequest Request called at 9/27/2018 9:03:44 PM   :::   21:03:44.7418229

::::::::::: AuthenticateRequest Request called at 9/27/2018 9:03:44 PM   :::   21:03:44.7498262

::::::::::: PostAuthenticateRequest Request called at 9/27/2018 9:03:44 PM   :::   21:03:44.7498262

::::::::::: AuthorizeRequest Request called at 9/27/2018 9:03:44 PM   :::   21:03:44.7538243

::::::::::: PostAuthorizeRequest Request called at 9/27/2018 9:03:44 PM   :::   21:03:44.7538243

::::::::::: End Request called at 9/27/2018 9:03:44 PM   :::   21:03:44.7578240

::::::::::: PostResolveRequestCache Request called at 9/27/2018 9:03:44 PM   :::   21:03:44.7578240

::::::::::: AcquireRequestState Request called at 9/27/2018 9:03:44 PM   :::   21:03:44.7618240

::::::::::: PostAcquireRequestState Request called at 9/27/2018 9:03:44 PM   :::   21:03:44.7618240

::::::::::: BeginRequest Request called at 9/27/2018 9:03:44 PM   :::   21:03:44.7658241

::::::::::: AuthenticateRequest Request called at 9/27/2018 9:03:44 PM   :::   21:03:44.7698246

::::::::::: PostRequestHandlerExecute Request called at 9/27/2018 9:03:44 PM   :::   21:03:44.7778251

::::::::::: ReleaseRequestState Request called at 9/27/2018 9:03:44 PM   :::   21:03:44.7778251

::::::::::: PostAuthorizeRequest Request called at 9/27/2018 9:03:44 PM   :::   21:03:44.8058269

::::::::::: End Request called at 9/27/2018 9:03:44 PM   :::   21:03:44.8098273

::::::::::: EndRequest Request called at 9/27/2018 9:03:44 PM   :::   21:03:44.8218283

::::::::::: PreSendRequestContent Request called at 9/27/2018 9:03:44 PM   :::   21:03:44.8298289

::::::::::: PreSendRequestHeaders Request called at 9/27/2018 9:03:44 PM   :::   21:03:44.8458300

::::::::::: PreRequestHandlerExecute Request called at 9/27/2018 9:03:44 PM   :::   21:03:44.8498301

::::::::::: PostRequestHandlerExecute Request called at 9/27/2018 9:03:44 PM   :::   21:03:44.8978338

::::::::::: ReleaseRequestState Request called at 9/27/2018 9:03:44 PM   :::   21:03:44.8978338

::::::::::: PostReleaseRequestState Request called at 9/27/2018 9:03:44 PM   :::   21:03:44.8978338

::::::::::: UpdateRequestCache Request called at 9/27/2018 9:03:44 PM   :::   21:03:44.9018346

::::::::::: EndRequest Request called at 9/27/2018 9:03:44 PM   :::   21:03:44.9018346

::::::::::: PreSendRequestContent Request called at 9/27/2018 9:03:44 PM   :::   21:03:44.9018346

::::::::::: PreSendRequestHeaders Request called at 9/27/2018 9:03:44 PM   :::   21:03:44.9058339

::::::::::: BeginRequest Request called at 9/27/2018 9:03:45 PM   :::   21:03:45.8739040

::::::::::: AuthenticateRequest Request called at 9/27/2018 9:03:45 PM   :::   21:03:45.8739040

::::::::::: PostAuthenticateRequest Request called at 9/27/2018 9:03:45 PM   :::   21:03:45.8779005

::::::::::: AuthorizeRequest Request called at 9/27/2018 9:03:45 PM   :::   21:03:45.8779005

::::::::::: PostAuthorizeRequest Request called at 9/27/2018 9:03:45 PM   :::   21:03:45.8779005

::::::::::: End Request called at 9/27/2018 9:03:45 PM   :::   21:03:45.8819017

::::::::::: PostResolveRequestCache Request called at 9/27/2018 9:03:45 PM   :::   21:03:45.8819017

::::::::::: AcquireRequestState Request called at 9/27/2018 9:03:45 PM   :::   21:03:45.8859030

::::::::::: PostAcquireRequestState Request called at 9/27/2018 9:03:45 PM   :::   21:03:45.8859030

::::::::::: PreRequestHandlerExecute Request called at 9/27/2018 9:03:45 PM   :::   21:03:45.8859030

::::::::::: PreSendRequestContent Request called at 9/27/2018 9:03:47 PM   :::   21:03:47.9180406

::::::::::: PreSendRequestHeaders Request called at 9/27/2018 9:03:47 PM   :::   21:03:47.9180406

::::::::::: PostRequestHandlerExecute Request called at 9/27/2018 9:03:47 PM   :::   21:03:47.9220407

::::::::::: ReleaseRequestState Request called at 9/27/2018 9:03:47 PM   :::   21:03:47.9260419

::::::::::: PostReleaseRequestState Request called at 9/27/2018 9:03:47 PM   :::   21:03:47.9260419

::::::::::: UpdateRequestCache Request called at 9/27/2018 9:03:47 PM   :::   21:03:47.9300416

::::::::::: EndRequest Request called at 9/27/2018 9:03:47 PM   :::   21:03:47.9300416

::::::::::: PreSendRequestContent Request called at 9/27/2018 9:03:47 PM   :::   21:03:47.9300416

::::::::::: BeginRequest Request called at 9/27/2018 9:04:49 PM   :::   21:04:49.8951135

::::::::::: AuthenticateRequest Request called at 9/27/2018 9:04:49 PM   :::   21:04:49.8951135

::::::::::: PostAuthenticateRequest Request called at 9/27/2018 9:04:49 PM   :::   21:04:49.8991136

::::::::::: AuthorizeRequest Request called at 9/27/2018 9:04:49 PM   :::   21:04:49.8991136

::::::::::: PostAuthorizeRequest Request called at 9/27/2018 9:04:49 PM   :::   21:04:49.9031140

::::::::::: End Request called at 9/27/2018 9:04:49 PM   :::   21:04:49.9031140

::::::::::: PostResolveRequestCache Request called at 9/27/2018 9:04:49 PM   :::   21:04:49.9071149

::::::::::: AcquireRequestState Request called at 9/27/2018 9:04:49 PM   :::   21:04:49.9151151

::::::::::: PostAcquireRequestState Request called at 9/27/2018 9:04:49 PM   :::   21:04:49.9231211

::::::::::: PreRequestHandlerExecute Request called at 9/27/2018 9:04:49 PM   :::   21:04:49.9231211

::::::::::: PostRequestHandlerExecute Request called at 9/27/2018 9:04:49 PM   :::   21:04:49.9271165

::::::::::: ReleaseRequestState Request called at 9/27/2018 9:04:49 PM   :::   21:04:49.9311162

::::::::::: PostReleaseRequestState Request called at 9/27/2018 9:04:49 PM   :::   21:04:49.9311162

::::::::::: UpdateRequestCache Request called at 9/27/2018 9:04:49 PM   :::   21:04:49.9391171

::::::::::: EndRequest Request called at 9/27/2018 9:04:49 PM   :::   21:04:49.9391171

::::::::::: PreSendRequestContent Request called at 9/27/2018 9:04:49 PM   :::   21:04:49.9431168

::::::::::: PreSendRequestHeaders Request called at 9/27/2018 9:04:49 PM   :::   21:04:49.9471169

::::::::::: BeginRequest Request called at 9/27/2018 9:04:49 PM   :::   21:04:49.9511177

::::::::::: AuthenticateRequest Request called at 9/27/2018 9:04:49 PM   :::   21:04:49.9551174

::::::::::: PostAuthenticateRequest Request called at 9/27/2018 9:04:49 PM   :::   21:04:49.9551174

::::::::::: AuthorizeRequest Request called at 9/27/2018 9:04:49 PM   :::   21:04:49.9551174

::::::::::: PostAuthorizeRequest Request called at 9/27/2018 9:04:49 PM   :::   21:04:49.9591175

::::::::::: End Request called at 9/27/2018 9:04:49 PM   :::   21:04:49.9591175

::::::::::: PostResolveRequestCache Request called at 9/27/2018 9:04:49 PM   :::   21:04:49.9631176

::::::::::: AcquireRequestState Request called at 9/27/2018 9:04:49 PM   :::   21:04:49.9631176

::::::::::: PostAcquireRequestState Request called at 9/27/2018 9:04:49 PM   :::   21:04:49.9671196

::::::::::: PreRequestHandlerExecute Request called at 9/27/2018 9:04:49 PM   :::   21:04:49.9671196

::::::::::: BeginRequest Request called at 9/27/2018 9:18:48 PM   :::   21:18:48.8126925

::::::::::: AuthenticateRequest Request called at 9/27/2018 9:18:48 PM   :::   21:18:48.8206926

::::::::::: PostAuthenticateRequest Request called at 9/27/2018 9:18:48 PM   :::   21:18:48.8246931

::::::::::: AuthorizeRequest Request called at 9/27/2018 9:18:48 PM   :::   21:18:48.8286928

::::::::::: PostAuthorizeRequest Request called at 9/27/2018 9:18:48 PM   :::   21:18:48.8326940

::::::::::: End Request called at 9/27/2018 9:18:48 PM   :::   21:18:48.8326940

::::::::::: PostResolveRequestCache Request called at 9/27/2018 9:18:48 PM   :::   21:18:48.8686963

::::::::::: AcquireRequestState Request called at 9/27/2018 9:18:48 PM   :::   21:18:48.8886967

::::::::::: PostAcquireRequestState Request called at 9/27/2018 9:18:48 PM   :::   21:18:48.8926972

::::::::::: PreRequestHandlerExecute Request called at 9/27/2018 9:18:48 PM   :::   21:18:48.8966977

::::::::::: PostRequestHandlerExecute Request called at 9/27/2018 9:18:50 PM   :::   21:18:50.1756396

::::::::::: ReleaseRequestState Request called at 9/27/2018 9:18:50 PM   :::   21:18:50.1756396

::::::::::: PostReleaseRequestState Request called at 9/27/2018 9:18:50 PM   :::   21:18:50.1796397

::::::::::: UpdateRequestCache Request called at 9/27/2018 9:18:50 PM   :::   21:18:50.3236504

::::::::::: EndRequest Request called at 9/27/2018 9:18:50 PM   :::   21:18:50.3276500

::::::::::: PreSendRequestContent Request called at 9/27/2018 9:18:50 PM   :::   21:18:50.3396511

::::::::::: PreSendRequestHeaders Request called at 9/27/2018 9:18:50 PM   :::   21:18:50.3396511

::::::::::: BeginRequest Request called at 9/27/2018 9:18:55 PM   :::   21:18:55.3839977

::::::::::: AuthenticateRequest Request called at 9/27/2018 9:18:55 PM   :::   21:18:55.3879982

::::::::::: PostAuthenticateRequest Request called at 9/27/2018 9:18:55 PM   :::   21:18:55.3919991

::::::::::: AuthorizeRequest Request called at 9/27/2018 9:18:55 PM   :::   21:18:55.3919991

::::::::::: PostAuthorizeRequest Request called at 9/27/2018 9:18:55 PM   :::   21:18:55.3919991

::::::::::: End Request called at 9/27/2018 9:18:55 PM   :::   21:18:55.3959987

::::::::::: PostResolveRequestCache Request called at 9/27/2018 9:18:55 PM   :::   21:18:55.3999988

::::::::::: AcquireRequestState Request called at 9/27/2018 9:18:55 PM   :::   21:18:55.3999988

::::::::::: PostAcquireRequestState Request called at 9/27/2018 9:18:55 PM   :::   21:18:55.4039993

::::::::::: PreRequestHandlerExecute Request called at 9/27/2018 9:18:55 PM   :::   21:18:55.4039993

::::::::::: PostRequestHandlerExecute Request called at 9/27/2018 9:18:55 PM   :::   21:18:55.4920077

::::::::::: ReleaseRequestState Request called at 9/27/2018 9:18:55 PM   :::   21:18:55.4920077

::::::::::: PostReleaseRequestState Request called at 9/27/2018 9:18:55 PM   :::   21:18:55.4960054

::::::::::: UpdateRequestCache Request called at 9/27/2018 9:18:55 PM   :::   21:18:55.5000055

::::::::::: EndRequest Request called at 9/27/2018 9:18:55 PM   :::   21:18:55.5000055

::::::::::: PreSendRequestContent Request called at 9/27/2018 9:18:55 PM   :::   21:18:55.5040060

::::::::::: PreSendRequestHeaders Request called at 9/27/2018 9:18:55 PM   :::   21:18:55.5040060

::::::::::: BeginRequest Request called at 9/27/2018 9:18:55 PM   :::   21:18:55.6360148

::::::::::: AuthenticateRequest Request called at 9/27/2018 9:18:55 PM   :::   21:18:55.6360148

::::::::::: PostAuthenticateRequest Request called at 9/27/2018 9:18:55 PM   :::   21:18:55.6400153

::::::::::: AuthorizeRequest Request called at 9/27/2018 9:18:55 PM   :::   21:18:55.6400153

::::::::::: PostAuthorizeRequest Request called at 9/27/2018 9:18:55 PM   :::   21:18:55.6440158

::::::::::: End Request called at 9/27/2018 9:18:55 PM   :::   21:18:55.6480158

::::::::::: PostResolveRequestCache Request called at 9/27/2018 9:18:55 PM   :::   21:18:55.6480158

::::::::::: AcquireRequestState Request called at 9/27/2018 9:18:55 PM   :::   21:18:55.6520159

::::::::::: PostAcquireRequestState Request called at 9/27/2018 9:18:55 PM   :::   21:18:55.6520159

::::::::::: PreRequestHandlerExecute Request called at 9/27/2018 9:18:55 PM   :::   21:18:55.6560164

::::::::::: PostRequestHandlerExecute Request called at 9/27/2018 9:18:55 PM   :::   21:18:55.6560164

::::::::::: ReleaseRequestState Request called at 9/27/2018 9:18:55 PM   :::   21:18:55.6600173

::::::::::: PostReleaseRequestState Request called at 9/27/2018 9:18:55 PM   :::   21:18:55.6600173

::::::::::: UpdateRequestCache Request called at 9/27/2018 9:18:55 PM   :::   21:18:55.6600173

::::::::::: EndRequest Request called at 9/27/2018 9:18:55 PM   :::   21:18:55.6640166

::::::::::: PreSendRequestContent Request called at 9/27/2018 9:18:55 PM   :::   21:18:55.6680170

::::::::::: PreSendRequestHeaders Request called at 9/27/2018 9:18:55 PM   :::   21:18:55.6680170

::::::::::: BeginRequest Request called at 9/27/2018 9:18:57 PM   :::   21:18:57.3681344

::::::::::: AuthenticateRequest Request called at 9/27/2018 9:18:57 PM   :::   21:18:57.3681344

::::::::::: PostAuthenticateRequest Request called at 9/27/2018 9:18:57 PM   :::   21:18:57.3721337

::::::::::: AuthorizeRequest Request called at 9/27/2018 9:18:57 PM   :::   21:18:57.3721337

::::::::::: PostAuthorizeRequest Request called at 9/27/2018 9:18:57 PM   :::   21:18:57.3761349

::::::::::: End Request called at 9/27/2018 9:18:57 PM   :::   21:18:57.3801354

::::::::::: PostResolveRequestCache Request called at 9/27/2018 9:18:57 PM   :::   21:18:57.3801354

::::::::::: AcquireRequestState Request called at 9/27/2018 9:18:57 PM   :::   21:18:57.3841351

::::::::::: PostAcquireRequestState Request called at 9/27/2018 9:18:57 PM   :::   21:18:57.3841351

::::::::::: PreRequestHandlerExecute Request called at 9/27/2018 9:18:57 PM   :::   21:18:57.3881367

::::::::::: BeginRequest Request called at 9/27/2018 9:18:57 PM   :::   21:18:57.4001362

::::::::::: AuthenticateRequest Request called at 9/27/2018 9:18:57 PM   :::   21:18:57.4001362

::::::::::: PostAuthenticateRequest Request called at 9/27/2018 9:18:57 PM   :::   21:18:57.4001362

::::::::::: AuthorizeRequest Request called at 9/27/2018 9:18:57 PM   :::   21:18:57.4041367

::::::::::: PostAuthorizeRequest Request called at 9/27/2018 9:18:57 PM   :::   21:18:57.4041367

::::::::::: End Request called at 9/27/2018 9:18:57 PM   :::   21:18:57.4081367

::::::::::: PostResolveRequestCache Request called at 9/27/2018 9:18:57 PM   :::   21:18:57.4081367

::::::::::: AcquireRequestState Request called at 9/27/2018 9:18:57 PM   :::   21:18:57.4161377

::::::::::: PostAcquireRequestState Request called at 9/27/2018 9:18:57 PM   :::   21:18:57.4161377

::::::::::: PreRequestHandlerExecute Request called at 9/27/2018 9:18:57 PM   :::   21:18:57.4201374

::::::::::: PreSendRequestContent Request called at 9/27/2018 9:19:01 PM   :::   21:19:01.7058829

::::::::::: PreSendRequestHeaders Request called at 9/27/2018 9:19:01 PM   :::   21:19:01.7058829

::::::::::: PostRequestHandlerExecute Request called at 9/27/2018 9:19:01 PM   :::   21:19:01.7058829

::::::::::: ReleaseRequestState Request called at 9/27/2018 9:19:01 PM   :::   21:19:01.7177758

::::::::::: PostReleaseRequestState Request called at 9/27/2018 9:19:01 PM   :::   21:19:01.7177758

::::::::::: UpdateRequestCache Request called at 9/27/2018 9:19:01 PM   :::   21:19:01.7177758

::::::::::: EndRequest Request called at 9/27/2018 9:19:01 PM   :::   21:19:01.7217747

::::::::::: PreSendRequestContent Request called at 9/27/2018 9:19:01 PM   :::   21:19:01.7257771

::::::::::: BeginRequest Request called at 9/27/2018 9:19:01 PM   :::   21:19:01.7497962

::::::::::: AuthenticateRequest Request called at 9/27/2018 9:19:01 PM   :::   21:19:01.7537781

::::::::::: PostAuthenticateRequest Request called at 9/27/2018 9:19:01 PM   :::   21:19:01.7537781

::::::::::: AuthorizeRequest Request called at 9/27/2018 9:19:01 PM   :::   21:19:01.7577766

::::::::::: PostAuthorizeRequest Request called at 9/27/2018 9:19:01 PM   :::   21:19:01.7577766

::::::::::: End Request called at 9/27/2018 9:19:01 PM   :::   21:19:01.7617782

::::::::::: PostResolveRequestCache Request called at 9/27/2018 9:19:01 PM   :::   21:19:01.7617782

::::::::::: AcquireRequestState Request called at 9/27/2018 9:19:01 PM   :::   21:19:01.7657779

::::::::::: PostAcquireRequestState Request called at 9/27/2018 9:19:01 PM   :::   21:19:01.7657779

::::::::::: PreRequestHandlerExecute Request called at 9/27/2018 9:19:01 PM   :::   21:19:01.7697819

::::::::::: PostRequestHandlerExecute Request called at 9/27/2018 9:19:01 PM   :::   21:19:01.7777789

::::::::::: ReleaseRequestState Request called at 9/27/2018 9:19:01 PM   :::   21:19:01.7777789

::::::::::: PostReleaseRequestState Request called at 9/27/2018 9:19:01 PM   :::   21:19:01.7817794

::::::::::: UpdateRequestCache Request called at 9/27/2018 9:19:01 PM   :::   21:19:01.7817794

::::::::::: EndRequest Request called at 9/27/2018 9:19:01 PM   :::   21:19:01.7817794

::::::::::: PreSendRequestContent Request called at 9/27/2018 9:19:01 PM   :::   21:19:01.7857795

::::::::::: PreSendRequestHeaders Request called at 9/27/2018 9:19:01 PM   :::   21:19:01.7857795

::::::::::: BeginRequest Request called at 9/27/2018 9:19:01 PM   :::   21:19:01.7977797

::::::::::: AuthenticateRequest Request called at 9/27/2018 9:19:01 PM   :::   21:19:01.7977797

::::::::::: PostAuthenticateRequest Request called at 9/27/2018 9:19:01 PM   :::   21:19:01.7977797

::::::::::: AuthorizeRequest Request called at 9/27/2018 9:19:01 PM   :::   21:19:01.8137808

::::::::::: PostAuthorizeRequest Request called at 9/27/2018 9:19:01 PM   :::   21:19:01.8137808

::::::::::: End Request called at 9/27/2018 9:19:01 PM   :::   21:19:01.8137808

::::::::::: PostResolveRequestCache Request called at 9/27/2018 9:19:01 PM   :::   21:19:01.8177813

::::::::::: AcquireRequestState Request called at 9/27/2018 9:19:01 PM   :::   21:19:01.8177813

::::::::::: PostAcquireRequestState Request called at 9/27/2018 9:19:01 PM   :::   21:19:01.8217814

::::::::::: PreRequestHandlerExecute Request called at 9/27/2018 9:19:01 PM   :::   21:19:01.8217814

::::::::::: PreSendRequestContent Request called at 9/27/2018 9:19:08 PM   :::   21:19:08.2518854

::::::::::: PreSendRequestHeaders Request called at 9/27/2018 9:19:08 PM   :::   21:19:08.2518854

::::::::::: PostRequestHandlerExecute Request called at 9/27/2018 9:19:08 PM   :::   21:19:08.2638864

::::::::::: ReleaseRequestState Request called at 9/27/2018 9:19:08 PM   :::   21:19:08.2678881

::::::::::: PostReleaseRequestState Request called at 9/27/2018 9:19:08 PM   :::   21:19:08.2678881

::::::::::: UpdateRequestCache Request called at 9/27/2018 9:19:08 PM   :::   21:19:08.2718870

::::::::::: EndRequest Request called at 9/27/2018 9:19:08 PM   :::   21:19:08.2718870

::::::::::: PreSendRequestContent Request called at 9/27/2018 9:19:08 PM   :::   21:19:08.2758871

::::::::::: PreSendRequestContent Request called at 9/27/2018 9:19:19 PM   :::   21:19:19.8486837

::::::::::: PreSendRequestHeaders Request called at 9/27/2018 9:19:19 PM   :::   21:19:19.8486837

::::::::::: Error Request called at 9/27/2018 9:19:19 PM   :::   21:19:19.8526826

::::::::::: PreSendRequestContent Request called at 9/27/2018 9:19:29 PM   :::   21:19:29.9013842

::::::::::: PreSendRequestContent Request called at 9/27/2018 9:19:29 PM   :::   21:19:29.9053724

::::::::::: PreSendRequestContent Request called at 9/27/2018 9:19:29 PM   :::   21:19:29.9093737

::::::::::: PreSendRequestContent Request called at 9/27/2018 9:19:29 PM   :::   21:19:29.9533769

::::::::::: EndRequest Request called at 9/27/2018 9:19:29 PM   :::   21:19:29.9573758

::::::::::: PreSendRequestContent Request called at 9/27/2018 9:19:29 PM   :::   21:19:29.9573758

::::::::::: BeginRequest Request called at 9/27/2018 9:19:32 PM   :::   21:19:32.0215184

::::::::::: AuthenticateRequest Request called at 9/27/2018 9:19:32 PM   :::   21:19:32.0215184

::::::::::: PostAuthenticateRequest Request called at 9/27/2018 9:19:32 PM   :::   21:19:32.0215184

::::::::::: AuthorizeRequest Request called at 9/27/2018 9:19:32 PM   :::   21:19:32.0255181

::::::::::: PostAuthorizeRequest Request called at 9/27/2018 9:19:32 PM   :::   21:19:32.0255181

::::::::::: End Request called at 9/27/2018 9:19:32 PM   :::   21:19:32.0255181

::::::::::: PostResolveRequestCache Request called at 9/27/2018 9:19:32 PM   :::   21:19:32.0295181

::::::::::: AcquireRequestState Request called at 9/27/2018 9:19:32 PM   :::   21:19:32.0295181

::::::::::: PostAcquireRequestState Request called at 9/27/2018 9:19:32 PM   :::   21:19:32.0295181

::::::::::: PreRequestHandlerExecute Request called at 9/27/2018 9:19:32 PM   :::   21:19:32.0335186

::::::::::: PostRequestHandlerExecute Request called at 9/27/2018 9:19:34 PM   :::   21:19:34.0296563

::::::::::: ReleaseRequestState Request called at 9/27/2018 9:19:34 PM   :::   21:19:34.0296563

::::::::::: PostReleaseRequestState Request called at 9/27/2018 9:19:34 PM   :::   21:19:34.0336560

::::::::::: UpdateRequestCache Request called at 9/27/2018 9:19:34 PM   :::   21:19:34.0336560

::::::::::: EndRequest Request called at 9/27/2018 9:19:34 PM   :::   21:19:34.0336560

::::::::::: PreSendRequestContent Request called at 9/27/2018 9:19:34 PM   :::   21:19:34.0376561

::::::::::: PreSendRequestHeaders Request called at 9/27/2018 9:19:34 PM   :::   21:19:34.0376561

::::::::::: BeginRequest Request called at 9/27/2018 9:19:36 PM   :::   21:19:36.0457944

::::::::::: AuthenticateRequest Request called at 9/27/2018 9:19:36 PM   :::   21:19:36.0457944

::::::::::: PostAuthenticateRequest Request called at 9/27/2018 9:19:36 PM   :::   21:19:36.0497953

::::::::::: AuthorizeRequest Request called at 9/27/2018 9:19:36 PM   :::   21:19:36.0497953

::::::::::: PostAuthorizeRequest Request called at 9/27/2018 9:19:36 PM   :::   21:19:36.0497953

::::::::::: End Request called at 9/27/2018 9:19:36 PM   :::   21:19:36.0538135

::::::::::: PostResolveRequestCache Request called at 9/27/2018 9:19:36 PM   :::   21:19:36.0538135

::::::::::: AcquireRequestState Request called at 9/27/2018 9:19:36 PM   :::   21:19:36.0538135

::::::::::: PostAcquireRequestState Request called at 9/27/2018 9:19:36 PM   :::   21:19:36.0578025

::::::::::: PreRequestHandlerExecute Request called at 9/27/2018 9:19:36 PM   :::   21:19:36.0578025

::::::::::: PostRequestHandlerExecute Request called at 9/27/2018 9:19:36 PM   :::   21:19:36.4778237

::::::::::: ReleaseRequestState Request called at 9/27/2018 9:19:36 PM   :::   21:19:36.4778237

::::::::::: PostReleaseRequestState Request called at 9/27/2018 9:19:36 PM   :::   21:19:36.4778237

::::::::::: UpdateRequestCache Request called at 9/27/2018 9:19:36 PM   :::   21:19:36.4818261

::::::::::: EndRequest Request called at 9/27/2018 9:19:36 PM   :::   21:19:36.4818261

::::::::::: PreSendRequestContent Request called at 9/27/2018 9:19:36 PM   :::   21:19:36.4818261

::::::::::: PreSendRequestHeaders Request called at 9/27/2018 9:19:36 PM   :::   21:19:36.4858262

::::::::::: BeginRequest Request called at 9/27/2018 9:19:38 PM   :::   21:19:38.1419435

::::::::::: AuthenticateRequest Request called at 9/27/2018 9:19:38 PM   :::   21:19:38.1419435

::::::::::: PostAuthenticateRequest Request called at 9/27/2018 9:19:38 PM   :::   21:19:38.1459404

::::::::::: AuthorizeRequest Request called at 9/27/2018 9:19:38 PM   :::   21:19:38.1459404

::::::::::: PostAuthorizeRequest Request called at 9/27/2018 9:19:38 PM   :::   21:19:38.1459404

::::::::::: End Request called at 9/27/2018 9:19:38 PM   :::   21:19:38.1459404

::::::::::: PostResolveRequestCache Request called at 9/27/2018 9:19:38 PM   :::   21:19:38.1499389

::::::::::: AcquireRequestState Request called at 9/27/2018 9:19:38 PM   :::   21:19:38.1499389

::::::::::: PostAcquireRequestState Request called at 9/27/2018 9:19:38 PM   :::   21:19:38.1499389

::::::::::: PreRequestHandlerExecute Request called at 9/27/2018 9:19:38 PM   :::   21:19:38.1499389

::::::::::: PostRequestHandlerExecute Request called at 9/27/2018 9:19:38 PM   :::   21:19:38.5139637

::::::::::: ReleaseRequestState Request called at 9/27/2018 9:19:38 PM   :::   21:19:38.5139637

::::::::::: PostReleaseRequestState Request called at 9/27/2018 9:19:38 PM   :::   21:19:38.5179642

::::::::::: UpdateRequestCache Request called at 9/27/2018 9:19:38 PM   :::   21:19:38.5179642

::::::::::: EndRequest Request called at 9/27/2018 9:19:38 PM   :::   21:19:38.5179642

::::::::::: PreSendRequestContent Request called at 9/27/2018 9:19:38 PM   :::   21:19:38.5219643

::::::::::: PreSendRequestHeaders Request called at 9/27/2018 9:19:38 PM   :::   21:19:38.5259667

::::::::::: BeginRequest Request called at 9/27/2018 9:19:40 PM   :::   21:19:40.2860860

::::::::::: AuthenticateRequest Request called at 9/27/2018 9:19:40 PM   :::   21:19:40.2900916

::::::::::: PostAuthenticateRequest Request called at 9/27/2018 9:19:40 PM   :::   21:19:40.2900916

::::::::::: AuthorizeRequest Request called at 9/27/2018 9:19:40 PM   :::   21:19:40.2940862

::::::::::: PostAuthorizeRequest Request called at 9/27/2018 9:19:40 PM   :::   21:19:40.2940862

::::::::::: End Request called at 9/27/2018 9:19:40 PM   :::   21:19:40.2940862

::::::::::: PostResolveRequestCache Request called at 9/27/2018 9:19:40 PM   :::   21:19:40.2980870

::::::::::: AcquireRequestState Request called at 9/27/2018 9:19:40 PM   :::   21:19:40.2980870

::::::::::: PostAcquireRequestState Request called at 9/27/2018 9:19:40 PM   :::   21:19:40.2980870

::::::::::: PreRequestHandlerExecute Request called at 9/27/2018 9:19:40 PM   :::   21:19:40.2980870

::::::::::: PostRequestHandlerExecute Request called at 9/27/2018 9:19:40 PM   :::   21:19:40.6581110

::::::::::: ReleaseRequestState Request called at 9/27/2018 9:19:40 PM   :::   21:19:40.6621130

::::::::::: PostReleaseRequestState Request called at 9/27/2018 9:19:40 PM   :::   21:19:40.6621130

::::::::::: UpdateRequestCache Request called at 9/27/2018 9:19:40 PM   :::   21:19:40.6621130

::::::::::: EndRequest Request called at 9/27/2018 9:19:40 PM   :::   21:19:40.6621130

::::::::::: PreSendRequestContent Request called at 9/27/2018 9:19:40 PM   :::   21:19:40.6661127

::::::::::: PreSendRequestHeaders Request called at 9/27/2018 9:19:40 PM   :::   21:19:40.6661127

::::::::::: BeginRequest Request called at 9/27/2018 9:19:42 PM   :::   21:19:42.4062340

::::::::::: AuthenticateRequest Request called at 9/27/2018 9:19:42 PM   :::   21:19:42.4102333

::::::::::: PostAuthenticateRequest Request called at 9/27/2018 9:19:42 PM   :::   21:19:42.4102333

::::::::::: AuthorizeRequest Request called at 9/27/2018 9:19:42 PM   :::   21:19:42.4102333

::::::::::: PostAuthorizeRequest Request called at 9/27/2018 9:19:42 PM   :::   21:19:42.4102333

::::::::::: End Request called at 9/27/2018 9:19:42 PM   :::   21:19:42.4142314

::::::::::: PostResolveRequestCache Request called at 9/27/2018 9:19:42 PM   :::   21:19:42.4142314

::::::::::: AcquireRequestState Request called at 9/27/2018 9:19:42 PM   :::   21:19:42.4142314

::::::::::: PostAcquireRequestState Request called at 9/27/2018 9:19:42 PM   :::   21:19:42.4222387

::::::::::: PreRequestHandlerExecute Request called at 9/27/2018 9:19:42 PM   :::   21:19:42.4222387

::::::::::: PostRequestHandlerExecute Request called at 9/27/2018 9:19:42 PM   :::   21:19:42.7942581

::::::::::: ReleaseRequestState Request called at 9/27/2018 9:19:42 PM   :::   21:19:42.7942581

::::::::::: PostReleaseRequestState Request called at 9/27/2018 9:19:42 PM   :::   21:19:42.7942581

::::::::::: UpdateRequestCache Request called at 9/27/2018 9:19:42 PM   :::   21:19:42.7982582

::::::::::: EndRequest Request called at 9/27/2018 9:19:42 PM   :::   21:19:42.7982582

::::::::::: PreSendRequestContent Request called at 9/27/2018 9:19:42 PM   :::   21:19:42.8022642

::::::::::: PreSendRequestHeaders Request called at 9/27/2018 9:19:42 PM   :::   21:19:42.8062666

::::::::::: BeginRequest Request called at 9/27/2018 9:19:44 PM   :::   21:19:44.5463780

::::::::::: AuthenticateRequest Request called at 9/27/2018 9:19:44 PM   :::   21:19:44.5503872

::::::::::: PostAuthenticateRequest Request called at 9/27/2018 9:19:44 PM   :::   21:19:44.5543841

::::::::::: AuthorizeRequest Request called at 9/27/2018 9:19:44 PM   :::   21:19:44.5543841

::::::::::: PostAuthorizeRequest Request called at 9/27/2018 9:19:44 PM   :::   21:19:44.5583791

::::::::::: End Request called at 9/27/2018 9:19:44 PM   :::   21:19:44.5583791

::::::::::: PostResolveRequestCache Request called at 9/27/2018 9:19:44 PM   :::   21:19:44.5583791

::::::::::: AcquireRequestState Request called at 9/27/2018 9:19:44 PM   :::   21:19:44.5623795

::::::::::: PostAcquireRequestState Request called at 9/27/2018 9:19:44 PM   :::   21:19:44.5623795

::::::::::: PreRequestHandlerExecute Request called at 9/27/2018 9:19:44 PM   :::   21:19:44.5623795

::::::::::: PostRequestHandlerExecute Request called at 9/27/2018 9:19:44 PM   :::   21:19:44.9344077

::::::::::: ReleaseRequestState Request called at 9/27/2018 9:19:44 PM   :::   21:19:44.9384117

::::::::::: PostReleaseRequestState Request called at 9/27/2018 9:19:44 PM   :::   21:19:44.9384117

::::::::::: UpdateRequestCache Request called at 9/27/2018 9:19:44 PM   :::   21:19:44.9424054

::::::::::: EndRequest Request called at 9/27/2018 9:19:44 PM   :::   21:19:44.9424054

::::::::::: PreSendRequestContent Request called at 9/27/2018 9:19:44 PM   :::   21:19:44.9424054

::::::::::: PreSendRequestHeaders Request called at 9/27/2018 9:19:44 PM   :::   21:19:44.9464055

::::::::::: BeginRequest Request called at 9/27/2018 9:19:46 PM   :::   21:19:46.8250456

::::::::::: AuthenticateRequest Request called at 9/27/2018 9:19:46 PM   :::   21:19:46.8250456

::::::::::: PostAuthenticateRequest Request called at 9/27/2018 9:19:46 PM   :::   21:19:46.8250456

::::::::::: AuthorizeRequest Request called at 9/27/2018 9:19:46 PM   :::   21:19:46.8290421

::::::::::: PostAuthorizeRequest Request called at 9/27/2018 9:19:46 PM   :::   21:19:46.8290421

::::::::::: End Request called at 9/27/2018 9:19:46 PM   :::   21:19:46.8330513

::::::::::: PostResolveRequestCache Request called at 9/27/2018 9:19:46 PM   :::   21:19:46.8370431

::::::::::: AcquireRequestState Request called at 9/27/2018 9:19:46 PM   :::   21:19:46.8370431

::::::::::: PostAcquireRequestState Request called at 9/27/2018 9:19:46 PM   :::   21:19:46.8370431

::::::::::: PreRequestHandlerExecute Request called at 9/27/2018 9:19:46 PM   :::   21:19:46.8410637

::::::::::: PostRequestHandlerExecute Request called at 9/27/2018 9:19:47 PM   :::   21:19:47.2410699

::::::::::: ReleaseRequestState Request called at 9/27/2018 9:19:47 PM   :::   21:19:47.2410699

::::::::::: PostReleaseRequestState Request called at 9/27/2018 9:19:47 PM   :::   21:19:47.2410699

::::::::::: UpdateRequestCache Request called at 9/27/2018 9:19:47 PM   :::   21:19:47.2410699

::::::::::: EndRequest Request called at 9/27/2018 9:19:47 PM   :::   21:19:47.2450727

::::::::::: PreSendRequestContent Request called at 9/27/2018 9:19:47 PM   :::   21:19:47.2490771

::::::::::: PreSendRequestHeaders Request called at 9/27/2018 9:19:47 PM   :::   21:19:47.2490771

::::::::::: BeginRequest Request called at 9/27/2018 9:19:48 PM   :::   21:19:48.7851767

::::::::::: AuthenticateRequest Request called at 9/27/2018 9:19:48 PM   :::   21:19:48.7851767

::::::::::: PostAuthenticateRequest Request called at 9/27/2018 9:19:48 PM   :::   21:19:48.7891768

::::::::::: AuthorizeRequest Request called at 9/27/2018 9:19:48 PM   :::   21:19:48.7931772

::::::::::: PostAuthorizeRequest Request called at 9/27/2018 9:19:48 PM   :::   21:19:48.7931772

::::::::::: End Request called at 9/27/2018 9:19:48 PM   :::   21:19:48.7971832

::::::::::: PostResolveRequestCache Request called at 9/27/2018 9:19:48 PM   :::   21:19:48.8011782

::::::::::: AcquireRequestState Request called at 9/27/2018 9:19:48 PM   :::   21:19:48.8011782

::::::::::: PostAcquireRequestState Request called at 9/27/2018 9:19:48 PM   :::   21:19:48.8011782

::::::::::: PreRequestHandlerExecute Request called at 9/27/2018 9:19:48 PM   :::   21:19:48.8051775

::::::::::: PostRequestHandlerExecute Request called at 9/27/2018 9:19:49 PM   :::   21:19:49.1812057

::::::::::: ReleaseRequestState Request called at 9/27/2018 9:19:49 PM   :::   21:19:49.1852034

::::::::::: PostReleaseRequestState Request called at 9/27/2018 9:19:49 PM   :::   21:19:49.1852034

::::::::::: UpdateRequestCache Request called at 9/27/2018 9:19:49 PM   :::   21:19:49.1852034

::::::::::: EndRequest Request called at 9/27/2018 9:19:49 PM   :::   21:19:49.1892042

::::::::::: PreSendRequestContent Request called at 9/27/2018 9:19:49 PM   :::   21:19:49.1892042

::::::::::: PreSendRequestHeaders Request called at 9/27/2018 9:19:49 PM   :::   21:19:49.1892042

::::::::::: BeginRequest Request called at 9/27/2018 9:19:50 PM   :::   21:19:50.8333170

::::::::::: AuthenticateRequest Request called at 9/27/2018 9:19:50 PM   :::   21:19:50.8333170

::::::::::: PostAuthenticateRequest Request called at 9/27/2018 9:19:50 PM   :::   21:19:50.8333170

::::::::::: AuthorizeRequest Request called at 9/27/2018 9:19:50 PM   :::   21:19:50.8373352

::::::::::: PostAuthorizeRequest Request called at 9/27/2018 9:19:50 PM   :::   21:19:50.8373352

::::::::::: End Request called at 9/27/2018 9:19:50 PM   :::   21:19:50.8373352

::::::::::: PostResolveRequestCache Request called at 9/27/2018 9:19:50 PM   :::   21:19:50.8413175

::::::::::: AcquireRequestState Request called at 9/27/2018 9:19:50 PM   :::   21:19:50.8413175

::::::::::: PostAcquireRequestState Request called at 9/27/2018 9:19:50 PM   :::   21:19:50.8453413

::::::::::: PreRequestHandlerExecute Request called at 9/27/2018 9:19:50 PM   :::   21:19:50.8453413

::::::::::: PostRequestHandlerExecute Request called at 9/27/2018 9:19:51 PM   :::   21:19:51.2493471

::::::::::: ReleaseRequestState Request called at 9/27/2018 9:19:51 PM   :::   21:19:51.2493471

::::::::::: PostReleaseRequestState Request called at 9/27/2018 9:19:51 PM   :::   21:19:51.2493471

::::::::::: UpdateRequestCache Request called at 9/27/2018 9:19:51 PM   :::   21:19:51.2533634

::::::::::: EndRequest Request called at 9/27/2018 9:19:51 PM   :::   21:19:51.2533634

::::::::::: PreSendRequestContent Request called at 9/27/2018 9:19:51 PM   :::   21:19:51.2533634

::::::::::: PreSendRequestHeaders Request called at 9/27/2018 9:19:51 PM   :::   21:19:51.2573457

::::::::::: BeginRequest Request called at 9/27/2018 9:19:52 PM   :::   21:19:52.7574501

::::::::::: AuthenticateRequest Request called at 9/27/2018 9:19:52 PM   :::   21:19:52.7574501

::::::::::: PostAuthenticateRequest Request called at 9/27/2018 9:19:52 PM   :::   21:19:52.7614557

::::::::::: AuthorizeRequest Request called at 9/27/2018 9:19:52 PM   :::   21:19:52.7654507

::::::::::: PostAuthorizeRequest Request called at 9/27/2018 9:19:52 PM   :::   21:19:52.7654507

::::::::::: End Request called at 9/27/2018 9:19:52 PM   :::   21:19:52.7654507

::::::::::: PostResolveRequestCache Request called at 9/27/2018 9:19:52 PM   :::   21:19:52.7654507

::::::::::: AcquireRequestState Request called at 9/27/2018 9:19:52 PM   :::   21:19:52.7694511

::::::::::: PostAcquireRequestState Request called at 9/27/2018 9:19:52 PM   :::   21:19:52.7694511

::::::::::: PreRequestHandlerExecute Request called at 9/27/2018 9:19:52 PM   :::   21:19:52.7694511

::::::::::: PostRequestHandlerExecute Request called at 9/27/2018 9:19:53 PM   :::   21:19:53.1374748

::::::::::: ReleaseRequestState Request called at 9/27/2018 9:19:53 PM   :::   21:19:53.1374748

::::::::::: PostReleaseRequestState Request called at 9/27/2018 9:19:53 PM   :::   21:19:53.1374748

::::::::::: UpdateRequestCache Request called at 9/27/2018 9:19:53 PM   :::   21:19:53.1374748

::::::::::: EndRequest Request called at 9/27/2018 9:19:53 PM   :::   21:19:53.1414765

::::::::::: PreSendRequestContent Request called at 9/27/2018 9:19:53 PM   :::   21:19:53.1454770

::::::::::: PreSendRequestHeaders Request called at 9/27/2018 9:19:53 PM   :::   21:19:53.1454770

::::::::::: BeginRequest Request called at 9/27/2018 9:19:54 PM   :::   21:19:54.8655959

::::::::::: AuthenticateRequest Request called at 9/27/2018 9:19:54 PM   :::   21:19:54.8655959

::::::::::: PostAuthenticateRequest Request called at 9/27/2018 9:19:54 PM   :::   21:19:54.8695952

::::::::::: AuthorizeRequest Request called at 9/27/2018 9:19:54 PM   :::   21:19:54.8695952

::::::::::: PostAuthorizeRequest Request called at 9/27/2018 9:19:54 PM   :::   21:19:54.8695952

::::::::::: End Request called at 9/27/2018 9:19:54 PM   :::   21:19:54.8735988

::::::::::: PostResolveRequestCache Request called at 9/27/2018 9:19:54 PM   :::   21:19:54.8776155

::::::::::: AcquireRequestState Request called at 9/27/2018 9:19:54 PM   :::   21:19:54.8776155

::::::::::: PostAcquireRequestState Request called at 9/27/2018 9:19:54 PM   :::   21:19:54.8776155

::::::::::: PreRequestHandlerExecute Request called at 9/27/2018 9:19:54 PM   :::   21:19:54.8776155

::::::::::: PostRequestHandlerExecute Request called at 9/27/2018 9:19:55 PM   :::   21:19:55.2336188

::::::::::: ReleaseRequestState Request called at 9/27/2018 9:19:55 PM   :::   21:19:55.2336188

::::::::::: PostReleaseRequestState Request called at 9/27/2018 9:19:55 PM   :::   21:19:55.2336188

::::::::::: UpdateRequestCache Request called at 9/27/2018 9:19:55 PM   :::   21:19:55.2336188

::::::::::: EndRequest Request called at 9/27/2018 9:19:55 PM   :::   21:19:55.2376213

::::::::::: PreSendRequestContent Request called at 9/27/2018 9:19:55 PM   :::   21:19:55.2376213

::::::::::: PreSendRequestHeaders Request called at 9/27/2018 9:19:55 PM   :::   21:19:55.2376213

::::::::::: BeginRequest Request called at 9/27/2018 9:19:56 PM   :::   21:19:56.7497239

::::::::::: AuthenticateRequest Request called at 9/27/2018 9:19:56 PM   :::   21:19:56.7497239

::::::::::: PostAuthenticateRequest Request called at 9/27/2018 9:19:56 PM   :::   21:19:56.7497239

::::::::::: AuthorizeRequest Request called at 9/27/2018 9:19:56 PM   :::   21:19:56.7537236

::::::::::: PostAuthorizeRequest Request called at 9/27/2018 9:19:56 PM   :::   21:19:56.7577264

::::::::::: End Request called at 9/27/2018 9:19:56 PM   :::   21:19:56.7617246

::::::::::: PostResolveRequestCache Request called at 9/27/2018 9:19:56 PM   :::   21:19:56.7657258

::::::::::: AcquireRequestState Request called at 9/27/2018 9:19:56 PM   :::   21:19:56.7657258

::::::::::: PostAcquireRequestState Request called at 9/27/2018 9:19:56 PM   :::   21:19:56.7697259

::::::::::: PreRequestHandlerExecute Request called at 9/27/2018 9:19:56 PM   :::   21:19:56.7697259

::::::::::: PostRequestHandlerExecute Request called at 9/27/2018 9:19:57 PM   :::   21:19:57.1457687

::::::::::: ReleaseRequestState Request called at 9/27/2018 9:19:57 PM   :::   21:19:57.1497688

::::::::::: PostReleaseRequestState Request called at 9/27/2018 9:19:57 PM   :::   21:19:57.1497688

::::::::::: UpdateRequestCache Request called at 9/27/2018 9:19:57 PM   :::   21:19:57.1497688

::::::::::: EndRequest Request called at 9/27/2018 9:19:57 PM   :::   21:19:57.1537511

::::::::::: PreSendRequestContent Request called at 9/27/2018 9:19:57 PM   :::   21:19:57.1577551

::::::::::: PreSendRequestHeaders Request called at 9/27/2018 9:19:57 PM   :::   21:19:57.1577551

::::::::::: BeginRequest Request called at 9/27/2018 9:20:01 PM   :::   21:20:01.8536975

::::::::::: AuthenticateRequest Request called at 9/27/2018 9:20:01 PM   :::   21:20:01.8576956

::::::::::: PostAuthenticateRequest Request called at 9/27/2018 9:20:01 PM   :::   21:20:01.8576956

::::::::::: AuthorizeRequest Request called at 9/27/2018 9:20:01 PM   :::   21:20:01.8736971

::::::::::: PostAuthorizeRequest Request called at 9/27/2018 9:20:01 PM   :::   21:20:01.8736971

::::::::::: End Request called at 9/27/2018 9:20:01 PM   :::   21:20:01.8816977

::::::::::: PostAuthorizeRequest Request called at 9/27/2018 9:20:01 PM   :::   21:20:01.8896982

::::::::::: End Request called at 9/27/2018 9:20:01 PM   :::   21:20:01.8896982

::::::::::: PostAcquireRequestState Request called at 9/27/2018 9:20:01 PM   :::   21:20:01.9057001

::::::::::: PreRequestHandlerExecute Request called at 9/27/2018 9:20:01 PM   :::   21:20:01.9057001

::::::::::: PostRequestHandlerExecute Request called at 9/27/2018 9:20:01 PM   :::   21:20:01.9177007

::::::::::: ReleaseRequestState Request called at 9/27/2018 9:20:01 PM   :::   21:20:01.9297014

::::::::::: PostReleaseRequestState Request called at 9/27/2018 9:20:01 PM   :::   21:20:01.9337010

::::::::::: UpdateRequestCache Request called at 9/27/2018 9:20:01 PM   :::   21:20:01.9457025

::::::::::: EndRequest Request called at 9/27/2018 9:20:01 PM   :::   21:20:01.9537026

::::::::::: PreSendRequestContent Request called at 9/27/2018 9:20:01 PM   :::   21:20:01.9577031

::::::::::: PreSendRequestHeaders Request called at 9/27/2018 9:20:01 PM   :::   21:20:01.9577031

::::::::::: PostRequestHandlerExecute Request called at 9/27/2018 9:20:01 PM   :::   21:20:01.9617032

::::::::::: ReleaseRequestState Request called at 9/27/2018 9:20:01 PM   :::   21:20:01.9657072

::::::::::: PostReleaseRequestState Request called at 9/27/2018 9:20:01 PM   :::   21:20:01.9657072

::::::::::: UpdateRequestCache Request called at 9/27/2018 9:20:01 PM   :::   21:20:01.9697037

::::::::::: EndRequest Request called at 9/27/2018 9:20:01 PM   :::   21:20:01.9697037

::::::::::: PreSendRequestContent Request called at 9/27/2018 9:20:01 PM   :::   21:20:01.9737046

::::::::::: PreSendRequestHeaders Request called at 9/27/2018 9:20:01 PM   :::   21:20:01.9737046

::::::::::: BeginRequest Request called at 9/27/2018 9:20:03 PM   :::   21:20:03.0737795

::::::::::: AuthenticateRequest Request called at 9/27/2018 9:20:03 PM   :::   21:20:03.0777875

::::::::::: PostAuthenticateRequest Request called at 9/27/2018 9:20:03 PM   :::   21:20:03.0777875

::::::::::: AuthorizeRequest Request called at 9/27/2018 9:20:03 PM   :::   21:20:03.0817888

::::::::::: PostAuthorizeRequest Request called at 9/27/2018 9:20:03 PM   :::   21:20:03.0857802

::::::::::: End Request called at 9/27/2018 9:20:03 PM   :::   21:20:03.0857802

::::::::::: PostResolveRequestCache Request called at 9/27/2018 9:20:03 PM   :::   21:20:03.0857802

::::::::::: AcquireRequestState Request called at 9/27/2018 9:20:03 PM   :::   21:20:03.0897806

::::::::::: PostAcquireRequestState Request called at 9/27/2018 9:20:03 PM   :::   21:20:03.0897806

::::::::::: PreRequestHandlerExecute Request called at 9/27/2018 9:20:03 PM   :::   21:20:03.0897806

::::::::::: PreSendRequestContent Request called at 9/27/2018 9:20:05 PM   :::   21:20:05.1339212

::::::::::: PreSendRequestHeaders Request called at 9/27/2018 9:20:05 PM   :::   21:20:05.1379217

::::::::::: PostRequestHandlerExecute Request called at 9/27/2018 9:20:05 PM   :::   21:20:05.1419222

::::::::::: ReleaseRequestState Request called at 9/27/2018 9:20:05 PM   :::   21:20:05.1419222

::::::::::: PostReleaseRequestState Request called at 9/27/2018 9:20:05 PM   :::   21:20:05.1419222

::::::::::: UpdateRequestCache Request called at 9/27/2018 9:20:05 PM   :::   21:20:05.1459266

::::::::::: EndRequest Request called at 9/27/2018 9:20:05 PM   :::   21:20:05.1459266

::::::::::: PreSendRequestContent Request called at 9/27/2018 9:20:05 PM   :::   21:20:05.1499223

::::::::::: BeginRequest Request called at 9/27/2018 9:21:26 PM   :::   21:21:26.3163284

::::::::::: AuthenticateRequest Request called at 9/27/2018 9:21:26 PM   :::   21:21:26.3203285

::::::::::: PostAuthenticateRequest Request called at 9/27/2018 9:21:26 PM   :::   21:21:26.3203285

::::::::::: AuthorizeRequest Request called at 9/27/2018 9:21:26 PM   :::   21:21:26.3283290

::::::::::: PostAuthorizeRequest Request called at 9/27/2018 9:21:26 PM   :::   21:21:26.3283290

::::::::::: End Request called at 9/27/2018 9:21:26 PM   :::   21:21:26.3283290

::::::::::: PostResolveRequestCache Request called at 9/27/2018 9:21:26 PM   :::   21:21:26.3323291

::::::::::: AcquireRequestState Request called at 9/27/2018 9:21:26 PM   :::   21:21:26.3403296

::::::::::: PostAcquireRequestState Request called at 9/27/2018 9:21:26 PM   :::   21:21:26.3403296

::::::::::: PreRequestHandlerExecute Request called at 9/27/2018 9:21:26 PM   :::   21:21:26.3443416

::::::::::: PostRequestHandlerExecute Request called at 9/27/2018 9:21:26 PM   :::   21:21:26.3483302

::::::::::: ReleaseRequestState Request called at 9/27/2018 9:21:26 PM   :::   21:21:26.3523326

::::::::::: PostReleaseRequestState Request called at 9/27/2018 9:21:26 PM   :::   21:21:26.3523326

::::::::::: UpdateRequestCache Request called at 9/27/2018 9:21:26 PM   :::   21:21:26.3563311

::::::::::: EndRequest Request called at 9/27/2018 9:21:26 PM   :::   21:21:26.3563311

::::::::::: PreSendRequestContent Request called at 9/27/2018 9:21:26 PM   :::   21:21:26.3563311

::::::::::: PreSendRequestHeaders Request called at 9/27/2018 9:21:26 PM   :::   21:21:26.3603332

::::::::::: BeginRequest Request called at 9/27/2018 9:21:26 PM   :::   21:21:26.3643313

::::::::::: AuthenticateRequest Request called at 9/27/2018 9:21:26 PM   :::   21:21:26.3643313

::::::::::: PostAuthenticateRequest Request called at 9/27/2018 9:21:26 PM   :::   21:21:26.3723314

::::::::::: AuthorizeRequest Request called at 9/27/2018 9:21:26 PM   :::   21:21:26.3723314

::::::::::: PostAuthorizeRequest Request called at 9/27/2018 9:21:26 PM   :::   21:21:26.3763319

::::::::::: End Request called at 9/27/2018 9:21:26 PM   :::   21:21:26.3763319

::::::::::: PostResolveRequestCache Request called at 9/27/2018 9:21:26 PM   :::   21:21:26.3763319

::::::::::: AcquireRequestState Request called at 9/27/2018 9:21:26 PM   :::   21:21:26.3803328

::::::::::: PostAcquireRequestState Request called at 9/27/2018 9:21:26 PM   :::   21:21:26.3803328

::::::::::: PreRequestHandlerExecute Request called at 9/27/2018 9:21:26 PM   :::   21:21:26.3843368

::::::::::: PreSendRequestContent Request called at 9/27/2018 9:39:28 PM   :::   21:39:28.9819155

::::::::::: PreSendRequestHeaders Request called at 9/27/2018 9:39:28 PM   :::   21:39:28.9839166

::::::::::: Error Request called at 9/27/2018 9:39:28 PM   :::   21:39:28.9869179

::::::::::: PreSendRequestContent Request called at 9/27/2018 9:39:39 PM   :::   21:39:39.0274859

::::::::::: PreSendRequestContent Request called at 9/27/2018 9:39:39 PM   :::   21:39:39.0314888

::::::::::: PreSendRequestContent Request called at 9/27/2018 9:39:39 PM   :::   21:39:39.0334902

::::::::::: PreSendRequestContent Request called at 9/27/2018 9:39:39 PM   :::   21:39:39.0364915

::::::::::: EndRequest Request called at 9/27/2018 9:39:39 PM   :::   21:39:39.0414959

::::::::::: PreSendRequestContent Request called at 9/27/2018 9:39:39 PM   :::   21:39:39.0445016

::::::::::: BeginRequest Request called at 9/27/2018 9:41:52 PM   :::   21:41:52.5299751

::::::::::: AuthenticateRequest Request called at 9/27/2018 9:41:52 PM   :::   21:41:52.5319769

::::::::::: PostAuthenticateRequest Request called at 9/27/2018 9:41:52 PM   :::   21:41:52.5359797

::::::::::: AuthorizeRequest Request called at 9/27/2018 9:41:52 PM   :::   21:41:52.5369808

::::::::::: PostAuthorizeRequest Request called at 9/27/2018 9:41:52 PM   :::   21:41:52.5389815

::::::::::: End Request called at 9/27/2018 9:41:52 PM   :::   21:41:52.5399822

::::::::::: PostResolveRequestCache Request called at 9/27/2018 9:41:52 PM   :::   21:41:52.5419844

::::::::::: AcquireRequestState Request called at 9/27/2018 9:41:52 PM   :::   21:41:52.5439854

::::::::::: PostAcquireRequestState Request called at 9/27/2018 9:41:52 PM   :::   21:41:52.5449861

::::::::::: PreRequestHandlerExecute Request called at 9/27/2018 9:41:52 PM   :::   21:41:52.5459876

::::::::::: PostRequestHandlerExecute Request called at 9/27/2018 9:41:52 PM   :::   21:41:52.5489894

::::::::::: ReleaseRequestState Request called at 9/27/2018 9:41:52 PM   :::   21:41:52.5509900

::::::::::: PostReleaseRequestState Request called at 9/27/2018 9:41:52 PM   :::   21:41:52.5529922

::::::::::: UpdateRequestCache Request called at 9/27/2018 9:41:52 PM   :::   21:41:52.5539925

::::::::::: EndRequest Request called at 9/27/2018 9:41:52 PM   :::   21:41:52.5559939

::::::::::: PreSendRequestContent Request called at 9/27/2018 9:41:52 PM   :::   21:41:52.5589965

::::::::::: PreSendRequestHeaders Request called at 9/27/2018 9:41:52 PM   :::   21:41:52.5609975

::::::::::: BeginRequest Request called at 9/27/2018 9:41:52 PM   :::   21:41:52.8091736

::::::::::: AuthenticateRequest Request called at 9/27/2018 9:41:52 PM   :::   21:41:52.8101743

::::::::::: PostAuthenticateRequest Request called at 9/27/2018 9:41:52 PM   :::   21:41:52.8121757

::::::::::: AuthorizeRequest Request called at 9/27/2018 9:41:52 PM   :::   21:41:52.8141772

::::::::::: PostAuthorizeRequest Request called at 9/27/2018 9:41:52 PM   :::   21:41:52.8161778

::::::::::: End Request called at 9/27/2018 9:41:52 PM   :::   21:41:52.8171785

::::::::::: PostResolveRequestCache Request called at 9/27/2018 9:41:52 PM   :::   21:41:52.8191819

::::::::::: AcquireRequestState Request called at 9/27/2018 9:41:52 PM   :::   21:41:52.8211821

::::::::::: PostAcquireRequestState Request called at 9/27/2018 9:41:52 PM   :::   21:41:52.8221828

::::::::::: PreRequestHandlerExecute Request called at 9/27/2018 9:41:52 PM   :::   21:41:52.8241847

::::::::::: PostRequestHandlerExecute Request called at 9/27/2018 9:41:52 PM   :::   21:41:52.8281875

::::::::::: ReleaseRequestState Request called at 9/27/2018 9:41:52 PM   :::   21:41:52.8291878

::::::::::: PostReleaseRequestState Request called at 9/27/2018 9:41:52 PM   :::   21:41:52.8331907

::::::::::: UpdateRequestCache Request called at 9/27/2018 9:41:52 PM   :::   21:41:52.8341922

::::::::::: EndRequest Request called at 9/27/2018 9:41:52 PM   :::   21:41:52.8361936

::::::::::: PreSendRequestContent Request called at 9/27/2018 9:41:52 PM   :::   21:41:52.8371943

::::::::::: PreSendRequestHeaders Request called at 9/27/2018 9:41:52 PM   :::   21:41:52.8391949

::::::::::: BeginRequest Request called at 9/27/2018 9:41:54 PM   :::   21:41:54.4453347

::::::::::: AuthenticateRequest Request called at 9/27/2018 9:41:54 PM   :::   21:41:54.4483365

::::::::::: PostAuthenticateRequest Request called at 9/27/2018 9:41:54 PM   :::   21:41:54.4513402

::::::::::: AuthorizeRequest Request called at 9/27/2018 9:41:54 PM   :::   21:41:54.4533404

::::::::::: PostAuthorizeRequest Request called at 9/27/2018 9:41:54 PM   :::   21:41:54.4543423

::::::::::: End Request called at 9/27/2018 9:41:54 PM   :::   21:41:54.4583444

::::::::::: PostResolveRequestCache Request called at 9/27/2018 9:41:54 PM   :::   21:41:54.4623468

::::::::::: AcquireRequestState Request called at 9/27/2018 9:41:54 PM   :::   21:41:54.4653493

::::::::::: PostAcquireRequestState Request called at 9/27/2018 9:41:54 PM   :::   21:41:54.4673539

::::::::::: PreRequestHandlerExecute Request called at 9/27/2018 9:41:54 PM   :::   21:41:54.4693522

::::::::::: BeginRequest Request called at 9/27/2018 9:41:54 PM   :::   21:41:54.4833617

::::::::::: AuthenticateRequest Request called at 9/27/2018 9:41:54 PM   :::   21:41:54.4843620

::::::::::: PostAuthenticateRequest Request called at 9/27/2018 9:41:54 PM   :::   21:41:54.4863639

::::::::::: AuthorizeRequest Request called at 9/27/2018 9:41:54 PM   :::   21:41:54.4873642

::::::::::: PostAuthorizeRequest Request called at 9/27/2018 9:41:54 PM   :::   21:41:54.4893660

::::::::::: End Request called at 9/27/2018 9:41:54 PM   :::   21:41:54.4903663

::::::::::: PostResolveRequestCache Request called at 9/27/2018 9:41:54 PM   :::   21:41:54.4933692

::::::::::: AcquireRequestState Request called at 9/27/2018 9:41:54 PM   :::   21:41:54.4953706

::::::::::: PostAcquireRequestState Request called at 9/27/2018 9:41:54 PM   :::   21:41:54.4973748

::::::::::: PreRequestHandlerExecute Request called at 9/27/2018 9:41:54 PM   :::   21:41:54.4993731

::::::::::: PreSendRequestContent Request called at 9/27/2018 9:41:56 PM   :::   21:41:56.5219536

::::::::::: PreSendRequestHeaders Request called at 9/27/2018 9:41:56 PM   :::   21:41:56.5229567

::::::::::: PostRequestHandlerExecute Request called at 9/27/2018 9:41:56 PM   :::   21:41:56.5279591

::::::::::: ReleaseRequestState Request called at 9/27/2018 9:41:56 PM   :::   21:41:56.5319611

::::::::::: PostReleaseRequestState Request called at 9/27/2018 9:41:56 PM   :::   21:41:56.5349636

::::::::::: UpdateRequestCache Request called at 9/27/2018 9:41:56 PM   :::   21:41:56.5369647

::::::::::: EndRequest Request called at 9/27/2018 9:41:56 PM   :::   21:41:56.5379654

::::::::::: PreSendRequestContent Request called at 9/27/2018 9:41:56 PM   :::   21:41:56.5389692

::::::::::: BeginRequest Request called at 9/27/2018 9:41:57 PM   :::   21:41:57.1233816

::::::::::: AuthenticateRequest Request called at 9/27/2018 9:41:57 PM   :::   21:41:57.1313873

::::::::::: PostAuthenticateRequest Request called at 9/27/2018 9:41:57 PM   :::   21:41:57.1343890

::::::::::: AuthorizeRequest Request called at 9/27/2018 9:41:57 PM   :::   21:41:57.1383915

::::::::::: PostAuthorizeRequest Request called at 9/27/2018 9:41:57 PM   :::   21:41:57.1403937

::::::::::: End Request called at 9/27/2018 9:41:57 PM   :::   21:41:57.1463968

::::::::::: PostResolveRequestCache Request called at 9/27/2018 9:41:57 PM   :::   21:41:57.1493985

::::::::::: AcquireRequestState Request called at 9/27/2018 9:41:57 PM   :::   21:41:57.1514011

::::::::::: PostAcquireRequestState Request called at 9/27/2018 9:41:57 PM   :::   21:41:57.1534017

::::::::::: PreRequestHandlerExecute Request called at 9/27/2018 9:41:57 PM   :::   21:41:57.1564042

::::::::::: PostRequestHandlerExecute Request called at 9/27/2018 9:41:57 PM   :::   21:41:57.1624081

::::::::::: ReleaseRequestState Request called at 9/27/2018 9:41:57 PM   :::   21:41:57.1644103

::::::::::: PostReleaseRequestState Request called at 9/27/2018 9:41:57 PM   :::   21:41:57.1664110

::::::::::: UpdateRequestCache Request called at 9/27/2018 9:41:57 PM   :::   21:41:57.1684132

::::::::::: EndRequest Request called at 9/27/2018 9:41:57 PM   :::   21:41:57.1714153

::::::::::: PreSendRequestContent Request called at 9/27/2018 9:41:57 PM   :::   21:41:57.1744174

::::::::::: PreSendRequestHeaders Request called at 9/27/2018 9:41:57 PM   :::   21:41:57.1774192

::::::::::: BeginRequest Request called at 9/27/2018 9:41:57 PM   :::   21:41:57.2374626

::::::::::: AuthenticateRequest Request called at 9/27/2018 9:41:57 PM   :::   21:41:57.2424649

::::::::::: PostAuthenticateRequest Request called at 9/27/2018 9:41:57 PM   :::   21:41:57.2474685

::::::::::: AuthorizeRequest Request called at 9/27/2018 9:41:57 PM   :::   21:41:57.2494699

::::::::::: PostAuthorizeRequest Request called at 9/27/2018 9:41:57 PM   :::   21:41:57.2524724

::::::::::: End Request called at 9/27/2018 9:41:57 PM   :::   21:41:57.2564745

::::::::::: PostResolveRequestCache Request called at 9/27/2018 9:41:57 PM   :::   21:41:57.2584763

::::::::::: AcquireRequestState Request called at 9/27/2018 9:41:57 PM   :::   21:41:57.2634810

::::::::::: PostAcquireRequestState Request called at 9/27/2018 9:41:57 PM   :::   21:41:57.2654817

::::::::::: PreRequestHandlerExecute Request called at 9/27/2018 9:41:57 PM   :::   21:41:57.2694849

::::::::::: PreSendRequestContent Request called at 9/27/2018 9:42:02 PM   :::   21:42:02.9254238

::::::::::: PreSendRequestHeaders Request called at 9/27/2018 9:42:02 PM   :::   21:42:02.9264418

::::::::::: PostRequestHandlerExecute Request called at 9/27/2018 9:42:02 PM   :::   21:42:02.9394337

::::::::::: ReleaseRequestState Request called at 9/27/2018 9:42:02 PM   :::   21:42:02.9414351

::::::::::: PostReleaseRequestState Request called at 9/27/2018 9:42:02 PM   :::   21:42:02.9434361

::::::::::: UpdateRequestCache Request called at 9/27/2018 9:42:02 PM   :::   21:42:02.9444369

::::::::::: EndRequest Request called at 9/27/2018 9:42:02 PM   :::   21:42:02.9454376

::::::::::: PreSendRequestContent Request called at 9/27/2018 9:42:02 PM   :::   21:42:02.9464395

::::::::::: PreSendRequestContent Request called at 9/27/2018 9:42:19 PM   :::   21:42:19.1263336

::::::::::: PreSendRequestHeaders Request called at 9/27/2018 9:42:19 PM   :::   21:42:19.1293389

::::::::::: Error Request called at 9/27/2018 9:42:19 PM   :::   21:42:19.1383417

::::::::::: PreSendRequestContent Request called at 9/27/2018 9:42:29 PM   :::   21:42:29.1784199

::::::::::: PreSendRequestContent Request called at 9/27/2018 9:42:29 PM   :::   21:42:29.1834199

::::::::::: PreSendRequestContent Request called at 9/27/2018 9:42:29 PM   :::   21:42:29.1884238

::::::::::: PreSendRequestContent Request called at 9/27/2018 9:42:29 PM   :::   21:42:29.1944328

::::::::::: EndRequest Request called at 9/27/2018 9:42:29 PM   :::   21:42:29.2014346

::::::::::: PreSendRequestContent Request called at 9/27/2018 9:42:29 PM   :::   21:42:29.2024326

::::::::::: BeginRequest Request called at 9/27/2018 9:54:47 PM   :::   21:54:47.7611948

::::::::::: AuthenticateRequest Request called at 9/27/2018 9:54:47 PM   :::   21:54:47.7621955

::::::::::: BeginRequest Request called at 9/27/2018 9:54:47 PM   :::   21:54:47.7631966

::::::::::: AuthenticateRequest Request called at 9/27/2018 9:54:47 PM   :::   21:54:47.7651976

::::::::::: PostAuthenticateRequest Request called at 9/27/2018 9:54:47 PM   :::   21:54:47.7752047

::::::::::: AuthorizeRequest Request called at 9/27/2018 9:54:47 PM   :::   21:54:47.7822093

::::::::::: PostAuthorizeRequest Request called at 9/27/2018 9:54:47 PM   :::   21:54:47.7892147

::::::::::: End Request called at 9/27/2018 9:54:47 PM   :::   21:54:47.7952181

::::::::::: PostAcquireRequestState Request called at 9/27/2018 9:54:47 PM   :::   21:54:47.8037267

::::::::::: PreRequestHandlerExecute Request called at 9/27/2018 9:54:47 PM   :::   21:54:47.8077300

::::::::::: PostAcquireRequestState Request called at 9/27/2018 9:54:47 PM   :::   21:54:47.8162354

::::::::::: PreRequestHandlerExecute Request called at 9/27/2018 9:54:47 PM   :::   21:54:47.8182372

::::::::::: PostReleaseRequestState Request called at 9/27/2018 9:54:47 PM   :::   21:54:47.8302485

::::::::::: UpdateRequestCache Request called at 9/27/2018 9:54:47 PM   :::   21:54:47.8352525

::::::::::: PostRequestHandlerExecute Request called at 9/27/2018 9:54:47 PM   :::   21:54:47.8412571

::::::::::: ReleaseRequestState Request called at 9/27/2018 9:54:47 PM   :::   21:54:47.8442593

::::::::::: PostReleaseRequestState Request called at 9/27/2018 9:54:47 PM   :::   21:54:47.8502651

::::::::::: UpdateRequestCache Request called at 9/27/2018 9:54:47 PM   :::   21:54:47.8582700

::::::::::: EndRequest Request called at 9/27/2018 9:54:47 PM   :::   21:54:47.8622728

::::::::::: PreSendRequestContent Request called at 9/27/2018 9:54:47 PM   :::   21:54:47.8632731

::::::::::: PreSendRequestHeaders Request called at 9/27/2018 9:54:47 PM   :::   21:54:47.8642754

::::::::::: BeginRequest Request called at 9/27/2018 9:54:49 PM   :::   21:54:49.3605906

::::::::::: AuthenticateRequest Request called at 9/27/2018 9:54:49 PM   :::   21:54:49.3615905

::::::::::: PostAuthenticateRequest Request called at 9/27/2018 9:54:49 PM   :::   21:54:49.3635927

::::::::::: AuthorizeRequest Request called at 9/27/2018 9:54:49 PM   :::   21:54:49.3655953

::::::::::: PostAuthorizeRequest Request called at 9/27/2018 9:54:49 PM   :::   21:54:49.3706000

::::::::::: End Request called at 9/27/2018 9:54:49 PM   :::   21:54:49.3746135

::::::::::: PostResolveRequestCache Request called at 9/27/2018 9:54:49 PM   :::   21:54:49.3756123

::::::::::: AcquireRequestState Request called at 9/27/2018 9:54:49 PM   :::   21:54:49.3776015

::::::::::: PostAcquireRequestState Request called at 9/27/2018 9:54:49 PM   :::   21:54:49.3786089

::::::::::: PreRequestHandlerExecute Request called at 9/27/2018 9:54:49 PM   :::   21:54:49.3796171

::::::::::: PreSendRequestContent Request called at 9/27/2018 9:54:51 PM   :::   21:54:51.4372185

::::::::::: PreSendRequestHeaders Request called at 9/27/2018 9:54:51 PM   :::   21:54:51.4422221

::::::::::: PostRequestHandlerExecute Request called at 9/27/2018 9:54:51 PM   :::   21:54:51.4492294

::::::::::: ReleaseRequestState Request called at 9/27/2018 9:54:51 PM   :::   21:54:51.4562328

::::::::::: PostReleaseRequestState Request called at 9/27/2018 9:54:51 PM   :::   21:54:51.4602356

::::::::::: UpdateRequestCache Request called at 9/27/2018 9:54:51 PM   :::   21:54:51.4632366

::::::::::: EndRequest Request called at 9/27/2018 9:54:51 PM   :::   21:54:51.4652392

::::::::::: PreSendRequestContent Request called at 9/27/2018 9:54:51 PM   :::   21:54:51.4682409

