::::::::::: BeginRequest Request called at 25-12-2018 01:14:21 AM   :::   01:14:21.5250391

::::::::::: AuthenticateRequest Request called at 25-12-2018 01:14:21 AM   :::   01:14:21.5380419

::::::::::: PostAuthenticateRequest Request called at 25-12-2018 01:14:21 AM   :::   01:14:21.5420395

::::::::::: AuthorizeRequest Request called at 25-12-2018 01:14:21 AM   :::   01:14:21.5530408

::::::::::: PostAuthorizeRequest Request called at 25-12-2018 01:14:21 AM   :::   01:14:21.5660323

::::::::::: End Request called at 25-12-2018 01:14:21 AM   :::   01:14:21.5870464

::::::::::: PostResolveRequestCache Request called at 25-12-2018 01:14:21 AM   :::   01:14:21.7870431

::::::::::: AcquireRequestState Request called at 25-12-2018 01:14:21 AM   :::   01:14:21.8410406

::::::::::: PostAcquireRequestState Request called at 25-12-2018 01:14:21 AM   :::   01:14:21.8450843

::::::::::: PreRequestHandlerExecute Request called at 25-12-2018 01:14:21 AM   :::   01:14:21.8480480

::::::::::: PostRequestHandlerExecute Request called at 25-12-2018 01:14:26 AM   :::   01:14:26.3873496

::::::::::: ReleaseRequestState Request called at 25-12-2018 01:14:26 AM   :::   01:14:26.3903433

::::::::::: PostReleaseRequestState Request called at 25-12-2018 01:14:26 AM   :::   01:14:26.3943466

::::::::::: UpdateRequestCache Request called at 25-12-2018 01:14:26 AM   :::   01:14:26.3983482

::::::::::: EndRequest Request called at 25-12-2018 01:14:26 AM   :::   01:14:26.4013494

::::::::::: PreSendRequestContent Request called at 25-12-2018 01:14:26 AM   :::   01:14:26.4203498

::::::::::: PreSendRequestHeaders Request called at 25-12-2018 01:14:26 AM   :::   01:14:26.4223467

::::::::::: BeginRequest Request called at 25-12-2018 01:14:26 AM   :::   01:14:26.5033462

::::::::::: AuthenticateRequest Request called at 25-12-2018 01:14:26 AM   :::   01:14:26.5053606

::::::::::: PostAuthenticateRequest Request called at 25-12-2018 01:14:26 AM   :::   01:14:26.5103509

::::::::::: AuthorizeRequest Request called at 25-12-2018 01:14:26 AM   :::   01:14:26.5203460

::::::::::: BeginRequest Request called at 25-12-2018 01:14:26 AM   :::   01:14:26.5213476

::::::::::: BeginRequest Request called at 25-12-2018 01:14:26 AM   :::   01:14:26.6583479

::::::::::: AuthenticateRequest Request called at 25-12-2018 01:14:26 AM   :::   01:14:26.6603464

::::::::::: PostAuthenticateRequest Request called at 25-12-2018 01:14:26 AM   :::   01:14:26.6623439

::::::::::: AuthorizeRequest Request called at 25-12-2018 01:14:26 AM   :::   01:14:26.8983466

::::::::::: PostAuthorizeRequest Request called at 25-12-2018 01:14:26 AM   :::   01:14:26.8993598

::::::::::: AuthenticateRequest Request called at 25-12-2018 01:14:26 AM   :::   01:14:26.5383476

::::::::::: End Request called at 25-12-2018 01:14:26 AM   :::   01:14:26.9003542

::::::::::: PostAuthorizeRequest Request called at 25-12-2018 01:14:26 AM   :::   01:14:26.5223429

::::::::::: PostAuthenticateRequest Request called at 25-12-2018 01:14:26 AM   :::   01:14:26.9013549

::::::::::: PostResolveRequestCache Request called at 25-12-2018 01:14:26 AM   :::   01:14:26.9023531

::::::::::: End Request called at 25-12-2018 01:14:26 AM   :::   01:14:26.9023531

::::::::::: AcquireRequestState Request called at 25-12-2018 01:14:26 AM   :::   01:14:26.9043579

::::::::::: PostResolveRequestCache Request called at 25-12-2018 01:14:26 AM   :::   01:14:26.9043579

::::::::::: PostAcquireRequestState Request called at 25-12-2018 01:14:26 AM   :::   01:14:26.9053523

::::::::::: PreRequestHandlerExecute Request called at 25-12-2018 01:14:27 AM   :::   01:14:27.0393464

::::::::::: AcquireRequestState Request called at 25-12-2018 01:14:27 AM   :::   01:14:27.4173397

::::::::::: PostAcquireRequestState Request called at 25-12-2018 01:14:27 AM   :::   01:14:27.4183441

::::::::::: PreRequestHandlerExecute Request called at 25-12-2018 01:14:27 AM   :::   01:14:27.4203436

::::::::::: AuthenticateRequest Request called at 25-12-2018 01:14:27 AM   :::   01:14:27.4883444

::::::::::: PostAuthenticateRequest Request called at 25-12-2018 01:14:27 AM   :::   01:14:27.4903428

::::::::::: AuthorizeRequest Request called at 25-12-2018 01:14:27 AM   :::   01:14:27.6193396

::::::::::: PostAuthorizeRequest Request called at 25-12-2018 01:14:27 AM   :::   01:14:27.6213411

::::::::::: End Request called at 25-12-2018 01:14:27 AM   :::   01:14:27.6223445

::::::::::: PostResolveRequestCache Request called at 25-12-2018 01:14:27 AM   :::   01:14:27.6253516

::::::::::: BeginRequest Request called at 25-12-2018 01:14:27 AM   :::   01:14:27.7813441

::::::::::: AuthenticateRequest Request called at 25-12-2018 01:14:27 AM   :::   01:14:27.7823446

::::::::::: PostAuthenticateRequest Request called at 25-12-2018 01:14:27 AM   :::   01:14:27.7843422

::::::::::: AuthorizeRequest Request called at 25-12-2018 01:14:27 AM   :::   01:14:27.7863440

::::::::::: PostAuthorizeRequest Request called at 25-12-2018 01:14:27 AM   :::   01:14:27.7873436

::::::::::: End Request called at 25-12-2018 01:14:27 AM   :::   01:14:27.7893421

::::::::::: PostResolveRequestCache Request called at 25-12-2018 01:14:27 AM   :::   01:14:27.7903426

::::::::::: AcquireRequestState Request called at 25-12-2018 01:14:27 AM   :::   01:14:27.7923462

::::::::::: PostAcquireRequestState Request called at 25-12-2018 01:14:28 AM   :::   01:14:28.0213411

::::::::::: PreRequestHandlerExecute Request called at 25-12-2018 01:14:28 AM   :::   01:14:28.0223445

::::::::::: AcquireRequestState Request called at 25-12-2018 01:14:28 AM   :::   01:14:28.0293406

::::::::::: PostAcquireRequestState Request called at 25-12-2018 01:14:28 AM   :::   01:14:28.0313497

::::::::::: PreRequestHandlerExecute Request called at 25-12-2018 01:14:28 AM   :::   01:14:28.0323425

::::::::::: PostRequestHandlerExecute Request called at 25-12-2018 01:14:28 AM   :::   01:14:28.1823598

::::::::::: ReleaseRequestState Request called at 25-12-2018 01:14:28 AM   :::   01:14:28.1843415

::::::::::: PostReleaseRequestState Request called at 25-12-2018 01:14:28 AM   :::   01:14:28.1853429

::::::::::: UpdateRequestCache Request called at 25-12-2018 01:14:28 AM   :::   01:14:28.1873422

::::::::::: EndRequest Request called at 25-12-2018 01:14:28 AM   :::   01:14:28.1883425

::::::::::: PreSendRequestContent Request called at 25-12-2018 01:14:28 AM   :::   01:14:28.1893447

::::::::::: PreSendRequestHeaders Request called at 25-12-2018 01:14:28 AM   :::   01:14:28.1903553

::::::::::: PostRequestHandlerExecute Request called at 25-12-2018 01:14:28 AM   :::   01:14:28.2343423

::::::::::: ReleaseRequestState Request called at 25-12-2018 01:14:28 AM   :::   01:14:28.2363458

::::::::::: PostReleaseRequestState Request called at 25-12-2018 01:14:28 AM   :::   01:14:28.2373455

::::::::::: UpdateRequestCache Request called at 25-12-2018 01:14:28 AM   :::   01:14:28.2443485

::::::::::: EndRequest Request called at 25-12-2018 01:14:28 AM   :::   01:14:28.2463456

::::::::::: PreSendRequestContent Request called at 25-12-2018 01:14:28 AM   :::   01:14:28.2483438

::::::::::: PreSendRequestHeaders Request called at 25-12-2018 01:14:28 AM   :::   01:14:28.2503488

::::::::::: BeginRequest Request called at 25-12-2018 01:14:28 AM   :::   01:14:28.2523435

::::::::::: AuthenticateRequest Request called at 25-12-2018 01:14:28 AM   :::   01:14:28.2543431

::::::::::: PostAuthenticateRequest Request called at 25-12-2018 01:14:28 AM   :::   01:14:28.2563432

::::::::::: AuthorizeRequest Request called at 25-12-2018 01:14:28 AM   :::   01:14:28.2743397

::::::::::: PostAuthorizeRequest Request called at 25-12-2018 01:14:28 AM   :::   01:14:28.2753440

::::::::::: End Request called at 25-12-2018 01:14:28 AM   :::   01:14:28.2783463

::::::::::: PostResolveRequestCache Request called at 25-12-2018 01:14:28 AM   :::   01:14:28.2813462

::::::::::: AcquireRequestState Request called at 25-12-2018 01:14:28 AM   :::   01:14:28.2823426

::::::::::: PostAcquireRequestState Request called at 25-12-2018 01:14:28 AM   :::   01:14:28.2843447

::::::::::: PreRequestHandlerExecute Request called at 25-12-2018 01:14:28 AM   :::   01:14:28.2853425

::::::::::: PostRequestHandlerExecute Request called at 25-12-2018 01:14:28 AM   :::   01:14:28.4813439

::::::::::: ReleaseRequestState Request called at 25-12-2018 01:14:28 AM   :::   01:14:28.4833436

::::::::::: PostReleaseRequestState Request called at 25-12-2018 01:14:28 AM   :::   01:14:28.4843446

::::::::::: UpdateRequestCache Request called at 25-12-2018 01:14:28 AM   :::   01:14:28.4863445

::::::::::: EndRequest Request called at 25-12-2018 01:14:28 AM   :::   01:14:28.4883460

::::::::::: PreSendRequestContent Request called at 25-12-2018 01:14:28 AM   :::   01:14:28.4903455

::::::::::: PostRequestHandlerExecute Request called at 25-12-2018 01:14:28 AM   :::   01:14:28.5143444

::::::::::: ReleaseRequestState Request called at 25-12-2018 01:14:28 AM   :::   01:14:28.5163448

::::::::::: PostReleaseRequestState Request called at 25-12-2018 01:14:28 AM   :::   01:14:28.5193456

::::::::::: ReleaseRequestState Request called at 25-12-2018 01:14:28 AM   :::   01:14:28.4353445

::::::::::: UpdateRequestCache Request called at 25-12-2018 01:14:28 AM   :::   01:14:28.5213710

::::::::::: PreSendRequestHeaders Request called at 25-12-2018 01:14:28 AM   :::   01:14:28.5243443

::::::::::: PostAuthorizeRequest Request called at 25-12-2018 01:14:28 AM   :::   01:14:28.5423463

::::::::::: End Request called at 25-12-2018 01:14:28 AM   :::   01:14:28.5453443

::::::::::: PostResolveRequestCache Request called at 25-12-2018 01:14:28 AM   :::   01:14:28.5463461

::::::::::: AcquireRequestState Request called at 25-12-2018 01:14:28 AM   :::   01:14:28.5483432

::::::::::: PostAcquireRequestState Request called at 25-12-2018 01:14:28 AM   :::   01:14:28.5503481

::::::::::: PreRequestHandlerExecute Request called at 25-12-2018 01:14:28 AM   :::   01:14:28.5513454

::::::::::: PreSendRequestContent Request called at 25-12-2018 01:14:28 AM   :::   01:14:28.6323475

::::::::::: PreSendRequestHeaders Request called at 25-12-2018 01:14:28 AM   :::   01:14:28.6343494

::::::::::: UpdateRequestCache Request called at 25-12-2018 01:14:28 AM   :::   01:14:28.6783785

::::::::::: EndRequest Request called at 25-12-2018 01:14:28 AM   :::   01:14:28.6803455

::::::::::: PreSendRequestContent Request called at 25-12-2018 01:14:28 AM   :::   01:14:28.6843444

::::::::::: PreSendRequestHeaders Request called at 25-12-2018 01:14:28 AM   :::   01:14:28.6853472

::::::::::: ReleaseRequestState Request called at 25-12-2018 01:14:28 AM   :::   01:14:28.7273944

::::::::::: PostReleaseRequestState Request called at 25-12-2018 01:14:28 AM   :::   01:14:28.7313500

::::::::::: UpdateRequestCache Request called at 25-12-2018 01:14:28 AM   :::   01:14:28.7323538

::::::::::: EndRequest Request called at 25-12-2018 01:14:28 AM   :::   01:14:28.7343474

::::::::::: PreSendRequestContent Request called at 25-12-2018 01:14:28 AM   :::   01:14:28.7363438

::::::::::: PreSendRequestHeaders Request called at 25-12-2018 01:14:28 AM   :::   01:14:28.7373461

::::::::::: BeginRequest Request called at 25-12-2018 01:17:22 AM   :::   01:17:22.8485823

::::::::::: AuthenticateRequest Request called at 25-12-2018 01:17:22 AM   :::   01:17:22.8505831

::::::::::: PostAuthenticateRequest Request called at 25-12-2018 01:17:22 AM   :::   01:17:22.8515855

::::::::::: AuthorizeRequest Request called at 25-12-2018 01:17:22 AM   :::   01:17:22.8525843

::::::::::: PostAuthorizeRequest Request called at 25-12-2018 01:17:22 AM   :::   01:17:22.8545870

::::::::::: End Request called at 25-12-2018 01:17:22 AM   :::   01:17:22.8555841

::::::::::: PostResolveRequestCache Request called at 25-12-2018 01:17:22 AM   :::   01:17:22.8965867

::::::::::: AcquireRequestState Request called at 25-12-2018 01:17:22 AM   :::   01:17:22.9025824

::::::::::: PostAcquireRequestState Request called at 25-12-2018 01:17:22 AM   :::   01:17:22.9035960

::::::::::: PreRequestHandlerExecute Request called at 25-12-2018 01:17:22 AM   :::   01:17:22.9115816

::::::::::: PostRequestHandlerExecute Request called at 25-12-2018 01:17:23 AM   :::   01:17:23.0995799

::::::::::: ReleaseRequestState Request called at 25-12-2018 01:17:23 AM   :::   01:17:23.1015830

::::::::::: PostReleaseRequestState Request called at 25-12-2018 01:17:23 AM   :::   01:17:23.1025814

::::::::::: UpdateRequestCache Request called at 25-12-2018 01:17:23 AM   :::   01:17:23.1045829

::::::::::: EndRequest Request called at 25-12-2018 01:17:23 AM   :::   01:17:23.1075854

::::::::::: PreSendRequestContent Request called at 25-12-2018 01:17:23 AM   :::   01:17:23.1095827

::::::::::: PreSendRequestHeaders Request called at 25-12-2018 01:17:23 AM   :::   01:17:23.1115850

::::::::::: BeginRequest Request called at 25-12-2018 01:17:23 AM   :::   01:17:23.2035826

::::::::::: AuthenticateRequest Request called at 25-12-2018 01:17:23 AM   :::   01:17:23.2115861

::::::::::: PostAuthenticateRequest Request called at 25-12-2018 01:17:23 AM   :::   01:17:23.2185842

::::::::::: AuthorizeRequest Request called at 25-12-2018 01:17:23 AM   :::   01:17:23.2195835

::::::::::: PostAuthorizeRequest Request called at 25-12-2018 01:17:23 AM   :::   01:17:23.2215816

::::::::::: End Request called at 25-12-2018 01:17:23 AM   :::   01:17:23.2235851

::::::::::: PostResolveRequestCache Request called at 25-12-2018 01:17:23 AM   :::   01:17:23.2255817

::::::::::: AcquireRequestState Request called at 25-12-2018 01:17:23 AM   :::   01:17:23.2275826

::::::::::: PostAcquireRequestState Request called at 25-12-2018 01:17:23 AM   :::   01:17:23.2295846

::::::::::: PreRequestHandlerExecute Request called at 25-12-2018 01:17:23 AM   :::   01:17:23.2335813

::::::::::: PreSendRequestContent Request called at 25-12-2018 01:17:35 AM   :::   01:17:35.3426700

::::::::::: PreSendRequestHeaders Request called at 25-12-2018 01:17:35 AM   :::   01:17:35.3446710

::::::::::: PostRequestHandlerExecute Request called at 25-12-2018 01:17:35 AM   :::   01:17:35.3606680

::::::::::: ReleaseRequestState Request called at 25-12-2018 01:17:35 AM   :::   01:17:35.3646655

::::::::::: PostReleaseRequestState Request called at 25-12-2018 01:17:35 AM   :::   01:17:35.3666667

::::::::::: UpdateRequestCache Request called at 25-12-2018 01:17:35 AM   :::   01:17:35.3676662

::::::::::: EndRequest Request called at 25-12-2018 01:17:35 AM   :::   01:17:35.3696667

::::::::::: PreSendRequestContent Request called at 25-12-2018 01:17:35 AM   :::   01:17:35.3736717

::::::::::: BeginRequest Request called at 25-12-2018 01:17:46 AM   :::   01:17:46.2336662

::::::::::: AuthenticateRequest Request called at 25-12-2018 01:17:46 AM   :::   01:17:46.2346667

::::::::::: PostAuthenticateRequest Request called at 25-12-2018 01:17:46 AM   :::   01:17:46.2356680

::::::::::: AuthorizeRequest Request called at 25-12-2018 01:17:46 AM   :::   01:17:46.2376656

::::::::::: PostAuthorizeRequest Request called at 25-12-2018 01:17:46 AM   :::   01:17:46.2386649

::::::::::: End Request called at 25-12-2018 01:17:46 AM   :::   01:17:46.2396649

::::::::::: PostResolveRequestCache Request called at 25-12-2018 01:17:46 AM   :::   01:17:46.2406660

::::::::::: AcquireRequestState Request called at 25-12-2018 01:17:46 AM   :::   01:17:46.2416803

::::::::::: PostAcquireRequestState Request called at 25-12-2018 01:17:46 AM   :::   01:17:46.2457042

::::::::::: PreRequestHandlerExecute Request called at 25-12-2018 01:17:46 AM   :::   01:17:46.2466669

::::::::::: PostRequestHandlerExecute Request called at 25-12-2018 01:17:46 AM   :::   01:17:46.3216696

::::::::::: ReleaseRequestState Request called at 25-12-2018 01:17:46 AM   :::   01:17:46.3226643

::::::::::: PostReleaseRequestState Request called at 25-12-2018 01:17:46 AM   :::   01:17:46.3236647

::::::::::: UpdateRequestCache Request called at 25-12-2018 01:17:46 AM   :::   01:17:46.3246641

::::::::::: EndRequest Request called at 25-12-2018 01:17:46 AM   :::   01:17:46.3326657

::::::::::: PreSendRequestContent Request called at 25-12-2018 01:17:46 AM   :::   01:17:46.3346657

::::::::::: PreSendRequestHeaders Request called at 25-12-2018 01:17:46 AM   :::   01:17:46.3356798

::::::::::: BeginRequest Request called at 25-12-2018 01:17:46 AM   :::   01:17:46.5316635

::::::::::: AuthenticateRequest Request called at 25-12-2018 01:17:46 AM   :::   01:17:46.5336657

::::::::::: PostAuthenticateRequest Request called at 25-12-2018 01:17:46 AM   :::   01:17:46.5346661

::::::::::: AuthorizeRequest Request called at 25-12-2018 01:17:46 AM   :::   01:17:46.5356659

::::::::::: PostAuthorizeRequest Request called at 25-12-2018 01:17:46 AM   :::   01:17:46.5366638

::::::::::: End Request called at 25-12-2018 01:17:46 AM   :::   01:17:46.5376642

::::::::::: PostResolveRequestCache Request called at 25-12-2018 01:17:46 AM   :::   01:17:46.5386641

::::::::::: AcquireRequestState Request called at 25-12-2018 01:17:46 AM   :::   01:17:46.5406841

::::::::::: PostAcquireRequestState Request called at 25-12-2018 01:17:46 AM   :::   01:17:46.5416651

::::::::::: PreRequestHandlerExecute Request called at 25-12-2018 01:17:46 AM   :::   01:17:46.5426653

::::::::::: PostRequestHandlerExecute Request called at 25-12-2018 01:17:48 AM   :::   01:17:48.2036778

::::::::::: ReleaseRequestState Request called at 25-12-2018 01:17:48 AM   :::   01:17:48.2056632

::::::::::: PostReleaseRequestState Request called at 25-12-2018 01:17:48 AM   :::   01:17:48.2066631

::::::::::: UpdateRequestCache Request called at 25-12-2018 01:17:48 AM   :::   01:17:48.2076651

::::::::::: EndRequest Request called at 25-12-2018 01:17:48 AM   :::   01:17:48.2096710

::::::::::: PreSendRequestContent Request called at 25-12-2018 01:17:48 AM   :::   01:17:48.2126683

::::::::::: PreSendRequestHeaders Request called at 25-12-2018 01:17:48 AM   :::   01:17:48.2136664

::::::::::: BeginRequest Request called at 25-12-2018 01:19:24 AM   :::   01:19:24.8305052

::::::::::: AuthenticateRequest Request called at 25-12-2018 01:19:24 AM   :::   01:19:24.8325121

::::::::::: PostAuthenticateRequest Request called at 25-12-2018 01:19:24 AM   :::   01:19:24.8345091

::::::::::: AuthorizeRequest Request called at 25-12-2018 01:19:24 AM   :::   01:19:24.8355086

::::::::::: PostAuthorizeRequest Request called at 25-12-2018 01:19:24 AM   :::   01:19:24.8375054

::::::::::: End Request called at 25-12-2018 01:19:24 AM   :::   01:19:24.8395153

::::::::::: PostResolveRequestCache Request called at 25-12-2018 01:19:24 AM   :::   01:19:24.8415064

::::::::::: AcquireRequestState Request called at 25-12-2018 01:19:24 AM   :::   01:19:24.8435046

::::::::::: PostAcquireRequestState Request called at 25-12-2018 01:19:24 AM   :::   01:19:24.8455047

::::::::::: PreRequestHandlerExecute Request called at 25-12-2018 01:19:24 AM   :::   01:19:24.8465133

::::::::::: PreSendRequestContent Request called at 25-12-2018 01:19:37 AM   :::   01:19:37.0663264

::::::::::: PreSendRequestHeaders Request called at 25-12-2018 01:19:37 AM   :::   01:19:37.0673358

::::::::::: PostRequestHandlerExecute Request called at 25-12-2018 01:19:37 AM   :::   01:19:37.0733285

::::::::::: ReleaseRequestState Request called at 25-12-2018 01:19:37 AM   :::   01:19:37.0823492

::::::::::: PostReleaseRequestState Request called at 25-12-2018 01:19:37 AM   :::   01:19:37.0843279

::::::::::: UpdateRequestCache Request called at 25-12-2018 01:19:37 AM   :::   01:19:37.0853289

::::::::::: EndRequest Request called at 25-12-2018 01:19:37 AM   :::   01:19:37.0863371

::::::::::: PreSendRequestContent Request called at 25-12-2018 01:19:37 AM   :::   01:19:37.0873293

::::::::::: BeginRequest Request called at 25-12-2018 01:19:37 AM   :::   01:19:37.8637364

::::::::::: AuthenticateRequest Request called at 25-12-2018 01:19:37 AM   :::   01:19:37.8647443

::::::::::: PostAuthenticateRequest Request called at 25-12-2018 01:19:37 AM   :::   01:19:37.8657372

::::::::::: AuthorizeRequest Request called at 25-12-2018 01:19:37 AM   :::   01:19:37.8667407

::::::::::: PostAuthorizeRequest Request called at 25-12-2018 01:19:37 AM   :::   01:19:37.8677408

::::::::::: End Request called at 25-12-2018 01:19:37 AM   :::   01:19:37.8687406

::::::::::: PostResolveRequestCache Request called at 25-12-2018 01:19:37 AM   :::   01:19:37.8697412

::::::::::: AcquireRequestState Request called at 25-12-2018 01:19:37 AM   :::   01:19:37.8707416

::::::::::: PostAcquireRequestState Request called at 25-12-2018 01:19:37 AM   :::   01:19:37.8717363

::::::::::: PreRequestHandlerExecute Request called at 25-12-2018 01:19:37 AM   :::   01:19:37.8727374

::::::::::: PostRequestHandlerExecute Request called at 25-12-2018 01:19:41 AM   :::   01:19:41.5451974

::::::::::: ReleaseRequestState Request called at 25-12-2018 01:19:41 AM   :::   01:19:41.5461953

::::::::::: PostReleaseRequestState Request called at 25-12-2018 01:19:41 AM   :::   01:19:41.5481948

::::::::::: UpdateRequestCache Request called at 25-12-2018 01:19:41 AM   :::   01:19:41.5492012

::::::::::: EndRequest Request called at 25-12-2018 01:19:41 AM   :::   01:19:41.5511943

::::::::::: PreSendRequestContent Request called at 25-12-2018 01:19:41 AM   :::   01:19:41.5531947

::::::::::: PreSendRequestHeaders Request called at 25-12-2018 01:19:41 AM   :::   01:19:41.5551961

::::::::::: BeginRequest Request called at 25-12-2018 01:19:51 AM   :::   01:19:51.8350163

::::::::::: AuthenticateRequest Request called at 25-12-2018 01:19:51 AM   :::   01:19:51.8360165

::::::::::: PostAuthenticateRequest Request called at 25-12-2018 01:19:51 AM   :::   01:19:51.8390162

::::::::::: AuthorizeRequest Request called at 25-12-2018 01:19:51 AM   :::   01:19:51.8400252

::::::::::: PostAuthorizeRequest Request called at 25-12-2018 01:19:51 AM   :::   01:19:51.8420196

::::::::::: End Request called at 25-12-2018 01:19:51 AM   :::   01:19:51.8430189

::::::::::: PostResolveRequestCache Request called at 25-12-2018 01:19:51 AM   :::   01:19:51.8450181

::::::::::: AcquireRequestState Request called at 25-12-2018 01:19:51 AM   :::   01:19:51.8470195

::::::::::: PostAcquireRequestState Request called at 25-12-2018 01:19:51 AM   :::   01:19:51.8480184

::::::::::: PreRequestHandlerExecute Request called at 25-12-2018 01:19:51 AM   :::   01:19:51.8500168

::::::::::: PostRequestHandlerExecute Request called at 25-12-2018 01:19:51 AM   :::   01:19:51.8520181

::::::::::: ReleaseRequestState Request called at 25-12-2018 01:19:51 AM   :::   01:19:51.8530166

::::::::::: BeginRequest Request called at 25-12-2018 01:19:51 AM   :::   01:19:51.8540168

::::::::::: PostReleaseRequestState Request called at 25-12-2018 01:19:51 AM   :::   01:19:51.8540168

::::::::::: AuthenticateRequest Request called at 25-12-2018 01:19:51 AM   :::   01:19:51.8550137

::::::::::: UpdateRequestCache Request called at 25-12-2018 01:19:51 AM   :::   01:19:51.8550137

::::::::::: EndRequest Request called at 25-12-2018 01:19:51 AM   :::   01:19:51.8590186

::::::::::: PreSendRequestContent Request called at 25-12-2018 01:19:51 AM   :::   01:19:51.8610184

::::::::::: AuthorizeRequest Request called at 25-12-2018 01:19:51 AM   :::   01:19:51.8740156

::::::::::: PostAuthorizeRequest Request called at 25-12-2018 01:19:51 AM   :::   01:19:51.8750194

::::::::::: PreSendRequestHeaders Request called at 25-12-2018 01:19:51 AM   :::   01:19:51.8750194

::::::::::: End Request called at 25-12-2018 01:19:51 AM   :::   01:19:51.8760166

::::::::::: PostResolveRequestCache Request called at 25-12-2018 01:19:51 AM   :::   01:19:51.8780178

::::::::::: AcquireRequestState Request called at 25-12-2018 01:19:51 AM   :::   01:19:51.8790213

::::::::::: PostAcquireRequestState Request called at 25-12-2018 01:19:51 AM   :::   01:19:51.8800165

::::::::::: PreRequestHandlerExecute Request called at 25-12-2018 01:19:51 AM   :::   01:19:51.8810158

::::::::::: PostRequestHandlerExecute Request called at 25-12-2018 01:19:51 AM   :::   01:19:51.9100141

::::::::::: ReleaseRequestState Request called at 25-12-2018 01:19:51 AM   :::   01:19:51.9120167

::::::::::: PostReleaseRequestState Request called at 25-12-2018 01:19:51 AM   :::   01:19:51.9130162

::::::::::: UpdateRequestCache Request called at 25-12-2018 01:19:51 AM   :::   01:19:51.9140211

::::::::::: EndRequest Request called at 25-12-2018 01:19:51 AM   :::   01:19:51.9150150

::::::::::: PreSendRequestContent Request called at 25-12-2018 01:19:51 AM   :::   01:19:51.9160159

::::::::::: PreSendRequestHeaders Request called at 25-12-2018 01:19:51 AM   :::   01:19:51.9160159

::::::::::: BeginRequest Request called at 25-12-2018 01:19:52 AM   :::   01:19:52.7278747

::::::::::: AuthenticateRequest Request called at 25-12-2018 01:19:52 AM   :::   01:19:52.7288753

::::::::::: PostAuthenticateRequest Request called at 25-12-2018 01:19:52 AM   :::   01:19:52.7308733

::::::::::: AuthorizeRequest Request called at 25-12-2018 01:19:52 AM   :::   01:19:52.7318746

::::::::::: PostAuthorizeRequest Request called at 25-12-2018 01:19:52 AM   :::   01:19:52.7338759

::::::::::: End Request called at 25-12-2018 01:19:52 AM   :::   01:19:52.7358739

::::::::::: PostResolveRequestCache Request called at 25-12-2018 01:19:52 AM   :::   01:19:52.7368749

::::::::::: AcquireRequestState Request called at 25-12-2018 01:19:52 AM   :::   01:19:52.7409092

::::::::::: PostAcquireRequestState Request called at 25-12-2018 01:19:52 AM   :::   01:19:52.7438767

::::::::::: PreRequestHandlerExecute Request called at 25-12-2018 01:19:52 AM   :::   01:19:52.7448756

::::::::::: PreSendRequestContent Request called at 25-12-2018 01:19:57 AM   :::   01:19:57.5483778

::::::::::: PreSendRequestHeaders Request called at 25-12-2018 01:19:57 AM   :::   01:19:57.5493819

::::::::::: PostRequestHandlerExecute Request called at 25-12-2018 01:19:57 AM   :::   01:19:57.5543992

::::::::::: ReleaseRequestState Request called at 25-12-2018 01:19:57 AM   :::   01:19:57.5563877

::::::::::: PostReleaseRequestState Request called at 25-12-2018 01:19:57 AM   :::   01:19:57.5573846

::::::::::: UpdateRequestCache Request called at 25-12-2018 01:19:57 AM   :::   01:19:57.5583815

::::::::::: EndRequest Request called at 25-12-2018 01:19:57 AM   :::   01:19:57.5593802

::::::::::: PreSendRequestContent Request called at 25-12-2018 01:19:57 AM   :::   01:19:57.5613799

::::::::::: BeginRequest Request called at 25-12-2018 01:21:40 AM   :::   01:21:40.6097192

::::::::::: AuthenticateRequest Request called at 25-12-2018 01:21:40 AM   :::   01:21:40.6107254

::::::::::: PostAuthenticateRequest Request called at 25-12-2018 01:21:40 AM   :::   01:21:40.6127613

::::::::::: AuthorizeRequest Request called at 25-12-2018 01:21:40 AM   :::   01:21:40.6147153

::::::::::: PostAuthorizeRequest Request called at 25-12-2018 01:21:40 AM   :::   01:21:40.6167288

::::::::::: End Request called at 25-12-2018 01:21:40 AM   :::   01:21:40.6187154

::::::::::: PostResolveRequestCache Request called at 25-12-2018 01:21:40 AM   :::   01:21:40.6197138

::::::::::: AcquireRequestState Request called at 25-12-2018 01:21:40 AM   :::   01:21:40.6257191

::::::::::: PostAcquireRequestState Request called at 25-12-2018 01:21:40 AM   :::   01:21:40.6267208

::::::::::: PreRequestHandlerExecute Request called at 25-12-2018 01:21:40 AM   :::   01:21:40.6277146

::::::::::: PostRequestHandlerExecute Request called at 25-12-2018 01:21:40 AM   :::   01:21:40.6297142

::::::::::: ReleaseRequestState Request called at 25-12-2018 01:21:40 AM   :::   01:21:40.6317169

::::::::::: PostReleaseRequestState Request called at 25-12-2018 01:21:40 AM   :::   01:21:40.6327193

::::::::::: UpdateRequestCache Request called at 25-12-2018 01:21:40 AM   :::   01:21:40.6337182

::::::::::: EndRequest Request called at 25-12-2018 01:21:40 AM   :::   01:21:40.6347152

::::::::::: PreSendRequestContent Request called at 25-12-2018 01:21:40 AM   :::   01:21:40.6367140

::::::::::: PreSendRequestHeaders Request called at 25-12-2018 01:21:40 AM   :::   01:21:40.6377138

::::::::::: BeginRequest Request called at 25-12-2018 01:21:40 AM   :::   01:21:40.6517215

::::::::::: AuthenticateRequest Request called at 25-12-2018 01:21:40 AM   :::   01:21:40.6577229

::::::::::: PostAuthenticateRequest Request called at 25-12-2018 01:21:40 AM   :::   01:21:40.6607226

::::::::::: AuthorizeRequest Request called at 25-12-2018 01:21:40 AM   :::   01:21:40.6627182

::::::::::: PostAuthorizeRequest Request called at 25-12-2018 01:21:40 AM   :::   01:21:40.6637181

::::::::::: End Request called at 25-12-2018 01:21:40 AM   :::   01:21:40.6647184

::::::::::: PostResolveRequestCache Request called at 25-12-2018 01:21:40 AM   :::   01:21:40.6667153

::::::::::: AcquireRequestState Request called at 25-12-2018 01:21:40 AM   :::   01:21:40.6687476

::::::::::: PostAcquireRequestState Request called at 25-12-2018 01:21:40 AM   :::   01:21:40.6697168

::::::::::: PreRequestHandlerExecute Request called at 25-12-2018 01:21:40 AM   :::   01:21:40.6747175

::::::::::: BeginRequest Request called at 25-12-2018 01:26:49 AM   :::   01:26:49.7581610

::::::::::: AuthenticateRequest Request called at 25-12-2018 01:26:49 AM   :::   01:26:49.7601605

::::::::::: PostAuthenticateRequest Request called at 25-12-2018 01:26:49 AM   :::   01:26:49.7611625

::::::::::: AuthorizeRequest Request called at 25-12-2018 01:26:49 AM   :::   01:26:49.7621607

::::::::::: PostAuthorizeRequest Request called at 25-12-2018 01:26:49 AM   :::   01:26:49.7641575

::::::::::: End Request called at 25-12-2018 01:26:49 AM   :::   01:26:49.7731572

::::::::::: PostResolveRequestCache Request called at 25-12-2018 01:26:49 AM   :::   01:26:49.7761602

::::::::::: AcquireRequestState Request called at 25-12-2018 01:26:49 AM   :::   01:26:49.7771591

::::::::::: PostAcquireRequestState Request called at 25-12-2018 01:26:49 AM   :::   01:26:49.7821607

::::::::::: PreRequestHandlerExecute Request called at 25-12-2018 01:26:49 AM   :::   01:26:49.7851605

::::::::::: PostRequestHandlerExecute Request called at 25-12-2018 01:26:49 AM   :::   01:26:49.7911593

::::::::::: BeginRequest Request called at 25-12-2018 01:26:49 AM   :::   01:26:49.7921608

::::::::::: ReleaseRequestState Request called at 25-12-2018 01:26:49 AM   :::   01:26:49.7921608

::::::::::: AuthenticateRequest Request called at 25-12-2018 01:26:49 AM   :::   01:26:49.7941561

::::::::::: PostReleaseRequestState Request called at 25-12-2018 01:26:49 AM   :::   01:26:49.7941561

::::::::::: PostAuthenticateRequest Request called at 25-12-2018 01:26:49 AM   :::   01:26:49.7951571

::::::::::: UpdateRequestCache Request called at 25-12-2018 01:26:49 AM   :::   01:26:49.7951571

::::::::::: AuthorizeRequest Request called at 25-12-2018 01:26:49 AM   :::   01:26:49.7971572

::::::::::: EndRequest Request called at 25-12-2018 01:26:49 AM   :::   01:26:49.7971572

::::::::::: PostAuthorizeRequest Request called at 25-12-2018 01:26:49 AM   :::   01:26:49.7981586

::::::::::: PreSendRequestContent Request called at 25-12-2018 01:26:49 AM   :::   01:26:49.7981586

::::::::::: End Request called at 25-12-2018 01:26:49 AM   :::   01:26:49.8001593

::::::::::: PreSendRequestHeaders Request called at 25-12-2018 01:26:49 AM   :::   01:26:49.8011597

::::::::::: PostResolveRequestCache Request called at 25-12-2018 01:26:49 AM   :::   01:26:49.8021586

::::::::::: AcquireRequestState Request called at 25-12-2018 01:26:49 AM   :::   01:26:49.8031584

::::::::::: PostAcquireRequestState Request called at 25-12-2018 01:26:49 AM   :::   01:26:49.8061621

::::::::::: PreRequestHandlerExecute Request called at 25-12-2018 01:26:49 AM   :::   01:26:49.8081582

::::::::::: PostRequestHandlerExecute Request called at 25-12-2018 01:26:49 AM   :::   01:26:49.8331600

::::::::::: ReleaseRequestState Request called at 25-12-2018 01:26:49 AM   :::   01:26:49.8341588

::::::::::: PostReleaseRequestState Request called at 25-12-2018 01:26:49 AM   :::   01:26:49.8361727

::::::::::: UpdateRequestCache Request called at 25-12-2018 01:26:49 AM   :::   01:26:49.8371565

::::::::::: EndRequest Request called at 25-12-2018 01:26:49 AM   :::   01:26:49.8401576

::::::::::: PreSendRequestContent Request called at 25-12-2018 01:26:49 AM   :::   01:26:49.8411575

::::::::::: PreSendRequestHeaders Request called at 25-12-2018 01:26:49 AM   :::   01:26:49.8431629

::::::::::: BeginRequest Request called at 25-12-2018 01:26:51 AM   :::   01:26:51.1961678

::::::::::: AuthenticateRequest Request called at 25-12-2018 01:26:51 AM   :::   01:26:51.1981585

::::::::::: PostAuthenticateRequest Request called at 25-12-2018 01:26:51 AM   :::   01:26:51.2011595

::::::::::: AuthorizeRequest Request called at 25-12-2018 01:26:51 AM   :::   01:26:51.2031554

::::::::::: PostAuthorizeRequest Request called at 25-12-2018 01:26:51 AM   :::   01:26:51.2061577

::::::::::: End Request called at 25-12-2018 01:26:51 AM   :::   01:26:51.2081712

::::::::::: PostResolveRequestCache Request called at 25-12-2018 01:26:51 AM   :::   01:26:51.2101618

::::::::::: AcquireRequestState Request called at 25-12-2018 01:26:51 AM   :::   01:26:51.2121610

::::::::::: PostAcquireRequestState Request called at 25-12-2018 01:26:51 AM   :::   01:26:51.2131606

::::::::::: PreRequestHandlerExecute Request called at 25-12-2018 01:26:51 AM   :::   01:26:51.2141590

::::::::::: PreSendRequestContent Request called at 25-12-2018 01:26:56 AM   :::   01:26:56.3815769

::::::::::: PreSendRequestHeaders Request called at 25-12-2018 01:26:56 AM   :::   01:26:56.3825901

::::::::::: PostRequestHandlerExecute Request called at 25-12-2018 01:26:56 AM   :::   01:26:56.3845870

::::::::::: ReleaseRequestState Request called at 25-12-2018 01:26:56 AM   :::   01:26:56.3855759

::::::::::: PostReleaseRequestState Request called at 25-12-2018 01:26:56 AM   :::   01:26:56.3885855

::::::::::: UpdateRequestCache Request called at 25-12-2018 01:26:56 AM   :::   01:26:56.3895767

::::::::::: EndRequest Request called at 25-12-2018 01:26:56 AM   :::   01:26:56.3906003

::::::::::: PreSendRequestContent Request called at 25-12-2018 01:26:56 AM   :::   01:26:56.3915862

::::::::::: PostRequestHandlerExecute Request called at 25-12-2018 01:27:09 AM   :::   01:27:09.3853133

::::::::::: ReleaseRequestState Request called at 25-12-2018 01:27:09 AM   :::   01:27:09.3862975

::::::::::: PostReleaseRequestState Request called at 25-12-2018 01:27:09 AM   :::   01:27:09.3872964

::::::::::: UpdateRequestCache Request called at 25-12-2018 01:27:09 AM   :::   01:27:09.3872964

::::::::::: EndRequest Request called at 25-12-2018 01:27:09 AM   :::   01:27:09.3883022

::::::::::: BeginRequest Request called at 25-12-2018 01:28:30 AM   :::   01:28:30.7862785

::::::::::: AuthenticateRequest Request called at 25-12-2018 01:28:30 AM   :::   01:28:30.7872742

::::::::::: PostAuthenticateRequest Request called at 25-12-2018 01:28:30 AM   :::   01:28:30.7902861

::::::::::: AuthorizeRequest Request called at 25-12-2018 01:28:30 AM   :::   01:28:30.7912801

::::::::::: PostAuthorizeRequest Request called at 25-12-2018 01:28:30 AM   :::   01:28:30.7922774

::::::::::: End Request called at 25-12-2018 01:28:30 AM   :::   01:28:30.7952711

::::::::::: PostResolveRequestCache Request called at 25-12-2018 01:28:30 AM   :::   01:28:30.7972738

::::::::::: AcquireRequestState Request called at 25-12-2018 01:28:30 AM   :::   01:28:30.7982719

::::::::::: PostAcquireRequestState Request called at 25-12-2018 01:28:30 AM   :::   01:28:30.7992719

::::::::::: PreRequestHandlerExecute Request called at 25-12-2018 01:28:30 AM   :::   01:28:30.8012713

::::::::::: BeginRequest Request called at 25-12-2018 01:33:57 AM   :::   01:33:57.6502057

::::::::::: AuthenticateRequest Request called at 25-12-2018 01:33:57 AM   :::   01:33:57.6632042

::::::::::: PostAuthenticateRequest Request called at 25-12-2018 01:33:57 AM   :::   01:33:57.6692031

::::::::::: AuthorizeRequest Request called at 25-12-2018 01:33:57 AM   :::   01:33:57.6722054

::::::::::: PostAuthorizeRequest Request called at 25-12-2018 01:33:57 AM   :::   01:33:57.6742041

::::::::::: End Request called at 25-12-2018 01:33:57 AM   :::   01:33:57.6752039

::::::::::: BeginRequest Request called at 25-12-2018 01:33:57 AM   :::   01:33:57.6922140

::::::::::: AuthenticateRequest Request called at 25-12-2018 01:33:57 AM   :::   01:33:57.6942051

::::::::::: PostAuthenticateRequest Request called at 25-12-2018 01:33:57 AM   :::   01:33:57.6952051

::::::::::: AuthorizeRequest Request called at 25-12-2018 01:33:57 AM   :::   01:33:57.6972023

::::::::::: PostAuthorizeRequest Request called at 25-12-2018 01:33:57 AM   :::   01:33:57.6992000

::::::::::: End Request called at 25-12-2018 01:33:57 AM   :::   01:33:57.7002047

::::::::::: PostResolveRequestCache Request called at 25-12-2018 01:33:57 AM   :::   01:33:57.7082005

::::::::::: AcquireRequestState Request called at 25-12-2018 01:33:57 AM   :::   01:33:57.7182059

::::::::::: PostAcquireRequestState Request called at 25-12-2018 01:33:57 AM   :::   01:33:57.7232050

::::::::::: PreRequestHandlerExecute Request called at 25-12-2018 01:33:57 AM   :::   01:33:57.7252050

::::::::::: PostResolveRequestCache Request called at 25-12-2018 01:33:57 AM   :::   01:33:57.7332038

::::::::::: AcquireRequestState Request called at 25-12-2018 01:33:57 AM   :::   01:33:57.7352056

::::::::::: PostAcquireRequestState Request called at 25-12-2018 01:33:57 AM   :::   01:33:57.7362022

::::::::::: PreRequestHandlerExecute Request called at 25-12-2018 01:33:57 AM   :::   01:33:57.7382084

::::::::::: PostRequestHandlerExecute Request called at 25-12-2018 01:33:58 AM   :::   01:33:58.1162045

::::::::::: ReleaseRequestState Request called at 25-12-2018 01:33:58 AM   :::   01:33:58.1192020

::::::::::: PostReleaseRequestState Request called at 25-12-2018 01:33:58 AM   :::   01:33:58.1222015

::::::::::: UpdateRequestCache Request called at 25-12-2018 01:33:58 AM   :::   01:33:58.1262005

::::::::::: EndRequest Request called at 25-12-2018 01:33:58 AM   :::   01:33:58.1302040

::::::::::: PreSendRequestContent Request called at 25-12-2018 01:33:58 AM   :::   01:33:58.1442019

::::::::::: PreSendRequestHeaders Request called at 25-12-2018 01:33:58 AM   :::   01:33:58.1462011

::::::::::: PostRequestHandlerExecute Request called at 25-12-2018 01:33:59 AM   :::   01:33:59.7192015

::::::::::: ReleaseRequestState Request called at 25-12-2018 01:33:59 AM   :::   01:33:59.7212016

::::::::::: PostReleaseRequestState Request called at 25-12-2018 01:33:59 AM   :::   01:33:59.7232029

::::::::::: UpdateRequestCache Request called at 25-12-2018 01:33:59 AM   :::   01:33:59.7242051

::::::::::: EndRequest Request called at 25-12-2018 01:33:59 AM   :::   01:33:59.7262052

::::::::::: PreSendRequestContent Request called at 25-12-2018 01:33:59 AM   :::   01:33:59.7292082

::::::::::: PreSendRequestHeaders Request called at 25-12-2018 01:33:59 AM   :::   01:33:59.7312025

::::::::::: BeginRequest Request called at 25-12-2018 01:33:59 AM   :::   01:33:59.7782054

::::::::::: AuthenticateRequest Request called at 25-12-2018 01:33:59 AM   :::   01:33:59.7792260

::::::::::: PostAuthenticateRequest Request called at 25-12-2018 01:33:59 AM   :::   01:33:59.7812035

::::::::::: BeginRequest Request called at 25-12-2018 01:33:59 AM   :::   01:33:59.7852170

::::::::::: AuthorizeRequest Request called at 25-12-2018 01:33:59 AM   :::   01:33:59.7882065

::::::::::: PostAuthorizeRequest Request called at 25-12-2018 01:33:59 AM   :::   01:33:59.7902093

::::::::::: BeginRequest Request called at 25-12-2018 01:33:59 AM   :::   01:33:59.7912085

::::::::::: End Request called at 25-12-2018 01:33:59 AM   :::   01:33:59.7912085

::::::::::: AuthenticateRequest Request called at 25-12-2018 01:33:59 AM   :::   01:33:59.7932034

::::::::::: AuthenticateRequest Request called at 25-12-2018 01:33:59 AM   :::   01:33:59.7872062

::::::::::: PostAuthenticateRequest Request called at 25-12-2018 01:33:59 AM   :::   01:33:59.8052038

::::::::::: BeginRequest Request called at 25-12-2018 01:33:59 AM   :::   01:33:59.8062047

::::::::::: AuthorizeRequest Request called at 25-12-2018 01:33:59 AM   :::   01:33:59.8072045

::::::::::: BeginRequest Request called at 25-12-2018 01:33:59 AM   :::   01:33:59.9692035

::::::::::: AuthenticateRequest Request called at 25-12-2018 01:33:59 AM   :::   01:33:59.9712033

::::::::::: AcquireRequestState Request called at 25-12-2018 01:34:00 AM   :::   01:34:00.0612060

::::::::::: PostAcquireRequestState Request called at 25-12-2018 01:34:00 AM   :::   01:34:00.0632064

::::::::::: PreRequestHandlerExecute Request called at 25-12-2018 01:34:00 AM   :::   01:34:00.0642057

::::::::::: PostRequestHandlerExecute Request called at 25-12-2018 01:34:00 AM   :::   01:34:00.0722030

::::::::::: ReleaseRequestState Request called at 25-12-2018 01:34:00 AM   :::   01:34:00.0732019

::::::::::: PostReleaseRequestState Request called at 25-12-2018 01:34:00 AM   :::   01:34:00.0752031

::::::::::: UpdateRequestCache Request called at 25-12-2018 01:34:00 AM   :::   01:34:00.0772020

::::::::::: EndRequest Request called at 25-12-2018 01:34:00 AM   :::   01:34:00.0782031

::::::::::: PreSendRequestContent Request called at 25-12-2018 01:34:00 AM   :::   01:34:00.0802035

::::::::::: PreSendRequestHeaders Request called at 25-12-2018 01:34:00 AM   :::   01:34:00.0812038

::::::::::: BeginRequest Request called at 25-12-2018 01:34:00 AM   :::   01:34:00.0872047

::::::::::: AuthenticateRequest Request called at 25-12-2018 01:34:00 AM   :::   01:34:00.0882066

::::::::::: PostAuthorizeRequest Request called at 25-12-2018 01:34:00 AM   :::   01:34:00.1382075

::::::::::: End Request called at 25-12-2018 01:34:00 AM   :::   01:34:00.1402044

::::::::::: PostResolveRequestCache Request called at 25-12-2018 01:34:00 AM   :::   01:34:00.1412036

::::::::::: AcquireRequestState Request called at 25-12-2018 01:34:00 AM   :::   01:34:00.1432027

::::::::::: PostAcquireRequestState Request called at 25-12-2018 01:34:00 AM   :::   01:34:00.1442044

::::::::::: PreRequestHandlerExecute Request called at 25-12-2018 01:34:00 AM   :::   01:34:00.1452049

::::::::::: PostRequestHandlerExecute Request called at 25-12-2018 01:34:00 AM   :::   01:34:00.1512014

::::::::::: ReleaseRequestState Request called at 25-12-2018 01:34:00 AM   :::   01:34:00.1532022

::::::::::: PostReleaseRequestState Request called at 25-12-2018 01:34:00 AM   :::   01:34:00.1542015

::::::::::: UpdateRequestCache Request called at 25-12-2018 01:34:00 AM   :::   01:34:00.1562073

::::::::::: EndRequest Request called at 25-12-2018 01:34:00 AM   :::   01:34:00.1582023

::::::::::: PreSendRequestContent Request called at 25-12-2018 01:34:00 AM   :::   01:34:00.1602018

::::::::::: PreSendRequestHeaders Request called at 25-12-2018 01:34:00 AM   :::   01:34:00.1612081

::::::::::: PostAuthenticateRequest Request called at 25-12-2018 01:34:00 AM   :::   01:34:00.1642033

::::::::::: PostAuthenticateRequest Request called at 25-12-2018 01:34:00 AM   :::   01:34:00.1642033

::::::::::: PostAuthenticateRequest Request called at 25-12-2018 01:34:00 AM   :::   01:34:00.1662070

::::::::::: AuthorizeRequest Request called at 25-12-2018 01:34:00 AM   :::   01:34:00.1672131

::::::::::: AuthorizeRequest Request called at 25-12-2018 01:34:00 AM   :::   01:34:00.1692016

::::::::::: PostAuthorizeRequest Request called at 25-12-2018 01:34:00 AM   :::   01:34:00.1722020

::::::::::: End Request called at 25-12-2018 01:34:00 AM   :::   01:34:00.1742057

::::::::::: PostResolveRequestCache Request called at 25-12-2018 01:34:00 AM   :::   01:34:00.1761992

::::::::::: AcquireRequestState Request called at 25-12-2018 01:34:00 AM   :::   01:34:00.1771991

::::::::::: PostAcquireRequestState Request called at 25-12-2018 01:34:00 AM   :::   01:34:00.1782010

::::::::::: PreRequestHandlerExecute Request called at 25-12-2018 01:34:00 AM   :::   01:34:00.1792005

::::::::::: AuthorizeRequest Request called at 25-12-2018 01:34:00 AM   :::   01:34:00.1831997

::::::::::: PostAuthorizeRequest Request called at 25-12-2018 01:34:00 AM   :::   01:34:00.2122016

::::::::::: End Request called at 25-12-2018 01:34:00 AM   :::   01:34:00.2142008

::::::::::: PostResolveRequestCache Request called at 25-12-2018 01:34:00 AM   :::   01:34:00.2152015

::::::::::: AcquireRequestState Request called at 25-12-2018 01:34:00 AM   :::   01:34:00.2172024

::::::::::: PostAcquireRequestState Request called at 25-12-2018 01:34:00 AM   :::   01:34:00.2182025

::::::::::: PreRequestHandlerExecute Request called at 25-12-2018 01:34:00 AM   :::   01:34:00.2202035

::::::::::: PostAuthenticateRequest Request called at 25-12-2018 01:34:00 AM   :::   01:34:00.1831997

::::::::::: AuthorizeRequest Request called at 25-12-2018 01:34:00 AM   :::   01:34:00.2241987

::::::::::: PostAuthorizeRequest Request called at 25-12-2018 01:34:00 AM   :::   01:34:00.2262016

::::::::::: End Request called at 25-12-2018 01:34:00 AM   :::   01:34:00.2272022

::::::::::: PostResolveRequestCache Request called at 25-12-2018 01:34:00 AM   :::   01:34:00.2292013

::::::::::: AcquireRequestState Request called at 25-12-2018 01:34:00 AM   :::   01:34:00.2302131

::::::::::: PostAcquireRequestState Request called at 25-12-2018 01:34:00 AM   :::   01:34:00.2322037

::::::::::: PreRequestHandlerExecute Request called at 25-12-2018 01:34:00 AM   :::   01:34:00.2332075

::::::::::: End Request called at 25-12-2018 01:34:00 AM   :::   01:34:00.2592050

::::::::::: PostResolveRequestCache Request called at 25-12-2018 01:34:00 AM   :::   01:34:00.2602045

::::::::::: AcquireRequestState Request called at 25-12-2018 01:34:00 AM   :::   01:34:00.2632044

::::::::::: PostAcquireRequestState Request called at 25-12-2018 01:34:00 AM   :::   01:34:00.2652036

::::::::::: PreRequestHandlerExecute Request called at 25-12-2018 01:34:00 AM   :::   01:34:00.2662018

::::::::::: PostRequestHandlerExecute Request called at 25-12-2018 01:34:00 AM   :::   01:34:00.2701999

::::::::::: ReleaseRequestState Request called at 25-12-2018 01:34:00 AM   :::   01:34:00.2712004

::::::::::: PostReleaseRequestState Request called at 25-12-2018 01:34:00 AM   :::   01:34:00.2732048

::::::::::: UpdateRequestCache Request called at 25-12-2018 01:34:00 AM   :::   01:34:00.2742035

::::::::::: EndRequest Request called at 25-12-2018 01:34:00 AM   :::   01:34:00.2762044

::::::::::: PreSendRequestContent Request called at 25-12-2018 01:34:00 AM   :::   01:34:00.2772053

::::::::::: PreSendRequestHeaders Request called at 25-12-2018 01:34:00 AM   :::   01:34:00.2792044

::::::::::: PostRequestHandlerExecute Request called at 25-12-2018 01:34:00 AM   :::   01:34:00.2622083

::::::::::: PostRequestHandlerExecute Request called at 25-12-2018 01:34:00 AM   :::   01:34:00.3212308

::::::::::: ReleaseRequestState Request called at 25-12-2018 01:34:00 AM   :::   01:34:00.3222073

::::::::::: PostReleaseRequestState Request called at 25-12-2018 01:34:00 AM   :::   01:34:00.3242054

::::::::::: UpdateRequestCache Request called at 25-12-2018 01:34:00 AM   :::   01:34:00.3252027

::::::::::: EndRequest Request called at 25-12-2018 01:34:00 AM   :::   01:34:00.3272000

::::::::::: PreSendRequestContent Request called at 25-12-2018 01:34:00 AM   :::   01:34:00.3282012

::::::::::: PreSendRequestHeaders Request called at 25-12-2018 01:34:00 AM   :::   01:34:00.3302064

::::::::::: ReleaseRequestState Request called at 25-12-2018 01:34:00 AM   :::   01:34:00.3002066

::::::::::: PostReleaseRequestState Request called at 25-12-2018 01:34:00 AM   :::   01:34:00.3372033

::::::::::: UpdateRequestCache Request called at 25-12-2018 01:34:00 AM   :::   01:34:00.3392070

::::::::::: EndRequest Request called at 25-12-2018 01:34:00 AM   :::   01:34:00.3402072

::::::::::: PreSendRequestContent Request called at 25-12-2018 01:34:00 AM   :::   01:34:00.3422062

::::::::::: PreSendRequestHeaders Request called at 25-12-2018 01:34:00 AM   :::   01:34:00.3442046

::::::::::: PostRequestHandlerExecute Request called at 25-12-2018 01:34:00 AM   :::   01:34:00.3582049

::::::::::: ReleaseRequestState Request called at 25-12-2018 01:34:00 AM   :::   01:34:00.3602070

::::::::::: PostReleaseRequestState Request called at 25-12-2018 01:34:00 AM   :::   01:34:00.3622026

::::::::::: UpdateRequestCache Request called at 25-12-2018 01:34:00 AM   :::   01:34:00.3632008

::::::::::: EndRequest Request called at 25-12-2018 01:34:00 AM   :::   01:34:00.3642107

::::::::::: PreSendRequestContent Request called at 25-12-2018 01:34:00 AM   :::   01:34:00.3652019

::::::::::: PreSendRequestHeaders Request called at 25-12-2018 01:34:00 AM   :::   01:34:00.3682015

::::::::::: BeginRequest Request called at 25-12-2018 01:34:02 AM   :::   01:34:02.2582036

::::::::::: AuthenticateRequest Request called at 25-12-2018 01:34:02 AM   :::   01:34:02.2602037

::::::::::: PostAuthenticateRequest Request called at 25-12-2018 01:34:02 AM   :::   01:34:02.2622016

::::::::::: AuthorizeRequest Request called at 25-12-2018 01:34:02 AM   :::   01:34:02.2632017

::::::::::: PostAuthorizeRequest Request called at 25-12-2018 01:34:02 AM   :::   01:34:02.2642005

::::::::::: End Request called at 25-12-2018 01:34:02 AM   :::   01:34:02.2662007

::::::::::: PostResolveRequestCache Request called at 25-12-2018 01:34:02 AM   :::   01:34:02.2682024

::::::::::: AcquireRequestState Request called at 25-12-2018 01:34:02 AM   :::   01:34:02.2702014

::::::::::: PostAcquireRequestState Request called at 25-12-2018 01:34:02 AM   :::   01:34:02.2712045

::::::::::: PreRequestHandlerExecute Request called at 25-12-2018 01:34:02 AM   :::   01:34:02.2722020

::::::::::: PreSendRequestContent Request called at 25-12-2018 01:34:16 AM   :::   01:34:16.4042075

::::::::::: PreSendRequestHeaders Request called at 25-12-2018 01:34:16 AM   :::   01:34:16.4052022

::::::::::: PostRequestHandlerExecute Request called at 25-12-2018 01:34:16 AM   :::   01:34:16.4412052

::::::::::: ReleaseRequestState Request called at 25-12-2018 01:34:16 AM   :::   01:34:16.4432148

::::::::::: PostReleaseRequestState Request called at 25-12-2018 01:34:16 AM   :::   01:34:16.4442085

::::::::::: UpdateRequestCache Request called at 25-12-2018 01:34:16 AM   :::   01:34:16.4452048

::::::::::: EndRequest Request called at 25-12-2018 01:34:16 AM   :::   01:34:16.4472051

::::::::::: PreSendRequestContent Request called at 25-12-2018 01:34:16 AM   :::   01:34:16.4492028

::::::::::: BeginRequest Request called at 25-12-2018 01:34:44 AM   :::   01:34:44.8182066

::::::::::: AuthenticateRequest Request called at 25-12-2018 01:34:44 AM   :::   01:34:44.8202111

::::::::::: PostAuthenticateRequest Request called at 25-12-2018 01:34:44 AM   :::   01:34:44.8222067

::::::::::: AuthorizeRequest Request called at 25-12-2018 01:34:44 AM   :::   01:34:44.8242127

::::::::::: PostAuthorizeRequest Request called at 25-12-2018 01:34:44 AM   :::   01:34:44.8252021

::::::::::: End Request called at 25-12-2018 01:34:44 AM   :::   01:34:44.8272029

::::::::::: PostResolveRequestCache Request called at 25-12-2018 01:34:44 AM   :::   01:34:44.8302047

::::::::::: AcquireRequestState Request called at 25-12-2018 01:34:44 AM   :::   01:34:44.8322058

::::::::::: PostAcquireRequestState Request called at 25-12-2018 01:34:44 AM   :::   01:34:44.8332036

::::::::::: PreRequestHandlerExecute Request called at 25-12-2018 01:34:44 AM   :::   01:34:44.8352037

::::::::::: PostRequestHandlerExecute Request called at 25-12-2018 01:34:44 AM   :::   01:34:44.8712021

::::::::::: ReleaseRequestState Request called at 25-12-2018 01:34:44 AM   :::   01:34:44.8732214

::::::::::: PostReleaseRequestState Request called at 25-12-2018 01:34:44 AM   :::   01:34:44.8742067

::::::::::: UpdateRequestCache Request called at 25-12-2018 01:34:44 AM   :::   01:34:44.8772028

::::::::::: EndRequest Request called at 25-12-2018 01:34:44 AM   :::   01:34:44.8792048

::::::::::: PreSendRequestContent Request called at 25-12-2018 01:34:44 AM   :::   01:34:44.8822030

::::::::::: PreSendRequestHeaders Request called at 25-12-2018 01:34:44 AM   :::   01:34:44.8832048

::::::::::: BeginRequest Request called at 25-12-2018 01:34:44 AM   :::   01:34:44.8962261

::::::::::: AuthenticateRequest Request called at 25-12-2018 01:34:44 AM   :::   01:34:44.8992034

::::::::::: PostAuthenticateRequest Request called at 25-12-2018 01:34:44 AM   :::   01:34:44.9002073

::::::::::: AuthorizeRequest Request called at 25-12-2018 01:34:44 AM   :::   01:34:44.9022045

::::::::::: PostAuthorizeRequest Request called at 25-12-2018 01:34:44 AM   :::   01:34:44.9052051

::::::::::: End Request called at 25-12-2018 01:34:44 AM   :::   01:34:44.9062084

::::::::::: PostResolveRequestCache Request called at 25-12-2018 01:34:44 AM   :::   01:34:44.9082076

::::::::::: AcquireRequestState Request called at 25-12-2018 01:34:44 AM   :::   01:34:44.9112020

::::::::::: PostAcquireRequestState Request called at 25-12-2018 01:34:44 AM   :::   01:34:44.9132018

::::::::::: PreRequestHandlerExecute Request called at 25-12-2018 01:34:44 AM   :::   01:34:44.9142043

::::::::::: PostRequestHandlerExecute Request called at 25-12-2018 01:34:46 AM   :::   01:34:46.6812013

::::::::::: ReleaseRequestState Request called at 25-12-2018 01:34:46 AM   :::   01:34:46.6822011

::::::::::: PostReleaseRequestState Request called at 25-12-2018 01:34:46 AM   :::   01:34:46.6832051

::::::::::: UpdateRequestCache Request called at 25-12-2018 01:34:46 AM   :::   01:34:46.6842219

::::::::::: EndRequest Request called at 25-12-2018 01:34:46 AM   :::   01:34:46.6852050

::::::::::: PreSendRequestContent Request called at 25-12-2018 01:34:46 AM   :::   01:34:46.6872043

::::::::::: PreSendRequestHeaders Request called at 25-12-2018 01:34:46 AM   :::   01:34:46.6882052

::::::::::: BeginRequest Request called at 25-12-2018 01:34:55 AM   :::   01:34:55.1082037

::::::::::: AuthenticateRequest Request called at 25-12-2018 01:34:55 AM   :::   01:34:55.1122452

::::::::::: PostAuthenticateRequest Request called at 25-12-2018 01:34:55 AM   :::   01:34:55.1192045

::::::::::: AuthorizeRequest Request called at 25-12-2018 01:34:55 AM   :::   01:34:55.1202044

::::::::::: PostAuthorizeRequest Request called at 25-12-2018 01:34:55 AM   :::   01:34:55.1222033

::::::::::: End Request called at 25-12-2018 01:34:55 AM   :::   01:34:55.1232034

::::::::::: PostResolveRequestCache Request called at 25-12-2018 01:34:55 AM   :::   01:34:55.1252049

::::::::::: AcquireRequestState Request called at 25-12-2018 01:34:55 AM   :::   01:34:55.1282492

::::::::::: PostAcquireRequestState Request called at 25-12-2018 01:34:55 AM   :::   01:34:55.1302029

::::::::::: PreRequestHandlerExecute Request called at 25-12-2018 01:34:55 AM   :::   01:34:55.1312425

::::::::::: PreSendRequestContent Request called at 25-12-2018 01:35:04 AM   :::   01:35:04.8653916

::::::::::: PreSendRequestHeaders Request called at 25-12-2018 01:35:04 AM   :::   01:35:04.8673890

::::::::::: PostRequestHandlerExecute Request called at 25-12-2018 01:35:04 AM   :::   01:35:04.9133885

::::::::::: ReleaseRequestState Request called at 25-12-2018 01:35:04 AM   :::   01:35:04.9153891

::::::::::: PostReleaseRequestState Request called at 25-12-2018 01:35:04 AM   :::   01:35:04.9163916

::::::::::: UpdateRequestCache Request called at 25-12-2018 01:35:04 AM   :::   01:35:04.9173884

::::::::::: EndRequest Request called at 25-12-2018 01:35:04 AM   :::   01:35:04.9193908

::::::::::: PreSendRequestContent Request called at 25-12-2018 01:35:04 AM   :::   01:35:04.9223895

::::::::::: BeginRequest Request called at 25-12-2018 01:35:05 AM   :::   01:35:05.7197702

::::::::::: AuthenticateRequest Request called at 25-12-2018 01:35:05 AM   :::   01:35:05.7207665

::::::::::: PostAuthenticateRequest Request called at 25-12-2018 01:35:05 AM   :::   01:35:05.7217653

::::::::::: AuthorizeRequest Request called at 25-12-2018 01:35:05 AM   :::   01:35:05.7237660

::::::::::: PostAuthorizeRequest Request called at 25-12-2018 01:35:05 AM   :::   01:35:05.7247684

::::::::::: End Request called at 25-12-2018 01:35:05 AM   :::   01:35:05.7257771

::::::::::: PostResolveRequestCache Request called at 25-12-2018 01:35:05 AM   :::   01:35:05.7267662

::::::::::: AcquireRequestState Request called at 25-12-2018 01:35:05 AM   :::   01:35:05.7277665

::::::::::: PostAcquireRequestState Request called at 25-12-2018 01:35:05 AM   :::   01:35:05.7287659

::::::::::: PreRequestHandlerExecute Request called at 25-12-2018 01:35:05 AM   :::   01:35:05.7297656

::::::::::: PostRequestHandlerExecute Request called at 25-12-2018 01:35:09 AM   :::   01:35:09.8807462

::::::::::: ReleaseRequestState Request called at 25-12-2018 01:35:09 AM   :::   01:35:09.8827444

::::::::::: PostReleaseRequestState Request called at 25-12-2018 01:35:09 AM   :::   01:35:09.8857430

::::::::::: UpdateRequestCache Request called at 25-12-2018 01:35:09 AM   :::   01:35:09.8907491

::::::::::: EndRequest Request called at 25-12-2018 01:35:09 AM   :::   01:35:09.9017438

::::::::::: PreSendRequestContent Request called at 25-12-2018 01:35:09 AM   :::   01:35:09.9037444

::::::::::: PreSendRequestHeaders Request called at 25-12-2018 01:35:09 AM   :::   01:35:09.9177431

::::::::::: BeginRequest Request called at 25-12-2018 01:35:17 AM   :::   01:35:17.2989504

::::::::::: AuthenticateRequest Request called at 25-12-2018 01:35:17 AM   :::   01:35:17.3009515

::::::::::: PostAuthenticateRequest Request called at 25-12-2018 01:35:17 AM   :::   01:35:17.3029530

::::::::::: AuthorizeRequest Request called at 25-12-2018 01:35:17 AM   :::   01:35:17.3039505

::::::::::: PostAuthorizeRequest Request called at 25-12-2018 01:35:17 AM   :::   01:35:17.3069484

::::::::::: End Request called at 25-12-2018 01:35:17 AM   :::   01:35:17.3099518

::::::::::: PostResolveRequestCache Request called at 25-12-2018 01:35:17 AM   :::   01:35:17.3119502

::::::::::: AcquireRequestState Request called at 25-12-2018 01:35:17 AM   :::   01:35:17.3139516

::::::::::: PostAcquireRequestState Request called at 25-12-2018 01:35:17 AM   :::   01:35:17.3149511

::::::::::: PreRequestHandlerExecute Request called at 25-12-2018 01:35:17 AM   :::   01:35:17.3169692

::::::::::: PostRequestHandlerExecute Request called at 25-12-2018 01:35:17 AM   :::   01:35:17.3389526

::::::::::: ReleaseRequestState Request called at 25-12-2018 01:35:17 AM   :::   01:35:17.3399507

::::::::::: PostReleaseRequestState Request called at 25-12-2018 01:35:17 AM   :::   01:35:17.3419514

::::::::::: UpdateRequestCache Request called at 25-12-2018 01:35:17 AM   :::   01:35:17.3439524

::::::::::: EndRequest Request called at 25-12-2018 01:35:17 AM   :::   01:35:17.3459506

::::::::::: PreSendRequestContent Request called at 25-12-2018 01:35:17 AM   :::   01:35:17.3469502

::::::::::: PreSendRequestHeaders Request called at 25-12-2018 01:35:17 AM   :::   01:35:17.3489537

::::::::::: BeginRequest Request called at 25-12-2018 01:35:17 AM   :::   01:35:17.3619497

::::::::::: AuthenticateRequest Request called at 25-12-2018 01:35:17 AM   :::   01:35:17.3639498

::::::::::: PostAuthenticateRequest Request called at 25-12-2018 01:35:17 AM   :::   01:35:17.3649495

::::::::::: AuthorizeRequest Request called at 25-12-2018 01:35:17 AM   :::   01:35:17.3659556

::::::::::: PostAuthorizeRequest Request called at 25-12-2018 01:35:17 AM   :::   01:35:17.3669484

::::::::::: End Request called at 25-12-2018 01:35:17 AM   :::   01:35:17.3679498

::::::::::: PostResolveRequestCache Request called at 25-12-2018 01:35:17 AM   :::   01:35:17.3699500

::::::::::: AcquireRequestState Request called at 25-12-2018 01:35:17 AM   :::   01:35:17.3709489

::::::::::: PostAcquireRequestState Request called at 25-12-2018 01:35:17 AM   :::   01:35:17.3739564

::::::::::: PreRequestHandlerExecute Request called at 25-12-2018 01:35:17 AM   :::   01:35:17.3759486

::::::::::: PostRequestHandlerExecute Request called at 25-12-2018 01:35:17 AM   :::   01:35:17.4079531

::::::::::: ReleaseRequestState Request called at 25-12-2018 01:35:17 AM   :::   01:35:17.4089550

::::::::::: PostReleaseRequestState Request called at 25-12-2018 01:35:17 AM   :::   01:35:17.4099509

::::::::::: UpdateRequestCache Request called at 25-12-2018 01:35:17 AM   :::   01:35:17.4109517

::::::::::: EndRequest Request called at 25-12-2018 01:35:17 AM   :::   01:35:17.4119519

::::::::::: PreSendRequestContent Request called at 25-12-2018 01:35:17 AM   :::   01:35:17.4129542

::::::::::: PreSendRequestHeaders Request called at 25-12-2018 01:35:17 AM   :::   01:35:17.4139542

::::::::::: BeginRequest Request called at 25-12-2018 01:35:18 AM   :::   01:35:18.5608106

::::::::::: AuthenticateRequest Request called at 25-12-2018 01:35:18 AM   :::   01:35:18.5647839

::::::::::: PostAuthenticateRequest Request called at 25-12-2018 01:35:18 AM   :::   01:35:18.5657848

::::::::::: AuthorizeRequest Request called at 25-12-2018 01:35:18 AM   :::   01:35:18.5677832

::::::::::: PostAuthorizeRequest Request called at 25-12-2018 01:35:18 AM   :::   01:35:18.5687845

::::::::::: End Request called at 25-12-2018 01:35:18 AM   :::   01:35:18.5707977

::::::::::: PostResolveRequestCache Request called at 25-12-2018 01:35:18 AM   :::   01:35:18.5747858

::::::::::: AcquireRequestState Request called at 25-12-2018 01:35:18 AM   :::   01:35:18.5767847

::::::::::: PostAcquireRequestState Request called at 25-12-2018 01:35:18 AM   :::   01:35:18.5777858

::::::::::: PreRequestHandlerExecute Request called at 25-12-2018 01:35:18 AM   :::   01:35:18.5797898

::::::::::: PreSendRequestContent Request called at 25-12-2018 01:35:24 AM   :::   01:35:24.4944601

::::::::::: PreSendRequestHeaders Request called at 25-12-2018 01:35:24 AM   :::   01:35:24.4964625

::::::::::: PostRequestHandlerExecute Request called at 25-12-2018 01:35:24 AM   :::   01:35:24.4984609

::::::::::: ReleaseRequestState Request called at 25-12-2018 01:35:24 AM   :::   01:35:24.4994616

::::::::::: PostReleaseRequestState Request called at 25-12-2018 01:35:24 AM   :::   01:35:24.5004590

::::::::::: UpdateRequestCache Request called at 25-12-2018 01:35:24 AM   :::   01:35:24.5024613

::::::::::: EndRequest Request called at 25-12-2018 01:35:24 AM   :::   01:35:24.5034613

::::::::::: PreSendRequestContent Request called at 25-12-2018 01:35:24 AM   :::   01:35:24.5044626

::::::::::: BeginRequest Request called at 25-12-2018 01:37:05 AM   :::   01:37:05.2236719

::::::::::: AuthenticateRequest Request called at 25-12-2018 01:37:05 AM   :::   01:37:05.2266690

::::::::::: PostAuthenticateRequest Request called at 25-12-2018 01:37:05 AM   :::   01:37:05.2286735

::::::::::: AuthorizeRequest Request called at 25-12-2018 01:37:05 AM   :::   01:37:05.2306683

::::::::::: PostAuthorizeRequest Request called at 25-12-2018 01:37:05 AM   :::   01:37:05.2336583

::::::::::: End Request called at 25-12-2018 01:37:05 AM   :::   01:37:05.2356817

::::::::::: PostResolveRequestCache Request called at 25-12-2018 01:37:05 AM   :::   01:37:05.2416601

::::::::::: AcquireRequestState Request called at 25-12-2018 01:37:05 AM   :::   01:37:05.2426585

::::::::::: PostAcquireRequestState Request called at 25-12-2018 01:37:05 AM   :::   01:37:05.2446687

::::::::::: PreRequestHandlerExecute Request called at 25-12-2018 01:37:05 AM   :::   01:37:05.2456609

::::::::::: PostRequestHandlerExecute Request called at 25-12-2018 01:37:05 AM   :::   01:37:05.2486596

::::::::::: ReleaseRequestState Request called at 25-12-2018 01:37:05 AM   :::   01:37:05.2506606

::::::::::: PostReleaseRequestState Request called at 25-12-2018 01:37:05 AM   :::   01:37:05.2516589

::::::::::: UpdateRequestCache Request called at 25-12-2018 01:37:05 AM   :::   01:37:05.2536594

::::::::::: EndRequest Request called at 25-12-2018 01:37:05 AM   :::   01:37:05.2566845

::::::::::: PreSendRequestContent Request called at 25-12-2018 01:37:05 AM   :::   01:37:05.2586815

::::::::::: PreSendRequestHeaders Request called at 25-12-2018 01:37:05 AM   :::   01:37:05.2596643

::::::::::: BeginRequest Request called at 25-12-2018 01:37:05 AM   :::   01:37:05.2916614

::::::::::: AuthenticateRequest Request called at 25-12-2018 01:37:05 AM   :::   01:37:05.2936640

::::::::::: PostAuthenticateRequest Request called at 25-12-2018 01:37:05 AM   :::   01:37:05.2956603

::::::::::: AuthorizeRequest Request called at 25-12-2018 01:37:05 AM   :::   01:37:05.2966593

::::::::::: PostAuthorizeRequest Request called at 25-12-2018 01:37:05 AM   :::   01:37:05.2976617

::::::::::: End Request called at 25-12-2018 01:37:05 AM   :::   01:37:05.2986613

::::::::::: PostResolveRequestCache Request called at 25-12-2018 01:37:05 AM   :::   01:37:05.3006645

::::::::::: AcquireRequestState Request called at 25-12-2018 01:37:05 AM   :::   01:37:05.3026609

::::::::::: PostAcquireRequestState Request called at 25-12-2018 01:37:05 AM   :::   01:37:05.3126619

::::::::::: PreRequestHandlerExecute Request called at 25-12-2018 01:37:05 AM   :::   01:37:05.3146605

::::::::::: BeginRequest Request called at 25-12-2018 01:42:46 AM   :::   01:42:46.1749519

::::::::::: AuthenticateRequest Request called at 25-12-2018 01:42:46 AM   :::   01:42:46.1779524

::::::::::: PostAuthenticateRequest Request called at 25-12-2018 01:42:46 AM   :::   01:42:46.1799793

::::::::::: AuthorizeRequest Request called at 25-12-2018 01:42:46 AM   :::   01:42:46.1809529

::::::::::: PostAuthorizeRequest Request called at 25-12-2018 01:42:46 AM   :::   01:42:46.1849560

::::::::::: End Request called at 25-12-2018 01:42:46 AM   :::   01:42:46.1969509

::::::::::: PostResolveRequestCache Request called at 25-12-2018 01:42:46 AM   :::   01:42:46.2029897

::::::::::: AcquireRequestState Request called at 25-12-2018 01:42:46 AM   :::   01:42:46.2109515

::::::::::: PostAcquireRequestState Request called at 25-12-2018 01:42:46 AM   :::   01:42:46.2129533

::::::::::: PreRequestHandlerExecute Request called at 25-12-2018 01:42:46 AM   :::   01:42:46.2139536

::::::::::: PostRequestHandlerExecute Request called at 25-12-2018 01:42:46 AM   :::   01:42:46.2219545

::::::::::: BeginRequest Request called at 25-12-2018 01:42:46 AM   :::   01:42:46.2239510

::::::::::: ReleaseRequestState Request called at 25-12-2018 01:42:46 AM   :::   01:42:46.2239510

::::::::::: AuthenticateRequest Request called at 25-12-2018 01:42:46 AM   :::   01:42:46.2249510

::::::::::: PostReleaseRequestState Request called at 25-12-2018 01:42:46 AM   :::   01:42:46.2249510

::::::::::: PostAuthenticateRequest Request called at 25-12-2018 01:42:46 AM   :::   01:42:46.2269496

::::::::::: UpdateRequestCache Request called at 25-12-2018 01:42:46 AM   :::   01:42:46.2269496

::::::::::: AuthorizeRequest Request called at 25-12-2018 01:42:46 AM   :::   01:42:46.2279489

::::::::::: EndRequest Request called at 25-12-2018 01:42:46 AM   :::   01:42:46.2289615

::::::::::: PostAuthorizeRequest Request called at 25-12-2018 01:42:46 AM   :::   01:42:46.2309515

::::::::::: PreSendRequestContent Request called at 25-12-2018 01:42:46 AM   :::   01:42:46.2319503

::::::::::: End Request called at 25-12-2018 01:42:46 AM   :::   01:42:46.2361855

::::::::::: PreSendRequestHeaders Request called at 25-12-2018 01:42:46 AM   :::   01:42:46.2369681

::::::::::: PostResolveRequestCache Request called at 25-12-2018 01:42:46 AM   :::   01:42:46.2379602

::::::::::: AcquireRequestState Request called at 25-12-2018 01:42:46 AM   :::   01:42:46.2399538

::::::::::: PostAcquireRequestState Request called at 25-12-2018 01:42:46 AM   :::   01:42:46.2419524

::::::::::: PreRequestHandlerExecute Request called at 25-12-2018 01:42:46 AM   :::   01:42:46.2439546

::::::::::: PostRequestHandlerExecute Request called at 25-12-2018 01:42:46 AM   :::   01:42:46.3519851

::::::::::: ReleaseRequestState Request called at 25-12-2018 01:42:46 AM   :::   01:42:46.3559539

::::::::::: PostReleaseRequestState Request called at 25-12-2018 01:42:46 AM   :::   01:42:46.3579508

::::::::::: UpdateRequestCache Request called at 25-12-2018 01:42:46 AM   :::   01:42:46.3589495

::::::::::: EndRequest Request called at 25-12-2018 01:42:46 AM   :::   01:42:46.3609491

::::::::::: PreSendRequestContent Request called at 25-12-2018 01:42:46 AM   :::   01:42:46.3629604

::::::::::: PreSendRequestHeaders Request called at 25-12-2018 01:42:46 AM   :::   01:42:46.3649500

::::::::::: BeginRequest Request called at 25-12-2018 01:42:48 AM   :::   01:42:48.5139529

::::::::::: AuthenticateRequest Request called at 25-12-2018 01:42:48 AM   :::   01:42:48.5159507

::::::::::: PostAuthenticateRequest Request called at 25-12-2018 01:42:48 AM   :::   01:42:48.5179522

::::::::::: AuthorizeRequest Request called at 25-12-2018 01:42:48 AM   :::   01:42:48.5189524

::::::::::: PostAuthorizeRequest Request called at 25-12-2018 01:42:48 AM   :::   01:42:48.5209580

::::::::::: End Request called at 25-12-2018 01:42:48 AM   :::   01:42:48.5229559

::::::::::: PostResolveRequestCache Request called at 25-12-2018 01:42:48 AM   :::   01:42:48.5249511

::::::::::: AcquireRequestState Request called at 25-12-2018 01:42:48 AM   :::   01:42:48.5279545

::::::::::: PostAcquireRequestState Request called at 25-12-2018 01:42:48 AM   :::   01:42:48.5289517

::::::::::: PreRequestHandlerExecute Request called at 25-12-2018 01:42:48 AM   :::   01:42:48.5309521

::::::::::: PreSendRequestContent Request called at 25-12-2018 01:42:55 AM   :::   01:42:55.0058272

::::::::::: PreSendRequestHeaders Request called at 25-12-2018 01:42:55 AM   :::   01:42:55.0068291

::::::::::: PostRequestHandlerExecute Request called at 25-12-2018 01:42:55 AM   :::   01:42:55.0128280

::::::::::: ReleaseRequestState Request called at 25-12-2018 01:42:55 AM   :::   01:42:55.0158279

::::::::::: PostReleaseRequestState Request called at 25-12-2018 01:42:55 AM   :::   01:42:55.0178277

::::::::::: UpdateRequestCache Request called at 25-12-2018 01:42:55 AM   :::   01:42:55.0188435

::::::::::: EndRequest Request called at 25-12-2018 01:42:55 AM   :::   01:42:55.0198285

::::::::::: PreSendRequestContent Request called at 25-12-2018 01:42:55 AM   :::   01:42:55.0208288

::::::::::: PostRequestHandlerExecute Request called at 25-12-2018 01:44:33 AM   :::   01:44:33.8127481

::::::::::: ReleaseRequestState Request called at 25-12-2018 01:44:33 AM   :::   01:44:33.8157452

::::::::::: PostReleaseRequestState Request called at 25-12-2018 01:44:33 AM   :::   01:44:33.8177463

::::::::::: UpdateRequestCache Request called at 25-12-2018 01:44:33 AM   :::   01:44:33.8187916

::::::::::: EndRequest Request called at 25-12-2018 01:44:33 AM   :::   01:44:33.8197960

::::::::::: BeginRequest Request called at 25-12-2018 01:44:53 AM   :::   01:44:53.5322016

::::::::::: AuthenticateRequest Request called at 25-12-2018 01:44:53 AM   :::   01:44:53.5332050

::::::::::: PostAuthenticateRequest Request called at 25-12-2018 01:44:53 AM   :::   01:44:53.5352033

::::::::::: AuthorizeRequest Request called at 25-12-2018 01:44:53 AM   :::   01:44:53.5362045

::::::::::: PostAuthorizeRequest Request called at 25-12-2018 01:44:53 AM   :::   01:44:53.5382023

::::::::::: End Request called at 25-12-2018 01:44:53 AM   :::   01:44:53.5392017

::::::::::: PostResolveRequestCache Request called at 25-12-2018 01:44:53 AM   :::   01:44:53.5412000

::::::::::: AcquireRequestState Request called at 25-12-2018 01:44:53 AM   :::   01:44:53.5422014

::::::::::: PostAcquireRequestState Request called at 25-12-2018 01:44:53 AM   :::   01:44:53.5432127

::::::::::: PreRequestHandlerExecute Request called at 25-12-2018 01:44:53 AM   :::   01:44:53.5451977

::::::::::: PreSendRequestContent Request called at 25-12-2018 01:48:16 AM   :::   01:48:16.7143859

::::::::::: PreSendRequestHeaders Request called at 25-12-2018 01:48:16 AM   :::   01:48:16.7173850

::::::::::: PostRequestHandlerExecute Request called at 25-12-2018 01:48:16 AM   :::   01:48:16.7203824

::::::::::: ReleaseRequestState Request called at 25-12-2018 01:48:16 AM   :::   01:48:16.7213868

::::::::::: PostReleaseRequestState Request called at 25-12-2018 01:48:16 AM   :::   01:48:16.7253851

::::::::::: UpdateRequestCache Request called at 25-12-2018 01:48:16 AM   :::   01:48:16.7263878

::::::::::: EndRequest Request called at 25-12-2018 01:48:16 AM   :::   01:48:16.7323982

::::::::::: PreSendRequestContent Request called at 25-12-2018 01:48:16 AM   :::   01:48:16.7333973

