::::::::::: BeginRequest Request called at 10/26/2018 12:06:52 AM   :::   00:06:52.4686677

::::::::::: AuthenticateRequest Request called at 10/26/2018 12:06:52 AM   :::   00:06:52.4766647

::::::::::: PostAuthenticateRequest Request called at 10/26/2018 12:06:52 AM   :::   00:06:52.4816651

::::::::::: AuthorizeRequest Request called at 10/26/2018 12:06:52 AM   :::   00:06:52.4836649

::::::::::: PostAuthorizeRequest Request called at 10/26/2018 12:06:52 AM   :::   00:06:52.4856656

::::::::::: End Request called at 10/26/2018 12:06:52 AM   :::   00:06:52.4876662

::::::::::: PostResolveRequestCache Request called at 10/26/2018 12:06:52 AM   :::   00:06:52.4906664

::::::::::: AcquireRequestState Request called at 10/26/2018 12:06:52 AM   :::   00:06:52.4986658

::::::::::: PostAcquireRequestState Request called at 10/26/2018 12:06:52 AM   :::   00:06:52.5036701

::::::::::: PreRequestHandlerExecute Request called at 10/26/2018 12:06:52 AM   :::   00:06:52.5056668

::::::::::: PostRequestHandlerExecute Request called at 10/26/2018 12:06:52 AM   :::   00:06:52.5146795

::::::::::: ReleaseRequestState Request called at 10/26/2018 12:06:52 AM   :::   00:06:52.5176651

::::::::::: PostReleaseRequestState Request called at 10/26/2018 12:06:52 AM   :::   00:06:52.5196653

::::::::::: UpdateRequestCache Request called at 10/26/2018 12:06:52 AM   :::   00:06:52.5216651

::::::::::: EndRequest Request called at 10/26/2018 12:06:52 AM   :::   00:06:52.5246661

::::::::::: PreSendRequestContent Request called at 10/26/2018 12:06:52 AM   :::   00:06:52.5336654

::::::::::: PreSendRequestHeaders Request called at 10/26/2018 12:06:52 AM   :::   00:06:52.5356645

::::::::::: BeginRequest Request called at 10/26/2018 12:06:53 AM   :::   00:06:53.1376686

::::::::::: AuthenticateRequest Request called at 10/26/2018 12:06:53 AM   :::   00:06:53.1456825

::::::::::: PostAuthenticateRequest Request called at 10/26/2018 12:06:53 AM   :::   00:06:53.1486669

::::::::::: AuthorizeRequest Request called at 10/26/2018 12:06:53 AM   :::   00:06:53.1506676

::::::::::: PostAuthorizeRequest Request called at 10/26/2018 12:06:53 AM   :::   00:06:53.1606664

::::::::::: End Request called at 10/26/2018 12:06:53 AM   :::   00:06:53.1716667

::::::::::: PostResolveRequestCache Request called at 10/26/2018 12:06:53 AM   :::   00:06:53.1816659

::::::::::: AcquireRequestState Request called at 10/26/2018 12:06:53 AM   :::   00:06:53.1846665

::::::::::: PostAcquireRequestState Request called at 10/26/2018 12:06:53 AM   :::   00:06:53.1866651

::::::::::: PreRequestHandlerExecute Request called at 10/26/2018 12:06:53 AM   :::   00:06:53.1896693

::::::::::: PreSendRequestContent Request called at 10/26/2018 12:07:01 AM   :::   00:07:01.4101180

::::::::::: PreSendRequestHeaders Request called at 10/26/2018 12:07:01 AM   :::   00:07:01.4121182

::::::::::: PostRequestHandlerExecute Request called at 10/26/2018 12:07:01 AM   :::   00:07:01.4281241

::::::::::: ReleaseRequestState Request called at 10/26/2018 12:07:01 AM   :::   00:07:01.4301188

::::::::::: PostReleaseRequestState Request called at 10/26/2018 12:07:01 AM   :::   00:07:01.4331264

::::::::::: UpdateRequestCache Request called at 10/26/2018 12:07:01 AM   :::   00:07:01.4371202

::::::::::: EndRequest Request called at 10/26/2018 12:07:01 AM   :::   00:07:01.4401196

::::::::::: PreSendRequestContent Request called at 10/26/2018 12:07:01 AM   :::   00:07:01.4431189

::::::::::: BeginRequest Request called at 10/26/2018 12:07:34 AM   :::   00:07:34.1098890

::::::::::: AuthenticateRequest Request called at 10/26/2018 12:07:34 AM   :::   00:07:34.1118889

::::::::::: PostAuthenticateRequest Request called at 10/26/2018 12:07:34 AM   :::   00:07:34.1138860

::::::::::: AuthorizeRequest Request called at 10/26/2018 12:07:34 AM   :::   00:07:34.1208882

::::::::::: PostAuthorizeRequest Request called at 10/26/2018 12:07:34 AM   :::   00:07:34.1248875

::::::::::: End Request called at 10/26/2018 12:07:34 AM   :::   00:07:34.1268869

::::::::::: PostResolveRequestCache Request called at 10/26/2018 12:07:34 AM   :::   00:07:34.1298867

::::::::::: AcquireRequestState Request called at 10/26/2018 12:07:34 AM   :::   00:07:34.1318873

::::::::::: PostAcquireRequestState Request called at 10/26/2018 12:07:34 AM   :::   00:07:34.1348906

::::::::::: PreRequestHandlerExecute Request called at 10/26/2018 12:07:34 AM   :::   00:07:34.1418873

::::::::::: PostRequestHandlerExecute Request called at 10/26/2018 12:07:34 AM   :::   00:07:34.1508914

::::::::::: ReleaseRequestState Request called at 10/26/2018 12:07:34 AM   :::   00:07:34.1559052

::::::::::: PostReleaseRequestState Request called at 10/26/2018 12:07:34 AM   :::   00:07:34.1588915

::::::::::: UpdateRequestCache Request called at 10/26/2018 12:07:34 AM   :::   00:07:34.1639247

::::::::::: EndRequest Request called at 10/26/2018 12:07:34 AM   :::   00:07:34.1678924

::::::::::: PreSendRequestContent Request called at 10/26/2018 12:07:34 AM   :::   00:07:34.1708910

::::::::::: PreSendRequestHeaders Request called at 10/26/2018 12:07:34 AM   :::   00:07:34.1738884

::::::::::: BeginRequest Request called at 10/26/2018 12:07:34 AM   :::   00:07:34.2258879

::::::::::: AuthenticateRequest Request called at 10/26/2018 12:07:34 AM   :::   00:07:34.2288873

::::::::::: PostAuthenticateRequest Request called at 10/26/2018 12:07:34 AM   :::   00:07:34.2308891

::::::::::: AuthorizeRequest Request called at 10/26/2018 12:07:34 AM   :::   00:07:34.2478929

::::::::::: PostAuthorizeRequest Request called at 10/26/2018 12:07:34 AM   :::   00:07:34.2568895

::::::::::: End Request called at 10/26/2018 12:07:34 AM   :::   00:07:34.2628910

::::::::::: PostResolveRequestCache Request called at 10/26/2018 12:07:34 AM   :::   00:07:34.2658848

::::::::::: AcquireRequestState Request called at 10/26/2018 12:07:34 AM   :::   00:07:34.2708895

::::::::::: PostAcquireRequestState Request called at 10/26/2018 12:07:34 AM   :::   00:07:34.2758884

::::::::::: PreRequestHandlerExecute Request called at 10/26/2018 12:07:34 AM   :::   00:07:34.2788893

::::::::::: PreSendRequestContent Request called at 10/26/2018 12:07:46 AM   :::   00:07:46.9995305

::::::::::: PreSendRequestHeaders Request called at 10/26/2018 12:07:47 AM   :::   00:07:47.0025318

::::::::::: Error Request called at 10/26/2018 12:07:47 AM   :::   00:07:47.0105300

::::::::::: PreSendRequestContent Request called at 10/26/2018 12:07:57 AM   :::   00:07:57.0673017

::::::::::: PreSendRequestContent Request called at 10/26/2018 12:07:57 AM   :::   00:07:57.0753007

::::::::::: PreSendRequestContent Request called at 10/26/2018 12:07:57 AM   :::   00:07:57.0923109

::::::::::: PreSendRequestContent Request called at 10/26/2018 12:07:57 AM   :::   00:07:57.1173038

::::::::::: EndRequest Request called at 10/26/2018 12:07:57 AM   :::   00:07:57.1252961

::::::::::: PreSendRequestContent Request called at 10/26/2018 12:07:57 AM   :::   00:07:57.1302941

::::::::::: BeginRequest Request called at 10/26/2018 12:08:16 AM   :::   00:08:16.3829578

::::::::::: AuthenticateRequest Request called at 10/26/2018 12:08:16 AM   :::   00:08:16.3849553

::::::::::: PostAuthenticateRequest Request called at 10/26/2018 12:08:16 AM   :::   00:08:16.3869543

::::::::::: AuthorizeRequest Request called at 10/26/2018 12:08:16 AM   :::   00:08:16.3899565

::::::::::: PostAuthorizeRequest Request called at 10/26/2018 12:08:16 AM   :::   00:08:16.3919567

::::::::::: End Request called at 10/26/2018 12:08:16 AM   :::   00:08:16.3989570

::::::::::: PostResolveRequestCache Request called at 10/26/2018 12:08:16 AM   :::   00:08:16.4059556

::::::::::: AcquireRequestState Request called at 10/26/2018 12:08:16 AM   :::   00:08:16.4079547

::::::::::: PostAcquireRequestState Request called at 10/26/2018 12:08:16 AM   :::   00:08:16.4129559

::::::::::: PreRequestHandlerExecute Request called at 10/26/2018 12:08:16 AM   :::   00:08:16.4149561

::::::::::: PostAuthenticateRequest Request called at 10/26/2018 12:08:16 AM   :::   00:08:16.4479780

::::::::::: PostRequestHandlerExecute Request called at 10/26/2018 12:08:16 AM   :::   00:08:16.4499577

::::::::::: ReleaseRequestState Request called at 10/26/2018 12:08:16 AM   :::   00:08:16.4529567

::::::::::: PostReleaseRequestState Request called at 10/26/2018 12:08:16 AM   :::   00:08:16.4769588

::::::::::: UpdateRequestCache Request called at 10/26/2018 12:08:16 AM   :::   00:08:16.4819588

::::::::::: End Request called at 10/26/2018 12:08:16 AM   :::   00:08:16.4949570

::::::::::: PostResolveRequestCache Request called at 10/26/2018 12:08:16 AM   :::   00:08:16.4979564

::::::::::: PreSendRequestContent Request called at 10/26/2018 12:08:16 AM   :::   00:08:16.5119565

::::::::::: PreSendRequestHeaders Request called at 10/26/2018 12:08:16 AM   :::   00:08:16.5149562

::::::::::: AcquireRequestState Request called at 10/26/2018 12:08:16 AM   :::   00:08:16.5009546

::::::::::: PostAcquireRequestState Request called at 10/26/2018 12:08:16 AM   :::   00:08:16.5229548

::::::::::: PreRequestHandlerExecute Request called at 10/26/2018 12:08:16 AM   :::   00:08:16.5289547

::::::::::: PostRequestHandlerExecute Request called at 10/26/2018 12:08:16 AM   :::   00:08:16.5659546

::::::::::: ReleaseRequestState Request called at 10/26/2018 12:08:16 AM   :::   00:08:16.5679553

::::::::::: PostReleaseRequestState Request called at 10/26/2018 12:08:16 AM   :::   00:08:16.5699551

::::::::::: UpdateRequestCache Request called at 10/26/2018 12:08:16 AM   :::   00:08:16.5729561

::::::::::: EndRequest Request called at 10/26/2018 12:08:16 AM   :::   00:08:16.5789588

::::::::::: PreSendRequestContent Request called at 10/26/2018 12:08:16 AM   :::   00:08:16.5819727

::::::::::: PreSendRequestHeaders Request called at 10/26/2018 12:08:16 AM   :::   00:08:16.5839564

::::::::::: BeginRequest Request called at 10/26/2018 12:08:17 AM   :::   00:08:17.8999658

::::::::::: AuthenticateRequest Request called at 10/26/2018 12:08:17 AM   :::   00:08:17.9019546

::::::::::: PostAuthenticateRequest Request called at 10/26/2018 12:08:17 AM   :::   00:08:17.9049571

::::::::::: AuthorizeRequest Request called at 10/26/2018 12:08:17 AM   :::   00:08:17.9139603

::::::::::: PostAuthorizeRequest Request called at 10/26/2018 12:08:17 AM   :::   00:08:17.9169676

::::::::::: End Request called at 10/26/2018 12:08:17 AM   :::   00:08:17.9189560

::::::::::: PostResolveRequestCache Request called at 10/26/2018 12:08:17 AM   :::   00:08:17.9219550

::::::::::: AcquireRequestState Request called at 10/26/2018 12:08:17 AM   :::   00:08:17.9229541

::::::::::: PostAcquireRequestState Request called at 10/26/2018 12:08:17 AM   :::   00:08:17.9279565

::::::::::: PreRequestHandlerExecute Request called at 10/26/2018 12:08:17 AM   :::   00:08:17.9309626

::::::::::: PreSendRequestContent Request called at 10/26/2018 12:08:19 AM   :::   00:08:19.9694010

::::::::::: PreSendRequestHeaders Request called at 10/26/2018 12:08:19 AM   :::   00:08:19.9714016

::::::::::: PostRequestHandlerExecute Request called at 10/26/2018 12:08:19 AM   :::   00:08:19.9794037

::::::::::: ReleaseRequestState Request called at 10/26/2018 12:08:19 AM   :::   00:08:19.9844037

::::::::::: PostReleaseRequestState Request called at 10/26/2018 12:08:19 AM   :::   00:08:19.9854009

::::::::::: UpdateRequestCache Request called at 10/26/2018 12:08:19 AM   :::   00:08:19.9874003

::::::::::: EndRequest Request called at 10/26/2018 12:08:19 AM   :::   00:08:19.9914115

::::::::::: PreSendRequestContent Request called at 10/26/2018 12:08:19 AM   :::   00:08:19.9954037

