::::::::::: BeginRequest Request called at 8/23/2018 11:10:55 PM   :::   23:10:55.4406124

::::::::::: AuthenticateRequest Request called at 8/23/2018 11:10:55 PM   :::   23:10:55.4496184

::::::::::: PostAuthenticateRequest Request called at 8/23/2018 11:10:55 PM   :::   23:10:55.4546220

::::::::::: AuthorizeRequest Request called at 8/23/2018 11:10:55 PM   :::   23:10:55.4576269

::::::::::: PostAuthorizeRequest Request called at 8/23/2018 11:10:55 PM   :::   23:10:55.4596259

::::::::::: End Request called at 8/23/2018 11:10:55 PM   :::   23:10:55.4616285

::::::::::: PostResolveRequestCache Request called at 8/23/2018 11:10:55 PM   :::   23:10:55.5016617

::::::::::: AcquireRequestState Request called at 8/23/2018 11:10:55 PM   :::   23:10:55.5186750

::::::::::: PostAcquireRequestState Request called at 8/23/2018 11:10:55 PM   :::   23:10:55.5216763

::::::::::: PreRequestHandlerExecute Request called at 8/23/2018 11:10:55 PM   :::   23:10:55.5236774

::::::::::: PostRequestHandlerExecute Request called at 8/23/2018 11:10:56 PM   :::   23:10:56.8456723

::::::::::: ReleaseRequestState Request called at 8/23/2018 11:10:56 PM   :::   23:10:56.8476737

::::::::::: PostReleaseRequestState Request called at 8/23/2018 11:10:56 PM   :::   23:10:56.8496752

::::::::::: UpdateRequestCache Request called at 8/23/2018 11:10:56 PM   :::   23:10:56.8987112

::::::::::: EndRequest Request called at 8/23/2018 11:10:56 PM   :::   23:10:56.9017118

::::::::::: PreSendRequestContent Request called at 8/23/2018 11:10:56 PM   :::   23:10:56.9112227

::::::::::: PreSendRequestHeaders Request called at 8/23/2018 11:10:56 PM   :::   23:10:56.9147250

::::::::::: BeginRequest Request called at 8/23/2018 11:10:56 PM   :::   23:10:56.9515334

::::::::::: AuthenticateRequest Request called at 8/23/2018 11:10:56 PM   :::   23:10:56.9545351

::::::::::: BeginRequest Request called at 8/23/2018 11:10:56 PM   :::   23:10:56.9565369

::::::::::: AuthorizeRequest Request called at 8/23/2018 11:10:56 PM   :::   23:10:56.9805536

::::::::::: PostAuthorizeRequest Request called at 8/23/2018 11:10:56 PM   :::   23:10:56.9835550

::::::::::: End Request called at 8/23/2018 11:10:57 PM   :::   23:10:57.0025732

::::::::::: PostAuthorizeRequest Request called at 8/23/2018 11:10:57 PM   :::   23:10:57.0120802

::::::::::: End Request called at 8/23/2018 11:10:57 PM   :::   23:10:57.0150815

::::::::::: PostResolveRequestCache Request called at 8/23/2018 11:10:57 PM   :::   23:10:57.0155825

::::::::::: AcquireRequestState Request called at 8/23/2018 11:10:57 PM   :::   23:10:57.0295964

::::::::::: PostAcquireRequestState Request called at 8/23/2018 11:10:57 PM   :::   23:10:57.0315978

::::::::::: PreRequestHandlerExecute Request called at 8/23/2018 11:10:57 PM   :::   23:10:57.0335992

::::::::::: PostAcquireRequestState Request called at 8/23/2018 11:10:57 PM   :::   23:10:57.0406038

::::::::::: PostRequestHandlerExecute Request called at 8/23/2018 11:10:57 PM   :::   23:10:57.0416049

::::::::::: ReleaseRequestState Request called at 8/23/2018 11:10:57 PM   :::   23:10:57.0676226

::::::::::: PostReleaseRequestState Request called at 8/23/2018 11:10:57 PM   :::   23:10:57.0706243

::::::::::: PostReleaseRequestState Request called at 8/23/2018 11:10:57 PM   :::   23:10:57.0796315

::::::::::: UpdateRequestCache Request called at 8/23/2018 11:10:57 PM   :::   23:10:57.0816326

::::::::::: EndRequest Request called at 8/23/2018 11:10:57 PM   :::   23:10:57.0826341

::::::::::: PreSendRequestContent Request called at 8/23/2018 11:10:57 PM   :::   23:10:57.0846347

::::::::::: PreSendRequestHeaders Request called at 8/23/2018 11:10:57 PM   :::   23:10:57.0876372

::::::::::: PreSendRequestContent Request called at 8/23/2018 11:10:57 PM   :::   23:10:57.0986454

::::::::::: PreSendRequestHeaders Request called at 8/23/2018 11:10:57 PM   :::   23:10:57.1006473

::::::::::: BeginRequest Request called at 8/23/2018 11:10:57 PM   :::   23:10:57.6395376

::::::::::: AuthenticateRequest Request called at 8/23/2018 11:10:57 PM   :::   23:10:57.6415387

::::::::::: PostAuthenticateRequest Request called at 8/23/2018 11:10:57 PM   :::   23:10:57.6435417

::::::::::: AuthorizeRequest Request called at 8/23/2018 11:10:57 PM   :::   23:10:57.6455427

::::::::::: PostAuthorizeRequest Request called at 8/23/2018 11:10:57 PM   :::   23:10:57.6475429

::::::::::: End Request called at 8/23/2018 11:10:57 PM   :::   23:10:57.6485436

::::::::::: PostResolveRequestCache Request called at 8/23/2018 11:10:57 PM   :::   23:10:57.6505451

::::::::::: AcquireRequestState Request called at 8/23/2018 11:10:57 PM   :::   23:10:57.6515454

::::::::::: PostAcquireRequestState Request called at 8/23/2018 11:10:57 PM   :::   23:10:57.6525481

::::::::::: PreRequestHandlerExecute Request called at 8/23/2018 11:10:57 PM   :::   23:10:57.6535488

::::::::::: PostRequestHandlerExecute Request called at 8/23/2018 11:10:57 PM   :::   23:10:57.7401156

::::::::::: ReleaseRequestState Request called at 8/23/2018 11:10:57 PM   :::   23:10:57.7421171

::::::::::: PostReleaseRequestState Request called at 8/23/2018 11:10:57 PM   :::   23:10:57.7431178

::::::::::: UpdateRequestCache Request called at 8/23/2018 11:10:57 PM   :::   23:10:57.7471210

::::::::::: EndRequest Request called at 8/23/2018 11:10:57 PM   :::   23:10:57.7501231

::::::::::: PreSendRequestContent Request called at 8/23/2018 11:10:57 PM   :::   23:10:57.7541260

::::::::::: PreSendRequestHeaders Request called at 8/23/2018 11:10:57 PM   :::   23:10:57.7561270

::::::::::: BeginRequest Request called at 8/23/2018 11:11:01 PM   :::   23:11:01.1659367

::::::::::: AuthenticateRequest Request called at 8/23/2018 11:11:01 PM   :::   23:11:01.1679389

::::::::::: PostAuthenticateRequest Request called at 8/23/2018 11:11:01 PM   :::   23:11:01.1709398

::::::::::: AuthorizeRequest Request called at 8/23/2018 11:11:01 PM   :::   23:11:01.1719409

::::::::::: PostAuthorizeRequest Request called at 8/23/2018 11:11:01 PM   :::   23:11:01.1759446

::::::::::: End Request called at 8/23/2018 11:11:01 PM   :::   23:11:01.1779464

::::::::::: PostResolveRequestCache Request called at 8/23/2018 11:11:01 PM   :::   23:11:01.1849506

::::::::::: AcquireRequestState Request called at 8/23/2018 11:11:01 PM   :::   23:11:01.1869516

::::::::::: PostAcquireRequestState Request called at 8/23/2018 11:11:01 PM   :::   23:11:01.1879519

::::::::::: PreRequestHandlerExecute Request called at 8/23/2018 11:11:01 PM   :::   23:11:01.1899534

::::::::::: PostRequestHandlerExecute Request called at 8/23/2018 11:11:01 PM   :::   23:11:01.3320587

::::::::::: ReleaseRequestState Request called at 8/23/2018 11:11:01 PM   :::   23:11:01.3350600

::::::::::: PostReleaseRequestState Request called at 8/23/2018 11:11:01 PM   :::   23:11:01.3375624

::::::::::: UpdateRequestCache Request called at 8/23/2018 11:11:01 PM   :::   23:11:01.3425668

::::::::::: EndRequest Request called at 8/23/2018 11:11:01 PM   :::   23:11:01.3440668

::::::::::: PreSendRequestContent Request called at 8/23/2018 11:11:01 PM   :::   23:11:01.3465688

::::::::::: PreSendRequestHeaders Request called at 8/23/2018 11:11:01 PM   :::   23:11:01.3480693

::::::::::: BeginRequest Request called at 8/23/2018 11:11:01 PM   :::   23:11:01.3610789

::::::::::: AuthenticateRequest Request called at 8/23/2018 11:11:01 PM   :::   23:11:01.3645812

::::::::::: PostAuthenticateRequest Request called at 8/23/2018 11:11:01 PM   :::   23:11:01.3680835

::::::::::: AuthorizeRequest Request called at 8/23/2018 11:11:01 PM   :::   23:11:01.3730871

::::::::::: PostAuthorizeRequest Request called at 8/23/2018 11:11:01 PM   :::   23:11:01.3780910

::::::::::: End Request called at 8/23/2018 11:11:01 PM   :::   23:11:01.3800925

::::::::::: PostResolveRequestCache Request called at 8/23/2018 11:11:01 PM   :::   23:11:01.3825940

::::::::::: AcquireRequestState Request called at 8/23/2018 11:11:01 PM   :::   23:11:01.3845959

::::::::::: PostAcquireRequestState Request called at 8/23/2018 11:11:01 PM   :::   23:11:01.3870978

::::::::::: PreRequestHandlerExecute Request called at 8/23/2018 11:11:01 PM   :::   23:11:01.3885987

::::::::::: PreSendRequestContent Request called at 8/23/2018 11:11:09 PM   :::   23:11:09.7419027

::::::::::: PreSendRequestHeaders Request called at 8/23/2018 11:11:09 PM   :::   23:11:09.7429030

::::::::::: PostRequestHandlerExecute Request called at 8/23/2018 11:11:09 PM   :::   23:11:09.7534142

::::::::::: ReleaseRequestState Request called at 8/23/2018 11:11:09 PM   :::   23:11:09.7559162

::::::::::: PostReleaseRequestState Request called at 8/23/2018 11:11:09 PM   :::   23:11:09.7579176

::::::::::: UpdateRequestCache Request called at 8/23/2018 11:11:09 PM   :::   23:11:09.7594185

::::::::::: EndRequest Request called at 8/23/2018 11:11:09 PM   :::   23:11:09.7609194

::::::::::: PreSendRequestContent Request called at 8/23/2018 11:11:09 PM   :::   23:11:09.7629208

::::::::::: BeginRequest Request called at 8/23/2018 11:38:58 PM   :::   23:38:58.3422821

::::::::::: AuthenticateRequest Request called at 8/23/2018 11:38:58 PM   :::   23:38:58.3442828

::::::::::: PostAuthenticateRequest Request called at 8/23/2018 11:38:58 PM   :::   23:38:58.3477898

::::::::::: AuthorizeRequest Request called at 8/23/2018 11:38:58 PM   :::   23:38:58.3497912

::::::::::: PostAuthorizeRequest Request called at 8/23/2018 11:38:58 PM   :::   23:38:58.3512925

::::::::::: End Request called at 8/23/2018 11:38:58 PM   :::   23:38:58.3537945

::::::::::: PostResolveRequestCache Request called at 8/23/2018 11:38:58 PM   :::   23:38:58.3587976

::::::::::: AcquireRequestState Request called at 8/23/2018 11:38:58 PM   :::   23:38:58.3618171

::::::::::: PostAcquireRequestState Request called at 8/23/2018 11:38:58 PM   :::   23:38:58.3658239

::::::::::: PreRequestHandlerExecute Request called at 8/23/2018 11:38:58 PM   :::   23:38:58.3678186

::::::::::: PostRequestHandlerExecute Request called at 8/23/2018 11:38:58 PM   :::   23:38:58.3718219

::::::::::: ReleaseRequestState Request called at 8/23/2018 11:38:58 PM   :::   23:38:58.3728214

::::::::::: PostReleaseRequestState Request called at 8/23/2018 11:38:58 PM   :::   23:38:58.3738229

::::::::::: UpdateRequestCache Request called at 8/23/2018 11:38:58 PM   :::   23:38:58.3748248

::::::::::: EndRequest Request called at 8/23/2018 11:38:58 PM   :::   23:38:58.3758255

::::::::::: PreSendRequestContent Request called at 8/23/2018 11:38:58 PM   :::   23:38:58.3778254

::::::::::: PreSendRequestHeaders Request called at 8/23/2018 11:38:58 PM   :::   23:38:58.3788253

::::::::::: BeginRequest Request called at 8/23/2018 11:38:58 PM   :::   23:38:58.3898347

::::::::::: AuthenticateRequest Request called at 8/23/2018 11:38:58 PM   :::   23:38:58.3908346

::::::::::: PostAuthenticateRequest Request called at 8/23/2018 11:38:58 PM   :::   23:38:58.3918349

::::::::::: AuthorizeRequest Request called at 8/23/2018 11:38:58 PM   :::   23:38:58.3938367

::::::::::: PostAuthorizeRequest Request called at 8/23/2018 11:38:58 PM   :::   23:38:58.3948375

::::::::::: End Request called at 8/23/2018 11:38:58 PM   :::   23:38:58.3988407

::::::::::: PostResolveRequestCache Request called at 8/23/2018 11:38:58 PM   :::   23:38:58.4018424

::::::::::: AcquireRequestState Request called at 8/23/2018 11:38:58 PM   :::   23:38:58.4028431

::::::::::: PostAcquireRequestState Request called at 8/23/2018 11:38:58 PM   :::   23:38:58.4048442

::::::::::: PreRequestHandlerExecute Request called at 8/23/2018 11:38:58 PM   :::   23:38:58.4058449

::::::::::: PreSendRequestContent Request called at 8/23/2018 11:39:11 PM   :::   23:39:11.6553197

::::::::::: PreSendRequestHeaders Request called at 8/23/2018 11:39:11 PM   :::   23:39:11.6593272

::::::::::: Error Request called at 8/23/2018 11:39:11 PM   :::   23:39:11.6833514

::::::::::: PreSendRequestContent Request called at 8/23/2018 11:39:13 PM   :::   23:39:13.2047244

::::::::::: PreSendRequestContent Request called at 8/23/2018 11:39:13 PM   :::   23:39:13.2067223

::::::::::: PreSendRequestContent Request called at 8/23/2018 11:39:13 PM   :::   23:39:13.2087245

::::::::::: PreSendRequestContent Request called at 8/23/2018 11:39:13 PM   :::   23:39:13.2107251

::::::::::: EndRequest Request called at 8/23/2018 11:39:13 PM   :::   23:39:13.2137273

::::::::::: PreSendRequestContent Request called at 8/23/2018 11:39:13 PM   :::   23:39:13.2187352

::::::::::: BeginRequest Request called at 8/23/2018 11:40:22 PM   :::   23:40:22.2724096

::::::::::: AuthenticateRequest Request called at 8/23/2018 11:40:22 PM   :::   23:40:22.2744110

::::::::::: PostAuthenticateRequest Request called at 8/23/2018 11:40:22 PM   :::   23:40:22.2764124

::::::::::: AuthorizeRequest Request called at 8/23/2018 11:40:22 PM   :::   23:40:22.2784131

::::::::::: PostAuthorizeRequest Request called at 8/23/2018 11:40:22 PM   :::   23:40:22.2834166

::::::::::: End Request called at 8/23/2018 11:40:22 PM   :::   23:40:22.2854188

::::::::::: PostResolveRequestCache Request called at 8/23/2018 11:40:22 PM   :::   23:40:22.2874199

::::::::::: AcquireRequestState Request called at 8/23/2018 11:40:22 PM   :::   23:40:22.2894225

::::::::::: PostAcquireRequestState Request called at 8/23/2018 11:40:22 PM   :::   23:40:22.2924246

::::::::::: PreRequestHandlerExecute Request called at 8/23/2018 11:40:22 PM   :::   23:40:22.2944249

::::::::::: PostRequestHandlerExecute Request called at 8/23/2018 11:40:22 PM   :::   23:40:22.3024309

::::::::::: ReleaseRequestState Request called at 8/23/2018 11:40:22 PM   :::   23:40:22.3044324

::::::::::: PostReleaseRequestState Request called at 8/23/2018 11:40:22 PM   :::   23:40:22.3094383

::::::::::: UpdateRequestCache Request called at 8/23/2018 11:40:22 PM   :::   23:40:22.3124495

::::::::::: EndRequest Request called at 8/23/2018 11:40:22 PM   :::   23:40:22.3164523

::::::::::: PreSendRequestContent Request called at 8/23/2018 11:40:22 PM   :::   23:40:22.3184538

::::::::::: PreSendRequestHeaders Request called at 8/23/2018 11:40:22 PM   :::   23:40:22.3204552

::::::::::: BeginRequest Request called at 8/23/2018 11:40:24 PM   :::   23:40:24.1582519

::::::::::: AuthenticateRequest Request called at 8/23/2018 11:40:24 PM   :::   23:40:24.1602537

::::::::::: PostAuthenticateRequest Request called at 8/23/2018 11:40:24 PM   :::   23:40:24.1612556

::::::::::: AuthorizeRequest Request called at 8/23/2018 11:40:24 PM   :::   23:40:24.1652589

::::::::::: PostAuthorizeRequest Request called at 8/23/2018 11:40:24 PM   :::   23:40:24.1672788

::::::::::: End Request called at 8/23/2018 11:40:24 PM   :::   23:40:24.1682590

::::::::::: PostResolveRequestCache Request called at 8/23/2018 11:40:24 PM   :::   23:40:24.1702601

::::::::::: AcquireRequestState Request called at 8/23/2018 11:40:24 PM   :::   23:40:24.1712604

::::::::::: PostAcquireRequestState Request called at 8/23/2018 11:40:24 PM   :::   23:40:24.1722611

::::::::::: PreRequestHandlerExecute Request called at 8/23/2018 11:40:24 PM   :::   23:40:24.1732618

::::::::::: PreSendRequestContent Request called at 8/23/2018 11:40:30 PM   :::   23:40:30.4058966

::::::::::: PreSendRequestHeaders Request called at 8/23/2018 11:40:30 PM   :::   23:40:30.4078810

::::::::::: PostRequestHandlerExecute Request called at 8/23/2018 11:40:30 PM   :::   23:40:30.4208950

::::::::::: ReleaseRequestState Request called at 8/23/2018 11:40:30 PM   :::   23:40:30.4248979

::::::::::: PostReleaseRequestState Request called at 8/23/2018 11:40:30 PM   :::   23:40:30.4273999

::::::::::: UpdateRequestCache Request called at 8/23/2018 11:40:30 PM   :::   23:40:30.4304020

::::::::::: EndRequest Request called at 8/23/2018 11:40:30 PM   :::   23:40:30.4334089

::::::::::: PreSendRequestContent Request called at 8/23/2018 11:40:30 PM   :::   23:40:30.4364110

::::::::::: BeginRequest Request called at 8/23/2018 11:40:42 PM   :::   23:40:42.9733619

::::::::::: AuthenticateRequest Request called at 8/23/2018 11:40:42 PM   :::   23:40:42.9753633

::::::::::: PostAuthenticateRequest Request called at 8/23/2018 11:40:42 PM   :::   23:40:42.9763637

::::::::::: AuthorizeRequest Request called at 8/23/2018 11:40:42 PM   :::   23:40:42.9783670

::::::::::: PostAuthorizeRequest Request called at 8/23/2018 11:40:42 PM   :::   23:40:42.9803661

::::::::::: End Request called at 8/23/2018 11:40:42 PM   :::   23:40:42.9813672

::::::::::: PostResolveRequestCache Request called at 8/23/2018 11:40:42 PM   :::   23:40:42.9843693

::::::::::: AcquireRequestState Request called at 8/23/2018 11:40:42 PM   :::   23:40:42.9863716

::::::::::: PostAcquireRequestState Request called at 8/23/2018 11:40:42 PM   :::   23:40:42.9893733

::::::::::: PreRequestHandlerExecute Request called at 8/23/2018 11:40:42 PM   :::   23:40:42.9913747

::::::::::: PreSendRequestContent Request called at 8/23/2018 11:40:57 PM   :::   23:40:57.9786951

::::::::::: PreSendRequestHeaders Request called at 8/23/2018 11:40:57 PM   :::   23:40:57.9827062

::::::::::: Error Request called at 8/23/2018 11:40:57 PM   :::   23:40:57.9942134

::::::::::: PreSendRequestContent Request called at 8/23/2018 11:40:58 PM   :::   23:40:58.2934395

::::::::::: PreSendRequestContent Request called at 8/23/2018 11:40:58 PM   :::   23:40:58.2949404

::::::::::: PreSendRequestContent Request called at 8/23/2018 11:40:58 PM   :::   23:40:58.2964417

::::::::::: PreSendRequestContent Request called at 8/23/2018 11:40:58 PM   :::   23:40:58.2979477

::::::::::: EndRequest Request called at 8/23/2018 11:40:58 PM   :::   23:40:58.2989476

::::::::::: PreSendRequestContent Request called at 8/23/2018 11:40:58 PM   :::   23:40:58.2999483

::::::::::: BeginRequest Request called at 8/23/2018 11:41:12 PM   :::   23:41:12.1989159

::::::::::: AuthenticateRequest Request called at 8/23/2018 11:41:12 PM   :::   23:41:12.2009166

::::::::::: PostAuthenticateRequest Request called at 8/23/2018 11:41:12 PM   :::   23:41:12.2024170

::::::::::: AuthorizeRequest Request called at 8/23/2018 11:41:12 PM   :::   23:41:12.2039191

::::::::::: PostAuthorizeRequest Request called at 8/23/2018 11:41:12 PM   :::   23:41:12.2054192

::::::::::: End Request called at 8/23/2018 11:41:12 PM   :::   23:41:12.2074206

::::::::::: PostResolveRequestCache Request called at 8/23/2018 11:41:12 PM   :::   23:41:12.2089211

::::::::::: AcquireRequestState Request called at 8/23/2018 11:41:12 PM   :::   23:41:12.2104227

::::::::::: PostAcquireRequestState Request called at 8/23/2018 11:41:12 PM   :::   23:41:12.2129287

::::::::::: PreRequestHandlerExecute Request called at 8/23/2018 11:41:12 PM   :::   23:41:12.2139298

::::::::::: PreSendRequestContent Request called at 8/23/2018 11:41:17 PM   :::   23:41:17.9645643

::::::::::: PreSendRequestHeaders Request called at 8/23/2018 11:41:17 PM   :::   23:41:17.9665658

::::::::::: Error Request called at 8/23/2018 11:41:17 PM   :::   23:41:17.9775740

::::::::::: PreSendRequestContent Request called at 8/23/2018 11:41:18 PM   :::   23:41:18.2891150

::::::::::: PreSendRequestContent Request called at 8/23/2018 11:41:18 PM   :::   23:41:18.2941181

::::::::::: PreSendRequestContent Request called at 8/23/2018 11:41:18 PM   :::   23:41:18.2981210

::::::::::: PreSendRequestContent Request called at 8/23/2018 11:41:18 PM   :::   23:41:18.3066355

::::::::::: EndRequest Request called at 8/23/2018 11:41:18 PM   :::   23:41:18.3126417

::::::::::: PreSendRequestContent Request called at 8/23/2018 11:41:18 PM   :::   23:41:18.3161409

::::::::::: BeginRequest Request called at 8/23/2018 11:43:14 PM   :::   23:43:14.4360099

::::::::::: AuthenticateRequest Request called at 8/23/2018 11:43:14 PM   :::   23:43:14.4390251

::::::::::: PostAuthenticateRequest Request called at 8/23/2018 11:43:14 PM   :::   23:43:14.4410135

::::::::::: AuthorizeRequest Request called at 8/23/2018 11:43:14 PM   :::   23:43:14.4460170

::::::::::: PostAuthorizeRequest Request called at 8/23/2018 11:43:14 PM   :::   23:43:14.4480188

::::::::::: End Request called at 8/23/2018 11:43:14 PM   :::   23:43:14.4500207

::::::::::: PostResolveRequestCache Request called at 8/23/2018 11:43:14 PM   :::   23:43:14.4520229

::::::::::: AcquireRequestState Request called at 8/23/2018 11:43:14 PM   :::   23:43:14.4630295

::::::::::: PostAcquireRequestState Request called at 8/23/2018 11:43:14 PM   :::   23:43:14.4675377

::::::::::: PreRequestHandlerExecute Request called at 8/23/2018 11:43:14 PM   :::   23:43:14.4745426

::::::::::: PostRequestHandlerExecute Request called at 8/23/2018 11:43:14 PM   :::   23:43:14.4795466

::::::::::: ReleaseRequestState Request called at 8/23/2018 11:43:14 PM   :::   23:43:14.4810482

::::::::::: PostReleaseRequestState Request called at 8/23/2018 11:43:14 PM   :::   23:43:14.4820533

::::::::::: UpdateRequestCache Request called at 8/23/2018 11:43:14 PM   :::   23:43:14.4840555

::::::::::: EndRequest Request called at 8/23/2018 11:43:14 PM   :::   23:43:14.4890579

::::::::::: PreSendRequestContent Request called at 8/23/2018 11:43:14 PM   :::   23:43:14.4910593

::::::::::: PreSendRequestHeaders Request called at 8/23/2018 11:43:14 PM   :::   23:43:14.4920604

::::::::::: BeginRequest Request called at 8/23/2018 11:43:14 PM   :::   23:43:14.8873449

::::::::::: AuthenticateRequest Request called at 8/23/2018 11:43:14 PM   :::   23:43:14.8888454

::::::::::: PostAuthenticateRequest Request called at 8/23/2018 11:43:14 PM   :::   23:43:14.8903467

::::::::::: AuthorizeRequest Request called at 8/23/2018 11:43:14 PM   :::   23:43:14.8918480

::::::::::: PostAuthorizeRequest Request called at 8/23/2018 11:43:14 PM   :::   23:43:14.8933492

::::::::::: End Request called at 8/23/2018 11:43:14 PM   :::   23:43:14.8948501

::::::::::: PostResolveRequestCache Request called at 8/23/2018 11:43:14 PM   :::   23:43:14.8963510

::::::::::: AcquireRequestState Request called at 8/23/2018 11:43:14 PM   :::   23:43:14.8978522

::::::::::: PostAcquireRequestState Request called at 8/23/2018 11:43:14 PM   :::   23:43:14.8993531

::::::::::: PreRequestHandlerExecute Request called at 8/23/2018 11:43:14 PM   :::   23:43:14.9008544

::::::::::: PostRequestHandlerExecute Request called at 8/23/2018 11:43:14 PM   :::   23:43:14.9038561

::::::::::: ReleaseRequestState Request called at 8/23/2018 11:43:14 PM   :::   23:43:14.9053570

::::::::::: PostReleaseRequestState Request called at 8/23/2018 11:43:14 PM   :::   23:43:14.9068582

::::::::::: UpdateRequestCache Request called at 8/23/2018 11:43:14 PM   :::   23:43:14.9078593

::::::::::: EndRequest Request called at 8/23/2018 11:43:14 PM   :::   23:43:14.9093602

::::::::::: PreSendRequestContent Request called at 8/23/2018 11:43:14 PM   :::   23:43:14.9108615

::::::::::: PreSendRequestHeaders Request called at 8/23/2018 11:43:14 PM   :::   23:43:14.9118622

::::::::::: BeginRequest Request called at 8/23/2018 11:43:16 PM   :::   23:43:16.1557207

::::::::::: AuthenticateRequest Request called at 8/23/2018 11:43:16 PM   :::   23:43:16.1587292

::::::::::: PostAuthenticateRequest Request called at 8/23/2018 11:43:16 PM   :::   23:43:16.1607298

::::::::::: AuthorizeRequest Request called at 8/23/2018 11:43:16 PM   :::   23:43:16.1627458

::::::::::: PostAuthorizeRequest Request called at 8/23/2018 11:43:16 PM   :::   23:43:16.1642325

::::::::::: End Request called at 8/23/2018 11:43:16 PM   :::   23:43:16.1652328

::::::::::: PostResolveRequestCache Request called at 8/23/2018 11:43:16 PM   :::   23:43:16.1677490

::::::::::: AcquireRequestState Request called at 8/23/2018 11:43:16 PM   :::   23:43:16.1692357

::::::::::: PostAcquireRequestState Request called at 8/23/2018 11:43:16 PM   :::   23:43:16.1702380

::::::::::: PreRequestHandlerExecute Request called at 8/23/2018 11:43:16 PM   :::   23:43:16.1712517

::::::::::: PostRequestHandlerExecute Request called at 8/23/2018 11:43:22 PM   :::   23:43:22.0934812

::::::::::: ReleaseRequestState Request called at 8/23/2018 11:43:22 PM   :::   23:43:22.0944800

::::::::::: PostReleaseRequestState Request called at 8/23/2018 11:43:22 PM   :::   23:43:22.0954984

::::::::::: UpdateRequestCache Request called at 8/23/2018 11:43:22 PM   :::   23:43:22.0974821

::::::::::: EndRequest Request called at 8/23/2018 11:43:22 PM   :::   23:43:22.0994831

::::::::::: PreSendRequestContent Request called at 8/23/2018 11:43:22 PM   :::   23:43:22.1004886

::::::::::: PreSendRequestHeaders Request called at 8/23/2018 11:43:22 PM   :::   23:43:22.1014865

::::::::::: BeginRequest Request called at 8/23/2018 11:43:22 PM   :::   23:43:22.1245017

::::::::::: AuthenticateRequest Request called at 8/23/2018 11:43:22 PM   :::   23:43:22.1315071

::::::::::: PostAuthenticateRequest Request called at 8/23/2018 11:43:22 PM   :::   23:43:22.1325078

::::::::::: AuthorizeRequest Request called at 8/23/2018 11:43:22 PM   :::   23:43:22.1365106

::::::::::: PostAuthorizeRequest Request called at 8/23/2018 11:43:22 PM   :::   23:43:22.1405135

::::::::::: End Request called at 8/23/2018 11:43:22 PM   :::   23:43:22.1415142

::::::::::: PostResolveRequestCache Request called at 8/23/2018 11:43:22 PM   :::   23:43:22.1455170

::::::::::: AcquireRequestState Request called at 8/23/2018 11:43:22 PM   :::   23:43:22.1475181

::::::::::: PostAcquireRequestState Request called at 8/23/2018 11:43:22 PM   :::   23:43:22.1495191

::::::::::: PreRequestHandlerExecute Request called at 8/23/2018 11:43:22 PM   :::   23:43:22.1515213

::::::::::: PostRequestHandlerExecute Request called at 8/23/2018 11:43:22 PM   :::   23:43:22.1535223

::::::::::: ReleaseRequestState Request called at 8/23/2018 11:43:22 PM   :::   23:43:22.1545226

::::::::::: PostReleaseRequestState Request called at 8/23/2018 11:43:22 PM   :::   23:43:22.1555234

::::::::::: UpdateRequestCache Request called at 8/23/2018 11:43:22 PM   :::   23:43:22.1595230

::::::::::: EndRequest Request called at 8/23/2018 11:43:22 PM   :::   23:43:22.1625568

::::::::::: PreSendRequestContent Request called at 8/23/2018 11:43:22 PM   :::   23:43:22.1640580

::::::::::: PreSendRequestHeaders Request called at 8/23/2018 11:43:22 PM   :::   23:43:22.1660590

::::::::::: BeginRequest Request called at 8/23/2018 11:43:22 PM   :::   23:43:22.3377105

::::::::::: AuthenticateRequest Request called at 8/23/2018 11:43:22 PM   :::   23:43:22.3387112

::::::::::: PostAuthenticateRequest Request called at 8/23/2018 11:43:22 PM   :::   23:43:22.3397119

::::::::::: AuthorizeRequest Request called at 8/23/2018 11:43:22 PM   :::   23:43:22.3417137

::::::::::: PostAuthorizeRequest Request called at 8/23/2018 11:43:22 PM   :::   23:43:22.3427144

::::::::::: End Request called at 8/23/2018 11:43:22 PM   :::   23:43:22.3447158

::::::::::: PostResolveRequestCache Request called at 8/23/2018 11:43:22 PM   :::   23:43:22.3457165

::::::::::: AcquireRequestState Request called at 8/23/2018 11:43:22 PM   :::   23:43:22.3477172

::::::::::: PostAcquireRequestState Request called at 8/23/2018 11:43:22 PM   :::   23:43:22.3487179

::::::::::: PreRequestHandlerExecute Request called at 8/23/2018 11:43:22 PM   :::   23:43:22.3497186

::::::::::: PostRequestHandlerExecute Request called at 8/23/2018 11:43:22 PM   :::   23:43:22.3597257

::::::::::: ReleaseRequestState Request called at 8/23/2018 11:43:22 PM   :::   23:43:22.3617413

::::::::::: PostReleaseRequestState Request called at 8/23/2018 11:43:22 PM   :::   23:43:22.3627424

::::::::::: UpdateRequestCache Request called at 8/23/2018 11:43:22 PM   :::   23:43:22.3642433

::::::::::: EndRequest Request called at 8/23/2018 11:43:22 PM   :::   23:43:22.3652444

::::::::::: PreSendRequestContent Request called at 8/23/2018 11:43:22 PM   :::   23:43:22.3667453

::::::::::: PreSendRequestHeaders Request called at 8/23/2018 11:43:22 PM   :::   23:43:22.3682466

::::::::::: BeginRequest Request called at 8/23/2018 11:43:26 PM   :::   23:43:26.3148232

::::::::::: AuthenticateRequest Request called at 8/23/2018 11:43:26 PM   :::   23:43:26.3168222

::::::::::: PostAuthenticateRequest Request called at 8/23/2018 11:43:26 PM   :::   23:43:26.3188237

::::::::::: AuthorizeRequest Request called at 8/23/2018 11:43:26 PM   :::   23:43:26.3208271

::::::::::: PostAuthorizeRequest Request called at 8/23/2018 11:43:26 PM   :::   23:43:26.3218250

::::::::::: End Request called at 8/23/2018 11:43:26 PM   :::   23:43:26.3228411

::::::::::: PostResolveRequestCache Request called at 8/23/2018 11:43:26 PM   :::   23:43:26.3258282

::::::::::: AcquireRequestState Request called at 8/23/2018 11:43:26 PM   :::   23:43:26.3268337

::::::::::: PostAcquireRequestState Request called at 8/23/2018 11:43:26 PM   :::   23:43:26.3298311

::::::::::: PreRequestHandlerExecute Request called at 8/23/2018 11:43:26 PM   :::   23:43:26.3308464

::::::::::: PostRequestHandlerExecute Request called at 8/23/2018 11:43:26 PM   :::   23:43:26.4772874

::::::::::: ReleaseRequestState Request called at 8/23/2018 11:43:26 PM   :::   23:43:26.4787890

::::::::::: PostReleaseRequestState Request called at 8/23/2018 11:43:26 PM   :::   23:43:26.4807897

::::::::::: UpdateRequestCache Request called at 8/23/2018 11:43:26 PM   :::   23:43:26.4827915

::::::::::: EndRequest Request called at 8/23/2018 11:43:26 PM   :::   23:43:26.4842924

::::::::::: PreSendRequestContent Request called at 8/23/2018 11:43:26 PM   :::   23:43:26.4847925

::::::::::: PreSendRequestHeaders Request called at 8/23/2018 11:43:26 PM   :::   23:43:26.4857956

::::::::::: BeginRequest Request called at 8/23/2018 11:43:26 PM   :::   23:43:26.6759513

::::::::::: AuthenticateRequest Request called at 8/23/2018 11:43:26 PM   :::   23:43:26.6774510

::::::::::: PostAuthenticateRequest Request called at 8/23/2018 11:43:26 PM   :::   23:43:26.6789530

::::::::::: AuthorizeRequest Request called at 8/23/2018 11:43:26 PM   :::   23:43:26.6804527

::::::::::: PostAuthorizeRequest Request called at 8/23/2018 11:43:26 PM   :::   23:43:26.6814550

::::::::::: End Request called at 8/23/2018 11:43:26 PM   :::   23:43:26.6824541

::::::::::: PostResolveRequestCache Request called at 8/23/2018 11:43:26 PM   :::   23:43:26.6844560

::::::::::: AcquireRequestState Request called at 8/23/2018 11:43:26 PM   :::   23:43:26.6859623

::::::::::: PostAcquireRequestState Request called at 8/23/2018 11:43:26 PM   :::   23:43:26.6879638

::::::::::: PreRequestHandlerExecute Request called at 8/23/2018 11:43:26 PM   :::   23:43:26.6889657

::::::::::: PostRequestHandlerExecute Request called at 8/23/2018 11:43:26 PM   :::   23:43:26.6939688

::::::::::: ReleaseRequestState Request called at 8/23/2018 11:43:26 PM   :::   23:43:26.6949695

::::::::::: PostReleaseRequestState Request called at 8/23/2018 11:43:26 PM   :::   23:43:26.6959691

::::::::::: UpdateRequestCache Request called at 8/23/2018 11:43:26 PM   :::   23:43:26.6979709

::::::::::: EndRequest Request called at 8/23/2018 11:43:26 PM   :::   23:43:26.6989728

::::::::::: PreSendRequestContent Request called at 8/23/2018 11:43:26 PM   :::   23:43:26.6999715

::::::::::: PreSendRequestHeaders Request called at 8/23/2018 11:43:26 PM   :::   23:43:26.7019737

::::::::::: BeginRequest Request called at 8/23/2018 11:43:54 PM   :::   23:43:54.3885158

::::::::::: AuthenticateRequest Request called at 8/23/2018 11:43:54 PM   :::   23:43:54.3905188

::::::::::: PostAuthenticateRequest Request called at 8/23/2018 11:43:54 PM   :::   23:43:54.3925179

::::::::::: AuthorizeRequest Request called at 8/23/2018 11:43:54 PM   :::   23:43:54.3945197

::::::::::: PostAuthorizeRequest Request called at 8/23/2018 11:43:54 PM   :::   23:43:54.3955208

::::::::::: End Request called at 8/23/2018 11:43:54 PM   :::   23:43:54.3975218

::::::::::: PostResolveRequestCache Request called at 8/23/2018 11:43:54 PM   :::   23:43:54.3995228

::::::::::: AcquireRequestState Request called at 8/23/2018 11:43:54 PM   :::   23:43:54.4015243

::::::::::: PostAcquireRequestState Request called at 8/23/2018 11:43:54 PM   :::   23:43:54.4035261

::::::::::: PreRequestHandlerExecute Request called at 8/23/2018 11:43:54 PM   :::   23:43:54.4045264

::::::::::: PostRequestHandlerExecute Request called at 8/23/2018 11:44:17 PM   :::   23:44:17.5943244

::::::::::: ReleaseRequestState Request called at 8/23/2018 11:44:17 PM   :::   23:44:17.5973234

::::::::::: PostReleaseRequestState Request called at 8/23/2018 11:44:17 PM   :::   23:44:17.5993240

::::::::::: UpdateRequestCache Request called at 8/23/2018 11:44:17 PM   :::   23:44:17.6033277

::::::::::: EndRequest Request called at 8/23/2018 11:44:17 PM   :::   23:44:17.6073301

::::::::::: PreSendRequestContent Request called at 8/23/2018 11:44:17 PM   :::   23:44:17.6113334

::::::::::: PreSendRequestHeaders Request called at 8/23/2018 11:44:17 PM   :::   23:44:17.6143347

::::::::::: BeginRequest Request called at 8/23/2018 11:44:21 PM   :::   23:44:21.0355529

::::::::::: AuthenticateRequest Request called at 8/23/2018 11:44:21 PM   :::   23:44:21.0375551

::::::::::: PostAuthenticateRequest Request called at 8/23/2018 11:44:21 PM   :::   23:44:21.0395561

::::::::::: AuthorizeRequest Request called at 8/23/2018 11:44:21 PM   :::   23:44:21.0415563

::::::::::: PostAuthorizeRequest Request called at 8/23/2018 11:44:21 PM   :::   23:44:21.0425717

::::::::::: End Request called at 8/23/2018 11:44:21 PM   :::   23:44:21.0435597

::::::::::: PostResolveRequestCache Request called at 8/23/2018 11:44:21 PM   :::   23:44:21.0445727

::::::::::: AcquireRequestState Request called at 8/23/2018 11:44:21 PM   :::   23:44:21.0465603

::::::::::: PostAcquireRequestState Request called at 8/23/2018 11:44:21 PM   :::   23:44:21.0475606

::::::::::: PreRequestHandlerExecute Request called at 8/23/2018 11:44:21 PM   :::   23:44:21.0485633

::::::::::: PostRequestHandlerExecute Request called at 8/23/2018 11:45:22 PM   :::   23:45:22.1243797

::::::::::: ReleaseRequestState Request called at 8/23/2018 11:45:22 PM   :::   23:45:22.1283834

::::::::::: PostReleaseRequestState Request called at 8/23/2018 11:45:22 PM   :::   23:45:22.1303840

::::::::::: UpdateRequestCache Request called at 8/23/2018 11:45:22 PM   :::   23:45:22.1333857

::::::::::: EndRequest Request called at 8/23/2018 11:45:22 PM   :::   23:45:22.1393904

::::::::::: PreSendRequestContent Request called at 8/23/2018 11:45:22 PM   :::   23:45:22.1423921

::::::::::: PreSendRequestHeaders Request called at 8/23/2018 11:45:22 PM   :::   23:45:22.1443943

::::::::::: BeginRequest Request called at 8/23/2018 11:45:25 PM   :::   23:45:25.4456862

::::::::::: AuthenticateRequest Request called at 8/23/2018 11:45:25 PM   :::   23:45:25.4556922

::::::::::: PostAuthenticateRequest Request called at 8/23/2018 11:45:25 PM   :::   23:45:25.4616972

::::::::::: AuthorizeRequest Request called at 8/23/2018 11:45:25 PM   :::   23:45:25.4672171

::::::::::: PostAuthorizeRequest Request called at 8/23/2018 11:45:25 PM   :::   23:45:25.4722191

::::::::::: End Request called at 8/23/2018 11:45:25 PM   :::   23:45:25.4767221

::::::::::: PostResolveRequestCache Request called at 8/23/2018 11:45:25 PM   :::   23:45:25.4812239

::::::::::: AcquireRequestState Request called at 8/23/2018 11:45:25 PM   :::   23:45:25.4847325

::::::::::: PostAcquireRequestState Request called at 8/23/2018 11:45:25 PM   :::   23:45:25.4877639

::::::::::: PreRequestHandlerExecute Request called at 8/23/2018 11:45:25 PM   :::   23:45:25.4907360

::::::::::: BeginRequest Request called at 8/23/2018 11:47:14 PM   :::   23:47:14.1032582

::::::::::: AuthenticateRequest Request called at 8/23/2018 11:47:14 PM   :::   23:47:14.1082803

::::::::::: PostAuthenticateRequest Request called at 8/23/2018 11:47:14 PM   :::   23:47:14.1112785

::::::::::: AuthorizeRequest Request called at 8/23/2018 11:47:14 PM   :::   23:47:14.1132661

::::::::::: PostAuthorizeRequest Request called at 8/23/2018 11:47:14 PM   :::   23:47:14.1142688

::::::::::: End Request called at 8/23/2018 11:47:14 PM   :::   23:47:14.1152683

::::::::::: BeginRequest Request called at 8/23/2018 11:47:14 PM   :::   23:47:14.1212714

::::::::::: AuthenticateRequest Request called at 8/23/2018 11:47:14 PM   :::   23:47:14.1222717

::::::::::: PostAuthenticateRequest Request called at 8/23/2018 11:47:14 PM   :::   23:47:14.1242810

::::::::::: AuthorizeRequest Request called at 8/23/2018 11:47:14 PM   :::   23:47:14.1252758

::::::::::: PostAuthorizeRequest Request called at 8/23/2018 11:47:14 PM   :::   23:47:14.1262749

::::::::::: End Request called at 8/23/2018 11:47:14 PM   :::   23:47:14.1282764

::::::::::: PostResolveRequestCache Request called at 8/23/2018 11:47:14 PM   :::   23:47:14.1332795

::::::::::: AcquireRequestState Request called at 8/23/2018 11:47:14 PM   :::   23:47:14.1392905

::::::::::: PostAcquireRequestState Request called at 8/23/2018 11:47:14 PM   :::   23:47:14.1412919

::::::::::: PreRequestHandlerExecute Request called at 8/23/2018 11:47:14 PM   :::   23:47:14.1422923

::::::::::: BeginRequest Request called at 8/23/2018 11:47:14 PM   :::   23:47:14.1673112

::::::::::: AuthenticateRequest Request called at 8/23/2018 11:47:14 PM   :::   23:47:14.1693130

::::::::::: PostAuthenticateRequest Request called at 8/23/2018 11:47:14 PM   :::   23:47:14.1713137

::::::::::: AuthorizeRequest Request called at 8/23/2018 11:47:14 PM   :::   23:47:14.1743166

::::::::::: PostAuthorizeRequest Request called at 8/23/2018 11:47:14 PM   :::   23:47:14.1763180

::::::::::: End Request called at 8/23/2018 11:47:14 PM   :::   23:47:14.1783194

::::::::::: PostResolveRequestCache Request called at 8/23/2018 11:47:14 PM   :::   23:47:14.1843237

::::::::::: AcquireRequestState Request called at 8/23/2018 11:47:14 PM   :::   23:47:14.1863251

::::::::::: PostAcquireRequestState Request called at 8/23/2018 11:47:14 PM   :::   23:47:14.1873274

::::::::::: PreRequestHandlerExecute Request called at 8/23/2018 11:47:14 PM   :::   23:47:14.1893269

::::::::::: PostResolveRequestCache Request called at 8/23/2018 11:47:14 PM   :::   23:47:14.1943296

::::::::::: AcquireRequestState Request called at 8/23/2018 11:47:14 PM   :::   23:47:14.1953311

::::::::::: PostAcquireRequestState Request called at 8/23/2018 11:47:14 PM   :::   23:47:14.1973333

::::::::::: PreRequestHandlerExecute Request called at 8/23/2018 11:47:14 PM   :::   23:47:14.1993344

::::::::::: PostRequestHandlerExecute Request called at 8/23/2018 11:47:16 PM   :::   23:47:16.8684905

::::::::::: ReleaseRequestState Request called at 8/23/2018 11:47:18 PM   :::   23:47:18.3032793

::::::::::: PostReleaseRequestState Request called at 8/23/2018 11:47:19 PM   :::   23:47:19.2559896

::::::::::: UpdateRequestCache Request called at 8/23/2018 11:47:26 PM   :::   23:47:26.4708252

::::::::::: EndRequest Request called at 8/23/2018 11:47:26 PM   :::   23:47:26.4788380

::::::::::: BeginRequest Request called at 8/23/2018 11:48:10 PM   :::   23:48:10.1566093

::::::::::: AuthenticateRequest Request called at 8/23/2018 11:48:10 PM   :::   23:48:10.1626144

::::::::::: PostAuthenticateRequest Request called at 8/23/2018 11:48:10 PM   :::   23:48:10.1656161

::::::::::: AuthorizeRequest Request called at 8/23/2018 11:48:10 PM   :::   23:48:10.1666168

::::::::::: PostAuthorizeRequest Request called at 8/23/2018 11:48:10 PM   :::   23:48:10.1696194

::::::::::: End Request called at 8/23/2018 11:48:10 PM   :::   23:48:10.1706205

::::::::::: PostResolveRequestCache Request called at 8/23/2018 11:48:10 PM   :::   23:48:10.2576954

::::::::::: AcquireRequestState Request called at 8/23/2018 11:48:10 PM   :::   23:48:10.2647004

::::::::::: PostAcquireRequestState Request called at 8/23/2018 11:48:10 PM   :::   23:48:10.2667018

::::::::::: PreRequestHandlerExecute Request called at 8/23/2018 11:48:10 PM   :::   23:48:10.2687044

::::::::::: PostRequestHandlerExecute Request called at 8/23/2018 11:48:12 PM   :::   23:48:12.4135513

::::::::::: ReleaseRequestState Request called at 8/23/2018 11:48:12 PM   :::   23:48:12.4165547

::::::::::: PostReleaseRequestState Request called at 8/23/2018 11:48:12 PM   :::   23:48:12.4190543

::::::::::: UpdateRequestCache Request called at 8/23/2018 11:48:12 PM   :::   23:48:12.4675937

::::::::::: EndRequest Request called at 8/23/2018 11:48:12 PM   :::   23:48:12.4695955

::::::::::: PreSendRequestContent Request called at 8/23/2018 11:48:12 PM   :::   23:48:12.4775992

::::::::::: PreSendRequestHeaders Request called at 8/23/2018 11:48:12 PM   :::   23:48:12.4796011

::::::::::: BeginRequest Request called at 8/23/2018 11:48:12 PM   :::   23:48:12.6792582

::::::::::: AuthenticateRequest Request called at 8/23/2018 11:48:12 PM   :::   23:48:12.6812592

::::::::::: PostAuthenticateRequest Request called at 8/23/2018 11:48:12 PM   :::   23:48:12.6862628

::::::::::: AuthorizeRequest Request called at 8/23/2018 11:48:12 PM   :::   23:48:12.6887647

::::::::::: PostAuthorizeRequest Request called at 8/23/2018 11:48:12 PM   :::   23:48:12.6962707

::::::::::: End Request called at 8/23/2018 11:48:12 PM   :::   23:48:12.6997722

::::::::::: PostResolveRequestCache Request called at 8/23/2018 11:48:12 PM   :::   23:48:12.7007733

::::::::::: AcquireRequestState Request called at 8/23/2018 11:48:12 PM   :::   23:48:12.7027751

::::::::::: PostAcquireRequestState Request called at 8/23/2018 11:48:12 PM   :::   23:48:12.7047789

::::::::::: PreRequestHandlerExecute Request called at 8/23/2018 11:48:12 PM   :::   23:48:12.7062766

::::::::::: PostRequestHandlerExecute Request called at 8/23/2018 11:48:12 PM   :::   23:48:12.7117811

::::::::::: ReleaseRequestState Request called at 8/23/2018 11:48:12 PM   :::   23:48:12.7132824

::::::::::: PostReleaseRequestState Request called at 8/23/2018 11:48:12 PM   :::   23:48:12.7162841

::::::::::: UpdateRequestCache Request called at 8/23/2018 11:48:12 PM   :::   23:48:12.7202873

::::::::::: EndRequest Request called at 8/23/2018 11:48:12 PM   :::   23:48:12.7217878

::::::::::: PreSendRequestContent Request called at 8/23/2018 11:48:12 PM   :::   23:48:12.7237896

::::::::::: PreSendRequestHeaders Request called at 8/23/2018 11:48:12 PM   :::   23:48:12.7252901

::::::::::: BeginRequest Request called at 8/23/2018 11:48:12 PM   :::   23:48:12.8308697

::::::::::: AuthenticateRequest Request called at 8/23/2018 11:48:12 PM   :::   23:48:12.8318696

::::::::::: PostAuthenticateRequest Request called at 8/23/2018 11:48:12 PM   :::   23:48:12.8338718

::::::::::: AuthorizeRequest Request called at 8/23/2018 11:48:12 PM   :::   23:48:12.8348721

::::::::::: PostAuthorizeRequest Request called at 8/23/2018 11:48:12 PM   :::   23:48:12.8358729

::::::::::: End Request called at 8/23/2018 11:48:12 PM   :::   23:48:12.8378739

::::::::::: PostResolveRequestCache Request called at 8/23/2018 11:48:12 PM   :::   23:48:12.8398769

::::::::::: AcquireRequestState Request called at 8/23/2018 11:48:12 PM   :::   23:48:12.8418771

::::::::::: PostAcquireRequestState Request called at 8/23/2018 11:48:12 PM   :::   23:48:12.8428778

::::::::::: PreRequestHandlerExecute Request called at 8/23/2018 11:48:12 PM   :::   23:48:12.8448793

::::::::::: PostRequestHandlerExecute Request called at 8/23/2018 11:48:12 PM   :::   23:48:12.9039212

::::::::::: ReleaseRequestState Request called at 8/23/2018 11:48:12 PM   :::   23:48:12.9049223

::::::::::: PostReleaseRequestState Request called at 8/23/2018 11:48:12 PM   :::   23:48:12.9069234

::::::::::: UpdateRequestCache Request called at 8/23/2018 11:48:12 PM   :::   23:48:12.9079241

::::::::::: EndRequest Request called at 8/23/2018 11:48:12 PM   :::   23:48:12.9099251

::::::::::: PreSendRequestContent Request called at 8/23/2018 11:48:12 PM   :::   23:48:12.9109262

::::::::::: PreSendRequestHeaders Request called at 8/23/2018 11:48:12 PM   :::   23:48:12.9129280

::::::::::: BeginRequest Request called at 8/23/2018 11:48:13 PM   :::   23:48:13.5860606

::::::::::: AuthenticateRequest Request called at 8/23/2018 11:48:13 PM   :::   23:48:13.5880616

::::::::::: PostAuthenticateRequest Request called at 8/23/2018 11:48:13 PM   :::   23:48:13.5890635

::::::::::: AuthorizeRequest Request called at 8/23/2018 11:48:13 PM   :::   23:48:13.5910641

::::::::::: PostAuthorizeRequest Request called at 8/23/2018 11:48:13 PM   :::   23:48:13.5920644

::::::::::: End Request called at 8/23/2018 11:48:13 PM   :::   23:48:13.5940663

::::::::::: PostResolveRequestCache Request called at 8/23/2018 11:48:13 PM   :::   23:48:13.5980687

::::::::::: AcquireRequestState Request called at 8/23/2018 11:48:13 PM   :::   23:48:13.6000697

::::::::::: PostAcquireRequestState Request called at 8/23/2018 11:48:13 PM   :::   23:48:13.6010708

::::::::::: PreRequestHandlerExecute Request called at 8/23/2018 11:48:13 PM   :::   23:48:13.6020719

::::::::::: PostRequestHandlerExecute Request called at 8/23/2018 11:48:13 PM   :::   23:48:13.6891390

::::::::::: ReleaseRequestState Request called at 8/23/2018 11:48:13 PM   :::   23:48:13.6911408

::::::::::: PostReleaseRequestState Request called at 8/23/2018 11:48:13 PM   :::   23:48:13.6921415

::::::::::: UpdateRequestCache Request called at 8/23/2018 11:48:13 PM   :::   23:48:13.6931426

::::::::::: EndRequest Request called at 8/23/2018 11:48:13 PM   :::   23:48:13.6951440

::::::::::: PreSendRequestContent Request called at 8/23/2018 11:48:13 PM   :::   23:48:13.6961447

::::::::::: PreSendRequestHeaders Request called at 8/23/2018 11:48:13 PM   :::   23:48:13.6981462

::::::::::: BeginRequest Request called at 8/23/2018 11:48:15 PM   :::   23:48:15.4703317

::::::::::: AuthenticateRequest Request called at 8/23/2018 11:48:15 PM   :::   23:48:15.4723316

::::::::::: PostAuthenticateRequest Request called at 8/23/2018 11:48:15 PM   :::   23:48:15.4733327

::::::::::: AuthorizeRequest Request called at 8/23/2018 11:48:15 PM   :::   23:48:15.4753337

::::::::::: PostAuthorizeRequest Request called at 8/23/2018 11:48:15 PM   :::   23:48:15.4763360

::::::::::: End Request called at 8/23/2018 11:48:15 PM   :::   23:48:15.4783363

::::::::::: PostResolveRequestCache Request called at 8/23/2018 11:48:15 PM   :::   23:48:15.4793370

::::::::::: AcquireRequestState Request called at 8/23/2018 11:48:15 PM   :::   23:48:15.4813384

::::::::::: PostAcquireRequestState Request called at 8/23/2018 11:48:15 PM   :::   23:48:15.4833410

::::::::::: PreRequestHandlerExecute Request called at 8/23/2018 11:48:15 PM   :::   23:48:15.4843413

::::::::::: PreSendRequestContent Request called at 8/23/2018 11:48:23 PM   :::   23:48:23.4607987

::::::::::: PreSendRequestHeaders Request called at 8/23/2018 11:48:23 PM   :::   23:48:23.4623170

::::::::::: PostRequestHandlerExecute Request called at 8/23/2018 11:48:23 PM   :::   23:48:23.4743129

::::::::::: ReleaseRequestState Request called at 8/23/2018 11:48:23 PM   :::   23:48:23.4763151

::::::::::: PostReleaseRequestState Request called at 8/23/2018 11:48:23 PM   :::   23:48:23.4803183

::::::::::: UpdateRequestCache Request called at 8/23/2018 11:48:23 PM   :::   23:48:23.4823186

::::::::::: EndRequest Request called at 8/23/2018 11:48:23 PM   :::   23:48:23.4843204

::::::::::: PreSendRequestContent Request called at 8/23/2018 11:48:23 PM   :::   23:48:23.4873225

::::::::::: BeginRequest Request called at 8/23/2018 11:48:35 PM   :::   23:48:35.7002822

::::::::::: AuthenticateRequest Request called at 8/23/2018 11:48:35 PM   :::   23:48:35.7042842

::::::::::: PostAuthenticateRequest Request called at 8/23/2018 11:48:35 PM   :::   23:48:35.7062857

::::::::::: AuthorizeRequest Request called at 8/23/2018 11:48:35 PM   :::   23:48:35.7082887

::::::::::: PostAuthorizeRequest Request called at 8/23/2018 11:48:35 PM   :::   23:48:35.7092878

::::::::::: End Request called at 8/23/2018 11:48:35 PM   :::   23:48:35.7112896

::::::::::: PostResolveRequestCache Request called at 8/23/2018 11:48:35 PM   :::   23:48:35.7132910

::::::::::: AcquireRequestState Request called at 8/23/2018 11:48:35 PM   :::   23:48:35.7162928

::::::::::: PostAcquireRequestState Request called at 8/23/2018 11:48:35 PM   :::   23:48:35.7182946

::::::::::: PreRequestHandlerExecute Request called at 8/23/2018 11:48:35 PM   :::   23:48:35.7192961

