::::::::::: BeginRequest Request called at 7/17/2018 5:15:34 PM   :::   17:15:34.0047970

::::::::::: AuthenticateRequest Request called at 7/17/2018 5:15:34 PM   :::   17:15:34.0188112

::::::::::: PostAuthenticateRequest Request called at 7/17/2018 5:15:34 PM   :::   17:15:34.0268194

::::::::::: AuthorizeRequest Request called at 7/17/2018 5:15:34 PM   :::   17:15:34.0318199

::::::::::: PostAuthorizeRequest Request called at 7/17/2018 5:15:34 PM   :::   17:15:34.0378251

::::::::::: End Request called at 7/17/2018 5:15:34 PM   :::   17:15:34.0458301

::::::::::: PostResolveRequestCache Request called at 7/17/2018 5:15:34 PM   :::   17:15:34.1559178

::::::::::: AcquireRequestState Request called at 7/17/2018 5:15:34 PM   :::   17:15:34.1779343

::::::::::: PostAcquireRequestState Request called at 7/17/2018 5:15:34 PM   :::   17:15:34.1859402

::::::::::: PreRequestHandlerExecute Request called at 7/17/2018 5:15:34 PM   :::   17:15:34.1964544

::::::::::: PostRequestHandlerExecute Request called at 7/17/2018 5:15:37 PM   :::   17:15:37.4553385

::::::::::: ReleaseRequestState Request called at 7/17/2018 5:15:37 PM   :::   17:15:37.4638433

::::::::::: PostReleaseRequestState Request called at 7/17/2018 5:15:37 PM   :::   17:15:37.4708516

::::::::::: UpdateRequestCache Request called at 7/17/2018 5:15:37 PM   :::   17:15:37.5439047

::::::::::: EndRequest Request called at 7/17/2018 5:15:37 PM   :::   17:15:37.5579212

::::::::::: PreSendRequestContent Request called at 7/17/2018 5:15:37 PM   :::   17:15:37.5789382

::::::::::: PreSendRequestHeaders Request called at 7/17/2018 5:15:37 PM   :::   17:15:37.5879468

::::::::::: BeginRequest Request called at 7/17/2018 5:15:37 PM   :::   17:15:37.6745107

::::::::::: AuthenticateRequest Request called at 7/17/2018 5:15:37 PM   :::   17:15:37.7080358

::::::::::: AuthenticateRequest Request called at 7/17/2018 5:15:37 PM   :::   17:15:37.7525682

::::::::::: PostAuthenticateRequest Request called at 7/17/2018 5:15:37 PM   :::   17:15:37.7670786

::::::::::: AuthenticateRequest Request called at 7/17/2018 5:15:37 PM   :::   17:15:37.7915964

::::::::::: PostAuthorizeRequest Request called at 7/17/2018 5:15:37 PM   :::   17:15:37.8056070

::::::::::: End Request called at 7/17/2018 5:15:37 PM   :::   17:15:37.8161149

::::::::::: PostAuthenticateRequest Request called at 7/17/2018 5:15:37 PM   :::   17:15:37.8071079

::::::::::: AuthorizeRequest Request called at 7/17/2018 5:15:37 PM   :::   17:15:37.8671519

::::::::::: PostAuthorizeRequest Request called at 7/17/2018 5:15:37 PM   :::   17:15:37.8786601

::::::::::: End Request called at 7/17/2018 5:15:37 PM   :::   17:15:37.8916716

::::::::::: End Request called at 7/17/2018 5:15:37 PM   :::   17:15:37.8996762

::::::::::: PostAcquireRequestState Request called at 7/17/2018 5:15:37 PM   :::   17:15:37.9116838

::::::::::: PreRequestHandlerExecute Request called at 7/17/2018 5:15:37 PM   :::   17:15:37.9256945

::::::::::: PostAuthorizeRequest Request called at 7/17/2018 5:15:37 PM   :::   17:15:37.9482116

::::::::::: End Request called at 7/17/2018 5:15:37 PM   :::   17:15:37.9862390

::::::::::: PostResolveRequestCache Request called at 7/17/2018 5:15:38 PM   :::   17:15:38.0057551

::::::::::: AcquireRequestState Request called at 7/17/2018 5:15:38 PM   :::   17:15:38.0222669

::::::::::: PostAcquireRequestState Request called at 7/17/2018 5:15:38 PM   :::   17:15:38.0567904

::::::::::: PreRequestHandlerExecute Request called at 7/17/2018 5:15:38 PM   :::   17:15:38.0667977

::::::::::: PostRequestHandlerExecute Request called at 7/17/2018 5:15:38 PM   :::   17:15:38.0758047

::::::::::: ReleaseRequestState Request called at 7/17/2018 5:15:38 PM   :::   17:15:38.0928172

::::::::::: EndRequest Request called at 7/17/2018 5:15:38 PM   :::   17:15:38.1008226

::::::::::: PreSendRequestContent Request called at 7/17/2018 5:15:38 PM   :::   17:15:38.1183357

::::::::::: PreSendRequestHeaders Request called at 7/17/2018 5:15:38 PM   :::   17:15:38.1323463

::::::::::: PostRequestHandlerExecute Request called at 7/17/2018 5:15:38 PM   :::   17:15:38.1558649

::::::::::: ReleaseRequestState Request called at 7/17/2018 5:15:38 PM   :::   17:15:38.1693730

::::::::::: PostReleaseRequestState Request called at 7/17/2018 5:15:38 PM   :::   17:15:38.1803815

::::::::::: UpdateRequestCache Request called at 7/17/2018 5:15:38 PM   :::   17:15:38.1968929

::::::::::: EndRequest Request called at 7/17/2018 5:15:38 PM   :::   17:15:38.2169076

::::::::::: PreSendRequestContent Request called at 7/17/2018 5:15:38 PM   :::   17:15:38.2389273

::::::::::: PreSendRequestHeaders Request called at 7/17/2018 5:15:38 PM   :::   17:15:38.2489314

::::::::::: PostAuthenticateRequest Request called at 7/17/2018 5:15:38 PM   :::   17:15:38.2754510

::::::::::: AuthorizeRequest Request called at 7/17/2018 5:15:38 PM   :::   17:15:38.2874590

::::::::::: PostAuthorizeRequest Request called at 7/17/2018 5:15:38 PM   :::   17:15:38.2979673

::::::::::: End Request called at 7/17/2018 5:15:38 PM   :::   17:15:38.3129779

::::::::::: PostResolveRequestCache Request called at 7/17/2018 5:15:38 PM   :::   17:15:38.3259886

::::::::::: AcquireRequestState Request called at 7/17/2018 5:15:38 PM   :::   17:15:38.3379986

::::::::::: PostAcquireRequestState Request called at 7/17/2018 5:15:38 PM   :::   17:15:38.3600127

::::::::::: PreRequestHandlerExecute Request called at 7/17/2018 5:15:38 PM   :::   17:15:38.3695191

::::::::::: AcquireRequestState Request called at 7/17/2018 5:15:38 PM   :::   17:15:38.3845312

::::::::::: PostAcquireRequestState Request called at 7/17/2018 5:15:38 PM   :::   17:15:38.3990413

::::::::::: PreRequestHandlerExecute Request called at 7/17/2018 5:15:38 PM   :::   17:15:38.4135521

::::::::::: EndRequest Request called at 7/17/2018 5:15:38 PM   :::   17:15:38.4310639

::::::::::: PostReleaseRequestState Request called at 7/17/2018 5:15:38 PM   :::   17:15:38.4465762

::::::::::: PreSendRequestHeaders Request called at 7/17/2018 5:15:38 PM   :::   17:15:38.4680914

::::::::::: EndRequest Request called at 7/17/2018 5:15:38 PM   :::   17:15:38.4946102

::::::::::: PreSendRequestContent Request called at 7/17/2018 5:15:38 PM   :::   17:15:38.5061196

::::::::::: PreSendRequestHeaders Request called at 7/17/2018 5:15:38 PM   :::   17:15:38.5166275

::::::::::: BeginRequest Request called at 7/17/2018 5:15:39 PM   :::   17:15:39.6434627

::::::::::: AuthenticateRequest Request called at 7/17/2018 5:15:39 PM   :::   17:15:39.6544716

::::::::::: PostAuthenticateRequest Request called at 7/17/2018 5:15:39 PM   :::   17:15:39.6649826

::::::::::: AuthorizeRequest Request called at 7/17/2018 5:15:39 PM   :::   17:15:39.6749895

::::::::::: PostAuthorizeRequest Request called at 7/17/2018 5:15:39 PM   :::   17:15:39.6849973

::::::::::: End Request called at 7/17/2018 5:15:39 PM   :::   17:15:39.6985073

::::::::::: PostResolveRequestCache Request called at 7/17/2018 5:15:39 PM   :::   17:15:39.7095150

::::::::::: AcquireRequestState Request called at 7/17/2018 5:15:39 PM   :::   17:15:39.7215238

::::::::::: PostAcquireRequestState Request called at 7/17/2018 5:15:39 PM   :::   17:15:39.7320313

::::::::::: PreRequestHandlerExecute Request called at 7/17/2018 5:15:39 PM   :::   17:15:39.7440401

::::::::::: PostRequestHandlerExecute Request called at 7/17/2018 5:15:39 PM   :::   17:15:39.8291023

::::::::::: ReleaseRequestState Request called at 7/17/2018 5:15:39 PM   :::   17:15:39.8411115

::::::::::: PostReleaseRequestState Request called at 7/17/2018 5:15:39 PM   :::   17:15:39.8531203

::::::::::: UpdateRequestCache Request called at 7/17/2018 5:15:39 PM   :::   17:15:39.8636274

::::::::::: EndRequest Request called at 7/17/2018 5:15:39 PM   :::   17:15:39.8741353

::::::::::: PreSendRequestContent Request called at 7/17/2018 5:15:39 PM   :::   17:15:39.8841430

::::::::::: PreSendRequestHeaders Request called at 7/17/2018 5:15:39 PM   :::   17:15:39.8936493

::::::::::: BeginRequest Request called at 7/17/2018 5:15:43 PM   :::   17:15:43.0910214

::::::::::: AuthenticateRequest Request called at 7/17/2018 5:15:43 PM   :::   17:15:43.1080338

::::::::::: PostAuthenticateRequest Request called at 7/17/2018 5:15:43 PM   :::   17:15:43.1195417

::::::::::: AuthorizeRequest Request called at 7/17/2018 5:15:43 PM   :::   17:15:43.1360539

::::::::::: PostAuthorizeRequest Request called at 7/17/2018 5:15:43 PM   :::   17:15:43.1475622

::::::::::: End Request called at 7/17/2018 5:15:43 PM   :::   17:15:43.1590708

::::::::::: PostResolveRequestCache Request called at 7/17/2018 5:15:43 PM   :::   17:15:43.1825882

::::::::::: AcquireRequestState Request called at 7/17/2018 5:15:43 PM   :::   17:15:43.2071067

::::::::::: PostAcquireRequestState Request called at 7/17/2018 5:15:43 PM   :::   17:15:43.2226171

::::::::::: PreRequestHandlerExecute Request called at 7/17/2018 5:15:43 PM   :::   17:15:43.2326248

::::::::::: PostRequestHandlerExecute Request called at 7/17/2018 5:15:43 PM   :::   17:15:43.3597178

::::::::::: ReleaseRequestState Request called at 7/17/2018 5:15:43 PM   :::   17:15:43.3732275

::::::::::: PostReleaseRequestState Request called at 7/17/2018 5:15:43 PM   :::   17:15:43.3857369

::::::::::: UpdateRequestCache Request called at 7/17/2018 5:15:43 PM   :::   17:15:43.3962440

::::::::::: EndRequest Request called at 7/17/2018 5:15:43 PM   :::   17:15:43.4112557

::::::::::: PreSendRequestContent Request called at 7/17/2018 5:15:43 PM   :::   17:15:43.4242648

::::::::::: PreSendRequestHeaders Request called at 7/17/2018 5:15:43 PM   :::   17:15:43.4382751

::::::::::: BeginRequest Request called at 7/17/2018 5:16:31 PM   :::   17:16:31.5772225

::::::::::: AuthenticateRequest Request called at 7/17/2018 5:16:31 PM   :::   17:16:31.5882306

::::::::::: PostAuthenticateRequest Request called at 7/17/2018 5:16:31 PM   :::   17:16:31.5962376

::::::::::: AuthorizeRequest Request called at 7/17/2018 5:16:31 PM   :::   17:16:31.6072449

::::::::::: PostAuthorizeRequest Request called at 7/17/2018 5:16:31 PM   :::   17:16:31.6182561

::::::::::: End Request called at 7/17/2018 5:16:31 PM   :::   17:16:31.6282630

::::::::::: PostResolveRequestCache Request called at 7/17/2018 5:16:31 PM   :::   17:16:31.6402750

::::::::::: AcquireRequestState Request called at 7/17/2018 5:16:31 PM   :::   17:16:31.6512830

::::::::::: PostAcquireRequestState Request called at 7/17/2018 5:16:31 PM   :::   17:16:31.6632914

::::::::::: PreRequestHandlerExecute Request called at 7/17/2018 5:16:31 PM   :::   17:16:31.6763017

::::::::::: PostRequestHandlerExecute Request called at 7/17/2018 5:16:31 PM   :::   17:16:31.6923131

::::::::::: ReleaseRequestState Request called at 7/17/2018 5:16:31 PM   :::   17:16:31.7043215

::::::::::: PostReleaseRequestState Request called at 7/17/2018 5:16:31 PM   :::   17:16:31.7168324

::::::::::: UpdateRequestCache Request called at 7/17/2018 5:16:31 PM   :::   17:16:31.7303452

::::::::::: EndRequest Request called at 7/17/2018 5:16:31 PM   :::   17:16:31.7423544

::::::::::: PreSendRequestContent Request called at 7/17/2018 5:16:31 PM   :::   17:16:31.7603676

::::::::::: PreSendRequestHeaders Request called at 7/17/2018 5:16:31 PM   :::   17:16:31.7743771

::::::::::: BeginRequest Request called at 7/17/2018 5:16:31 PM   :::   17:16:31.7983950

::::::::::: AuthenticateRequest Request called at 7/17/2018 5:16:31 PM   :::   17:16:31.8124057

::::::::::: PostAuthenticateRequest Request called at 7/17/2018 5:16:31 PM   :::   17:16:31.8249178

::::::::::: AuthorizeRequest Request called at 7/17/2018 5:16:31 PM   :::   17:16:31.8374275

::::::::::: PostAuthorizeRequest Request called at 7/17/2018 5:16:31 PM   :::   17:16:31.8494355

::::::::::: End Request called at 7/17/2018 5:16:31 PM   :::   17:16:31.8609438

::::::::::: PostResolveRequestCache Request called at 7/17/2018 5:16:31 PM   :::   17:16:31.8754550

::::::::::: AcquireRequestState Request called at 7/17/2018 5:16:31 PM   :::   17:16:31.8889651

::::::::::: PostAcquireRequestState Request called at 7/17/2018 5:16:31 PM   :::   17:16:31.9074784

::::::::::: PreRequestHandlerExecute Request called at 7/17/2018 5:16:31 PM   :::   17:16:31.9314964

::::::::::: PreSendRequestContent Request called at 7/17/2018 5:16:39 PM   :::   17:16:39.9501246

::::::::::: PreSendRequestHeaders Request called at 7/17/2018 5:16:39 PM   :::   17:16:39.9601311

::::::::::: PostRequestHandlerExecute Request called at 7/17/2018 5:16:39 PM   :::   17:16:39.9751437

::::::::::: ReleaseRequestState Request called at 7/17/2018 5:16:39 PM   :::   17:16:39.9821472

::::::::::: PostReleaseRequestState Request called at 7/17/2018 5:16:39 PM   :::   17:16:39.9891551

::::::::::: UpdateRequestCache Request called at 7/17/2018 5:16:39 PM   :::   17:16:39.9971586

::::::::::: EndRequest Request called at 7/17/2018 5:16:40 PM   :::   17:16:40.0041866

::::::::::: PreSendRequestContent Request called at 7/17/2018 5:16:40 PM   :::   17:16:40.0126749

::::::::::: BeginRequest Request called at 7/17/2018 5:18:43 PM   :::   17:18:43.8048934

::::::::::: AuthenticateRequest Request called at 7/17/2018 5:18:43 PM   :::   17:18:43.8154044

::::::::::: PostAuthenticateRequest Request called at 7/17/2018 5:18:43 PM   :::   17:18:43.8234090

::::::::::: AuthorizeRequest Request called at 7/17/2018 5:18:43 PM   :::   17:18:43.8334166

::::::::::: PostAuthorizeRequest Request called at 7/17/2018 5:18:43 PM   :::   17:18:43.8424255

::::::::::: End Request called at 7/17/2018 5:18:43 PM   :::   17:18:43.8554354

::::::::::: PostResolveRequestCache Request called at 7/17/2018 5:18:43 PM   :::   17:18:43.8644391

::::::::::: AcquireRequestState Request called at 7/17/2018 5:18:43 PM   :::   17:18:43.8724469

::::::::::: PostAcquireRequestState Request called at 7/17/2018 5:18:43 PM   :::   17:18:43.8814531

::::::::::: PreRequestHandlerExecute Request called at 7/17/2018 5:18:43 PM   :::   17:18:43.8884570

::::::::::: PostRequestHandlerExecute Request called at 7/17/2018 5:18:43 PM   :::   17:18:43.8974749

::::::::::: ReleaseRequestState Request called at 7/17/2018 5:18:43 PM   :::   17:18:43.9054803

::::::::::: PostReleaseRequestState Request called at 7/17/2018 5:18:43 PM   :::   17:18:43.9144928

::::::::::: UpdateRequestCache Request called at 7/17/2018 5:18:43 PM   :::   17:18:43.9254996

::::::::::: EndRequest Request called at 7/17/2018 5:18:43 PM   :::   17:18:43.9325051

::::::::::: PreSendRequestContent Request called at 7/17/2018 5:18:43 PM   :::   17:18:43.9415120

::::::::::: PreSendRequestHeaders Request called at 7/17/2018 5:18:43 PM   :::   17:18:43.9485171

::::::::::: BeginRequest Request called at 7/17/2018 5:18:44 PM   :::   17:18:44.9533861

::::::::::: AuthenticateRequest Request called at 7/17/2018 5:18:44 PM   :::   17:18:44.9703996

::::::::::: PostAuthenticateRequest Request called at 7/17/2018 5:18:44 PM   :::   17:18:44.9804061

::::::::::: AuthorizeRequest Request called at 7/17/2018 5:18:44 PM   :::   17:18:44.9884135

::::::::::: PostAuthorizeRequest Request called at 7/17/2018 5:18:44 PM   :::   17:18:44.9989335

::::::::::: End Request called at 7/17/2018 5:18:45 PM   :::   17:18:45.0094394

::::::::::: PostResolveRequestCache Request called at 7/17/2018 5:18:45 PM   :::   17:18:45.0174499

::::::::::: AcquireRequestState Request called at 7/17/2018 5:18:45 PM   :::   17:18:45.0274580

::::::::::: PostAcquireRequestState Request called at 7/17/2018 5:18:45 PM   :::   17:18:45.0354804

::::::::::: PreRequestHandlerExecute Request called at 7/17/2018 5:18:45 PM   :::   17:18:45.0474717

::::::::::: PreSendRequestContent Request called at 7/17/2018 5:18:49 PM   :::   17:18:49.7869699

::::::::::: PreSendRequestHeaders Request called at 7/17/2018 5:18:49 PM   :::   17:18:49.8074897

::::::::::: PostRequestHandlerExecute Request called at 7/17/2018 5:18:49 PM   :::   17:18:49.8420189

::::::::::: ReleaseRequestState Request called at 7/17/2018 5:18:49 PM   :::   17:18:49.8640341

::::::::::: PostReleaseRequestState Request called at 7/17/2018 5:18:49 PM   :::   17:18:49.8730402

::::::::::: UpdateRequestCache Request called at 7/17/2018 5:18:49 PM   :::   17:18:49.8860505

::::::::::: EndRequest Request called at 7/17/2018 5:18:49 PM   :::   17:18:49.8970604

::::::::::: PreSendRequestContent Request called at 7/17/2018 5:18:49 PM   :::   17:18:49.9105878

::::::::::: BeginRequest Request called at 7/17/2018 5:26:53 PM   :::   17:26:53.6271088

::::::::::: AuthenticateRequest Request called at 7/17/2018 5:26:53 PM   :::   17:26:53.6376194

::::::::::: PostAuthenticateRequest Request called at 7/17/2018 5:26:53 PM   :::   17:26:53.6496273

::::::::::: AuthorizeRequest Request called at 7/17/2018 5:26:53 PM   :::   17:26:53.6606361

::::::::::: PostAuthorizeRequest Request called at 7/17/2018 5:26:53 PM   :::   17:26:53.6766481

::::::::::: End Request called at 7/17/2018 5:26:53 PM   :::   17:26:53.6906586

::::::::::: PostResolveRequestCache Request called at 7/17/2018 5:26:53 PM   :::   17:26:53.7076706

::::::::::: AcquireRequestState Request called at 7/17/2018 5:26:53 PM   :::   17:26:53.7231856

::::::::::: PostAcquireRequestState Request called at 7/17/2018 5:26:53 PM   :::   17:26:53.7341932

::::::::::: PreRequestHandlerExecute Request called at 7/17/2018 5:26:53 PM   :::   17:26:53.7497042

::::::::::: PostRequestHandlerExecute Request called at 7/17/2018 5:26:53 PM   :::   17:26:53.7652165

::::::::::: ReleaseRequestState Request called at 7/17/2018 5:26:53 PM   :::   17:26:53.7762241

::::::::::: PostReleaseRequestState Request called at 7/17/2018 5:26:53 PM   :::   17:26:53.7902338

::::::::::: UpdateRequestCache Request called at 7/17/2018 5:26:53 PM   :::   17:26:53.8007420

::::::::::: EndRequest Request called at 7/17/2018 5:26:53 PM   :::   17:26:53.8162535

::::::::::: PreSendRequestContent Request called at 7/17/2018 5:26:53 PM   :::   17:26:53.8287624

::::::::::: PreSendRequestHeaders Request called at 7/17/2018 5:26:53 PM   :::   17:26:53.8442738

::::::::::: BeginRequest Request called at 7/17/2018 5:26:53 PM   :::   17:26:53.8672897

::::::::::: AuthenticateRequest Request called at 7/17/2018 5:26:53 PM   :::   17:26:53.8828008

::::::::::: PostAuthenticateRequest Request called at 7/17/2018 5:26:53 PM   :::   17:26:53.8998131

::::::::::: AuthorizeRequest Request called at 7/17/2018 5:26:53 PM   :::   17:26:53.9248325

::::::::::: PostAuthorizeRequest Request called at 7/17/2018 5:26:53 PM   :::   17:26:53.9378411

::::::::::: End Request called at 7/17/2018 5:26:53 PM   :::   17:26:53.9498494

::::::::::: PostResolveRequestCache Request called at 7/17/2018 5:26:53 PM   :::   17:26:53.9623587

::::::::::: AcquireRequestState Request called at 7/17/2018 5:26:53 PM   :::   17:26:53.9748676

::::::::::: PostAcquireRequestState Request called at 7/17/2018 5:26:53 PM   :::   17:26:53.9838741

::::::::::: PreRequestHandlerExecute Request called at 7/17/2018 5:26:53 PM   :::   17:26:53.9953823

::::::::::: PreSendRequestContent Request called at 7/17/2018 5:27:01 PM   :::   17:27:01.4286930

::::::::::: PreSendRequestHeaders Request called at 7/17/2018 5:27:01 PM   :::   17:27:01.4382017

::::::::::: PostRequestHandlerExecute Request called at 7/17/2018 5:27:01 PM   :::   17:27:01.4572214

::::::::::: ReleaseRequestState Request called at 7/17/2018 5:27:01 PM   :::   17:27:01.4702297

::::::::::: PostReleaseRequestState Request called at 7/17/2018 5:27:01 PM   :::   17:27:01.4832399

::::::::::: UpdateRequestCache Request called at 7/17/2018 5:27:01 PM   :::   17:27:01.4912627

::::::::::: EndRequest Request called at 7/17/2018 5:27:01 PM   :::   17:27:01.4992507

::::::::::: PreSendRequestContent Request called at 7/17/2018 5:27:01 PM   :::   17:27:01.5102591

::::::::::: BeginRequest Request called at 7/17/2018 5:27:22 PM   :::   17:27:22.1261438

::::::::::: AuthenticateRequest Request called at 7/17/2018 5:27:22 PM   :::   17:27:22.1331485

::::::::::: PostAuthenticateRequest Request called at 7/17/2018 5:27:22 PM   :::   17:27:22.1471563

::::::::::: AuthorizeRequest Request called at 7/17/2018 5:27:22 PM   :::   17:27:22.1661819

::::::::::: PostAuthorizeRequest Request called at 7/17/2018 5:27:22 PM   :::   17:27:22.1741873

::::::::::: End Request called at 7/17/2018 5:27:22 PM   :::   17:27:22.1857144

::::::::::: PostResolveRequestCache Request called at 7/17/2018 5:27:22 PM   :::   17:27:22.1997246

::::::::::: AcquireRequestState Request called at 7/17/2018 5:27:22 PM   :::   17:27:22.2067293

::::::::::: PostAcquireRequestState Request called at 7/17/2018 5:27:22 PM   :::   17:27:22.2177376

::::::::::: PreRequestHandlerExecute Request called at 7/17/2018 5:27:22 PM   :::   17:27:22.2277457

::::::::::: PostRequestHandlerExecute Request called at 7/17/2018 5:27:22 PM   :::   17:27:22.2387529

::::::::::: ReleaseRequestState Request called at 7/17/2018 5:27:22 PM   :::   17:27:22.2477594

::::::::::: PostReleaseRequestState Request called at 7/17/2018 5:27:22 PM   :::   17:27:22.2587725

::::::::::: UpdateRequestCache Request called at 7/17/2018 5:27:22 PM   :::   17:27:22.2692800

::::::::::: EndRequest Request called at 7/17/2018 5:27:22 PM   :::   17:27:22.2777990

::::::::::: PreSendRequestContent Request called at 7/17/2018 5:27:22 PM   :::   17:27:22.2878062

::::::::::: PreSendRequestHeaders Request called at 7/17/2018 5:27:22 PM   :::   17:27:22.2988142

::::::::::: BeginRequest Request called at 7/17/2018 5:27:22 PM   :::   17:27:22.3188279

::::::::::: AuthenticateRequest Request called at 7/17/2018 5:27:22 PM   :::   17:27:22.3318374

::::::::::: PostAuthenticateRequest Request called at 7/17/2018 5:27:22 PM   :::   17:27:22.3438477

::::::::::: AuthorizeRequest Request called at 7/17/2018 5:27:22 PM   :::   17:27:22.3548545

::::::::::: PostAuthorizeRequest Request called at 7/17/2018 5:27:22 PM   :::   17:27:22.3698942

::::::::::: End Request called at 7/17/2018 5:27:22 PM   :::   17:27:22.3799247

::::::::::: PostResolveRequestCache Request called at 7/17/2018 5:27:22 PM   :::   17:27:22.3889151

::::::::::: AcquireRequestState Request called at 7/17/2018 5:27:22 PM   :::   17:27:22.4009234

::::::::::: PostAcquireRequestState Request called at 7/17/2018 5:27:22 PM   :::   17:27:22.4119322

::::::::::: PreRequestHandlerExecute Request called at 7/17/2018 5:27:22 PM   :::   17:27:22.4219386

::::::::::: PreSendRequestContent Request called at 7/17/2018 5:27:39 PM   :::   17:27:39.7555416

::::::::::: PreSendRequestHeaders Request called at 7/17/2018 5:27:39 PM   :::   17:27:39.7655504

::::::::::: Error Request called at 7/17/2018 5:27:39 PM   :::   17:27:39.7855669

::::::::::: PreSendRequestContent Request called at 7/17/2018 5:27:40 PM   :::   17:27:40.0283292

::::::::::: PreSendRequestContent Request called at 7/17/2018 5:27:40 PM   :::   17:27:40.0373263

::::::::::: PreSendRequestContent Request called at 7/17/2018 5:27:40 PM   :::   17:27:40.0493350

::::::::::: PreSendRequestContent Request called at 7/17/2018 5:27:40 PM   :::   17:27:40.0563401

::::::::::: EndRequest Request called at 7/17/2018 5:27:40 PM   :::   17:27:40.0693772

::::::::::: PreSendRequestContent Request called at 7/17/2018 5:27:40 PM   :::   17:27:40.0788878

::::::::::: BeginRequest Request called at 7/17/2018 5:28:34 PM   :::   17:28:34.3094677

::::::::::: BeginRequest Request called at 7/17/2018 5:28:34 PM   :::   17:28:34.3234818

::::::::::: AuthenticateRequest Request called at 7/17/2018 5:28:34 PM   :::   17:28:34.3354854

::::::::::: PostAuthenticateRequest Request called at 7/17/2018 5:28:34 PM   :::   17:28:34.3539584

::::::::::: AuthorizeRequest Request called at 7/17/2018 5:28:34 PM   :::   17:28:34.3689744

::::::::::: PostAuthorizeRequest Request called at 7/17/2018 5:28:34 PM   :::   17:28:34.3789816

::::::::::: End Request called at 7/17/2018 5:28:34 PM   :::   17:28:34.3939925

::::::::::: UpdateRequestCache Request called at 7/17/2018 5:28:34 PM   :::   17:28:34.4140070

::::::::::: EndRequest Request called at 7/17/2018 5:28:34 PM   :::   17:28:34.4240135

::::::::::: PreSendRequestContent Request called at 7/17/2018 5:28:34 PM   :::   17:28:34.4415466

::::::::::: PreSendRequestHeaders Request called at 7/17/2018 5:28:34 PM   :::   17:28:34.4510517

::::::::::: PostRequestHandlerExecute Request called at 7/17/2018 5:28:36 PM   :::   17:28:36.3985639

::::::::::: ReleaseRequestState Request called at 7/17/2018 5:28:36 PM   :::   17:28:36.4165774

::::::::::: PostReleaseRequestState Request called at 7/17/2018 5:28:36 PM   :::   17:28:36.4385929

::::::::::: UpdateRequestCache Request called at 7/17/2018 5:28:36 PM   :::   17:28:36.4516071

::::::::::: EndRequest Request called at 7/17/2018 5:28:36 PM   :::   17:28:36.4604628

::::::::::: PreSendRequestContent Request called at 7/17/2018 5:28:36 PM   :::   17:28:36.4714708

::::::::::: PreSendRequestHeaders Request called at 7/17/2018 5:28:36 PM   :::   17:28:36.4774740

::::::::::: BeginRequest Request called at 7/17/2018 5:28:37 PM   :::   17:28:37.5340938

::::::::::: AuthenticateRequest Request called at 7/17/2018 5:28:37 PM   :::   17:28:37.5451057

::::::::::: PostAuthenticateRequest Request called at 7/17/2018 5:28:37 PM   :::   17:28:37.5516110

::::::::::: AuthorizeRequest Request called at 7/17/2018 5:28:37 PM   :::   17:28:37.5631227

::::::::::: PostAuthorizeRequest Request called at 7/17/2018 5:28:37 PM   :::   17:28:37.5721308

::::::::::: End Request called at 7/17/2018 5:28:37 PM   :::   17:28:37.5841431

::::::::::: PostResolveRequestCache Request called at 7/17/2018 5:28:37 PM   :::   17:28:37.5931441

::::::::::: AcquireRequestState Request called at 7/17/2018 5:28:37 PM   :::   17:28:37.6001492

::::::::::: PostAcquireRequestState Request called at 7/17/2018 5:28:37 PM   :::   17:28:37.6091577

::::::::::: PreRequestHandlerExecute Request called at 7/17/2018 5:28:37 PM   :::   17:28:37.6153389

::::::::::: PreSendRequestContent Request called at 7/17/2018 5:28:39 PM   :::   17:28:39.9593952

::::::::::: PreSendRequestHeaders Request called at 7/17/2018 5:28:39 PM   :::   17:28:39.9729253

::::::::::: PostRequestHandlerExecute Request called at 7/17/2018 5:28:39 PM   :::   17:28:39.9909388

::::::::::: ReleaseRequestState Request called at 7/17/2018 5:28:40 PM   :::   17:28:40.0009492

::::::::::: PostReleaseRequestState Request called at 7/17/2018 5:28:40 PM   :::   17:28:40.0089507

::::::::::: UpdateRequestCache Request called at 7/17/2018 5:28:40 PM   :::   17:28:40.0149546

::::::::::: EndRequest Request called at 7/17/2018 5:28:40 PM   :::   17:28:40.0239616

::::::::::: PreSendRequestContent Request called at 7/17/2018 5:28:40 PM   :::   17:28:40.0299663

