::::::::::: BeginRequest Request called at 10/9/2018 4:08:16 PM   :::   16:08:16.7791536

::::::::::: AuthenticateRequest Request called at 10/9/2018 4:08:16 PM   :::   16:08:16.7891557

::::::::::: PostAuthenticateRequest Request called at 10/9/2018 4:08:16 PM   :::   16:08:16.7921528

::::::::::: AuthorizeRequest Request called at 10/9/2018 4:08:16 PM   :::   16:08:16.7951574

::::::::::: PostAuthorizeRequest Request called at 10/9/2018 4:08:16 PM   :::   16:08:16.7961545

::::::::::: End Request called at 10/9/2018 4:08:16 PM   :::   16:08:16.7981544

::::::::::: PostResolveRequestCache Request called at 10/9/2018 4:08:16 PM   :::   16:08:16.8271559

::::::::::: AcquireRequestState Request called at 10/9/2018 4:08:16 PM   :::   16:08:16.8371580

::::::::::: PostAcquireRequestState Request called at 10/9/2018 4:08:16 PM   :::   16:08:16.8451583

::::::::::: PreRequestHandlerExecute Request called at 10/9/2018 4:08:16 PM   :::   16:08:16.8461595

::::::::::: BeginRequest Request called at 10/9/2018 4:08:18 PM   :::   16:08:18.0942143

::::::::::: AuthenticateRequest Request called at 10/9/2018 4:08:18 PM   :::   16:08:18.1102157

::::::::::: PostAuthenticateRequest Request called at 10/9/2018 4:08:18 PM   :::   16:08:18.1162145

::::::::::: AuthorizeRequest Request called at 10/9/2018 4:08:18 PM   :::   16:08:18.1182140

::::::::::: PostAuthorizeRequest Request called at 10/9/2018 4:08:18 PM   :::   16:08:18.1362145

::::::::::: End Request called at 10/9/2018 4:08:18 PM   :::   16:08:18.1382152

::::::::::: PostResolveRequestCache Request called at 10/9/2018 4:08:18 PM   :::   16:08:18.1442156

::::::::::: AcquireRequestState Request called at 10/9/2018 4:08:18 PM   :::   16:08:18.1462167

::::::::::: PostAcquireRequestState Request called at 10/9/2018 4:08:18 PM   :::   16:08:18.1667133

::::::::::: PreRequestHandlerExecute Request called at 10/9/2018 4:08:18 PM   :::   16:08:18.1792147

::::::::::: PostRequestHandlerExecute Request called at 10/9/2018 4:08:18 PM   :::   16:08:18.7067279

::::::::::: ReleaseRequestState Request called at 10/9/2018 4:08:18 PM   :::   16:08:18.7742285

::::::::::: PostReleaseRequestState Request called at 10/9/2018 4:08:18 PM   :::   16:08:18.8477298

::::::::::: UpdateRequestCache Request called at 10/9/2018 4:08:18 PM   :::   16:08:18.8697293

::::::::::: EndRequest Request called at 10/9/2018 4:08:18 PM   :::   16:08:18.8732289

::::::::::: PreSendRequestContent Request called at 10/9/2018 4:08:18 PM   :::   16:08:18.8827290

::::::::::: PreSendRequestHeaders Request called at 10/9/2018 4:08:18 PM   :::   16:08:18.8842291

::::::::::: BeginRequest Request called at 10/9/2018 4:08:18 PM   :::   16:08:18.9302311

::::::::::: AuthenticateRequest Request called at 10/9/2018 4:08:18 PM   :::   16:08:18.9472324

::::::::::: PostAuthenticateRequest Request called at 10/9/2018 4:08:18 PM   :::   16:08:18.9487294

::::::::::: AuthorizeRequest Request called at 10/9/2018 4:08:18 PM   :::   16:08:18.9502315

::::::::::: PostAuthorizeRequest Request called at 10/9/2018 4:08:18 PM   :::   16:08:18.9517308

::::::::::: End Request called at 10/9/2018 4:08:18 PM   :::   16:08:18.9532297

::::::::::: PostResolveRequestCache Request called at 10/9/2018 4:08:18 PM   :::   16:08:18.9557294

::::::::::: AcquireRequestState Request called at 10/9/2018 4:08:18 PM   :::   16:08:18.9577296

::::::::::: PostAcquireRequestState Request called at 10/9/2018 4:08:18 PM   :::   16:08:18.9592305

::::::::::: PreRequestHandlerExecute Request called at 10/9/2018 4:08:18 PM   :::   16:08:18.9607291

::::::::::: PostRequestHandlerExecute Request called at 10/9/2018 4:08:19 PM   :::   16:08:19.2997382

::::::::::: ReleaseRequestState Request called at 10/9/2018 4:08:19 PM   :::   16:08:19.3017369

::::::::::: PostReleaseRequestState Request called at 10/9/2018 4:08:19 PM   :::   16:08:19.3042373

::::::::::: UpdateRequestCache Request called at 10/9/2018 4:08:19 PM   :::   16:08:19.3712401

::::::::::: EndRequest Request called at 10/9/2018 4:08:19 PM   :::   16:08:19.3732384

::::::::::: PreSendRequestContent Request called at 10/9/2018 4:08:19 PM   :::   16:08:19.3757542

::::::::::: PreSendRequestHeaders Request called at 10/9/2018 4:08:19 PM   :::   16:08:19.3777391

::::::::::: PostRequestHandlerExecute Request called at 10/9/2018 4:08:50 PM   :::   16:08:50.2349252

::::::::::: ReleaseRequestState Request called at 10/9/2018 4:08:50 PM   :::   16:08:50.2359283

::::::::::: PostReleaseRequestState Request called at 10/9/2018 4:08:50 PM   :::   16:08:50.2379282

::::::::::: UpdateRequestCache Request called at 10/9/2018 4:08:50 PM   :::   16:08:50.2399285

::::::::::: EndRequest Request called at 10/9/2018 4:08:50 PM   :::   16:08:50.2409276

::::::::::: PreSendRequestContent Request called at 10/9/2018 4:08:50 PM   :::   16:08:50.2429287

::::::::::: PreSendRequestHeaders Request called at 10/9/2018 4:08:50 PM   :::   16:08:50.2439286

::::::::::: BeginRequest Request called at 10/9/2018 4:09:16 PM   :::   16:09:16.1195657

::::::::::: AuthenticateRequest Request called at 10/9/2018 4:09:16 PM   :::   16:09:16.1225656

::::::::::: PostAuthenticateRequest Request called at 10/9/2018 4:09:16 PM   :::   16:09:16.1250768

::::::::::: AuthorizeRequest Request called at 10/9/2018 4:09:16 PM   :::   16:09:16.1290791

::::::::::: End Request called at 10/9/2018 4:09:16 PM   :::   16:09:16.1310790

::::::::::: PostResolveRequestCache Request called at 10/9/2018 4:09:16 PM   :::   16:09:16.1330782

::::::::::: PostResolveRequestCache Request called at 10/9/2018 4:09:16 PM   :::   16:09:16.1340789

::::::::::: PreRequestHandlerExecute Request called at 10/9/2018 4:09:16 PM   :::   16:09:16.1365787

::::::::::: PostAcquireRequestState Request called at 10/9/2018 4:09:16 PM   :::   16:09:16.1395782

::::::::::: PostRequestHandlerExecute Request called at 10/9/2018 4:09:16 PM   :::   16:09:16.1405908

::::::::::: ReleaseRequestState Request called at 10/9/2018 4:09:16 PM   :::   16:09:16.1435911

::::::::::: PostReleaseRequestState Request called at 10/9/2018 4:09:16 PM   :::   16:09:16.1455914

::::::::::: UpdateRequestCache Request called at 10/9/2018 4:09:16 PM   :::   16:09:16.1465906

::::::::::: EndRequest Request called at 10/9/2018 4:09:16 PM   :::   16:09:16.1495890

::::::::::: PreSendRequestContent Request called at 10/9/2018 4:09:16 PM   :::   16:09:16.1555920

::::::::::: PreSendRequestHeaders Request called at 10/9/2018 4:09:16 PM   :::   16:09:16.1595930

::::::::::: BeginRequest Request called at 10/9/2018 4:09:16 PM   :::   16:09:16.1685892

::::::::::: AuthenticateRequest Request called at 10/9/2018 4:09:16 PM   :::   16:09:16.1755930

::::::::::: PostAuthenticateRequest Request called at 10/9/2018 4:09:16 PM   :::   16:09:16.1775914

::::::::::: PostAuthorizeRequest Request called at 10/9/2018 4:09:16 PM   :::   16:09:16.1815940

::::::::::: End Request called at 10/9/2018 4:09:16 PM   :::   16:09:16.1825924

::::::::::: PostResolveRequestCache Request called at 10/9/2018 4:09:16 PM   :::   16:09:16.1845923

::::::::::: AcquireRequestState Request called at 10/9/2018 4:09:16 PM   :::   16:09:16.1905949

::::::::::: PostAcquireRequestState Request called at 10/9/2018 4:09:16 PM   :::   16:09:16.1925921

::::::::::: PreRequestHandlerExecute Request called at 10/9/2018 4:09:16 PM   :::   16:09:16.1966204

::::::::::: PreSendRequestContent Request called at 10/9/2018 4:09:35 PM   :::   16:09:35.9809145

::::::::::: PreSendRequestHeaders Request called at 10/9/2018 4:09:35 PM   :::   16:09:35.9819133

::::::::::: PostRequestHandlerExecute Request called at 10/9/2018 4:09:35 PM   :::   16:09:35.9929114

::::::::::: ReleaseRequestState Request called at 10/9/2018 4:09:35 PM   :::   16:09:35.9949351

::::::::::: PostReleaseRequestState Request called at 10/9/2018 4:09:35 PM   :::   16:09:35.9969129

::::::::::: UpdateRequestCache Request called at 10/9/2018 4:09:35 PM   :::   16:09:35.9989124

::::::::::: EndRequest Request called at 10/9/2018 4:09:35 PM   :::   16:09:35.9999108

::::::::::: PreSendRequestContent Request called at 10/9/2018 4:09:36 PM   :::   16:09:36.0029135

::::::::::: PreSendRequestContent Request called at 10/9/2018 4:09:37 PM   :::   16:09:37.7618384

::::::::::: PreSendRequestHeaders Request called at 10/9/2018 4:09:37 PM   :::   16:09:37.7678358

::::::::::: Error Request called at 10/9/2018 4:09:37 PM   :::   16:09:37.7888459

::::::::::: PreSendRequestContent Request called at 10/9/2018 4:09:47 PM   :::   16:09:47.9111209

::::::::::: PreSendRequestContent Request called at 10/9/2018 4:09:47 PM   :::   16:09:47.9131181

::::::::::: PreSendRequestContent Request called at 10/9/2018 4:09:47 PM   :::   16:09:47.9171259

::::::::::: PreSendRequestContent Request called at 10/9/2018 4:09:47 PM   :::   16:09:47.9341440

::::::::::: EndRequest Request called at 10/9/2018 4:09:47 PM   :::   16:09:47.9386433

::::::::::: PreSendRequestContent Request called at 10/9/2018 4:09:47 PM   :::   16:09:47.9426443

::::::::::: BeginRequest Request called at 10/9/2018 4:10:41 PM   :::   16:10:41.2195827

::::::::::: AuthenticateRequest Request called at 10/9/2018 4:10:41 PM   :::   16:10:41.2240757

::::::::::: PostAuthenticateRequest Request called at 10/9/2018 4:10:41 PM   :::   16:10:41.2300763

::::::::::: AuthorizeRequest Request called at 10/9/2018 4:10:41 PM   :::   16:10:41.2350959

::::::::::: PostAuthorizeRequest Request called at 10/9/2018 4:10:41 PM   :::   16:10:41.2401080

::::::::::: End Request called at 10/9/2018 4:10:41 PM   :::   16:10:41.2451047

::::::::::: PostResolveRequestCache Request called at 10/9/2018 4:10:41 PM   :::   16:10:41.2521298

::::::::::: AcquireRequestState Request called at 10/9/2018 4:10:41 PM   :::   16:10:41.2561056

::::::::::: PostAcquireRequestState Request called at 10/9/2018 4:10:41 PM   :::   16:10:41.2610952

::::::::::: PreRequestHandlerExecute Request called at 10/9/2018 4:10:41 PM   :::   16:10:41.2630932

::::::::::: PostRequestHandlerExecute Request called at 10/9/2018 4:10:43 PM   :::   16:10:43.5540552

::::::::::: ReleaseRequestState Request called at 10/9/2018 4:10:43 PM   :::   16:10:43.5580532

::::::::::: PostReleaseRequestState Request called at 10/9/2018 4:10:43 PM   :::   16:10:43.5600586

::::::::::: UpdateRequestCache Request called at 10/9/2018 4:10:43 PM   :::   16:10:43.5630538

::::::::::: EndRequest Request called at 10/9/2018 4:10:43 PM   :::   16:10:43.5650624

::::::::::: PreSendRequestContent Request called at 10/9/2018 4:10:43 PM   :::   16:10:43.5690635

::::::::::: PreSendRequestHeaders Request called at 10/9/2018 4:10:43 PM   :::   16:10:43.5710800

::::::::::: BeginRequest Request called at 10/9/2018 4:10:44 PM   :::   16:10:44.6964647

::::::::::: AuthenticateRequest Request called at 10/9/2018 4:10:44 PM   :::   16:10:44.7024649

::::::::::: PostAuthenticateRequest Request called at 10/9/2018 4:10:44 PM   :::   16:10:44.7084892

::::::::::: AuthorizeRequest Request called at 10/9/2018 4:10:44 PM   :::   16:10:44.7144686

::::::::::: PostAuthorizeRequest Request called at 10/9/2018 4:10:44 PM   :::   16:10:44.7199935

::::::::::: End Request called at 10/9/2018 4:10:44 PM   :::   16:10:44.7259890

::::::::::: PostResolveRequestCache Request called at 10/9/2018 4:10:44 PM   :::   16:10:44.7294906

::::::::::: AcquireRequestState Request called at 10/9/2018 4:10:44 PM   :::   16:10:44.7319904

::::::::::: PostAcquireRequestState Request called at 10/9/2018 4:10:44 PM   :::   16:10:44.7349911

::::::::::: PreRequestHandlerExecute Request called at 10/9/2018 4:10:44 PM   :::   16:10:44.7380048

::::::::::: PostRequestHandlerExecute Request called at 10/9/2018 4:10:45 PM   :::   16:10:45.0792845

::::::::::: ReleaseRequestState Request called at 10/9/2018 4:10:45 PM   :::   16:10:45.0842832

::::::::::: PostReleaseRequestState Request called at 10/9/2018 4:10:45 PM   :::   16:10:45.0922861

::::::::::: UpdateRequestCache Request called at 10/9/2018 4:10:45 PM   :::   16:10:45.0992840

::::::::::: EndRequest Request called at 10/9/2018 4:10:45 PM   :::   16:10:45.1032819

::::::::::: PreSendRequestContent Request called at 10/9/2018 4:10:45 PM   :::   16:10:45.1092829

::::::::::: PreSendRequestHeaders Request called at 10/9/2018 4:10:45 PM   :::   16:10:45.1122801

::::::::::: BeginRequest Request called at 10/9/2018 4:10:46 PM   :::   16:10:46.1636656

::::::::::: AuthenticateRequest Request called at 10/9/2018 4:10:46 PM   :::   16:10:46.1646671

::::::::::: PostAuthenticateRequest Request called at 10/9/2018 4:10:46 PM   :::   16:10:46.1656675

::::::::::: AuthorizeRequest Request called at 10/9/2018 4:10:46 PM   :::   16:10:46.1676674

::::::::::: PostAuthorizeRequest Request called at 10/9/2018 4:10:46 PM   :::   16:10:46.1686658

::::::::::: End Request called at 10/9/2018 4:10:46 PM   :::   16:10:46.1696867

::::::::::: PostResolveRequestCache Request called at 10/9/2018 4:10:46 PM   :::   16:10:46.1716669

::::::::::: AcquireRequestState Request called at 10/9/2018 4:10:46 PM   :::   16:10:46.1726673

::::::::::: PostAcquireRequestState Request called at 10/9/2018 4:10:46 PM   :::   16:10:46.1736870

::::::::::: PreRequestHandlerExecute Request called at 10/9/2018 4:10:46 PM   :::   16:10:46.1746708

::::::::::: PostRequestHandlerExecute Request called at 10/9/2018 4:10:46 PM   :::   16:10:46.4737298

::::::::::: ReleaseRequestState Request called at 10/9/2018 4:10:46 PM   :::   16:10:46.4757538

::::::::::: PostReleaseRequestState Request called at 10/9/2018 4:10:46 PM   :::   16:10:46.4777308

::::::::::: UpdateRequestCache Request called at 10/9/2018 4:10:46 PM   :::   16:10:46.4797304

::::::::::: EndRequest Request called at 10/9/2018 4:10:46 PM   :::   16:10:46.4807379

::::::::::: PreSendRequestContent Request called at 10/9/2018 4:10:46 PM   :::   16:10:46.4827299

::::::::::: PreSendRequestHeaders Request called at 10/9/2018 4:10:46 PM   :::   16:10:46.4837303

::::::::::: BeginRequest Request called at 10/9/2018 4:10:47 PM   :::   16:10:47.5054545

::::::::::: AuthenticateRequest Request called at 10/9/2018 4:10:47 PM   :::   16:10:47.5104532

::::::::::: PostAuthenticateRequest Request called at 10/9/2018 4:10:47 PM   :::   16:10:47.5154546

::::::::::: AuthorizeRequest Request called at 10/9/2018 4:10:47 PM   :::   16:10:47.5194549

::::::::::: PostAuthorizeRequest Request called at 10/9/2018 4:10:47 PM   :::   16:10:47.5249755

::::::::::: End Request called at 10/9/2018 4:10:47 PM   :::   16:10:47.5294732

::::::::::: PostResolveRequestCache Request called at 10/9/2018 4:10:47 PM   :::   16:10:47.5364750

::::::::::: AcquireRequestState Request called at 10/9/2018 4:10:47 PM   :::   16:10:47.5414958

::::::::::: PostAcquireRequestState Request called at 10/9/2018 4:10:47 PM   :::   16:10:47.5475031

::::::::::: PreRequestHandlerExecute Request called at 10/9/2018 4:10:47 PM   :::   16:10:47.5534982

::::::::::: PostRequestHandlerExecute Request called at 10/9/2018 4:10:47 PM   :::   16:10:47.8584986

::::::::::: ReleaseRequestState Request called at 10/9/2018 4:10:47 PM   :::   16:10:47.8624902

::::::::::: PostReleaseRequestState Request called at 10/9/2018 4:10:47 PM   :::   16:10:47.8654972

::::::::::: UpdateRequestCache Request called at 10/9/2018 4:10:47 PM   :::   16:10:47.8694924

::::::::::: EndRequest Request called at 10/9/2018 4:10:47 PM   :::   16:10:47.8734934

::::::::::: PreSendRequestContent Request called at 10/9/2018 4:10:47 PM   :::   16:10:47.8774973

::::::::::: PreSendRequestHeaders Request called at 10/9/2018 4:10:47 PM   :::   16:10:47.8804964

::::::::::: BeginRequest Request called at 10/9/2018 4:10:48 PM   :::   16:10:48.8360558

::::::::::: AuthenticateRequest Request called at 10/9/2018 4:10:48 PM   :::   16:10:48.8406428

::::::::::: PostAuthenticateRequest Request called at 10/9/2018 4:10:48 PM   :::   16:10:48.8466016

::::::::::: AuthorizeRequest Request called at 10/9/2018 4:10:48 PM   :::   16:10:48.8516050

::::::::::: PostAuthorizeRequest Request called at 10/9/2018 4:10:48 PM   :::   16:10:48.8556025

::::::::::: End Request called at 10/9/2018 4:10:48 PM   :::   16:10:48.8596115

::::::::::: PostResolveRequestCache Request called at 10/9/2018 4:10:48 PM   :::   16:10:48.8656058

::::::::::: AcquireRequestState Request called at 10/9/2018 4:10:48 PM   :::   16:10:48.8706060

::::::::::: PostAcquireRequestState Request called at 10/9/2018 4:10:48 PM   :::   16:10:48.8746004

::::::::::: PreRequestHandlerExecute Request called at 10/9/2018 4:10:48 PM   :::   16:10:48.8796058

::::::::::: PostRequestHandlerExecute Request called at 10/9/2018 4:10:49 PM   :::   16:10:49.1855449

::::::::::: ReleaseRequestState Request called at 10/9/2018 4:10:49 PM   :::   16:10:49.1916072

::::::::::: PostReleaseRequestState Request called at 10/9/2018 4:10:49 PM   :::   16:10:49.1936016

::::::::::: UpdateRequestCache Request called at 10/9/2018 4:10:49 PM   :::   16:10:49.1956015

::::::::::: EndRequest Request called at 10/9/2018 4:10:49 PM   :::   16:10:49.1975999

::::::::::: PreSendRequestContent Request called at 10/9/2018 4:10:49 PM   :::   16:10:49.1986058

::::::::::: PreSendRequestHeaders Request called at 10/9/2018 4:10:49 PM   :::   16:10:49.2016029

::::::::::: BeginRequest Request called at 10/9/2018 4:10:50 PM   :::   16:10:50.2860029

::::::::::: AuthenticateRequest Request called at 10/9/2018 4:10:50 PM   :::   16:10:50.2880025

::::::::::: PostAuthenticateRequest Request called at 10/9/2018 4:10:50 PM   :::   16:10:50.2900012

::::::::::: AuthorizeRequest Request called at 10/9/2018 4:10:50 PM   :::   16:10:50.2910016

::::::::::: PostAuthorizeRequest Request called at 10/9/2018 4:10:50 PM   :::   16:10:50.2930035

::::::::::: End Request called at 10/9/2018 4:10:50 PM   :::   16:10:50.2940043

::::::::::: PostResolveRequestCache Request called at 10/9/2018 4:10:50 PM   :::   16:10:50.2970034

::::::::::: AcquireRequestState Request called at 10/9/2018 4:10:50 PM   :::   16:10:50.2980010

::::::::::: PostAcquireRequestState Request called at 10/9/2018 4:10:50 PM   :::   16:10:50.3010025

::::::::::: PreRequestHandlerExecute Request called at 10/9/2018 4:10:50 PM   :::   16:10:50.3020025

::::::::::: PostRequestHandlerExecute Request called at 10/9/2018 4:10:50 PM   :::   16:10:50.6017152

::::::::::: ReleaseRequestState Request called at 10/9/2018 4:10:50 PM   :::   16:10:50.6037167

::::::::::: PostReleaseRequestState Request called at 10/9/2018 4:10:50 PM   :::   16:10:50.6047183

::::::::::: UpdateRequestCache Request called at 10/9/2018 4:10:50 PM   :::   16:10:50.6057167

::::::::::: EndRequest Request called at 10/9/2018 4:10:50 PM   :::   16:10:50.6077182

::::::::::: PreSendRequestContent Request called at 10/9/2018 4:10:50 PM   :::   16:10:50.6087178

::::::::::: PreSendRequestHeaders Request called at 10/9/2018 4:10:50 PM   :::   16:10:50.6107201

::::::::::: BeginRequest Request called at 10/9/2018 4:29:58 PM   :::   16:29:58.9537510

::::::::::: AuthenticateRequest Request called at 10/9/2018 4:29:58 PM   :::   16:29:58.9617528

::::::::::: PostAuthenticateRequest Request called at 10/9/2018 4:29:58 PM   :::   16:29:58.9677484

::::::::::: AuthorizeRequest Request called at 10/9/2018 4:29:58 PM   :::   16:29:58.9697463

::::::::::: PostAuthorizeRequest Request called at 10/9/2018 4:29:58 PM   :::   16:29:58.9712467

::::::::::: End Request called at 10/9/2018 4:29:58 PM   :::   16:29:58.9727480

::::::::::: PostResolveRequestCache Request called at 10/9/2018 4:29:59 PM   :::   16:29:59.0077483

::::::::::: AcquireRequestState Request called at 10/9/2018 4:29:59 PM   :::   16:29:59.0232501

::::::::::: PostAcquireRequestState Request called at 10/9/2018 4:29:59 PM   :::   16:29:59.0257478

::::::::::: PreRequestHandlerExecute Request called at 10/9/2018 4:29:59 PM   :::   16:29:59.0297479

::::::::::: BeginRequest Request called at 10/9/2018 4:29:59 PM   :::   16:29:59.8848155

::::::::::: AuthenticateRequest Request called at 10/9/2018 4:29:59 PM   :::   16:29:59.8868146

::::::::::: PostAuthenticateRequest Request called at 10/9/2018 4:29:59 PM   :::   16:29:59.8893253

::::::::::: AuthorizeRequest Request called at 10/9/2018 4:29:59 PM   :::   16:29:59.8908226

::::::::::: PostAuthorizeRequest Request called at 10/9/2018 4:29:59 PM   :::   16:29:59.8928256

::::::::::: End Request called at 10/9/2018 4:29:59 PM   :::   16:29:59.8943241

::::::::::: PostResolveRequestCache Request called at 10/9/2018 4:29:59 PM   :::   16:29:59.8993230

::::::::::: AcquireRequestState Request called at 10/9/2018 4:29:59 PM   :::   16:29:59.9013236

::::::::::: PostAcquireRequestState Request called at 10/9/2018 4:29:59 PM   :::   16:29:59.9028221

::::::::::: PreRequestHandlerExecute Request called at 10/9/2018 4:29:59 PM   :::   16:29:59.9038232

::::::::::: PostRequestHandlerExecute Request called at 10/9/2018 4:30:00 PM   :::   16:30:00.0038389

::::::::::: ReleaseRequestState Request called at 10/9/2018 4:30:00 PM   :::   16:30:00.0068458

::::::::::: PostReleaseRequestState Request called at 10/9/2018 4:30:00 PM   :::   16:30:00.0128486

::::::::::: UpdateRequestCache Request called at 10/9/2018 4:30:00 PM   :::   16:30:00.0148496

::::::::::: EndRequest Request called at 10/9/2018 4:30:00 PM   :::   16:30:00.0178490

::::::::::: PreSendRequestContent Request called at 10/9/2018 4:30:00 PM   :::   16:30:00.0258476

::::::::::: PreSendRequestHeaders Request called at 10/9/2018 4:30:00 PM   :::   16:30:00.0288490

::::::::::: PostRequestHandlerExecute Request called at 10/9/2018 4:30:00 PM   :::   16:30:00.1508655

::::::::::: ReleaseRequestState Request called at 10/9/2018 4:30:00 PM   :::   16:30:00.1528642

::::::::::: PostReleaseRequestState Request called at 10/9/2018 4:30:00 PM   :::   16:30:00.1548648

::::::::::: BeginRequest Request called at 10/9/2018 4:30:00 PM   :::   16:30:00.1893716

::::::::::: AuthenticateRequest Request called at 10/9/2018 4:30:00 PM   :::   16:30:00.1913734

::::::::::: PostAuthenticateRequest Request called at 10/9/2018 4:30:00 PM   :::   16:30:00.1938727

::::::::::: AuthorizeRequest Request called at 10/9/2018 4:30:00 PM   :::   16:30:00.1958721

::::::::::: PostAuthorizeRequest Request called at 10/9/2018 4:30:00 PM   :::   16:30:00.1983725

::::::::::: End Request called at 10/9/2018 4:30:00 PM   :::   16:30:00.1998726

::::::::::: PostResolveRequestCache Request called at 10/9/2018 4:30:00 PM   :::   16:30:00.2018733

::::::::::: AcquireRequestState Request called at 10/9/2018 4:30:00 PM   :::   16:30:00.2033718

::::::::::: PostAcquireRequestState Request called at 10/9/2018 4:30:00 PM   :::   16:30:00.2048794

::::::::::: UpdateRequestCache Request called at 10/9/2018 4:30:00 PM   :::   16:30:00.2058821

::::::::::: EndRequest Request called at 10/9/2018 4:30:00 PM   :::   16:30:00.2078800

::::::::::: PreSendRequestContent Request called at 10/9/2018 4:30:00 PM   :::   16:30:00.2108801

::::::::::: PreSendRequestHeaders Request called at 10/9/2018 4:30:00 PM   :::   16:30:00.2128812

::::::::::: BeginRequest Request called at 10/9/2018 4:30:02 PM   :::   16:30:02.5343843

::::::::::: AuthenticateRequest Request called at 10/9/2018 4:30:02 PM   :::   16:30:02.5363862

::::::::::: PostAuthenticateRequest Request called at 10/9/2018 4:30:02 PM   :::   16:30:02.5373849

::::::::::: AuthorizeRequest Request called at 10/9/2018 4:30:02 PM   :::   16:30:02.5393852

::::::::::: PostAuthorizeRequest Request called at 10/9/2018 4:30:02 PM   :::   16:30:02.5413842

::::::::::: End Request called at 10/9/2018 4:30:02 PM   :::   16:30:02.5423845

::::::::::: PostResolveRequestCache Request called at 10/9/2018 4:30:02 PM   :::   16:30:02.5443852

::::::::::: AcquireRequestState Request called at 10/9/2018 4:30:02 PM   :::   16:30:02.5463858

::::::::::: PostAcquireRequestState Request called at 10/9/2018 4:30:02 PM   :::   16:30:02.5473862

::::::::::: PreRequestHandlerExecute Request called at 10/9/2018 4:30:02 PM   :::   16:30:02.5493848

::::::::::: PostRequestHandlerExecute Request called at 10/9/2018 4:30:02 PM   :::   16:30:02.5713844

::::::::::: ReleaseRequestState Request called at 10/9/2018 4:30:02 PM   :::   16:30:02.5733855

::::::::::: PostReleaseRequestState Request called at 10/9/2018 4:30:02 PM   :::   16:30:02.5743858

::::::::::: UpdateRequestCache Request called at 10/9/2018 4:30:02 PM   :::   16:30:02.5763857

::::::::::: EndRequest Request called at 10/9/2018 4:30:02 PM   :::   16:30:02.5783863

::::::::::: PreSendRequestContent Request called at 10/9/2018 4:30:02 PM   :::   16:30:02.5803846

::::::::::: PreSendRequestHeaders Request called at 10/9/2018 4:30:02 PM   :::   16:30:02.5813857

::::::::::: BeginRequest Request called at 10/9/2018 4:30:21 PM   :::   16:30:21.7760081

::::::::::: AuthenticateRequest Request called at 10/9/2018 4:30:21 PM   :::   16:30:21.7775070

::::::::::: PostAuthenticateRequest Request called at 10/9/2018 4:30:21 PM   :::   16:30:21.7790088

::::::::::: AuthorizeRequest Request called at 10/9/2018 4:30:21 PM   :::   16:30:21.7805057

::::::::::: PostAuthorizeRequest Request called at 10/9/2018 4:30:21 PM   :::   16:30:21.7820079

::::::::::: End Request called at 10/9/2018 4:30:21 PM   :::   16:30:21.8405101

::::::::::: PostResolveRequestCache Request called at 10/9/2018 4:30:21 PM   :::   16:30:21.9085113

::::::::::: AcquireRequestState Request called at 10/9/2018 4:30:21 PM   :::   16:30:21.9105120

::::::::::: PostAcquireRequestState Request called at 10/9/2018 4:30:21 PM   :::   16:30:21.9325135

::::::::::: PreRequestHandlerExecute Request called at 10/9/2018 4:30:21 PM   :::   16:30:21.9340132

::::::::::: PostRequestHandlerExecute Request called at 10/9/2018 4:30:21 PM   :::   16:30:21.9365149

::::::::::: ReleaseRequestState Request called at 10/9/2018 4:30:21 PM   :::   16:30:21.9385140

::::::::::: PostReleaseRequestState Request called at 10/9/2018 4:30:21 PM   :::   16:30:21.9405136

::::::::::: UpdateRequestCache Request called at 10/9/2018 4:30:21 PM   :::   16:30:21.9420125

::::::::::: EndRequest Request called at 10/9/2018 4:30:21 PM   :::   16:30:21.9435135

::::::::::: PreSendRequestContent Request called at 10/9/2018 4:30:21 PM   :::   16:30:21.9455142

::::::::::: PreSendRequestHeaders Request called at 10/9/2018 4:30:21 PM   :::   16:30:21.9475137

::::::::::: BeginRequest Request called at 10/9/2018 4:30:22 PM   :::   16:30:22.1445208

::::::::::: AuthenticateRequest Request called at 10/9/2018 4:30:22 PM   :::   16:30:22.1915233

::::::::::: PostAuthenticateRequest Request called at 10/9/2018 4:30:22 PM   :::   16:30:22.2080228

::::::::::: AuthorizeRequest Request called at 10/9/2018 4:30:22 PM   :::   16:30:22.2095246

::::::::::: PostAuthorizeRequest Request called at 10/9/2018 4:30:22 PM   :::   16:30:22.2110251

::::::::::: End Request called at 10/9/2018 4:30:22 PM   :::   16:30:22.2125252

::::::::::: PostResolveRequestCache Request called at 10/9/2018 4:30:22 PM   :::   16:30:22.2140250

::::::::::: AcquireRequestState Request called at 10/9/2018 4:30:22 PM   :::   16:30:22.2155259

::::::::::: PostAcquireRequestState Request called at 10/9/2018 4:30:22 PM   :::   16:30:22.2175246

::::::::::: PreRequestHandlerExecute Request called at 10/9/2018 4:30:22 PM   :::   16:30:22.2845251

::::::::::: PostRequestHandlerExecute Request called at 10/9/2018 4:30:31 PM   :::   16:30:31.4685995

::::::::::: ReleaseRequestState Request called at 10/9/2018 4:30:31 PM   :::   16:30:31.4705963

::::::::::: PostReleaseRequestState Request called at 10/9/2018 4:30:31 PM   :::   16:30:31.4725962

::::::::::: UpdateRequestCache Request called at 10/9/2018 4:30:31 PM   :::   16:30:31.4745957

::::::::::: EndRequest Request called at 10/9/2018 4:30:31 PM   :::   16:30:31.4765976

::::::::::: PostRequestHandlerExecute Request called at 10/9/2018 4:30:31 PM   :::   16:30:31.5235953

::::::::::: ReleaseRequestState Request called at 10/9/2018 4:30:31 PM   :::   16:30:31.5245989

::::::::::: PostReleaseRequestState Request called at 10/9/2018 4:30:31 PM   :::   16:30:31.5265980

::::::::::: UpdateRequestCache Request called at 10/9/2018 4:30:31 PM   :::   16:30:31.5275979

::::::::::: EndRequest Request called at 10/9/2018 4:30:31 PM   :::   16:30:31.5295998

::::::::::: PreSendRequestContent Request called at 10/9/2018 4:30:31 PM   :::   16:30:31.5316073

::::::::::: PreSendRequestHeaders Request called at 10/9/2018 4:30:31 PM   :::   16:30:31.5326064

::::::::::: BeginRequest Request called at 10/9/2018 4:30:43 PM   :::   16:30:43.1693193

::::::::::: AuthenticateRequest Request called at 10/9/2018 4:30:43 PM   :::   16:30:43.1713168

::::::::::: PostAuthenticateRequest Request called at 10/9/2018 4:30:43 PM   :::   16:30:43.1733183

::::::::::: AuthorizeRequest Request called at 10/9/2018 4:30:43 PM   :::   16:30:43.1763182

::::::::::: PostAuthorizeRequest Request called at 10/9/2018 4:30:43 PM   :::   16:30:43.1783201

::::::::::: End Request called at 10/9/2018 4:30:43 PM   :::   16:30:43.1803181

::::::::::: PostResolveRequestCache Request called at 10/9/2018 4:30:43 PM   :::   16:30:43.1823168

::::::::::: AcquireRequestState Request called at 10/9/2018 4:30:43 PM   :::   16:30:43.1843215

::::::::::: PostAuthorizeRequest Request called at 10/9/2018 4:30:43 PM   :::   16:30:43.1923168

::::::::::: ReleaseRequestState Request called at 10/9/2018 4:30:43 PM   :::   16:30:43.1963170

::::::::::: PostResolveRequestCache Request called at 10/9/2018 4:30:43 PM   :::   16:30:43.1973182

::::::::::: EndRequest Request called at 10/9/2018 4:30:43 PM   :::   16:30:43.1993201

::::::::::: PreSendRequestContent Request called at 10/9/2018 4:30:43 PM   :::   16:30:43.2033199

::::::::::: PostReleaseRequestState Request called at 10/9/2018 4:30:43 PM   :::   16:30:43.2053186

::::::::::: UpdateRequestCache Request called at 10/9/2018 4:30:43 PM   :::   16:30:43.2113184

::::::::::: EndRequest Request called at 10/9/2018 4:30:43 PM   :::   16:30:43.2133191

::::::::::: PreSendRequestContent Request called at 10/9/2018 4:30:43 PM   :::   16:30:43.2153182

::::::::::: PreSendRequestHeaders Request called at 10/9/2018 4:30:43 PM   :::   16:30:43.2163190

::::::::::: BeginRequest Request called at 10/9/2018 4:30:43 PM   :::   16:30:43.2213204

::::::::::: AuthenticateRequest Request called at 10/9/2018 4:30:43 PM   :::   16:30:43.2253186

::::::::::: PostAuthenticateRequest Request called at 10/9/2018 4:30:43 PM   :::   16:30:43.2263170

::::::::::: AuthorizeRequest Request called at 10/9/2018 4:30:43 PM   :::   16:30:43.2283165

::::::::::: PostAuthenticateRequest Request called at 10/9/2018 4:30:43 PM   :::   16:30:43.2373197

::::::::::: End Request called at 10/9/2018 4:30:43 PM   :::   16:30:43.2383185

::::::::::: PostResolveRequestCache Request called at 10/9/2018 4:30:43 PM   :::   16:30:43.2473304

::::::::::: AcquireRequestState Request called at 10/9/2018 4:30:43 PM   :::   16:30:43.2543289

::::::::::: PostAcquireRequestState Request called at 10/9/2018 4:30:43 PM   :::   16:30:43.2558291

::::::::::: PreRequestHandlerExecute Request called at 10/9/2018 4:30:43 PM   :::   16:30:43.2593307

::::::::::: PreSendRequestContent Request called at 10/9/2018 4:30:52 PM   :::   16:30:52.5811252

::::::::::: PreSendRequestHeaders Request called at 10/9/2018 4:30:52 PM   :::   16:30:52.5826250

::::::::::: PostRequestHandlerExecute Request called at 10/9/2018 4:30:52 PM   :::   16:30:52.5911359

::::::::::: ReleaseRequestState Request called at 10/9/2018 4:30:52 PM   :::   16:30:52.5961349

::::::::::: PostReleaseRequestState Request called at 10/9/2018 4:30:52 PM   :::   16:30:52.5981336

::::::::::: UpdateRequestCache Request called at 10/9/2018 4:30:52 PM   :::   16:30:52.6001328

::::::::::: EndRequest Request called at 10/9/2018 4:30:52 PM   :::   16:30:52.6011335

::::::::::: PreSendRequestContent Request called at 10/9/2018 4:30:52 PM   :::   16:30:52.6031330

::::::::::: PreSendRequestContent Request called at 10/9/2018 4:30:53 PM   :::   16:30:53.3122560

::::::::::: PreSendRequestHeaders Request called at 10/9/2018 4:30:53 PM   :::   16:30:53.3132571

::::::::::: Error Request called at 10/9/2018 4:30:53 PM   :::   16:30:53.3192565

::::::::::: PreSendRequestContent Request called at 10/9/2018 4:31:03 PM   :::   16:31:03.3701810

::::::::::: PreSendRequestContent Request called at 10/9/2018 4:31:03 PM   :::   16:31:03.3751844

::::::::::: PreSendRequestContent Request called at 10/9/2018 4:31:03 PM   :::   16:31:03.3771827

::::::::::: PreSendRequestContent Request called at 10/9/2018 4:31:03 PM   :::   16:31:03.3861835

::::::::::: EndRequest Request called at 10/9/2018 4:31:03 PM   :::   16:31:03.3911833

::::::::::: PreSendRequestContent Request called at 10/9/2018 4:31:03 PM   :::   16:31:03.3931825

::::::::::: BeginRequest Request called at 10/9/2018 4:31:47 PM   :::   16:31:47.3671176

::::::::::: AuthenticateRequest Request called at 10/9/2018 4:31:47 PM   :::   16:31:47.3696271

::::::::::: PostAuthenticateRequest Request called at 10/9/2018 4:31:47 PM   :::   16:31:47.3726294

::::::::::: AuthorizeRequest Request called at 10/9/2018 4:31:47 PM   :::   16:31:47.3756348

::::::::::: PostAuthorizeRequest Request called at 10/9/2018 4:31:47 PM   :::   16:31:47.3796291

::::::::::: End Request called at 10/9/2018 4:31:47 PM   :::   16:31:47.3816298

::::::::::: PostResolveRequestCache Request called at 10/9/2018 4:31:47 PM   :::   16:31:47.3856297

::::::::::: AcquireRequestState Request called at 10/9/2018 4:31:47 PM   :::   16:31:47.3886260

::::::::::: PostAcquireRequestState Request called at 10/9/2018 4:31:47 PM   :::   16:31:47.3916298

::::::::::: PreRequestHandlerExecute Request called at 10/9/2018 4:31:47 PM   :::   16:31:47.3956297

::::::::::: PostRequestHandlerExecute Request called at 10/9/2018 4:31:49 PM   :::   16:31:49.5303957

::::::::::: ReleaseRequestState Request called at 10/9/2018 4:31:49 PM   :::   16:31:49.5343722

::::::::::: PostReleaseRequestState Request called at 10/9/2018 4:31:49 PM   :::   16:31:49.5393618

::::::::::: UpdateRequestCache Request called at 10/9/2018 4:31:49 PM   :::   16:31:49.5443683

::::::::::: EndRequest Request called at 10/9/2018 4:31:49 PM   :::   16:31:49.5493634

::::::::::: PreSendRequestContent Request called at 10/9/2018 4:31:49 PM   :::   16:31:49.5523980

::::::::::: PreSendRequestHeaders Request called at 10/9/2018 4:31:49 PM   :::   16:31:49.5568862

::::::::::: BeginRequest Request called at 10/9/2018 4:31:50 PM   :::   16:31:50.9895949

::::::::::: AuthenticateRequest Request called at 10/9/2018 4:31:50 PM   :::   16:31:50.9935924

::::::::::: PostAuthenticateRequest Request called at 10/9/2018 4:31:50 PM   :::   16:31:50.9975950

::::::::::: AuthorizeRequest Request called at 10/9/2018 4:31:51 PM   :::   16:31:51.0025972

::::::::::: PostAuthorizeRequest Request called at 10/9/2018 4:31:51 PM   :::   16:31:51.0085949

::::::::::: End Request called at 10/9/2018 4:31:51 PM   :::   16:31:51.0126303

::::::::::: PostResolveRequestCache Request called at 10/9/2018 4:31:51 PM   :::   16:31:51.0175938

::::::::::: AcquireRequestState Request called at 10/9/2018 4:31:51 PM   :::   16:31:51.0215921

::::::::::: PostAcquireRequestState Request called at 10/9/2018 4:31:51 PM   :::   16:31:51.0275942

::::::::::: PreRequestHandlerExecute Request called at 10/9/2018 4:31:51 PM   :::   16:31:51.0315956

::::::::::: PostRequestHandlerExecute Request called at 10/9/2018 4:31:51 PM   :::   16:31:51.3489292

::::::::::: ReleaseRequestState Request called at 10/9/2018 4:31:51 PM   :::   16:31:51.3549333

::::::::::: PostReleaseRequestState Request called at 10/9/2018 4:31:51 PM   :::   16:31:51.3614565

::::::::::: UpdateRequestCache Request called at 10/9/2018 4:31:51 PM   :::   16:31:51.3674567

::::::::::: EndRequest Request called at 10/9/2018 4:31:51 PM   :::   16:31:51.3729788

::::::::::: PreSendRequestContent Request called at 10/9/2018 4:31:51 PM   :::   16:31:51.3789801

::::::::::: PreSendRequestHeaders Request called at 10/9/2018 4:31:51 PM   :::   16:31:51.3839787

::::::::::: BeginRequest Request called at 10/9/2018 4:31:52 PM   :::   16:31:52.3919654

::::::::::: AuthenticateRequest Request called at 10/9/2018 4:31:52 PM   :::   16:31:52.3939657

::::::::::: PostAuthenticateRequest Request called at 10/9/2018 4:31:52 PM   :::   16:31:52.3949653

::::::::::: AuthorizeRequest Request called at 10/9/2018 4:31:52 PM   :::   16:31:52.3959680

::::::::::: PostAuthorizeRequest Request called at 10/9/2018 4:31:52 PM   :::   16:31:52.3979651

::::::::::: End Request called at 10/9/2018 4:31:52 PM   :::   16:31:52.3989651

::::::::::: PostResolveRequestCache Request called at 10/9/2018 4:31:52 PM   :::   16:31:52.4009662

::::::::::: AcquireRequestState Request called at 10/9/2018 4:31:52 PM   :::   16:31:52.4019669

::::::::::: PostAcquireRequestState Request called at 10/9/2018 4:31:52 PM   :::   16:31:52.4039692

::::::::::: PreRequestHandlerExecute Request called at 10/9/2018 4:31:52 PM   :::   16:31:52.4049672

::::::::::: PostRequestHandlerExecute Request called at 10/9/2018 4:31:52 PM   :::   16:31:52.7152955

::::::::::: ReleaseRequestState Request called at 10/9/2018 4:31:52 PM   :::   16:31:52.7182994

::::::::::: PostReleaseRequestState Request called at 10/9/2018 4:31:52 PM   :::   16:31:52.7263066

::::::::::: UpdateRequestCache Request called at 10/9/2018 4:31:52 PM   :::   16:31:52.7322961

::::::::::: EndRequest Request called at 10/9/2018 4:31:52 PM   :::   16:31:52.7362951

::::::::::: PreSendRequestContent Request called at 10/9/2018 4:31:52 PM   :::   16:31:52.7413214

::::::::::: PreSendRequestHeaders Request called at 10/9/2018 4:31:52 PM   :::   16:31:52.7443003

::::::::::: BeginRequest Request called at 10/9/2018 4:31:53 PM   :::   16:31:53.7501169

::::::::::: AuthenticateRequest Request called at 10/9/2018 4:31:53 PM   :::   16:31:53.7561119

::::::::::: PostAuthenticateRequest Request called at 10/9/2018 4:31:53 PM   :::   16:31:53.7601331

::::::::::: AuthorizeRequest Request called at 10/9/2018 4:31:53 PM   :::   16:31:53.7636324

::::::::::: PostAuthorizeRequest Request called at 10/9/2018 4:31:53 PM   :::   16:31:53.7696353

::::::::::: End Request called at 10/9/2018 4:31:53 PM   :::   16:31:53.7761751

::::::::::: PostResolveRequestCache Request called at 10/9/2018 4:31:53 PM   :::   16:31:53.7801710

::::::::::: AcquireRequestState Request called at 10/9/2018 4:31:53 PM   :::   16:31:53.7841763

::::::::::: PostAcquireRequestState Request called at 10/9/2018 4:31:53 PM   :::   16:31:53.7881880

::::::::::: PreRequestHandlerExecute Request called at 10/9/2018 4:31:53 PM   :::   16:31:53.7921926

::::::::::: PostRequestHandlerExecute Request called at 10/9/2018 4:31:54 PM   :::   16:31:54.1101768

::::::::::: ReleaseRequestState Request called at 10/9/2018 4:31:54 PM   :::   16:31:54.1141802

::::::::::: PostReleaseRequestState Request called at 10/9/2018 4:31:54 PM   :::   16:31:54.1181792

::::::::::: UpdateRequestCache Request called at 10/9/2018 4:31:54 PM   :::   16:31:54.1231798

::::::::::: EndRequest Request called at 10/9/2018 4:31:54 PM   :::   16:31:54.1271749

::::::::::: PreSendRequestContent Request called at 10/9/2018 4:31:54 PM   :::   16:31:54.1301752

::::::::::: PreSendRequestHeaders Request called at 10/9/2018 4:31:54 PM   :::   16:31:54.1371903

::::::::::: BeginRequest Request called at 10/9/2018 4:31:55 PM   :::   16:31:55.0843408

::::::::::: AuthenticateRequest Request called at 10/9/2018 4:31:55 PM   :::   16:31:55.0903402

::::::::::: PostAuthenticateRequest Request called at 10/9/2018 4:31:55 PM   :::   16:31:55.0953424

::::::::::: AuthorizeRequest Request called at 10/9/2018 4:31:55 PM   :::   16:31:55.1003422

::::::::::: PostAuthorizeRequest Request called at 10/9/2018 4:31:55 PM   :::   16:31:55.1073407

::::::::::: End Request called at 10/9/2018 4:31:55 PM   :::   16:31:55.1113528

::::::::::: PostResolveRequestCache Request called at 10/9/2018 4:31:55 PM   :::   16:31:55.1183470

::::::::::: AcquireRequestState Request called at 10/9/2018 4:31:55 PM   :::   16:31:55.1263431

::::::::::: PostAcquireRequestState Request called at 10/9/2018 4:31:55 PM   :::   16:31:55.1293402

::::::::::: PreRequestHandlerExecute Request called at 10/9/2018 4:31:55 PM   :::   16:31:55.1353376

::::::::::: PostRequestHandlerExecute Request called at 10/9/2018 4:31:55 PM   :::   16:31:55.4590835

::::::::::: ReleaseRequestState Request called at 10/9/2018 4:31:55 PM   :::   16:31:55.4640833

::::::::::: PostReleaseRequestState Request called at 10/9/2018 4:31:55 PM   :::   16:31:55.4705824

::::::::::: UpdateRequestCache Request called at 10/9/2018 4:31:55 PM   :::   16:31:55.4756099

::::::::::: EndRequest Request called at 10/9/2018 4:31:55 PM   :::   16:31:55.4816065

::::::::::: PreSendRequestContent Request called at 10/9/2018 4:31:55 PM   :::   16:31:55.4876137

::::::::::: PreSendRequestHeaders Request called at 10/9/2018 4:31:55 PM   :::   16:31:55.4916160

::::::::::: BeginRequest Request called at 10/9/2018 4:31:56 PM   :::   16:31:56.8911531

::::::::::: AuthenticateRequest Request called at 10/9/2018 4:31:56 PM   :::   16:31:56.8921677

::::::::::: PostAuthenticateRequest Request called at 10/9/2018 4:31:56 PM   :::   16:31:56.8931677

::::::::::: AuthorizeRequest Request called at 10/9/2018 4:31:56 PM   :::   16:31:56.8941696

::::::::::: PostAuthorizeRequest Request called at 10/9/2018 4:31:56 PM   :::   16:31:56.8961486

::::::::::: End Request called at 10/9/2018 4:31:56 PM   :::   16:31:56.8971537

::::::::::: PostResolveRequestCache Request called at 10/9/2018 4:31:56 PM   :::   16:31:56.8981532

::::::::::: AcquireRequestState Request called at 10/9/2018 4:31:56 PM   :::   16:31:56.8991737

::::::::::: PostAcquireRequestState Request called at 10/9/2018 4:31:56 PM   :::   16:31:56.9001508

::::::::::: PreRequestHandlerExecute Request called at 10/9/2018 4:31:56 PM   :::   16:31:56.9021697

::::::::::: PostRequestHandlerExecute Request called at 10/9/2018 4:31:57 PM   :::   16:31:57.2131269

::::::::::: ReleaseRequestState Request called at 10/9/2018 4:31:57 PM   :::   16:31:57.2171413

::::::::::: PostReleaseRequestState Request called at 10/9/2018 4:31:57 PM   :::   16:31:57.2231249

::::::::::: UpdateRequestCache Request called at 10/9/2018 4:31:57 PM   :::   16:31:57.2291318

::::::::::: EndRequest Request called at 10/9/2018 4:31:57 PM   :::   16:31:57.2351595

::::::::::: PreSendRequestContent Request called at 10/9/2018 4:31:57 PM   :::   16:31:57.2406575

::::::::::: PreSendRequestHeaders Request called at 10/9/2018 4:31:57 PM   :::   16:31:57.2456613

::::::::::: BeginRequest Request called at 10/9/2018 4:33:36 PM   :::   16:33:36.3595991

::::::::::: AuthenticateRequest Request called at 10/9/2018 4:33:36 PM   :::   16:33:36.3615986

::::::::::: PostAuthenticateRequest Request called at 10/9/2018 4:33:36 PM   :::   16:33:36.3625990

::::::::::: AuthorizeRequest Request called at 10/9/2018 4:33:36 PM   :::   16:33:36.3645989

::::::::::: PostAuthorizeRequest Request called at 10/9/2018 4:33:36 PM   :::   16:33:36.3656008

::::::::::: End Request called at 10/9/2018 4:33:36 PM   :::   16:33:36.3676023

::::::::::: PostResolveRequestCache Request called at 10/9/2018 4:33:36 PM   :::   16:33:36.3695983

::::::::::: AcquireRequestState Request called at 10/9/2018 4:33:36 PM   :::   16:33:36.3736009

::::::::::: PostAcquireRequestState Request called at 10/9/2018 4:33:36 PM   :::   16:33:36.3756012

::::::::::: PreRequestHandlerExecute Request called at 10/9/2018 4:33:36 PM   :::   16:33:36.3785999

::::::::::: PostRequestHandlerExecute Request called at 10/9/2018 4:33:36 PM   :::   16:33:36.3816010

::::::::::: ReleaseRequestState Request called at 10/9/2018 4:33:36 PM   :::   16:33:36.3836001

::::::::::: PostAuthorizeRequest Request called at 10/9/2018 4:33:36 PM   :::   16:33:36.3846021

::::::::::: EndRequest Request called at 10/9/2018 4:33:36 PM   :::   16:33:36.3866020

::::::::::: PostAcquireRequestState Request called at 10/9/2018 4:33:36 PM   :::   16:33:36.3915994

::::::::::: PreRequestHandlerExecute Request called at 10/9/2018 4:33:36 PM   :::   16:33:36.3926010

::::::::::: PostRequestHandlerExecute Request called at 10/9/2018 4:33:36 PM   :::   16:33:36.8331254

::::::::::: ReleaseRequestState Request called at 10/9/2018 4:33:36 PM   :::   16:33:36.8361285

::::::::::: PostReleaseRequestState Request called at 10/9/2018 4:33:36 PM   :::   16:33:36.8411243

::::::::::: UpdateRequestCache Request called at 10/9/2018 4:33:36 PM   :::   16:33:36.8441250

::::::::::: EndRequest Request called at 10/9/2018 4:33:36 PM   :::   16:33:36.8471257

::::::::::: PreSendRequestContent Request called at 10/9/2018 4:33:36 PM   :::   16:33:36.8491236

::::::::::: PreSendRequestHeaders Request called at 10/9/2018 4:33:36 PM   :::   16:33:36.8521243

::::::::::: BeginRequest Request called at 10/9/2018 4:33:37 PM   :::   16:33:37.9950337

::::::::::: AuthenticateRequest Request called at 10/9/2018 4:33:37 PM   :::   16:33:37.9970340

::::::::::: PostAuthenticateRequest Request called at 10/9/2018 4:33:37 PM   :::   16:33:37.9990335

::::::::::: AuthorizeRequest Request called at 10/9/2018 4:33:38 PM   :::   16:33:38.0010343

::::::::::: PostAuthorizeRequest Request called at 10/9/2018 4:33:38 PM   :::   16:33:38.0060376

::::::::::: End Request called at 10/9/2018 4:33:38 PM   :::   16:33:38.0100355

::::::::::: PostResolveRequestCache Request called at 10/9/2018 4:33:38 PM   :::   16:33:38.0120334

::::::::::: AcquireRequestState Request called at 10/9/2018 4:33:38 PM   :::   16:33:38.0190426

::::::::::: PostAcquireRequestState Request called at 10/9/2018 4:33:38 PM   :::   16:33:38.0220441

::::::::::: PreRequestHandlerExecute Request called at 10/9/2018 4:33:38 PM   :::   16:33:38.0240412

::::::::::: PreSendRequestContent Request called at 10/9/2018 4:33:40 PM   :::   16:33:40.0343290

::::::::::: PreSendRequestHeaders Request called at 10/9/2018 4:33:40 PM   :::   16:33:40.0373297

::::::::::: PostRequestHandlerExecute Request called at 10/9/2018 4:33:40 PM   :::   16:33:40.0413276

::::::::::: ReleaseRequestState Request called at 10/9/2018 4:33:40 PM   :::   16:33:40.0463408

::::::::::: PostReleaseRequestState Request called at 10/9/2018 4:33:40 PM   :::   16:33:40.0488405

::::::::::: UpdateRequestCache Request called at 10/9/2018 4:33:40 PM   :::   16:33:40.0743519

::::::::::: EndRequest Request called at 10/9/2018 4:33:40 PM   :::   16:33:40.0853507

::::::::::: PreSendRequestContent Request called at 10/9/2018 4:33:40 PM   :::   16:33:40.0913524

::::::::::: BeginRequest Request called at 10/9/2018 4:33:49 PM   :::   16:33:49.3241710

::::::::::: AuthenticateRequest Request called at 10/9/2018 4:33:49 PM   :::   16:33:49.3256703

::::::::::: PostAuthenticateRequest Request called at 10/9/2018 4:33:49 PM   :::   16:33:49.3286722

::::::::::: AuthorizeRequest Request called at 10/9/2018 4:33:49 PM   :::   16:33:49.3301715

::::::::::: PostAuthorizeRequest Request called at 10/9/2018 4:33:49 PM   :::   16:33:49.3316721

::::::::::: End Request called at 10/9/2018 4:33:49 PM   :::   16:33:49.3331746

::::::::::: PostResolveRequestCache Request called at 10/9/2018 4:33:49 PM   :::   16:33:49.3351725

::::::::::: AcquireRequestState Request called at 10/9/2018 4:33:49 PM   :::   16:33:49.3366746

::::::::::: PostAcquireRequestState Request called at 10/9/2018 4:33:49 PM   :::   16:33:49.3386714

::::::::::: PreRequestHandlerExecute Request called at 10/9/2018 4:33:49 PM   :::   16:33:49.3431738

::::::::::: PostRequestHandlerExecute Request called at 10/9/2018 4:33:49 PM   :::   16:33:49.3471744

::::::::::: ReleaseRequestState Request called at 10/9/2018 4:33:49 PM   :::   16:33:49.3486726

::::::::::: PostReleaseRequestState Request called at 10/9/2018 4:33:49 PM   :::   16:33:49.3506725

::::::::::: UpdateRequestCache Request called at 10/9/2018 4:33:49 PM   :::   16:33:49.3521730

::::::::::: EndRequest Request called at 10/9/2018 4:33:49 PM   :::   16:33:49.3536720

::::::::::: PreSendRequestContent Request called at 10/9/2018 4:33:49 PM   :::   16:33:49.3551721

::::::::::: PreSendRequestHeaders Request called at 10/9/2018 4:33:49 PM   :::   16:33:49.3566727

::::::::::: BeginRequest Request called at 10/9/2018 4:33:49 PM   :::   16:33:49.5901841

::::::::::: AuthenticateRequest Request called at 10/9/2018 4:33:49 PM   :::   16:33:49.5921824

::::::::::: PostAuthenticateRequest Request called at 10/9/2018 4:33:49 PM   :::   16:33:49.5951843

::::::::::: AuthorizeRequest Request called at 10/9/2018 4:33:49 PM   :::   16:33:49.5966864

::::::::::: PostAuthorizeRequest Request called at 10/9/2018 4:33:49 PM   :::   16:33:49.5986824

::::::::::: End Request called at 10/9/2018 4:33:49 PM   :::   16:33:49.6006835

::::::::::: PostResolveRequestCache Request called at 10/9/2018 4:33:49 PM   :::   16:33:49.6021836

::::::::::: AcquireRequestState Request called at 10/9/2018 4:33:49 PM   :::   16:33:49.6041859

::::::::::: PostAcquireRequestState Request called at 10/9/2018 4:33:49 PM   :::   16:33:49.6056825

::::::::::: PreRequestHandlerExecute Request called at 10/9/2018 4:33:49 PM   :::   16:33:49.6076840

::::::::::: BeginRequest Request called at 10/9/2018 4:33:52 PM   :::   16:33:52.4219918

::::::::::: AuthenticateRequest Request called at 10/9/2018 4:33:52 PM   :::   16:33:52.4279884

::::::::::: PostAuthenticateRequest Request called at 10/9/2018 4:33:52 PM   :::   16:33:52.4299903

::::::::::: AuthorizeRequest Request called at 10/9/2018 4:33:52 PM   :::   16:33:52.4319910

::::::::::: PostAuthorizeRequest Request called at 10/9/2018 4:33:52 PM   :::   16:33:52.4345093

::::::::::: End Request called at 10/9/2018 4:33:52 PM   :::   16:33:52.4360063

::::::::::: PostResolveRequestCache Request called at 10/9/2018 4:33:52 PM   :::   16:33:52.4380066

::::::::::: AcquireRequestState Request called at 10/9/2018 4:33:52 PM   :::   16:33:52.4430079

::::::::::: PostAcquireRequestState Request called at 10/9/2018 4:33:52 PM   :::   16:33:52.4455080

::::::::::: PreRequestHandlerExecute Request called at 10/9/2018 4:33:52 PM   :::   16:33:52.4485162

::::::::::: PostRequestHandlerExecute Request called at 10/9/2018 4:33:52 PM   :::   16:33:52.4510203

::::::::::: ReleaseRequestState Request called at 10/9/2018 4:33:52 PM   :::   16:33:52.4530222

::::::::::: PostReleaseRequestState Request called at 10/9/2018 4:33:52 PM   :::   16:33:52.4550205

::::::::::: UpdateRequestCache Request called at 10/9/2018 4:33:52 PM   :::   16:33:52.4580271

::::::::::: EndRequest Request called at 10/9/2018 4:33:52 PM   :::   16:33:52.4620234

::::::::::: PreSendRequestContent Request called at 10/9/2018 4:33:52 PM   :::   16:33:52.4650217

::::::::::: PreSendRequestHeaders Request called at 10/9/2018 4:33:52 PM   :::   16:33:52.4670204

::::::::::: BeginRequest Request called at 10/9/2018 4:33:54 PM   :::   16:33:54.9618597

::::::::::: AuthenticateRequest Request called at 10/9/2018 4:33:54 PM   :::   16:33:54.9638593

::::::::::: PostAuthenticateRequest Request called at 10/9/2018 4:33:54 PM   :::   16:33:54.9663665

::::::::::: AuthorizeRequest Request called at 10/9/2018 4:33:54 PM   :::   16:33:54.9688689

::::::::::: PostAuthorizeRequest Request called at 10/9/2018 4:33:54 PM   :::   16:33:54.9743689

::::::::::: End Request called at 10/9/2018 4:33:54 PM   :::   16:33:54.9763755

::::::::::: PostResolveRequestCache Request called at 10/9/2018 4:33:54 PM   :::   16:33:54.9788674

::::::::::: AcquireRequestState Request called at 10/9/2018 4:33:54 PM   :::   16:33:54.9803667

::::::::::: PostAcquireRequestState Request called at 10/9/2018 4:33:54 PM   :::   16:33:54.9818779

::::::::::: PreRequestHandlerExecute Request called at 10/9/2018 4:33:54 PM   :::   16:33:54.9858785

::::::::::: PreSendRequestContent Request called at 10/9/2018 4:33:56 PM   :::   16:33:56.9956389

::::::::::: PreSendRequestHeaders Request called at 10/9/2018 4:33:56 PM   :::   16:33:56.9986407

::::::::::: PostRequestHandlerExecute Request called at 10/9/2018 4:33:57 PM   :::   16:33:57.0046512

::::::::::: ReleaseRequestState Request called at 10/9/2018 4:33:57 PM   :::   16:33:57.0056511

::::::::::: PostReleaseRequestState Request called at 10/9/2018 4:33:57 PM   :::   16:33:57.0066479

::::::::::: UpdateRequestCache Request called at 10/9/2018 4:33:57 PM   :::   16:33:57.0076479

::::::::::: EndRequest Request called at 10/9/2018 4:33:57 PM   :::   16:33:57.0096482

::::::::::: PreSendRequestContent Request called at 10/9/2018 4:33:57 PM   :::   16:33:57.0106490

::::::::::: BeginRequest Request called at 10/9/2018 4:33:57 PM   :::   16:33:57.0416485

::::::::::: AuthenticateRequest Request called at 10/9/2018 4:33:57 PM   :::   16:33:57.0426504

::::::::::: PostAuthenticateRequest Request called at 10/9/2018 4:33:57 PM   :::   16:33:57.0436500

::::::::::: AuthorizeRequest Request called at 10/9/2018 4:33:57 PM   :::   16:33:57.0456503

::::::::::: PostAuthorizeRequest Request called at 10/9/2018 4:33:57 PM   :::   16:33:57.0476538

::::::::::: End Request called at 10/9/2018 4:33:57 PM   :::   16:33:57.0486553

::::::::::: PostResolveRequestCache Request called at 10/9/2018 4:33:57 PM   :::   16:33:57.0506517

::::::::::: AcquireRequestState Request called at 10/9/2018 4:33:57 PM   :::   16:33:57.0536516

::::::::::: PostAcquireRequestState Request called at 10/9/2018 4:33:57 PM   :::   16:33:57.0556531

::::::::::: PreRequestHandlerExecute Request called at 10/9/2018 4:33:57 PM   :::   16:33:57.0576577

::::::::::: PostRequestHandlerExecute Request called at 10/9/2018 4:33:57 PM   :::   16:33:57.0606533

::::::::::: ReleaseRequestState Request called at 10/9/2018 4:33:57 PM   :::   16:33:57.0656815

::::::::::: PostReleaseRequestState Request called at 10/9/2018 4:33:57 PM   :::   16:33:57.0676526

::::::::::: UpdateRequestCache Request called at 10/9/2018 4:33:57 PM   :::   16:33:57.0696521

::::::::::: EndRequest Request called at 10/9/2018 4:33:57 PM   :::   16:33:57.0716532

::::::::::: PreSendRequestContent Request called at 10/9/2018 4:33:57 PM   :::   16:33:57.0746614

::::::::::: PreSendRequestHeaders Request called at 10/9/2018 4:33:57 PM   :::   16:33:57.0796584

::::::::::: BeginRequest Request called at 10/9/2018 4:33:57 PM   :::   16:33:57.0961655

::::::::::: AuthenticateRequest Request called at 10/9/2018 4:33:57 PM   :::   16:33:57.0981646

::::::::::: PostAuthenticateRequest Request called at 10/9/2018 4:33:57 PM   :::   16:33:57.0996647

::::::::::: AuthorizeRequest Request called at 10/9/2018 4:33:57 PM   :::   16:33:57.1036768

::::::::::: PostAuthorizeRequest Request called at 10/9/2018 4:33:57 PM   :::   16:33:57.1056764

::::::::::: End Request called at 10/9/2018 4:33:57 PM   :::   16:33:57.1076763

::::::::::: PostResolveRequestCache Request called at 10/9/2018 4:33:57 PM   :::   16:33:57.1096746

::::::::::: AcquireRequestState Request called at 10/9/2018 4:33:57 PM   :::   16:33:57.1106773

::::::::::: PostAcquireRequestState Request called at 10/9/2018 4:33:57 PM   :::   16:33:57.1126749

::::::::::: PreRequestHandlerExecute Request called at 10/9/2018 4:33:57 PM   :::   16:33:57.1136784

::::::::::: PreSendRequestContent Request called at 10/9/2018 4:34:01 PM   :::   16:34:01.3168101

::::::::::: PreSendRequestHeaders Request called at 10/9/2018 4:34:01 PM   :::   16:34:01.3188080

::::::::::: PostRequestHandlerExecute Request called at 10/9/2018 4:34:01 PM   :::   16:34:01.3378096

::::::::::: ReleaseRequestState Request called at 10/9/2018 4:34:01 PM   :::   16:34:01.3418091

::::::::::: PostReleaseRequestState Request called at 10/9/2018 4:34:01 PM   :::   16:34:01.3438086

::::::::::: UpdateRequestCache Request called at 10/9/2018 4:34:01 PM   :::   16:34:01.3458282

::::::::::: EndRequest Request called at 10/9/2018 4:34:01 PM   :::   16:34:01.3498095

::::::::::: PreSendRequestContent Request called at 10/9/2018 4:34:01 PM   :::   16:34:01.3528094

::::::::::: PreSendRequestContent Request called at 10/9/2018 4:34:08 PM   :::   16:34:08.4926518

::::::::::: PreSendRequestHeaders Request called at 10/9/2018 4:34:08 PM   :::   16:34:08.4956616

::::::::::: Error Request called at 10/9/2018 4:34:08 PM   :::   16:34:08.5016629

::::::::::: PreSendRequestContent Request called at 10/9/2018 4:34:18 PM   :::   16:34:18.5368735

::::::::::: PreSendRequestContent Request called at 10/9/2018 4:34:18 PM   :::   16:34:18.5418729

::::::::::: PreSendRequestContent Request called at 10/9/2018 4:34:18 PM   :::   16:34:18.5468727

::::::::::: PreSendRequestContent Request called at 10/9/2018 4:34:18 PM   :::   16:34:18.5608706

::::::::::: EndRequest Request called at 10/9/2018 4:34:18 PM   :::   16:34:18.5668704

::::::::::: PreSendRequestContent Request called at 10/9/2018 4:34:18 PM   :::   16:34:18.5728678

::::::::::: BeginRequest Request called at 10/9/2018 4:35:40 PM   :::   16:35:40.3490094

::::::::::: AuthenticateRequest Request called at 10/9/2018 4:35:40 PM   :::   16:35:40.3510105

::::::::::: PostAuthenticateRequest Request called at 10/9/2018 4:35:40 PM   :::   16:35:40.3520148

::::::::::: AuthorizeRequest Request called at 10/9/2018 4:35:40 PM   :::   16:35:40.3540132

::::::::::: PostAuthorizeRequest Request called at 10/9/2018 4:35:40 PM   :::   16:35:40.3550100

::::::::::: End Request called at 10/9/2018 4:35:40 PM   :::   16:35:40.3570114

::::::::::: PostResolveRequestCache Request called at 10/9/2018 4:35:40 PM   :::   16:35:40.3590090

::::::::::: AcquireRequestState Request called at 10/9/2018 4:35:40 PM   :::   16:35:40.3600097

::::::::::: PostAcquireRequestState Request called at 10/9/2018 4:35:40 PM   :::   16:35:40.3620128

::::::::::: PreRequestHandlerExecute Request called at 10/9/2018 4:35:40 PM   :::   16:35:40.3640107

::::::::::: PostRequestHandlerExecute Request called at 10/9/2018 4:35:40 PM   :::   16:35:40.3660122

::::::::::: ReleaseRequestState Request called at 10/9/2018 4:35:40 PM   :::   16:35:40.3680283

::::::::::: PostReleaseRequestState Request called at 10/9/2018 4:35:40 PM   :::   16:35:40.3700140

::::::::::: UpdateRequestCache Request called at 10/9/2018 4:35:40 PM   :::   16:35:40.3720131

::::::::::: EndRequest Request called at 10/9/2018 4:35:40 PM   :::   16:35:40.3740114

::::::::::: PreSendRequestContent Request called at 10/9/2018 4:35:40 PM   :::   16:35:40.3770133

::::::::::: PreSendRequestHeaders Request called at 10/9/2018 4:35:40 PM   :::   16:35:40.3790132

::::::::::: BeginRequest Request called at 10/9/2018 4:35:40 PM   :::   16:35:40.5090530

::::::::::: AuthenticateRequest Request called at 10/9/2018 4:35:40 PM   :::   16:35:40.5130935

::::::::::: PostAuthenticateRequest Request called at 10/9/2018 4:35:40 PM   :::   16:35:40.5170771

::::::::::: AuthorizeRequest Request called at 10/9/2018 4:35:40 PM   :::   16:35:40.5190648

::::::::::: PostAuthorizeRequest Request called at 10/9/2018 4:35:40 PM   :::   16:35:40.5260644

::::::::::: End Request called at 10/9/2018 4:35:40 PM   :::   16:35:40.5270648

::::::::::: PostResolveRequestCache Request called at 10/9/2018 4:35:40 PM   :::   16:35:40.5290671

::::::::::: AcquireRequestState Request called at 10/9/2018 4:35:40 PM   :::   16:35:40.5310634

::::::::::: PostAcquireRequestState Request called at 10/9/2018 4:35:40 PM   :::   16:35:40.5340645

::::::::::: PreRequestHandlerExecute Request called at 10/9/2018 4:35:40 PM   :::   16:35:40.5350648

::::::::::: BeginRequest Request called at 10/9/2018 4:35:44 PM   :::   16:35:44.3934428

::::::::::: AuthenticateRequest Request called at 10/9/2018 4:35:44 PM   :::   16:35:44.3954420

::::::::::: PostAuthenticateRequest Request called at 10/9/2018 4:35:44 PM   :::   16:35:44.3984422

::::::::::: AuthorizeRequest Request called at 10/9/2018 4:35:44 PM   :::   16:35:44.4094421

::::::::::: PostAuthorizeRequest Request called at 10/9/2018 4:35:44 PM   :::   16:35:44.4114448

::::::::::: End Request called at 10/9/2018 4:35:44 PM   :::   16:35:44.4134427

::::::::::: PostResolveRequestCache Request called at 10/9/2018 4:35:44 PM   :::   16:35:44.4209556

::::::::::: AcquireRequestState Request called at 10/9/2018 4:35:44 PM   :::   16:35:44.4234529

::::::::::: PostAcquireRequestState Request called at 10/9/2018 4:35:44 PM   :::   16:35:44.4254528

::::::::::: PreRequestHandlerExecute Request called at 10/9/2018 4:35:44 PM   :::   16:35:44.4274535

::::::::::: PostRequestHandlerExecute Request called at 10/9/2018 4:35:44 PM   :::   16:35:44.4309571

::::::::::: ReleaseRequestState Request called at 10/9/2018 4:35:44 PM   :::   16:35:44.4334686

::::::::::: PostReleaseRequestState Request called at 10/9/2018 4:35:44 PM   :::   16:35:44.4374684

::::::::::: UpdateRequestCache Request called at 10/9/2018 4:35:44 PM   :::   16:35:44.4404699

::::::::::: EndRequest Request called at 10/9/2018 4:35:44 PM   :::   16:35:44.4444709

::::::::::: PreSendRequestContent Request called at 10/9/2018 4:35:44 PM   :::   16:35:44.4474692

::::::::::: PreSendRequestHeaders Request called at 10/9/2018 4:35:44 PM   :::   16:35:44.4504690

::::::::::: BeginRequest Request called at 10/9/2018 4:35:46 PM   :::   16:35:46.8709632

::::::::::: AuthenticateRequest Request called at 10/9/2018 4:35:46 PM   :::   16:35:46.8729627

::::::::::: PostAuthenticateRequest Request called at 10/9/2018 4:35:46 PM   :::   16:35:46.8749634

::::::::::: AuthorizeRequest Request called at 10/9/2018 4:35:46 PM   :::   16:35:46.8789621

::::::::::: PostAuthorizeRequest Request called at 10/9/2018 4:35:46 PM   :::   16:35:46.8809888

::::::::::: End Request called at 10/9/2018 4:35:46 PM   :::   16:35:46.8859696

::::::::::: PostResolveRequestCache Request called at 10/9/2018 4:35:46 PM   :::   16:35:46.8889624

::::::::::: AcquireRequestState Request called at 10/9/2018 4:35:46 PM   :::   16:35:46.8909639

::::::::::: PostAcquireRequestState Request called at 10/9/2018 4:35:46 PM   :::   16:35:46.8949680

::::::::::: PreRequestHandlerExecute Request called at 10/9/2018 4:35:46 PM   :::   16:35:46.8969656

::::::::::: PreSendRequestContent Request called at 10/9/2018 4:35:48 PM   :::   16:35:48.9117328

::::::::::: PreSendRequestHeaders Request called at 10/9/2018 4:35:48 PM   :::   16:35:48.9157334

::::::::::: PostRequestHandlerExecute Request called at 10/9/2018 4:35:48 PM   :::   16:35:48.9187324

::::::::::: ReleaseRequestState Request called at 10/9/2018 4:35:48 PM   :::   16:35:48.9217319

::::::::::: PostReleaseRequestState Request called at 10/9/2018 4:35:48 PM   :::   16:35:48.9237334

::::::::::: UpdateRequestCache Request called at 10/9/2018 4:35:48 PM   :::   16:35:48.9257329

::::::::::: EndRequest Request called at 10/9/2018 4:35:48 PM   :::   16:35:48.9277332

::::::::::: PreSendRequestContent Request called at 10/9/2018 4:35:48 PM   :::   16:35:48.9317342

::::::::::: BeginRequest Request called at 10/9/2018 4:35:49 PM   :::   16:35:49.1658031

::::::::::: AuthenticateRequest Request called at 10/9/2018 4:35:49 PM   :::   16:35:49.1688046

::::::::::: PostAuthenticateRequest Request called at 10/9/2018 4:35:49 PM   :::   16:35:49.1708037

::::::::::: AuthorizeRequest Request called at 10/9/2018 4:35:49 PM   :::   16:35:49.1738036

::::::::::: PostAuthorizeRequest Request called at 10/9/2018 4:35:49 PM   :::   16:35:49.1778042

::::::::::: End Request called at 10/9/2018 4:35:49 PM   :::   16:35:49.1808048

::::::::::: PostResolveRequestCache Request called at 10/9/2018 4:35:49 PM   :::   16:35:49.1838023

::::::::::: AcquireRequestState Request called at 10/9/2018 4:35:49 PM   :::   16:35:49.1868041

::::::::::: PostAcquireRequestState Request called at 10/9/2018 4:35:49 PM   :::   16:35:49.1893149

::::::::::: PreRequestHandlerExecute Request called at 10/9/2018 4:35:49 PM   :::   16:35:49.1923155

::::::::::: PreSendRequestContent Request called at 10/9/2018 4:35:52 PM   :::   16:35:52.5390066

::::::::::: PreSendRequestHeaders Request called at 10/9/2018 4:35:52 PM   :::   16:35:52.5400263

::::::::::: PostRequestHandlerExecute Request called at 10/9/2018 4:35:52 PM   :::   16:35:52.5510108

::::::::::: ReleaseRequestState Request called at 10/9/2018 4:35:52 PM   :::   16:35:52.5550094

::::::::::: PostReleaseRequestState Request called at 10/9/2018 4:35:52 PM   :::   16:35:52.5580089

::::::::::: UpdateRequestCache Request called at 10/9/2018 4:35:52 PM   :::   16:35:52.5630221

::::::::::: EndRequest Request called at 10/9/2018 4:35:52 PM   :::   16:35:52.5665221

::::::::::: PreSendRequestContent Request called at 10/9/2018 4:35:52 PM   :::   16:35:52.5685212

::::::::::: PreSendRequestContent Request called at 10/9/2018 4:35:59 PM   :::   16:35:59.2588936

::::::::::: PreSendRequestHeaders Request called at 10/9/2018 4:35:59 PM   :::   16:35:59.2598947

::::::::::: Error Request called at 10/9/2018 4:35:59 PM   :::   16:35:59.2659059

::::::::::: PreSendRequestContent Request called at 10/9/2018 4:36:09 PM   :::   16:36:09.3096078

::::::::::: PreSendRequestContent Request called at 10/9/2018 4:36:09 PM   :::   16:36:09.3236091

::::::::::: PreSendRequestContent Request called at 10/9/2018 4:36:09 PM   :::   16:36:09.3626061

::::::::::: PreSendRequestContent Request called at 10/9/2018 4:36:09 PM   :::   16:36:09.3746056

::::::::::: EndRequest Request called at 10/9/2018 4:36:09 PM   :::   16:36:09.4076384

::::::::::: PreSendRequestContent Request called at 10/9/2018 4:36:09 PM   :::   16:36:09.4266367

::::::::::: BeginRequest Request called at 10/9/2018 4:38:23 PM   :::   16:38:23.2887031

::::::::::: AuthenticateRequest Request called at 10/9/2018 4:38:23 PM   :::   16:38:23.2917026

::::::::::: PostAuthenticateRequest Request called at 10/9/2018 4:38:23 PM   :::   16:38:23.2937041

::::::::::: AuthorizeRequest Request called at 10/9/2018 4:38:23 PM   :::   16:38:23.2957024

::::::::::: PostAuthorizeRequest Request called at 10/9/2018 4:38:23 PM   :::   16:38:23.2972029

::::::::::: End Request called at 10/9/2018 4:38:23 PM   :::   16:38:23.2992028

::::::::::: PostResolveRequestCache Request called at 10/9/2018 4:38:23 PM   :::   16:38:23.3032153

::::::::::: AcquireRequestState Request called at 10/9/2018 4:38:23 PM   :::   16:38:23.3052148

::::::::::: PostAcquireRequestState Request called at 10/9/2018 4:38:23 PM   :::   16:38:23.3072143

::::::::::: PreRequestHandlerExecute Request called at 10/9/2018 4:38:23 PM   :::   16:38:23.3082131

::::::::::: PreSendRequestContent Request called at 10/9/2018 4:38:29 PM   :::   16:38:29.0058705

::::::::::: PreSendRequestHeaders Request called at 10/9/2018 4:38:29 PM   :::   16:38:29.0068729

::::::::::: Error Request called at 10/9/2018 4:38:29 PM   :::   16:38:29.0138745

::::::::::: PreSendRequestContent Request called at 10/9/2018 4:38:39 PM   :::   16:38:39.0373089

::::::::::: PreSendRequestContent Request called at 10/9/2018 4:38:39 PM   :::   16:38:39.0403087

::::::::::: PreSendRequestContent Request called at 10/9/2018 4:38:39 PM   :::   16:38:39.0443109

::::::::::: PreSendRequestContent Request called at 10/9/2018 4:38:39 PM   :::   16:38:39.0493111

::::::::::: EndRequest Request called at 10/9/2018 4:38:39 PM   :::   16:38:39.0563127

::::::::::: PreSendRequestContent Request called at 10/9/2018 4:38:39 PM   :::   16:38:39.0613105

::::::::::: BeginRequest Request called at 10/9/2018 8:34:03 PM   :::   20:34:03.1507811

::::::::::: AuthenticateRequest Request called at 10/9/2018 8:34:03 PM   :::   20:34:03.1577829

::::::::::: PostAuthenticateRequest Request called at 10/9/2018 8:34:03 PM   :::   20:34:03.1627825

::::::::::: AuthorizeRequest Request called at 10/9/2018 8:34:03 PM   :::   20:34:03.1657823

::::::::::: PostAuthorizeRequest Request called at 10/9/2018 8:34:03 PM   :::   20:34:03.1682934

::::::::::: End Request called at 10/9/2018 8:34:03 PM   :::   20:34:03.1702944

::::::::::: PostResolveRequestCache Request called at 10/9/2018 8:34:03 PM   :::   20:34:03.3268253

::::::::::: AcquireRequestState Request called at 10/9/2018 8:34:03 PM   :::   20:34:03.3753257

::::::::::: PostAcquireRequestState Request called at 10/9/2018 8:34:03 PM   :::   20:34:03.3788244

::::::::::: PreRequestHandlerExecute Request called at 10/9/2018 8:34:03 PM   :::   20:34:03.3808246

::::::::::: BeginRequest Request called at 10/9/2018 8:34:06 PM   :::   20:34:06.6059135

::::::::::: AuthenticateRequest Request called at 10/9/2018 8:34:06 PM   :::   20:34:06.6079146

::::::::::: PostAuthenticateRequest Request called at 10/9/2018 8:34:06 PM   :::   20:34:06.6099148

::::::::::: AuthorizeRequest Request called at 10/9/2018 8:34:06 PM   :::   20:34:06.6119135

::::::::::: PostAuthorizeRequest Request called at 10/9/2018 8:34:06 PM   :::   20:34:06.6134151

::::::::::: End Request called at 10/9/2018 8:34:06 PM   :::   20:34:06.6154165

::::::::::: PostResolveRequestCache Request called at 10/9/2018 8:34:06 PM   :::   20:34:06.6204142

::::::::::: AcquireRequestState Request called at 10/9/2018 8:34:06 PM   :::   20:34:06.6224152

::::::::::: PostAcquireRequestState Request called at 10/9/2018 8:34:06 PM   :::   20:34:06.6239153

::::::::::: PreRequestHandlerExecute Request called at 10/9/2018 8:34:06 PM   :::   20:34:06.6254142

::::::::::: PostRequestHandlerExecute Request called at 10/9/2018 8:34:06 PM   :::   20:34:06.7344159

::::::::::: ReleaseRequestState Request called at 10/9/2018 8:34:06 PM   :::   20:34:06.7359144

::::::::::: PostReleaseRequestState Request called at 10/9/2018 8:34:06 PM   :::   20:34:06.7389157

::::::::::: UpdateRequestCache Request called at 10/9/2018 8:34:06 PM   :::   20:34:06.7409171

::::::::::: EndRequest Request called at 10/9/2018 8:34:06 PM   :::   20:34:06.7444147

::::::::::: PreSendRequestContent Request called at 10/9/2018 8:34:06 PM   :::   20:34:06.7524153

::::::::::: PreSendRequestHeaders Request called at 10/9/2018 8:34:06 PM   :::   20:34:06.7564149

::::::::::: PostRequestHandlerExecute Request called at 10/9/2018 8:34:06 PM   :::   20:34:06.7889177

::::::::::: ReleaseRequestState Request called at 10/9/2018 8:34:06 PM   :::   20:34:06.7909156

::::::::::: PostReleaseRequestState Request called at 10/9/2018 8:34:06 PM   :::   20:34:06.7929174

::::::::::: UpdateRequestCache Request called at 10/9/2018 8:34:06 PM   :::   20:34:06.8399398

::::::::::: EndRequest Request called at 10/9/2018 8:34:06 PM   :::   20:34:06.8409409

::::::::::: PreSendRequestContent Request called at 10/9/2018 8:34:06 PM   :::   20:34:06.8429419

::::::::::: PreSendRequestHeaders Request called at 10/9/2018 8:34:06 PM   :::   20:34:06.8439430

::::::::::: BeginRequest Request called at 10/9/2018 8:34:06 PM   :::   20:34:06.9289647

::::::::::: AuthenticateRequest Request called at 10/9/2018 8:34:06 PM   :::   20:34:06.9309634

::::::::::: PostAuthenticateRequest Request called at 10/9/2018 8:34:06 PM   :::   20:34:06.9329644

::::::::::: AuthorizeRequest Request called at 10/9/2018 8:34:06 PM   :::   20:34:06.9349655

::::::::::: PostAuthorizeRequest Request called at 10/9/2018 8:34:06 PM   :::   20:34:06.9369653

::::::::::: End Request called at 10/9/2018 8:34:06 PM   :::   20:34:06.9389663

::::::::::: PostResolveRequestCache Request called at 10/9/2018 8:34:06 PM   :::   20:34:06.9419645

::::::::::: AcquireRequestState Request called at 10/9/2018 8:34:06 PM   :::   20:34:06.9439651

::::::::::: PostAcquireRequestState Request called at 10/9/2018 8:34:06 PM   :::   20:34:06.9459666

::::::::::: PreRequestHandlerExecute Request called at 10/9/2018 8:34:06 PM   :::   20:34:06.9479648

::::::::::: BeginRequest Request called at 10/9/2018 8:34:07 PM   :::   20:34:07.3570413

::::::::::: AuthenticateRequest Request called at 10/9/2018 8:34:07 PM   :::   20:34:07.3590379

::::::::::: PostAuthenticateRequest Request called at 10/9/2018 8:34:07 PM   :::   20:34:07.3610390

::::::::::: AuthorizeRequest Request called at 10/9/2018 8:34:07 PM   :::   20:34:07.3620401

::::::::::: PostAuthorizeRequest Request called at 10/9/2018 8:34:07 PM   :::   20:34:07.3640391

::::::::::: End Request called at 10/9/2018 8:34:07 PM   :::   20:34:07.3660402

::::::::::: PostResolveRequestCache Request called at 10/9/2018 8:34:07 PM   :::   20:34:07.3690407

::::::::::: AcquireRequestState Request called at 10/9/2018 8:34:07 PM   :::   20:34:07.3710394

::::::::::: PostAcquireRequestState Request called at 10/9/2018 8:34:07 PM   :::   20:34:07.3730392

::::::::::: PreRequestHandlerExecute Request called at 10/9/2018 8:34:07 PM   :::   20:34:07.3740387

::::::::::: PostRequestHandlerExecute Request called at 10/9/2018 8:34:07 PM   :::   20:34:07.3990510

::::::::::: ReleaseRequestState Request called at 10/9/2018 8:34:07 PM   :::   20:34:07.4015494

::::::::::: PostReleaseRequestState Request called at 10/9/2018 8:34:07 PM   :::   20:34:07.4035512

::::::::::: UpdateRequestCache Request called at 10/9/2018 8:34:07 PM   :::   20:34:07.4060544

::::::::::: EndRequest Request called at 10/9/2018 8:34:07 PM   :::   20:34:07.4075482

::::::::::: PreSendRequestContent Request called at 10/9/2018 8:34:07 PM   :::   20:34:07.4100489

::::::::::: PreSendRequestHeaders Request called at 10/9/2018 8:34:07 PM   :::   20:34:07.4115494

::::::::::: PostRequestHandlerExecute Request called at 10/9/2018 8:34:43 PM   :::   20:34:43.0575725

::::::::::: ReleaseRequestState Request called at 10/9/2018 8:34:43 PM   :::   20:34:43.0595739

::::::::::: PostReleaseRequestState Request called at 10/9/2018 8:34:43 PM   :::   20:34:43.0605726

::::::::::: UpdateRequestCache Request called at 10/9/2018 8:34:43 PM   :::   20:34:43.0625741

::::::::::: EndRequest Request called at 10/9/2018 8:34:43 PM   :::   20:34:43.0635712

::::::::::: PreSendRequestContent Request called at 10/9/2018 8:34:43 PM   :::   20:34:43.0645767

::::::::::: PreSendRequestHeaders Request called at 10/9/2018 8:34:43 PM   :::   20:34:43.0665730

::::::::::: BeginRequest Request called at 10/9/2018 8:34:45 PM   :::   20:34:45.9323151

::::::::::: AuthenticateRequest Request called at 10/9/2018 8:34:45 PM   :::   20:34:45.9403152

::::::::::: PostAuthenticateRequest Request called at 10/9/2018 8:34:45 PM   :::   20:34:45.9423159

::::::::::: AuthorizeRequest Request called at 10/9/2018 8:34:45 PM   :::   20:34:45.9433146

::::::::::: PostAuthorizeRequest Request called at 10/9/2018 8:34:45 PM   :::   20:34:45.9453184

::::::::::: End Request called at 10/9/2018 8:34:45 PM   :::   20:34:45.9473155

::::::::::: PostResolveRequestCache Request called at 10/9/2018 8:34:45 PM   :::   20:34:45.9603211

::::::::::: AcquireRequestState Request called at 10/9/2018 8:34:45 PM   :::   20:34:45.9633146

::::::::::: PostAcquireRequestState Request called at 10/9/2018 8:34:45 PM   :::   20:34:45.9643137

::::::::::: PreRequestHandlerExecute Request called at 10/9/2018 8:34:45 PM   :::   20:34:45.9663148

::::::::::: PostRequestHandlerExecute Request called at 10/9/2018 8:34:45 PM   :::   20:34:45.9713148

::::::::::: ReleaseRequestState Request called at 10/9/2018 8:34:45 PM   :::   20:34:45.9773147

::::::::::: PostReleaseRequestState Request called at 10/9/2018 8:34:45 PM   :::   20:34:45.9833162

::::::::::: UpdateRequestCache Request called at 10/9/2018 8:34:45 PM   :::   20:34:45.9883166

::::::::::: EndRequest Request called at 10/9/2018 8:34:45 PM   :::   20:34:45.9953148

::::::::::: PreSendRequestContent Request called at 10/9/2018 8:34:46 PM   :::   20:34:46.0008272

::::::::::: PreSendRequestHeaders Request called at 10/9/2018 8:34:46 PM   :::   20:34:46.0058265

::::::::::: BeginRequest Request called at 10/9/2018 8:34:46 PM   :::   20:34:46.0593248

::::::::::: AuthenticateRequest Request called at 10/9/2018 8:34:46 PM   :::   20:34:46.0618264

::::::::::: PostAuthenticateRequest Request called at 10/9/2018 8:34:46 PM   :::   20:34:46.0643264

::::::::::: AuthorizeRequest Request called at 10/9/2018 8:34:46 PM   :::   20:34:46.0673258

::::::::::: PostAuthorizeRequest Request called at 10/9/2018 8:34:46 PM   :::   20:34:46.0738251

::::::::::: End Request called at 10/9/2018 8:34:46 PM   :::   20:34:46.0838266

::::::::::: PostResolveRequestCache Request called at 10/9/2018 8:34:46 PM   :::   20:34:46.0898309

::::::::::: AcquireRequestState Request called at 10/9/2018 8:34:46 PM   :::   20:34:46.0928255

::::::::::: PostAcquireRequestState Request called at 10/9/2018 8:34:46 PM   :::   20:34:46.0968268

::::::::::: PreRequestHandlerExecute Request called at 10/9/2018 8:34:46 PM   :::   20:34:46.1003259

::::::::::: PostRequestHandlerExecute Request called at 10/9/2018 8:35:03 PM   :::   20:35:03.6118191

::::::::::: ReleaseRequestState Request called at 10/9/2018 8:35:03 PM   :::   20:35:03.6128194

::::::::::: PostReleaseRequestState Request called at 10/9/2018 8:35:03 PM   :::   20:35:03.6148157

::::::::::: UpdateRequestCache Request called at 10/9/2018 8:35:03 PM   :::   20:35:03.6158152

::::::::::: EndRequest Request called at 10/9/2018 8:35:03 PM   :::   20:35:03.6168199

::::::::::: BeginRequest Request called at 10/9/2018 8:35:34 PM   :::   20:35:34.5859187

::::::::::: AuthenticateRequest Request called at 10/9/2018 8:35:34 PM   :::   20:35:34.5884206

::::::::::: PostAuthenticateRequest Request called at 10/9/2018 8:35:34 PM   :::   20:35:34.5944194

::::::::::: AuthorizeRequest Request called at 10/9/2018 8:35:34 PM   :::   20:35:34.5964200

::::::::::: PostAuthorizeRequest Request called at 10/9/2018 8:35:34 PM   :::   20:35:34.5984187

::::::::::: End Request called at 10/9/2018 8:35:34 PM   :::   20:35:34.5999199

::::::::::: PostResolveRequestCache Request called at 10/9/2018 8:35:34 PM   :::   20:35:34.6039192

::::::::::: AcquireRequestState Request called at 10/9/2018 8:35:34 PM   :::   20:35:34.6059210

::::::::::: PostAcquireRequestState Request called at 10/9/2018 8:35:34 PM   :::   20:35:34.6099188

::::::::::: PreRequestHandlerExecute Request called at 10/9/2018 8:35:34 PM   :::   20:35:34.6114208

::::::::::: PostRequestHandlerExecute Request called at 10/9/2018 8:35:34 PM   :::   20:35:34.6154197

::::::::::: ReleaseRequestState Request called at 10/9/2018 8:35:34 PM   :::   20:35:34.6169186

::::::::::: PostReleaseRequestState Request called at 10/9/2018 8:35:34 PM   :::   20:35:34.6194186

::::::::::: UpdateRequestCache Request called at 10/9/2018 8:35:34 PM   :::   20:35:34.6209183

::::::::::: EndRequest Request called at 10/9/2018 8:35:34 PM   :::   20:35:34.6234195

::::::::::: PreSendRequestContent Request called at 10/9/2018 8:35:34 PM   :::   20:35:34.6279193

::::::::::: PreSendRequestHeaders Request called at 10/9/2018 8:35:34 PM   :::   20:35:34.6294198

::::::::::: BeginRequest Request called at 10/9/2018 8:35:34 PM   :::   20:35:34.9189308

::::::::::: AuthenticateRequest Request called at 10/9/2018 8:35:34 PM   :::   20:35:34.9209298

::::::::::: PostAuthenticateRequest Request called at 10/9/2018 8:35:34 PM   :::   20:35:34.9229285

::::::::::: AuthorizeRequest Request called at 10/9/2018 8:35:34 PM   :::   20:35:34.9269310

::::::::::: PostAuthorizeRequest Request called at 10/9/2018 8:35:34 PM   :::   20:35:34.9289304

::::::::::: End Request called at 10/9/2018 8:35:34 PM   :::   20:35:34.9309310

::::::::::: PostResolveRequestCache Request called at 10/9/2018 8:35:34 PM   :::   20:35:34.9369314

::::::::::: AcquireRequestState Request called at 10/9/2018 8:35:34 PM   :::   20:35:34.9389304

::::::::::: PostAcquireRequestState Request called at 10/9/2018 8:35:34 PM   :::   20:35:34.9419302

::::::::::: PreRequestHandlerExecute Request called at 10/9/2018 8:35:34 PM   :::   20:35:34.9439304

::::::::::: PreSendRequestContent Request called at 10/9/2018 8:35:52 PM   :::   20:35:52.2935338

::::::::::: PreSendRequestHeaders Request called at 10/9/2018 8:35:52 PM   :::   20:35:52.2945333

::::::::::: PostRequestHandlerExecute Request called at 10/9/2018 8:35:52 PM   :::   20:35:52.3035330

::::::::::: ReleaseRequestState Request called at 10/9/2018 8:35:52 PM   :::   20:35:52.3045377

::::::::::: PostReleaseRequestState Request called at 10/9/2018 8:35:52 PM   :::   20:35:52.3065367

::::::::::: UpdateRequestCache Request called at 10/9/2018 8:35:52 PM   :::   20:35:52.3085326

::::::::::: EndRequest Request called at 10/9/2018 8:35:52 PM   :::   20:35:52.3095369

::::::::::: PreSendRequestContent Request called at 10/9/2018 8:35:52 PM   :::   20:35:52.3105380

::::::::::: BeginRequest Request called at 10/9/2018 8:35:53 PM   :::   20:35:53.7103104

::::::::::: AuthenticateRequest Request called at 10/9/2018 8:35:53 PM   :::   20:35:53.7123142

::::::::::: PostAuthenticateRequest Request called at 10/9/2018 8:35:53 PM   :::   20:35:53.7143101

::::::::::: AuthorizeRequest Request called at 10/9/2018 8:35:53 PM   :::   20:35:53.7163115

::::::::::: PostAuthorizeRequest Request called at 10/9/2018 8:35:53 PM   :::   20:35:53.7173106

::::::::::: End Request called at 10/9/2018 8:35:53 PM   :::   20:35:53.7193121

::::::::::: PostResolveRequestCache Request called at 10/9/2018 8:35:53 PM   :::   20:35:53.7223118

::::::::::: AcquireRequestState Request called at 10/9/2018 8:35:53 PM   :::   20:35:53.7243097

::::::::::: PostAcquireRequestState Request called at 10/9/2018 8:35:53 PM   :::   20:35:53.7253108

::::::::::: PreRequestHandlerExecute Request called at 10/9/2018 8:35:53 PM   :::   20:35:53.7273110

::::::::::: PostRequestHandlerExecute Request called at 10/9/2018 8:35:53 PM   :::   20:35:53.7303100

::::::::::: ReleaseRequestState Request called at 10/9/2018 8:35:53 PM   :::   20:35:53.7313095

::::::::::: PostReleaseRequestState Request called at 10/9/2018 8:35:53 PM   :::   20:35:53.7343314

::::::::::: UpdateRequestCache Request called at 10/9/2018 8:35:53 PM   :::   20:35:53.7403092

::::::::::: EndRequest Request called at 10/9/2018 8:35:53 PM   :::   20:35:53.7413127

::::::::::: PreSendRequestContent Request called at 10/9/2018 8:35:53 PM   :::   20:35:53.7443117

::::::::::: PreSendRequestHeaders Request called at 10/9/2018 8:35:53 PM   :::   20:35:53.7463119

::::::::::: BeginRequest Request called at 10/9/2018 8:35:53 PM   :::   20:35:53.7503104

::::::::::: AuthenticateRequest Request called at 10/9/2018 8:35:53 PM   :::   20:35:53.7523083

::::::::::: PostAuthenticateRequest Request called at 10/9/2018 8:35:53 PM   :::   20:35:53.7538194

::::::::::: AuthorizeRequest Request called at 10/9/2018 8:35:53 PM   :::   20:35:53.7578246

::::::::::: PostAuthorizeRequest Request called at 10/9/2018 8:35:53 PM   :::   20:35:53.7598193

::::::::::: End Request called at 10/9/2018 8:35:53 PM   :::   20:35:53.7618200

::::::::::: PostResolveRequestCache Request called at 10/9/2018 8:35:53 PM   :::   20:35:53.7638202

::::::::::: AcquireRequestState Request called at 10/9/2018 8:35:53 PM   :::   20:35:53.7658200

::::::::::: PostAcquireRequestState Request called at 10/9/2018 8:35:53 PM   :::   20:35:53.7668196

::::::::::: PreRequestHandlerExecute Request called at 10/9/2018 8:35:53 PM   :::   20:35:53.7683181

::::::::::: PreSendRequestContent Request called at 10/9/2018 8:36:13 PM   :::   20:36:13.4437234

::::::::::: PreSendRequestHeaders Request called at 10/9/2018 8:36:13 PM   :::   20:36:13.4477258

::::::::::: Error Request called at 10/9/2018 8:36:13 PM   :::   20:36:13.4567243

::::::::::: PreSendRequestContent Request called at 10/9/2018 8:36:23 PM   :::   20:36:23.5353885

::::::::::: PreSendRequestContent Request called at 10/9/2018 8:36:23 PM   :::   20:36:23.5443503

::::::::::: PreSendRequestContent Request called at 10/9/2018 8:36:23 PM   :::   20:36:23.5533523

::::::::::: PreSendRequestContent Request called at 10/9/2018 8:36:23 PM   :::   20:36:23.5808622

::::::::::: EndRequest Request called at 10/9/2018 8:36:23 PM   :::   20:36:23.5913632

::::::::::: PreSendRequestContent Request called at 10/9/2018 8:36:23 PM   :::   20:36:23.5983808

::::::::::: BeginRequest Request called at 10/9/2018 8:36:35 PM   :::   20:36:35.8988049

::::::::::: AuthenticateRequest Request called at 10/9/2018 8:36:35 PM   :::   20:36:35.9008043

::::::::::: PostAuthenticateRequest Request called at 10/9/2018 8:36:35 PM   :::   20:36:35.9028045

::::::::::: AuthorizeRequest Request called at 10/9/2018 8:36:35 PM   :::   20:36:35.9048028

::::::::::: PostAuthorizeRequest Request called at 10/9/2018 8:36:35 PM   :::   20:36:35.9068042

::::::::::: End Request called at 10/9/2018 8:36:35 PM   :::   20:36:35.9078018

::::::::::: PostResolveRequestCache Request called at 10/9/2018 8:36:35 PM   :::   20:36:35.9108027

::::::::::: AcquireRequestState Request called at 10/9/2018 8:36:35 PM   :::   20:36:35.9128026

::::::::::: PostAcquireRequestState Request called at 10/9/2018 8:36:35 PM   :::   20:36:35.9197993

::::::::::: PreRequestHandlerExecute Request called at 10/9/2018 8:36:35 PM   :::   20:36:35.9278006

::::::::::: AuthorizeRequest Request called at 10/9/2018 8:36:35 PM   :::   20:36:35.9398012

::::::::::: PostAuthorizeRequest Request called at 10/9/2018 8:36:35 PM   :::   20:36:35.9448005

::::::::::: End Request called at 10/9/2018 8:36:35 PM   :::   20:36:35.9528018

::::::::::: PostResolveRequestCache Request called at 10/9/2018 8:36:35 PM   :::   20:36:35.9638061

::::::::::: AcquireRequestState Request called at 10/9/2018 8:36:35 PM   :::   20:36:35.9713088

::::::::::: PostAcquireRequestState Request called at 10/9/2018 8:36:35 PM   :::   20:36:35.9753164

::::::::::: PreRequestHandlerExecute Request called at 10/9/2018 8:36:35 PM   :::   20:36:35.9833178

::::::::::: PostRequestHandlerExecute Request called at 10/9/2018 8:36:36 PM   :::   20:36:36.0563302

::::::::::: ReleaseRequestState Request called at 10/9/2018 8:36:36 PM   :::   20:36:36.0583273

::::::::::: PostReleaseRequestState Request called at 10/9/2018 8:36:36 PM   :::   20:36:36.0608273

::::::::::: UpdateRequestCache Request called at 10/9/2018 8:36:36 PM   :::   20:36:36.0623266

::::::::::: EndRequest Request called at 10/9/2018 8:36:36 PM   :::   20:36:36.0648277

::::::::::: PreSendRequestContent Request called at 10/9/2018 8:36:36 PM   :::   20:36:36.0668276

::::::::::: PreSendRequestHeaders Request called at 10/9/2018 8:36:36 PM   :::   20:36:36.0678295

::::::::::: BeginRequest Request called at 10/9/2018 8:36:37 PM   :::   20:36:37.1974466

::::::::::: AuthenticateRequest Request called at 10/9/2018 8:36:37 PM   :::   20:36:37.1994255

::::::::::: PostAuthenticateRequest Request called at 10/9/2018 8:36:37 PM   :::   20:36:37.2024261

::::::::::: AuthorizeRequest Request called at 10/9/2018 8:36:37 PM   :::   20:36:37.2084248

::::::::::: PostAuthorizeRequest Request called at 10/9/2018 8:36:37 PM   :::   20:36:37.2104255

::::::::::: End Request called at 10/9/2018 8:36:37 PM   :::   20:36:37.2124316

::::::::::: PostResolveRequestCache Request called at 10/9/2018 8:36:37 PM   :::   20:36:37.2154255

::::::::::: AcquireRequestState Request called at 10/9/2018 8:36:37 PM   :::   20:36:37.2174253

::::::::::: PostAcquireRequestState Request called at 10/9/2018 8:36:37 PM   :::   20:36:37.2184442

::::::::::: PreRequestHandlerExecute Request called at 10/9/2018 8:36:37 PM   :::   20:36:37.2204267

::::::::::: PreSendRequestContent Request called at 10/9/2018 8:36:39 PM   :::   20:36:39.3201077

::::::::::: PreSendRequestHeaders Request called at 10/9/2018 8:36:39 PM   :::   20:36:39.3221091

::::::::::: PostRequestHandlerExecute Request called at 10/9/2018 8:36:39 PM   :::   20:36:39.3246084

::::::::::: ReleaseRequestState Request called at 10/9/2018 8:36:39 PM   :::   20:36:39.3336077

::::::::::: PostReleaseRequestState Request called at 10/9/2018 8:36:39 PM   :::   20:36:39.3361096

::::::::::: UpdateRequestCache Request called at 10/9/2018 8:36:39 PM   :::   20:36:39.3381067

::::::::::: EndRequest Request called at 10/9/2018 8:36:39 PM   :::   20:36:39.3396084

::::::::::: PreSendRequestContent Request called at 10/9/2018 8:36:39 PM   :::   20:36:39.3411088

::::::::::: BeginRequest Request called at 10/9/2018 8:40:16 PM   :::   20:40:16.5572119

::::::::::: AuthenticateRequest Request called at 10/9/2018 8:40:16 PM   :::   20:40:16.5606956

::::::::::: PostAuthenticateRequest Request called at 10/9/2018 8:40:16 PM   :::   20:40:16.5636966

::::::::::: AuthorizeRequest Request called at 10/9/2018 8:40:16 PM   :::   20:40:16.5687187

::::::::::: PostAuthorizeRequest Request called at 10/9/2018 8:40:16 PM   :::   20:40:16.5737191

::::::::::: End Request called at 10/9/2018 8:40:16 PM   :::   20:40:16.5767109

::::::::::: PostResolveRequestCache Request called at 10/9/2018 8:40:16 PM   :::   20:40:16.5787108

::::::::::: AcquireRequestState Request called at 10/9/2018 8:40:16 PM   :::   20:40:16.5827156

::::::::::: PostAcquireRequestState Request called at 10/9/2018 8:40:16 PM   :::   20:40:16.5847095

::::::::::: PreRequestHandlerExecute Request called at 10/9/2018 8:40:16 PM   :::   20:40:16.5867094

::::::::::: PostRequestHandlerExecute Request called at 10/9/2018 8:40:16 PM   :::   20:40:16.5897273

::::::::::: ReleaseRequestState Request called at 10/9/2018 8:40:16 PM   :::   20:40:16.5907106

::::::::::: PostReleaseRequestState Request called at 10/9/2018 8:40:16 PM   :::   20:40:16.5917117

::::::::::: UpdateRequestCache Request called at 10/9/2018 8:40:16 PM   :::   20:40:16.5927085

::::::::::: EndRequest Request called at 10/9/2018 8:40:16 PM   :::   20:40:16.5937084

::::::::::: PreSendRequestContent Request called at 10/9/2018 8:40:16 PM   :::   20:40:16.5957083

::::::::::: PreSendRequestHeaders Request called at 10/9/2018 8:40:16 PM   :::   20:40:16.5967149

::::::::::: BeginRequest Request called at 10/9/2018 8:40:16 PM   :::   20:40:16.6037096

::::::::::: AuthenticateRequest Request called at 10/9/2018 8:40:16 PM   :::   20:40:16.6047115

::::::::::: PostAuthenticateRequest Request called at 10/9/2018 8:40:16 PM   :::   20:40:16.6067113

::::::::::: AuthorizeRequest Request called at 10/9/2018 8:40:16 PM   :::   20:40:16.6077085

::::::::::: PostAuthorizeRequest Request called at 10/9/2018 8:40:16 PM   :::   20:40:16.6097107

::::::::::: End Request called at 10/9/2018 8:40:16 PM   :::   20:40:16.6107114

::::::::::: PostResolveRequestCache Request called at 10/9/2018 8:40:16 PM   :::   20:40:16.6127081

::::::::::: AcquireRequestState Request called at 10/9/2018 8:40:16 PM   :::   20:40:16.6147198

::::::::::: PostAcquireRequestState Request called at 10/9/2018 8:40:16 PM   :::   20:40:16.6167102

::::::::::: PreRequestHandlerExecute Request called at 10/9/2018 8:40:16 PM   :::   20:40:16.6177128

::::::::::: PreSendRequestContent Request called at 10/9/2018 8:42:01 PM   :::   20:42:01.9280836

::::::::::: PreSendRequestHeaders Request called at 10/9/2018 8:42:01 PM   :::   20:42:01.9300811

::::::::::: Error Request called at 10/9/2018 8:42:01 PM   :::   20:42:01.9340808

::::::::::: PreSendRequestContent Request called at 10/9/2018 8:42:18 PM   :::   20:42:18.1712840

::::::::::: PreSendRequestContent Request called at 10/9/2018 8:42:18 PM   :::   20:42:18.1727837

::::::::::: PreSendRequestContent Request called at 10/9/2018 8:42:18 PM   :::   20:42:18.1752829

::::::::::: EndRequest Request called at 10/9/2018 8:42:18 PM   :::   20:42:18.1777825

::::::::::: PreSendRequestContent Request called at 10/9/2018 8:42:18 PM   :::   20:42:18.1792834

