::::::::::: BeginRequest Request called at 10/3/2018 6:25:52 PM   :::   18:25:52.6375335

::::::::::: AuthenticateRequest Request called at 10/3/2018 6:25:52 PM   :::   18:25:52.6415363

::::::::::: PostAuthenticateRequest Request called at 10/3/2018 6:25:52 PM   :::   18:25:52.6465407

::::::::::: AuthorizeRequest Request called at 10/3/2018 6:25:52 PM   :::   18:25:52.6485417

::::::::::: PostAuthorizeRequest Request called at 10/3/2018 6:25:52 PM   :::   18:25:52.6505423

::::::::::: End Request called at 10/3/2018 6:25:52 PM   :::   18:25:52.6515438

::::::::::: PostResolveRequestCache Request called at 10/3/2018 6:25:52 PM   :::   18:25:52.6575473

::::::::::: AcquireRequestState Request called at 10/3/2018 6:25:52 PM   :::   18:25:52.6615509

::::::::::: PostAcquireRequestState Request called at 10/3/2018 6:25:52 PM   :::   18:25:52.6635523

::::::::::: PreRequestHandlerExecute Request called at 10/3/2018 6:25:52 PM   :::   18:25:52.6645531

::::::::::: PostRequestHandlerExecute Request called at 10/3/2018 6:25:52 PM   :::   18:25:52.6715572

::::::::::: ReleaseRequestState Request called at 10/3/2018 6:25:52 PM   :::   18:25:52.6735594

::::::::::: PostReleaseRequestState Request called at 10/3/2018 6:25:52 PM   :::   18:25:52.6785630

::::::::::: UpdateRequestCache Request called at 10/3/2018 6:25:52 PM   :::   18:25:52.6805640

::::::::::: EndRequest Request called at 10/3/2018 6:25:52 PM   :::   18:25:52.6825654

::::::::::: PreSendRequestContent Request called at 10/3/2018 6:25:52 PM   :::   18:25:52.6845673

::::::::::: PreSendRequestHeaders Request called at 10/3/2018 6:25:52 PM   :::   18:25:52.6855672

::::::::::: BeginRequest Request called at 10/3/2018 6:25:52 PM   :::   18:25:52.7511186

::::::::::: AuthenticateRequest Request called at 10/3/2018 6:25:52 PM   :::   18:25:52.7536210

::::::::::: PostAuthenticateRequest Request called at 10/3/2018 6:25:52 PM   :::   18:25:52.7561222

::::::::::: AuthorizeRequest Request called at 10/3/2018 6:25:52 PM   :::   18:25:52.7581228

::::::::::: PostAuthorizeRequest Request called at 10/3/2018 6:25:52 PM   :::   18:25:52.7631279

::::::::::: End Request called at 10/3/2018 6:25:52 PM   :::   18:25:52.7656283

::::::::::: PostResolveRequestCache Request called at 10/3/2018 6:25:52 PM   :::   18:25:52.7686320

::::::::::: AcquireRequestState Request called at 10/3/2018 6:25:52 PM   :::   18:25:52.7706331

::::::::::: PostAcquireRequestState Request called at 10/3/2018 6:25:52 PM   :::   18:25:52.7721339

::::::::::: PreRequestHandlerExecute Request called at 10/3/2018 6:25:52 PM   :::   18:25:52.7736336

::::::::::: PostRequestHandlerExecute Request called at 10/3/2018 6:26:08 PM   :::   18:26:08.0780868

::::::::::: ReleaseRequestState Request called at 10/3/2018 6:26:08 PM   :::   18:26:08.0791009

::::::::::: PostReleaseRequestState Request called at 10/3/2018 6:26:08 PM   :::   18:26:08.0805923

::::::::::: UpdateRequestCache Request called at 10/3/2018 6:26:08 PM   :::   18:26:08.0830939

::::::::::: EndRequest Request called at 10/3/2018 6:26:08 PM   :::   18:26:08.0845951

::::::::::: BeginRequest Request called at 10/3/2018 6:28:33 PM   :::   18:28:33.0595249

::::::::::: AuthenticateRequest Request called at 10/3/2018 6:28:33 PM   :::   18:28:33.0605252

::::::::::: PostAuthenticateRequest Request called at 10/3/2018 6:28:33 PM   :::   18:28:33.0625270

::::::::::: AuthorizeRequest Request called at 10/3/2018 6:28:33 PM   :::   18:28:33.0635273

::::::::::: PostAuthorizeRequest Request called at 10/3/2018 6:28:33 PM   :::   18:28:33.0655291

::::::::::: End Request called at 10/3/2018 6:28:33 PM   :::   18:28:33.0675302

::::::::::: PostResolveRequestCache Request called at 10/3/2018 6:28:33 PM   :::   18:28:33.0705319

::::::::::: AcquireRequestState Request called at 10/3/2018 6:28:33 PM   :::   18:28:33.0725333

::::::::::: PostAcquireRequestState Request called at 10/3/2018 6:28:33 PM   :::   18:28:33.0735356

::::::::::: PreRequestHandlerExecute Request called at 10/3/2018 6:28:33 PM   :::   18:28:33.0755358

::::::::::: PostRequestHandlerExecute Request called at 10/3/2018 6:28:33 PM   :::   18:28:33.0775377

::::::::::: ReleaseRequestState Request called at 10/3/2018 6:28:33 PM   :::   18:28:33.0795383

::::::::::: PostReleaseRequestState Request called at 10/3/2018 6:28:33 PM   :::   18:28:33.0805394

::::::::::: UpdateRequestCache Request called at 10/3/2018 6:28:33 PM   :::   18:28:33.0825404

::::::::::: EndRequest Request called at 10/3/2018 6:28:33 PM   :::   18:28:33.0845462

::::::::::: PreSendRequestContent Request called at 10/3/2018 6:28:33 PM   :::   18:28:33.0875444

::::::::::: PreSendRequestHeaders Request called at 10/3/2018 6:28:33 PM   :::   18:28:33.0885451

::::::::::: BeginRequest Request called at 10/3/2018 6:28:33 PM   :::   18:28:33.6037880

::::::::::: AuthenticateRequest Request called at 10/3/2018 6:28:33 PM   :::   18:28:33.6052877

::::::::::: PostAuthenticateRequest Request called at 10/3/2018 6:28:33 PM   :::   18:28:33.6067898

::::::::::: AuthorizeRequest Request called at 10/3/2018 6:28:33 PM   :::   18:28:33.6087904

::::::::::: PostAuthorizeRequest Request called at 10/3/2018 6:28:33 PM   :::   18:28:33.6147974

::::::::::: End Request called at 10/3/2018 6:28:33 PM   :::   18:28:33.6167996

::::::::::: PostResolveRequestCache Request called at 10/3/2018 6:28:33 PM   :::   18:28:33.6198014

::::::::::: AcquireRequestState Request called at 10/3/2018 6:28:33 PM   :::   18:28:33.6218032

::::::::::: PostAcquireRequestState Request called at 10/3/2018 6:28:33 PM   :::   18:28:33.6238074

::::::::::: PreRequestHandlerExecute Request called at 10/3/2018 6:28:33 PM   :::   18:28:33.6258060

::::::::::: PostRequestHandlerExecute Request called at 10/3/2018 6:28:39 PM   :::   18:28:39.5692310

::::::::::: ReleaseRequestState Request called at 10/3/2018 6:28:39 PM   :::   18:28:39.5737344

::::::::::: PostReleaseRequestState Request called at 10/3/2018 6:28:39 PM   :::   18:28:39.5767361

::::::::::: UpdateRequestCache Request called at 10/3/2018 6:28:39 PM   :::   18:28:39.5832421

::::::::::: EndRequest Request called at 10/3/2018 6:28:39 PM   :::   18:28:39.5857425

::::::::::: BeginRequest Request called at 10/3/2018 6:28:41 PM   :::   18:28:41.1178633

::::::::::: AuthenticateRequest Request called at 10/3/2018 6:28:41 PM   :::   18:28:41.1208678

::::::::::: PostAuthenticateRequest Request called at 10/3/2018 6:28:41 PM   :::   18:28:41.1238684

::::::::::: AuthorizeRequest Request called at 10/3/2018 6:28:41 PM   :::   18:28:41.1248687

::::::::::: PostAuthorizeRequest Request called at 10/3/2018 6:28:41 PM   :::   18:28:41.1268709

::::::::::: End Request called at 10/3/2018 6:28:41 PM   :::   18:28:41.1298722

::::::::::: PostResolveRequestCache Request called at 10/3/2018 6:28:41 PM   :::   18:28:41.1338790

::::::::::: AcquireRequestState Request called at 10/3/2018 6:28:41 PM   :::   18:28:41.1358812

::::::::::: PostAcquireRequestState Request called at 10/3/2018 6:28:41 PM   :::   18:28:41.1408844

::::::::::: PreRequestHandlerExecute Request called at 10/3/2018 6:28:41 PM   :::   18:28:41.1423860

::::::::::: PostRequestHandlerExecute Request called at 10/3/2018 6:28:41 PM   :::   18:28:41.1478905

::::::::::: ReleaseRequestState Request called at 10/3/2018 6:28:41 PM   :::   18:28:41.1498975

::::::::::: PostReleaseRequestState Request called at 10/3/2018 6:28:41 PM   :::   18:28:41.1518985

::::::::::: UpdateRequestCache Request called at 10/3/2018 6:28:41 PM   :::   18:28:41.1539003

::::::::::: EndRequest Request called at 10/3/2018 6:28:41 PM   :::   18:28:41.1559017

::::::::::: PreSendRequestContent Request called at 10/3/2018 6:28:41 PM   :::   18:28:41.1629063

::::::::::: PreSendRequestHeaders Request called at 10/3/2018 6:28:41 PM   :::   18:28:41.1649081

::::::::::: BeginRequest Request called at 10/3/2018 6:28:41 PM   :::   18:28:41.1719123

::::::::::: AuthenticateRequest Request called at 10/3/2018 6:28:41 PM   :::   18:28:41.1739137

::::::::::: PostAuthenticateRequest Request called at 10/3/2018 6:28:41 PM   :::   18:28:41.1759152

::::::::::: AuthorizeRequest Request called at 10/3/2018 6:28:41 PM   :::   18:28:41.1789205

::::::::::: PostAuthorizeRequest Request called at 10/3/2018 6:28:41 PM   :::   18:28:41.1819206

::::::::::: End Request called at 10/3/2018 6:28:41 PM   :::   18:28:41.1829201

::::::::::: PostResolveRequestCache Request called at 10/3/2018 6:28:41 PM   :::   18:28:41.1849216

::::::::::: AcquireRequestState Request called at 10/3/2018 6:28:41 PM   :::   18:28:41.1869222

::::::::::: PostAcquireRequestState Request called at 10/3/2018 6:28:41 PM   :::   18:28:41.1879233

::::::::::: PreRequestHandlerExecute Request called at 10/3/2018 6:28:41 PM   :::   18:28:41.1909274

::::::::::: PostRequestHandlerExecute Request called at 10/3/2018 6:28:48 PM   :::   18:28:48.1594096

::::::::::: ReleaseRequestState Request called at 10/3/2018 6:28:48 PM   :::   18:28:48.1604103

::::::::::: PostReleaseRequestState Request called at 10/3/2018 6:28:48 PM   :::   18:28:48.1614094

::::::::::: UpdateRequestCache Request called at 10/3/2018 6:28:48 PM   :::   18:28:48.1624109

::::::::::: EndRequest Request called at 10/3/2018 6:28:48 PM   :::   18:28:48.1634112

::::::::::: BeginRequest Request called at 10/3/2018 6:30:36 PM   :::   18:30:36.6788583

::::::::::: AuthenticateRequest Request called at 10/3/2018 6:30:36 PM   :::   18:30:36.6808601

::::::::::: PostAuthenticateRequest Request called at 10/3/2018 6:30:36 PM   :::   18:30:36.6828611

::::::::::: AuthorizeRequest Request called at 10/3/2018 6:30:36 PM   :::   18:30:36.6848629

::::::::::: PostAuthorizeRequest Request called at 10/3/2018 6:30:36 PM   :::   18:30:36.6868640

::::::::::: End Request called at 10/3/2018 6:30:36 PM   :::   18:30:36.6878639

::::::::::: PostResolveRequestCache Request called at 10/3/2018 6:30:36 PM   :::   18:30:36.6898657

::::::::::: AcquireRequestState Request called at 10/3/2018 6:30:36 PM   :::   18:30:36.6908660

::::::::::: PostAcquireRequestState Request called at 10/3/2018 6:30:36 PM   :::   18:30:36.6918671

::::::::::: PreRequestHandlerExecute Request called at 10/3/2018 6:30:36 PM   :::   18:30:36.6938689

::::::::::: PostRequestHandlerExecute Request called at 10/3/2018 6:30:36 PM   :::   18:30:36.6968711

::::::::::: ReleaseRequestState Request called at 10/3/2018 6:30:36 PM   :::   18:30:36.6988721

::::::::::: PostReleaseRequestState Request called at 10/3/2018 6:30:36 PM   :::   18:30:36.6998740

::::::::::: UpdateRequestCache Request called at 10/3/2018 6:30:36 PM   :::   18:30:36.7018750

::::::::::: EndRequest Request called at 10/3/2018 6:30:36 PM   :::   18:30:36.7038760

::::::::::: PreSendRequestContent Request called at 10/3/2018 6:30:36 PM   :::   18:30:36.7058778

::::::::::: PreSendRequestHeaders Request called at 10/3/2018 6:30:36 PM   :::   18:30:36.7068782

::::::::::: BeginRequest Request called at 10/3/2018 6:30:36 PM   :::   18:30:36.7584220

::::::::::: AuthenticateRequest Request called at 10/3/2018 6:30:36 PM   :::   18:30:36.7599217

::::::::::: PostAuthenticateRequest Request called at 10/3/2018 6:30:36 PM   :::   18:30:36.7614234

::::::::::: AuthorizeRequest Request called at 10/3/2018 6:30:36 PM   :::   18:30:36.7629242

::::::::::: PostAuthorizeRequest Request called at 10/3/2018 6:30:36 PM   :::   18:30:36.7654254

::::::::::: End Request called at 10/3/2018 6:30:36 PM   :::   18:30:36.7674280

::::::::::: PostResolveRequestCache Request called at 10/3/2018 6:30:36 PM   :::   18:30:36.7699296

::::::::::: AcquireRequestState Request called at 10/3/2018 6:30:36 PM   :::   18:30:36.7719338

::::::::::: PostAcquireRequestState Request called at 10/3/2018 6:30:36 PM   :::   18:30:36.7739352

::::::::::: PreRequestHandlerExecute Request called at 10/3/2018 6:30:36 PM   :::   18:30:36.7759358

::::::::::: PreSendRequestContent Request called at 10/3/2018 6:30:43 PM   :::   18:30:43.5077329

::::::::::: PreSendRequestHeaders Request called at 10/3/2018 6:30:43 PM   :::   18:30:43.5100110

::::::::::: PostRequestHandlerExecute Request called at 10/3/2018 6:30:43 PM   :::   18:30:43.5390316

::::::::::: ReleaseRequestState Request called at 10/3/2018 6:30:43 PM   :::   18:30:43.5410331

::::::::::: PostReleaseRequestState Request called at 10/3/2018 6:30:43 PM   :::   18:30:43.5430349

::::::::::: UpdateRequestCache Request called at 10/3/2018 6:30:43 PM   :::   18:30:43.5450359

::::::::::: EndRequest Request called at 10/3/2018 6:30:43 PM   :::   18:30:43.5470369

::::::::::: PreSendRequestContent Request called at 10/3/2018 6:30:43 PM   :::   18:30:43.5480380

::::::::::: BeginRequest Request called at 10/3/2018 6:46:09 PM   :::   18:46:09.9885656

::::::::::: AuthenticateRequest Request called at 10/3/2018 6:46:09 PM   :::   18:46:09.9950701

::::::::::: PostAuthenticateRequest Request called at 10/3/2018 6:46:10 PM   :::   18:46:10.0115820

::::::::::: AuthorizeRequest Request called at 10/3/2018 6:46:10 PM   :::   18:46:10.0140839

::::::::::: PostAuthorizeRequest Request called at 10/3/2018 6:46:10 PM   :::   18:46:10.0155848

::::::::::: End Request called at 10/3/2018 6:46:10 PM   :::   18:46:10.0175862

::::::::::: PostResolveRequestCache Request called at 10/3/2018 6:46:10 PM   :::   18:46:10.1646902

::::::::::: AcquireRequestState Request called at 10/3/2018 6:46:10 PM   :::   18:46:10.1782012

::::::::::: PostAcquireRequestState Request called at 10/3/2018 6:46:10 PM   :::   18:46:10.1817023

::::::::::: PreRequestHandlerExecute Request called at 10/3/2018 6:46:10 PM   :::   18:46:10.1837041

::::::::::: PostRequestHandlerExecute Request called at 10/3/2018 6:46:13 PM   :::   18:46:13.9518781

::::::::::: ReleaseRequestState Request called at 10/3/2018 6:46:13 PM   :::   18:46:13.9543800

::::::::::: PostReleaseRequestState Request called at 10/3/2018 6:46:13 PM   :::   18:46:13.9568820

::::::::::: UpdateRequestCache Request called at 10/3/2018 6:46:14 PM   :::   18:46:14.0119211

::::::::::: EndRequest Request called at 10/3/2018 6:46:14 PM   :::   18:46:14.0144219

::::::::::: PreSendRequestContent Request called at 10/3/2018 6:46:14 PM   :::   18:46:14.0209271

::::::::::: PreSendRequestHeaders Request called at 10/3/2018 6:46:14 PM   :::   18:46:14.0224279

::::::::::: BeginRequest Request called at 10/3/2018 6:49:26 PM   :::   18:49:26.1921882

::::::::::: AuthenticateRequest Request called at 10/3/2018 6:49:26 PM   :::   18:49:26.1921882

::::::::::: PostAuthenticateRequest Request called at 10/3/2018 6:49:26 PM   :::   18:49:26.1921882

::::::::::: AuthorizeRequest Request called at 10/3/2018 6:49:26 PM   :::   18:49:26.2078135

::::::::::: PostAuthorizeRequest Request called at 10/3/2018 6:49:26 PM   :::   18:49:26.2078135

::::::::::: End Request called at 10/3/2018 6:49:26 PM   :::   18:49:26.2078135

::::::::::: PostResolveRequestCache Request called at 10/3/2018 6:49:26 PM   :::   18:49:26.2546898

::::::::::: AcquireRequestState Request called at 10/3/2018 6:49:26 PM   :::   18:49:26.2703143

::::::::::: PostAcquireRequestState Request called at 10/3/2018 6:49:26 PM   :::   18:49:26.2859396

::::::::::: PreRequestHandlerExecute Request called at 10/3/2018 6:49:26 PM   :::   18:49:26.2859396

::::::::::: PostRequestHandlerExecute Request called at 10/3/2018 6:49:28 PM   :::   18:49:28.2542919

::::::::::: ReleaseRequestState Request called at 10/3/2018 6:49:28 PM   :::   18:49:28.2542919

::::::::::: PostReleaseRequestState Request called at 10/3/2018 6:49:28 PM   :::   18:49:28.2699172

::::::::::: UpdateRequestCache Request called at 10/3/2018 6:49:28 PM   :::   18:49:28.3167930

::::::::::: EndRequest Request called at 10/3/2018 6:49:28 PM   :::   18:49:28.3167930

::::::::::: PreSendRequestContent Request called at 10/3/2018 6:49:28 PM   :::   18:49:28.3324175

::::::::::: PreSendRequestHeaders Request called at 10/3/2018 6:49:28 PM   :::   18:49:28.3324175

