::::::::::: BeginRequest Request called at 10/18/2018 12:14:11 AM   :::   00:14:11.3023902

::::::::::: AuthenticateRequest Request called at 10/18/2018 12:14:11 AM   :::   00:14:11.3113943

::::::::::: PostAuthenticateRequest Request called at 10/18/2018 12:14:11 AM   :::   00:14:11.3173922

::::::::::: AuthorizeRequest Request called at 10/18/2018 12:14:11 AM   :::   00:14:11.3203924

::::::::::: PostAuthorizeRequest Request called at 10/18/2018 12:14:11 AM   :::   00:14:11.3223934

::::::::::: End Request called at 10/18/2018 12:14:11 AM   :::   00:14:11.3243913

::::::::::: PostResolveRequestCache Request called at 10/18/2018 12:14:11 AM   :::   00:14:11.3663975

::::::::::: AcquireRequestState Request called at 10/18/2018 12:14:11 AM   :::   00:14:11.3803956

::::::::::: PostAcquireRequestState Request called at 10/18/2018 12:14:11 AM   :::   00:14:11.3853913

::::::::::: PreRequestHandlerExecute Request called at 10/18/2018 12:14:11 AM   :::   00:14:11.3883918

::::::::::: PostRequestHandlerExecute Request called at 10/18/2018 12:14:12 AM   :::   00:14:12.8623911

::::::::::: ReleaseRequestState Request called at 10/18/2018 12:14:12 AM   :::   00:14:12.8663892

::::::::::: PostReleaseRequestState Request called at 10/18/2018 12:14:12 AM   :::   00:14:12.8693905

::::::::::: UpdateRequestCache Request called at 10/18/2018 12:14:12 AM   :::   00:14:12.9113876

::::::::::: EndRequest Request called at 10/18/2018 12:14:12 AM   :::   00:14:12.9183895

::::::::::: PreSendRequestContent Request called at 10/18/2018 12:14:12 AM   :::   00:14:12.9243902

::::::::::: PreSendRequestHeaders Request called at 10/18/2018 12:14:12 AM   :::   00:14:12.9253909

::::::::::: BeginRequest Request called at 10/18/2018 12:14:48 AM   :::   00:14:48.3575960

::::::::::: AuthenticateRequest Request called at 10/18/2018 12:14:48 AM   :::   00:14:48.3596017

::::::::::: PostAuthenticateRequest Request called at 10/18/2018 12:14:48 AM   :::   00:14:48.3615980

::::::::::: AuthorizeRequest Request called at 10/18/2018 12:14:48 AM   :::   00:14:48.3635990

::::::::::: PostAuthorizeRequest Request called at 10/18/2018 12:14:48 AM   :::   00:14:48.3656068

::::::::::: End Request called at 10/18/2018 12:14:48 AM   :::   00:14:48.3675979

::::::::::: PostResolveRequestCache Request called at 10/18/2018 12:14:48 AM   :::   00:14:48.3715968

::::::::::: AcquireRequestState Request called at 10/18/2018 12:14:48 AM   :::   00:14:48.3725975

::::::::::: PostAcquireRequestState Request called at 10/18/2018 12:14:48 AM   :::   00:14:48.3745978

::::::::::: PreRequestHandlerExecute Request called at 10/18/2018 12:14:48 AM   :::   00:14:48.3755977

::::::::::: PreSendRequestContent Request called at 10/18/2018 12:14:54 AM   :::   00:14:54.4569372

::::::::::: PreSendRequestHeaders Request called at 10/18/2018 12:14:54 AM   :::   00:14:54.4609365

::::::::::: PostRequestHandlerExecute Request called at 10/18/2018 12:14:54 AM   :::   00:14:54.4729332

::::::::::: ReleaseRequestState Request called at 10/18/2018 12:14:54 AM   :::   00:14:54.4759353

::::::::::: PostReleaseRequestState Request called at 10/18/2018 12:14:54 AM   :::   00:14:54.4789359

::::::::::: UpdateRequestCache Request called at 10/18/2018 12:14:54 AM   :::   00:14:54.4799358

::::::::::: EndRequest Request called at 10/18/2018 12:14:54 AM   :::   00:14:54.4829383

::::::::::: PreSendRequestContent Request called at 10/18/2018 12:14:54 AM   :::   00:14:54.4849378

::::::::::: BeginRequest Request called at 10/18/2018 12:15:12 AM   :::   00:15:12.2759833

::::::::::: AuthenticateRequest Request called at 10/18/2018 12:15:12 AM   :::   00:15:12.2789811

::::::::::: PostAuthenticateRequest Request called at 10/18/2018 12:15:12 AM   :::   00:15:12.2819734

::::::::::: AuthorizeRequest Request called at 10/18/2018 12:15:12 AM   :::   00:15:12.2849723

::::::::::: PostAuthorizeRequest Request called at 10/18/2018 12:15:12 AM   :::   00:15:12.2889728

::::::::::: End Request called at 10/18/2018 12:15:12 AM   :::   00:15:12.2959746

::::::::::: PostResolveRequestCache Request called at 10/18/2018 12:15:12 AM   :::   00:15:12.2999759

::::::::::: AcquireRequestState Request called at 10/18/2018 12:15:12 AM   :::   00:15:12.3019718

::::::::::: PostAcquireRequestState Request called at 10/18/2018 12:15:12 AM   :::   00:15:12.3039697

::::::::::: PreRequestHandlerExecute Request called at 10/18/2018 12:15:12 AM   :::   00:15:12.3049731

::::::::::: PreSendRequestContent Request called at 10/18/2018 8:48:01 AM   :::   08:48:01.4723267

::::::::::: PreSendRequestHeaders Request called at 10/18/2018 8:48:01 AM   :::   08:48:01.4863268

::::::::::: PostRequestHandlerExecute Request called at 10/18/2018 8:48:01 AM   :::   08:48:01.4893285

::::::::::: ReleaseRequestState Request called at 10/18/2018 8:48:01 AM   :::   08:48:01.4943266

::::::::::: PostReleaseRequestState Request called at 10/18/2018 8:48:01 AM   :::   08:48:01.5003545

::::::::::: UpdateRequestCache Request called at 10/18/2018 8:48:01 AM   :::   08:48:01.5073307

::::::::::: EndRequest Request called at 10/18/2018 8:48:01 AM   :::   08:48:01.5113264

::::::::::: PreSendRequestContent Request called at 10/18/2018 8:48:01 AM   :::   08:48:01.5213272

::::::::::: BeginRequest Request called at 10/18/2018 8:48:09 AM   :::   08:48:09.5355243

::::::::::: AuthenticateRequest Request called at 10/18/2018 8:48:09 AM   :::   08:48:09.5405263

::::::::::: PostAuthenticateRequest Request called at 10/18/2018 8:48:09 AM   :::   08:48:09.5445402

::::::::::: AuthorizeRequest Request called at 10/18/2018 8:48:09 AM   :::   08:48:09.5465294

::::::::::: PostAuthorizeRequest Request called at 10/18/2018 8:48:09 AM   :::   08:48:09.5475226

::::::::::: End Request called at 10/18/2018 8:48:09 AM   :::   08:48:09.5495287

::::::::::: PostResolveRequestCache Request called at 10/18/2018 8:48:09 AM   :::   08:48:09.5515246

::::::::::: AcquireRequestState Request called at 10/18/2018 8:48:09 AM   :::   08:48:09.5545291

::::::::::: PostAcquireRequestState Request called at 10/18/2018 8:48:09 AM   :::   08:48:09.5565227

::::::::::: PreRequestHandlerExecute Request called at 10/18/2018 8:48:09 AM   :::   08:48:09.5595248

::::::::::: PreSendRequestContent Request called at 10/18/2018 8:48:14 AM   :::   08:48:14.8009666

::::::::::: PreSendRequestHeaders Request called at 10/18/2018 8:48:14 AM   :::   08:48:14.8059647

::::::::::: PostRequestHandlerExecute Request called at 10/18/2018 8:48:14 AM   :::   08:48:14.8499667

::::::::::: ReleaseRequestState Request called at 10/18/2018 8:48:14 AM   :::   08:48:14.8569650

::::::::::: PostReleaseRequestState Request called at 10/18/2018 8:48:14 AM   :::   08:48:14.8599640

::::::::::: UpdateRequestCache Request called at 10/18/2018 8:48:14 AM   :::   08:48:14.8639660

::::::::::: EndRequest Request called at 10/18/2018 8:48:14 AM   :::   08:48:14.8749648

::::::::::: PreSendRequestContent Request called at 10/18/2018 8:48:14 AM   :::   08:48:14.8799672

::::::::::: BeginRequest Request called at 10/18/2018 8:48:15 AM   :::   08:48:15.0689678

::::::::::: AuthenticateRequest Request called at 10/18/2018 8:48:15 AM   :::   08:48:15.0739611

::::::::::: PostAuthenticateRequest Request called at 10/18/2018 8:48:15 AM   :::   08:48:15.0759609

::::::::::: AuthorizeRequest Request called at 10/18/2018 8:48:15 AM   :::   08:48:15.0779627

::::::::::: PostAuthorizeRequest Request called at 10/18/2018 8:48:15 AM   :::   08:48:15.0799622

::::::::::: End Request called at 10/18/2018 8:48:15 AM   :::   08:48:15.0819620

::::::::::: PostResolveRequestCache Request called at 10/18/2018 8:48:15 AM   :::   08:48:15.0839635

::::::::::: AcquireRequestState Request called at 10/18/2018 8:48:15 AM   :::   08:48:15.0869707

::::::::::: PostAcquireRequestState Request called at 10/18/2018 8:48:15 AM   :::   08:48:15.0889658

::::::::::: PreRequestHandlerExecute Request called at 10/18/2018 8:48:15 AM   :::   08:48:15.0909621

::::::::::: PreSendRequestContent Request called at 10/18/2018 8:48:21 AM   :::   08:48:21.5267409

::::::::::: PreSendRequestHeaders Request called at 10/18/2018 8:48:21 AM   :::   08:48:21.5327444

::::::::::: PostRequestHandlerExecute Request called at 10/18/2018 8:48:21 AM   :::   08:48:21.5387514

::::::::::: ReleaseRequestState Request called at 10/18/2018 8:48:21 AM   :::   08:48:21.5417429

::::::::::: PostReleaseRequestState Request called at 10/18/2018 8:48:21 AM   :::   08:48:21.5457450

::::::::::: UpdateRequestCache Request called at 10/18/2018 8:48:21 AM   :::   08:48:21.5497608

::::::::::: EndRequest Request called at 10/18/2018 8:48:21 AM   :::   08:48:21.5547462

::::::::::: PreSendRequestContent Request called at 10/18/2018 8:48:21 AM   :::   08:48:21.5567429

::::::::::: BeginRequest Request called at 10/18/2018 8:48:50 AM   :::   08:48:50.2477237

::::::::::: AuthenticateRequest Request called at 10/18/2018 8:48:50 AM   :::   08:48:50.2507230

::::::::::: PostAuthenticateRequest Request called at 10/18/2018 8:48:50 AM   :::   08:48:50.2537232

::::::::::: AuthorizeRequest Request called at 10/18/2018 8:48:50 AM   :::   08:48:50.2567261

::::::::::: PostAuthorizeRequest Request called at 10/18/2018 8:48:50 AM   :::   08:48:50.2587244

::::::::::: End Request called at 10/18/2018 8:48:50 AM   :::   08:48:50.2617245

::::::::::: PostResolveRequestCache Request called at 10/18/2018 8:48:50 AM   :::   08:48:50.2647231

::::::::::: AcquireRequestState Request called at 10/18/2018 8:48:50 AM   :::   08:48:50.2677237

::::::::::: PostAcquireRequestState Request called at 10/18/2018 8:48:50 AM   :::   08:48:50.2697239

::::::::::: PreRequestHandlerExecute Request called at 10/18/2018 8:48:50 AM   :::   08:48:50.2727233

::::::::::: PreSendRequestContent Request called at 10/18/2018 8:48:52 AM   :::   08:48:52.4016050

::::::::::: PreSendRequestHeaders Request called at 10/18/2018 8:48:52 AM   :::   08:48:52.4026156

::::::::::: PostRequestHandlerExecute Request called at 10/18/2018 8:48:52 AM   :::   08:48:52.4135962

::::::::::: ReleaseRequestState Request called at 10/18/2018 8:48:52 AM   :::   08:48:52.4176002

::::::::::: PostReleaseRequestState Request called at 10/18/2018 8:48:52 AM   :::   08:48:52.4195981

::::::::::: UpdateRequestCache Request called at 10/18/2018 8:48:52 AM   :::   08:48:52.4225975

::::::::::: EndRequest Request called at 10/18/2018 8:48:52 AM   :::   08:48:52.4245973

::::::::::: PreSendRequestContent Request called at 10/18/2018 8:48:52 AM   :::   08:48:52.4265991

::::::::::: BeginRequest Request called at 10/18/2018 8:49:02 AM   :::   08:49:02.3437367

::::::::::: AuthenticateRequest Request called at 10/18/2018 8:49:02 AM   :::   08:49:02.3457381

::::::::::: PostAuthenticateRequest Request called at 10/18/2018 8:49:02 AM   :::   08:49:02.3477577

::::::::::: AuthorizeRequest Request called at 10/18/2018 8:49:02 AM   :::   08:49:02.3497386

::::::::::: PostAuthorizeRequest Request called at 10/18/2018 8:49:02 AM   :::   08:49:02.3507385

::::::::::: End Request called at 10/18/2018 8:49:02 AM   :::   08:49:02.3527458

::::::::::: PostResolveRequestCache Request called at 10/18/2018 8:49:02 AM   :::   08:49:02.3547398

::::::::::: AcquireRequestState Request called at 10/18/2018 8:49:02 AM   :::   08:49:02.3557448

::::::::::: PostAcquireRequestState Request called at 10/18/2018 8:49:02 AM   :::   08:49:02.3577462

::::::::::: PreRequestHandlerExecute Request called at 10/18/2018 8:49:02 AM   :::   08:49:02.3597398

::::::::::: PreSendRequestContent Request called at 10/18/2018 8:49:06 AM   :::   08:49:06.0151765

::::::::::: PreSendRequestHeaders Request called at 10/18/2018 8:49:06 AM   :::   08:49:06.0181767

::::::::::: PostRequestHandlerExecute Request called at 10/18/2018 8:49:06 AM   :::   08:49:06.0211776

::::::::::: ReleaseRequestState Request called at 10/18/2018 8:49:06 AM   :::   08:49:06.0241774

::::::::::: PostReleaseRequestState Request called at 10/18/2018 8:49:06 AM   :::   08:49:06.0261764

::::::::::: UpdateRequestCache Request called at 10/18/2018 8:49:06 AM   :::   08:49:06.0281763

::::::::::: EndRequest Request called at 10/18/2018 8:49:06 AM   :::   08:49:06.0301761

::::::::::: PreSendRequestContent Request called at 10/18/2018 8:49:06 AM   :::   08:49:06.0321771

::::::::::: BeginRequest Request called at 10/18/2018 8:49:25 AM   :::   08:49:25.5796409

::::::::::: AuthenticateRequest Request called at 10/18/2018 8:49:25 AM   :::   08:49:25.5846409

::::::::::: PostAuthenticateRequest Request called at 10/18/2018 8:49:25 AM   :::   08:49:25.5906424

::::::::::: AuthorizeRequest Request called at 10/18/2018 8:49:25 AM   :::   08:49:25.5966431

::::::::::: PostAuthorizeRequest Request called at 10/18/2018 8:49:25 AM   :::   08:49:25.6026410

::::::::::: End Request called at 10/18/2018 8:49:25 AM   :::   08:49:25.6076426

::::::::::: PostResolveRequestCache Request called at 10/18/2018 8:49:25 AM   :::   08:49:25.6166447

::::::::::: AcquireRequestState Request called at 10/18/2018 8:49:25 AM   :::   08:49:25.6226414

::::::::::: PostAcquireRequestState Request called at 10/18/2018 8:49:25 AM   :::   08:49:25.6276482

::::::::::: PreRequestHandlerExecute Request called at 10/18/2018 8:49:25 AM   :::   08:49:25.6376395

::::::::::: PreSendRequestContent Request called at 10/18/2018 8:49:28 AM   :::   08:49:28.8069334

::::::::::: PreSendRequestHeaders Request called at 10/18/2018 8:49:28 AM   :::   08:49:28.8099568

::::::::::: PostRequestHandlerExecute Request called at 10/18/2018 8:49:28 AM   :::   08:49:28.8309343

::::::::::: ReleaseRequestState Request called at 10/18/2018 8:49:28 AM   :::   08:49:28.8339360

::::::::::: PostReleaseRequestState Request called at 10/18/2018 8:49:28 AM   :::   08:49:28.8359378

::::::::::: UpdateRequestCache Request called at 10/18/2018 8:49:28 AM   :::   08:49:28.8389337

::::::::::: EndRequest Request called at 10/18/2018 8:49:28 AM   :::   08:49:28.8409355

::::::::::: PreSendRequestContent Request called at 10/18/2018 8:49:28 AM   :::   08:49:28.8439435

::::::::::: BeginRequest Request called at 10/18/2018 8:49:28 AM   :::   08:49:28.9339322

::::::::::: AuthenticateRequest Request called at 10/18/2018 8:49:28 AM   :::   08:49:28.9359371

::::::::::: PostAuthenticateRequest Request called at 10/18/2018 8:49:28 AM   :::   08:49:28.9369505

::::::::::: AuthorizeRequest Request called at 10/18/2018 8:49:28 AM   :::   08:49:28.9389373

::::::::::: PostAuthorizeRequest Request called at 10/18/2018 8:49:28 AM   :::   08:49:28.9399380

::::::::::: End Request called at 10/18/2018 8:49:28 AM   :::   08:49:28.9419307

::::::::::: PostResolveRequestCache Request called at 10/18/2018 8:49:28 AM   :::   08:49:28.9439333

::::::::::: AcquireRequestState Request called at 10/18/2018 8:49:28 AM   :::   08:49:28.9459324

::::::::::: PostAcquireRequestState Request called at 10/18/2018 8:49:28 AM   :::   08:49:28.9469359

::::::::::: PreRequestHandlerExecute Request called at 10/18/2018 8:49:28 AM   :::   08:49:28.9479686

::::::::::: PreSendRequestContent Request called at 10/18/2018 8:49:40 AM   :::   08:49:40.6350712

::::::::::: PreSendRequestHeaders Request called at 10/18/2018 8:49:40 AM   :::   08:49:40.6390689

::::::::::: PostRequestHandlerExecute Request called at 10/18/2018 8:49:40 AM   :::   08:49:40.6530745

::::::::::: ReleaseRequestState Request called at 10/18/2018 8:49:40 AM   :::   08:49:40.6620675

::::::::::: PostReleaseRequestState Request called at 10/18/2018 8:49:40 AM   :::   08:49:40.6740717

::::::::::: UpdateRequestCache Request called at 10/18/2018 8:49:40 AM   :::   08:49:40.6790685

::::::::::: EndRequest Request called at 10/18/2018 8:49:40 AM   :::   08:49:40.6870675

::::::::::: PreSendRequestContent Request called at 10/18/2018 8:49:40 AM   :::   08:49:40.6940682

::::::::::: BeginRequest Request called at 10/18/2018 8:51:07 AM   :::   08:51:07.5115909

::::::::::: AuthenticateRequest Request called at 10/18/2018 8:51:07 AM   :::   08:51:07.5165791

::::::::::: PostAuthenticateRequest Request called at 10/18/2018 8:51:07 AM   :::   08:51:07.5205748

::::::::::: AuthorizeRequest Request called at 10/18/2018 8:51:07 AM   :::   08:51:07.5255772

::::::::::: PostAuthorizeRequest Request called at 10/18/2018 8:51:07 AM   :::   08:51:07.5296120

::::::::::: End Request called at 10/18/2018 8:51:07 AM   :::   08:51:07.5345785

::::::::::: PostResolveRequestCache Request called at 10/18/2018 8:51:07 AM   :::   08:51:07.5395773

::::::::::: AcquireRequestState Request called at 10/18/2018 8:51:07 AM   :::   08:51:07.5455792

::::::::::: PostAcquireRequestState Request called at 10/18/2018 8:51:07 AM   :::   08:51:07.5495757

::::::::::: PreRequestHandlerExecute Request called at 10/18/2018 8:51:07 AM   :::   08:51:07.5535908

::::::::::: PreSendRequestContent Request called at 10/18/2018 8:51:10 AM   :::   08:51:10.9495227

::::::::::: PreSendRequestHeaders Request called at 10/18/2018 8:51:10 AM   :::   08:51:10.9515226

::::::::::: PostRequestHandlerExecute Request called at 10/18/2018 8:51:10 AM   :::   08:51:10.9595239

::::::::::: ReleaseRequestState Request called at 10/18/2018 8:51:10 AM   :::   08:51:10.9615238

::::::::::: PostReleaseRequestState Request called at 10/18/2018 8:51:10 AM   :::   08:51:10.9635232

::::::::::: UpdateRequestCache Request called at 10/18/2018 8:51:10 AM   :::   08:51:10.9645255

::::::::::: EndRequest Request called at 10/18/2018 8:51:10 AM   :::   08:51:10.9665242

::::::::::: PreSendRequestContent Request called at 10/18/2018 8:51:10 AM   :::   08:51:10.9685248

::::::::::: BeginRequest Request called at 10/18/2018 8:51:11 AM   :::   08:51:11.0565254

::::::::::: AuthenticateRequest Request called at 10/18/2018 8:51:11 AM   :::   08:51:11.0575242

::::::::::: PostAuthenticateRequest Request called at 10/18/2018 8:51:11 AM   :::   08:51:11.0595236

::::::::::: AuthorizeRequest Request called at 10/18/2018 8:51:11 AM   :::   08:51:11.0605243

::::::::::: PostAuthorizeRequest Request called at 10/18/2018 8:51:11 AM   :::   08:51:11.0625242

::::::::::: End Request called at 10/18/2018 8:51:11 AM   :::   08:51:11.0635241

::::::::::: PostResolveRequestCache Request called at 10/18/2018 8:51:11 AM   :::   08:51:11.0655247

::::::::::: AcquireRequestState Request called at 10/18/2018 8:51:11 AM   :::   08:51:11.0665234

::::::::::: PostAcquireRequestState Request called at 10/18/2018 8:51:11 AM   :::   08:51:11.0685249

::::::::::: PreRequestHandlerExecute Request called at 10/18/2018 8:51:11 AM   :::   08:51:11.0695244

::::::::::: PreSendRequestContent Request called at 10/18/2018 8:51:16 AM   :::   08:51:16.5382726

::::::::::: PreSendRequestHeaders Request called at 10/18/2018 8:51:16 AM   :::   08:51:16.5412747

::::::::::: PostRequestHandlerExecute Request called at 10/18/2018 8:51:16 AM   :::   08:51:16.5442769

::::::::::: ReleaseRequestState Request called at 10/18/2018 8:51:16 AM   :::   08:51:16.5472770

::::::::::: PostReleaseRequestState Request called at 10/18/2018 8:51:16 AM   :::   08:51:16.5502760

::::::::::: UpdateRequestCache Request called at 10/18/2018 8:51:16 AM   :::   08:51:16.5522739

::::::::::: EndRequest Request called at 10/18/2018 8:51:16 AM   :::   08:51:16.5552768

::::::::::: PreSendRequestContent Request called at 10/18/2018 8:51:16 AM   :::   08:51:16.5612759

::::::::::: BeginRequest Request called at 10/18/2018 8:53:04 AM   :::   08:53:04.1792107

::::::::::: AuthenticateRequest Request called at 10/18/2018 8:53:04 AM   :::   08:53:04.1912105

::::::::::: PostAuthenticateRequest Request called at 10/18/2018 8:53:04 AM   :::   08:53:04.1962101

::::::::::: AuthorizeRequest Request called at 10/18/2018 8:53:04 AM   :::   08:53:04.1992099

::::::::::: PostAuthorizeRequest Request called at 10/18/2018 8:53:04 AM   :::   08:53:04.2032104

::::::::::: End Request called at 10/18/2018 8:53:04 AM   :::   08:53:04.2062101

::::::::::: PostResolveRequestCache Request called at 10/18/2018 8:53:04 AM   :::   08:53:04.2622101

::::::::::: AcquireRequestState Request called at 10/18/2018 8:53:04 AM   :::   08:53:04.2792115

::::::::::: PostAcquireRequestState Request called at 10/18/2018 8:53:04 AM   :::   08:53:04.2822105

::::::::::: PreRequestHandlerExecute Request called at 10/18/2018 8:53:04 AM   :::   08:53:04.2842099

::::::::::: PostRequestHandlerExecute Request called at 10/18/2018 8:53:06 AM   :::   08:53:06.0352116

::::::::::: ReleaseRequestState Request called at 10/18/2018 8:53:06 AM   :::   08:53:06.0392117

::::::::::: PostReleaseRequestState Request called at 10/18/2018 8:53:06 AM   :::   08:53:06.0482110

::::::::::: UpdateRequestCache Request called at 10/18/2018 8:53:06 AM   :::   08:53:06.1102093

::::::::::: EndRequest Request called at 10/18/2018 8:53:06 AM   :::   08:53:06.1142114

::::::::::: PreSendRequestContent Request called at 10/18/2018 8:53:06 AM   :::   08:53:06.1212093

::::::::::: PreSendRequestHeaders Request called at 10/18/2018 8:53:06 AM   :::   08:53:06.1242106

::::::::::: BeginRequest Request called at 10/18/2018 8:53:15 AM   :::   08:53:15.0432142

::::::::::: AuthenticateRequest Request called at 10/18/2018 8:53:15 AM   :::   08:53:15.0452128

::::::::::: PostAuthenticateRequest Request called at 10/18/2018 8:53:15 AM   :::   08:53:15.0482118

::::::::::: AuthorizeRequest Request called at 10/18/2018 8:53:15 AM   :::   08:53:15.0492121

::::::::::: PostAuthorizeRequest Request called at 10/18/2018 8:53:15 AM   :::   08:53:15.0512112

::::::::::: End Request called at 10/18/2018 8:53:15 AM   :::   08:53:15.0532130

::::::::::: PostResolveRequestCache Request called at 10/18/2018 8:53:15 AM   :::   08:53:15.0602121

::::::::::: AcquireRequestState Request called at 10/18/2018 8:53:15 AM   :::   08:53:15.0622123

::::::::::: PostAcquireRequestState Request called at 10/18/2018 8:53:15 AM   :::   08:53:15.0652117

::::::::::: PreRequestHandlerExecute Request called at 10/18/2018 8:53:15 AM   :::   08:53:15.0662128

::::::::::: PreSendRequestContent Request called at 10/18/2018 8:53:21 AM   :::   08:53:21.6782143

::::::::::: PreSendRequestHeaders Request called at 10/18/2018 8:53:21 AM   :::   08:53:21.6802145

::::::::::: PostRequestHandlerExecute Request called at 10/18/2018 8:53:21 AM   :::   08:53:21.6962121

::::::::::: ReleaseRequestState Request called at 10/18/2018 8:53:21 AM   :::   08:53:21.6982151

::::::::::: PostReleaseRequestState Request called at 10/18/2018 8:53:21 AM   :::   08:53:21.7002145

::::::::::: UpdateRequestCache Request called at 10/18/2018 8:53:21 AM   :::   08:53:21.7012129

::::::::::: EndRequest Request called at 10/18/2018 8:53:21 AM   :::   08:53:21.7032159

::::::::::: PreSendRequestContent Request called at 10/18/2018 8:53:21 AM   :::   08:53:21.7052134

::::::::::: BeginRequest Request called at 10/18/2018 8:53:21 AM   :::   08:53:21.9982161

::::::::::: AuthenticateRequest Request called at 10/18/2018 8:53:22 AM   :::   08:53:22.0022158

::::::::::: PostAuthenticateRequest Request called at 10/18/2018 8:53:22 AM   :::   08:53:22.0042160

::::::::::: AuthorizeRequest Request called at 10/18/2018 8:53:22 AM   :::   08:53:22.0062171

::::::::::: PostAuthorizeRequest Request called at 10/18/2018 8:53:22 AM   :::   08:53:22.0092160

::::::::::: End Request called at 10/18/2018 8:53:22 AM   :::   08:53:22.0112159

::::::::::: PostResolveRequestCache Request called at 10/18/2018 8:53:22 AM   :::   08:53:22.0132134

::::::::::: AcquireRequestState Request called at 10/18/2018 8:53:22 AM   :::   08:53:22.0142157

::::::::::: PostAcquireRequestState Request called at 10/18/2018 8:53:22 AM   :::   08:53:22.0162123

::::::::::: PreRequestHandlerExecute Request called at 10/18/2018 8:53:22 AM   :::   08:53:22.0172127

::::::::::: PreSendRequestContent Request called at 10/18/2018 8:53:27 AM   :::   08:53:27.2431654

::::::::::: PreSendRequestHeaders Request called at 10/18/2018 8:53:27 AM   :::   08:53:27.2451625

::::::::::: PostRequestHandlerExecute Request called at 10/18/2018 8:53:27 AM   :::   08:53:27.2471631

::::::::::: ReleaseRequestState Request called at 10/18/2018 8:53:27 AM   :::   08:53:27.2531650

::::::::::: PostReleaseRequestState Request called at 10/18/2018 8:53:27 AM   :::   08:53:27.2561671

::::::::::: UpdateRequestCache Request called at 10/18/2018 8:53:27 AM   :::   08:53:27.2611660

::::::::::: EndRequest Request called at 10/18/2018 8:53:27 AM   :::   08:53:27.2631654

::::::::::: PreSendRequestContent Request called at 10/18/2018 8:53:27 AM   :::   08:53:27.2651629

::::::::::: BeginRequest Request called at 10/18/2018 8:55:10 AM   :::   08:55:10.6631322

::::::::::: AuthenticateRequest Request called at 10/18/2018 8:55:10 AM   :::   08:55:10.6711327

::::::::::: PostAuthenticateRequest Request called at 10/18/2018 8:55:10 AM   :::   08:55:10.6761308

::::::::::: AuthorizeRequest Request called at 10/18/2018 8:55:10 AM   :::   08:55:10.6791337

::::::::::: PostAuthorizeRequest Request called at 10/18/2018 8:55:10 AM   :::   08:55:10.6821338

::::::::::: End Request called at 10/18/2018 8:55:10 AM   :::   08:55:10.6841309

::::::::::: PostResolveRequestCache Request called at 10/18/2018 8:55:10 AM   :::   08:55:10.7311320

::::::::::: AcquireRequestState Request called at 10/18/2018 8:55:10 AM   :::   08:55:10.7581322

::::::::::: PostAcquireRequestState Request called at 10/18/2018 8:55:10 AM   :::   08:55:10.7681303

::::::::::: PreRequestHandlerExecute Request called at 10/18/2018 8:55:10 AM   :::   08:55:10.7701317

::::::::::: PostRequestHandlerExecute Request called at 10/18/2018 8:55:12 AM   :::   08:55:12.5221349

::::::::::: ReleaseRequestState Request called at 10/18/2018 8:55:12 AM   :::   08:55:12.5241336

::::::::::: PostReleaseRequestState Request called at 10/18/2018 8:55:12 AM   :::   08:55:12.5281328

::::::::::: UpdateRequestCache Request called at 10/18/2018 8:55:12 AM   :::   08:55:12.5901304

::::::::::: EndRequest Request called at 10/18/2018 8:55:12 AM   :::   08:55:12.6001304

::::::::::: PreSendRequestContent Request called at 10/18/2018 8:55:12 AM   :::   08:55:12.6111311

::::::::::: PreSendRequestHeaders Request called at 10/18/2018 8:55:12 AM   :::   08:55:12.6151324

::::::::::: BeginRequest Request called at 10/18/2018 8:55:13 AM   :::   08:55:13.2281354

::::::::::: AuthenticateRequest Request called at 10/18/2018 8:55:13 AM   :::   08:55:13.2291329

::::::::::: PostAuthenticateRequest Request called at 10/18/2018 8:55:13 AM   :::   08:55:13.2311336

::::::::::: AuthorizeRequest Request called at 10/18/2018 8:55:13 AM   :::   08:55:13.2331330

::::::::::: PostAuthorizeRequest Request called at 10/18/2018 8:55:13 AM   :::   08:55:13.2351325

::::::::::: End Request called at 10/18/2018 8:55:13 AM   :::   08:55:13.2361312

::::::::::: PostResolveRequestCache Request called at 10/18/2018 8:55:13 AM   :::   08:55:13.2391341

::::::::::: AcquireRequestState Request called at 10/18/2018 8:55:13 AM   :::   08:55:13.2401332

::::::::::: PostAcquireRequestState Request called at 10/18/2018 8:55:13 AM   :::   08:55:13.2421355

::::::::::: PreRequestHandlerExecute Request called at 10/18/2018 8:55:13 AM   :::   08:55:13.2441357

::::::::::: PostRequestHandlerExecute Request called at 10/18/2018 8:55:13 AM   :::   08:55:13.2681322

::::::::::: ReleaseRequestState Request called at 10/18/2018 8:55:13 AM   :::   08:55:13.2701341

::::::::::: PostReleaseRequestState Request called at 10/18/2018 8:55:13 AM   :::   08:55:13.2721307

::::::::::: UpdateRequestCache Request called at 10/18/2018 8:55:13 AM   :::   08:55:13.2741322

::::::::::: EndRequest Request called at 10/18/2018 8:55:13 AM   :::   08:55:13.2761320

::::::::::: PreSendRequestContent Request called at 10/18/2018 8:55:13 AM   :::   08:55:13.2771327

::::::::::: PreSendRequestHeaders Request called at 10/18/2018 8:55:13 AM   :::   08:55:13.2791310

::::::::::: BeginRequest Request called at 10/18/2018 8:55:56 AM   :::   08:55:56.2754112

::::::::::: AuthenticateRequest Request called at 10/18/2018 8:55:56 AM   :::   08:55:56.2774122

::::::::::: PostAuthenticateRequest Request called at 10/18/2018 8:55:56 AM   :::   08:55:56.2784169

::::::::::: AuthorizeRequest Request called at 10/18/2018 8:55:56 AM   :::   08:55:56.2804108

::::::::::: PostAuthorizeRequest Request called at 10/18/2018 8:55:56 AM   :::   08:55:56.2814166

::::::::::: End Request called at 10/18/2018 8:55:56 AM   :::   08:55:56.2824102

::::::::::: PostResolveRequestCache Request called at 10/18/2018 8:55:56 AM   :::   08:55:56.2874146

::::::::::: AcquireRequestState Request called at 10/18/2018 8:55:56 AM   :::   08:55:56.2884102

::::::::::: PostAcquireRequestState Request called at 10/18/2018 8:55:56 AM   :::   08:55:56.2894152

::::::::::: PreRequestHandlerExecute Request called at 10/18/2018 8:55:56 AM   :::   08:55:56.2914135

::::::::::: PreSendRequestContent Request called at 10/18/2018 8:56:02 AM   :::   08:56:02.1204154

::::::::::: PreSendRequestHeaders Request called at 10/18/2018 8:56:02 AM   :::   08:56:02.1234144

::::::::::: PostRequestHandlerExecute Request called at 10/18/2018 8:56:02 AM   :::   08:56:02.1424137

::::::::::: ReleaseRequestState Request called at 10/18/2018 8:56:02 AM   :::   08:56:02.1444139

::::::::::: PostReleaseRequestState Request called at 10/18/2018 8:56:02 AM   :::   08:56:02.1464150

::::::::::: UpdateRequestCache Request called at 10/18/2018 8:56:02 AM   :::   08:56:02.1514142

::::::::::: EndRequest Request called at 10/18/2018 8:56:02 AM   :::   08:56:02.1544139

::::::::::: PreSendRequestContent Request called at 10/18/2018 8:56:02 AM   :::   08:56:02.1564150

::::::::::: BeginRequest Request called at 10/18/2018 8:56:02 AM   :::   08:56:02.4374127

::::::::::: AuthenticateRequest Request called at 10/18/2018 8:56:02 AM   :::   08:56:02.4394122

::::::::::: PostAuthenticateRequest Request called at 10/18/2018 8:56:02 AM   :::   08:56:02.4414128

::::::::::: AuthorizeRequest Request called at 10/18/2018 8:56:02 AM   :::   08:56:02.4424116

::::::::::: PostAuthorizeRequest Request called at 10/18/2018 8:56:02 AM   :::   08:56:02.4444126

::::::::::: End Request called at 10/18/2018 8:56:02 AM   :::   08:56:02.4464132

::::::::::: PostResolveRequestCache Request called at 10/18/2018 8:56:02 AM   :::   08:56:02.4484103

::::::::::: AcquireRequestState Request called at 10/18/2018 8:56:02 AM   :::   08:56:02.4504109

::::::::::: PostAcquireRequestState Request called at 10/18/2018 8:56:02 AM   :::   08:56:02.4524108

::::::::::: PreRequestHandlerExecute Request called at 10/18/2018 8:56:02 AM   :::   08:56:02.4534131

::::::::::: PreSendRequestContent Request called at 10/18/2018 8:56:09 AM   :::   08:56:09.5023816

::::::::::: PreSendRequestHeaders Request called at 10/18/2018 8:56:09 AM   :::   08:56:09.5033795

::::::::::: PostRequestHandlerExecute Request called at 10/18/2018 8:56:09 AM   :::   08:56:09.5063809

::::::::::: ReleaseRequestState Request called at 10/18/2018 8:56:09 AM   :::   08:56:09.5083811

::::::::::: PostReleaseRequestState Request called at 10/18/2018 8:56:09 AM   :::   08:56:09.5093803

::::::::::: UpdateRequestCache Request called at 10/18/2018 8:56:09 AM   :::   08:56:09.5113793

::::::::::: EndRequest Request called at 10/18/2018 8:56:09 AM   :::   08:56:09.5123800

::::::::::: PreSendRequestContent Request called at 10/18/2018 8:56:09 AM   :::   08:56:09.5143799

::::::::::: BeginRequest Request called at 10/18/2018 9:02:20 AM   :::   09:02:20.7135045

::::::::::: AuthenticateRequest Request called at 10/18/2018 9:02:20 AM   :::   09:02:20.7215042

::::::::::: PostAuthenticateRequest Request called at 10/18/2018 9:02:20 AM   :::   09:02:20.7265011

::::::::::: AuthorizeRequest Request called at 10/18/2018 9:02:20 AM   :::   09:02:20.7295028

::::::::::: PostAuthorizeRequest Request called at 10/18/2018 9:02:20 AM   :::   09:02:20.7315007

::::::::::: End Request called at 10/18/2018 9:02:20 AM   :::   09:02:20.7335033

::::::::::: PostResolveRequestCache Request called at 10/18/2018 9:02:20 AM   :::   09:02:20.7945021

::::::::::: AcquireRequestState Request called at 10/18/2018 9:02:20 AM   :::   09:02:20.8295001

::::::::::: PostAcquireRequestState Request called at 10/18/2018 9:02:20 AM   :::   09:02:20.8355016

::::::::::: PreRequestHandlerExecute Request called at 10/18/2018 9:02:20 AM   :::   09:02:20.8375023

::::::::::: PostRequestHandlerExecute Request called at 10/18/2018 9:02:22 AM   :::   09:02:22.5805066

::::::::::: ReleaseRequestState Request called at 10/18/2018 9:02:22 AM   :::   09:02:22.5855034

::::::::::: PostReleaseRequestState Request called at 10/18/2018 9:02:22 AM   :::   09:02:22.5935036

::::::::::: UpdateRequestCache Request called at 10/18/2018 9:02:22 AM   :::   09:02:22.6495035

::::::::::: EndRequest Request called at 10/18/2018 9:02:22 AM   :::   09:02:22.6525029

::::::::::: PreSendRequestContent Request called at 10/18/2018 9:02:22 AM   :::   09:02:22.6585036

::::::::::: PreSendRequestHeaders Request called at 10/18/2018 9:02:22 AM   :::   09:02:22.6605031

::::::::::: BeginRequest Request called at 10/18/2018 9:02:27 AM   :::   09:02:27.5521010

::::::::::: AuthenticateRequest Request called at 10/18/2018 9:02:27 AM   :::   09:02:27.5541004

::::::::::: PostAuthenticateRequest Request called at 10/18/2018 9:02:27 AM   :::   09:02:27.5581017

::::::::::: AuthorizeRequest Request called at 10/18/2018 9:02:27 AM   :::   09:02:27.5601007

::::::::::: PostAuthorizeRequest Request called at 10/18/2018 9:02:27 AM   :::   09:02:27.5621006

::::::::::: End Request called at 10/18/2018 9:02:27 AM   :::   09:02:27.5631005

::::::::::: PostResolveRequestCache Request called at 10/18/2018 9:02:27 AM   :::   09:02:27.5671030

::::::::::: AcquireRequestState Request called at 10/18/2018 9:02:27 AM   :::   09:02:27.5691008

::::::::::: PostAcquireRequestState Request called at 10/18/2018 9:02:27 AM   :::   09:02:27.5711015

::::::::::: PreRequestHandlerExecute Request called at 10/18/2018 9:02:27 AM   :::   09:02:27.5751011

::::::::::: PreSendRequestContent Request called at 10/18/2018 9:02:33 AM   :::   09:02:33.3420996

::::::::::: PreSendRequestHeaders Request called at 10/18/2018 9:02:33 AM   :::   09:02:33.3431015

::::::::::: PostRequestHandlerExecute Request called at 10/18/2018 9:02:33 AM   :::   09:02:33.3611029

::::::::::: ReleaseRequestState Request called at 10/18/2018 9:02:33 AM   :::   09:02:33.3621036

::::::::::: PostReleaseRequestState Request called at 10/18/2018 9:02:33 AM   :::   09:02:33.3641034

::::::::::: UpdateRequestCache Request called at 10/18/2018 9:02:33 AM   :::   09:02:33.3671032

::::::::::: EndRequest Request called at 10/18/2018 9:02:33 AM   :::   09:02:33.3691026

::::::::::: PreSendRequestContent Request called at 10/18/2018 9:02:33 AM   :::   09:02:33.3711017

::::::::::: BeginRequest Request called at 10/18/2018 9:02:33 AM   :::   09:02:33.6710980

::::::::::: AuthenticateRequest Request called at 10/18/2018 9:02:33 AM   :::   09:02:33.6720987

::::::::::: PostAuthenticateRequest Request called at 10/18/2018 9:02:33 AM   :::   09:02:33.6740981

::::::::::: AuthorizeRequest Request called at 10/18/2018 9:02:33 AM   :::   09:02:33.6761023

::::::::::: PostAuthorizeRequest Request called at 10/18/2018 9:02:33 AM   :::   09:02:33.6771015

::::::::::: End Request called at 10/18/2018 9:02:33 AM   :::   09:02:33.6791001

::::::::::: PostResolveRequestCache Request called at 10/18/2018 9:02:33 AM   :::   09:02:33.6811011

::::::::::: AcquireRequestState Request called at 10/18/2018 9:02:33 AM   :::   09:02:33.6831010

::::::::::: PostAcquireRequestState Request called at 10/18/2018 9:02:33 AM   :::   09:02:33.6841033

::::::::::: PreRequestHandlerExecute Request called at 10/18/2018 9:02:33 AM   :::   09:02:33.6861019

::::::::::: PreSendRequestContent Request called at 10/18/2018 9:02:39 AM   :::   09:02:39.1951001

::::::::::: PreSendRequestHeaders Request called at 10/18/2018 9:02:39 AM   :::   09:02:39.1961023

::::::::::: PostRequestHandlerExecute Request called at 10/18/2018 9:02:39 AM   :::   09:02:39.2001048

::::::::::: ReleaseRequestState Request called at 10/18/2018 9:02:39 AM   :::   09:02:39.2011035

::::::::::: PostReleaseRequestState Request called at 10/18/2018 9:02:39 AM   :::   09:02:39.2041049

::::::::::: UpdateRequestCache Request called at 10/18/2018 9:02:39 AM   :::   09:02:39.2061043

::::::::::: EndRequest Request called at 10/18/2018 9:02:39 AM   :::   09:02:39.2091037

::::::::::: PreSendRequestContent Request called at 10/18/2018 9:02:39 AM   :::   09:02:39.2121027

::::::::::: BeginRequest Request called at 10/18/2018 9:03:31 AM   :::   09:03:31.8592917

::::::::::: AuthenticateRequest Request called at 10/18/2018 9:03:31 AM   :::   09:03:31.8682894

::::::::::: PostAuthenticateRequest Request called at 10/18/2018 9:03:31 AM   :::   09:03:31.8732898

::::::::::: AuthorizeRequest Request called at 10/18/2018 9:03:31 AM   :::   09:03:31.8762900

::::::::::: PostAuthorizeRequest Request called at 10/18/2018 9:03:31 AM   :::   09:03:31.8802889

::::::::::: End Request called at 10/18/2018 9:03:31 AM   :::   09:03:31.8822887

::::::::::: PostResolveRequestCache Request called at 10/18/2018 9:03:31 AM   :::   09:03:31.9362912

::::::::::: AcquireRequestState Request called at 10/18/2018 9:03:31 AM   :::   09:03:31.9502893

::::::::::: PostAcquireRequestState Request called at 10/18/2018 9:03:31 AM   :::   09:03:31.9542910

::::::::::: PreRequestHandlerExecute Request called at 10/18/2018 9:03:31 AM   :::   09:03:31.9722892

::::::::::: PostRequestHandlerExecute Request called at 10/18/2018 9:03:33 AM   :::   09:03:33.5562905

::::::::::: ReleaseRequestState Request called at 10/18/2018 9:03:33 AM   :::   09:03:33.5612905

::::::::::: PostReleaseRequestState Request called at 10/18/2018 9:03:33 AM   :::   09:03:33.5642883

::::::::::: UpdateRequestCache Request called at 10/18/2018 9:03:33 AM   :::   09:03:33.6512898

::::::::::: EndRequest Request called at 10/18/2018 9:03:33 AM   :::   09:03:33.6592916

::::::::::: PreSendRequestContent Request called at 10/18/2018 9:03:33 AM   :::   09:03:33.6712910

::::::::::: PreSendRequestHeaders Request called at 10/18/2018 9:03:33 AM   :::   09:03:33.6752907

::::::::::: BeginRequest Request called at 10/18/2018 9:03:39 AM   :::   09:03:39.8494930

::::::::::: AuthenticateRequest Request called at 10/18/2018 9:03:39 AM   :::   09:03:39.8504914

::::::::::: PostAuthenticateRequest Request called at 10/18/2018 9:03:39 AM   :::   09:03:39.8524904

::::::::::: AuthorizeRequest Request called at 10/18/2018 9:03:39 AM   :::   09:03:39.8544907

::::::::::: PostAuthorizeRequest Request called at 10/18/2018 9:03:39 AM   :::   09:03:39.8564933

::::::::::: End Request called at 10/18/2018 9:03:39 AM   :::   09:03:39.8574916

::::::::::: PostResolveRequestCache Request called at 10/18/2018 9:03:39 AM   :::   09:03:39.8664921

::::::::::: AcquireRequestState Request called at 10/18/2018 9:03:39 AM   :::   09:03:39.8684923

::::::::::: PostAcquireRequestState Request called at 10/18/2018 9:03:39 AM   :::   09:03:39.8694923

::::::::::: PreRequestHandlerExecute Request called at 10/18/2018 9:03:39 AM   :::   09:03:39.8714917

::::::::::: PreSendRequestContent Request called at 10/18/2018 9:03:46 AM   :::   09:03:46.0734961

::::::::::: PreSendRequestHeaders Request called at 10/18/2018 9:03:46 AM   :::   09:03:46.0754927

::::::::::: PostRequestHandlerExecute Request called at 10/18/2018 9:03:46 AM   :::   09:03:46.0934945

::::::::::: ReleaseRequestState Request called at 10/18/2018 9:03:46 AM   :::   09:03:46.0954932

::::::::::: PostReleaseRequestState Request called at 10/18/2018 9:03:46 AM   :::   09:03:46.0964950

::::::::::: UpdateRequestCache Request called at 10/18/2018 9:03:46 AM   :::   09:03:46.0984957

::::::::::: EndRequest Request called at 10/18/2018 9:03:46 AM   :::   09:03:46.1004936

::::::::::: PreSendRequestContent Request called at 10/18/2018 9:03:46 AM   :::   09:03:46.1024942

::::::::::: BeginRequest Request called at 10/18/2018 9:03:46 AM   :::   09:03:46.3794923

::::::::::: AuthenticateRequest Request called at 10/18/2018 9:03:46 AM   :::   09:03:46.3814941

::::::::::: PostAuthenticateRequest Request called at 10/18/2018 9:03:46 AM   :::   09:03:46.3834927

::::::::::: AuthorizeRequest Request called at 10/18/2018 9:03:46 AM   :::   09:03:46.3854934

::::::::::: PostAuthorizeRequest Request called at 10/18/2018 9:03:46 AM   :::   09:03:46.3904942

::::::::::: End Request called at 10/18/2018 9:03:46 AM   :::   09:03:46.3954954

::::::::::: PostResolveRequestCache Request called at 10/18/2018 9:03:46 AM   :::   09:03:46.4004938

::::::::::: AcquireRequestState Request called at 10/18/2018 9:03:46 AM   :::   09:03:46.4084947

::::::::::: PostAcquireRequestState Request called at 10/18/2018 9:03:46 AM   :::   09:03:46.4174940

::::::::::: PreRequestHandlerExecute Request called at 10/18/2018 9:03:46 AM   :::   09:03:46.4194951

::::::::::: PreSendRequestContent Request called at 10/18/2018 9:03:57 AM   :::   09:03:57.4205716

::::::::::: PreSendRequestHeaders Request called at 10/18/2018 9:03:57 AM   :::   09:03:57.4225742

::::::::::: PostRequestHandlerExecute Request called at 10/18/2018 9:03:57 AM   :::   09:03:57.4355736

::::::::::: ReleaseRequestState Request called at 10/18/2018 9:03:57 AM   :::   09:03:57.4385717

::::::::::: PostReleaseRequestState Request called at 10/18/2018 9:03:57 AM   :::   09:03:57.4405744

::::::::::: UpdateRequestCache Request called at 10/18/2018 9:03:57 AM   :::   09:03:57.4585710

::::::::::: EndRequest Request called at 10/18/2018 9:03:57 AM   :::   09:03:57.4615727

::::::::::: PreSendRequestContent Request called at 10/18/2018 9:03:57 AM   :::   09:03:57.4625734

::::::::::: BeginRequest Request called at 10/18/2018 9:04:48 AM   :::   09:04:48.1548742

::::::::::: AuthenticateRequest Request called at 10/18/2018 9:04:48 AM   :::   09:04:48.1638747

::::::::::: PostAuthenticateRequest Request called at 10/18/2018 9:04:48 AM   :::   09:04:48.1708765

::::::::::: AuthorizeRequest Request called at 10/18/2018 9:04:48 AM   :::   09:04:48.1738743

::::::::::: PostAuthorizeRequest Request called at 10/18/2018 9:04:48 AM   :::   09:04:48.1768745

::::::::::: End Request called at 10/18/2018 9:04:48 AM   :::   09:04:48.1818737

::::::::::: PostResolveRequestCache Request called at 10/18/2018 9:04:48 AM   :::   09:04:48.3188748

::::::::::: AcquireRequestState Request called at 10/18/2018 9:04:48 AM   :::   09:04:48.3498756

::::::::::: PostAcquireRequestState Request called at 10/18/2018 9:04:48 AM   :::   09:04:48.3528749

::::::::::: PreRequestHandlerExecute Request called at 10/18/2018 9:04:48 AM   :::   09:04:48.3548740

::::::::::: PostRequestHandlerExecute Request called at 10/18/2018 9:04:51 AM   :::   09:04:51.2558762

::::::::::: ReleaseRequestState Request called at 10/18/2018 9:04:51 AM   :::   09:04:51.2568730

::::::::::: PostReleaseRequestState Request called at 10/18/2018 9:04:51 AM   :::   09:04:51.2588771

::::::::::: UpdateRequestCache Request called at 10/18/2018 9:04:51 AM   :::   09:04:51.2958715

::::::::::: EndRequest Request called at 10/18/2018 9:04:51 AM   :::   09:04:51.2978737

::::::::::: PreSendRequestContent Request called at 10/18/2018 9:04:51 AM   :::   09:04:51.3048775

::::::::::: PreSendRequestHeaders Request called at 10/18/2018 9:04:51 AM   :::   09:04:51.3068722

::::::::::: BeginRequest Request called at 10/18/2018 9:04:51 AM   :::   09:04:51.3768750

::::::::::: AuthenticateRequest Request called at 10/18/2018 9:04:51 AM   :::   09:04:51.3778757

::::::::::: PostAuthenticateRequest Request called at 10/18/2018 9:04:51 AM   :::   09:04:51.3798724

::::::::::: AuthorizeRequest Request called at 10/18/2018 9:04:51 AM   :::   09:04:51.3808755

::::::::::: PostAuthorizeRequest Request called at 10/18/2018 9:04:51 AM   :::   09:04:51.3828746

::::::::::: End Request called at 10/18/2018 9:04:51 AM   :::   09:04:51.3838761

::::::::::: PostResolveRequestCache Request called at 10/18/2018 9:04:51 AM   :::   09:04:51.3878730

::::::::::: AcquireRequestState Request called at 10/18/2018 9:04:51 AM   :::   09:04:51.3898732

::::::::::: PostAcquireRequestState Request called at 10/18/2018 9:04:51 AM   :::   09:04:51.3918754

::::::::::: PreRequestHandlerExecute Request called at 10/18/2018 9:04:51 AM   :::   09:04:51.3928761

::::::::::: PreSendRequestContent Request called at 10/18/2018 9:04:57 AM   :::   09:04:57.3475982

::::::::::: PreSendRequestHeaders Request called at 10/18/2018 9:04:57 AM   :::   09:04:57.3486159

::::::::::: PostRequestHandlerExecute Request called at 10/18/2018 9:04:57 AM   :::   09:04:57.3675982

::::::::::: ReleaseRequestState Request called at 10/18/2018 9:04:57 AM   :::   09:04:57.3695985

::::::::::: PostReleaseRequestState Request called at 10/18/2018 9:04:57 AM   :::   09:04:57.3705996

::::::::::: UpdateRequestCache Request called at 10/18/2018 9:04:57 AM   :::   09:04:57.3715995

::::::::::: EndRequest Request called at 10/18/2018 9:04:57 AM   :::   09:04:57.3735977

::::::::::: PreSendRequestContent Request called at 10/18/2018 9:04:57 AM   :::   09:04:57.3745989

::::::::::: BeginRequest Request called at 10/18/2018 9:04:57 AM   :::   09:04:57.6045982

::::::::::: AuthenticateRequest Request called at 10/18/2018 9:04:57 AM   :::   09:04:57.6055990

::::::::::: PostAuthenticateRequest Request called at 10/18/2018 9:04:57 AM   :::   09:04:57.6066170

::::::::::: AuthorizeRequest Request called at 10/18/2018 9:04:57 AM   :::   09:04:57.6085967

::::::::::: PostAuthorizeRequest Request called at 10/18/2018 9:04:57 AM   :::   09:04:57.6095979

::::::::::: End Request called at 10/18/2018 9:04:57 AM   :::   09:04:57.6105986

::::::::::: PostResolveRequestCache Request called at 10/18/2018 9:04:57 AM   :::   09:04:57.6126028

::::::::::: AcquireRequestState Request called at 10/18/2018 9:04:57 AM   :::   09:04:57.6136189

::::::::::: PostAcquireRequestState Request called at 10/18/2018 9:04:57 AM   :::   09:04:57.6156179

::::::::::: PreRequestHandlerExecute Request called at 10/18/2018 9:04:57 AM   :::   09:04:57.6166005

::::::::::: PreSendRequestContent Request called at 10/18/2018 9:05:00 AM   :::   09:05:00.9426062

::::::::::: PreSendRequestHeaders Request called at 10/18/2018 9:05:00 AM   :::   09:05:00.9455791

::::::::::: PostRequestHandlerExecute Request called at 10/18/2018 9:05:00 AM   :::   09:05:00.9495819

::::::::::: ReleaseRequestState Request called at 10/18/2018 9:05:00 AM   :::   09:05:00.9535793

::::::::::: PostReleaseRequestState Request called at 10/18/2018 9:05:00 AM   :::   09:05:00.9565853

::::::::::: UpdateRequestCache Request called at 10/18/2018 9:05:00 AM   :::   09:05:00.9595792

::::::::::: EndRequest Request called at 10/18/2018 9:05:00 AM   :::   09:05:00.9635789

::::::::::: PreSendRequestContent Request called at 10/18/2018 9:05:00 AM   :::   09:05:00.9695812

::::::::::: BeginRequest Request called at 10/18/2018 9:05:45 AM   :::   09:05:45.5787337

::::::::::: AuthenticateRequest Request called at 10/18/2018 9:05:45 AM   :::   09:05:45.5807395

::::::::::: PostAuthenticateRequest Request called at 10/18/2018 9:05:45 AM   :::   09:05:45.5867339

::::::::::: AuthorizeRequest Request called at 10/18/2018 9:05:45 AM   :::   09:05:45.5937353

::::::::::: PostAuthorizeRequest Request called at 10/18/2018 9:05:45 AM   :::   09:05:45.5967378

::::::::::: End Request called at 10/18/2018 9:05:45 AM   :::   09:05:45.6007351

::::::::::: PostResolveRequestCache Request called at 10/18/2018 9:05:45 AM   :::   09:05:45.6027342

::::::::::: AcquireRequestState Request called at 10/18/2018 9:05:45 AM   :::   09:05:45.6037373

::::::::::: PostAcquireRequestState Request called at 10/18/2018 9:05:45 AM   :::   09:05:45.6067370

::::::::::: PreRequestHandlerExecute Request called at 10/18/2018 9:05:45 AM   :::   09:05:45.6087341

::::::::::: PostRequestHandlerExecute Request called at 10/18/2018 9:05:45 AM   :::   09:05:45.6177354

::::::::::: ReleaseRequestState Request called at 10/18/2018 9:05:45 AM   :::   09:05:45.6187353

::::::::::: PostReleaseRequestState Request called at 10/18/2018 9:05:45 AM   :::   09:05:45.6217627

::::::::::: UpdateRequestCache Request called at 10/18/2018 9:05:45 AM   :::   09:05:45.6267339

::::::::::: EndRequest Request called at 10/18/2018 9:05:45 AM   :::   09:05:45.6287357

::::::::::: PreSendRequestContent Request called at 10/18/2018 9:05:45 AM   :::   09:05:45.6307332

::::::::::: PreSendRequestHeaders Request called at 10/18/2018 9:05:45 AM   :::   09:05:45.6327342

::::::::::: BeginRequest Request called at 10/18/2018 9:05:46 AM   :::   09:05:46.0917351

::::::::::: AuthenticateRequest Request called at 10/18/2018 9:05:46 AM   :::   09:05:46.0927326

::::::::::: PostAuthenticateRequest Request called at 10/18/2018 9:05:46 AM   :::   09:05:46.0947348

::::::::::: AuthorizeRequest Request called at 10/18/2018 9:05:46 AM   :::   09:05:46.0957344

::::::::::: PostAuthorizeRequest Request called at 10/18/2018 9:05:46 AM   :::   09:05:46.0977330

::::::::::: End Request called at 10/18/2018 9:05:46 AM   :::   09:05:46.0987325

::::::::::: PostResolveRequestCache Request called at 10/18/2018 9:05:46 AM   :::   09:05:46.1007320

::::::::::: AcquireRequestState Request called at 10/18/2018 9:05:46 AM   :::   09:05:46.1027346

::::::::::: PostAcquireRequestState Request called at 10/18/2018 9:05:46 AM   :::   09:05:46.1047368

::::::::::: PreRequestHandlerExecute Request called at 10/18/2018 9:05:46 AM   :::   09:05:46.1057351

::::::::::: PostRequestHandlerExecute Request called at 10/18/2018 9:05:46 AM   :::   09:05:46.1277338

::::::::::: ReleaseRequestState Request called at 10/18/2018 9:05:46 AM   :::   09:05:46.1297333

::::::::::: PostReleaseRequestState Request called at 10/18/2018 9:05:46 AM   :::   09:05:46.1307348

::::::::::: UpdateRequestCache Request called at 10/18/2018 9:05:46 AM   :::   09:05:46.1327346

::::::::::: EndRequest Request called at 10/18/2018 9:05:46 AM   :::   09:05:46.1347349

::::::::::: PreSendRequestContent Request called at 10/18/2018 9:05:46 AM   :::   09:05:46.1377334

::::::::::: PreSendRequestHeaders Request called at 10/18/2018 9:05:46 AM   :::   09:05:46.1397325

::::::::::: BeginRequest Request called at 10/18/2018 9:05:53 AM   :::   09:05:53.6487338

::::::::::: AuthenticateRequest Request called at 10/18/2018 9:05:53 AM   :::   09:05:53.6517363

::::::::::: PostAuthenticateRequest Request called at 10/18/2018 9:05:53 AM   :::   09:05:53.6527370

::::::::::: AuthorizeRequest Request called at 10/18/2018 9:05:53 AM   :::   09:05:53.6547353

::::::::::: PostAuthorizeRequest Request called at 10/18/2018 9:05:53 AM   :::   09:05:53.6567367

::::::::::: End Request called at 10/18/2018 9:05:53 AM   :::   09:05:53.6577362

::::::::::: PostResolveRequestCache Request called at 10/18/2018 9:05:53 AM   :::   09:05:53.6607360

::::::::::: AcquireRequestState Request called at 10/18/2018 9:05:53 AM   :::   09:05:53.6617359

::::::::::: PostAcquireRequestState Request called at 10/18/2018 9:05:53 AM   :::   09:05:53.6637346

::::::::::: PreRequestHandlerExecute Request called at 10/18/2018 9:05:53 AM   :::   09:05:53.6647353

::::::::::: PreSendRequestContent Request called at 10/18/2018 9:05:56 AM   :::   09:05:56.3297350

::::::::::: PreSendRequestHeaders Request called at 10/18/2018 9:05:56 AM   :::   09:05:56.3307409

::::::::::: PostRequestHandlerExecute Request called at 10/18/2018 9:05:56 AM   :::   09:05:56.3427348

::::::::::: ReleaseRequestState Request called at 10/18/2018 9:05:56 AM   :::   09:05:56.3447358

::::::::::: PostReleaseRequestState Request called at 10/18/2018 9:05:56 AM   :::   09:05:56.3467372

::::::::::: UpdateRequestCache Request called at 10/18/2018 9:05:56 AM   :::   09:05:56.3477348

::::::::::: EndRequest Request called at 10/18/2018 9:05:56 AM   :::   09:05:56.3497374

::::::::::: PreSendRequestContent Request called at 10/18/2018 9:05:56 AM   :::   09:05:56.3517349

::::::::::: BeginRequest Request called at 10/18/2018 9:05:56 AM   :::   09:05:56.5607343

::::::::::: AuthenticateRequest Request called at 10/18/2018 9:05:56 AM   :::   09:05:56.5617339

::::::::::: PostAuthenticateRequest Request called at 10/18/2018 9:05:56 AM   :::   09:05:56.5627401

::::::::::: AuthorizeRequest Request called at 10/18/2018 9:05:56 AM   :::   09:05:56.5637558

::::::::::: PostAuthorizeRequest Request called at 10/18/2018 9:05:56 AM   :::   09:05:56.5647395

::::::::::: End Request called at 10/18/2018 9:05:56 AM   :::   09:05:56.5657387

::::::::::: PostResolveRequestCache Request called at 10/18/2018 9:05:56 AM   :::   09:05:56.5677393

::::::::::: AcquireRequestState Request called at 10/18/2018 9:05:56 AM   :::   09:05:56.5687345

::::::::::: PostAcquireRequestState Request called at 10/18/2018 9:05:56 AM   :::   09:05:56.5707351

::::::::::: PreRequestHandlerExecute Request called at 10/18/2018 9:05:56 AM   :::   09:05:56.5727358

::::::::::: PreSendRequestContent Request called at 10/18/2018 9:05:59 AM   :::   09:05:59.7100401

::::::::::: PreSendRequestHeaders Request called at 10/18/2018 9:05:59 AM   :::   09:05:59.7140429

::::::::::: PostRequestHandlerExecute Request called at 10/18/2018 9:05:59 AM   :::   09:05:59.7230509

::::::::::: ReleaseRequestState Request called at 10/18/2018 9:05:59 AM   :::   09:05:59.7340492

::::::::::: PostReleaseRequestState Request called at 10/18/2018 9:05:59 AM   :::   09:05:59.7410455

::::::::::: UpdateRequestCache Request called at 10/18/2018 9:05:59 AM   :::   09:05:59.7440678

::::::::::: EndRequest Request called at 10/18/2018 9:05:59 AM   :::   09:05:59.7470640

::::::::::: PreSendRequestContent Request called at 10/18/2018 9:05:59 AM   :::   09:05:59.7510432

::::::::::: BeginRequest Request called at 10/18/2018 9:07:33 AM   :::   09:07:33.0610028

::::::::::: AuthenticateRequest Request called at 10/18/2018 9:07:33 AM   :::   09:07:33.0620027

::::::::::: PostAuthenticateRequest Request called at 10/18/2018 9:07:33 AM   :::   09:07:33.0630014

::::::::::: AuthorizeRequest Request called at 10/18/2018 9:07:33 AM   :::   09:07:33.0640053

::::::::::: PostAuthorizeRequest Request called at 10/18/2018 9:07:33 AM   :::   09:07:33.0650009

::::::::::: End Request called at 10/18/2018 9:07:33 AM   :::   09:07:33.0660043

::::::::::: PostResolveRequestCache Request called at 10/18/2018 9:07:33 AM   :::   09:07:33.0680212

::::::::::: AcquireRequestState Request called at 10/18/2018 9:07:33 AM   :::   09:07:33.0700234

::::::::::: PostAcquireRequestState Request called at 10/18/2018 9:07:33 AM   :::   09:07:33.0720058

::::::::::: PreRequestHandlerExecute Request called at 10/18/2018 9:07:33 AM   :::   09:07:33.0729998

::::::::::: PreSendRequestContent Request called at 10/18/2018 9:07:35 AM   :::   09:07:35.3963319

::::::::::: PreSendRequestHeaders Request called at 10/18/2018 9:07:35 AM   :::   09:07:35.3973468

::::::::::: PostRequestHandlerExecute Request called at 10/18/2018 9:07:35 AM   :::   09:07:35.4073243

::::::::::: ReleaseRequestState Request called at 10/18/2018 9:07:35 AM   :::   09:07:35.4083258

::::::::::: PostReleaseRequestState Request called at 10/18/2018 9:07:35 AM   :::   09:07:35.4093281

::::::::::: UpdateRequestCache Request called at 10/18/2018 9:07:35 AM   :::   09:07:35.4113263

::::::::::: EndRequest Request called at 10/18/2018 9:07:35 AM   :::   09:07:35.4123306

::::::::::: PreSendRequestContent Request called at 10/18/2018 9:07:35 AM   :::   09:07:35.4143265

::::::::::: BeginRequest Request called at 10/18/2018 9:07:35 AM   :::   09:07:35.4723295

::::::::::: AuthenticateRequest Request called at 10/18/2018 9:07:35 AM   :::   09:07:35.4743258

::::::::::: PostAuthenticateRequest Request called at 10/18/2018 9:07:35 AM   :::   09:07:35.4753308

::::::::::: AuthorizeRequest Request called at 10/18/2018 9:07:35 AM   :::   09:07:35.4763256

::::::::::: PostAuthorizeRequest Request called at 10/18/2018 9:07:35 AM   :::   09:07:35.4773291

::::::::::: End Request called at 10/18/2018 9:07:35 AM   :::   09:07:35.4783254

::::::::::: PostResolveRequestCache Request called at 10/18/2018 9:07:35 AM   :::   09:07:35.4803257

::::::::::: AcquireRequestState Request called at 10/18/2018 9:07:35 AM   :::   09:07:35.4813434

::::::::::: PostAcquireRequestState Request called at 10/18/2018 9:07:35 AM   :::   09:07:35.4823263

::::::::::: PreRequestHandlerExecute Request called at 10/18/2018 9:07:35 AM   :::   09:07:35.4843266

::::::::::: PreSendRequestContent Request called at 10/18/2018 9:07:37 AM   :::   09:07:37.7803358

::::::::::: PreSendRequestHeaders Request called at 10/18/2018 9:07:37 AM   :::   09:07:37.7813365

::::::::::: PostRequestHandlerExecute Request called at 10/18/2018 9:07:37 AM   :::   09:07:37.7833379

::::::::::: ReleaseRequestState Request called at 10/18/2018 9:07:37 AM   :::   09:07:37.7863389

::::::::::: PostReleaseRequestState Request called at 10/18/2018 9:07:37 AM   :::   09:07:37.7873388

::::::::::: UpdateRequestCache Request called at 10/18/2018 9:07:37 AM   :::   09:07:37.7893379

::::::::::: EndRequest Request called at 10/18/2018 9:07:37 AM   :::   09:07:37.7903382

::::::::::: PreSendRequestContent Request called at 10/18/2018 9:07:37 AM   :::   09:07:37.7923388

::::::::::: BeginRequest Request called at 10/18/2018 9:22:16 AM   :::   09:22:16.7595577

::::::::::: AuthenticateRequest Request called at 10/18/2018 9:22:16 AM   :::   09:22:16.7675583

::::::::::: PostAuthenticateRequest Request called at 10/18/2018 9:22:16 AM   :::   09:22:16.7735594

::::::::::: AuthorizeRequest Request called at 10/18/2018 9:22:16 AM   :::   09:22:16.7765576

::::::::::: PostAuthorizeRequest Request called at 10/18/2018 9:22:16 AM   :::   09:22:16.7785566

::::::::::: End Request called at 10/18/2018 9:22:16 AM   :::   09:22:16.7815635

::::::::::: PostResolveRequestCache Request called at 10/18/2018 9:22:16 AM   :::   09:22:16.8205597

::::::::::: AcquireRequestState Request called at 10/18/2018 9:22:16 AM   :::   09:22:16.8355561

::::::::::: PostAcquireRequestState Request called at 10/18/2018 9:22:16 AM   :::   09:22:16.8385582

::::::::::: PreRequestHandlerExecute Request called at 10/18/2018 9:22:16 AM   :::   09:22:16.8405569

::::::::::: PostRequestHandlerExecute Request called at 10/18/2018 9:22:18 AM   :::   09:22:18.0445556

::::::::::: ReleaseRequestState Request called at 10/18/2018 9:22:18 AM   :::   09:22:18.0475569

::::::::::: PostReleaseRequestState Request called at 10/18/2018 9:22:18 AM   :::   09:22:18.0495560

::::::::::: UpdateRequestCache Request called at 10/18/2018 9:22:18 AM   :::   09:22:18.1015764

::::::::::: EndRequest Request called at 10/18/2018 9:22:18 AM   :::   09:22:18.1045777

::::::::::: PreSendRequestContent Request called at 10/18/2018 9:22:18 AM   :::   09:22:18.1095548

::::::::::: PreSendRequestHeaders Request called at 10/18/2018 9:22:18 AM   :::   09:22:18.1115555

::::::::::: BeginRequest Request called at 10/18/2018 9:22:42 AM   :::   09:22:42.1530966

::::::::::: AuthenticateRequest Request called at 10/18/2018 9:22:42 AM   :::   09:22:42.1550957

::::::::::: PostAuthenticateRequest Request called at 10/18/2018 9:22:42 AM   :::   09:22:42.1571018

::::::::::: AuthorizeRequest Request called at 10/18/2018 9:22:42 AM   :::   09:22:42.1580994

::::::::::: PostAuthorizeRequest Request called at 10/18/2018 9:22:42 AM   :::   09:22:42.1590997

::::::::::: End Request called at 10/18/2018 9:22:42 AM   :::   09:22:42.1610992

::::::::::: PostResolveRequestCache Request called at 10/18/2018 9:22:42 AM   :::   09:22:42.1640997

::::::::::: AcquireRequestState Request called at 10/18/2018 9:22:42 AM   :::   09:22:42.1660988

::::::::::: PostAcquireRequestState Request called at 10/18/2018 9:22:42 AM   :::   09:22:42.1680958

::::::::::: PreRequestHandlerExecute Request called at 10/18/2018 9:22:42 AM   :::   09:22:42.1701000

::::::::::: PreSendRequestContent Request called at 10/18/2018 9:22:47 AM   :::   09:22:47.9245839

::::::::::: PreSendRequestHeaders Request called at 10/18/2018 9:22:47 AM   :::   09:22:47.9255759

::::::::::: PostRequestHandlerExecute Request called at 10/18/2018 9:22:47 AM   :::   09:22:47.9425785

::::::::::: ReleaseRequestState Request called at 10/18/2018 9:22:47 AM   :::   09:22:47.9435757

::::::::::: PostReleaseRequestState Request called at 10/18/2018 9:22:47 AM   :::   09:22:47.9445780

::::::::::: UpdateRequestCache Request called at 10/18/2018 9:22:47 AM   :::   09:22:47.9465849

::::::::::: EndRequest Request called at 10/18/2018 9:22:47 AM   :::   09:22:47.9475758

::::::::::: PreSendRequestContent Request called at 10/18/2018 9:22:47 AM   :::   09:22:47.9495756

::::::::::: BeginRequest Request called at 10/18/2018 9:23:14 AM   :::   09:23:14.4540095

::::::::::: AuthenticateRequest Request called at 10/18/2018 9:23:14 AM   :::   09:23:14.4570101

::::::::::: PostAuthenticateRequest Request called at 10/18/2018 9:23:14 AM   :::   09:23:14.4590088

::::::::::: AuthorizeRequest Request called at 10/18/2018 9:23:14 AM   :::   09:23:14.4620097

::::::::::: PostAuthorizeRequest Request called at 10/18/2018 9:23:14 AM   :::   09:23:14.4640111

::::::::::: End Request called at 10/18/2018 9:23:14 AM   :::   09:23:14.4660090

::::::::::: PostResolveRequestCache Request called at 10/18/2018 9:23:14 AM   :::   09:23:14.4680088

::::::::::: AcquireRequestState Request called at 10/18/2018 9:23:14 AM   :::   09:23:14.4710094

::::::::::: PostAcquireRequestState Request called at 10/18/2018 9:23:14 AM   :::   09:23:14.4730092

::::::::::: PreRequestHandlerExecute Request called at 10/18/2018 9:23:14 AM   :::   09:23:14.4740092

::::::::::: BeginRequest Request called at 10/18/2018 9:23:20 AM   :::   09:23:20.4425039

::::::::::: AuthenticateRequest Request called at 10/18/2018 9:23:20 AM   :::   09:23:20.4445034

::::::::::: PostAuthenticateRequest Request called at 10/18/2018 9:23:20 AM   :::   09:23:20.4475039

::::::::::: PreSendRequestContent Request called at 10/18/2018 9:23:20 AM   :::   09:23:20.4495022

::::::::::: PreSendRequestHeaders Request called at 10/18/2018 9:23:20 AM   :::   09:23:20.4685098

::::::::::: End Request called at 10/18/2018 9:23:20 AM   :::   09:23:20.4815056

::::::::::: PostRequestHandlerExecute Request called at 10/18/2018 9:23:20 AM   :::   09:23:20.4835023

::::::::::: ReleaseRequestState Request called at 10/18/2018 9:23:20 AM   :::   09:23:20.4865033

::::::::::: PostReleaseRequestState Request called at 10/18/2018 9:23:20 AM   :::   09:23:20.5015025

::::::::::: UpdateRequestCache Request called at 10/18/2018 9:23:20 AM   :::   09:23:20.5085015

::::::::::: EndRequest Request called at 10/18/2018 9:23:20 AM   :::   09:23:20.5155022

::::::::::: PreSendRequestContent Request called at 10/18/2018 9:23:20 AM   :::   09:23:20.5245050

::::::::::: PreSendRequestContent Request called at 10/18/2018 9:23:47 AM   :::   09:23:47.7656034

::::::::::: PreSendRequestHeaders Request called at 10/18/2018 9:23:47 AM   :::   09:23:47.7676195

::::::::::: PostRequestHandlerExecute Request called at 10/18/2018 9:23:47 AM   :::   09:23:47.7806023

::::::::::: ReleaseRequestState Request called at 10/18/2018 9:23:47 AM   :::   09:23:47.7836032

::::::::::: PostReleaseRequestState Request called at 10/18/2018 9:23:47 AM   :::   09:23:47.7856046

::::::::::: UpdateRequestCache Request called at 10/18/2018 9:23:47 AM   :::   09:23:47.7886032

::::::::::: EndRequest Request called at 10/18/2018 9:23:47 AM   :::   09:23:47.7896027

::::::::::: PreSendRequestContent Request called at 10/18/2018 9:23:47 AM   :::   09:23:47.7926064

::::::::::: BeginRequest Request called at 10/18/2018 9:23:47 AM   :::   09:23:47.9096048

::::::::::: AuthenticateRequest Request called at 10/18/2018 9:23:47 AM   :::   09:23:47.9116035

::::::::::: PostAuthenticateRequest Request called at 10/18/2018 9:23:47 AM   :::   09:23:47.9126046

::::::::::: AuthorizeRequest Request called at 10/18/2018 9:23:47 AM   :::   09:23:47.9146028

::::::::::: PostAuthorizeRequest Request called at 10/18/2018 9:23:47 AM   :::   09:23:47.9156020

::::::::::: End Request called at 10/18/2018 9:23:47 AM   :::   09:23:47.9176038

::::::::::: PostResolveRequestCache Request called at 10/18/2018 9:23:47 AM   :::   09:23:47.9186053

::::::::::: AcquireRequestState Request called at 10/18/2018 9:23:47 AM   :::   09:23:47.9206028

::::::::::: PostAcquireRequestState Request called at 10/18/2018 9:23:47 AM   :::   09:23:47.9216031

::::::::::: PreRequestHandlerExecute Request called at 10/18/2018 9:23:47 AM   :::   09:23:47.9236029

::::::::::: PreSendRequestContent Request called at 10/18/2018 9:23:51 AM   :::   09:23:51.7811174

::::::::::: PreSendRequestHeaders Request called at 10/18/2018 9:23:51 AM   :::   09:23:51.7851191

::::::::::: PostRequestHandlerExecute Request called at 10/18/2018 9:23:51 AM   :::   09:23:51.7921185

::::::::::: ReleaseRequestState Request called at 10/18/2018 9:23:51 AM   :::   09:23:51.7961170

::::::::::: PostReleaseRequestState Request called at 10/18/2018 9:23:51 AM   :::   09:23:51.7991184

::::::::::: UpdateRequestCache Request called at 10/18/2018 9:23:51 AM   :::   09:23:51.8101155

::::::::::: EndRequest Request called at 10/18/2018 9:23:51 AM   :::   09:23:51.8131200

::::::::::: PreSendRequestContent Request called at 10/18/2018 9:23:51 AM   :::   09:23:51.8181185

::::::::::: BeginRequest Request called at 10/18/2018 9:24:05 AM   :::   09:24:05.3490047

::::::::::: AuthenticateRequest Request called at 10/18/2018 9:24:05 AM   :::   09:24:05.3520041

::::::::::: PostAuthenticateRequest Request called at 10/18/2018 9:24:05 AM   :::   09:24:05.3550062

::::::::::: AuthorizeRequest Request called at 10/18/2018 9:24:05 AM   :::   09:24:05.3570053

::::::::::: PostAuthorizeRequest Request called at 10/18/2018 9:24:05 AM   :::   09:24:05.3600058

::::::::::: End Request called at 10/18/2018 9:24:05 AM   :::   09:24:05.3620037

::::::::::: PostResolveRequestCache Request called at 10/18/2018 9:24:05 AM   :::   09:24:05.3650062

::::::::::: AcquireRequestState Request called at 10/18/2018 9:24:05 AM   :::   09:24:05.3680036

::::::::::: PostAcquireRequestState Request called at 10/18/2018 9:24:05 AM   :::   09:24:05.3700043

::::::::::: PreRequestHandlerExecute Request called at 10/18/2018 9:24:05 AM   :::   09:24:05.3720041

::::::::::: PreSendRequestContent Request called at 10/18/2018 9:24:34 AM   :::   09:24:34.3158024

::::::::::: PreSendRequestHeaders Request called at 10/18/2018 9:24:34 AM   :::   09:24:34.3177971

::::::::::: PostRequestHandlerExecute Request called at 10/18/2018 9:24:34 AM   :::   09:24:34.3427975

::::::::::: ReleaseRequestState Request called at 10/18/2018 9:24:34 AM   :::   09:24:34.3457969

::::::::::: PostReleaseRequestState Request called at 10/18/2018 9:24:34 AM   :::   09:24:34.3477976

::::::::::: UpdateRequestCache Request called at 10/18/2018 9:24:34 AM   :::   09:24:34.3497978

::::::::::: EndRequest Request called at 10/18/2018 9:24:34 AM   :::   09:24:34.3517968

::::::::::: PreSendRequestContent Request called at 10/18/2018 9:24:34 AM   :::   09:24:34.3537987

::::::::::: BeginRequest Request called at 10/18/2018 9:24:34 AM   :::   09:24:34.4477961

::::::::::: AuthenticateRequest Request called at 10/18/2018 9:24:34 AM   :::   09:24:34.4487960

::::::::::: PostAuthenticateRequest Request called at 10/18/2018 9:24:34 AM   :::   09:24:34.4517989

::::::::::: AuthorizeRequest Request called at 10/18/2018 9:24:34 AM   :::   09:24:34.4537991

::::::::::: PostAuthorizeRequest Request called at 10/18/2018 9:24:34 AM   :::   09:24:34.4557978

::::::::::: End Request called at 10/18/2018 9:24:34 AM   :::   09:24:34.4577996

::::::::::: PostResolveRequestCache Request called at 10/18/2018 9:24:34 AM   :::   09:24:34.4597995

::::::::::: AcquireRequestState Request called at 10/18/2018 9:24:34 AM   :::   09:24:34.4628000

::::::::::: PostAcquireRequestState Request called at 10/18/2018 9:24:34 AM   :::   09:24:34.4647995

::::::::::: PreRequestHandlerExecute Request called at 10/18/2018 9:24:34 AM   :::   09:24:34.4667977

::::::::::: PreSendRequestContent Request called at 10/18/2018 9:24:38 AM   :::   09:24:38.0767161

::::::::::: PreSendRequestHeaders Request called at 10/18/2018 9:24:38 AM   :::   09:24:38.0827129

::::::::::: PostRequestHandlerExecute Request called at 10/18/2018 9:24:38 AM   :::   09:24:38.0917173

::::::::::: ReleaseRequestState Request called at 10/18/2018 9:24:38 AM   :::   09:24:38.1017169

::::::::::: PostReleaseRequestState Request called at 10/18/2018 9:24:38 AM   :::   09:24:38.1077172

::::::::::: UpdateRequestCache Request called at 10/18/2018 9:24:38 AM   :::   09:24:38.1137124

::::::::::: EndRequest Request called at 10/18/2018 9:24:38 AM   :::   09:24:38.1177105

::::::::::: PreSendRequestContent Request called at 10/18/2018 9:24:38 AM   :::   09:24:38.1217126

::::::::::: BeginRequest Request called at 10/18/2018 9:24:55 AM   :::   09:24:55.6886608

::::::::::: AuthenticateRequest Request called at 10/18/2018 9:24:55 AM   :::   09:24:55.6916570

::::::::::: PostAuthenticateRequest Request called at 10/18/2018 9:24:55 AM   :::   09:24:55.7026557

::::::::::: AuthorizeRequest Request called at 10/18/2018 9:24:55 AM   :::   09:24:55.7046560

::::::::::: PostAuthorizeRequest Request called at 10/18/2018 9:24:55 AM   :::   09:24:55.7066550

::::::::::: End Request called at 10/18/2018 9:24:55 AM   :::   09:24:55.7086556

::::::::::: PostResolveRequestCache Request called at 10/18/2018 9:24:55 AM   :::   09:24:55.7096568

::::::::::: AcquireRequestState Request called at 10/18/2018 9:24:55 AM   :::   09:24:55.7116550

::::::::::: PostAcquireRequestState Request called at 10/18/2018 9:24:55 AM   :::   09:24:55.7136557

::::::::::: PreRequestHandlerExecute Request called at 10/18/2018 9:24:55 AM   :::   09:24:55.7146564

::::::::::: PreSendRequestContent Request called at 10/18/2018 9:25:12 AM   :::   09:25:12.3384189

::::::::::: PreSendRequestHeaders Request called at 10/18/2018 9:25:12 AM   :::   09:25:12.3404179

::::::::::: PostRequestHandlerExecute Request called at 10/18/2018 9:25:12 AM   :::   09:25:12.3604160

::::::::::: ReleaseRequestState Request called at 10/18/2018 9:25:12 AM   :::   09:25:12.3624166

::::::::::: PostReleaseRequestState Request called at 10/18/2018 9:25:12 AM   :::   09:25:12.3644169

::::::::::: UpdateRequestCache Request called at 10/18/2018 9:25:12 AM   :::   09:25:12.3664183

::::::::::: EndRequest Request called at 10/18/2018 9:25:12 AM   :::   09:25:12.3684165

::::::::::: PreSendRequestContent Request called at 10/18/2018 9:25:12 AM   :::   09:25:12.3704160

::::::::::: BeginRequest Request called at 10/18/2018 9:25:36 AM   :::   09:25:36.5211768

::::::::::: AuthenticateRequest Request called at 10/18/2018 9:25:36 AM   :::   09:25:36.5241746

::::::::::: PostAuthenticateRequest Request called at 10/18/2018 9:25:36 AM   :::   09:25:36.5251761

::::::::::: AuthorizeRequest Request called at 10/18/2018 9:25:36 AM   :::   09:25:36.5271720

::::::::::: PostAuthorizeRequest Request called at 10/18/2018 9:25:36 AM   :::   09:25:36.5281727

::::::::::: End Request called at 10/18/2018 9:25:36 AM   :::   09:25:36.5301722

::::::::::: PostResolveRequestCache Request called at 10/18/2018 9:25:36 AM   :::   09:25:36.5311717

::::::::::: AcquireRequestState Request called at 10/18/2018 9:25:36 AM   :::   09:25:36.5331727

::::::::::: PostAcquireRequestState Request called at 10/18/2018 9:25:36 AM   :::   09:25:36.5341726

::::::::::: PreRequestHandlerExecute Request called at 10/18/2018 9:25:36 AM   :::   09:25:36.5351923

::::::::::: PreSendRequestContent Request called at 10/18/2018 9:25:55 AM   :::   09:25:55.9522398

::::::::::: PreSendRequestHeaders Request called at 10/18/2018 9:25:55 AM   :::   09:25:55.9582402

::::::::::: PostRequestHandlerExecute Request called at 10/18/2018 9:25:55 AM   :::   09:25:55.9692425

::::::::::: ReleaseRequestState Request called at 10/18/2018 9:25:55 AM   :::   09:25:55.9772426

::::::::::: PostReleaseRequestState Request called at 10/18/2018 9:25:55 AM   :::   09:25:55.9822407

::::::::::: UpdateRequestCache Request called at 10/18/2018 9:25:55 AM   :::   09:25:55.9872462

::::::::::: EndRequest Request called at 10/18/2018 9:25:55 AM   :::   09:25:55.9922359

::::::::::: PreSendRequestContent Request called at 10/18/2018 9:25:55 AM   :::   09:25:55.9952353

::::::::::: BeginRequest Request called at 10/18/2018 9:26:12 AM   :::   09:26:12.5664603

::::::::::: AuthenticateRequest Request called at 10/18/2018 9:26:12 AM   :::   09:26:12.5674638

::::::::::: PostAuthenticateRequest Request called at 10/18/2018 9:26:12 AM   :::   09:26:12.5694597

::::::::::: AuthorizeRequest Request called at 10/18/2018 9:26:12 AM   :::   09:26:12.5704608

::::::::::: PostAuthorizeRequest Request called at 10/18/2018 9:26:12 AM   :::   09:26:12.5724610

::::::::::: End Request called at 10/18/2018 9:26:12 AM   :::   09:26:12.5734605

::::::::::: PostResolveRequestCache Request called at 10/18/2018 9:26:12 AM   :::   09:26:12.5754604

::::::::::: AcquireRequestState Request called at 10/18/2018 9:26:12 AM   :::   09:26:12.5774602

::::::::::: PostAcquireRequestState Request called at 10/18/2018 9:26:12 AM   :::   09:26:12.5784601

::::::::::: PreRequestHandlerExecute Request called at 10/18/2018 9:26:12 AM   :::   09:26:12.5794601

::::::::::: PreSendRequestContent Request called at 10/18/2018 9:26:18 AM   :::   09:26:18.0135004

::::::::::: PreSendRequestHeaders Request called at 10/18/2018 9:26:18 AM   :::   09:26:18.0145161

::::::::::: PostRequestHandlerExecute Request called at 10/18/2018 9:26:18 AM   :::   09:26:18.0244955

::::::::::: ReleaseRequestState Request called at 10/18/2018 9:26:18 AM   :::   09:26:18.0264966

::::::::::: PostReleaseRequestState Request called at 10/18/2018 9:26:18 AM   :::   09:26:18.0384956

::::::::::: UpdateRequestCache Request called at 10/18/2018 9:26:18 AM   :::   09:26:18.0415001

::::::::::: EndRequest Request called at 10/18/2018 9:26:18 AM   :::   09:26:18.0444979

::::::::::: PreSendRequestContent Request called at 10/18/2018 9:26:18 AM   :::   09:26:18.0464986

::::::::::: BeginRequest Request called at 10/18/2018 9:26:18 AM   :::   09:26:18.1354971

::::::::::: AuthenticateRequest Request called at 10/18/2018 9:26:18 AM   :::   09:26:18.1374978

::::::::::: PostAuthenticateRequest Request called at 10/18/2018 9:26:18 AM   :::   09:26:18.1394968

::::::::::: AuthorizeRequest Request called at 10/18/2018 9:26:18 AM   :::   09:26:18.1405023

::::::::::: PostAuthorizeRequest Request called at 10/18/2018 9:26:18 AM   :::   09:26:18.1424982

::::::::::: End Request called at 10/18/2018 9:26:18 AM   :::   09:26:18.1444996

::::::::::: PostResolveRequestCache Request called at 10/18/2018 9:26:18 AM   :::   09:26:18.1464990

::::::::::: AcquireRequestState Request called at 10/18/2018 9:26:18 AM   :::   09:26:18.1484977

::::::::::: PostAcquireRequestState Request called at 10/18/2018 9:26:18 AM   :::   09:26:18.1495000

::::::::::: PreRequestHandlerExecute Request called at 10/18/2018 9:26:18 AM   :::   09:26:18.1505003

::::::::::: BeginRequest Request called at 10/18/2018 8:16:39 PM   :::   20:16:39.8773144

::::::::::: AuthenticateRequest Request called at 10/18/2018 8:16:39 PM   :::   20:16:39.8933273

::::::::::: PostAuthenticateRequest Request called at 10/18/2018 8:16:39 PM   :::   20:16:39.9023203

::::::::::: AuthorizeRequest Request called at 10/18/2018 8:16:39 PM   :::   20:16:39.9073164

::::::::::: PostAuthorizeRequest Request called at 10/18/2018 8:16:39 PM   :::   20:16:39.9123148

::::::::::: End Request called at 10/18/2018 8:16:39 PM   :::   20:16:39.9153150

::::::::::: PostResolveRequestCache Request called at 10/18/2018 8:16:40 PM   :::   20:16:40.0053387

::::::::::: AcquireRequestState Request called at 10/18/2018 8:16:40 PM   :::   20:16:40.0263505

::::::::::: PostAcquireRequestState Request called at 10/18/2018 8:16:40 PM   :::   20:16:40.0318495

::::::::::: PreRequestHandlerExecute Request called at 10/18/2018 8:16:40 PM   :::   20:16:40.0373488

::::::::::: PostRequestHandlerExecute Request called at 10/18/2018 8:16:41 PM   :::   20:16:41.5790617

::::::::::: ReleaseRequestState Request called at 10/18/2018 8:16:41 PM   :::   20:16:41.5805634

::::::::::: PostReleaseRequestState Request called at 10/18/2018 8:16:41 PM   :::   20:16:41.5850648

::::::::::: UpdateRequestCache Request called at 10/18/2018 8:16:41 PM   :::   20:16:41.6235699

::::::::::: EndRequest Request called at 10/18/2018 8:16:41 PM   :::   20:16:41.6265701

::::::::::: PreSendRequestContent Request called at 10/18/2018 8:16:41 PM   :::   20:16:41.6315736

::::::::::: PreSendRequestHeaders Request called at 10/18/2018 8:16:41 PM   :::   20:16:41.6335727

::::::::::: BeginRequest Request called at 10/18/2018 8:16:42 PM   :::   20:16:42.5112968

::::::::::: AuthenticateRequest Request called at 10/18/2018 8:16:42 PM   :::   20:16:42.5122987

::::::::::: PostAuthenticateRequest Request called at 10/18/2018 8:16:42 PM   :::   20:16:42.5133018

::::::::::: AuthorizeRequest Request called at 10/18/2018 8:16:42 PM   :::   20:16:42.5142970

::::::::::: PostAuthorizeRequest Request called at 10/18/2018 8:16:42 PM   :::   20:16:42.5162972

::::::::::: End Request called at 10/18/2018 8:16:42 PM   :::   20:16:42.5173007

::::::::::: PostResolveRequestCache Request called at 10/18/2018 8:16:42 PM   :::   20:16:42.5192966

::::::::::: AcquireRequestState Request called at 10/18/2018 8:16:42 PM   :::   20:16:42.5202965

::::::::::: PostAcquireRequestState Request called at 10/18/2018 8:16:42 PM   :::   20:16:42.5223015

::::::::::: PreRequestHandlerExecute Request called at 10/18/2018 8:16:42 PM   :::   20:16:42.5233022

::::::::::: PostRequestHandlerExecute Request called at 10/18/2018 8:16:42 PM   :::   20:16:42.5392946

::::::::::: ReleaseRequestState Request called at 10/18/2018 8:16:42 PM   :::   20:16:42.5402989

::::::::::: PostReleaseRequestState Request called at 10/18/2018 8:16:42 PM   :::   20:16:42.5412960

::::::::::: UpdateRequestCache Request called at 10/18/2018 8:16:42 PM   :::   20:16:42.5432974

::::::::::: EndRequest Request called at 10/18/2018 8:16:42 PM   :::   20:16:42.5442974

::::::::::: PreSendRequestContent Request called at 10/18/2018 8:16:42 PM   :::   20:16:42.5462972

::::::::::: PreSendRequestHeaders Request called at 10/18/2018 8:16:42 PM   :::   20:16:42.5472995

::::::::::: BeginRequest Request called at 10/18/2018 8:16:43 PM   :::   20:16:43.5017050

::::::::::: AuthenticateRequest Request called at 10/18/2018 8:16:43 PM   :::   20:16:43.5037178

::::::::::: PostAuthenticateRequest Request called at 10/18/2018 8:16:43 PM   :::   20:16:43.5047051

::::::::::: AuthorizeRequest Request called at 10/18/2018 8:16:43 PM   :::   20:16:43.5057200

::::::::::: PostAuthorizeRequest Request called at 10/18/2018 8:16:43 PM   :::   20:16:43.5067054

::::::::::: End Request called at 10/18/2018 8:16:43 PM   :::   20:16:43.5077088

::::::::::: PostResolveRequestCache Request called at 10/18/2018 8:16:43 PM   :::   20:16:43.5117085

::::::::::: AcquireRequestState Request called at 10/18/2018 8:16:43 PM   :::   20:16:43.5137040

::::::::::: PostAcquireRequestState Request called at 10/18/2018 8:16:43 PM   :::   20:16:43.5147047

::::::::::: PreRequestHandlerExecute Request called at 10/18/2018 8:16:43 PM   :::   20:16:43.5167089

::::::::::: BeginRequest Request called at 10/18/2018 8:16:46 PM   :::   20:16:46.1707912

::::::::::: AuthenticateRequest Request called at 10/18/2018 8:16:46 PM   :::   20:16:46.1737732

::::::::::: PostAuthenticateRequest Request called at 10/18/2018 8:16:46 PM   :::   20:16:46.1767667

::::::::::: AuthorizeRequest Request called at 10/18/2018 8:16:46 PM   :::   20:16:46.1803211

::::::::::: PostAuthorizeRequest Request called at 10/18/2018 8:16:46 PM   :::   20:16:46.1828144

::::::::::: End Request called at 10/18/2018 8:16:46 PM   :::   20:16:46.1853128

::::::::::: PostResolveRequestCache Request called at 10/18/2018 8:16:46 PM   :::   20:16:46.1888123

::::::::::: AcquireRequestState Request called at 10/18/2018 8:16:46 PM   :::   20:16:46.1913100

::::::::::: PostAcquireRequestState Request called at 10/18/2018 8:16:46 PM   :::   20:16:46.1923284

::::::::::: PreRequestHandlerExecute Request called at 10/18/2018 8:16:46 PM   :::   20:16:46.1943306

::::::::::: PreSendRequestContent Request called at 10/18/2018 8:16:49 PM   :::   20:16:49.2418504

::::::::::: PreSendRequestHeaders Request called at 10/18/2018 8:16:49 PM   :::   20:16:49.2438483

::::::::::: PostRequestHandlerExecute Request called at 10/18/2018 8:16:49 PM   :::   20:16:49.2778484

::::::::::: ReleaseRequestState Request called at 10/18/2018 8:16:49 PM   :::   20:16:49.2798510

::::::::::: PostReleaseRequestState Request called at 10/18/2018 8:16:49 PM   :::   20:16:49.2883600

::::::::::: UpdateRequestCache Request called at 10/18/2018 8:16:49 PM   :::   20:16:49.2923601

::::::::::: EndRequest Request called at 10/18/2018 8:16:49 PM   :::   20:16:49.2978603

::::::::::: PreSendRequestContent Request called at 10/18/2018 8:16:49 PM   :::   20:16:49.3028697

::::::::::: BeginRequest Request called at 10/18/2018 8:16:49 PM   :::   20:16:49.5768945

::::::::::: AuthenticateRequest Request called at 10/18/2018 8:16:49 PM   :::   20:16:49.5778921

::::::::::: PostAuthenticateRequest Request called at 10/18/2018 8:16:49 PM   :::   20:16:49.5798935

::::::::::: AuthorizeRequest Request called at 10/18/2018 8:16:49 PM   :::   20:16:49.5818941

::::::::::: PostAuthorizeRequest Request called at 10/18/2018 8:16:49 PM   :::   20:16:49.5834009

::::::::::: End Request called at 10/18/2018 8:16:49 PM   :::   20:16:49.5849002

::::::::::: PostResolveRequestCache Request called at 10/18/2018 8:16:49 PM   :::   20:16:49.5869016

::::::::::: AcquireRequestState Request called at 10/18/2018 8:16:49 PM   :::   20:16:49.5884013

::::::::::: PostAcquireRequestState Request called at 10/18/2018 8:16:49 PM   :::   20:16:49.5899002

::::::::::: PreRequestHandlerExecute Request called at 10/18/2018 8:16:49 PM   :::   20:16:49.5914015

::::::::::: PreSendRequestContent Request called at 10/18/2018 8:17:08 PM   :::   20:17:08.7320206

::::::::::: PreSendRequestHeaders Request called at 10/18/2018 8:17:08 PM   :::   20:17:08.7340070

::::::::::: PostRequestHandlerExecute Request called at 10/18/2018 8:17:08 PM   :::   20:17:08.7580055

::::::::::: ReleaseRequestState Request called at 10/18/2018 8:17:08 PM   :::   20:17:08.7610057

::::::::::: PostReleaseRequestState Request called at 10/18/2018 8:17:08 PM   :::   20:17:08.7620079

::::::::::: UpdateRequestCache Request called at 10/18/2018 8:17:08 PM   :::   20:17:08.7640066

::::::::::: EndRequest Request called at 10/18/2018 8:17:08 PM   :::   20:17:08.7660064

::::::::::: PreSendRequestContent Request called at 10/18/2018 8:17:08 PM   :::   20:17:08.7690066

::::::::::: BeginRequest Request called at 10/18/2018 8:17:08 PM   :::   20:17:08.8470226

::::::::::: AuthenticateRequest Request called at 10/18/2018 8:17:08 PM   :::   20:17:08.8490236

::::::::::: PostAuthenticateRequest Request called at 10/18/2018 8:17:08 PM   :::   20:17:08.8510215

::::::::::: AuthorizeRequest Request called at 10/18/2018 8:17:08 PM   :::   20:17:08.8530225

::::::::::: PostAuthorizeRequest Request called at 10/18/2018 8:17:08 PM   :::   20:17:08.8540221

::::::::::: End Request called at 10/18/2018 8:17:08 PM   :::   20:17:08.8560231

::::::::::: PostResolveRequestCache Request called at 10/18/2018 8:17:08 PM   :::   20:17:08.8580218

::::::::::: AcquireRequestState Request called at 10/18/2018 8:17:08 PM   :::   20:17:08.8620230

::::::::::: PostAcquireRequestState Request called at 10/18/2018 8:17:08 PM   :::   20:17:08.8640237

::::::::::: PreRequestHandlerExecute Request called at 10/18/2018 8:17:08 PM   :::   20:17:08.8650228

::::::::::: PreSendRequestContent Request called at 10/18/2018 8:17:13 PM   :::   20:17:13.8568162

::::::::::: PreSendRequestHeaders Request called at 10/18/2018 8:17:13 PM   :::   20:17:13.8578169

::::::::::: PostRequestHandlerExecute Request called at 10/18/2018 8:17:13 PM   :::   20:17:13.8608186

::::::::::: ReleaseRequestState Request called at 10/18/2018 8:17:13 PM   :::   20:17:13.8618189

::::::::::: PostReleaseRequestState Request called at 10/18/2018 8:17:13 PM   :::   20:17:13.8638168

::::::::::: UpdateRequestCache Request called at 10/18/2018 8:17:13 PM   :::   20:17:13.8648175

::::::::::: EndRequest Request called at 10/18/2018 8:17:13 PM   :::   20:17:13.8678177

::::::::::: PreSendRequestContent Request called at 10/18/2018 8:17:13 PM   :::   20:17:13.8688184

::::::::::: PreSendRequestContent Request called at 10/18/2018 8:17:14 PM   :::   20:17:14.2072550

::::::::::: PreSendRequestHeaders Request called at 10/18/2018 8:17:14 PM   :::   20:17:14.2127568

::::::::::: PostRequestHandlerExecute Request called at 10/18/2018 8:17:14 PM   :::   20:17:14.2207613

::::::::::: ReleaseRequestState Request called at 10/18/2018 8:17:14 PM   :::   20:17:14.2267616

::::::::::: PostReleaseRequestState Request called at 10/18/2018 8:17:14 PM   :::   20:17:14.2297618

::::::::::: UpdateRequestCache Request called at 10/18/2018 8:17:14 PM   :::   20:17:14.2317616

::::::::::: EndRequest Request called at 10/18/2018 8:17:14 PM   :::   20:17:14.2367644

::::::::::: PreSendRequestContent Request called at 10/18/2018 8:17:14 PM   :::   20:17:14.2387618

::::::::::: BeginRequest Request called at 10/18/2018 8:17:20 PM   :::   20:17:20.6039445

::::::::::: AuthenticateRequest Request called at 10/18/2018 8:17:20 PM   :::   20:17:20.6109455

::::::::::: PostAuthenticateRequest Request called at 10/18/2018 8:17:20 PM   :::   20:17:20.6169522

::::::::::: AuthorizeRequest Request called at 10/18/2018 8:17:20 PM   :::   20:17:20.6229426

::::::::::: PostAuthorizeRequest Request called at 10/18/2018 8:17:20 PM   :::   20:17:20.6269451

::::::::::: End Request called at 10/18/2018 8:17:20 PM   :::   20:17:20.6319435

::::::::::: PostResolveRequestCache Request called at 10/18/2018 8:17:20 PM   :::   20:17:20.6339437

::::::::::: AcquireRequestState Request called at 10/18/2018 8:17:20 PM   :::   20:17:20.6399441

::::::::::: PostAcquireRequestState Request called at 10/18/2018 8:17:20 PM   :::   20:17:20.6559554

::::::::::: PreRequestHandlerExecute Request called at 10/18/2018 8:17:20 PM   :::   20:17:20.6589568

::::::::::: PreSendRequestContent Request called at 10/18/2018 8:17:28 PM   :::   20:17:28.2410878

::::::::::: PreSendRequestHeaders Request called at 10/18/2018 8:17:28 PM   :::   20:17:28.2430911

::::::::::: PostRequestHandlerExecute Request called at 10/18/2018 8:17:28 PM   :::   20:17:28.2550882

::::::::::: ReleaseRequestState Request called at 10/18/2018 8:17:28 PM   :::   20:17:28.2560874

::::::::::: PostReleaseRequestState Request called at 10/18/2018 8:17:28 PM   :::   20:17:28.2570912

::::::::::: UpdateRequestCache Request called at 10/18/2018 8:17:28 PM   :::   20:17:28.2590907

::::::::::: EndRequest Request called at 10/18/2018 8:17:28 PM   :::   20:17:28.2611008

::::::::::: PreSendRequestContent Request called at 10/18/2018 8:17:28 PM   :::   20:17:28.2621019

::::::::::: BeginRequest Request called at 10/18/2018 8:17:28 PM   :::   20:17:28.3336099

::::::::::: AuthenticateRequest Request called at 10/18/2018 8:17:28 PM   :::   20:17:28.3356117

::::::::::: PostAuthenticateRequest Request called at 10/18/2018 8:17:28 PM   :::   20:17:28.3366105

::::::::::: AuthorizeRequest Request called at 10/18/2018 8:17:28 PM   :::   20:17:28.3386139

::::::::::: PostAuthorizeRequest Request called at 10/18/2018 8:17:28 PM   :::   20:17:28.3396130

::::::::::: End Request called at 10/18/2018 8:17:28 PM   :::   20:17:28.3416121

::::::::::: PostResolveRequestCache Request called at 10/18/2018 8:17:28 PM   :::   20:17:28.3436127

::::::::::: AcquireRequestState Request called at 10/18/2018 8:17:28 PM   :::   20:17:28.3446118

::::::::::: PostAcquireRequestState Request called at 10/18/2018 8:17:28 PM   :::   20:17:28.3456106

::::::::::: PreRequestHandlerExecute Request called at 10/18/2018 8:17:28 PM   :::   20:17:28.3476100

::::::::::: BeginRequest Request called at 10/18/2018 8:19:08 PM   :::   20:19:08.8970250

::::::::::: AuthenticateRequest Request called at 10/18/2018 8:19:08 PM   :::   20:19:08.9240233

::::::::::: PostAuthenticateRequest Request called at 10/18/2018 8:19:08 PM   :::   20:19:08.9360236

::::::::::: AuthorizeRequest Request called at 10/18/2018 8:19:08 PM   :::   20:19:08.9660429

::::::::::: PostAuthorizeRequest Request called at 10/18/2018 8:19:08 PM   :::   20:19:08.9750430

::::::::::: End Request called at 10/18/2018 8:19:08 PM   :::   20:19:08.9830448

::::::::::: PostResolveRequestCache Request called at 10/18/2018 8:19:09 PM   :::   20:19:09.0060465

::::::::::: AcquireRequestState Request called at 10/18/2018 8:19:09 PM   :::   20:19:09.0200442

::::::::::: PostAcquireRequestState Request called at 10/18/2018 8:19:09 PM   :::   20:19:09.0240463

::::::::::: PreRequestHandlerExecute Request called at 10/18/2018 8:19:09 PM   :::   20:19:09.0260446

::::::::::: PostResolveRequestCache Request called at 10/18/2018 8:19:09 PM   :::   20:19:09.1190598

::::::::::: AcquireRequestState Request called at 10/18/2018 8:19:09 PM   :::   20:19:09.1220623

::::::::::: PostAcquireRequestState Request called at 10/18/2018 8:19:09 PM   :::   20:19:09.1240626

::::::::::: PreRequestHandlerExecute Request called at 10/18/2018 8:19:09 PM   :::   20:19:09.1260616

::::::::::: PostRequestHandlerExecute Request called at 10/18/2018 8:19:11 PM   :::   20:19:11.5848753

::::::::::: ReleaseRequestState Request called at 10/18/2018 8:19:11 PM   :::   20:19:11.5888758

::::::::::: PostReleaseRequestState Request called at 10/18/2018 8:19:11 PM   :::   20:19:11.5928751

::::::::::: UpdateRequestCache Request called at 10/18/2018 8:19:11 PM   :::   20:19:11.6688944

::::::::::: EndRequest Request called at 10/18/2018 8:19:11 PM   :::   20:19:11.6878949

::::::::::: PreSendRequestContent Request called at 10/18/2018 8:19:11 PM   :::   20:19:11.6978945

::::::::::: PreSendRequestHeaders Request called at 10/18/2018 8:19:11 PM   :::   20:19:11.6998940

::::::::::: PreSendRequestContent Request called at 10/18/2018 8:19:15 PM   :::   20:19:15.1105804

::::::::::: PreSendRequestHeaders Request called at 10/18/2018 8:19:15 PM   :::   20:19:15.1125798

::::::::::: PostRequestHandlerExecute Request called at 10/18/2018 8:19:15 PM   :::   20:19:15.1335790

::::::::::: ReleaseRequestState Request called at 10/18/2018 8:19:15 PM   :::   20:19:15.1355796

::::::::::: PostReleaseRequestState Request called at 10/18/2018 8:19:15 PM   :::   20:19:15.1365815

::::::::::: UpdateRequestCache Request called at 10/18/2018 8:19:15 PM   :::   20:19:15.1385786

::::::::::: EndRequest Request called at 10/18/2018 8:19:15 PM   :::   20:19:15.1405808

::::::::::: PreSendRequestContent Request called at 10/18/2018 8:19:15 PM   :::   20:19:15.1425806

::::::::::: BeginRequest Request called at 10/18/2018 8:19:15 PM   :::   20:19:15.4486266

::::::::::: AuthenticateRequest Request called at 10/18/2018 8:19:15 PM   :::   20:19:15.4496253

::::::::::: PostAuthenticateRequest Request called at 10/18/2018 8:19:15 PM   :::   20:19:15.4516268

::::::::::: AuthorizeRequest Request called at 10/18/2018 8:19:15 PM   :::   20:19:15.4526251

::::::::::: PostAuthorizeRequest Request called at 10/18/2018 8:19:15 PM   :::   20:19:15.4546249

::::::::::: End Request called at 10/18/2018 8:19:15 PM   :::   20:19:15.4556253

::::::::::: PostResolveRequestCache Request called at 10/18/2018 8:19:15 PM   :::   20:19:15.4586266

::::::::::: AcquireRequestState Request called at 10/18/2018 8:19:15 PM   :::   20:19:15.4616272

::::::::::: PostAcquireRequestState Request called at 10/18/2018 8:19:15 PM   :::   20:19:15.4626259

::::::::::: PreRequestHandlerExecute Request called at 10/18/2018 8:19:15 PM   :::   20:19:15.4646277

::::::::::: BeginRequest Request called at 10/18/2018 8:19:23 PM   :::   20:19:23.8259173

::::::::::: AuthenticateRequest Request called at 10/18/2018 8:19:23 PM   :::   20:19:23.8269212

::::::::::: PostAuthenticateRequest Request called at 10/18/2018 8:19:23 PM   :::   20:19:23.8279211

::::::::::: AuthorizeRequest Request called at 10/18/2018 8:19:23 PM   :::   20:19:23.8299170

::::::::::: PostAuthorizeRequest Request called at 10/18/2018 8:19:23 PM   :::   20:19:23.8339364

::::::::::: End Request called at 10/18/2018 8:19:23 PM   :::   20:19:23.8349178

::::::::::: PostResolveRequestCache Request called at 10/18/2018 8:19:23 PM   :::   20:19:23.8369381

::::::::::: AcquireRequestState Request called at 10/18/2018 8:19:23 PM   :::   20:19:23.8389190

::::::::::: PostAcquireRequestState Request called at 10/18/2018 8:19:23 PM   :::   20:19:23.8409169

::::::::::: PreRequestHandlerExecute Request called at 10/18/2018 8:19:23 PM   :::   20:19:23.8419223

::::::::::: PreSendRequestContent Request called at 10/18/2018 8:19:24 PM   :::   20:19:24.4190466

::::::::::: PreSendRequestHeaders Request called at 10/18/2018 8:19:24 PM   :::   20:19:24.4210441

::::::::::: PostRequestHandlerExecute Request called at 10/18/2018 8:19:24 PM   :::   20:19:24.4250473

::::::::::: ReleaseRequestState Request called at 10/18/2018 8:19:24 PM   :::   20:19:24.4270460

::::::::::: PostReleaseRequestState Request called at 10/18/2018 8:19:24 PM   :::   20:19:24.4290458

::::::::::: UpdateRequestCache Request called at 10/18/2018 8:19:24 PM   :::   20:19:24.4310468

::::::::::: EndRequest Request called at 10/18/2018 8:19:24 PM   :::   20:19:24.4320456

::::::::::: PreSendRequestContent Request called at 10/18/2018 8:19:24 PM   :::   20:19:24.4340466

::::::::::: PreSendRequestContent Request called at 10/18/2018 8:19:25 PM   :::   20:19:25.8762706

::::::::::: PreSendRequestHeaders Request called at 10/18/2018 8:19:25 PM   :::   20:19:25.8772753

::::::::::: PostRequestHandlerExecute Request called at 10/18/2018 8:19:25 PM   :::   20:19:25.8922729

::::::::::: ReleaseRequestState Request called at 10/18/2018 8:19:25 PM   :::   20:19:25.8952715

::::::::::: PostReleaseRequestState Request called at 10/18/2018 8:19:25 PM   :::   20:19:25.8972749

::::::::::: UpdateRequestCache Request called at 10/18/2018 8:19:25 PM   :::   20:19:25.8992732

::::::::::: EndRequest Request called at 10/18/2018 8:19:25 PM   :::   20:19:25.9012714

::::::::::: PreSendRequestContent Request called at 10/18/2018 8:19:25 PM   :::   20:19:25.9032815

::::::::::: BeginRequest Request called at 10/18/2018 8:19:25 PM   :::   20:19:25.9912897

::::::::::: AuthenticateRequest Request called at 10/18/2018 8:19:25 PM   :::   20:19:25.9922892

::::::::::: PostAuthenticateRequest Request called at 10/18/2018 8:19:25 PM   :::   20:19:25.9942883

::::::::::: AuthorizeRequest Request called at 10/18/2018 8:19:25 PM   :::   20:19:25.9962893

::::::::::: PostAuthorizeRequest Request called at 10/18/2018 8:19:25 PM   :::   20:19:25.9972912

::::::::::: End Request called at 10/18/2018 8:19:25 PM   :::   20:19:25.9992883

::::::::::: PostResolveRequestCache Request called at 10/18/2018 8:19:26 PM   :::   20:19:26.0002909

::::::::::: AcquireRequestState Request called at 10/18/2018 8:19:26 PM   :::   20:19:26.0022900

::::::::::: PostAcquireRequestState Request called at 10/18/2018 8:19:26 PM   :::   20:19:26.0037995

::::::::::: PreRequestHandlerExecute Request called at 10/18/2018 8:19:26 PM   :::   20:19:26.0052973

::::::::::: PreSendRequestContent Request called at 10/18/2018 8:20:29 PM   :::   20:20:29.9498267

::::::::::: PreSendRequestHeaders Request called at 10/18/2018 8:20:29 PM   :::   20:20:29.9528513

::::::::::: PostRequestHandlerExecute Request called at 10/18/2018 8:20:29 PM   :::   20:20:29.9588279

::::::::::: ReleaseRequestState Request called at 10/18/2018 8:20:29 PM   :::   20:20:29.9638295

::::::::::: PostReleaseRequestState Request called at 10/18/2018 8:20:29 PM   :::   20:20:29.9678316

::::::::::: UpdateRequestCache Request called at 10/18/2018 8:20:29 PM   :::   20:20:29.9708242

::::::::::: EndRequest Request called at 10/18/2018 8:20:29 PM   :::   20:20:29.9758286

::::::::::: PreSendRequestContent Request called at 10/18/2018 8:20:29 PM   :::   20:20:29.9798267

