::::::::::: BeginRequest Request called at 10-12-2018 01:53:29 PM   :::   13:53:29.0540321

::::::::::: AuthenticateRequest Request called at 10-12-2018 01:53:29 PM   :::   13:53:29.0670326

::::::::::: PostAuthenticateRequest Request called at 10-12-2018 01:53:29 PM   :::   13:53:29.0760310

::::::::::: AuthorizeRequest Request called at 10-12-2018 01:53:29 PM   :::   13:53:29.0790350

::::::::::: PostAuthorizeRequest Request called at 10-12-2018 01:53:29 PM   :::   13:53:29.0810294

::::::::::: End Request called at 10-12-2018 01:53:29 PM   :::   13:53:29.0830308

::::::::::: PostResolveRequestCache Request called at 10-12-2018 01:53:29 PM   :::   13:53:29.1620346

::::::::::: AcquireRequestState Request called at 10-12-2018 01:53:29 PM   :::   13:53:29.1740373

::::::::::: PostAcquireRequestState Request called at 10-12-2018 01:53:29 PM   :::   13:53:29.1780323

::::::::::: PreRequestHandlerExecute Request called at 10-12-2018 01:53:29 PM   :::   13:53:29.1800333

::::::::::: PostRequestHandlerExecute Request called at 10-12-2018 01:53:30 PM   :::   13:53:30.6770321

::::::::::: ReleaseRequestState Request called at 10-12-2018 01:53:30 PM   :::   13:53:30.6790330

::::::::::: PostReleaseRequestState Request called at 10-12-2018 01:53:30 PM   :::   13:53:30.6820362

::::::::::: UpdateRequestCache Request called at 10-12-2018 01:53:30 PM   :::   13:53:30.6830312

::::::::::: EndRequest Request called at 10-12-2018 01:53:30 PM   :::   13:53:30.6870318

::::::::::: PreSendRequestContent Request called at 10-12-2018 01:53:30 PM   :::   13:53:30.6990305

::::::::::: PreSendRequestHeaders Request called at 10-12-2018 01:53:30 PM   :::   13:53:30.7000332

::::::::::: BeginRequest Request called at 10-12-2018 01:54:22 PM   :::   13:54:22.4053273

::::::::::: AuthenticateRequest Request called at 10-12-2018 01:54:22 PM   :::   13:54:22.4093301

::::::::::: PostAuthenticateRequest Request called at 10-12-2018 01:54:22 PM   :::   13:54:22.4103265

::::::::::: AuthorizeRequest Request called at 10-12-2018 01:54:22 PM   :::   13:54:22.4113266

::::::::::: PostAuthorizeRequest Request called at 10-12-2018 01:54:22 PM   :::   13:54:22.4133291

::::::::::: End Request called at 10-12-2018 01:54:22 PM   :::   13:54:22.4143304

::::::::::: PostResolveRequestCache Request called at 10-12-2018 01:54:22 PM   :::   13:54:22.4243699

::::::::::: AcquireRequestState Request called at 10-12-2018 01:54:22 PM   :::   13:54:22.4263743

::::::::::: PostAcquireRequestState Request called at 10-12-2018 01:54:22 PM   :::   13:54:22.4273370

::::::::::: PreRequestHandlerExecute Request called at 10-12-2018 01:54:22 PM   :::   13:54:22.4293268

::::::::::: PostRequestHandlerExecute Request called at 10-12-2018 01:54:22 PM   :::   13:54:22.6363311

::::::::::: ReleaseRequestState Request called at 10-12-2018 01:54:22 PM   :::   13:54:22.6383277

::::::::::: PostReleaseRequestState Request called at 10-12-2018 01:54:22 PM   :::   13:54:22.6413281

::::::::::: UpdateRequestCache Request called at 10-12-2018 01:54:22 PM   :::   13:54:22.6433311

::::::::::: EndRequest Request called at 10-12-2018 01:54:22 PM   :::   13:54:22.6493740

::::::::::: PreSendRequestContent Request called at 10-12-2018 01:54:22 PM   :::   13:54:22.6513289

::::::::::: PreSendRequestHeaders Request called at 10-12-2018 01:54:22 PM   :::   13:54:22.6523282

::::::::::: BeginRequest Request called at 10-12-2018 01:54:22 PM   :::   13:54:22.8583302

::::::::::: AuthenticateRequest Request called at 10-12-2018 01:54:22 PM   :::   13:54:22.8613278

::::::::::: PostAuthenticateRequest Request called at 10-12-2018 01:54:22 PM   :::   13:54:22.8623284

::::::::::: AuthorizeRequest Request called at 10-12-2018 01:54:22 PM   :::   13:54:22.8643300

::::::::::: PostAuthorizeRequest Request called at 10-12-2018 01:54:22 PM   :::   13:54:22.8653261

::::::::::: End Request called at 10-12-2018 01:54:22 PM   :::   13:54:22.8663251

::::::::::: PostResolveRequestCache Request called at 10-12-2018 01:54:22 PM   :::   13:54:22.8683273

::::::::::: AcquireRequestState Request called at 10-12-2018 01:54:22 PM   :::   13:54:22.8693277

::::::::::: PostAcquireRequestState Request called at 10-12-2018 01:54:22 PM   :::   13:54:22.8703282

::::::::::: PreRequestHandlerExecute Request called at 10-12-2018 01:54:22 PM   :::   13:54:22.8723280

::::::::::: BeginRequest Request called at 10-12-2018 02:57:22 PM   :::   14:57:22.9036594

::::::::::: AuthenticateRequest Request called at 10-12-2018 02:57:22 PM   :::   14:57:22.9186544

::::::::::: PostAuthenticateRequest Request called at 10-12-2018 02:57:22 PM   :::   14:57:22.9226568

::::::::::: AuthorizeRequest Request called at 10-12-2018 02:57:22 PM   :::   14:57:22.9256557

::::::::::: PostAuthorizeRequest Request called at 10-12-2018 02:57:22 PM   :::   14:57:22.9306553

::::::::::: End Request called at 10-12-2018 02:57:22 PM   :::   14:57:22.9326573

::::::::::: PostResolveRequestCache Request called at 10-12-2018 02:57:23 PM   :::   14:57:23.0886824

::::::::::: AcquireRequestState Request called at 10-12-2018 02:57:23 PM   :::   14:57:23.1016575

::::::::::: PostAcquireRequestState Request called at 10-12-2018 02:57:23 PM   :::   14:57:23.1046577

::::::::::: PreRequestHandlerExecute Request called at 10-12-2018 02:57:23 PM   :::   14:57:23.1066560

::::::::::: PostRequestHandlerExecute Request called at 10-12-2018 02:57:27 PM   :::   14:57:27.4726584

::::::::::: ReleaseRequestState Request called at 10-12-2018 02:57:27 PM   :::   14:57:27.4766722

::::::::::: PostReleaseRequestState Request called at 10-12-2018 02:57:27 PM   :::   14:57:27.4796559

::::::::::: UpdateRequestCache Request called at 10-12-2018 02:57:27 PM   :::   14:57:27.4816617

::::::::::: EndRequest Request called at 10-12-2018 02:57:27 PM   :::   14:57:27.4846546

::::::::::: PreSendRequestContent Request called at 10-12-2018 02:57:27 PM   :::   14:57:27.4976591

::::::::::: PreSendRequestHeaders Request called at 10-12-2018 02:57:27 PM   :::   14:57:27.4996554

::::::::::: BeginRequest Request called at 10-12-2018 02:57:31 PM   :::   14:57:31.2166574

::::::::::: AuthenticateRequest Request called at 10-12-2018 02:57:31 PM   :::   14:57:31.2176559

::::::::::: PostAuthenticateRequest Request called at 10-12-2018 02:57:31 PM   :::   14:57:31.2196556

::::::::::: AuthorizeRequest Request called at 10-12-2018 02:57:31 PM   :::   14:57:31.2206588

::::::::::: PostAuthorizeRequest Request called at 10-12-2018 02:57:31 PM   :::   14:57:31.2226559

::::::::::: End Request called at 10-12-2018 02:57:31 PM   :::   14:57:31.2246576

::::::::::: PostResolveRequestCache Request called at 10-12-2018 02:57:31 PM   :::   14:57:31.2306591

::::::::::: AcquireRequestState Request called at 10-12-2018 02:57:31 PM   :::   14:57:31.2326549

::::::::::: PostAcquireRequestState Request called at 10-12-2018 02:57:31 PM   :::   14:57:31.2346578

::::::::::: PreRequestHandlerExecute Request called at 10-12-2018 02:57:31 PM   :::   14:57:31.2356562

::::::::::: PostRequestHandlerExecute Request called at 10-12-2018 02:57:31 PM   :::   14:57:31.3706586

::::::::::: ReleaseRequestState Request called at 10-12-2018 02:57:31 PM   :::   14:57:31.3726583

::::::::::: PostReleaseRequestState Request called at 10-12-2018 02:57:31 PM   :::   14:57:31.3736585

::::::::::: UpdateRequestCache Request called at 10-12-2018 02:57:31 PM   :::   14:57:31.3776599

::::::::::: EndRequest Request called at 10-12-2018 02:57:31 PM   :::   14:57:31.3796559

::::::::::: PreSendRequestContent Request called at 10-12-2018 02:57:31 PM   :::   14:57:31.3816566

::::::::::: PreSendRequestHeaders Request called at 10-12-2018 02:57:31 PM   :::   14:57:31.3826559

::::::::::: BeginRequest Request called at 10-12-2018 02:57:31 PM   :::   14:57:31.4576551

::::::::::: AuthenticateRequest Request called at 10-12-2018 02:57:31 PM   :::   14:57:31.4596569

::::::::::: PostAuthenticateRequest Request called at 10-12-2018 02:57:31 PM   :::   14:57:31.4616564

::::::::::: AuthorizeRequest Request called at 10-12-2018 02:57:31 PM   :::   14:57:31.4626564

::::::::::: PostAuthorizeRequest Request called at 10-12-2018 02:57:31 PM   :::   14:57:31.4646602

::::::::::: End Request called at 10-12-2018 02:57:31 PM   :::   14:57:31.4666556

::::::::::: PostResolveRequestCache Request called at 10-12-2018 02:57:31 PM   :::   14:57:31.4676605

::::::::::: AcquireRequestState Request called at 10-12-2018 02:57:31 PM   :::   14:57:31.4696588

::::::::::: PostAcquireRequestState Request called at 10-12-2018 02:57:31 PM   :::   14:57:31.4716565

::::::::::: PreRequestHandlerExecute Request called at 10-12-2018 02:57:31 PM   :::   14:57:31.4726643

::::::::::: PostRequestHandlerExecute Request called at 10-12-2018 02:57:55 PM   :::   14:57:55.5347301

::::::::::: ReleaseRequestState Request called at 10-12-2018 02:57:55 PM   :::   14:57:55.5357341

::::::::::: PostReleaseRequestState Request called at 10-12-2018 02:57:55 PM   :::   14:57:55.5377344

::::::::::: UpdateRequestCache Request called at 10-12-2018 02:57:55 PM   :::   14:57:55.5397294

::::::::::: EndRequest Request called at 10-12-2018 02:57:55 PM   :::   14:57:55.5417292

::::::::::: BeginRequest Request called at 10-12-2018 02:59:30 PM   :::   14:59:30.7119208

::::::::::: AuthenticateRequest Request called at 10-12-2018 02:59:30 PM   :::   14:59:30.7199190

::::::::::: PostAuthenticateRequest Request called at 10-12-2018 02:59:30 PM   :::   14:59:30.7249221

::::::::::: AuthorizeRequest Request called at 10-12-2018 02:59:30 PM   :::   14:59:30.7269199

::::::::::: PostAuthorizeRequest Request called at 10-12-2018 02:59:30 PM   :::   14:59:30.7289162

::::::::::: End Request called at 10-12-2018 02:59:30 PM   :::   14:59:30.7339211

::::::::::: PostResolveRequestCache Request called at 10-12-2018 02:59:30 PM   :::   14:59:30.7519182

::::::::::: AcquireRequestState Request called at 10-12-2018 02:59:30 PM   :::   14:59:30.7619206

::::::::::: PostAcquireRequestState Request called at 10-12-2018 02:59:30 PM   :::   14:59:30.7649206

::::::::::: PreRequestHandlerExecute Request called at 10-12-2018 02:59:30 PM   :::   14:59:30.7659193

::::::::::: PostRequestHandlerExecute Request called at 10-12-2018 02:59:30 PM   :::   14:59:30.9083805

::::::::::: ReleaseRequestState Request called at 10-12-2018 02:59:30 PM   :::   14:59:30.9103892

::::::::::: PostReleaseRequestState Request called at 10-12-2018 02:59:30 PM   :::   14:59:30.9123774

::::::::::: UpdateRequestCache Request called at 10-12-2018 02:59:30 PM   :::   14:59:30.9143796

::::::::::: EndRequest Request called at 10-12-2018 02:59:30 PM   :::   14:59:30.9173830

::::::::::: PreSendRequestContent Request called at 10-12-2018 02:59:30 PM   :::   14:59:30.9283835

::::::::::: PreSendRequestHeaders Request called at 10-12-2018 02:59:30 PM   :::   14:59:30.9293828

::::::::::: BeginRequest Request called at 10-12-2018 02:59:30 PM   :::   14:59:30.9416592

::::::::::: AuthenticateRequest Request called at 10-12-2018 02:59:30 PM   :::   14:59:30.9416592

::::::::::: PostAuthenticateRequest Request called at 10-12-2018 02:59:30 PM   :::   14:59:30.9416592

::::::::::: AuthorizeRequest Request called at 10-12-2018 02:59:30 PM   :::   14:59:30.9416592

::::::::::: PostAuthorizeRequest Request called at 10-12-2018 02:59:30 PM   :::   14:59:30.9416592

::::::::::: End Request called at 10-12-2018 02:59:30 PM   :::   14:59:30.9416592

::::::::::: PostResolveRequestCache Request called at 10-12-2018 02:59:30 PM   :::   14:59:30.9416592

::::::::::: AcquireRequestState Request called at 10-12-2018 02:59:30 PM   :::   14:59:30.9416592

::::::::::: PostAcquireRequestState Request called at 10-12-2018 02:59:30 PM   :::   14:59:30.9416592

::::::::::: PreRequestHandlerExecute Request called at 10-12-2018 02:59:30 PM   :::   14:59:30.9572876

::::::::::: BeginRequest Request called at 10-12-2018 02:59:38 PM   :::   14:59:38.7069874

::::::::::: AuthenticateRequest Request called at 10-12-2018 02:59:38 PM   :::   14:59:38.7089385

::::::::::: PostAuthenticateRequest Request called at 10-12-2018 02:59:38 PM   :::   14:59:38.7099365

::::::::::: AuthorizeRequest Request called at 10-12-2018 02:59:38 PM   :::   14:59:38.7119392

::::::::::: PostAuthorizeRequest Request called at 10-12-2018 02:59:38 PM   :::   14:59:38.7129391

::::::::::: End Request called at 10-12-2018 02:59:38 PM   :::   14:59:38.7149387

::::::::::: PostResolveRequestCache Request called at 10-12-2018 02:59:38 PM   :::   14:59:38.7159399

::::::::::: AcquireRequestState Request called at 10-12-2018 02:59:38 PM   :::   14:59:38.7169378

::::::::::: PostAcquireRequestState Request called at 10-12-2018 02:59:38 PM   :::   14:59:38.7189363

::::::::::: PreRequestHandlerExecute Request called at 10-12-2018 02:59:38 PM   :::   14:59:38.7199389

::::::::::: PostRequestHandlerExecute Request called at 10-12-2018 02:59:38 PM   :::   14:59:38.7239412

::::::::::: ReleaseRequestState Request called at 10-12-2018 02:59:38 PM   :::   14:59:38.7259367

::::::::::: PostReleaseRequestState Request called at 10-12-2018 02:59:38 PM   :::   14:59:38.7269365

::::::::::: UpdateRequestCache Request called at 10-12-2018 02:59:38 PM   :::   14:59:38.7279398

::::::::::: EndRequest Request called at 10-12-2018 02:59:38 PM   :::   14:59:38.7289400

::::::::::: PreSendRequestContent Request called at 10-12-2018 02:59:38 PM   :::   14:59:38.7409386

::::::::::: PreSendRequestHeaders Request called at 10-12-2018 02:59:38 PM   :::   14:59:38.7429386

::::::::::: BeginRequest Request called at 10-12-2018 02:59:38 PM   :::   14:59:38.8659388

::::::::::: AuthenticateRequest Request called at 10-12-2018 02:59:38 PM   :::   14:59:38.8679410

::::::::::: PostAuthenticateRequest Request called at 10-12-2018 02:59:38 PM   :::   14:59:38.8699402

::::::::::: AuthorizeRequest Request called at 10-12-2018 02:59:38 PM   :::   14:59:38.8719394

::::::::::: PostAuthorizeRequest Request called at 10-12-2018 02:59:38 PM   :::   14:59:38.8729375

::::::::::: End Request called at 10-12-2018 02:59:38 PM   :::   14:59:38.8739379

::::::::::: PostResolveRequestCache Request called at 10-12-2018 02:59:38 PM   :::   14:59:38.8759415

::::::::::: AcquireRequestState Request called at 10-12-2018 02:59:38 PM   :::   14:59:38.8769413

::::::::::: PostAcquireRequestState Request called at 10-12-2018 02:59:38 PM   :::   14:59:38.8779410

::::::::::: PreRequestHandlerExecute Request called at 10-12-2018 02:59:38 PM   :::   14:59:38.8789373

::::::::::: PostRequestHandlerExecute Request called at 10-12-2018 02:59:45 PM   :::   14:59:45.0929379

::::::::::: ReleaseRequestState Request called at 10-12-2018 02:59:45 PM   :::   14:59:45.0949412

::::::::::: PostReleaseRequestState Request called at 10-12-2018 02:59:45 PM   :::   14:59:45.0979394

::::::::::: UpdateRequestCache Request called at 10-12-2018 02:59:45 PM   :::   14:59:45.1009380

::::::::::: EndRequest Request called at 10-12-2018 02:59:45 PM   :::   14:59:45.1029568

::::::::::: BeginRequest Request called at 10-12-2018 03:00:07 PM   :::   15:00:07.6305899

::::::::::: AuthenticateRequest Request called at 10-12-2018 03:00:07 PM   :::   15:00:07.6315872

::::::::::: PostAuthenticateRequest Request called at 10-12-2018 03:00:07 PM   :::   15:00:07.6345907

::::::::::: AuthorizeRequest Request called at 10-12-2018 03:00:07 PM   :::   15:00:07.6355925

::::::::::: PostAuthorizeRequest Request called at 10-12-2018 03:00:07 PM   :::   15:00:07.6365895

::::::::::: End Request called at 10-12-2018 03:00:07 PM   :::   15:00:07.6375880

::::::::::: PostResolveRequestCache Request called at 10-12-2018 03:00:07 PM   :::   15:00:07.6395908

::::::::::: AcquireRequestState Request called at 10-12-2018 03:00:07 PM   :::   15:00:07.6405876

::::::::::: PostAcquireRequestState Request called at 10-12-2018 03:00:07 PM   :::   15:00:07.6425877

::::::::::: PreRequestHandlerExecute Request called at 10-12-2018 03:00:07 PM   :::   15:00:07.6435887

::::::::::: PostRequestHandlerExecute Request called at 10-12-2018 03:00:07 PM   :::   15:00:07.6455910

::::::::::: ReleaseRequestState Request called at 10-12-2018 03:00:07 PM   :::   15:00:07.6465883

::::::::::: PostReleaseRequestState Request called at 10-12-2018 03:00:07 PM   :::   15:00:07.6475883

::::::::::: UpdateRequestCache Request called at 10-12-2018 03:00:07 PM   :::   15:00:07.6495909

::::::::::: EndRequest Request called at 10-12-2018 03:00:07 PM   :::   15:00:07.6505890

::::::::::: PreSendRequestContent Request called at 10-12-2018 03:00:07 PM   :::   15:00:07.6525888

::::::::::: PreSendRequestHeaders Request called at 10-12-2018 03:00:07 PM   :::   15:00:07.6535923

::::::::::: BeginRequest Request called at 10-12-2018 03:00:07 PM   :::   15:00:07.8575912

::::::::::: AuthenticateRequest Request called at 10-12-2018 03:00:07 PM   :::   15:00:07.8595891

::::::::::: PostAuthenticateRequest Request called at 10-12-2018 03:00:07 PM   :::   15:00:07.8605935

::::::::::: AuthorizeRequest Request called at 10-12-2018 03:00:07 PM   :::   15:00:07.8615879

::::::::::: PostAuthorizeRequest Request called at 10-12-2018 03:00:07 PM   :::   15:00:07.8635891

::::::::::: End Request called at 10-12-2018 03:00:07 PM   :::   15:00:07.8655907

::::::::::: PostResolveRequestCache Request called at 10-12-2018 03:00:07 PM   :::   15:00:07.8675888

::::::::::: AcquireRequestState Request called at 10-12-2018 03:00:07 PM   :::   15:00:07.8685909

::::::::::: PostAcquireRequestState Request called at 10-12-2018 03:00:07 PM   :::   15:00:07.8695902

::::::::::: PreRequestHandlerExecute Request called at 10-12-2018 03:00:07 PM   :::   15:00:07.8715941

::::::::::: PostRequestHandlerExecute Request called at 10-12-2018 03:00:12 PM   :::   15:00:12.7715894

::::::::::: ReleaseRequestState Request called at 10-12-2018 03:00:12 PM   :::   15:00:12.7725893

::::::::::: PostReleaseRequestState Request called at 10-12-2018 03:00:12 PM   :::   15:00:12.7745889

::::::::::: UpdateRequestCache Request called at 10-12-2018 03:00:12 PM   :::   15:00:12.7755893

::::::::::: EndRequest Request called at 10-12-2018 03:00:12 PM   :::   15:00:12.7765910

::::::::::: PostRequestHandlerExecute Request called at 10-12-2018 03:00:14 PM   :::   15:00:14.1275927

::::::::::: ReleaseRequestState Request called at 10-12-2018 03:00:14 PM   :::   15:00:14.1295910

::::::::::: PostReleaseRequestState Request called at 10-12-2018 03:00:14 PM   :::   15:00:14.1305918

::::::::::: UpdateRequestCache Request called at 10-12-2018 03:00:14 PM   :::   15:00:14.1325920

::::::::::: EndRequest Request called at 10-12-2018 03:00:14 PM   :::   15:00:14.1355897

::::::::::: BeginRequest Request called at 10-12-2018 03:03:42 PM   :::   15:03:42.5792766

::::::::::: AuthenticateRequest Request called at 10-12-2018 03:03:42 PM   :::   15:03:42.5823203

::::::::::: PostAuthenticateRequest Request called at 10-12-2018 03:03:42 PM   :::   15:03:42.5832784

::::::::::: AuthorizeRequest Request called at 10-12-2018 03:03:42 PM   :::   15:03:42.5852784

::::::::::: PostAuthorizeRequest Request called at 10-12-2018 03:03:42 PM   :::   15:03:42.5862764

::::::::::: End Request called at 10-12-2018 03:03:42 PM   :::   15:03:42.5872777

::::::::::: PostResolveRequestCache Request called at 10-12-2018 03:03:42 PM   :::   15:03:42.5902803

::::::::::: AcquireRequestState Request called at 10-12-2018 03:03:42 PM   :::   15:03:42.5912767

::::::::::: PostAcquireRequestState Request called at 10-12-2018 03:03:42 PM   :::   15:03:42.5922767

::::::::::: PreRequestHandlerExecute Request called at 10-12-2018 03:03:42 PM   :::   15:03:42.5942755

::::::::::: PostRequestHandlerExecute Request called at 10-12-2018 03:03:42 PM   :::   15:03:42.5962786

::::::::::: ReleaseRequestState Request called at 10-12-2018 03:03:42 PM   :::   15:03:42.5982780

::::::::::: PostReleaseRequestState Request called at 10-12-2018 03:03:42 PM   :::   15:03:42.6002794

::::::::::: UpdateRequestCache Request called at 10-12-2018 03:03:42 PM   :::   15:03:42.6012772

::::::::::: EndRequest Request called at 10-12-2018 03:03:42 PM   :::   15:03:42.6022803

::::::::::: PreSendRequestContent Request called at 10-12-2018 03:03:42 PM   :::   15:03:42.6042758

::::::::::: PreSendRequestHeaders Request called at 10-12-2018 03:03:42 PM   :::   15:03:42.6052751

::::::::::: BeginRequest Request called at 10-12-2018 03:03:42 PM   :::   15:03:42.7532812

::::::::::: AuthenticateRequest Request called at 10-12-2018 03:03:42 PM   :::   15:03:42.7552868

::::::::::: PostAuthenticateRequest Request called at 10-12-2018 03:03:42 PM   :::   15:03:42.7562787

::::::::::: AuthorizeRequest Request called at 10-12-2018 03:03:42 PM   :::   15:03:42.7582806

::::::::::: PostAuthorizeRequest Request called at 10-12-2018 03:03:42 PM   :::   15:03:42.7592837

::::::::::: End Request called at 10-12-2018 03:03:42 PM   :::   15:03:42.7602818

::::::::::: PostResolveRequestCache Request called at 10-12-2018 03:03:42 PM   :::   15:03:42.7622783

::::::::::: AcquireRequestState Request called at 10-12-2018 03:03:42 PM   :::   15:03:42.7632830

::::::::::: PostAcquireRequestState Request called at 10-12-2018 03:03:42 PM   :::   15:03:42.7642817

::::::::::: PreRequestHandlerExecute Request called at 10-12-2018 03:03:42 PM   :::   15:03:42.7652803

::::::::::: BeginRequest Request called at 10-12-2018 03:03:56 PM   :::   15:03:56.9086280

::::::::::: AuthenticateRequest Request called at 10-12-2018 03:03:56 PM   :::   15:03:56.9106258

::::::::::: PostAuthenticateRequest Request called at 10-12-2018 03:03:56 PM   :::   15:03:56.9137108

::::::::::: AuthorizeRequest Request called at 10-12-2018 03:03:56 PM   :::   15:03:56.9146241

::::::::::: PostAuthorizeRequest Request called at 10-12-2018 03:03:56 PM   :::   15:03:56.9166250

::::::::::: End Request called at 10-12-2018 03:03:56 PM   :::   15:03:56.9176244

::::::::::: PostResolveRequestCache Request called at 10-12-2018 03:03:56 PM   :::   15:03:56.9196271

::::::::::: AcquireRequestState Request called at 10-12-2018 03:03:56 PM   :::   15:03:56.9206283

::::::::::: PostAcquireRequestState Request called at 10-12-2018 03:03:56 PM   :::   15:03:56.9226260

::::::::::: PreRequestHandlerExecute Request called at 10-12-2018 03:03:56 PM   :::   15:03:56.9246266

::::::::::: PostRequestHandlerExecute Request called at 10-12-2018 03:03:56 PM   :::   15:03:56.9266264

::::::::::: ReleaseRequestState Request called at 10-12-2018 03:03:56 PM   :::   15:03:56.9276267

::::::::::: PostReleaseRequestState Request called at 10-12-2018 03:03:56 PM   :::   15:03:56.9306265

::::::::::: UpdateRequestCache Request called at 10-12-2018 03:03:56 PM   :::   15:03:56.9326240

::::::::::: EndRequest Request called at 10-12-2018 03:03:56 PM   :::   15:03:56.9336263

::::::::::: PreSendRequestContent Request called at 10-12-2018 03:03:56 PM   :::   15:03:56.9346241

::::::::::: PreSendRequestHeaders Request called at 10-12-2018 03:03:56 PM   :::   15:03:56.9356232

::::::::::: BeginRequest Request called at 10-12-2018 03:03:57 PM   :::   15:03:57.0686260

::::::::::: AuthenticateRequest Request called at 10-12-2018 03:03:57 PM   :::   15:03:57.0706265

::::::::::: PostAuthenticateRequest Request called at 10-12-2018 03:03:57 PM   :::   15:03:57.0716219

::::::::::: AuthorizeRequest Request called at 10-12-2018 03:03:57 PM   :::   15:03:57.0736235

::::::::::: PostAuthorizeRequest Request called at 10-12-2018 03:03:57 PM   :::   15:03:57.0746228

::::::::::: End Request called at 10-12-2018 03:03:57 PM   :::   15:03:57.0756242

::::::::::: PostResolveRequestCache Request called at 10-12-2018 03:03:57 PM   :::   15:03:57.0776251

::::::::::: AcquireRequestState Request called at 10-12-2018 03:03:57 PM   :::   15:03:57.0786264

::::::::::: PostAcquireRequestState Request called at 10-12-2018 03:03:57 PM   :::   15:03:57.0806246

::::::::::: PreRequestHandlerExecute Request called at 10-12-2018 03:03:57 PM   :::   15:03:57.0816274

::::::::::: PostRequestHandlerExecute Request called at 10-12-2018 03:03:57 PM   :::   15:03:57.8046230

::::::::::: ReleaseRequestState Request called at 10-12-2018 03:03:57 PM   :::   15:03:57.8056239

::::::::::: PostReleaseRequestState Request called at 10-12-2018 03:03:57 PM   :::   15:03:57.8066226

::::::::::: UpdateRequestCache Request called at 10-12-2018 03:03:57 PM   :::   15:03:57.8076244

::::::::::: EndRequest Request called at 10-12-2018 03:03:57 PM   :::   15:03:57.8096216

::::::::::: PostRequestHandlerExecute Request called at 10-12-2018 03:04:08 PM   :::   15:04:08.1520332

::::::::::: ReleaseRequestState Request called at 10-12-2018 03:04:08 PM   :::   15:04:08.1520332

::::::::::: PostReleaseRequestState Request called at 10-12-2018 03:04:08 PM   :::   15:04:08.1520332

::::::::::: UpdateRequestCache Request called at 10-12-2018 03:04:08 PM   :::   15:04:08.1520332

::::::::::: EndRequest Request called at 10-12-2018 03:04:08 PM   :::   15:04:08.1520332

::::::::::: BeginRequest Request called at 10-12-2018 03:05:07 PM   :::   15:05:07.3458946

::::::::::: AuthenticateRequest Request called at 10-12-2018 03:05:07 PM   :::   15:05:07.3468951

::::::::::: PostAuthenticateRequest Request called at 10-12-2018 03:05:07 PM   :::   15:05:07.3488914

::::::::::: AuthorizeRequest Request called at 10-12-2018 03:05:07 PM   :::   15:05:07.3508938

::::::::::: PostAuthorizeRequest Request called at 10-12-2018 03:05:07 PM   :::   15:05:07.3528965

::::::::::: End Request called at 10-12-2018 03:05:07 PM   :::   15:05:07.3538944

::::::::::: PostResolveRequestCache Request called at 10-12-2018 03:05:07 PM   :::   15:05:07.3548939

::::::::::: AcquireRequestState Request called at 10-12-2018 03:05:07 PM   :::   15:05:07.3568932

::::::::::: PostAcquireRequestState Request called at 10-12-2018 03:05:07 PM   :::   15:05:07.3578909

::::::::::: PreRequestHandlerExecute Request called at 10-12-2018 03:05:07 PM   :::   15:05:07.3588930

::::::::::: PostRequestHandlerExecute Request called at 10-12-2018 03:05:07 PM   :::   15:05:07.3608930

::::::::::: ReleaseRequestState Request called at 10-12-2018 03:05:07 PM   :::   15:05:07.3618912

::::::::::: PostReleaseRequestState Request called at 10-12-2018 03:05:07 PM   :::   15:05:07.3628951

::::::::::: UpdateRequestCache Request called at 10-12-2018 03:05:07 PM   :::   15:05:07.3638917

::::::::::: EndRequest Request called at 10-12-2018 03:05:07 PM   :::   15:05:07.3649028

::::::::::: PreSendRequestContent Request called at 10-12-2018 03:05:07 PM   :::   15:05:07.3668955

::::::::::: PreSendRequestHeaders Request called at 10-12-2018 03:05:07 PM   :::   15:05:07.3689551

::::::::::: BeginRequest Request called at 10-12-2018 03:05:07 PM   :::   15:05:07.4908949

::::::::::: AuthenticateRequest Request called at 10-12-2018 03:05:07 PM   :::   15:05:07.4918990

::::::::::: PostAuthenticateRequest Request called at 10-12-2018 03:05:07 PM   :::   15:05:07.4938974

::::::::::: AuthorizeRequest Request called at 10-12-2018 03:05:07 PM   :::   15:05:07.4948954

::::::::::: PostAuthorizeRequest Request called at 10-12-2018 03:05:07 PM   :::   15:05:07.4958920

::::::::::: End Request called at 10-12-2018 03:05:07 PM   :::   15:05:07.4978937

::::::::::: PostResolveRequestCache Request called at 10-12-2018 03:05:07 PM   :::   15:05:07.4988942

::::::::::: AcquireRequestState Request called at 10-12-2018 03:05:07 PM   :::   15:05:07.4998960

::::::::::: PostAcquireRequestState Request called at 10-12-2018 03:05:07 PM   :::   15:05:07.5018930

::::::::::: PreRequestHandlerExecute Request called at 10-12-2018 03:05:07 PM   :::   15:05:07.5028919

::::::::::: PostRequestHandlerExecute Request called at 10-12-2018 03:05:19 PM   :::   15:05:19.9742447

::::::::::: ReleaseRequestState Request called at 10-12-2018 03:05:19 PM   :::   15:05:19.9742447

::::::::::: PostReleaseRequestState Request called at 10-12-2018 03:05:19 PM   :::   15:05:19.9742447

::::::::::: UpdateRequestCache Request called at 10-12-2018 03:05:19 PM   :::   15:05:19.9742447

::::::::::: EndRequest Request called at 10-12-2018 03:05:19 PM   :::   15:05:19.9742447

::::::::::: BeginRequest Request called at 10-12-2018 03:06:16 PM   :::   15:06:16.3458462

::::::::::: AuthenticateRequest Request called at 10-12-2018 03:06:16 PM   :::   15:06:16.3468458

::::::::::: PostAuthenticateRequest Request called at 10-12-2018 03:06:16 PM   :::   15:06:16.3488468

::::::::::: AuthorizeRequest Request called at 10-12-2018 03:06:16 PM   :::   15:06:16.3498515

::::::::::: PostAuthorizeRequest Request called at 10-12-2018 03:06:16 PM   :::   15:06:16.3508499

::::::::::: End Request called at 10-12-2018 03:06:16 PM   :::   15:06:16.3518468

::::::::::: PostResolveRequestCache Request called at 10-12-2018 03:06:16 PM   :::   15:06:16.3548494

::::::::::: AcquireRequestState Request called at 10-12-2018 03:06:16 PM   :::   15:06:16.3568452

::::::::::: PostAcquireRequestState Request called at 10-12-2018 03:06:16 PM   :::   15:06:16.3578466

::::::::::: PreRequestHandlerExecute Request called at 10-12-2018 03:06:16 PM   :::   15:06:16.3588449

::::::::::: PostRequestHandlerExecute Request called at 10-12-2018 03:06:16 PM   :::   15:06:16.3608659

::::::::::: ReleaseRequestState Request called at 10-12-2018 03:06:16 PM   :::   15:06:16.3618491

::::::::::: PostReleaseRequestState Request called at 10-12-2018 03:06:16 PM   :::   15:06:16.3628449

::::::::::: UpdateRequestCache Request called at 10-12-2018 03:06:16 PM   :::   15:06:16.3648448

::::::::::: EndRequest Request called at 10-12-2018 03:06:16 PM   :::   15:06:16.3658453

::::::::::: PreSendRequestContent Request called at 10-12-2018 03:06:16 PM   :::   15:06:16.3668462

::::::::::: PreSendRequestHeaders Request called at 10-12-2018 03:06:16 PM   :::   15:06:16.3678444

::::::::::: BeginRequest Request called at 10-12-2018 03:06:16 PM   :::   15:06:16.5238497

::::::::::: AuthenticateRequest Request called at 10-12-2018 03:06:16 PM   :::   15:06:16.5248497

::::::::::: PostAuthenticateRequest Request called at 10-12-2018 03:06:16 PM   :::   15:06:16.5268439

::::::::::: AuthorizeRequest Request called at 10-12-2018 03:06:16 PM   :::   15:06:16.5278474

::::::::::: PostAuthorizeRequest Request called at 10-12-2018 03:06:16 PM   :::   15:06:16.5288490

::::::::::: End Request called at 10-12-2018 03:06:16 PM   :::   15:06:16.5298459

::::::::::: PostResolveRequestCache Request called at 10-12-2018 03:06:16 PM   :::   15:06:16.5318464

::::::::::: AcquireRequestState Request called at 10-12-2018 03:06:16 PM   :::   15:06:16.5328490

::::::::::: PostAcquireRequestState Request called at 10-12-2018 03:06:16 PM   :::   15:06:16.5348496

::::::::::: PreRequestHandlerExecute Request called at 10-12-2018 03:06:16 PM   :::   15:06:16.5358498

::::::::::: PostRequestHandlerExecute Request called at 10-12-2018 03:06:25 PM   :::   15:06:25.2863971

::::::::::: ReleaseRequestState Request called at 10-12-2018 03:06:25 PM   :::   15:06:25.2884027

::::::::::: PostReleaseRequestState Request called at 10-12-2018 03:06:25 PM   :::   15:06:25.2894000

::::::::::: UpdateRequestCache Request called at 10-12-2018 03:06:25 PM   :::   15:06:25.2903992

::::::::::: EndRequest Request called at 10-12-2018 03:06:25 PM   :::   15:06:25.2934006

::::::::::: BeginRequest Request called at 10-12-2018 03:10:27 PM   :::   15:10:27.3011254

::::::::::: AuthenticateRequest Request called at 10-12-2018 03:10:27 PM   :::   15:10:27.3031280

::::::::::: PostAuthenticateRequest Request called at 10-12-2018 03:10:27 PM   :::   15:10:27.3041264

::::::::::: AuthorizeRequest Request called at 10-12-2018 03:10:27 PM   :::   15:10:27.3051306

::::::::::: PostAuthorizeRequest Request called at 10-12-2018 03:10:27 PM   :::   15:10:27.3061265

::::::::::: End Request called at 10-12-2018 03:10:27 PM   :::   15:10:27.3071282

::::::::::: PostResolveRequestCache Request called at 10-12-2018 03:10:27 PM   :::   15:10:27.3091269

::::::::::: AcquireRequestState Request called at 10-12-2018 03:10:27 PM   :::   15:10:27.3111267

::::::::::: PostAcquireRequestState Request called at 10-12-2018 03:10:27 PM   :::   15:10:27.3121261

::::::::::: PreRequestHandlerExecute Request called at 10-12-2018 03:10:27 PM   :::   15:10:27.3131282

::::::::::: PostRequestHandlerExecute Request called at 10-12-2018 03:10:27 PM   :::   15:10:27.3151295

::::::::::: ReleaseRequestState Request called at 10-12-2018 03:10:27 PM   :::   15:10:27.3171248

::::::::::: PostReleaseRequestState Request called at 10-12-2018 03:10:27 PM   :::   15:10:27.3181263

::::::::::: UpdateRequestCache Request called at 10-12-2018 03:10:27 PM   :::   15:10:27.3191259

::::::::::: EndRequest Request called at 10-12-2018 03:10:27 PM   :::   15:10:27.3201304

::::::::::: PreSendRequestContent Request called at 10-12-2018 03:10:27 PM   :::   15:10:27.3221279

::::::::::: PreSendRequestHeaders Request called at 10-12-2018 03:10:27 PM   :::   15:10:27.3231278

::::::::::: BeginRequest Request called at 10-12-2018 03:10:27 PM   :::   15:10:27.6791269

::::::::::: AuthenticateRequest Request called at 10-12-2018 03:10:27 PM   :::   15:10:27.6811272

::::::::::: PostAuthenticateRequest Request called at 10-12-2018 03:10:27 PM   :::   15:10:27.6821266

::::::::::: AuthorizeRequest Request called at 10-12-2018 03:10:27 PM   :::   15:10:27.6841274

::::::::::: PostAuthorizeRequest Request called at 10-12-2018 03:10:27 PM   :::   15:10:27.6851279

::::::::::: End Request called at 10-12-2018 03:10:27 PM   :::   15:10:27.6861240

::::::::::: PostResolveRequestCache Request called at 10-12-2018 03:10:27 PM   :::   15:10:27.6881267

::::::::::: AcquireRequestState Request called at 10-12-2018 03:10:27 PM   :::   15:10:27.6891261

::::::::::: PostAcquireRequestState Request called at 10-12-2018 03:10:27 PM   :::   15:10:27.6901282

::::::::::: PreRequestHandlerExecute Request called at 10-12-2018 03:10:27 PM   :::   15:10:27.6911278

::::::::::: PostRequestHandlerExecute Request called at 10-12-2018 03:10:40 PM   :::   15:10:40.4600382

::::::::::: ReleaseRequestState Request called at 10-12-2018 03:10:40 PM   :::   15:10:40.4611014

::::::::::: PostReleaseRequestState Request called at 10-12-2018 03:10:40 PM   :::   15:10:40.4620395

::::::::::: UpdateRequestCache Request called at 10-12-2018 03:10:40 PM   :::   15:10:40.4650432

::::::::::: EndRequest Request called at 10-12-2018 03:10:40 PM   :::   15:10:40.4660437

::::::::::: BeginRequest Request called at 10-12-2018 08:55:22 PM   :::   20:55:22.3892722

::::::::::: AuthenticateRequest Request called at 10-12-2018 08:55:22 PM   :::   20:55:22.3932274

::::::::::: PostAuthenticateRequest Request called at 10-12-2018 08:55:22 PM   :::   20:55:22.3952296

::::::::::: AuthorizeRequest Request called at 10-12-2018 08:55:22 PM   :::   20:55:22.3962281

::::::::::: PostAuthorizeRequest Request called at 10-12-2018 08:55:22 PM   :::   20:55:22.3982277

::::::::::: End Request called at 10-12-2018 08:55:22 PM   :::   20:55:22.3992287

::::::::::: PostResolveRequestCache Request called at 10-12-2018 08:55:22 PM   :::   20:55:22.4052276

::::::::::: AcquireRequestState Request called at 10-12-2018 08:55:22 PM   :::   20:55:22.4072280

::::::::::: PostAcquireRequestState Request called at 10-12-2018 08:55:22 PM   :::   20:55:22.4082297

::::::::::: PreRequestHandlerExecute Request called at 10-12-2018 08:55:22 PM   :::   20:55:22.4092277

::::::::::: PostRequestHandlerExecute Request called at 10-12-2018 08:55:22 PM   :::   20:55:22.4142283

::::::::::: ReleaseRequestState Request called at 10-12-2018 08:55:22 PM   :::   20:55:22.4162279

::::::::::: PostReleaseRequestState Request called at 10-12-2018 08:55:22 PM   :::   20:55:22.4182307

::::::::::: UpdateRequestCache Request called at 10-12-2018 08:55:22 PM   :::   20:55:22.4192291

::::::::::: EndRequest Request called at 10-12-2018 08:55:22 PM   :::   20:55:22.4212288

::::::::::: PreSendRequestContent Request called at 10-12-2018 08:55:22 PM   :::   20:55:22.4232297

::::::::::: PreSendRequestHeaders Request called at 10-12-2018 08:55:22 PM   :::   20:55:22.4242283

::::::::::: BeginRequest Request called at 10-12-2018 08:55:22 PM   :::   20:55:22.4602284

::::::::::: AuthenticateRequest Request called at 10-12-2018 08:55:22 PM   :::   20:55:22.4612258

::::::::::: PostAuthenticateRequest Request called at 10-12-2018 08:55:22 PM   :::   20:55:22.4632269

::::::::::: AuthorizeRequest Request called at 10-12-2018 08:55:22 PM   :::   20:55:22.4642357

::::::::::: PostAuthorizeRequest Request called at 10-12-2018 08:55:22 PM   :::   20:55:22.4652285

::::::::::: End Request called at 10-12-2018 08:55:22 PM   :::   20:55:22.4662302

::::::::::: PostResolveRequestCache Request called at 10-12-2018 08:55:22 PM   :::   20:55:22.4682384

::::::::::: AcquireRequestState Request called at 10-12-2018 08:55:22 PM   :::   20:55:22.4692342

::::::::::: PostAcquireRequestState Request called at 10-12-2018 08:55:22 PM   :::   20:55:22.4702276

::::::::::: PreRequestHandlerExecute Request called at 10-12-2018 08:55:22 PM   :::   20:55:22.4742390

::::::::::: PostRequestHandlerExecute Request called at 10-12-2018 08:55:53 PM   :::   20:55:53.1609276

::::::::::: ReleaseRequestState Request called at 10-12-2018 08:55:53 PM   :::   20:55:53.1619257

::::::::::: PostReleaseRequestState Request called at 10-12-2018 08:55:53 PM   :::   20:55:53.1639258

::::::::::: UpdateRequestCache Request called at 10-12-2018 08:55:53 PM   :::   20:55:53.1649278

::::::::::: EndRequest Request called at 10-12-2018 08:55:53 PM   :::   20:55:53.1669280

::::::::::: BeginRequest Request called at 10-12-2018 08:56:21 PM   :::   20:56:21.7912545

::::::::::: AuthenticateRequest Request called at 10-12-2018 08:56:21 PM   :::   20:56:21.7932502

::::::::::: PostAuthenticateRequest Request called at 10-12-2018 08:56:21 PM   :::   20:56:21.7942521

::::::::::: AuthorizeRequest Request called at 10-12-2018 08:56:21 PM   :::   20:56:21.8002522

::::::::::: PostAuthorizeRequest Request called at 10-12-2018 08:56:21 PM   :::   20:56:21.8022572

::::::::::: End Request called at 10-12-2018 08:56:21 PM   :::   20:56:21.8042561

::::::::::: PostResolveRequestCache Request called at 10-12-2018 08:56:21 PM   :::   20:56:21.8062565

::::::::::: AcquireRequestState Request called at 10-12-2018 08:56:21 PM   :::   20:56:21.8082529

::::::::::: PostAcquireRequestState Request called at 10-12-2018 08:56:21 PM   :::   20:56:21.8102517

::::::::::: PreRequestHandlerExecute Request called at 10-12-2018 08:56:21 PM   :::   20:56:21.8122545

::::::::::: PostRequestHandlerExecute Request called at 10-12-2018 08:56:21 PM   :::   20:56:21.8142529

::::::::::: ReleaseRequestState Request called at 10-12-2018 08:56:21 PM   :::   20:56:21.8152591

::::::::::: PostReleaseRequestState Request called at 10-12-2018 08:56:21 PM   :::   20:56:21.8172802

::::::::::: UpdateRequestCache Request called at 10-12-2018 08:56:21 PM   :::   20:56:21.8182537

::::::::::: EndRequest Request called at 10-12-2018 08:56:21 PM   :::   20:56:21.8202510

::::::::::: PreSendRequestContent Request called at 10-12-2018 08:56:21 PM   :::   20:56:21.8212561

::::::::::: PreSendRequestHeaders Request called at 10-12-2018 08:56:21 PM   :::   20:56:21.8232643

::::::::::: BeginRequest Request called at 10-12-2018 08:56:21 PM   :::   20:56:21.9032590

::::::::::: AuthenticateRequest Request called at 10-12-2018 08:56:21 PM   :::   20:56:21.9052513

::::::::::: PostAuthenticateRequest Request called at 10-12-2018 08:56:21 PM   :::   20:56:21.9062518

::::::::::: AuthorizeRequest Request called at 10-12-2018 08:56:21 PM   :::   20:56:21.9082769

::::::::::: PostAuthorizeRequest Request called at 10-12-2018 08:56:21 PM   :::   20:56:21.9092575

::::::::::: End Request called at 10-12-2018 08:56:21 PM   :::   20:56:21.9102522

::::::::::: PostResolveRequestCache Request called at 10-12-2018 08:56:21 PM   :::   20:56:21.9152631

::::::::::: AcquireRequestState Request called at 10-12-2018 08:56:21 PM   :::   20:56:21.9182559

::::::::::: PostAcquireRequestState Request called at 10-12-2018 08:56:21 PM   :::   20:56:21.9202499

::::::::::: PreRequestHandlerExecute Request called at 10-12-2018 08:56:21 PM   :::   20:56:21.9212526

::::::::::: BeginRequest Request called at 10-12-2018 08:56:41 PM   :::   20:56:41.9504801

::::::::::: AuthenticateRequest Request called at 10-12-2018 08:56:41 PM   :::   20:56:41.9515032

::::::::::: PostAuthenticateRequest Request called at 10-12-2018 08:56:41 PM   :::   20:56:41.9534852

::::::::::: AuthorizeRequest Request called at 10-12-2018 08:56:41 PM   :::   20:56:41.9554827

::::::::::: BeginRequest Request called at 10-12-2018 08:56:41 PM   :::   20:56:41.9554827

::::::::::: PostAuthorizeRequest Request called at 10-12-2018 08:56:41 PM   :::   20:56:41.9564818

::::::::::: AuthenticateRequest Request called at 10-12-2018 08:56:41 PM   :::   20:56:41.9564818

::::::::::: End Request called at 10-12-2018 08:56:41 PM   :::   20:56:41.9584805

::::::::::: PostAuthenticateRequest Request called at 10-12-2018 08:56:41 PM   :::   20:56:41.9584805

::::::::::: PostResolveRequestCache Request called at 10-12-2018 08:56:41 PM   :::   20:56:41.9604864

::::::::::: AcquireRequestState Request called at 10-12-2018 08:56:41 PM   :::   20:56:41.9624815

::::::::::: PostAuthorizeRequest Request called at 10-12-2018 08:56:41 PM   :::   20:56:41.9624815

::::::::::: PostAcquireRequestState Request called at 10-12-2018 08:56:41 PM   :::   20:56:41.9634820

::::::::::: End Request called at 10-12-2018 08:56:41 PM   :::   20:56:41.9634820

::::::::::: PreRequestHandlerExecute Request called at 10-12-2018 08:56:41 PM   :::   20:56:41.9654837

::::::::::: PostResolveRequestCache Request called at 10-12-2018 08:56:41 PM   :::   20:56:41.9654837

::::::::::: PostRequestHandlerExecute Request called at 10-12-2018 08:56:41 PM   :::   20:56:41.9674828

::::::::::: AcquireRequestState Request called at 10-12-2018 08:56:41 PM   :::   20:56:41.9674828

::::::::::: ReleaseRequestState Request called at 10-12-2018 08:56:41 PM   :::   20:56:41.9684828

::::::::::: PostAcquireRequestState Request called at 10-12-2018 08:56:41 PM   :::   20:56:41.9684828

::::::::::: PostReleaseRequestState Request called at 10-12-2018 08:56:41 PM   :::   20:56:41.9694814

::::::::::: PreRequestHandlerExecute Request called at 10-12-2018 08:56:41 PM   :::   20:56:41.9704815

::::::::::: UpdateRequestCache Request called at 10-12-2018 08:56:41 PM   :::   20:56:41.9714816

::::::::::: EndRequest Request called at 10-12-2018 08:56:41 PM   :::   20:56:41.9724826

::::::::::: PostRequestHandlerExecute Request called at 10-12-2018 08:56:41 PM   :::   20:56:41.9734834

::::::::::: PreSendRequestContent Request called at 10-12-2018 08:56:41 PM   :::   20:56:41.9744821

::::::::::: ReleaseRequestState Request called at 10-12-2018 08:56:41 PM   :::   20:56:41.9744821

::::::::::: PreSendRequestHeaders Request called at 10-12-2018 08:56:41 PM   :::   20:56:41.9754810

::::::::::: PostReleaseRequestState Request called at 10-12-2018 08:56:41 PM   :::   20:56:41.9764810

::::::::::: UpdateRequestCache Request called at 10-12-2018 08:56:41 PM   :::   20:56:41.9774829

::::::::::: EndRequest Request called at 10-12-2018 08:56:41 PM   :::   20:56:41.9784838

::::::::::: PreSendRequestContent Request called at 10-12-2018 08:56:41 PM   :::   20:56:41.9804807

::::::::::: PreSendRequestHeaders Request called at 10-12-2018 08:56:41 PM   :::   20:56:41.9814825

::::::::::: BeginRequest Request called at 10-12-2018 08:56:41 PM   :::   20:56:41.9974876

::::::::::: BeginRequest Request called at 10-12-2018 08:56:41 PM   :::   20:56:41.9984853

::::::::::: AuthenticateRequest Request called at 10-12-2018 08:56:41 PM   :::   20:56:41.9994853

::::::::::: AuthenticateRequest Request called at 10-12-2018 08:56:42 PM   :::   20:56:42.0005223

::::::::::: PostAuthenticateRequest Request called at 10-12-2018 08:56:42 PM   :::   20:56:42.0034850

::::::::::: PostAuthenticateRequest Request called at 10-12-2018 08:56:42 PM   :::   20:56:42.0054819

::::::::::: AuthorizeRequest Request called at 10-12-2018 08:56:42 PM   :::   20:56:42.0054819

::::::::::: AuthorizeRequest Request called at 10-12-2018 08:56:42 PM   :::   20:56:42.0064808

::::::::::: PostAuthorizeRequest Request called at 10-12-2018 08:56:42 PM   :::   20:56:42.0115165

::::::::::: PostAuthorizeRequest Request called at 10-12-2018 08:56:42 PM   :::   20:56:42.0124858

::::::::::: End Request called at 10-12-2018 08:56:42 PM   :::   20:56:42.0134837

::::::::::: End Request called at 10-12-2018 08:56:42 PM   :::   20:56:42.0144813

::::::::::: PostResolveRequestCache Request called at 10-12-2018 08:56:42 PM   :::   20:56:42.0154840

::::::::::: PostResolveRequestCache Request called at 10-12-2018 08:56:42 PM   :::   20:56:42.0154840

::::::::::: AcquireRequestState Request called at 10-12-2018 08:56:42 PM   :::   20:56:42.0174923

::::::::::: AcquireRequestState Request called at 10-12-2018 08:56:42 PM   :::   20:56:42.0184838

::::::::::: PostAcquireRequestState Request called at 10-12-2018 08:56:42 PM   :::   20:56:42.0184838

::::::::::: PostAcquireRequestState Request called at 10-12-2018 08:56:42 PM   :::   20:56:42.0194859

::::::::::: PreRequestHandlerExecute Request called at 10-12-2018 08:56:42 PM   :::   20:56:42.0215464

::::::::::: PreRequestHandlerExecute Request called at 10-12-2018 08:56:42 PM   :::   20:56:42.0225101

::::::::::: PostRequestHandlerExecute Request called at 10-12-2018 08:56:43 PM   :::   20:56:43.7503648

::::::::::: ReleaseRequestState Request called at 10-12-2018 08:56:43 PM   :::   20:56:43.7523660

::::::::::: PostReleaseRequestState Request called at 10-12-2018 08:56:43 PM   :::   20:56:43.7534116

::::::::::: UpdateRequestCache Request called at 10-12-2018 08:56:43 PM   :::   20:56:43.7543794

::::::::::: EndRequest Request called at 10-12-2018 08:56:43 PM   :::   20:56:43.7563661

::::::::::: PreSendRequestContent Request called at 10-12-2018 08:56:43 PM   :::   20:56:43.7573658

::::::::::: PreSendRequestHeaders Request called at 10-12-2018 08:56:43 PM   :::   20:56:43.7593671

::::::::::: PostRequestHandlerExecute Request called at 10-12-2018 08:56:52 PM   :::   20:56:52.3553745

::::::::::: ReleaseRequestState Request called at 10-12-2018 08:56:52 PM   :::   20:56:52.3563709

::::::::::: PostReleaseRequestState Request called at 10-12-2018 08:56:52 PM   :::   20:56:52.3583665

::::::::::: UpdateRequestCache Request called at 10-12-2018 08:56:52 PM   :::   20:56:52.3593674

::::::::::: EndRequest Request called at 10-12-2018 08:56:52 PM   :::   20:56:52.3613735

::::::::::: PreSendRequestContent Request called at 10-12-2018 08:56:52 PM   :::   20:56:52.3623720

::::::::::: PreSendRequestHeaders Request called at 10-12-2018 08:56:52 PM   :::   20:56:52.3633659

::::::::::: PostRequestHandlerExecute Request called at 10-12-2018 08:56:59 PM   :::   20:56:59.0314145

::::::::::: ReleaseRequestState Request called at 10-12-2018 08:56:59 PM   :::   20:56:59.0324201

::::::::::: PostReleaseRequestState Request called at 10-12-2018 08:56:59 PM   :::   20:56:59.0334194

::::::::::: UpdateRequestCache Request called at 10-12-2018 08:56:59 PM   :::   20:56:59.0344156

::::::::::: EndRequest Request called at 10-12-2018 08:56:59 PM   :::   20:56:59.0354148

::::::::::: PreSendRequestContent Request called at 10-12-2018 08:56:59 PM   :::   20:56:59.0374157

::::::::::: PreSendRequestHeaders Request called at 10-12-2018 08:56:59 PM   :::   20:56:59.0384243

::::::::::: BeginRequest Request called at 10-12-2018 08:58:46 PM   :::   20:58:46.9323364

::::::::::: AuthenticateRequest Request called at 10-12-2018 08:58:46 PM   :::   20:58:46.9333416

::::::::::: PostAuthenticateRequest Request called at 10-12-2018 08:58:46 PM   :::   20:58:46.9353336

::::::::::: AuthorizeRequest Request called at 10-12-2018 08:58:46 PM   :::   20:58:46.9363347

::::::::::: PostAuthorizeRequest Request called at 10-12-2018 08:58:46 PM   :::   20:58:46.9373352

::::::::::: End Request called at 10-12-2018 08:58:46 PM   :::   20:58:46.9393383

::::::::::: PostResolveRequestCache Request called at 10-12-2018 08:58:46 PM   :::   20:58:46.9413355

::::::::::: AcquireRequestState Request called at 10-12-2018 08:58:46 PM   :::   20:58:46.9443360

::::::::::: PostAcquireRequestState Request called at 10-12-2018 08:58:46 PM   :::   20:58:46.9453373

::::::::::: PreRequestHandlerExecute Request called at 10-12-2018 08:58:46 PM   :::   20:58:46.9473354

::::::::::: PostRequestHandlerExecute Request called at 10-12-2018 08:58:46 PM   :::   20:58:46.9493357

::::::::::: ReleaseRequestState Request called at 10-12-2018 08:58:46 PM   :::   20:58:46.9503454

::::::::::: PostReleaseRequestState Request called at 10-12-2018 08:58:46 PM   :::   20:58:46.9513344

::::::::::: UpdateRequestCache Request called at 10-12-2018 08:58:46 PM   :::   20:58:46.9533383

::::::::::: EndRequest Request called at 10-12-2018 08:58:46 PM   :::   20:58:46.9543376

::::::::::: PreSendRequestContent Request called at 10-12-2018 08:58:46 PM   :::   20:58:46.9573369

::::::::::: PreSendRequestHeaders Request called at 10-12-2018 08:58:46 PM   :::   20:58:46.9583348

::::::::::: BeginRequest Request called at 10-12-2018 08:58:46 PM   :::   20:58:46.9953368

::::::::::: AuthenticateRequest Request called at 10-12-2018 08:58:46 PM   :::   20:58:46.9973578

::::::::::: PostAuthenticateRequest Request called at 10-12-2018 08:58:46 PM   :::   20:58:46.9983406

::::::::::: AuthorizeRequest Request called at 10-12-2018 08:58:47 PM   :::   20:58:47.0003386

::::::::::: PostAuthorizeRequest Request called at 10-12-2018 08:58:47 PM   :::   20:58:47.0013361

::::::::::: End Request called at 10-12-2018 08:58:47 PM   :::   20:58:47.0033362

::::::::::: PostResolveRequestCache Request called at 10-12-2018 08:58:47 PM   :::   20:58:47.0053368

::::::::::: AcquireRequestState Request called at 10-12-2018 08:58:47 PM   :::   20:58:47.0073362

::::::::::: PostAcquireRequestState Request called at 10-12-2018 08:58:47 PM   :::   20:58:47.0083351

::::::::::: PreRequestHandlerExecute Request called at 10-12-2018 08:58:47 PM   :::   20:58:47.0093351

::::::::::: PostRequestHandlerExecute Request called at 10-12-2018 08:59:17 PM   :::   20:59:17.4296913

::::::::::: ReleaseRequestState Request called at 10-12-2018 08:59:17 PM   :::   20:59:17.4296913

::::::::::: PostReleaseRequestState Request called at 10-12-2018 08:59:17 PM   :::   20:59:17.4296913

::::::::::: UpdateRequestCache Request called at 10-12-2018 08:59:17 PM   :::   20:59:17.4296913

::::::::::: EndRequest Request called at 10-12-2018 08:59:17 PM   :::   20:59:17.4296913

::::::::::: PreSendRequestContent Request called at 10-12-2018 08:59:17 PM   :::   20:59:17.4296913

::::::::::: PreSendRequestHeaders Request called at 10-12-2018 08:59:17 PM   :::   20:59:17.4296913

::::::::::: BeginRequest Request called at 10-12-2018 09:37:18 PM   :::   21:37:18.2461584

::::::::::: AuthenticateRequest Request called at 10-12-2018 09:37:18 PM   :::   21:37:18.2491572

::::::::::: PostAuthenticateRequest Request called at 10-12-2018 09:37:18 PM   :::   21:37:18.2511575

::::::::::: AuthorizeRequest Request called at 10-12-2018 09:37:18 PM   :::   21:37:18.2531578

::::::::::: PostAuthorizeRequest Request called at 10-12-2018 09:37:18 PM   :::   21:37:18.2551632

::::::::::: End Request called at 10-12-2018 09:37:18 PM   :::   21:37:18.2561583

::::::::::: PostResolveRequestCache Request called at 10-12-2018 09:37:18 PM   :::   21:37:18.2581572

::::::::::: AcquireRequestState Request called at 10-12-2018 09:37:18 PM   :::   21:37:18.2591562

::::::::::: PostAcquireRequestState Request called at 10-12-2018 09:37:18 PM   :::   21:37:18.2601575

::::::::::: PreRequestHandlerExecute Request called at 10-12-2018 09:37:18 PM   :::   21:37:18.2611567

::::::::::: PostRequestHandlerExecute Request called at 10-12-2018 09:37:18 PM   :::   21:37:18.2641596

::::::::::: ReleaseRequestState Request called at 10-12-2018 09:37:18 PM   :::   21:37:18.2701892

::::::::::: PostReleaseRequestState Request called at 10-12-2018 09:37:18 PM   :::   21:37:18.2711580

::::::::::: UpdateRequestCache Request called at 10-12-2018 09:37:18 PM   :::   21:37:18.2731709

::::::::::: EndRequest Request called at 10-12-2018 09:37:18 PM   :::   21:37:18.2741569

::::::::::: PreSendRequestContent Request called at 10-12-2018 09:37:18 PM   :::   21:37:18.2761583

::::::::::: PreSendRequestHeaders Request called at 10-12-2018 09:37:18 PM   :::   21:37:18.2771573

::::::::::: BeginRequest Request called at 10-12-2018 09:37:18 PM   :::   21:37:18.3071589

::::::::::: AuthenticateRequest Request called at 10-12-2018 09:37:18 PM   :::   21:37:18.3081647

::::::::::: PostAuthenticateRequest Request called at 10-12-2018 09:37:18 PM   :::   21:37:18.3101551

::::::::::: AuthorizeRequest Request called at 10-12-2018 09:37:18 PM   :::   21:37:18.3111550

::::::::::: PostAuthorizeRequest Request called at 10-12-2018 09:37:18 PM   :::   21:37:18.3121558

::::::::::: End Request called at 10-12-2018 09:37:18 PM   :::   21:37:18.3142042

::::::::::: PostResolveRequestCache Request called at 10-12-2018 09:37:18 PM   :::   21:37:18.3171575

::::::::::: AcquireRequestState Request called at 10-12-2018 09:37:18 PM   :::   21:37:18.3191570

::::::::::: PostAcquireRequestState Request called at 10-12-2018 09:37:18 PM   :::   21:37:18.3201563

::::::::::: PreRequestHandlerExecute Request called at 10-12-2018 09:37:18 PM   :::   21:37:18.3211534

::::::::::: BeginRequest Request called at 10-12-2018 09:37:40 PM   :::   21:37:40.3732476

::::::::::: AuthenticateRequest Request called at 10-12-2018 09:37:40 PM   :::   21:37:40.3762287

::::::::::: PostAuthenticateRequest Request called at 10-12-2018 09:37:40 PM   :::   21:37:40.3792251

::::::::::: AuthorizeRequest Request called at 10-12-2018 09:37:40 PM   :::   21:37:40.3802249

::::::::::: PostAuthorizeRequest Request called at 10-12-2018 09:37:40 PM   :::   21:37:40.3812291

::::::::::: AuthenticateRequest Request called at 10-12-2018 09:37:40 PM   :::   21:37:40.3822245

::::::::::: End Request called at 10-12-2018 09:37:40 PM   :::   21:37:40.3832234

::::::::::: PostAuthenticateRequest Request called at 10-12-2018 09:37:40 PM   :::   21:37:40.3832234

::::::::::: PostResolveRequestCache Request called at 10-12-2018 09:37:40 PM   :::   21:37:40.3852249

::::::::::: AuthorizeRequest Request called at 10-12-2018 09:37:40 PM   :::   21:37:40.3852249

::::::::::: AcquireRequestState Request called at 10-12-2018 09:37:40 PM   :::   21:37:40.3872250

::::::::::: PostAuthorizeRequest Request called at 10-12-2018 09:37:40 PM   :::   21:37:40.3872250

::::::::::: PostAcquireRequestState Request called at 10-12-2018 09:37:40 PM   :::   21:37:40.3882254

::::::::::: End Request called at 10-12-2018 09:37:40 PM   :::   21:37:40.3892236

::::::::::: PreRequestHandlerExecute Request called at 10-12-2018 09:37:40 PM   :::   21:37:40.3892236

::::::::::: PostResolveRequestCache Request called at 10-12-2018 09:37:40 PM   :::   21:37:40.3912257

::::::::::: PostRequestHandlerExecute Request called at 10-12-2018 09:37:40 PM   :::   21:37:40.3922262

::::::::::: AcquireRequestState Request called at 10-12-2018 09:37:40 PM   :::   21:37:40.3932288

::::::::::: PostReleaseRequestState Request called at 10-12-2018 09:37:40 PM   :::   21:37:40.3972247

::::::::::: UpdateRequestCache Request called at 10-12-2018 09:37:40 PM   :::   21:37:40.3982239

::::::::::: PostAcquireRequestState Request called at 10-12-2018 09:37:40 PM   :::   21:37:40.3972247

::::::::::: EndRequest Request called at 10-12-2018 09:37:40 PM   :::   21:37:40.4002268

::::::::::: PreSendRequestContent Request called at 10-12-2018 09:37:40 PM   :::   21:37:40.4032246

::::::::::: PostRequestHandlerExecute Request called at 10-12-2018 09:37:40 PM   :::   21:37:40.4032246

::::::::::: PreSendRequestHeaders Request called at 10-12-2018 09:37:40 PM   :::   21:37:40.4042249

::::::::::: ReleaseRequestState Request called at 10-12-2018 09:37:40 PM   :::   21:37:40.4052231

::::::::::: PostReleaseRequestState Request called at 10-12-2018 09:37:40 PM   :::   21:37:40.4142416

::::::::::: UpdateRequestCache Request called at 10-12-2018 09:37:40 PM   :::   21:37:40.4162301

::::::::::: EndRequest Request called at 10-12-2018 09:37:40 PM   :::   21:37:40.4172285

::::::::::: PreSendRequestContent Request called at 10-12-2018 09:37:40 PM   :::   21:37:40.4182272

::::::::::: PreSendRequestHeaders Request called at 10-12-2018 09:37:40 PM   :::   21:37:40.4202293

::::::::::: BeginRequest Request called at 10-12-2018 09:37:40 PM   :::   21:37:40.4312264

::::::::::: AuthenticateRequest Request called at 10-12-2018 09:37:40 PM   :::   21:37:40.4342278

::::::::::: PostAuthenticateRequest Request called at 10-12-2018 09:37:40 PM   :::   21:37:40.4362297

::::::::::: AuthorizeRequest Request called at 10-12-2018 09:37:40 PM   :::   21:37:40.4382285

::::::::::: PostAuthorizeRequest Request called at 10-12-2018 09:37:40 PM   :::   21:37:40.4392271

::::::::::: End Request called at 10-12-2018 09:37:40 PM   :::   21:37:40.4422268

::::::::::: PostResolveRequestCache Request called at 10-12-2018 09:37:40 PM   :::   21:37:40.4482285

::::::::::: AcquireRequestState Request called at 10-12-2018 09:37:40 PM   :::   21:37:40.4502307

::::::::::: PostAcquireRequestState Request called at 10-12-2018 09:37:40 PM   :::   21:37:40.4522273

::::::::::: PreRequestHandlerExecute Request called at 10-12-2018 09:37:40 PM   :::   21:37:40.4542269

::::::::::: BeginRequest Request called at 10-12-2018 09:37:40 PM   :::   21:37:40.4562291

::::::::::: AuthenticateRequest Request called at 10-12-2018 09:37:40 PM   :::   21:37:40.4592293

::::::::::: PostAuthenticateRequest Request called at 10-12-2018 09:37:40 PM   :::   21:37:40.4622250

::::::::::: AuthorizeRequest Request called at 10-12-2018 09:37:40 PM   :::   21:37:40.4642276

::::::::::: PostAuthorizeRequest Request called at 10-12-2018 09:37:40 PM   :::   21:37:40.4652288

::::::::::: End Request called at 10-12-2018 09:37:40 PM   :::   21:37:40.4672264

::::::::::: PostResolveRequestCache Request called at 10-12-2018 09:37:40 PM   :::   21:37:40.4692256

::::::::::: AcquireRequestState Request called at 10-12-2018 09:37:40 PM   :::   21:37:40.4712281

::::::::::: PostAcquireRequestState Request called at 10-12-2018 09:37:40 PM   :::   21:37:40.4722245

::::::::::: PreRequestHandlerExecute Request called at 10-12-2018 09:37:40 PM   :::   21:37:40.4742252

::::::::::: PostRequestHandlerExecute Request called at 10-12-2018 09:37:48 PM   :::   21:37:48.7224911

::::::::::: ReleaseRequestState Request called at 10-12-2018 09:37:48 PM   :::   21:37:48.7234883

::::::::::: PostReleaseRequestState Request called at 10-12-2018 09:37:48 PM   :::   21:37:48.7244899

::::::::::: UpdateRequestCache Request called at 10-12-2018 09:37:48 PM   :::   21:37:48.7264919

::::::::::: EndRequest Request called at 10-12-2018 09:37:48 PM   :::   21:37:48.7274935

::::::::::: PreSendRequestContent Request called at 10-12-2018 09:37:48 PM   :::   21:37:48.7284912

::::::::::: PreSendRequestHeaders Request called at 10-12-2018 09:37:48 PM   :::   21:37:48.7294880

::::::::::: PostRequestHandlerExecute Request called at 10-12-2018 09:37:57 PM   :::   21:37:57.4644054

::::::::::: ReleaseRequestState Request called at 10-12-2018 09:37:57 PM   :::   21:37:57.4663583

::::::::::: PostReleaseRequestState Request called at 10-12-2018 09:37:57 PM   :::   21:37:57.4673513

::::::::::: UpdateRequestCache Request called at 10-12-2018 09:37:57 PM   :::   21:37:57.4683519

::::::::::: EndRequest Request called at 10-12-2018 09:37:57 PM   :::   21:37:57.4693522

::::::::::: PreSendRequestContent Request called at 10-12-2018 09:37:57 PM   :::   21:37:57.4703537

::::::::::: PreSendRequestHeaders Request called at 10-12-2018 09:37:57 PM   :::   21:37:57.4713521

::::::::::: PreSendRequestContent Request called at 10-12-2018 09:38:54 PM   :::   21:38:54.6642770

::::::::::: PreSendRequestHeaders Request called at 10-12-2018 09:38:54 PM   :::   21:38:54.6652859

::::::::::: PostRequestHandlerExecute Request called at 10-12-2018 09:38:54 PM   :::   21:38:54.6732734

::::::::::: ReleaseRequestState Request called at 10-12-2018 09:38:54 PM   :::   21:38:54.6752743

::::::::::: PostReleaseRequestState Request called at 10-12-2018 09:38:54 PM   :::   21:38:54.6762753

::::::::::: UpdateRequestCache Request called at 10-12-2018 09:38:54 PM   :::   21:38:54.6772769

::::::::::: EndRequest Request called at 10-12-2018 09:38:54 PM   :::   21:38:54.6802899

::::::::::: PreSendRequestContent Request called at 10-12-2018 09:38:54 PM   :::   21:38:54.6812761

::::::::::: BeginRequest Request called at 10-12-2018 09:39:05 PM   :::   21:39:05.9462906

::::::::::: AuthenticateRequest Request called at 10-12-2018 09:39:05 PM   :::   21:39:05.9472898

::::::::::: PostAuthenticateRequest Request called at 10-12-2018 09:39:05 PM   :::   21:39:05.9482904

::::::::::: AuthorizeRequest Request called at 10-12-2018 09:39:05 PM   :::   21:39:05.9492895

::::::::::: PostAuthorizeRequest Request called at 10-12-2018 09:39:05 PM   :::   21:39:05.9512873

::::::::::: End Request called at 10-12-2018 09:39:05 PM   :::   21:39:05.9523235

::::::::::: PostResolveRequestCache Request called at 10-12-2018 09:39:05 PM   :::   21:39:05.9532932

::::::::::: AcquireRequestState Request called at 10-12-2018 09:39:05 PM   :::   21:39:05.9542949

::::::::::: PostAcquireRequestState Request called at 10-12-2018 09:39:05 PM   :::   21:39:05.9552878

::::::::::: PreRequestHandlerExecute Request called at 10-12-2018 09:39:05 PM   :::   21:39:05.9562873

::::::::::: PostRequestHandlerExecute Request called at 10-12-2018 09:39:22 PM   :::   21:39:22.3264566

::::::::::: ReleaseRequestState Request called at 10-12-2018 09:39:22 PM   :::   21:39:22.3274503

::::::::::: PostReleaseRequestState Request called at 10-12-2018 09:39:22 PM   :::   21:39:22.3284503

::::::::::: UpdateRequestCache Request called at 10-12-2018 09:39:22 PM   :::   21:39:22.3304536

::::::::::: EndRequest Request called at 10-12-2018 09:39:22 PM   :::   21:39:22.3304536

::::::::::: PreSendRequestContent Request called at 10-12-2018 09:39:22 PM   :::   21:39:22.3314564

::::::::::: PreSendRequestHeaders Request called at 10-12-2018 09:39:22 PM   :::   21:39:22.3334995

