::::::::::: BeginRequest Request called at 10/22/2018 5:30:54 PM   :::   17:30:54.4132964

::::::::::: AuthenticateRequest Request called at 10/22/2018 5:30:54 PM   :::   17:30:54.4178133

::::::::::: PostAuthenticateRequest Request called at 10/22/2018 5:30:54 PM   :::   17:30:54.4208013

::::::::::: AuthorizeRequest Request called at 10/22/2018 5:30:54 PM   :::   17:30:54.4228019

::::::::::: PostAuthorizeRequest Request called at 10/22/2018 5:30:54 PM   :::   17:30:54.4248034

::::::::::: End Request called at 10/22/2018 5:30:54 PM   :::   17:30:54.4258021

::::::::::: PostResolveRequestCache Request called at 10/22/2018 5:30:54 PM   :::   17:30:54.4838063

::::::::::: AcquireRequestState Request called at 10/22/2018 5:30:54 PM   :::   17:30:54.4898079

::::::::::: PostAcquireRequestState Request called at 10/22/2018 5:30:54 PM   :::   17:30:54.4928093

::::::::::: PreRequestHandlerExecute Request called at 10/22/2018 5:30:54 PM   :::   17:30:54.4938246

::::::::::: PostRequestHandlerExecute Request called at 10/22/2018 5:30:56 PM   :::   17:30:56.3513052

::::::::::: ReleaseRequestState Request called at 10/22/2018 5:30:56 PM   :::   17:30:56.3523268

::::::::::: PostReleaseRequestState Request called at 10/22/2018 5:30:56 PM   :::   17:30:56.3543062

::::::::::: UpdateRequestCache Request called at 10/22/2018 5:30:56 PM   :::   17:30:56.3873100

::::::::::: EndRequest Request called at 10/22/2018 5:30:56 PM   :::   17:30:56.3903137

::::::::::: PreSendRequestContent Request called at 10/22/2018 5:30:56 PM   :::   17:30:56.3963114

::::::::::: PreSendRequestHeaders Request called at 10/22/2018 5:30:56 PM   :::   17:30:56.3983069

::::::::::: BeginRequest Request called at 10/22/2018 5:34:59 PM   :::   17:34:59.3743029

::::::::::: AuthenticateRequest Request called at 10/22/2018 5:34:59 PM   :::   17:34:59.3813115

::::::::::: PostAuthenticateRequest Request called at 10/22/2018 5:34:59 PM   :::   17:34:59.3853117

::::::::::: AuthorizeRequest Request called at 10/22/2018 5:34:59 PM   :::   17:34:59.3883127

::::::::::: PostAuthorizeRequest Request called at 10/22/2018 5:34:59 PM   :::   17:34:59.3903145

::::::::::: End Request called at 10/22/2018 5:34:59 PM   :::   17:34:59.3923100

::::::::::: PostResolveRequestCache Request called at 10/22/2018 5:34:59 PM   :::   17:34:59.5153317

::::::::::: AcquireRequestState Request called at 10/22/2018 5:34:59 PM   :::   17:34:59.5273333

::::::::::: PostAcquireRequestState Request called at 10/22/2018 5:34:59 PM   :::   17:34:59.5303327

::::::::::: PreRequestHandlerExecute Request called at 10/22/2018 5:34:59 PM   :::   17:34:59.5323322

::::::::::: PostRequestHandlerExecute Request called at 10/22/2018 5:35:03 PM   :::   17:35:03.1324745

::::::::::: ReleaseRequestState Request called at 10/22/2018 5:35:03 PM   :::   17:35:03.1349745

::::::::::: PostReleaseRequestState Request called at 10/22/2018 5:35:03 PM   :::   17:35:03.1434876

::::::::::: UpdateRequestCache Request called at 10/22/2018 5:35:03 PM   :::   17:35:03.2244911

::::::::::: EndRequest Request called at 10/22/2018 5:35:03 PM   :::   17:35:03.2284904

::::::::::: PreSendRequestContent Request called at 10/22/2018 5:35:03 PM   :::   17:35:03.2385016

::::::::::: PreSendRequestHeaders Request called at 10/22/2018 5:35:03 PM   :::   17:35:03.2405030

::::::::::: BeginRequest Request called at 10/22/2018 8:19:41 PM   :::   20:19:41.8374679

::::::::::: AuthenticateRequest Request called at 10/22/2018 8:19:41 PM   :::   20:19:41.8464672

::::::::::: PostAuthenticateRequest Request called at 10/22/2018 8:19:41 PM   :::   20:19:41.8519670

::::::::::: AuthorizeRequest Request called at 10/22/2018 8:19:41 PM   :::   20:19:41.8559679

::::::::::: PostAuthorizeRequest Request called at 10/22/2018 8:19:41 PM   :::   20:19:41.8579677

::::::::::: End Request called at 10/22/2018 8:19:41 PM   :::   20:19:41.8609679

::::::::::: PostResolveRequestCache Request called at 10/22/2018 8:19:41 PM   :::   20:19:41.9169694

::::::::::: AcquireRequestState Request called at 10/22/2018 8:19:41 PM   :::   20:19:41.9424673

::::::::::: PostAcquireRequestState Request called at 10/22/2018 8:19:41 PM   :::   20:19:41.9544667

::::::::::: PreRequestHandlerExecute Request called at 10/22/2018 8:19:41 PM   :::   20:19:41.9569679

::::::::::: PostRequestHandlerExecute Request called at 10/22/2018 8:19:43 PM   :::   20:19:43.3539674

::::::::::: ReleaseRequestState Request called at 10/22/2018 8:19:43 PM   :::   20:19:43.3564670

::::::::::: PostReleaseRequestState Request called at 10/22/2018 8:19:43 PM   :::   20:19:43.3594680

::::::::::: UpdateRequestCache Request called at 10/22/2018 8:19:43 PM   :::   20:19:43.4214655

::::::::::: EndRequest Request called at 10/22/2018 8:19:43 PM   :::   20:19:43.4249670

::::::::::: PreSendRequestContent Request called at 10/22/2018 8:19:43 PM   :::   20:19:43.4354680

::::::::::: PreSendRequestHeaders Request called at 10/22/2018 8:19:43 PM   :::   20:19:43.4384697

::::::::::: BeginRequest Request called at 10/22/2018 8:19:43 PM   :::   20:19:43.4694681

::::::::::: BeginRequest Request called at 10/22/2018 8:19:43 PM   :::   20:19:43.4734690

::::::::::: BeginRequest Request called at 10/22/2018 8:19:43 PM   :::   20:19:43.5284687

::::::::::: AuthenticateRequest Request called at 10/22/2018 8:19:43 PM   :::   20:19:43.5524680

::::::::::: AuthenticateRequest Request called at 10/22/2018 8:19:43 PM   :::   20:19:43.5654768

::::::::::: PostAuthorizeRequest Request called at 10/22/2018 8:19:43 PM   :::   20:19:43.6224791

::::::::::: End Request called at 10/22/2018 8:19:43 PM   :::   20:19:43.6274811

::::::::::: PostAuthorizeRequest Request called at 10/22/2018 8:19:43 PM   :::   20:19:43.6419896

::::::::::: End Request called at 10/22/2018 8:19:43 PM   :::   20:19:43.6469893

::::::::::: PostAcquireRequestState Request called at 10/22/2018 8:19:43 PM   :::   20:19:43.6635004

::::::::::: PostResolveRequestCache Request called at 10/22/2018 8:19:43 PM   :::   20:19:43.6655003

::::::::::: AcquireRequestState Request called at 10/22/2018 8:19:43 PM   :::   20:19:43.6754987

::::::::::: PostAcquireRequestState Request called at 10/22/2018 8:19:43 PM   :::   20:19:43.6855007

::::::::::: PostReleaseRequestState Request called at 10/22/2018 8:19:43 PM   :::   20:19:43.7025017

::::::::::: PostRequestHandlerExecute Request called at 10/22/2018 8:19:43 PM   :::   20:19:43.7155027

::::::::::: ReleaseRequestState Request called at 10/22/2018 8:19:43 PM   :::   20:19:43.7175002

::::::::::: PostReleaseRequestState Request called at 10/22/2018 8:19:43 PM   :::   20:19:43.7194996

::::::::::: EndRequest Request called at 10/22/2018 8:19:43 PM   :::   20:19:43.7284985

::::::::::: PreSendRequestContent Request called at 10/22/2018 8:19:43 PM   :::   20:19:43.7370079

::::::::::: PreSendRequestHeaders Request called at 10/22/2018 8:19:43 PM   :::   20:19:43.7420079

::::::::::: PreSendRequestHeaders Request called at 10/22/2018 8:19:43 PM   :::   20:19:43.7570068

::::::::::: BeginRequest Request called at 10/22/2018 8:19:43 PM   :::   20:19:43.7580079

::::::::::: AuthenticateRequest Request called at 10/22/2018 8:19:43 PM   :::   20:19:43.7600077

::::::::::: BeginRequest Request called at 10/22/2018 8:19:43 PM   :::   20:19:43.7720080

::::::::::: AuthenticateRequest Request called at 10/22/2018 8:19:43 PM   :::   20:19:43.7740086

::::::::::: PostAuthenticateRequest Request called at 10/22/2018 8:19:43 PM   :::   20:19:43.7805075

::::::::::: PostAuthenticateRequest Request called at 10/22/2018 8:19:43 PM   :::   20:19:43.7885092

::::::::::: AuthorizeRequest Request called at 10/22/2018 8:19:43 PM   :::   20:19:43.7935065

::::::::::: PostAuthorizeRequest Request called at 10/22/2018 8:19:43 PM   :::   20:19:43.8060073

::::::::::: End Request called at 10/22/2018 8:19:43 PM   :::   20:19:43.8245088

::::::::::: End Request called at 10/22/2018 8:19:43 PM   :::   20:19:43.8090074

::::::::::: PostAuthorizeRequest Request called at 10/22/2018 8:19:43 PM   :::   20:19:43.8430072

::::::::::: End Request called at 10/22/2018 8:19:43 PM   :::   20:19:43.8475070

::::::::::: PostResolveRequestCache Request called at 10/22/2018 8:19:43 PM   :::   20:19:43.8325066

::::::::::: AcquireRequestState Request called at 10/22/2018 8:19:43 PM   :::   20:19:43.8830068

::::::::::: AcquireRequestState Request called at 10/22/2018 8:19:43 PM   :::   20:19:43.8780151

::::::::::: PostAcquireRequestState Request called at 10/22/2018 8:19:43 PM   :::   20:19:43.9080124

::::::::::: PostAcquireRequestState Request called at 10/22/2018 8:19:43 PM   :::   20:19:43.8990095

::::::::::: PreRequestHandlerExecute Request called at 10/22/2018 8:19:43 PM   :::   20:19:43.9405077

::::::::::: ReleaseRequestState Request called at 10/22/2018 8:19:43 PM   :::   20:19:43.9500079

::::::::::: PostReleaseRequestState Request called at 10/22/2018 8:19:43 PM   :::   20:19:43.9525083

::::::::::: PostRequestHandlerExecute Request called at 10/22/2018 8:19:43 PM   :::   20:19:43.9605081

::::::::::: ReleaseRequestState Request called at 10/22/2018 8:19:43 PM   :::   20:19:43.9760087

::::::::::: PostReleaseRequestState Request called at 10/22/2018 8:19:43 PM   :::   20:19:43.9910099

::::::::::: UpdateRequestCache Request called at 10/22/2018 8:19:44 PM   :::   20:19:44.0065077

::::::::::: UpdateRequestCache Request called at 10/22/2018 8:19:44 PM   :::   20:19:44.0120078

::::::::::: EndRequest Request called at 10/22/2018 8:19:44 PM   :::   20:19:44.0135083

::::::::::: EndRequest Request called at 10/22/2018 8:19:44 PM   :::   20:19:44.0230078

::::::::::: PreSendRequestContent Request called at 10/22/2018 8:19:44 PM   :::   20:19:44.0255098

::::::::::: PreSendRequestHeaders Request called at 10/22/2018 8:19:44 PM   :::   20:19:44.0280090

::::::::::: PreSendRequestContent Request called at 10/22/2018 8:19:44 PM   :::   20:19:44.0185083

::::::::::: PreSendRequestHeaders Request called at 10/22/2018 8:19:44 PM   :::   20:19:44.0325108

::::::::::: PreSendRequestContent Request called at 10/22/2018 8:19:44 PM   :::   20:19:44.0465093

::::::::::: PreSendRequestHeaders Request called at 10/22/2018 8:19:44 PM   :::   20:19:44.0550081

::::::::::: ReleaseRequestState Request called at 10/22/2018 8:19:44 PM   :::   20:19:44.0240089

::::::::::: PostReleaseRequestState Request called at 10/22/2018 8:19:44 PM   :::   20:19:44.0635072

::::::::::: UpdateRequestCache Request called at 10/22/2018 8:19:44 PM   :::   20:19:44.0870079

::::::::::: EndRequest Request called at 10/22/2018 8:19:44 PM   :::   20:19:44.0890074

::::::::::: PreSendRequestContent Request called at 10/22/2018 8:19:44 PM   :::   20:19:44.0905063

::::::::::: PreSendRequestHeaders Request called at 10/22/2018 8:19:44 PM   :::   20:19:44.0920072

::::::::::: BeginRequest Request called at 10/22/2018 8:19:44 PM   :::   20:19:44.8347401

::::::::::: AuthenticateRequest Request called at 10/22/2018 8:19:44 PM   :::   20:19:44.8362375

::::::::::: PostAuthenticateRequest Request called at 10/22/2018 8:19:44 PM   :::   20:19:44.8382373

::::::::::: AuthorizeRequest Request called at 10/22/2018 8:19:44 PM   :::   20:19:44.8397374

::::::::::: PostAuthorizeRequest Request called at 10/22/2018 8:19:44 PM   :::   20:19:44.8417376

::::::::::: End Request called at 10/22/2018 8:19:44 PM   :::   20:19:44.8427372

::::::::::: PostResolveRequestCache Request called at 10/22/2018 8:19:44 PM   :::   20:19:44.8447473

::::::::::: AcquireRequestState Request called at 10/22/2018 8:19:44 PM   :::   20:19:44.8467467

::::::::::: PostAcquireRequestState Request called at 10/22/2018 8:19:44 PM   :::   20:19:44.8477478

::::::::::: PreRequestHandlerExecute Request called at 10/22/2018 8:19:44 PM   :::   20:19:44.8497465

::::::::::: PostRequestHandlerExecute Request called at 10/22/2018 8:19:44 PM   :::   20:19:44.8737462

::::::::::: ReleaseRequestState Request called at 10/22/2018 8:19:44 PM   :::   20:19:44.8757464

::::::::::: PostReleaseRequestState Request called at 10/22/2018 8:19:44 PM   :::   20:19:44.8767471

::::::::::: UpdateRequestCache Request called at 10/22/2018 8:19:44 PM   :::   20:19:44.8787466

::::::::::: EndRequest Request called at 10/22/2018 8:19:44 PM   :::   20:19:44.8807476

::::::::::: PreSendRequestContent Request called at 10/22/2018 8:19:44 PM   :::   20:19:44.8837466

::::::::::: PreSendRequestHeaders Request called at 10/22/2018 8:19:44 PM   :::   20:19:44.8847469

::::::::::: BeginRequest Request called at 10/22/2018 10:01:58 PM   :::   22:01:58.9103321

::::::::::: AuthenticateRequest Request called at 10/22/2018 10:01:58 PM   :::   22:01:58.9143243

::::::::::: PostAuthenticateRequest Request called at 10/22/2018 10:01:58 PM   :::   22:01:58.9163249

::::::::::: AuthorizeRequest Request called at 10/22/2018 10:01:58 PM   :::   22:01:58.9193251

::::::::::: PostAuthorizeRequest Request called at 10/22/2018 10:01:58 PM   :::   22:01:58.9203242

::::::::::: End Request called at 10/22/2018 10:01:58 PM   :::   22:01:58.9233276

::::::::::: PostResolveRequestCache Request called at 10/22/2018 10:01:58 PM   :::   22:01:58.9423237

::::::::::: AcquireRequestState Request called at 10/22/2018 10:01:58 PM   :::   22:01:58.9463250

::::::::::: PostAcquireRequestState Request called at 10/22/2018 10:01:58 PM   :::   22:01:58.9473241

::::::::::: PreRequestHandlerExecute Request called at 10/22/2018 10:01:58 PM   :::   22:01:58.9493255

::::::::::: PostRequestHandlerExecute Request called at 10/22/2018 10:01:59 PM   :::   22:01:59.1233586

::::::::::: ReleaseRequestState Request called at 10/22/2018 10:01:59 PM   :::   22:01:59.1253588

::::::::::: PostReleaseRequestState Request called at 10/22/2018 10:01:59 PM   :::   22:01:59.1293577

::::::::::: UpdateRequestCache Request called at 10/22/2018 10:01:59 PM   :::   22:01:59.1313584

::::::::::: EndRequest Request called at 10/22/2018 10:01:59 PM   :::   22:01:59.1333586

::::::::::: PreSendRequestContent Request called at 10/22/2018 10:01:59 PM   :::   22:01:59.1353742

::::::::::: PreSendRequestHeaders Request called at 10/22/2018 10:01:59 PM   :::   22:01:59.1373583

::::::::::: BeginRequest Request called at 10/22/2018 10:01:59 PM   :::   22:01:59.1833823

::::::::::: AuthenticateRequest Request called at 10/22/2018 10:01:59 PM   :::   22:01:59.1883697

::::::::::: PostAuthenticateRequest Request called at 10/22/2018 10:01:59 PM   :::   22:01:59.1898698

::::::::::: AuthorizeRequest Request called at 10/22/2018 10:01:59 PM   :::   22:01:59.1983693

::::::::::: PostAuthorizeRequest Request called at 10/22/2018 10:01:59 PM   :::   22:01:59.2028692

::::::::::: End Request called at 10/22/2018 10:01:59 PM   :::   22:01:59.2063695

::::::::::: PostResolveRequestCache Request called at 10/22/2018 10:01:59 PM   :::   22:01:59.2088703

::::::::::: AcquireRequestState Request called at 10/22/2018 10:01:59 PM   :::   22:01:59.2128688

::::::::::: PostAcquireRequestState Request called at 10/22/2018 10:01:59 PM   :::   22:01:59.2148683

::::::::::: PreRequestHandlerExecute Request called at 10/22/2018 10:01:59 PM   :::   22:01:59.2163679

::::::::::: BeginRequest Request called at 10/22/2018 10:02:28 PM   :::   22:02:28.1568633

::::::::::: AuthenticateRequest Request called at 10/22/2018 10:02:28 PM   :::   22:02:28.1588635

::::::::::: PostAuthenticateRequest Request called at 10/22/2018 10:02:28 PM   :::   22:02:28.1608653

::::::::::: AuthorizeRequest Request called at 10/22/2018 10:02:28 PM   :::   22:02:28.1628683

::::::::::: PostAuthorizeRequest Request called at 10/22/2018 10:02:28 PM   :::   22:02:28.1648674

::::::::::: End Request called at 10/22/2018 10:02:28 PM   :::   22:02:28.1668649

::::::::::: PostResolveRequestCache Request called at 10/22/2018 10:02:28 PM   :::   22:02:28.1698654

::::::::::: AcquireRequestState Request called at 10/22/2018 10:02:28 PM   :::   22:02:28.1743783

::::::::::: PostAcquireRequestState Request called at 10/22/2018 10:02:28 PM   :::   22:02:28.1778778

::::::::::: PreRequestHandlerExecute Request called at 10/22/2018 10:02:28 PM   :::   22:02:28.1798773

::::::::::: PostRequestHandlerExecute Request called at 10/22/2018 10:02:28 PM   :::   22:02:28.1889062

::::::::::: ReleaseRequestState Request called at 10/22/2018 10:02:28 PM   :::   22:02:28.1909021

::::::::::: PostReleaseRequestState Request called at 10/22/2018 10:02:28 PM   :::   22:02:28.1929027

::::::::::: UpdateRequestCache Request called at 10/22/2018 10:02:28 PM   :::   22:02:28.1959049

::::::::::: EndRequest Request called at 10/22/2018 10:02:28 PM   :::   22:02:28.2009045

::::::::::: PreSendRequestContent Request called at 10/22/2018 10:02:28 PM   :::   22:02:28.2029019

::::::::::: PreSendRequestHeaders Request called at 10/22/2018 10:02:28 PM   :::   22:02:28.2059396

::::::::::: BeginRequest Request called at 10/22/2018 10:02:28 PM   :::   22:02:28.2109017

::::::::::: AuthenticateRequest Request called at 10/22/2018 10:02:28 PM   :::   22:02:28.2129031

::::::::::: PostAuthenticateRequest Request called at 10/22/2018 10:02:28 PM   :::   22:02:28.2159061

::::::::::: AuthorizeRequest Request called at 10/22/2018 10:02:28 PM   :::   22:02:28.2189047

::::::::::: PostAuthorizeRequest Request called at 10/22/2018 10:02:28 PM   :::   22:02:28.2219017

::::::::::: End Request called at 10/22/2018 10:02:28 PM   :::   22:02:28.2229032

::::::::::: PostResolveRequestCache Request called at 10/22/2018 10:02:28 PM   :::   22:02:28.2249018

::::::::::: AcquireRequestState Request called at 10/22/2018 10:02:28 PM   :::   22:02:28.2269025

::::::::::: PostAcquireRequestState Request called at 10/22/2018 10:02:28 PM   :::   22:02:28.2279012

::::::::::: PreRequestHandlerExecute Request called at 10/22/2018 10:02:28 PM   :::   22:02:28.2299010

::::::::::: PreSendRequestContent Request called at 10/22/2018 10:03:12 PM   :::   22:03:12.8853360

::::::::::: PreSendRequestHeaders Request called at 10/22/2018 10:03:12 PM   :::   22:03:12.8863494

::::::::::: PostRequestHandlerExecute Request called at 10/22/2018 10:03:12 PM   :::   22:03:12.9013387

::::::::::: ReleaseRequestState Request called at 10/22/2018 10:03:12 PM   :::   22:03:12.9043401

::::::::::: PostReleaseRequestState Request called at 10/22/2018 10:03:12 PM   :::   22:03:12.9063388

::::::::::: UpdateRequestCache Request called at 10/22/2018 10:03:12 PM   :::   22:03:12.9083382

::::::::::: EndRequest Request called at 10/22/2018 10:03:12 PM   :::   22:03:12.9093385

::::::::::: PreSendRequestContent Request called at 10/22/2018 10:03:12 PM   :::   22:03:12.9113384

::::::::::: PreSendRequestContent Request called at 10/22/2018 10:03:14 PM   :::   22:03:14.2489497

::::::::::: PreSendRequestHeaders Request called at 10/22/2018 10:03:14 PM   :::   22:03:14.2499500

::::::::::: Error Request called at 10/22/2018 10:03:14 PM   :::   22:03:14.2609484

::::::::::: PreSendRequestContent Request called at 10/22/2018 10:03:24 PM   :::   22:03:24.3758924

::::::::::: PreSendRequestContent Request called at 10/22/2018 10:03:24 PM   :::   22:03:24.3818955

::::::::::: PreSendRequestContent Request called at 10/22/2018 10:03:24 PM   :::   22:03:24.3888962

::::::::::: PreSendRequestContent Request called at 10/22/2018 10:03:24 PM   :::   22:03:24.4198942

::::::::::: EndRequest Request called at 10/22/2018 10:03:24 PM   :::   22:03:24.4269003

::::::::::: PreSendRequestContent Request called at 10/22/2018 10:03:24 PM   :::   22:03:24.4328951

::::::::::: BeginRequest Request called at 10/22/2018 10:03:51 PM   :::   22:03:51.9795691

::::::::::: AuthenticateRequest Request called at 10/22/2018 10:03:51 PM   :::   22:03:51.9845703

::::::::::: BeginRequest Request called at 10/22/2018 10:03:51 PM   :::   22:03:51.9860779

::::::::::: AuthenticateRequest Request called at 10/22/2018 10:03:51 PM   :::   22:03:51.9940749

::::::::::: PostAuthenticateRequest Request called at 10/22/2018 10:03:51 PM   :::   22:03:51.9980778

::::::::::: AuthorizeRequest Request called at 10/22/2018 10:03:52 PM   :::   22:03:52.0050753

::::::::::: PostAuthorizeRequest Request called at 10/22/2018 10:03:52 PM   :::   22:03:52.0110795

::::::::::: PostResolveRequestCache Request called at 10/22/2018 10:03:52 PM   :::   22:03:52.0150820

::::::::::: AcquireRequestState Request called at 10/22/2018 10:03:52 PM   :::   22:03:52.0225401

::::::::::: PostAcquireRequestState Request called at 10/22/2018 10:03:52 PM   :::   22:03:52.0255352

::::::::::: PreRequestHandlerExecute Request called at 10/22/2018 10:03:52 PM   :::   22:03:52.0325382

::::::::::: PreRequestHandlerExecute Request called at 10/22/2018 10:03:52 PM   :::   22:03:52.0425402

::::::::::: ReleaseRequestState Request called at 10/22/2018 10:03:52 PM   :::   22:03:52.0505388

::::::::::: PostReleaseRequestState Request called at 10/22/2018 10:03:52 PM   :::   22:03:52.0595353

::::::::::: UpdateRequestCache Request called at 10/22/2018 10:03:52 PM   :::   22:03:52.0605399

::::::::::: EndRequest Request called at 10/22/2018 10:03:52 PM   :::   22:03:52.0625378

::::::::::: PreSendRequestContent Request called at 10/22/2018 10:03:52 PM   :::   22:03:52.0635377

::::::::::: PreSendRequestHeaders Request called at 10/22/2018 10:03:52 PM   :::   22:03:52.0655388

::::::::::: PostRequestHandlerExecute Request called at 10/22/2018 10:03:52 PM   :::   22:03:52.1190538

::::::::::: ReleaseRequestState Request called at 10/22/2018 10:03:52 PM   :::   22:03:52.1210548

::::::::::: PostReleaseRequestState Request called at 10/22/2018 10:03:52 PM   :::   22:03:52.1220543

::::::::::: UpdateRequestCache Request called at 10/22/2018 10:03:52 PM   :::   22:03:52.1230550

::::::::::: EndRequest Request called at 10/22/2018 10:03:52 PM   :::   22:03:52.1240569

::::::::::: PreSendRequestContent Request called at 10/22/2018 10:03:52 PM   :::   22:03:52.1260536

::::::::::: PreSendRequestHeaders Request called at 10/22/2018 10:03:52 PM   :::   22:03:52.1270543

::::::::::: BeginRequest Request called at 10/22/2018 10:03:53 PM   :::   22:03:53.3116278

::::::::::: AuthenticateRequest Request called at 10/22/2018 10:03:53 PM   :::   22:03:53.3146493

::::::::::: PostAuthenticateRequest Request called at 10/22/2018 10:03:53 PM   :::   22:03:53.3166302

::::::::::: AuthorizeRequest Request called at 10/22/2018 10:03:53 PM   :::   22:03:53.3186296

::::::::::: PostAuthorizeRequest Request called at 10/22/2018 10:03:53 PM   :::   22:03:53.3206299

::::::::::: End Request called at 10/22/2018 10:03:53 PM   :::   22:03:53.3216294

::::::::::: PostResolveRequestCache Request called at 10/22/2018 10:03:53 PM   :::   22:03:53.3236288

::::::::::: AcquireRequestState Request called at 10/22/2018 10:03:53 PM   :::   22:03:53.3246327

::::::::::: PostAcquireRequestState Request called at 10/22/2018 10:03:53 PM   :::   22:03:53.3266322

::::::::::: PreRequestHandlerExecute Request called at 10/22/2018 10:03:53 PM   :::   22:03:53.3276289

::::::::::: PreSendRequestContent Request called at 10/22/2018 10:03:55 PM   :::   22:03:55.3703114

::::::::::: PreSendRequestHeaders Request called at 10/22/2018 10:03:55 PM   :::   22:03:55.3728268

::::::::::: PostRequestHandlerExecute Request called at 10/22/2018 10:03:55 PM   :::   22:03:55.3768284

::::::::::: ReleaseRequestState Request called at 10/22/2018 10:03:55 PM   :::   22:03:55.3843328

::::::::::: PostReleaseRequestState Request called at 10/22/2018 10:03:55 PM   :::   22:03:55.3863263

::::::::::: UpdateRequestCache Request called at 10/22/2018 10:03:55 PM   :::   22:03:55.3873270

::::::::::: EndRequest Request called at 10/22/2018 10:03:55 PM   :::   22:03:55.3893340

::::::::::: PreSendRequestContent Request called at 10/22/2018 10:03:55 PM   :::   22:03:55.3903355

::::::::::: BeginRequest Request called at 10/22/2018 10:05:28 PM   :::   22:05:28.8453407

::::::::::: AuthenticateRequest Request called at 10/22/2018 10:05:28 PM   :::   22:05:28.8473347

::::::::::: PostAuthenticateRequest Request called at 10/22/2018 10:05:28 PM   :::   22:05:28.8493337

::::::::::: AuthorizeRequest Request called at 10/22/2018 10:05:28 PM   :::   22:05:28.8513336

::::::::::: PostAuthorizeRequest Request called at 10/22/2018 10:05:28 PM   :::   22:05:28.8553340

::::::::::: End Request called at 10/22/2018 10:05:28 PM   :::   22:05:28.8593325

::::::::::: PostResolveRequestCache Request called at 10/22/2018 10:05:28 PM   :::   22:05:28.8663371

::::::::::: AcquireRequestState Request called at 10/22/2018 10:05:28 PM   :::   22:05:28.8693329

::::::::::: PostAcquireRequestState Request called at 10/22/2018 10:05:28 PM   :::   22:05:28.8733354

::::::::::: PreRequestHandlerExecute Request called at 10/22/2018 10:05:28 PM   :::   22:05:28.8753376

::::::::::: PostRequestHandlerExecute Request called at 10/22/2018 10:05:28 PM   :::   22:05:28.8783508

::::::::::: ReleaseRequestState Request called at 10/22/2018 10:05:28 PM   :::   22:05:28.8793373

::::::::::: PostReleaseRequestState Request called at 10/22/2018 10:05:28 PM   :::   22:05:28.8813328

::::::::::: UpdateRequestCache Request called at 10/22/2018 10:05:28 PM   :::   22:05:28.8823359

::::::::::: EndRequest Request called at 10/22/2018 10:05:28 PM   :::   22:05:28.8843322

::::::::::: PreSendRequestContent Request called at 10/22/2018 10:05:28 PM   :::   22:05:28.8853491

::::::::::: PreSendRequestHeaders Request called at 10/22/2018 10:05:28 PM   :::   22:05:28.8883382

::::::::::: BeginRequest Request called at 10/22/2018 10:05:28 PM   :::   22:05:28.8933311

::::::::::: AuthenticateRequest Request called at 10/22/2018 10:05:28 PM   :::   22:05:28.8953313

::::::::::: PostAuthenticateRequest Request called at 10/22/2018 10:05:28 PM   :::   22:05:28.8973320

::::::::::: AuthorizeRequest Request called at 10/22/2018 10:05:28 PM   :::   22:05:28.8983331

::::::::::: PostAuthorizeRequest Request called at 10/22/2018 10:05:28 PM   :::   22:05:28.9003365

::::::::::: End Request called at 10/22/2018 10:05:28 PM   :::   22:05:28.9013352

::::::::::: PostResolveRequestCache Request called at 10/22/2018 10:05:28 PM   :::   22:05:28.9023327

::::::::::: AcquireRequestState Request called at 10/22/2018 10:05:28 PM   :::   22:05:28.9053325

::::::::::: PostAcquireRequestState Request called at 10/22/2018 10:05:28 PM   :::   22:05:28.9073331

::::::::::: PreRequestHandlerExecute Request called at 10/22/2018 10:05:28 PM   :::   22:05:28.9093314

::::::::::: PreSendRequestContent Request called at 10/22/2018 10:12:24 PM   :::   22:12:24.1801872

::::::::::: PreSendRequestHeaders Request called at 10/22/2018 10:12:24 PM   :::   22:12:24.1842003

::::::::::: Error Request called at 10/22/2018 10:12:24 PM   :::   22:12:24.1921894

::::::::::: PreSendRequestContent Request called at 10/22/2018 10:12:34 PM   :::   22:12:34.2443946

::::::::::: PreSendRequestContent Request called at 10/22/2018 10:12:34 PM   :::   22:12:34.2503819

::::::::::: PreSendRequestContent Request called at 10/22/2018 10:12:34 PM   :::   22:12:34.2573801

::::::::::: PreSendRequestContent Request called at 10/22/2018 10:12:34 PM   :::   22:12:34.2633809

::::::::::: EndRequest Request called at 10/22/2018 10:12:34 PM   :::   22:12:34.2713795

::::::::::: PreSendRequestContent Request called at 10/22/2018 10:12:34 PM   :::   22:12:34.2773782

::::::::::: BeginRequest Request called at 10/22/2018 10:28:50 PM   :::   22:28:50.9387389

::::::::::: AuthenticateRequest Request called at 10/22/2018 10:28:50 PM   :::   22:28:50.9437369

::::::::::: PostAuthenticateRequest Request called at 10/22/2018 10:28:50 PM   :::   22:28:50.9472677

::::::::::: AuthorizeRequest Request called at 10/22/2018 10:28:50 PM   :::   22:28:50.9492430

::::::::::: PostAuthorizeRequest Request called at 10/22/2018 10:28:50 PM   :::   22:28:50.9512413

::::::::::: End Request called at 10/22/2018 10:28:50 PM   :::   22:28:50.9522464

::::::::::: PostResolveRequestCache Request called at 10/22/2018 10:28:51 PM   :::   22:28:51.0252628

::::::::::: AcquireRequestState Request called at 10/22/2018 10:28:51 PM   :::   22:28:51.0402549

::::::::::: PostAcquireRequestState Request called at 10/22/2018 10:28:51 PM   :::   22:28:51.0422780

::::::::::: PreRequestHandlerExecute Request called at 10/22/2018 10:28:51 PM   :::   22:28:51.0437536

::::::::::: BeginRequest Request called at 10/22/2018 10:28:52 PM   :::   22:28:52.7986527

::::::::::: AuthenticateRequest Request called at 10/22/2018 10:28:52 PM   :::   22:28:52.8016497

::::::::::: PostAuthenticateRequest Request called at 10/22/2018 10:28:52 PM   :::   22:28:52.8041493

::::::::::: AuthorizeRequest Request called at 10/22/2018 10:28:52 PM   :::   22:28:52.8091481

::::::::::: PostAuthorizeRequest Request called at 10/22/2018 10:28:52 PM   :::   22:28:52.8146507

::::::::::: End Request called at 10/22/2018 10:28:52 PM   :::   22:28:52.8166509

::::::::::: PostResolveRequestCache Request called at 10/22/2018 10:28:52 PM   :::   22:28:52.8226504

::::::::::: AcquireRequestState Request called at 10/22/2018 10:28:52 PM   :::   22:28:52.8256510

::::::::::: PostAcquireRequestState Request called at 10/22/2018 10:28:52 PM   :::   22:28:52.8311500

::::::::::: PreRequestHandlerExecute Request called at 10/22/2018 10:28:52 PM   :::   22:28:52.8336508

::::::::::: PostRequestHandlerExecute Request called at 10/22/2018 10:28:52 PM   :::   22:28:52.9971525

::::::::::: ReleaseRequestState Request called at 10/22/2018 10:28:52 PM   :::   22:28:52.9996509

::::::::::: PostReleaseRequestState Request called at 10/22/2018 10:28:53 PM   :::   22:28:53.0171501

::::::::::: UpdateRequestCache Request called at 10/22/2018 10:28:53 PM   :::   22:28:53.0196505

::::::::::: EndRequest Request called at 10/22/2018 10:28:53 PM   :::   22:28:53.0231500

::::::::::: PreSendRequestContent Request called at 10/22/2018 10:28:53 PM   :::   22:28:53.0401499

::::::::::: PreSendRequestHeaders Request called at 10/22/2018 10:28:53 PM   :::   22:28:53.0441492

::::::::::: PostRequestHandlerExecute Request called at 10/22/2018 10:28:54 PM   :::   22:28:54.2317868

::::::::::: ReleaseRequestState Request called at 10/22/2018 10:28:54 PM   :::   22:28:54.2347870

::::::::::: PostReleaseRequestState Request called at 10/22/2018 10:28:54 PM   :::   22:28:54.2377863

::::::::::: UpdateRequestCache Request called at 10/22/2018 10:28:54 PM   :::   22:28:54.3042940

::::::::::: EndRequest Request called at 10/22/2018 10:28:54 PM   :::   22:28:54.3057949

::::::::::: PreSendRequestContent Request called at 10/22/2018 10:28:54 PM   :::   22:28:54.3088061

::::::::::: PreSendRequestHeaders Request called at 10/22/2018 10:28:54 PM   :::   22:28:54.3108059

::::::::::: BeginRequest Request called at 10/22/2018 10:28:55 PM   :::   22:28:55.2496918

::::::::::: AuthenticateRequest Request called at 10/22/2018 10:28:55 PM   :::   22:28:55.2506902

::::::::::: PostAuthenticateRequest Request called at 10/22/2018 10:28:55 PM   :::   22:28:55.2526924

::::::::::: AuthorizeRequest Request called at 10/22/2018 10:28:55 PM   :::   22:28:55.2536982

::::::::::: PostAuthorizeRequest Request called at 10/22/2018 10:28:55 PM   :::   22:28:55.2556910

::::::::::: End Request called at 10/22/2018 10:28:55 PM   :::   22:28:55.2646922

::::::::::: PostResolveRequestCache Request called at 10/22/2018 10:28:55 PM   :::   22:28:55.2676948

::::::::::: AcquireRequestState Request called at 10/22/2018 10:28:55 PM   :::   22:28:55.2696911

::::::::::: PostAcquireRequestState Request called at 10/22/2018 10:28:55 PM   :::   22:28:55.2716933

::::::::::: PreRequestHandlerExecute Request called at 10/22/2018 10:28:55 PM   :::   22:28:55.2747069

::::::::::: PreSendRequestContent Request called at 10/22/2018 10:29:53 PM   :::   22:29:53.6160076

::::::::::: PreSendRequestHeaders Request called at 10/22/2018 10:29:53 PM   :::   22:29:53.6180110

::::::::::: PostRequestHandlerExecute Request called at 10/22/2018 10:29:53 PM   :::   22:29:53.6300113

::::::::::: ReleaseRequestState Request called at 10/22/2018 10:29:53 PM   :::   22:29:53.6320111

::::::::::: PostReleaseRequestState Request called at 10/22/2018 10:29:53 PM   :::   22:29:53.6340145

::::::::::: UpdateRequestCache Request called at 10/22/2018 10:29:53 PM   :::   22:29:53.6370099

::::::::::: EndRequest Request called at 10/22/2018 10:29:53 PM   :::   22:29:53.6400113

::::::::::: PreSendRequestContent Request called at 10/22/2018 10:29:53 PM   :::   22:29:53.6420103

::::::::::: BeginRequest Request called at 10/22/2018 10:30:10 PM   :::   22:30:10.0753035

::::::::::: AuthenticateRequest Request called at 10/22/2018 10:30:10 PM   :::   22:30:10.0773152

::::::::::: PostAuthenticateRequest Request called at 10/22/2018 10:30:10 PM   :::   22:30:10.0783143

::::::::::: AuthorizeRequest Request called at 10/22/2018 10:30:10 PM   :::   22:30:10.0803150

::::::::::: PostAuthorizeRequest Request called at 10/22/2018 10:30:10 PM   :::   22:30:10.0823156

::::::::::: End Request called at 10/22/2018 10:30:10 PM   :::   22:30:10.0843170

::::::::::: PostResolveRequestCache Request called at 10/22/2018 10:30:10 PM   :::   22:30:10.0863145

::::::::::: AcquireRequestState Request called at 10/22/2018 10:30:10 PM   :::   22:30:10.0883159

::::::::::: PostAcquireRequestState Request called at 10/22/2018 10:30:10 PM   :::   22:30:10.0903162

::::::::::: PreRequestHandlerExecute Request called at 10/22/2018 10:30:10 PM   :::   22:30:10.0923160

::::::::::: PostRequestHandlerExecute Request called at 10/22/2018 10:30:10 PM   :::   22:30:10.0963153

::::::::::: ReleaseRequestState Request called at 10/22/2018 10:30:10 PM   :::   22:30:10.0983167

::::::::::: PostReleaseRequestState Request called at 10/22/2018 10:30:10 PM   :::   22:30:10.1003154

::::::::::: UpdateRequestCache Request called at 10/22/2018 10:30:10 PM   :::   22:30:10.1063240

::::::::::: EndRequest Request called at 10/22/2018 10:30:10 PM   :::   22:30:10.1123156

::::::::::: PreSendRequestContent Request called at 10/22/2018 10:30:10 PM   :::   22:30:10.1163161

::::::::::: PreSendRequestHeaders Request called at 10/22/2018 10:30:10 PM   :::   22:30:10.1203150

::::::::::: BeginRequest Request called at 10/22/2018 10:30:10 PM   :::   22:30:10.1283136

::::::::::: AuthenticateRequest Request called at 10/22/2018 10:30:10 PM   :::   22:30:10.1293135

::::::::::: PostAuthenticateRequest Request called at 10/22/2018 10:30:10 PM   :::   22:30:10.1313134

::::::::::: AuthorizeRequest Request called at 10/22/2018 10:30:10 PM   :::   22:30:10.1333144

::::::::::: PostAuthorizeRequest Request called at 10/22/2018 10:30:10 PM   :::   22:30:10.1383140

::::::::::: End Request called at 10/22/2018 10:30:10 PM   :::   22:30:10.1393139

::::::::::: PostResolveRequestCache Request called at 10/22/2018 10:30:10 PM   :::   22:30:10.1423176

::::::::::: AcquireRequestState Request called at 10/22/2018 10:30:10 PM   :::   22:30:10.1443159

::::::::::: PostAcquireRequestState Request called at 10/22/2018 10:30:10 PM   :::   22:30:10.1463134

::::::::::: PreRequestHandlerExecute Request called at 10/22/2018 10:30:10 PM   :::   22:30:10.1483144

::::::::::: PreSendRequestContent Request called at 10/22/2018 10:30:31 PM   :::   22:30:31.9952450

::::::::::: PreSendRequestHeaders Request called at 10/22/2018 10:30:31 PM   :::   22:30:31.9992431

::::::::::: Error Request called at 10/22/2018 10:30:32 PM   :::   22:30:32.0052410

::::::::::: PreSendRequestContent Request called at 10/22/2018 10:30:42 PM   :::   22:30:42.1001851

::::::::::: PreSendRequestContent Request called at 10/22/2018 10:30:42 PM   :::   22:30:42.1061815

::::::::::: PreSendRequestContent Request called at 10/22/2018 10:30:42 PM   :::   22:30:42.1121790

::::::::::: PreSendRequestContent Request called at 10/22/2018 10:30:42 PM   :::   22:30:42.1261894

::::::::::: EndRequest Request called at 10/22/2018 10:30:42 PM   :::   22:30:42.1346885

::::::::::: PreSendRequestContent Request called at 10/22/2018 10:30:42 PM   :::   22:30:42.1401978

::::::::::: BeginRequest Request called at 10/22/2018 10:30:54 PM   :::   22:30:54.7550023

::::::::::: AuthenticateRequest Request called at 10/22/2018 10:30:54 PM   :::   22:30:54.7590032

::::::::::: PostAuthenticateRequest Request called at 10/22/2018 10:30:54 PM   :::   22:30:54.7610019

::::::::::: BeginRequest Request called at 10/22/2018 10:30:54 PM   :::   22:30:54.7610019

::::::::::: AuthenticateRequest Request called at 10/22/2018 10:30:54 PM   :::   22:30:54.7670030

::::::::::: PostAuthenticateRequest Request called at 10/22/2018 10:30:54 PM   :::   22:30:54.7770065

::::::::::: PostAuthorizeRequest Request called at 10/22/2018 10:30:54 PM   :::   22:30:54.7820022

::::::::::: PostAuthorizeRequest Request called at 10/22/2018 10:30:54 PM   :::   22:30:54.7900012

::::::::::: End Request called at 10/22/2018 10:30:54 PM   :::   22:30:54.7935129

::::::::::: PostResolveRequestCache Request called at 10/22/2018 10:30:54 PM   :::   22:30:54.8005148

::::::::::: AcquireRequestState Request called at 10/22/2018 10:30:54 PM   :::   22:30:54.8170212

::::::::::: PostAcquireRequestState Request called at 10/22/2018 10:30:54 PM   :::   22:30:54.8220236

::::::::::: PreRequestHandlerExecute Request called at 10/22/2018 10:30:54 PM   :::   22:30:54.8330215

::::::::::: PostRequestHandlerExecute Request called at 10/22/2018 10:30:54 PM   :::   22:30:54.8510241

::::::::::: ReleaseRequestState Request called at 10/22/2018 10:30:54 PM   :::   22:30:54.8590230

::::::::::: PostReleaseRequestState Request called at 10/22/2018 10:30:54 PM   :::   22:30:54.8690254

::::::::::: UpdateRequestCache Request called at 10/22/2018 10:30:54 PM   :::   22:30:54.8720244

::::::::::: EndRequest Request called at 10/22/2018 10:30:54 PM   :::   22:30:54.8770236

::::::::::: PreSendRequestContent Request called at 10/22/2018 10:30:54 PM   :::   22:30:54.8780247

::::::::::: PreSendRequestHeaders Request called at 10/22/2018 10:30:54 PM   :::   22:30:54.8830251

::::::::::: PostRequestHandlerExecute Request called at 10/22/2018 10:30:54 PM   :::   22:30:54.9680410

::::::::::: ReleaseRequestState Request called at 10/22/2018 10:30:54 PM   :::   22:30:54.9690413

::::::::::: PostReleaseRequestState Request called at 10/22/2018 10:30:54 PM   :::   22:30:54.9710400

::::::::::: UpdateRequestCache Request called at 10/22/2018 10:30:54 PM   :::   22:30:54.9750425

::::::::::: EndRequest Request called at 10/22/2018 10:30:54 PM   :::   22:30:54.9760412

::::::::::: PreSendRequestContent Request called at 10/22/2018 10:30:54 PM   :::   22:30:54.9790413

::::::::::: PreSendRequestHeaders Request called at 10/22/2018 10:30:54 PM   :::   22:30:54.9810432

::::::::::: BeginRequest Request called at 10/22/2018 10:30:56 PM   :::   22:30:56.3840485

::::::::::: AuthenticateRequest Request called at 10/22/2018 10:30:56 PM   :::   22:30:56.3860511

::::::::::: PostAuthenticateRequest Request called at 10/22/2018 10:30:56 PM   :::   22:30:56.3880502

::::::::::: AuthorizeRequest Request called at 10/22/2018 10:30:56 PM   :::   22:30:56.3920515

::::::::::: PostAuthorizeRequest Request called at 10/22/2018 10:30:56 PM   :::   22:30:56.3950694

::::::::::: End Request called at 10/22/2018 10:30:56 PM   :::   22:30:56.3970685

::::::::::: PostResolveRequestCache Request called at 10/22/2018 10:30:56 PM   :::   22:30:56.3985670

::::::::::: AcquireRequestState Request called at 10/22/2018 10:30:56 PM   :::   22:30:56.3995673

::::::::::: PostAcquireRequestState Request called at 10/22/2018 10:30:56 PM   :::   22:30:56.4010666

::::::::::: PreRequestHandlerExecute Request called at 10/22/2018 10:30:56 PM   :::   22:30:56.4020665

::::::::::: PreSendRequestContent Request called at 10/22/2018 10:30:58 PM   :::   22:30:58.4279583

::::::::::: PreSendRequestHeaders Request called at 10/22/2018 10:30:58 PM   :::   22:30:58.4289590

::::::::::: PostRequestHandlerExecute Request called at 10/22/2018 10:30:58 PM   :::   22:30:58.4334612

::::::::::: ReleaseRequestState Request called at 10/22/2018 10:30:58 PM   :::   22:30:58.4364606

::::::::::: PostReleaseRequestState Request called at 10/22/2018 10:30:58 PM   :::   22:30:58.4379587

::::::::::: UpdateRequestCache Request called at 10/22/2018 10:30:58 PM   :::   22:30:58.4394595

::::::::::: EndRequest Request called at 10/22/2018 10:30:58 PM   :::   22:30:58.4414933

::::::::::: PreSendRequestContent Request called at 10/22/2018 10:30:58 PM   :::   22:30:58.4424937

::::::::::: BeginRequest Request called at 10/22/2018 10:31:53 PM   :::   22:31:53.3201301

::::::::::: AuthenticateRequest Request called at 10/22/2018 10:31:53 PM   :::   22:31:53.3221280

::::::::::: PostAuthenticateRequest Request called at 10/22/2018 10:31:53 PM   :::   22:31:53.3241278

::::::::::: AuthorizeRequest Request called at 10/22/2018 10:31:53 PM   :::   22:31:53.3261281

::::::::::: PostAuthorizeRequest Request called at 10/22/2018 10:31:53 PM   :::   22:31:53.3301285

::::::::::: End Request called at 10/22/2018 10:31:53 PM   :::   22:31:53.3331287

::::::::::: PostResolveRequestCache Request called at 10/22/2018 10:31:53 PM   :::   22:31:53.3361285

::::::::::: AcquireRequestState Request called at 10/22/2018 10:31:53 PM   :::   22:31:53.3411285

::::::::::: PostAcquireRequestState Request called at 10/22/2018 10:31:53 PM   :::   22:31:53.3431283

::::::::::: PreRequestHandlerExecute Request called at 10/22/2018 10:31:53 PM   :::   22:31:53.3481259

::::::::::: PostRequestHandlerExecute Request called at 10/22/2018 10:31:53 PM   :::   22:31:53.3591567

::::::::::: ReleaseRequestState Request called at 10/22/2018 10:31:53 PM   :::   22:31:53.3616531

::::::::::: PostReleaseRequestState Request called at 10/22/2018 10:31:53 PM   :::   22:31:53.3636522

::::::::::: UpdateRequestCache Request called at 10/22/2018 10:31:53 PM   :::   22:31:53.3656512

::::::::::: EndRequest Request called at 10/22/2018 10:31:53 PM   :::   22:31:53.3716642

::::::::::: PreSendRequestContent Request called at 10/22/2018 10:31:53 PM   :::   22:31:53.3746675

::::::::::: PreSendRequestHeaders Request called at 10/22/2018 10:31:53 PM   :::   22:31:53.3766630

::::::::::: BeginRequest Request called at 10/22/2018 10:31:53 PM   :::   22:31:53.3846640

::::::::::: AuthenticateRequest Request called at 10/22/2018 10:31:53 PM   :::   22:31:53.3876645

::::::::::: PostAuthenticateRequest Request called at 10/22/2018 10:31:53 PM   :::   22:31:53.3897291

::::::::::: AuthorizeRequest Request called at 10/22/2018 10:31:53 PM   :::   22:31:53.3916618

::::::::::: PostAuthorizeRequest Request called at 10/22/2018 10:31:53 PM   :::   22:31:53.3926630

::::::::::: End Request called at 10/22/2018 10:31:53 PM   :::   22:31:53.3946632

::::::::::: PostResolveRequestCache Request called at 10/22/2018 10:31:53 PM   :::   22:31:53.3966654

::::::::::: AcquireRequestState Request called at 10/22/2018 10:31:53 PM   :::   22:31:53.3986625

::::::::::: PostAcquireRequestState Request called at 10/22/2018 10:31:53 PM   :::   22:31:53.4046632

::::::::::: PreRequestHandlerExecute Request called at 10/22/2018 10:31:53 PM   :::   22:31:53.4056619

::::::::::: PreSendRequestContent Request called at 10/22/2018 10:34:24 PM   :::   22:34:24.8368479

::::::::::: PreSendRequestHeaders Request called at 10/22/2018 10:34:24 PM   :::   22:34:24.8378790

::::::::::: Error Request called at 10/22/2018 10:34:24 PM   :::   22:34:24.8408433

::::::::::: PreSendRequestContent Request called at 10/22/2018 10:34:34 PM   :::   22:34:34.8781017

::::::::::: PreSendRequestContent Request called at 10/22/2018 10:34:34 PM   :::   22:34:34.8830670

::::::::::: PreSendRequestContent Request called at 10/22/2018 10:34:34 PM   :::   22:34:34.8880741

::::::::::: PreSendRequestContent Request called at 10/22/2018 10:34:34 PM   :::   22:34:34.8950653

::::::::::: EndRequest Request called at 10/22/2018 10:34:34 PM   :::   22:34:34.9040685

::::::::::: PreSendRequestContent Request called at 10/22/2018 10:34:34 PM   :::   22:34:34.9120671

::::::::::: BeginRequest Request called at 10/22/2018 10:51:23 PM   :::   22:51:23.9651557

::::::::::: AuthenticateRequest Request called at 10/22/2018 10:51:23 PM   :::   22:51:23.9726573

::::::::::: PostAuthenticateRequest Request called at 10/22/2018 10:51:23 PM   :::   22:51:23.9766566

::::::::::: AuthorizeRequest Request called at 10/22/2018 10:51:23 PM   :::   22:51:23.9791570

::::::::::: PostAuthorizeRequest Request called at 10/22/2018 10:51:23 PM   :::   22:51:23.9811573

::::::::::: End Request called at 10/22/2018 10:51:23 PM   :::   22:51:23.9831567

::::::::::: PostResolveRequestCache Request called at 10/22/2018 10:51:24 PM   :::   22:51:24.0991568

::::::::::: AcquireRequestState Request called at 10/22/2018 10:51:24 PM   :::   22:51:24.1096593

::::::::::: PostAcquireRequestState Request called at 10/22/2018 10:51:24 PM   :::   22:51:24.1121569

::::::::::: PreRequestHandlerExecute Request called at 10/22/2018 10:51:24 PM   :::   22:51:24.1141572

::::::::::: PostRequestHandlerExecute Request called at 10/22/2018 10:51:38 PM   :::   22:51:38.3925702

::::::::::: ReleaseRequestState Request called at 10/22/2018 10:51:38 PM   :::   22:51:38.3970685

::::::::::: PostReleaseRequestState Request called at 10/22/2018 10:51:38 PM   :::   22:51:38.4780677

::::::::::: UpdateRequestCache Request called at 10/22/2018 10:51:38 PM   :::   22:51:38.7122330

::::::::::: EndRequest Request called at 10/22/2018 10:51:38 PM   :::   22:51:38.7252320

::::::::::: PreSendRequestContent Request called at 10/22/2018 10:51:38 PM   :::   22:51:38.7362335

::::::::::: PreSendRequestHeaders Request called at 10/22/2018 10:51:38 PM   :::   22:51:38.7437343

::::::::::: BeginRequest Request called at 10/22/2018 10:51:39 PM   :::   22:51:39.4092594

::::::::::: AuthenticateRequest Request called at 10/22/2018 10:51:39 PM   :::   22:51:39.4112596

::::::::::: PostAuthenticateRequest Request called at 10/22/2018 10:51:39 PM   :::   22:51:39.4132595

::::::::::: AuthorizeRequest Request called at 10/22/2018 10:51:39 PM   :::   22:51:39.4162596

::::::::::: PostAuthorizeRequest Request called at 10/22/2018 10:51:39 PM   :::   22:51:39.4172603

::::::::::: End Request called at 10/22/2018 10:51:39 PM   :::   22:51:39.4192594

::::::::::: PostResolveRequestCache Request called at 10/22/2018 10:51:39 PM   :::   22:51:39.4252601

::::::::::: AcquireRequestState Request called at 10/22/2018 10:51:39 PM   :::   22:51:39.4292598

::::::::::: PostAcquireRequestState Request called at 10/22/2018 10:51:39 PM   :::   22:51:39.4312604

::::::::::: PreRequestHandlerExecute Request called at 10/22/2018 10:51:39 PM   :::   22:51:39.4332595

::::::::::: BeginRequest Request called at 10/22/2018 11:07:29 PM   :::   23:07:29.9735479

::::::::::: AuthenticateRequest Request called at 10/22/2018 11:07:29 PM   :::   23:07:29.9815469

::::::::::: PostAuthenticateRequest Request called at 10/22/2018 11:07:30 PM   :::   23:07:30.7011640

::::::::::: AuthorizeRequest Request called at 10/22/2018 11:07:30 PM   :::   23:07:30.7041634

::::::::::: PostAuthorizeRequest Request called at 10/22/2018 11:07:30 PM   :::   23:07:30.7086652

::::::::::: End Request called at 10/22/2018 11:07:30 PM   :::   23:07:30.7106631

::::::::::: PostResolveRequestCache Request called at 10/22/2018 11:07:32 PM   :::   23:07:32.4105005

::::::::::: AcquireRequestState Request called at 10/22/2018 11:07:32 PM   :::   23:07:32.4224996

::::::::::: PostAcquireRequestState Request called at 10/22/2018 11:07:32 PM   :::   23:07:32.4245002

::::::::::: PreRequestHandlerExecute Request called at 10/22/2018 11:07:32 PM   :::   23:07:32.4264996

::::::::::: PostRequestHandlerExecute Request called at 10/22/2018 11:07:45 PM   :::   23:07:45.3572855

::::::::::: ReleaseRequestState Request called at 10/22/2018 11:07:45 PM   :::   23:07:45.3587868

::::::::::: PostReleaseRequestState Request called at 10/22/2018 11:07:45 PM   :::   23:07:45.3627873

::::::::::: UpdateRequestCache Request called at 10/22/2018 11:07:45 PM   :::   23:07:45.4077877

::::::::::: EndRequest Request called at 10/22/2018 11:07:45 PM   :::   23:07:45.4117866

::::::::::: PreSendRequestContent Request called at 10/22/2018 11:07:45 PM   :::   23:07:45.4193079

::::::::::: PreSendRequestHeaders Request called at 10/22/2018 11:07:45 PM   :::   23:07:45.4212857

::::::::::: BeginRequest Request called at 10/22/2018 11:09:05 PM   :::   23:09:05.9657108

::::::::::: AuthenticateRequest Request called at 10/22/2018 11:09:05 PM   :::   23:09:05.9677110

::::::::::: PostAuthenticateRequest Request called at 10/22/2018 11:09:05 PM   :::   23:09:05.9697108

::::::::::: AuthorizeRequest Request called at 10/22/2018 11:09:05 PM   :::   23:09:05.9727122

::::::::::: PostAuthorizeRequest Request called at 10/22/2018 11:09:05 PM   :::   23:09:05.9757100

::::::::::: End Request called at 10/22/2018 11:09:05 PM   :::   23:09:05.9777126

::::::::::: PostResolveRequestCache Request called at 10/22/2018 11:09:05 PM   :::   23:09:05.9817099

::::::::::: AcquireRequestState Request called at 10/22/2018 11:09:05 PM   :::   23:09:05.9837098

::::::::::: PostAcquireRequestState Request called at 10/22/2018 11:09:05 PM   :::   23:09:05.9847120

::::::::::: PreRequestHandlerExecute Request called at 10/22/2018 11:09:05 PM   :::   23:09:05.9867123

::::::::::: BeginRequest Request called at 10/22/2018 11:09:45 PM   :::   23:09:45.3750800

::::::::::: AuthenticateRequest Request called at 10/22/2018 11:09:45 PM   :::   23:09:45.3820811

::::::::::: PostAuthenticateRequest Request called at 10/22/2018 11:09:45 PM   :::   23:09:45.3860831

::::::::::: AuthorizeRequest Request called at 10/22/2018 11:09:45 PM   :::   23:09:45.3880806

::::::::::: PostAuthorizeRequest Request called at 10/22/2018 11:09:45 PM   :::   23:09:45.3900812

::::::::::: End Request called at 10/22/2018 11:09:45 PM   :::   23:09:45.3930885

::::::::::: PostResolveRequestCache Request called at 10/22/2018 11:09:45 PM   :::   23:09:45.4870986

::::::::::: AcquireRequestState Request called at 10/22/2018 11:09:45 PM   :::   23:09:45.4971025

::::::::::: PostAcquireRequestState Request called at 10/22/2018 11:09:45 PM   :::   23:09:45.4990988

::::::::::: PreRequestHandlerExecute Request called at 10/22/2018 11:09:45 PM   :::   23:09:45.5011006

::::::::::: PostRequestHandlerExecute Request called at 10/22/2018 11:09:54 PM   :::   23:09:54.3787094

::::::::::: ReleaseRequestState Request called at 10/22/2018 11:09:54 PM   :::   23:09:54.3807089

::::::::::: PostReleaseRequestState Request called at 10/22/2018 11:09:54 PM   :::   23:09:54.4147133

::::::::::: UpdateRequestCache Request called at 10/22/2018 11:09:54 PM   :::   23:09:54.4743818

::::::::::: EndRequest Request called at 10/22/2018 11:09:54 PM   :::   23:09:54.4778829

::::::::::: PreSendRequestContent Request called at 10/22/2018 11:09:54 PM   :::   23:09:54.4843803

::::::::::: PreSendRequestHeaders Request called at 10/22/2018 11:09:54 PM   :::   23:09:54.4858799

::::::::::: BeginRequest Request called at 10/22/2018 11:10:11 PM   :::   23:10:11.3521659

::::::::::: AuthenticateRequest Request called at 10/22/2018 11:10:11 PM   :::   23:10:11.3536648

::::::::::: PostAuthenticateRequest Request called at 10/22/2018 11:10:11 PM   :::   23:10:11.3551649

::::::::::: AuthorizeRequest Request called at 10/22/2018 11:10:11 PM   :::   23:10:11.3561652

::::::::::: PostAuthorizeRequest Request called at 10/22/2018 11:10:11 PM   :::   23:10:11.3576740

::::::::::: End Request called at 10/22/2018 11:10:11 PM   :::   23:10:11.3586751

::::::::::: PostResolveRequestCache Request called at 10/22/2018 11:10:11 PM   :::   23:10:11.3616740

::::::::::: AcquireRequestState Request called at 10/22/2018 11:10:11 PM   :::   23:10:11.3636739

::::::::::: PostAcquireRequestState Request called at 10/22/2018 11:10:11 PM   :::   23:10:11.3646742

::::::::::: PreRequestHandlerExecute Request called at 10/22/2018 11:10:11 PM   :::   23:10:11.3666756

::::::::::: PostRequestHandlerExecute Request called at 10/22/2018 11:10:17 PM   :::   23:10:17.0188038

::::::::::: ReleaseRequestState Request called at 10/22/2018 11:10:17 PM   :::   23:10:17.0208044

::::::::::: PostReleaseRequestState Request called at 10/22/2018 11:10:17 PM   :::   23:10:17.0223033

::::::::::: UpdateRequestCache Request called at 10/22/2018 11:10:17 PM   :::   23:10:17.0248057

::::::::::: EndRequest Request called at 10/22/2018 11:10:17 PM   :::   23:10:17.0373049

::::::::::: PreSendRequestContent Request called at 10/22/2018 11:10:17 PM   :::   23:10:17.0413038

::::::::::: PreSendRequestHeaders Request called at 10/22/2018 11:10:17 PM   :::   23:10:17.0478054

::::::::::: BeginRequest Request called at 10/22/2018 11:10:17 PM   :::   23:10:17.0693036

::::::::::: AuthenticateRequest Request called at 10/22/2018 11:10:17 PM   :::   23:10:17.0738022

::::::::::: PostAuthenticateRequest Request called at 10/22/2018 11:10:17 PM   :::   23:10:17.0768032

::::::::::: AuthorizeRequest Request called at 10/22/2018 11:10:17 PM   :::   23:10:17.0803039

::::::::::: PostAuthorizeRequest Request called at 10/22/2018 11:10:17 PM   :::   23:10:17.0848065

::::::::::: End Request called at 10/22/2018 11:10:17 PM   :::   23:10:17.0903043

::::::::::: PostResolveRequestCache Request called at 10/22/2018 11:10:17 PM   :::   23:10:17.0933061

::::::::::: AcquireRequestState Request called at 10/22/2018 11:10:17 PM   :::   23:10:17.0963046

::::::::::: PostAcquireRequestState Request called at 10/22/2018 11:10:17 PM   :::   23:10:17.0993087

::::::::::: PreRequestHandlerExecute Request called at 10/22/2018 11:10:17 PM   :::   23:10:17.1008049

