::::::::::: BeginRequest Request called at 16-12-2018 05:13:59 PM   :::   17:13:59.2913082

::::::::::: AuthenticateRequest Request called at 16-12-2018 05:13:59 PM   :::   17:13:59.3118444

::::::::::: PostAuthenticateRequest Request called at 16-12-2018 05:13:59 PM   :::   17:13:59.3258462

::::::::::: AuthorizeRequest Request called at 16-12-2018 05:13:59 PM   :::   17:13:59.3278472

::::::::::: PostAuthorizeRequest Request called at 16-12-2018 05:13:59 PM   :::   17:13:59.3298471

::::::::::: End Request called at 16-12-2018 05:13:59 PM   :::   17:13:59.3318447

::::::::::: PostResolveRequestCache Request called at 16-12-2018 05:13:59 PM   :::   17:13:59.5288443

::::::::::: AcquireRequestState Request called at 16-12-2018 05:13:59 PM   :::   17:13:59.5458445

::::::::::: PostAcquireRequestState Request called at 16-12-2018 05:13:59 PM   :::   17:13:59.5478451

::::::::::: PreRequestHandlerExecute Request called at 16-12-2018 05:13:59 PM   :::   17:13:59.5498456

::::::::::: PostRequestHandlerExecute Request called at 16-12-2018 05:14:02 PM   :::   17:14:02.3428436

::::::::::: ReleaseRequestState Request called at 16-12-2018 05:14:02 PM   :::   17:14:02.3458440

::::::::::: PostReleaseRequestState Request called at 16-12-2018 05:14:02 PM   :::   17:14:02.3498739

::::::::::: UpdateRequestCache Request called at 16-12-2018 05:14:02 PM   :::   17:14:02.3538487

::::::::::: EndRequest Request called at 16-12-2018 05:14:02 PM   :::   17:14:02.3568439

::::::::::: PreSendRequestContent Request called at 16-12-2018 05:14:02 PM   :::   17:14:02.3698415

::::::::::: PreSendRequestHeaders Request called at 16-12-2018 05:14:02 PM   :::   17:14:02.3718428

::::::::::: BeginRequest Request called at 16-12-2018 05:14:02 PM   :::   17:14:02.4618460

::::::::::: BeginRequest Request called at 16-12-2018 05:14:02 PM   :::   17:14:02.4628481

::::::::::: AuthenticateRequest Request called at 16-12-2018 05:14:02 PM   :::   17:14:02.4658689

::::::::::: AuthenticateRequest Request called at 16-12-2018 05:14:02 PM   :::   17:14:02.4658689

::::::::::: PostAuthenticateRequest Request called at 16-12-2018 05:14:02 PM   :::   17:14:02.4708453

::::::::::: PostAuthenticateRequest Request called at 16-12-2018 05:14:02 PM   :::   17:14:02.4728458

::::::::::: BeginRequest Request called at 16-12-2018 05:14:02 PM   :::   17:14:02.4778434

::::::::::: BeginRequest Request called at 16-12-2018 05:14:02 PM   :::   17:14:02.4778434

::::::::::: AuthenticateRequest Request called at 16-12-2018 05:14:02 PM   :::   17:14:02.4798450

::::::::::: AuthenticateRequest Request called at 16-12-2018 05:14:02 PM   :::   17:14:02.4808492

::::::::::: PostAuthenticateRequest Request called at 16-12-2018 05:14:02 PM   :::   17:14:02.4818457

::::::::::: PostAuthenticateRequest Request called at 16-12-2018 05:14:02 PM   :::   17:14:02.4848816

::::::::::: AuthorizeRequest Request called at 16-12-2018 05:14:02 PM   :::   17:14:02.4728458

::::::::::: AuthorizeRequest Request called at 16-12-2018 05:14:02 PM   :::   17:14:02.4898462

::::::::::: PostAuthorizeRequest Request called at 16-12-2018 05:14:02 PM   :::   17:14:02.4898462

::::::::::: End Request called at 16-12-2018 05:14:02 PM   :::   17:14:02.4918442

::::::::::: AuthorizeRequest Request called at 16-12-2018 05:14:02 PM   :::   17:14:02.4918442

::::::::::: PostAuthorizeRequest Request called at 16-12-2018 05:14:02 PM   :::   17:14:02.4908457

::::::::::: PostAuthorizeRequest Request called at 16-12-2018 05:14:02 PM   :::   17:14:02.4928451

::::::::::: End Request called at 16-12-2018 05:14:02 PM   :::   17:14:02.4978537

::::::::::: PostResolveRequestCache Request called at 16-12-2018 05:14:02 PM   :::   17:14:02.5038452

::::::::::: AcquireRequestState Request called at 16-12-2018 05:14:02 PM   :::   17:14:02.5058474

::::::::::: AuthorizeRequest Request called at 16-12-2018 05:14:02 PM   :::   17:14:02.5628480

::::::::::: PostAcquireRequestState Request called at 16-12-2018 05:14:02 PM   :::   17:14:02.5628480

::::::::::: PostAuthorizeRequest Request called at 16-12-2018 05:14:02 PM   :::   17:14:02.5668709

::::::::::: End Request called at 16-12-2018 05:14:02 PM   :::   17:14:02.4988455

::::::::::: PreRequestHandlerExecute Request called at 16-12-2018 05:14:02 PM   :::   17:14:02.5698455

::::::::::: End Request called at 16-12-2018 05:14:02 PM   :::   17:14:02.5708447

::::::::::: PostResolveRequestCache Request called at 16-12-2018 05:14:02 PM   :::   17:14:02.5708447

::::::::::: PostResolveRequestCache Request called at 16-12-2018 05:14:02 PM   :::   17:14:02.5718457

::::::::::: AcquireRequestState Request called at 16-12-2018 05:14:02 PM   :::   17:14:02.5718457

::::::::::: AcquireRequestState Request called at 16-12-2018 05:14:02 PM   :::   17:14:02.5728447

::::::::::: PostAcquireRequestState Request called at 16-12-2018 05:14:02 PM   :::   17:14:02.5728447

::::::::::: PostAcquireRequestState Request called at 16-12-2018 05:14:02 PM   :::   17:14:02.5738438

::::::::::: PreRequestHandlerExecute Request called at 16-12-2018 05:14:02 PM   :::   17:14:02.5738438

::::::::::: PreRequestHandlerExecute Request called at 16-12-2018 05:14:02 PM   :::   17:14:02.5748440

::::::::::: AcquireRequestState Request called at 16-12-2018 05:14:02 PM   :::   17:14:02.6068420

::::::::::: PostAcquireRequestState Request called at 16-12-2018 05:14:02 PM   :::   17:14:02.6088420

::::::::::: PreRequestHandlerExecute Request called at 16-12-2018 05:14:02 PM   :::   17:14:02.6098475

::::::::::: PostRequestHandlerExecute Request called at 16-12-2018 05:14:02 PM   :::   17:14:02.6248443

::::::::::: ReleaseRequestState Request called at 16-12-2018 05:14:02 PM   :::   17:14:02.6268443

::::::::::: PostReleaseRequestState Request called at 16-12-2018 05:14:02 PM   :::   17:14:02.6278440

::::::::::: UpdateRequestCache Request called at 16-12-2018 05:14:02 PM   :::   17:14:02.6288440

::::::::::: PostRequestHandlerExecute Request called at 16-12-2018 05:14:02 PM   :::   17:14:02.6438443

::::::::::: ReleaseRequestState Request called at 16-12-2018 05:14:02 PM   :::   17:14:02.6458412

::::::::::: PostReleaseRequestState Request called at 16-12-2018 05:14:02 PM   :::   17:14:02.6478499

::::::::::: UpdateRequestCache Request called at 16-12-2018 05:14:02 PM   :::   17:14:02.6509026

::::::::::: PostRequestHandlerExecute Request called at 16-12-2018 05:14:02 PM   :::   17:14:02.6568603

::::::::::: ReleaseRequestState Request called at 16-12-2018 05:14:02 PM   :::   17:14:02.6588461

::::::::::: PostReleaseRequestState Request called at 16-12-2018 05:14:02 PM   :::   17:14:02.6608460

::::::::::: UpdateRequestCache Request called at 16-12-2018 05:14:02 PM   :::   17:14:02.6628651

::::::::::: EndRequest Request called at 16-12-2018 05:14:02 PM   :::   17:14:02.6648480

::::::::::: PreSendRequestContent Request called at 16-12-2018 05:14:02 PM   :::   17:14:02.6701878

::::::::::: PreSendRequestHeaders Request called at 16-12-2018 05:14:02 PM   :::   17:14:02.6718518

::::::::::: EndRequest Request called at 16-12-2018 05:14:02 PM   :::   17:14:02.6548437

::::::::::: PreSendRequestContent Request called at 16-12-2018 05:14:02 PM   :::   17:14:02.6878478

::::::::::: PostRequestHandlerExecute Request called at 16-12-2018 05:14:02 PM   :::   17:14:02.6878478

::::::::::: ReleaseRequestState Request called at 16-12-2018 05:14:02 PM   :::   17:14:02.6918456

::::::::::: PostReleaseRequestState Request called at 16-12-2018 05:14:02 PM   :::   17:14:02.6948469

::::::::::: UpdateRequestCache Request called at 16-12-2018 05:14:02 PM   :::   17:14:02.6958442

::::::::::: EndRequest Request called at 16-12-2018 05:14:02 PM   :::   17:14:02.6978533

::::::::::: PreSendRequestContent Request called at 16-12-2018 05:14:02 PM   :::   17:14:02.7058500

::::::::::: PreSendRequestHeaders Request called at 16-12-2018 05:14:02 PM   :::   17:14:02.7078475

::::::::::: EndRequest Request called at 16-12-2018 05:14:02 PM   :::   17:14:02.6368451

::::::::::: PreSendRequestContent Request called at 16-12-2018 05:14:02 PM   :::   17:14:02.7543729

::::::::::: PreSendRequestHeaders Request called at 16-12-2018 05:14:02 PM   :::   17:14:02.7553747

::::::::::: BeginRequest Request called at 16-12-2018 05:14:02 PM   :::   17:14:02.7793757

::::::::::: AuthenticateRequest Request called at 16-12-2018 05:14:02 PM   :::   17:14:02.7813774

::::::::::: PostAuthenticateRequest Request called at 16-12-2018 05:14:02 PM   :::   17:14:02.7864287

::::::::::: AuthorizeRequest Request called at 16-12-2018 05:14:02 PM   :::   17:14:02.8233745

::::::::::: PostAuthorizeRequest Request called at 16-12-2018 05:14:02 PM   :::   17:14:02.8253747

::::::::::: End Request called at 16-12-2018 05:14:02 PM   :::   17:14:02.8263812

::::::::::: PostResolveRequestCache Request called at 16-12-2018 05:14:02 PM   :::   17:14:02.8273753

::::::::::: AcquireRequestState Request called at 16-12-2018 05:14:02 PM   :::   17:14:02.8293775

::::::::::: PostAcquireRequestState Request called at 16-12-2018 05:14:02 PM   :::   17:14:02.8323843

::::::::::: PreRequestHandlerExecute Request called at 16-12-2018 05:14:02 PM   :::   17:14:02.8333770

::::::::::: AuthenticateRequest Request called at 16-12-2018 05:14:02 PM   :::   17:14:02.8943765

::::::::::: PostAuthenticateRequest Request called at 16-12-2018 05:14:02 PM   :::   17:14:02.8963751

::::::::::: PostRequestHandlerExecute Request called at 16-12-2018 05:14:02 PM   :::   17:14:02.9073758

::::::::::: AuthorizeRequest Request called at 16-12-2018 05:14:02 PM   :::   17:14:02.9083754

::::::::::: PostAuthorizeRequest Request called at 16-12-2018 05:14:02 PM   :::   17:14:02.9103733

::::::::::: End Request called at 16-12-2018 05:14:02 PM   :::   17:14:02.9203783

::::::::::: PostResolveRequestCache Request called at 16-12-2018 05:14:02 PM   :::   17:14:02.9223742

::::::::::: AcquireRequestState Request called at 16-12-2018 05:14:02 PM   :::   17:14:02.9233764

::::::::::: PostAcquireRequestState Request called at 16-12-2018 05:14:02 PM   :::   17:14:02.9253971

::::::::::: PreRequestHandlerExecute Request called at 16-12-2018 05:14:02 PM   :::   17:14:02.9263808

::::::::::: PostReleaseRequestState Request called at 16-12-2018 05:14:02 PM   :::   17:14:02.9473780

::::::::::: UpdateRequestCache Request called at 16-12-2018 05:14:02 PM   :::   17:14:02.9533755

::::::::::: EndRequest Request called at 16-12-2018 05:14:02 PM   :::   17:14:02.9553822

::::::::::: PreSendRequestContent Request called at 16-12-2018 05:14:02 PM   :::   17:14:02.9573785

::::::::::: PreSendRequestHeaders Request called at 16-12-2018 05:14:02 PM   :::   17:14:02.9593780

::::::::::: PostRequestHandlerExecute Request called at 16-12-2018 05:14:02 PM   :::   17:14:02.9613767

::::::::::: ReleaseRequestState Request called at 16-12-2018 05:14:02 PM   :::   17:14:02.9623744

::::::::::: PostReleaseRequestState Request called at 16-12-2018 05:14:02 PM   :::   17:14:02.9664104

::::::::::: UpdateRequestCache Request called at 16-12-2018 05:14:02 PM   :::   17:14:02.9693752

::::::::::: EndRequest Request called at 16-12-2018 05:14:02 PM   :::   17:14:02.9713776

::::::::::: PreSendRequestContent Request called at 16-12-2018 05:14:02 PM   :::   17:14:02.9723749

::::::::::: PreSendRequestHeaders Request called at 16-12-2018 05:14:02 PM   :::   17:14:02.9733736

::::::::::: BeginRequest Request called at 16-12-2018 05:14:03 PM   :::   17:14:03.8859606

::::::::::: AuthenticateRequest Request called at 16-12-2018 05:14:03 PM   :::   17:14:03.8879583

::::::::::: PostAuthenticateRequest Request called at 16-12-2018 05:14:03 PM   :::   17:14:03.8889584

::::::::::: AuthorizeRequest Request called at 16-12-2018 05:14:03 PM   :::   17:14:03.8929616

::::::::::: PostAuthorizeRequest Request called at 16-12-2018 05:14:03 PM   :::   17:14:03.8939584

::::::::::: End Request called at 16-12-2018 05:14:03 PM   :::   17:14:03.8949572

::::::::::: PostResolveRequestCache Request called at 16-12-2018 05:14:03 PM   :::   17:14:03.8969593

::::::::::: AcquireRequestState Request called at 16-12-2018 05:14:03 PM   :::   17:14:03.8989573

::::::::::: PostAcquireRequestState Request called at 16-12-2018 05:14:03 PM   :::   17:14:03.8999569

::::::::::: PreRequestHandlerExecute Request called at 16-12-2018 05:14:03 PM   :::   17:14:03.9019566

::::::::::: PostRequestHandlerExecute Request called at 16-12-2018 05:14:03 PM   :::   17:14:03.9039564

::::::::::: ReleaseRequestState Request called at 16-12-2018 05:14:03 PM   :::   17:14:03.9059727

::::::::::: PostReleaseRequestState Request called at 16-12-2018 05:14:03 PM   :::   17:14:03.9069556

::::::::::: UpdateRequestCache Request called at 16-12-2018 05:14:03 PM   :::   17:14:03.9079559

::::::::::: EndRequest Request called at 16-12-2018 05:14:03 PM   :::   17:14:03.9109576

::::::::::: PreSendRequestContent Request called at 16-12-2018 05:14:03 PM   :::   17:14:03.9139579

::::::::::: PreSendRequestHeaders Request called at 16-12-2018 05:14:03 PM   :::   17:14:03.9159580

::::::::::: BeginRequest Request called at 16-12-2018 05:20:07 PM   :::   17:20:07.9616441

::::::::::: AuthenticateRequest Request called at 16-12-2018 05:20:07 PM   :::   17:20:07.9726414

::::::::::: PostAuthenticateRequest Request called at 16-12-2018 05:20:07 PM   :::   17:20:07.9916421

::::::::::: AuthorizeRequest Request called at 16-12-2018 05:20:07 PM   :::   17:20:07.9936416

::::::::::: PostAuthorizeRequest Request called at 16-12-2018 05:20:07 PM   :::   17:20:07.9956666

::::::::::: End Request called at 16-12-2018 05:20:07 PM   :::   17:20:07.9986452

::::::::::: PostResolveRequestCache Request called at 16-12-2018 05:20:08 PM   :::   17:20:08.0466427

::::::::::: AcquireRequestState Request called at 16-12-2018 05:20:08 PM   :::   17:20:08.0626442

::::::::::: PostAcquireRequestState Request called at 16-12-2018 05:20:08 PM   :::   17:20:08.0656461

::::::::::: PreRequestHandlerExecute Request called at 16-12-2018 05:20:08 PM   :::   17:20:08.0676444

::::::::::: PostRequestHandlerExecute Request called at 16-12-2018 05:20:09 PM   :::   17:20:09.6006426

::::::::::: ReleaseRequestState Request called at 16-12-2018 05:20:09 PM   :::   17:20:09.6036649

::::::::::: PostReleaseRequestState Request called at 16-12-2018 05:20:09 PM   :::   17:20:09.6056417

::::::::::: UpdateRequestCache Request called at 16-12-2018 05:20:09 PM   :::   17:20:09.6066434

::::::::::: EndRequest Request called at 16-12-2018 05:20:09 PM   :::   17:20:09.6106442

::::::::::: PreSendRequestContent Request called at 16-12-2018 05:20:09 PM   :::   17:20:09.6236446

::::::::::: PreSendRequestHeaders Request called at 16-12-2018 05:20:09 PM   :::   17:20:09.6256429

::::::::::: BeginRequest Request called at 16-12-2018 05:20:28 PM   :::   17:20:28.8255609

::::::::::: AuthenticateRequest Request called at 16-12-2018 05:20:28 PM   :::   17:20:28.8275612

::::::::::: PostAuthenticateRequest Request called at 16-12-2018 05:20:28 PM   :::   17:20:28.8295595

::::::::::: AuthorizeRequest Request called at 16-12-2018 05:20:28 PM   :::   17:20:28.8305632

::::::::::: PostAuthorizeRequest Request called at 16-12-2018 05:20:28 PM   :::   17:20:28.8325602

::::::::::: End Request called at 16-12-2018 05:20:28 PM   :::   17:20:28.8335609

::::::::::: PostResolveRequestCache Request called at 16-12-2018 05:20:28 PM   :::   17:20:28.8495612

::::::::::: AcquireRequestState Request called at 16-12-2018 05:20:28 PM   :::   17:20:28.8575649

::::::::::: PostAcquireRequestState Request called at 16-12-2018 05:20:28 PM   :::   17:20:28.8605608

::::::::::: PreRequestHandlerExecute Request called at 16-12-2018 05:20:28 PM   :::   17:20:28.8615842

::::::::::: PostRequestHandlerExecute Request called at 16-12-2018 05:20:29 PM   :::   17:20:29.1565585

::::::::::: ReleaseRequestState Request called at 16-12-2018 05:20:29 PM   :::   17:20:29.1605627

::::::::::: PostReleaseRequestState Request called at 16-12-2018 05:20:29 PM   :::   17:20:29.1625640

::::::::::: UpdateRequestCache Request called at 16-12-2018 05:20:29 PM   :::   17:20:29.1645670

::::::::::: EndRequest Request called at 16-12-2018 05:20:29 PM   :::   17:20:29.1655671

::::::::::: PreSendRequestContent Request called at 16-12-2018 05:20:29 PM   :::   17:20:29.1675635

::::::::::: PreSendRequestHeaders Request called at 16-12-2018 05:20:29 PM   :::   17:20:29.1695639

::::::::::: BeginRequest Request called at 16-12-2018 05:20:29 PM   :::   17:20:29.1975607

::::::::::: AuthenticateRequest Request called at 16-12-2018 05:20:29 PM   :::   17:20:29.1995616

::::::::::: PostAuthenticateRequest Request called at 16-12-2018 05:20:29 PM   :::   17:20:29.2015600

::::::::::: AuthorizeRequest Request called at 16-12-2018 05:20:29 PM   :::   17:20:29.2035614

::::::::::: PostAuthorizeRequest Request called at 16-12-2018 05:20:29 PM   :::   17:20:29.2055638

::::::::::: End Request called at 16-12-2018 05:20:29 PM   :::   17:20:29.2075631

::::::::::: PostResolveRequestCache Request called at 16-12-2018 05:20:29 PM   :::   17:20:29.2085668

::::::::::: AcquireRequestState Request called at 16-12-2018 05:20:29 PM   :::   17:20:29.2105619

::::::::::: PostAcquireRequestState Request called at 16-12-2018 05:20:29 PM   :::   17:20:29.2125613

::::::::::: PreRequestHandlerExecute Request called at 16-12-2018 05:20:29 PM   :::   17:20:29.2135632

::::::::::: PostRequestHandlerExecute Request called at 16-12-2018 05:20:48 PM   :::   17:20:48.7569492

::::::::::: ReleaseRequestState Request called at 16-12-2018 05:20:48 PM   :::   17:20:48.7579468

::::::::::: PostReleaseRequestState Request called at 16-12-2018 05:20:48 PM   :::   17:20:48.7599484

::::::::::: UpdateRequestCache Request called at 16-12-2018 05:20:48 PM   :::   17:20:48.7619473

::::::::::: EndRequest Request called at 16-12-2018 05:20:48 PM   :::   17:20:48.7629469

::::::::::: BeginRequest Request called at 16-12-2018 05:21:41 PM   :::   17:21:41.1690226

::::::::::: AuthenticateRequest Request called at 16-12-2018 05:21:41 PM   :::   17:21:41.1710421

::::::::::: PostAuthenticateRequest Request called at 16-12-2018 05:21:41 PM   :::   17:21:41.1780630

::::::::::: AuthorizeRequest Request called at 16-12-2018 05:21:41 PM   :::   17:21:41.1810549

::::::::::: PostAuthorizeRequest Request called at 16-12-2018 05:21:41 PM   :::   17:21:41.1830219

::::::::::: End Request called at 16-12-2018 05:21:41 PM   :::   17:21:41.1840330

::::::::::: PostResolveRequestCache Request called at 16-12-2018 05:21:41 PM   :::   17:21:41.1860242

::::::::::: AcquireRequestState Request called at 16-12-2018 05:21:41 PM   :::   17:21:41.1870236

::::::::::: PostAcquireRequestState Request called at 16-12-2018 05:21:41 PM   :::   17:21:41.1880234

::::::::::: PreRequestHandlerExecute Request called at 16-12-2018 05:21:41 PM   :::   17:21:41.1970249

::::::::::: PostRequestHandlerExecute Request called at 16-12-2018 05:21:41 PM   :::   17:21:41.2010218

::::::::::: ReleaseRequestState Request called at 16-12-2018 05:21:41 PM   :::   17:21:41.2020205

::::::::::: PostReleaseRequestState Request called at 16-12-2018 05:21:41 PM   :::   17:21:41.2030207

::::::::::: UpdateRequestCache Request called at 16-12-2018 05:21:41 PM   :::   17:21:41.2060236

::::::::::: EndRequest Request called at 16-12-2018 05:21:41 PM   :::   17:21:41.2080319

::::::::::: PreSendRequestContent Request called at 16-12-2018 05:21:41 PM   :::   17:21:41.2090245

::::::::::: PreSendRequestHeaders Request called at 16-12-2018 05:21:41 PM   :::   17:21:41.2110332

::::::::::: BeginRequest Request called at 16-12-2018 05:21:41 PM   :::   17:21:41.4390432

::::::::::: AuthenticateRequest Request called at 16-12-2018 05:21:41 PM   :::   17:21:41.4400282

::::::::::: PostAuthenticateRequest Request called at 16-12-2018 05:21:41 PM   :::   17:21:41.4420213

::::::::::: AuthorizeRequest Request called at 16-12-2018 05:21:41 PM   :::   17:21:41.4440227

::::::::::: PostAuthorizeRequest Request called at 16-12-2018 05:21:41 PM   :::   17:21:41.4460276

::::::::::: End Request called at 16-12-2018 05:21:41 PM   :::   17:21:41.4470483

::::::::::: PostResolveRequestCache Request called at 16-12-2018 05:21:41 PM   :::   17:21:41.4490275

::::::::::: AcquireRequestState Request called at 16-12-2018 05:21:41 PM   :::   17:21:41.4510233

::::::::::: PostAcquireRequestState Request called at 16-12-2018 05:21:41 PM   :::   17:21:41.4520224

::::::::::: PreRequestHandlerExecute Request called at 16-12-2018 05:21:41 PM   :::   17:21:41.4540220

::::::::::: PostRequestHandlerExecute Request called at 16-12-2018 05:21:54 PM   :::   17:21:54.3860236

::::::::::: ReleaseRequestState Request called at 16-12-2018 05:21:54 PM   :::   17:21:54.3880259

::::::::::: PostReleaseRequestState Request called at 16-12-2018 05:21:54 PM   :::   17:21:54.3900218

::::::::::: UpdateRequestCache Request called at 16-12-2018 05:21:54 PM   :::   17:21:54.3910239

::::::::::: EndRequest Request called at 16-12-2018 05:21:54 PM   :::   17:21:54.3930220

::::::::::: BeginRequest Request called at 16-12-2018 05:23:05 PM   :::   17:23:05.9651547

::::::::::: AuthenticateRequest Request called at 16-12-2018 05:23:05 PM   :::   17:23:05.9741528

::::::::::: PostAuthenticateRequest Request called at 16-12-2018 05:23:05 PM   :::   17:23:05.9821558

::::::::::: BeginRequest Request called at 16-12-2018 05:23:05 PM   :::   17:23:05.9851535

::::::::::: AuthenticateRequest Request called at 16-12-2018 05:23:05 PM   :::   17:23:05.9861522

::::::::::: PostAuthenticateRequest Request called at 16-12-2018 05:23:05 PM   :::   17:23:05.9881562

::::::::::: AuthorizeRequest Request called at 16-12-2018 05:23:05 PM   :::   17:23:05.9911516

::::::::::: PostAuthorizeRequest Request called at 16-12-2018 05:23:05 PM   :::   17:23:05.9931546

::::::::::: End Request called at 16-12-2018 05:23:05 PM   :::   17:23:05.9951557

::::::::::: AuthorizeRequest Request called at 16-12-2018 05:23:05 PM   :::   17:23:05.9871519

::::::::::: PostAuthorizeRequest Request called at 16-12-2018 05:23:05 PM   :::   17:23:05.9971496

::::::::::: End Request called at 16-12-2018 05:23:06 PM   :::   17:23:06.0001564

::::::::::: PostResolveRequestCache Request called at 16-12-2018 05:23:06 PM   :::   17:23:06.0161532

::::::::::: AcquireRequestState Request called at 16-12-2018 05:23:06 PM   :::   17:23:06.0441507

::::::::::: PostAcquireRequestState Request called at 16-12-2018 05:23:06 PM   :::   17:23:06.0501529

::::::::::: PreRequestHandlerExecute Request called at 16-12-2018 05:23:06 PM   :::   17:23:06.0521532

::::::::::: PostResolveRequestCache Request called at 16-12-2018 05:23:06 PM   :::   17:23:06.0541631

::::::::::: AcquireRequestState Request called at 16-12-2018 05:23:06 PM   :::   17:23:06.0561510

::::::::::: PostAcquireRequestState Request called at 16-12-2018 05:23:06 PM   :::   17:23:06.0571536

::::::::::: PreRequestHandlerExecute Request called at 16-12-2018 05:23:06 PM   :::   17:23:06.0591499

::::::::::: PostRequestHandlerExecute Request called at 16-12-2018 05:23:06 PM   :::   17:23:06.3041531

::::::::::: ReleaseRequestState Request called at 16-12-2018 05:23:06 PM   :::   17:23:06.3071782

::::::::::: PostReleaseRequestState Request called at 16-12-2018 05:23:06 PM   :::   17:23:06.3091501

::::::::::: UpdateRequestCache Request called at 16-12-2018 05:23:06 PM   :::   17:23:06.3111529

::::::::::: EndRequest Request called at 16-12-2018 05:23:06 PM   :::   17:23:06.3141519

::::::::::: PreSendRequestContent Request called at 16-12-2018 05:23:06 PM   :::   17:23:06.3261521

::::::::::: PreSendRequestHeaders Request called at 16-12-2018 05:23:06 PM   :::   17:23:06.3281531

::::::::::: BeginRequest Request called at 16-12-2018 05:23:06 PM   :::   17:23:06.7731541

::::::::::: AuthenticateRequest Request called at 16-12-2018 05:23:06 PM   :::   17:23:06.7751510

::::::::::: PostAuthenticateRequest Request called at 16-12-2018 05:23:06 PM   :::   17:23:06.7791523

::::::::::: AuthorizeRequest Request called at 16-12-2018 05:23:06 PM   :::   17:23:06.7811532

::::::::::: PostAuthorizeRequest Request called at 16-12-2018 05:23:06 PM   :::   17:23:06.7831539

::::::::::: End Request called at 16-12-2018 05:23:06 PM   :::   17:23:06.7851502

::::::::::: PostResolveRequestCache Request called at 16-12-2018 05:23:06 PM   :::   17:23:06.7861533

::::::::::: AcquireRequestState Request called at 16-12-2018 05:23:06 PM   :::   17:23:06.7881539

::::::::::: PostAcquireRequestState Request called at 16-12-2018 05:23:06 PM   :::   17:23:06.7901504

::::::::::: PreRequestHandlerExecute Request called at 16-12-2018 05:23:06 PM   :::   17:23:06.7911538

::::::::::: PostRequestHandlerExecute Request called at 16-12-2018 05:23:08 PM   :::   17:23:08.1251526

::::::::::: ReleaseRequestState Request called at 16-12-2018 05:23:08 PM   :::   17:23:08.1271535

::::::::::: PostReleaseRequestState Request called at 16-12-2018 05:23:08 PM   :::   17:23:08.1291561

::::::::::: UpdateRequestCache Request called at 16-12-2018 05:23:08 PM   :::   17:23:08.1311567

::::::::::: EndRequest Request called at 16-12-2018 05:23:08 PM   :::   17:23:08.1321558

::::::::::: PreSendRequestContent Request called at 16-12-2018 05:23:08 PM   :::   17:23:08.1341563

::::::::::: PreSendRequestHeaders Request called at 16-12-2018 05:23:08 PM   :::   17:23:08.1361585

::::::::::: PostRequestHandlerExecute Request called at 16-12-2018 05:23:23 PM   :::   17:23:23.9148196

::::::::::: ReleaseRequestState Request called at 16-12-2018 05:23:23 PM   :::   17:23:23.9158248

::::::::::: PostReleaseRequestState Request called at 16-12-2018 05:23:23 PM   :::   17:23:23.9168193

::::::::::: UpdateRequestCache Request called at 16-12-2018 05:23:23 PM   :::   17:23:23.9188230

::::::::::: EndRequest Request called at 16-12-2018 05:23:23 PM   :::   17:23:23.9198442

::::::::::: BeginRequest Request called at 16-12-2018 05:34:31 PM   :::   17:34:31.0941759

::::::::::: AuthenticateRequest Request called at 16-12-2018 05:34:31 PM   :::   17:34:31.0951975

::::::::::: PostAuthenticateRequest Request called at 16-12-2018 05:34:31 PM   :::   17:34:31.0971792

::::::::::: AuthorizeRequest Request called at 16-12-2018 05:34:31 PM   :::   17:34:31.0981749

::::::::::: PostAuthorizeRequest Request called at 16-12-2018 05:34:31 PM   :::   17:34:31.1012056

::::::::::: End Request called at 16-12-2018 05:34:31 PM   :::   17:34:31.1021765

::::::::::: PostResolveRequestCache Request called at 16-12-2018 05:34:31 PM   :::   17:34:31.1041748

::::::::::: AcquireRequestState Request called at 16-12-2018 05:34:31 PM   :::   17:34:31.1051766

::::::::::: PostAcquireRequestState Request called at 16-12-2018 05:34:31 PM   :::   17:34:31.1061743

::::::::::: PreRequestHandlerExecute Request called at 16-12-2018 05:34:31 PM   :::   17:34:31.1071754

::::::::::: PostRequestHandlerExecute Request called at 16-12-2018 05:34:31 PM   :::   17:34:31.1101759

::::::::::: ReleaseRequestState Request called at 16-12-2018 05:34:31 PM   :::   17:34:31.1111745

::::::::::: PostReleaseRequestState Request called at 16-12-2018 05:34:31 PM   :::   17:34:31.1121741

::::::::::: UpdateRequestCache Request called at 16-12-2018 05:34:31 PM   :::   17:34:31.1131759

::::::::::: EndRequest Request called at 16-12-2018 05:34:31 PM   :::   17:34:31.1151750

::::::::::: PreSendRequestContent Request called at 16-12-2018 05:34:31 PM   :::   17:34:31.1221997

::::::::::: PreSendRequestHeaders Request called at 16-12-2018 05:34:31 PM   :::   17:34:31.1261747

::::::::::: BeginRequest Request called at 16-12-2018 05:34:31 PM   :::   17:34:31.3341758

::::::::::: AuthenticateRequest Request called at 16-12-2018 05:34:31 PM   :::   17:34:31.3351904

::::::::::: PostAuthenticateRequest Request called at 16-12-2018 05:34:31 PM   :::   17:34:31.3371804

::::::::::: AuthorizeRequest Request called at 16-12-2018 05:34:31 PM   :::   17:34:31.3381785

::::::::::: PostAuthorizeRequest Request called at 16-12-2018 05:34:31 PM   :::   17:34:31.3401785

::::::::::: End Request called at 16-12-2018 05:34:31 PM   :::   17:34:31.3411843

::::::::::: PostResolveRequestCache Request called at 16-12-2018 05:34:31 PM   :::   17:34:31.3431749

::::::::::: AcquireRequestState Request called at 16-12-2018 05:34:31 PM   :::   17:34:31.3441784

::::::::::: PostAcquireRequestState Request called at 16-12-2018 05:34:31 PM   :::   17:34:31.3461740

::::::::::: PreRequestHandlerExecute Request called at 16-12-2018 05:34:31 PM   :::   17:34:31.3471773

::::::::::: BeginRequest Request called at 16-12-2018 05:36:36 PM   :::   17:36:36.1186435

::::::::::: AuthenticateRequest Request called at 16-12-2018 05:36:36 PM   :::   17:36:36.1256448

::::::::::: PostAuthenticateRequest Request called at 16-12-2018 05:36:36 PM   :::   17:36:36.1316420

::::::::::: AuthorizeRequest Request called at 16-12-2018 05:36:36 PM   :::   17:36:36.1336408

::::::::::: PostAuthorizeRequest Request called at 16-12-2018 05:36:36 PM   :::   17:36:36.1356452

::::::::::: End Request called at 16-12-2018 05:36:36 PM   :::   17:36:36.1376415

::::::::::: PostResolveRequestCache Request called at 16-12-2018 05:36:36 PM   :::   17:36:36.1776587

::::::::::: BeginRequest Request called at 16-12-2018 05:36:36 PM   :::   17:36:36.1796440

::::::::::: AuthenticateRequest Request called at 16-12-2018 05:36:36 PM   :::   17:36:36.1816420

::::::::::: PostAuthenticateRequest Request called at 16-12-2018 05:36:36 PM   :::   17:36:36.1836662

::::::::::: AuthorizeRequest Request called at 16-12-2018 05:36:36 PM   :::   17:36:36.1846447

::::::::::: PostAuthorizeRequest Request called at 16-12-2018 05:36:36 PM   :::   17:36:36.1856423

::::::::::: End Request called at 16-12-2018 05:36:36 PM   :::   17:36:36.1876471

::::::::::: PostResolveRequestCache Request called at 16-12-2018 05:36:36 PM   :::   17:36:36.1886432

::::::::::: AcquireRequestState Request called at 16-12-2018 05:36:36 PM   :::   17:36:36.1906427

::::::::::: PostAcquireRequestState Request called at 16-12-2018 05:36:36 PM   :::   17:36:36.1926431

::::::::::: PreRequestHandlerExecute Request called at 16-12-2018 05:36:36 PM   :::   17:36:36.1946438

::::::::::: AcquireRequestState Request called at 16-12-2018 05:36:36 PM   :::   17:36:36.1876471

::::::::::: PostAcquireRequestState Request called at 16-12-2018 05:36:36 PM   :::   17:36:36.2236391

::::::::::: PreRequestHandlerExecute Request called at 16-12-2018 05:36:36 PM   :::   17:36:36.2246463

::::::::::: PostRequestHandlerExecute Request called at 16-12-2018 05:36:36 PM   :::   17:36:36.4246418

::::::::::: PostRequestHandlerExecute Request called at 16-12-2018 05:36:36 PM   :::   17:36:36.4286496

::::::::::: ReleaseRequestState Request called at 16-12-2018 05:36:36 PM   :::   17:36:36.4296449

::::::::::: PostReleaseRequestState Request called at 16-12-2018 05:36:36 PM   :::   17:36:36.4306420

::::::::::: PostReleaseRequestState Request called at 16-12-2018 05:36:36 PM   :::   17:36:36.4316499

::::::::::: UpdateRequestCache Request called at 16-12-2018 05:36:36 PM   :::   17:36:36.4326444

::::::::::: UpdateRequestCache Request called at 16-12-2018 05:36:36 PM   :::   17:36:36.4336436

::::::::::: EndRequest Request called at 16-12-2018 05:36:36 PM   :::   17:36:36.4356466

::::::::::: PreSendRequestContent Request called at 16-12-2018 05:36:36 PM   :::   17:36:36.4476467

::::::::::: PreSendRequestContent Request called at 16-12-2018 05:36:36 PM   :::   17:36:36.4756452

::::::::::: PreSendRequestHeaders Request called at 16-12-2018 05:36:36 PM   :::   17:36:36.4776409

::::::::::: BeginRequest Request called at 16-12-2018 05:36:37 PM   :::   17:36:37.6846417

::::::::::: AuthenticateRequest Request called at 16-12-2018 05:36:37 PM   :::   17:36:37.6886448

::::::::::: PostAuthenticateRequest Request called at 16-12-2018 05:36:37 PM   :::   17:36:37.6896432

::::::::::: AuthorizeRequest Request called at 16-12-2018 05:36:37 PM   :::   17:36:37.6916419

::::::::::: PostAuthorizeRequest Request called at 16-12-2018 05:36:37 PM   :::   17:36:37.6936445

::::::::::: End Request called at 16-12-2018 05:36:37 PM   :::   17:36:37.6956423

::::::::::: PostResolveRequestCache Request called at 16-12-2018 05:36:37 PM   :::   17:36:37.6976450

::::::::::: AcquireRequestState Request called at 16-12-2018 05:36:37 PM   :::   17:36:37.6986423

::::::::::: PostAcquireRequestState Request called at 16-12-2018 05:36:37 PM   :::   17:36:37.7006418

::::::::::: PreRequestHandlerExecute Request called at 16-12-2018 05:36:37 PM   :::   17:36:37.7016454

::::::::::: BeginRequest Request called at 16-12-2018 05:37:04 PM   :::   17:37:04.3116422

::::::::::: AuthenticateRequest Request called at 16-12-2018 05:37:04 PM   :::   17:37:04.3136424

::::::::::: PostAuthenticateRequest Request called at 16-12-2018 05:37:04 PM   :::   17:37:04.3146400

::::::::::: AuthorizeRequest Request called at 16-12-2018 05:37:04 PM   :::   17:37:04.3156429

::::::::::: PostAuthorizeRequest Request called at 16-12-2018 05:37:04 PM   :::   17:37:04.3166415

::::::::::: End Request called at 16-12-2018 05:37:04 PM   :::   17:37:04.3186401

::::::::::: PostResolveRequestCache Request called at 16-12-2018 05:37:04 PM   :::   17:37:04.3196406

::::::::::: AcquireRequestState Request called at 16-12-2018 05:37:04 PM   :::   17:37:04.3206416

::::::::::: PostAcquireRequestState Request called at 16-12-2018 05:37:04 PM   :::   17:37:04.3226427

::::::::::: PreRequestHandlerExecute Request called at 16-12-2018 05:37:04 PM   :::   17:37:04.3236432

::::::::::: PostRequestHandlerExecute Request called at 16-12-2018 05:37:04 PM   :::   17:37:04.3256412

::::::::::: ReleaseRequestState Request called at 16-12-2018 05:37:04 PM   :::   17:37:04.3266408

::::::::::: PostReleaseRequestState Request called at 16-12-2018 05:37:04 PM   :::   17:37:04.3276420

::::::::::: UpdateRequestCache Request called at 16-12-2018 05:37:04 PM   :::   17:37:04.3286413

::::::::::: EndRequest Request called at 16-12-2018 05:37:04 PM   :::   17:37:04.3306454

::::::::::: PreSendRequestContent Request called at 16-12-2018 05:37:04 PM   :::   17:37:04.3316627

::::::::::: PreSendRequestHeaders Request called at 16-12-2018 05:37:04 PM   :::   17:37:04.3326408

::::::::::: BeginRequest Request called at 16-12-2018 05:37:04 PM   :::   17:37:04.6906420

::::::::::: AuthenticateRequest Request called at 16-12-2018 05:37:04 PM   :::   17:37:04.6916411

::::::::::: PostAuthenticateRequest Request called at 16-12-2018 05:37:04 PM   :::   17:37:04.6926393

::::::::::: AuthorizeRequest Request called at 16-12-2018 05:37:04 PM   :::   17:37:04.6946396

::::::::::: PostAuthorizeRequest Request called at 16-12-2018 05:37:04 PM   :::   17:37:04.6956399

::::::::::: End Request called at 16-12-2018 05:37:04 PM   :::   17:37:04.6966416

::::::::::: PostResolveRequestCache Request called at 16-12-2018 05:37:04 PM   :::   17:37:04.6986418

::::::::::: AcquireRequestState Request called at 16-12-2018 05:37:04 PM   :::   17:37:04.6996435

::::::::::: PostAcquireRequestState Request called at 16-12-2018 05:37:04 PM   :::   17:37:04.7006418

::::::::::: PreRequestHandlerExecute Request called at 16-12-2018 05:37:04 PM   :::   17:37:04.7016417

::::::::::: PostRequestHandlerExecute Request called at 16-12-2018 05:37:20 PM   :::   17:37:20.4947762

::::::::::: ReleaseRequestState Request called at 16-12-2018 05:37:20 PM   :::   17:37:20.4957774

::::::::::: PostReleaseRequestState Request called at 16-12-2018 05:37:20 PM   :::   17:37:20.4967753

::::::::::: UpdateRequestCache Request called at 16-12-2018 05:37:20 PM   :::   17:37:20.4987739

::::::::::: EndRequest Request called at 16-12-2018 05:37:20 PM   :::   17:37:20.4997774

::::::::::: PostRequestHandlerExecute Request called at 16-12-2018 05:37:40 PM   :::   17:37:40.8965111

::::::::::: ReleaseRequestState Request called at 16-12-2018 05:37:40 PM   :::   17:37:40.8985111

::::::::::: PostReleaseRequestState Request called at 16-12-2018 05:37:40 PM   :::   17:37:40.9035154

::::::::::: UpdateRequestCache Request called at 16-12-2018 05:37:40 PM   :::   17:37:40.9055125

::::::::::: EndRequest Request called at 16-12-2018 05:37:40 PM   :::   17:37:40.9075176

::::::::::: BeginRequest Request called at 16-12-2018 05:37:54 PM   :::   17:37:54.9095747

::::::::::: AuthenticateRequest Request called at 16-12-2018 05:37:54 PM   :::   17:37:54.9115750

::::::::::: PostAuthenticateRequest Request called at 16-12-2018 05:37:54 PM   :::   17:37:54.9135759

::::::::::: AuthorizeRequest Request called at 16-12-2018 05:37:54 PM   :::   17:37:54.9185854

::::::::::: PostAuthorizeRequest Request called at 16-12-2018 05:37:54 PM   :::   17:37:54.9195723

::::::::::: End Request called at 16-12-2018 05:37:54 PM   :::   17:37:54.9215716

::::::::::: PostResolveRequestCache Request called at 16-12-2018 05:37:54 PM   :::   17:37:54.9225740

::::::::::: AcquireRequestState Request called at 16-12-2018 05:37:54 PM   :::   17:37:54.9245735

::::::::::: PostAcquireRequestState Request called at 16-12-2018 05:37:54 PM   :::   17:37:54.9265757

::::::::::: PreRequestHandlerExecute Request called at 16-12-2018 05:37:54 PM   :::   17:37:54.9275746

::::::::::: PostRequestHandlerExecute Request called at 16-12-2018 05:37:54 PM   :::   17:37:54.9295758

::::::::::: ReleaseRequestState Request called at 16-12-2018 05:37:54 PM   :::   17:37:54.9315743

::::::::::: PostReleaseRequestState Request called at 16-12-2018 05:37:54 PM   :::   17:37:54.9346013

::::::::::: UpdateRequestCache Request called at 16-12-2018 05:37:54 PM   :::   17:37:54.9375764

::::::::::: EndRequest Request called at 16-12-2018 05:37:54 PM   :::   17:37:54.9385766

::::::::::: PreSendRequestContent Request called at 16-12-2018 05:37:54 PM   :::   17:37:54.9395757

::::::::::: PreSendRequestHeaders Request called at 16-12-2018 05:37:54 PM   :::   17:37:54.9405747

::::::::::: BeginRequest Request called at 16-12-2018 05:37:55 PM   :::   17:37:55.1026192

::::::::::: AuthenticateRequest Request called at 16-12-2018 05:37:55 PM   :::   17:37:55.1055741

::::::::::: PostAuthenticateRequest Request called at 16-12-2018 05:37:55 PM   :::   17:37:55.1065791

::::::::::: AuthorizeRequest Request called at 16-12-2018 05:37:55 PM   :::   17:37:55.1085849

::::::::::: PostAuthorizeRequest Request called at 16-12-2018 05:37:55 PM   :::   17:37:55.1105740

::::::::::: End Request called at 16-12-2018 05:37:55 PM   :::   17:37:55.1115789

::::::::::: PostResolveRequestCache Request called at 16-12-2018 05:37:55 PM   :::   17:37:55.1135911

::::::::::: AcquireRequestState Request called at 16-12-2018 05:37:55 PM   :::   17:37:55.1145762

::::::::::: PostAcquireRequestState Request called at 16-12-2018 05:37:55 PM   :::   17:37:55.1185729

::::::::::: PreRequestHandlerExecute Request called at 16-12-2018 05:37:55 PM   :::   17:37:55.1195776

::::::::::: BeginRequest Request called at 16-12-2018 05:38:01 PM   :::   17:38:01.2881072

::::::::::: AuthenticateRequest Request called at 16-12-2018 05:38:01 PM   :::   17:38:01.7461060

::::::::::: PostAuthenticateRequest Request called at 16-12-2018 05:38:01 PM   :::   17:38:01.7491063

::::::::::: AuthorizeRequest Request called at 16-12-2018 05:38:01 PM   :::   17:38:01.7501071

::::::::::: PostAuthorizeRequest Request called at 16-12-2018 05:38:01 PM   :::   17:38:01.7521063

::::::::::: End Request called at 16-12-2018 05:38:01 PM   :::   17:38:01.7531052

::::::::::: PostResolveRequestCache Request called at 16-12-2018 05:38:01 PM   :::   17:38:01.7541097

::::::::::: AcquireRequestState Request called at 16-12-2018 05:38:01 PM   :::   17:38:01.7561090

::::::::::: PostAcquireRequestState Request called at 16-12-2018 05:38:01 PM   :::   17:38:01.7571073

::::::::::: PreRequestHandlerExecute Request called at 16-12-2018 05:38:01 PM   :::   17:38:01.7581078

::::::::::: PostRequestHandlerExecute Request called at 16-12-2018 05:38:01 PM   :::   17:38:01.7601285

::::::::::: ReleaseRequestState Request called at 16-12-2018 05:38:01 PM   :::   17:38:01.7621232

::::::::::: PostReleaseRequestState Request called at 16-12-2018 05:38:01 PM   :::   17:38:01.7641068

::::::::::: UpdateRequestCache Request called at 16-12-2018 05:38:01 PM   :::   17:38:01.7661054

::::::::::: EndRequest Request called at 16-12-2018 05:38:01 PM   :::   17:38:01.7671065

::::::::::: PreSendRequestContent Request called at 16-12-2018 05:38:01 PM   :::   17:38:01.7691064

::::::::::: PreSendRequestHeaders Request called at 16-12-2018 05:38:01 PM   :::   17:38:01.7711078

::::::::::: BeginRequest Request called at 16-12-2018 05:38:02 PM   :::   17:38:02.5381225

::::::::::: AuthenticateRequest Request called at 16-12-2018 05:38:02 PM   :::   17:38:02.5411146

::::::::::: PostAuthenticateRequest Request called at 16-12-2018 05:38:02 PM   :::   17:38:02.5431095

::::::::::: AuthorizeRequest Request called at 16-12-2018 05:38:02 PM   :::   17:38:02.5451083

::::::::::: PostAuthorizeRequest Request called at 16-12-2018 05:38:02 PM   :::   17:38:02.5461212

::::::::::: End Request called at 16-12-2018 05:38:02 PM   :::   17:38:02.5511179

::::::::::: PostResolveRequestCache Request called at 16-12-2018 05:38:02 PM   :::   17:38:02.5531169

::::::::::: AcquireRequestState Request called at 16-12-2018 05:38:02 PM   :::   17:38:02.5551232

::::::::::: PostAcquireRequestState Request called at 16-12-2018 05:38:02 PM   :::   17:38:02.5571272

::::::::::: PreRequestHandlerExecute Request called at 16-12-2018 05:38:02 PM   :::   17:38:02.5581264

::::::::::: BeginRequest Request called at 16-12-2018 05:38:26 PM   :::   17:38:26.6651680

::::::::::: AuthenticateRequest Request called at 16-12-2018 05:38:26 PM   :::   17:38:26.6671728

::::::::::: PostAuthenticateRequest Request called at 16-12-2018 05:38:26 PM   :::   17:38:26.6681673

::::::::::: AuthorizeRequest Request called at 16-12-2018 05:38:26 PM   :::   17:38:26.6691664

::::::::::: PostAuthorizeRequest Request called at 16-12-2018 05:38:26 PM   :::   17:38:26.6701656

::::::::::: End Request called at 16-12-2018 05:38:26 PM   :::   17:38:26.6721681

::::::::::: PostResolveRequestCache Request called at 16-12-2018 05:38:26 PM   :::   17:38:26.6731688

::::::::::: AcquireRequestState Request called at 16-12-2018 05:38:26 PM   :::   17:38:26.6741674

::::::::::: PostAcquireRequestState Request called at 16-12-2018 05:38:26 PM   :::   17:38:26.6761703

::::::::::: PreRequestHandlerExecute Request called at 16-12-2018 05:38:26 PM   :::   17:38:26.6771685

::::::::::: PostRequestHandlerExecute Request called at 16-12-2018 05:38:26 PM   :::   17:38:26.6791690

::::::::::: ReleaseRequestState Request called at 16-12-2018 05:38:26 PM   :::   17:38:26.6801687

::::::::::: PostReleaseRequestState Request called at 16-12-2018 05:38:26 PM   :::   17:38:26.6811673

::::::::::: UpdateRequestCache Request called at 16-12-2018 05:38:26 PM   :::   17:38:26.6821674

::::::::::: EndRequest Request called at 16-12-2018 05:38:26 PM   :::   17:38:26.6831661

::::::::::: PreSendRequestContent Request called at 16-12-2018 05:38:26 PM   :::   17:38:26.6841661

::::::::::: PreSendRequestHeaders Request called at 16-12-2018 05:38:26 PM   :::   17:38:26.6861686

::::::::::: PostRequestHandlerExecute Request called at 16-12-2018 05:38:26 PM   :::   17:38:26.9401671

::::::::::: ReleaseRequestState Request called at 16-12-2018 05:38:26 PM   :::   17:38:26.9451698

::::::::::: PostReleaseRequestState Request called at 16-12-2018 05:38:26 PM   :::   17:38:26.9491718

::::::::::: UpdateRequestCache Request called at 16-12-2018 05:38:26 PM   :::   17:38:26.9511668

::::::::::: EndRequest Request called at 16-12-2018 05:38:26 PM   :::   17:38:26.9521742

::::::::::: BeginRequest Request called at 16-12-2018 05:38:26 PM   :::   17:38:26.9911684

::::::::::: AuthenticateRequest Request called at 16-12-2018 05:38:26 PM   :::   17:38:26.9921677

::::::::::: PostAuthenticateRequest Request called at 16-12-2018 05:38:26 PM   :::   17:38:26.9951692

::::::::::: AuthorizeRequest Request called at 16-12-2018 05:38:26 PM   :::   17:38:26.9961718

::::::::::: PostAuthorizeRequest Request called at 16-12-2018 05:38:26 PM   :::   17:38:26.9971680

::::::::::: End Request called at 16-12-2018 05:38:26 PM   :::   17:38:26.9991872

::::::::::: PostResolveRequestCache Request called at 16-12-2018 05:38:27 PM   :::   17:38:27.0001728

::::::::::: AcquireRequestState Request called at 16-12-2018 05:38:27 PM   :::   17:38:27.0011725

::::::::::: PostAcquireRequestState Request called at 16-12-2018 05:38:27 PM   :::   17:38:27.0031730

::::::::::: PreRequestHandlerExecute Request called at 16-12-2018 05:38:27 PM   :::   17:38:27.0041717

::::::::::: PostRequestHandlerExecute Request called at 16-12-2018 05:38:36 PM   :::   17:38:36.6526975

::::::::::: ReleaseRequestState Request called at 16-12-2018 05:38:36 PM   :::   17:38:36.6536981

::::::::::: PostReleaseRequestState Request called at 16-12-2018 05:38:36 PM   :::   17:38:36.6546987

::::::::::: UpdateRequestCache Request called at 16-12-2018 05:38:36 PM   :::   17:38:36.6556955

::::::::::: EndRequest Request called at 16-12-2018 05:38:36 PM   :::   17:38:36.6567110

::::::::::: PostRequestHandlerExecute Request called at 16-12-2018 05:38:57 PM   :::   17:38:57.1326970

::::::::::: ReleaseRequestState Request called at 16-12-2018 05:38:57 PM   :::   17:38:57.1426988

::::::::::: PostReleaseRequestState Request called at 16-12-2018 05:38:57 PM   :::   17:38:57.1466985

::::::::::: UpdateRequestCache Request called at 16-12-2018 05:38:57 PM   :::   17:38:57.1486996

::::::::::: EndRequest Request called at 16-12-2018 05:38:57 PM   :::   17:38:57.1677094

::::::::::: BeginRequest Request called at 16-12-2018 05:39:04 PM   :::   17:39:04.4442358

::::::::::: AuthenticateRequest Request called at 16-12-2018 05:39:04 PM   :::   17:39:04.4462377

::::::::::: PostAuthenticateRequest Request called at 16-12-2018 05:39:04 PM   :::   17:39:04.4492334

::::::::::: AuthorizeRequest Request called at 16-12-2018 05:39:04 PM   :::   17:39:04.4502331

::::::::::: PostAuthorizeRequest Request called at 16-12-2018 05:39:04 PM   :::   17:39:04.4522395

::::::::::: End Request called at 16-12-2018 05:39:04 PM   :::   17:39:04.4532351

::::::::::: PostResolveRequestCache Request called at 16-12-2018 05:39:04 PM   :::   17:39:04.4572371

::::::::::: AcquireRequestState Request called at 16-12-2018 05:39:04 PM   :::   17:39:04.4592354

::::::::::: PostAcquireRequestState Request called at 16-12-2018 05:39:04 PM   :::   17:39:04.4602460

::::::::::: PreRequestHandlerExecute Request called at 16-12-2018 05:39:04 PM   :::   17:39:04.4622331

::::::::::: PostRequestHandlerExecute Request called at 16-12-2018 05:39:04 PM   :::   17:39:04.4632345

::::::::::: ReleaseRequestState Request called at 16-12-2018 05:39:04 PM   :::   17:39:04.4652335

::::::::::: PostReleaseRequestState Request called at 16-12-2018 05:39:04 PM   :::   17:39:04.4662451

::::::::::: UpdateRequestCache Request called at 16-12-2018 05:39:04 PM   :::   17:39:04.4682368

::::::::::: EndRequest Request called at 16-12-2018 05:39:04 PM   :::   17:39:04.4692328

::::::::::: PreSendRequestContent Request called at 16-12-2018 05:39:04 PM   :::   17:39:04.4752331

::::::::::: PreSendRequestHeaders Request called at 16-12-2018 05:39:04 PM   :::   17:39:04.4772330

::::::::::: BeginRequest Request called at 16-12-2018 05:39:04 PM   :::   17:39:04.8292366

::::::::::: AuthenticateRequest Request called at 16-12-2018 05:39:04 PM   :::   17:39:04.8302360

::::::::::: PostAuthenticateRequest Request called at 16-12-2018 05:39:04 PM   :::   17:39:04.8322349

::::::::::: AuthorizeRequest Request called at 16-12-2018 05:39:04 PM   :::   17:39:04.8332398

::::::::::: PostAuthorizeRequest Request called at 16-12-2018 05:39:04 PM   :::   17:39:04.8352326

::::::::::: End Request called at 16-12-2018 05:39:04 PM   :::   17:39:04.8362339

::::::::::: PostResolveRequestCache Request called at 16-12-2018 05:39:04 PM   :::   17:39:04.8392353

::::::::::: AcquireRequestState Request called at 16-12-2018 05:39:04 PM   :::   17:39:04.8412332

::::::::::: PostAcquireRequestState Request called at 16-12-2018 05:39:04 PM   :::   17:39:04.8422407

::::::::::: PreRequestHandlerExecute Request called at 16-12-2018 05:39:04 PM   :::   17:39:04.8432349

::::::::::: PreSendRequestContent Request called at 16-12-2018 05:39:31 PM   :::   17:39:31.9614677

::::::::::: PreSendRequestHeaders Request called at 16-12-2018 05:39:31 PM   :::   17:39:31.9624652

::::::::::: PostRequestHandlerExecute Request called at 16-12-2018 05:39:32 PM   :::   17:39:32.2894728

::::::::::: ReleaseRequestState Request called at 16-12-2018 05:39:32 PM   :::   17:39:32.2924672

::::::::::: PostReleaseRequestState Request called at 16-12-2018 05:39:32 PM   :::   17:39:32.2984659

::::::::::: UpdateRequestCache Request called at 16-12-2018 05:39:32 PM   :::   17:39:32.3034695

::::::::::: EndRequest Request called at 16-12-2018 05:39:32 PM   :::   17:39:32.3044687

::::::::::: PreSendRequestContent Request called at 16-12-2018 05:39:32 PM   :::   17:39:32.3054672

::::::::::: BeginRequest Request called at 16-12-2018 05:41:42 PM   :::   17:41:42.1286254

::::::::::: AuthenticateRequest Request called at 16-12-2018 05:41:42 PM   :::   17:41:42.1306269

::::::::::: PostAuthenticateRequest Request called at 16-12-2018 05:41:42 PM   :::   17:41:42.1326241

::::::::::: AuthorizeRequest Request called at 16-12-2018 05:41:42 PM   :::   17:41:42.1336266

::::::::::: PostAuthorizeRequest Request called at 16-12-2018 05:41:42 PM   :::   17:41:42.1356261

::::::::::: End Request called at 16-12-2018 05:41:42 PM   :::   17:41:42.1376249

::::::::::: PostResolveRequestCache Request called at 16-12-2018 05:41:42 PM   :::   17:41:42.1396289

::::::::::: AcquireRequestState Request called at 16-12-2018 05:41:42 PM   :::   17:41:42.1416247

::::::::::: PostAcquireRequestState Request called at 16-12-2018 05:41:42 PM   :::   17:41:42.1426252

::::::::::: PreRequestHandlerExecute Request called at 16-12-2018 05:41:42 PM   :::   17:41:42.1456250

::::::::::: PostRequestHandlerExecute Request called at 16-12-2018 05:41:42 PM   :::   17:41:42.1476283

::::::::::: ReleaseRequestState Request called at 16-12-2018 05:41:42 PM   :::   17:41:42.1486243

::::::::::: PostReleaseRequestState Request called at 16-12-2018 05:41:42 PM   :::   17:41:42.1506299

::::::::::: UpdateRequestCache Request called at 16-12-2018 05:41:42 PM   :::   17:41:42.1516271

::::::::::: EndRequest Request called at 16-12-2018 05:41:42 PM   :::   17:41:42.1536274

::::::::::: PreSendRequestContent Request called at 16-12-2018 05:41:42 PM   :::   17:41:42.1556272

::::::::::: PreSendRequestHeaders Request called at 16-12-2018 05:41:42 PM   :::   17:41:42.1576282

::::::::::: BeginRequest Request called at 16-12-2018 05:41:42 PM   :::   17:41:42.3546297

::::::::::: AuthenticateRequest Request called at 16-12-2018 05:41:42 PM   :::   17:41:42.3566235

::::::::::: PostAuthenticateRequest Request called at 16-12-2018 05:41:42 PM   :::   17:41:42.3586285

::::::::::: AuthorizeRequest Request called at 16-12-2018 05:41:42 PM   :::   17:41:42.3596298

::::::::::: PostAuthorizeRequest Request called at 16-12-2018 05:41:42 PM   :::   17:41:42.3626244

::::::::::: End Request called at 16-12-2018 05:41:42 PM   :::   17:41:42.3646259

::::::::::: PostResolveRequestCache Request called at 16-12-2018 05:41:42 PM   :::   17:41:42.3656280

::::::::::: AcquireRequestState Request called at 16-12-2018 05:41:42 PM   :::   17:41:42.3676241

::::::::::: PostAcquireRequestState Request called at 16-12-2018 05:41:42 PM   :::   17:41:42.3686245

::::::::::: PreRequestHandlerExecute Request called at 16-12-2018 05:41:42 PM   :::   17:41:42.3706289

::::::::::: PostRequestHandlerExecute Request called at 16-12-2018 05:42:41 PM   :::   17:42:41.1316244

::::::::::: ReleaseRequestState Request called at 16-12-2018 05:42:41 PM   :::   17:42:41.1426270

::::::::::: PostReleaseRequestState Request called at 16-12-2018 05:42:41 PM   :::   17:42:41.1446244

::::::::::: UpdateRequestCache Request called at 16-12-2018 05:42:41 PM   :::   17:42:41.1456259

::::::::::: EndRequest Request called at 16-12-2018 05:42:41 PM   :::   17:42:41.1476250

::::::::::: BeginRequest Request called at 16-12-2018 05:42:55 PM   :::   17:42:55.6576298

::::::::::: AuthenticateRequest Request called at 16-12-2018 05:42:55 PM   :::   17:42:55.6586269

::::::::::: PostAuthenticateRequest Request called at 16-12-2018 05:42:55 PM   :::   17:42:55.6606231

::::::::::: AuthorizeRequest Request called at 16-12-2018 05:42:55 PM   :::   17:42:55.6616267

::::::::::: PostAuthorizeRequest Request called at 16-12-2018 05:42:55 PM   :::   17:42:55.6626252

::::::::::: End Request called at 16-12-2018 05:42:55 PM   :::   17:42:55.6646247

::::::::::: PostResolveRequestCache Request called at 16-12-2018 05:42:55 PM   :::   17:42:55.6726252

::::::::::: AcquireRequestState Request called at 16-12-2018 05:42:55 PM   :::   17:42:55.6736276

::::::::::: PostAcquireRequestState Request called at 16-12-2018 05:42:55 PM   :::   17:42:55.6756270

::::::::::: PreRequestHandlerExecute Request called at 16-12-2018 05:42:55 PM   :::   17:42:55.6766226

::::::::::: PostRequestHandlerExecute Request called at 16-12-2018 05:42:55 PM   :::   17:42:55.6786262

::::::::::: ReleaseRequestState Request called at 16-12-2018 05:42:55 PM   :::   17:42:55.6796280

::::::::::: PostReleaseRequestState Request called at 16-12-2018 05:42:55 PM   :::   17:42:55.6816236

::::::::::: UpdateRequestCache Request called at 16-12-2018 05:42:55 PM   :::   17:42:55.6856394

::::::::::: EndRequest Request called at 16-12-2018 05:42:55 PM   :::   17:42:55.6876239

::::::::::: PreSendRequestContent Request called at 16-12-2018 05:42:55 PM   :::   17:42:55.6896255

::::::::::: PreSendRequestHeaders Request called at 16-12-2018 05:42:55 PM   :::   17:42:55.6916244

::::::::::: BeginRequest Request called at 16-12-2018 05:42:55 PM   :::   17:42:55.9806269

::::::::::: AuthenticateRequest Request called at 16-12-2018 05:42:55 PM   :::   17:42:55.9826279

::::::::::: PostAuthenticateRequest Request called at 16-12-2018 05:42:55 PM   :::   17:42:55.9846322

::::::::::: AuthorizeRequest Request called at 16-12-2018 05:42:55 PM   :::   17:42:55.9856229

::::::::::: PostAuthorizeRequest Request called at 16-12-2018 05:42:55 PM   :::   17:42:55.9876277

::::::::::: End Request called at 16-12-2018 05:42:55 PM   :::   17:42:55.9896301

::::::::::: PostResolveRequestCache Request called at 16-12-2018 05:42:55 PM   :::   17:42:55.9906288

::::::::::: AcquireRequestState Request called at 16-12-2018 05:42:55 PM   :::   17:42:55.9926254

::::::::::: PostAcquireRequestState Request called at 16-12-2018 05:42:55 PM   :::   17:42:55.9936281

::::::::::: PreRequestHandlerExecute Request called at 16-12-2018 05:42:55 PM   :::   17:42:55.9946270

::::::::::: BeginRequest Request called at 16-12-2018 05:44:14 PM   :::   17:44:14.2190586

::::::::::: AuthenticateRequest Request called at 16-12-2018 05:44:14 PM   :::   17:44:14.2210585

::::::::::: PostAuthenticateRequest Request called at 16-12-2018 05:44:14 PM   :::   17:44:14.2230604

::::::::::: AuthorizeRequest Request called at 16-12-2018 05:44:14 PM   :::   17:44:14.2240608

::::::::::: PostAuthorizeRequest Request called at 16-12-2018 05:44:14 PM   :::   17:44:14.2250603

::::::::::: End Request called at 16-12-2018 05:44:14 PM   :::   17:44:14.2270606

::::::::::: PostResolveRequestCache Request called at 16-12-2018 05:44:14 PM   :::   17:44:14.2290587

::::::::::: AcquireRequestState Request called at 16-12-2018 05:44:14 PM   :::   17:44:14.2300584

::::::::::: PostAcquireRequestState Request called at 16-12-2018 05:44:14 PM   :::   17:44:14.2320588

::::::::::: PreRequestHandlerExecute Request called at 16-12-2018 05:44:14 PM   :::   17:44:14.2340592

::::::::::: PostRequestHandlerExecute Request called at 16-12-2018 05:44:14 PM   :::   17:44:14.2360591

::::::::::: ReleaseRequestState Request called at 16-12-2018 05:44:14 PM   :::   17:44:14.2390603

::::::::::: PostReleaseRequestState Request called at 16-12-2018 05:44:14 PM   :::   17:44:14.2410584

::::::::::: UpdateRequestCache Request called at 16-12-2018 05:44:14 PM   :::   17:44:14.2420615

::::::::::: EndRequest Request called at 16-12-2018 05:44:14 PM   :::   17:44:14.2440627

::::::::::: PreSendRequestContent Request called at 16-12-2018 05:44:14 PM   :::   17:44:14.2450584

::::::::::: PreSendRequestHeaders Request called at 16-12-2018 05:44:14 PM   :::   17:44:14.2460603

::::::::::: BeginRequest Request called at 16-12-2018 05:44:14 PM   :::   17:44:14.6750618

::::::::::: AuthenticateRequest Request called at 16-12-2018 05:44:14 PM   :::   17:44:14.6760637

::::::::::: PostAuthenticateRequest Request called at 16-12-2018 05:44:14 PM   :::   17:44:14.6780639

::::::::::: AuthorizeRequest Request called at 16-12-2018 05:44:14 PM   :::   17:44:14.6790615

::::::::::: PostAuthorizeRequest Request called at 16-12-2018 05:44:14 PM   :::   17:44:14.6810684

::::::::::: End Request called at 16-12-2018 05:44:14 PM   :::   17:44:14.6820651

::::::::::: PostResolveRequestCache Request called at 16-12-2018 05:44:14 PM   :::   17:44:14.6840633

::::::::::: AcquireRequestState Request called at 16-12-2018 05:44:14 PM   :::   17:44:14.6850643

::::::::::: PostAcquireRequestState Request called at 16-12-2018 05:44:14 PM   :::   17:44:14.6870703

::::::::::: PreRequestHandlerExecute Request called at 16-12-2018 05:44:14 PM   :::   17:44:14.6890582

::::::::::: PostRequestHandlerExecute Request called at 16-12-2018 05:44:41 PM   :::   17:44:41.7580771

::::::::::: ReleaseRequestState Request called at 16-12-2018 05:44:41 PM   :::   17:44:41.7600622

::::::::::: PostReleaseRequestState Request called at 16-12-2018 05:44:41 PM   :::   17:44:41.7630585

::::::::::: UpdateRequestCache Request called at 16-12-2018 05:44:41 PM   :::   17:44:41.7650601

::::::::::: EndRequest Request called at 16-12-2018 05:44:41 PM   :::   17:44:41.7760599

::::::::::: PostRequestHandlerExecute Request called at 16-12-2018 05:44:45 PM   :::   17:44:45.5800591

::::::::::: ReleaseRequestState Request called at 16-12-2018 05:44:45 PM   :::   17:44:45.5860803

::::::::::: PostReleaseRequestState Request called at 16-12-2018 05:44:45 PM   :::   17:44:45.5870640

::::::::::: UpdateRequestCache Request called at 16-12-2018 05:44:45 PM   :::   17:44:45.5880602

::::::::::: EndRequest Request called at 16-12-2018 05:44:45 PM   :::   17:44:45.5900595

::::::::::: BeginRequest Request called at 16-12-2018 05:44:49 PM   :::   17:44:49.1070620

::::::::::: AuthenticateRequest Request called at 16-12-2018 05:44:49 PM   :::   17:44:49.1090613

::::::::::: PostAuthenticateRequest Request called at 16-12-2018 05:44:49 PM   :::   17:44:49.1110591

::::::::::: AuthorizeRequest Request called at 16-12-2018 05:44:49 PM   :::   17:44:49.1120601

::::::::::: PostAuthorizeRequest Request called at 16-12-2018 05:44:49 PM   :::   17:44:49.1130594

::::::::::: End Request called at 16-12-2018 05:44:49 PM   :::   17:44:49.1210586

::::::::::: PostResolveRequestCache Request called at 16-12-2018 05:44:49 PM   :::   17:44:49.1230588

::::::::::: AcquireRequestState Request called at 16-12-2018 05:44:49 PM   :::   17:44:49.1240612

::::::::::: PostAcquireRequestState Request called at 16-12-2018 05:44:49 PM   :::   17:44:49.1260606

::::::::::: PreRequestHandlerExecute Request called at 16-12-2018 05:44:49 PM   :::   17:44:49.1280598

::::::::::: PostRequestHandlerExecute Request called at 16-12-2018 05:44:49 PM   :::   17:44:49.1290608

::::::::::: ReleaseRequestState Request called at 16-12-2018 05:44:49 PM   :::   17:44:49.1310633

::::::::::: PostReleaseRequestState Request called at 16-12-2018 05:44:49 PM   :::   17:44:49.1360766

::::::::::: UpdateRequestCache Request called at 16-12-2018 05:44:49 PM   :::   17:44:49.1380598

::::::::::: EndRequest Request called at 16-12-2018 05:44:49 PM   :::   17:44:49.1390658

::::::::::: PreSendRequestContent Request called at 16-12-2018 05:44:49 PM   :::   17:44:49.1400591

::::::::::: PreSendRequestHeaders Request called at 16-12-2018 05:44:49 PM   :::   17:44:49.1410606

::::::::::: BeginRequest Request called at 16-12-2018 05:44:49 PM   :::   17:44:49.3780622

::::::::::: AuthenticateRequest Request called at 16-12-2018 05:44:49 PM   :::   17:44:49.3790612

::::::::::: PostAuthenticateRequest Request called at 16-12-2018 05:44:49 PM   :::   17:44:49.3810634

::::::::::: AuthorizeRequest Request called at 16-12-2018 05:44:49 PM   :::   17:44:49.3840600

::::::::::: PostAuthorizeRequest Request called at 16-12-2018 05:44:49 PM   :::   17:44:49.3850598

::::::::::: End Request called at 16-12-2018 05:44:49 PM   :::   17:44:49.3870618

::::::::::: PostResolveRequestCache Request called at 16-12-2018 05:44:49 PM   :::   17:44:49.3890617

::::::::::: AcquireRequestState Request called at 16-12-2018 05:44:49 PM   :::   17:44:49.3900587

::::::::::: PostAcquireRequestState Request called at 16-12-2018 05:44:49 PM   :::   17:44:49.3920600

::::::::::: PreRequestHandlerExecute Request called at 16-12-2018 05:44:49 PM   :::   17:44:49.3930607

::::::::::: BeginRequest Request called at 16-12-2018 05:45:01 PM   :::   17:45:01.9601504

::::::::::: AuthenticateRequest Request called at 16-12-2018 05:45:01 PM   :::   17:45:01.9621510

::::::::::: PostAuthenticateRequest Request called at 16-12-2018 05:45:01 PM   :::   17:45:01.9671500

::::::::::: AuthorizeRequest Request called at 16-12-2018 05:45:01 PM   :::   17:45:01.9681567

::::::::::: PostAuthorizeRequest Request called at 16-12-2018 05:45:01 PM   :::   17:45:01.9691491

::::::::::: End Request called at 16-12-2018 05:45:01 PM   :::   17:45:01.9711498

::::::::::: PostResolveRequestCache Request called at 16-12-2018 05:45:01 PM   :::   17:45:01.9731518

::::::::::: AcquireRequestState Request called at 16-12-2018 05:45:01 PM   :::   17:45:01.9741539

::::::::::: PostAcquireRequestState Request called at 16-12-2018 05:45:01 PM   :::   17:45:01.9761600

::::::::::: PreRequestHandlerExecute Request called at 16-12-2018 05:45:01 PM   :::   17:45:01.9771489

::::::::::: PostRequestHandlerExecute Request called at 16-12-2018 05:45:01 PM   :::   17:45:01.9821482

::::::::::: ReleaseRequestState Request called at 16-12-2018 05:45:01 PM   :::   17:45:01.9841692

::::::::::: PostReleaseRequestState Request called at 16-12-2018 05:45:01 PM   :::   17:45:01.9871504

::::::::::: UpdateRequestCache Request called at 16-12-2018 05:45:01 PM   :::   17:45:01.9891511

::::::::::: EndRequest Request called at 16-12-2018 05:45:01 PM   :::   17:45:01.9901777

::::::::::: PreSendRequestContent Request called at 16-12-2018 05:45:01 PM   :::   17:45:01.9921508

::::::::::: PreSendRequestHeaders Request called at 16-12-2018 05:45:01 PM   :::   17:45:01.9941487

::::::::::: BeginRequest Request called at 16-12-2018 05:45:02 PM   :::   17:45:02.5096832

::::::::::: AuthenticateRequest Request called at 16-12-2018 05:45:02 PM   :::   17:45:02.5116823

::::::::::: PostAuthenticateRequest Request called at 16-12-2018 05:45:02 PM   :::   17:45:02.5146837

::::::::::: AuthorizeRequest Request called at 16-12-2018 05:45:02 PM   :::   17:45:02.5156819

::::::::::: PostAuthorizeRequest Request called at 16-12-2018 05:45:02 PM   :::   17:45:02.5176976

::::::::::: End Request called at 16-12-2018 05:45:02 PM   :::   17:45:02.5196808

::::::::::: PostResolveRequestCache Request called at 16-12-2018 05:45:02 PM   :::   17:45:02.5216845

::::::::::: AcquireRequestState Request called at 16-12-2018 05:45:02 PM   :::   17:45:02.5226870

::::::::::: PostAcquireRequestState Request called at 16-12-2018 05:45:02 PM   :::   17:45:02.5246821

::::::::::: PreRequestHandlerExecute Request called at 16-12-2018 05:45:02 PM   :::   17:45:02.5256846

::::::::::: PostRequestHandlerExecute Request called at 16-12-2018 05:45:06 PM   :::   17:45:06.9312196

::::::::::: ReleaseRequestState Request called at 16-12-2018 05:45:06 PM   :::   17:45:06.9322194

::::::::::: PostRequestHandlerExecute Request called at 16-12-2018 05:45:06 PM   :::   17:45:06.9332423

::::::::::: PostReleaseRequestState Request called at 16-12-2018 05:45:06 PM   :::   17:45:06.9342189

::::::::::: ReleaseRequestState Request called at 16-12-2018 05:45:06 PM   :::   17:45:06.9352196

::::::::::: UpdateRequestCache Request called at 16-12-2018 05:45:06 PM   :::   17:45:06.9352196

::::::::::: PostReleaseRequestState Request called at 16-12-2018 05:45:06 PM   :::   17:45:06.9362182

::::::::::: EndRequest Request called at 16-12-2018 05:45:06 PM   :::   17:45:06.9372202

::::::::::: UpdateRequestCache Request called at 16-12-2018 05:45:06 PM   :::   17:45:06.9382194

::::::::::: EndRequest Request called at 16-12-2018 05:45:06 PM   :::   17:45:06.9392203

::::::::::: BeginRequest Request called at 16-12-2018 05:45:34 PM   :::   17:45:34.1968054

::::::::::: AuthenticateRequest Request called at 16-12-2018 05:45:34 PM   :::   17:45:34.1988058

::::::::::: PostAuthenticateRequest Request called at 16-12-2018 05:45:34 PM   :::   17:45:34.1998051

::::::::::: AuthorizeRequest Request called at 16-12-2018 05:45:34 PM   :::   17:45:34.2018028

::::::::::: PostAuthorizeRequest Request called at 16-12-2018 05:45:34 PM   :::   17:45:34.2028035

::::::::::: End Request called at 16-12-2018 05:45:34 PM   :::   17:45:34.2038069

::::::::::: PostResolveRequestCache Request called at 16-12-2018 05:45:34 PM   :::   17:45:34.2058013

::::::::::: AcquireRequestState Request called at 16-12-2018 05:45:34 PM   :::   17:45:34.2098050

::::::::::: PostAcquireRequestState Request called at 16-12-2018 05:45:34 PM   :::   17:45:34.2118045

::::::::::: PreRequestHandlerExecute Request called at 16-12-2018 05:45:34 PM   :::   17:45:34.2148040

::::::::::: PostRequestHandlerExecute Request called at 16-12-2018 05:45:34 PM   :::   17:45:34.2218039

::::::::::: ReleaseRequestState Request called at 16-12-2018 05:45:34 PM   :::   17:45:34.2238017

::::::::::: PostReleaseRequestState Request called at 16-12-2018 05:45:34 PM   :::   17:45:34.2258029

::::::::::: UpdateRequestCache Request called at 16-12-2018 05:45:34 PM   :::   17:45:34.2378051

::::::::::: EndRequest Request called at 16-12-2018 05:45:34 PM   :::   17:45:34.2398000

::::::::::: PreSendRequestContent Request called at 16-12-2018 05:45:34 PM   :::   17:45:34.2438025

::::::::::: PreSendRequestHeaders Request called at 16-12-2018 05:45:34 PM   :::   17:45:34.2458026

::::::::::: BeginRequest Request called at 16-12-2018 05:45:34 PM   :::   17:45:34.6008024

::::::::::: AuthenticateRequest Request called at 16-12-2018 05:45:34 PM   :::   17:45:34.6018006

::::::::::: PostAuthenticateRequest Request called at 16-12-2018 05:45:34 PM   :::   17:45:34.6028026

::::::::::: AuthorizeRequest Request called at 16-12-2018 05:45:34 PM   :::   17:45:34.6038022

::::::::::: PostAuthorizeRequest Request called at 16-12-2018 05:45:34 PM   :::   17:45:34.6058028

::::::::::: End Request called at 16-12-2018 05:45:34 PM   :::   17:45:34.6068006

::::::::::: PostResolveRequestCache Request called at 16-12-2018 05:45:34 PM   :::   17:45:34.6088006

::::::::::: AcquireRequestState Request called at 16-12-2018 05:45:34 PM   :::   17:45:34.6108026

::::::::::: PostAcquireRequestState Request called at 16-12-2018 05:45:34 PM   :::   17:45:34.6108026

::::::::::: PreRequestHandlerExecute Request called at 16-12-2018 05:45:34 PM   :::   17:45:34.6128029

::::::::::: BeginRequest Request called at 16-12-2018 05:45:48 PM   :::   17:45:48.2213824

::::::::::: AuthenticateRequest Request called at 16-12-2018 05:45:48 PM   :::   17:45:48.2233825

::::::::::: PostAuthenticateRequest Request called at 16-12-2018 05:45:48 PM   :::   17:45:48.2243832

::::::::::: AuthorizeRequest Request called at 16-12-2018 05:45:48 PM   :::   17:45:48.2253848

::::::::::: PostAuthorizeRequest Request called at 16-12-2018 05:45:48 PM   :::   17:45:48.2273826

::::::::::: End Request called at 16-12-2018 05:45:48 PM   :::   17:45:48.2283823

::::::::::: PostResolveRequestCache Request called at 16-12-2018 05:45:48 PM   :::   17:45:48.2303864

::::::::::: AcquireRequestState Request called at 16-12-2018 05:45:48 PM   :::   17:45:48.2313844

::::::::::: PostAcquireRequestState Request called at 16-12-2018 05:45:48 PM   :::   17:45:48.2333817

::::::::::: PreRequestHandlerExecute Request called at 16-12-2018 05:45:48 PM   :::   17:45:48.2343816

::::::::::: PostRequestHandlerExecute Request called at 16-12-2018 05:45:48 PM   :::   17:45:48.2363881

::::::::::: ReleaseRequestState Request called at 16-12-2018 05:45:48 PM   :::   17:45:48.2383832

::::::::::: PostReleaseRequestState Request called at 16-12-2018 05:45:48 PM   :::   17:45:48.2393837

::::::::::: UpdateRequestCache Request called at 16-12-2018 05:45:48 PM   :::   17:45:48.2403823

::::::::::: EndRequest Request called at 16-12-2018 05:45:48 PM   :::   17:45:48.2423841

::::::::::: PreSendRequestContent Request called at 16-12-2018 05:45:48 PM   :::   17:45:48.2433829

::::::::::: PreSendRequestHeaders Request called at 16-12-2018 05:45:48 PM   :::   17:45:48.2453825

::::::::::: BeginRequest Request called at 16-12-2018 05:45:52 PM   :::   17:45:52.1563888

::::::::::: AuthenticateRequest Request called at 16-12-2018 05:45:52 PM   :::   17:45:52.1573877

::::::::::: PostAuthenticateRequest Request called at 16-12-2018 05:45:52 PM   :::   17:45:52.1593889

::::::::::: AuthorizeRequest Request called at 16-12-2018 05:45:52 PM   :::   17:45:52.1603877

::::::::::: PostAuthorizeRequest Request called at 16-12-2018 05:45:52 PM   :::   17:45:52.1623918

::::::::::: End Request called at 16-12-2018 05:45:52 PM   :::   17:45:52.1633833

::::::::::: PostResolveRequestCache Request called at 16-12-2018 05:45:52 PM   :::   17:45:52.1653854

::::::::::: AcquireRequestState Request called at 16-12-2018 05:45:52 PM   :::   17:45:52.1673837

::::::::::: PostAcquireRequestState Request called at 16-12-2018 05:45:52 PM   :::   17:45:52.1683886

::::::::::: PreRequestHandlerExecute Request called at 16-12-2018 05:45:52 PM   :::   17:45:52.1693811

::::::::::: PostRequestHandlerExecute Request called at 16-12-2018 05:46:05 PM   :::   17:46:05.4454745

::::::::::: ReleaseRequestState Request called at 16-12-2018 05:46:05 PM   :::   17:46:05.4474724

::::::::::: PostReleaseRequestState Request called at 16-12-2018 05:46:05 PM   :::   17:46:05.4484694

::::::::::: UpdateRequestCache Request called at 16-12-2018 05:46:05 PM   :::   17:46:05.4504717

::::::::::: EndRequest Request called at 16-12-2018 05:46:05 PM   :::   17:46:05.4514702

::::::::::: BeginRequest Request called at 16-12-2018 05:46:18 PM   :::   17:46:18.7265657

::::::::::: AuthenticateRequest Request called at 16-12-2018 05:46:18 PM   :::   17:46:18.7275661

::::::::::: PostAuthenticateRequest Request called at 16-12-2018 05:46:18 PM   :::   17:46:18.7295660

::::::::::: AuthorizeRequest Request called at 16-12-2018 05:46:18 PM   :::   17:46:18.7305644

::::::::::: PostAuthorizeRequest Request called at 16-12-2018 05:46:18 PM   :::   17:46:18.7325637

::::::::::: End Request called at 16-12-2018 05:46:18 PM   :::   17:46:18.7365626

::::::::::: PostResolveRequestCache Request called at 16-12-2018 05:46:18 PM   :::   17:46:18.7375670

::::::::::: AcquireRequestState Request called at 16-12-2018 05:46:18 PM   :::   17:46:18.7395663

::::::::::: PostAcquireRequestState Request called at 16-12-2018 05:46:18 PM   :::   17:46:18.7405660

::::::::::: PreRequestHandlerExecute Request called at 16-12-2018 05:46:18 PM   :::   17:46:18.7415658

::::::::::: PostRequestHandlerExecute Request called at 16-12-2018 05:46:18 PM   :::   17:46:18.7435655

::::::::::: ReleaseRequestState Request called at 16-12-2018 05:46:18 PM   :::   17:46:18.7445703

::::::::::: PostReleaseRequestState Request called at 16-12-2018 05:46:18 PM   :::   17:46:18.7465658

::::::::::: UpdateRequestCache Request called at 16-12-2018 05:46:18 PM   :::   17:46:18.7475668

::::::::::: EndRequest Request called at 16-12-2018 05:46:18 PM   :::   17:46:18.7485642

::::::::::: PreSendRequestContent Request called at 16-12-2018 05:46:18 PM   :::   17:46:18.7505681

::::::::::: PreSendRequestHeaders Request called at 16-12-2018 05:46:18 PM   :::   17:46:18.7515667

::::::::::: BeginRequest Request called at 16-12-2018 05:46:19 PM   :::   17:46:19.0961034

::::::::::: AuthenticateRequest Request called at 16-12-2018 05:46:19 PM   :::   17:46:19.0981065

::::::::::: PostAuthenticateRequest Request called at 16-12-2018 05:46:19 PM   :::   17:46:19.1001070

::::::::::: AuthorizeRequest Request called at 16-12-2018 05:46:19 PM   :::   17:46:19.1011062

::::::::::: PostAuthorizeRequest Request called at 16-12-2018 05:46:19 PM   :::   17:46:19.1031077

::::::::::: End Request called at 16-12-2018 05:46:19 PM   :::   17:46:19.1041046

::::::::::: PostResolveRequestCache Request called at 16-12-2018 05:46:19 PM   :::   17:46:19.1051031

::::::::::: AcquireRequestState Request called at 16-12-2018 05:46:19 PM   :::   17:46:19.1071058

::::::::::: PostAcquireRequestState Request called at 16-12-2018 05:46:19 PM   :::   17:46:19.1081025

::::::::::: PreRequestHandlerExecute Request called at 16-12-2018 05:46:19 PM   :::   17:46:19.1101008

::::::::::: PostRequestHandlerExecute Request called at 16-12-2018 05:46:27 PM   :::   17:46:27.7721014

::::::::::: ReleaseRequestState Request called at 16-12-2018 05:46:27 PM   :::   17:46:27.7741015

::::::::::: PostReleaseRequestState Request called at 16-12-2018 05:46:27 PM   :::   17:46:27.7761014

::::::::::: UpdateRequestCache Request called at 16-12-2018 05:46:27 PM   :::   17:46:27.7771042

::::::::::: EndRequest Request called at 16-12-2018 05:46:27 PM   :::   17:46:27.7801048

::::::::::: PostRequestHandlerExecute Request called at 16-12-2018 05:46:36 PM   :::   17:46:36.9275271

::::::::::: ReleaseRequestState Request called at 16-12-2018 05:46:36 PM   :::   17:46:36.9295261

::::::::::: PostReleaseRequestState Request called at 16-12-2018 05:46:36 PM   :::   17:46:36.9315283

::::::::::: UpdateRequestCache Request called at 16-12-2018 05:46:36 PM   :::   17:46:36.9325286

::::::::::: EndRequest Request called at 16-12-2018 05:46:36 PM   :::   17:46:36.9365277

::::::::::: PreSendRequestContent Request called at 16-12-2018 05:46:36 PM   :::   17:46:36.9375277

::::::::::: PreSendRequestHeaders Request called at 16-12-2018 05:46:36 PM   :::   17:46:36.9385280

::::::::::: BeginRequest Request called at 16-12-2018 06:03:34 PM   :::   18:03:34.7459016

::::::::::: BeginRequest Request called at 16-12-2018 06:03:34 PM   :::   18:03:34.7679014

::::::::::: AuthenticateRequest Request called at 16-12-2018 06:03:34 PM   :::   18:03:34.7679014

::::::::::: AuthenticateRequest Request called at 16-12-2018 06:03:34 PM   :::   18:03:34.7699012

::::::::::: PostAuthenticateRequest Request called at 16-12-2018 06:03:34 PM   :::   18:03:34.7738962

::::::::::: AuthorizeRequest Request called at 16-12-2018 06:03:34 PM   :::   18:03:34.7758988

::::::::::: PostAuthorizeRequest Request called at 16-12-2018 06:03:34 PM   :::   18:03:34.7779006

::::::::::: End Request called at 16-12-2018 06:03:34 PM   :::   18:03:34.7798978

::::::::::: PostAuthenticateRequest Request called at 16-12-2018 06:03:34 PM   :::   18:03:34.7958991

::::::::::: AuthorizeRequest Request called at 16-12-2018 06:03:34 PM   :::   18:03:34.7978997

::::::::::: PostAuthorizeRequest Request called at 16-12-2018 06:03:34 PM   :::   18:03:34.7998986

::::::::::: End Request called at 16-12-2018 06:03:34 PM   :::   18:03:34.8019036

::::::::::: PostResolveRequestCache Request called at 16-12-2018 06:03:34 PM   :::   18:03:34.8088995

::::::::::: AcquireRequestState Request called at 16-12-2018 06:03:34 PM   :::   18:03:34.8249024

::::::::::: PostAcquireRequestState Request called at 16-12-2018 06:03:34 PM   :::   18:03:34.8279115

::::::::::: PreRequestHandlerExecute Request called at 16-12-2018 06:03:34 PM   :::   18:03:34.8288997

::::::::::: PostResolveRequestCache Request called at 16-12-2018 06:03:34 PM   :::   18:03:34.8468988

::::::::::: AcquireRequestState Request called at 16-12-2018 06:03:34 PM   :::   18:03:34.8499002

::::::::::: PostAcquireRequestState Request called at 16-12-2018 06:03:34 PM   :::   18:03:34.8518979

::::::::::: PreRequestHandlerExecute Request called at 16-12-2018 06:03:34 PM   :::   18:03:34.8528986

::::::::::: PostRequestHandlerExecute Request called at 16-12-2018 06:03:35 PM   :::   18:03:35.1329013

::::::::::: ReleaseRequestState Request called at 16-12-2018 06:03:35 PM   :::   18:03:35.1359017

::::::::::: PostReleaseRequestState Request called at 16-12-2018 06:03:35 PM   :::   18:03:35.1378990

::::::::::: UpdateRequestCache Request called at 16-12-2018 06:03:35 PM   :::   18:03:35.1389034

::::::::::: EndRequest Request called at 16-12-2018 06:03:35 PM   :::   18:03:35.1419009

::::::::::: PreSendRequestContent Request called at 16-12-2018 06:03:35 PM   :::   18:03:35.1548990

::::::::::: PreSendRequestHeaders Request called at 16-12-2018 06:03:35 PM   :::   18:03:35.1568997

::::::::::: PostRequestHandlerExecute Request called at 16-12-2018 06:03:36 PM   :::   18:03:36.8578989

::::::::::: ReleaseRequestState Request called at 16-12-2018 06:03:36 PM   :::   18:03:36.8598981

::::::::::: PostReleaseRequestState Request called at 16-12-2018 06:03:36 PM   :::   18:03:36.8639013

::::::::::: UpdateRequestCache Request called at 16-12-2018 06:03:36 PM   :::   18:03:36.8689037

::::::::::: EndRequest Request called at 16-12-2018 06:03:36 PM   :::   18:03:36.8709111

::::::::::: PreSendRequestContent Request called at 16-12-2018 06:03:36 PM   :::   18:03:36.8729014

::::::::::: PreSendRequestHeaders Request called at 16-12-2018 06:03:36 PM   :::   18:03:36.8749006

::::::::::: BeginRequest Request called at 16-12-2018 06:03:40 PM   :::   18:03:40.6659061

::::::::::: AuthenticateRequest Request called at 16-12-2018 06:03:40 PM   :::   18:03:40.6679008

::::::::::: PostAuthenticateRequest Request called at 16-12-2018 06:03:40 PM   :::   18:03:40.6698989

::::::::::: AuthorizeRequest Request called at 16-12-2018 06:03:40 PM   :::   18:03:40.6709024

::::::::::: PostAuthorizeRequest Request called at 16-12-2018 06:03:40 PM   :::   18:03:40.6729023

::::::::::: End Request called at 16-12-2018 06:03:40 PM   :::   18:03:40.6739032

::::::::::: PostResolveRequestCache Request called at 16-12-2018 06:03:40 PM   :::   18:03:40.6759021

::::::::::: AcquireRequestState Request called at 16-12-2018 06:03:40 PM   :::   18:03:40.6769026

::::::::::: PostAcquireRequestState Request called at 16-12-2018 06:03:40 PM   :::   18:03:40.6789044

::::::::::: PreRequestHandlerExecute Request called at 16-12-2018 06:03:40 PM   :::   18:03:40.6919241

::::::::::: BeginRequest Request called at 16-12-2018 06:03:44 PM   :::   18:03:44.7829019

::::::::::: AuthenticateRequest Request called at 16-12-2018 06:03:44 PM   :::   18:03:44.7848995

::::::::::: PostAuthenticateRequest Request called at 16-12-2018 06:03:44 PM   :::   18:03:44.7869038

::::::::::: AuthorizeRequest Request called at 16-12-2018 06:03:44 PM   :::   18:03:44.7879027

::::::::::: PostAuthorizeRequest Request called at 16-12-2018 06:03:44 PM   :::   18:03:44.7899028

::::::::::: End Request called at 16-12-2018 06:03:44 PM   :::   18:03:44.7909023

::::::::::: PostResolveRequestCache Request called at 16-12-2018 06:03:44 PM   :::   18:03:44.7929025

::::::::::: AcquireRequestState Request called at 16-12-2018 06:03:44 PM   :::   18:03:44.7949017

::::::::::: PostAcquireRequestState Request called at 16-12-2018 06:03:44 PM   :::   18:03:44.7969010

::::::::::: PreRequestHandlerExecute Request called at 16-12-2018 06:03:44 PM   :::   18:03:44.7989001

::::::::::: Error Request called at 16-12-2018 06:03:44 PM   :::   18:03:44.8099017

::::::::::: EndRequest Request called at 16-12-2018 06:04:01 PM   :::   18:04:01.3399002

::::::::::: PreSendRequestContent Request called at 16-12-2018 06:04:01 PM   :::   18:04:01.3418982

::::::::::: PreSendRequestHeaders Request called at 16-12-2018 06:04:01 PM   :::   18:04:01.3429010

::::::::::: PostRequestHandlerExecute Request called at 16-12-2018 06:04:58 PM   :::   18:04:58.7268985

::::::::::: ReleaseRequestState Request called at 16-12-2018 06:04:58 PM   :::   18:04:58.7288982

::::::::::: PostReleaseRequestState Request called at 16-12-2018 06:04:58 PM   :::   18:04:58.7298999

::::::::::: UpdateRequestCache Request called at 16-12-2018 06:04:58 PM   :::   18:04:58.7318986

::::::::::: EndRequest Request called at 16-12-2018 06:04:58 PM   :::   18:04:58.7329028

::::::::::: BeginRequest Request called at 16-12-2018 06:11:51 PM   :::   18:11:51.1695976

::::::::::: AuthenticateRequest Request called at 16-12-2018 06:11:51 PM   :::   18:11:51.1736021

::::::::::: PostAuthenticateRequest Request called at 16-12-2018 06:11:51 PM   :::   18:11:51.1765951

::::::::::: AuthorizeRequest Request called at 16-12-2018 06:11:51 PM   :::   18:11:51.1775965

::::::::::: PostAuthorizeRequest Request called at 16-12-2018 06:11:51 PM   :::   18:11:51.1795954

::::::::::: End Request called at 16-12-2018 06:11:51 PM   :::   18:11:51.1805949

::::::::::: PostResolveRequestCache Request called at 16-12-2018 06:11:51 PM   :::   18:11:51.1825963

::::::::::: AcquireRequestState Request called at 16-12-2018 06:11:51 PM   :::   18:11:51.1875955

::::::::::: PostAcquireRequestState Request called at 16-12-2018 06:11:51 PM   :::   18:11:51.1895977

::::::::::: PreRequestHandlerExecute Request called at 16-12-2018 06:11:51 PM   :::   18:11:51.1906027

::::::::::: Error Request called at 16-12-2018 06:11:51 PM   :::   18:11:51.1945969

::::::::::: EndRequest Request called at 16-12-2018 06:12:07 PM   :::   18:12:07.9068815

::::::::::: PreSendRequestContent Request called at 16-12-2018 06:12:07 PM   :::   18:12:07.9088971

::::::::::: PreSendRequestHeaders Request called at 16-12-2018 06:12:07 PM   :::   18:12:07.9099190

::::::::::: EndRequest Request called at 16-12-2018 06:12:07 PM   :::   18:12:07.9118821

::::::::::: BeginRequest Request called at 16-12-2018 06:12:33 PM   :::   18:12:33.5725909

::::::::::: AuthenticateRequest Request called at 16-12-2018 06:12:33 PM   :::   18:12:33.5755939

::::::::::: PostAuthenticateRequest Request called at 16-12-2018 06:12:33 PM   :::   18:12:33.5785922

::::::::::: AuthorizeRequest Request called at 16-12-2018 06:12:33 PM   :::   18:12:33.5875894

::::::::::: PostAuthorizeRequest Request called at 16-12-2018 06:12:33 PM   :::   18:12:33.5895891

::::::::::: End Request called at 16-12-2018 06:12:33 PM   :::   18:12:33.5925950

::::::::::: PostResolveRequestCache Request called at 16-12-2018 06:12:33 PM   :::   18:12:33.5945912

::::::::::: AcquireRequestState Request called at 16-12-2018 06:12:33 PM   :::   18:12:33.5975879

::::::::::: PostAcquireRequestState Request called at 16-12-2018 06:12:33 PM   :::   18:12:33.5995922

::::::::::: PreRequestHandlerExecute Request called at 16-12-2018 06:12:33 PM   :::   18:12:33.6005895

::::::::::: Error Request called at 16-12-2018 06:12:33 PM   :::   18:12:33.6025894

::::::::::: EndRequest Request called at 16-12-2018 06:12:50 PM   :::   18:12:50.0476178

::::::::::: PreSendRequestContent Request called at 16-12-2018 06:12:50 PM   :::   18:12:50.0486242

::::::::::: PreSendRequestHeaders Request called at 16-12-2018 06:12:50 PM   :::   18:12:50.0496229

::::::::::: BeginRequest Request called at 16-12-2018 06:13:10 PM   :::   18:13:10.8666027

::::::::::: AuthenticateRequest Request called at 16-12-2018 06:13:10 PM   :::   18:13:10.8686197

::::::::::: PostAuthenticateRequest Request called at 16-12-2018 06:13:10 PM   :::   18:13:10.8696047

::::::::::: AuthorizeRequest Request called at 16-12-2018 06:13:10 PM   :::   18:13:10.8706075

::::::::::: PostAuthorizeRequest Request called at 16-12-2018 06:13:10 PM   :::   18:13:10.8806027

::::::::::: End Request called at 16-12-2018 06:13:10 PM   :::   18:13:10.8856087

::::::::::: PostResolveRequestCache Request called at 16-12-2018 06:13:10 PM   :::   18:13:10.8866118

::::::::::: AcquireRequestState Request called at 16-12-2018 06:13:10 PM   :::   18:13:10.8886054

::::::::::: PostAcquireRequestState Request called at 16-12-2018 06:13:10 PM   :::   18:13:10.8986139

::::::::::: PreRequestHandlerExecute Request called at 16-12-2018 06:13:10 PM   :::   18:13:10.8996065

::::::::::: Error Request called at 16-12-2018 06:13:10 PM   :::   18:13:10.9086073

::::::::::: EndRequest Request called at 16-12-2018 06:13:28 PM   :::   18:13:28.0988212

::::::::::: PreSendRequestContent Request called at 16-12-2018 06:13:28 PM   :::   18:13:28.0998194

::::::::::: PreSendRequestHeaders Request called at 16-12-2018 06:13:28 PM   :::   18:13:28.1028206

::::::::::: BeginRequest Request called at 16-12-2018 06:18:28 PM   :::   18:18:28.1283464

::::::::::: AuthenticateRequest Request called at 16-12-2018 06:18:28 PM   :::   18:18:28.1373435

::::::::::: PostAuthenticateRequest Request called at 16-12-2018 06:18:28 PM   :::   18:18:28.1423428

::::::::::: AuthorizeRequest Request called at 16-12-2018 06:18:28 PM   :::   18:18:28.1453466

::::::::::: PostAuthorizeRequest Request called at 16-12-2018 06:18:28 PM   :::   18:18:28.1473459

::::::::::: End Request called at 16-12-2018 06:18:28 PM   :::   18:18:28.1493420

::::::::::: PostResolveRequestCache Request called at 16-12-2018 06:18:28 PM   :::   18:18:28.2103414

::::::::::: BeginRequest Request called at 16-12-2018 06:18:28 PM   :::   18:18:28.2133447

::::::::::: AuthenticateRequest Request called at 16-12-2018 06:18:28 PM   :::   18:18:28.2153423

::::::::::: PostAuthenticateRequest Request called at 16-12-2018 06:18:28 PM   :::   18:18:28.2163458

::::::::::: AuthorizeRequest Request called at 16-12-2018 06:18:28 PM   :::   18:18:28.2293536

::::::::::: PostAuthorizeRequest Request called at 16-12-2018 06:18:28 PM   :::   18:18:28.2303434

::::::::::: End Request called at 16-12-2018 06:18:28 PM   :::   18:18:28.2323438

::::::::::: AcquireRequestState Request called at 16-12-2018 06:18:28 PM   :::   18:18:28.2323438

::::::::::: PostAcquireRequestState Request called at 16-12-2018 06:18:28 PM   :::   18:18:28.2353427

::::::::::: PostResolveRequestCache Request called at 16-12-2018 06:18:28 PM   :::   18:18:28.2563428

::::::::::: AcquireRequestState Request called at 16-12-2018 06:18:28 PM   :::   18:18:28.2583438

::::::::::: PostAcquireRequestState Request called at 16-12-2018 06:18:28 PM   :::   18:18:28.2593477

::::::::::: PreRequestHandlerExecute Request called at 16-12-2018 06:18:28 PM   :::   18:18:28.2613457

::::::::::: PreRequestHandlerExecute Request called at 16-12-2018 06:18:28 PM   :::   18:18:28.2543450

::::::::::: PostRequestHandlerExecute Request called at 16-12-2018 06:18:28 PM   :::   18:18:28.4833384

::::::::::: ReleaseRequestState Request called at 16-12-2018 06:18:28 PM   :::   18:18:28.4863422

::::::::::: PostReleaseRequestState Request called at 16-12-2018 06:18:28 PM   :::   18:18:28.4893431

::::::::::: UpdateRequestCache Request called at 16-12-2018 06:18:28 PM   :::   18:18:28.4913404

::::::::::: EndRequest Request called at 16-12-2018 06:18:28 PM   :::   18:18:28.4943430

::::::::::: PreSendRequestContent Request called at 16-12-2018 06:18:28 PM   :::   18:18:28.5063417

::::::::::: PreSendRequestHeaders Request called at 16-12-2018 06:18:28 PM   :::   18:18:28.5073410

::::::::::: PostRequestHandlerExecute Request called at 16-12-2018 06:18:30 PM   :::   18:18:30.0303407

::::::::::: ReleaseRequestState Request called at 16-12-2018 06:18:30 PM   :::   18:18:30.0313414

::::::::::: PostReleaseRequestState Request called at 16-12-2018 06:18:30 PM   :::   18:18:30.0333444

::::::::::: UpdateRequestCache Request called at 16-12-2018 06:18:30 PM   :::   18:18:30.0353422

::::::::::: EndRequest Request called at 16-12-2018 06:18:30 PM   :::   18:18:30.0373403

::::::::::: PreSendRequestContent Request called at 16-12-2018 06:18:30 PM   :::   18:18:30.0383464

::::::::::: PreSendRequestHeaders Request called at 16-12-2018 06:18:30 PM   :::   18:18:30.0403428

::::::::::: BeginRequest Request called at 16-12-2018 06:18:33 PM   :::   18:18:33.2163432

::::::::::: AuthenticateRequest Request called at 16-12-2018 06:18:33 PM   :::   18:18:33.2173472

::::::::::: PostAuthenticateRequest Request called at 16-12-2018 06:18:33 PM   :::   18:18:33.2193495

::::::::::: AuthorizeRequest Request called at 16-12-2018 06:18:33 PM   :::   18:18:33.2223432

::::::::::: PostAuthorizeRequest Request called at 16-12-2018 06:18:33 PM   :::   18:18:33.2233492

::::::::::: End Request called at 16-12-2018 06:18:33 PM   :::   18:18:33.2253471

::::::::::: PostResolveRequestCache Request called at 16-12-2018 06:18:33 PM   :::   18:18:33.2263470

::::::::::: AcquireRequestState Request called at 16-12-2018 06:18:33 PM   :::   18:18:33.2283463

::::::::::: PostAcquireRequestState Request called at 16-12-2018 06:18:33 PM   :::   18:18:33.2303483

::::::::::: PreRequestHandlerExecute Request called at 16-12-2018 06:18:33 PM   :::   18:18:33.2313481

::::::::::: PostRequestHandlerExecute Request called at 16-12-2018 06:19:48 PM   :::   18:19:48.1920609

::::::::::: ReleaseRequestState Request called at 16-12-2018 06:19:48 PM   :::   18:19:48.1930463

::::::::::: PostReleaseRequestState Request called at 16-12-2018 06:19:48 PM   :::   18:19:48.1970431

::::::::::: UpdateRequestCache Request called at 16-12-2018 06:19:48 PM   :::   18:19:48.1980450

::::::::::: EndRequest Request called at 16-12-2018 06:19:48 PM   :::   18:19:48.1990446

::::::::::: PreSendRequestContent Request called at 16-12-2018 06:19:48 PM   :::   18:19:48.2010480

::::::::::: PreSendRequestHeaders Request called at 16-12-2018 06:19:48 PM   :::   18:19:48.2020453

