::::::::::: BeginRequest Request called at 01-01-2019 01:00:16 AM   :::   01:00:16.3805081

::::::::::: AuthenticateRequest Request called at 01-01-2019 01:00:16 AM   :::   01:00:16.3965118

::::::::::: PostAuthenticateRequest Request called at 01-01-2019 01:00:16 AM   :::   01:00:16.4025083

::::::::::: AuthorizeRequest Request called at 01-01-2019 01:00:16 AM   :::   01:00:16.4055112

::::::::::: PostAuthorizeRequest Request called at 01-01-2019 01:00:16 AM   :::   01:00:16.4825152

::::::::::: End Request called at 01-01-2019 01:00:16 AM   :::   01:00:16.4845090

::::::::::: PostResolveRequestCache Request called at 01-01-2019 01:00:16 AM   :::   01:00:16.6995056

::::::::::: AcquireRequestState Request called at 01-01-2019 01:00:16 AM   :::   01:00:16.7115074

::::::::::: PostAcquireRequestState Request called at 01-01-2019 01:00:16 AM   :::   01:00:16.7145074

::::::::::: PreRequestHandlerExecute Request called at 01-01-2019 01:00:16 AM   :::   01:00:16.7165104

::::::::::: PostRequestHandlerExecute Request called at 01-01-2019 01:00:19 AM   :::   01:00:19.9785061

::::::::::: ReleaseRequestState Request called at 01-01-2019 01:00:19 AM   :::   01:00:19.9805078

::::::::::: PostReleaseRequestState Request called at 01-01-2019 01:00:19 AM   :::   01:00:19.9835046

::::::::::: UpdateRequestCache Request called at 01-01-2019 01:00:19 AM   :::   01:00:19.9855036

::::::::::: EndRequest Request called at 01-01-2019 01:00:19 AM   :::   01:00:19.9885076

::::::::::: PreSendRequestContent Request called at 01-01-2019 01:00:20 AM   :::   01:00:20.0015060

::::::::::: PreSendRequestHeaders Request called at 01-01-2019 01:00:20 AM   :::   01:00:20.0035072

::::::::::: BeginRequest Request called at 01-01-2019 01:00:20 AM   :::   01:00:20.2405441

::::::::::: AuthenticateRequest Request called at 01-01-2019 01:00:20 AM   :::   01:00:20.2525441

::::::::::: PostAuthenticateRequest Request called at 01-01-2019 01:00:20 AM   :::   01:00:20.2755069

::::::::::: BeginRequest Request called at 01-01-2019 01:00:20 AM   :::   01:00:20.3405106

::::::::::: AuthenticateRequest Request called at 01-01-2019 01:00:20 AM   :::   01:00:20.3435093

::::::::::: PostAuthenticateRequest Request called at 01-01-2019 01:00:20 AM   :::   01:00:20.3575051

::::::::::: AuthorizeRequest Request called at 01-01-2019 01:00:20 AM   :::   01:00:20.3855215

::::::::::: PostAuthorizeRequest Request called at 01-01-2019 01:00:20 AM   :::   01:00:20.3875074

::::::::::: End Request called at 01-01-2019 01:00:20 AM   :::   01:00:20.3885031

::::::::::: PostResolveRequestCache Request called at 01-01-2019 01:00:20 AM   :::   01:00:20.3895023

::::::::::: AcquireRequestState Request called at 01-01-2019 01:00:20 AM   :::   01:00:20.3915106

::::::::::: PostAcquireRequestState Request called at 01-01-2019 01:00:20 AM   :::   01:00:20.3925038

::::::::::: PreRequestHandlerExecute Request called at 01-01-2019 01:00:20 AM   :::   01:00:20.3945083

::::::::::: BeginRequest Request called at 01-01-2019 01:00:20 AM   :::   01:00:20.4075058

::::::::::: PostRequestHandlerExecute Request called at 01-01-2019 01:00:20 AM   :::   01:00:20.4085105

::::::::::: AuthenticateRequest Request called at 01-01-2019 01:00:20 AM   :::   01:00:20.4095107

::::::::::: ReleaseRequestState Request called at 01-01-2019 01:00:20 AM   :::   01:00:20.4105085

::::::::::: PostReleaseRequestState Request called at 01-01-2019 01:00:20 AM   :::   01:00:20.4165424

::::::::::: UpdateRequestCache Request called at 01-01-2019 01:00:20 AM   :::   01:00:20.4655066

::::::::::: AuthorizeRequest Request called at 01-01-2019 01:00:20 AM   :::   01:00:20.4655066

::::::::::: PostAuthorizeRequest Request called at 01-01-2019 01:00:20 AM   :::   01:00:20.4675084

::::::::::: EndRequest Request called at 01-01-2019 01:00:20 AM   :::   01:00:20.4675084

::::::::::: End Request called at 01-01-2019 01:00:20 AM   :::   01:00:20.4695063

::::::::::: PreSendRequestContent Request called at 01-01-2019 01:00:20 AM   :::   01:00:20.4705048

::::::::::: PostResolveRequestCache Request called at 01-01-2019 01:00:20 AM   :::   01:00:20.4705048

::::::::::: PreSendRequestHeaders Request called at 01-01-2019 01:00:20 AM   :::   01:00:20.4715084

::::::::::: AcquireRequestState Request called at 01-01-2019 01:00:20 AM   :::   01:00:20.4735113

::::::::::: PostAcquireRequestState Request called at 01-01-2019 01:00:20 AM   :::   01:00:20.4745093

::::::::::: PreRequestHandlerExecute Request called at 01-01-2019 01:00:20 AM   :::   01:00:20.4765049

::::::::::: BeginRequest Request called at 01-01-2019 01:00:20 AM   :::   01:00:20.5685070

::::::::::: AuthenticateRequest Request called at 01-01-2019 01:00:20 AM   :::   01:00:20.5695070

::::::::::: PostAuthenticateRequest Request called at 01-01-2019 01:00:20 AM   :::   01:00:20.5715040

::::::::::: AuthorizeRequest Request called at 01-01-2019 01:00:20 AM   :::   01:00:20.5735073

::::::::::: AuthorizeRequest Request called at 01-01-2019 01:00:20 AM   :::   01:00:20.5885053

::::::::::: PostAuthorizeRequest Request called at 01-01-2019 01:00:20 AM   :::   01:00:20.5905046

::::::::::: End Request called at 01-01-2019 01:00:20 AM   :::   01:00:20.6035036

::::::::::: PostResolveRequestCache Request called at 01-01-2019 01:00:20 AM   :::   01:00:20.6045096

::::::::::: AcquireRequestState Request called at 01-01-2019 01:00:20 AM   :::   01:00:20.8155066

::::::::::: PostResolveRequestCache Request called at 01-01-2019 01:00:20 AM   :::   01:00:20.8335078

::::::::::: AcquireRequestState Request called at 01-01-2019 01:00:20 AM   :::   01:00:20.8355088

::::::::::: PostAcquireRequestState Request called at 01-01-2019 01:00:20 AM   :::   01:00:20.8365100

::::::::::: PreRequestHandlerExecute Request called at 01-01-2019 01:00:20 AM   :::   01:00:20.8385054

::::::::::: PostRequestHandlerExecute Request called at 01-01-2019 01:00:20 AM   :::   01:00:20.8415044

::::::::::: ReleaseRequestState Request called at 01-01-2019 01:00:20 AM   :::   01:00:20.8435050

::::::::::: PostReleaseRequestState Request called at 01-01-2019 01:00:20 AM   :::   01:00:20.8455079

::::::::::: UpdateRequestCache Request called at 01-01-2019 01:00:20 AM   :::   01:00:20.8465097

::::::::::: EndRequest Request called at 01-01-2019 01:00:20 AM   :::   01:00:20.8485076

::::::::::: PreSendRequestContent Request called at 01-01-2019 01:00:20 AM   :::   01:00:20.8495059

::::::::::: PreSendRequestHeaders Request called at 01-01-2019 01:00:20 AM   :::   01:00:20.8515069

::::::::::: BeginRequest Request called at 01-01-2019 01:00:20 AM   :::   01:00:20.8655056

::::::::::: AuthenticateRequest Request called at 01-01-2019 01:00:20 AM   :::   01:00:20.8675043

::::::::::: PostAuthenticateRequest Request called at 01-01-2019 01:00:20 AM   :::   01:00:20.8695069

::::::::::: PostAcquireRequestState Request called at 01-01-2019 01:00:20 AM   :::   01:00:20.9035082

::::::::::: PreRequestHandlerExecute Request called at 01-01-2019 01:00:20 AM   :::   01:00:20.9045110

::::::::::: AuthorizeRequest Request called at 01-01-2019 01:00:20 AM   :::   01:00:20.9075094

::::::::::: PostAuthorizeRequest Request called at 01-01-2019 01:00:20 AM   :::   01:00:20.9085083

::::::::::: End Request called at 01-01-2019 01:00:21 AM   :::   01:00:21.0535020

::::::::::: PostResolveRequestCache Request called at 01-01-2019 01:00:21 AM   :::   01:00:21.0555050

::::::::::: ReleaseRequestState Request called at 01-01-2019 01:00:21 AM   :::   01:00:21.1055031

::::::::::: PostReleaseRequestState Request called at 01-01-2019 01:00:21 AM   :::   01:00:21.1075048

::::::::::: UpdateRequestCache Request called at 01-01-2019 01:00:21 AM   :::   01:00:21.1095041

::::::::::: EndRequest Request called at 01-01-2019 01:00:21 AM   :::   01:00:21.1105096

::::::::::: PreSendRequestContent Request called at 01-01-2019 01:00:21 AM   :::   01:00:21.1135077

::::::::::: PreSendRequestHeaders Request called at 01-01-2019 01:00:21 AM   :::   01:00:21.1145057

::::::::::: PostRequestHandlerExecute Request called at 01-01-2019 01:00:21 AM   :::   01:00:21.1515042

::::::::::: ReleaseRequestState Request called at 01-01-2019 01:00:21 AM   :::   01:00:21.1535064

::::::::::: PostReleaseRequestState Request called at 01-01-2019 01:00:21 AM   :::   01:00:21.1555054

::::::::::: UpdateRequestCache Request called at 01-01-2019 01:00:21 AM   :::   01:00:21.1565024

::::::::::: EndRequest Request called at 01-01-2019 01:00:21 AM   :::   01:00:21.1585028

::::::::::: PreSendRequestContent Request called at 01-01-2019 01:00:21 AM   :::   01:00:21.1615048

::::::::::: PreSendRequestHeaders Request called at 01-01-2019 01:00:21 AM   :::   01:00:21.1645036

::::::::::: PostAcquireRequestState Request called at 01-01-2019 01:00:21 AM   :::   01:00:21.1855076

::::::::::: PreRequestHandlerExecute Request called at 01-01-2019 01:00:21 AM   :::   01:00:21.1865059

::::::::::: PostRequestHandlerExecute Request called at 01-01-2019 01:00:21 AM   :::   01:00:21.2035055

::::::::::: ReleaseRequestState Request called at 01-01-2019 01:00:21 AM   :::   01:00:21.2045084

::::::::::: PostReleaseRequestState Request called at 01-01-2019 01:00:21 AM   :::   01:00:21.2065047

::::::::::: UpdateRequestCache Request called at 01-01-2019 01:00:21 AM   :::   01:00:21.2075065

::::::::::: EndRequest Request called at 01-01-2019 01:00:21 AM   :::   01:00:21.2085058

::::::::::: PreSendRequestContent Request called at 01-01-2019 01:00:21 AM   :::   01:00:21.2105043

::::::::::: PreSendRequestHeaders Request called at 01-01-2019 01:00:21 AM   :::   01:00:21.2125029

::::::::::: BeginRequest Request called at 01-01-2019 01:00:21 AM   :::   01:00:21.2265067

::::::::::: AuthenticateRequest Request called at 01-01-2019 01:00:21 AM   :::   01:00:21.2285044

::::::::::: PostAuthenticateRequest Request called at 01-01-2019 01:00:21 AM   :::   01:00:21.2295056

::::::::::: AuthorizeRequest Request called at 01-01-2019 01:00:21 AM   :::   01:00:21.2315039

::::::::::: PostAuthorizeRequest Request called at 01-01-2019 01:00:21 AM   :::   01:00:21.2325057

::::::::::: End Request called at 01-01-2019 01:00:21 AM   :::   01:00:21.2345101

::::::::::: PostResolveRequestCache Request called at 01-01-2019 01:00:21 AM   :::   01:00:21.2355083

::::::::::: AcquireRequestState Request called at 01-01-2019 01:00:21 AM   :::   01:00:21.2365070

::::::::::: PostAcquireRequestState Request called at 01-01-2019 01:00:21 AM   :::   01:00:21.2385100

::::::::::: PreRequestHandlerExecute Request called at 01-01-2019 01:00:21 AM   :::   01:00:21.2395066

::::::::::: PostRequestHandlerExecute Request called at 01-01-2019 01:00:21 AM   :::   01:00:21.2475071

::::::::::: ReleaseRequestState Request called at 01-01-2019 01:00:21 AM   :::   01:00:21.2485113

::::::::::: PostReleaseRequestState Request called at 01-01-2019 01:00:21 AM   :::   01:00:21.2505065

::::::::::: UpdateRequestCache Request called at 01-01-2019 01:00:21 AM   :::   01:00:21.2515069

::::::::::: EndRequest Request called at 01-01-2019 01:00:21 AM   :::   01:00:21.2525058

::::::::::: PreSendRequestContent Request called at 01-01-2019 01:00:21 AM   :::   01:00:21.2545051

::::::::::: PreSendRequestHeaders Request called at 01-01-2019 01:00:21 AM   :::   01:00:21.2565046

::::::::::: BeginRequest Request called at 01-01-2019 01:00:22 AM   :::   01:00:22.4925041

::::::::::: AuthenticateRequest Request called at 01-01-2019 01:00:22 AM   :::   01:00:22.4945067

::::::::::: PostAuthenticateRequest Request called at 01-01-2019 01:00:22 AM   :::   01:00:22.4965047

::::::::::: AuthorizeRequest Request called at 01-01-2019 01:00:22 AM   :::   01:00:22.4985067

::::::::::: PostAuthorizeRequest Request called at 01-01-2019 01:00:22 AM   :::   01:00:22.5155073

::::::::::: End Request called at 01-01-2019 01:00:22 AM   :::   01:00:22.5165057

::::::::::: PostResolveRequestCache Request called at 01-01-2019 01:00:22 AM   :::   01:00:22.5535045

::::::::::: AcquireRequestState Request called at 01-01-2019 01:00:22 AM   :::   01:00:22.5555072

::::::::::: PostAcquireRequestState Request called at 01-01-2019 01:00:22 AM   :::   01:00:22.5565069

::::::::::: PreRequestHandlerExecute Request called at 01-01-2019 01:00:22 AM   :::   01:00:22.5585038

::::::::::: PostRequestHandlerExecute Request called at 01-01-2019 01:00:22 AM   :::   01:00:22.5895056

::::::::::: ReleaseRequestState Request called at 01-01-2019 01:00:22 AM   :::   01:00:22.5915068

::::::::::: PostReleaseRequestState Request called at 01-01-2019 01:00:22 AM   :::   01:00:22.5925098

::::::::::: UpdateRequestCache Request called at 01-01-2019 01:00:22 AM   :::   01:00:22.5945091

::::::::::: EndRequest Request called at 01-01-2019 01:00:22 AM   :::   01:00:22.5965076

::::::::::: PreSendRequestContent Request called at 01-01-2019 01:00:22 AM   :::   01:00:22.5985092

::::::::::: PreSendRequestHeaders Request called at 01-01-2019 01:00:22 AM   :::   01:00:22.5995065

