::::::::::: BeginRequest Request called at 8/7/2018 7:51:06 PM   :::   19:51:06.7301488

::::::::::: AuthenticateRequest Request called at 8/7/2018 7:51:06 PM   :::   19:51:06.7476615

::::::::::: PostAuthenticateRequest Request called at 8/7/2018 7:51:06 PM   :::   19:51:06.7591698

::::::::::: AuthorizeRequest Request called at 8/7/2018 7:51:06 PM   :::   19:51:06.7661748

::::::::::: PostAuthorizeRequest Request called at 8/7/2018 7:51:06 PM   :::   19:51:06.7686764

::::::::::: End Request called at 8/7/2018 7:51:06 PM   :::   19:51:06.7796842

::::::::::: PostResolveRequestCache Request called at 8/7/2018 7:51:06 PM   :::   19:51:06.9257876

::::::::::: AcquireRequestState Request called at 8/7/2018 7:51:06 PM   :::   19:51:06.9428004

::::::::::: PostAcquireRequestState Request called at 8/7/2018 7:51:06 PM   :::   19:51:06.9463023

::::::::::: PreRequestHandlerExecute Request called at 8/7/2018 7:51:06 PM   :::   19:51:06.9483037

::::::::::: PostRequestHandlerExecute Request called at 8/7/2018 7:51:09 PM   :::   19:51:09.6256237

::::::::::: ReleaseRequestState Request called at 8/7/2018 7:51:09 PM   :::   19:51:09.6296053

::::::::::: PostReleaseRequestState Request called at 8/7/2018 7:51:09 PM   :::   19:51:09.6296053

::::::::::: UpdateRequestCache Request called at 8/7/2018 7:51:09 PM   :::   19:51:09.6776090

::::::::::: EndRequest Request called at 8/7/2018 7:51:09 PM   :::   19:51:09.6776090

::::::::::: PreSendRequestContent Request called at 8/7/2018 7:51:09 PM   :::   19:51:09.6856083

::::::::::: PreSendRequestHeaders Request called at 8/7/2018 7:51:09 PM   :::   19:51:09.6896104

::::::::::: BeginRequest Request called at 8/7/2018 7:59:40 PM   :::   19:59:40.9476780

::::::::::: AuthenticateRequest Request called at 8/7/2018 7:59:40 PM   :::   19:59:40.9476780

::::::::::: PostAuthenticateRequest Request called at 8/7/2018 7:59:40 PM   :::   19:59:40.9516781

::::::::::: AuthorizeRequest Request called at 8/7/2018 7:59:40 PM   :::   19:59:40.9556786

::::::::::: PostAuthorizeRequest Request called at 8/7/2018 7:59:40 PM   :::   19:59:40.9556786

::::::::::: End Request called at 8/7/2018 7:59:40 PM   :::   19:59:40.9596783

::::::::::: PostResolveRequestCache Request called at 8/7/2018 7:59:40 PM   :::   19:59:40.9636788

::::::::::: AcquireRequestState Request called at 8/7/2018 7:59:40 PM   :::   19:59:40.9706857

::::::::::: PostAcquireRequestState Request called at 8/7/2018 7:59:40 PM   :::   19:59:40.9746882

::::::::::: PreRequestHandlerExecute Request called at 8/7/2018 7:59:40 PM   :::   19:59:40.9766892

::::::::::: PostRequestHandlerExecute Request called at 8/7/2018 7:59:41 PM   :::   19:59:41.1117239

::::::::::: ReleaseRequestState Request called at 8/7/2018 7:59:41 PM   :::   19:59:41.1117239

::::::::::: PostReleaseRequestState Request called at 8/7/2018 7:59:41 PM   :::   19:59:41.1157295

::::::::::: UpdateRequestCache Request called at 8/7/2018 7:59:41 PM   :::   19:59:41.1157295

::::::::::: EndRequest Request called at 8/7/2018 7:59:41 PM   :::   19:59:41.1197241

::::::::::: PreSendRequestContent Request called at 8/7/2018 7:59:41 PM   :::   19:59:41.1197241

::::::::::: PreSendRequestHeaders Request called at 8/7/2018 7:59:41 PM   :::   19:59:41.1197241

::::::::::: BeginRequest Request called at 8/7/2018 7:59:41 PM   :::   19:59:41.1277250

::::::::::: AuthenticateRequest Request called at 8/7/2018 7:59:41 PM   :::   19:59:41.1357252

::::::::::: PostAuthenticateRequest Request called at 8/7/2018 7:59:41 PM   :::   19:59:41.1357252

::::::::::: AuthorizeRequest Request called at 8/7/2018 7:59:41 PM   :::   19:59:41.1397253

::::::::::: PostAuthorizeRequest Request called at 8/7/2018 7:59:41 PM   :::   19:59:41.1397253

::::::::::: End Request called at 8/7/2018 7:59:41 PM   :::   19:59:41.1437257

::::::::::: PostResolveRequestCache Request called at 8/7/2018 7:59:41 PM   :::   19:59:41.1437257

::::::::::: AcquireRequestState Request called at 8/7/2018 7:59:41 PM   :::   19:59:41.1477262

::::::::::: PostAcquireRequestState Request called at 8/7/2018 7:59:41 PM   :::   19:59:41.1517267

::::::::::: PreRequestHandlerExecute Request called at 8/7/2018 7:59:41 PM   :::   19:59:41.1517267

::::::::::: PostRequestHandlerExecute Request called at 8/7/2018 7:59:49 PM   :::   19:59:49.7005677

::::::::::: ReleaseRequestState Request called at 8/7/2018 7:59:49 PM   :::   19:59:49.7020685

::::::::::: PostReleaseRequestState Request called at 8/7/2018 7:59:49 PM   :::   19:59:49.7035706

::::::::::: UpdateRequestCache Request called at 8/7/2018 7:59:49 PM   :::   19:59:49.7050719

::::::::::: EndRequest Request called at 8/7/2018 7:59:49 PM   :::   19:59:49.7070733

::::::::::: BeginRequest Request called at 8/7/2018 8:30:58 PM   :::   20:30:58.4536610

::::::::::: AuthenticateRequest Request called at 8/7/2018 8:30:58 PM   :::   20:30:58.4616623

::::::::::: PostAuthenticateRequest Request called at 8/7/2018 8:30:58 PM   :::   20:30:58.4656616

::::::::::: AuthorizeRequest Request called at 8/7/2018 8:30:58 PM   :::   20:30:58.4696613

::::::::::: PostAuthorizeRequest Request called at 8/7/2018 8:30:58 PM   :::   20:30:58.4736626

::::::::::: End Request called at 8/7/2018 8:30:58 PM   :::   20:30:58.4776619

::::::::::: PostResolveRequestCache Request called at 8/7/2018 8:30:58 PM   :::   20:30:58.5176650

::::::::::: AcquireRequestState Request called at 8/7/2018 8:30:58 PM   :::   20:30:58.5296660

::::::::::: PostAcquireRequestState Request called at 8/7/2018 8:30:58 PM   :::   20:30:58.5356719

::::::::::: PreRequestHandlerExecute Request called at 8/7/2018 8:30:58 PM   :::   20:30:58.5376733

::::::::::: PostRequestHandlerExecute Request called at 8/7/2018 8:30:59 PM   :::   20:30:59.8706715

::::::::::: ReleaseRequestState Request called at 8/7/2018 8:30:59 PM   :::   20:30:59.8731735

::::::::::: PostReleaseRequestState Request called at 8/7/2018 8:30:59 PM   :::   20:30:59.8761752

::::::::::: UpdateRequestCache Request called at 8/7/2018 8:30:59 PM   :::   20:30:59.9392212

::::::::::: EndRequest Request called at 8/7/2018 8:30:59 PM   :::   20:30:59.9452254

::::::::::: PreSendRequestContent Request called at 8/7/2018 8:30:59 PM   :::   20:30:59.9577333

::::::::::: PreSendRequestHeaders Request called at 8/7/2018 8:30:59 PM   :::   20:30:59.9597359

::::::::::: BeginRequest Request called at 8/7/2018 8:31:00 PM   :::   20:31:00.1523721

::::::::::: AuthenticateRequest Request called at 8/7/2018 8:31:00 PM   :::   20:31:00.1538738

::::::::::: PostAuthenticateRequest Request called at 8/7/2018 8:31:00 PM   :::   20:31:00.1558744

::::::::::: AuthorizeRequest Request called at 8/7/2018 8:31:00 PM   :::   20:31:00.1698847

::::::::::: PostAuthorizeRequest Request called at 8/7/2018 8:31:00 PM   :::   20:31:00.1718858

::::::::::: End Request called at 8/7/2018 8:31:00 PM   :::   20:31:00.1773899

::::::::::: PostResolveRequestCache Request called at 8/7/2018 8:31:00 PM   :::   20:31:00.1803920

::::::::::: AcquireRequestState Request called at 8/7/2018 8:31:00 PM   :::   20:31:00.1873970

::::::::::: PostAcquireRequestState Request called at 8/7/2018 8:31:00 PM   :::   20:31:00.1934016

::::::::::: PreRequestHandlerExecute Request called at 8/7/2018 8:31:00 PM   :::   20:31:00.1964030

::::::::::: PostRequestHandlerExecute Request called at 8/7/2018 8:31:00 PM   :::   20:31:00.2004058

::::::::::: ReleaseRequestState Request called at 8/7/2018 8:31:00 PM   :::   20:31:00.2024076

::::::::::: PostReleaseRequestState Request called at 8/7/2018 8:31:00 PM   :::   20:31:00.2039081

::::::::::: UpdateRequestCache Request called at 8/7/2018 8:31:00 PM   :::   20:31:00.2084119

::::::::::: EndRequest Request called at 8/7/2018 8:31:00 PM   :::   20:31:00.2099128

::::::::::: PreSendRequestContent Request called at 8/7/2018 8:31:00 PM   :::   20:31:00.2119138

::::::::::: PreSendRequestHeaders Request called at 8/7/2018 8:31:00 PM   :::   20:31:00.2134155

::::::::::: BeginRequest Request called at 8/7/2018 8:31:00 PM   :::   20:31:00.5236357

::::::::::: AuthenticateRequest Request called at 8/7/2018 8:31:00 PM   :::   20:31:00.5331427

::::::::::: PostAuthenticateRequest Request called at 8/7/2018 8:31:00 PM   :::   20:31:00.5361444

::::::::::: AuthorizeRequest Request called at 8/7/2018 8:31:00 PM   :::   20:31:00.5426488

::::::::::: PostAuthorizeRequest Request called at 8/7/2018 8:31:00 PM   :::   20:31:00.5446503

::::::::::: End Request called at 8/7/2018 8:31:00 PM   :::   20:31:00.5461515

::::::::::: PostResolveRequestCache Request called at 8/7/2018 8:31:00 PM   :::   20:31:00.5496542

::::::::::: AcquireRequestState Request called at 8/7/2018 8:31:00 PM   :::   20:31:00.5541576

::::::::::: PostAcquireRequestState Request called at 8/7/2018 8:31:00 PM   :::   20:31:00.5586602

::::::::::: PreRequestHandlerExecute Request called at 8/7/2018 8:31:00 PM   :::   20:31:00.5606620

::::::::::: PostRequestHandlerExecute Request called at 8/7/2018 8:31:00 PM   :::   20:31:00.6297110

::::::::::: ReleaseRequestState Request called at 8/7/2018 8:31:00 PM   :::   20:31:00.6317125

::::::::::: PostReleaseRequestState Request called at 8/7/2018 8:31:00 PM   :::   20:31:00.6337135

::::::::::: UpdateRequestCache Request called at 8/7/2018 8:31:00 PM   :::   20:31:00.6357149

::::::::::: EndRequest Request called at 8/7/2018 8:31:00 PM   :::   20:31:00.6412194

::::::::::: PreSendRequestContent Request called at 8/7/2018 8:31:00 PM   :::   20:31:00.6427199

::::::::::: PreSendRequestHeaders Request called at 8/7/2018 8:31:00 PM   :::   20:31:00.6587324

::::::::::: BeginRequest Request called at 8/7/2018 8:31:01 PM   :::   20:31:01.3516023

::::::::::: AuthenticateRequest Request called at 8/7/2018 8:31:01 PM   :::   20:31:01.3516023

::::::::::: PostAuthenticateRequest Request called at 8/7/2018 8:31:01 PM   :::   20:31:01.3556028

::::::::::: AuthorizeRequest Request called at 8/7/2018 8:31:01 PM   :::   20:31:01.3556028

::::::::::: PostAuthorizeRequest Request called at 8/7/2018 8:31:01 PM   :::   20:31:01.3556028

::::::::::: End Request called at 8/7/2018 8:31:01 PM   :::   20:31:01.3596025

::::::::::: PostResolveRequestCache Request called at 8/7/2018 8:31:01 PM   :::   20:31:01.3636038

::::::::::: AcquireRequestState Request called at 8/7/2018 8:31:01 PM   :::   20:31:01.3676042

::::::::::: PostAcquireRequestState Request called at 8/7/2018 8:31:01 PM   :::   20:31:01.3676042

::::::::::: PreRequestHandlerExecute Request called at 8/7/2018 8:31:01 PM   :::   20:31:01.3676042

::::::::::: PostRequestHandlerExecute Request called at 8/7/2018 8:31:01 PM   :::   20:31:01.4716292

::::::::::: ReleaseRequestState Request called at 8/7/2018 8:31:01 PM   :::   20:31:01.4716292

::::::::::: PostReleaseRequestState Request called at 8/7/2018 8:31:01 PM   :::   20:31:01.4761338

::::::::::: UpdateRequestCache Request called at 8/7/2018 8:31:01 PM   :::   20:31:01.4781356

::::::::::: EndRequest Request called at 8/7/2018 8:31:01 PM   :::   20:31:01.4796360

::::::::::: PreSendRequestContent Request called at 8/7/2018 8:31:01 PM   :::   20:31:01.4811373

::::::::::: PreSendRequestHeaders Request called at 8/7/2018 8:31:01 PM   :::   20:31:01.4826382

::::::::::: BeginRequest Request called at 8/7/2018 8:31:01 PM   :::   20:31:01.5672335

::::::::::: AuthenticateRequest Request called at 8/7/2018 8:31:01 PM   :::   20:31:01.5672335

::::::::::: PostAuthenticateRequest Request called at 8/7/2018 8:31:01 PM   :::   20:31:01.5672335

::::::::::: AuthorizeRequest Request called at 8/7/2018 8:31:01 PM   :::   20:31:01.5712328

::::::::::: PostAuthorizeRequest Request called at 8/7/2018 8:31:01 PM   :::   20:31:01.5712328

::::::::::: End Request called at 8/7/2018 8:31:01 PM   :::   20:31:01.5752329

::::::::::: PostResolveRequestCache Request called at 8/7/2018 8:31:01 PM   :::   20:31:01.5752329

::::::::::: AcquireRequestState Request called at 8/7/2018 8:31:01 PM   :::   20:31:01.5752329

::::::::::: PostAcquireRequestState Request called at 8/7/2018 8:31:01 PM   :::   20:31:01.5792338

::::::::::: PreRequestHandlerExecute Request called at 8/7/2018 8:31:01 PM   :::   20:31:01.5792338

::::::::::: PreSendRequestContent Request called at 8/7/2018 8:31:09 PM   :::   20:31:09.8165905

::::::::::: PreSendRequestHeaders Request called at 8/7/2018 8:31:09 PM   :::   20:31:09.8165905

::::::::::: PostRequestHandlerExecute Request called at 8/7/2018 8:31:09 PM   :::   20:31:09.8165905

::::::::::: ReleaseRequestState Request called at 8/7/2018 8:31:09 PM   :::   20:31:09.8165905

::::::::::: PostReleaseRequestState Request called at 8/7/2018 8:31:09 PM   :::   20:31:09.8165905

::::::::::: UpdateRequestCache Request called at 8/7/2018 8:31:09 PM   :::   20:31:09.8322170

::::::::::: EndRequest Request called at 8/7/2018 8:31:09 PM   :::   20:31:09.8322170

::::::::::: PreSendRequestContent Request called at 8/7/2018 8:31:09 PM   :::   20:31:09.8322170

::::::::::: BeginRequest Request called at 8/7/2018 9:53:53 PM   :::   21:53:53.9920839

::::::::::: AuthenticateRequest Request called at 8/7/2018 9:53:54 PM   :::   21:53:54.0000888

::::::::::: PostAuthenticateRequest Request called at 8/7/2018 9:53:54 PM   :::   21:53:54.0045926

::::::::::: AuthorizeRequest Request called at 8/7/2018 9:53:54 PM   :::   21:53:54.0065940

::::::::::: PostAuthorizeRequest Request called at 8/7/2018 9:53:54 PM   :::   21:53:54.0080945

::::::::::: End Request called at 8/7/2018 9:53:54 PM   :::   21:53:54.0100967

::::::::::: PostResolveRequestCache Request called at 8/7/2018 9:53:54 PM   :::   21:53:54.0461053

::::::::::: AcquireRequestState Request called at 8/7/2018 9:53:54 PM   :::   21:53:54.0581068

::::::::::: PostAcquireRequestState Request called at 8/7/2018 9:53:54 PM   :::   21:53:54.0581068

::::::::::: PreRequestHandlerExecute Request called at 8/7/2018 9:53:54 PM   :::   21:53:54.0621076

::::::::::: PostRequestHandlerExecute Request called at 8/7/2018 9:53:55 PM   :::   21:53:55.6446163

::::::::::: ReleaseRequestState Request called at 8/7/2018 9:53:55 PM   :::   21:53:55.6496203

::::::::::: PostReleaseRequestState Request called at 8/7/2018 9:53:55 PM   :::   21:53:55.6531229

::::::::::: UpdateRequestCache Request called at 8/7/2018 9:53:55 PM   :::   21:53:55.7371826

::::::::::: EndRequest Request called at 8/7/2018 9:53:55 PM   :::   21:53:55.7436867

::::::::::: PreSendRequestContent Request called at 8/7/2018 9:53:55 PM   :::   21:53:55.7536945

::::::::::: PreSendRequestHeaders Request called at 8/7/2018 9:53:55 PM   :::   21:53:55.7561957

::::::::::: BeginRequest Request called at 8/7/2018 10:09:33 PM   :::   22:09:33.3838146

::::::::::: AuthenticateRequest Request called at 8/7/2018 10:09:33 PM   :::   22:09:33.3948228

::::::::::: PostAuthenticateRequest Request called at 8/7/2018 10:09:33 PM   :::   22:09:33.3993258

::::::::::: AuthorizeRequest Request called at 8/7/2018 10:09:33 PM   :::   22:09:33.4018273

::::::::::: PostAuthorizeRequest Request called at 8/7/2018 10:09:33 PM   :::   22:09:33.4038292

::::::::::: End Request called at 8/7/2018 10:09:33 PM   :::   22:09:33.4058306

::::::::::: PostResolveRequestCache Request called at 8/7/2018 10:09:33 PM   :::   22:09:33.4633708

::::::::::: AcquireRequestState Request called at 8/7/2018 10:09:33 PM   :::   22:09:33.4948934

::::::::::: PostAcquireRequestState Request called at 8/7/2018 10:09:33 PM   :::   22:09:33.4973954

::::::::::: PreRequestHandlerExecute Request called at 8/7/2018 10:09:33 PM   :::   22:09:33.4993968

::::::::::: PostRequestHandlerExecute Request called at 8/7/2018 10:09:34 PM   :::   22:09:34.9809486

::::::::::: ReleaseRequestState Request called at 8/7/2018 10:09:34 PM   :::   22:09:34.9839507

::::::::::: PostReleaseRequestState Request called at 8/7/2018 10:09:34 PM   :::   22:09:34.9919572

::::::::::: UpdateRequestCache Request called at 8/7/2018 10:09:35 PM   :::   22:09:35.0675099

::::::::::: EndRequest Request called at 8/7/2018 10:09:35 PM   :::   22:09:35.0715151

::::::::::: PreSendRequestContent Request called at 8/7/2018 10:09:35 PM   :::   22:09:35.0805187

::::::::::: PreSendRequestHeaders Request called at 8/7/2018 10:09:35 PM   :::   22:09:35.0825205

::::::::::: BeginRequest Request called at 8/7/2018 10:13:01 PM   :::   22:13:01.5882189

::::::::::: AuthenticateRequest Request called at 8/7/2018 10:13:01 PM   :::   22:13:01.5972257

::::::::::: PostAuthenticateRequest Request called at 8/7/2018 10:13:01 PM   :::   22:13:01.6037305

::::::::::: AuthorizeRequest Request called at 8/7/2018 10:13:01 PM   :::   22:13:01.6062320

::::::::::: PostAuthorizeRequest Request called at 8/7/2018 10:13:01 PM   :::   22:13:01.6077337

::::::::::: End Request called at 8/7/2018 10:13:01 PM   :::   22:13:01.6097347

::::::::::: PostResolveRequestCache Request called at 8/7/2018 10:13:01 PM   :::   22:13:01.6787834

::::::::::: AcquireRequestState Request called at 8/7/2018 10:13:01 PM   :::   22:13:01.7078040

::::::::::: PostAcquireRequestState Request called at 8/7/2018 10:13:01 PM   :::   22:13:01.7108065

::::::::::: PreRequestHandlerExecute Request called at 8/7/2018 10:13:01 PM   :::   22:13:01.7128079

::::::::::: PostRequestHandlerExecute Request called at 8/7/2018 10:13:03 PM   :::   22:13:03.1733456

::::::::::: ReleaseRequestState Request called at 8/7/2018 10:13:03 PM   :::   22:13:03.1768483

::::::::::: PostReleaseRequestState Request called at 8/7/2018 10:13:03 PM   :::   22:13:03.1833527

::::::::::: UpdateRequestCache Request called at 8/7/2018 10:13:03 PM   :::   22:13:03.2554035

::::::::::: EndRequest Request called at 8/7/2018 10:13:03 PM   :::   22:13:03.2584056

::::::::::: PreSendRequestContent Request called at 8/7/2018 10:13:03 PM   :::   22:13:03.2679129

::::::::::: PreSendRequestHeaders Request called at 8/7/2018 10:13:03 PM   :::   22:13:03.2694130

::::::::::: BeginRequest Request called at 8/7/2018 10:16:51 PM   :::   22:16:51.7701958

::::::::::: AuthenticateRequest Request called at 8/7/2018 10:16:51 PM   :::   22:16:51.7792026

::::::::::: PostAuthenticateRequest Request called at 8/7/2018 10:16:51 PM   :::   22:16:51.7877088

::::::::::: AuthorizeRequest Request called at 8/7/2018 10:16:51 PM   :::   22:16:51.7977152

::::::::::: PostAuthorizeRequest Request called at 8/7/2018 10:16:51 PM   :::   22:16:51.7992160

::::::::::: End Request called at 8/7/2018 10:16:51 PM   :::   22:16:51.8022189

::::::::::: PostResolveRequestCache Request called at 8/7/2018 10:16:51 PM   :::   22:16:51.8507524

::::::::::: AcquireRequestState Request called at 8/7/2018 10:16:51 PM   :::   22:16:51.8877799

::::::::::: PostAcquireRequestState Request called at 8/7/2018 10:16:51 PM   :::   22:16:51.8907816

::::::::::: PreRequestHandlerExecute Request called at 8/7/2018 10:16:51 PM   :::   22:16:51.8922833

::::::::::: PostRequestHandlerExecute Request called at 8/7/2018 10:16:53 PM   :::   22:16:53.3353067

::::::::::: ReleaseRequestState Request called at 8/7/2018 10:16:53 PM   :::   22:16:53.3383093

::::::::::: PostReleaseRequestState Request called at 8/7/2018 10:16:53 PM   :::   22:16:53.3418123

::::::::::: UpdateRequestCache Request called at 8/7/2018 10:16:53 PM   :::   22:16:53.4188667

::::::::::: EndRequest Request called at 8/7/2018 10:16:53 PM   :::   22:16:53.4218688

::::::::::: PreSendRequestContent Request called at 8/7/2018 10:16:53 PM   :::   22:16:53.4328766

::::::::::: PreSendRequestHeaders Request called at 8/7/2018 10:16:53 PM   :::   22:16:53.4348784

::::::::::: BeginRequest Request called at 8/7/2018 10:16:54 PM   :::   22:16:54.0588213

::::::::::: AuthenticateRequest Request called at 8/7/2018 10:16:54 PM   :::   22:16:54.0608223

::::::::::: PostAuthenticateRequest Request called at 8/7/2018 10:16:54 PM   :::   22:16:54.0623236

::::::::::: AuthorizeRequest Request called at 8/7/2018 10:16:54 PM   :::   22:16:54.0638244

::::::::::: PostAuthorizeRequest Request called at 8/7/2018 10:16:54 PM   :::   22:16:54.0658258

::::::::::: End Request called at 8/7/2018 10:16:54 PM   :::   22:16:54.0668266

::::::::::: PostResolveRequestCache Request called at 8/7/2018 10:16:54 PM   :::   22:16:54.0753328

::::::::::: AcquireRequestState Request called at 8/7/2018 10:16:54 PM   :::   22:16:54.0768333

::::::::::: PostAcquireRequestState Request called at 8/7/2018 10:16:54 PM   :::   22:16:54.0788351

::::::::::: PreRequestHandlerExecute Request called at 8/7/2018 10:16:54 PM   :::   22:16:54.0803359

::::::::::: PostRequestHandlerExecute Request called at 8/7/2018 10:16:54 PM   :::   22:16:54.1939160

::::::::::: ReleaseRequestState Request called at 8/7/2018 10:16:54 PM   :::   22:16:54.1954177

::::::::::: PostReleaseRequestState Request called at 8/7/2018 10:16:54 PM   :::   22:16:54.1969189

::::::::::: UpdateRequestCache Request called at 8/7/2018 10:16:54 PM   :::   22:16:54.1984202

::::::::::: EndRequest Request called at 8/7/2018 10:16:54 PM   :::   22:16:54.2004216

::::::::::: PreSendRequestContent Request called at 8/7/2018 10:16:54 PM   :::   22:16:54.2024242

::::::::::: PreSendRequestHeaders Request called at 8/7/2018 10:16:54 PM   :::   22:16:54.2049246

::::::::::: BeginRequest Request called at 8/7/2018 10:16:54 PM   :::   22:16:54.3610355

::::::::::: AuthenticateRequest Request called at 8/7/2018 10:16:54 PM   :::   22:16:54.3630369

::::::::::: PostAuthenticateRequest Request called at 8/7/2018 10:16:54 PM   :::   22:16:54.3645385

::::::::::: AuthorizeRequest Request called at 8/7/2018 10:16:54 PM   :::   22:16:54.3660398

::::::::::: PostAuthorizeRequest Request called at 8/7/2018 10:16:54 PM   :::   22:16:54.3680404

::::::::::: End Request called at 8/7/2018 10:16:54 PM   :::   22:16:54.3695417

::::::::::: PostResolveRequestCache Request called at 8/7/2018 10:16:54 PM   :::   22:16:54.3710434

::::::::::: AcquireRequestState Request called at 8/7/2018 10:16:54 PM   :::   22:16:54.3725438

::::::::::: PostAcquireRequestState Request called at 8/7/2018 10:16:54 PM   :::   22:16:54.3750454

::::::::::: PreRequestHandlerExecute Request called at 8/7/2018 10:16:54 PM   :::   22:16:54.3765467

::::::::::: BeginRequest Request called at 8/7/2018 10:16:54 PM   :::   22:16:54.6477392

::::::::::: AuthenticateRequest Request called at 8/7/2018 10:16:54 PM   :::   22:16:54.6492401

::::::::::: PostAuthenticateRequest Request called at 8/7/2018 10:16:54 PM   :::   22:16:54.6512411

::::::::::: AuthorizeRequest Request called at 8/7/2018 10:16:54 PM   :::   22:16:54.6532425

::::::::::: PostAuthorizeRequest Request called at 8/7/2018 10:16:54 PM   :::   22:16:54.6547438

::::::::::: End Request called at 8/7/2018 10:16:54 PM   :::   22:16:54.6562447

::::::::::: PostResolveRequestCache Request called at 8/7/2018 10:16:54 PM   :::   22:16:54.6592476

::::::::::: AcquireRequestState Request called at 8/7/2018 10:16:54 PM   :::   22:16:54.6612486

::::::::::: PostAcquireRequestState Request called at 8/7/2018 10:16:54 PM   :::   22:16:54.6627499

::::::::::: PreRequestHandlerExecute Request called at 8/7/2018 10:16:54 PM   :::   22:16:54.6647509

::::::::::: PostRequestHandlerExecute Request called at 8/7/2018 10:16:54 PM   :::   22:16:54.7378028

::::::::::: ReleaseRequestState Request called at 8/7/2018 10:16:54 PM   :::   22:16:54.7393041

::::::::::: PostReleaseRequestState Request called at 8/7/2018 10:16:54 PM   :::   22:16:54.7408049

::::::::::: UpdateRequestCache Request called at 8/7/2018 10:16:54 PM   :::   22:16:54.7428063

::::::::::: EndRequest Request called at 8/7/2018 10:16:54 PM   :::   22:16:54.7463094

::::::::::: PreSendRequestContent Request called at 8/7/2018 10:16:54 PM   :::   22:16:54.7488110

::::::::::: PreSendRequestHeaders Request called at 8/7/2018 10:16:54 PM   :::   22:16:54.7533144

::::::::::: PreSendRequestContent Request called at 8/7/2018 10:17:03 PM   :::   22:17:03.1565850

::::::::::: PreSendRequestHeaders Request called at 8/7/2018 10:17:03 PM   :::   22:17:03.1605862

::::::::::: PostRequestHandlerExecute Request called at 8/7/2018 10:17:03 PM   :::   22:17:03.1725679

::::::::::: ReleaseRequestState Request called at 8/7/2018 10:17:03 PM   :::   22:17:03.1725679

::::::::::: PostReleaseRequestState Request called at 8/7/2018 10:17:03 PM   :::   22:17:03.1725679

::::::::::: UpdateRequestCache Request called at 8/7/2018 10:17:03 PM   :::   22:17:03.1765676

::::::::::: EndRequest Request called at 8/7/2018 10:17:03 PM   :::   22:17:03.1805681

::::::::::: PreSendRequestContent Request called at 8/7/2018 10:17:03 PM   :::   22:17:03.1805681

::::::::::: BeginRequest Request called at 8/7/2018 10:30:52 PM   :::   22:30:52.8114298

::::::::::: AuthenticateRequest Request called at 8/7/2018 10:30:52 PM   :::   22:30:52.8189350

::::::::::: PostAuthenticateRequest Request called at 8/7/2018 10:30:52 PM   :::   22:30:52.8249392

::::::::::: AuthorizeRequest Request called at 8/7/2018 10:30:52 PM   :::   22:30:52.8294430

::::::::::: PostAuthorizeRequest Request called at 8/7/2018 10:30:52 PM   :::   22:30:52.8309439

::::::::::: End Request called at 8/7/2018 10:30:52 PM   :::   22:30:52.8324451

::::::::::: PostResolveRequestCache Request called at 8/7/2018 10:30:52 PM   :::   22:30:52.8749759

::::::::::: AcquireRequestState Request called at 8/7/2018 10:30:52 PM   :::   22:30:52.9200067

::::::::::: PostAcquireRequestState Request called at 8/7/2018 10:30:52 PM   :::   22:30:52.9240096

::::::::::: PreRequestHandlerExecute Request called at 8/7/2018 10:30:52 PM   :::   22:30:52.9255104

::::::::::: PostRequestHandlerExecute Request called at 8/7/2018 10:30:54 PM   :::   22:30:54.3535252

::::::::::: ReleaseRequestState Request called at 8/7/2018 10:30:54 PM   :::   22:30:54.3560272

::::::::::: PostReleaseRequestState Request called at 8/7/2018 10:30:54 PM   :::   22:30:54.3595295

::::::::::: UpdateRequestCache Request called at 8/7/2018 10:30:54 PM   :::   22:30:54.4195721

::::::::::: EndRequest Request called at 8/7/2018 10:30:54 PM   :::   22:30:54.4225742

::::::::::: PreSendRequestContent Request called at 8/7/2018 10:30:54 PM   :::   22:30:54.4330815

::::::::::: PreSendRequestHeaders Request called at 8/7/2018 10:30:54 PM   :::   22:30:54.4360856

::::::::::: BeginRequest Request called at 8/7/2018 10:30:55 PM   :::   22:30:55.1270745

::::::::::: AuthenticateRequest Request called at 8/7/2018 10:30:55 PM   :::   22:30:55.1285757

::::::::::: PostAuthenticateRequest Request called at 8/7/2018 10:30:55 PM   :::   22:30:55.1305775

::::::::::: AuthorizeRequest Request called at 8/7/2018 10:30:55 PM   :::   22:30:55.1320780

::::::::::: PostAuthorizeRequest Request called at 8/7/2018 10:30:55 PM   :::   22:30:55.1340794

::::::::::: End Request called at 8/7/2018 10:30:55 PM   :::   22:30:55.1355803

::::::::::: PostResolveRequestCache Request called at 8/7/2018 10:30:55 PM   :::   22:30:55.1415850

::::::::::: AcquireRequestState Request called at 8/7/2018 10:30:55 PM   :::   22:30:55.1440861

::::::::::: PostAcquireRequestState Request called at 8/7/2018 10:30:55 PM   :::   22:30:55.1460884

::::::::::: PreRequestHandlerExecute Request called at 8/7/2018 10:30:55 PM   :::   22:30:55.1475892

::::::::::: PostRequestHandlerExecute Request called at 8/7/2018 10:30:55 PM   :::   22:30:55.2556656

::::::::::: ReleaseRequestState Request called at 8/7/2018 10:30:55 PM   :::   22:30:55.2576674

::::::::::: PostReleaseRequestState Request called at 8/7/2018 10:30:55 PM   :::   22:30:55.2601690

::::::::::: UpdateRequestCache Request called at 8/7/2018 10:30:55 PM   :::   22:30:55.2616698

::::::::::: EndRequest Request called at 8/7/2018 10:30:55 PM   :::   22:30:55.2631711

::::::::::: PreSendRequestContent Request called at 8/7/2018 10:30:55 PM   :::   22:30:55.2651725

::::::::::: PreSendRequestHeaders Request called at 8/7/2018 10:30:55 PM   :::   22:30:55.2666738

::::::::::: BeginRequest Request called at 8/7/2018 10:30:55 PM   :::   22:30:55.3142073

::::::::::: AuthenticateRequest Request called at 8/7/2018 10:30:55 PM   :::   22:30:55.3172099

::::::::::: PostAuthenticateRequest Request called at 8/7/2018 10:30:55 PM   :::   22:30:55.3187103

::::::::::: AuthorizeRequest Request called at 8/7/2018 10:30:55 PM   :::   22:30:55.3207122

::::::::::: PostAuthorizeRequest Request called at 8/7/2018 10:30:55 PM   :::   22:30:55.3222126

::::::::::: End Request called at 8/7/2018 10:30:55 PM   :::   22:30:55.3242144

::::::::::: PostResolveRequestCache Request called at 8/7/2018 10:30:55 PM   :::   22:30:55.3267156

::::::::::: AcquireRequestState Request called at 8/7/2018 10:30:55 PM   :::   22:30:55.3282169

::::::::::: PostAcquireRequestState Request called at 8/7/2018 10:30:55 PM   :::   22:30:55.3302187

::::::::::: PreRequestHandlerExecute Request called at 8/7/2018 10:30:55 PM   :::   22:30:55.3322201

::::::::::: BeginRequest Request called at 8/7/2018 10:30:55 PM   :::   22:30:55.4758223

::::::::::: AuthenticateRequest Request called at 8/7/2018 10:30:55 PM   :::   22:30:55.4773232

::::::::::: PostAuthenticateRequest Request called at 8/7/2018 10:30:55 PM   :::   22:30:55.4788240

::::::::::: AuthorizeRequest Request called at 8/7/2018 10:30:55 PM   :::   22:30:55.4803245

::::::::::: PostAuthorizeRequest Request called at 8/7/2018 10:30:55 PM   :::   22:30:55.4818266

::::::::::: End Request called at 8/7/2018 10:30:55 PM   :::   22:30:55.4833270

::::::::::: PostResolveRequestCache Request called at 8/7/2018 10:30:55 PM   :::   22:30:55.4863296

::::::::::: AcquireRequestState Request called at 8/7/2018 10:30:55 PM   :::   22:30:55.4878304

::::::::::: PostAcquireRequestState Request called at 8/7/2018 10:30:55 PM   :::   22:30:55.4893321

::::::::::: PreRequestHandlerExecute Request called at 8/7/2018 10:30:55 PM   :::   22:30:55.4933341

::::::::::: PostRequestHandlerExecute Request called at 8/7/2018 10:30:55 PM   :::   22:30:55.5643850

::::::::::: ReleaseRequestState Request called at 8/7/2018 10:30:55 PM   :::   22:30:55.5668870

::::::::::: PostReleaseRequestState Request called at 8/7/2018 10:30:55 PM   :::   22:30:55.5688884

::::::::::: UpdateRequestCache Request called at 8/7/2018 10:30:55 PM   :::   22:30:55.5713900

::::::::::: EndRequest Request called at 8/7/2018 10:30:55 PM   :::   22:30:55.5728904

::::::::::: PreSendRequestContent Request called at 8/7/2018 10:30:55 PM   :::   22:30:55.5798958

::::::::::: PreSendRequestHeaders Request called at 8/7/2018 10:30:55 PM   :::   22:30:55.5823970

::::::::::: PreSendRequestContent Request called at 8/7/2018 10:31:04 PM   :::   22:31:04.1730136

::::::::::: PreSendRequestHeaders Request called at 8/7/2018 10:31:04 PM   :::   22:31:04.1750308

::::::::::: PostRequestHandlerExecute Request called at 8/7/2018 10:31:04 PM   :::   22:31:04.1840214

::::::::::: ReleaseRequestState Request called at 8/7/2018 10:31:04 PM   :::   22:31:04.1870239

::::::::::: PostReleaseRequestState Request called at 8/7/2018 10:31:04 PM   :::   22:31:04.1910268

::::::::::: UpdateRequestCache Request called at 8/7/2018 10:31:04 PM   :::   22:31:04.1930282

::::::::::: EndRequest Request called at 8/7/2018 10:31:04 PM   :::   22:31:04.1950296

::::::::::: PreSendRequestContent Request called at 8/7/2018 10:31:04 PM   :::   22:31:04.1970318

::::::::::: BeginRequest Request called at 8/7/2018 10:34:39 PM   :::   22:34:39.5225122

::::::::::: AuthenticateRequest Request called at 8/7/2018 10:34:39 PM   :::   22:34:39.5305179

::::::::::: PostAuthenticateRequest Request called at 8/7/2018 10:34:39 PM   :::   22:34:39.5350209

::::::::::: AuthorizeRequest Request called at 8/7/2018 10:34:39 PM   :::   22:34:39.5375225

::::::::::: PostAuthorizeRequest Request called at 8/7/2018 10:34:39 PM   :::   22:34:39.5395239

::::::::::: End Request called at 8/7/2018 10:34:39 PM   :::   22:34:39.5410256

::::::::::: PostResolveRequestCache Request called at 8/7/2018 10:34:39 PM   :::   22:34:39.5885587

::::::::::: AcquireRequestState Request called at 8/7/2018 10:34:39 PM   :::   22:34:39.6060710

::::::::::: PostAcquireRequestState Request called at 8/7/2018 10:34:39 PM   :::   22:34:39.6085730

::::::::::: PreRequestHandlerExecute Request called at 8/7/2018 10:34:39 PM   :::   22:34:39.6110753

::::::::::: PostRequestHandlerExecute Request called at 8/7/2018 10:34:41 PM   :::   22:34:41.1196459

::::::::::: ReleaseRequestState Request called at 8/7/2018 10:34:41 PM   :::   22:34:41.1226480

::::::::::: PostReleaseRequestState Request called at 8/7/2018 10:34:41 PM   :::   22:34:41.1301536

::::::::::: UpdateRequestCache Request called at 8/7/2018 10:34:41 PM   :::   22:34:41.2047063

::::::::::: EndRequest Request called at 8/7/2018 10:34:41 PM   :::   22:34:41.2087099

::::::::::: PreSendRequestContent Request called at 8/7/2018 10:34:41 PM   :::   22:34:41.2197174

::::::::::: PreSendRequestHeaders Request called at 8/7/2018 10:34:41 PM   :::   22:34:41.2217188

::::::::::: BeginRequest Request called at 8/7/2018 10:34:42 PM   :::   22:34:42.3585260

::::::::::: AuthenticateRequest Request called at 8/7/2018 10:34:42 PM   :::   22:34:42.3600269

::::::::::: PostAuthenticateRequest Request called at 8/7/2018 10:34:42 PM   :::   22:34:42.3620287

::::::::::: AuthorizeRequest Request called at 8/7/2018 10:34:42 PM   :::   22:34:42.3635299

::::::::::: PostAuthorizeRequest Request called at 8/7/2018 10:34:42 PM   :::   22:34:42.3650304

::::::::::: End Request called at 8/7/2018 10:34:42 PM   :::   22:34:42.3665313

::::::::::: PostResolveRequestCache Request called at 8/7/2018 10:34:42 PM   :::   22:34:42.3695334

::::::::::: AcquireRequestState Request called at 8/7/2018 10:34:42 PM   :::   22:34:42.3715344

::::::::::: PostAcquireRequestState Request called at 8/7/2018 10:34:42 PM   :::   22:34:42.3730357

::::::::::: PreRequestHandlerExecute Request called at 8/7/2018 10:34:42 PM   :::   22:34:42.3745370

::::::::::: BeginRequest Request called at 8/7/2018 10:34:42 PM   :::   22:34:42.4225711

::::::::::: AuthenticateRequest Request called at 8/7/2018 10:34:42 PM   :::   22:34:42.4245725

::::::::::: PostAuthenticateRequest Request called at 8/7/2018 10:34:42 PM   :::   22:34:42.4260734

::::::::::: AuthorizeRequest Request called at 8/7/2018 10:34:42 PM   :::   22:34:42.4280748

::::::::::: PostAuthorizeRequest Request called at 8/7/2018 10:34:42 PM   :::   22:34:42.4295756

::::::::::: End Request called at 8/7/2018 10:34:42 PM   :::   22:34:42.4310777

::::::::::: PostResolveRequestCache Request called at 8/7/2018 10:34:42 PM   :::   22:34:42.4375825

::::::::::: AcquireRequestState Request called at 8/7/2018 10:34:42 PM   :::   22:34:42.4395835

::::::::::: PostAcquireRequestState Request called at 8/7/2018 10:34:42 PM   :::   22:34:42.4410848

::::::::::: PreRequestHandlerExecute Request called at 8/7/2018 10:34:42 PM   :::   22:34:42.4435864

::::::::::: PostRequestHandlerExecute Request called at 8/7/2018 10:34:42 PM   :::   22:34:42.4620989

::::::::::: ReleaseRequestState Request called at 8/7/2018 10:34:42 PM   :::   22:34:42.4636002

::::::::::: PostReleaseRequestState Request called at 8/7/2018 10:34:42 PM   :::   22:34:42.4661018

::::::::::: UpdateRequestCache Request called at 8/7/2018 10:34:42 PM   :::   22:34:42.4711053

::::::::::: EndRequest Request called at 8/7/2018 10:34:42 PM   :::   22:34:42.4726066

::::::::::: PreSendRequestContent Request called at 8/7/2018 10:34:42 PM   :::   22:34:42.4851153

::::::::::: PreSendRequestHeaders Request called at 8/7/2018 10:34:42 PM   :::   22:34:42.4866165

::::::::::: PostRequestHandlerExecute Request called at 8/7/2018 10:34:42 PM   :::   22:34:42.5801840

::::::::::: ReleaseRequestState Request called at 8/7/2018 10:34:42 PM   :::   22:34:42.5821846

::::::::::: PostReleaseRequestState Request called at 8/7/2018 10:34:42 PM   :::   22:34:42.5836855

::::::::::: UpdateRequestCache Request called at 8/7/2018 10:34:42 PM   :::   22:34:42.5851867

::::::::::: EndRequest Request called at 8/7/2018 10:34:42 PM   :::   22:34:42.5911906

::::::::::: PreSendRequestContent Request called at 8/7/2018 10:34:42 PM   :::   22:34:42.6006979

::::::::::: PreSendRequestHeaders Request called at 8/7/2018 10:34:42 PM   :::   22:34:42.6082031

::::::::::: BeginRequest Request called at 8/7/2018 10:34:42 PM   :::   22:34:42.7913327

::::::::::: AuthenticateRequest Request called at 8/7/2018 10:34:42 PM   :::   22:34:42.7943356

::::::::::: PostAuthenticateRequest Request called at 8/7/2018 10:34:42 PM   :::   22:34:42.7983381

::::::::::: AuthorizeRequest Request called at 8/7/2018 10:34:42 PM   :::   22:34:42.7998389

::::::::::: PostAuthorizeRequest Request called at 8/7/2018 10:34:42 PM   :::   22:34:42.8018408

::::::::::: End Request called at 8/7/2018 10:34:42 PM   :::   22:34:42.8033416

::::::::::: PostResolveRequestCache Request called at 8/7/2018 10:34:42 PM   :::   22:34:42.8058436

::::::::::: AcquireRequestState Request called at 8/7/2018 10:34:42 PM   :::   22:34:42.8073449

::::::::::: PostAcquireRequestState Request called at 8/7/2018 10:34:42 PM   :::   22:34:42.8088457

::::::::::: PreRequestHandlerExecute Request called at 8/7/2018 10:34:42 PM   :::   22:34:42.8113473

::::::::::: PreSendRequestContent Request called at 8/7/2018 10:34:51 PM   :::   22:34:51.6275458

::::::::::: PreSendRequestHeaders Request called at 8/7/2018 10:34:51 PM   :::   22:34:51.6295496

::::::::::: PostRequestHandlerExecute Request called at 8/7/2018 10:34:51 PM   :::   22:34:51.6375529

::::::::::: ReleaseRequestState Request called at 8/7/2018 10:34:51 PM   :::   22:34:51.6395559

::::::::::: PostReleaseRequestState Request called at 8/7/2018 10:34:51 PM   :::   22:34:51.6405558

::::::::::: UpdateRequestCache Request called at 8/7/2018 10:34:51 PM   :::   22:34:51.6425580

::::::::::: EndRequest Request called at 8/7/2018 10:34:51 PM   :::   22:34:51.6445595

::::::::::: PreSendRequestContent Request called at 8/7/2018 10:34:51 PM   :::   22:34:51.6455606

::::::::::: BeginRequest Request called at 8/7/2018 10:43:24 PM   :::   22:43:24.8185690

::::::::::: AuthenticateRequest Request called at 8/7/2018 10:43:24 PM   :::   22:43:24.8255728

::::::::::: PostAuthenticateRequest Request called at 8/7/2018 10:43:24 PM   :::   22:43:24.8295752

::::::::::: AuthorizeRequest Request called at 8/7/2018 10:43:24 PM   :::   22:43:24.8315771

::::::::::: PostAuthorizeRequest Request called at 8/7/2018 10:43:24 PM   :::   22:43:24.8335836

::::::::::: End Request called at 8/7/2018 10:43:24 PM   :::   22:43:24.8355803

::::::::::: PostResolveRequestCache Request called at 8/7/2018 10:43:24 PM   :::   22:43:24.9236484

::::::::::: AcquireRequestState Request called at 8/7/2018 10:43:24 PM   :::   22:43:24.9356577

::::::::::: PostAcquireRequestState Request called at 8/7/2018 10:43:24 PM   :::   22:43:24.9376587

::::::::::: PreRequestHandlerExecute Request called at 8/7/2018 10:43:24 PM   :::   22:43:24.9396597

::::::::::: PostRequestHandlerExecute Request called at 8/7/2018 10:43:28 PM   :::   22:43:28.0825142

::::::::::: ReleaseRequestState Request called at 8/7/2018 10:43:28 PM   :::   22:43:28.0875182

::::::::::: PostReleaseRequestState Request called at 8/7/2018 10:43:28 PM   :::   22:43:28.1040301

::::::::::: UpdateRequestCache Request called at 8/7/2018 10:43:28 PM   :::   22:43:28.1915921

::::::::::: EndRequest Request called at 8/7/2018 10:43:28 PM   :::   22:43:28.1945942

::::::::::: PreSendRequestContent Request called at 8/7/2018 10:43:28 PM   :::   22:43:28.2046009

::::::::::: PreSendRequestHeaders Request called at 8/7/2018 10:43:28 PM   :::   22:43:28.2066027

::::::::::: BeginRequest Request called at 8/7/2018 10:43:28 PM   :::   22:43:28.6679299

::::::::::: AuthenticateRequest Request called at 8/7/2018 10:43:28 PM   :::   22:43:28.6734344

::::::::::: PostAuthenticateRequest Request called at 8/7/2018 10:43:28 PM   :::   22:43:28.6799388

::::::::::: AuthorizeRequest Request called at 8/7/2018 10:43:28 PM   :::   22:43:28.6819398

::::::::::: PostAuthorizeRequest Request called at 8/7/2018 10:43:28 PM   :::   22:43:28.6934482

::::::::::: End Request called at 8/7/2018 10:43:28 PM   :::   22:43:28.6964511

::::::::::: PostResolveRequestCache Request called at 8/7/2018 10:43:28 PM   :::   22:43:28.6994525

::::::::::: AcquireRequestState Request called at 8/7/2018 10:43:28 PM   :::   22:43:28.7049562

::::::::::: PostAcquireRequestState Request called at 8/7/2018 10:43:28 PM   :::   22:43:28.7094596

::::::::::: PreRequestHandlerExecute Request called at 8/7/2018 10:43:28 PM   :::   22:43:28.7109605

::::::::::: PostRequestHandlerExecute Request called at 8/7/2018 10:43:28 PM   :::   22:43:28.8045271

::::::::::: ReleaseRequestState Request called at 8/7/2018 10:43:28 PM   :::   22:43:28.8080298

::::::::::: PostReleaseRequestState Request called at 8/7/2018 10:43:28 PM   :::   22:43:28.8095302

::::::::::: UpdateRequestCache Request called at 8/7/2018 10:43:28 PM   :::   22:43:28.8130333

::::::::::: EndRequest Request called at 8/7/2018 10:43:28 PM   :::   22:43:28.8185374

::::::::::: PreSendRequestContent Request called at 8/7/2018 10:43:28 PM   :::   22:43:28.8205381

::::::::::: PreSendRequestHeaders Request called at 8/7/2018 10:43:28 PM   :::   22:43:28.8235406

::::::::::: BeginRequest Request called at 8/7/2018 10:43:29 PM   :::   22:43:29.7256968

::::::::::: AuthenticateRequest Request called at 8/7/2018 10:43:29 PM   :::   22:43:29.7281991

::::::::::: PostAuthenticateRequest Request called at 8/7/2018 10:43:29 PM   :::   22:43:29.7302002

::::::::::: AuthorizeRequest Request called at 8/7/2018 10:43:29 PM   :::   22:43:29.7317002

::::::::::: PostAuthorizeRequest Request called at 8/7/2018 10:43:29 PM   :::   22:43:29.7332011

::::::::::: End Request called at 8/7/2018 10:43:29 PM   :::   22:43:29.7347028

::::::::::: PostResolveRequestCache Request called at 8/7/2018 10:43:29 PM   :::   22:43:29.7402104

::::::::::: AcquireRequestState Request called at 8/7/2018 10:43:29 PM   :::   22:43:29.7412111

::::::::::: PostAcquireRequestState Request called at 8/7/2018 10:43:29 PM   :::   22:43:29.7432125

::::::::::: PreRequestHandlerExecute Request called at 8/7/2018 10:43:29 PM   :::   22:43:29.7452140

::::::::::: PostRequestHandlerExecute Request called at 8/7/2018 10:43:29 PM   :::   22:43:29.8362826

::::::::::: ReleaseRequestState Request called at 8/7/2018 10:43:29 PM   :::   22:43:29.8377834

::::::::::: PostReleaseRequestState Request called at 8/7/2018 10:43:29 PM   :::   22:43:29.8392875

::::::::::: UpdateRequestCache Request called at 8/7/2018 10:43:29 PM   :::   22:43:29.8402886

::::::::::: EndRequest Request called at 8/7/2018 10:43:29 PM   :::   22:43:29.8432907

::::::::::: PreSendRequestContent Request called at 8/7/2018 10:43:29 PM   :::   22:43:29.8452921

::::::::::: PreSendRequestHeaders Request called at 8/7/2018 10:43:29 PM   :::   22:43:29.8472936

::::::::::: BeginRequest Request called at 8/7/2018 10:43:29 PM   :::   22:43:29.9338592

::::::::::: AuthenticateRequest Request called at 8/7/2018 10:43:29 PM   :::   22:43:29.9353592

::::::::::: PostAuthenticateRequest Request called at 8/7/2018 10:43:29 PM   :::   22:43:29.9368609

::::::::::: AuthorizeRequest Request called at 8/7/2018 10:43:29 PM   :::   22:43:29.9378628

::::::::::: PostAuthorizeRequest Request called at 8/7/2018 10:43:29 PM   :::   22:43:29.9391623

::::::::::: End Request called at 8/7/2018 10:43:29 PM   :::   22:43:29.9411638

::::::::::: PostResolveRequestCache Request called at 8/7/2018 10:43:29 PM   :::   22:43:29.9421645

::::::::::: AcquireRequestState Request called at 8/7/2018 10:43:29 PM   :::   22:43:29.9441659

::::::::::: PostAcquireRequestState Request called at 8/7/2018 10:43:29 PM   :::   22:43:29.9481695

::::::::::: PreRequestHandlerExecute Request called at 8/7/2018 10:43:29 PM   :::   22:43:29.9491694

::::::::::: PreSendRequestContent Request called at 8/7/2018 10:43:38 PM   :::   22:43:38.3447896

::::::::::: PreSendRequestHeaders Request called at 8/7/2018 10:43:38 PM   :::   22:43:38.3467898

::::::::::: PostRequestHandlerExecute Request called at 8/7/2018 10:43:38 PM   :::   22:43:38.3567977

::::::::::: ReleaseRequestState Request called at 8/7/2018 10:43:38 PM   :::   22:43:38.3587988

::::::::::: PostReleaseRequestState Request called at 8/7/2018 10:43:38 PM   :::   22:43:38.3608010

::::::::::: UpdateRequestCache Request called at 8/7/2018 10:43:38 PM   :::   22:43:38.3618005

::::::::::: EndRequest Request called at 8/7/2018 10:43:38 PM   :::   22:43:38.3638019

::::::::::: PreSendRequestContent Request called at 8/7/2018 10:43:38 PM   :::   22:43:38.3658037

::::::::::: BeginRequest Request called at 8/7/2018 11:06:23 PM   :::   23:06:23.5753770

::::::::::: AuthenticateRequest Request called at 8/7/2018 11:06:23 PM   :::   23:06:23.5823812

::::::::::: PostAuthenticateRequest Request called at 8/7/2018 11:06:23 PM   :::   23:06:23.5868846

::::::::::: AuthorizeRequest Request called at 8/7/2018 11:06:23 PM   :::   23:06:23.5888868

::::::::::: PostAuthorizeRequest Request called at 8/7/2018 11:06:23 PM   :::   23:06:23.5908878

::::::::::: End Request called at 8/7/2018 11:06:23 PM   :::   23:06:23.5923879

::::::::::: PostResolveRequestCache Request called at 8/7/2018 11:06:23 PM   :::   23:06:23.7124732

::::::::::: AcquireRequestState Request called at 8/7/2018 11:06:23 PM   :::   23:06:23.7224811

::::::::::: PostAcquireRequestState Request called at 8/7/2018 11:06:23 PM   :::   23:06:23.7249826

::::::::::: PreRequestHandlerExecute Request called at 8/7/2018 11:06:23 PM   :::   23:06:23.7269841

::::::::::: PostRequestHandlerExecute Request called at 8/7/2018 11:06:26 PM   :::   23:06:26.2442622

::::::::::: ReleaseRequestState Request called at 8/7/2018 11:06:26 PM   :::   23:06:26.2462664

::::::::::: PostReleaseRequestState Request called at 8/7/2018 11:06:26 PM   :::   23:06:26.2482678

::::::::::: UpdateRequestCache Request called at 8/7/2018 11:06:26 PM   :::   23:06:26.2943005

::::::::::: EndRequest Request called at 8/7/2018 11:06:26 PM   :::   23:06:26.2963019

::::::::::: PreSendRequestContent Request called at 8/7/2018 11:06:26 PM   :::   23:06:26.3023054

::::::::::: PreSendRequestHeaders Request called at 8/7/2018 11:06:26 PM   :::   23:06:26.3043076

::::::::::: BeginRequest Request called at 8/7/2018 11:08:01 PM   :::   23:08:01.5298050

::::::::::: AuthenticateRequest Request called at 8/7/2018 11:08:01 PM   :::   23:08:01.5328075

::::::::::: PostAuthenticateRequest Request called at 8/7/2018 11:08:01 PM   :::   23:08:01.5343096

::::::::::: AuthorizeRequest Request called at 8/7/2018 11:08:01 PM   :::   23:08:01.5363102

::::::::::: PostAuthorizeRequest Request called at 8/7/2018 11:08:01 PM   :::   23:08:01.5378107

::::::::::: End Request called at 8/7/2018 11:08:01 PM   :::   23:08:01.5388114

::::::::::: PostResolveRequestCache Request called at 8/7/2018 11:08:01 PM   :::   23:08:01.5428158

::::::::::: AcquireRequestState Request called at 8/7/2018 11:08:01 PM   :::   23:08:01.5443688

::::::::::: PostAcquireRequestState Request called at 8/7/2018 11:08:01 PM   :::   23:08:01.5463686

::::::::::: PreRequestHandlerExecute Request called at 8/7/2018 11:08:01 PM   :::   23:08:01.5473693

::::::::::: PreSendRequestContent Request called at 8/7/2018 11:08:07 PM   :::   23:08:07.8496866

::::::::::: PreSendRequestHeaders Request called at 8/7/2018 11:08:07 PM   :::   23:08:07.8512001

::::::::::: PostRequestHandlerExecute Request called at 8/7/2018 11:08:07 PM   :::   23:08:07.8692038

::::::::::: ReleaseRequestState Request called at 8/7/2018 11:08:07 PM   :::   23:08:07.8722059

::::::::::: PostReleaseRequestState Request called at 8/7/2018 11:08:07 PM   :::   23:08:07.8742077

::::::::::: UpdateRequestCache Request called at 8/7/2018 11:08:07 PM   :::   23:08:07.8762095

::::::::::: EndRequest Request called at 8/7/2018 11:08:07 PM   :::   23:08:07.8772110

::::::::::: PreSendRequestContent Request called at 8/7/2018 11:08:07 PM   :::   23:08:07.8802116

::::::::::: BeginRequest Request called at 8/7/2018 11:13:14 PM   :::   23:13:14.8390952

::::::::::: AuthenticateRequest Request called at 8/7/2018 11:13:14 PM   :::   23:13:14.8410978

::::::::::: PostAuthenticateRequest Request called at 8/7/2018 11:13:14 PM   :::   23:13:14.8420974

::::::::::: AuthorizeRequest Request called at 8/7/2018 11:13:14 PM   :::   23:13:14.8430985

::::::::::: PostAuthorizeRequest Request called at 8/7/2018 11:13:14 PM   :::   23:13:14.8450995

::::::::::: End Request called at 8/7/2018 11:13:14 PM   :::   23:13:14.8461002

::::::::::: PostResolveRequestCache Request called at 8/7/2018 11:13:14 PM   :::   23:13:14.8471005

::::::::::: AcquireRequestState Request called at 8/7/2018 11:13:14 PM   :::   23:13:14.8491019

::::::::::: PostAcquireRequestState Request called at 8/7/2018 11:13:14 PM   :::   23:13:14.8501030

::::::::::: PreRequestHandlerExecute Request called at 8/7/2018 11:13:14 PM   :::   23:13:14.8511038

::::::::::: PreSendRequestContent Request called at 8/7/2018 11:13:21 PM   :::   23:13:21.3214294

::::::::::: PreSendRequestHeaders Request called at 8/7/2018 11:13:21 PM   :::   23:13:21.3224447

::::::::::: PostRequestHandlerExecute Request called at 8/7/2018 11:13:21 PM   :::   23:13:21.3344387

::::::::::: ReleaseRequestState Request called at 8/7/2018 11:13:21 PM   :::   23:13:21.3354390

::::::::::: PostReleaseRequestState Request called at 8/7/2018 11:13:21 PM   :::   23:13:21.3374416

::::::::::: UpdateRequestCache Request called at 8/7/2018 11:13:21 PM   :::   23:13:21.3394422

::::::::::: EndRequest Request called at 8/7/2018 11:13:21 PM   :::   23:13:21.3414444

::::::::::: PreSendRequestContent Request called at 8/7/2018 11:13:21 PM   :::   23:13:21.3434455

::::::::::: BeginRequest Request called at 8/7/2018 11:37:49 PM   :::   23:37:49.6538671

::::::::::: AuthenticateRequest Request called at 8/7/2018 11:37:49 PM   :::   23:37:49.6578691

::::::::::: PostAuthenticateRequest Request called at 8/7/2018 11:37:49 PM   :::   23:37:49.6598705

::::::::::: AuthorizeRequest Request called at 8/7/2018 11:37:49 PM   :::   23:37:49.6608712

::::::::::: PostAuthorizeRequest Request called at 8/7/2018 11:37:49 PM   :::   23:37:49.6628731

::::::::::: End Request called at 8/7/2018 11:37:49 PM   :::   23:37:49.6648745

::::::::::: PostResolveRequestCache Request called at 8/7/2018 11:37:49 PM   :::   23:37:49.6668755

::::::::::: AcquireRequestState Request called at 8/7/2018 11:37:49 PM   :::   23:37:49.6688773

::::::::::: PostAcquireRequestState Request called at 8/7/2018 11:37:49 PM   :::   23:37:49.6698780

::::::::::: PreRequestHandlerExecute Request called at 8/7/2018 11:37:49 PM   :::   23:37:49.6718791

::::::::::: PreSendRequestContent Request called at 8/7/2018 11:37:52 PM   :::   23:37:52.0999811

::::::::::: PreSendRequestHeaders Request called at 8/7/2018 11:37:52 PM   :::   23:37:52.1019825

::::::::::: PostRequestHandlerExecute Request called at 8/7/2018 11:37:52 PM   :::   23:37:52.1099882

::::::::::: ReleaseRequestState Request called at 8/7/2018 11:37:52 PM   :::   23:37:52.1109905

::::::::::: PostReleaseRequestState Request called at 8/7/2018 11:37:52 PM   :::   23:37:52.1119896

::::::::::: UpdateRequestCache Request called at 8/7/2018 11:37:52 PM   :::   23:37:52.1129911

::::::::::: EndRequest Request called at 8/7/2018 11:37:52 PM   :::   23:37:52.1149909

::::::::::: PreSendRequestContent Request called at 8/7/2018 11:37:52 PM   :::   23:37:52.1169927

::::::::::: BeginRequest Request called at 8/7/2018 11:41:37 PM   :::   23:41:37.2262344

::::::::::: AuthenticateRequest Request called at 8/7/2018 11:41:37 PM   :::   23:41:37.2347410

::::::::::: PostAuthenticateRequest Request called at 8/7/2018 11:41:37 PM   :::   23:41:37.2397446

::::::::::: AuthorizeRequest Request called at 8/7/2018 11:41:37 PM   :::   23:41:37.2417460

::::::::::: PostAuthorizeRequest Request called at 8/7/2018 11:41:37 PM   :::   23:41:37.2482504

::::::::::: End Request called at 8/7/2018 11:41:37 PM   :::   23:41:37.2512526

::::::::::: PostResolveRequestCache Request called at 8/7/2018 11:41:37 PM   :::   23:41:37.2927823

::::::::::: AcquireRequestState Request called at 8/7/2018 11:41:37 PM   :::   23:41:37.3478213

::::::::::: PostAcquireRequestState Request called at 8/7/2018 11:41:37 PM   :::   23:41:37.3503229

::::::::::: PreRequestHandlerExecute Request called at 8/7/2018 11:41:37 PM   :::   23:41:37.3518242

::::::::::: PostRequestHandlerExecute Request called at 8/7/2018 11:41:38 PM   :::   23:41:38.5987620

::::::::::: ReleaseRequestState Request called at 8/7/2018 11:41:38 PM   :::   23:41:38.6007635

::::::::::: PostReleaseRequestState Request called at 8/7/2018 11:41:38 PM   :::   23:41:38.6027645

::::::::::: UpdateRequestCache Request called at 8/7/2018 11:41:38 PM   :::   23:41:38.6579011

::::::::::: EndRequest Request called at 8/7/2018 11:41:38 PM   :::   23:41:38.6609020

::::::::::: PreSendRequestContent Request called at 8/7/2018 11:41:38 PM   :::   23:41:38.6689085

::::::::::: PreSendRequestHeaders Request called at 8/7/2018 11:41:38 PM   :::   23:41:38.6699088

::::::::::: BeginRequest Request called at 8/7/2018 11:41:39 PM   :::   23:41:39.0432232

::::::::::: AuthenticateRequest Request called at 8/7/2018 11:41:39 PM   :::   23:41:39.0442235

::::::::::: PostAuthenticateRequest Request called at 8/7/2018 11:41:39 PM   :::   23:41:39.0452246

::::::::::: AuthorizeRequest Request called at 8/7/2018 11:41:39 PM   :::   23:41:39.0462253

::::::::::: PostAuthorizeRequest Request called at 8/7/2018 11:41:39 PM   :::   23:41:39.0472260

::::::::::: End Request called at 8/7/2018 11:41:39 PM   :::   23:41:39.0492267

::::::::::: PostResolveRequestCache Request called at 8/7/2018 11:41:39 PM   :::   23:41:39.0512285

::::::::::: AcquireRequestState Request called at 8/7/2018 11:41:39 PM   :::   23:41:39.0522296

::::::::::: PostAcquireRequestState Request called at 8/7/2018 11:41:39 PM   :::   23:41:39.0532303

::::::::::: PreRequestHandlerExecute Request called at 8/7/2018 11:41:39 PM   :::   23:41:39.0542306

::::::::::: PostRequestHandlerExecute Request called at 8/7/2018 11:41:39 PM   :::   23:41:39.1012846

::::::::::: ReleaseRequestState Request called at 8/7/2018 11:41:39 PM   :::   23:41:39.1022671

::::::::::: PostReleaseRequestState Request called at 8/7/2018 11:41:39 PM   :::   23:41:39.1037699

::::::::::: UpdateRequestCache Request called at 8/7/2018 11:41:39 PM   :::   23:41:39.1047726

::::::::::: EndRequest Request called at 8/7/2018 11:41:39 PM   :::   23:41:39.1057891

::::::::::: PreSendRequestContent Request called at 8/7/2018 11:41:39 PM   :::   23:41:39.1067737

::::::::::: PreSendRequestHeaders Request called at 8/7/2018 11:41:39 PM   :::   23:41:39.1087739

::::::::::: BeginRequest Request called at 8/7/2018 11:41:47 PM   :::   23:41:47.4682283

::::::::::: AuthenticateRequest Request called at 8/7/2018 11:41:47 PM   :::   23:41:47.4702294

::::::::::: PostAuthenticateRequest Request called at 8/7/2018 11:41:47 PM   :::   23:41:47.4722308

::::::::::: AuthorizeRequest Request called at 8/7/2018 11:41:47 PM   :::   23:41:47.4742326

::::::::::: PostAuthorizeRequest Request called at 8/7/2018 11:41:47 PM   :::   23:41:47.4762340

::::::::::: End Request called at 8/7/2018 11:41:47 PM   :::   23:41:47.4772339

::::::::::: PostResolveRequestCache Request called at 8/7/2018 11:41:47 PM   :::   23:41:47.4822375

::::::::::: AcquireRequestState Request called at 8/7/2018 11:41:47 PM   :::   23:41:47.4852396

::::::::::: PostAcquireRequestState Request called at 8/7/2018 11:41:47 PM   :::   23:41:47.4862419

::::::::::: PreRequestHandlerExecute Request called at 8/7/2018 11:41:47 PM   :::   23:41:47.4872584

::::::::::: PreSendRequestContent Request called at 8/7/2018 11:41:53 PM   :::   23:41:53.9858148

::::::::::: PreSendRequestHeaders Request called at 8/7/2018 11:41:53 PM   :::   23:41:53.9878166

::::::::::: PostRequestHandlerExecute Request called at 8/7/2018 11:41:54 PM   :::   23:41:54.0038272

::::::::::: ReleaseRequestState Request called at 8/7/2018 11:41:54 PM   :::   23:41:54.0048287

::::::::::: PostReleaseRequestState Request called at 8/7/2018 11:41:54 PM   :::   23:41:54.0068301

::::::::::: UpdateRequestCache Request called at 8/7/2018 11:41:54 PM   :::   23:41:54.0078308

::::::::::: EndRequest Request called at 8/7/2018 11:41:54 PM   :::   23:41:54.0088311

::::::::::: PreSendRequestContent Request called at 8/7/2018 11:41:54 PM   :::   23:41:54.0108329

::::::::::: BeginRequest Request called at 8/7/2018 11:42:15 PM   :::   23:42:15.0219817

::::::::::: AuthenticateRequest Request called at 8/7/2018 11:42:15 PM   :::   23:42:15.0249834

::::::::::: PostAuthenticateRequest Request called at 8/7/2018 11:42:15 PM   :::   23:42:15.0259845

::::::::::: AuthorizeRequest Request called at 8/7/2018 11:42:15 PM   :::   23:42:15.0279860

::::::::::: PostAuthorizeRequest Request called at 8/7/2018 11:42:15 PM   :::   23:42:15.0289863

::::::::::: End Request called at 8/7/2018 11:42:15 PM   :::   23:42:15.0309881

::::::::::: PostResolveRequestCache Request called at 8/7/2018 11:42:15 PM   :::   23:42:15.0339898

::::::::::: AcquireRequestState Request called at 8/7/2018 11:42:15 PM   :::   23:42:15.0359916

::::::::::: PostAcquireRequestState Request called at 8/7/2018 11:42:15 PM   :::   23:42:15.0369920

::::::::::: PreRequestHandlerExecute Request called at 8/7/2018 11:42:15 PM   :::   23:42:15.0389934

::::::::::: PreSendRequestContent Request called at 8/7/2018 11:42:17 PM   :::   23:42:17.1194189

::::::::::: PreSendRequestHeaders Request called at 8/7/2018 11:42:17 PM   :::   23:42:17.1214211

::::::::::: PostRequestHandlerExecute Request called at 8/7/2018 11:42:17 PM   :::   23:42:17.1494418

::::::::::: ReleaseRequestState Request called at 8/7/2018 11:42:17 PM   :::   23:42:17.1514413

::::::::::: PostReleaseRequestState Request called at 8/7/2018 11:42:17 PM   :::   23:42:17.1544438

::::::::::: UpdateRequestCache Request called at 8/7/2018 11:42:17 PM   :::   23:42:17.1564452

::::::::::: EndRequest Request called at 8/7/2018 11:42:17 PM   :::   23:42:17.1584462

::::::::::: PreSendRequestContent Request called at 8/7/2018 11:42:17 PM   :::   23:42:17.1604477

::::::::::: BeginRequest Request called at 8/7/2018 11:42:31 PM   :::   23:42:31.7459703

::::::::::: AuthenticateRequest Request called at 8/7/2018 11:42:31 PM   :::   23:42:31.7479713

::::::::::: PostAuthenticateRequest Request called at 8/7/2018 11:42:31 PM   :::   23:42:31.7504737

::::::::::: AuthorizeRequest Request called at 8/7/2018 11:42:31 PM   :::   23:42:31.7519746

::::::::::: PostAuthorizeRequest Request called at 8/7/2018 11:42:31 PM   :::   23:42:31.7539803

::::::::::: End Request called at 8/7/2018 11:42:31 PM   :::   23:42:31.7569829

::::::::::: PostResolveRequestCache Request called at 8/7/2018 11:42:31 PM   :::   23:42:31.7599850

::::::::::: AcquireRequestState Request called at 8/7/2018 11:42:31 PM   :::   23:42:31.7699913

::::::::::: PostAcquireRequestState Request called at 8/7/2018 11:42:31 PM   :::   23:42:31.7749953

::::::::::: PreRequestHandlerExecute Request called at 8/7/2018 11:42:31 PM   :::   23:42:31.7779970

::::::::::: PreSendRequestContent Request called at 8/7/2018 11:42:34 PM   :::   23:42:34.6650462

::::::::::: PreSendRequestHeaders Request called at 8/7/2018 11:42:34 PM   :::   23:42:34.6660343

::::::::::: PostRequestHandlerExecute Request called at 8/7/2018 11:42:34 PM   :::   23:42:34.6760398

::::::::::: ReleaseRequestState Request called at 8/7/2018 11:42:34 PM   :::   23:42:34.6780416

::::::::::: PostReleaseRequestState Request called at 8/7/2018 11:42:34 PM   :::   23:42:34.6800430

::::::::::: UpdateRequestCache Request called at 8/7/2018 11:42:34 PM   :::   23:42:34.6820445

::::::::::: EndRequest Request called at 8/7/2018 11:42:34 PM   :::   23:42:34.6830467

::::::::::: PreSendRequestContent Request called at 8/7/2018 11:42:34 PM   :::   23:42:34.6850478

::::::::::: BeginRequest Request called at 8/7/2018 11:58:20 PM   :::   23:58:20.4236464

::::::::::: AuthenticateRequest Request called at 8/7/2018 11:58:20 PM   :::   23:58:20.4296506

::::::::::: PostAuthenticateRequest Request called at 8/7/2018 11:58:20 PM   :::   23:58:20.4346546

::::::::::: AuthorizeRequest Request called at 8/7/2018 11:58:20 PM   :::   23:58:20.4366552

::::::::::: PostAuthorizeRequest Request called at 8/7/2018 11:58:20 PM   :::   23:58:20.4386566

::::::::::: End Request called at 8/7/2018 11:58:20 PM   :::   23:58:20.4396574

::::::::::: BeginRequest Request called at 8/7/2018 11:58:20 PM   :::   23:58:20.4656766

::::::::::: AuthenticateRequest Request called at 8/7/2018 11:58:20 PM   :::   23:58:20.4666773

::::::::::: PostAuthenticateRequest Request called at 8/7/2018 11:58:20 PM   :::   23:58:20.4686788

::::::::::: AuthorizeRequest Request called at 8/7/2018 11:58:20 PM   :::   23:58:20.4696791

::::::::::: PostAuthorizeRequest Request called at 8/7/2018 11:58:20 PM   :::   23:58:20.4706794

::::::::::: End Request called at 8/7/2018 11:58:20 PM   :::   23:58:20.4716801

::::::::::: PostResolveRequestCache Request called at 8/7/2018 11:58:20 PM   :::   23:58:20.4756825

::::::::::: AcquireRequestState Request called at 8/7/2018 11:58:20 PM   :::   23:58:20.4856936

::::::::::: PostAcquireRequestState Request called at 8/7/2018 11:58:20 PM   :::   23:58:20.4876954

::::::::::: PreRequestHandlerExecute Request called at 8/7/2018 11:58:20 PM   :::   23:58:20.4891959

::::::::::: PostResolveRequestCache Request called at 8/7/2018 11:58:20 PM   :::   23:58:20.5197197

::::::::::: AcquireRequestState Request called at 8/7/2018 11:58:20 PM   :::   23:58:20.5217212

::::::::::: PostAcquireRequestState Request called at 8/7/2018 11:58:20 PM   :::   23:58:20.5227230

::::::::::: PreRequestHandlerExecute Request called at 8/7/2018 11:58:20 PM   :::   23:58:20.5237230

::::::::::: PostRequestHandlerExecute Request called at 8/7/2018 11:58:20 PM   :::   23:58:20.6067883

::::::::::: ReleaseRequestState Request called at 8/7/2018 11:58:20 PM   :::   23:58:20.6107919

::::::::::: PostReleaseRequestState Request called at 8/7/2018 11:58:20 PM   :::   23:58:20.6177969

::::::::::: UpdateRequestCache Request called at 8/7/2018 11:58:20 PM   :::   23:58:20.6207982

::::::::::: EndRequest Request called at 8/7/2018 11:58:20 PM   :::   23:58:20.6238015

::::::::::: PreSendRequestContent Request called at 8/7/2018 11:58:20 PM   :::   23:58:20.6328071

::::::::::: PreSendRequestHeaders Request called at 8/7/2018 11:58:20 PM   :::   23:58:20.6348082

::::::::::: BeginRequest Request called at 8/7/2018 11:58:20 PM   :::   23:58:20.6823464

::::::::::: AuthenticateRequest Request called at 8/7/2018 11:58:20 PM   :::   23:58:20.6848492

::::::::::: PostAuthenticateRequest Request called at 8/7/2018 11:58:20 PM   :::   23:58:20.6873496

::::::::::: AuthorizeRequest Request called at 8/7/2018 11:58:20 PM   :::   23:58:20.6888505

::::::::::: PostAuthorizeRequest Request called at 8/7/2018 11:58:20 PM   :::   23:58:20.6903513

::::::::::: End Request called at 8/7/2018 11:58:20 PM   :::   23:58:20.6913524

::::::::::: PostResolveRequestCache Request called at 8/7/2018 11:58:20 PM   :::   23:58:20.6928537

::::::::::: AcquireRequestState Request called at 8/7/2018 11:58:20 PM   :::   23:58:20.6958681

::::::::::: PostAcquireRequestState Request called at 8/7/2018 11:58:20 PM   :::   23:58:20.6968696

::::::::::: PreRequestHandlerExecute Request called at 8/7/2018 11:58:20 PM   :::   23:58:20.6988706

::::::::::: PostRequestHandlerExecute Request called at 8/7/2018 11:58:22 PM   :::   23:58:22.5403881

::::::::::: ReleaseRequestState Request called at 8/7/2018 11:58:22 PM   :::   23:58:22.5423899

::::::::::: PostReleaseRequestState Request called at 8/7/2018 11:58:22 PM   :::   23:58:22.5433902

::::::::::: UpdateRequestCache Request called at 8/7/2018 11:58:22 PM   :::   23:58:22.5844201

::::::::::: EndRequest Request called at 8/7/2018 11:58:22 PM   :::   23:58:22.5859214

::::::::::: PreSendRequestContent Request called at 8/7/2018 11:58:22 PM   :::   23:58:22.5869221

::::::::::: PreSendRequestHeaders Request called at 8/7/2018 11:58:22 PM   :::   23:58:22.5879228

::::::::::: PreSendRequestContent Request called at 8/7/2018 11:58:28 PM   :::   23:58:28.9892539

::::::::::: PreSendRequestHeaders Request called at 8/7/2018 11:58:28 PM   :::   23:58:28.9902546

::::::::::: PostRequestHandlerExecute Request called at 8/7/2018 11:58:28 PM   :::   23:58:28.9987605

::::::::::: ReleaseRequestState Request called at 8/7/2018 11:58:29 PM   :::   23:58:29.0002613

::::::::::: PostReleaseRequestState Request called at 8/7/2018 11:58:29 PM   :::   23:58:29.0012640

::::::::::: UpdateRequestCache Request called at 8/7/2018 11:58:29 PM   :::   23:58:29.0027673

::::::::::: EndRequest Request called at 8/7/2018 11:58:29 PM   :::   23:58:29.0037699

::::::::::: PreSendRequestContent Request called at 8/7/2018 11:58:29 PM   :::   23:58:29.0057686

::::::::::: BeginRequest Request called at 8/7/2018 11:58:33 PM   :::   23:58:33.0204110

::::::::::: AuthenticateRequest Request called at 8/7/2018 11:58:33 PM   :::   23:58:33.0224124

::::::::::: PostAuthenticateRequest Request called at 8/7/2018 11:58:33 PM   :::   23:58:33.0234127

::::::::::: AuthorizeRequest Request called at 8/7/2018 11:58:33 PM   :::   23:58:33.0244134

::::::::::: PostAuthorizeRequest Request called at 8/7/2018 11:58:33 PM   :::   23:58:33.0254157

::::::::::: End Request called at 8/7/2018 11:58:33 PM   :::   23:58:33.0264168

::::::::::: PostResolveRequestCache Request called at 8/7/2018 11:58:33 PM   :::   23:58:33.0284166

::::::::::: AcquireRequestState Request called at 8/7/2018 11:58:33 PM   :::   23:58:33.0294197

::::::::::: PostAcquireRequestState Request called at 8/7/2018 11:58:33 PM   :::   23:58:33.0304188

::::::::::: PreRequestHandlerExecute Request called at 8/7/2018 11:58:33 PM   :::   23:58:33.0324211

::::::::::: PostRequestHandlerExecute Request called at 8/7/2018 11:58:33 PM   :::   23:58:33.0344229

::::::::::: ReleaseRequestState Request called at 8/7/2018 11:58:33 PM   :::   23:58:33.0364219

::::::::::: PostReleaseRequestState Request called at 8/7/2018 11:58:33 PM   :::   23:58:33.0384415

::::::::::: UpdateRequestCache Request called at 8/7/2018 11:58:33 PM   :::   23:58:33.0394256

::::::::::: EndRequest Request called at 8/7/2018 11:58:33 PM   :::   23:58:33.0414251

::::::::::: PreSendRequestContent Request called at 8/7/2018 11:58:33 PM   :::   23:58:33.0424286

::::::::::: PreSendRequestHeaders Request called at 8/7/2018 11:58:33 PM   :::   23:58:33.0434269

::::::::::: BeginRequest Request called at 8/7/2018 11:58:33 PM   :::   23:58:33.0554390

::::::::::: AuthenticateRequest Request called at 8/7/2018 11:58:33 PM   :::   23:58:33.0574372

::::::::::: PostAuthenticateRequest Request called at 8/7/2018 11:58:33 PM   :::   23:58:33.0594395

::::::::::: AuthorizeRequest Request called at 8/7/2018 11:58:33 PM   :::   23:58:33.0604390

::::::::::: PostAuthorizeRequest Request called at 8/7/2018 11:58:33 PM   :::   23:58:33.0624404

::::::::::: End Request called at 8/7/2018 11:58:33 PM   :::   23:58:33.0639448

::::::::::: PostResolveRequestCache Request called at 8/7/2018 11:58:33 PM   :::   23:58:33.0669509

::::::::::: AcquireRequestState Request called at 8/7/2018 11:58:33 PM   :::   23:58:33.0689492

::::::::::: PostAcquireRequestState Request called at 8/7/2018 11:58:33 PM   :::   23:58:33.0709514

::::::::::: PreRequestHandlerExecute Request called at 8/7/2018 11:58:33 PM   :::   23:58:33.0719509

::::::::::: PreSendRequestContent Request called at 8/7/2018 11:58:44 PM   :::   23:58:44.3923484

::::::::::: PreSendRequestHeaders Request called at 8/7/2018 11:58:44 PM   :::   23:58:44.3938513

::::::::::: Error Request called at 8/7/2018 11:58:44 PM   :::   23:58:44.4010189

::::::::::: PreSendRequestContent Request called at 8/7/2018 11:58:44 PM   :::   23:58:44.7643771

::::::::::: PreSendRequestContent Request called at 8/7/2018 11:58:44 PM   :::   23:58:44.7663915

::::::::::: PreSendRequestContent Request called at 8/7/2018 11:58:44 PM   :::   23:58:44.7683768

::::::::::: PreSendRequestContent Request called at 8/7/2018 11:58:44 PM   :::   23:58:44.7703786

::::::::::: EndRequest Request called at 8/7/2018 11:58:44 PM   :::   23:58:44.7733815

::::::::::: PreSendRequestContent Request called at 8/7/2018 11:58:44 PM   :::   23:58:44.7743980

::::::::::: BeginRequest Request called at 8/7/2018 11:59:42 PM   :::   23:59:42.1969450

::::::::::: AuthenticateRequest Request called at 8/7/2018 11:59:42 PM   :::   23:59:42.1989464

::::::::::: PostAuthenticateRequest Request called at 8/7/2018 11:59:42 PM   :::   23:59:42.2009478

::::::::::: AuthorizeRequest Request called at 8/7/2018 11:59:42 PM   :::   23:59:42.2019485

::::::::::: PostAuthorizeRequest Request called at 8/7/2018 11:59:42 PM   :::   23:59:42.2029492

::::::::::: End Request called at 8/7/2018 11:59:42 PM   :::   23:59:42.2049503

::::::::::: PostResolveRequestCache Request called at 8/7/2018 11:59:42 PM   :::   23:59:42.2059510

::::::::::: AcquireRequestState Request called at 8/7/2018 11:59:42 PM   :::   23:59:42.2069521

::::::::::: PostAcquireRequestState Request called at 8/7/2018 11:59:42 PM   :::   23:59:42.2089531

::::::::::: PreRequestHandlerExecute Request called at 8/7/2018 11:59:42 PM   :::   23:59:42.2099728

::::::::::: PreSendRequestContent Request called at 8/7/2018 11:59:46 PM   :::   23:59:46.3322359

::::::::::: PreSendRequestHeaders Request called at 8/7/2018 11:59:46 PM   :::   23:59:46.3332366

::::::::::: PostRequestHandlerExecute Request called at 8/7/2018 11:59:46 PM   :::   23:59:46.3442638

::::::::::: ReleaseRequestState Request called at 8/7/2018 11:59:46 PM   :::   23:59:46.3462640

::::::::::: PostReleaseRequestState Request called at 8/7/2018 11:59:46 PM   :::   23:59:46.3472466

::::::::::: UpdateRequestCache Request called at 8/7/2018 11:59:46 PM   :::   23:59:46.3482473

::::::::::: EndRequest Request called at 8/7/2018 11:59:46 PM   :::   23:59:46.3502507

::::::::::: PreSendRequestContent Request called at 8/7/2018 11:59:46 PM   :::   23:59:46.3512514

::::::::::: BeginRequest Request called at 8/7/2018 11:59:46 PM   :::   23:59:46.6344801

::::::::::: AuthenticateRequest Request called at 8/7/2018 11:59:46 PM   :::   23:59:46.6364811

::::::::::: PostAuthenticateRequest Request called at 8/7/2018 11:59:46 PM   :::   23:59:46.6374818

::::::::::: AuthorizeRequest Request called at 8/7/2018 11:59:46 PM   :::   23:59:46.6384826

::::::::::: PostAuthorizeRequest Request called at 8/7/2018 11:59:46 PM   :::   23:59:46.6404844

::::::::::: End Request called at 8/7/2018 11:59:46 PM   :::   23:59:46.6414851

::::::::::: PostResolveRequestCache Request called at 8/7/2018 11:59:46 PM   :::   23:59:46.6444872

::::::::::: AcquireRequestState Request called at 8/7/2018 11:59:46 PM   :::   23:59:46.6454879

::::::::::: PostAcquireRequestState Request called at 8/7/2018 11:59:46 PM   :::   23:59:46.6464879

::::::::::: PreRequestHandlerExecute Request called at 8/7/2018 11:59:46 PM   :::   23:59:46.6474890

::::::::::: PreSendRequestContent Request called at 8/7/2018 11:59:50 PM   :::   23:59:50.0601354

::::::::::: PreSendRequestHeaders Request called at 8/7/2018 11:59:50 PM   :::   23:59:50.0621368

::::::::::: PostRequestHandlerExecute Request called at 8/7/2018 11:59:50 PM   :::   23:59:50.0661401

::::::::::: ReleaseRequestState Request called at 8/7/2018 11:59:50 PM   :::   23:59:50.0681427

::::::::::: PostReleaseRequestState Request called at 8/7/2018 11:59:50 PM   :::   23:59:50.0701433

::::::::::: UpdateRequestCache Request called at 8/7/2018 11:59:50 PM   :::   23:59:50.0751469

::::::::::: EndRequest Request called at 8/7/2018 11:59:50 PM   :::   23:59:50.0776540

::::::::::: PreSendRequestContent Request called at 8/7/2018 11:59:50 PM   :::   23:59:50.0791544

