::::::::::: BeginRequest Request called at 16-01-2019 04:10:17 AM   :::   04:10:17.7988151

::::::::::: AuthenticateRequest Request called at 16-01-2019 04:10:17 AM   :::   04:10:17.8108113

::::::::::: PostAuthenticateRequest Request called at 16-01-2019 04:10:17 AM   :::   04:10:17.8228130

::::::::::: AuthorizeRequest Request called at 16-01-2019 04:10:17 AM   :::   04:10:17.8258080

::::::::::: PostAuthorizeRequest Request called at 16-01-2019 04:10:17 AM   :::   04:10:17.8278129

::::::::::: End Request called at 16-01-2019 04:10:17 AM   :::   04:10:17.8308126

::::::::::: PostResolveRequestCache Request called at 16-01-2019 04:10:18 AM   :::   04:10:18.0358113

::::::::::: AcquireRequestState Request called at 16-01-2019 04:10:18 AM   :::   04:10:18.0858124

::::::::::: PostAcquireRequestState Request called at 16-01-2019 04:10:18 AM   :::   04:10:18.0928107

::::::::::: PreRequestHandlerExecute Request called at 16-01-2019 04:10:18 AM   :::   04:10:18.1218125

::::::::::: PostRequestHandlerExecute Request called at 16-01-2019 04:10:28 AM   :::   04:10:28.4479104

::::::::::: ReleaseRequestState Request called at 16-01-2019 04:10:28 AM   :::   04:10:28.4859154

::::::::::: PostReleaseRequestState Request called at 16-01-2019 04:10:28 AM   :::   04:10:28.5329105

::::::::::: UpdateRequestCache Request called at 16-01-2019 04:10:28 AM   :::   04:10:28.5509081

::::::::::: EndRequest Request called at 16-01-2019 04:10:28 AM   :::   04:10:28.5799099

::::::::::: PreSendRequestContent Request called at 16-01-2019 04:10:28 AM   :::   04:10:28.5949112

::::::::::: PreSendRequestHeaders Request called at 16-01-2019 04:10:28 AM   :::   04:10:28.5969112

::::::::::: BeginRequest Request called at 16-01-2019 04:10:32 AM   :::   04:10:32.6319109

::::::::::: AuthenticateRequest Request called at 16-01-2019 04:10:32 AM   :::   04:10:32.9349123

::::::::::: PostAuthenticateRequest Request called at 16-01-2019 04:10:33 AM   :::   04:10:33.0839187

::::::::::: AuthorizeRequest Request called at 16-01-2019 04:10:33 AM   :::   04:10:33.1239156

::::::::::: PostAuthorizeRequest Request called at 16-01-2019 04:10:33 AM   :::   04:10:33.1289100

::::::::::: End Request called at 16-01-2019 04:10:33 AM   :::   04:10:33.1299114

::::::::::: PostResolveRequestCache Request called at 16-01-2019 04:10:33 AM   :::   04:10:33.1309100

::::::::::: AcquireRequestState Request called at 16-01-2019 04:10:33 AM   :::   04:10:33.1329120

::::::::::: PostAcquireRequestState Request called at 16-01-2019 04:10:33 AM   :::   04:10:33.1339135

::::::::::: PreRequestHandlerExecute Request called at 16-01-2019 04:10:33 AM   :::   04:10:33.1359114

::::::::::: PostRequestHandlerExecute Request called at 16-01-2019 04:10:33 AM   :::   04:10:33.1979138

::::::::::: ReleaseRequestState Request called at 16-01-2019 04:10:33 AM   :::   04:10:33.2009156

::::::::::: PostReleaseRequestState Request called at 16-01-2019 04:10:33 AM   :::   04:10:33.2059183

::::::::::: BeginRequest Request called at 16-01-2019 04:10:33 AM   :::   04:10:33.1899171

::::::::::: AuthenticateRequest Request called at 16-01-2019 04:10:33 AM   :::   04:10:33.2179120

::::::::::: AuthenticateRequest Request called at 16-01-2019 04:10:33 AM   :::   04:10:33.3149163

::::::::::: PostAuthenticateRequest Request called at 16-01-2019 04:10:33 AM   :::   04:10:33.3169124

::::::::::: AuthorizeRequest Request called at 16-01-2019 04:10:33 AM   :::   04:10:33.3189126

::::::::::: PostAuthorizeRequest Request called at 16-01-2019 04:10:33 AM   :::   04:10:33.3219104

::::::::::: PostAuthenticateRequest Request called at 16-01-2019 04:10:33 AM   :::   04:10:33.3279119

::::::::::: BeginRequest Request called at 16-01-2019 04:10:33 AM   :::   04:10:33.3299099

::::::::::: End Request called at 16-01-2019 04:10:33 AM   :::   04:10:33.3299099

::::::::::: UpdateRequestCache Request called at 16-01-2019 04:10:33 AM   :::   04:10:33.2169127

::::::::::: AuthenticateRequest Request called at 16-01-2019 04:10:33 AM   :::   04:10:33.3329124

::::::::::: EndRequest Request called at 16-01-2019 04:10:33 AM   :::   04:10:33.3349106

::::::::::: PostResolveRequestCache Request called at 16-01-2019 04:10:33 AM   :::   04:10:33.3339118

::::::::::: PostAuthenticateRequest Request called at 16-01-2019 04:10:33 AM   :::   04:10:33.3349106

::::::::::: PreSendRequestContent Request called at 16-01-2019 04:10:33 AM   :::   04:10:33.3369087

::::::::::: AcquireRequestState Request called at 16-01-2019 04:10:33 AM   :::   04:10:33.3449149

::::::::::: AuthorizeRequest Request called at 16-01-2019 04:10:33 AM   :::   04:10:33.3469124

::::::::::: PostAcquireRequestState Request called at 16-01-2019 04:10:33 AM   :::   04:10:33.3489128

::::::::::: PostAuthorizeRequest Request called at 16-01-2019 04:10:33 AM   :::   04:10:33.3489128

::::::::::: PreRequestHandlerExecute Request called at 16-01-2019 04:10:33 AM   :::   04:10:33.3509151

::::::::::: End Request called at 16-01-2019 04:10:33 AM   :::   04:10:33.3509151

::::::::::: PostResolveRequestCache Request called at 16-01-2019 04:10:33 AM   :::   04:10:33.3529108

::::::::::: AcquireRequestState Request called at 16-01-2019 04:10:33 AM   :::   04:10:33.3549110

::::::::::: AuthorizeRequest Request called at 16-01-2019 04:10:33 AM   :::   04:10:33.3619146

::::::::::: PreSendRequestHeaders Request called at 16-01-2019 04:10:33 AM   :::   04:10:33.3589132

::::::::::: PostAcquireRequestState Request called at 16-01-2019 04:10:33 AM   :::   04:10:33.3569715

::::::::::: PostRequestHandlerExecute Request called at 16-01-2019 04:10:33 AM   :::   04:10:33.6319110

::::::::::: AuthenticateRequest Request called at 16-01-2019 04:10:33 AM   :::   04:10:33.6999157

::::::::::: PostAuthenticateRequest Request called at 16-01-2019 04:10:33 AM   :::   04:10:33.7019154

::::::::::: AuthorizeRequest Request called at 16-01-2019 04:10:33 AM   :::   04:10:33.7039118

::::::::::: PostAuthorizeRequest Request called at 16-01-2019 04:10:33 AM   :::   04:10:33.7059155

::::::::::: End Request called at 16-01-2019 04:10:33 AM   :::   04:10:33.7069129

::::::::::: PostResolveRequestCache Request called at 16-01-2019 04:10:33 AM   :::   04:10:33.7119375

::::::::::: AcquireRequestState Request called at 16-01-2019 04:10:33 AM   :::   04:10:33.7369169

::::::::::: PostAcquireRequestState Request called at 16-01-2019 04:10:33 AM   :::   04:10:33.7379152

::::::::::: PreRequestHandlerExecute Request called at 16-01-2019 04:10:33 AM   :::   04:10:33.7399093

::::::::::: PreRequestHandlerExecute Request called at 16-01-2019 04:10:33 AM   :::   04:10:33.7429150

::::::::::: End Request called at 16-01-2019 04:10:33 AM   :::   04:10:33.7879131

::::::::::: PostResolveRequestCache Request called at 16-01-2019 04:10:33 AM   :::   04:10:33.7899152

::::::::::: AcquireRequestState Request called at 16-01-2019 04:10:33 AM   :::   04:10:33.7919168

::::::::::: PostAcquireRequestState Request called at 16-01-2019 04:10:33 AM   :::   04:10:33.7939172

::::::::::: PreRequestHandlerExecute Request called at 16-01-2019 04:10:33 AM   :::   04:10:33.7949167

::::::::::: PostRequestHandlerExecute Request called at 16-01-2019 04:10:33 AM   :::   04:10:33.8169136

::::::::::: ReleaseRequestState Request called at 16-01-2019 04:10:33 AM   :::   04:10:33.8189162

::::::::::: PostReleaseRequestState Request called at 16-01-2019 04:10:33 AM   :::   04:10:33.8199160

::::::::::: UpdateRequestCache Request called at 16-01-2019 04:10:33 AM   :::   04:10:33.8219150

::::::::::: EndRequest Request called at 16-01-2019 04:10:33 AM   :::   04:10:33.8229141

::::::::::: PreSendRequestContent Request called at 16-01-2019 04:10:33 AM   :::   04:10:33.8259119

::::::::::: PreSendRequestHeaders Request called at 16-01-2019 04:10:33 AM   :::   04:10:33.8279131

::::::::::: PostRequestHandlerExecute Request called at 16-01-2019 04:10:33 AM   :::   04:10:33.8759135

::::::::::: ReleaseRequestState Request called at 16-01-2019 04:10:33 AM   :::   04:10:33.8769169

::::::::::: PostReleaseRequestState Request called at 16-01-2019 04:10:33 AM   :::   04:10:33.8789135

::::::::::: UpdateRequestCache Request called at 16-01-2019 04:10:33 AM   :::   04:10:33.8809173

::::::::::: EndRequest Request called at 16-01-2019 04:10:33 AM   :::   04:10:33.8819126

::::::::::: PreSendRequestContent Request called at 16-01-2019 04:10:33 AM   :::   04:10:33.8849113

::::::::::: PreSendRequestHeaders Request called at 16-01-2019 04:10:33 AM   :::   04:10:33.8859165

::::::::::: PostRequestHandlerExecute Request called at 16-01-2019 04:10:34 AM   :::   04:10:34.0629168

::::::::::: ReleaseRequestState Request called at 16-01-2019 04:10:34 AM   :::   04:10:34.0649148

::::::::::: PostReleaseRequestState Request called at 16-01-2019 04:10:34 AM   :::   04:10:34.0669172

::::::::::: UpdateRequestCache Request called at 16-01-2019 04:10:34 AM   :::   04:10:34.0679160

::::::::::: EndRequest Request called at 16-01-2019 04:10:34 AM   :::   04:10:34.0709110

::::::::::: PreSendRequestContent Request called at 16-01-2019 04:10:34 AM   :::   04:10:34.0739299

::::::::::: PreSendRequestHeaders Request called at 16-01-2019 04:10:34 AM   :::   04:10:34.0759122

::::::::::: PostReleaseRequestState Request called at 16-01-2019 04:10:34 AM   :::   04:10:34.1139117

::::::::::: UpdateRequestCache Request called at 16-01-2019 04:10:34 AM   :::   04:10:34.1149152

::::::::::: EndRequest Request called at 16-01-2019 04:10:34 AM   :::   04:10:34.1179147

::::::::::: PreSendRequestContent Request called at 16-01-2019 04:10:34 AM   :::   04:10:34.1199121

::::::::::: PreSendRequestHeaders Request called at 16-01-2019 04:10:34 AM   :::   04:10:34.1209175

::::::::::: AuthorizeRequest Request called at 16-01-2019 04:10:34 AM   :::   04:10:34.1769139

::::::::::: PostAuthorizeRequest Request called at 16-01-2019 04:10:34 AM   :::   04:10:34.1779170

::::::::::: End Request called at 16-01-2019 04:10:34 AM   :::   04:10:34.1799177

::::::::::: PostResolveRequestCache Request called at 16-01-2019 04:10:34 AM   :::   04:10:34.1819127

::::::::::: AcquireRequestState Request called at 16-01-2019 04:10:34 AM   :::   04:10:34.1829170

::::::::::: PostAcquireRequestState Request called at 16-01-2019 04:10:34 AM   :::   04:10:34.1849170

::::::::::: PreRequestHandlerExecute Request called at 16-01-2019 04:10:34 AM   :::   04:10:34.1869175

::::::::::: PostRequestHandlerExecute Request called at 16-01-2019 04:10:34 AM   :::   04:10:34.1989132

::::::::::: ReleaseRequestState Request called at 16-01-2019 04:10:34 AM   :::   04:10:34.2009141

::::::::::: PostReleaseRequestState Request called at 16-01-2019 04:10:34 AM   :::   04:10:34.2019128

::::::::::: UpdateRequestCache Request called at 16-01-2019 04:10:34 AM   :::   04:10:34.2039106

::::::::::: EndRequest Request called at 16-01-2019 04:10:34 AM   :::   04:10:34.2049105

::::::::::: PreSendRequestContent Request called at 16-01-2019 04:10:34 AM   :::   04:10:34.2069143

::::::::::: PreSendRequestHeaders Request called at 16-01-2019 04:10:34 AM   :::   04:10:34.2089140

::::::::::: BeginRequest Request called at 16-01-2019 11:01:06 PM   :::   23:01:06.5461818

::::::::::: AuthenticateRequest Request called at 16-01-2019 11:01:06 PM   :::   23:01:06.5581807

::::::::::: PostAuthenticateRequest Request called at 16-01-2019 11:01:06 PM   :::   23:01:06.5631784

::::::::::: AuthorizeRequest Request called at 16-01-2019 11:01:06 PM   :::   23:01:06.5661844

::::::::::: PostAuthorizeRequest Request called at 16-01-2019 11:01:06 PM   :::   23:01:06.5682053

::::::::::: End Request called at 16-01-2019 11:01:06 PM   :::   23:01:06.5701787

::::::::::: PostResolveRequestCache Request called at 16-01-2019 11:01:06 PM   :::   23:01:06.6131773

::::::::::: AcquireRequestState Request called at 16-01-2019 11:01:06 PM   :::   23:01:06.6251795

::::::::::: PostAcquireRequestState Request called at 16-01-2019 11:01:06 PM   :::   23:01:06.6281833

::::::::::: PreRequestHandlerExecute Request called at 16-01-2019 11:01:06 PM   :::   23:01:06.6291805

::::::::::: PostRequestHandlerExecute Request called at 16-01-2019 11:01:19 PM   :::   23:01:19.8901829

::::::::::: ReleaseRequestState Request called at 16-01-2019 11:01:19 PM   :::   23:01:19.8931827

::::::::::: PostReleaseRequestState Request called at 16-01-2019 11:01:19 PM   :::   23:01:19.9001828

::::::::::: UpdateRequestCache Request called at 16-01-2019 11:01:19 PM   :::   23:01:19.9021826

::::::::::: EndRequest Request called at 16-01-2019 11:01:19 PM   :::   23:01:19.9071811

::::::::::: PreSendRequestContent Request called at 16-01-2019 11:01:19 PM   :::   23:01:19.9241852

::::::::::: PreSendRequestHeaders Request called at 16-01-2019 11:01:19 PM   :::   23:01:19.9281827

::::::::::: BeginRequest Request called at 16-01-2019 11:01:20 PM   :::   23:01:20.3381834

::::::::::: AuthenticateRequest Request called at 16-01-2019 11:01:20 PM   :::   23:01:20.3401819

::::::::::: PostAuthenticateRequest Request called at 16-01-2019 11:01:20 PM   :::   23:01:20.3421844

::::::::::: AuthorizeRequest Request called at 16-01-2019 11:01:20 PM   :::   23:01:20.3451820

::::::::::: PostAuthorizeRequest Request called at 16-01-2019 11:01:20 PM   :::   23:01:20.3481817

::::::::::: End Request called at 16-01-2019 11:01:20 PM   :::   23:01:20.3501798

::::::::::: PostResolveRequestCache Request called at 16-01-2019 11:01:20 PM   :::   23:01:20.3521896

::::::::::: AcquireRequestState Request called at 16-01-2019 11:01:20 PM   :::   23:01:20.3531828

::::::::::: PostAcquireRequestState Request called at 16-01-2019 11:01:20 PM   :::   23:01:20.3551851

::::::::::: PreRequestHandlerExecute Request called at 16-01-2019 11:01:20 PM   :::   23:01:20.3561814

::::::::::: PostRequestHandlerExecute Request called at 16-01-2019 11:01:20 PM   :::   23:01:20.3681807

::::::::::: ReleaseRequestState Request called at 16-01-2019 11:01:20 PM   :::   23:01:20.3691852

::::::::::: PostReleaseRequestState Request called at 16-01-2019 11:01:20 PM   :::   23:01:20.3701836

::::::::::: UpdateRequestCache Request called at 16-01-2019 11:01:20 PM   :::   23:01:20.3721872

::::::::::: EndRequest Request called at 16-01-2019 11:01:20 PM   :::   23:01:20.3741877

::::::::::: PreSendRequestContent Request called at 16-01-2019 11:01:20 PM   :::   23:01:20.3761823

::::::::::: PreSendRequestHeaders Request called at 16-01-2019 11:01:20 PM   :::   23:01:20.3772129

::::::::::: BeginRequest Request called at 16-01-2019 11:01:20 PM   :::   23:01:20.4981815

::::::::::: BeginRequest Request called at 16-01-2019 11:01:20 PM   :::   23:01:20.4981815

::::::::::: AuthenticateRequest Request called at 16-01-2019 11:01:20 PM   :::   23:01:20.4991795

::::::::::: AuthenticateRequest Request called at 16-01-2019 11:01:20 PM   :::   23:01:20.5001799

::::::::::: BeginRequest Request called at 16-01-2019 11:01:20 PM   :::   23:01:20.5081799

::::::::::: AuthenticateRequest Request called at 16-01-2019 11:01:20 PM   :::   23:01:20.5101788

::::::::::: PostAuthenticateRequest Request called at 16-01-2019 11:01:20 PM   :::   23:01:20.5201830

::::::::::: AuthorizeRequest Request called at 16-01-2019 11:01:20 PM   :::   23:01:20.5221815

::::::::::: PostAuthorizeRequest Request called at 16-01-2019 11:01:20 PM   :::   23:01:20.5251796

::::::::::: End Request called at 16-01-2019 11:01:20 PM   :::   23:01:20.5271884

::::::::::: PostResolveRequestCache Request called at 16-01-2019 11:01:20 PM   :::   23:01:20.5281794

::::::::::: AcquireRequestState Request called at 16-01-2019 11:01:20 PM   :::   23:01:20.5301810

::::::::::: PostAcquireRequestState Request called at 16-01-2019 11:01:20 PM   :::   23:01:20.5311909

::::::::::: PreRequestHandlerExecute Request called at 16-01-2019 11:01:20 PM   :::   23:01:20.5331794

::::::::::: BeginRequest Request called at 16-01-2019 11:01:20 PM   :::   23:01:20.6011811

::::::::::: AuthenticateRequest Request called at 16-01-2019 11:01:20 PM   :::   23:01:20.6031804

::::::::::: PostRequestHandlerExecute Request called at 16-01-2019 11:01:20 PM   :::   23:01:20.7161800

::::::::::: ReleaseRequestState Request called at 16-01-2019 11:01:20 PM   :::   23:01:20.7181781

::::::::::: PostReleaseRequestState Request called at 16-01-2019 11:01:20 PM   :::   23:01:20.7191799

::::::::::: UpdateRequestCache Request called at 16-01-2019 11:01:20 PM   :::   23:01:20.7431796

::::::::::: EndRequest Request called at 16-01-2019 11:01:20 PM   :::   23:01:20.7441802

::::::::::: PostAuthenticateRequest Request called at 16-01-2019 11:01:20 PM   :::   23:01:20.7931797

::::::::::: PreSendRequestContent Request called at 16-01-2019 11:01:20 PM   :::   23:01:20.7931797

::::::::::: PreSendRequestHeaders Request called at 16-01-2019 11:01:20 PM   :::   23:01:20.7951817

::::::::::: AuthorizeRequest Request called at 16-01-2019 11:01:20 PM   :::   23:01:20.7951817

::::::::::: PostAuthorizeRequest Request called at 16-01-2019 11:01:20 PM   :::   23:01:20.7981822

::::::::::: End Request called at 16-01-2019 11:01:20 PM   :::   23:01:20.8001829

::::::::::: PostAuthenticateRequest Request called at 16-01-2019 11:01:20 PM   :::   23:01:20.8001829

::::::::::: PostResolveRequestCache Request called at 16-01-2019 11:01:20 PM   :::   23:01:20.8011827

::::::::::: AuthorizeRequest Request called at 16-01-2019 11:01:20 PM   :::   23:01:20.8191962

::::::::::: PostAuthorizeRequest Request called at 16-01-2019 11:01:20 PM   :::   23:01:20.9191802

::::::::::: End Request called at 16-01-2019 11:01:20 PM   :::   23:01:20.9211862

::::::::::: AcquireRequestState Request called at 16-01-2019 11:01:20 PM   :::   23:01:20.9191802

::::::::::: PostResolveRequestCache Request called at 16-01-2019 11:01:20 PM   :::   23:01:20.9241855

::::::::::: AcquireRequestState Request called at 16-01-2019 11:01:20 PM   :::   23:01:20.9301845

::::::::::: PostAcquireRequestState Request called at 16-01-2019 11:01:20 PM   :::   23:01:20.9311845

::::::::::: PreRequestHandlerExecute Request called at 16-01-2019 11:01:20 PM   :::   23:01:20.9331844

::::::::::: PostRequestHandlerExecute Request called at 16-01-2019 11:01:21 PM   :::   23:01:21.0471819

::::::::::: ReleaseRequestState Request called at 16-01-2019 11:01:21 PM   :::   23:01:21.0481811

::::::::::: PostReleaseRequestState Request called at 16-01-2019 11:01:21 PM   :::   23:01:21.0501800

::::::::::: UpdateRequestCache Request called at 16-01-2019 11:01:21 PM   :::   23:01:21.0511829

::::::::::: EndRequest Request called at 16-01-2019 11:01:21 PM   :::   23:01:21.0531823

::::::::::: PreSendRequestContent Request called at 16-01-2019 11:01:21 PM   :::   23:01:21.0551789

::::::::::: PreSendRequestHeaders Request called at 16-01-2019 11:01:21 PM   :::   23:01:21.0561843

::::::::::: AuthorizeRequest Request called at 16-01-2019 11:01:21 PM   :::   23:01:21.0771783

::::::::::: AuthenticateRequest Request called at 16-01-2019 11:01:21 PM   :::   23:01:21.1711788

::::::::::: PostAuthenticateRequest Request called at 16-01-2019 11:01:21 PM   :::   23:01:21.1861809

::::::::::: AuthorizeRequest Request called at 16-01-2019 11:01:21 PM   :::   23:01:21.1881833

::::::::::: PostAuthorizeRequest Request called at 16-01-2019 11:01:21 PM   :::   23:01:21.1891813

::::::::::: End Request called at 16-01-2019 11:01:21 PM   :::   23:01:21.1901827

::::::::::: PostResolveRequestCache Request called at 16-01-2019 11:01:21 PM   :::   23:01:21.1921797

::::::::::: AcquireRequestState Request called at 16-01-2019 11:01:21 PM   :::   23:01:21.1941833

::::::::::: PostAcquireRequestState Request called at 16-01-2019 11:01:21 PM   :::   23:01:21.1951826

::::::::::: PreRequestHandlerExecute Request called at 16-01-2019 11:01:21 PM   :::   23:01:21.1971859

::::::::::: PostAuthorizeRequest Request called at 16-01-2019 11:01:21 PM   :::   23:01:21.2041792

::::::::::: End Request called at 16-01-2019 11:01:21 PM   :::   23:01:21.2071822

::::::::::: PreRequestHandlerExecute Request called at 16-01-2019 11:02:10 PM   :::   23:02:10.6358797

::::::::::: PostRequestHandlerExecute Request called at 16-01-2019 11:02:10 PM   :::   23:02:10.6558800

::::::::::: ReleaseRequestState Request called at 16-01-2019 11:02:10 PM   :::   23:02:10.6568791

::::::::::: PostReleaseRequestState Request called at 16-01-2019 11:02:10 PM   :::   23:02:10.6578820

::::::::::: UpdateRequestCache Request called at 16-01-2019 11:02:10 PM   :::   23:02:10.6598800

::::::::::: EndRequest Request called at 16-01-2019 11:02:10 PM   :::   23:02:10.6628800

::::::::::: PreSendRequestContent Request called at 16-01-2019 11:02:10 PM   :::   23:02:10.6958797

::::::::::: PreSendRequestHeaders Request called at 16-01-2019 11:02:10 PM   :::   23:02:10.7028806

::::::::::: PostResolveRequestCache Request called at 16-01-2019 11:02:10 PM   :::   23:02:10.7168788

::::::::::: AcquireRequestState Request called at 16-01-2019 11:02:10 PM   :::   23:02:10.7178773

::::::::::: PostAcquireRequestState Request called at 16-01-2019 11:02:10 PM   :::   23:02:10.7198818

::::::::::: PreRequestHandlerExecute Request called at 16-01-2019 11:02:10 PM   :::   23:02:10.7218805

::::::::::: ReleaseRequestState Request called at 16-01-2019 11:02:11 PM   :::   23:02:11.0948840

::::::::::: PostReleaseRequestState Request called at 16-01-2019 11:02:11 PM   :::   23:02:11.0958849

::::::::::: UpdateRequestCache Request called at 16-01-2019 11:02:11 PM   :::   23:02:11.0978847

::::::::::: EndRequest Request called at 16-01-2019 11:02:11 PM   :::   23:02:11.0988866

::::::::::: PreSendRequestContent Request called at 16-01-2019 11:02:11 PM   :::   23:02:11.1008811

::::::::::: PreSendRequestHeaders Request called at 16-01-2019 11:02:11 PM   :::   23:02:11.1018847

::::::::::: PostRequestHandlerExecute Request called at 16-01-2019 11:02:11 PM   :::   23:02:11.2298883

::::::::::: ReleaseRequestState Request called at 16-01-2019 11:02:11 PM   :::   23:02:11.2308991

::::::::::: PostReleaseRequestState Request called at 16-01-2019 11:02:11 PM   :::   23:02:11.2968790

::::::::::: UpdateRequestCache Request called at 16-01-2019 11:02:11 PM   :::   23:02:11.2988826

::::::::::: EndRequest Request called at 16-01-2019 11:02:11 PM   :::   23:02:11.3018801

::::::::::: PreSendRequestContent Request called at 16-01-2019 11:02:11 PM   :::   23:02:11.3098798

::::::::::: PreSendRequestHeaders Request called at 16-01-2019 11:02:11 PM   :::   23:02:11.3108789

