::::::::::: BeginRequest Request called at 28-12-2018 06:19:11 PM   :::   18:19:11.1674259

::::::::::: AuthenticateRequest Request called at 28-12-2018 06:19:11 PM   :::   18:19:11.1814251

::::::::::: PostAuthenticateRequest Request called at 28-12-2018 06:19:11 PM   :::   18:19:11.1874273

::::::::::: AuthorizeRequest Request called at 28-12-2018 06:19:11 PM   :::   18:19:11.1904334

::::::::::: PostAuthorizeRequest Request called at 28-12-2018 06:19:11 PM   :::   18:19:11.1924247

::::::::::: End Request called at 28-12-2018 06:19:11 PM   :::   18:19:11.1934246

::::::::::: PostResolveRequestCache Request called at 28-12-2018 06:19:11 PM   :::   18:19:11.3144238

::::::::::: AcquireRequestState Request called at 28-12-2018 06:19:11 PM   :::   18:19:11.4974259

::::::::::: PostAcquireRequestState Request called at 28-12-2018 06:19:11 PM   :::   18:19:11.5014234

::::::::::: PreRequestHandlerExecute Request called at 28-12-2018 06:19:11 PM   :::   18:19:11.5024233

::::::::::: PostRequestHandlerExecute Request called at 28-12-2018 06:19:14 PM   :::   18:19:14.4224235

::::::::::: ReleaseRequestState Request called at 28-12-2018 06:19:14 PM   :::   18:19:14.4254244

::::::::::: PostReleaseRequestState Request called at 28-12-2018 06:19:14 PM   :::   18:19:14.4314395

::::::::::: UpdateRequestCache Request called at 28-12-2018 06:19:14 PM   :::   18:19:14.4344244

::::::::::: EndRequest Request called at 28-12-2018 06:19:14 PM   :::   18:19:14.4374242

::::::::::: PreSendRequestContent Request called at 28-12-2018 06:19:14 PM   :::   18:19:14.4524234

::::::::::: PreSendRequestHeaders Request called at 28-12-2018 06:19:14 PM   :::   18:19:14.4544252

::::::::::: BeginRequest Request called at 28-12-2018 06:19:15 PM   :::   18:19:15.6604289

::::::::::: BeginRequest Request called at 28-12-2018 06:19:15 PM   :::   18:19:15.6614280

::::::::::: AuthenticateRequest Request called at 28-12-2018 06:19:15 PM   :::   18:19:15.6624255

::::::::::: AuthenticateRequest Request called at 28-12-2018 06:19:15 PM   :::   18:19:15.6634268

::::::::::: PostAuthenticateRequest Request called at 28-12-2018 06:19:15 PM   :::   18:19:15.6634268

::::::::::: PostAuthenticateRequest Request called at 28-12-2018 06:19:15 PM   :::   18:19:15.6644283

::::::::::: AuthorizeRequest Request called at 28-12-2018 06:19:15 PM   :::   18:19:15.6664297

::::::::::: AuthorizeRequest Request called at 28-12-2018 06:19:15 PM   :::   18:19:15.6664297

::::::::::: PostAuthorizeRequest Request called at 28-12-2018 06:19:15 PM   :::   18:19:15.6674238

::::::::::: PostAuthorizeRequest Request called at 28-12-2018 06:19:15 PM   :::   18:19:15.6684235

::::::::::: End Request called at 28-12-2018 06:19:15 PM   :::   18:19:15.6694253

::::::::::: PostResolveRequestCache Request called at 28-12-2018 06:19:15 PM   :::   18:19:15.6734246

::::::::::: PostResolveRequestCache Request called at 28-12-2018 06:19:15 PM   :::   18:19:15.7414357

::::::::::: AcquireRequestState Request called at 28-12-2018 06:19:15 PM   :::   18:19:15.7424262

::::::::::: AcquireRequestState Request called at 28-12-2018 06:19:15 PM   :::   18:19:15.7444261

::::::::::: PostAcquireRequestState Request called at 28-12-2018 06:19:15 PM   :::   18:19:15.7444261

::::::::::: PostAcquireRequestState Request called at 28-12-2018 06:19:15 PM   :::   18:19:15.7454239

::::::::::: PreRequestHandlerExecute Request called at 28-12-2018 06:19:15 PM   :::   18:19:15.7454239

::::::::::: PreRequestHandlerExecute Request called at 28-12-2018 06:19:15 PM   :::   18:19:15.7464277

::::::::::: PostRequestHandlerExecute Request called at 28-12-2018 06:19:15 PM   :::   18:19:15.7514258

::::::::::: PostRequestHandlerExecute Request called at 28-12-2018 06:19:15 PM   :::   18:19:15.7514258

::::::::::: ReleaseRequestState Request called at 28-12-2018 06:19:15 PM   :::   18:19:15.7524238

::::::::::: PostReleaseRequestState Request called at 28-12-2018 06:19:15 PM   :::   18:19:15.7724345

::::::::::: UpdateRequestCache Request called at 28-12-2018 06:19:15 PM   :::   18:19:15.7734265

::::::::::: PostReleaseRequestState Request called at 28-12-2018 06:19:15 PM   :::   18:19:15.7544255

::::::::::: EndRequest Request called at 28-12-2018 06:19:15 PM   :::   18:19:15.7754249

::::::::::: UpdateRequestCache Request called at 28-12-2018 06:19:15 PM   :::   18:19:15.7764237

::::::::::: PreSendRequestContent Request called at 28-12-2018 06:19:15 PM   :::   18:19:15.7764237

::::::::::: EndRequest Request called at 28-12-2018 06:19:15 PM   :::   18:19:15.7774268

::::::::::: PreSendRequestHeaders Request called at 28-12-2018 06:19:15 PM   :::   18:19:15.7784239

::::::::::: PreSendRequestContent Request called at 28-12-2018 06:19:15 PM   :::   18:19:15.7784239

::::::::::: PreSendRequestHeaders Request called at 28-12-2018 06:19:15 PM   :::   18:19:15.7804289

::::::::::: BeginRequest Request called at 28-12-2018 06:19:21 PM   :::   18:19:21.3454335

::::::::::: AuthenticateRequest Request called at 28-12-2018 06:19:21 PM   :::   18:19:21.3474235

::::::::::: PostAuthenticateRequest Request called at 28-12-2018 06:19:21 PM   :::   18:19:21.3504231

::::::::::: AuthorizeRequest Request called at 28-12-2018 06:19:21 PM   :::   18:19:21.3594258

::::::::::: PostAuthorizeRequest Request called at 28-12-2018 06:19:21 PM   :::   18:19:21.3614252

::::::::::: End Request called at 28-12-2018 06:19:21 PM   :::   18:19:21.3624295

::::::::::: PostResolveRequestCache Request called at 28-12-2018 06:19:21 PM   :::   18:19:21.3634268

::::::::::: AcquireRequestState Request called at 28-12-2018 06:19:21 PM   :::   18:19:21.3654258

::::::::::: PostAcquireRequestState Request called at 28-12-2018 06:19:21 PM   :::   18:19:21.3664239

::::::::::: PreRequestHandlerExecute Request called at 28-12-2018 06:19:21 PM   :::   18:19:21.3684226

::::::::::: PostRequestHandlerExecute Request called at 28-12-2018 06:19:21 PM   :::   18:19:21.3714260

::::::::::: ReleaseRequestState Request called at 28-12-2018 06:19:21 PM   :::   18:19:21.3734256

::::::::::: PostReleaseRequestState Request called at 28-12-2018 06:19:21 PM   :::   18:19:21.3744243

::::::::::: UpdateRequestCache Request called at 28-12-2018 06:19:21 PM   :::   18:19:21.3754255

::::::::::: EndRequest Request called at 28-12-2018 06:19:21 PM   :::   18:19:21.3764264

::::::::::: PreSendRequestContent Request called at 28-12-2018 06:19:21 PM   :::   18:19:21.3784260

::::::::::: PreSendRequestHeaders Request called at 28-12-2018 06:19:21 PM   :::   18:19:21.3794291

::::::::::: BeginRequest Request called at 28-12-2018 06:19:21 PM   :::   18:19:21.5684373

::::::::::: AuthenticateRequest Request called at 28-12-2018 06:19:21 PM   :::   18:19:21.5704412

::::::::::: PostAuthenticateRequest Request called at 28-12-2018 06:19:21 PM   :::   18:19:21.5724484

::::::::::: BeginRequest Request called at 28-12-2018 06:19:21 PM   :::   18:19:21.5794285

::::::::::: AuthorizeRequest Request called at 28-12-2018 06:19:21 PM   :::   18:19:21.5794285

::::::::::: PostAuthorizeRequest Request called at 28-12-2018 06:19:21 PM   :::   18:19:21.5804265

::::::::::: PostAuthenticateRequest Request called at 28-12-2018 06:19:21 PM   :::   18:19:21.5994286

::::::::::: End Request called at 28-12-2018 06:19:21 PM   :::   18:19:21.5824228

::::::::::: PostResolveRequestCache Request called at 28-12-2018 06:19:21 PM   :::   18:19:21.6014273

::::::::::: AuthorizeRequest Request called at 28-12-2018 06:19:21 PM   :::   18:19:21.6014273

::::::::::: PostAuthorizeRequest Request called at 28-12-2018 06:19:21 PM   :::   18:19:21.6034248

::::::::::: End Request called at 28-12-2018 06:19:21 PM   :::   18:19:21.6044254

::::::::::: PostAcquireRequestState Request called at 28-12-2018 06:19:21 PM   :::   18:19:21.6204300

::::::::::: PostResolveRequestCache Request called at 28-12-2018 06:19:21 PM   :::   18:19:21.6214410

::::::::::: PreRequestHandlerExecute Request called at 28-12-2018 06:19:21 PM   :::   18:19:21.6214410

::::::::::: AcquireRequestState Request called at 28-12-2018 06:19:21 PM   :::   18:19:21.6234260

::::::::::: PostRequestHandlerExecute Request called at 28-12-2018 06:19:21 PM   :::   18:19:21.6244258

::::::::::: PostAcquireRequestState Request called at 28-12-2018 06:19:21 PM   :::   18:19:21.6244258

::::::::::: ReleaseRequestState Request called at 28-12-2018 06:19:21 PM   :::   18:19:21.6254266

::::::::::: PreRequestHandlerExecute Request called at 28-12-2018 06:19:21 PM   :::   18:19:21.6254266

::::::::::: PostReleaseRequestState Request called at 28-12-2018 06:19:21 PM   :::   18:19:21.6264289

::::::::::: PostRequestHandlerExecute Request called at 28-12-2018 06:19:21 PM   :::   18:19:21.6274251

::::::::::: UpdateRequestCache Request called at 28-12-2018 06:19:21 PM   :::   18:19:21.6284251

::::::::::: ReleaseRequestState Request called at 28-12-2018 06:19:21 PM   :::   18:19:21.6294242

::::::::::: EndRequest Request called at 28-12-2018 06:19:21 PM   :::   18:19:21.6294242

::::::::::: PostReleaseRequestState Request called at 28-12-2018 06:19:21 PM   :::   18:19:21.6304230

::::::::::: PreSendRequestContent Request called at 28-12-2018 06:19:21 PM   :::   18:19:21.6304230

::::::::::: UpdateRequestCache Request called at 28-12-2018 06:19:21 PM   :::   18:19:21.6314237

::::::::::: PreSendRequestHeaders Request called at 28-12-2018 06:19:21 PM   :::   18:19:21.6324246

::::::::::: EndRequest Request called at 28-12-2018 06:19:21 PM   :::   18:19:21.6334247

::::::::::: PreSendRequestContent Request called at 28-12-2018 06:19:21 PM   :::   18:19:21.6344280

::::::::::: PreSendRequestHeaders Request called at 28-12-2018 06:19:21 PM   :::   18:19:21.6354333

::::::::::: BeginRequest Request called at 28-12-2018 06:19:22 PM   :::   18:19:22.0204246

::::::::::: AuthenticateRequest Request called at 28-12-2018 06:19:22 PM   :::   18:19:22.0224283

::::::::::: PostAuthenticateRequest Request called at 28-12-2018 06:19:22 PM   :::   18:19:22.0234431

::::::::::: AuthorizeRequest Request called at 28-12-2018 06:19:22 PM   :::   18:19:22.0254287

::::::::::: PostAuthorizeRequest Request called at 28-12-2018 06:19:22 PM   :::   18:19:22.0274299

::::::::::: End Request called at 28-12-2018 06:19:22 PM   :::   18:19:22.0284256

::::::::::: PostResolveRequestCache Request called at 28-12-2018 06:19:22 PM   :::   18:19:22.0304279

::::::::::: AcquireRequestState Request called at 28-12-2018 06:19:22 PM   :::   18:19:22.0314309

::::::::::: PostAcquireRequestState Request called at 28-12-2018 06:19:22 PM   :::   18:19:22.0324257

::::::::::: PreRequestHandlerExecute Request called at 28-12-2018 06:19:22 PM   :::   18:19:22.0344311

::::::::::: PostRequestHandlerExecute Request called at 28-12-2018 06:19:22 PM   :::   18:19:22.0364296

::::::::::: ReleaseRequestState Request called at 28-12-2018 06:19:22 PM   :::   18:19:22.0374554

::::::::::: PostReleaseRequestState Request called at 28-12-2018 06:19:22 PM   :::   18:19:22.0394251

::::::::::: UpdateRequestCache Request called at 28-12-2018 06:19:22 PM   :::   18:19:22.0404268

::::::::::: EndRequest Request called at 28-12-2018 06:19:22 PM   :::   18:19:22.0424263

::::::::::: PreSendRequestContent Request called at 28-12-2018 06:19:22 PM   :::   18:19:22.0454232

::::::::::: PreSendRequestHeaders Request called at 28-12-2018 06:19:22 PM   :::   18:19:22.0474265

::::::::::: BeginRequest Request called at 28-12-2018 10:01:14 PM   :::   22:01:14.4115387

::::::::::: AuthenticateRequest Request called at 28-12-2018 10:01:14 PM   :::   22:01:14.4225350

::::::::::: PostAuthenticateRequest Request called at 28-12-2018 10:01:14 PM   :::   22:01:14.4275354

::::::::::: AuthorizeRequest Request called at 28-12-2018 10:01:14 PM   :::   22:01:14.4305383

::::::::::: PostAuthorizeRequest Request called at 28-12-2018 10:01:14 PM   :::   22:01:14.4315347

::::::::::: End Request called at 28-12-2018 10:01:14 PM   :::   22:01:14.4405346

::::::::::: PostResolveRequestCache Request called at 28-12-2018 10:01:14 PM   :::   22:01:14.5875312

::::::::::: AcquireRequestState Request called at 28-12-2018 10:01:14 PM   :::   22:01:14.5995377

::::::::::: PostAcquireRequestState Request called at 28-12-2018 10:01:14 PM   :::   22:01:14.6025368

::::::::::: PreRequestHandlerExecute Request called at 28-12-2018 10:01:14 PM   :::   22:01:14.6035516

::::::::::: PostRequestHandlerExecute Request called at 28-12-2018 10:01:17 PM   :::   22:01:17.1305361

::::::::::: ReleaseRequestState Request called at 28-12-2018 10:01:17 PM   :::   22:01:17.1335430

::::::::::: PostReleaseRequestState Request called at 28-12-2018 10:01:17 PM   :::   22:01:17.1355313

::::::::::: UpdateRequestCache Request called at 28-12-2018 10:01:17 PM   :::   22:01:17.1375308

::::::::::: EndRequest Request called at 28-12-2018 10:01:17 PM   :::   22:01:17.1415551

::::::::::: PreSendRequestContent Request called at 28-12-2018 10:01:17 PM   :::   22:01:17.1545376

::::::::::: PreSendRequestHeaders Request called at 28-12-2018 10:01:17 PM   :::   22:01:17.1565376

::::::::::: BeginRequest Request called at 28-12-2018 10:01:17 PM   :::   22:01:17.2125349

::::::::::: BeginRequest Request called at 28-12-2018 10:01:17 PM   :::   22:01:17.2135388

::::::::::: AuthenticateRequest Request called at 28-12-2018 10:01:17 PM   :::   22:01:17.2145345

::::::::::: AuthenticateRequest Request called at 28-12-2018 10:01:17 PM   :::   22:01:17.2155350

::::::::::: PostAuthenticateRequest Request called at 28-12-2018 10:01:17 PM   :::   22:01:17.2165346

::::::::::: PostAuthenticateRequest Request called at 28-12-2018 10:01:17 PM   :::   22:01:17.2165346

::::::::::: AuthorizeRequest Request called at 28-12-2018 10:01:17 PM   :::   22:01:17.2185607

::::::::::: PostAuthorizeRequest Request called at 28-12-2018 10:01:17 PM   :::   22:01:17.2205379

::::::::::: BeginRequest Request called at 28-12-2018 10:01:17 PM   :::   22:01:17.2215363

::::::::::: End Request called at 28-12-2018 10:01:17 PM   :::   22:01:17.2215363

::::::::::: AuthenticateRequest Request called at 28-12-2018 10:01:17 PM   :::   22:01:17.2235313

::::::::::: PostResolveRequestCache Request called at 28-12-2018 10:01:17 PM   :::   22:01:17.2245347

::::::::::: BeginRequest Request called at 28-12-2018 10:01:17 PM   :::   22:01:17.3065335

::::::::::: AuthenticateRequest Request called at 28-12-2018 10:01:17 PM   :::   22:01:17.3085309

::::::::::: BeginRequest Request called at 28-12-2018 10:01:17 PM   :::   22:01:17.2265356

::::::::::: AuthenticateRequest Request called at 28-12-2018 10:01:17 PM   :::   22:01:17.3125329

::::::::::: PostAuthorizeRequest Request called at 28-12-2018 10:01:17 PM   :::   22:01:17.3315320

::::::::::: PostAuthenticateRequest Request called at 28-12-2018 10:01:17 PM   :::   22:01:17.3315320

::::::::::: End Request called at 28-12-2018 10:01:17 PM   :::   22:01:17.3335313

::::::::::: PostResolveRequestCache Request called at 28-12-2018 10:01:17 PM   :::   22:01:17.3355334

::::::::::: AcquireRequestState Request called at 28-12-2018 10:01:17 PM   :::   22:01:17.3375383

::::::::::: PostAcquireRequestState Request called at 28-12-2018 10:01:17 PM   :::   22:01:17.3395349

::::::::::: PreRequestHandlerExecute Request called at 28-12-2018 10:01:17 PM   :::   22:01:17.3405348

::::::::::: PostAuthenticateRequest Request called at 28-12-2018 10:01:17 PM   :::   22:01:17.3455325

::::::::::: AcquireRequestState Request called at 28-12-2018 10:01:17 PM   :::   22:01:17.2265356

::::::::::: PostAcquireRequestState Request called at 28-12-2018 10:01:17 PM   :::   22:01:17.3505350

::::::::::: AuthorizeRequest Request called at 28-12-2018 10:01:17 PM   :::   22:01:17.3515331

::::::::::: PostAuthorizeRequest Request called at 28-12-2018 10:01:17 PM   :::   22:01:17.3535348

::::::::::: PreRequestHandlerExecute Request called at 28-12-2018 10:01:17 PM   :::   22:01:17.3525515

::::::::::: End Request called at 28-12-2018 10:01:17 PM   :::   22:01:17.3545351

::::::::::: AuthorizeRequest Request called at 28-12-2018 10:01:17 PM   :::   22:01:17.3605300

::::::::::: PostAuthorizeRequest Request called at 28-12-2018 10:01:17 PM   :::   22:01:17.3615309

::::::::::: End Request called at 28-12-2018 10:01:17 PM   :::   22:01:17.3635315

::::::::::: PostResolveRequestCache Request called at 28-12-2018 10:01:17 PM   :::   22:01:17.3645353

::::::::::: AcquireRequestState Request called at 28-12-2018 10:01:17 PM   :::   22:01:17.3665346

::::::::::: PostAcquireRequestState Request called at 28-12-2018 10:01:17 PM   :::   22:01:17.3675348

::::::::::: PreRequestHandlerExecute Request called at 28-12-2018 10:01:17 PM   :::   22:01:17.3945334

::::::::::: PostResolveRequestCache Request called at 28-12-2018 10:01:17 PM   :::   22:01:17.3565312

::::::::::: AcquireRequestState Request called at 28-12-2018 10:01:17 PM   :::   22:01:17.3965310

::::::::::: PostAcquireRequestState Request called at 28-12-2018 10:01:17 PM   :::   22:01:17.3975343

::::::::::: PreRequestHandlerExecute Request called at 28-12-2018 10:01:17 PM   :::   22:01:17.3995297

::::::::::: AuthorizeRequest Request called at 28-12-2018 10:01:17 PM   :::   22:01:17.4205318

::::::::::: PostAuthorizeRequest Request called at 28-12-2018 10:01:17 PM   :::   22:01:17.4225356

::::::::::: End Request called at 28-12-2018 10:01:17 PM   :::   22:01:17.4245341

::::::::::: PostResolveRequestCache Request called at 28-12-2018 10:01:17 PM   :::   22:01:17.4255355

::::::::::: PostRequestHandlerExecute Request called at 28-12-2018 10:01:17 PM   :::   22:01:17.4345356

::::::::::: ReleaseRequestState Request called at 28-12-2018 10:01:17 PM   :::   22:01:17.4355349

::::::::::: PostReleaseRequestState Request called at 28-12-2018 10:01:17 PM   :::   22:01:17.4375342

::::::::::: UpdateRequestCache Request called at 28-12-2018 10:01:17 PM   :::   22:01:17.4385347

::::::::::: AcquireRequestState Request called at 28-12-2018 10:01:17 PM   :::   22:01:17.4405331

::::::::::: PostRequestHandlerExecute Request called at 28-12-2018 10:01:17 PM   :::   22:01:17.4405331

::::::::::: PostAcquireRequestState Request called at 28-12-2018 10:01:17 PM   :::   22:01:17.4415322

::::::::::: ReleaseRequestState Request called at 28-12-2018 10:01:17 PM   :::   22:01:17.4425340

::::::::::: PreRequestHandlerExecute Request called at 28-12-2018 10:01:17 PM   :::   22:01:17.4435324

::::::::::: PostReleaseRequestState Request called at 28-12-2018 10:01:17 PM   :::   22:01:17.4435324

::::::::::: UpdateRequestCache Request called at 28-12-2018 10:01:17 PM   :::   22:01:17.4455371

::::::::::: EndRequest Request called at 28-12-2018 10:01:17 PM   :::   22:01:17.4405331

::::::::::: EndRequest Request called at 28-12-2018 10:01:17 PM   :::   22:01:17.4475342

::::::::::: PreSendRequestContent Request called at 28-12-2018 10:01:17 PM   :::   22:01:17.4495305

::::::::::: PreSendRequestHeaders Request called at 28-12-2018 10:01:17 PM   :::   22:01:17.4575340

::::::::::: ReleaseRequestState Request called at 28-12-2018 10:01:17 PM   :::   22:01:17.4785349

::::::::::: BeginRequest Request called at 28-12-2018 10:01:17 PM   :::   22:01:17.4795363

::::::::::: PostRequestHandlerExecute Request called at 28-12-2018 10:01:17 PM   :::   22:01:17.4795363

::::::::::: AuthenticateRequest Request called at 28-12-2018 10:01:17 PM   :::   22:01:17.4805332

::::::::::: ReleaseRequestState Request called at 28-12-2018 10:01:17 PM   :::   22:01:17.4825343

::::::::::: PostAuthenticateRequest Request called at 28-12-2018 10:01:17 PM   :::   22:01:17.4835328

::::::::::: PostReleaseRequestState Request called at 28-12-2018 10:01:17 PM   :::   22:01:17.4845348

::::::::::: AuthorizeRequest Request called at 28-12-2018 10:01:17 PM   :::   22:01:17.4855351

::::::::::: UpdateRequestCache Request called at 28-12-2018 10:01:17 PM   :::   22:01:17.4865578

::::::::::: PostAuthorizeRequest Request called at 28-12-2018 10:01:17 PM   :::   22:01:17.4865578

::::::::::: End Request called at 28-12-2018 10:01:17 PM   :::   22:01:17.4895338

::::::::::: PostResolveRequestCache Request called at 28-12-2018 10:01:17 PM   :::   22:01:17.4915330

::::::::::: EndRequest Request called at 28-12-2018 10:01:17 PM   :::   22:01:17.4905322

::::::::::: AcquireRequestState Request called at 28-12-2018 10:01:17 PM   :::   22:01:17.4935322

::::::::::: PreSendRequestContent Request called at 28-12-2018 10:01:17 PM   :::   22:01:17.4935322

::::::::::: PreSendRequestHeaders Request called at 28-12-2018 10:01:17 PM   :::   22:01:17.4945326

::::::::::: PostRequestHandlerExecute Request called at 28-12-2018 10:01:17 PM   :::   22:01:17.5545367

::::::::::: ReleaseRequestState Request called at 28-12-2018 10:01:17 PM   :::   22:01:17.5625298

::::::::::: PostReleaseRequestState Request called at 28-12-2018 10:01:17 PM   :::   22:01:17.5645337

::::::::::: UpdateRequestCache Request called at 28-12-2018 10:01:17 PM   :::   22:01:17.5655390

::::::::::: EndRequest Request called at 28-12-2018 10:01:17 PM   :::   22:01:17.5775355

::::::::::: PreSendRequestContent Request called at 28-12-2018 10:01:17 PM   :::   22:01:17.5785332

::::::::::: PreSendRequestHeaders Request called at 28-12-2018 10:01:17 PM   :::   22:01:17.5875350

::::::::::: PreSendRequestHeaders Request called at 28-12-2018 10:01:17 PM   :::   22:01:17.6395316

::::::::::: PreRequestHandlerExecute Request called at 28-12-2018 10:01:17 PM   :::   22:01:17.6715334

::::::::::: PostRequestHandlerExecute Request called at 28-12-2018 10:01:17 PM   :::   22:01:17.6735324

::::::::::: ReleaseRequestState Request called at 28-12-2018 10:01:17 PM   :::   22:01:17.6745334

::::::::::: PostReleaseRequestState Request called at 28-12-2018 10:01:17 PM   :::   22:01:17.6765338

::::::::::: UpdateRequestCache Request called at 28-12-2018 10:01:17 PM   :::   22:01:17.6785325

::::::::::: EndRequest Request called at 28-12-2018 10:01:17 PM   :::   22:01:17.6795331

::::::::::: PreSendRequestContent Request called at 28-12-2018 10:01:17 PM   :::   22:01:17.6805355

::::::::::: PreSendRequestHeaders Request called at 28-12-2018 10:01:17 PM   :::   22:01:17.6815331

::::::::::: EndRequest Request called at 28-12-2018 10:01:17 PM   :::   22:01:17.7225344

::::::::::: PreSendRequestContent Request called at 28-12-2018 10:01:17 PM   :::   22:01:17.7245344

::::::::::: PreSendRequestHeaders Request called at 28-12-2018 10:01:17 PM   :::   22:01:17.7255353

::::::::::: BeginRequest Request called at 28-12-2018 10:01:21 PM   :::   22:01:21.2165333

::::::::::: AuthenticateRequest Request called at 28-12-2018 10:01:21 PM   :::   22:01:21.2175334

::::::::::: PostAuthenticateRequest Request called at 28-12-2018 10:01:21 PM   :::   22:01:21.2185346

::::::::::: AuthorizeRequest Request called at 28-12-2018 10:01:21 PM   :::   22:01:21.2205334

::::::::::: PostAuthorizeRequest Request called at 28-12-2018 10:01:21 PM   :::   22:01:21.2215326

::::::::::: End Request called at 28-12-2018 10:01:21 PM   :::   22:01:21.2225471

::::::::::: PostResolveRequestCache Request called at 28-12-2018 10:01:21 PM   :::   22:01:21.2365349

::::::::::: AcquireRequestState Request called at 28-12-2018 10:01:21 PM   :::   22:01:21.2385318

::::::::::: PostAcquireRequestState Request called at 28-12-2018 10:01:21 PM   :::   22:01:21.2395323

::::::::::: PreRequestHandlerExecute Request called at 28-12-2018 10:01:21 PM   :::   22:01:21.2415337

::::::::::: PostRequestHandlerExecute Request called at 28-12-2018 10:01:21 PM   :::   22:01:21.4105356

::::::::::: ReleaseRequestState Request called at 28-12-2018 10:01:21 PM   :::   22:01:21.4125345

::::::::::: PostReleaseRequestState Request called at 28-12-2018 10:01:21 PM   :::   22:01:21.4155335

::::::::::: UpdateRequestCache Request called at 28-12-2018 10:01:21 PM   :::   22:01:21.4175333

::::::::::: EndRequest Request called at 28-12-2018 10:01:21 PM   :::   22:01:21.4185338

::::::::::: PreSendRequestContent Request called at 28-12-2018 10:01:21 PM   :::   22:01:21.4205361

::::::::::: PreSendRequestHeaders Request called at 28-12-2018 10:01:21 PM   :::   22:01:21.4215337

::::::::::: BeginRequest Request called at 28-12-2018 10:01:21 PM   :::   22:01:21.4365362

::::::::::: AuthenticateRequest Request called at 28-12-2018 10:01:21 PM   :::   22:01:21.4395348

::::::::::: PostAuthenticateRequest Request called at 28-12-2018 10:01:21 PM   :::   22:01:21.4405326

::::::::::: AuthorizeRequest Request called at 28-12-2018 10:01:21 PM   :::   22:01:21.4425340

::::::::::: PostAuthorizeRequest Request called at 28-12-2018 10:01:21 PM   :::   22:01:21.4445342

::::::::::: End Request called at 28-12-2018 10:01:21 PM   :::   22:01:21.4475363

::::::::::: PostResolveRequestCache Request called at 28-12-2018 10:01:21 PM   :::   22:01:21.4505343

::::::::::: AcquireRequestState Request called at 28-12-2018 10:01:21 PM   :::   22:01:21.4525363

::::::::::: PostAcquireRequestState Request called at 28-12-2018 10:01:21 PM   :::   22:01:21.4545337

::::::::::: PreRequestHandlerExecute Request called at 28-12-2018 10:01:21 PM   :::   22:01:21.4565357

::::::::::: PostRequestHandlerExecute Request called at 28-12-2018 10:01:57 PM   :::   22:01:57.6355303

::::::::::: ReleaseRequestState Request called at 28-12-2018 10:01:57 PM   :::   22:01:57.6365363

::::::::::: PostReleaseRequestState Request called at 28-12-2018 10:01:57 PM   :::   22:01:57.6375343

::::::::::: UpdateRequestCache Request called at 28-12-2018 10:01:57 PM   :::   22:01:57.6395324

::::::::::: EndRequest Request called at 28-12-2018 10:01:57 PM   :::   22:01:57.6405343

::::::::::: PreSendRequestContent Request called at 28-12-2018 10:01:57 PM   :::   22:01:57.6415340

::::::::::: PreSendRequestHeaders Request called at 28-12-2018 10:01:57 PM   :::   22:01:57.6425339

::::::::::: BeginRequest Request called at 28-12-2018 10:02:28 PM   :::   22:02:28.6026224

::::::::::: AuthenticateRequest Request called at 28-12-2018 10:02:28 PM   :::   22:02:28.6046236

::::::::::: PostAuthenticateRequest Request called at 28-12-2018 10:02:28 PM   :::   22:02:28.6066279

::::::::::: AuthorizeRequest Request called at 28-12-2018 10:02:28 PM   :::   22:02:28.6096274

::::::::::: PostAuthorizeRequest Request called at 28-12-2018 10:02:28 PM   :::   22:02:28.6116283

::::::::::: End Request called at 28-12-2018 10:02:28 PM   :::   22:02:28.6136269

::::::::::: PostResolveRequestCache Request called at 28-12-2018 10:02:28 PM   :::   22:02:28.6156233

::::::::::: AcquireRequestState Request called at 28-12-2018 10:02:28 PM   :::   22:02:28.6176250

::::::::::: PostAcquireRequestState Request called at 28-12-2018 10:02:28 PM   :::   22:02:28.6186252

::::::::::: PreRequestHandlerExecute Request called at 28-12-2018 10:02:28 PM   :::   22:02:28.6206265

::::::::::: PostRequestHandlerExecute Request called at 28-12-2018 10:03:01 PM   :::   22:03:01.7104047

::::::::::: ReleaseRequestState Request called at 28-12-2018 10:03:01 PM   :::   22:03:01.7124057

::::::::::: PostReleaseRequestState Request called at 28-12-2018 10:03:01 PM   :::   22:03:01.7134064

::::::::::: UpdateRequestCache Request called at 28-12-2018 10:03:01 PM   :::   22:03:01.7144060

::::::::::: EndRequest Request called at 28-12-2018 10:03:01 PM   :::   22:03:01.7144060

::::::::::: PreSendRequestContent Request called at 28-12-2018 10:03:01 PM   :::   22:03:01.7164074

::::::::::: PreSendRequestHeaders Request called at 28-12-2018 10:03:01 PM   :::   22:03:01.7174088

::::::::::: BeginRequest Request called at 28-12-2018 10:03:19 PM   :::   22:03:19.3965680

::::::::::: AuthenticateRequest Request called at 28-12-2018 10:03:19 PM   :::   22:03:19.3985539

::::::::::: PostAuthenticateRequest Request called at 28-12-2018 10:03:19 PM   :::   22:03:19.4005584

::::::::::: AuthorizeRequest Request called at 28-12-2018 10:03:19 PM   :::   22:03:19.4025773

::::::::::: PostAuthorizeRequest Request called at 28-12-2018 10:03:19 PM   :::   22:03:19.4055567

::::::::::: End Request called at 28-12-2018 10:03:19 PM   :::   22:03:19.4065524

::::::::::: PostResolveRequestCache Request called at 28-12-2018 10:03:19 PM   :::   22:03:19.4085543

::::::::::: AcquireRequestState Request called at 28-12-2018 10:03:19 PM   :::   22:03:19.4105829

::::::::::: PostAcquireRequestState Request called at 28-12-2018 10:03:19 PM   :::   22:03:19.4115576

::::::::::: PreRequestHandlerExecute Request called at 28-12-2018 10:03:19 PM   :::   22:03:19.4125554

::::::::::: PostRequestHandlerExecute Request called at 28-12-2018 10:03:19 PM   :::   22:03:19.4595702

::::::::::: ReleaseRequestState Request called at 28-12-2018 10:03:19 PM   :::   22:03:19.4615565

::::::::::: PostReleaseRequestState Request called at 28-12-2018 10:03:19 PM   :::   22:03:19.4625518

::::::::::: UpdateRequestCache Request called at 28-12-2018 10:03:19 PM   :::   22:03:19.4645550

::::::::::: EndRequest Request called at 28-12-2018 10:03:19 PM   :::   22:03:19.4655534

::::::::::: PreSendRequestContent Request called at 28-12-2018 10:03:19 PM   :::   22:03:19.4665529

::::::::::: PreSendRequestHeaders Request called at 28-12-2018 10:03:19 PM   :::   22:03:19.4705528

::::::::::: BeginRequest Request called at 28-12-2018 10:03:19 PM   :::   22:03:19.6255615

::::::::::: AuthenticateRequest Request called at 28-12-2018 10:03:19 PM   :::   22:03:19.6265532

::::::::::: PostAuthenticateRequest Request called at 28-12-2018 10:03:19 PM   :::   22:03:19.6285582

::::::::::: AuthorizeRequest Request called at 28-12-2018 10:03:19 PM   :::   22:03:19.6305542

::::::::::: PostAuthorizeRequest Request called at 28-12-2018 10:03:19 PM   :::   22:03:19.6315516

::::::::::: End Request called at 28-12-2018 10:03:19 PM   :::   22:03:19.6335525

::::::::::: PostResolveRequestCache Request called at 28-12-2018 10:03:19 PM   :::   22:03:19.6365580

::::::::::: AcquireRequestState Request called at 28-12-2018 10:03:19 PM   :::   22:03:19.6375553

::::::::::: PostAcquireRequestState Request called at 28-12-2018 10:03:19 PM   :::   22:03:19.6395544

::::::::::: PreRequestHandlerExecute Request called at 28-12-2018 10:03:19 PM   :::   22:03:19.6405566

::::::::::: PostRequestHandlerExecute Request called at 28-12-2018 10:04:07 PM   :::   22:04:07.2055540

::::::::::: ReleaseRequestState Request called at 28-12-2018 10:04:07 PM   :::   22:04:07.2065503

::::::::::: PostReleaseRequestState Request called at 28-12-2018 10:04:07 PM   :::   22:04:07.2085559

::::::::::: UpdateRequestCache Request called at 28-12-2018 10:04:07 PM   :::   22:04:07.2095575

::::::::::: EndRequest Request called at 28-12-2018 10:04:07 PM   :::   22:04:07.2105541

::::::::::: PreSendRequestContent Request called at 28-12-2018 10:04:07 PM   :::   22:04:07.2115695

::::::::::: PreSendRequestHeaders Request called at 28-12-2018 10:04:07 PM   :::   22:04:07.2135496

::::::::::: BeginRequest Request called at 28-12-2018 10:43:36 PM   :::   22:43:36.3427743

::::::::::: AuthenticateRequest Request called at 28-12-2018 10:43:36 PM   :::   22:43:36.3467745

::::::::::: PostAuthenticateRequest Request called at 28-12-2018 10:43:36 PM   :::   22:43:36.3477764

::::::::::: AuthorizeRequest Request called at 28-12-2018 10:43:36 PM   :::   22:43:36.3507715

::::::::::: PostAuthorizeRequest Request called at 28-12-2018 10:43:36 PM   :::   22:43:36.3537738

::::::::::: End Request called at 28-12-2018 10:43:36 PM   :::   22:43:36.3557762

::::::::::: PostResolveRequestCache Request called at 28-12-2018 10:43:36 PM   :::   22:43:36.3587749

::::::::::: AcquireRequestState Request called at 28-12-2018 10:43:36 PM   :::   22:43:36.3618284

::::::::::: PostAcquireRequestState Request called at 28-12-2018 10:43:36 PM   :::   22:43:36.3688217

::::::::::: PreRequestHandlerExecute Request called at 28-12-2018 10:43:36 PM   :::   22:43:36.3707727

::::::::::: PostRequestHandlerExecute Request called at 28-12-2018 10:43:36 PM   :::   22:43:36.3747738

::::::::::: ReleaseRequestState Request called at 28-12-2018 10:43:36 PM   :::   22:43:36.3767950

::::::::::: PostReleaseRequestState Request called at 28-12-2018 10:43:36 PM   :::   22:43:36.3907733

::::::::::: UpdateRequestCache Request called at 28-12-2018 10:43:36 PM   :::   22:43:36.4017729

::::::::::: EndRequest Request called at 28-12-2018 10:43:36 PM   :::   22:43:36.4047733

::::::::::: PreSendRequestContent Request called at 28-12-2018 10:43:36 PM   :::   22:43:36.4077729

::::::::::: PreSendRequestHeaders Request called at 28-12-2018 10:43:36 PM   :::   22:43:36.4087711

::::::::::: BeginRequest Request called at 28-12-2018 10:43:36 PM   :::   22:43:36.5947728

::::::::::: AuthenticateRequest Request called at 28-12-2018 10:43:36 PM   :::   22:43:36.5967740

::::::::::: PostAuthenticateRequest Request called at 28-12-2018 10:43:36 PM   :::   22:43:36.5987742

::::::::::: AuthorizeRequest Request called at 28-12-2018 10:43:36 PM   :::   22:43:36.6007794

::::::::::: PostAuthorizeRequest Request called at 28-12-2018 10:43:36 PM   :::   22:43:36.6027729

::::::::::: End Request called at 28-12-2018 10:43:36 PM   :::   22:43:36.6047719

::::::::::: PostResolveRequestCache Request called at 28-12-2018 10:43:36 PM   :::   22:43:36.6067739

::::::::::: AcquireRequestState Request called at 28-12-2018 10:43:36 PM   :::   22:43:36.6097771

::::::::::: PostAcquireRequestState Request called at 28-12-2018 10:43:36 PM   :::   22:43:36.6107723

::::::::::: PreRequestHandlerExecute Request called at 28-12-2018 10:43:36 PM   :::   22:43:36.6127719

::::::::::: BeginRequest Request called at 28-12-2018 10:43:53 PM   :::   22:43:53.3041465

::::::::::: AuthenticateRequest Request called at 28-12-2018 10:43:53 PM   :::   22:43:53.3121475

::::::::::: PostAuthenticateRequest Request called at 28-12-2018 10:43:53 PM   :::   22:43:53.3211449

::::::::::: AuthorizeRequest Request called at 28-12-2018 10:43:53 PM   :::   22:43:53.3291662

::::::::::: PostAuthorizeRequest Request called at 28-12-2018 10:43:53 PM   :::   22:43:53.3341716

::::::::::: End Request called at 28-12-2018 10:43:53 PM   :::   22:43:53.3461466

::::::::::: PostResolveRequestCache Request called at 28-12-2018 10:43:53 PM   :::   22:43:53.3471457

::::::::::: AcquireRequestState Request called at 28-12-2018 10:43:53 PM   :::   22:43:53.3491458

::::::::::: PostAcquireRequestState Request called at 28-12-2018 10:43:53 PM   :::   22:43:53.3501469

::::::::::: PreRequestHandlerExecute Request called at 28-12-2018 10:43:53 PM   :::   22:43:53.3591516

::::::::::: PostRequestHandlerExecute Request called at 28-12-2018 10:43:53 PM   :::   22:43:53.3991556

::::::::::: ReleaseRequestState Request called at 28-12-2018 10:43:53 PM   :::   22:43:53.4051671

::::::::::: PostReleaseRequestState Request called at 28-12-2018 10:43:53 PM   :::   22:43:53.4091484

::::::::::: UpdateRequestCache Request called at 28-12-2018 10:43:53 PM   :::   22:43:53.4131687

::::::::::: EndRequest Request called at 28-12-2018 10:43:53 PM   :::   22:43:53.4191716

::::::::::: PreSendRequestContent Request called at 28-12-2018 10:43:53 PM   :::   22:43:53.4221480

::::::::::: PreSendRequestHeaders Request called at 28-12-2018 10:43:53 PM   :::   22:43:53.4261479

::::::::::: BeginRequest Request called at 28-12-2018 10:43:54 PM   :::   22:43:54.2461458

::::::::::: AuthenticateRequest Request called at 28-12-2018 10:43:54 PM   :::   22:43:54.2491443

::::::::::: PostAuthenticateRequest Request called at 28-12-2018 10:43:54 PM   :::   22:43:54.2511452

::::::::::: AuthorizeRequest Request called at 28-12-2018 10:43:54 PM   :::   22:43:54.2551469

::::::::::: PostAuthorizeRequest Request called at 28-12-2018 10:43:54 PM   :::   22:43:54.3431531

::::::::::: End Request called at 28-12-2018 10:43:54 PM   :::   22:43:54.3831454

::::::::::: PostResolveRequestCache Request called at 28-12-2018 10:43:54 PM   :::   22:43:54.3861449

::::::::::: AcquireRequestState Request called at 28-12-2018 10:43:54 PM   :::   22:43:54.3871503

::::::::::: PostAcquireRequestState Request called at 28-12-2018 10:43:54 PM   :::   22:43:54.3891459

::::::::::: PreRequestHandlerExecute Request called at 28-12-2018 10:43:54 PM   :::   22:43:54.3911456

::::::::::: PostRequestHandlerExecute Request called at 28-12-2018 10:44:10 PM   :::   22:44:10.1845156

::::::::::: ReleaseRequestState Request called at 28-12-2018 10:44:10 PM   :::   22:44:10.1855530

::::::::::: PostReleaseRequestState Request called at 28-12-2018 10:44:10 PM   :::   22:44:10.1865197

::::::::::: UpdateRequestCache Request called at 28-12-2018 10:44:10 PM   :::   22:44:10.1865197

::::::::::: EndRequest Request called at 28-12-2018 10:44:10 PM   :::   22:44:10.1885153

::::::::::: PostRequestHandlerExecute Request called at 28-12-2018 10:44:13 PM   :::   22:44:13.2178279

::::::::::: ReleaseRequestState Request called at 28-12-2018 10:44:13 PM   :::   22:44:13.2188270

::::::::::: PostReleaseRequestState Request called at 28-12-2018 10:44:13 PM   :::   22:44:13.2208301

::::::::::: UpdateRequestCache Request called at 28-12-2018 10:44:13 PM   :::   22:44:13.2218268

::::::::::: EndRequest Request called at 28-12-2018 10:44:13 PM   :::   22:44:13.2228604

::::::::::: PreSendRequestContent Request called at 28-12-2018 10:44:13 PM   :::   22:44:13.2248306

::::::::::: PreSendRequestHeaders Request called at 28-12-2018 10:44:13 PM   :::   22:44:13.2258263

::::::::::: BeginRequest Request called at 28-12-2018 10:44:31 PM   :::   22:44:31.2890937

::::::::::: AuthenticateRequest Request called at 28-12-2018 10:44:31 PM   :::   22:44:31.2901004

::::::::::: PostAuthenticateRequest Request called at 28-12-2018 10:44:31 PM   :::   22:44:31.2920919

::::::::::: AuthorizeRequest Request called at 28-12-2018 10:44:31 PM   :::   22:44:31.2930941

::::::::::: PostAuthorizeRequest Request called at 28-12-2018 10:44:31 PM   :::   22:44:31.2950990

::::::::::: End Request called at 28-12-2018 10:44:31 PM   :::   22:44:31.2960956

::::::::::: PostResolveRequestCache Request called at 28-12-2018 10:44:31 PM   :::   22:44:31.2980943

::::::::::: AcquireRequestState Request called at 28-12-2018 10:44:31 PM   :::   22:44:31.3000908

::::::::::: PostAcquireRequestState Request called at 28-12-2018 10:44:31 PM   :::   22:44:31.3010931

::::::::::: PreRequestHandlerExecute Request called at 28-12-2018 10:44:31 PM   :::   22:44:31.3021070

::::::::::: PostRequestHandlerExecute Request called at 28-12-2018 10:44:31 PM   :::   22:44:31.3050950

::::::::::: ReleaseRequestState Request called at 28-12-2018 10:44:31 PM   :::   22:44:31.3060934

::::::::::: PostReleaseRequestState Request called at 28-12-2018 10:44:31 PM   :::   22:44:31.3081201

::::::::::: UpdateRequestCache Request called at 28-12-2018 10:44:31 PM   :::   22:44:31.3090963

::::::::::: EndRequest Request called at 28-12-2018 10:44:31 PM   :::   22:44:31.3100913

::::::::::: PreSendRequestContent Request called at 28-12-2018 10:44:31 PM   :::   22:44:31.3120945

::::::::::: PreSendRequestHeaders Request called at 28-12-2018 10:44:31 PM   :::   22:44:31.3130957

::::::::::: BeginRequest Request called at 28-12-2018 10:44:31 PM   :::   22:44:31.3720936

::::::::::: AuthenticateRequest Request called at 28-12-2018 10:44:31 PM   :::   22:44:31.3730963

::::::::::: PostAuthenticateRequest Request called at 28-12-2018 10:44:31 PM   :::   22:44:31.3750935

::::::::::: AuthorizeRequest Request called at 28-12-2018 10:44:31 PM   :::   22:44:31.3760967

::::::::::: PostAuthorizeRequest Request called at 28-12-2018 10:44:31 PM   :::   22:44:31.3770952

::::::::::: End Request called at 28-12-2018 10:44:31 PM   :::   22:44:31.3791192

::::::::::: PostResolveRequestCache Request called at 28-12-2018 10:44:31 PM   :::   22:44:31.3800970

::::::::::: AcquireRequestState Request called at 28-12-2018 10:44:31 PM   :::   22:44:31.3820922

::::::::::: PostAcquireRequestState Request called at 28-12-2018 10:44:31 PM   :::   22:44:31.3830936

::::::::::: PreRequestHandlerExecute Request called at 28-12-2018 10:44:31 PM   :::   22:44:31.3840937

::::::::::: BeginRequest Request called at 28-12-2018 10:45:21 PM   :::   22:45:21.7477378

::::::::::: AuthenticateRequest Request called at 28-12-2018 10:45:21 PM   :::   22:45:21.7557129

::::::::::: PostAuthenticateRequest Request called at 28-12-2018 10:45:21 PM   :::   22:45:21.7657439

::::::::::: AuthorizeRequest Request called at 28-12-2018 10:45:21 PM   :::   22:45:21.7687150

::::::::::: PostAuthorizeRequest Request called at 28-12-2018 10:45:21 PM   :::   22:45:21.7697123

::::::::::: End Request called at 28-12-2018 10:45:21 PM   :::   22:45:21.7717134

::::::::::: PostResolveRequestCache Request called at 28-12-2018 10:45:21 PM   :::   22:45:21.8167144

::::::::::: AcquireRequestState Request called at 28-12-2018 10:45:21 PM   :::   22:45:21.8317205

::::::::::: PostAcquireRequestState Request called at 28-12-2018 10:45:21 PM   :::   22:45:21.8357149

::::::::::: PreRequestHandlerExecute Request called at 28-12-2018 10:45:21 PM   :::   22:45:21.8377142

::::::::::: PostRequestHandlerExecute Request called at 28-12-2018 10:45:23 PM   :::   22:45:23.1437174

::::::::::: ReleaseRequestState Request called at 28-12-2018 10:45:23 PM   :::   22:45:23.1487481

::::::::::: PostReleaseRequestState Request called at 28-12-2018 10:45:23 PM   :::   22:45:23.1517129

::::::::::: UpdateRequestCache Request called at 28-12-2018 10:45:23 PM   :::   22:45:23.1527136

::::::::::: EndRequest Request called at 28-12-2018 10:45:23 PM   :::   22:45:23.1557151

::::::::::: PreSendRequestContent Request called at 28-12-2018 10:45:23 PM   :::   22:45:23.1677112

::::::::::: PreSendRequestHeaders Request called at 28-12-2018 10:45:23 PM   :::   22:45:23.1697113

::::::::::: BeginRequest Request called at 28-12-2018 10:45:26 PM   :::   22:45:26.5617160

::::::::::: AuthenticateRequest Request called at 28-12-2018 10:45:26 PM   :::   22:45:26.5637125

::::::::::: PostAuthenticateRequest Request called at 28-12-2018 10:45:26 PM   :::   22:45:26.5647127

::::::::::: AuthorizeRequest Request called at 28-12-2018 10:45:26 PM   :::   22:45:26.5657142

::::::::::: PostAuthorizeRequest Request called at 28-12-2018 10:45:26 PM   :::   22:45:26.5677146

::::::::::: End Request called at 28-12-2018 10:45:26 PM   :::   22:45:26.5687139

::::::::::: PostResolveRequestCache Request called at 28-12-2018 10:45:26 PM   :::   22:45:26.5737149

::::::::::: AcquireRequestState Request called at 28-12-2018 10:45:26 PM   :::   22:45:26.5767164

::::::::::: PostAcquireRequestState Request called at 28-12-2018 10:45:26 PM   :::   22:45:26.5777132

::::::::::: PreRequestHandlerExecute Request called at 28-12-2018 10:45:26 PM   :::   22:45:26.5797137

::::::::::: PostRequestHandlerExecute Request called at 28-12-2018 10:45:26 PM   :::   22:45:26.6937147

::::::::::: ReleaseRequestState Request called at 28-12-2018 10:45:26 PM   :::   22:45:26.6947160

::::::::::: PostReleaseRequestState Request called at 28-12-2018 10:45:26 PM   :::   22:45:26.6957190

::::::::::: UpdateRequestCache Request called at 28-12-2018 10:45:26 PM   :::   22:45:26.6977138

::::::::::: EndRequest Request called at 28-12-2018 10:45:26 PM   :::   22:45:26.6987161

::::::::::: PreSendRequestContent Request called at 28-12-2018 10:45:26 PM   :::   22:45:26.6997156

::::::::::: PreSendRequestHeaders Request called at 28-12-2018 10:45:26 PM   :::   22:45:26.7027154

::::::::::: BeginRequest Request called at 28-12-2018 10:45:26 PM   :::   22:45:26.8317172

::::::::::: AuthenticateRequest Request called at 28-12-2018 10:45:26 PM   :::   22:45:26.8677118

::::::::::: PostAuthenticateRequest Request called at 28-12-2018 10:45:26 PM   :::   22:45:26.8687146

::::::::::: AuthorizeRequest Request called at 28-12-2018 10:45:26 PM   :::   22:45:26.8707141

::::::::::: PostAuthorizeRequest Request called at 28-12-2018 10:45:26 PM   :::   22:45:26.8717178

::::::::::: End Request called at 28-12-2018 10:45:26 PM   :::   22:45:26.8727348

::::::::::: PostResolveRequestCache Request called at 28-12-2018 10:45:26 PM   :::   22:45:26.8747214

::::::::::: AcquireRequestState Request called at 28-12-2018 10:45:26 PM   :::   22:45:26.8767137

::::::::::: PostAcquireRequestState Request called at 28-12-2018 10:45:26 PM   :::   22:45:26.8777140

::::::::::: PreRequestHandlerExecute Request called at 28-12-2018 10:45:26 PM   :::   22:45:26.8797186

::::::::::: PostRequestHandlerExecute Request called at 28-12-2018 10:45:45 PM   :::   22:45:45.3747088

::::::::::: ReleaseRequestState Request called at 28-12-2018 10:45:45 PM   :::   22:45:45.3757116

::::::::::: PostReleaseRequestState Request called at 28-12-2018 10:45:45 PM   :::   22:45:45.3767130

::::::::::: UpdateRequestCache Request called at 28-12-2018 10:45:45 PM   :::   22:45:45.3777110

::::::::::: EndRequest Request called at 28-12-2018 10:45:45 PM   :::   22:45:45.3787101

::::::::::: PreSendRequestContent Request called at 28-12-2018 10:45:45 PM   :::   22:45:45.3807134

::::::::::: PreSendRequestHeaders Request called at 28-12-2018 10:45:45 PM   :::   22:45:45.3837126

::::::::::: BeginRequest Request called at 28-12-2018 10:46:30 PM   :::   22:46:30.7956786

::::::::::: AuthenticateRequest Request called at 28-12-2018 10:46:30 PM   :::   22:46:30.7976760

::::::::::: PostAuthenticateRequest Request called at 28-12-2018 10:46:30 PM   :::   22:46:30.8026757

::::::::::: AuthorizeRequest Request called at 28-12-2018 10:46:30 PM   :::   22:46:30.8046762

::::::::::: PostAuthorizeRequest Request called at 28-12-2018 10:46:30 PM   :::   22:46:30.8056774

::::::::::: End Request called at 28-12-2018 10:46:30 PM   :::   22:46:30.8076773

::::::::::: PostResolveRequestCache Request called at 28-12-2018 10:46:30 PM   :::   22:46:30.8096767

::::::::::: AcquireRequestState Request called at 28-12-2018 10:46:30 PM   :::   22:46:30.8106792

::::::::::: PostAcquireRequestState Request called at 28-12-2018 10:46:30 PM   :::   22:46:30.8116802

::::::::::: PreRequestHandlerExecute Request called at 28-12-2018 10:46:30 PM   :::   22:46:30.8136765

::::::::::: PostRequestHandlerExecute Request called at 28-12-2018 10:46:30 PM   :::   22:46:30.8186772

::::::::::: ReleaseRequestState Request called at 28-12-2018 10:46:30 PM   :::   22:46:30.8206745

::::::::::: PostReleaseRequestState Request called at 28-12-2018 10:46:30 PM   :::   22:46:30.8216737

::::::::::: UpdateRequestCache Request called at 28-12-2018 10:46:30 PM   :::   22:46:30.8226751

::::::::::: EndRequest Request called at 28-12-2018 10:46:30 PM   :::   22:46:30.8236764

::::::::::: PreSendRequestContent Request called at 28-12-2018 10:46:30 PM   :::   22:46:30.8256757

::::::::::: PreSendRequestHeaders Request called at 28-12-2018 10:46:30 PM   :::   22:46:30.8266782

::::::::::: BeginRequest Request called at 28-12-2018 10:46:31 PM   :::   22:46:31.0176758

::::::::::: AuthenticateRequest Request called at 28-12-2018 10:46:31 PM   :::   22:46:31.0196775

::::::::::: PostAuthenticateRequest Request called at 28-12-2018 10:46:31 PM   :::   22:46:31.0206807

::::::::::: AuthorizeRequest Request called at 28-12-2018 10:46:31 PM   :::   22:46:31.0226842

::::::::::: PostAuthorizeRequest Request called at 28-12-2018 10:46:31 PM   :::   22:46:31.0246755

::::::::::: End Request called at 28-12-2018 10:46:31 PM   :::   22:46:31.0266789

::::::::::: PostResolveRequestCache Request called at 28-12-2018 10:46:31 PM   :::   22:46:31.0286788

::::::::::: AcquireRequestState Request called at 28-12-2018 10:46:31 PM   :::   22:46:31.0306737

::::::::::: PostAcquireRequestState Request called at 28-12-2018 10:46:31 PM   :::   22:46:31.0316768

::::::::::: PreRequestHandlerExecute Request called at 28-12-2018 10:46:31 PM   :::   22:46:31.0326793

::::::::::: PostRequestHandlerExecute Request called at 28-12-2018 10:47:01 PM   :::   22:47:01.5726868

::::::::::: ReleaseRequestState Request called at 28-12-2018 10:47:01 PM   :::   22:47:01.5736801

::::::::::: PostReleaseRequestState Request called at 28-12-2018 10:47:01 PM   :::   22:47:01.5746798

::::::::::: UpdateRequestCache Request called at 28-12-2018 10:47:01 PM   :::   22:47:01.5756801

::::::::::: EndRequest Request called at 28-12-2018 10:47:01 PM   :::   22:47:01.5766822

::::::::::: PreSendRequestContent Request called at 28-12-2018 10:47:01 PM   :::   22:47:01.5776811

::::::::::: PreSendRequestHeaders Request called at 28-12-2018 10:47:01 PM   :::   22:47:01.5786807

::::::::::: BeginRequest Request called at 28-12-2018 10:48:02 PM   :::   22:48:02.7482024

::::::::::: AuthenticateRequest Request called at 28-12-2018 10:48:02 PM   :::   22:48:02.7512653

::::::::::: PostAuthenticateRequest Request called at 28-12-2018 10:48:02 PM   :::   22:48:02.7541914

::::::::::: AuthorizeRequest Request called at 28-12-2018 10:48:02 PM   :::   22:48:02.7561913

::::::::::: PostAuthorizeRequest Request called at 28-12-2018 10:48:02 PM   :::   22:48:02.7571916

::::::::::: End Request called at 28-12-2018 10:48:02 PM   :::   22:48:02.7591920

::::::::::: PostResolveRequestCache Request called at 28-12-2018 10:48:02 PM   :::   22:48:02.7611903

::::::::::: AcquireRequestState Request called at 28-12-2018 10:48:02 PM   :::   22:48:02.7631906

::::::::::: PostAcquireRequestState Request called at 28-12-2018 10:48:02 PM   :::   22:48:02.7651894

::::::::::: PreRequestHandlerExecute Request called at 28-12-2018 10:48:02 PM   :::   22:48:02.7671944

::::::::::: PostRequestHandlerExecute Request called at 28-12-2018 10:48:02 PM   :::   22:48:02.7751945

::::::::::: ReleaseRequestState Request called at 28-12-2018 10:48:02 PM   :::   22:48:02.7761971

::::::::::: PostReleaseRequestState Request called at 28-12-2018 10:48:02 PM   :::   22:48:02.7781923

::::::::::: UpdateRequestCache Request called at 28-12-2018 10:48:02 PM   :::   22:48:02.7801977

::::::::::: EndRequest Request called at 28-12-2018 10:48:02 PM   :::   22:48:02.7811885

::::::::::: PreSendRequestContent Request called at 28-12-2018 10:48:02 PM   :::   22:48:02.7901983

::::::::::: PreSendRequestHeaders Request called at 28-12-2018 10:48:02 PM   :::   22:48:02.7921975

::::::::::: BeginRequest Request called at 28-12-2018 10:48:03 PM   :::   22:48:03.1781901

::::::::::: AuthenticateRequest Request called at 28-12-2018 10:48:03 PM   :::   22:48:03.1801870

::::::::::: PostAuthenticateRequest Request called at 28-12-2018 10:48:03 PM   :::   22:48:03.1821959

::::::::::: AuthorizeRequest Request called at 28-12-2018 10:48:03 PM   :::   22:48:03.2071888

::::::::::: PostAuthorizeRequest Request called at 28-12-2018 10:48:03 PM   :::   22:48:03.2081910

::::::::::: End Request called at 28-12-2018 10:48:03 PM   :::   22:48:03.2101988

::::::::::: PostResolveRequestCache Request called at 28-12-2018 10:48:03 PM   :::   22:48:03.2111920

::::::::::: AcquireRequestState Request called at 28-12-2018 10:48:03 PM   :::   22:48:03.2131900

::::::::::: PostAcquireRequestState Request called at 28-12-2018 10:48:03 PM   :::   22:48:03.2141903

::::::::::: PreRequestHandlerExecute Request called at 28-12-2018 10:48:03 PM   :::   22:48:03.2161901

::::::::::: PostRequestHandlerExecute Request called at 28-12-2018 10:48:33 PM   :::   22:48:33.9958999

::::::::::: ReleaseRequestState Request called at 28-12-2018 10:48:33 PM   :::   22:48:33.9978991

::::::::::: PostReleaseRequestState Request called at 28-12-2018 10:48:33 PM   :::   22:48:33.9989051

::::::::::: UpdateRequestCache Request called at 28-12-2018 10:48:34 PM   :::   22:48:34.0008972

::::::::::: EndRequest Request called at 28-12-2018 10:48:34 PM   :::   22:48:34.0019024

::::::::::: PreSendRequestContent Request called at 28-12-2018 10:48:34 PM   :::   22:48:34.0028996

::::::::::: PreSendRequestHeaders Request called at 28-12-2018 10:48:34 PM   :::   22:48:34.0048987

::::::::::: BeginRequest Request called at 28-12-2018 10:49:40 PM   :::   22:49:40.2127936

::::::::::: AuthenticateRequest Request called at 28-12-2018 10:49:40 PM   :::   22:49:40.2147995

::::::::::: PostAuthenticateRequest Request called at 28-12-2018 10:49:40 PM   :::   22:49:40.2168005

::::::::::: AuthorizeRequest Request called at 28-12-2018 10:49:40 PM   :::   22:49:40.2197930

::::::::::: PostAuthorizeRequest Request called at 28-12-2018 10:49:40 PM   :::   22:49:40.2547915

::::::::::: End Request called at 28-12-2018 10:49:40 PM   :::   22:49:40.2567888

::::::::::: PostResolveRequestCache Request called at 28-12-2018 10:49:40 PM   :::   22:49:40.2577907

::::::::::: AcquireRequestState Request called at 28-12-2018 10:49:40 PM   :::   22:49:40.2597932

::::::::::: PostAcquireRequestState Request called at 28-12-2018 10:49:40 PM   :::   22:49:40.2607955

::::::::::: PreRequestHandlerExecute Request called at 28-12-2018 10:49:40 PM   :::   22:49:40.2617932

::::::::::: PostRequestHandlerExecute Request called at 28-12-2018 10:49:40 PM   :::   22:49:40.3067967

::::::::::: ReleaseRequestState Request called at 28-12-2018 10:49:40 PM   :::   22:49:40.3078129

::::::::::: PostReleaseRequestState Request called at 28-12-2018 10:49:40 PM   :::   22:49:40.3097921

::::::::::: UpdateRequestCache Request called at 28-12-2018 10:49:40 PM   :::   22:49:40.3107968

::::::::::: EndRequest Request called at 28-12-2018 10:49:40 PM   :::   22:49:40.3117957

::::::::::: PreSendRequestContent Request called at 28-12-2018 10:49:40 PM   :::   22:49:40.3217884

::::::::::: PreSendRequestHeaders Request called at 28-12-2018 10:49:40 PM   :::   22:49:40.3227903

::::::::::: BeginRequest Request called at 28-12-2018 10:49:40 PM   :::   22:49:40.4647959

::::::::::: AuthenticateRequest Request called at 28-12-2018 10:49:40 PM   :::   22:49:40.4697926

::::::::::: PostAuthenticateRequest Request called at 28-12-2018 10:49:40 PM   :::   22:49:40.4717915

::::::::::: AuthorizeRequest Request called at 28-12-2018 10:49:40 PM   :::   22:49:40.4727907

::::::::::: PostAuthorizeRequest Request called at 28-12-2018 10:49:40 PM   :::   22:49:40.4757888

::::::::::: End Request called at 28-12-2018 10:49:40 PM   :::   22:49:40.4767928

::::::::::: PostResolveRequestCache Request called at 28-12-2018 10:49:40 PM   :::   22:49:40.4787925

::::::::::: AcquireRequestState Request called at 28-12-2018 10:49:40 PM   :::   22:49:40.4807961

::::::::::: PostAcquireRequestState Request called at 28-12-2018 10:49:40 PM   :::   22:49:40.4828009

::::::::::: PreRequestHandlerExecute Request called at 28-12-2018 10:49:40 PM   :::   22:49:40.4847945

::::::::::: PostRequestHandlerExecute Request called at 28-12-2018 10:50:11 PM   :::   22:50:11.3524048

::::::::::: ReleaseRequestState Request called at 28-12-2018 10:50:11 PM   :::   22:50:11.3544073

::::::::::: PostReleaseRequestState Request called at 28-12-2018 10:50:11 PM   :::   22:50:11.3554102

::::::::::: UpdateRequestCache Request called at 28-12-2018 10:50:11 PM   :::   22:50:11.3564073

::::::::::: EndRequest Request called at 28-12-2018 10:50:11 PM   :::   22:50:11.3584027

::::::::::: PreSendRequestContent Request called at 28-12-2018 10:50:11 PM   :::   22:50:11.3604028

::::::::::: PreSendRequestHeaders Request called at 28-12-2018 10:50:11 PM   :::   22:50:11.3614049

::::::::::: BeginRequest Request called at 28-12-2018 10:51:22 PM   :::   22:51:22.2629575

::::::::::: AuthenticateRequest Request called at 28-12-2018 10:51:22 PM   :::   22:51:22.2659500

::::::::::: PostAuthenticateRequest Request called at 28-12-2018 10:51:22 PM   :::   22:51:22.2680014

::::::::::: AuthorizeRequest Request called at 28-12-2018 10:51:22 PM   :::   22:51:22.2729520

::::::::::: PostAuthorizeRequest Request called at 28-12-2018 10:51:22 PM   :::   22:51:22.2749495

::::::::::: End Request called at 28-12-2018 10:51:22 PM   :::   22:51:22.2759511

::::::::::: PostResolveRequestCache Request called at 28-12-2018 10:51:22 PM   :::   22:51:22.2779495

::::::::::: AcquireRequestState Request called at 28-12-2018 10:51:22 PM   :::   22:51:22.2799504

::::::::::: PostAcquireRequestState Request called at 28-12-2018 10:51:22 PM   :::   22:51:22.2819491

::::::::::: PreRequestHandlerExecute Request called at 28-12-2018 10:51:22 PM   :::   22:51:22.2829724

::::::::::: PostRequestHandlerExecute Request called at 28-12-2018 10:51:22 PM   :::   22:51:22.2889516

::::::::::: ReleaseRequestState Request called at 28-12-2018 10:51:22 PM   :::   22:51:22.2909720

::::::::::: PostReleaseRequestState Request called at 28-12-2018 10:51:22 PM   :::   22:51:22.2929495

::::::::::: UpdateRequestCache Request called at 28-12-2018 10:51:22 PM   :::   22:51:22.2949499

::::::::::: EndRequest Request called at 28-12-2018 10:51:22 PM   :::   22:51:22.2969487

::::::::::: PreSendRequestContent Request called at 28-12-2018 10:51:22 PM   :::   22:51:22.2989499

::::::::::: PreSendRequestHeaders Request called at 28-12-2018 10:51:22 PM   :::   22:51:22.2999545

::::::::::: BeginRequest Request called at 28-12-2018 10:51:22 PM   :::   22:51:22.6409508

::::::::::: AuthenticateRequest Request called at 28-12-2018 10:51:22 PM   :::   22:51:22.6429513

::::::::::: PostAuthenticateRequest Request called at 28-12-2018 10:51:22 PM   :::   22:51:22.6469513

::::::::::: AuthorizeRequest Request called at 28-12-2018 10:51:22 PM   :::   22:51:22.6489510

::::::::::: PostAuthorizeRequest Request called at 28-12-2018 10:51:22 PM   :::   22:51:22.6579528

::::::::::: End Request called at 28-12-2018 10:51:22 PM   :::   22:51:22.6599494

::::::::::: PostResolveRequestCache Request called at 28-12-2018 10:51:22 PM   :::   22:51:22.6619531

::::::::::: AcquireRequestState Request called at 28-12-2018 10:51:22 PM   :::   22:51:22.6639508

::::::::::: PostAcquireRequestState Request called at 28-12-2018 10:51:22 PM   :::   22:51:22.6659510

::::::::::: PreRequestHandlerExecute Request called at 28-12-2018 10:51:22 PM   :::   22:51:22.6669510

::::::::::: PostRequestHandlerExecute Request called at 28-12-2018 10:51:54 PM   :::   22:51:54.1350751

::::::::::: ReleaseRequestState Request called at 28-12-2018 10:51:54 PM   :::   22:51:54.1360756

::::::::::: PostReleaseRequestState Request called at 28-12-2018 10:51:54 PM   :::   22:51:54.1370728

::::::::::: UpdateRequestCache Request called at 28-12-2018 10:51:54 PM   :::   22:51:54.1380719

::::::::::: EndRequest Request called at 28-12-2018 10:51:54 PM   :::   22:51:54.1400746

::::::::::: PreSendRequestContent Request called at 28-12-2018 10:51:54 PM   :::   22:51:54.1410813

::::::::::: PreSendRequestHeaders Request called at 28-12-2018 10:51:54 PM   :::   22:51:54.1420727

::::::::::: BeginRequest Request called at 28-12-2018 10:52:29 PM   :::   22:52:29.8023818

::::::::::: AuthenticateRequest Request called at 28-12-2018 10:52:29 PM   :::   22:52:29.8043822

::::::::::: PostAuthenticateRequest Request called at 28-12-2018 10:52:29 PM   :::   22:52:29.8063824

::::::::::: AuthorizeRequest Request called at 28-12-2018 10:52:29 PM   :::   22:52:29.8113844

::::::::::: PostAuthorizeRequest Request called at 28-12-2018 10:52:29 PM   :::   22:52:29.8133852

::::::::::: End Request called at 28-12-2018 10:52:29 PM   :::   22:52:29.8143844

::::::::::: PostResolveRequestCache Request called at 28-12-2018 10:52:29 PM   :::   22:52:29.8163846

::::::::::: AcquireRequestState Request called at 28-12-2018 10:52:29 PM   :::   22:52:29.8183863

::::::::::: PostAcquireRequestState Request called at 28-12-2018 10:52:29 PM   :::   22:52:29.8203836

::::::::::: PreRequestHandlerExecute Request called at 28-12-2018 10:52:29 PM   :::   22:52:29.8214003

::::::::::: PostRequestHandlerExecute Request called at 28-12-2018 10:52:29 PM   :::   22:52:29.8293795

::::::::::: ReleaseRequestState Request called at 28-12-2018 10:52:29 PM   :::   22:52:29.8313835

::::::::::: PostReleaseRequestState Request called at 28-12-2018 10:52:29 PM   :::   22:52:29.8333859

::::::::::: UpdateRequestCache Request called at 28-12-2018 10:52:29 PM   :::   22:52:29.8353863

::::::::::: EndRequest Request called at 28-12-2018 10:52:29 PM   :::   22:52:29.8363860

::::::::::: PreSendRequestContent Request called at 28-12-2018 10:52:29 PM   :::   22:52:29.8383803

::::::::::: PreSendRequestHeaders Request called at 28-12-2018 10:52:29 PM   :::   22:52:29.8403864

::::::::::: BeginRequest Request called at 28-12-2018 10:52:30 PM   :::   22:52:30.1653865

::::::::::: AuthenticateRequest Request called at 28-12-2018 10:52:30 PM   :::   22:52:30.1673831

::::::::::: PostAuthenticateRequest Request called at 28-12-2018 10:52:30 PM   :::   22:52:30.1693854

::::::::::: AuthorizeRequest Request called at 28-12-2018 10:52:30 PM   :::   22:52:30.1703812

::::::::::: PostAuthorizeRequest Request called at 28-12-2018 10:52:30 PM   :::   22:52:30.1943809

::::::::::: End Request called at 28-12-2018 10:52:30 PM   :::   22:52:30.1963827

::::::::::: PostResolveRequestCache Request called at 28-12-2018 10:52:30 PM   :::   22:52:30.1983810

::::::::::: AcquireRequestState Request called at 28-12-2018 10:52:30 PM   :::   22:52:30.2003799

::::::::::: PostAcquireRequestState Request called at 28-12-2018 10:52:30 PM   :::   22:52:30.2023829

::::::::::: PreRequestHandlerExecute Request called at 28-12-2018 10:52:30 PM   :::   22:52:30.2053801

::::::::::: PostRequestHandlerExecute Request called at 28-12-2018 10:53:02 PM   :::   22:53:02.9239139

::::::::::: ReleaseRequestState Request called at 28-12-2018 10:53:02 PM   :::   22:53:02.9339115

::::::::::: PostReleaseRequestState Request called at 28-12-2018 10:53:02 PM   :::   22:53:02.9369144

::::::::::: UpdateRequestCache Request called at 28-12-2018 10:53:02 PM   :::   22:53:02.9389289

::::::::::: EndRequest Request called at 28-12-2018 10:53:02 PM   :::   22:53:02.9409151

::::::::::: PreSendRequestContent Request called at 28-12-2018 10:53:02 PM   :::   22:53:02.9429157

::::::::::: PreSendRequestHeaders Request called at 28-12-2018 10:53:02 PM   :::   22:53:02.9439142

::::::::::: BeginRequest Request called at 28-12-2018 10:55:54 PM   :::   22:55:54.5245489

::::::::::: AuthenticateRequest Request called at 28-12-2018 10:55:54 PM   :::   22:55:54.5265477

::::::::::: PostAuthenticateRequest Request called at 28-12-2018 10:55:54 PM   :::   22:55:54.5285492

::::::::::: AuthorizeRequest Request called at 28-12-2018 10:55:54 PM   :::   22:55:54.5295461

::::::::::: PostAuthorizeRequest Request called at 28-12-2018 10:55:54 PM   :::   22:55:54.5305490

::::::::::: End Request called at 28-12-2018 10:55:54 PM   :::   22:55:54.5325489

::::::::::: PostResolveRequestCache Request called at 28-12-2018 10:55:54 PM   :::   22:55:54.5335483

::::::::::: AcquireRequestState Request called at 28-12-2018 10:55:54 PM   :::   22:55:54.5365469

::::::::::: PostAcquireRequestState Request called at 28-12-2018 10:55:54 PM   :::   22:55:54.5385517

::::::::::: PreRequestHandlerExecute Request called at 28-12-2018 10:55:54 PM   :::   22:55:54.5455484

::::::::::: PostRequestHandlerExecute Request called at 28-12-2018 10:55:54 PM   :::   22:55:54.5965470

::::::::::: ReleaseRequestState Request called at 28-12-2018 10:55:54 PM   :::   22:55:54.5985484

::::::::::: PostReleaseRequestState Request called at 28-12-2018 10:55:54 PM   :::   22:55:54.5995503

::::::::::: UpdateRequestCache Request called at 28-12-2018 10:55:54 PM   :::   22:55:54.6005488

::::::::::: EndRequest Request called at 28-12-2018 10:55:54 PM   :::   22:55:54.6025498

::::::::::: PreSendRequestContent Request called at 28-12-2018 10:55:54 PM   :::   22:55:54.6035514

::::::::::: PreSendRequestHeaders Request called at 28-12-2018 10:55:54 PM   :::   22:55:54.6055491

::::::::::: BeginRequest Request called at 28-12-2018 10:55:54 PM   :::   22:55:54.6865455

::::::::::: AuthenticateRequest Request called at 28-12-2018 10:55:54 PM   :::   22:55:54.6885442

::::::::::: PostAuthenticateRequest Request called at 28-12-2018 10:55:54 PM   :::   22:55:54.7096120

::::::::::: AuthorizeRequest Request called at 28-12-2018 10:55:54 PM   :::   22:55:54.7155477

::::::::::: PostAuthorizeRequest Request called at 28-12-2018 10:55:54 PM   :::   22:55:54.7175498

::::::::::: End Request called at 28-12-2018 10:55:54 PM   :::   22:55:54.7185513

::::::::::: PostResolveRequestCache Request called at 28-12-2018 10:55:54 PM   :::   22:55:54.7215476

::::::::::: AcquireRequestState Request called at 28-12-2018 10:55:54 PM   :::   22:55:54.7225476

::::::::::: PostAcquireRequestState Request called at 28-12-2018 10:55:54 PM   :::   22:55:54.7315470

::::::::::: PreRequestHandlerExecute Request called at 28-12-2018 10:55:54 PM   :::   22:55:54.7325482

::::::::::: PostRequestHandlerExecute Request called at 28-12-2018 10:56:25 PM   :::   22:56:25.9215457

::::::::::: ReleaseRequestState Request called at 28-12-2018 10:56:25 PM   :::   22:56:25.9235730

::::::::::: PostReleaseRequestState Request called at 28-12-2018 10:56:25 PM   :::   22:56:25.9245503

::::::::::: UpdateRequestCache Request called at 28-12-2018 10:56:25 PM   :::   22:56:25.9255485

::::::::::: EndRequest Request called at 28-12-2018 10:56:25 PM   :::   22:56:25.9275464

::::::::::: PreSendRequestContent Request called at 28-12-2018 10:56:25 PM   :::   22:56:25.9285490

::::::::::: PreSendRequestHeaders Request called at 28-12-2018 10:56:25 PM   :::   22:56:25.9295476

::::::::::: BeginRequest Request called at 28-12-2018 11:14:46 PM   :::   23:14:46.9705545

::::::::::: AuthenticateRequest Request called at 28-12-2018 11:14:46 PM   :::   23:14:46.9725434

::::::::::: PostAuthenticateRequest Request called at 28-12-2018 11:14:46 PM   :::   23:14:46.9755454

::::::::::: AuthorizeRequest Request called at 28-12-2018 11:14:46 PM   :::   23:14:46.9765463

::::::::::: PostAuthorizeRequest Request called at 28-12-2018 11:14:46 PM   :::   23:14:46.9785654

::::::::::: End Request called at 28-12-2018 11:14:46 PM   :::   23:14:46.9795453

::::::::::: PostResolveRequestCache Request called at 28-12-2018 11:14:46 PM   :::   23:14:46.9815415

::::::::::: AcquireRequestState Request called at 28-12-2018 11:14:46 PM   :::   23:14:46.9835435

::::::::::: PostAcquireRequestState Request called at 28-12-2018 11:14:46 PM   :::   23:14:46.9845448

::::::::::: PreRequestHandlerExecute Request called at 28-12-2018 11:14:46 PM   :::   23:14:46.9865452

::::::::::: PostRequestHandlerExecute Request called at 28-12-2018 11:14:46 PM   :::   23:14:46.9935489

::::::::::: ReleaseRequestState Request called at 28-12-2018 11:14:46 PM   :::   23:14:46.9955455

::::::::::: PostReleaseRequestState Request called at 28-12-2018 11:14:46 PM   :::   23:14:46.9965454

::::::::::: UpdateRequestCache Request called at 28-12-2018 11:14:46 PM   :::   23:14:46.9985485

::::::::::: EndRequest Request called at 28-12-2018 11:14:47 PM   :::   23:14:47.0005495

::::::::::: PreSendRequestContent Request called at 28-12-2018 11:14:47 PM   :::   23:14:47.0015466

::::::::::: PreSendRequestHeaders Request called at 28-12-2018 11:14:47 PM   :::   23:14:47.0035486

::::::::::: BeginRequest Request called at 28-12-2018 11:14:47 PM   :::   23:14:47.1055438

::::::::::: AuthenticateRequest Request called at 28-12-2018 11:14:47 PM   :::   23:14:47.1135791

::::::::::: PostAuthenticateRequest Request called at 28-12-2018 11:14:47 PM   :::   23:14:47.1165465

::::::::::: AuthorizeRequest Request called at 28-12-2018 11:14:47 PM   :::   23:14:47.1185425

::::::::::: PostAuthorizeRequest Request called at 28-12-2018 11:14:47 PM   :::   23:14:47.1215442

::::::::::: End Request called at 28-12-2018 11:14:47 PM   :::   23:14:47.1275650

::::::::::: PostResolveRequestCache Request called at 28-12-2018 11:14:47 PM   :::   23:14:47.1305467

::::::::::: AcquireRequestState Request called at 28-12-2018 11:14:47 PM   :::   23:14:47.1325449

::::::::::: PostAcquireRequestState Request called at 28-12-2018 11:14:47 PM   :::   23:14:47.1345619

::::::::::: PreRequestHandlerExecute Request called at 28-12-2018 11:14:47 PM   :::   23:14:47.1365464

::::::::::: PostRequestHandlerExecute Request called at 28-12-2018 11:15:17 PM   :::   23:15:17.9469808

::::::::::: ReleaseRequestState Request called at 28-12-2018 11:15:17 PM   :::   23:15:17.9489786

::::::::::: PostReleaseRequestState Request called at 28-12-2018 11:15:17 PM   :::   23:15:17.9509779

::::::::::: UpdateRequestCache Request called at 28-12-2018 11:15:17 PM   :::   23:15:17.9519869

::::::::::: EndRequest Request called at 28-12-2018 11:15:17 PM   :::   23:15:17.9529807

::::::::::: PreSendRequestContent Request called at 28-12-2018 11:15:17 PM   :::   23:15:17.9539779

::::::::::: PreSendRequestHeaders Request called at 28-12-2018 11:15:17 PM   :::   23:15:17.9559779

::::::::::: BeginRequest Request called at 28-12-2018 11:31:01 PM   :::   23:31:01.1252321

::::::::::: AuthenticateRequest Request called at 28-12-2018 11:31:01 PM   :::   23:31:01.1272327

::::::::::: PostAuthenticateRequest Request called at 28-12-2018 11:31:01 PM   :::   23:31:01.1292355

::::::::::: AuthorizeRequest Request called at 28-12-2018 11:31:01 PM   :::   23:31:01.1312347

::::::::::: PostAuthorizeRequest Request called at 28-12-2018 11:31:01 PM   :::   23:31:01.1332363

::::::::::: End Request called at 28-12-2018 11:31:01 PM   :::   23:31:01.1372596

::::::::::: PostResolveRequestCache Request called at 28-12-2018 11:31:01 PM   :::   23:31:01.1402370

::::::::::: AcquireRequestState Request called at 28-12-2018 11:31:01 PM   :::   23:31:01.1422354

::::::::::: PostAcquireRequestState Request called at 28-12-2018 11:31:01 PM   :::   23:31:01.1432650

::::::::::: PreRequestHandlerExecute Request called at 28-12-2018 11:31:01 PM   :::   23:31:01.1442366

::::::::::: PostRequestHandlerExecute Request called at 28-12-2018 11:31:01 PM   :::   23:31:01.1532409

::::::::::: ReleaseRequestState Request called at 28-12-2018 11:31:01 PM   :::   23:31:01.1542382

::::::::::: PostReleaseRequestState Request called at 28-12-2018 11:31:01 PM   :::   23:31:01.1552364

::::::::::: UpdateRequestCache Request called at 28-12-2018 11:31:01 PM   :::   23:31:01.1572519

::::::::::: EndRequest Request called at 28-12-2018 11:31:01 PM   :::   23:31:01.1582439

::::::::::: PreSendRequestContent Request called at 28-12-2018 11:31:01 PM   :::   23:31:01.1612413

::::::::::: PreSendRequestHeaders Request called at 28-12-2018 11:31:01 PM   :::   23:31:01.1622400

::::::::::: BeginRequest Request called at 28-12-2018 11:31:01 PM   :::   23:31:01.2782412

::::::::::: AuthenticateRequest Request called at 28-12-2018 11:31:01 PM   :::   23:31:01.2812330

::::::::::: PostAuthenticateRequest Request called at 28-12-2018 11:31:01 PM   :::   23:31:01.2942311

::::::::::: AuthorizeRequest Request called at 28-12-2018 11:31:01 PM   :::   23:31:01.2952352

::::::::::: PostAuthorizeRequest Request called at 28-12-2018 11:31:01 PM   :::   23:31:01.2962334

::::::::::: End Request called at 28-12-2018 11:31:01 PM   :::   23:31:01.2972467

::::::::::: PostResolveRequestCache Request called at 28-12-2018 11:31:01 PM   :::   23:31:01.3072684

::::::::::: AcquireRequestState Request called at 28-12-2018 11:31:01 PM   :::   23:31:01.3082329

::::::::::: PostAcquireRequestState Request called at 28-12-2018 11:31:01 PM   :::   23:31:01.3132338

::::::::::: PreRequestHandlerExecute Request called at 28-12-2018 11:31:01 PM   :::   23:31:01.3142346

::::::::::: PostRequestHandlerExecute Request called at 28-12-2018 11:31:32 PM   :::   23:31:32.1996530

::::::::::: ReleaseRequestState Request called at 28-12-2018 11:31:32 PM   :::   23:31:32.2016544

::::::::::: PostReleaseRequestState Request called at 28-12-2018 11:31:32 PM   :::   23:31:32.2036556

::::::::::: UpdateRequestCache Request called at 28-12-2018 11:31:32 PM   :::   23:31:32.2046641

::::::::::: EndRequest Request called at 28-12-2018 11:31:32 PM   :::   23:31:32.2056646

::::::::::: PreSendRequestContent Request called at 28-12-2018 11:31:32 PM   :::   23:31:32.2066586

::::::::::: PreSendRequestHeaders Request called at 28-12-2018 11:31:32 PM   :::   23:31:32.2076566

::::::::::: BeginRequest Request called at 28-12-2018 11:54:13 PM   :::   23:54:13.0537623

::::::::::: AuthenticateRequest Request called at 28-12-2018 11:54:13 PM   :::   23:54:13.0557851

::::::::::: PostAuthenticateRequest Request called at 28-12-2018 11:54:13 PM   :::   23:54:13.0577647

::::::::::: AuthorizeRequest Request called at 28-12-2018 11:54:13 PM   :::   23:54:13.0597619

::::::::::: PostAuthorizeRequest Request called at 28-12-2018 11:54:13 PM   :::   23:54:13.0707614

::::::::::: End Request called at 28-12-2018 11:54:13 PM   :::   23:54:13.0747629

::::::::::: PostResolveRequestCache Request called at 28-12-2018 11:54:13 PM   :::   23:54:13.0787611

::::::::::: AcquireRequestState Request called at 28-12-2018 11:54:13 PM   :::   23:54:13.0807640

::::::::::: PostAcquireRequestState Request called at 28-12-2018 11:54:13 PM   :::   23:54:13.0827606

::::::::::: PreRequestHandlerExecute Request called at 28-12-2018 11:54:13 PM   :::   23:54:13.0837602

::::::::::: PostRequestHandlerExecute Request called at 28-12-2018 11:54:13 PM   :::   23:54:13.0997626

::::::::::: ReleaseRequestState Request called at 28-12-2018 11:54:13 PM   :::   23:54:13.1017612

::::::::::: PostReleaseRequestState Request called at 28-12-2018 11:54:13 PM   :::   23:54:13.1037609

::::::::::: UpdateRequestCache Request called at 28-12-2018 11:54:13 PM   :::   23:54:13.1147611

::::::::::: EndRequest Request called at 28-12-2018 11:54:13 PM   :::   23:54:13.1167591

::::::::::: PreSendRequestContent Request called at 28-12-2018 11:54:13 PM   :::   23:54:13.1177604

::::::::::: PreSendRequestHeaders Request called at 28-12-2018 11:54:13 PM   :::   23:54:13.1207606

::::::::::: BeginRequest Request called at 28-12-2018 11:54:13 PM   :::   23:54:13.2227651

::::::::::: AuthenticateRequest Request called at 28-12-2018 11:54:13 PM   :::   23:54:13.2307596

::::::::::: PostAuthenticateRequest Request called at 28-12-2018 11:54:13 PM   :::   23:54:13.2327629

::::::::::: AuthorizeRequest Request called at 28-12-2018 11:54:13 PM   :::   23:54:13.2337623

::::::::::: PostAuthorizeRequest Request called at 28-12-2018 11:54:13 PM   :::   23:54:13.2357587

::::::::::: End Request called at 28-12-2018 11:54:13 PM   :::   23:54:13.2367614

::::::::::: PostResolveRequestCache Request called at 28-12-2018 11:54:13 PM   :::   23:54:13.2437617

::::::::::: AcquireRequestState Request called at 28-12-2018 11:54:13 PM   :::   23:54:13.2467774

::::::::::: PostAcquireRequestState Request called at 28-12-2018 11:54:13 PM   :::   23:54:13.2547604

::::::::::: PreRequestHandlerExecute Request called at 28-12-2018 11:54:13 PM   :::   23:54:13.2727686

::::::::::: PostRequestHandlerExecute Request called at 28-12-2018 11:54:44 PM   :::   23:54:44.1908632

::::::::::: ReleaseRequestState Request called at 28-12-2018 11:54:44 PM   :::   23:54:44.1928617

::::::::::: PostReleaseRequestState Request called at 28-12-2018 11:54:44 PM   :::   23:54:44.1948618

::::::::::: UpdateRequestCache Request called at 28-12-2018 11:54:44 PM   :::   23:54:44.1958651

::::::::::: EndRequest Request called at 28-12-2018 11:54:44 PM   :::   23:54:44.1978632

::::::::::: PreSendRequestContent Request called at 28-12-2018 11:54:44 PM   :::   23:54:44.1988617

::::::::::: PreSendRequestHeaders Request called at 28-12-2018 11:54:44 PM   :::   23:54:44.2008619

