::::::::::: BeginRequest Request called at 9/25/2018 10:13:32 PM   :::   22:13:32.0330375

::::::::::: AuthenticateRequest Request called at 9/25/2018 10:13:32 PM   :::   22:13:32.0410385

::::::::::: PostAuthenticateRequest Request called at 9/25/2018 10:13:32 PM   :::   22:13:32.0490394

::::::::::: AuthorizeRequest Request called at 9/25/2018 10:13:32 PM   :::   22:13:32.0530391

::::::::::: PostAuthorizeRequest Request called at 9/25/2018 10:13:32 PM   :::   22:13:32.0570400

::::::::::: End Request called at 9/25/2018 10:13:32 PM   :::   22:13:32.0570400

::::::::::: PostResolveRequestCache Request called at 9/25/2018 10:13:32 PM   :::   22:13:32.1130439

::::::::::: AcquireRequestState Request called at 9/25/2018 10:13:32 PM   :::   22:13:32.1250442

::::::::::: PostAcquireRequestState Request called at 9/25/2018 10:13:32 PM   :::   22:13:32.1330447

::::::::::: PreRequestHandlerExecute Request called at 9/25/2018 10:13:32 PM   :::   22:13:32.1330447

::::::::::: BeginRequest Request called at 9/25/2018 10:13:33 PM   :::   22:13:33.1291153

::::::::::: AuthenticateRequest Request called at 9/25/2018 10:13:33 PM   :::   22:13:33.1331146

::::::::::: PostAuthenticateRequest Request called at 9/25/2018 10:13:33 PM   :::   22:13:33.1331146

::::::::::: AuthorizeRequest Request called at 9/25/2018 10:13:33 PM   :::   22:13:33.1331146

::::::::::: PostAuthorizeRequest Request called at 9/25/2018 10:13:33 PM   :::   22:13:33.1371155

::::::::::: End Request called at 9/25/2018 10:13:33 PM   :::   22:13:33.1371155

::::::::::: PostResolveRequestCache Request called at 9/25/2018 10:13:33 PM   :::   22:13:33.1411152

::::::::::: AcquireRequestState Request called at 9/25/2018 10:13:33 PM   :::   22:13:33.1451156

::::::::::: PostAcquireRequestState Request called at 9/25/2018 10:13:33 PM   :::   22:13:33.1451156

::::::::::: PreRequestHandlerExecute Request called at 9/25/2018 10:13:33 PM   :::   22:13:33.1491157

::::::::::: PostRequestHandlerExecute Request called at 9/25/2018 10:13:33 PM   :::   22:13:33.2451225

::::::::::: ReleaseRequestState Request called at 9/25/2018 10:13:33 PM   :::   22:13:33.2451225

::::::::::: PostReleaseRequestState Request called at 9/25/2018 10:13:33 PM   :::   22:13:33.2491229

::::::::::: UpdateRequestCache Request called at 9/25/2018 10:13:33 PM   :::   22:13:33.2491229

::::::::::: EndRequest Request called at 9/25/2018 10:13:33 PM   :::   22:13:33.2531234

::::::::::: PreSendRequestContent Request called at 9/25/2018 10:13:33 PM   :::   22:13:33.2611240

::::::::::: PreSendRequestHeaders Request called at 9/25/2018 10:13:33 PM   :::   22:13:33.2611240

::::::::::: BeginRequest Request called at 9/25/2018 10:13:33 PM   :::   22:13:33.4291362

::::::::::: AuthenticateRequest Request called at 9/25/2018 10:13:33 PM   :::   22:13:33.4291362

::::::::::: PostAuthenticateRequest Request called at 9/25/2018 10:13:33 PM   :::   22:13:33.4331363

::::::::::: AuthorizeRequest Request called at 9/25/2018 10:13:33 PM   :::   22:13:33.4331363

::::::::::: PostAuthorizeRequest Request called at 9/25/2018 10:13:33 PM   :::   22:13:33.4371360

::::::::::: End Request called at 9/25/2018 10:13:33 PM   :::   22:13:33.4371360

::::::::::: PostResolveRequestCache Request called at 9/25/2018 10:13:33 PM   :::   22:13:33.4411368

::::::::::: AcquireRequestState Request called at 9/25/2018 10:13:33 PM   :::   22:13:33.4411368

::::::::::: PostAcquireRequestState Request called at 9/25/2018 10:13:33 PM   :::   22:13:33.4411368

::::::::::: PreRequestHandlerExecute Request called at 9/25/2018 10:13:33 PM   :::   22:13:33.4451365

::::::::::: PostRequestHandlerExecute Request called at 9/25/2018 10:13:33 PM   :::   22:13:33.6851546

::::::::::: ReleaseRequestState Request called at 9/25/2018 10:13:33 PM   :::   22:13:33.6851546

::::::::::: PostReleaseRequestState Request called at 9/25/2018 10:13:33 PM   :::   22:13:33.6891539

::::::::::: UpdateRequestCache Request called at 9/25/2018 10:13:33 PM   :::   22:13:33.7331572

::::::::::: EndRequest Request called at 9/25/2018 10:13:33 PM   :::   22:13:33.7331572

::::::::::: PreSendRequestContent Request called at 9/25/2018 10:13:33 PM   :::   22:13:33.7371572

::::::::::: PreSendRequestHeaders Request called at 9/25/2018 10:13:33 PM   :::   22:13:33.7371572

::::::::::: BeginRequest Request called at 9/25/2018 10:13:34 PM   :::   22:13:34.2091912

::::::::::: AuthenticateRequest Request called at 9/25/2018 10:13:34 PM   :::   22:13:34.2091912

::::::::::: PostAuthenticateRequest Request called at 9/25/2018 10:13:34 PM   :::   22:13:34.2091912

::::::::::: AuthorizeRequest Request called at 9/25/2018 10:13:34 PM   :::   22:13:34.2131917

::::::::::: PostAuthorizeRequest Request called at 9/25/2018 10:13:34 PM   :::   22:13:34.2131917

::::::::::: End Request called at 9/25/2018 10:13:34 PM   :::   22:13:34.2131917

::::::::::: PostResolveRequestCache Request called at 9/25/2018 10:13:34 PM   :::   22:13:34.2171922

::::::::::: AcquireRequestState Request called at 9/25/2018 10:13:34 PM   :::   22:13:34.2171922

::::::::::: PostAcquireRequestState Request called at 9/25/2018 10:13:34 PM   :::   22:13:34.2211911

::::::::::: PreRequestHandlerExecute Request called at 9/25/2018 10:13:34 PM   :::   22:13:34.2211911

::::::::::: PostRequestHandlerExecute Request called at 9/25/2018 10:13:34 PM   :::   22:13:34.2371930

::::::::::: ReleaseRequestState Request called at 9/25/2018 10:13:34 PM   :::   22:13:34.2411927

::::::::::: PostReleaseRequestState Request called at 9/25/2018 10:13:34 PM   :::   22:13:34.2411927

::::::::::: UpdateRequestCache Request called at 9/25/2018 10:13:34 PM   :::   22:13:34.2411927

::::::::::: EndRequest Request called at 9/25/2018 10:13:34 PM   :::   22:13:34.2451931

::::::::::: PreSendRequestContent Request called at 9/25/2018 10:13:34 PM   :::   22:13:34.2451931

::::::::::: PreSendRequestHeaders Request called at 9/25/2018 10:13:34 PM   :::   22:13:34.2451931

::::::::::: PostRequestHandlerExecute Request called at 9/25/2018 10:14:09 PM   :::   22:14:09.7384406

::::::::::: ReleaseRequestState Request called at 9/25/2018 10:14:09 PM   :::   22:14:09.7384406

::::::::::: PostReleaseRequestState Request called at 9/25/2018 10:14:09 PM   :::   22:14:09.7384406

::::::::::: UpdateRequestCache Request called at 9/25/2018 10:14:09 PM   :::   22:14:09.7424237

::::::::::: EndRequest Request called at 9/25/2018 10:14:09 PM   :::   22:14:09.7464238

::::::::::: PreSendRequestContent Request called at 9/25/2018 10:14:09 PM   :::   22:14:09.7464238

::::::::::: PreSendRequestHeaders Request called at 9/25/2018 10:14:09 PM   :::   22:14:09.7504262

::::::::::: BeginRequest Request called at 9/25/2018 10:22:54 PM   :::   22:22:54.9410399

::::::::::: AuthenticateRequest Request called at 9/25/2018 10:22:54 PM   :::   22:22:54.9450404

::::::::::: PostAuthenticateRequest Request called at 9/25/2018 10:22:54 PM   :::   22:22:54.9490405

::::::::::: AuthorizeRequest Request called at 9/25/2018 10:22:54 PM   :::   22:22:54.9490405

::::::::::: PostAuthorizeRequest Request called at 9/25/2018 10:22:54 PM   :::   22:22:54.9530398

::::::::::: End Request called at 9/25/2018 10:22:54 PM   :::   22:22:54.9530398

::::::::::: PostResolveRequestCache Request called at 9/25/2018 10:22:54 PM   :::   22:22:54.9570407

::::::::::: AcquireRequestState Request called at 9/25/2018 10:22:54 PM   :::   22:22:54.9570407

::::::::::: PostAcquireRequestState Request called at 9/25/2018 10:22:54 PM   :::   22:22:54.9650408

::::::::::: PreRequestHandlerExecute Request called at 9/25/2018 10:22:54 PM   :::   22:22:54.9650408

::::::::::: PostRequestHandlerExecute Request called at 9/25/2018 10:22:54 PM   :::   22:22:54.9690413

::::::::::: ReleaseRequestState Request called at 9/25/2018 10:22:54 PM   :::   22:22:54.9690413

::::::::::: PostReleaseRequestState Request called at 9/25/2018 10:22:54 PM   :::   22:22:54.9730414

::::::::::: UpdateRequestCache Request called at 9/25/2018 10:22:54 PM   :::   22:22:54.9730414

::::::::::: EndRequest Request called at 9/25/2018 10:22:54 PM   :::   22:22:54.9730414

::::::::::: PreSendRequestContent Request called at 9/25/2018 10:22:54 PM   :::   22:22:54.9770426

::::::::::: PreSendRequestHeaders Request called at 9/25/2018 10:22:54 PM   :::   22:22:54.9810419

::::::::::: BeginRequest Request called at 9/25/2018 10:22:55 PM   :::   22:22:55.0210463

::::::::::: AuthenticateRequest Request called at 9/25/2018 10:22:55 PM   :::   22:22:55.0210463

::::::::::: PostAuthenticateRequest Request called at 9/25/2018 10:22:55 PM   :::   22:22:55.0210463

::::::::::: AuthorizeRequest Request called at 9/25/2018 10:22:55 PM   :::   22:22:55.0250456

::::::::::: PostAuthorizeRequest Request called at 9/25/2018 10:22:55 PM   :::   22:22:55.0330462

::::::::::: End Request called at 9/25/2018 10:22:55 PM   :::   22:22:55.0330462

::::::::::: PostResolveRequestCache Request called at 9/25/2018 10:22:55 PM   :::   22:22:55.0370467

::::::::::: AcquireRequestState Request called at 9/25/2018 10:22:55 PM   :::   22:22:55.0370467

::::::::::: PostAcquireRequestState Request called at 9/25/2018 10:22:55 PM   :::   22:22:55.0370467

::::::::::: PreRequestHandlerExecute Request called at 9/25/2018 10:22:55 PM   :::   22:22:55.0410468

::::::::::: PostRequestHandlerExecute Request called at 9/25/2018 10:23:30 PM   :::   22:23:30.1472837

::::::::::: ReleaseRequestState Request called at 9/25/2018 10:23:30 PM   :::   22:23:30.1512845

::::::::::: PostReleaseRequestState Request called at 9/25/2018 10:23:30 PM   :::   22:23:30.1552791

::::::::::: UpdateRequestCache Request called at 9/25/2018 10:23:30 PM   :::   22:23:30.1552791

::::::::::: EndRequest Request called at 9/25/2018 10:23:30 PM   :::   22:23:30.1592796

::::::::::: PreSendRequestContent Request called at 9/25/2018 10:23:30 PM   :::   22:23:30.1632816

::::::::::: PreSendRequestHeaders Request called at 9/25/2018 10:23:30 PM   :::   22:23:30.1632816

::::::::::: BeginRequest Request called at 9/25/2018 10:24:07 PM   :::   22:24:07.6148458

::::::::::: AuthenticateRequest Request called at 9/25/2018 10:24:07 PM   :::   22:24:07.6148458

::::::::::: PostAuthenticateRequest Request called at 9/25/2018 10:24:07 PM   :::   22:24:07.6188439

::::::::::: AuthorizeRequest Request called at 9/25/2018 10:24:07 PM   :::   22:24:07.6188439

::::::::::: PostAuthorizeRequest Request called at 9/25/2018 10:24:07 PM   :::   22:24:07.6228440

::::::::::: End Request called at 9/25/2018 10:24:07 PM   :::   22:24:07.6388455

::::::::::: PostResolveRequestCache Request called at 9/25/2018 10:24:07 PM   :::   22:24:07.6588487

::::::::::: PostAuthorizeRequest Request called at 9/25/2018 10:24:07 PM   :::   22:24:07.6668477

::::::::::: End Request called at 9/25/2018 10:24:07 PM   :::   22:24:07.6708474

::::::::::: PreRequestHandlerExecute Request called at 9/25/2018 10:24:07 PM   :::   22:24:07.6788475

::::::::::: AcquireRequestState Request called at 9/25/2018 10:24:07 PM   :::   22:24:07.6868501

::::::::::: ReleaseRequestState Request called at 9/25/2018 10:24:07 PM   :::   22:24:07.6948490

::::::::::: PostReleaseRequestState Request called at 9/25/2018 10:24:07 PM   :::   22:24:07.6948490

::::::::::: UpdateRequestCache Request called at 9/25/2018 10:24:07 PM   :::   22:24:07.7028500

::::::::::: PostRequestHandlerExecute Request called at 9/25/2018 10:24:07 PM   :::   22:24:07.7068517

::::::::::: ReleaseRequestState Request called at 9/25/2018 10:24:07 PM   :::   22:24:07.7108502

::::::::::: PostReleaseRequestState Request called at 9/25/2018 10:24:07 PM   :::   22:24:07.7188523

::::::::::: UpdateRequestCache Request called at 9/25/2018 10:24:07 PM   :::   22:24:07.7268517

::::::::::: EndRequest Request called at 9/25/2018 10:24:07 PM   :::   22:24:07.7348530

::::::::::: PreSendRequestContent Request called at 9/25/2018 10:24:07 PM   :::   22:24:07.7348530

::::::::::: PreSendRequestHeaders Request called at 9/25/2018 10:24:07 PM   :::   22:24:07.7388523

::::::::::: AuthenticateRequest Request called at 9/25/2018 10:24:07 PM   :::   22:24:07.7468525

::::::::::: PostAuthenticateRequest Request called at 9/25/2018 10:24:07 PM   :::   22:24:07.7508526

::::::::::: AuthorizeRequest Request called at 9/25/2018 10:24:07 PM   :::   22:24:07.7508526

::::::::::: PostAuthorizeRequest Request called at 9/25/2018 10:24:07 PM   :::   22:24:07.7548539

::::::::::: End Request called at 9/25/2018 10:24:07 PM   :::   22:24:07.7548539

::::::::::: PostAuthenticateRequest Request called at 9/25/2018 10:24:07 PM   :::   22:24:07.7668541

::::::::::: AuthorizeRequest Request called at 9/25/2018 10:24:07 PM   :::   22:24:07.7668541

::::::::::: PostAuthorizeRequest Request called at 9/25/2018 10:24:07 PM   :::   22:24:07.7708621

::::::::::: End Request called at 9/25/2018 10:24:07 PM   :::   22:24:07.7788547

::::::::::: PostResolveRequestCache Request called at 9/25/2018 10:24:07 PM   :::   22:24:07.7868553

::::::::::: AcquireRequestState Request called at 9/25/2018 10:24:07 PM   :::   22:24:07.7948563

::::::::::: PostAcquireRequestState Request called at 9/25/2018 10:24:07 PM   :::   22:24:07.7948563

::::::::::: PreRequestHandlerExecute Request called at 9/25/2018 10:24:07 PM   :::   22:24:07.7988560

::::::::::: PreSendRequestContent Request called at 9/25/2018 10:24:21 PM   :::   22:24:21.2842193

::::::::::: PreSendRequestHeaders Request called at 9/25/2018 10:24:21 PM   :::   22:24:21.2922167

::::::::::: Error Request called at 9/25/2018 10:24:21 PM   :::   22:24:21.3002181

::::::::::: PreSendRequestContent Request called at 9/25/2018 10:24:36 PM   :::   22:24:36.3177347

::::::::::: PreSendRequestContent Request called at 9/25/2018 10:24:36 PM   :::   22:24:36.3257151

::::::::::: PreSendRequestContent Request called at 9/25/2018 10:24:36 PM   :::   22:24:36.3777174

::::::::::: PreSendRequestContent Request called at 9/25/2018 10:24:36 PM   :::   22:24:36.4017191

::::::::::: EndRequest Request called at 9/25/2018 10:24:36 PM   :::   22:24:36.4137197

::::::::::: PreSendRequestContent Request called at 9/25/2018 10:24:36 PM   :::   22:24:36.4177194

::::::::::: PostRequestHandlerExecute Request called at 9/25/2018 10:24:42 PM   :::   22:24:42.8294580

::::::::::: ReleaseRequestState Request called at 9/25/2018 10:24:42 PM   :::   22:24:42.8334589

::::::::::: PostReleaseRequestState Request called at 9/25/2018 10:24:42 PM   :::   22:24:42.8334589

::::::::::: UpdateRequestCache Request called at 9/25/2018 10:24:42 PM   :::   22:24:42.8334589

::::::::::: EndRequest Request called at 9/25/2018 10:24:42 PM   :::   22:24:42.8374593

::::::::::: PreSendRequestContent Request called at 9/25/2018 10:24:42 PM   :::   22:24:42.8374593

::::::::::: PreSendRequestHeaders Request called at 9/25/2018 10:24:42 PM   :::   22:24:42.8374593

::::::::::: BeginRequest Request called at 9/25/2018 10:24:43 PM   :::   22:24:43.8455314

::::::::::: AuthenticateRequest Request called at 9/25/2018 10:24:43 PM   :::   22:24:43.8495303

::::::::::: PostAuthenticateRequest Request called at 9/25/2018 10:24:43 PM   :::   22:24:43.8495303

::::::::::: AuthorizeRequest Request called at 9/25/2018 10:24:43 PM   :::   22:24:43.8495303

::::::::::: PostAuthorizeRequest Request called at 9/25/2018 10:24:43 PM   :::   22:24:43.8535307

::::::::::: End Request called at 9/25/2018 10:24:43 PM   :::   22:24:43.8535307

::::::::::: PostResolveRequestCache Request called at 9/25/2018 10:24:43 PM   :::   22:24:43.8575308

::::::::::: AcquireRequestState Request called at 9/25/2018 10:24:43 PM   :::   22:24:43.8575308

::::::::::: PostAcquireRequestState Request called at 9/25/2018 10:24:43 PM   :::   22:24:43.8615317

::::::::::: PreRequestHandlerExecute Request called at 9/25/2018 10:24:43 PM   :::   22:24:43.8655318

::::::::::: PostRequestHandlerExecute Request called at 9/25/2018 10:24:43 PM   :::   22:24:43.8695323

::::::::::: BeginRequest Request called at 9/25/2018 10:24:43 PM   :::   22:24:43.8695323

::::::::::: AuthenticateRequest Request called at 9/25/2018 10:24:43 PM   :::   22:24:43.8775324

::::::::::: PostAuthenticateRequest Request called at 9/25/2018 10:24:43 PM   :::   22:24:43.8815333

::::::::::: AuthorizeRequest Request called at 9/25/2018 10:24:43 PM   :::   22:24:43.8895339

::::::::::: PostAuthorizeRequest Request called at 9/25/2018 10:24:43 PM   :::   22:24:43.8935336

::::::::::: End Request called at 9/25/2018 10:24:43 PM   :::   22:24:43.8975336

::::::::::: PostResolveRequestCache Request called at 9/25/2018 10:24:43 PM   :::   22:24:43.9055342

::::::::::: AcquireRequestState Request called at 9/25/2018 10:24:43 PM   :::   22:24:43.9095343

::::::::::: PostAcquireRequestState Request called at 9/25/2018 10:24:43 PM   :::   22:24:43.9095343

::::::::::: PreRequestHandlerExecute Request called at 9/25/2018 10:24:43 PM   :::   22:24:43.9135348

::::::::::: PostRequestHandlerExecute Request called at 9/25/2018 10:24:43 PM   :::   22:24:43.9495375

::::::::::: ReleaseRequestState Request called at 9/25/2018 10:24:43 PM   :::   22:24:43.9535376

::::::::::: PostReleaseRequestState Request called at 9/25/2018 10:24:43 PM   :::   22:24:43.9535376

::::::::::: UpdateRequestCache Request called at 9/25/2018 10:24:43 PM   :::   22:24:43.9535376

::::::::::: EndRequest Request called at 9/25/2018 10:24:43 PM   :::   22:24:43.9575380

::::::::::: PreSendRequestContent Request called at 9/25/2018 10:24:43 PM   :::   22:24:43.9575380

::::::::::: PreSendRequestHeaders Request called at 9/25/2018 10:24:43 PM   :::   22:24:43.9575380

::::::::::: BeginRequest Request called at 9/25/2018 10:24:44 PM   :::   22:24:44.4975770

::::::::::: AuthenticateRequest Request called at 9/25/2018 10:24:44 PM   :::   22:24:44.5055756

::::::::::: PostAuthenticateRequest Request called at 9/25/2018 10:24:44 PM   :::   22:24:44.5055756

::::::::::: AuthorizeRequest Request called at 9/25/2018 10:24:44 PM   :::   22:24:44.5095800

::::::::::: PostAuthorizeRequest Request called at 9/25/2018 10:24:44 PM   :::   22:24:44.5095800

::::::::::: End Request called at 9/25/2018 10:24:44 PM   :::   22:24:44.5095800

::::::::::: PostResolveRequestCache Request called at 9/25/2018 10:24:44 PM   :::   22:24:44.5135765

::::::::::: AcquireRequestState Request called at 9/25/2018 10:24:44 PM   :::   22:24:44.5135765

::::::::::: PostAcquireRequestState Request called at 9/25/2018 10:24:44 PM   :::   22:24:44.5175770

::::::::::: PreRequestHandlerExecute Request called at 9/25/2018 10:24:44 PM   :::   22:24:44.5215783

::::::::::: PreSendRequestContent Request called at 9/25/2018 10:24:46 PM   :::   22:24:46.5497214

::::::::::: PreSendRequestHeaders Request called at 9/25/2018 10:24:46 PM   :::   22:24:46.5497214

::::::::::: PostRequestHandlerExecute Request called at 9/25/2018 10:24:46 PM   :::   22:24:46.5537207

::::::::::: ReleaseRequestState Request called at 9/25/2018 10:24:46 PM   :::   22:24:46.5577207

::::::::::: PostReleaseRequestState Request called at 9/25/2018 10:24:46 PM   :::   22:24:46.5617212

::::::::::: UpdateRequestCache Request called at 9/25/2018 10:24:46 PM   :::   22:24:46.5617212

::::::::::: EndRequest Request called at 9/25/2018 10:24:46 PM   :::   22:24:46.5617212

::::::::::: PreSendRequestContent Request called at 9/25/2018 10:24:46 PM   :::   22:24:46.5657209

::::::::::: BeginRequest Request called at 9/25/2018 10:25:28 PM   :::   22:25:28.5300790

::::::::::: AuthenticateRequest Request called at 9/25/2018 10:25:28 PM   :::   22:25:28.5300790

::::::::::: PostAuthenticateRequest Request called at 9/25/2018 10:25:28 PM   :::   22:25:28.5340787

::::::::::: AuthorizeRequest Request called at 9/25/2018 10:25:28 PM   :::   22:25:28.5340787

::::::::::: PostAuthorizeRequest Request called at 9/25/2018 10:25:28 PM   :::   22:25:28.5340787

::::::::::: End Request called at 9/25/2018 10:25:28 PM   :::   22:25:28.5380792

::::::::::: PostResolveRequestCache Request called at 9/25/2018 10:25:28 PM   :::   22:25:28.5380792

::::::::::: AcquireRequestState Request called at 9/25/2018 10:25:28 PM   :::   22:25:28.5420804

::::::::::: PostAcquireRequestState Request called at 9/25/2018 10:25:28 PM   :::   22:25:28.5460793

::::::::::: PreRequestHandlerExecute Request called at 9/25/2018 10:25:28 PM   :::   22:25:28.5460793

::::::::::: PostRequestHandlerExecute Request called at 9/25/2018 10:25:28 PM   :::   22:25:28.5500798

::::::::::: ReleaseRequestState Request called at 9/25/2018 10:25:28 PM   :::   22:25:28.5540803

::::::::::: PostReleaseRequestState Request called at 9/25/2018 10:25:28 PM   :::   22:25:28.5540803

::::::::::: UpdateRequestCache Request called at 9/25/2018 10:25:28 PM   :::   22:25:28.5540803

::::::::::: EndRequest Request called at 9/25/2018 10:25:28 PM   :::   22:25:28.5580804

::::::::::: PreSendRequestContent Request called at 9/25/2018 10:25:28 PM   :::   22:25:28.5580804

::::::::::: PreSendRequestHeaders Request called at 9/25/2018 10:25:28 PM   :::   22:25:28.5620808

::::::::::: BeginRequest Request called at 9/25/2018 10:25:28 PM   :::   22:25:28.5660817

::::::::::: AuthenticateRequest Request called at 9/25/2018 10:25:28 PM   :::   22:25:28.5700814

::::::::::: PostAuthenticateRequest Request called at 9/25/2018 10:25:28 PM   :::   22:25:28.5740811

::::::::::: AuthorizeRequest Request called at 9/25/2018 10:25:28 PM   :::   22:25:28.5780816

::::::::::: PostAuthorizeRequest Request called at 9/25/2018 10:25:28 PM   :::   22:25:28.5780816

::::::::::: End Request called at 9/25/2018 10:25:28 PM   :::   22:25:28.5820821

::::::::::: PostResolveRequestCache Request called at 9/25/2018 10:25:28 PM   :::   22:25:28.5820821

::::::::::: AcquireRequestState Request called at 9/25/2018 10:25:28 PM   :::   22:25:28.5820821

::::::::::: PostAcquireRequestState Request called at 9/25/2018 10:25:28 PM   :::   22:25:28.5860821

::::::::::: PreRequestHandlerExecute Request called at 9/25/2018 10:25:28 PM   :::   22:25:28.5860821

::::::::::: PostRequestHandlerExecute Request called at 9/25/2018 10:26:03 PM   :::   22:26:03.8351658

::::::::::: ReleaseRequestState Request called at 9/25/2018 10:26:03 PM   :::   22:26:03.8351658

::::::::::: PostReleaseRequestState Request called at 9/25/2018 10:26:03 PM   :::   22:26:03.8351658

::::::::::: UpdateRequestCache Request called at 9/25/2018 10:26:03 PM   :::   22:26:03.8507935

::::::::::: EndRequest Request called at 9/25/2018 10:26:03 PM   :::   22:26:03.8507935

::::::::::: PreSendRequestContent Request called at 9/25/2018 10:26:03 PM   :::   22:26:03.8507935

::::::::::: PreSendRequestHeaders Request called at 9/25/2018 10:26:03 PM   :::   22:26:03.8507935

::::::::::: BeginRequest Request called at 9/25/2018 10:35:02 PM   :::   22:35:02.2087562

::::::::::: AuthenticateRequest Request called at 9/25/2018 10:35:02 PM   :::   22:35:02.2127570

::::::::::: PostAuthenticateRequest Request called at 9/25/2018 10:35:02 PM   :::   22:35:02.2127570

::::::::::: AuthorizeRequest Request called at 9/25/2018 10:35:02 PM   :::   22:35:02.2167567

::::::::::: PostAuthorizeRequest Request called at 9/25/2018 10:35:02 PM   :::   22:35:02.2167567

::::::::::: End Request called at 9/25/2018 10:35:02 PM   :::   22:35:02.2167567

::::::::::: PostResolveRequestCache Request called at 9/25/2018 10:35:02 PM   :::   22:35:02.2207572

::::::::::: AcquireRequestState Request called at 9/25/2018 10:35:02 PM   :::   22:35:02.2207572

::::::::::: PostAcquireRequestState Request called at 9/25/2018 10:35:02 PM   :::   22:35:02.2247577

::::::::::: PreRequestHandlerExecute Request called at 9/25/2018 10:35:02 PM   :::   22:35:02.2247577

::::::::::: PostRequestHandlerExecute Request called at 9/25/2018 10:35:02 PM   :::   22:35:02.2287578

::::::::::: ReleaseRequestState Request called at 9/25/2018 10:35:02 PM   :::   22:35:02.2327583

::::::::::: PostReleaseRequestState Request called at 9/25/2018 10:35:02 PM   :::   22:35:02.2327583

::::::::::: UpdateRequestCache Request called at 9/25/2018 10:35:02 PM   :::   22:35:02.2367583

::::::::::: EndRequest Request called at 9/25/2018 10:35:02 PM   :::   22:35:02.2367583

::::::::::: PreSendRequestContent Request called at 9/25/2018 10:35:02 PM   :::   22:35:02.2367583

::::::::::: PreSendRequestHeaders Request called at 9/25/2018 10:35:02 PM   :::   22:35:02.2407588

::::::::::: BeginRequest Request called at 9/25/2018 10:35:02 PM   :::   22:35:02.2527599

::::::::::: AuthenticateRequest Request called at 9/25/2018 10:35:02 PM   :::   22:35:02.2567599

::::::::::: PostAuthenticateRequest Request called at 9/25/2018 10:35:02 PM   :::   22:35:02.2607604

::::::::::: AuthorizeRequest Request called at 9/25/2018 10:35:02 PM   :::   22:35:02.2647597

::::::::::: PostAuthorizeRequest Request called at 9/25/2018 10:35:02 PM   :::   22:35:02.2687606

::::::::::: End Request called at 9/25/2018 10:35:02 PM   :::   22:35:02.2727611

::::::::::: PostResolveRequestCache Request called at 9/25/2018 10:35:02 PM   :::   22:35:02.2727611

::::::::::: AcquireRequestState Request called at 9/25/2018 10:35:02 PM   :::   22:35:02.2767611

::::::::::: PostAcquireRequestState Request called at 9/25/2018 10:35:02 PM   :::   22:35:02.2807612

::::::::::: PreRequestHandlerExecute Request called at 9/25/2018 10:35:02 PM   :::   22:35:02.2847625

::::::::::: BeginRequest Request called at 9/25/2018 10:35:18 PM   :::   22:35:18.9753483

::::::::::: AuthenticateRequest Request called at 9/25/2018 10:35:18 PM   :::   22:35:18.9793480

::::::::::: PostAuthenticateRequest Request called at 9/25/2018 10:35:18 PM   :::   22:35:18.9793480

::::::::::: AuthorizeRequest Request called at 9/25/2018 10:35:18 PM   :::   22:35:18.9833489

::::::::::: PostAuthorizeRequest Request called at 9/25/2018 10:35:18 PM   :::   22:35:18.9873506

::::::::::: End Request called at 9/25/2018 10:35:18 PM   :::   22:35:18.9993496

::::::::::: AuthorizeRequest Request called at 9/25/2018 10:35:19 PM   :::   22:35:19.0113499

::::::::::: PostAuthorizeRequest Request called at 9/25/2018 10:35:19 PM   :::   22:35:19.0153895

::::::::::: PostAcquireRequestState Request called at 9/25/2018 10:35:19 PM   :::   22:35:19.0313511

::::::::::: PreRequestHandlerExecute Request called at 9/25/2018 10:35:19 PM   :::   22:35:19.0353559

::::::::::: AcquireRequestState Request called at 9/25/2018 10:35:19 PM   :::   22:35:19.0513531

::::::::::: PostAcquireRequestState Request called at 9/25/2018 10:35:19 PM   :::   22:35:19.0593533

::::::::::: PreRequestHandlerExecute Request called at 9/25/2018 10:35:19 PM   :::   22:35:19.0593533

::::::::::: PostRequestHandlerExecute Request called at 9/25/2018 10:35:19 PM   :::   22:35:19.0633541

::::::::::: ReleaseRequestState Request called at 9/25/2018 10:35:19 PM   :::   22:35:19.0633541

::::::::::: PostReleaseRequestState Request called at 9/25/2018 10:35:19 PM   :::   22:35:19.0633541

::::::::::: UpdateRequestCache Request called at 9/25/2018 10:35:19 PM   :::   22:35:19.0673542

::::::::::: PostRequestHandlerExecute Request called at 9/25/2018 10:35:19 PM   :::   22:35:19.0753544

::::::::::: PreSendRequestContent Request called at 9/25/2018 10:35:19 PM   :::   22:35:19.0793549

::::::::::: PreSendRequestHeaders Request called at 9/25/2018 10:35:19 PM   :::   22:35:19.0833549

::::::::::: ReleaseRequestState Request called at 9/25/2018 10:35:19 PM   :::   22:35:19.0833549

::::::::::: PostReleaseRequestState Request called at 9/25/2018 10:35:19 PM   :::   22:35:19.0953564

::::::::::: UpdateRequestCache Request called at 9/25/2018 10:35:19 PM   :::   22:35:19.0953564

::::::::::: EndRequest Request called at 9/25/2018 10:35:19 PM   :::   22:35:19.0993565

::::::::::: PreSendRequestContent Request called at 9/25/2018 10:35:19 PM   :::   22:35:19.1033569

::::::::::: PreSendRequestHeaders Request called at 9/25/2018 10:35:19 PM   :::   22:35:19.1153576

::::::::::: PostAuthenticateRequest Request called at 9/25/2018 10:35:19 PM   :::   22:35:19.1273582

::::::::::: AuthorizeRequest Request called at 9/25/2018 10:35:19 PM   :::   22:35:19.1273582

::::::::::: PostAuthorizeRequest Request called at 9/25/2018 10:35:19 PM   :::   22:35:19.1313587

::::::::::: End Request called at 9/25/2018 10:35:19 PM   :::   22:35:19.1313587

::::::::::: PostResolveRequestCache Request called at 9/25/2018 10:35:19 PM   :::   22:35:19.1353592

::::::::::: AcquireRequestState Request called at 9/25/2018 10:35:19 PM   :::   22:35:19.1353592

::::::::::: PostAcquireRequestState Request called at 9/25/2018 10:35:19 PM   :::   22:35:19.1353592

::::::::::: PreRequestHandlerExecute Request called at 9/25/2018 10:35:19 PM   :::   22:35:19.1393620

::::::::::: BeginRequest Request called at 9/25/2018 10:35:19 PM   :::   22:35:19.1473594

::::::::::: AuthenticateRequest Request called at 9/25/2018 10:35:19 PM   :::   22:35:19.1553604

::::::::::: PostAuthenticateRequest Request called at 9/25/2018 10:35:19 PM   :::   22:35:19.1593605

::::::::::: AuthorizeRequest Request called at 9/25/2018 10:35:19 PM   :::   22:35:19.1593605

::::::::::: PostAuthorizeRequest Request called at 9/25/2018 10:35:19 PM   :::   22:35:19.1673607

::::::::::: End Request called at 9/25/2018 10:35:19 PM   :::   22:35:19.1753624

::::::::::: PostResolveRequestCache Request called at 9/25/2018 10:35:19 PM   :::   22:35:19.1793621

::::::::::: AcquireRequestState Request called at 9/25/2018 10:35:19 PM   :::   22:35:19.1833626

::::::::::: PostAcquireRequestState Request called at 9/25/2018 10:35:19 PM   :::   22:35:19.1833626

::::::::::: PreRequestHandlerExecute Request called at 9/25/2018 10:35:19 PM   :::   22:35:19.1873634

::::::::::: BeginRequest Request called at 9/25/2018 10:35:31 PM   :::   22:35:31.2832664

::::::::::: AuthenticateRequest Request called at 9/25/2018 10:35:31 PM   :::   22:35:31.2832664

::::::::::: PostAuthenticateRequest Request called at 9/25/2018 10:35:31 PM   :::   22:35:31.2872657

::::::::::: AuthorizeRequest Request called at 9/25/2018 10:35:31 PM   :::   22:35:31.2912653

::::::::::: PostAuthorizeRequest Request called at 9/25/2018 10:35:31 PM   :::   22:35:31.2952658

::::::::::: End Request called at 9/25/2018 10:35:31 PM   :::   22:35:31.2992663

::::::::::: AuthorizeRequest Request called at 9/25/2018 10:35:31 PM   :::   22:35:31.3152812

::::::::::: PostAuthorizeRequest Request called at 9/25/2018 10:35:31 PM   :::   22:35:31.3232676

::::::::::: End Request called at 9/25/2018 10:35:31 PM   :::   22:35:31.3312689

::::::::::: PostResolveRequestCache Request called at 9/25/2018 10:35:31 PM   :::   22:35:31.3392837

::::::::::: AcquireRequestState Request called at 9/25/2018 10:35:31 PM   :::   22:35:31.3512698

::::::::::: PostAcquireRequestState Request called at 9/25/2018 10:35:31 PM   :::   22:35:31.3512698

::::::::::: PreRequestHandlerExecute Request called at 9/25/2018 10:35:31 PM   :::   22:35:31.3632704

::::::::::: UpdateRequestCache Request called at 9/25/2018 10:35:31 PM   :::   22:35:31.3752718

::::::::::: EndRequest Request called at 9/25/2018 10:35:31 PM   :::   22:35:31.3792798

::::::::::: PreSendRequestContent Request called at 9/25/2018 10:35:31 PM   :::   22:35:31.3872760

::::::::::: PreSendRequestHeaders Request called at 9/25/2018 10:35:31 PM   :::   22:35:31.3872760

::::::::::: BeginRequest Request called at 9/25/2018 10:35:31 PM   :::   22:35:31.3912726

::::::::::: AuthenticateRequest Request called at 9/25/2018 10:35:31 PM   :::   22:35:31.3952734

::::::::::: PostAuthenticateRequest Request called at 9/25/2018 10:35:31 PM   :::   22:35:31.3992731

::::::::::: AuthorizeRequest Request called at 9/25/2018 10:35:31 PM   :::   22:35:31.3992731

::::::::::: PostAuthorizeRequest Request called at 9/25/2018 10:35:31 PM   :::   22:35:31.4032732

::::::::::: End Request called at 9/25/2018 10:35:31 PM   :::   22:35:31.4032732

::::::::::: PostResolveRequestCache Request called at 9/25/2018 10:35:31 PM   :::   22:35:31.4072737

::::::::::: AcquireRequestState Request called at 9/25/2018 10:35:31 PM   :::   22:35:31.4112738

::::::::::: PostAcquireRequestState Request called at 9/25/2018 10:35:31 PM   :::   22:35:31.4112738

::::::::::: PreRequestHandlerExecute Request called at 9/25/2018 10:35:31 PM   :::   22:35:31.4152750

::::::::::: PreSendRequestContent Request called at 9/25/2018 10:35:37 PM   :::   22:35:37.0806923

::::::::::: PreSendRequestHeaders Request called at 9/25/2018 10:35:37 PM   :::   22:35:37.0846928

::::::::::: Error Request called at 9/25/2018 10:35:37 PM   :::   22:35:37.0886909

::::::::::: PostRequestHandlerExecute Request called at 9/25/2018 10:35:37 PM   :::   22:35:37.7167344

::::::::::: ReleaseRequestState Request called at 9/25/2018 10:35:37 PM   :::   22:35:37.7207385

::::::::::: PostReleaseRequestState Request called at 9/25/2018 10:35:37 PM   :::   22:35:37.7287378

::::::::::: UpdateRequestCache Request called at 9/25/2018 10:35:37 PM   :::   22:35:37.7367368

::::::::::: EndRequest Request called at 9/25/2018 10:35:37 PM   :::   22:35:37.7487375

::::::::::: PreSendRequestContent Request called at 9/25/2018 10:35:37 PM   :::   22:35:37.7647386

::::::::::: PreSendRequestHeaders Request called at 9/25/2018 10:35:37 PM   :::   22:35:37.7727447

::::::::::: PreSendRequestHeaders Request called at 9/25/2018 10:35:37 PM   :::   22:35:37.7807393

::::::::::: PreSendRequestContent Request called at 9/25/2018 10:35:40 PM   :::   22:35:40.9938179

::::::::::: PreSendRequestHeaders Request called at 9/25/2018 10:35:40 PM   :::   22:35:40.9938179

::::::::::: Error Request called at 9/25/2018 10:35:40 PM   :::   22:35:40.9978180

::::::::::: PreSendRequestContent Request called at 9/25/2018 10:35:52 PM   :::   22:35:52.4425430

::::::::::: PreSendRequestContent Request called at 9/25/2018 10:35:52 PM   :::   22:35:52.4905455

::::::::::: PreSendRequestContent Request called at 9/25/2018 10:35:52 PM   :::   22:35:52.5225474

::::::::::: PreSendRequestContent Request called at 9/25/2018 10:35:52 PM   :::   22:35:52.5465483

::::::::::: EndRequest Request called at 9/25/2018 10:35:52 PM   :::   22:35:52.5585493

::::::::::: PreSendRequestContent Request called at 9/25/2018 10:35:52 PM   :::   22:35:52.5625498

::::::::::: BeginRequest Request called at 9/25/2018 10:37:42 PM   :::   22:37:42.9271658

::::::::::: AuthenticateRequest Request called at 9/25/2018 10:37:42 PM   :::   22:37:42.9311654

::::::::::: PostAuthenticateRequest Request called at 9/25/2018 10:37:42 PM   :::   22:37:42.9351876

::::::::::: AuthorizeRequest Request called at 9/25/2018 10:37:42 PM   :::   22:37:42.9391660

::::::::::: PostAuthorizeRequest Request called at 9/25/2018 10:37:42 PM   :::   22:37:42.9431661

::::::::::: End Request called at 9/25/2018 10:37:42 PM   :::   22:37:42.9471662

::::::::::: PostResolveRequestCache Request called at 9/25/2018 10:37:42 PM   :::   22:37:42.9511663

::::::::::: AcquireRequestState Request called at 9/25/2018 10:37:42 PM   :::   22:37:42.9551734

::::::::::: PostAcquireRequestState Request called at 9/25/2018 10:37:42 PM   :::   22:37:42.9551734

::::::::::: PreRequestHandlerExecute Request called at 9/25/2018 10:37:42 PM   :::   22:37:42.9591885

::::::::::: PostRequestHandlerExecute Request called at 9/25/2018 10:38:16 PM   :::   22:38:16.2647364

::::::::::: ReleaseRequestState Request called at 9/25/2018 10:38:16 PM   :::   22:38:16.2687302

::::::::::: PostReleaseRequestState Request called at 9/25/2018 10:38:16 PM   :::   22:38:16.2727315

::::::::::: UpdateRequestCache Request called at 9/25/2018 10:38:16 PM   :::   22:38:16.2767323

::::::::::: EndRequest Request called at 9/25/2018 10:38:16 PM   :::   22:38:16.2847317

::::::::::: PreSendRequestContent Request called at 9/25/2018 10:38:16 PM   :::   22:38:16.2887326

::::::::::: PreSendRequestHeaders Request called at 9/25/2018 10:38:16 PM   :::   22:38:16.2927386

::::::::::: BeginRequest Request called at 9/25/2018 10:38:18 PM   :::   22:38:18.5688908

::::::::::: AuthenticateRequest Request called at 9/25/2018 10:38:18 PM   :::   22:38:18.5688908

::::::::::: PostAuthenticateRequest Request called at 9/25/2018 10:38:18 PM   :::   22:38:18.5688908

::::::::::: AuthorizeRequest Request called at 9/25/2018 10:38:18 PM   :::   22:38:18.5728909

::::::::::: PostAuthorizeRequest Request called at 9/25/2018 10:38:18 PM   :::   22:38:18.5728909

::::::::::: End Request called at 9/25/2018 10:38:18 PM   :::   22:38:18.5728909

::::::::::: PostResolveRequestCache Request called at 9/25/2018 10:38:18 PM   :::   22:38:18.5768906

::::::::::: AcquireRequestState Request called at 9/25/2018 10:38:18 PM   :::   22:38:18.5768906

::::::::::: PostAcquireRequestState Request called at 9/25/2018 10:38:18 PM   :::   22:38:18.5768906

::::::::::: PreRequestHandlerExecute Request called at 9/25/2018 10:38:18 PM   :::   22:38:18.5808911

::::::::::: PostRequestHandlerExecute Request called at 9/25/2018 10:38:18 PM   :::   22:38:18.5808911

::::::::::: ReleaseRequestState Request called at 9/25/2018 10:38:18 PM   :::   22:38:18.5848908

::::::::::: PostReleaseRequestState Request called at 9/25/2018 10:38:18 PM   :::   22:38:18.5848908

::::::::::: UpdateRequestCache Request called at 9/25/2018 10:38:18 PM   :::   22:38:18.5888928

::::::::::: EndRequest Request called at 9/25/2018 10:38:18 PM   :::   22:38:18.5888928

::::::::::: PreSendRequestContent Request called at 9/25/2018 10:38:18 PM   :::   22:38:18.5928913

::::::::::: PreSendRequestHeaders Request called at 9/25/2018 10:38:18 PM   :::   22:38:18.5968918

::::::::::: AuthorizeRequest Request called at 9/25/2018 10:38:18 PM   :::   22:38:18.6048924

::::::::::: PostAuthorizeRequest Request called at 9/25/2018 10:38:18 PM   :::   22:38:18.6088928

::::::::::: End Request called at 9/25/2018 10:38:18 PM   :::   22:38:18.6088928

::::::::::: PostResolveRequestCache Request called at 9/25/2018 10:38:18 PM   :::   22:38:18.6128929

::::::::::: AcquireRequestState Request called at 9/25/2018 10:38:18 PM   :::   22:38:18.6128929

::::::::::: PostAcquireRequestState Request called at 9/25/2018 10:38:18 PM   :::   22:38:18.6168934

::::::::::: PreRequestHandlerExecute Request called at 9/25/2018 10:38:18 PM   :::   22:38:18.6168934

::::::::::: PostRequestHandlerExecute Request called at 9/25/2018 10:38:18 PM   :::   22:38:18.6288940

::::::::::: ReleaseRequestState Request called at 9/25/2018 10:38:18 PM   :::   22:38:18.6328941

::::::::::: PostReleaseRequestState Request called at 9/25/2018 10:38:18 PM   :::   22:38:18.6328941

::::::::::: UpdateRequestCache Request called at 9/25/2018 10:38:18 PM   :::   22:38:18.6328941

::::::::::: EndRequest Request called at 9/25/2018 10:38:18 PM   :::   22:38:18.6368950

::::::::::: PreSendRequestContent Request called at 9/25/2018 10:38:18 PM   :::   22:38:18.6368950

::::::::::: PreSendRequestHeaders Request called at 9/25/2018 10:38:18 PM   :::   22:38:18.6368950

::::::::::: BeginRequest Request called at 9/25/2018 10:38:19 PM   :::   22:38:19.2381167

::::::::::: AuthenticateRequest Request called at 9/25/2018 10:38:19 PM   :::   22:38:19.2421117

::::::::::: PostAuthenticateRequest Request called at 9/25/2018 10:38:19 PM   :::   22:38:19.2421117

::::::::::: AuthorizeRequest Request called at 9/25/2018 10:38:19 PM   :::   22:38:19.2461236

::::::::::: PostAuthorizeRequest Request called at 9/25/2018 10:38:19 PM   :::   22:38:19.2501122

::::::::::: End Request called at 9/25/2018 10:38:19 PM   :::   22:38:19.2501122

::::::::::: PostResolveRequestCache Request called at 9/25/2018 10:38:19 PM   :::   22:38:19.2541127

::::::::::: AcquireRequestState Request called at 9/25/2018 10:38:19 PM   :::   22:38:19.2541127

::::::::::: PostAcquireRequestState Request called at 9/25/2018 10:38:19 PM   :::   22:38:19.2581124

::::::::::: PreRequestHandlerExecute Request called at 9/25/2018 10:38:19 PM   :::   22:38:19.2581124

::::::::::: PreSendRequestContent Request called at 9/25/2018 10:38:21 PM   :::   22:38:21.3022566

::::::::::: PreSendRequestHeaders Request called at 9/25/2018 10:38:21 PM   :::   22:38:21.3062575

::::::::::: PostRequestHandlerExecute Request called at 9/25/2018 10:38:21 PM   :::   22:38:21.3102572

::::::::::: ReleaseRequestState Request called at 9/25/2018 10:38:21 PM   :::   22:38:21.3102572

::::::::::: PostReleaseRequestState Request called at 9/25/2018 10:38:21 PM   :::   22:38:21.3142572

::::::::::: UpdateRequestCache Request called at 9/25/2018 10:38:21 PM   :::   22:38:21.3142572

::::::::::: EndRequest Request called at 9/25/2018 10:38:21 PM   :::   22:38:21.3142572

::::::::::: PreSendRequestContent Request called at 9/25/2018 10:38:21 PM   :::   22:38:21.3182569

::::::::::: BeginRequest Request called at 9/25/2018 10:39:06 PM   :::   22:39:06.2176639

::::::::::: AuthenticateRequest Request called at 9/25/2018 10:39:06 PM   :::   22:39:06.2216675

::::::::::: PostAuthenticateRequest Request called at 9/25/2018 10:39:06 PM   :::   22:39:06.2216675

::::::::::: AuthorizeRequest Request called at 9/25/2018 10:39:06 PM   :::   22:39:06.2256641

::::::::::: PostAuthorizeRequest Request called at 9/25/2018 10:39:06 PM   :::   22:39:06.2256641

::::::::::: End Request called at 9/25/2018 10:39:06 PM   :::   22:39:06.2376714

::::::::::: PostResolveRequestCache Request called at 9/25/2018 10:39:06 PM   :::   22:39:06.2456661

::::::::::: AcquireRequestState Request called at 9/25/2018 10:39:06 PM   :::   22:39:06.2496673

::::::::::: PostAcquireRequestState Request called at 9/25/2018 10:39:06 PM   :::   22:39:06.2496673

::::::::::: PreRequestHandlerExecute Request called at 9/25/2018 10:39:06 PM   :::   22:39:06.2496673

::::::::::: PostRequestHandlerExecute Request called at 9/25/2018 10:39:06 PM   :::   22:39:06.2576663

::::::::::: ReleaseRequestState Request called at 9/25/2018 10:39:06 PM   :::   22:39:06.2576663

::::::::::: PostReleaseRequestState Request called at 9/25/2018 10:39:06 PM   :::   22:39:06.2576663

::::::::::: UpdateRequestCache Request called at 9/25/2018 10:39:06 PM   :::   22:39:06.2616672

::::::::::: EndRequest Request called at 9/25/2018 10:39:06 PM   :::   22:39:06.2616672

::::::::::: PreSendRequestContent Request called at 9/25/2018 10:39:06 PM   :::   22:39:06.2656669

::::::::::: PreSendRequestHeaders Request called at 9/25/2018 10:39:06 PM   :::   22:39:06.2656669

::::::::::: BeginRequest Request called at 9/25/2018 10:39:06 PM   :::   22:39:06.8657094

::::::::::: AuthenticateRequest Request called at 9/25/2018 10:39:06 PM   :::   22:39:06.8697142

::::::::::: PostAuthenticateRequest Request called at 9/25/2018 10:39:06 PM   :::   22:39:06.8737100

::::::::::: AuthorizeRequest Request called at 9/25/2018 10:39:06 PM   :::   22:39:06.8737100

::::::::::: PostAuthorizeRequest Request called at 9/25/2018 10:39:06 PM   :::   22:39:06.8777101

::::::::::: End Request called at 9/25/2018 10:39:06 PM   :::   22:39:06.8777101

::::::::::: PostResolveRequestCache Request called at 9/25/2018 10:39:06 PM   :::   22:39:06.8817117

::::::::::: AcquireRequestState Request called at 9/25/2018 10:39:06 PM   :::   22:39:06.8817117

::::::::::: PostAcquireRequestState Request called at 9/25/2018 10:39:06 PM   :::   22:39:06.8937116

::::::::::: PreRequestHandlerExecute Request called at 9/25/2018 10:39:06 PM   :::   22:39:06.8977125

::::::::::: BeginRequest Request called at 9/25/2018 10:39:10 PM   :::   22:39:10.4190391

::::::::::: AuthenticateRequest Request called at 9/25/2018 10:39:10 PM   :::   22:39:10.4190391

::::::::::: PostAuthenticateRequest Request called at 9/25/2018 10:39:10 PM   :::   22:39:10.4190391

::::::::::: AuthorizeRequest Request called at 9/25/2018 10:39:10 PM   :::   22:39:10.4230399

::::::::::: PostAuthorizeRequest Request called at 9/25/2018 10:39:10 PM   :::   22:39:10.4230399

::::::::::: End Request called at 9/25/2018 10:39:10 PM   :::   22:39:10.4230399

::::::::::: PostResolveRequestCache Request called at 9/25/2018 10:39:10 PM   :::   22:39:10.4270396

::::::::::: AcquireRequestState Request called at 9/25/2018 10:39:10 PM   :::   22:39:10.4310413

::::::::::: PostAcquireRequestState Request called at 9/25/2018 10:39:10 PM   :::   22:39:10.4310413

::::::::::: PreRequestHandlerExecute Request called at 9/25/2018 10:39:10 PM   :::   22:39:10.4350453

::::::::::: PostRequestHandlerExecute Request called at 9/25/2018 10:39:10 PM   :::   22:39:10.4350453

::::::::::: ReleaseRequestState Request called at 9/25/2018 10:39:10 PM   :::   22:39:10.4390403

::::::::::: PostReleaseRequestState Request called at 9/25/2018 10:39:10 PM   :::   22:39:10.4390403

::::::::::: UpdateRequestCache Request called at 9/25/2018 10:39:10 PM   :::   22:39:10.4430411

::::::::::: EndRequest Request called at 9/25/2018 10:39:10 PM   :::   22:39:10.4430411

::::::::::: PreSendRequestContent Request called at 9/25/2018 10:39:10 PM   :::   22:39:10.4430411

::::::::::: PreSendRequestHeaders Request called at 9/25/2018 10:39:10 PM   :::   22:39:10.4470412

::::::::::: BeginRequest Request called at 9/25/2018 10:39:12 PM   :::   22:39:12.3591764

::::::::::: AuthenticateRequest Request called at 9/25/2018 10:39:12 PM   :::   22:39:12.3591764

::::::::::: PostAuthenticateRequest Request called at 9/25/2018 10:39:12 PM   :::   22:39:12.3591764

::::::::::: AuthorizeRequest Request called at 9/25/2018 10:39:12 PM   :::   22:39:12.3631769

::::::::::: PostAuthorizeRequest Request called at 9/25/2018 10:39:12 PM   :::   22:39:12.3631769

::::::::::: End Request called at 9/25/2018 10:39:12 PM   :::   22:39:12.3671758

::::::::::: PostResolveRequestCache Request called at 9/25/2018 10:39:12 PM   :::   22:39:12.3711762

::::::::::: AcquireRequestState Request called at 9/25/2018 10:39:12 PM   :::   22:39:12.3711762

::::::::::: PostAcquireRequestState Request called at 9/25/2018 10:39:12 PM   :::   22:39:12.3711762

::::::::::: PreRequestHandlerExecute Request called at 9/25/2018 10:39:12 PM   :::   22:39:12.3751767

::::::::::: PreSendRequestContent Request called at 9/25/2018 10:39:14 PM   :::   22:39:14.4073195

::::::::::: PreSendRequestHeaders Request called at 9/25/2018 10:39:14 PM   :::   22:39:14.4073195

::::::::::: PostRequestHandlerExecute Request called at 9/25/2018 10:39:14 PM   :::   22:39:14.4153201

::::::::::: ReleaseRequestState Request called at 9/25/2018 10:39:14 PM   :::   22:39:14.4193201

::::::::::: PostReleaseRequestState Request called at 9/25/2018 10:39:14 PM   :::   22:39:14.4193201

::::::::::: UpdateRequestCache Request called at 9/25/2018 10:39:14 PM   :::   22:39:14.4233257

::::::::::: EndRequest Request called at 9/25/2018 10:39:14 PM   :::   22:39:14.4273211

::::::::::: PreSendRequestContent Request called at 9/25/2018 10:39:14 PM   :::   22:39:14.4313224

::::::::::: PostRequestHandlerExecute Request called at 9/25/2018 10:39:42 PM   :::   22:39:42.0498506

::::::::::: ReleaseRequestState Request called at 9/25/2018 10:39:42 PM   :::   22:39:42.0538523

::::::::::: PostReleaseRequestState Request called at 9/25/2018 10:39:42 PM   :::   22:39:42.0578516

::::::::::: UpdateRequestCache Request called at 9/25/2018 10:39:42 PM   :::   22:39:42.0578516

::::::::::: EndRequest Request called at 9/25/2018 10:39:42 PM   :::   22:39:42.0618521

::::::::::: PreSendRequestContent Request called at 9/25/2018 10:39:42 PM   :::   22:39:42.0658526

::::::::::: PreSendRequestHeaders Request called at 9/25/2018 10:39:42 PM   :::   22:39:42.0698550

::::::::::: BeginRequest Request called at 9/25/2018 10:42:00 PM   :::   22:42:00.2030160

::::::::::: AuthenticateRequest Request called at 9/25/2018 10:42:00 PM   :::   22:42:00.2070157

::::::::::: PostAuthenticateRequest Request called at 9/25/2018 10:42:00 PM   :::   22:42:00.2070157

::::::::::: AuthorizeRequest Request called at 9/25/2018 10:42:00 PM   :::   22:42:00.2110158

::::::::::: PostAuthorizeRequest Request called at 9/25/2018 10:42:00 PM   :::   22:42:00.2110158

::::::::::: End Request called at 9/25/2018 10:42:00 PM   :::   22:42:00.2110158

::::::::::: PostResolveRequestCache Request called at 9/25/2018 10:42:00 PM   :::   22:42:00.2150162

::::::::::: AcquireRequestState Request called at 9/25/2018 10:42:00 PM   :::   22:42:00.2190159

::::::::::: PostAcquireRequestState Request called at 9/25/2018 10:42:00 PM   :::   22:42:00.2190159

::::::::::: PreRequestHandlerExecute Request called at 9/25/2018 10:42:00 PM   :::   22:42:00.2270177

::::::::::: PostRequestHandlerExecute Request called at 9/25/2018 10:42:00 PM   :::   22:42:00.2310170

::::::::::: ReleaseRequestState Request called at 9/25/2018 10:42:00 PM   :::   22:42:00.2310170

::::::::::: PostReleaseRequestState Request called at 9/25/2018 10:42:00 PM   :::   22:42:00.2310170

::::::::::: UpdateRequestCache Request called at 9/25/2018 10:42:00 PM   :::   22:42:00.2350175

::::::::::: EndRequest Request called at 9/25/2018 10:42:00 PM   :::   22:42:00.2350175

::::::::::: PreSendRequestContent Request called at 9/25/2018 10:42:00 PM   :::   22:42:00.2390171

::::::::::: PreSendRequestHeaders Request called at 9/25/2018 10:42:00 PM   :::   22:42:00.2390171

::::::::::: BeginRequest Request called at 9/25/2018 10:42:00 PM   :::   22:42:00.2830208

::::::::::: AuthenticateRequest Request called at 9/25/2018 10:42:00 PM   :::   22:42:00.2870217

::::::::::: PostAuthenticateRequest Request called at 9/25/2018 10:42:00 PM   :::   22:42:00.2910218

::::::::::: AuthorizeRequest Request called at 9/25/2018 10:42:00 PM   :::   22:42:00.2950219

::::::::::: PostAuthorizeRequest Request called at 9/25/2018 10:42:00 PM   :::   22:42:00.2950219

::::::::::: End Request called at 9/25/2018 10:42:00 PM   :::   22:42:00.2990227

::::::::::: PostResolveRequestCache Request called at 9/25/2018 10:42:00 PM   :::   22:42:00.3030228

::::::::::: AcquireRequestState Request called at 9/25/2018 10:42:00 PM   :::   22:42:00.3070237

::::::::::: PostAcquireRequestState Request called at 9/25/2018 10:42:00 PM   :::   22:42:00.3070237

::::::::::: PreRequestHandlerExecute Request called at 9/25/2018 10:42:00 PM   :::   22:42:00.3110226

::::::::::: PostRequestHandlerExecute Request called at 9/25/2018 10:42:35 PM   :::   22:42:35.5730200

::::::::::: ReleaseRequestState Request called at 9/25/2018 10:42:35 PM   :::   22:42:35.5770209

::::::::::: PostReleaseRequestState Request called at 9/25/2018 10:42:35 PM   :::   22:42:35.5810194

::::::::::: UpdateRequestCache Request called at 9/25/2018 10:42:35 PM   :::   22:42:35.5810194

::::::::::: EndRequest Request called at 9/25/2018 10:42:35 PM   :::   22:42:35.5810194

::::::::::: PreSendRequestContent Request called at 9/25/2018 10:42:35 PM   :::   22:42:35.5850194

::::::::::: PreSendRequestHeaders Request called at 9/25/2018 10:42:35 PM   :::   22:42:35.5850194

::::::::::: BeginRequest Request called at 9/25/2018 10:43:03 PM   :::   22:43:03.4365880

::::::::::: AuthenticateRequest Request called at 9/25/2018 10:43:03 PM   :::   22:43:03.4405873

::::::::::: PostAuthenticateRequest Request called at 9/25/2018 10:43:03 PM   :::   22:43:03.4525884

::::::::::: AuthorizeRequest Request called at 9/25/2018 10:43:03 PM   :::   22:43:03.4605881

::::::::::: PostAuthorizeRequest Request called at 9/25/2018 10:43:03 PM   :::   22:43:03.4725880

::::::::::: End Request called at 9/25/2018 10:43:03 PM   :::   22:43:03.4805894

::::::::::: PostResolveRequestCache Request called at 9/25/2018 10:43:03 PM   :::   22:43:03.4845886

::::::::::: AcquireRequestState Request called at 9/25/2018 10:43:03 PM   :::   22:43:03.4885883

::::::::::: PostAcquireRequestState Request called at 9/25/2018 10:43:03 PM   :::   22:43:03.4885883

::::::::::: PreRequestHandlerExecute Request called at 9/25/2018 10:43:03 PM   :::   22:43:03.4965889

::::::::::: AuthenticateRequest Request called at 9/25/2018 10:43:03 PM   :::   22:43:03.5125892

::::::::::: PostAuthenticateRequest Request called at 9/25/2018 10:43:03 PM   :::   22:43:03.5165897

::::::::::: AuthorizeRequest Request called at 9/25/2018 10:43:03 PM   :::   22:43:03.5205906

::::::::::: PostReleaseRequestState Request called at 9/25/2018 10:43:03 PM   :::   22:43:03.5325912

::::::::::: UpdateRequestCache Request called at 9/25/2018 10:43:03 PM   :::   22:43:03.5325912

::::::::::: EndRequest Request called at 9/25/2018 10:43:03 PM   :::   22:43:03.5365917

::::::::::: PreSendRequestContent Request called at 9/25/2018 10:43:03 PM   :::   22:43:03.5365917

::::::::::: PreSendRequestHeaders Request called at 9/25/2018 10:43:03 PM   :::   22:43:03.5405938

::::::::::: End Request called at 9/25/2018 10:43:03 PM   :::   22:43:03.5525928

::::::::::: PostResolveRequestCache Request called at 9/25/2018 10:43:03 PM   :::   22:43:03.5565929

::::::::::: AcquireRequestState Request called at 9/25/2018 10:43:03 PM   :::   22:43:03.5565929

::::::::::: PostAcquireRequestState Request called at 9/25/2018 10:43:03 PM   :::   22:43:03.5565929

::::::::::: PreRequestHandlerExecute Request called at 9/25/2018 10:43:03 PM   :::   22:43:03.5605930

::::::::::: PostRequestHandlerExecute Request called at 9/25/2018 10:43:03 PM   :::   22:43:03.5605930

::::::::::: ReleaseRequestState Request called at 9/25/2018 10:43:03 PM   :::   22:43:03.5645935

::::::::::: PostReleaseRequestState Request called at 9/25/2018 10:43:03 PM   :::   22:43:03.5645935

::::::::::: UpdateRequestCache Request called at 9/25/2018 10:43:03 PM   :::   22:43:03.5685936

::::::::::: EndRequest Request called at 9/25/2018 10:43:03 PM   :::   22:43:03.5685936

::::::::::: PreSendRequestContent Request called at 9/25/2018 10:43:03 PM   :::   22:43:03.5685936

::::::::::: PreSendRequestHeaders Request called at 9/25/2018 10:43:03 PM   :::   22:43:03.5725936

::::::::::: BeginRequest Request called at 9/25/2018 10:43:07 PM   :::   22:43:07.3632440

::::::::::: AuthenticateRequest Request called at 9/25/2018 10:43:07 PM   :::   22:43:07.3712437

::::::::::: PostAuthenticateRequest Request called at 9/25/2018 10:43:07 PM   :::   22:43:07.3712437

::::::::::: AuthenticateRequest Request called at 9/25/2018 10:43:07 PM   :::   22:43:07.3672429

::::::::::: PostAuthorizeRequest Request called at 9/25/2018 10:43:07 PM   :::   22:43:07.3832479

::::::::::: AuthorizeRequest Request called at 9/25/2018 10:43:07 PM   :::   22:43:07.3952454

::::::::::: PostAuthorizeRequest Request called at 9/25/2018 10:43:07 PM   :::   22:43:07.3992459

::::::::::: End Request called at 9/25/2018 10:43:07 PM   :::   22:43:07.4032456

::::::::::: PostResolveRequestCache Request called at 9/25/2018 10:43:07 PM   :::   22:43:07.4152462

::::::::::: AcquireRequestState Request called at 9/25/2018 10:43:07 PM   :::   22:43:07.4192467

::::::::::: PostAcquireRequestState Request called at 9/25/2018 10:43:07 PM   :::   22:43:07.4232484

::::::::::: PreRequestHandlerExecute Request called at 9/25/2018 10:43:07 PM   :::   22:43:07.4352478

::::::::::: PreSendRequestContent Request called at 9/25/2018 10:43:43 PM   :::   22:43:43.0605881

::::::::::: PreSendRequestHeaders Request called at 9/25/2018 10:43:43 PM   :::   22:43:43.0645866

::::::::::: Error Request called at 9/25/2018 10:43:43 PM   :::   22:43:43.0725907

::::::::::: PreSendRequestContent Request called at 9/25/2018 10:44:05 PM   :::   22:44:05.8069564

::::::::::: PreSendRequestContent Request called at 9/25/2018 10:44:05 PM   :::   22:44:05.8109565

::::::::::: PreSendRequestContent Request called at 9/25/2018 10:44:05 PM   :::   22:44:05.8749610

::::::::::: PostRequestHandlerExecute Request called at 9/25/2018 10:44:05 PM   :::   22:44:05.8789607

::::::::::: ReleaseRequestState Request called at 9/25/2018 10:44:05 PM   :::   22:44:05.8789607

::::::::::: PostReleaseRequestState Request called at 9/25/2018 10:44:05 PM   :::   22:44:05.8829611

::::::::::: UpdateRequestCache Request called at 9/25/2018 10:44:05 PM   :::   22:44:05.8909613

::::::::::: PreSendRequestContent Request called at 9/25/2018 10:44:05 PM   :::   22:44:05.9109633

::::::::::: EndRequest Request called at 9/25/2018 10:44:05 PM   :::   22:44:05.9189639

::::::::::: PreSendRequestContent Request called at 9/25/2018 10:44:05 PM   :::   22:44:05.9229651

::::::::::: EndRequest Request called at 9/25/2018 10:44:05 PM   :::   22:44:05.9309653

::::::::::: PreSendRequestContent Request called at 9/25/2018 10:44:05 PM   :::   22:44:05.9629672

::::::::::: BeginRequest Request called at 9/25/2018 10:52:46 PM   :::   22:52:46.4461293

::::::::::: AuthenticateRequest Request called at 9/25/2018 10:52:46 PM   :::   22:52:46.4541295

::::::::::: PostAuthenticateRequest Request called at 9/25/2018 10:52:46 PM   :::   22:52:46.4661305

::::::::::: AuthorizeRequest Request called at 9/25/2018 10:52:46 PM   :::   22:52:46.4781324

::::::::::: PostAuthorizeRequest Request called at 9/25/2018 10:52:46 PM   :::   22:52:46.4821325

::::::::::: End Request called at 9/25/2018 10:52:46 PM   :::   22:52:46.4861302

::::::::::: PostResolveRequestCache Request called at 9/25/2018 10:52:46 PM   :::   22:52:46.4901314

::::::::::: AuthenticateRequest Request called at 9/25/2018 10:52:46 PM   :::   22:52:46.5181324

::::::::::: PostAuthenticateRequest Request called at 9/25/2018 10:52:46 PM   :::   22:52:46.5221333

::::::::::: AuthorizeRequest Request called at 9/25/2018 10:52:46 PM   :::   22:52:46.5261330

::::::::::: PostAuthorizeRequest Request called at 9/25/2018 10:52:46 PM   :::   22:52:46.5421337

::::::::::: End Request called at 9/25/2018 10:52:46 PM   :::   22:52:46.5421337

::::::::::: PostResolveRequestCache Request called at 9/25/2018 10:52:46 PM   :::   22:52:46.5501355

::::::::::: AcquireRequestState Request called at 9/25/2018 10:52:46 PM   :::   22:52:46.5501355

::::::::::: PostAcquireRequestState Request called at 9/25/2018 10:52:46 PM   :::   22:52:46.5621373

::::::::::: PreRequestHandlerExecute Request called at 9/25/2018 10:52:46 PM   :::   22:52:46.5701351

::::::::::: ReleaseRequestState Request called at 9/25/2018 10:52:46 PM   :::   22:52:46.5741352

::::::::::: PostReleaseRequestState Request called at 9/25/2018 10:52:46 PM   :::   22:52:46.5781361

::::::::::: UpdateRequestCache Request called at 9/25/2018 10:52:46 PM   :::   22:52:46.5821365

::::::::::: EndRequest Request called at 9/25/2018 10:52:50 PM   :::   22:52:50.0424868

::::::::::: PreSendRequestContent Request called at 9/25/2018 10:52:50 PM   :::   22:52:50.0464877

::::::::::: PreSendRequestHeaders Request called at 9/25/2018 10:52:50 PM   :::   22:52:50.0544879

::::::::::: BeginRequest Request called at 9/25/2018 10:52:52 PM   :::   22:52:52.2431084

::::::::::: AuthenticateRequest Request called at 9/25/2018 10:52:52 PM   :::   22:52:52.2511098

::::::::::: PostAuthenticateRequest Request called at 9/25/2018 10:52:52 PM   :::   22:52:52.2551095

::::::::::: AuthorizeRequest Request called at 9/25/2018 10:52:52 PM   :::   22:52:52.2671105

::::::::::: PostAuthorizeRequest Request called at 9/25/2018 10:52:52 PM   :::   22:52:52.2711106

::::::::::: End Request called at 9/25/2018 10:52:52 PM   :::   22:52:52.2751107

::::::::::: PostResolveRequestCache Request called at 9/25/2018 10:52:52 PM   :::   22:52:52.2751107

::::::::::: AcquireRequestState Request called at 9/25/2018 10:52:52 PM   :::   22:52:52.2791115

::::::::::: PostAcquireRequestState Request called at 9/25/2018 10:52:52 PM   :::   22:52:52.2831120

::::::::::: PreRequestHandlerExecute Request called at 9/25/2018 10:52:52 PM   :::   22:52:52.2831120

::::::::::: BeginRequest Request called at 9/25/2018 10:52:52 PM   :::   22:52:52.8431506

::::::::::: AuthenticateRequest Request called at 9/25/2018 10:52:52 PM   :::   22:52:52.8431506

::::::::::: PostAuthenticateRequest Request called at 9/25/2018 10:52:52 PM   :::   22:52:52.8471511

::::::::::: AuthorizeRequest Request called at 9/25/2018 10:52:52 PM   :::   22:52:52.8511515

::::::::::: PostAuthorizeRequest Request called at 9/25/2018 10:52:52 PM   :::   22:52:52.8511515

::::::::::: End Request called at 9/25/2018 10:52:52 PM   :::   22:52:52.8511515

::::::::::: PostResolveRequestCache Request called at 9/25/2018 10:52:52 PM   :::   22:52:52.8551516

::::::::::: AcquireRequestState Request called at 9/25/2018 10:52:52 PM   :::   22:52:52.8551516

::::::::::: PostAcquireRequestState Request called at 9/25/2018 10:52:52 PM   :::   22:52:52.8591517

::::::::::: PreRequestHandlerExecute Request called at 9/25/2018 10:52:52 PM   :::   22:52:52.8591517

::::::::::: PostRequestHandlerExecute Request called at 9/25/2018 10:52:52 PM   :::   22:52:52.8631518

::::::::::: ReleaseRequestState Request called at 9/25/2018 10:52:52 PM   :::   22:52:52.8631518

::::::::::: PostReleaseRequestState Request called at 9/25/2018 10:52:52 PM   :::   22:52:52.8671523

::::::::::: UpdateRequestCache Request called at 9/25/2018 10:52:52 PM   :::   22:52:52.8671523

::::::::::: EndRequest Request called at 9/25/2018 10:52:52 PM   :::   22:52:52.8671523

::::::::::: PreSendRequestContent Request called at 9/25/2018 10:52:52 PM   :::   22:52:52.8711527

::::::::::: PreSendRequestHeaders Request called at 9/25/2018 10:52:52 PM   :::   22:52:52.8711527

::::::::::: BeginRequest Request called at 9/25/2018 10:52:52 PM   :::   22:52:52.9231570

::::::::::: AuthenticateRequest Request called at 9/25/2018 10:52:52 PM   :::   22:52:52.9271571

::::::::::: PostAuthenticateRequest Request called at 9/25/2018 10:52:52 PM   :::   22:52:52.9271571

::::::::::: AuthorizeRequest Request called at 9/25/2018 10:52:52 PM   :::   22:52:52.9351584

::::::::::: PostAuthorizeRequest Request called at 9/25/2018 10:52:52 PM   :::   22:52:52.9351584

::::::::::: End Request called at 9/25/2018 10:52:52 PM   :::   22:52:52.9391577

::::::::::: PostResolveRequestCache Request called at 9/25/2018 10:52:52 PM   :::   22:52:52.9391577

::::::::::: AcquireRequestState Request called at 9/25/2018 10:52:52 PM   :::   22:52:52.9431590

::::::::::: PostAcquireRequestState Request called at 9/25/2018 10:52:52 PM   :::   22:52:52.9431590

::::::::::: PreRequestHandlerExecute Request called at 9/25/2018 10:52:52 PM   :::   22:52:52.9431590

::::::::::: BeginRequest Request called at 9/25/2018 10:52:55 PM   :::   22:52:55.7514360

::::::::::: AuthenticateRequest Request called at 9/25/2018 10:52:55 PM   :::   22:52:55.7514360

::::::::::: PostAuthenticateRequest Request called at 9/25/2018 10:52:55 PM   :::   22:52:55.7554353

::::::::::: AuthorizeRequest Request called at 9/25/2018 10:52:55 PM   :::   22:52:55.7554353

::::::::::: PostAuthorizeRequest Request called at 9/25/2018 10:52:55 PM   :::   22:52:55.7554353

::::::::::: End Request called at 9/25/2018 10:52:55 PM   :::   22:52:55.7594354

::::::::::: PostResolveRequestCache Request called at 9/25/2018 10:52:55 PM   :::   22:52:55.7594354

::::::::::: AcquireRequestState Request called at 9/25/2018 10:52:55 PM   :::   22:52:55.7634363

::::::::::: PostAcquireRequestState Request called at 9/25/2018 10:52:55 PM   :::   22:52:55.7634363

::::::::::: PreRequestHandlerExecute Request called at 9/25/2018 10:52:55 PM   :::   22:52:55.7634363

::::::::::: PostRequestHandlerExecute Request called at 9/25/2018 10:52:55 PM   :::   22:52:55.7674364

::::::::::: ReleaseRequestState Request called at 9/25/2018 10:52:55 PM   :::   22:52:55.7714365

::::::::::: PostReleaseRequestState Request called at 9/25/2018 10:52:55 PM   :::   22:52:55.7714365

::::::::::: UpdateRequestCache Request called at 9/25/2018 10:52:55 PM   :::   22:52:55.7754377

::::::::::: EndRequest Request called at 9/25/2018 10:52:55 PM   :::   22:52:55.7754377

::::::::::: PreSendRequestContent Request called at 9/25/2018 10:52:55 PM   :::   22:52:55.7754377

::::::::::: PreSendRequestHeaders Request called at 9/25/2018 10:52:55 PM   :::   22:52:55.7794370

::::::::::: BeginRequest Request called at 9/25/2018 10:52:58 PM   :::   22:52:58.7407495

::::::::::: AuthenticateRequest Request called at 9/25/2018 10:52:58 PM   :::   22:52:58.7407495

::::::::::: PostAuthenticateRequest Request called at 9/25/2018 10:52:58 PM   :::   22:52:58.7447488

::::::::::: AuthorizeRequest Request called at 9/25/2018 10:52:58 PM   :::   22:52:58.7447488

::::::::::: PostAuthorizeRequest Request called at 9/25/2018 10:52:58 PM   :::   22:52:58.7447488

::::::::::: End Request called at 9/25/2018 10:52:58 PM   :::   22:52:58.7487497

::::::::::: PostResolveRequestCache Request called at 9/25/2018 10:52:58 PM   :::   22:52:58.7487497

::::::::::: AcquireRequestState Request called at 9/25/2018 10:52:58 PM   :::   22:52:58.7527506

::::::::::: PostAcquireRequestState Request called at 9/25/2018 10:52:58 PM   :::   22:52:58.7527506

::::::::::: PreRequestHandlerExecute Request called at 9/25/2018 10:52:58 PM   :::   22:52:58.7567582

::::::::::: Error Request called at 9/25/2018 10:53:03 PM   :::   22:53:03.5225229

::::::::::: PostRequestHandlerExecute Request called at 9/25/2018 10:53:06 PM   :::   22:53:06.5061286

::::::::::: ReleaseRequestState Request called at 9/25/2018 10:53:06 PM   :::   22:53:06.5061286

::::::::::: PostReleaseRequestState Request called at 9/25/2018 10:53:06 PM   :::   22:53:06.5061286

::::::::::: UpdateRequestCache Request called at 9/25/2018 10:53:06 PM   :::   22:53:06.5061286

::::::::::: EndRequest Request called at 9/25/2018 10:53:06 PM   :::   22:53:06.5217741

::::::::::: PostRequestHandlerExecute Request called at 9/25/2018 10:53:28 PM   :::   22:53:28.0817570

::::::::::: ReleaseRequestState Request called at 9/25/2018 10:53:28 PM   :::   22:53:28.0857582

::::::::::: PostReleaseRequestState Request called at 9/25/2018 10:53:28 PM   :::   22:53:28.0857582

::::::::::: UpdateRequestCache Request called at 9/25/2018 10:53:28 PM   :::   22:53:28.0897631

::::::::::: EndRequest Request called at 9/25/2018 10:53:28 PM   :::   22:53:28.0897631

::::::::::: EndRequest Request called at 9/25/2018 10:53:30 PM   :::   22:53:30.9055259

::::::::::: PostRequestHandlerExecute Request called at 9/25/2018 10:53:30 PM   :::   22:53:30.9055259

::::::::::: ReleaseRequestState Request called at 9/25/2018 10:53:30 PM   :::   22:53:30.9095260

::::::::::: PostReleaseRequestState Request called at 9/25/2018 10:53:30 PM   :::   22:53:30.9135367

::::::::::: UpdateRequestCache Request called at 9/25/2018 10:53:30 PM   :::   22:53:30.9135367

::::::::::: EndRequest Request called at 9/25/2018 10:53:30 PM   :::   22:53:30.9135367

::::::::::: PreSendRequestContent Request called at 9/25/2018 10:53:30 PM   :::   22:53:30.9175408

::::::::::: PreSendRequestHeaders Request called at 9/25/2018 10:53:30 PM   :::   22:53:30.9175408

::::::::::: BeginRequest Request called at 9/25/2018 10:53:37 PM   :::   22:53:37.4940660

::::::::::: AuthenticateRequest Request called at 9/25/2018 10:53:37 PM   :::   22:53:37.4980523

::::::::::: PostAuthenticateRequest Request called at 9/25/2018 10:53:37 PM   :::   22:53:37.4980523

::::::::::: AuthorizeRequest Request called at 9/25/2018 10:53:37 PM   :::   22:53:37.5020504

::::::::::: PostAuthorizeRequest Request called at 9/25/2018 10:53:37 PM   :::   22:53:37.5060505

::::::::::: End Request called at 9/25/2018 10:53:37 PM   :::   22:53:37.5060505

::::::::::: PostResolveRequestCache Request called at 9/25/2018 10:53:37 PM   :::   22:53:37.5220658

::::::::::: AcquireRequestState Request called at 9/25/2018 10:53:37 PM   :::   22:53:37.5260517

::::::::::: PostAcquireRequestState Request called at 9/25/2018 10:53:37 PM   :::   22:53:37.5380602

::::::::::: PreRequestHandlerExecute Request called at 9/25/2018 10:53:37 PM   :::   22:53:37.5460529

::::::::::: PostRequestHandlerExecute Request called at 9/25/2018 10:53:37 PM   :::   22:53:37.5580535

::::::::::: ReleaseRequestState Request called at 9/25/2018 10:53:37 PM   :::   22:53:37.5660541

::::::::::: PostReleaseRequestState Request called at 9/25/2018 10:53:37 PM   :::   22:53:37.5700621

::::::::::: UpdateRequestCache Request called at 9/25/2018 10:53:37 PM   :::   22:53:37.5780567

::::::::::: EndRequest Request called at 9/25/2018 10:53:37 PM   :::   22:53:37.5860604

::::::::::: PreSendRequestContent Request called at 9/25/2018 10:53:37 PM   :::   22:53:37.5940559

::::::::::: PreSendRequestHeaders Request called at 9/25/2018 10:53:37 PM   :::   22:53:37.5980563

::::::::::: ReleaseRequestState Request called at 9/25/2018 10:53:37 PM   :::   22:53:37.6140575

::::::::::: PostReleaseRequestState Request called at 9/25/2018 10:53:37 PM   :::   22:53:37.6180575

::::::::::: UpdateRequestCache Request called at 9/25/2018 10:53:37 PM   :::   22:53:37.6260585

::::::::::: EndRequest Request called at 9/25/2018 10:53:37 PM   :::   22:53:37.6340583

::::::::::: PreSendRequestContent Request called at 9/25/2018 10:53:37 PM   :::   22:53:37.6420592

::::::::::: PreSendRequestHeaders Request called at 9/25/2018 10:53:37 PM   :::   22:53:37.6500598

::::::::::: PostResolveRequestCache Request called at 9/25/2018 10:53:37 PM   :::   22:53:37.6620604

::::::::::: AcquireRequestState Request called at 9/25/2018 10:53:37 PM   :::   22:53:37.6660609

::::::::::: PostAcquireRequestState Request called at 9/25/2018 10:53:37 PM   :::   22:53:37.6660609

::::::::::: PreRequestHandlerExecute Request called at 9/25/2018 10:53:37 PM   :::   22:53:37.6700740

::::::::::: AuthenticateRequest Request called at 9/25/2018 10:53:37 PM   :::   22:53:37.6780620

::::::::::: PostAuthenticateRequest Request called at 9/25/2018 10:53:37 PM   :::   22:53:37.6780620

::::::::::: AuthorizeRequest Request called at 9/25/2018 10:53:37 PM   :::   22:53:37.6780620

::::::::::: PostAuthorizeRequest Request called at 9/25/2018 10:53:37 PM   :::   22:53:37.6820620

::::::::::: End Request called at 9/25/2018 10:53:37 PM   :::   22:53:37.6820620

::::::::::: PostResolveRequestCache Request called at 9/25/2018 10:53:37 PM   :::   22:53:37.6820620

::::::::::: AcquireRequestState Request called at 9/25/2018 10:53:37 PM   :::   22:53:37.6860748

::::::::::: PostAcquireRequestState Request called at 9/25/2018 10:53:37 PM   :::   22:53:37.6900630

::::::::::: PreRequestHandlerExecute Request called at 9/25/2018 10:53:37 PM   :::   22:53:37.6900630

::::::::::: PreSendRequestContent Request called at 9/25/2018 10:53:50 PM   :::   22:53:50.7637596

::::::::::: PreSendRequestHeaders Request called at 9/25/2018 10:53:50 PM   :::   22:53:50.7637596

::::::::::: Error Request called at 9/25/2018 10:53:50 PM   :::   22:53:50.7677597

::::::::::: PostRequestHandlerExecute Request called at 9/25/2018 10:53:55 PM   :::   22:53:55.9143926

::::::::::: ReleaseRequestState Request called at 9/25/2018 10:53:55 PM   :::   22:53:55.9143926

::::::::::: PostReleaseRequestState Request called at 9/25/2018 10:53:55 PM   :::   22:53:55.9183923

::::::::::: UpdateRequestCache Request called at 9/25/2018 10:53:55 PM   :::   22:53:55.9183923

::::::::::: EndRequest Request called at 9/25/2018 10:53:55 PM   :::   22:53:55.9223935

::::::::::: PreSendRequestContent Request called at 9/25/2018 10:53:55 PM   :::   22:53:55.9223935

::::::::::: PreSendRequestHeaders Request called at 9/25/2018 10:53:55 PM   :::   22:53:55.9263960

::::::::::: PreSendRequestContent Request called at 9/25/2018 10:54:00 PM   :::   22:54:00.8042531

::::::::::: PreSendRequestContent Request called at 9/25/2018 10:54:00 PM   :::   22:54:00.8082540

::::::::::: PreSendRequestContent Request called at 9/25/2018 10:54:00 PM   :::   22:54:00.8242535

::::::::::: PreSendRequestContent Request called at 9/25/2018 10:54:00 PM   :::   22:54:00.8522569

::::::::::: EndRequest Request called at 9/25/2018 10:54:00 PM   :::   22:54:00.8722561

::::::::::: PreSendRequestContent Request called at 9/25/2018 10:54:00 PM   :::   22:54:00.8722561

::::::::::: BeginRequest Request called at 9/25/2018 10:54:05 PM   :::   22:54:05.6121729

::::::::::: AuthenticateRequest Request called at 9/25/2018 10:54:05 PM   :::   22:54:05.6161734

::::::::::: PostAuthenticateRequest Request called at 9/25/2018 10:54:05 PM   :::   22:54:05.6161734

::::::::::: AuthorizeRequest Request called at 9/25/2018 10:54:05 PM   :::   22:54:05.6201734

::::::::::: PostAuthorizeRequest Request called at 9/25/2018 10:54:05 PM   :::   22:54:05.6241735

::::::::::: End Request called at 9/25/2018 10:54:05 PM   :::   22:54:05.6241735

::::::::::: AuthenticateRequest Request called at 9/25/2018 10:54:05 PM   :::   22:54:05.6321745

::::::::::: PostAuthenticateRequest Request called at 9/25/2018 10:54:05 PM   :::   22:54:05.6321745

::::::::::: AuthorizeRequest Request called at 9/25/2018 10:54:05 PM   :::   22:54:05.6401743

::::::::::: PostAuthorizeRequest Request called at 9/25/2018 10:54:05 PM   :::   22:54:05.6481756

::::::::::: PreRequestHandlerExecute Request called at 9/25/2018 10:54:05 PM   :::   22:54:05.6601763

::::::::::: PostRequestHandlerExecute Request called at 9/25/2018 10:54:05 PM   :::   22:54:05.6641866

::::::::::: ReleaseRequestState Request called at 9/25/2018 10:54:05 PM   :::   22:54:05.6761770

::::::::::: PostReleaseRequestState Request called at 9/25/2018 10:54:05 PM   :::   22:54:05.6841775

::::::::::: UpdateRequestCache Request called at 9/25/2018 10:54:05 PM   :::   22:54:05.6881788

::::::::::: EndRequest Request called at 9/25/2018 10:54:05 PM   :::   22:54:05.7001795

::::::::::: PreSendRequestContent Request called at 9/25/2018 10:54:05 PM   :::   22:54:05.7041784

::::::::::: PreSendRequestHeaders Request called at 9/25/2018 10:54:07 PM   :::   22:54:07.1612159

::::::::::: BeginRequest Request called at 9/25/2018 10:54:07 PM   :::   22:54:07.1812167

::::::::::: AuthenticateRequest Request called at 9/25/2018 10:54:07 PM   :::   22:54:07.1892164

::::::::::: PostAuthenticateRequest Request called at 9/25/2018 10:54:07 PM   :::   22:54:07.1932177

::::::::::: AuthorizeRequest Request called at 9/25/2018 10:54:07 PM   :::   22:54:07.1972174

::::::::::: PostAuthorizeRequest Request called at 9/25/2018 10:54:07 PM   :::   22:54:07.1972174

::::::::::: End Request called at 9/25/2018 10:54:07 PM   :::   22:54:07.2012179

::::::::::: PostResolveRequestCache Request called at 9/25/2018 10:54:07 PM   :::   22:54:07.2012179

::::::::::: AcquireRequestState Request called at 9/25/2018 10:54:07 PM   :::   22:54:07.2052207

::::::::::: PostAcquireRequestState Request called at 9/25/2018 10:54:07 PM   :::   22:54:07.2052207

::::::::::: PreRequestHandlerExecute Request called at 9/25/2018 10:54:07 PM   :::   22:54:07.2092169

::::::::::: PreSendRequestContent Request called at 9/25/2018 10:54:17 PM   :::   22:54:17.7571853

::::::::::: PreSendRequestHeaders Request called at 9/25/2018 10:54:17 PM   :::   22:54:17.7611822

::::::::::: Error Request called at 9/25/2018 10:54:17 PM   :::   22:54:17.7771837

::::::::::: PreSendRequestContent Request called at 9/25/2018 10:54:32 PM   :::   22:54:32.7570953

::::::::::: PreSendRequestContent Request called at 9/25/2018 10:54:32 PM   :::   22:54:32.7650915

::::::::::: PreSendRequestContent Request called at 9/25/2018 10:54:32 PM   :::   22:54:32.8610967

::::::::::: PreSendRequestContent Request called at 9/25/2018 10:54:32 PM   :::   22:54:32.9010991

::::::::::: EndRequest Request called at 9/25/2018 10:54:32 PM   :::   22:54:32.9371014

::::::::::: PreSendRequestContent Request called at 9/25/2018 10:54:32 PM   :::   22:54:32.9371014

::::::::::: PostRequestHandlerExecute Request called at 9/25/2018 10:54:42 PM   :::   22:54:42.3243180

::::::::::: ReleaseRequestState Request called at 9/25/2018 10:54:42 PM   :::   22:54:42.3283169

::::::::::: PostReleaseRequestState Request called at 9/25/2018 10:54:42 PM   :::   22:54:42.3363179

::::::::::: UpdateRequestCache Request called at 9/25/2018 10:54:42 PM   :::   22:54:42.3403180

::::::::::: EndRequest Request called at 9/25/2018 10:54:42 PM   :::   22:54:42.3483182

::::::::::: PreSendRequestContent Request called at 9/25/2018 10:54:42 PM   :::   22:54:42.3563191

::::::::::: PreSendRequestHeaders Request called at 9/25/2018 10:54:42 PM   :::   22:54:42.3563191

::::::::::: BeginRequest Request called at 9/25/2018 10:54:56 PM   :::   22:54:56.9161524

::::::::::: AuthenticateRequest Request called at 9/25/2018 10:54:56 PM   :::   22:54:56.9201537

::::::::::: PostAuthenticateRequest Request called at 9/25/2018 10:54:56 PM   :::   22:54:56.9281534

::::::::::: AuthenticateRequest Request called at 9/25/2018 10:54:56 PM   :::   22:54:56.9481558

::::::::::: PostAuthenticateRequest Request called at 9/25/2018 10:54:56 PM   :::   22:54:56.9481558

::::::::::: AuthorizeRequest Request called at 9/25/2018 10:54:56 PM   :::   22:54:56.9641546

::::::::::: PostAuthorizeRequest Request called at 9/25/2018 10:54:56 PM   :::   22:54:56.9721548

::::::::::: End Request called at 9/25/2018 10:54:56 PM   :::   22:54:56.9761552

::::::::::: PostResolveRequestCache Request called at 9/25/2018 10:54:56 PM   :::   22:54:56.9761552

::::::::::: AcquireRequestState Request called at 9/25/2018 10:54:56 PM   :::   22:54:56.9801557

::::::::::: PostAcquireRequestState Request called at 9/25/2018 10:54:56 PM   :::   22:54:56.9881567

::::::::::: PreRequestHandlerExecute Request called at 9/25/2018 10:54:56 PM   :::   22:54:56.9961564

::::::::::: PostAcquireRequestState Request called at 9/25/2018 10:54:57 PM   :::   22:54:57.0001573

::::::::::: PreRequestHandlerExecute Request called at 9/25/2018 10:54:57 PM   :::   22:54:57.0081579

::::::::::: PostRequestHandlerExecute Request called at 9/25/2018 10:55:06 PM   :::   22:55:06.1470429

::::::::::: ReleaseRequestState Request called at 9/25/2018 10:55:06 PM   :::   22:55:06.1550414

::::::::::: PostReleaseRequestState Request called at 9/25/2018 10:55:06 PM   :::   22:55:06.1710422

::::::::::: UpdateRequestCache Request called at 9/25/2018 10:55:06 PM   :::   22:55:06.1790443

::::::::::: EndRequest Request called at 9/25/2018 10:55:06 PM   :::   22:55:06.1830440

::::::::::: PreSendRequestContent Request called at 9/25/2018 10:55:06 PM   :::   22:55:06.1870425

::::::::::: PreSendRequestHeaders Request called at 9/25/2018 10:55:06 PM   :::   22:55:06.2030428

::::::::::: BeginRequest Request called at 9/25/2018 10:55:08 PM   :::   22:55:08.6734054

::::::::::: AuthenticateRequest Request called at 9/25/2018 10:55:08 PM   :::   22:55:08.6774047

::::::::::: PostAuthenticateRequest Request called at 9/25/2018 10:55:08 PM   :::   22:55:08.6774047

::::::::::: AuthorizeRequest Request called at 9/25/2018 10:55:08 PM   :::   22:55:08.6814040

::::::::::: PostAuthorizeRequest Request called at 9/25/2018 10:55:08 PM   :::   22:55:08.6814040

::::::::::: End Request called at 9/25/2018 10:55:08 PM   :::   22:55:08.6854041

::::::::::: PostResolveRequestCache Request called at 9/25/2018 10:55:08 PM   :::   22:55:08.6854041

::::::::::: AcquireRequestState Request called at 9/25/2018 10:55:08 PM   :::   22:55:08.6934054

::::::::::: PostAcquireRequestState Request called at 9/25/2018 10:55:08 PM   :::   22:55:08.6934054

::::::::::: PreRequestHandlerExecute Request called at 9/25/2018 10:55:08 PM   :::   22:55:08.6934054

::::::::::: PreSendRequestContent Request called at 9/25/2018 10:55:18 PM   :::   22:55:18.2454722

::::::::::: PreSendRequestHeaders Request called at 9/25/2018 10:55:18 PM   :::   22:55:18.2494743

::::::::::: Error Request called at 9/25/2018 10:55:18 PM   :::   22:55:18.2534728

::::::::::: PreSendRequestContent Request called at 9/25/2018 10:55:33 PM   :::   22:55:33.2558330

::::::::::: PreSendRequestContent Request called at 9/25/2018 10:55:33 PM   :::   22:55:33.2598331

::::::::::: PreSendRequestContent Request called at 9/25/2018 10:55:33 PM   :::   22:55:33.2758090

::::::::::: PreSendRequestContent Request called at 9/25/2018 10:55:33 PM   :::   22:55:33.2918105

::::::::::: EndRequest Request called at 9/25/2018 10:55:33 PM   :::   22:55:33.2998091

::::::::::: PreSendRequestContent Request called at 9/25/2018 10:55:33 PM   :::   22:55:33.3038084

::::::::::: PostRequestHandlerExecute Request called at 9/25/2018 10:55:43 PM   :::   22:55:43.8498034

::::::::::: ReleaseRequestState Request called at 9/25/2018 10:55:43 PM   :::   22:55:43.8578036

::::::::::: PostReleaseRequestState Request called at 9/25/2018 10:55:43 PM   :::   22:55:43.8578036

::::::::::: UpdateRequestCache Request called at 9/25/2018 10:55:43 PM   :::   22:55:43.8618037

::::::::::: EndRequest Request called at 9/25/2018 10:55:43 PM   :::   22:55:43.8618037

::::::::::: PreSendRequestContent Request called at 9/25/2018 10:55:43 PM   :::   22:55:43.8658042

::::::::::: PreSendRequestHeaders Request called at 9/25/2018 10:55:43 PM   :::   22:55:43.8658042

::::::::::: BeginRequest Request called at 9/25/2018 10:56:13 PM   :::   22:56:13.9706255

::::::::::: AuthenticateRequest Request called at 9/25/2018 10:56:13 PM   :::   22:56:13.9786264

::::::::::: PostAuthenticateRequest Request called at 9/25/2018 10:56:13 PM   :::   22:56:13.9866262

::::::::::: AuthorizeRequest Request called at 9/25/2018 10:56:13 PM   :::   22:56:13.9946264

::::::::::: PostAuthorizeRequest Request called at 9/25/2018 10:56:13 PM   :::   22:56:13.9986264

::::::::::: End Request called at 9/25/2018 10:56:14 PM   :::   22:56:14.0066262

::::::::::: PostResolveRequestCache Request called at 9/25/2018 10:56:14 PM   :::   22:56:14.0146280

::::::::::: AcquireRequestState Request called at 9/25/2018 10:56:14 PM   :::   22:56:14.0186269

::::::::::: PostAcquireRequestState Request called at 9/25/2018 10:56:14 PM   :::   22:56:14.0226269

::::::::::: PreRequestHandlerExecute Request called at 9/25/2018 10:56:14 PM   :::   22:56:14.0266266

::::::::::: PostRequestHandlerExecute Request called at 9/25/2018 10:56:14 PM   :::   22:56:14.0306275

::::::::::: ReleaseRequestState Request called at 9/25/2018 10:56:14 PM   :::   22:56:14.0346280

::::::::::: PostReleaseRequestState Request called at 9/25/2018 10:56:14 PM   :::   22:56:14.0386273

::::::::::: UpdateRequestCache Request called at 9/25/2018 10:56:14 PM   :::   22:56:14.0506275

::::::::::: EndRequest Request called at 9/25/2018 10:56:14 PM   :::   22:56:14.0626302

::::::::::: PreSendRequestContent Request called at 9/25/2018 10:56:14 PM   :::   22:56:14.0666290

::::::::::: PreSendRequestHeaders Request called at 9/25/2018 10:56:14 PM   :::   22:56:14.0706283

::::::::::: BeginRequest Request called at 9/25/2018 10:56:15 PM   :::   22:56:15.7398941

::::::::::: AuthenticateRequest Request called at 9/25/2018 10:56:15 PM   :::   22:56:15.7478883

::::::::::: PostAuthenticateRequest Request called at 9/25/2018 10:56:15 PM   :::   22:56:15.7518951

::::::::::: AuthorizeRequest Request called at 9/25/2018 10:56:15 PM   :::   22:56:15.7598870

::::::::::: PostAuthorizeRequest Request called at 9/25/2018 10:56:15 PM   :::   22:56:15.7638883

::::::::::: End Request called at 9/25/2018 10:56:15 PM   :::   22:56:15.7678935

::::::::::: PostResolveRequestCache Request called at 9/25/2018 10:56:15 PM   :::   22:56:15.7758889

::::::::::: AcquireRequestState Request called at 9/25/2018 10:56:15 PM   :::   22:56:15.7798965

::::::::::: PostAcquireRequestState Request called at 9/25/2018 10:56:15 PM   :::   22:56:15.7838879

::::::::::: PreRequestHandlerExecute Request called at 9/25/2018 10:56:15 PM   :::   22:56:15.7838879

::::::::::: BeginRequest Request called at 9/25/2018 10:56:25 PM   :::   22:56:25.1375426

::::::::::: AuthenticateRequest Request called at 9/25/2018 10:56:25 PM   :::   22:56:25.1535350

::::::::::: PostAuthenticateRequest Request called at 9/25/2018 10:56:25 PM   :::   22:56:25.1695346

::::::::::: AuthorizeRequest Request called at 9/25/2018 10:56:25 PM   :::   22:56:25.1735382

::::::::::: PostAuthorizeRequest Request called at 9/25/2018 10:56:25 PM   :::   22:56:25.1775355

::::::::::: End Request called at 9/25/2018 10:56:25 PM   :::   22:56:25.1855349

::::::::::: PostResolveRequestCache Request called at 9/25/2018 10:56:25 PM   :::   22:56:25.1895354

::::::::::: AcquireRequestState Request called at 9/25/2018 10:56:25 PM   :::   22:56:25.1935359

::::::::::: PostAcquireRequestState Request called at 9/25/2018 10:56:25 PM   :::   22:56:25.1935359

::::::::::: PreRequestHandlerExecute Request called at 9/25/2018 10:56:25 PM   :::   22:56:25.1975395

::::::::::: PreSendRequestContent Request called at 9/25/2018 10:56:29 PM   :::   22:56:29.6969156

::::::::::: PreSendRequestHeaders Request called at 9/25/2018 10:56:29 PM   :::   22:56:29.6969156

::::::::::: Error Request called at 9/25/2018 10:56:29 PM   :::   22:56:29.7049166

::::::::::: PreSendRequestContent Request called at 9/25/2018 10:57:00 PM   :::   22:57:00.2137068

::::::::::: PreSendRequestContent Request called at 9/25/2018 10:57:00 PM   :::   22:57:00.2497096

::::::::::: PreSendRequestContent Request called at 9/25/2018 10:57:00 PM   :::   22:57:00.2657119

::::::::::: PostRequestHandlerExecute Request called at 9/25/2018 10:57:00 PM   :::   22:57:00.2657119

::::::::::: ReleaseRequestState Request called at 9/25/2018 10:57:00 PM   :::   22:57:00.2697104

::::::::::: PreSendRequestContent Request called at 9/25/2018 10:57:00 PM   :::   22:57:00.2697104

::::::::::: UpdateRequestCache Request called at 9/25/2018 10:57:00 PM   :::   22:57:00.2857119

::::::::::: PreSendRequestContent Request called at 9/25/2018 10:57:00 PM   :::   22:57:00.2937121

::::::::::: PreSendRequestContent Request called at 9/25/2018 10:57:00 PM   :::   22:57:00.3057131

::::::::::: PreSendRequestHeaders Request called at 9/25/2018 10:57:00 PM   :::   22:57:00.3057131

::::::::::: BeginRequest Request called at 9/25/2018 10:57:18 PM   :::   22:57:18.1072951

::::::::::: AuthenticateRequest Request called at 9/25/2018 10:57:18 PM   :::   22:57:18.1113003

::::::::::: PostAuthenticateRequest Request called at 9/25/2018 10:57:18 PM   :::   22:57:18.1113003

::::::::::: AuthorizeRequest Request called at 9/25/2018 10:57:18 PM   :::   22:57:18.1152960

::::::::::: PostAuthorizeRequest Request called at 9/25/2018 10:57:18 PM   :::   22:57:18.1152960

::::::::::: End Request called at 9/25/2018 10:57:18 PM   :::   22:57:18.1152960

::::::::::: PostResolveRequestCache Request called at 9/25/2018 10:57:18 PM   :::   22:57:18.1192957

::::::::::: AcquireRequestState Request called at 9/25/2018 10:57:18 PM   :::   22:57:18.1192957

::::::::::: PostAcquireRequestState Request called at 9/25/2018 10:57:18 PM   :::   22:57:18.1192957

::::::::::: PreRequestHandlerExecute Request called at 9/25/2018 10:57:18 PM   :::   22:57:18.1232966

::::::::::: PostRequestHandlerExecute Request called at 9/25/2018 10:57:18 PM   :::   22:57:18.1272982

::::::::::: ReleaseRequestState Request called at 9/25/2018 10:57:18 PM   :::   22:57:18.1272982

::::::::::: PostReleaseRequestState Request called at 9/25/2018 10:57:18 PM   :::   22:57:18.1312971

::::::::::: UpdateRequestCache Request called at 9/25/2018 10:57:18 PM   :::   22:57:18.1312971

::::::::::: EndRequest Request called at 9/25/2018 10:57:18 PM   :::   22:57:18.1312971

::::::::::: PreSendRequestContent Request called at 9/25/2018 10:57:18 PM   :::   22:57:18.1352972

::::::::::: PreSendRequestHeaders Request called at 9/25/2018 10:57:18 PM   :::   22:57:18.1352972

::::::::::: BeginRequest Request called at 9/25/2018 10:57:18 PM   :::   22:57:18.1432978

::::::::::: AuthenticateRequest Request called at 9/25/2018 10:57:18 PM   :::   22:57:18.1472979

::::::::::: PostAuthenticateRequest Request called at 9/25/2018 10:57:18 PM   :::   22:57:18.1512983

::::::::::: AuthorizeRequest Request called at 9/25/2018 10:57:18 PM   :::   22:57:18.1512983

::::::::::: PostAuthorizeRequest Request called at 9/25/2018 10:57:18 PM   :::   22:57:18.1552988

::::::::::: End Request called at 9/25/2018 10:57:18 PM   :::   22:57:18.1592989

::::::::::: PostResolveRequestCache Request called at 9/25/2018 10:57:18 PM   :::   22:57:18.1592989

::::::::::: AcquireRequestState Request called at 9/25/2018 10:57:18 PM   :::   22:57:18.1592989

::::::::::: PostAcquireRequestState Request called at 9/25/2018 10:57:18 PM   :::   22:57:18.1632990

::::::::::: PreRequestHandlerExecute Request called at 9/25/2018 10:57:18 PM   :::   22:57:18.1632990

::::::::::: PostRequestHandlerExecute Request called at 9/25/2018 10:58:04 PM   :::   22:58:04.9434937

::::::::::: ReleaseRequestState Request called at 9/25/2018 10:58:04 PM   :::   22:58:04.9474725

::::::::::: PostReleaseRequestState Request called at 9/25/2018 10:58:04 PM   :::   22:58:04.9514690

::::::::::: UpdateRequestCache Request called at 9/25/2018 10:58:04 PM   :::   22:58:04.9554679

::::::::::: EndRequest Request called at 9/25/2018 10:58:04 PM   :::   22:58:04.9594692

::::::::::: PreSendRequestContent Request called at 9/25/2018 10:58:04 PM   :::   22:58:04.9634689

::::::::::: PreSendRequestHeaders Request called at 9/25/2018 10:58:04 PM   :::   22:58:04.9674690

::::::::::: BeginRequest Request called at 9/25/2018 11:16:05 PM   :::   23:16:05.2833824

::::::::::: AuthenticateRequest Request called at 9/25/2018 11:16:05 PM   :::   23:16:05.2873821

::::::::::: PostAuthenticateRequest Request called at 9/25/2018 11:16:05 PM   :::   23:16:05.2913830

::::::::::: AuthorizeRequest Request called at 9/25/2018 11:16:05 PM   :::   23:16:05.2913830

::::::::::: PostAuthorizeRequest Request called at 9/25/2018 11:16:05 PM   :::   23:16:05.2913830

::::::::::: End Request called at 9/25/2018 11:16:05 PM   :::   23:16:05.2993832

::::::::::: PostResolveRequestCache Request called at 9/25/2018 11:16:05 PM   :::   23:16:05.3033837

::::::::::: AcquireRequestState Request called at 9/25/2018 11:16:05 PM   :::   23:16:05.3033837

::::::::::: PostAcquireRequestState Request called at 9/25/2018 11:16:05 PM   :::   23:16:05.3073837

::::::::::: PreRequestHandlerExecute Request called at 9/25/2018 11:16:05 PM   :::   23:16:05.3073837

::::::::::: PostRequestHandlerExecute Request called at 9/25/2018 11:16:05 PM   :::   23:16:05.3273857

::::::::::: ReleaseRequestState Request called at 9/25/2018 11:16:05 PM   :::   23:16:05.3353863

::::::::::: PostReleaseRequestState Request called at 9/25/2018 11:16:05 PM   :::   23:16:05.3393872

::::::::::: UpdateRequestCache Request called at 9/25/2018 11:16:05 PM   :::   23:16:05.3393872

::::::::::: EndRequest Request called at 9/25/2018 11:16:05 PM   :::   23:16:05.3393872

::::::::::: PreSendRequestContent Request called at 9/25/2018 11:16:05 PM   :::   23:16:05.3433865

::::::::::: PreSendRequestHeaders Request called at 9/25/2018 11:16:05 PM   :::   23:16:05.3433865

::::::::::: BeginRequest Request called at 9/25/2018 11:16:05 PM   :::   23:16:05.3953907

::::::::::: AuthenticateRequest Request called at 9/25/2018 11:16:05 PM   :::   23:16:05.3993904

::::::::::: PostAuthenticateRequest Request called at 9/25/2018 11:16:05 PM   :::   23:16:05.4033944

::::::::::: AuthorizeRequest Request called at 9/25/2018 11:16:05 PM   :::   23:16:05.4073910

::::::::::: PostAuthorizeRequest Request called at 9/25/2018 11:16:05 PM   :::   23:16:05.4193920

::::::::::: End Request called at 9/25/2018 11:16:05 PM   :::   23:16:05.4193920

::::::::::: PostResolveRequestCache Request called at 9/25/2018 11:16:05 PM   :::   23:16:05.4313942

::::::::::: AcquireRequestState Request called at 9/25/2018 11:16:05 PM   :::   23:16:05.4353931

::::::::::: PostAcquireRequestState Request called at 9/25/2018 11:16:05 PM   :::   23:16:05.4353931

::::::::::: PreRequestHandlerExecute Request called at 9/25/2018 11:16:05 PM   :::   23:16:05.4393928

::::::::::: BeginRequest Request called at 9/25/2018 11:16:19 PM   :::   23:16:19.3735835

::::::::::: AuthenticateRequest Request called at 9/25/2018 11:16:19 PM   :::   23:16:19.3775836

::::::::::: PostAuthenticateRequest Request called at 9/25/2018 11:16:19 PM   :::   23:16:19.3775836

::::::::::: AuthorizeRequest Request called at 9/25/2018 11:16:19 PM   :::   23:16:19.3815836

::::::::::: PostAuthorizeRequest Request called at 9/25/2018 11:16:19 PM   :::   23:16:19.3815836

::::::::::: End Request called at 9/25/2018 11:16:19 PM   :::   23:16:19.3855849

::::::::::: PostResolveRequestCache Request called at 9/25/2018 11:16:19 PM   :::   23:16:19.3895838

::::::::::: AcquireRequestState Request called at 9/25/2018 11:16:19 PM   :::   23:16:19.3895838

::::::::::: PostAcquireRequestState Request called at 9/25/2018 11:16:19 PM   :::   23:16:19.3895838

::::::::::: PreRequestHandlerExecute Request called at 9/25/2018 11:16:19 PM   :::   23:16:19.3935843

::::::::::: PostRequestHandlerExecute Request called at 9/25/2018 11:16:19 PM   :::   23:16:19.3975848

::::::::::: ReleaseRequestState Request called at 9/25/2018 11:16:19 PM   :::   23:16:19.4015849

::::::::::: PostReleaseRequestState Request called at 9/25/2018 11:16:19 PM   :::   23:16:19.4055853

::::::::::: UpdateRequestCache Request called at 9/25/2018 11:16:19 PM   :::   23:16:19.4095854

::::::::::: EndRequest Request called at 9/25/2018 11:16:19 PM   :::   23:16:19.4095854

::::::::::: PreSendRequestContent Request called at 9/25/2018 11:16:19 PM   :::   23:16:19.4095854

::::::::::: PreSendRequestHeaders Request called at 9/25/2018 11:16:19 PM   :::   23:16:19.4135859

::::::::::: BeginRequest Request called at 9/25/2018 11:16:19 PM   :::   23:16:19.4375876

::::::::::: AuthenticateRequest Request called at 9/25/2018 11:16:19 PM   :::   23:16:19.4415881

::::::::::: PostAuthenticateRequest Request called at 9/25/2018 11:16:19 PM   :::   23:16:19.4455878

::::::::::: AuthorizeRequest Request called at 9/25/2018 11:16:19 PM   :::   23:16:19.4455878

::::::::::: PostAuthorizeRequest Request called at 9/25/2018 11:16:19 PM   :::   23:16:19.4495882

::::::::::: End Request called at 9/25/2018 11:16:19 PM   :::   23:16:19.4495882

::::::::::: PostResolveRequestCache Request called at 9/25/2018 11:16:19 PM   :::   23:16:19.4535887

::::::::::: AcquireRequestState Request called at 9/25/2018 11:16:19 PM   :::   23:16:19.4535887

::::::::::: PostAcquireRequestState Request called at 9/25/2018 11:16:19 PM   :::   23:16:19.4575888

::::::::::: PreRequestHandlerExecute Request called at 9/25/2018 11:16:19 PM   :::   23:16:19.4575888

::::::::::: PostRequestHandlerExecute Request called at 9/25/2018 11:16:20 PM   :::   23:16:20.1856403

::::::::::: ReleaseRequestState Request called at 9/25/2018 11:16:20 PM   :::   23:16:20.1896404

::::::::::: PostReleaseRequestState Request called at 9/25/2018 11:16:20 PM   :::   23:16:20.1936405

::::::::::: UpdateRequestCache Request called at 9/25/2018 11:16:20 PM   :::   23:16:20.1936405

::::::::::: EndRequest Request called at 9/25/2018 11:16:20 PM   :::   23:16:20.1976406

::::::::::: PostRequestHandlerExecute Request called at 9/25/2018 11:16:26 PM   :::   23:16:26.5447056

::::::::::: ReleaseRequestState Request called at 9/25/2018 11:16:26 PM   :::   23:16:26.5486922

::::::::::: PostReleaseRequestState Request called at 9/25/2018 11:16:26 PM   :::   23:16:26.5486922

::::::::::: UpdateRequestCache Request called at 9/25/2018 11:16:26 PM   :::   23:16:26.5486922

::::::::::: EndRequest Request called at 9/25/2018 11:16:26 PM   :::   23:16:26.5526876

::::::::::: BeginRequest Request called at 9/25/2018 11:17:04 PM   :::   23:17:04.4397635

::::::::::: AuthenticateRequest Request called at 9/25/2018 11:17:04 PM   :::   23:17:04.4437691

::::::::::: PostAuthenticateRequest Request called at 9/25/2018 11:17:04 PM   :::   23:17:04.4437691

::::::::::: AuthorizeRequest Request called at 9/25/2018 11:17:04 PM   :::   23:17:04.4477652

::::::::::: PostAuthorizeRequest Request called at 9/25/2018 11:17:04 PM   :::   23:17:04.4517653

::::::::::: End Request called at 9/25/2018 11:17:04 PM   :::   23:17:04.4517653

::::::::::: PostResolveRequestCache Request called at 9/25/2018 11:17:04 PM   :::   23:17:04.4557654

::::::::::: AcquireRequestState Request called at 9/25/2018 11:17:04 PM   :::   23:17:04.4557654

::::::::::: PostAcquireRequestState Request called at 9/25/2018 11:17:04 PM   :::   23:17:04.4597671

::::::::::: PreRequestHandlerExecute Request called at 9/25/2018 11:17:04 PM   :::   23:17:04.4597671

::::::::::: PostRequestHandlerExecute Request called at 9/25/2018 11:17:04 PM   :::   23:17:04.4637660

::::::::::: ReleaseRequestState Request called at 9/25/2018 11:17:04 PM   :::   23:17:04.4637660

::::::::::: PostReleaseRequestState Request called at 9/25/2018 11:17:04 PM   :::   23:17:04.4677664

::::::::::: UpdateRequestCache Request called at 9/25/2018 11:17:04 PM   :::   23:17:04.4677664

::::::::::: EndRequest Request called at 9/25/2018 11:17:04 PM   :::   23:17:04.4677664

::::::::::: PreSendRequestContent Request called at 9/25/2018 11:17:04 PM   :::   23:17:04.4717665

::::::::::: PreSendRequestHeaders Request called at 9/25/2018 11:17:04 PM   :::   23:17:04.4717665

::::::::::: BeginRequest Request called at 9/25/2018 11:17:04 PM   :::   23:17:04.5157714

::::::::::: AuthenticateRequest Request called at 9/25/2018 11:17:04 PM   :::   23:17:04.5197703

::::::::::: PostAuthenticateRequest Request called at 9/25/2018 11:17:04 PM   :::   23:17:04.5237708

::::::::::: AuthorizeRequest Request called at 9/25/2018 11:17:04 PM   :::   23:17:04.5237708

::::::::::: PostAuthorizeRequest Request called at 9/25/2018 11:17:04 PM   :::   23:17:04.5277705

::::::::::: End Request called at 9/25/2018 11:17:04 PM   :::   23:17:04.5277705

::::::::::: PostResolveRequestCache Request called at 9/25/2018 11:17:04 PM   :::   23:17:04.5317705

::::::::::: AcquireRequestState Request called at 9/25/2018 11:17:04 PM   :::   23:17:04.5317705

::::::::::: PostAcquireRequestState Request called at 9/25/2018 11:17:04 PM   :::   23:17:04.5357710

::::::::::: PreRequestHandlerExecute Request called at 9/25/2018 11:17:04 PM   :::   23:17:04.5357710

::::::::::: PreSendRequestContent Request called at 9/25/2018 11:17:13 PM   :::   23:17:13.4523969

::::::::::: PreSendRequestHeaders Request called at 9/25/2018 11:17:13 PM   :::   23:17:13.4523969

::::::::::: PostRequestHandlerExecute Request called at 9/25/2018 11:17:13 PM   :::   23:17:13.4684004

::::::::::: ReleaseRequestState Request called at 9/25/2018 11:17:13 PM   :::   23:17:13.4723989

::::::::::: PostReleaseRequestState Request called at 9/25/2018 11:17:13 PM   :::   23:17:13.4723989

::::::::::: UpdateRequestCache Request called at 9/25/2018 11:17:13 PM   :::   23:17:13.4723989

::::::::::: EndRequest Request called at 9/25/2018 11:17:13 PM   :::   23:17:13.4763990

::::::::::: PreSendRequestContent Request called at 9/25/2018 11:17:13 PM   :::   23:17:13.4763990

