::::::::::: BeginRequest Request called at 13-12-2018 12:59:20 AM   :::   00:59:20.8532213

::::::::::: AuthenticateRequest Request called at 13-12-2018 12:59:20 AM   :::   00:59:20.8722222

::::::::::: PostAuthenticateRequest Request called at 13-12-2018 12:59:20 AM   :::   00:59:20.8852207

::::::::::: AuthorizeRequest Request called at 13-12-2018 12:59:20 AM   :::   00:59:20.8882226

::::::::::: PostAuthorizeRequest Request called at 13-12-2018 12:59:20 AM   :::   00:59:20.8892205

::::::::::: End Request called at 13-12-2018 12:59:20 AM   :::   00:59:20.9062219

::::::::::: PostResolveRequestCache Request called at 13-12-2018 12:59:21 AM   :::   00:59:21.0232228

::::::::::: AcquireRequestState Request called at 13-12-2018 12:59:21 AM   :::   00:59:21.0412246

::::::::::: PostAcquireRequestState Request called at 13-12-2018 12:59:21 AM   :::   00:59:21.0472269

::::::::::: PreRequestHandlerExecute Request called at 13-12-2018 12:59:21 AM   :::   00:59:21.0562209

::::::::::: PostRequestHandlerExecute Request called at 13-12-2018 12:59:24 AM   :::   00:59:24.0482190

::::::::::: ReleaseRequestState Request called at 13-12-2018 12:59:24 AM   :::   00:59:24.0502232

::::::::::: PostReleaseRequestState Request called at 13-12-2018 12:59:24 AM   :::   00:59:24.0522253

::::::::::: UpdateRequestCache Request called at 13-12-2018 12:59:24 AM   :::   00:59:24.0542225

::::::::::: EndRequest Request called at 13-12-2018 12:59:24 AM   :::   00:59:24.0572229

::::::::::: PreSendRequestContent Request called at 13-12-2018 12:59:24 AM   :::   00:59:24.0702217

::::::::::: PreSendRequestHeaders Request called at 13-12-2018 12:59:24 AM   :::   00:59:24.0732198

::::::::::: BeginRequest Request called at 13-12-2018 12:59:24 AM   :::   00:59:24.1802248

::::::::::: AuthenticateRequest Request called at 13-12-2018 12:59:24 AM   :::   00:59:24.1812256

::::::::::: PostAuthenticateRequest Request called at 13-12-2018 12:59:24 AM   :::   00:59:24.1832223

::::::::::: BeginRequest Request called at 13-12-2018 12:59:24 AM   :::   00:59:24.1962374

::::::::::: AuthorizeRequest Request called at 13-12-2018 12:59:24 AM   :::   00:59:24.2052226

::::::::::: PostAuthorizeRequest Request called at 13-12-2018 12:59:24 AM   :::   00:59:24.2062228

::::::::::: End Request called at 13-12-2018 12:59:24 AM   :::   00:59:24.2082194

::::::::::: PostResolveRequestCache Request called at 13-12-2018 12:59:24 AM   :::   00:59:24.2092224

::::::::::: AcquireRequestState Request called at 13-12-2018 12:59:24 AM   :::   00:59:24.2132261

::::::::::: PostAcquireRequestState Request called at 13-12-2018 12:59:24 AM   :::   00:59:24.2192194

::::::::::: PreRequestHandlerExecute Request called at 13-12-2018 12:59:24 AM   :::   00:59:24.2212202

::::::::::: PostRequestHandlerExecute Request called at 13-12-2018 12:59:24 AM   :::   00:59:24.2302220

::::::::::: ReleaseRequestState Request called at 13-12-2018 12:59:24 AM   :::   00:59:24.2322428

::::::::::: PostReleaseRequestState Request called at 13-12-2018 12:59:24 AM   :::   00:59:24.2332237

::::::::::: UpdateRequestCache Request called at 13-12-2018 12:59:24 AM   :::   00:59:24.2352208

::::::::::: EndRequest Request called at 13-12-2018 12:59:24 AM   :::   00:59:24.2362251

::::::::::: PreSendRequestContent Request called at 13-12-2018 12:59:24 AM   :::   00:59:24.2382337

::::::::::: PreSendRequestHeaders Request called at 13-12-2018 12:59:24 AM   :::   00:59:24.2392288

::::::::::: BeginRequest Request called at 13-12-2018 12:59:24 AM   :::   00:59:24.2532217

::::::::::: AuthenticateRequest Request called at 13-12-2018 12:59:24 AM   :::   00:59:24.2542207

::::::::::: PostAuthenticateRequest Request called at 13-12-2018 12:59:24 AM   :::   00:59:24.3732219

::::::::::: AuthenticateRequest Request called at 13-12-2018 12:59:24 AM   :::   00:59:24.3752211

::::::::::: AuthorizeRequest Request called at 13-12-2018 12:59:24 AM   :::   00:59:24.3752211

::::::::::: PostAuthorizeRequest Request called at 13-12-2018 12:59:24 AM   :::   00:59:24.3802208

::::::::::: End Request called at 13-12-2018 12:59:24 AM   :::   00:59:24.3822245

::::::::::: PostResolveRequestCache Request called at 13-12-2018 12:59:24 AM   :::   00:59:24.3832222

::::::::::: AcquireRequestState Request called at 13-12-2018 12:59:24 AM   :::   00:59:24.3852210

::::::::::: PostAcquireRequestState Request called at 13-12-2018 12:59:24 AM   :::   00:59:24.3862249

::::::::::: PreRequestHandlerExecute Request called at 13-12-2018 12:59:24 AM   :::   00:59:24.3872211

::::::::::: PostAuthenticateRequest Request called at 13-12-2018 12:59:24 AM   :::   00:59:24.3982236

::::::::::: AuthorizeRequest Request called at 13-12-2018 12:59:24 AM   :::   00:59:24.4142228

::::::::::: PostAuthorizeRequest Request called at 13-12-2018 12:59:24 AM   :::   00:59:24.4152341

::::::::::: End Request called at 13-12-2018 12:59:24 AM   :::   00:59:24.4732938

::::::::::: PostResolveRequestCache Request called at 13-12-2018 12:59:24 AM   :::   00:59:24.4752953

::::::::::: AcquireRequestState Request called at 13-12-2018 12:59:24 AM   :::   00:59:24.5142962

::::::::::: PostAcquireRequestState Request called at 13-12-2018 12:59:24 AM   :::   00:59:24.5153082

::::::::::: PreRequestHandlerExecute Request called at 13-12-2018 12:59:24 AM   :::   00:59:24.5172933

::::::::::: BeginRequest Request called at 13-12-2018 12:59:24 AM   :::   00:59:24.5563073

::::::::::: PostAuthenticateRequest Request called at 13-12-2018 12:59:24 AM   :::   00:59:24.5382963

::::::::::: AuthenticateRequest Request called at 13-12-2018 12:59:24 AM   :::   00:59:24.5583020

::::::::::: PostRequestHandlerExecute Request called at 13-12-2018 12:59:24 AM   :::   00:59:24.5563073

::::::::::: AuthorizeRequest Request called at 13-12-2018 12:59:24 AM   :::   00:59:24.5602936

::::::::::: PostAuthenticateRequest Request called at 13-12-2018 12:59:24 AM   :::   00:59:24.5612941

::::::::::: ReleaseRequestState Request called at 13-12-2018 12:59:24 AM   :::   00:59:24.5612941

::::::::::: PostAuthorizeRequest Request called at 13-12-2018 12:59:24 AM   :::   00:59:24.5632938

::::::::::: PostReleaseRequestState Request called at 13-12-2018 12:59:24 AM   :::   00:59:24.5632938

::::::::::: End Request called at 13-12-2018 12:59:24 AM   :::   00:59:24.5652951

::::::::::: UpdateRequestCache Request called at 13-12-2018 12:59:24 AM   :::   00:59:24.5662941

::::::::::: EndRequest Request called at 13-12-2018 12:59:24 AM   :::   00:59:24.5732987

::::::::::: PostResolveRequestCache Request called at 13-12-2018 12:59:24 AM   :::   00:59:24.5722984

::::::::::: PreSendRequestContent Request called at 13-12-2018 12:59:24 AM   :::   00:59:24.5752992

::::::::::: PreSendRequestHeaders Request called at 13-12-2018 12:59:24 AM   :::   00:59:24.5792987

::::::::::: AcquireRequestState Request called at 13-12-2018 12:59:24 AM   :::   00:59:24.5792987

::::::::::: PostAcquireRequestState Request called at 13-12-2018 12:59:24 AM   :::   00:59:24.5812955

::::::::::: PreRequestHandlerExecute Request called at 13-12-2018 12:59:24 AM   :::   00:59:24.5822955

::::::::::: BeginRequest Request called at 13-12-2018 12:59:24 AM   :::   00:59:24.6202981

::::::::::: AuthenticateRequest Request called at 13-12-2018 12:59:24 AM   :::   00:59:24.6212992

::::::::::: PostAuthenticateRequest Request called at 13-12-2018 12:59:24 AM   :::   00:59:24.6222979

::::::::::: AuthorizeRequest Request called at 13-12-2018 12:59:24 AM   :::   00:59:24.6322963

::::::::::: PostAuthorizeRequest Request called at 13-12-2018 12:59:24 AM   :::   00:59:24.6342950

::::::::::: End Request called at 13-12-2018 12:59:24 AM   :::   00:59:24.6352948

::::::::::: PostResolveRequestCache Request called at 13-12-2018 12:59:24 AM   :::   00:59:24.6362946

::::::::::: AcquireRequestState Request called at 13-12-2018 12:59:24 AM   :::   00:59:24.6382980

::::::::::: PostAcquireRequestState Request called at 13-12-2018 12:59:24 AM   :::   00:59:24.6392958

::::::::::: PreRequestHandlerExecute Request called at 13-12-2018 12:59:24 AM   :::   00:59:24.6422998

::::::::::: PostAuthorizeRequest Request called at 13-12-2018 12:59:24 AM   :::   00:59:24.6672928

::::::::::: End Request called at 13-12-2018 12:59:24 AM   :::   00:59:24.6682928

::::::::::: PostResolveRequestCache Request called at 13-12-2018 12:59:24 AM   :::   00:59:24.6702936

::::::::::: AcquireRequestState Request called at 13-12-2018 12:59:24 AM   :::   00:59:24.6722954

::::::::::: PostAcquireRequestState Request called at 13-12-2018 12:59:24 AM   :::   00:59:24.6732965

::::::::::: PreRequestHandlerExecute Request called at 13-12-2018 12:59:24 AM   :::   00:59:24.6752962

::::::::::: PostRequestHandlerExecute Request called at 13-12-2018 12:59:24 AM   :::   00:59:24.6832981

::::::::::: ReleaseRequestState Request called at 13-12-2018 12:59:24 AM   :::   00:59:24.6843012

::::::::::: PostReleaseRequestState Request called at 13-12-2018 12:59:24 AM   :::   00:59:24.6872962

::::::::::: PostRequestHandlerExecute Request called at 13-12-2018 12:59:24 AM   :::   00:59:24.6783405

::::::::::: PostRequestHandlerExecute Request called at 13-12-2018 12:59:24 AM   :::   00:59:24.7002951

::::::::::: ReleaseRequestState Request called at 13-12-2018 12:59:24 AM   :::   00:59:24.7002951

::::::::::: PostRequestHandlerExecute Request called at 13-12-2018 12:59:24 AM   :::   00:59:24.7022933

::::::::::: PostReleaseRequestState Request called at 13-12-2018 12:59:24 AM   :::   00:59:24.7032940

::::::::::: ReleaseRequestState Request called at 13-12-2018 12:59:24 AM   :::   00:59:24.7043082

::::::::::: UpdateRequestCache Request called at 13-12-2018 12:59:24 AM   :::   00:59:24.7043082

::::::::::: EndRequest Request called at 13-12-2018 12:59:24 AM   :::   00:59:24.7062937

::::::::::: PreSendRequestContent Request called at 13-12-2018 12:59:24 AM   :::   00:59:24.7092956

::::::::::: PreSendRequestHeaders Request called at 13-12-2018 12:59:24 AM   :::   00:59:24.7123044

::::::::::: ReleaseRequestState Request called at 13-12-2018 12:59:24 AM   :::   00:59:24.7132941

::::::::::: PostReleaseRequestState Request called at 13-12-2018 12:59:24 AM   :::   00:59:24.7152939

::::::::::: UpdateRequestCache Request called at 13-12-2018 12:59:24 AM   :::   00:59:24.7452934

::::::::::: EndRequest Request called at 13-12-2018 12:59:24 AM   :::   00:59:24.7482971

::::::::::: UpdateRequestCache Request called at 13-12-2018 12:59:24 AM   :::   00:59:24.7613495

::::::::::: PreSendRequestContent Request called at 13-12-2018 12:59:24 AM   :::   00:59:24.7632943

::::::::::: EndRequest Request called at 13-12-2018 12:59:24 AM   :::   00:59:24.7632943

::::::::::: PreSendRequestHeaders Request called at 13-12-2018 12:59:24 AM   :::   00:59:24.7642941

::::::::::: PreSendRequestContent Request called at 13-12-2018 12:59:24 AM   :::   00:59:24.7652972

::::::::::: PreSendRequestHeaders Request called at 13-12-2018 12:59:24 AM   :::   00:59:24.7662945

::::::::::: EndRequest Request called at 13-12-2018 12:59:24 AM   :::   00:59:24.8372959

::::::::::: PreSendRequestContent Request called at 13-12-2018 12:59:24 AM   :::   00:59:24.8392968

::::::::::: PreSendRequestHeaders Request called at 13-12-2018 12:59:24 AM   :::   00:59:24.8402964

::::::::::: BeginRequest Request called at 13-12-2018 01:01:33 AM   :::   01:01:33.7331299

::::::::::: AuthenticateRequest Request called at 13-12-2018 01:01:33 AM   :::   01:01:33.7341315

::::::::::: PostAuthenticateRequest Request called at 13-12-2018 01:01:33 AM   :::   01:01:33.7361270

::::::::::: AuthorizeRequest Request called at 13-12-2018 01:01:33 AM   :::   01:01:33.7371282

::::::::::: PostAuthorizeRequest Request called at 13-12-2018 01:01:33 AM   :::   01:01:33.7391376

::::::::::: End Request called at 13-12-2018 01:01:33 AM   :::   01:01:33.7401293

::::::::::: PostResolveRequestCache Request called at 13-12-2018 01:01:33 AM   :::   01:01:33.7491309

::::::::::: AcquireRequestState Request called at 13-12-2018 01:01:33 AM   :::   01:01:33.7501284

::::::::::: PostAcquireRequestState Request called at 13-12-2018 01:01:33 AM   :::   01:01:33.7521270

::::::::::: PreRequestHandlerExecute Request called at 13-12-2018 01:01:33 AM   :::   01:01:33.7531289

::::::::::: PostRequestHandlerExecute Request called at 13-12-2018 01:01:38 AM   :::   01:01:38.3781277

::::::::::: ReleaseRequestState Request called at 13-12-2018 01:01:38 AM   :::   01:01:38.3801275

::::::::::: PostReleaseRequestState Request called at 13-12-2018 01:01:38 AM   :::   01:01:38.3821253

::::::::::: UpdateRequestCache Request called at 13-12-2018 01:01:38 AM   :::   01:01:38.3851318

::::::::::: EndRequest Request called at 13-12-2018 01:01:38 AM   :::   01:01:38.3881281

::::::::::: PreSendRequestContent Request called at 13-12-2018 01:01:38 AM   :::   01:01:38.3901228

::::::::::: PreSendRequestHeaders Request called at 13-12-2018 01:01:38 AM   :::   01:01:38.3921254

::::::::::: BeginRequest Request called at 13-12-2018 01:02:03 AM   :::   01:02:03.3157272

::::::::::: AuthenticateRequest Request called at 13-12-2018 01:02:03 AM   :::   01:02:03.3177296

::::::::::: PostAuthenticateRequest Request called at 13-12-2018 01:02:03 AM   :::   01:02:03.3187345

::::::::::: AuthorizeRequest Request called at 13-12-2018 01:02:03 AM   :::   01:02:03.3207260

::::::::::: PostAuthorizeRequest Request called at 13-12-2018 01:02:03 AM   :::   01:02:03.3217321

::::::::::: End Request called at 13-12-2018 01:02:03 AM   :::   01:02:03.3227261

::::::::::: PostResolveRequestCache Request called at 13-12-2018 01:02:03 AM   :::   01:02:03.3257250

::::::::::: AcquireRequestState Request called at 13-12-2018 01:02:03 AM   :::   01:02:03.3267452

::::::::::: PostAcquireRequestState Request called at 13-12-2018 01:02:03 AM   :::   01:02:03.3287303

::::::::::: PreRequestHandlerExecute Request called at 13-12-2018 01:02:03 AM   :::   01:02:03.3297300

::::::::::: PreSendRequestContent Request called at 13-12-2018 01:03:24 AM   :::   01:03:24.9053900

::::::::::: PreSendRequestHeaders Request called at 13-12-2018 01:03:24 AM   :::   01:03:24.9073905

::::::::::: PostRequestHandlerExecute Request called at 13-12-2018 01:03:24 AM   :::   01:03:24.9244128

::::::::::: ReleaseRequestState Request called at 13-12-2018 01:03:24 AM   :::   01:03:24.9263920

::::::::::: PostReleaseRequestState Request called at 13-12-2018 01:03:24 AM   :::   01:03:24.9283926

::::::::::: UpdateRequestCache Request called at 13-12-2018 01:03:24 AM   :::   01:03:24.9303933

::::::::::: EndRequest Request called at 13-12-2018 01:03:24 AM   :::   01:03:24.9323926

::::::::::: PreSendRequestContent Request called at 13-12-2018 01:03:24 AM   :::   01:03:24.9333934

