::::::::::: BeginRequest Request called at 9/8/2018 9:48:55 PM   :::   21:48:55.5266146

::::::::::: AuthenticateRequest Request called at 9/8/2018 9:48:55 PM   :::   21:48:55.5351208

::::::::::: PostAuthenticateRequest Request called at 9/8/2018 9:48:55 PM   :::   21:48:55.5381229

::::::::::: AuthorizeRequest Request called at 9/8/2018 9:48:55 PM   :::   21:48:55.5406253

::::::::::: PostAuthorizeRequest Request called at 9/8/2018 9:48:55 PM   :::   21:48:55.5426275

::::::::::: End Request called at 9/8/2018 9:48:55 PM   :::   21:48:55.5516327

::::::::::: PostResolveRequestCache Request called at 9/8/2018 9:48:55 PM   :::   21:48:55.5596380

::::::::::: AcquireRequestState Request called at 9/8/2018 9:48:55 PM   :::   21:48:55.5646415

::::::::::: PostAcquireRequestState Request called at 9/8/2018 9:48:55 PM   :::   21:48:55.5716473

::::::::::: PreRequestHandlerExecute Request called at 9/8/2018 9:48:55 PM   :::   21:48:55.5761503

::::::::::: PostRequestHandlerExecute Request called at 9/8/2018 9:48:55 PM   :::   21:48:55.5866571

::::::::::: ReleaseRequestState Request called at 9/8/2018 9:48:55 PM   :::   21:48:55.5886593

::::::::::: PostReleaseRequestState Request called at 9/8/2018 9:48:55 PM   :::   21:48:55.5921612

::::::::::: UpdateRequestCache Request called at 9/8/2018 9:48:55 PM   :::   21:48:55.5946632

::::::::::: EndRequest Request called at 9/8/2018 9:48:55 PM   :::   21:48:55.6011676

::::::::::: PreSendRequestContent Request called at 9/8/2018 9:48:55 PM   :::   21:48:55.6041697

::::::::::: PreSendRequestHeaders Request called at 9/8/2018 9:48:55 PM   :::   21:48:55.6056710

::::::::::: BeginRequest Request called at 9/8/2018 9:48:55 PM   :::   21:48:55.6231832

::::::::::: AuthenticateRequest Request called at 9/8/2018 9:48:55 PM   :::   21:48:55.6291875

::::::::::: PostAuthenticateRequest Request called at 9/8/2018 9:48:55 PM   :::   21:48:55.6341910

::::::::::: AuthorizeRequest Request called at 9/8/2018 9:48:55 PM   :::   21:48:55.6361920

::::::::::: PostAuthorizeRequest Request called at 9/8/2018 9:48:55 PM   :::   21:48:55.6381942

::::::::::: End Request called at 9/8/2018 9:48:55 PM   :::   21:48:55.6436980

::::::::::: PostResolveRequestCache Request called at 9/8/2018 9:48:55 PM   :::   21:48:55.6477008

::::::::::: AcquireRequestState Request called at 9/8/2018 9:48:55 PM   :::   21:48:55.6507029

::::::::::: PostAcquireRequestState Request called at 9/8/2018 9:48:55 PM   :::   21:48:55.6527043

::::::::::: PreRequestHandlerExecute Request called at 9/8/2018 9:48:55 PM   :::   21:48:55.6552055

::::::::::: PreSendRequestContent Request called at 9/8/2018 9:49:10 PM   :::   21:49:10.8559522

::::::::::: PreSendRequestHeaders Request called at 9/8/2018 9:49:10 PM   :::   21:49:10.8569548

::::::::::: PostRequestHandlerExecute Request called at 9/8/2018 9:49:10 PM   :::   21:49:10.8689626

::::::::::: ReleaseRequestState Request called at 9/8/2018 9:49:10 PM   :::   21:49:10.8719643

::::::::::: PostReleaseRequestState Request called at 9/8/2018 9:49:10 PM   :::   21:49:10.8739653

::::::::::: UpdateRequestCache Request called at 9/8/2018 9:49:10 PM   :::   21:49:10.8749660

::::::::::: EndRequest Request called at 9/8/2018 9:49:10 PM   :::   21:49:10.8789689

::::::::::: PreSendRequestContent Request called at 9/8/2018 9:49:10 PM   :::   21:49:10.8799704

::::::::::: BeginRequest Request called at 9/8/2018 10:01:45 PM   :::   22:01:45.7918397

::::::::::: AuthenticateRequest Request called at 9/8/2018 10:01:45 PM   :::   22:01:45.7948398

::::::::::: PostAuthenticateRequest Request called at 9/8/2018 10:01:45 PM   :::   22:01:45.7978415

::::::::::: AuthorizeRequest Request called at 9/8/2018 10:01:45 PM   :::   22:01:45.7998430

::::::::::: PostAuthorizeRequest Request called at 9/8/2018 10:01:45 PM   :::   22:01:45.8028447

::::::::::: End Request called at 9/8/2018 10:01:45 PM   :::   22:01:45.8038454

::::::::::: PostResolveRequestCache Request called at 9/8/2018 10:01:45 PM   :::   22:01:45.8218586

::::::::::: AcquireRequestState Request called at 9/8/2018 10:01:45 PM   :::   22:01:45.8248607

::::::::::: PostAcquireRequestState Request called at 9/8/2018 10:01:45 PM   :::   22:01:45.8268617

::::::::::: PreRequestHandlerExecute Request called at 9/8/2018 10:01:45 PM   :::   22:01:45.8288635

::::::::::: PostRequestHandlerExecute Request called at 9/8/2018 10:01:45 PM   :::   22:01:45.8348678

::::::::::: ReleaseRequestState Request called at 9/8/2018 10:01:45 PM   :::   22:01:45.8368692

::::::::::: PostReleaseRequestState Request called at 9/8/2018 10:01:45 PM   :::   22:01:45.8388706

::::::::::: UpdateRequestCache Request called at 9/8/2018 10:01:45 PM   :::   22:01:45.8408720

::::::::::: EndRequest Request called at 9/8/2018 10:01:45 PM   :::   22:01:45.8443783

::::::::::: PreSendRequestContent Request called at 9/8/2018 10:01:45 PM   :::   22:01:45.8468802

::::::::::: PreSendRequestHeaders Request called at 9/8/2018 10:01:45 PM   :::   22:01:45.8488813

::::::::::: BeginRequest Request called at 9/8/2018 10:01:45 PM   :::   22:01:45.9309430

::::::::::: AuthenticateRequest Request called at 9/8/2018 10:01:45 PM   :::   22:01:45.9339455

::::::::::: PostAuthenticateRequest Request called at 9/8/2018 10:01:45 PM   :::   22:01:45.9349458

::::::::::: AuthorizeRequest Request called at 9/8/2018 10:01:45 PM   :::   22:01:45.9369472

::::::::::: PostAuthorizeRequest Request called at 9/8/2018 10:01:45 PM   :::   22:01:45.9439593

::::::::::: End Request called at 9/8/2018 10:01:45 PM   :::   22:01:45.9479602

::::::::::: PostResolveRequestCache Request called at 9/8/2018 10:01:45 PM   :::   22:01:45.9494614

::::::::::: AcquireRequestState Request called at 9/8/2018 10:01:45 PM   :::   22:01:45.9514640

::::::::::: PostAcquireRequestState Request called at 9/8/2018 10:01:45 PM   :::   22:01:45.9529637

::::::::::: PreRequestHandlerExecute Request called at 9/8/2018 10:01:45 PM   :::   22:01:45.9549651

::::::::::: PreSendRequestContent Request called at 9/8/2018 10:02:49 PM   :::   22:02:49.4530334

::::::::::: PreSendRequestHeaders Request called at 9/8/2018 10:02:49 PM   :::   22:02:49.4580381

::::::::::: Error Request called at 9/8/2018 10:02:49 PM   :::   22:02:49.4650435

::::::::::: PreSendRequestContent Request called at 9/8/2018 10:02:59 PM   :::   22:02:59.5331746

::::::::::: PreSendRequestContent Request called at 9/8/2018 10:02:59 PM   :::   22:02:59.5421767

::::::::::: PreSendRequestContent Request called at 9/8/2018 10:02:59 PM   :::   22:02:59.5541828

::::::::::: PreSendRequestContent Request called at 9/8/2018 10:02:59 PM   :::   22:02:59.5601879

::::::::::: EndRequest Request called at 9/8/2018 10:02:59 PM   :::   22:02:59.5641907

::::::::::: PreSendRequestContent Request called at 9/8/2018 10:02:59 PM   :::   22:02:59.5671916

