::::::::::: BeginRequest Request called at 8/5/2018 11:31:09 PM   :::   23:31:09.4134150

::::::::::: AuthenticateRequest Request called at 8/5/2018 11:31:09 PM   :::   23:31:09.4294287

::::::::::: PostAuthenticateRequest Request called at 8/5/2018 11:31:09 PM   :::   23:31:09.4444398

::::::::::: AuthorizeRequest Request called at 8/5/2018 11:31:09 PM   :::   23:31:09.4524455

::::::::::: PostAuthorizeRequest Request called at 8/5/2018 11:31:09 PM   :::   23:31:09.4594493

::::::::::: End Request called at 8/5/2018 11:31:09 PM   :::   23:31:09.4664543

::::::::::: PostResolveRequestCache Request called at 8/5/2018 11:31:09 PM   :::   23:31:09.5795419

::::::::::: AcquireRequestState Request called at 8/5/2018 11:31:09 PM   :::   23:31:09.5995561

::::::::::: PostAcquireRequestState Request called at 8/5/2018 11:31:09 PM   :::   23:31:09.6050622

::::::::::: PreRequestHandlerExecute Request called at 8/5/2018 11:31:09 PM   :::   23:31:09.6115670

::::::::::: PostRequestHandlerExecute Request called at 8/5/2018 11:31:12 PM   :::   23:31:12.0634523

::::::::::: ReleaseRequestState Request called at 8/5/2018 11:31:12 PM   :::   23:31:12.0724595

::::::::::: PostReleaseRequestState Request called at 8/5/2018 11:31:12 PM   :::   23:31:12.0794641

::::::::::: UpdateRequestCache Request called at 8/5/2018 11:31:12 PM   :::   23:31:12.1351096

::::::::::: EndRequest Request called at 8/5/2018 11:31:12 PM   :::   23:31:12.1441286

::::::::::: PreSendRequestContent Request called at 8/5/2018 11:31:12 PM   :::   23:31:12.1571249

::::::::::: PreSendRequestHeaders Request called at 8/5/2018 11:31:12 PM   :::   23:31:12.1631307

::::::::::: BeginRequest Request called at 8/5/2018 11:31:12 PM   :::   23:31:12.5614643

::::::::::: AuthenticateRequest Request called at 8/5/2018 11:31:12 PM   :::   23:31:12.5614643

::::::::::: PostAuthenticateRequest Request called at 8/5/2018 11:31:12 PM   :::   23:31:12.5770892

::::::::::: AuthorizeRequest Request called at 8/5/2018 11:31:12 PM   :::   23:31:12.5770892

::::::::::: PostAuthorizeRequest Request called at 8/5/2018 11:31:12 PM   :::   23:31:12.5927134

::::::::::: End Request called at 8/5/2018 11:31:12 PM   :::   23:31:12.5927134

::::::::::: PostResolveRequestCache Request called at 8/5/2018 11:31:12 PM   :::   23:31:12.6083395

::::::::::: AcquireRequestState Request called at 8/5/2018 11:31:12 PM   :::   23:31:12.6083395

::::::::::: PostAcquireRequestState Request called at 8/5/2018 11:31:12 PM   :::   23:31:12.6259682

::::::::::: PreRequestHandlerExecute Request called at 8/5/2018 11:31:12 PM   :::   23:31:12.6309729

::::::::::: PostRequestHandlerExecute Request called at 8/5/2018 11:31:12 PM   :::   23:31:12.6778524

::::::::::: ReleaseRequestState Request called at 8/5/2018 11:31:12 PM   :::   23:31:12.6778524

::::::::::: PostReleaseRequestState Request called at 8/5/2018 11:31:12 PM   :::   23:31:12.6971636

::::::::::: UpdateRequestCache Request called at 8/5/2018 11:31:12 PM   :::   23:31:12.7041698

::::::::::: EndRequest Request called at 8/5/2018 11:31:12 PM   :::   23:31:12.7111748

::::::::::: PreSendRequestContent Request called at 8/5/2018 11:31:12 PM   :::   23:31:12.7176808

::::::::::: PreSendRequestHeaders Request called at 8/5/2018 11:31:12 PM   :::   23:31:12.7251871

