::::::::::: BeginRequest Request called at 27-12-2018 12:58:49 AM   :::   00:58:49.3622175

::::::::::: AuthenticateRequest Request called at 27-12-2018 12:58:49 AM   :::   00:58:49.4372195

::::::::::: PostAuthenticateRequest Request called at 27-12-2018 12:58:49 AM   :::   00:58:49.4452181

::::::::::: AuthorizeRequest Request called at 27-12-2018 12:58:49 AM   :::   00:58:49.4712193

::::::::::: PostAuthorizeRequest Request called at 27-12-2018 12:58:49 AM   :::   00:58:49.4752179

::::::::::: End Request called at 27-12-2018 12:58:49 AM   :::   00:58:49.4792238

::::::::::: PostResolveRequestCache Request called at 27-12-2018 12:58:49 AM   :::   00:58:49.6172252

::::::::::: AcquireRequestState Request called at 27-12-2018 12:58:49 AM   :::   00:58:49.6742211

::::::::::: PostAcquireRequestState Request called at 27-12-2018 12:58:49 AM   :::   00:58:49.6792337

::::::::::: PreRequestHandlerExecute Request called at 27-12-2018 12:58:49 AM   :::   00:58:49.6912255

::::::::::: PostRequestHandlerExecute Request called at 27-12-2018 12:58:52 AM   :::   00:58:52.8002965

::::::::::: ReleaseRequestState Request called at 27-12-2018 12:58:52 AM   :::   00:58:52.8072200

::::::::::: PostReleaseRequestState Request called at 27-12-2018 12:58:52 AM   :::   00:58:52.8102186

::::::::::: UpdateRequestCache Request called at 27-12-2018 12:58:52 AM   :::   00:58:52.8122210

::::::::::: EndRequest Request called at 27-12-2018 12:58:52 AM   :::   00:58:52.8162203

::::::::::: PreSendRequestContent Request called at 27-12-2018 12:58:52 AM   :::   00:58:52.8372195

::::::::::: PreSendRequestHeaders Request called at 27-12-2018 12:58:52 AM   :::   00:58:52.8842301

::::::::::: BeginRequest Request called at 27-12-2018 12:59:09 AM   :::   00:59:09.0328464

::::::::::: AuthenticateRequest Request called at 27-12-2018 12:59:09 AM   :::   00:59:09.0358495

::::::::::: PostAuthenticateRequest Request called at 27-12-2018 12:59:09 AM   :::   00:59:09.0838737

::::::::::: AuthorizeRequest Request called at 27-12-2018 12:59:09 AM   :::   00:59:09.0908463

::::::::::: PostAuthorizeRequest Request called at 27-12-2018 12:59:09 AM   :::   00:59:09.1028462

::::::::::: End Request called at 27-12-2018 12:59:09 AM   :::   00:59:09.1038457

::::::::::: PostResolveRequestCache Request called at 27-12-2018 12:59:09 AM   :::   00:59:09.2388468

::::::::::: AcquireRequestState Request called at 27-12-2018 12:59:09 AM   :::   00:59:09.2408516

::::::::::: PostAcquireRequestState Request called at 27-12-2018 12:59:09 AM   :::   00:59:09.2428478

::::::::::: PreRequestHandlerExecute Request called at 27-12-2018 12:59:09 AM   :::   00:59:09.2438481

::::::::::: PostRequestHandlerExecute Request called at 27-12-2018 12:59:09 AM   :::   00:59:09.5628487

::::::::::: ReleaseRequestState Request called at 27-12-2018 12:59:09 AM   :::   00:59:09.5638507

::::::::::: PostReleaseRequestState Request called at 27-12-2018 12:59:09 AM   :::   00:59:09.5658487

::::::::::: UpdateRequestCache Request called at 27-12-2018 12:59:09 AM   :::   00:59:09.5678454

::::::::::: EndRequest Request called at 27-12-2018 12:59:09 AM   :::   00:59:09.5688482

::::::::::: PreSendRequestContent Request called at 27-12-2018 12:59:09 AM   :::   00:59:09.5708558

::::::::::: PreSendRequestHeaders Request called at 27-12-2018 12:59:09 AM   :::   00:59:09.5728472

::::::::::: BeginRequest Request called at 27-12-2018 12:59:13 AM   :::   00:59:13.1818496

::::::::::: AuthenticateRequest Request called at 27-12-2018 12:59:13 AM   :::   00:59:13.1848513

::::::::::: PostAuthenticateRequest Request called at 27-12-2018 12:59:13 AM   :::   00:59:13.1858507

::::::::::: AuthorizeRequest Request called at 27-12-2018 12:59:13 AM   :::   00:59:13.1878586

::::::::::: PostAuthorizeRequest Request called at 27-12-2018 12:59:13 AM   :::   00:59:13.1898467

::::::::::: End Request called at 27-12-2018 12:59:13 AM   :::   00:59:13.1928484

::::::::::: PostResolveRequestCache Request called at 27-12-2018 12:59:13 AM   :::   00:59:13.1938484

::::::::::: AcquireRequestState Request called at 27-12-2018 12:59:13 AM   :::   00:59:13.1958629

::::::::::: PostAcquireRequestState Request called at 27-12-2018 12:59:13 AM   :::   00:59:13.1978489

::::::::::: PreRequestHandlerExecute Request called at 27-12-2018 12:59:13 AM   :::   00:59:13.1988488

::::::::::: PreSendRequestContent Request called at 27-12-2018 12:59:25 AM   :::   00:59:25.0999794

::::::::::: PreSendRequestHeaders Request called at 27-12-2018 12:59:25 AM   :::   00:59:25.1019611

::::::::::: PostRequestHandlerExecute Request called at 27-12-2018 12:59:25 AM   :::   00:59:25.1819570

::::::::::: ReleaseRequestState Request called at 27-12-2018 12:59:25 AM   :::   00:59:25.1839638

::::::::::: PostReleaseRequestState Request called at 27-12-2018 12:59:25 AM   :::   00:59:25.1869583

::::::::::: UpdateRequestCache Request called at 27-12-2018 12:59:25 AM   :::   00:59:25.1889602

::::::::::: EndRequest Request called at 27-12-2018 12:59:25 AM   :::   00:59:25.1919703

::::::::::: PreSendRequestContent Request called at 27-12-2018 12:59:25 AM   :::   00:59:25.2029627

::::::::::: BeginRequest Request called at 27-12-2018 01:03:09 AM   :::   01:03:09.3246033

::::::::::: BeginRequest Request called at 27-12-2018 01:03:09 AM   :::   01:03:09.3336037

::::::::::: AuthenticateRequest Request called at 27-12-2018 01:03:09 AM   :::   01:03:09.3356048

::::::::::: AuthenticateRequest Request called at 27-12-2018 01:03:09 AM   :::   01:03:09.3406052

::::::::::: PostAuthenticateRequest Request called at 27-12-2018 01:03:09 AM   :::   01:03:09.3556030

::::::::::: PostAuthenticateRequest Request called at 27-12-2018 01:03:09 AM   :::   01:03:09.3556030

::::::::::: AuthorizeRequest Request called at 27-12-2018 01:03:09 AM   :::   01:03:09.3586043

::::::::::: AuthorizeRequest Request called at 27-12-2018 01:03:09 AM   :::   01:03:09.3586043

::::::::::: PostAuthorizeRequest Request called at 27-12-2018 01:03:09 AM   :::   01:03:09.3616037

::::::::::: PostAuthorizeRequest Request called at 27-12-2018 01:03:09 AM   :::   01:03:09.3626229

::::::::::: End Request called at 27-12-2018 01:03:09 AM   :::   01:03:09.3636052

::::::::::: End Request called at 27-12-2018 01:03:09 AM   :::   01:03:09.3636052

::::::::::: PostResolveRequestCache Request called at 27-12-2018 01:03:09 AM   :::   01:03:09.3956083

::::::::::: AcquireRequestState Request called at 27-12-2018 01:03:09 AM   :::   01:03:09.4516088

::::::::::: PostAcquireRequestState Request called at 27-12-2018 01:03:09 AM   :::   01:03:09.4546039

::::::::::: PreRequestHandlerExecute Request called at 27-12-2018 01:03:09 AM   :::   01:03:09.4566048

::::::::::: PostResolveRequestCache Request called at 27-12-2018 01:03:09 AM   :::   01:03:09.4686041

::::::::::: AcquireRequestState Request called at 27-12-2018 01:03:09 AM   :::   01:03:09.4716071

::::::::::: PostAcquireRequestState Request called at 27-12-2018 01:03:09 AM   :::   01:03:09.4736042

::::::::::: PreRequestHandlerExecute Request called at 27-12-2018 01:03:09 AM   :::   01:03:09.4746138

::::::::::: PostRequestHandlerExecute Request called at 27-12-2018 01:03:09 AM   :::   01:03:09.7426120

::::::::::: ReleaseRequestState Request called at 27-12-2018 01:03:09 AM   :::   01:03:09.7456045

::::::::::: PostReleaseRequestState Request called at 27-12-2018 01:03:09 AM   :::   01:03:09.7976029

::::::::::: UpdateRequestCache Request called at 27-12-2018 01:03:09 AM   :::   01:03:09.7996151

::::::::::: EndRequest Request called at 27-12-2018 01:03:09 AM   :::   01:03:09.8036058

::::::::::: PreSendRequestContent Request called at 27-12-2018 01:03:09 AM   :::   01:03:09.8206031

::::::::::: PreSendRequestHeaders Request called at 27-12-2018 01:03:09 AM   :::   01:03:09.8226027

::::::::::: PostRequestHandlerExecute Request called at 27-12-2018 01:03:11 AM   :::   01:03:11.0926030

::::::::::: ReleaseRequestState Request called at 27-12-2018 01:03:11 AM   :::   01:03:11.0946033

::::::::::: PostReleaseRequestState Request called at 27-12-2018 01:03:11 AM   :::   01:03:11.0966231

::::::::::: UpdateRequestCache Request called at 27-12-2018 01:03:11 AM   :::   01:03:11.0976033

::::::::::: EndRequest Request called at 27-12-2018 01:03:11 AM   :::   01:03:11.0986012

::::::::::: PreSendRequestContent Request called at 27-12-2018 01:03:11 AM   :::   01:03:11.1006043

::::::::::: PreSendRequestHeaders Request called at 27-12-2018 01:03:11 AM   :::   01:03:11.1026235

::::::::::: BeginRequest Request called at 27-12-2018 01:03:16 AM   :::   01:03:16.0186031

::::::::::: AuthenticateRequest Request called at 27-12-2018 01:03:16 AM   :::   01:03:16.0206034

::::::::::: PostAuthenticateRequest Request called at 27-12-2018 01:03:16 AM   :::   01:03:16.0226053

::::::::::: AuthorizeRequest Request called at 27-12-2018 01:03:16 AM   :::   01:03:16.0236109

::::::::::: PostAuthorizeRequest Request called at 27-12-2018 01:03:16 AM   :::   01:03:16.0256067

::::::::::: End Request called at 27-12-2018 01:03:16 AM   :::   01:03:16.0266026

::::::::::: PostResolveRequestCache Request called at 27-12-2018 01:03:16 AM   :::   01:03:16.0286037

::::::::::: AcquireRequestState Request called at 27-12-2018 01:03:16 AM   :::   01:03:16.0296072

::::::::::: PostAcquireRequestState Request called at 27-12-2018 01:03:16 AM   :::   01:03:16.0306250

::::::::::: PreRequestHandlerExecute Request called at 27-12-2018 01:03:16 AM   :::   01:03:16.0326093

::::::::::: PreSendRequestContent Request called at 27-12-2018 01:03:43 AM   :::   01:03:43.5596041

::::::::::: PreSendRequestHeaders Request called at 27-12-2018 01:03:43 AM   :::   01:03:43.5616017

::::::::::: PostRequestHandlerExecute Request called at 27-12-2018 01:03:43 AM   :::   01:03:43.5906039

::::::::::: ReleaseRequestState Request called at 27-12-2018 01:03:43 AM   :::   01:03:43.5946047

::::::::::: PostReleaseRequestState Request called at 27-12-2018 01:03:43 AM   :::   01:03:43.6176047

::::::::::: UpdateRequestCache Request called at 27-12-2018 01:03:43 AM   :::   01:03:43.6346321

::::::::::: EndRequest Request called at 27-12-2018 01:03:43 AM   :::   01:03:43.6356041

::::::::::: PreSendRequestContent Request called at 27-12-2018 01:03:43 AM   :::   01:03:43.6376064

::::::::::: BeginRequest Request called at 27-12-2018 01:05:47 AM   :::   01:05:47.8518807

::::::::::: AuthenticateRequest Request called at 27-12-2018 01:05:47 AM   :::   01:05:47.8738840

::::::::::: PostAuthenticateRequest Request called at 27-12-2018 01:05:47 AM   :::   01:05:47.8798844

::::::::::: AuthorizeRequest Request called at 27-12-2018 01:05:47 AM   :::   01:05:47.8828859

::::::::::: PostAuthorizeRequest Request called at 27-12-2018 01:05:47 AM   :::   01:05:47.8848832

::::::::::: End Request called at 27-12-2018 01:05:47 AM   :::   01:05:47.8868833

::::::::::: PostResolveRequestCache Request called at 27-12-2018 01:05:48 AM   :::   01:05:48.0748844

::::::::::: AcquireRequestState Request called at 27-12-2018 01:05:48 AM   :::   01:05:48.2008834

::::::::::: PostAcquireRequestState Request called at 27-12-2018 01:05:48 AM   :::   01:05:48.2038872

::::::::::: PreRequestHandlerExecute Request called at 27-12-2018 01:05:48 AM   :::   01:05:48.2048855

::::::::::: PostRequestHandlerExecute Request called at 27-12-2018 01:05:53 AM   :::   01:05:53.7404175

::::::::::: ReleaseRequestState Request called at 27-12-2018 01:05:53 AM   :::   01:05:53.7434127

::::::::::: PostReleaseRequestState Request called at 27-12-2018 01:05:53 AM   :::   01:05:53.8534184

::::::::::: UpdateRequestCache Request called at 27-12-2018 01:05:53 AM   :::   01:05:53.8564119

::::::::::: EndRequest Request called at 27-12-2018 01:05:53 AM   :::   01:05:53.8604117

::::::::::: PreSendRequestContent Request called at 27-12-2018 01:05:53 AM   :::   01:05:53.8824144

::::::::::: PreSendRequestHeaders Request called at 27-12-2018 01:05:53 AM   :::   01:05:53.8874136

::::::::::: BeginRequest Request called at 27-12-2018 01:06:52 AM   :::   01:06:52.1034691

::::::::::: AuthenticateRequest Request called at 27-12-2018 01:06:52 AM   :::   01:06:52.1114713

::::::::::: PostAuthenticateRequest Request called at 27-12-2018 01:06:52 AM   :::   01:06:52.1164683

::::::::::: AuthorizeRequest Request called at 27-12-2018 01:06:52 AM   :::   01:06:52.1194725

::::::::::: PostAuthorizeRequest Request called at 27-12-2018 01:06:52 AM   :::   01:06:52.1204706

::::::::::: End Request called at 27-12-2018 01:06:52 AM   :::   01:06:52.1224698

::::::::::: BeginRequest Request called at 27-12-2018 01:06:52 AM   :::   01:06:52.1324701

::::::::::: AuthenticateRequest Request called at 27-12-2018 01:06:52 AM   :::   01:06:52.1344688

::::::::::: PostAuthenticateRequest Request called at 27-12-2018 01:06:52 AM   :::   01:06:52.1354703

::::::::::: AuthorizeRequest Request called at 27-12-2018 01:06:52 AM   :::   01:06:52.1374684

::::::::::: PostAuthorizeRequest Request called at 27-12-2018 01:06:52 AM   :::   01:06:52.1384700

::::::::::: End Request called at 27-12-2018 01:06:52 AM   :::   01:06:52.1394706

::::::::::: PostResolveRequestCache Request called at 27-12-2018 01:06:52 AM   :::   01:06:52.1624677

::::::::::: PostResolveRequestCache Request called at 27-12-2018 01:06:52 AM   :::   01:06:52.2074696

::::::::::: AcquireRequestState Request called at 27-12-2018 01:06:52 AM   :::   01:06:52.2434661

::::::::::: PostAcquireRequestState Request called at 27-12-2018 01:06:52 AM   :::   01:06:52.2644693

::::::::::: PreRequestHandlerExecute Request called at 27-12-2018 01:06:52 AM   :::   01:06:52.2664722

::::::::::: AcquireRequestState Request called at 27-12-2018 01:06:52 AM   :::   01:06:52.2404685

::::::::::: PostAcquireRequestState Request called at 27-12-2018 01:06:52 AM   :::   01:06:52.2784703

::::::::::: PreRequestHandlerExecute Request called at 27-12-2018 01:06:52 AM   :::   01:06:52.2794711

::::::::::: PostRequestHandlerExecute Request called at 27-12-2018 01:06:52 AM   :::   01:06:52.5964691

::::::::::: ReleaseRequestState Request called at 27-12-2018 01:06:52 AM   :::   01:06:52.5994691

::::::::::: PostReleaseRequestState Request called at 27-12-2018 01:06:52 AM   :::   01:06:52.6604666

::::::::::: UpdateRequestCache Request called at 27-12-2018 01:06:52 AM   :::   01:06:52.6624670

::::::::::: EndRequest Request called at 27-12-2018 01:06:52 AM   :::   01:06:52.6714714

::::::::::: PreSendRequestContent Request called at 27-12-2018 01:06:52 AM   :::   01:06:52.7664685

::::::::::: PreSendRequestHeaders Request called at 27-12-2018 01:06:52 AM   :::   01:06:52.7694715

::::::::::: BeginRequest Request called at 27-12-2018 01:06:53 AM   :::   01:06:53.9584741

::::::::::: AuthenticateRequest Request called at 27-12-2018 01:06:53 AM   :::   01:06:53.9604737

::::::::::: PostAuthenticateRequest Request called at 27-12-2018 01:06:53 AM   :::   01:06:53.9614721

::::::::::: AuthorizeRequest Request called at 27-12-2018 01:06:53 AM   :::   01:06:53.9634731

::::::::::: PostAuthorizeRequest Request called at 27-12-2018 01:06:53 AM   :::   01:06:53.9644726

::::::::::: End Request called at 27-12-2018 01:06:53 AM   :::   01:06:53.9664687

::::::::::: PostResolveRequestCache Request called at 27-12-2018 01:06:53 AM   :::   01:06:53.9674723

::::::::::: AcquireRequestState Request called at 27-12-2018 01:06:53 AM   :::   01:06:53.9694720

::::::::::: PostAcquireRequestState Request called at 27-12-2018 01:06:53 AM   :::   01:06:53.9704939

::::::::::: PreRequestHandlerExecute Request called at 27-12-2018 01:06:53 AM   :::   01:06:53.9724680

::::::::::: PostRequestHandlerExecute Request called at 27-12-2018 01:06:54 AM   :::   01:06:54.3854755

::::::::::: ReleaseRequestState Request called at 27-12-2018 01:06:54 AM   :::   01:06:54.3874708

::::::::::: PostReleaseRequestState Request called at 27-12-2018 01:06:54 AM   :::   01:06:54.3884751

::::::::::: UpdateRequestCache Request called at 27-12-2018 01:06:54 AM   :::   01:06:54.3904757

::::::::::: EndRequest Request called at 27-12-2018 01:06:54 AM   :::   01:06:54.3914753

::::::::::: PreSendRequestContent Request called at 27-12-2018 01:06:54 AM   :::   01:06:54.3934758

::::::::::: PreSendRequestHeaders Request called at 27-12-2018 01:06:54 AM   :::   01:06:54.3954719

::::::::::: PreSendRequestContent Request called at 27-12-2018 01:07:24 AM   :::   01:07:24.1223731

::::::::::: PreSendRequestHeaders Request called at 27-12-2018 01:07:24 AM   :::   01:07:24.1243757

::::::::::: PostRequestHandlerExecute Request called at 27-12-2018 01:07:24 AM   :::   01:07:24.1693731

::::::::::: ReleaseRequestState Request called at 27-12-2018 01:07:24 AM   :::   01:07:24.1713833

::::::::::: PostReleaseRequestState Request called at 27-12-2018 01:07:24 AM   :::   01:07:24.1723742

::::::::::: UpdateRequestCache Request called at 27-12-2018 01:07:24 AM   :::   01:07:24.1763748

::::::::::: EndRequest Request called at 27-12-2018 01:07:24 AM   :::   01:07:24.1803736

::::::::::: PreSendRequestContent Request called at 27-12-2018 01:07:24 AM   :::   01:07:24.1813763

::::::::::: BeginRequest Request called at 27-12-2018 05:59:13 PM   :::   17:59:13.5045027

::::::::::: AuthenticateRequest Request called at 27-12-2018 05:59:13 PM   :::   17:59:13.5145002

::::::::::: PostAuthenticateRequest Request called at 27-12-2018 05:59:13 PM   :::   17:59:13.5204992

::::::::::: AuthorizeRequest Request called at 27-12-2018 05:59:13 PM   :::   17:59:13.5224987

::::::::::: PostAuthorizeRequest Request called at 27-12-2018 05:59:13 PM   :::   17:59:13.5325166

::::::::::: End Request called at 27-12-2018 05:59:13 PM   :::   17:59:13.5344970

::::::::::: PostResolveRequestCache Request called at 27-12-2018 05:59:13 PM   :::   17:59:13.7234939

::::::::::: AcquireRequestState Request called at 27-12-2018 05:59:13 PM   :::   17:59:13.7335052

::::::::::: PostAcquireRequestState Request called at 27-12-2018 05:59:13 PM   :::   17:59:13.7364955

::::::::::: PreRequestHandlerExecute Request called at 27-12-2018 05:59:13 PM   :::   17:59:13.7374935

::::::::::: PostRequestHandlerExecute Request called at 27-12-2018 05:59:17 PM   :::   17:59:17.6510473

::::::::::: ReleaseRequestState Request called at 27-12-2018 05:59:17 PM   :::   17:59:17.6530478

::::::::::: PostReleaseRequestState Request called at 27-12-2018 05:59:17 PM   :::   17:59:17.6600448

::::::::::: UpdateRequestCache Request called at 27-12-2018 05:59:17 PM   :::   17:59:17.6620474

::::::::::: EndRequest Request called at 27-12-2018 05:59:17 PM   :::   17:59:17.6650467

::::::::::: PreSendRequestContent Request called at 27-12-2018 05:59:17 PM   :::   17:59:17.6830459

::::::::::: PreSendRequestHeaders Request called at 27-12-2018 05:59:17 PM   :::   17:59:17.6850621

::::::::::: BeginRequest Request called at 27-12-2018 05:59:17 PM   :::   17:59:17.9910646

::::::::::: BeginRequest Request called at 27-12-2018 05:59:17 PM   :::   17:59:17.9910646

::::::::::: AuthenticateRequest Request called at 27-12-2018 05:59:18 PM   :::   17:59:18.0000958

::::::::::: AuthenticateRequest Request called at 27-12-2018 05:59:18 PM   :::   17:59:18.0030854

::::::::::: PostAuthenticateRequest Request called at 27-12-2018 05:59:18 PM   :::   17:59:18.0230987

::::::::::: PostAuthenticateRequest Request called at 27-12-2018 05:59:18 PM   :::   17:59:18.0261005

::::::::::: AuthorizeRequest Request called at 27-12-2018 05:59:18 PM   :::   17:59:18.0438840

::::::::::: PostAuthorizeRequest Request called at 27-12-2018 05:59:18 PM   :::   17:59:18.0460616

::::::::::: AuthorizeRequest Request called at 27-12-2018 05:59:18 PM   :::   17:59:18.0391027

::::::::::: PostAuthorizeRequest Request called at 27-12-2018 05:59:18 PM   :::   17:59:18.0649648

::::::::::: End Request called at 27-12-2018 05:59:18 PM   :::   17:59:18.0790978

::::::::::: End Request called at 27-12-2018 05:59:18 PM   :::   17:59:18.0470590

::::::::::: PostResolveRequestCache Request called at 27-12-2018 05:59:18 PM   :::   17:59:18.0825698

::::::::::: PostResolveRequestCache Request called at 27-12-2018 05:59:18 PM   :::   17:59:18.0825698

::::::::::: AcquireRequestState Request called at 27-12-2018 05:59:18 PM   :::   17:59:18.0835693

::::::::::: AcquireRequestState Request called at 27-12-2018 05:59:18 PM   :::   17:59:18.0846068

::::::::::: PostAcquireRequestState Request called at 27-12-2018 05:59:18 PM   :::   17:59:18.0942150

::::::::::: PostAcquireRequestState Request called at 27-12-2018 05:59:18 PM   :::   17:59:18.0961667

::::::::::: PreRequestHandlerExecute Request called at 27-12-2018 05:59:18 PM   :::   17:59:18.0993399

::::::::::: PreRequestHandlerExecute Request called at 27-12-2018 05:59:18 PM   :::   17:59:18.1003904

::::::::::: PostRequestHandlerExecute Request called at 27-12-2018 05:59:18 PM   :::   17:59:18.1647775

::::::::::: PostRequestHandlerExecute Request called at 27-12-2018 05:59:18 PM   :::   17:59:18.1647775

::::::::::: ReleaseRequestState Request called at 27-12-2018 05:59:18 PM   :::   17:59:18.1667794

::::::::::: PostReleaseRequestState Request called at 27-12-2018 05:59:18 PM   :::   17:59:18.1737820

::::::::::: UpdateRequestCache Request called at 27-12-2018 05:59:18 PM   :::   17:59:18.1814906

::::::::::: EndRequest Request called at 27-12-2018 05:59:18 PM   :::   17:59:18.2121557

::::::::::: PreSendRequestContent Request called at 27-12-2018 05:59:18 PM   :::   17:59:18.2315336

::::::::::: PreSendRequestHeaders Request called at 27-12-2018 05:59:18 PM   :::   17:59:18.2335342

::::::::::: PostReleaseRequestState Request called at 27-12-2018 05:59:18 PM   :::   17:59:18.3851757

::::::::::: UpdateRequestCache Request called at 27-12-2018 05:59:18 PM   :::   17:59:18.3861784

::::::::::: EndRequest Request called at 27-12-2018 05:59:18 PM   :::   17:59:18.3881765

::::::::::: PreSendRequestContent Request called at 27-12-2018 05:59:18 PM   :::   17:59:18.3901748

::::::::::: PreSendRequestHeaders Request called at 27-12-2018 05:59:18 PM   :::   17:59:18.3921865

::::::::::: BeginRequest Request called at 27-12-2018 05:59:22 PM   :::   17:59:22.8627219

::::::::::: AuthenticateRequest Request called at 27-12-2018 05:59:22 PM   :::   17:59:22.8637197

::::::::::: PostAuthenticateRequest Request called at 27-12-2018 05:59:22 PM   :::   17:59:22.8667164

::::::::::: AuthorizeRequest Request called at 27-12-2018 05:59:22 PM   :::   17:59:22.8707156

::::::::::: PostAuthorizeRequest Request called at 27-12-2018 05:59:22 PM   :::   17:59:22.8727164

::::::::::: End Request called at 27-12-2018 05:59:22 PM   :::   17:59:22.8747129

::::::::::: PostResolveRequestCache Request called at 27-12-2018 05:59:22 PM   :::   17:59:22.8767142

::::::::::: AcquireRequestState Request called at 27-12-2018 05:59:22 PM   :::   17:59:22.8787158

::::::::::: PostAcquireRequestState Request called at 27-12-2018 05:59:22 PM   :::   17:59:22.8807175

::::::::::: PreRequestHandlerExecute Request called at 27-12-2018 05:59:22 PM   :::   17:59:22.8817195

::::::::::: PostRequestHandlerExecute Request called at 27-12-2018 05:59:22 PM   :::   17:59:22.8837163

::::::::::: ReleaseRequestState Request called at 27-12-2018 05:59:22 PM   :::   17:59:22.8857177

::::::::::: PostReleaseRequestState Request called at 27-12-2018 05:59:22 PM   :::   17:59:22.8877196

::::::::::: UpdateRequestCache Request called at 27-12-2018 05:59:22 PM   :::   17:59:22.8897945

::::::::::: EndRequest Request called at 27-12-2018 05:59:22 PM   :::   17:59:22.8927151

::::::::::: PreSendRequestContent Request called at 27-12-2018 05:59:22 PM   :::   17:59:22.8947157

::::::::::: PreSendRequestHeaders Request called at 27-12-2018 05:59:22 PM   :::   17:59:22.8957150

::::::::::: BeginRequest Request called at 27-12-2018 05:59:23 PM   :::   17:59:23.0167187

::::::::::: AuthenticateRequest Request called at 27-12-2018 05:59:23 PM   :::   17:59:23.0197138

::::::::::: PostAuthenticateRequest Request called at 27-12-2018 05:59:23 PM   :::   17:59:23.0207165

::::::::::: AuthorizeRequest Request called at 27-12-2018 05:59:23 PM   :::   17:59:23.0227146

::::::::::: PostAuthorizeRequest Request called at 27-12-2018 05:59:23 PM   :::   17:59:23.0247163

::::::::::: End Request called at 27-12-2018 05:59:23 PM   :::   17:59:23.0257119

::::::::::: PostResolveRequestCache Request called at 27-12-2018 05:59:23 PM   :::   17:59:23.0277135

::::::::::: AcquireRequestState Request called at 27-12-2018 05:59:23 PM   :::   17:59:23.0287134

::::::::::: PostAcquireRequestState Request called at 27-12-2018 05:59:23 PM   :::   17:59:23.0317156

::::::::::: PreRequestHandlerExecute Request called at 27-12-2018 05:59:23 PM   :::   17:59:23.0327161

::::::::::: PostRequestHandlerExecute Request called at 27-12-2018 05:59:23 PM   :::   17:59:23.0347132

::::::::::: ReleaseRequestState Request called at 27-12-2018 05:59:23 PM   :::   17:59:23.0357139

::::::::::: PostReleaseRequestState Request called at 27-12-2018 05:59:23 PM   :::   17:59:23.0377184

::::::::::: UpdateRequestCache Request called at 27-12-2018 05:59:23 PM   :::   17:59:23.0387155

::::::::::: EndRequest Request called at 27-12-2018 05:59:23 PM   :::   17:59:23.0407179

::::::::::: PreSendRequestContent Request called at 27-12-2018 05:59:23 PM   :::   17:59:23.0417148

::::::::::: PreSendRequestHeaders Request called at 27-12-2018 05:59:23 PM   :::   17:59:23.0427120

::::::::::: BeginRequest Request called at 27-12-2018 05:59:23 PM   :::   17:59:23.1537194

::::::::::: AuthenticateRequest Request called at 27-12-2018 05:59:23 PM   :::   17:59:23.1567293

::::::::::: PostAuthenticateRequest Request called at 27-12-2018 05:59:23 PM   :::   17:59:23.1597172

::::::::::: AuthorizeRequest Request called at 27-12-2018 05:59:23 PM   :::   17:59:23.1627179

::::::::::: PostAuthorizeRequest Request called at 27-12-2018 05:59:23 PM   :::   17:59:23.1637204

::::::::::: End Request called at 27-12-2018 05:59:23 PM   :::   17:59:23.1657180

::::::::::: PostResolveRequestCache Request called at 27-12-2018 05:59:23 PM   :::   17:59:23.1677152

::::::::::: AcquireRequestState Request called at 27-12-2018 05:59:23 PM   :::   17:59:23.1697131

::::::::::: PostAcquireRequestState Request called at 27-12-2018 05:59:23 PM   :::   17:59:23.1717141

::::::::::: PreRequestHandlerExecute Request called at 27-12-2018 05:59:23 PM   :::   17:59:23.1727180

::::::::::: PostRequestHandlerExecute Request called at 27-12-2018 05:59:23 PM   :::   17:59:23.1747143

::::::::::: ReleaseRequestState Request called at 27-12-2018 05:59:23 PM   :::   17:59:23.1757139

::::::::::: PostReleaseRequestState Request called at 27-12-2018 05:59:23 PM   :::   17:59:23.1777142

::::::::::: UpdateRequestCache Request called at 27-12-2018 05:59:23 PM   :::   17:59:23.1787132

::::::::::: EndRequest Request called at 27-12-2018 05:59:23 PM   :::   17:59:23.1797138

::::::::::: PreSendRequestContent Request called at 27-12-2018 05:59:23 PM   :::   17:59:23.1817128

::::::::::: PreSendRequestHeaders Request called at 27-12-2018 05:59:23 PM   :::   17:59:23.1827126

::::::::::: BeginRequest Request called at 27-12-2018 05:59:26 PM   :::   17:59:26.5920798

::::::::::: AuthenticateRequest Request called at 27-12-2018 05:59:26 PM   :::   17:59:26.5940580

::::::::::: PostAuthenticateRequest Request called at 27-12-2018 05:59:26 PM   :::   17:59:26.5960531

::::::::::: AuthorizeRequest Request called at 27-12-2018 05:59:26 PM   :::   17:59:26.5980521

::::::::::: PostAuthorizeRequest Request called at 27-12-2018 05:59:26 PM   :::   17:59:26.6000490

::::::::::: End Request called at 27-12-2018 05:59:26 PM   :::   17:59:26.6020513

::::::::::: PostResolveRequestCache Request called at 27-12-2018 05:59:26 PM   :::   17:59:26.6040601

::::::::::: AcquireRequestState Request called at 27-12-2018 05:59:26 PM   :::   17:59:26.6100528

::::::::::: PostAcquireRequestState Request called at 27-12-2018 05:59:26 PM   :::   17:59:26.6110486

::::::::::: PreRequestHandlerExecute Request called at 27-12-2018 05:59:26 PM   :::   17:59:26.6140550

::::::::::: PostRequestHandlerExecute Request called at 27-12-2018 05:59:26 PM   :::   17:59:26.6160514

::::::::::: ReleaseRequestState Request called at 27-12-2018 05:59:26 PM   :::   17:59:26.6180530

::::::::::: PostReleaseRequestState Request called at 27-12-2018 05:59:26 PM   :::   17:59:26.6190567

::::::::::: UpdateRequestCache Request called at 27-12-2018 05:59:26 PM   :::   17:59:26.6280498

::::::::::: EndRequest Request called at 27-12-2018 05:59:26 PM   :::   17:59:26.6290503

::::::::::: PreSendRequestContent Request called at 27-12-2018 05:59:26 PM   :::   17:59:26.6310510

::::::::::: PreSendRequestHeaders Request called at 27-12-2018 05:59:26 PM   :::   17:59:26.6320530

::::::::::: BeginRequest Request called at 27-12-2018 05:59:30 PM   :::   17:59:30.4491879

::::::::::: AuthenticateRequest Request called at 27-12-2018 05:59:30 PM   :::   17:59:30.4501857

::::::::::: PostAuthenticateRequest Request called at 27-12-2018 05:59:30 PM   :::   17:59:30.4542435

::::::::::: AuthorizeRequest Request called at 27-12-2018 05:59:30 PM   :::   17:59:30.4561843

::::::::::: PostAuthorizeRequest Request called at 27-12-2018 05:59:30 PM   :::   17:59:30.4581856

::::::::::: End Request called at 27-12-2018 05:59:30 PM   :::   17:59:30.4591903

::::::::::: PostResolveRequestCache Request called at 27-12-2018 05:59:30 PM   :::   17:59:30.4661826

::::::::::: AcquireRequestState Request called at 27-12-2018 05:59:30 PM   :::   17:59:30.4681878

::::::::::: PostAcquireRequestState Request called at 27-12-2018 05:59:30 PM   :::   17:59:30.4742109

::::::::::: PreRequestHandlerExecute Request called at 27-12-2018 05:59:30 PM   :::   17:59:30.4761853

::::::::::: PostRequestHandlerExecute Request called at 27-12-2018 05:59:30 PM   :::   17:59:30.6451816

::::::::::: ReleaseRequestState Request called at 27-12-2018 05:59:30 PM   :::   17:59:30.6471826

::::::::::: PostReleaseRequestState Request called at 27-12-2018 05:59:30 PM   :::   17:59:30.6491825

::::::::::: UpdateRequestCache Request called at 27-12-2018 05:59:30 PM   :::   17:59:30.6501853

::::::::::: EndRequest Request called at 27-12-2018 05:59:30 PM   :::   17:59:30.6551846

::::::::::: PreSendRequestContent Request called at 27-12-2018 05:59:30 PM   :::   17:59:30.6572572

::::::::::: PreSendRequestHeaders Request called at 27-12-2018 05:59:30 PM   :::   17:59:30.6581929

::::::::::: BeginRequest Request called at 27-12-2018 05:59:31 PM   :::   17:59:31.3821844

::::::::::: AuthenticateRequest Request called at 27-12-2018 05:59:31 PM   :::   17:59:31.3841863

::::::::::: PostAuthenticateRequest Request called at 27-12-2018 05:59:31 PM   :::   17:59:31.3872157

::::::::::: AuthorizeRequest Request called at 27-12-2018 05:59:31 PM   :::   17:59:31.3911847

::::::::::: PostAuthorizeRequest Request called at 27-12-2018 05:59:31 PM   :::   17:59:31.3921838

::::::::::: End Request called at 27-12-2018 05:59:31 PM   :::   17:59:31.3941842

::::::::::: PostResolveRequestCache Request called at 27-12-2018 05:59:31 PM   :::   17:59:31.3951833

::::::::::: AcquireRequestState Request called at 27-12-2018 05:59:31 PM   :::   17:59:31.3971922

::::::::::: PostAcquireRequestState Request called at 27-12-2018 05:59:31 PM   :::   17:59:31.3991852

::::::::::: PreRequestHandlerExecute Request called at 27-12-2018 05:59:31 PM   :::   17:59:31.4001819

::::::::::: PostRequestHandlerExecute Request called at 27-12-2018 06:00:07 PM   :::   18:00:07.9947161

::::::::::: ReleaseRequestState Request called at 27-12-2018 06:00:07 PM   :::   18:00:07.9987175

::::::::::: PostReleaseRequestState Request called at 27-12-2018 06:00:08 PM   :::   18:00:08.0007156

::::::::::: UpdateRequestCache Request called at 27-12-2018 06:00:08 PM   :::   18:00:08.0017151

::::::::::: EndRequest Request called at 27-12-2018 06:00:08 PM   :::   18:00:08.0027174

::::::::::: PreSendRequestContent Request called at 27-12-2018 06:00:08 PM   :::   18:00:08.0047163

::::::::::: PreSendRequestHeaders Request called at 27-12-2018 06:00:08 PM   :::   18:00:08.0057162

::::::::::: BeginRequest Request called at 27-12-2018 08:40:30 PM   :::   20:40:30.6895178

::::::::::: AuthenticateRequest Request called at 27-12-2018 08:40:30 PM   :::   20:40:30.7005106

::::::::::: PostAuthenticateRequest Request called at 27-12-2018 08:40:30 PM   :::   20:40:30.7055081

::::::::::: AuthorizeRequest Request called at 27-12-2018 08:40:30 PM   :::   20:40:30.7085107

::::::::::: PostAuthorizeRequest Request called at 27-12-2018 08:40:30 PM   :::   20:40:30.7135101

::::::::::: End Request called at 27-12-2018 08:40:30 PM   :::   20:40:30.7165077

::::::::::: PostResolveRequestCache Request called at 27-12-2018 08:40:30 PM   :::   20:40:30.9095119

::::::::::: AcquireRequestState Request called at 27-12-2018 08:40:30 PM   :::   20:40:30.9735142

::::::::::: PostAcquireRequestState Request called at 27-12-2018 08:40:30 PM   :::   20:40:30.9755089

::::::::::: PreRequestHandlerExecute Request called at 27-12-2018 08:40:30 PM   :::   20:40:30.9775083

::::::::::: PostRequestHandlerExecute Request called at 27-12-2018 08:40:34 PM   :::   20:40:34.0615080

::::::::::: ReleaseRequestState Request called at 27-12-2018 08:40:34 PM   :::   20:40:34.0645104

::::::::::: PostReleaseRequestState Request called at 27-12-2018 08:40:34 PM   :::   20:40:34.0715109

::::::::::: UpdateRequestCache Request called at 27-12-2018 08:40:34 PM   :::   20:40:34.0775064

::::::::::: EndRequest Request called at 27-12-2018 08:40:34 PM   :::   20:40:34.0805077

::::::::::: PreSendRequestContent Request called at 27-12-2018 08:40:34 PM   :::   20:40:34.0985088

::::::::::: PreSendRequestHeaders Request called at 27-12-2018 08:40:34 PM   :::   20:40:34.1005306

::::::::::: BeginRequest Request called at 27-12-2018 08:40:42 PM   :::   20:40:42.1465072

::::::::::: AuthenticateRequest Request called at 27-12-2018 08:40:42 PM   :::   20:40:42.1485113

::::::::::: PostAuthenticateRequest Request called at 27-12-2018 08:40:42 PM   :::   20:40:42.1505106

::::::::::: AuthorizeRequest Request called at 27-12-2018 08:40:42 PM   :::   20:40:42.1515145

::::::::::: PostAuthorizeRequest Request called at 27-12-2018 08:40:42 PM   :::   20:40:42.1535064

::::::::::: End Request called at 27-12-2018 08:40:42 PM   :::   20:40:42.1555072

::::::::::: PostResolveRequestCache Request called at 27-12-2018 08:40:42 PM   :::   20:40:42.1615112

::::::::::: AcquireRequestState Request called at 27-12-2018 08:40:42 PM   :::   20:40:42.1635074

::::::::::: PostAcquireRequestState Request called at 27-12-2018 08:40:42 PM   :::   20:40:42.1655197

::::::::::: PreRequestHandlerExecute Request called at 27-12-2018 08:40:42 PM   :::   20:40:42.1665126

::::::::::: PostRequestHandlerExecute Request called at 27-12-2018 08:40:42 PM   :::   20:40:42.2985085

::::::::::: ReleaseRequestState Request called at 27-12-2018 08:40:42 PM   :::   20:40:42.2995222

::::::::::: PostReleaseRequestState Request called at 27-12-2018 08:40:42 PM   :::   20:40:42.3015061

::::::::::: UpdateRequestCache Request called at 27-12-2018 08:40:42 PM   :::   20:40:42.3045085

::::::::::: EndRequest Request called at 27-12-2018 08:40:42 PM   :::   20:40:42.3065063

::::::::::: PreSendRequestContent Request called at 27-12-2018 08:40:42 PM   :::   20:40:42.3085089

::::::::::: PreSendRequestHeaders Request called at 27-12-2018 08:40:42 PM   :::   20:40:42.3105072

::::::::::: BeginRequest Request called at 27-12-2018 08:40:42 PM   :::   20:40:42.4465113

::::::::::: AuthenticateRequest Request called at 27-12-2018 08:40:42 PM   :::   20:40:42.4475343

::::::::::: PostAuthenticateRequest Request called at 27-12-2018 08:40:42 PM   :::   20:40:42.4495078

::::::::::: AuthorizeRequest Request called at 27-12-2018 08:40:42 PM   :::   20:40:42.4505108

::::::::::: PostAuthorizeRequest Request called at 27-12-2018 08:40:42 PM   :::   20:40:42.4525091

::::::::::: End Request called at 27-12-2018 08:40:42 PM   :::   20:40:42.4535091

::::::::::: PostResolveRequestCache Request called at 27-12-2018 08:40:42 PM   :::   20:40:42.4555358

::::::::::: AcquireRequestState Request called at 27-12-2018 08:40:42 PM   :::   20:40:42.4575123

::::::::::: PostAcquireRequestState Request called at 27-12-2018 08:40:42 PM   :::   20:40:42.4595101

::::::::::: PreRequestHandlerExecute Request called at 27-12-2018 08:40:42 PM   :::   20:40:42.4605108

::::::::::: PreSendRequestContent Request called at 27-12-2018 08:41:08 PM   :::   20:41:08.0232584

::::::::::: PreSendRequestHeaders Request called at 27-12-2018 08:41:08 PM   :::   20:41:08.0252508

::::::::::: PostRequestHandlerExecute Request called at 27-12-2018 08:41:08 PM   :::   20:41:08.0492527

::::::::::: ReleaseRequestState Request called at 27-12-2018 08:41:08 PM   :::   20:41:08.0522483

::::::::::: PostReleaseRequestState Request called at 27-12-2018 08:41:08 PM   :::   20:41:08.0532663

::::::::::: UpdateRequestCache Request called at 27-12-2018 08:41:08 PM   :::   20:41:08.0542476

::::::::::: EndRequest Request called at 27-12-2018 08:41:08 PM   :::   20:41:08.0562466

::::::::::: PreSendRequestContent Request called at 27-12-2018 08:41:08 PM   :::   20:41:08.0592515

