::::::::::: BeginRequest Request called at 8/10/2018 10:50:02 AM   :::   10:50:02.5557528

::::::::::: AuthenticateRequest Request called at 8/10/2018 10:50:02 AM   :::   10:50:02.6042883

::::::::::: PostAuthenticateRequest Request called at 8/10/2018 10:50:02 AM   :::   10:50:02.6202992

::::::::::: AuthorizeRequest Request called at 8/10/2018 10:50:02 AM   :::   10:50:02.6328083

::::::::::: PostAuthorizeRequest Request called at 8/10/2018 10:50:02 AM   :::   10:50:02.6433156

::::::::::: End Request called at 8/10/2018 10:50:02 AM   :::   10:50:02.6453170

::::::::::: PostResolveRequestCache Request called at 8/10/2018 10:50:02 AM   :::   10:50:02.6473180

::::::::::: AcquireRequestState Request called at 8/10/2018 10:50:02 AM   :::   10:50:02.6508211

::::::::::: PostAcquireRequestState Request called at 8/10/2018 10:50:02 AM   :::   10:50:02.6618289

::::::::::: PreRequestHandlerExecute Request called at 8/10/2018 10:50:02 AM   :::   10:50:02.6633298

::::::::::: PostRequestHandlerExecute Request called at 8/10/2018 10:50:02 AM   :::   10:50:02.6658314

::::::::::: ReleaseRequestState Request called at 8/10/2018 10:50:02 AM   :::   10:50:02.6678332

::::::::::: PostReleaseRequestState Request called at 8/10/2018 10:50:02 AM   :::   10:50:02.6718356

::::::::::: UpdateRequestCache Request called at 8/10/2018 10:50:02 AM   :::   10:50:02.6748386

::::::::::: EndRequest Request called at 8/10/2018 10:50:02 AM   :::   10:50:02.6813426

::::::::::: PreSendRequestContent Request called at 8/10/2018 10:50:02 AM   :::   10:50:02.6843447

::::::::::: PreSendRequestHeaders Request called at 8/10/2018 10:50:02 AM   :::   10:50:02.6883480

::::::::::: BeginRequest Request called at 8/10/2018 10:50:02 AM   :::   10:50:02.7138659

::::::::::: AuthenticateRequest Request called at 8/10/2018 10:50:02 AM   :::   10:50:02.7153663

::::::::::: PostAuthenticateRequest Request called at 8/10/2018 10:50:02 AM   :::   10:50:02.7228731

::::::::::: AuthorizeRequest Request called at 8/10/2018 10:50:02 AM   :::   10:50:02.7258736

::::::::::: PostAuthorizeRequest Request called at 8/10/2018 10:50:02 AM   :::   10:50:02.7288765

::::::::::: End Request called at 8/10/2018 10:50:02 AM   :::   10:50:02.7313781

::::::::::: PostResolveRequestCache Request called at 8/10/2018 10:50:02 AM   :::   10:50:02.7338805

::::::::::: AcquireRequestState Request called at 8/10/2018 10:50:02 AM   :::   10:50:02.7373824

::::::::::: PostAcquireRequestState Request called at 8/10/2018 10:50:02 AM   :::   10:50:02.7438872

::::::::::: PreRequestHandlerExecute Request called at 8/10/2018 10:50:02 AM   :::   10:50:02.7468885

::::::::::: PreSendRequestContent Request called at 8/10/2018 10:50:10 AM   :::   10:50:10.4077365

::::::::::: PreSendRequestHeaders Request called at 8/10/2018 10:50:10 AM   :::   10:50:10.4097347

::::::::::: PostRequestHandlerExecute Request called at 8/10/2018 10:50:10 AM   :::   10:50:10.4212427

::::::::::: ReleaseRequestState Request called at 8/10/2018 10:50:10 AM   :::   10:50:10.4242444

::::::::::: PostReleaseRequestState Request called at 8/10/2018 10:50:10 AM   :::   10:50:10.4267460

::::::::::: UpdateRequestCache Request called at 8/10/2018 10:50:10 AM   :::   10:50:10.4302491

::::::::::: EndRequest Request called at 8/10/2018 10:50:10 AM   :::   10:50:10.4317496

::::::::::: PreSendRequestContent Request called at 8/10/2018 10:50:10 AM   :::   10:50:10.4332508

::::::::::: BeginRequest Request called at 8/10/2018 10:53:57 AM   :::   10:53:57.9673559

::::::::::: AuthenticateRequest Request called at 8/10/2018 10:53:57 AM   :::   10:53:57.9708657

::::::::::: PostAuthenticateRequest Request called at 8/10/2018 10:53:57 AM   :::   10:53:57.9723603

::::::::::: AuthorizeRequest Request called at 8/10/2018 10:53:57 AM   :::   10:53:57.9743601

::::::::::: PostAuthorizeRequest Request called at 8/10/2018 10:53:57 AM   :::   10:53:57.9758610

::::::::::: End Request called at 8/10/2018 10:53:57 AM   :::   10:53:57.9773622

::::::::::: PostResolveRequestCache Request called at 8/10/2018 10:53:57 AM   :::   10:53:57.9808653

::::::::::: AcquireRequestState Request called at 8/10/2018 10:53:57 AM   :::   10:53:57.9823658

::::::::::: PostAcquireRequestState Request called at 8/10/2018 10:53:57 AM   :::   10:53:57.9843672

::::::::::: PreRequestHandlerExecute Request called at 8/10/2018 10:53:57 AM   :::   10:53:57.9858681

::::::::::: PostRequestHandlerExecute Request called at 8/10/2018 10:53:57 AM   :::   10:53:57.9903723

::::::::::: ReleaseRequestState Request called at 8/10/2018 10:53:57 AM   :::   10:53:57.9928735

::::::::::: PostReleaseRequestState Request called at 8/10/2018 10:53:57 AM   :::   10:53:57.9948757

::::::::::: UpdateRequestCache Request called at 8/10/2018 10:53:57 AM   :::   10:53:57.9983772

::::::::::: EndRequest Request called at 8/10/2018 10:53:58 AM   :::   10:53:58.0003786

::::::::::: PreSendRequestContent Request called at 8/10/2018 10:53:58 AM   :::   10:53:58.0028806

::::::::::: PreSendRequestHeaders Request called at 8/10/2018 10:53:58 AM   :::   10:53:58.0048820

::::::::::: BeginRequest Request called at 8/10/2018 10:53:58 AM   :::   10:53:58.0173907

::::::::::: AuthenticateRequest Request called at 8/10/2018 10:53:58 AM   :::   10:53:58.0223974

::::::::::: PostAuthenticateRequest Request called at 8/10/2018 10:53:58 AM   :::   10:53:58.0248966

::::::::::: AuthorizeRequest Request called at 8/10/2018 10:53:58 AM   :::   10:53:58.0263967

::::::::::: PostAuthorizeRequest Request called at 8/10/2018 10:53:58 AM   :::   10:53:58.0293996

::::::::::: End Request called at 8/10/2018 10:53:58 AM   :::   10:53:58.0309001

::::::::::: PostResolveRequestCache Request called at 8/10/2018 10:53:58 AM   :::   10:53:58.0329019

::::::::::: AcquireRequestState Request called at 8/10/2018 10:53:58 AM   :::   10:53:58.0359044

::::::::::: PostAcquireRequestState Request called at 8/10/2018 10:53:58 AM   :::   10:53:58.0394063

::::::::::: PreRequestHandlerExecute Request called at 8/10/2018 10:53:58 AM   :::   10:53:58.0419083

::::::::::: PreSendRequestContent Request called at 8/10/2018 10:54:39 AM   :::   10:54:39.7429856

::::::::::: PreSendRequestHeaders Request called at 8/10/2018 10:54:39 AM   :::   10:54:39.7449874

::::::::::: Error Request called at 8/10/2018 10:54:39 AM   :::   10:54:39.7539938

::::::::::: PreSendRequestContent Request called at 8/10/2018 10:54:40 AM   :::   10:54:40.1322639

::::::::::: PreSendRequestContent Request called at 8/10/2018 10:54:40 AM   :::   10:54:40.1337632

::::::::::: PreSendRequestContent Request called at 8/10/2018 10:54:40 AM   :::   10:54:40.1352649

::::::::::: PreSendRequestContent Request called at 8/10/2018 10:54:40 AM   :::   10:54:40.1367658

::::::::::: EndRequest Request called at 8/10/2018 10:54:40 AM   :::   10:54:40.1387676

::::::::::: PreSendRequestContent Request called at 8/10/2018 10:54:40 AM   :::   10:54:40.1397671

::::::::::: BeginRequest Request called at 8/10/2018 10:58:31 AM   :::   10:58:31.9953300

::::::::::: AuthenticateRequest Request called at 8/10/2018 10:58:31 AM   :::   10:58:31.9968313

::::::::::: PostAuthenticateRequest Request called at 8/10/2018 10:58:31 AM   :::   10:58:31.9998330

::::::::::: AuthorizeRequest Request called at 8/10/2018 10:58:32 AM   :::   10:58:32.0033361

::::::::::: PostAuthorizeRequest Request called at 8/10/2018 10:58:32 AM   :::   10:58:32.0048374

::::::::::: End Request called at 8/10/2018 10:58:32 AM   :::   10:58:32.0063378

::::::::::: PostResolveRequestCache Request called at 8/10/2018 10:58:32 AM   :::   10:58:32.0093408

::::::::::: AcquireRequestState Request called at 8/10/2018 10:58:32 AM   :::   10:58:32.0108408

::::::::::: PostAcquireRequestState Request called at 8/10/2018 10:58:32 AM   :::   10:58:32.0123417

::::::::::: PreRequestHandlerExecute Request called at 8/10/2018 10:58:32 AM   :::   10:58:32.0138442

::::::::::: PostRequestHandlerExecute Request called at 8/10/2018 10:58:32 AM   :::   10:58:32.0178458

::::::::::: ReleaseRequestState Request called at 8/10/2018 10:58:32 AM   :::   10:58:32.0208487

::::::::::: PostReleaseRequestState Request called at 8/10/2018 10:58:32 AM   :::   10:58:32.0223492

::::::::::: UpdateRequestCache Request called at 8/10/2018 10:58:32 AM   :::   10:58:32.0243506

::::::::::: EndRequest Request called at 8/10/2018 10:58:32 AM   :::   10:58:32.0258515

::::::::::: PreSendRequestContent Request called at 8/10/2018 10:58:32 AM   :::   10:58:32.0283535

::::::::::: PreSendRequestHeaders Request called at 8/10/2018 10:58:32 AM   :::   10:58:32.0298543

::::::::::: BeginRequest Request called at 8/10/2018 10:58:32 AM   :::   10:58:32.0453671

::::::::::: AuthenticateRequest Request called at 8/10/2018 10:58:32 AM   :::   10:58:32.0528715

::::::::::: PostAuthenticateRequest Request called at 8/10/2018 10:58:32 AM   :::   10:58:32.0553723

::::::::::: AuthorizeRequest Request called at 8/10/2018 10:58:32 AM   :::   10:58:32.0608764

::::::::::: PostAuthorizeRequest Request called at 8/10/2018 10:58:32 AM   :::   10:58:32.0708843

::::::::::: End Request called at 8/10/2018 10:58:32 AM   :::   10:58:32.0733855

::::::::::: PostResolveRequestCache Request called at 8/10/2018 10:58:32 AM   :::   10:58:32.0763876

::::::::::: AcquireRequestState Request called at 8/10/2018 10:58:32 AM   :::   10:58:32.0813919

::::::::::: PostAcquireRequestState Request called at 8/10/2018 10:58:32 AM   :::   10:58:32.0853952

::::::::::: PreRequestHandlerExecute Request called at 8/10/2018 10:58:32 AM   :::   10:58:32.0883961

::::::::::: PreSendRequestContent Request called at 8/10/2018 10:58:47 AM   :::   10:58:47.9475391

::::::::::: PreSendRequestHeaders Request called at 8/10/2018 10:58:47 AM   :::   10:58:47.9495370

::::::::::: PostRequestHandlerExecute Request called at 8/10/2018 10:58:47 AM   :::   10:58:47.9710536

::::::::::: ReleaseRequestState Request called at 8/10/2018 10:58:47 AM   :::   10:58:47.9800596

::::::::::: PostReleaseRequestState Request called at 8/10/2018 10:58:47 AM   :::   10:58:47.9850628

::::::::::: UpdateRequestCache Request called at 8/10/2018 10:58:47 AM   :::   10:58:47.9920678

::::::::::: EndRequest Request called at 8/10/2018 10:58:47 AM   :::   10:58:47.9940684

::::::::::: PreSendRequestContent Request called at 8/10/2018 10:58:47 AM   :::   10:58:47.9960706

::::::::::: BeginRequest Request called at 8/10/2018 11:00:37 AM   :::   11:00:37.5346060

::::::::::: AuthenticateRequest Request called at 8/10/2018 11:00:37 AM   :::   11:00:37.5366075

::::::::::: PostAuthenticateRequest Request called at 8/10/2018 11:00:37 AM   :::   11:00:37.5401101

::::::::::: AuthorizeRequest Request called at 8/10/2018 11:00:37 AM   :::   11:00:37.5416106

::::::::::: PostAuthorizeRequest Request called at 8/10/2018 11:00:37 AM   :::   11:00:37.5436124

::::::::::: End Request called at 8/10/2018 11:00:37 AM   :::   11:00:37.5461144

::::::::::: PostResolveRequestCache Request called at 8/10/2018 11:00:37 AM   :::   11:00:37.5491161

::::::::::: AcquireRequestState Request called at 8/10/2018 11:00:37 AM   :::   11:00:37.5526184

::::::::::: PostAcquireRequestState Request called at 8/10/2018 11:00:37 AM   :::   11:00:37.5556210

::::::::::: PreRequestHandlerExecute Request called at 8/10/2018 11:00:37 AM   :::   11:00:37.5596270

::::::::::: PreSendRequestContent Request called at 8/10/2018 11:01:40 AM   :::   11:01:40.8952929

::::::::::: PreSendRequestHeaders Request called at 8/10/2018 11:01:40 AM   :::   11:01:40.9032990

::::::::::: Error Request called at 8/10/2018 11:01:40 AM   :::   11:01:40.9113035

::::::::::: PreSendRequestContent Request called at 8/10/2018 11:01:41 AM   :::   11:01:41.2090163

::::::::::: PreSendRequestContent Request called at 8/10/2018 11:01:41 AM   :::   11:01:41.2110165

::::::::::: PreSendRequestContent Request called at 8/10/2018 11:01:41 AM   :::   11:01:41.2125174

::::::::::: PreSendRequestContent Request called at 8/10/2018 11:01:41 AM   :::   11:01:41.2135177

::::::::::: EndRequest Request called at 8/10/2018 11:01:41 AM   :::   11:01:41.2150194

::::::::::: PreSendRequestContent Request called at 8/10/2018 11:01:41 AM   :::   11:01:41.2190222

::::::::::: BeginRequest Request called at 8/10/2018 11:01:47 AM   :::   11:01:47.4860082

::::::::::: AuthenticateRequest Request called at 8/10/2018 11:01:47 AM   :::   11:01:47.4880092

::::::::::: PostAuthenticateRequest Request called at 8/10/2018 11:01:47 AM   :::   11:01:47.4910118

::::::::::: AuthorizeRequest Request called at 8/10/2018 11:01:47 AM   :::   11:01:47.4920141

::::::::::: PostAuthorizeRequest Request called at 8/10/2018 11:01:47 AM   :::   11:01:47.4940135

::::::::::: End Request called at 8/10/2018 11:01:47 AM   :::   11:01:47.4960153

::::::::::: PostResolveRequestCache Request called at 8/10/2018 11:01:47 AM   :::   11:01:47.4985185

::::::::::: AcquireRequestState Request called at 8/10/2018 11:01:47 AM   :::   11:01:47.5005187

::::::::::: PostAcquireRequestState Request called at 8/10/2018 11:01:47 AM   :::   11:01:47.5015206

::::::::::: PreRequestHandlerExecute Request called at 8/10/2018 11:01:47 AM   :::   11:01:47.5040254

::::::::::: PreSendRequestContent Request called at 8/10/2018 11:02:02 AM   :::   11:02:02.9212111

::::::::::: PreSendRequestHeaders Request called at 8/10/2018 11:02:02 AM   :::   11:02:02.9247138

::::::::::: Error Request called at 8/10/2018 11:02:02 AM   :::   11:02:02.9347201

::::::::::: PreSendRequestContent Request called at 8/10/2018 11:02:03 AM   :::   11:02:03.2149179

::::::::::: PreSendRequestContent Request called at 8/10/2018 11:02:03 AM   :::   11:02:03.2169201

::::::::::: PreSendRequestContent Request called at 8/10/2018 11:02:03 AM   :::   11:02:03.2194296

::::::::::: PreSendRequestContent Request called at 8/10/2018 11:02:03 AM   :::   11:02:03.2204216

::::::::::: EndRequest Request called at 8/10/2018 11:02:03 AM   :::   11:02:03.2219233

::::::::::: PreSendRequestContent Request called at 8/10/2018 11:02:03 AM   :::   11:02:03.2229244

::::::::::: BeginRequest Request called at 8/10/2018 11:04:32 AM   :::   11:04:32.5431214

::::::::::: AuthenticateRequest Request called at 8/10/2018 11:04:32 AM   :::   11:04:32.5451232

::::::::::: PostAuthenticateRequest Request called at 8/10/2018 11:04:32 AM   :::   11:04:32.5466236

::::::::::: AuthorizeRequest Request called at 8/10/2018 11:04:32 AM   :::   11:04:32.5551299

::::::::::: PostAuthorizeRequest Request called at 8/10/2018 11:04:32 AM   :::   11:04:32.5581320

::::::::::: End Request called at 8/10/2018 11:04:32 AM   :::   11:04:32.5601334

::::::::::: PostResolveRequestCache Request called at 8/10/2018 11:04:32 AM   :::   11:04:32.5621345

::::::::::: AcquireRequestState Request called at 8/10/2018 11:04:32 AM   :::   11:04:32.5666375

::::::::::: PostAcquireRequestState Request called at 8/10/2018 11:04:32 AM   :::   11:04:32.5731423

::::::::::: PreRequestHandlerExecute Request called at 8/10/2018 11:04:32 AM   :::   11:04:32.5826488

::::::::::: PostRequestHandlerExecute Request called at 8/10/2018 11:04:32 AM   :::   11:04:32.5886539

::::::::::: ReleaseRequestState Request called at 8/10/2018 11:04:32 AM   :::   11:04:32.5946574

::::::::::: PostReleaseRequestState Request called at 8/10/2018 11:04:32 AM   :::   11:04:32.5961590

::::::::::: UpdateRequestCache Request called at 8/10/2018 11:04:32 AM   :::   11:04:32.6011618

::::::::::: EndRequest Request called at 8/10/2018 11:04:32 AM   :::   11:04:32.6026634

::::::::::: PreSendRequestContent Request called at 8/10/2018 11:04:32 AM   :::   11:04:32.6046664

::::::::::: PreSendRequestHeaders Request called at 8/10/2018 11:04:32 AM   :::   11:04:32.6061681

::::::::::: BeginRequest Request called at 8/10/2018 11:04:32 AM   :::   11:04:32.6256798

::::::::::: AuthenticateRequest Request called at 8/10/2018 11:04:32 AM   :::   11:04:32.6351863

::::::::::: PostAuthenticateRequest Request called at 8/10/2018 11:04:32 AM   :::   11:04:32.6421917

::::::::::: AuthorizeRequest Request called at 8/10/2018 11:04:32 AM   :::   11:04:32.6456944

::::::::::: PostAuthorizeRequest Request called at 8/10/2018 11:04:32 AM   :::   11:04:32.6501970

::::::::::: End Request called at 8/10/2018 11:04:32 AM   :::   11:04:32.6516983

::::::::::: PostResolveRequestCache Request called at 8/10/2018 11:04:32 AM   :::   11:04:32.6557011

::::::::::: AcquireRequestState Request called at 8/10/2018 11:04:32 AM   :::   11:04:32.6632066

::::::::::: PostAcquireRequestState Request called at 8/10/2018 11:04:32 AM   :::   11:04:32.6682102

::::::::::: PreRequestHandlerExecute Request called at 8/10/2018 11:04:32 AM   :::   11:04:32.6702116

::::::::::: PreSendRequestContent Request called at 8/10/2018 11:04:45 AM   :::   11:04:45.1408448

::::::::::: PreSendRequestHeaders Request called at 8/10/2018 11:04:45 AM   :::   11:04:45.1418439

::::::::::: PostRequestHandlerExecute Request called at 8/10/2018 11:04:45 AM   :::   11:04:45.1513513

::::::::::: ReleaseRequestState Request called at 8/10/2018 11:04:45 AM   :::   11:04:45.1538528

::::::::::: PostReleaseRequestState Request called at 8/10/2018 11:04:45 AM   :::   11:04:45.1558539

::::::::::: UpdateRequestCache Request called at 8/10/2018 11:04:45 AM   :::   11:04:45.1593562

::::::::::: EndRequest Request called at 8/10/2018 11:04:45 AM   :::   11:04:45.1608574

::::::::::: PreSendRequestContent Request called at 8/10/2018 11:04:45 AM   :::   11:04:45.1628588

::::::::::: BeginRequest Request called at 8/10/2018 11:05:56 AM   :::   11:05:56.0712771

::::::::::: AuthenticateRequest Request called at 8/10/2018 11:05:56 AM   :::   11:05:56.0732785

::::::::::: PostAuthenticateRequest Request called at 8/10/2018 11:05:56 AM   :::   11:05:56.0747793

::::::::::: AuthorizeRequest Request called at 8/10/2018 11:05:56 AM   :::   11:05:56.0767812

::::::::::: PostAuthorizeRequest Request called at 8/10/2018 11:05:56 AM   :::   11:05:56.0787826

::::::::::: End Request called at 8/10/2018 11:05:56 AM   :::   11:05:56.0807840

::::::::::: PostResolveRequestCache Request called at 8/10/2018 11:05:56 AM   :::   11:05:56.0847872

::::::::::: AcquireRequestState Request called at 8/10/2018 11:05:56 AM   :::   11:05:56.0897900

::::::::::: PostAcquireRequestState Request called at 8/10/2018 11:05:56 AM   :::   11:05:56.0917910

::::::::::: PreRequestHandlerExecute Request called at 8/10/2018 11:05:56 AM   :::   11:05:56.0947936

::::::::::: PostRequestHandlerExecute Request called at 8/10/2018 11:05:56 AM   :::   11:05:56.1043005

::::::::::: ReleaseRequestState Request called at 8/10/2018 11:05:56 AM   :::   11:05:56.1093044

::::::::::: PostReleaseRequestState Request called at 8/10/2018 11:05:56 AM   :::   11:05:56.1108049

::::::::::: UpdateRequestCache Request called at 8/10/2018 11:05:56 AM   :::   11:05:56.1128067

::::::::::: EndRequest Request called at 8/10/2018 11:05:56 AM   :::   11:05:56.1148109

::::::::::: PreSendRequestContent Request called at 8/10/2018 11:05:56 AM   :::   11:05:56.1198113

::::::::::: PreSendRequestHeaders Request called at 8/10/2018 11:05:56 AM   :::   11:05:56.1223133

::::::::::: BeginRequest Request called at 8/10/2018 11:05:56 AM   :::   11:05:56.1293179

::::::::::: AuthenticateRequest Request called at 8/10/2018 11:05:56 AM   :::   11:05:56.1308187

::::::::::: PostAuthenticateRequest Request called at 8/10/2018 11:05:56 AM   :::   11:05:56.1333243

::::::::::: AuthorizeRequest Request called at 8/10/2018 11:05:56 AM   :::   11:05:56.1358227

::::::::::: PostAuthorizeRequest Request called at 8/10/2018 11:05:56 AM   :::   11:05:56.1388264

::::::::::: End Request called at 8/10/2018 11:05:56 AM   :::   11:05:56.1403253

::::::::::: PostResolveRequestCache Request called at 8/10/2018 11:05:56 AM   :::   11:05:56.1418266

::::::::::: AcquireRequestState Request called at 8/10/2018 11:05:56 AM   :::   11:05:56.1438284

::::::::::: PostAcquireRequestState Request called at 8/10/2018 11:05:56 AM   :::   11:05:56.1453288

::::::::::: PreRequestHandlerExecute Request called at 8/10/2018 11:05:56 AM   :::   11:05:56.1463299

::::::::::: PreSendRequestContent Request called at 8/10/2018 11:06:11 AM   :::   11:06:11.4938927

::::::::::: PreSendRequestHeaders Request called at 8/10/2018 11:06:11 AM   :::   11:06:11.4958945

::::::::::: Error Request called at 8/10/2018 11:06:11 AM   :::   11:06:11.5094047

::::::::::: PreSendRequestContent Request called at 8/10/2018 11:06:11 AM   :::   11:06:11.8121206

::::::::::: PreSendRequestContent Request called at 8/10/2018 11:06:11 AM   :::   11:06:11.8136195

::::::::::: PreSendRequestContent Request called at 8/10/2018 11:06:11 AM   :::   11:06:11.8156214

::::::::::: PreSendRequestContent Request called at 8/10/2018 11:06:11 AM   :::   11:06:11.8186235

::::::::::: EndRequest Request called at 8/10/2018 11:06:11 AM   :::   11:06:11.8206245

::::::::::: PreSendRequestContent Request called at 8/10/2018 11:06:11 AM   :::   11:06:11.8216252

::::::::::: BeginRequest Request called at 8/10/2018 11:20:50 AM   :::   11:20:50.2776180

::::::::::: AuthenticateRequest Request called at 8/10/2018 11:20:50 AM   :::   11:20:50.2791233

::::::::::: PostAuthenticateRequest Request called at 8/10/2018 11:20:50 AM   :::   11:20:50.2801244

::::::::::: AuthorizeRequest Request called at 8/10/2018 11:20:50 AM   :::   11:20:50.2821258

::::::::::: PostAuthorizeRequest Request called at 8/10/2018 11:20:50 AM   :::   11:20:50.2831265

::::::::::: End Request called at 8/10/2018 11:20:50 AM   :::   11:20:50.2851287

::::::::::: PostResolveRequestCache Request called at 8/10/2018 11:20:50 AM   :::   11:20:50.2871293

::::::::::: AcquireRequestState Request called at 8/10/2018 11:20:50 AM   :::   11:20:50.2891304

::::::::::: PostAcquireRequestState Request called at 8/10/2018 11:20:50 AM   :::   11:20:50.2921325

::::::::::: PreRequestHandlerExecute Request called at 8/10/2018 11:20:50 AM   :::   11:20:50.2931336

::::::::::: PostRequestHandlerExecute Request called at 8/10/2018 11:20:50 AM   :::   11:20:50.2971364

::::::::::: ReleaseRequestState Request called at 8/10/2018 11:20:50 AM   :::   11:20:50.2981375

::::::::::: PostReleaseRequestState Request called at 8/10/2018 11:20:50 AM   :::   11:20:50.3021404

::::::::::: UpdateRequestCache Request called at 8/10/2018 11:20:50 AM   :::   11:20:50.3041418

::::::::::: EndRequest Request called at 8/10/2018 11:20:50 AM   :::   11:20:50.3061432

::::::::::: PreSendRequestContent Request called at 8/10/2018 11:20:50 AM   :::   11:20:50.3091454

::::::::::: PreSendRequestHeaders Request called at 8/10/2018 11:20:50 AM   :::   11:20:50.3101461

::::::::::: BeginRequest Request called at 8/10/2018 11:20:52 AM   :::   11:20:52.0656119

::::::::::: AuthenticateRequest Request called at 8/10/2018 11:20:52 AM   :::   11:20:52.0671135

::::::::::: PostAuthenticateRequest Request called at 8/10/2018 11:20:52 AM   :::   11:20:52.0686156

::::::::::: AuthorizeRequest Request called at 8/10/2018 11:20:52 AM   :::   11:20:52.0706158

::::::::::: PostAuthorizeRequest Request called at 8/10/2018 11:20:52 AM   :::   11:20:52.0736184

::::::::::: End Request called at 8/10/2018 11:20:52 AM   :::   11:20:52.0771206

::::::::::: PostResolveRequestCache Request called at 8/10/2018 11:20:52 AM   :::   11:20:52.0786215

::::::::::: AcquireRequestState Request called at 8/10/2018 11:20:52 AM   :::   11:20:52.0806277

::::::::::: PostAcquireRequestState Request called at 8/10/2018 11:20:52 AM   :::   11:20:52.0816284

::::::::::: PreRequestHandlerExecute Request called at 8/10/2018 11:20:52 AM   :::   11:20:52.0836298

::::::::::: PreSendRequestContent Request called at 8/10/2018 11:20:59 AM   :::   11:20:59.2876674

::::::::::: PreSendRequestHeaders Request called at 8/10/2018 11:20:59 AM   :::   11:20:59.2898690

::::::::::: PostRequestHandlerExecute Request called at 8/10/2018 11:20:59 AM   :::   11:20:59.3098800

::::::::::: ReleaseRequestState Request called at 8/10/2018 11:20:59 AM   :::   11:20:59.3138828

::::::::::: PostReleaseRequestState Request called at 8/10/2018 11:20:59 AM   :::   11:20:59.3168838

::::::::::: UpdateRequestCache Request called at 8/10/2018 11:20:59 AM   :::   11:20:59.3198863

::::::::::: EndRequest Request called at 8/10/2018 11:20:59 AM   :::   11:20:59.3228892

::::::::::: PreSendRequestContent Request called at 8/10/2018 11:20:59 AM   :::   11:20:59.3248942

::::::::::: BeginRequest Request called at 8/10/2018 11:21:14 AM   :::   11:21:14.9878012

::::::::::: AuthenticateRequest Request called at 8/10/2018 11:21:14 AM   :::   11:21:14.9898026

::::::::::: PostAuthenticateRequest Request called at 8/10/2018 11:21:14 AM   :::   11:21:14.9918048

::::::::::: AuthorizeRequest Request called at 8/10/2018 11:21:14 AM   :::   11:21:14.9928052

::::::::::: PostAuthorizeRequest Request called at 8/10/2018 11:21:14 AM   :::   11:21:14.9948082

::::::::::: End Request called at 8/10/2018 11:21:14 AM   :::   11:21:14.9958085

::::::::::: PostResolveRequestCache Request called at 8/10/2018 11:21:14 AM   :::   11:21:14.9978083

::::::::::: AcquireRequestState Request called at 8/10/2018 11:21:15 AM   :::   11:21:15.0018116

::::::::::: PostAcquireRequestState Request called at 8/10/2018 11:21:15 AM   :::   11:21:15.0038126

::::::::::: PreRequestHandlerExecute Request called at 8/10/2018 11:21:15 AM   :::   11:21:15.0058195

::::::::::: PostRequestHandlerExecute Request called at 8/10/2018 11:21:15 AM   :::   11:21:15.0108286

::::::::::: ReleaseRequestState Request called at 8/10/2018 11:21:15 AM   :::   11:21:15.0138205

::::::::::: PostReleaseRequestState Request called at 8/10/2018 11:21:15 AM   :::   11:21:15.0148342

::::::::::: UpdateRequestCache Request called at 8/10/2018 11:21:15 AM   :::   11:21:15.0168289

::::::::::: EndRequest Request called at 8/10/2018 11:21:15 AM   :::   11:21:15.0188236

::::::::::: PreSendRequestContent Request called at 8/10/2018 11:21:15 AM   :::   11:21:15.0218258

::::::::::: PreSendRequestHeaders Request called at 8/10/2018 11:21:15 AM   :::   11:21:15.0238292

::::::::::: BeginRequest Request called at 8/10/2018 11:21:15 AM   :::   11:21:15.0288299

::::::::::: AuthenticateRequest Request called at 8/10/2018 11:21:15 AM   :::   11:21:15.0298303

::::::::::: PostAuthenticateRequest Request called at 8/10/2018 11:21:15 AM   :::   11:21:15.0318341

::::::::::: AuthorizeRequest Request called at 8/10/2018 11:21:15 AM   :::   11:21:15.0348346

::::::::::: PostAuthorizeRequest Request called at 8/10/2018 11:21:15 AM   :::   11:21:15.0378367

::::::::::: End Request called at 8/10/2018 11:21:15 AM   :::   11:21:15.0398378

::::::::::: PostResolveRequestCache Request called at 8/10/2018 11:21:15 AM   :::   11:21:15.0408385

::::::::::: AcquireRequestState Request called at 8/10/2018 11:21:15 AM   :::   11:21:15.0418392

::::::::::: PostAcquireRequestState Request called at 8/10/2018 11:21:15 AM   :::   11:21:15.0428419

::::::::::: PreRequestHandlerExecute Request called at 8/10/2018 11:21:15 AM   :::   11:21:15.0448409

::::::::::: PreSendRequestContent Request called at 8/10/2018 11:21:30 AM   :::   11:21:30.7719288

::::::::::: PreSendRequestHeaders Request called at 8/10/2018 11:21:30 AM   :::   11:21:30.7749349

::::::::::: Error Request called at 8/10/2018 11:21:30 AM   :::   11:21:30.7814425

::::::::::: PreSendRequestContent Request called at 8/10/2018 11:21:31 AM   :::   11:21:31.0516915

::::::::::: PreSendRequestContent Request called at 8/10/2018 11:21:31 AM   :::   11:21:31.0556944

::::::::::: PreSendRequestContent Request called at 8/10/2018 11:21:31 AM   :::   11:21:31.0586965

::::::::::: PreSendRequestContent Request called at 8/10/2018 11:21:31 AM   :::   11:21:31.0616987

::::::::::: EndRequest Request called at 8/10/2018 11:21:31 AM   :::   11:21:31.0657019

::::::::::: PreSendRequestContent Request called at 8/10/2018 11:21:31 AM   :::   11:21:31.0687080

::::::::::: BeginRequest Request called at 8/10/2018 11:23:10 AM   :::   11:23:10.6652779

::::::::::: AuthenticateRequest Request called at 8/10/2018 11:23:10 AM   :::   11:23:10.6662786

::::::::::: PostAuthenticateRequest Request called at 8/10/2018 11:23:10 AM   :::   11:23:10.6692808

::::::::::: AuthorizeRequest Request called at 8/10/2018 11:23:10 AM   :::   11:23:10.6712826

::::::::::: PostAuthorizeRequest Request called at 8/10/2018 11:23:10 AM   :::   11:23:10.6732836

::::::::::: End Request called at 8/10/2018 11:23:10 AM   :::   11:23:10.6742843

::::::::::: PostResolveRequestCache Request called at 8/10/2018 11:23:10 AM   :::   11:23:10.6762885

::::::::::: AcquireRequestState Request called at 8/10/2018 11:23:10 AM   :::   11:23:10.6782868

::::::::::: PostAcquireRequestState Request called at 8/10/2018 11:23:10 AM   :::   11:23:10.6792875

::::::::::: PreRequestHandlerExecute Request called at 8/10/2018 11:23:10 AM   :::   11:23:10.6802882

::::::::::: PostRequestHandlerExecute Request called at 8/10/2018 11:23:10 AM   :::   11:23:10.6832903

::::::::::: ReleaseRequestState Request called at 8/10/2018 11:23:10 AM   :::   11:23:10.6852921

::::::::::: PostReleaseRequestState Request called at 8/10/2018 11:23:10 AM   :::   11:23:10.6882939

::::::::::: UpdateRequestCache Request called at 8/10/2018 11:23:10 AM   :::   11:23:10.6892946

::::::::::: EndRequest Request called at 8/10/2018 11:23:10 AM   :::   11:23:10.6912964

::::::::::: PreSendRequestContent Request called at 8/10/2018 11:23:10 AM   :::   11:23:10.6932978

::::::::::: PreSendRequestHeaders Request called at 8/10/2018 11:23:10 AM   :::   11:23:10.6958029

::::::::::: BeginRequest Request called at 8/10/2018 11:23:10 AM   :::   11:23:10.7058104

::::::::::: AuthenticateRequest Request called at 8/10/2018 11:23:10 AM   :::   11:23:10.7093123

::::::::::: PostAuthenticateRequest Request called at 8/10/2018 11:23:10 AM   :::   11:23:10.7113142

::::::::::: AuthorizeRequest Request called at 8/10/2018 11:23:10 AM   :::   11:23:10.7133160

::::::::::: PostAuthorizeRequest Request called at 8/10/2018 11:23:10 AM   :::   11:23:10.7153162

::::::::::: End Request called at 8/10/2018 11:23:10 AM   :::   11:23:10.7168175

::::::::::: PostResolveRequestCache Request called at 8/10/2018 11:23:10 AM   :::   11:23:10.7203202

::::::::::: AcquireRequestState Request called at 8/10/2018 11:23:10 AM   :::   11:23:10.7218210

::::::::::: PostAcquireRequestState Request called at 8/10/2018 11:23:10 AM   :::   11:23:10.7233231

::::::::::: PreRequestHandlerExecute Request called at 8/10/2018 11:23:10 AM   :::   11:23:10.7253237

::::::::::: PreSendRequestContent Request called at 8/10/2018 11:23:14 AM   :::   11:23:14.9828213

::::::::::: PreSendRequestHeaders Request called at 8/10/2018 11:23:14 AM   :::   11:23:14.9843218

::::::::::: PostRequestHandlerExecute Request called at 8/10/2018 11:23:15 AM   :::   11:23:15.0894600

::::::::::: ReleaseRequestState Request called at 8/10/2018 11:23:15 AM   :::   11:23:15.0934628

::::::::::: PostReleaseRequestState Request called at 8/10/2018 11:23:15 AM   :::   11:23:15.0989705

::::::::::: UpdateRequestCache Request called at 8/10/2018 11:23:15 AM   :::   11:23:15.1014717

::::::::::: EndRequest Request called at 8/10/2018 11:23:15 AM   :::   11:23:15.1069758

::::::::::: PreSendRequestContent Request called at 8/10/2018 11:23:15 AM   :::   11:23:15.1089776

::::::::::: BeginRequest Request called at 8/10/2018 11:23:38 AM   :::   11:23:38.8600067

::::::::::: AuthenticateRequest Request called at 8/10/2018 11:23:38 AM   :::   11:23:38.8620089

::::::::::: PostAuthenticateRequest Request called at 8/10/2018 11:23:38 AM   :::   11:23:38.8630081

::::::::::: AuthorizeRequest Request called at 8/10/2018 11:23:38 AM   :::   11:23:38.8650083

::::::::::: PostAuthorizeRequest Request called at 8/10/2018 11:23:38 AM   :::   11:23:38.8660094

::::::::::: End Request called at 8/10/2018 11:23:38 AM   :::   11:23:38.8680104

::::::::::: PostResolveRequestCache Request called at 8/10/2018 11:23:38 AM   :::   11:23:38.8700119

::::::::::: AcquireRequestState Request called at 8/10/2018 11:23:38 AM   :::   11:23:38.8710134

::::::::::: PostAcquireRequestState Request called at 8/10/2018 11:23:38 AM   :::   11:23:38.8720141

::::::::::: PreRequestHandlerExecute Request called at 8/10/2018 11:23:38 AM   :::   11:23:38.8740155

::::::::::: PreSendRequestContent Request called at 8/10/2018 11:23:50 AM   :::   11:23:50.3569612

::::::::::: PreSendRequestHeaders Request called at 8/10/2018 11:23:50 AM   :::   11:23:50.3589594

::::::::::: Error Request called at 8/10/2018 11:23:50 AM   :::   11:23:50.3679682

::::::::::: PreSendRequestContent Request called at 8/10/2018 11:23:50 AM   :::   11:23:50.6691276

::::::::::: PreSendRequestContent Request called at 8/10/2018 11:23:50 AM   :::   11:23:50.6731249

::::::::::: PreSendRequestContent Request called at 8/10/2018 11:23:50 AM   :::   11:23:50.6781285

::::::::::: PreSendRequestContent Request called at 8/10/2018 11:23:50 AM   :::   11:23:50.6841331

::::::::::: EndRequest Request called at 8/10/2018 11:23:50 AM   :::   11:23:50.6891363

::::::::::: PreSendRequestContent Request called at 8/10/2018 11:23:50 AM   :::   11:23:50.6921368

::::::::::: BeginRequest Request called at 8/10/2018 11:25:06 AM   :::   11:25:06.6198472

::::::::::: AuthenticateRequest Request called at 8/10/2018 11:25:06 AM   :::   11:25:06.6208483

::::::::::: PostAuthenticateRequest Request called at 8/10/2018 11:25:06 AM   :::   11:25:06.6253561

::::::::::: AuthorizeRequest Request called at 8/10/2018 11:25:06 AM   :::   11:25:06.6268570

::::::::::: PostAuthorizeRequest Request called at 8/10/2018 11:25:06 AM   :::   11:25:06.6283582

::::::::::: End Request called at 8/10/2018 11:25:06 AM   :::   11:25:06.6298591

::::::::::: PostResolveRequestCache Request called at 8/10/2018 11:25:06 AM   :::   11:25:06.6318601

::::::::::: AcquireRequestState Request called at 8/10/2018 11:25:06 AM   :::   11:25:06.6338619

::::::::::: PostAcquireRequestState Request called at 8/10/2018 11:25:06 AM   :::   11:25:06.6353632

::::::::::: PreRequestHandlerExecute Request called at 8/10/2018 11:25:06 AM   :::   11:25:06.6363651

::::::::::: PostRequestHandlerExecute Request called at 8/10/2018 11:25:06 AM   :::   11:25:06.6388686

::::::::::: ReleaseRequestState Request called at 8/10/2018 11:25:06 AM   :::   11:25:06.6418787

::::::::::: PostReleaseRequestState Request called at 8/10/2018 11:25:06 AM   :::   11:25:06.6428798

::::::::::: UpdateRequestCache Request called at 8/10/2018 11:25:06 AM   :::   11:25:06.6448808

::::::::::: EndRequest Request called at 8/10/2018 11:25:06 AM   :::   11:25:06.6468822

::::::::::: PreSendRequestContent Request called at 8/10/2018 11:25:06 AM   :::   11:25:06.6478829

::::::::::: PreSendRequestHeaders Request called at 8/10/2018 11:25:06 AM   :::   11:25:06.6498851

::::::::::: BeginRequest Request called at 8/10/2018 11:25:08 AM   :::   11:25:08.2652621

::::::::::: AuthenticateRequest Request called at 8/10/2018 11:25:08 AM   :::   11:25:08.2672636

::::::::::: PostAuthenticateRequest Request called at 8/10/2018 11:25:08 AM   :::   11:25:08.2692650

::::::::::: AuthorizeRequest Request called at 8/10/2018 11:25:08 AM   :::   11:25:08.2722718

::::::::::: PostAuthorizeRequest Request called at 8/10/2018 11:25:08 AM   :::   11:25:08.2752692

::::::::::: End Request called at 8/10/2018 11:25:08 AM   :::   11:25:08.2772718

::::::::::: PostResolveRequestCache Request called at 8/10/2018 11:25:08 AM   :::   11:25:08.2902894

::::::::::: AcquireRequestState Request called at 8/10/2018 11:25:08 AM   :::   11:25:08.2922817

::::::::::: PostAcquireRequestState Request called at 8/10/2018 11:25:08 AM   :::   11:25:08.2942827

::::::::::: PreRequestHandlerExecute Request called at 8/10/2018 11:25:08 AM   :::   11:25:08.2952842

::::::::::: PreSendRequestContent Request called at 8/10/2018 11:25:13 AM   :::   11:25:13.8553087

::::::::::: PreSendRequestHeaders Request called at 8/10/2018 11:25:13 AM   :::   11:25:13.8563240

::::::::::: PostRequestHandlerExecute Request called at 8/10/2018 11:25:13 AM   :::   11:25:13.8683187

::::::::::: ReleaseRequestState Request called at 8/10/2018 11:25:13 AM   :::   11:25:13.8703202

::::::::::: PostReleaseRequestState Request called at 8/10/2018 11:25:13 AM   :::   11:25:13.8713213

::::::::::: UpdateRequestCache Request called at 8/10/2018 11:25:13 AM   :::   11:25:13.8733223

::::::::::: EndRequest Request called at 8/10/2018 11:25:13 AM   :::   11:25:13.8743230

::::::::::: PreSendRequestContent Request called at 8/10/2018 11:25:13 AM   :::   11:25:13.8763248

::::::::::: BeginRequest Request called at 8/10/2018 11:31:12 AM   :::   11:31:12.2568873

::::::::::: AuthenticateRequest Request called at 8/10/2018 11:31:12 AM   :::   11:31:12.2618909

::::::::::: PostAuthenticateRequest Request called at 8/10/2018 11:31:12 AM   :::   11:31:12.2678952

::::::::::: AuthorizeRequest Request called at 8/10/2018 11:31:12 AM   :::   11:31:12.2688963

::::::::::: PostAuthorizeRequest Request called at 8/10/2018 11:31:12 AM   :::   11:31:12.2769027

::::::::::: End Request called at 8/10/2018 11:31:12 AM   :::   11:31:12.2789061

::::::::::: PostResolveRequestCache Request called at 8/10/2018 11:31:12 AM   :::   11:31:12.2839069

::::::::::: AcquireRequestState Request called at 8/10/2018 11:31:12 AM   :::   11:31:12.2959158

::::::::::: PostAcquireRequestState Request called at 8/10/2018 11:31:12 AM   :::   11:31:12.2989176

::::::::::: PreRequestHandlerExecute Request called at 8/10/2018 11:31:12 AM   :::   11:31:12.3009190

::::::::::: PostRequestHandlerExecute Request called at 8/10/2018 11:31:12 AM   :::   11:31:12.3049226

::::::::::: ReleaseRequestState Request called at 8/10/2018 11:31:12 AM   :::   11:31:12.3059230

::::::::::: PostReleaseRequestState Request called at 8/10/2018 11:31:12 AM   :::   11:31:12.3079240

::::::::::: UpdateRequestCache Request called at 8/10/2018 11:31:12 AM   :::   11:31:12.3159301

::::::::::: EndRequest Request called at 8/10/2018 11:31:12 AM   :::   11:31:12.3169304

::::::::::: PreSendRequestContent Request called at 8/10/2018 11:31:12 AM   :::   11:31:12.3189318

::::::::::: PreSendRequestHeaders Request called at 8/10/2018 11:31:12 AM   :::   11:31:12.3209332

::::::::::: BeginRequest Request called at 8/10/2018 11:31:12 AM   :::   11:31:12.3444545

::::::::::: AuthenticateRequest Request called at 8/10/2018 11:31:12 AM   :::   11:31:12.3469564

::::::::::: PostAuthenticateRequest Request called at 8/10/2018 11:31:12 AM   :::   11:31:12.3519600

::::::::::: AuthorizeRequest Request called at 8/10/2018 11:31:12 AM   :::   11:31:12.3544612

::::::::::: PostAuthorizeRequest Request called at 8/10/2018 11:31:12 AM   :::   11:31:12.3569627

::::::::::: End Request called at 8/10/2018 11:31:12 AM   :::   11:31:12.3594647

::::::::::: PostResolveRequestCache Request called at 8/10/2018 11:31:12 AM   :::   11:31:12.3614661

::::::::::: AcquireRequestState Request called at 8/10/2018 11:31:12 AM   :::   11:31:12.3659699

::::::::::: PostAcquireRequestState Request called at 8/10/2018 11:31:12 AM   :::   11:31:12.3684711

::::::::::: PreRequestHandlerExecute Request called at 8/10/2018 11:31:12 AM   :::   11:31:12.3709731

::::::::::: PreSendRequestContent Request called at 8/10/2018 11:31:19 AM   :::   11:31:19.9545922

::::::::::: PreSendRequestHeaders Request called at 8/10/2018 11:31:19 AM   :::   11:31:19.9565933

::::::::::: PostRequestHandlerExecute Request called at 8/10/2018 11:31:19 AM   :::   11:31:19.9661045

::::::::::: ReleaseRequestState Request called at 8/10/2018 11:31:19 AM   :::   11:31:19.9676058

::::::::::: PostReleaseRequestState Request called at 8/10/2018 11:31:19 AM   :::   11:31:19.9686077

::::::::::: UpdateRequestCache Request called at 8/10/2018 11:31:19 AM   :::   11:31:19.9701074

::::::::::: EndRequest Request called at 8/10/2018 11:31:19 AM   :::   11:31:19.9721088

::::::::::: PreSendRequestContent Request called at 8/10/2018 11:31:19 AM   :::   11:31:19.9736097

::::::::::: BeginRequest Request called at 8/10/2018 11:31:32 AM   :::   11:31:32.7092058

::::::::::: AuthenticateRequest Request called at 8/10/2018 11:31:32 AM   :::   11:31:32.7112068

::::::::::: PostAuthenticateRequest Request called at 8/10/2018 11:31:32 AM   :::   11:31:32.7132082

::::::::::: AuthorizeRequest Request called at 8/10/2018 11:31:32 AM   :::   11:31:32.7152100

::::::::::: PostAuthorizeRequest Request called at 8/10/2018 11:31:32 AM   :::   11:31:32.7162103

::::::::::: End Request called at 8/10/2018 11:31:32 AM   :::   11:31:32.7182118

::::::::::: PostResolveRequestCache Request called at 8/10/2018 11:31:32 AM   :::   11:31:32.7202132

::::::::::: AcquireRequestState Request called at 8/10/2018 11:31:32 AM   :::   11:31:32.7212135

::::::::::: PostAcquireRequestState Request called at 8/10/2018 11:31:32 AM   :::   11:31:32.7232153

::::::::::: PreRequestHandlerExecute Request called at 8/10/2018 11:31:32 AM   :::   11:31:32.7252167

::::::::::: PostRequestHandlerExecute Request called at 8/10/2018 11:31:32 AM   :::   11:31:32.7332244

::::::::::: ReleaseRequestState Request called at 8/10/2018 11:31:32 AM   :::   11:31:32.7422312

::::::::::: PostReleaseRequestState Request called at 8/10/2018 11:31:32 AM   :::   11:31:32.7482339

::::::::::: UpdateRequestCache Request called at 8/10/2018 11:31:32 AM   :::   11:31:32.7512388

::::::::::: EndRequest Request called at 8/10/2018 11:31:32 AM   :::   11:31:32.7542369

::::::::::: PreSendRequestContent Request called at 8/10/2018 11:31:32 AM   :::   11:31:32.7552377

::::::::::: PreSendRequestHeaders Request called at 8/10/2018 11:31:32 AM   :::   11:31:32.7562384

::::::::::: BeginRequest Request called at 8/10/2018 11:31:32 AM   :::   11:31:32.7642444

::::::::::: AuthenticateRequest Request called at 8/10/2018 11:31:32 AM   :::   11:31:32.7662455

::::::::::: PostAuthenticateRequest Request called at 8/10/2018 11:31:32 AM   :::   11:31:32.7692476

::::::::::: AuthorizeRequest Request called at 8/10/2018 11:31:32 AM   :::   11:31:32.7702483

::::::::::: PostAuthorizeRequest Request called at 8/10/2018 11:31:32 AM   :::   11:31:32.7712510

::::::::::: End Request called at 8/10/2018 11:31:32 AM   :::   11:31:32.7722493

::::::::::: PostResolveRequestCache Request called at 8/10/2018 11:31:32 AM   :::   11:31:32.7742508

::::::::::: AcquireRequestState Request called at 8/10/2018 11:31:32 AM   :::   11:31:32.7762526

::::::::::: PostAcquireRequestState Request called at 8/10/2018 11:31:32 AM   :::   11:31:32.7817602

::::::::::: PreRequestHandlerExecute Request called at 8/10/2018 11:31:32 AM   :::   11:31:32.7837617

::::::::::: PreSendRequestContent Request called at 8/10/2018 11:32:35 AM   :::   11:32:35.7791450

::::::::::: PreSendRequestHeaders Request called at 8/10/2018 11:32:35 AM   :::   11:32:35.7811456

::::::::::: Error Request called at 8/10/2018 11:32:35 AM   :::   11:32:35.7891513

::::::::::: PreSendRequestContent Request called at 8/10/2018 11:32:36 AM   :::   11:32:36.1050667

::::::::::: PreSendRequestContent Request called at 8/10/2018 11:32:36 AM   :::   11:32:36.1060489

::::::::::: PreSendRequestContent Request called at 8/10/2018 11:32:36 AM   :::   11:32:36.1070484

::::::::::: PreSendRequestContent Request called at 8/10/2018 11:32:36 AM   :::   11:32:36.1090498

::::::::::: EndRequest Request called at 8/10/2018 11:32:36 AM   :::   11:32:36.1100683

::::::::::: PreSendRequestContent Request called at 8/10/2018 11:32:36 AM   :::   11:32:36.1110516

::::::::::: BeginRequest Request called at 8/10/2018 11:32:40 AM   :::   11:32:40.9711357

::::::::::: AuthenticateRequest Request called at 8/10/2018 11:32:40 AM   :::   11:32:40.9731371

::::::::::: PostAuthenticateRequest Request called at 8/10/2018 11:32:40 AM   :::   11:32:40.9741375

::::::::::: AuthorizeRequest Request called at 8/10/2018 11:32:40 AM   :::   11:32:40.9761385

::::::::::: PostAuthorizeRequest Request called at 8/10/2018 11:32:40 AM   :::   11:32:40.9781399

::::::::::: End Request called at 8/10/2018 11:32:40 AM   :::   11:32:40.9801445

::::::::::: PostResolveRequestCache Request called at 8/10/2018 11:32:40 AM   :::   11:32:40.9831439

::::::::::: AcquireRequestState Request called at 8/10/2018 11:32:40 AM   :::   11:32:40.9841442

::::::::::: PostAcquireRequestState Request called at 8/10/2018 11:32:40 AM   :::   11:32:40.9861582

::::::::::: PreRequestHandlerExecute Request called at 8/10/2018 11:32:40 AM   :::   11:32:40.9881470

::::::::::: PreSendRequestContent Request called at 8/10/2018 11:32:47 AM   :::   11:32:47.4918242

::::::::::: PreSendRequestHeaders Request called at 8/10/2018 11:32:47 AM   :::   11:32:47.4948295

::::::::::: Error Request called at 8/10/2018 11:32:47 AM   :::   11:32:47.5008314

::::::::::: PreSendRequestContent Request called at 8/10/2018 11:32:47 AM   :::   11:32:47.7909952

::::::::::: PreSendRequestContent Request called at 8/10/2018 11:32:47 AM   :::   11:32:47.7959987

::::::::::: PreSendRequestContent Request called at 8/10/2018 11:32:47 AM   :::   11:32:47.8000016

::::::::::: PreSendRequestContent Request called at 8/10/2018 11:32:47 AM   :::   11:32:47.8040048

::::::::::: EndRequest Request called at 8/10/2018 11:32:47 AM   :::   11:32:47.8100095

::::::::::: PreSendRequestContent Request called at 8/10/2018 11:32:47 AM   :::   11:32:47.8130369

::::::::::: BeginRequest Request called at 8/10/2018 11:33:26 AM   :::   11:33:26.0101623

::::::::::: AuthenticateRequest Request called at 8/10/2018 11:33:26 AM   :::   11:33:26.0121633

::::::::::: PostAuthenticateRequest Request called at 8/10/2018 11:33:26 AM   :::   11:33:26.0136689

::::::::::: AuthorizeRequest Request called at 8/10/2018 11:33:26 AM   :::   11:33:26.0151698

::::::::::: PostAuthorizeRequest Request called at 8/10/2018 11:33:26 AM   :::   11:33:26.0166702

::::::::::: End Request called at 8/10/2018 11:33:26 AM   :::   11:33:26.0181719

::::::::::: PostResolveRequestCache Request called at 8/10/2018 11:33:26 AM   :::   11:33:26.0196728

::::::::::: AcquireRequestState Request called at 8/10/2018 11:33:26 AM   :::   11:33:26.0211736

::::::::::: PostAcquireRequestState Request called at 8/10/2018 11:33:26 AM   :::   11:33:26.0221743

::::::::::: PreRequestHandlerExecute Request called at 8/10/2018 11:33:26 AM   :::   11:33:26.0236756

::::::::::: PreSendRequestContent Request called at 8/10/2018 11:33:39 AM   :::   11:33:39.1797971

::::::::::: PreSendRequestHeaders Request called at 8/10/2018 11:33:39 AM   :::   11:33:39.1827996

::::::::::: Error Request called at 8/10/2018 11:33:39 AM   :::   11:33:39.1918072

::::::::::: PreSendRequestContent Request called at 8/10/2018 11:33:39 AM   :::   11:33:39.4932564

::::::::::: PreSendRequestContent Request called at 8/10/2018 11:33:39 AM   :::   11:33:39.4972580

::::::::::: PreSendRequestContent Request called at 8/10/2018 11:33:39 AM   :::   11:33:39.5012549

::::::::::: PreSendRequestContent Request called at 8/10/2018 11:33:39 AM   :::   11:33:39.5072600

::::::::::: EndRequest Request called at 8/10/2018 11:33:39 AM   :::   11:33:39.5142646

::::::::::: PreSendRequestContent Request called at 8/10/2018 11:33:39 AM   :::   11:33:39.5202692

::::::::::: BeginRequest Request called at 8/10/2018 11:34:47 AM   :::   11:34:47.1439357

::::::::::: AuthenticateRequest Request called at 8/10/2018 11:34:47 AM   :::   11:34:47.1459364

::::::::::: PostAuthenticateRequest Request called at 8/10/2018 11:34:47 AM   :::   11:34:47.1469387

::::::::::: AuthorizeRequest Request called at 8/10/2018 11:34:47 AM   :::   11:34:47.1499396

::::::::::: PostAuthorizeRequest Request called at 8/10/2018 11:34:47 AM   :::   11:34:47.1509419

::::::::::: End Request called at 8/10/2018 11:34:47 AM   :::   11:34:47.1519430

::::::::::: PostResolveRequestCache Request called at 8/10/2018 11:34:47 AM   :::   11:34:47.1569446

::::::::::: AcquireRequestState Request called at 8/10/2018 11:34:47 AM   :::   11:34:47.1579453

::::::::::: PostAcquireRequestState Request called at 8/10/2018 11:34:47 AM   :::   11:34:47.1589468

::::::::::: PreRequestHandlerExecute Request called at 8/10/2018 11:34:47 AM   :::   11:34:47.1599463

::::::::::: PostRequestHandlerExecute Request called at 8/10/2018 11:34:47 AM   :::   11:34:47.1619477

::::::::::: ReleaseRequestState Request called at 8/10/2018 11:34:47 AM   :::   11:34:47.1629508

::::::::::: PostReleaseRequestState Request called at 8/10/2018 11:34:47 AM   :::   11:34:47.1649499

::::::::::: UpdateRequestCache Request called at 8/10/2018 11:34:47 AM   :::   11:34:47.1659510

::::::::::: EndRequest Request called at 8/10/2018 11:34:47 AM   :::   11:34:47.1669529

::::::::::: PreSendRequestContent Request called at 8/10/2018 11:34:47 AM   :::   11:34:47.1679524

::::::::::: PreSendRequestHeaders Request called at 8/10/2018 11:34:47 AM   :::   11:34:47.1699538

::::::::::: BeginRequest Request called at 8/10/2018 11:34:48 AM   :::   11:34:48.5886661

::::::::::: AuthenticateRequest Request called at 8/10/2018 11:34:48 AM   :::   11:34:48.5896664

::::::::::: PostAuthenticateRequest Request called at 8/10/2018 11:34:48 AM   :::   11:34:48.5916675

::::::::::: AuthorizeRequest Request called at 8/10/2018 11:34:48 AM   :::   11:34:48.5936697

::::::::::: PostAuthorizeRequest Request called at 8/10/2018 11:34:48 AM   :::   11:34:48.5946700

::::::::::: End Request called at 8/10/2018 11:34:48 AM   :::   11:34:48.5966718

::::::::::: PostResolveRequestCache Request called at 8/10/2018 11:34:48 AM   :::   11:34:48.6066789

::::::::::: AcquireRequestState Request called at 8/10/2018 11:34:48 AM   :::   11:34:48.6096807

::::::::::: PostAcquireRequestState Request called at 8/10/2018 11:34:48 AM   :::   11:34:48.6116840

::::::::::: PreRequestHandlerExecute Request called at 8/10/2018 11:34:48 AM   :::   11:34:48.6126828

::::::::::: PreSendRequestContent Request called at 8/10/2018 11:34:52 AM   :::   11:34:52.5984814

::::::::::: PreSendRequestHeaders Request called at 8/10/2018 11:34:52 AM   :::   11:34:52.5994679

::::::::::: PostRequestHandlerExecute Request called at 8/10/2018 11:34:52 AM   :::   11:34:52.6084751

::::::::::: ReleaseRequestState Request called at 8/10/2018 11:34:52 AM   :::   11:34:52.6094766

::::::::::: PostReleaseRequestState Request called at 8/10/2018 11:34:52 AM   :::   11:34:52.6104761

::::::::::: UpdateRequestCache Request called at 8/10/2018 11:34:52 AM   :::   11:34:52.6124775

::::::::::: EndRequest Request called at 8/10/2018 11:34:52 AM   :::   11:34:52.6134782

::::::::::: PreSendRequestContent Request called at 8/10/2018 11:34:52 AM   :::   11:34:52.6144789

::::::::::: BeginRequest Request called at 8/10/2018 11:35:18 AM   :::   11:35:18.0656845

::::::::::: AuthenticateRequest Request called at 8/10/2018 11:35:18 AM   :::   11:35:18.0676871

::::::::::: PostAuthenticateRequest Request called at 8/10/2018 11:35:18 AM   :::   11:35:18.0686867

::::::::::: AuthorizeRequest Request called at 8/10/2018 11:35:18 AM   :::   11:35:18.0706881

::::::::::: PostAuthorizeRequest Request called at 8/10/2018 11:35:18 AM   :::   11:35:18.0716904

::::::::::: End Request called at 8/10/2018 11:35:18 AM   :::   11:35:18.0736898

::::::::::: PostResolveRequestCache Request called at 8/10/2018 11:35:18 AM   :::   11:35:18.0756944

::::::::::: AcquireRequestState Request called at 8/10/2018 11:35:18 AM   :::   11:35:18.0786938

::::::::::: PostAcquireRequestState Request called at 8/10/2018 11:35:18 AM   :::   11:35:18.0806948

::::::::::: PreRequestHandlerExecute Request called at 8/10/2018 11:35:18 AM   :::   11:35:18.0826966

::::::::::: PreSendRequestContent Request called at 8/10/2018 11:35:31 AM   :::   11:35:31.4874053

::::::::::: PreSendRequestHeaders Request called at 8/10/2018 11:35:31 AM   :::   11:35:31.4904074

::::::::::: Error Request called at 8/10/2018 11:35:31 AM   :::   11:35:31.4984131

::::::::::: PreSendRequestContent Request called at 8/10/2018 11:35:31 AM   :::   11:35:31.8019398

::::::::::: PreSendRequestContent Request called at 8/10/2018 11:35:31 AM   :::   11:35:31.8069446

::::::::::: PreSendRequestContent Request called at 8/10/2018 11:35:31 AM   :::   11:35:31.8129492

::::::::::: PreSendRequestContent Request called at 8/10/2018 11:35:31 AM   :::   11:35:31.8189606

::::::::::: EndRequest Request called at 8/10/2018 11:35:31 AM   :::   11:35:31.8229639

::::::::::: PreSendRequestContent Request called at 8/10/2018 11:35:31 AM   :::   11:35:31.8264673

