::::::::::: BeginRequest Request called at 8/3/2018 12:05:19 AM   :::   00:05:19.5888242

::::::::::: AuthenticateRequest Request called at 8/3/2018 12:05:19 AM   :::   00:05:19.6008323

::::::::::: PostAuthenticateRequest Request called at 8/3/2018 12:05:19 AM   :::   00:05:19.6113404

::::::::::: AuthorizeRequest Request called at 8/3/2018 12:05:19 AM   :::   00:05:19.6193461

::::::::::: PostAuthorizeRequest Request called at 8/3/2018 12:05:19 AM   :::   00:05:19.6258505

::::::::::: End Request called at 8/3/2018 12:05:19 AM   :::   00:05:19.6338566

::::::::::: PostResolveRequestCache Request called at 8/3/2018 12:05:19 AM   :::   00:05:19.7649499

::::::::::: AcquireRequestState Request called at 8/3/2018 12:05:19 AM   :::   00:05:19.7974729

::::::::::: PostAcquireRequestState Request called at 8/3/2018 12:05:19 AM   :::   00:05:19.8089809

::::::::::: PreRequestHandlerExecute Request called at 8/3/2018 12:05:19 AM   :::   00:05:19.8159862

::::::::::: BeginRequest Request called at 8/3/2018 12:05:22 AM   :::   00:05:22.0670896

::::::::::: AuthenticateRequest Request called at 8/3/2018 12:05:22 AM   :::   00:05:22.0755943

::::::::::: PostAuthenticateRequest Request called at 8/3/2018 12:05:22 AM   :::   00:05:22.0830994

::::::::::: AuthorizeRequest Request called at 8/3/2018 12:05:22 AM   :::   00:05:22.0911051

::::::::::: PostAuthorizeRequest Request called at 8/3/2018 12:05:22 AM   :::   00:05:22.1001115

::::::::::: End Request called at 8/3/2018 12:05:22 AM   :::   00:05:22.1081172

::::::::::: PostResolveRequestCache Request called at 8/3/2018 12:05:22 AM   :::   00:05:22.1196256

::::::::::: AcquireRequestState Request called at 8/3/2018 12:05:22 AM   :::   00:05:22.1281314

::::::::::: PostAcquireRequestState Request called at 8/3/2018 12:05:22 AM   :::   00:05:22.1371386

::::::::::: PreRequestHandlerExecute Request called at 8/3/2018 12:05:22 AM   :::   00:05:22.1446434

::::::::::: PostRequestHandlerExecute Request called at 8/3/2018 12:05:23 AM   :::   00:05:23.0881799

::::::::::: ReleaseRequestState Request called at 8/3/2018 12:05:23 AM   :::   00:05:23.0921840

::::::::::: PostReleaseRequestState Request called at 8/3/2018 12:05:23 AM   :::   00:05:23.1011876

::::::::::: UpdateRequestCache Request called at 8/3/2018 12:05:23 AM   :::   00:05:23.1562035

::::::::::: EndRequest Request called at 8/3/2018 12:05:23 AM   :::   00:05:23.1642045

::::::::::: PreSendRequestContent Request called at 8/3/2018 12:05:23 AM   :::   00:05:23.1802072

::::::::::: PreSendRequestHeaders Request called at 8/3/2018 12:05:23 AM   :::   00:05:23.1882069

::::::::::: PreSendRequestContent Request called at 8/3/2018 12:05:37 AM   :::   00:05:37.4650513

::::::::::: PreSendRequestHeaders Request called at 8/3/2018 12:05:37 AM   :::   00:05:37.4730507

::::::::::: PostRequestHandlerExecute Request called at 8/3/2018 12:05:37 AM   :::   00:05:37.5015589

::::::::::: ReleaseRequestState Request called at 8/3/2018 12:05:37 AM   :::   00:05:37.5105649

::::::::::: PostReleaseRequestState Request called at 8/3/2018 12:05:37 AM   :::   00:05:37.5170690

::::::::::: UpdateRequestCache Request called at 8/3/2018 12:05:37 AM   :::   00:05:37.5250735

::::::::::: EndRequest Request called at 8/3/2018 12:05:37 AM   :::   00:05:37.5410754

::::::::::: PreSendRequestContent Request called at 8/3/2018 12:05:37 AM   :::   00:05:37.5530761

::::::::::: BeginRequest Request called at 8/3/2018 12:05:37 AM   :::   00:05:37.8497152

::::::::::: AuthenticateRequest Request called at 8/3/2018 12:05:37 AM   :::   00:05:37.8592229

::::::::::: PostAuthenticateRequest Request called at 8/3/2018 12:05:37 AM   :::   00:05:37.8702304

::::::::::: AuthorizeRequest Request called at 8/3/2018 12:05:37 AM   :::   00:05:37.8807380

::::::::::: PostAuthorizeRequest Request called at 8/3/2018 12:05:37 AM   :::   00:05:37.8927462

::::::::::: End Request called at 8/3/2018 12:05:37 AM   :::   00:05:37.9042542

::::::::::: PostResolveRequestCache Request called at 8/3/2018 12:05:37 AM   :::   00:05:37.9137615

::::::::::: AcquireRequestState Request called at 8/3/2018 12:05:37 AM   :::   00:05:37.9232689

::::::::::: PostAcquireRequestState Request called at 8/3/2018 12:05:37 AM   :::   00:05:37.9342775

::::::::::: PreRequestHandlerExecute Request called at 8/3/2018 12:05:37 AM   :::   00:05:37.9437821

::::::::::: PreSendRequestContent Request called at 8/3/2018 12:05:48 AM   :::   00:05:48.5026836

::::::::::: PreSendRequestHeaders Request called at 8/3/2018 12:05:48 AM   :::   00:05:48.5217062

::::::::::: PostRequestHandlerExecute Request called at 8/3/2018 12:05:48 AM   :::   00:05:48.5387183

::::::::::: ReleaseRequestState Request called at 8/3/2018 12:05:48 AM   :::   00:05:48.5507154

::::::::::: PostReleaseRequestState Request called at 8/3/2018 12:05:48 AM   :::   00:05:48.5587156

::::::::::: UpdateRequestCache Request called at 8/3/2018 12:05:48 AM   :::   00:05:48.5667173

::::::::::: EndRequest Request called at 8/3/2018 12:05:48 AM   :::   00:05:48.5747175

::::::::::: PreSendRequestContent Request called at 8/3/2018 12:05:48 AM   :::   00:05:48.5827181

::::::::::: BeginRequest Request called at 8/3/2018 12:07:18 AM   :::   00:07:18.1902545

::::::::::: AuthenticateRequest Request called at 8/3/2018 12:07:18 AM   :::   00:07:18.2037667

::::::::::: PostAuthenticateRequest Request called at 8/3/2018 12:07:18 AM   :::   00:07:18.2142768

::::::::::: AuthorizeRequest Request called at 8/3/2018 12:07:18 AM   :::   00:07:18.2382781

::::::::::: PostAuthorizeRequest Request called at 8/3/2018 12:07:18 AM   :::   00:07:18.2502795

::::::::::: End Request called at 8/3/2018 12:07:18 AM   :::   00:07:18.2662806

::::::::::: PostResolveRequestCache Request called at 8/3/2018 12:07:18 AM   :::   00:07:18.2782817

::::::::::: AcquireRequestState Request called at 8/3/2018 12:07:18 AM   :::   00:07:18.2952887

::::::::::: PostAcquireRequestState Request called at 8/3/2018 12:07:18 AM   :::   00:07:18.3082971

::::::::::: PreRequestHandlerExecute Request called at 8/3/2018 12:07:18 AM   :::   00:07:18.3208058

::::::::::: PostRequestHandlerExecute Request called at 8/3/2018 12:07:18 AM   :::   00:07:18.3523320

::::::::::: ReleaseRequestState Request called at 8/3/2018 12:07:18 AM   :::   00:07:18.3638372

::::::::::: PostReleaseRequestState Request called at 8/3/2018 12:07:18 AM   :::   00:07:18.3793473

::::::::::: UpdateRequestCache Request called at 8/3/2018 12:07:18 AM   :::   00:07:18.3918564

::::::::::: EndRequest Request called at 8/3/2018 12:07:18 AM   :::   00:07:18.4048661

::::::::::: PreSendRequestContent Request called at 8/3/2018 12:07:18 AM   :::   00:07:18.4153733

::::::::::: PreSendRequestHeaders Request called at 8/3/2018 12:07:18 AM   :::   00:07:18.4248799

::::::::::: BeginRequest Request called at 8/3/2018 12:07:19 AM   :::   00:07:19.7246202

::::::::::: AuthenticateRequest Request called at 8/3/2018 12:07:19 AM   :::   00:07:19.7406107

::::::::::: PostAuthenticateRequest Request called at 8/3/2018 12:07:19 AM   :::   00:07:19.7501204

::::::::::: AuthorizeRequest Request called at 8/3/2018 12:07:19 AM   :::   00:07:19.7601275

::::::::::: PostAuthorizeRequest Request called at 8/3/2018 12:07:19 AM   :::   00:07:19.7763304

::::::::::: End Request called at 8/3/2018 12:07:19 AM   :::   00:07:19.7883314

::::::::::: PostResolveRequestCache Request called at 8/3/2018 12:07:19 AM   :::   00:07:19.7963316

::::::::::: AcquireRequestState Request called at 8/3/2018 12:07:19 AM   :::   00:07:19.8083327

::::::::::: PostAcquireRequestState Request called at 8/3/2018 12:07:19 AM   :::   00:07:19.8203341

::::::::::: PreRequestHandlerExecute Request called at 8/3/2018 12:07:19 AM   :::   00:07:19.8323332

::::::::::: PreSendRequestContent Request called at 8/3/2018 12:07:24 AM   :::   00:07:24.2124447

::::::::::: PreSendRequestHeaders Request called at 8/3/2018 12:07:24 AM   :::   00:07:24.2244264

::::::::::: PostRequestHandlerExecute Request called at 8/3/2018 12:07:24 AM   :::   00:07:24.2549440

::::::::::: ReleaseRequestState Request called at 8/3/2018 12:07:24 AM   :::   00:07:24.2709510

::::::::::: PostReleaseRequestState Request called at 8/3/2018 12:07:24 AM   :::   00:07:24.2829572

::::::::::: UpdateRequestCache Request called at 8/3/2018 12:07:24 AM   :::   00:07:24.2949571

::::::::::: EndRequest Request called at 8/3/2018 12:07:24 AM   :::   00:07:24.3069534

::::::::::: PreSendRequestContent Request called at 8/3/2018 12:07:24 AM   :::   00:07:24.3149535

::::::::::: BeginRequest Request called at 8/3/2018 12:07:41 AM   :::   00:07:41.1242960

::::::::::: AuthenticateRequest Request called at 8/3/2018 12:07:41 AM   :::   00:07:41.1322843

::::::::::: PostAuthenticateRequest Request called at 8/3/2018 12:07:41 AM   :::   00:07:41.1442846

::::::::::: AuthorizeRequest Request called at 8/3/2018 12:07:41 AM   :::   00:07:41.1627956

::::::::::: PostAuthorizeRequest Request called at 8/3/2018 12:07:41 AM   :::   00:07:41.1718012

::::::::::: End Request called at 8/3/2018 12:07:41 AM   :::   00:07:41.1799269

::::::::::: PostResolveRequestCache Request called at 8/3/2018 12:07:41 AM   :::   00:07:41.1919267

::::::::::: AcquireRequestState Request called at 8/3/2018 12:07:41 AM   :::   00:07:41.2039286

::::::::::: PostAcquireRequestState Request called at 8/3/2018 12:07:41 AM   :::   00:07:41.2199301

::::::::::: PreRequestHandlerExecute Request called at 8/3/2018 12:07:41 AM   :::   00:07:41.2279295

::::::::::: PostRequestHandlerExecute Request called at 8/3/2018 12:07:41 AM   :::   00:07:41.2399333

::::::::::: ReleaseRequestState Request called at 8/3/2018 12:07:41 AM   :::   00:07:41.2479354

::::::::::: PostReleaseRequestState Request called at 8/3/2018 12:07:41 AM   :::   00:07:41.2644403

::::::::::: UpdateRequestCache Request called at 8/3/2018 12:07:41 AM   :::   00:07:41.2724456

::::::::::: EndRequest Request called at 8/3/2018 12:07:41 AM   :::   00:07:41.2804540

::::::::::: PreSendRequestContent Request called at 8/3/2018 12:07:41 AM   :::   00:07:41.2884499

::::::::::: PreSendRequestHeaders Request called at 8/3/2018 12:07:41 AM   :::   00:07:41.3004509

::::::::::: BeginRequest Request called at 8/3/2018 12:07:41 AM   :::   00:07:41.3124516

::::::::::: AuthenticateRequest Request called at 8/3/2018 12:07:41 AM   :::   00:07:41.3244538

::::::::::: PostAuthenticateRequest Request called at 8/3/2018 12:07:41 AM   :::   00:07:41.3364537

::::::::::: AuthorizeRequest Request called at 8/3/2018 12:07:41 AM   :::   00:07:41.3444550

::::::::::: PostAuthorizeRequest Request called at 8/3/2018 12:07:41 AM   :::   00:07:41.3574607

::::::::::: End Request called at 8/3/2018 12:07:41 AM   :::   00:07:41.3684686

::::::::::: PostResolveRequestCache Request called at 8/3/2018 12:07:41 AM   :::   00:07:41.3764746

::::::::::: AcquireRequestState Request called at 8/3/2018 12:07:41 AM   :::   00:07:41.3884808

::::::::::: PostAcquireRequestState Request called at 8/3/2018 12:07:41 AM   :::   00:07:41.4004803

::::::::::: PreRequestHandlerExecute Request called at 8/3/2018 12:07:41 AM   :::   00:07:41.4124778

::::::::::: PreSendRequestContent Request called at 8/3/2018 12:07:57 AM   :::   00:07:57.8450590

::::::::::: PreSendRequestHeaders Request called at 8/3/2018 12:07:57 AM   :::   00:07:57.8610404

::::::::::: Error Request called at 8/3/2018 12:07:57 AM   :::   00:07:57.8810428

::::::::::: PreSendRequestContent Request called at 8/3/2018 12:07:58 AM   :::   00:07:58.7984325

::::::::::: PreSendRequestContent Request called at 8/3/2018 12:07:58 AM   :::   00:07:58.8224618

::::::::::: PreSendRequestContent Request called at 8/3/2018 12:07:58 AM   :::   00:07:58.8464363

::::::::::: PreSendRequestContent Request called at 8/3/2018 12:07:58 AM   :::   00:07:58.8624366

::::::::::: EndRequest Request called at 8/3/2018 12:07:58 AM   :::   00:07:58.8784587

::::::::::: PreSendRequestContent Request called at 8/3/2018 12:07:58 AM   :::   00:07:58.8969531

::::::::::: BeginRequest Request called at 8/3/2018 12:08:08 AM   :::   00:08:08.0356262

::::::::::: AuthenticateRequest Request called at 8/3/2018 12:08:08 AM   :::   00:08:08.0436295

::::::::::: PostAuthenticateRequest Request called at 8/3/2018 12:08:08 AM   :::   00:08:08.0556329

::::::::::: AuthorizeRequest Request called at 8/3/2018 12:08:08 AM   :::   00:08:08.0676494

::::::::::: PostAuthorizeRequest Request called at 8/3/2018 12:08:08 AM   :::   00:08:08.0756329

::::::::::: End Request called at 8/3/2018 12:08:08 AM   :::   00:08:08.0836311

::::::::::: PostResolveRequestCache Request called at 8/3/2018 12:08:08 AM   :::   00:08:08.0961493

::::::::::: AcquireRequestState Request called at 8/3/2018 12:08:08 AM   :::   00:08:08.1051573

::::::::::: PostAcquireRequestState Request called at 8/3/2018 12:08:08 AM   :::   00:08:08.1156906

::::::::::: PreRequestHandlerExecute Request called at 8/3/2018 12:08:08 AM   :::   00:08:08.1236707

::::::::::: PreSendRequestContent Request called at 8/3/2018 12:08:14 AM   :::   00:08:14.3532222

::::::::::: PreSendRequestHeaders Request called at 8/3/2018 12:08:14 AM   :::   00:08:14.3652248

::::::::::: Error Request called at 8/3/2018 12:08:14 AM   :::   00:08:14.3772231

::::::::::: PreSendRequestContent Request called at 8/3/2018 12:08:14 AM   :::   00:08:14.7769431

::::::::::: PreSendRequestContent Request called at 8/3/2018 12:08:14 AM   :::   00:08:14.8009716

::::::::::: PreSendRequestContent Request called at 8/3/2018 12:08:14 AM   :::   00:08:14.8214667

::::::::::: PreSendRequestContent Request called at 8/3/2018 12:08:14 AM   :::   00:08:14.8414691

::::::::::: EndRequest Request called at 8/3/2018 12:08:14 AM   :::   00:08:14.8614703

::::::::::: PreSendRequestContent Request called at 8/3/2018 12:08:14 AM   :::   00:08:14.8814727

::::::::::: BeginRequest Request called at 8/3/2018 12:09:52 AM   :::   00:09:52.5231036

::::::::::: AuthenticateRequest Request called at 8/3/2018 12:09:52 AM   :::   00:09:52.5351043

::::::::::: PostAuthenticateRequest Request called at 8/3/2018 12:09:52 AM   :::   00:09:52.5541123

::::::::::: AuthorizeRequest Request called at 8/3/2018 12:09:52 AM   :::   00:09:52.5661193

::::::::::: PostAuthorizeRequest Request called at 8/3/2018 12:09:52 AM   :::   00:09:52.5751430

::::::::::: End Request called at 8/3/2018 12:09:52 AM   :::   00:09:52.5831436

::::::::::: PostResolveRequestCache Request called at 8/3/2018 12:09:52 AM   :::   00:09:52.5951431

::::::::::: AcquireRequestState Request called at 8/3/2018 12:09:52 AM   :::   00:09:52.6031444

::::::::::: PostAcquireRequestState Request called at 8/3/2018 12:09:52 AM   :::   00:09:52.6111434

::::::::::: PreRequestHandlerExecute Request called at 8/3/2018 12:09:52 AM   :::   00:09:52.6191452

::::::::::: PreSendRequestContent Request called at 8/3/2018 12:10:02 AM   :::   00:10:02.7309754

::::::::::: PreSendRequestHeaders Request called at 8/3/2018 12:10:02 AM   :::   00:10:02.7549811

::::::::::: Error Request called at 8/3/2018 12:10:02 AM   :::   00:10:02.7799977

::::::::::: PreSendRequestContent Request called at 8/3/2018 12:10:03 AM   :::   00:10:03.6750864

::::::::::: PreSendRequestContent Request called at 8/3/2018 12:10:03 AM   :::   00:10:03.6961076

::::::::::: PreSendRequestContent Request called at 8/3/2018 12:10:03 AM   :::   00:10:03.7161065

::::::::::: PreSendRequestContent Request called at 8/3/2018 12:10:03 AM   :::   00:10:03.7361018

::::::::::: EndRequest Request called at 8/3/2018 12:10:03 AM   :::   00:10:03.7481048

::::::::::: PreSendRequestContent Request called at 8/3/2018 12:10:03 AM   :::   00:10:03.7601027

::::::::::: BeginRequest Request called at 8/3/2018 12:11:35 AM   :::   00:11:35.9969474

::::::::::: AuthenticateRequest Request called at 8/3/2018 12:11:36 AM   :::   00:11:36.0089504

::::::::::: PostAuthenticateRequest Request called at 8/3/2018 12:11:36 AM   :::   00:11:36.0209696

::::::::::: AuthorizeRequest Request called at 8/3/2018 12:11:36 AM   :::   00:11:36.0289690

::::::::::: PostAuthorizeRequest Request called at 8/3/2018 12:11:36 AM   :::   00:11:36.0369506

::::::::::: End Request called at 8/3/2018 12:11:36 AM   :::   00:11:36.0469593

::::::::::: BeginRequest Request called at 8/3/2018 12:11:36 AM   :::   00:11:36.0690121

::::::::::: AuthenticateRequest Request called at 8/3/2018 12:11:36 AM   :::   00:11:36.0769933

::::::::::: PostAuthenticateRequest Request called at 8/3/2018 12:11:36 AM   :::   00:11:36.0849931

::::::::::: AuthorizeRequest Request called at 8/3/2018 12:11:36 AM   :::   00:11:36.0930138

::::::::::: PostAuthorizeRequest Request called at 8/3/2018 12:11:36 AM   :::   00:11:36.1009934

::::::::::: End Request called at 8/3/2018 12:11:36 AM   :::   00:11:36.1049935

::::::::::: PostResolveRequestCache Request called at 8/3/2018 12:11:36 AM   :::   00:11:36.1170139

::::::::::: PostResolveRequestCache Request called at 8/3/2018 12:11:36 AM   :::   00:11:36.1249986

::::::::::: AcquireRequestState Request called at 8/3/2018 12:11:36 AM   :::   00:11:36.1485551

::::::::::: PreRequestHandlerExecute Request called at 8/3/2018 12:11:36 AM   :::   00:11:36.1560373

::::::::::: PostRequestHandlerExecute Request called at 8/3/2018 12:11:38 AM   :::   00:11:38.1698262

::::::::::: ReleaseRequestState Request called at 8/3/2018 12:11:38 AM   :::   00:11:38.1738472

::::::::::: PostReleaseRequestState Request called at 8/3/2018 12:11:38 AM   :::   00:11:38.1858297

::::::::::: UpdateRequestCache Request called at 8/3/2018 12:11:38 AM   :::   00:11:38.2338307

::::::::::: EndRequest Request called at 8/3/2018 12:11:38 AM   :::   00:11:38.2378513

::::::::::: PreSendRequestContent Request called at 8/3/2018 12:11:38 AM   :::   00:11:38.2523611

::::::::::: PreSendRequestHeaders Request called at 8/3/2018 12:11:38 AM   :::   00:11:38.2593167

::::::::::: PreSendRequestContent Request called at 8/3/2018 12:12:22 AM   :::   00:12:22.3573498

::::::::::: PreSendRequestHeaders Request called at 8/3/2018 12:12:22 AM   :::   00:12:22.3693647

::::::::::: Error Request called at 8/3/2018 12:12:22 AM   :::   00:12:22.3893493

::::::::::: PreSendRequestContent Request called at 8/3/2018 12:12:34 AM   :::   00:12:34.5156625

::::::::::: PreSendRequestContent Request called at 8/3/2018 12:12:34 AM   :::   00:12:34.5436646

::::::::::: PreSendRequestContent Request called at 8/3/2018 12:12:34 AM   :::   00:12:34.5756732

::::::::::: PreSendRequestContent Request called at 8/3/2018 12:12:34 AM   :::   00:12:34.6061789

::::::::::: EndRequest Request called at 8/3/2018 12:12:34 AM   :::   00:12:34.6201936

::::::::::: PreSendRequestContent Request called at 8/3/2018 12:12:34 AM   :::   00:12:34.6361928

::::::::::: BeginRequest Request called at 8/3/2018 12:12:59 AM   :::   00:12:59.4621838

::::::::::: AuthenticateRequest Request called at 8/3/2018 12:12:59 AM   :::   00:12:59.4741836

::::::::::: PostAuthenticateRequest Request called at 8/3/2018 12:12:59 AM   :::   00:12:59.4861839

::::::::::: AuthorizeRequest Request called at 8/3/2018 12:12:59 AM   :::   00:12:59.5021850

::::::::::: PostAuthorizeRequest Request called at 8/3/2018 12:12:59 AM   :::   00:12:59.5101883

::::::::::: End Request called at 8/3/2018 12:12:59 AM   :::   00:12:59.5181869

::::::::::: PostResolveRequestCache Request called at 8/3/2018 12:12:59 AM   :::   00:12:59.5301888

::::::::::: AcquireRequestState Request called at 8/3/2018 12:12:59 AM   :::   00:12:59.5437096

::::::::::: PostAcquireRequestState Request called at 8/3/2018 12:12:59 AM   :::   00:12:59.5507150

::::::::::: PreRequestHandlerExecute Request called at 8/3/2018 12:12:59 AM   :::   00:12:59.5627180

::::::::::: BeginRequest Request called at 8/3/2018 12:13:46 AM   :::   00:13:46.1412824

::::::::::: AuthenticateRequest Request called at 8/3/2018 12:13:46 AM   :::   00:13:46.1572863

::::::::::: PostAuthenticateRequest Request called at 8/3/2018 12:13:46 AM   :::   00:13:46.1732847

::::::::::: AuthorizeRequest Request called at 8/3/2018 12:13:46 AM   :::   00:13:46.1892862

::::::::::: PostAuthorizeRequest Request called at 8/3/2018 12:13:46 AM   :::   00:13:46.2173144

::::::::::: End Request called at 8/3/2018 12:13:46 AM   :::   00:13:46.2333152

::::::::::: PostResolveRequestCache Request called at 8/3/2018 12:13:46 AM   :::   00:13:46.2493163

::::::::::: AcquireRequestState Request called at 8/3/2018 12:13:46 AM   :::   00:13:46.2653178

::::::::::: PostAcquireRequestState Request called at 8/3/2018 12:13:46 AM   :::   00:13:46.2853187

::::::::::: PreRequestHandlerExecute Request called at 8/3/2018 12:13:46 AM   :::   00:13:46.3048319

::::::::::: PreSendRequestContent Request called at 8/3/2018 12:13:48 AM   :::   00:13:48.1227244

::::::::::: PreSendRequestHeaders Request called at 8/3/2018 12:13:48 AM   :::   00:13:48.1427407

::::::::::: Error Request called at 8/3/2018 12:13:48 AM   :::   00:13:48.1667230

::::::::::: PreSendRequestContent Request called at 8/3/2018 12:13:50 AM   :::   00:13:50.0852887

::::::::::: PreSendRequestContent Request called at 8/3/2018 12:13:50 AM   :::   00:13:50.1138049

::::::::::: PreSendRequestContent Request called at 8/3/2018 12:13:50 AM   :::   00:13:50.1293149

::::::::::: PreSendRequestContent Request called at 8/3/2018 12:13:50 AM   :::   00:13:50.1413172

::::::::::: EndRequest Request called at 8/3/2018 12:13:50 AM   :::   00:13:50.1533190

::::::::::: PreSendRequestContent Request called at 8/3/2018 12:13:50 AM   :::   00:13:50.1693197

::::::::::: PreSendRequestContent Request called at 8/3/2018 12:14:12 AM   :::   00:14:12.0558524

::::::::::: PreSendRequestHeaders Request called at 8/3/2018 12:14:12 AM   :::   00:14:12.0658568

::::::::::: Error Request called at 8/3/2018 12:14:12 AM   :::   00:14:12.0898667

::::::::::: PreSendRequestContent Request called at 8/3/2018 12:14:12 AM   :::   00:14:12.4059587

::::::::::: PreSendRequestContent Request called at 8/3/2018 12:14:12 AM   :::   00:14:12.4219630

::::::::::: PreSendRequestContent Request called at 8/3/2018 12:14:12 AM   :::   00:14:12.4419587

::::::::::: PreSendRequestContent Request called at 8/3/2018 12:14:12 AM   :::   00:14:12.4559722

::::::::::: EndRequest Request called at 8/3/2018 12:14:12 AM   :::   00:14:12.4659742

::::::::::: PreSendRequestContent Request called at 8/3/2018 12:14:12 AM   :::   00:14:12.4779796

::::::::::: BeginRequest Request called at 8/3/2018 12:18:23 AM   :::   00:18:23.9376563

::::::::::: AuthenticateRequest Request called at 8/3/2018 12:18:23 AM   :::   00:18:23.9546684

::::::::::: PostAuthenticateRequest Request called at 8/3/2018 12:18:23 AM   :::   00:18:23.9726820

::::::::::: AuthorizeRequest Request called at 8/3/2018 12:18:23 AM   :::   00:18:23.9856908

::::::::::: PostAuthorizeRequest Request called at 8/3/2018 12:18:23 AM   :::   00:18:23.9981995

::::::::::: End Request called at 8/3/2018 12:18:24 AM   :::   00:18:24.0117097

::::::::::: PostResolveRequestCache Request called at 8/3/2018 12:18:24 AM   :::   00:18:24.0377286

::::::::::: AcquireRequestState Request called at 8/3/2018 12:18:24 AM   :::   00:18:24.0577433

::::::::::: PostAcquireRequestState Request called at 8/3/2018 12:18:24 AM   :::   00:18:24.0732533

::::::::::: PreRequestHandlerExecute Request called at 8/3/2018 12:18:24 AM   :::   00:18:24.0882640

::::::::::: PostRequestHandlerExecute Request called at 8/3/2018 12:18:24 AM   :::   00:18:24.2353687

::::::::::: ReleaseRequestState Request called at 8/3/2018 12:18:24 AM   :::   00:18:24.2473773

::::::::::: PostReleaseRequestState Request called at 8/3/2018 12:18:24 AM   :::   00:18:24.2588848

::::::::::: UpdateRequestCache Request called at 8/3/2018 12:18:24 AM   :::   00:18:24.2698927

::::::::::: EndRequest Request called at 8/3/2018 12:18:24 AM   :::   00:18:24.2819040

::::::::::: PreSendRequestContent Request called at 8/3/2018 12:18:24 AM   :::   00:18:24.3029174

::::::::::: PreSendRequestHeaders Request called at 8/3/2018 12:18:24 AM   :::   00:18:24.3139240

::::::::::: BeginRequest Request called at 8/3/2018 12:18:26 AM   :::   00:18:26.2539788

::::::::::: AuthenticateRequest Request called at 8/3/2018 12:18:26 AM   :::   00:18:26.2664883

::::::::::: PostAuthenticateRequest Request called at 8/3/2018 12:18:26 AM   :::   00:18:26.2779955

::::::::::: AuthorizeRequest Request called at 8/3/2018 12:18:26 AM   :::   00:18:26.2920055

::::::::::: PostAuthorizeRequest Request called at 8/3/2018 12:18:26 AM   :::   00:18:26.3030137

::::::::::: End Request called at 8/3/2018 12:18:26 AM   :::   00:18:26.3190247

::::::::::: PostResolveRequestCache Request called at 8/3/2018 12:18:26 AM   :::   00:18:26.3310328

::::::::::: AcquireRequestState Request called at 8/3/2018 12:18:26 AM   :::   00:18:26.3435419

::::::::::: PostAcquireRequestState Request called at 8/3/2018 12:18:26 AM   :::   00:18:26.3605544

::::::::::: PreRequestHandlerExecute Request called at 8/3/2018 12:18:26 AM   :::   00:18:26.3745640

::::::::::: BeginRequest Request called at 8/3/2018 12:18:53 AM   :::   00:18:53.3871805

::::::::::: AuthenticateRequest Request called at 8/3/2018 12:18:53 AM   :::   00:18:53.4021908

::::::::::: PostAuthenticateRequest Request called at 8/3/2018 12:18:53 AM   :::   00:18:53.4157030

::::::::::: AuthorizeRequest Request called at 8/3/2018 12:18:53 AM   :::   00:18:53.4257101

::::::::::: PostAuthorizeRequest Request called at 8/3/2018 12:18:53 AM   :::   00:18:53.4359280

::::::::::: End Request called at 8/3/2018 12:18:53 AM   :::   00:18:53.4459351

::::::::::: PostResolveRequestCache Request called at 8/3/2018 12:18:53 AM   :::   00:18:53.4919679

::::::::::: AcquireRequestState Request called at 8/3/2018 12:18:53 AM   :::   00:18:53.5285012

::::::::::: PostAcquireRequestState Request called at 8/3/2018 12:18:53 AM   :::   00:18:53.5405097

::::::::::: PreRequestHandlerExecute Request called at 8/3/2018 12:18:53 AM   :::   00:18:53.5515172

::::::::::: PostRequestHandlerExecute Request called at 8/3/2018 12:18:54 AM   :::   00:18:54.7874018

::::::::::: ReleaseRequestState Request called at 8/3/2018 12:18:54 AM   :::   00:18:54.8004103

::::::::::: PostReleaseRequestState Request called at 8/3/2018 12:18:54 AM   :::   00:18:54.8129194

::::::::::: UpdateRequestCache Request called at 8/3/2018 12:18:54 AM   :::   00:18:54.8909745

::::::::::: EndRequest Request called at 8/3/2018 12:18:54 AM   :::   00:18:54.9029831

::::::::::: PreSendRequestContent Request called at 8/3/2018 12:18:54 AM   :::   00:18:54.9255001

::::::::::: PreSendRequestHeaders Request called at 8/3/2018 12:18:54 AM   :::   00:18:54.9405104

::::::::::: BeginRequest Request called at 8/3/2018 12:18:55 AM   :::   00:18:55.7987677

::::::::::: AuthenticateRequest Request called at 8/3/2018 12:18:55 AM   :::   00:18:55.8117785

::::::::::: PostAuthenticateRequest Request called at 8/3/2018 12:18:55 AM   :::   00:18:55.8227895

::::::::::: AuthorizeRequest Request called at 8/3/2018 12:18:55 AM   :::   00:18:55.8343030

::::::::::: PostAuthorizeRequest Request called at 8/3/2018 12:18:55 AM   :::   00:18:55.8473107

::::::::::: End Request called at 8/3/2018 12:18:55 AM   :::   00:18:55.8623214

::::::::::: PostResolveRequestCache Request called at 8/3/2018 12:18:55 AM   :::   00:18:55.8793335

::::::::::: AcquireRequestState Request called at 8/3/2018 12:18:55 AM   :::   00:18:55.8923427

::::::::::: PostAcquireRequestState Request called at 8/3/2018 12:18:55 AM   :::   00:18:55.9043544

::::::::::: PreRequestHandlerExecute Request called at 8/3/2018 12:18:55 AM   :::   00:18:55.9168639

::::::::::: PostRequestHandlerExecute Request called at 8/3/2018 12:18:56 AM   :::   00:18:56.0624745

::::::::::: ReleaseRequestState Request called at 8/3/2018 12:18:56 AM   :::   00:18:56.0754845

::::::::::: PostReleaseRequestState Request called at 8/3/2018 12:18:56 AM   :::   00:18:56.0879928

::::::::::: UpdateRequestCache Request called at 8/3/2018 12:18:56 AM   :::   00:18:56.1010021

::::::::::: EndRequest Request called at 8/3/2018 12:18:56 AM   :::   00:18:56.1150117

::::::::::: PreSendRequestContent Request called at 8/3/2018 12:18:56 AM   :::   00:18:56.1300227

::::::::::: PreSendRequestHeaders Request called at 8/3/2018 12:18:56 AM   :::   00:18:56.1420309

::::::::::: BeginRequest Request called at 8/3/2018 12:18:57 AM   :::   00:18:57.3977221

::::::::::: AuthenticateRequest Request called at 8/3/2018 12:18:57 AM   :::   00:18:57.4097326

::::::::::: PostAuthenticateRequest Request called at 8/3/2018 12:18:57 AM   :::   00:18:57.4197441

::::::::::: AuthorizeRequest Request called at 8/3/2018 12:18:57 AM   :::   00:18:57.4307480

::::::::::: PostAuthorizeRequest Request called at 8/3/2018 12:18:57 AM   :::   00:18:57.4417562

::::::::::: End Request called at 8/3/2018 12:18:57 AM   :::   00:18:57.4537644

::::::::::: PostResolveRequestCache Request called at 8/3/2018 12:18:57 AM   :::   00:18:57.4647718

::::::::::: AcquireRequestState Request called at 8/3/2018 12:18:57 AM   :::   00:18:57.4777818

::::::::::: PostAcquireRequestState Request called at 8/3/2018 12:18:57 AM   :::   00:18:57.4998011

::::::::::: PreRequestHandlerExecute Request called at 8/3/2018 12:18:57 AM   :::   00:18:57.5108132

::::::::::: PreSendRequestContent Request called at 8/3/2018 12:20:13 AM   :::   00:20:13.3737354

::::::::::: PreSendRequestHeaders Request called at 8/3/2018 12:20:13 AM   :::   00:20:13.3807392

::::::::::: PostRequestHandlerExecute Request called at 8/3/2018 12:20:13 AM   :::   00:20:13.3937497

::::::::::: ReleaseRequestState Request called at 8/3/2018 12:20:13 AM   :::   00:20:13.4047563

::::::::::: PostReleaseRequestState Request called at 8/3/2018 12:20:13 AM   :::   00:20:13.4167672

::::::::::: UpdateRequestCache Request called at 8/3/2018 12:20:13 AM   :::   00:20:13.4237722

::::::::::: EndRequest Request called at 8/3/2018 12:20:13 AM   :::   00:20:13.4327810

::::::::::: PreSendRequestContent Request called at 8/3/2018 12:20:13 AM   :::   00:20:13.4427913

::::::::::: BeginRequest Request called at 8/3/2018 12:21:09 AM   :::   00:21:09.3434926

::::::::::: AuthenticateRequest Request called at 8/3/2018 12:21:09 AM   :::   00:21:09.3525132

::::::::::: PostAuthenticateRequest Request called at 8/3/2018 12:21:09 AM   :::   00:21:09.3695099

::::::::::: AuthorizeRequest Request called at 8/3/2018 12:21:09 AM   :::   00:21:09.3815181

::::::::::: PostAuthorizeRequest Request called at 8/3/2018 12:21:09 AM   :::   00:21:09.3945281

::::::::::: End Request called at 8/3/2018 12:21:09 AM   :::   00:21:09.4055604

::::::::::: PostResolveRequestCache Request called at 8/3/2018 12:21:09 AM   :::   00:21:09.4150623

::::::::::: AcquireRequestState Request called at 8/3/2018 12:21:09 AM   :::   00:21:09.4220751

::::::::::: PostAcquireRequestState Request called at 8/3/2018 12:21:09 AM   :::   00:21:09.4310756

::::::::::: PreRequestHandlerExecute Request called at 8/3/2018 12:21:09 AM   :::   00:21:09.4420843

::::::::::: PostRequestHandlerExecute Request called at 8/3/2018 12:21:09 AM   :::   00:21:09.4510934

::::::::::: ReleaseRequestState Request called at 8/3/2018 12:21:09 AM   :::   00:21:09.4620981

::::::::::: PostReleaseRequestState Request called at 8/3/2018 12:21:09 AM   :::   00:21:09.4711045

::::::::::: UpdateRequestCache Request called at 8/3/2018 12:21:09 AM   :::   00:21:09.4801109

::::::::::: EndRequest Request called at 8/3/2018 12:21:09 AM   :::   00:21:09.4871159

::::::::::: PreSendRequestContent Request called at 8/3/2018 12:21:09 AM   :::   00:21:09.4981237

::::::::::: PreSendRequestHeaders Request called at 8/3/2018 12:21:09 AM   :::   00:21:09.5071333

::::::::::: BeginRequest Request called at 8/3/2018 12:21:09 AM   :::   00:21:09.5187155

::::::::::: AuthenticateRequest Request called at 8/3/2018 12:21:09 AM   :::   00:21:09.5307237

::::::::::: PostAuthenticateRequest Request called at 8/3/2018 12:21:09 AM   :::   00:21:09.5447348

::::::::::: AuthorizeRequest Request called at 8/3/2018 12:21:09 AM   :::   00:21:09.5537404

::::::::::: PostAuthorizeRequest Request called at 8/3/2018 12:21:09 AM   :::   00:21:09.5647483

::::::::::: End Request called at 8/3/2018 12:21:09 AM   :::   00:21:09.5737547

::::::::::: PostResolveRequestCache Request called at 8/3/2018 12:21:09 AM   :::   00:21:09.5837630

::::::::::: AcquireRequestState Request called at 8/3/2018 12:21:09 AM   :::   00:21:09.5977722

::::::::::: PostAcquireRequestState Request called at 8/3/2018 12:21:09 AM   :::   00:21:09.6097843

::::::::::: PreRequestHandlerExecute Request called at 8/3/2018 12:21:09 AM   :::   00:21:09.6172886

::::::::::: BeginRequest Request called at 8/3/2018 12:21:24 AM   :::   00:21:24.6053799

::::::::::: AuthenticateRequest Request called at 8/3/2018 12:21:24 AM   :::   00:21:24.6173885

::::::::::: PostAuthenticateRequest Request called at 8/3/2018 12:21:24 AM   :::   00:21:24.6313969

::::::::::: AuthorizeRequest Request called at 8/3/2018 12:21:24 AM   :::   00:21:24.6444069

::::::::::: PostAuthorizeRequest Request called at 8/3/2018 12:21:24 AM   :::   00:21:24.6584165

::::::::::: End Request called at 8/3/2018 12:21:24 AM   :::   00:21:24.6714262

::::::::::: PostResolveRequestCache Request called at 8/3/2018 12:21:24 AM   :::   00:21:24.6849376

::::::::::: AcquireRequestState Request called at 8/3/2018 12:21:24 AM   :::   00:21:24.6974482

::::::::::: PostAcquireRequestState Request called at 8/3/2018 12:21:24 AM   :::   00:21:24.7064542

::::::::::: PreRequestHandlerExecute Request called at 8/3/2018 12:21:24 AM   :::   00:21:24.7144595

::::::::::: PostRequestHandlerExecute Request called at 8/3/2018 12:21:24 AM   :::   00:21:24.7234667

::::::::::: ReleaseRequestState Request called at 8/3/2018 12:21:24 AM   :::   00:21:24.7364768

::::::::::: PostReleaseRequestState Request called at 8/3/2018 12:21:24 AM   :::   00:21:24.7634956

::::::::::: UpdateRequestCache Request called at 8/3/2018 12:21:24 AM   :::   00:21:24.7805129

::::::::::: EndRequest Request called at 8/3/2018 12:21:24 AM   :::   00:21:24.7945220

::::::::::: PreSendRequestContent Request called at 8/3/2018 12:21:24 AM   :::   00:21:24.8045319

::::::::::: PreSendRequestHeaders Request called at 8/3/2018 12:21:24 AM   :::   00:21:24.8165405

::::::::::: BeginRequest Request called at 8/3/2018 12:21:24 AM   :::   00:21:24.8655754

::::::::::: AuthenticateRequest Request called at 8/3/2018 12:21:24 AM   :::   00:21:24.8785850

::::::::::: PostAuthenticateRequest Request called at 8/3/2018 12:21:24 AM   :::   00:21:24.8956015

::::::::::: AuthorizeRequest Request called at 8/3/2018 12:21:24 AM   :::   00:21:24.9086095

::::::::::: PostAuthorizeRequest Request called at 8/3/2018 12:21:24 AM   :::   00:21:24.9271229

::::::::::: End Request called at 8/3/2018 12:21:24 AM   :::   00:21:24.9396312

::::::::::: PostResolveRequestCache Request called at 8/3/2018 12:21:24 AM   :::   00:21:24.9541414

::::::::::: AcquireRequestState Request called at 8/3/2018 12:21:24 AM   :::   00:21:24.9671514

::::::::::: PostAcquireRequestState Request called at 8/3/2018 12:21:24 AM   :::   00:21:24.9781584

::::::::::: PreRequestHandlerExecute Request called at 8/3/2018 12:21:24 AM   :::   00:21:24.9856640

::::::::::: BeginRequest Request called at 8/3/2018 12:21:58 AM   :::   00:21:58.4392491

::::::::::: AuthenticateRequest Request called at 8/3/2018 12:21:58 AM   :::   00:21:58.4532587

::::::::::: PostAuthenticateRequest Request called at 8/3/2018 12:21:58 AM   :::   00:21:58.4692685

::::::::::: AuthorizeRequest Request called at 8/3/2018 12:21:58 AM   :::   00:21:58.4877862

::::::::::: PostAuthorizeRequest Request called at 8/3/2018 12:21:58 AM   :::   00:21:58.5041647

::::::::::: End Request called at 8/3/2018 12:21:58 AM   :::   00:21:58.5211658

::::::::::: ReleaseRequestState Request called at 8/3/2018 12:21:58 AM   :::   00:21:58.5391790

::::::::::: PostReleaseRequestState Request called at 8/3/2018 12:21:58 AM   :::   00:21:58.5511871

::::::::::: UpdateRequestCache Request called at 8/3/2018 12:21:58 AM   :::   00:21:58.5671993

::::::::::: EndRequest Request called at 8/3/2018 12:21:58 AM   :::   00:21:58.5792138

::::::::::: PreSendRequestContent Request called at 8/3/2018 12:21:58 AM   :::   00:21:58.5897203

::::::::::: PreSendRequestHeaders Request called at 8/3/2018 12:21:58 AM   :::   00:21:58.6038084

::::::::::: BeginRequest Request called at 8/3/2018 12:21:58 AM   :::   00:21:58.6198202

::::::::::: AuthenticateRequest Request called at 8/3/2018 12:21:58 AM   :::   00:21:58.6378322

::::::::::: PostAuthenticateRequest Request called at 8/3/2018 12:21:58 AM   :::   00:21:58.6568466

::::::::::: AuthorizeRequest Request called at 8/3/2018 12:21:58 AM   :::   00:21:58.6698558

::::::::::: PreRequestHandlerExecute Request called at 8/3/2018 12:21:58 AM   :::   00:21:58.6858731

::::::::::: PostResolveRequestCache Request called at 8/3/2018 12:21:58 AM   :::   00:21:58.6993912

::::::::::: AcquireRequestState Request called at 8/3/2018 12:21:58 AM   :::   00:21:58.7174040

::::::::::: PostAcquireRequestState Request called at 8/3/2018 12:21:58 AM   :::   00:21:58.7284131

::::::::::: PreRequestHandlerExecute Request called at 8/3/2018 12:21:58 AM   :::   00:21:58.7384186

::::::::::: PreSendRequestContent Request called at 8/3/2018 12:22:12 AM   :::   00:22:12.2881791

::::::::::: PreSendRequestHeaders Request called at 8/3/2018 12:22:12 AM   :::   00:22:12.2967102

::::::::::: PostRequestHandlerExecute Request called at 8/3/2018 12:22:12 AM   :::   00:22:12.3322191

::::::::::: ReleaseRequestState Request called at 8/3/2018 12:22:12 AM   :::   00:22:12.3542336

::::::::::: PostReleaseRequestState Request called at 8/3/2018 12:22:12 AM   :::   00:22:12.3762496

::::::::::: UpdateRequestCache Request called at 8/3/2018 12:22:12 AM   :::   00:22:12.3892601

::::::::::: EndRequest Request called at 8/3/2018 12:22:12 AM   :::   00:22:12.4002774

::::::::::: PreSendRequestContent Request called at 8/3/2018 12:22:12 AM   :::   00:22:12.4237979

::::::::::: PreSendRequestContent Request called at 8/3/2018 12:22:13 AM   :::   00:22:13.5563182

::::::::::: PreSendRequestHeaders Request called at 8/3/2018 12:22:13 AM   :::   00:22:13.5663265

::::::::::: Error Request called at 8/3/2018 12:22:13 AM   :::   00:22:13.5763352

::::::::::: PreSendRequestContent Request called at 8/3/2018 12:22:14 AM   :::   00:22:14.9325070

::::::::::: PreSendRequestContent Request called at 8/3/2018 12:22:14 AM   :::   00:22:14.9455159

::::::::::: PreSendRequestContent Request called at 8/3/2018 12:22:14 AM   :::   00:22:14.9615269

::::::::::: PreSendRequestContent Request called at 8/3/2018 12:22:14 AM   :::   00:22:14.9705329

::::::::::: EndRequest Request called at 8/3/2018 12:22:14 AM   :::   00:22:14.9815403

::::::::::: PreSendRequestContent Request called at 8/3/2018 12:22:14 AM   :::   00:22:14.9915483

::::::::::: PreSendRequestContent Request called at 8/3/2018 12:22:15 AM   :::   00:22:15.3213924

::::::::::: PreSendRequestHeaders Request called at 8/3/2018 12:22:15 AM   :::   00:22:15.3293985

::::::::::: PostRequestHandlerExecute Request called at 8/3/2018 12:22:15 AM   :::   00:22:15.3444092

::::::::::: ReleaseRequestState Request called at 8/3/2018 12:22:15 AM   :::   00:22:15.3544159

::::::::::: PostReleaseRequestState Request called at 8/3/2018 12:22:15 AM   :::   00:22:15.3664245

::::::::::: UpdateRequestCache Request called at 8/3/2018 12:22:15 AM   :::   00:22:15.3814356

::::::::::: EndRequest Request called at 8/3/2018 12:22:15 AM   :::   00:22:15.3944448

::::::::::: PreSendRequestContent Request called at 8/3/2018 12:22:15 AM   :::   00:22:15.4059564

::::::::::: PreSendRequestContent Request called at 8/3/2018 12:22:40 AM   :::   00:22:40.9038819

::::::::::: PreSendRequestHeaders Request called at 8/3/2018 12:22:40 AM   :::   00:22:40.9168928

::::::::::: Error Request called at 8/3/2018 12:22:40 AM   :::   00:22:40.9379061

::::::::::: PreSendRequestContent Request called at 8/3/2018 12:22:41 AM   :::   00:22:41.8801945

::::::::::: PreSendRequestContent Request called at 8/3/2018 12:22:41 AM   :::   00:22:41.8902024

::::::::::: PreSendRequestContent Request called at 8/3/2018 12:22:41 AM   :::   00:22:41.8987122

::::::::::: PreSendRequestContent Request called at 8/3/2018 12:22:41 AM   :::   00:22:41.9097200

::::::::::: EndRequest Request called at 8/3/2018 12:22:41 AM   :::   00:22:41.9197263

::::::::::: PreSendRequestContent Request called at 8/3/2018 12:22:41 AM   :::   00:22:41.9297335

::::::::::: BeginRequest Request called at 8/3/2018 9:14:59 PM   :::   21:14:59.1189417

::::::::::: AuthenticateRequest Request called at 8/3/2018 9:14:59 PM   :::   21:14:59.1374551

::::::::::: PostAuthenticateRequest Request called at 8/3/2018 9:14:59 PM   :::   21:14:59.1499638

::::::::::: AuthorizeRequest Request called at 8/3/2018 9:14:59 PM   :::   21:14:59.1609724

::::::::::: PostAuthorizeRequest Request called at 8/3/2018 9:14:59 PM   :::   21:14:59.1714805

::::::::::: End Request called at 8/3/2018 9:14:59 PM   :::   21:14:59.1869901

::::::::::: PostResolveRequestCache Request called at 8/3/2018 9:14:59 PM   :::   21:14:59.2555387

::::::::::: AcquireRequestState Request called at 8/3/2018 9:14:59 PM   :::   21:14:59.3065750

::::::::::: PostAcquireRequestState Request called at 8/3/2018 9:14:59 PM   :::   21:14:59.3205854

::::::::::: PreRequestHandlerExecute Request called at 8/3/2018 9:14:59 PM   :::   21:14:59.3335947

::::::::::: BeginRequest Request called at 8/3/2018 9:15:00 PM   :::   21:15:00.6940753

::::::::::: AuthenticateRequest Request called at 8/3/2018 9:15:00 PM   :::   21:15:00.7060889

::::::::::: PostAuthenticateRequest Request called at 8/3/2018 9:15:00 PM   :::   21:15:00.7180896

::::::::::: AuthorizeRequest Request called at 8/3/2018 9:15:00 PM   :::   21:15:00.7260909

::::::::::: PostAuthorizeRequest Request called at 8/3/2018 9:15:00 PM   :::   21:15:00.7460906

::::::::::: End Request called at 8/3/2018 9:15:00 PM   :::   21:15:00.7700982

::::::::::: PostResolveRequestCache Request called at 8/3/2018 9:15:00 PM   :::   21:15:00.8146143

::::::::::: AcquireRequestState Request called at 8/3/2018 9:15:00 PM   :::   21:15:00.8266149

::::::::::: PostAcquireRequestState Request called at 8/3/2018 9:15:00 PM   :::   21:15:00.8426153

::::::::::: PreRequestHandlerExecute Request called at 8/3/2018 9:15:00 PM   :::   21:15:00.8546171

::::::::::: PreSendRequestContent Request called at 8/3/2018 9:15:00 PM   :::   21:15:00.8811232

::::::::::: PreSendRequestHeaders Request called at 8/3/2018 9:15:00 PM   :::   21:15:00.8931329

::::::::::: PostRequestHandlerExecute Request called at 8/3/2018 9:15:00 PM   :::   21:15:00.9972066

::::::::::: ReleaseRequestState Request called at 8/3/2018 9:15:01 PM   :::   21:15:01.0142187

::::::::::: PostReleaseRequestState Request called at 8/3/2018 9:15:01 PM   :::   21:15:01.0257267

::::::::::: UpdateRequestCache Request called at 8/3/2018 9:15:01 PM   :::   21:15:01.0392365

::::::::::: EndRequest Request called at 8/3/2018 9:15:01 PM   :::   21:15:01.0487430

::::::::::: PreSendRequestContent Request called at 8/3/2018 9:15:01 PM   :::   21:15:01.0602514

::::::::::: PreSendRequestHeaders Request called at 8/3/2018 9:15:01 PM   :::   21:15:01.0732607

::::::::::: BeginRequest Request called at 8/3/2018 9:15:01 PM   :::   21:15:01.3428628

::::::::::: AuthenticateRequest Request called at 8/3/2018 9:15:01 PM   :::   21:15:01.3488690

::::::::::: PostAuthenticateRequest Request called at 8/3/2018 9:15:01 PM   :::   21:15:01.3608701

::::::::::: AuthorizeRequest Request called at 8/3/2018 9:15:01 PM   :::   21:15:01.3688703

::::::::::: PostAuthorizeRequest Request called at 8/3/2018 9:15:01 PM   :::   21:15:01.3768708

::::::::::: End Request called at 8/3/2018 9:15:01 PM   :::   21:15:01.3848718

::::::::::: PostResolveRequestCache Request called at 8/3/2018 9:15:01 PM   :::   21:15:01.3928727

::::::::::: AcquireRequestState Request called at 8/3/2018 9:15:01 PM   :::   21:15:01.4048746

::::::::::: PostAcquireRequestState Request called at 8/3/2018 9:15:01 PM   :::   21:15:01.4168740

::::::::::: PreRequestHandlerExecute Request called at 8/3/2018 9:15:01 PM   :::   21:15:01.4313798

::::::::::: PostRequestHandlerExecute Request called at 8/3/2018 9:15:01 PM   :::   21:15:01.4848944

::::::::::: ReleaseRequestState Request called at 8/3/2018 9:15:01 PM   :::   21:15:01.4928942

::::::::::: PostReleaseRequestState Request called at 8/3/2018 9:15:01 PM   :::   21:15:01.5008956

::::::::::: UpdateRequestCache Request called at 8/3/2018 9:15:01 PM   :::   21:15:01.5128962

::::::::::: EndRequest Request called at 8/3/2018 9:15:01 PM   :::   21:15:01.5208968

::::::::::: PreSendRequestContent Request called at 8/3/2018 9:15:01 PM   :::   21:15:01.5344046

::::::::::: PreSendRequestHeaders Request called at 8/3/2018 9:15:01 PM   :::   21:15:01.5419106

::::::::::: BeginRequest Request called at 8/3/2018 9:15:02 PM   :::   21:15:02.8572363

::::::::::: AuthenticateRequest Request called at 8/3/2018 9:15:02 PM   :::   21:15:02.8732359

::::::::::: PostAuthenticateRequest Request called at 8/3/2018 9:15:02 PM   :::   21:15:02.8852365

::::::::::: AuthorizeRequest Request called at 8/3/2018 9:15:02 PM   :::   21:15:02.9012373

::::::::::: PostAuthorizeRequest Request called at 8/3/2018 9:15:02 PM   :::   21:15:02.9132383

::::::::::: End Request called at 8/3/2018 9:15:02 PM   :::   21:15:02.9252390

::::::::::: PostResolveRequestCache Request called at 8/3/2018 9:15:02 PM   :::   21:15:02.9372487

::::::::::: AcquireRequestState Request called at 8/3/2018 9:15:02 PM   :::   21:15:02.9452536

::::::::::: PostAcquireRequestState Request called at 8/3/2018 9:15:02 PM   :::   21:15:02.9572586

::::::::::: PreRequestHandlerExecute Request called at 8/3/2018 9:15:02 PM   :::   21:15:02.9692604

::::::::::: PreSendRequestContent Request called at 8/3/2018 9:15:10 PM   :::   21:15:10.8191785

::::::::::: PreSendRequestHeaders Request called at 8/3/2018 9:15:10 PM   :::   21:15:10.8191785

::::::::::: PostRequestHandlerExecute Request called at 8/3/2018 9:15:10 PM   :::   21:15:10.8347868

::::::::::: ReleaseRequestState Request called at 8/3/2018 9:15:10 PM   :::   21:15:10.8504114

::::::::::: PostReleaseRequestState Request called at 8/3/2018 9:15:10 PM   :::   21:15:10.8670437

::::::::::: UpdateRequestCache Request called at 8/3/2018 9:15:10 PM   :::   21:15:10.8725470

::::::::::: EndRequest Request called at 8/3/2018 9:15:10 PM   :::   21:15:10.8725470

::::::::::: PreSendRequestContent Request called at 8/3/2018 9:15:10 PM   :::   21:15:10.8881787

::::::::::: BeginRequest Request called at 8/3/2018 9:17:40 PM   :::   21:17:40.4720305

::::::::::: AuthenticateRequest Request called at 8/3/2018 9:17:40 PM   :::   21:17:40.5000287

::::::::::: PostAuthenticateRequest Request called at 8/3/2018 9:17:40 PM   :::   21:17:40.5120293

::::::::::: AuthorizeRequest Request called at 8/3/2018 9:17:40 PM   :::   21:17:40.5240312

::::::::::: PostAuthorizeRequest Request called at 8/3/2018 9:17:40 PM   :::   21:17:40.5360310

::::::::::: End Request called at 8/3/2018 9:17:40 PM   :::   21:17:40.5440332

::::::::::: PostResolveRequestCache Request called at 8/3/2018 9:17:40 PM   :::   21:17:40.5640486

::::::::::: AcquireRequestState Request called at 8/3/2018 9:17:40 PM   :::   21:17:40.5800588

::::::::::: PostAcquireRequestState Request called at 8/3/2018 9:17:40 PM   :::   21:17:40.5920551

::::::::::: PreRequestHandlerExecute Request called at 8/3/2018 9:17:40 PM   :::   21:17:40.6040581

::::::::::: PostRequestHandlerExecute Request called at 8/3/2018 9:17:40 PM   :::   21:17:40.6160584

::::::::::: ReleaseRequestState Request called at 8/3/2018 9:17:40 PM   :::   21:17:40.6240771

::::::::::: PostReleaseRequestState Request called at 8/3/2018 9:17:40 PM   :::   21:17:40.6360584

::::::::::: UpdateRequestCache Request called at 8/3/2018 9:17:40 PM   :::   21:17:40.6440586

::::::::::: EndRequest Request called at 8/3/2018 9:17:40 PM   :::   21:17:40.6570694

::::::::::: PreSendRequestContent Request called at 8/3/2018 9:17:40 PM   :::   21:17:40.6640760

::::::::::: PreSendRequestHeaders Request called at 8/3/2018 9:17:40 PM   :::   21:17:40.6720797

::::::::::: BeginRequest Request called at 8/3/2018 9:17:41 PM   :::   21:17:41.5726097

::::::::::: AuthenticateRequest Request called at 8/3/2018 9:17:41 PM   :::   21:17:41.5846119

::::::::::: PostAuthenticateRequest Request called at 8/3/2018 9:17:41 PM   :::   21:17:41.5966118

::::::::::: AuthorizeRequest Request called at 8/3/2018 9:17:41 PM   :::   21:17:41.6086133

::::::::::: PostAuthorizeRequest Request called at 8/3/2018 9:17:41 PM   :::   21:17:41.6206135

::::::::::: End Request called at 8/3/2018 9:17:41 PM   :::   21:17:41.6326185

::::::::::: PostResolveRequestCache Request called at 8/3/2018 9:17:41 PM   :::   21:17:41.6406155

::::::::::: AcquireRequestState Request called at 8/3/2018 9:17:41 PM   :::   21:17:41.6656321

::::::::::: PostAcquireRequestState Request called at 8/3/2018 9:17:41 PM   :::   21:17:41.6851458

::::::::::: PreRequestHandlerExecute Request called at 8/3/2018 9:17:41 PM   :::   21:17:41.7036588

::::::::::: PostRequestHandlerExecute Request called at 8/3/2018 9:17:45 PM   :::   21:17:45.8380069

::::::::::: ReleaseRequestState Request called at 8/3/2018 9:17:45 PM   :::   21:17:45.8420914

::::::::::: PostReleaseRequestState Request called at 8/3/2018 9:17:45 PM   :::   21:17:45.8420914

::::::::::: UpdateRequestCache Request called at 8/3/2018 9:17:45 PM   :::   21:17:45.8577187

::::::::::: EndRequest Request called at 8/3/2018 9:17:45 PM   :::   21:17:45.8577187

::::::::::: BeginRequest Request called at 8/3/2018 9:17:48 PM   :::   21:17:48.6159360

::::::::::: AuthenticateRequest Request called at 8/3/2018 9:17:48 PM   :::   21:17:48.6269435

::::::::::: PostAuthenticateRequest Request called at 8/3/2018 9:17:48 PM   :::   21:17:48.6339480

::::::::::: AuthorizeRequest Request called at 8/3/2018 9:17:48 PM   :::   21:17:48.6419490

::::::::::: PostAuthorizeRequest Request called at 8/3/2018 9:17:48 PM   :::   21:17:48.6499511

::::::::::: End Request called at 8/3/2018 9:17:48 PM   :::   21:17:48.6579521

::::::::::: PostResolveRequestCache Request called at 8/3/2018 9:17:48 PM   :::   21:17:48.6699508

::::::::::: AcquireRequestState Request called at 8/3/2018 9:17:48 PM   :::   21:17:48.6779537

::::::::::: PostAcquireRequestState Request called at 8/3/2018 9:17:48 PM   :::   21:17:48.6859515

::::::::::: PreRequestHandlerExecute Request called at 8/3/2018 9:17:48 PM   :::   21:17:48.6939541

::::::::::: Error Request called at 8/3/2018 9:17:48 PM   :::   21:17:48.7019527

::::::::::: EndRequest Request called at 8/3/2018 9:17:48 PM   :::   21:17:48.7179763

::::::::::: PreSendRequestContent Request called at 8/3/2018 9:17:48 PM   :::   21:17:48.7289821

::::::::::: PreSendRequestHeaders Request called at 8/3/2018 9:17:48 PM   :::   21:17:48.7376337

::::::::::: BeginRequest Request called at 8/3/2018 9:18:00 PM   :::   21:18:00.6509929

::::::::::: AuthenticateRequest Request called at 8/3/2018 9:18:00 PM   :::   21:18:00.6710131

::::::::::: PostAuthenticateRequest Request called at 8/3/2018 9:18:00 PM   :::   21:18:00.6910143

::::::::::: AuthorizeRequest Request called at 8/3/2018 9:18:00 PM   :::   21:18:00.7109977

::::::::::: PostAuthorizeRequest Request called at 8/3/2018 9:18:00 PM   :::   21:18:00.7285246

::::::::::: End Request called at 8/3/2018 9:18:00 PM   :::   21:18:00.7470388

::::::::::: PostResolveRequestCache Request called at 8/3/2018 9:18:00 PM   :::   21:18:00.7910417

::::::::::: AcquireRequestState Request called at 8/3/2018 9:18:00 PM   :::   21:18:00.8070432

::::::::::: PostAcquireRequestState Request called at 8/3/2018 9:18:00 PM   :::   21:18:00.8230443

::::::::::: PreRequestHandlerExecute Request called at 8/3/2018 9:18:00 PM   :::   21:18:00.8330542

::::::::::: PreSendRequestContent Request called at 8/3/2018 9:18:04 PM   :::   21:18:04.2748084

::::::::::: PreSendRequestHeaders Request called at 8/3/2018 9:18:04 PM   :::   21:18:04.2828256

::::::::::: PostRequestHandlerExecute Request called at 8/3/2018 9:18:04 PM   :::   21:18:04.3108108

::::::::::: ReleaseRequestState Request called at 8/3/2018 9:18:04 PM   :::   21:18:04.3188173

::::::::::: PostReleaseRequestState Request called at 8/3/2018 9:18:04 PM   :::   21:18:04.3328221

::::::::::: UpdateRequestCache Request called at 8/3/2018 9:18:04 PM   :::   21:18:04.3468325

::::::::::: EndRequest Request called at 8/3/2018 9:18:04 PM   :::   21:18:04.3628387

::::::::::: PreSendRequestContent Request called at 8/3/2018 9:18:04 PM   :::   21:18:04.3748394

::::::::::: BeginRequest Request called at 8/3/2018 9:18:04 PM   :::   21:18:04.6504399

::::::::::: AuthenticateRequest Request called at 8/3/2018 9:18:04 PM   :::   21:18:04.6584424

::::::::::: PostAuthenticateRequest Request called at 8/3/2018 9:18:04 PM   :::   21:18:04.6664418

::::::::::: AuthorizeRequest Request called at 8/3/2018 9:18:04 PM   :::   21:18:04.6744423

::::::::::: PostAuthorizeRequest Request called at 8/3/2018 9:18:04 PM   :::   21:18:04.6784424

::::::::::: End Request called at 8/3/2018 9:18:04 PM   :::   21:18:04.6864434

::::::::::: PostResolveRequestCache Request called at 8/3/2018 9:18:04 PM   :::   21:18:04.6944479

::::::::::: AcquireRequestState Request called at 8/3/2018 9:18:04 PM   :::   21:18:04.6984448

::::::::::: PostAcquireRequestState Request called at 8/3/2018 9:18:04 PM   :::   21:18:04.7064442

::::::::::: PreRequestHandlerExecute Request called at 8/3/2018 9:18:04 PM   :::   21:18:04.7144468

::::::::::: PreSendRequestContent Request called at 8/3/2018 9:18:08 PM   :::   21:18:08.9484689

::::::::::: PreSendRequestHeaders Request called at 8/3/2018 9:18:08 PM   :::   21:18:08.9584898

::::::::::: PostRequestHandlerExecute Request called at 8/3/2018 9:18:08 PM   :::   21:18:08.9704897

::::::::::: ReleaseRequestState Request called at 8/3/2018 9:18:08 PM   :::   21:18:08.9864778

::::::::::: PostReleaseRequestState Request called at 8/3/2018 9:18:08 PM   :::   21:18:08.9984761

::::::::::: UpdateRequestCache Request called at 8/3/2018 9:18:09 PM   :::   21:18:09.0144796

::::::::::: EndRequest Request called at 8/3/2018 9:18:09 PM   :::   21:18:09.0304788

::::::::::: PreSendRequestContent Request called at 8/3/2018 9:18:09 PM   :::   21:18:09.0474913

::::::::::: BeginRequest Request called at 8/3/2018 9:20:24 PM   :::   21:20:24.1026907

::::::::::: BeginRequest Request called at 8/3/2018 9:20:24 PM   :::   21:20:24.1415752

::::::::::: AuthenticateRequest Request called at 8/3/2018 9:20:24 PM   :::   21:20:24.1525830

::::::::::: PostAuthenticateRequest Request called at 8/3/2018 9:20:24 PM   :::   21:20:24.1702326

::::::::::: PostAuthorizeRequest Request called at 8/3/2018 9:20:24 PM   :::   21:20:24.1822250

::::::::::: PostAuthorizeRequest Request called at 8/3/2018 9:20:24 PM   :::   21:20:24.1942276

::::::::::: End Request called at 8/3/2018 9:20:24 PM   :::   21:20:24.2062279

::::::::::: PostResolveRequestCache Request called at 8/3/2018 9:20:24 PM   :::   21:20:24.2182270

::::::::::: AcquireRequestState Request called at 8/3/2018 9:20:24 PM   :::   21:20:24.2302280

::::::::::: PostAcquireRequestState Request called at 8/3/2018 9:20:24 PM   :::   21:20:24.2624241

::::::::::: PreRequestHandlerExecute Request called at 8/3/2018 9:20:24 PM   :::   21:20:24.3024214

::::::::::: PostResolveRequestCache Request called at 8/3/2018 9:20:24 PM   :::   21:20:24.4625732

::::::::::: AcquireRequestState Request called at 8/3/2018 9:20:24 PM   :::   21:20:24.4705714

::::::::::: PostAcquireRequestState Request called at 8/3/2018 9:20:24 PM   :::   21:20:24.4785728

::::::::::: PreRequestHandlerExecute Request called at 8/3/2018 9:20:24 PM   :::   21:20:24.4865730

::::::::::: ReleaseRequestState Request called at 8/3/2018 9:20:24 PM   :::   21:20:24.4985748

::::::::::: PostReleaseRequestState Request called at 8/3/2018 9:20:24 PM   :::   21:20:24.5065742

::::::::::: UpdateRequestCache Request called at 8/3/2018 9:20:24 PM   :::   21:20:24.5225757

::::::::::: EndRequest Request called at 8/3/2018 9:20:24 PM   :::   21:20:24.5345763

::::::::::: PreSendRequestContent Request called at 8/3/2018 9:20:24 PM   :::   21:20:24.5550903

::::::::::: PreSendRequestHeaders Request called at 8/3/2018 9:20:24 PM   :::   21:20:24.5630937

::::::::::: PostRequestHandlerExecute Request called at 8/3/2018 9:20:26 PM   :::   21:20:26.4453124

::::::::::: ReleaseRequestState Request called at 8/3/2018 9:20:26 PM   :::   21:20:26.4558351

::::::::::: PostReleaseRequestState Request called at 8/3/2018 9:20:26 PM   :::   21:20:26.4678365

::::::::::: UpdateRequestCache Request called at 8/3/2018 9:20:26 PM   :::   21:20:26.5638832

::::::::::: EndRequest Request called at 8/3/2018 9:20:26 PM   :::   21:20:26.5758815

::::::::::: PreSendRequestContent Request called at 8/3/2018 9:20:26 PM   :::   21:20:26.5878817

::::::::::: PreSendRequestHeaders Request called at 8/3/2018 9:20:26 PM   :::   21:20:26.5998824

::::::::::: PreSendRequestContent Request called at 8/3/2018 9:20:30 PM   :::   21:20:30.0653556

::::::::::: PreSendRequestHeaders Request called at 8/3/2018 9:20:30 PM   :::   21:20:30.0733527

::::::::::: PostRequestHandlerExecute Request called at 8/3/2018 9:20:30 PM   :::   21:20:30.0893546

::::::::::: ReleaseRequestState Request called at 8/3/2018 9:20:30 PM   :::   21:20:30.0973540

::::::::::: PostReleaseRequestState Request called at 8/3/2018 9:20:30 PM   :::   21:20:30.1093554

::::::::::: UpdateRequestCache Request called at 8/3/2018 9:20:30 PM   :::   21:20:30.1173564

::::::::::: EndRequest Request called at 8/3/2018 9:20:30 PM   :::   21:20:30.1333567

::::::::::: PreSendRequestContent Request called at 8/3/2018 9:20:30 PM   :::   21:20:30.1373619

::::::::::: BeginRequest Request called at 8/3/2018 9:20:30 PM   :::   21:20:30.3089191

::::::::::: AuthenticateRequest Request called at 8/3/2018 9:20:30 PM   :::   21:20:30.3169205

::::::::::: PostAuthenticateRequest Request called at 8/3/2018 9:20:30 PM   :::   21:20:30.3249206

::::::::::: AuthorizeRequest Request called at 8/3/2018 9:20:30 PM   :::   21:20:30.3329204

::::::::::: PostAuthorizeRequest Request called at 8/3/2018 9:20:30 PM   :::   21:20:30.3409214

::::::::::: End Request called at 8/3/2018 9:20:30 PM   :::   21:20:30.3509309

::::::::::: PostResolveRequestCache Request called at 8/3/2018 9:20:30 PM   :::   21:20:30.3569332

::::::::::: AcquireRequestState Request called at 8/3/2018 9:20:30 PM   :::   21:20:30.3609447

::::::::::: PostAcquireRequestState Request called at 8/3/2018 9:20:30 PM   :::   21:20:30.3689449

::::::::::: PreRequestHandlerExecute Request called at 8/3/2018 9:20:30 PM   :::   21:20:30.3769454

::::::::::: PreSendRequestContent Request called at 8/3/2018 9:20:42 PM   :::   21:20:42.3228012

::::::::::: PreSendRequestHeaders Request called at 8/3/2018 9:20:42 PM   :::   21:20:42.3298070

::::::::::: PostRequestHandlerExecute Request called at 8/3/2018 9:20:42 PM   :::   21:20:42.3448168

::::::::::: ReleaseRequestState Request called at 8/3/2018 9:20:42 PM   :::   21:20:42.3573295

::::::::::: PostReleaseRequestState Request called at 8/3/2018 9:20:42 PM   :::   21:20:42.3698386

::::::::::: UpdateRequestCache Request called at 8/3/2018 9:20:42 PM   :::   21:20:42.3788490

::::::::::: EndRequest Request called at 8/3/2018 9:20:42 PM   :::   21:20:42.3908575

::::::::::: PreSendRequestContent Request called at 8/3/2018 9:20:42 PM   :::   21:20:42.4038668

::::::::::: BeginRequest Request called at 8/3/2018 9:21:06 PM   :::   21:21:06.5817049

::::::::::: AuthenticateRequest Request called at 8/3/2018 9:21:06 PM   :::   21:21:06.6117307

::::::::::: PostAuthenticateRequest Request called at 8/3/2018 9:21:06 PM   :::   21:21:06.6377452

::::::::::: AuthorizeRequest Request called at 8/3/2018 9:21:06 PM   :::   21:21:06.6567647

::::::::::: PostAuthorizeRequest Request called at 8/3/2018 9:21:06 PM   :::   21:21:06.6762855

::::::::::: End Request called at 8/3/2018 9:21:06 PM   :::   21:21:06.6922996

::::::::::: PostResolveRequestCache Request called at 8/3/2018 9:21:06 PM   :::   21:21:06.7073087

::::::::::: AcquireRequestState Request called at 8/3/2018 9:21:06 PM   :::   21:21:06.7233189

::::::::::: PostAcquireRequestState Request called at 8/3/2018 9:21:06 PM   :::   21:21:06.7373344

::::::::::: PreRequestHandlerExecute Request called at 8/3/2018 9:21:06 PM   :::   21:21:06.7518580

::::::::::: PreSendRequestContent Request called at 8/3/2018 9:21:08 PM   :::   21:21:08.8611847

::::::::::: PreSendRequestHeaders Request called at 8/3/2018 9:21:08 PM   :::   21:21:08.8694916

::::::::::: PostRequestHandlerExecute Request called at 8/3/2018 9:21:08 PM   :::   21:21:08.8934807

::::::::::: ReleaseRequestState Request called at 8/3/2018 9:21:08 PM   :::   21:21:08.9174962

::::::::::: PostReleaseRequestState Request called at 8/3/2018 9:21:08 PM   :::   21:21:08.9294802

::::::::::: UpdateRequestCache Request called at 8/3/2018 9:21:08 PM   :::   21:21:08.9414983

::::::::::: EndRequest Request called at 8/3/2018 9:21:08 PM   :::   21:21:08.9509894

::::::::::: PreSendRequestContent Request called at 8/3/2018 9:21:08 PM   :::   21:21:08.9609977

::::::::::: BeginRequest Request called at 8/3/2018 9:27:27 PM   :::   21:27:27.6751971

::::::::::: AuthenticateRequest Request called at 8/3/2018 9:27:27 PM   :::   21:27:27.7071994

::::::::::: PostAuthenticateRequest Request called at 8/3/2018 9:27:27 PM   :::   21:27:27.7277363

::::::::::: AuthorizeRequest Request called at 8/3/2018 9:27:27 PM   :::   21:27:27.7432278

::::::::::: PostAuthorizeRequest Request called at 8/3/2018 9:27:27 PM   :::   21:27:27.7632286

::::::::::: End Request called at 8/3/2018 9:27:27 PM   :::   21:27:27.7792353

::::::::::: PostResolveRequestCache Request called at 8/3/2018 9:27:27 PM   :::   21:27:27.7952313

::::::::::: AcquireRequestState Request called at 8/3/2018 9:27:27 PM   :::   21:27:27.8112328

::::::::::: PostAcquireRequestState Request called at 8/3/2018 9:27:27 PM   :::   21:27:27.8257453

::::::::::: PreRequestHandlerExecute Request called at 8/3/2018 9:27:27 PM   :::   21:27:27.8352550

::::::::::: PreSendRequestContent Request called at 8/3/2018 9:27:48 PM   :::   21:27:48.3065810

::::::::::: PreSendRequestHeaders Request called at 8/3/2018 9:27:48 PM   :::   21:27:48.3265838

::::::::::: PostRequestHandlerExecute Request called at 8/3/2018 9:27:48 PM   :::   21:27:48.3446084

::::::::::: ReleaseRequestState Request called at 8/3/2018 9:27:48 PM   :::   21:27:48.3626224

::::::::::: PostReleaseRequestState Request called at 8/3/2018 9:27:48 PM   :::   21:27:48.8402744

::::::::::: UpdateRequestCache Request called at 8/3/2018 9:27:49 PM   :::   21:27:49.2905336

::::::::::: EndRequest Request called at 8/3/2018 9:27:49 PM   :::   21:27:49.3025430

::::::::::: PreSendRequestContent Request called at 8/3/2018 9:27:49 PM   :::   21:27:49.7750260

::::::::::: BeginRequest Request called at 8/3/2018 9:28:25 PM   :::   21:28:25.2267664

::::::::::: AuthenticateRequest Request called at 8/3/2018 9:28:25 PM   :::   21:28:25.2507858

::::::::::: PostAuthenticateRequest Request called at 8/3/2018 9:28:25 PM   :::   21:28:25.2667952

::::::::::: AuthorizeRequest Request called at 8/3/2018 9:28:25 PM   :::   21:28:25.2828066

::::::::::: PostAuthorizeRequest Request called at 8/3/2018 9:28:25 PM   :::   21:28:25.2953157

::::::::::: End Request called at 8/3/2018 9:28:25 PM   :::   21:28:25.3138283

::::::::::: PostResolveRequestCache Request called at 8/3/2018 9:28:25 PM   :::   21:28:25.3923844

::::::::::: AcquireRequestState Request called at 8/3/2018 9:28:25 PM   :::   21:28:25.4184037

::::::::::: PostAcquireRequestState Request called at 8/3/2018 9:28:25 PM   :::   21:28:25.4309116

::::::::::: PreRequestHandlerExecute Request called at 8/3/2018 9:28:25 PM   :::   21:28:25.4439213

::::::::::: PostRequestHandlerExecute Request called at 8/3/2018 9:28:26 PM   :::   21:28:26.7368406

::::::::::: ReleaseRequestState Request called at 8/3/2018 9:28:26 PM   :::   21:28:26.7468489

::::::::::: PostReleaseRequestState Request called at 8/3/2018 9:28:26 PM   :::   21:28:26.7613594

::::::::::: UpdateRequestCache Request called at 8/3/2018 9:28:26 PM   :::   21:28:26.8384131

::::::::::: EndRequest Request called at 8/3/2018 9:28:26 PM   :::   21:28:26.8499215

::::::::::: PreSendRequestContent Request called at 8/3/2018 9:28:26 PM   :::   21:28:26.8679343

::::::::::: PreSendRequestHeaders Request called at 8/3/2018 9:28:26 PM   :::   21:28:26.8789449

::::::::::: BeginRequest Request called at 8/3/2018 9:28:27 PM   :::   21:28:27.2546568

::::::::::: AuthenticateRequest Request called at 8/3/2018 9:28:27 PM   :::   21:28:27.2626574

::::::::::: PostAuthenticateRequest Request called at 8/3/2018 9:28:27 PM   :::   21:28:27.2746580

::::::::::: AuthorizeRequest Request called at 8/3/2018 9:28:27 PM   :::   21:28:27.2826594

::::::::::: PostAuthorizeRequest Request called at 8/3/2018 9:28:27 PM   :::   21:28:27.2946593

::::::::::: End Request called at 8/3/2018 9:28:27 PM   :::   21:28:27.3066607

::::::::::: PostResolveRequestCache Request called at 8/3/2018 9:28:27 PM   :::   21:28:27.3226606

::::::::::: AcquireRequestState Request called at 8/3/2018 9:28:27 PM   :::   21:28:27.3336732

::::::::::: PostAcquireRequestState Request called at 8/3/2018 9:28:27 PM   :::   21:28:27.3426792

::::::::::: PreRequestHandlerExecute Request called at 8/3/2018 9:28:27 PM   :::   21:28:27.3546791

::::::::::: PostRequestHandlerExecute Request called at 8/3/2018 9:28:27 PM   :::   21:28:27.4186848

::::::::::: ReleaseRequestState Request called at 8/3/2018 9:28:27 PM   :::   21:28:27.4306945

::::::::::: PostReleaseRequestState Request called at 8/3/2018 9:28:27 PM   :::   21:28:27.4386994

::::::::::: UpdateRequestCache Request called at 8/3/2018 9:28:27 PM   :::   21:28:27.4547045

::::::::::: EndRequest Request called at 8/3/2018 9:28:27 PM   :::   21:28:27.4627055

::::::::::: PreSendRequestContent Request called at 8/3/2018 9:28:27 PM   :::   21:28:27.4787066

::::::::::: PreSendRequestHeaders Request called at 8/3/2018 9:28:27 PM   :::   21:28:27.4907069

::::::::::: BeginRequest Request called at 8/3/2018 9:28:33 PM   :::   21:28:33.4160352

::::::::::: AuthenticateRequest Request called at 8/3/2018 9:28:33 PM   :::   21:28:33.4340480

::::::::::: PostAuthenticateRequest Request called at 8/3/2018 9:28:33 PM   :::   21:28:33.4445549

::::::::::: AuthorizeRequest Request called at 8/3/2018 9:28:33 PM   :::   21:28:33.4545620

::::::::::: PostAuthorizeRequest Request called at 8/3/2018 9:28:33 PM   :::   21:28:33.4645691

::::::::::: End Request called at 8/3/2018 9:28:33 PM   :::   21:28:33.4750772

::::::::::: PostResolveRequestCache Request called at 8/3/2018 9:28:33 PM   :::   21:28:33.4880853

::::::::::: AcquireRequestState Request called at 8/3/2018 9:28:33 PM   :::   21:28:33.4980932

::::::::::: PostAcquireRequestState Request called at 8/3/2018 9:28:33 PM   :::   21:28:33.5081003

::::::::::: PreRequestHandlerExecute Request called at 8/3/2018 9:28:33 PM   :::   21:28:33.5176073

::::::::::: PostRequestHandlerExecute Request called at 8/3/2018 9:28:33 PM   :::   21:28:33.6171775

::::::::::: ReleaseRequestState Request called at 8/3/2018 9:28:33 PM   :::   21:28:33.6281862

::::::::::: PostReleaseRequestState Request called at 8/3/2018 9:28:33 PM   :::   21:28:33.6406949

::::::::::: UpdateRequestCache Request called at 8/3/2018 9:28:33 PM   :::   21:28:33.6522032

::::::::::: EndRequest Request called at 8/3/2018 9:28:33 PM   :::   21:28:33.6632111

::::::::::: PreSendRequestContent Request called at 8/3/2018 9:28:33 PM   :::   21:28:33.6737184

::::::::::: PreSendRequestHeaders Request called at 8/3/2018 9:28:33 PM   :::   21:28:33.6842252

::::::::::: BeginRequest Request called at 8/3/2018 9:28:35 PM   :::   21:28:35.2789487

::::::::::: AuthenticateRequest Request called at 8/3/2018 9:28:35 PM   :::   21:28:35.2894552

::::::::::: PostAuthenticateRequest Request called at 8/3/2018 9:28:35 PM   :::   21:28:35.2974565

::::::::::: AuthorizeRequest Request called at 8/3/2018 9:28:35 PM   :::   21:28:35.3054563

::::::::::: PostAuthorizeRequest Request called at 8/3/2018 9:28:35 PM   :::   21:28:35.3174581

::::::::::: End Request called at 8/3/2018 9:28:35 PM   :::   21:28:35.3254583

::::::::::: PostResolveRequestCache Request called at 8/3/2018 9:28:35 PM   :::   21:28:35.3374593

::::::::::: AcquireRequestState Request called at 8/3/2018 9:28:35 PM   :::   21:28:35.3454591

::::::::::: PostAcquireRequestState Request called at 8/3/2018 9:28:35 PM   :::   21:28:35.3574598

::::::::::: PreRequestHandlerExecute Request called at 8/3/2018 9:28:35 PM   :::   21:28:35.3699685

::::::::::: PreSendRequestContent Request called at 8/3/2018 9:28:43 PM   :::   21:28:43.3289973

::::::::::: PreSendRequestHeaders Request called at 8/3/2018 9:28:43 PM   :::   21:28:43.3289973

::::::::::: PostRequestHandlerExecute Request called at 8/3/2018 9:28:43 PM   :::   21:28:43.3446053

::::::::::: ReleaseRequestState Request called at 8/3/2018 9:28:43 PM   :::   21:28:43.3602306

::::::::::: PostReleaseRequestState Request called at 8/3/2018 9:28:43 PM   :::   21:28:43.3758555

::::::::::: UpdateRequestCache Request called at 8/3/2018 9:28:43 PM   :::   21:28:43.3929856

::::::::::: EndRequest Request called at 8/3/2018 9:28:43 PM   :::   21:28:43.3979892

::::::::::: PreSendRequestContent Request called at 8/3/2018 9:28:43 PM   :::   21:28:43.3979892

::::::::::: BeginRequest Request called at 8/3/2018 9:29:39 PM   :::   21:29:39.7064675

::::::::::: AuthenticateRequest Request called at 8/3/2018 9:29:39 PM   :::   21:29:39.7304941

::::::::::: PostAuthenticateRequest Request called at 8/3/2018 9:29:39 PM   :::   21:29:39.7560069

::::::::::: AuthorizeRequest Request called at 8/3/2018 9:29:39 PM   :::   21:29:39.7865245

::::::::::: PostAuthorizeRequest Request called at 8/3/2018 9:29:39 PM   :::   21:29:39.8065257

::::::::::: End Request called at 8/3/2018 9:29:39 PM   :::   21:29:39.8185449

::::::::::: PostResolveRequestCache Request called at 8/3/2018 9:29:39 PM   :::   21:29:39.8345251

::::::::::: AcquireRequestState Request called at 8/3/2018 9:29:39 PM   :::   21:29:39.8515356

::::::::::: PostAcquireRequestState Request called at 8/3/2018 9:29:39 PM   :::   21:29:39.8665455

::::::::::: PreRequestHandlerExecute Request called at 8/3/2018 9:29:39 PM   :::   21:29:39.8785521

::::::::::: PreSendRequestContent Request called at 8/3/2018 9:29:41 PM   :::   21:29:41.7680447

::::::::::: PreSendRequestHeaders Request called at 8/3/2018 9:29:41 PM   :::   21:29:41.7800485

::::::::::: PostRequestHandlerExecute Request called at 8/3/2018 9:29:41 PM   :::   21:29:41.7960496

::::::::::: ReleaseRequestState Request called at 8/3/2018 9:29:41 PM   :::   21:29:41.8040502

::::::::::: PostReleaseRequestState Request called at 8/3/2018 9:29:41 PM   :::   21:29:41.8080502

::::::::::: UpdateRequestCache Request called at 8/3/2018 9:29:41 PM   :::   21:29:41.8200513

::::::::::: EndRequest Request called at 8/3/2018 9:29:41 PM   :::   21:29:41.8240549

::::::::::: PreSendRequestContent Request called at 8/3/2018 9:29:41 PM   :::   21:29:41.8320531

::::::::::: BeginRequest Request called at 8/3/2018 9:29:44 PM   :::   21:29:44.1451987

::::::::::: AuthenticateRequest Request called at 8/3/2018 9:29:44 PM   :::   21:29:44.1737334

::::::::::: PostAuthenticateRequest Request called at 8/3/2018 9:29:44 PM   :::   21:29:44.1897380

::::::::::: AuthorizeRequest Request called at 8/3/2018 9:29:44 PM   :::   21:29:44.2017359

::::::::::: PostAuthorizeRequest Request called at 8/3/2018 9:29:44 PM   :::   21:29:44.2177351

::::::::::: End Request called at 8/3/2018 9:29:44 PM   :::   21:29:44.2297551

::::::::::: PostResolveRequestCache Request called at 8/3/2018 9:29:44 PM   :::   21:29:44.2457373

::::::::::: AcquireRequestState Request called at 8/3/2018 9:29:44 PM   :::   21:29:44.2607716

::::::::::: PostAcquireRequestState Request called at 8/3/2018 9:29:44 PM   :::   21:29:44.2738140

::::::::::: PreRequestHandlerExecute Request called at 8/3/2018 9:29:44 PM   :::   21:29:44.2857946

::::::::::: PreSendRequestContent Request called at 8/3/2018 9:29:49 PM   :::   21:29:49.5198341

::::::::::: PreSendRequestHeaders Request called at 8/3/2018 9:29:49 PM   :::   21:29:49.5438358

::::::::::: PostRequestHandlerExecute Request called at 8/3/2018 9:29:49 PM   :::   21:29:49.5653438

::::::::::: ReleaseRequestState Request called at 8/3/2018 9:29:49 PM   :::   21:29:49.5795851

::::::::::: PostReleaseRequestState Request called at 8/3/2018 9:29:49 PM   :::   21:29:49.5875865

::::::::::: UpdateRequestCache Request called at 8/3/2018 9:29:49 PM   :::   21:29:49.5995871

::::::::::: EndRequest Request called at 8/3/2018 9:29:49 PM   :::   21:29:49.6075861

::::::::::: PreSendRequestContent Request called at 8/3/2018 9:29:49 PM   :::   21:29:49.6155894

::::::::::: BeginRequest Request called at 8/3/2018 9:31:16 PM   :::   21:31:16.0121497

::::::::::: AuthenticateRequest Request called at 8/3/2018 9:31:16 PM   :::   21:31:16.0241492

::::::::::: PostAuthenticateRequest Request called at 8/3/2018 9:31:16 PM   :::   21:31:16.0361518

::::::::::: AuthorizeRequest Request called at 8/3/2018 9:31:16 PM   :::   21:31:16.0501638

::::::::::: PostAuthorizeRequest Request called at 8/3/2018 9:31:16 PM   :::   21:31:16.0556691

::::::::::: End Request called at 8/3/2018 9:31:16 PM   :::   21:31:16.0636716

::::::::::: PostResolveRequestCache Request called at 8/3/2018 9:31:16 PM   :::   21:31:16.0716726

::::::::::: AcquireRequestState Request called at 8/3/2018 9:31:16 PM   :::   21:31:16.0796719

::::::::::: PostAcquireRequestState Request called at 8/3/2018 9:31:16 PM   :::   21:31:16.0836744

::::::::::: PreRequestHandlerExecute Request called at 8/3/2018 9:31:16 PM   :::   21:31:16.0956747

::::::::::: Error Request called at 8/3/2018 9:31:16 PM   :::   21:31:16.1076741

::::::::::: EndRequest Request called at 8/3/2018 9:31:16 PM   :::   21:31:16.1196760

::::::::::: PreSendRequestContent Request called at 8/3/2018 9:31:16 PM   :::   21:31:16.1236780

::::::::::: PreSendRequestHeaders Request called at 8/3/2018 9:31:16 PM   :::   21:31:16.1316754

::::::::::: BeginRequest Request called at 8/3/2018 11:25:16 PM   :::   23:25:16.2795175

::::::::::: AuthenticateRequest Request called at 8/3/2018 11:25:16 PM   :::   23:25:16.3075181

::::::::::: PostAuthenticateRequest Request called at 8/3/2018 11:25:16 PM   :::   23:25:16.3300335

::::::::::: AuthorizeRequest Request called at 8/3/2018 11:25:16 PM   :::   23:25:16.3475513

::::::::::: PostAuthorizeRequest Request called at 8/3/2018 11:25:16 PM   :::   23:25:16.3635461

::::::::::: End Request called at 8/3/2018 11:25:16 PM   :::   23:25:16.3755622

::::::::::: PostResolveRequestCache Request called at 8/3/2018 11:25:16 PM   :::   23:25:16.3875475

::::::::::: AcquireRequestState Request called at 8/3/2018 11:25:16 PM   :::   23:25:16.3955654

::::::::::: PostAcquireRequestState Request called at 8/3/2018 11:25:16 PM   :::   23:25:16.4035632

::::::::::: PreRequestHandlerExecute Request called at 8/3/2018 11:25:16 PM   :::   23:25:16.4115484

::::::::::: PreSendRequestContent Request called at 8/3/2018 11:25:22 PM   :::   23:25:22.3353553

::::::::::: PreSendRequestHeaders Request called at 8/3/2018 11:25:22 PM   :::   23:25:22.3628707

::::::::::: PostRequestHandlerExecute Request called at 8/3/2018 11:25:22 PM   :::   23:25:22.4313889

::::::::::: ReleaseRequestState Request called at 8/3/2018 11:25:22 PM   :::   23:25:22.4545585

::::::::::: PostReleaseRequestState Request called at 8/3/2018 11:25:22 PM   :::   23:25:22.4825863

::::::::::: UpdateRequestCache Request called at 8/3/2018 11:25:22 PM   :::   23:25:22.5105668

::::::::::: EndRequest Request called at 8/3/2018 11:25:22 PM   :::   23:25:22.5385788

::::::::::: PreSendRequestContent Request called at 8/3/2018 11:25:22 PM   :::   23:25:22.5710903

::::::::::: BeginRequest Request called at 8/3/2018 11:25:36 PM   :::   23:25:36.1690148

::::::::::: AuthenticateRequest Request called at 8/3/2018 11:25:36 PM   :::   23:25:36.2050168

::::::::::: PostAuthenticateRequest Request called at 8/3/2018 11:25:36 PM   :::   23:25:36.2170206

::::::::::: AuthorizeRequest Request called at 8/3/2018 11:25:36 PM   :::   23:25:36.2370182

::::::::::: PostAuthorizeRequest Request called at 8/3/2018 11:25:36 PM   :::   23:25:36.2525326

::::::::::: End Request called at 8/3/2018 11:25:36 PM   :::   23:25:36.2610357

::::::::::: PostResolveRequestCache Request called at 8/3/2018 11:25:36 PM   :::   23:25:36.2690343

::::::::::: AcquireRequestState Request called at 8/3/2018 11:25:36 PM   :::   23:25:36.2770353

::::::::::: PostAcquireRequestState Request called at 8/3/2018 11:25:36 PM   :::   23:25:36.2890533

::::::::::: PreRequestHandlerExecute Request called at 8/3/2018 11:25:36 PM   :::   23:25:36.3010524

::::::::::: PreSendRequestContent Request called at 8/3/2018 11:25:41 PM   :::   23:25:41.5484872

::::::::::: PreSendRequestHeaders Request called at 8/3/2018 11:25:41 PM   :::   23:25:41.5624972

::::::::::: PostRequestHandlerExecute Request called at 8/3/2018 11:25:41 PM   :::   23:25:41.5785027

::::::::::: ReleaseRequestState Request called at 8/3/2018 11:25:41 PM   :::   23:25:41.5865036

::::::::::: PostReleaseRequestState Request called at 8/3/2018 11:25:41 PM   :::   23:25:41.5985043

::::::::::: UpdateRequestCache Request called at 8/3/2018 11:25:42 PM   :::   23:25:42.6720793

::::::::::: EndRequest Request called at 8/3/2018 11:25:42 PM   :::   23:25:42.6960869

::::::::::: PreSendRequestContent Request called at 8/3/2018 11:25:42 PM   :::   23:25:42.7080817

::::::::::: BeginRequest Request called at 8/3/2018 11:45:37 PM   :::   23:45:37.5586333

::::::::::: AuthenticateRequest Request called at 8/3/2018 11:45:37 PM   :::   23:45:37.5751449

::::::::::: PostAuthenticateRequest Request called at 8/3/2018 11:45:37 PM   :::   23:45:37.5921570

::::::::::: AuthorizeRequest Request called at 8/3/2018 11:45:37 PM   :::   23:45:37.6031648

::::::::::: PostAuthorizeRequest Request called at 8/3/2018 11:45:37 PM   :::   23:45:37.6131715

::::::::::: End Request called at 8/3/2018 11:45:37 PM   :::   23:45:37.6221791

::::::::::: PostResolveRequestCache Request called at 8/3/2018 11:45:37 PM   :::   23:45:37.6687112

::::::::::: AcquireRequestState Request called at 8/3/2018 11:45:37 PM   :::   23:45:37.7092403

::::::::::: PostAcquireRequestState Request called at 8/3/2018 11:45:37 PM   :::   23:45:37.7302552

::::::::::: PreRequestHandlerExecute Request called at 8/3/2018 11:45:37 PM   :::   23:45:37.7412631

::::::::::: PostRequestHandlerExecute Request called at 8/3/2018 11:45:38 PM   :::   23:45:38.9530671

::::::::::: ReleaseRequestState Request called at 8/3/2018 11:45:38 PM   :::   23:45:38.9610664

::::::::::: PostReleaseRequestState Request called at 8/3/2018 11:45:38 PM   :::   23:45:38.9730679

::::::::::: UpdateRequestCache Request called at 8/3/2018 11:45:39 PM   :::   23:45:39.0450915

::::::::::: EndRequest Request called at 8/3/2018 11:45:39 PM   :::   23:45:39.0570934

::::::::::: PreSendRequestContent Request called at 8/3/2018 11:45:39 PM   :::   23:45:39.0690936

::::::::::: PreSendRequestHeaders Request called at 8/3/2018 11:45:39 PM   :::   23:45:39.0791003

::::::::::: BeginRequest Request called at 8/3/2018 11:45:57 PM   :::   23:45:57.3755180

::::::::::: AuthenticateRequest Request called at 8/3/2018 11:45:57 PM   :::   23:45:57.3850253

::::::::::: PostAuthenticateRequest Request called at 8/3/2018 11:45:57 PM   :::   23:45:57.3930318

::::::::::: AuthorizeRequest Request called at 8/3/2018 11:45:57 PM   :::   23:45:57.3995552

::::::::::: PostAuthorizeRequest Request called at 8/3/2018 11:45:57 PM   :::   23:45:57.4115566

::::::::::: End Request called at 8/3/2018 11:45:57 PM   :::   23:45:57.4195762

::::::::::: PostResolveRequestCache Request called at 8/3/2018 11:45:57 PM   :::   23:45:57.4315594

::::::::::: AcquireRequestState Request called at 8/3/2018 11:45:57 PM   :::   23:45:57.4395600

::::::::::: PostAcquireRequestState Request called at 8/3/2018 11:45:57 PM   :::   23:45:57.4475645

::::::::::: PreRequestHandlerExecute Request called at 8/3/2018 11:45:57 PM   :::   23:45:57.4595604

::::::::::: PreSendRequestContent Request called at 8/3/2018 11:47:13 PM   :::   23:47:13.6307489

::::::::::: PreSendRequestHeaders Request called at 8/3/2018 11:47:13 PM   :::   23:47:13.6377539

::::::::::: PostRequestHandlerExecute Request called at 8/3/2018 11:47:13 PM   :::   23:47:13.6612622

::::::::::: ReleaseRequestState Request called at 8/3/2018 11:47:13 PM   :::   23:47:13.6732632

::::::::::: PostReleaseRequestState Request called at 8/3/2018 11:47:13 PM   :::   23:47:13.6892624

::::::::::: UpdateRequestCache Request called at 8/3/2018 11:47:13 PM   :::   23:47:13.6972645

::::::::::: EndRequest Request called at 8/3/2018 11:47:13 PM   :::   23:47:13.7092648

::::::::::: PreSendRequestContent Request called at 8/3/2018 11:47:13 PM   :::   23:47:13.7212662

::::::::::: BeginRequest Request called at 8/3/2018 11:52:22 PM   :::   23:52:22.1759543

::::::::::: AuthenticateRequest Request called at 8/3/2018 11:52:22 PM   :::   23:52:22.1999568

::::::::::: PostAuthenticateRequest Request called at 8/3/2018 11:52:22 PM   :::   23:52:22.2339739

::::::::::: AuthorizeRequest Request called at 8/3/2018 11:52:22 PM   :::   23:52:22.2639885

::::::::::: PostAuthorizeRequest Request called at 8/3/2018 11:52:22 PM   :::   23:52:22.2799920

::::::::::: End Request called at 8/3/2018 11:52:22 PM   :::   23:52:22.2879894

::::::::::: PostResolveRequestCache Request called at 8/3/2018 11:52:22 PM   :::   23:52:22.3000063

::::::::::: AcquireRequestState Request called at 8/3/2018 11:52:22 PM   :::   23:52:22.3119915

::::::::::: PostAcquireRequestState Request called at 8/3/2018 11:52:22 PM   :::   23:52:22.3240072

::::::::::: PreRequestHandlerExecute Request called at 8/3/2018 11:52:22 PM   :::   23:52:22.3355171

::::::::::: BeginRequest Request called at 8/3/2018 11:53:08 PM   :::   23:53:08.4436197

::::::::::: AuthenticateRequest Request called at 8/3/2018 11:53:08 PM   :::   23:53:08.4836209

::::::::::: PostAuthenticateRequest Request called at 8/3/2018 11:53:08 PM   :::   23:53:08.5071312

::::::::::: AuthorizeRequest Request called at 8/3/2018 11:53:08 PM   :::   23:53:08.5201475

::::::::::: PostAuthorizeRequest Request called at 8/3/2018 11:53:08 PM   :::   23:53:08.5361455

::::::::::: End Request called at 8/3/2018 11:53:08 PM   :::   23:53:08.5521458

::::::::::: PostResolveRequestCache Request called at 8/3/2018 11:53:08 PM   :::   23:53:08.5681470

::::::::::: AcquireRequestState Request called at 8/3/2018 11:53:08 PM   :::   23:53:08.5881478

::::::::::: PostAcquireRequestState Request called at 8/3/2018 11:53:08 PM   :::   23:53:08.5961480

::::::::::: PreRequestHandlerExecute Request called at 8/3/2018 11:53:08 PM   :::   23:53:08.6106613

::::::::::: PreSendRequestContent Request called at 8/3/2018 11:53:30 PM   :::   23:53:30.0694011

::::::::::: PreSendRequestHeaders Request called at 8/3/2018 11:53:30 PM   :::   23:53:30.0734115

::::::::::: PostRequestHandlerExecute Request called at 8/3/2018 11:53:30 PM   :::   23:53:30.0974029

::::::::::: ReleaseRequestState Request called at 8/3/2018 11:53:30 PM   :::   23:53:30.1054035

::::::::::: PostReleaseRequestState Request called at 8/3/2018 11:53:30 PM   :::   23:53:30.1174093

::::::::::: UpdateRequestCache Request called at 8/3/2018 11:53:30 PM   :::   23:53:30.1279134

::::::::::: EndRequest Request called at 8/3/2018 11:53:30 PM   :::   23:53:30.1389216

::::::::::: PreSendRequestContent Request called at 8/3/2018 11:53:30 PM   :::   23:53:30.1454268

::::::::::: BeginRequest Request called at 8/3/2018 11:54:08 PM   :::   23:54:08.5603959

::::::::::: AuthenticateRequest Request called at 8/3/2018 11:54:08 PM   :::   23:54:08.6009182

::::::::::: PostAuthenticateRequest Request called at 8/3/2018 11:54:08 PM   :::   23:54:08.6209396

::::::::::: AuthorizeRequest Request called at 8/3/2018 11:54:08 PM   :::   23:54:08.6369202

::::::::::: PostAuthorizeRequest Request called at 8/3/2018 11:54:08 PM   :::   23:54:08.6449251

::::::::::: End Request called at 8/3/2018 11:54:08 PM   :::   23:54:08.6529237

::::::::::: PostResolveRequestCache Request called at 8/3/2018 11:54:08 PM   :::   23:54:08.6649228

::::::::::: AcquireRequestState Request called at 8/3/2018 11:54:08 PM   :::   23:54:08.6769238

::::::::::: PostAcquireRequestState Request called at 8/3/2018 11:54:08 PM   :::   23:54:08.6879340

::::::::::: PreRequestHandlerExecute Request called at 8/3/2018 11:54:08 PM   :::   23:54:08.7009448

::::::::::: PostRequestHandlerExecute Request called at 8/3/2018 11:54:08 PM   :::   23:54:08.9009941

::::::::::: ReleaseRequestState Request called at 8/3/2018 11:54:08 PM   :::   23:54:08.9089990

::::::::::: PostReleaseRequestState Request called at 8/3/2018 11:54:08 PM   :::   23:54:08.9169960

::::::::::: UpdateRequestCache Request called at 8/3/2018 11:54:08 PM   :::   23:54:08.9249982

::::::::::: EndRequest Request called at 8/3/2018 11:54:08 PM   :::   23:54:08.9329972

::::::::::: PreSendRequestContent Request called at 8/3/2018 11:54:08 PM   :::   23:54:08.9409981

::::::::::: PreSendRequestHeaders Request called at 8/3/2018 11:54:08 PM   :::   23:54:08.9529988

::::::::::: BeginRequest Request called at 8/3/2018 11:54:34 PM   :::   23:54:34.7382037

::::::::::: AuthenticateRequest Request called at 8/3/2018 11:54:34 PM   :::   23:54:34.7582053

::::::::::: PostAuthenticateRequest Request called at 8/3/2018 11:54:34 PM   :::   23:54:34.7742056

::::::::::: AuthorizeRequest Request called at 8/3/2018 11:54:34 PM   :::   23:54:34.7887178

::::::::::: PostAuthorizeRequest Request called at 8/3/2018 11:54:34 PM   :::   23:54:34.7982314

::::::::::: End Request called at 8/3/2018 11:54:34 PM   :::   23:54:34.8102313

::::::::::: PostResolveRequestCache Request called at 8/3/2018 11:54:34 PM   :::   23:54:34.8622359

::::::::::: AcquireRequestState Request called at 8/3/2018 11:54:34 PM   :::   23:54:34.8952535

::::::::::: PostAcquireRequestState Request called at 8/3/2018 11:54:34 PM   :::   23:54:34.9077622

::::::::::: PreRequestHandlerExecute Request called at 8/3/2018 11:54:34 PM   :::   23:54:34.9197724

::::::::::: PostRequestHandlerExecute Request called at 8/3/2018 11:54:36 PM   :::   23:54:36.0527388

::::::::::: ReleaseRequestState Request called at 8/3/2018 11:54:36 PM   :::   23:54:36.0687395

::::::::::: PostReleaseRequestState Request called at 8/3/2018 11:54:36 PM   :::   23:54:36.0807402

::::::::::: UpdateRequestCache Request called at 8/3/2018 11:54:36 PM   :::   23:54:36.1647637

::::::::::: EndRequest Request called at 8/3/2018 11:54:36 PM   :::   23:54:36.1767647

::::::::::: PreSendRequestContent Request called at 8/3/2018 11:54:36 PM   :::   23:54:36.1962760

::::::::::: PreSendRequestHeaders Request called at 8/3/2018 11:54:36 PM   :::   23:54:36.2037800

::::::::::: BeginRequest Request called at 8/3/2018 11:54:36 PM   :::   23:54:36.5447125

::::::::::: AuthenticateRequest Request called at 8/3/2018 11:54:36 PM   :::   23:54:36.5567132

::::::::::: PostAuthenticateRequest Request called at 8/3/2018 11:54:36 PM   :::   23:54:36.5647161

::::::::::: AuthorizeRequest Request called at 8/3/2018 11:54:36 PM   :::   23:54:36.5767164

::::::::::: PostAuthorizeRequest Request called at 8/3/2018 11:54:36 PM   :::   23:54:36.5887159

::::::::::: End Request called at 8/3/2018 11:54:36 PM   :::   23:54:36.5997280

::::::::::: PostResolveRequestCache Request called at 8/3/2018 11:54:36 PM   :::   23:54:36.6087372

::::::::::: AcquireRequestState Request called at 8/3/2018 11:54:36 PM   :::   23:54:36.6247364

::::::::::: PostAcquireRequestState Request called at 8/3/2018 11:54:36 PM   :::   23:54:36.6327361

::::::::::: PreRequestHandlerExecute Request called at 8/3/2018 11:54:36 PM   :::   23:54:36.6447380

::::::::::: PostRequestHandlerExecute Request called at 8/3/2018 11:54:36 PM   :::   23:54:36.7367786

::::::::::: ReleaseRequestState Request called at 8/3/2018 11:54:36 PM   :::   23:54:36.7482866

::::::::::: PostReleaseRequestState Request called at 8/3/2018 11:54:36 PM   :::   23:54:36.7597950

::::::::::: UpdateRequestCache Request called at 8/3/2018 11:54:36 PM   :::   23:54:36.7703027

::::::::::: EndRequest Request called at 8/3/2018 11:54:36 PM   :::   23:54:36.7818103

::::::::::: PreSendRequestContent Request called at 8/3/2018 11:54:36 PM   :::   23:54:36.7928181

::::::::::: PreSendRequestHeaders Request called at 8/3/2018 11:54:36 PM   :::   23:54:36.8038259

::::::::::: BeginRequest Request called at 8/3/2018 11:54:37 PM   :::   23:54:37.0949451

::::::::::: AuthenticateRequest Request called at 8/3/2018 11:54:37 PM   :::   23:54:37.1069462

::::::::::: PostAuthenticateRequest Request called at 8/3/2018 11:54:37 PM   :::   23:54:37.1189468

::::::::::: AuthorizeRequest Request called at 8/3/2018 11:54:37 PM   :::   23:54:37.1309479

::::::::::: PostAuthorizeRequest Request called at 8/3/2018 11:54:37 PM   :::   23:54:37.1429485

::::::::::: End Request called at 8/3/2018 11:54:37 PM   :::   23:54:37.1509491

::::::::::: PostResolveRequestCache Request called at 8/3/2018 11:54:37 PM   :::   23:54:37.1674595

::::::::::: AcquireRequestState Request called at 8/3/2018 11:54:37 PM   :::   23:54:37.1749650

::::::::::: PostAcquireRequestState Request called at 8/3/2018 11:54:37 PM   :::   23:54:37.1869696

::::::::::: PreRequestHandlerExecute Request called at 8/3/2018 11:54:37 PM   :::   23:54:37.1949702

::::::::::: PostRequestHandlerExecute Request called at 8/3/2018 11:54:37 PM   :::   23:54:37.2945041

::::::::::: ReleaseRequestState Request called at 8/3/2018 11:54:37 PM   :::   23:54:37.3025055

::::::::::: PostReleaseRequestState Request called at 8/3/2018 11:54:37 PM   :::   23:54:37.3145053

::::::::::: UpdateRequestCache Request called at 8/3/2018 11:54:37 PM   :::   23:54:37.3185054

::::::::::: EndRequest Request called at 8/3/2018 11:54:37 PM   :::   23:54:37.3265064

::::::::::: PreSendRequestContent Request called at 8/3/2018 11:54:37 PM   :::   23:54:37.3345073

::::::::::: PreSendRequestHeaders Request called at 8/3/2018 11:54:37 PM   :::   23:54:37.3505081

::::::::::: BeginRequest Request called at 8/3/2018 11:54:38 PM   :::   23:54:38.6647518

::::::::::: AuthenticateRequest Request called at 8/3/2018 11:54:38 PM   :::   23:54:38.6727559

::::::::::: PostAuthenticateRequest Request called at 8/3/2018 11:54:38 PM   :::   23:54:38.6797617

::::::::::: AuthorizeRequest Request called at 8/3/2018 11:54:38 PM   :::   23:54:38.6917679

::::::::::: PostAuthorizeRequest Request called at 8/3/2018 11:54:38 PM   :::   23:54:38.6997645

::::::::::: End Request called at 8/3/2018 11:54:38 PM   :::   23:54:38.7077663

::::::::::: PostResolveRequestCache Request called at 8/3/2018 11:54:38 PM   :::   23:54:38.7157838

::::::::::: AcquireRequestState Request called at 8/3/2018 11:54:38 PM   :::   23:54:38.7237650

::::::::::: PostAcquireRequestState Request called at 8/3/2018 11:54:38 PM   :::   23:54:38.7317691

::::::::::: PreRequestHandlerExecute Request called at 8/3/2018 11:54:38 PM   :::   23:54:38.7397669

::::::::::: BeginRequest Request called at 8/3/2018 11:54:54 PM   :::   23:54:54.0997363

::::::::::: AuthenticateRequest Request called at 8/3/2018 11:54:54 PM   :::   23:54:54.1117362

::::::::::: PostAuthenticateRequest Request called at 8/3/2018 11:54:54 PM   :::   23:54:54.1197371

::::::::::: AuthorizeRequest Request called at 8/3/2018 11:54:54 PM   :::   23:54:54.1317382

::::::::::: PostAuthorizeRequest Request called at 8/3/2018 11:54:54 PM   :::   23:54:54.1422451

::::::::::: End Request called at 8/3/2018 11:54:54 PM   :::   23:54:54.1512519

::::::::::: PostResolveRequestCache Request called at 8/3/2018 11:54:54 PM   :::   23:54:54.1597593

::::::::::: AcquireRequestState Request called at 8/3/2018 11:54:54 PM   :::   23:54:54.1677603

::::::::::: PostAcquireRequestState Request called at 8/3/2018 11:54:54 PM   :::   23:54:54.1797605

::::::::::: PreRequestHandlerExecute Request called at 8/3/2018 11:54:54 PM   :::   23:54:54.1877611

::::::::::: BeginRequest Request called at 8/3/2018 11:55:17 PM   :::   23:55:17.4274626

::::::::::: AuthenticateRequest Request called at 8/3/2018 11:55:17 PM   :::   23:55:17.4474643

::::::::::: PostAuthenticateRequest Request called at 8/3/2018 11:55:17 PM   :::   23:55:17.4594653

::::::::::: AuthorizeRequest Request called at 8/3/2018 11:55:17 PM   :::   23:55:17.4749726

::::::::::: PostAuthorizeRequest Request called at 8/3/2018 11:55:17 PM   :::   23:55:17.4874809

::::::::::: End Request called at 8/3/2018 11:55:17 PM   :::   23:55:17.4994859

::::::::::: PostResolveRequestCache Request called at 8/3/2018 11:55:17 PM   :::   23:55:17.5514905

::::::::::: AcquireRequestState Request called at 8/3/2018 11:55:17 PM   :::   23:55:17.5674901

::::::::::: PostAcquireRequestState Request called at 8/3/2018 11:55:17 PM   :::   23:55:17.5820022

::::::::::: PreRequestHandlerExecute Request called at 8/3/2018 11:55:17 PM   :::   23:55:17.5915103

::::::::::: PostRequestHandlerExecute Request called at 8/3/2018 11:55:18 PM   :::   23:55:18.6582521

::::::::::: ReleaseRequestState Request called at 8/3/2018 11:55:18 PM   :::   23:55:18.6702567

::::::::::: PostReleaseRequestState Request called at 8/3/2018 11:55:18 PM   :::   23:55:18.6782581

::::::::::: UpdateRequestCache Request called at 8/3/2018 11:55:18 PM   :::   23:55:18.7822832

::::::::::: EndRequest Request called at 8/3/2018 11:55:18 PM   :::   23:55:18.7982843

::::::::::: PreSendRequestContent Request called at 8/3/2018 11:55:18 PM   :::   23:55:18.8182863

::::::::::: PreSendRequestHeaders Request called at 8/3/2018 11:55:18 PM   :::   23:55:18.8262861

::::::::::: BeginRequest Request called at 8/3/2018 11:55:19 PM   :::   23:55:19.2029613

::::::::::: AuthenticateRequest Request called at 8/3/2018 11:55:19 PM   :::   23:55:19.2124714

::::::::::: PostAuthenticateRequest Request called at 8/3/2018 11:55:19 PM   :::   23:55:19.2259776

::::::::::: AuthorizeRequest Request called at 8/3/2018 11:55:19 PM   :::   23:55:19.2369855

::::::::::: PostAuthorizeRequest Request called at 8/3/2018 11:55:19 PM   :::   23:55:19.2479929

::::::::::: End Request called at 8/3/2018 11:55:19 PM   :::   23:55:19.2590007

::::::::::: PostResolveRequestCache Request called at 8/3/2018 11:55:19 PM   :::   23:55:19.2725110

::::::::::: AcquireRequestState Request called at 8/3/2018 11:55:19 PM   :::   23:55:19.2845195

::::::::::: PostAcquireRequestState Request called at 8/3/2018 11:55:19 PM   :::   23:55:19.2975284

::::::::::: PreRequestHandlerExecute Request called at 8/3/2018 11:55:19 PM   :::   23:55:19.3080360

::::::::::: AuthenticateRequest Request called at 8/3/2018 11:55:19 PM   :::   23:55:19.3420602

::::::::::: PostAuthenticateRequest Request called at 8/3/2018 11:55:19 PM   :::   23:55:19.3540688

::::::::::: AuthorizeRequest Request called at 8/3/2018 11:55:19 PM   :::   23:55:19.3645765

::::::::::: PostAuthorizeRequest Request called at 8/3/2018 11:55:19 PM   :::   23:55:19.3760845

::::::::::: End Request called at 8/3/2018 11:55:19 PM   :::   23:55:19.3880938

::::::::::: PostResolveRequestCache Request called at 8/3/2018 11:55:19 PM   :::   23:55:19.4021030

::::::::::: PostRequestHandlerExecute Request called at 8/3/2018 11:55:19 PM   :::   23:55:19.4121101

::::::::::: ReleaseRequestState Request called at 8/3/2018 11:55:19 PM   :::   23:55:19.4321239

::::::::::: PostReleaseRequestState Request called at 8/3/2018 11:55:19 PM   :::   23:55:19.4431341

::::::::::: UpdateRequestCache Request called at 8/3/2018 11:55:19 PM   :::   23:55:19.4546410

::::::::::: EndRequest Request called at 8/3/2018 11:55:19 PM   :::   23:55:19.4666495

::::::::::: PreSendRequestContent Request called at 8/3/2018 11:55:19 PM   :::   23:55:19.4801593

::::::::::: PreSendRequestHeaders Request called at 8/3/2018 11:55:19 PM   :::   23:55:19.5001728

::::::::::: PostRequestHandlerExecute Request called at 8/3/2018 11:55:19 PM   :::   23:55:19.5412016

::::::::::: ReleaseRequestState Request called at 8/3/2018 11:55:19 PM   :::   23:55:19.5527107

::::::::::: PostReleaseRequestState Request called at 8/3/2018 11:55:19 PM   :::   23:55:19.5637178

::::::::::: UpdateRequestCache Request called at 8/3/2018 11:55:19 PM   :::   23:55:19.5742255

::::::::::: EndRequest Request called at 8/3/2018 11:55:19 PM   :::   23:55:19.5847327

::::::::::: PreSendRequestContent Request called at 8/3/2018 11:55:19 PM   :::   23:55:19.5927554

::::::::::: PreSendRequestHeaders Request called at 8/3/2018 11:55:19 PM   :::   23:55:19.6047553

::::::::::: BeginRequest Request called at 8/3/2018 11:55:20 PM   :::   23:55:20.8259292

::::::::::: AuthenticateRequest Request called at 8/3/2018 11:55:20 PM   :::   23:55:20.8339278

::::::::::: PostAuthenticateRequest Request called at 8/3/2018 11:55:20 PM   :::   23:55:20.8459285

::::::::::: AuthorizeRequest Request called at 8/3/2018 11:55:20 PM   :::   23:55:20.8539306

::::::::::: PostAuthorizeRequest Request called at 8/3/2018 11:55:20 PM   :::   23:55:20.8619304

::::::::::: End Request called at 8/3/2018 11:55:20 PM   :::   23:55:20.8699349

::::::::::: PostResolveRequestCache Request called at 8/3/2018 11:55:20 PM   :::   23:55:20.8784447

::::::::::: AcquireRequestState Request called at 8/3/2018 11:55:20 PM   :::   23:55:20.8874511

::::::::::: PostAcquireRequestState Request called at 8/3/2018 11:55:20 PM   :::   23:55:20.8937155

::::::::::: PreRequestHandlerExecute Request called at 8/3/2018 11:55:20 PM   :::   23:55:20.9017165

::::::::::: PreSendRequestContent Request called at 8/3/2018 11:56:41 PM   :::   23:56:41.3639745

::::::::::: PreSendRequestHeaders Request called at 8/3/2018 11:56:41 PM   :::   23:56:41.3795828

::::::::::: PostRequestHandlerExecute Request called at 8/3/2018 11:56:41 PM   :::   23:56:41.3952050

::::::::::: ReleaseRequestState Request called at 8/3/2018 11:56:41 PM   :::   23:56:41.3952050

::::::::::: PostReleaseRequestState Request called at 8/3/2018 11:56:41 PM   :::   23:56:41.4108307

::::::::::: UpdateRequestCache Request called at 8/3/2018 11:56:41 PM   :::   23:56:41.4264576

::::::::::: EndRequest Request called at 8/3/2018 11:56:41 PM   :::   23:56:41.4425898

::::::::::: PreSendRequestContent Request called at 8/3/2018 11:56:41 PM   :::   23:56:41.4525989

