::::::::::: BeginRequest Request called at 11/27/2018 7:28:27 PM   :::   19:28:27.0956209

::::::::::: AuthenticateRequest Request called at 11/27/2018 7:28:27 PM   :::   19:28:27.1056197

::::::::::: PostAuthenticateRequest Request called at 11/27/2018 7:28:27 PM   :::   19:28:27.1106189

::::::::::: AuthorizeRequest Request called at 11/27/2018 7:28:27 PM   :::   19:28:27.1131189

::::::::::: PostAuthorizeRequest Request called at 11/27/2018 7:28:27 PM   :::   19:28:27.1151180

::::::::::: End Request called at 11/27/2018 7:28:27 PM   :::   19:28:27.1171190

::::::::::: PostResolveRequestCache Request called at 11/27/2018 7:28:27 PM   :::   19:28:27.1791181

::::::::::: AcquireRequestState Request called at 11/27/2018 7:28:27 PM   :::   19:28:27.2851190

::::::::::: PostAcquireRequestState Request called at 11/27/2018 7:28:27 PM   :::   19:28:27.2881207

::::::::::: PreRequestHandlerExecute Request called at 11/27/2018 7:28:27 PM   :::   19:28:27.2901194

::::::::::: PostRequestHandlerExecute Request called at 11/27/2018 7:28:29 PM   :::   19:28:29.5831195

::::::::::: ReleaseRequestState Request called at 11/27/2018 7:28:29 PM   :::   19:28:29.5866198

::::::::::: PostReleaseRequestState Request called at 11/27/2018 7:28:29 PM   :::   19:28:29.5916186

::::::::::: UpdateRequestCache Request called at 11/27/2018 7:28:29 PM   :::   19:28:29.6886198

::::::::::: EndRequest Request called at 11/27/2018 7:28:29 PM   :::   19:28:29.6936202

::::::::::: PreSendRequestContent Request called at 11/27/2018 7:28:29 PM   :::   19:28:29.7041191

::::::::::: PreSendRequestHeaders Request called at 11/27/2018 7:28:29 PM   :::   19:28:29.7061186

::::::::::: BeginRequest Request called at 11/27/2018 7:28:30 PM   :::   19:28:30.9176323

::::::::::: AuthenticateRequest Request called at 11/27/2018 7:28:30 PM   :::   19:28:30.9196298

::::::::::: PostAuthenticateRequest Request called at 11/27/2018 7:28:30 PM   :::   19:28:30.9206286

::::::::::: AuthorizeRequest Request called at 11/27/2018 7:28:30 PM   :::   19:28:30.9226288

::::::::::: PostAuthorizeRequest Request called at 11/27/2018 7:28:30 PM   :::   19:28:30.9236323

::::::::::: End Request called at 11/27/2018 7:28:30 PM   :::   19:28:30.9246282

::::::::::: PostResolveRequestCache Request called at 11/27/2018 7:28:30 PM   :::   19:28:30.9276288

::::::::::: AcquireRequestState Request called at 11/27/2018 7:28:30 PM   :::   19:28:30.9296279

::::::::::: PostAcquireRequestState Request called at 11/27/2018 7:28:30 PM   :::   19:28:30.9306313

::::::::::: PreRequestHandlerExecute Request called at 11/27/2018 7:28:30 PM   :::   19:28:30.9326300

::::::::::: PostRequestHandlerExecute Request called at 11/27/2018 7:28:31 PM   :::   19:28:31.0016487

::::::::::: ReleaseRequestState Request called at 11/27/2018 7:28:31 PM   :::   19:28:31.0046528

::::::::::: PostReleaseRequestState Request called at 11/27/2018 7:28:31 PM   :::   19:28:31.0086505

::::::::::: UpdateRequestCache Request called at 11/27/2018 7:28:31 PM   :::   19:28:31.0106508

::::::::::: EndRequest Request called at 11/27/2018 7:28:31 PM   :::   19:28:31.0156520

::::::::::: PreSendRequestContent Request called at 11/27/2018 7:28:31 PM   :::   19:28:31.0176526

::::::::::: PreSendRequestHeaders Request called at 11/27/2018 7:28:31 PM   :::   19:28:31.0216515

::::::::::: BeginRequest Request called at 11/27/2018 7:28:33 PM   :::   19:28:33.2374428

::::::::::: AuthenticateRequest Request called at 11/27/2018 7:28:33 PM   :::   19:28:33.2389417

::::::::::: PostAuthenticateRequest Request called at 11/27/2018 7:28:33 PM   :::   19:28:33.2429426

::::::::::: AuthorizeRequest Request called at 11/27/2018 7:28:33 PM   :::   19:28:33.2444439

::::::::::: PostAuthorizeRequest Request called at 11/27/2018 7:28:33 PM   :::   19:28:33.2464429

::::::::::: End Request called at 11/27/2018 7:28:33 PM   :::   19:28:33.2489429

::::::::::: PostResolveRequestCache Request called at 11/27/2018 7:28:33 PM   :::   19:28:33.2539433

::::::::::: AcquireRequestState Request called at 11/27/2018 7:28:33 PM   :::   19:28:33.2559424

::::::::::: PostAcquireRequestState Request called at 11/27/2018 7:28:33 PM   :::   19:28:33.2584428

::::::::::: PreRequestHandlerExecute Request called at 11/27/2018 7:28:33 PM   :::   19:28:33.2604430

::::::::::: PostRequestHandlerExecute Request called at 11/27/2018 7:28:33 PM   :::   19:28:33.3624430

::::::::::: ReleaseRequestState Request called at 11/27/2018 7:28:33 PM   :::   19:28:33.3639419

::::::::::: PostReleaseRequestState Request called at 11/27/2018 7:28:33 PM   :::   19:28:33.3669432

::::::::::: UpdateRequestCache Request called at 11/27/2018 7:28:33 PM   :::   19:28:33.3684433

::::::::::: EndRequest Request called at 11/27/2018 7:28:33 PM   :::   19:28:33.3699426

::::::::::: PreSendRequestContent Request called at 11/27/2018 7:28:33 PM   :::   19:28:33.3714411

::::::::::: PreSendRequestHeaders Request called at 11/27/2018 7:28:33 PM   :::   19:28:33.3734413

::::::::::: BeginRequest Request called at 11/27/2018 7:28:33 PM   :::   19:28:33.7579744

::::::::::: AuthenticateRequest Request called at 11/27/2018 7:28:33 PM   :::   19:28:33.7599754

::::::::::: PostAuthenticateRequest Request called at 11/27/2018 7:28:33 PM   :::   19:28:33.7619749

::::::::::: AuthorizeRequest Request called at 11/27/2018 7:28:33 PM   :::   19:28:33.7639759

::::::::::: PostAuthorizeRequest Request called at 11/27/2018 7:28:33 PM   :::   19:28:33.7649743

::::::::::: End Request called at 11/27/2018 7:28:33 PM   :::   19:28:33.7669749

::::::::::: PostResolveRequestCache Request called at 11/27/2018 7:28:33 PM   :::   19:28:33.7679772

::::::::::: AcquireRequestState Request called at 11/27/2018 7:28:33 PM   :::   19:28:33.7709762

::::::::::: PostAcquireRequestState Request called at 11/27/2018 7:28:33 PM   :::   19:28:33.7729752

::::::::::: PreRequestHandlerExecute Request called at 11/27/2018 7:28:33 PM   :::   19:28:33.7739755

::::::::::: PreSendRequestContent Request called at 11/27/2018 7:28:59 PM   :::   19:28:59.9242161

::::::::::: PreSendRequestHeaders Request called at 11/27/2018 7:28:59 PM   :::   19:28:59.9257276

::::::::::: PostRequestHandlerExecute Request called at 11/27/2018 7:28:59 PM   :::   19:28:59.9340255

::::::::::: ReleaseRequestState Request called at 11/27/2018 7:28:59 PM   :::   19:28:59.9350242

::::::::::: PostReleaseRequestState Request called at 11/27/2018 7:28:59 PM   :::   19:28:59.9370264

::::::::::: UpdateRequestCache Request called at 11/27/2018 7:28:59 PM   :::   19:28:59.9390298

::::::::::: EndRequest Request called at 11/27/2018 7:28:59 PM   :::   19:28:59.9410273

::::::::::: PreSendRequestContent Request called at 11/27/2018 7:28:59 PM   :::   19:28:59.9430259

::::::::::: BeginRequest Request called at 11/27/2018 7:44:18 PM   :::   19:44:18.3112433

::::::::::: AuthenticateRequest Request called at 11/27/2018 7:44:18 PM   :::   19:44:18.3162421

::::::::::: PostAuthenticateRequest Request called at 11/27/2018 7:44:18 PM   :::   19:44:18.3182427

::::::::::: AuthorizeRequest Request called at 11/27/2018 7:44:18 PM   :::   19:44:18.3197424

::::::::::: PostAuthorizeRequest Request called at 11/27/2018 7:44:18 PM   :::   19:44:18.3212421

::::::::::: End Request called at 11/27/2018 7:44:18 PM   :::   19:44:18.3247578

::::::::::: PostResolveRequestCache Request called at 11/27/2018 7:44:18 PM   :::   19:44:18.3282447

::::::::::: AcquireRequestState Request called at 11/27/2018 7:44:18 PM   :::   19:44:18.3307415

::::::::::: PostAcquireRequestState Request called at 11/27/2018 7:44:18 PM   :::   19:44:18.3342403

::::::::::: PreRequestHandlerExecute Request called at 11/27/2018 7:44:18 PM   :::   19:44:18.3357423

::::::::::: PostRequestHandlerExecute Request called at 11/27/2018 7:44:18 PM   :::   19:44:18.3387453

::::::::::: ReleaseRequestState Request called at 11/27/2018 7:44:18 PM   :::   19:44:18.3402414

::::::::::: PostReleaseRequestState Request called at 11/27/2018 7:44:18 PM   :::   19:44:18.3417411

::::::::::: UpdateRequestCache Request called at 11/27/2018 7:44:18 PM   :::   19:44:18.3447416

::::::::::: EndRequest Request called at 11/27/2018 7:44:18 PM   :::   19:44:18.3467431

::::::::::: PreSendRequestContent Request called at 11/27/2018 7:44:18 PM   :::   19:44:18.3487421

::::::::::: PreSendRequestHeaders Request called at 11/27/2018 7:44:18 PM   :::   19:44:18.3507408

::::::::::: BeginRequest Request called at 11/27/2018 7:44:18 PM   :::   19:44:18.5617425

::::::::::: AuthenticateRequest Request called at 11/27/2018 7:44:18 PM   :::   19:44:18.5672435

::::::::::: PostAuthenticateRequest Request called at 11/27/2018 7:44:18 PM   :::   19:44:18.5707418

::::::::::: AuthorizeRequest Request called at 11/27/2018 7:44:18 PM   :::   19:44:18.5727417

::::::::::: PostAuthorizeRequest Request called at 11/27/2018 7:44:18 PM   :::   19:44:18.5767429

::::::::::: End Request called at 11/27/2018 7:44:18 PM   :::   19:44:18.5792422

::::::::::: PostResolveRequestCache Request called at 11/27/2018 7:44:18 PM   :::   19:44:18.5912408

::::::::::: AcquireRequestState Request called at 11/27/2018 7:44:18 PM   :::   19:44:18.5957419

::::::::::: PostAcquireRequestState Request called at 11/27/2018 7:44:18 PM   :::   19:44:18.5972423

::::::::::: PreRequestHandlerExecute Request called at 11/27/2018 7:44:18 PM   :::   19:44:18.5987420

::::::::::: PostRequestHandlerExecute Request called at 11/27/2018 7:44:29 PM   :::   19:44:29.9662069

::::::::::: ReleaseRequestState Request called at 11/27/2018 7:44:29 PM   :::   19:44:29.9672096

::::::::::: PostReleaseRequestState Request called at 11/27/2018 7:44:29 PM   :::   19:44:29.9687085

::::::::::: UpdateRequestCache Request called at 11/27/2018 7:44:29 PM   :::   19:44:29.9702070

::::::::::: EndRequest Request called at 11/27/2018 7:44:29 PM   :::   19:44:29.9712077

::::::::::: BeginRequest Request called at 11/27/2018 7:45:13 PM   :::   19:45:13.1560114

::::::::::: AuthenticateRequest Request called at 11/27/2018 7:45:13 PM   :::   19:45:13.1580116

::::::::::: PostAuthenticateRequest Request called at 11/27/2018 7:45:13 PM   :::   19:45:13.1595125

::::::::::: AuthorizeRequest Request called at 11/27/2018 7:45:13 PM   :::   19:45:13.1610114

::::::::::: PostAuthorizeRequest Request called at 11/27/2018 7:45:13 PM   :::   19:45:13.1625138

::::::::::: End Request called at 11/27/2018 7:45:13 PM   :::   19:45:13.1675111

::::::::::: PostResolveRequestCache Request called at 11/27/2018 7:45:13 PM   :::   19:45:13.1690526

::::::::::: AcquireRequestState Request called at 11/27/2018 7:45:13 PM   :::   19:45:13.1705116

::::::::::: PostAcquireRequestState Request called at 11/27/2018 7:45:13 PM   :::   19:45:13.1720109

::::::::::: PreRequestHandlerExecute Request called at 11/27/2018 7:45:13 PM   :::   19:45:13.1760102

::::::::::: PostRequestHandlerExecute Request called at 11/27/2018 7:45:13 PM   :::   19:45:13.1780104

::::::::::: ReleaseRequestState Request called at 11/27/2018 7:45:13 PM   :::   19:45:13.1810134

::::::::::: PostReleaseRequestState Request called at 11/27/2018 7:45:13 PM   :::   19:45:13.1830132

::::::::::: UpdateRequestCache Request called at 11/27/2018 7:45:13 PM   :::   19:45:13.1885153

::::::::::: EndRequest Request called at 11/27/2018 7:45:13 PM   :::   19:45:13.1905112

::::::::::: PreSendRequestContent Request called at 11/27/2018 7:45:13 PM   :::   19:45:13.1925127

::::::::::: PreSendRequestHeaders Request called at 11/27/2018 7:45:13 PM   :::   19:45:13.1945137

::::::::::: BeginRequest Request called at 11/27/2018 7:45:14 PM   :::   19:45:14.1515162

::::::::::: AuthenticateRequest Request called at 11/27/2018 7:45:14 PM   :::   19:45:14.1535149

::::::::::: PostAuthenticateRequest Request called at 11/27/2018 7:45:14 PM   :::   19:45:14.1555171

::::::::::: AuthorizeRequest Request called at 11/27/2018 7:45:14 PM   :::   19:45:14.1570144

::::::::::: PostAuthorizeRequest Request called at 11/27/2018 7:45:14 PM   :::   19:45:14.1585129

::::::::::: End Request called at 11/27/2018 7:45:14 PM   :::   19:45:14.1610122

::::::::::: PostResolveRequestCache Request called at 11/27/2018 7:45:14 PM   :::   19:45:14.1700174

::::::::::: AcquireRequestState Request called at 11/27/2018 7:45:14 PM   :::   19:45:14.1860134

::::::::::: PostAcquireRequestState Request called at 11/27/2018 7:45:14 PM   :::   19:45:14.1885177

::::::::::: PreRequestHandlerExecute Request called at 11/27/2018 7:45:14 PM   :::   19:45:14.1920137

::::::::::: PreSendRequestContent Request called at 11/27/2018 7:45:18 PM   :::   19:45:18.5990156

::::::::::: PreSendRequestHeaders Request called at 11/27/2018 7:45:18 PM   :::   19:45:18.6005153

::::::::::: PostRequestHandlerExecute Request called at 11/27/2018 7:45:20 PM   :::   19:45:20.2420145

::::::::::: ReleaseRequestState Request called at 11/27/2018 7:45:20 PM   :::   19:45:20.2460166

::::::::::: PostReleaseRequestState Request called at 11/27/2018 7:45:20 PM   :::   19:45:20.2485170

::::::::::: UpdateRequestCache Request called at 11/27/2018 7:45:20 PM   :::   19:45:20.2515144

::::::::::: EndRequest Request called at 11/27/2018 7:45:20 PM   :::   19:45:20.2570146

::::::::::: PreSendRequestContent Request called at 11/27/2018 7:45:20 PM   :::   19:45:20.2630165

::::::::::: BeginRequest Request called at 11/27/2018 7:45:28 PM   :::   19:45:28.3261008

::::::::::: AuthenticateRequest Request called at 11/27/2018 7:45:28 PM   :::   19:45:28.3280979

::::::::::: PostAuthenticateRequest Request called at 11/27/2018 7:45:28 PM   :::   19:45:28.3300989

::::::::::: AuthorizeRequest Request called at 11/27/2018 7:45:28 PM   :::   19:45:28.3320999

::::::::::: PostAuthorizeRequest Request called at 11/27/2018 7:45:28 PM   :::   19:45:28.3345975

::::::::::: End Request called at 11/27/2018 7:45:28 PM   :::   19:45:28.3365962

::::::::::: PostResolveRequestCache Request called at 11/27/2018 7:45:28 PM   :::   19:45:28.3385961

::::::::::: AcquireRequestState Request called at 11/27/2018 7:45:28 PM   :::   19:45:28.3411004

::::::::::: PostAcquireRequestState Request called at 11/27/2018 7:45:28 PM   :::   19:45:28.3425973

::::::::::: PreRequestHandlerExecute Request called at 11/27/2018 7:45:28 PM   :::   19:45:28.3450981

::::::::::: PostRequestHandlerExecute Request called at 11/27/2018 7:45:28 PM   :::   19:45:28.3481050

::::::::::: ReleaseRequestState Request called at 11/27/2018 7:45:28 PM   :::   19:45:28.3515986

::::::::::: PostReleaseRequestState Request called at 11/27/2018 7:45:28 PM   :::   19:45:28.3545976

::::::::::: UpdateRequestCache Request called at 11/27/2018 7:45:28 PM   :::   19:45:28.3570968

::::::::::: EndRequest Request called at 11/27/2018 7:45:28 PM   :::   19:45:28.3590970

::::::::::: PreSendRequestContent Request called at 11/27/2018 7:45:28 PM   :::   19:45:28.3610969

::::::::::: PreSendRequestHeaders Request called at 11/27/2018 7:45:28 PM   :::   19:45:28.3625966

::::::::::: BeginRequest Request called at 11/27/2018 7:45:29 PM   :::   19:45:29.8260994

::::::::::: AuthenticateRequest Request called at 11/27/2018 7:45:29 PM   :::   19:45:29.8275979

::::::::::: PostAuthenticateRequest Request called at 11/27/2018 7:45:29 PM   :::   19:45:29.8290980

::::::::::: AuthorizeRequest Request called at 11/27/2018 7:45:29 PM   :::   19:45:29.8310998

::::::::::: PostAuthorizeRequest Request called at 11/27/2018 7:45:29 PM   :::   19:45:29.8325991

::::::::::: End Request called at 11/27/2018 7:45:29 PM   :::   19:45:29.8345985

::::::::::: PostResolveRequestCache Request called at 11/27/2018 7:45:29 PM   :::   19:45:29.8360978

::::::::::: AcquireRequestState Request called at 11/27/2018 7:45:29 PM   :::   19:45:29.8380977

::::::::::: PostAcquireRequestState Request called at 11/27/2018 7:45:29 PM   :::   19:45:29.8391004

::::::::::: PreRequestHandlerExecute Request called at 11/27/2018 7:45:29 PM   :::   19:45:29.8405989

::::::::::: PreSendRequestContent Request called at 11/27/2018 7:45:35 PM   :::   19:45:35.0901022

::::::::::: PreSendRequestHeaders Request called at 11/27/2018 7:45:35 PM   :::   19:45:35.0916010

::::::::::: PostRequestHandlerExecute Request called at 11/27/2018 7:45:36 PM   :::   19:45:36.2215980

::::::::::: ReleaseRequestState Request called at 11/27/2018 7:45:36 PM   :::   19:45:36.2236030

::::::::::: PostReleaseRequestState Request called at 11/27/2018 7:45:36 PM   :::   19:45:36.2281001

::::::::::: UpdateRequestCache Request called at 11/27/2018 7:45:36 PM   :::   19:45:36.2295994

::::::::::: EndRequest Request called at 11/27/2018 7:45:36 PM   :::   19:45:36.2306001

::::::::::: PreSendRequestContent Request called at 11/27/2018 7:45:36 PM   :::   19:45:36.2320994

::::::::::: BeginRequest Request called at 11/27/2018 7:45:56 PM   :::   19:45:56.9804060

::::::::::: AuthenticateRequest Request called at 11/27/2018 7:45:56 PM   :::   19:45:56.9824058

::::::::::: PostAuthenticateRequest Request called at 11/27/2018 7:45:56 PM   :::   19:45:56.9849058

::::::::::: AuthorizeRequest Request called at 11/27/2018 7:45:56 PM   :::   19:45:56.9874050

::::::::::: PostAuthorizeRequest Request called at 11/27/2018 7:45:57 PM   :::   19:45:57.0099070

::::::::::: End Request called at 11/27/2018 7:45:57 PM   :::   19:45:57.0119049

::::::::::: PostResolveRequestCache Request called at 11/27/2018 7:45:57 PM   :::   19:45:57.0149063

::::::::::: AcquireRequestState Request called at 11/27/2018 7:45:57 PM   :::   19:45:57.0164052

::::::::::: PostAcquireRequestState Request called at 11/27/2018 7:45:57 PM   :::   19:45:57.0179048

::::::::::: PreRequestHandlerExecute Request called at 11/27/2018 7:45:57 PM   :::   19:45:57.0199031

::::::::::: PostRequestHandlerExecute Request called at 11/27/2018 7:45:57 PM   :::   19:45:57.0264064

::::::::::: ReleaseRequestState Request called at 11/27/2018 7:45:57 PM   :::   19:45:57.0284050

::::::::::: PostReleaseRequestState Request called at 11/27/2018 7:45:57 PM   :::   19:45:57.0299039

::::::::::: UpdateRequestCache Request called at 11/27/2018 7:45:57 PM   :::   19:45:57.0314036

::::::::::: EndRequest Request called at 11/27/2018 7:45:57 PM   :::   19:45:57.0334054

::::::::::: PreSendRequestContent Request called at 11/27/2018 7:45:57 PM   :::   19:45:57.0489072

::::::::::: PreSendRequestHeaders Request called at 11/27/2018 7:45:57 PM   :::   19:45:57.0609023

::::::::::: BeginRequest Request called at 11/27/2018 7:46:00 PM   :::   19:46:00.4589065

::::::::::: AuthenticateRequest Request called at 11/27/2018 7:46:00 PM   :::   19:46:00.4624056

::::::::::: PostAuthenticateRequest Request called at 11/27/2018 7:46:00 PM   :::   19:46:00.6254083

::::::::::: AuthorizeRequest Request called at 11/27/2018 7:46:00 PM   :::   19:46:00.6299054

::::::::::: PostAuthorizeRequest Request called at 11/27/2018 7:46:00 PM   :::   19:46:00.6319060

::::::::::: End Request called at 11/27/2018 7:46:00 PM   :::   19:46:00.6459069

::::::::::: PostResolveRequestCache Request called at 11/27/2018 7:46:00 PM   :::   19:46:00.6952367

::::::::::: AcquireRequestState Request called at 11/27/2018 7:46:00 PM   :::   19:46:00.7247354

::::::::::: PostAcquireRequestState Request called at 11/27/2018 7:46:00 PM   :::   19:46:00.7262335

::::::::::: PreRequestHandlerExecute Request called at 11/27/2018 7:46:00 PM   :::   19:46:00.7557353

::::::::::: PreSendRequestContent Request called at 11/27/2018 7:46:06 PM   :::   19:46:06.3777363

::::::::::: PreSendRequestHeaders Request called at 11/27/2018 7:46:06 PM   :::   19:46:06.3797366

::::::::::: PostRequestHandlerExecute Request called at 11/27/2018 7:46:15 PM   :::   19:46:15.1312407

::::::::::: ReleaseRequestState Request called at 11/27/2018 7:46:15 PM   :::   19:46:15.1812403

::::::::::: PostReleaseRequestState Request called at 11/27/2018 7:46:15 PM   :::   19:46:15.2072411

::::::::::: UpdateRequestCache Request called at 11/27/2018 7:46:15 PM   :::   19:46:15.2272403

::::::::::: EndRequest Request called at 11/27/2018 7:46:15 PM   :::   19:46:15.2407403

::::::::::: PreSendRequestContent Request called at 11/27/2018 7:46:15 PM   :::   19:46:15.2552393

::::::::::: BeginRequest Request called at 11/27/2018 7:47:05 PM   :::   19:47:05.4343577

::::::::::: AuthenticateRequest Request called at 11/27/2018 7:47:05 PM   :::   19:47:05.4388563

::::::::::: PostAuthenticateRequest Request called at 11/27/2018 7:47:05 PM   :::   19:47:05.4458558

::::::::::: AuthorizeRequest Request called at 11/27/2018 7:47:05 PM   :::   19:47:05.4478564

::::::::::: PostAuthorizeRequest Request called at 11/27/2018 7:47:05 PM   :::   19:47:05.4503552

::::::::::: End Request called at 11/27/2018 7:47:05 PM   :::   19:47:05.4538551

::::::::::: PostResolveRequestCache Request called at 11/27/2018 7:47:05 PM   :::   19:47:05.4573567

::::::::::: AcquireRequestState Request called at 11/27/2018 7:47:05 PM   :::   19:47:05.4588571

::::::::::: PostAcquireRequestState Request called at 11/27/2018 7:47:05 PM   :::   19:47:05.4608562

::::::::::: PreRequestHandlerExecute Request called at 11/27/2018 7:47:05 PM   :::   19:47:05.4758570

::::::::::: PostRequestHandlerExecute Request called at 11/27/2018 7:47:05 PM   :::   19:47:05.4903588

::::::::::: ReleaseRequestState Request called at 11/27/2018 7:47:05 PM   :::   19:47:05.4918565

::::::::::: PostReleaseRequestState Request called at 11/27/2018 7:47:05 PM   :::   19:47:05.4933558

::::::::::: UpdateRequestCache Request called at 11/27/2018 7:47:05 PM   :::   19:47:05.4963560

::::::::::: EndRequest Request called at 11/27/2018 7:47:05 PM   :::   19:47:05.4988572

::::::::::: PreSendRequestContent Request called at 11/27/2018 7:47:05 PM   :::   19:47:05.5658563

::::::::::: PreSendRequestHeaders Request called at 11/27/2018 7:47:05 PM   :::   19:47:05.5833555

::::::::::: BeginRequest Request called at 11/27/2018 7:47:08 PM   :::   19:47:08.3883596

::::::::::: AuthenticateRequest Request called at 11/27/2018 7:47:08 PM   :::   19:47:08.4918589

::::::::::: PostAuthenticateRequest Request called at 11/27/2018 7:47:08 PM   :::   19:47:08.5353557

::::::::::: AuthorizeRequest Request called at 11/27/2018 7:47:08 PM   :::   19:47:08.5878570

::::::::::: PostAuthorizeRequest Request called at 11/27/2018 7:47:08 PM   :::   19:47:08.6018582

::::::::::: End Request called at 11/27/2018 7:47:08 PM   :::   19:47:08.6053566

::::::::::: PostResolveRequestCache Request called at 11/27/2018 7:47:08 PM   :::   19:47:08.6078582

::::::::::: AcquireRequestState Request called at 11/27/2018 7:47:08 PM   :::   19:47:08.6258576

::::::::::: PostAcquireRequestState Request called at 11/27/2018 7:47:08 PM   :::   19:47:08.6273576

::::::::::: PreRequestHandlerExecute Request called at 11/27/2018 7:47:08 PM   :::   19:47:08.6293567

::::::::::: PreSendRequestContent Request called at 11/27/2018 7:47:13 PM   :::   19:47:13.8028600

::::::::::: PreSendRequestHeaders Request called at 11/27/2018 7:47:13 PM   :::   19:47:13.8048579

::::::::::: PostRequestHandlerExecute Request called at 11/27/2018 7:47:25 PM   :::   19:47:25.4959064

::::::::::: ReleaseRequestState Request called at 11/27/2018 7:47:25 PM   :::   19:47:25.5004011

::::::::::: PostReleaseRequestState Request called at 11/27/2018 7:47:25 PM   :::   19:47:25.5113990

::::::::::: UpdateRequestCache Request called at 11/27/2018 7:47:25 PM   :::   19:47:25.5184020

::::::::::: EndRequest Request called at 11/27/2018 7:47:25 PM   :::   19:47:25.5203995

::::::::::: PreSendRequestContent Request called at 11/27/2018 7:47:25 PM   :::   19:47:25.5223998

::::::::::: BeginRequest Request called at 11/27/2018 8:05:20 PM   :::   20:05:20.1529855

::::::::::: AuthenticateRequest Request called at 11/27/2018 8:05:20 PM   :::   20:05:20.1569840

::::::::::: PostAuthenticateRequest Request called at 11/27/2018 8:05:20 PM   :::   20:05:20.1589827

::::::::::: AuthorizeRequest Request called at 11/27/2018 8:05:20 PM   :::   20:05:20.1604840

::::::::::: PostAuthorizeRequest Request called at 11/27/2018 8:05:20 PM   :::   20:05:20.1624846

::::::::::: End Request called at 11/27/2018 8:05:20 PM   :::   20:05:20.1644864

::::::::::: PostResolveRequestCache Request called at 11/27/2018 8:05:20 PM   :::   20:05:20.1704852

::::::::::: AcquireRequestState Request called at 11/27/2018 8:05:20 PM   :::   20:05:20.1729863

::::::::::: PostAcquireRequestState Request called at 11/27/2018 8:05:20 PM   :::   20:05:20.1769841

::::::::::: PreRequestHandlerExecute Request called at 11/27/2018 8:05:20 PM   :::   20:05:20.1844845

::::::::::: PostRequestHandlerExecute Request called at 11/27/2018 8:05:20 PM   :::   20:05:20.1894861

::::::::::: ReleaseRequestState Request called at 11/27/2018 8:05:20 PM   :::   20:05:20.1949846

::::::::::: PostReleaseRequestState Request called at 11/27/2018 8:05:20 PM   :::   20:05:20.1974842

::::::::::: UpdateRequestCache Request called at 11/27/2018 8:05:20 PM   :::   20:05:20.1999862

::::::::::: EndRequest Request called at 11/27/2018 8:05:20 PM   :::   20:05:20.2019865

::::::::::: PreSendRequestContent Request called at 11/27/2018 8:05:20 PM   :::   20:05:20.2039871

::::::::::: PreSendRequestHeaders Request called at 11/27/2018 8:05:20 PM   :::   20:05:20.2069821

::::::::::: BeginRequest Request called at 11/27/2018 8:05:20 PM   :::   20:05:20.2299839

::::::::::: AuthenticateRequest Request called at 11/27/2018 8:05:20 PM   :::   20:05:20.2319829

::::::::::: PostAuthenticateRequest Request called at 11/27/2018 8:05:20 PM   :::   20:05:20.2369841

::::::::::: AuthorizeRequest Request called at 11/27/2018 8:05:20 PM   :::   20:05:20.2389852

::::::::::: PostAuthorizeRequest Request called at 11/27/2018 8:05:20 PM   :::   20:05:20.2404825

::::::::::: End Request called at 11/27/2018 8:05:20 PM   :::   20:05:20.2424847

::::::::::: PostResolveRequestCache Request called at 11/27/2018 8:05:20 PM   :::   20:05:20.2459870

::::::::::: AcquireRequestState Request called at 11/27/2018 8:05:20 PM   :::   20:05:20.2509846

::::::::::: PostAcquireRequestState Request called at 11/27/2018 8:05:20 PM   :::   20:05:20.2534823

::::::::::: PreRequestHandlerExecute Request called at 11/27/2018 8:05:20 PM   :::   20:05:20.2559838

::::::::::: PreSendRequestContent Request called at 11/27/2018 8:05:33 PM   :::   20:05:33.7064281

::::::::::: PreSendRequestHeaders Request called at 11/27/2018 8:05:33 PM   :::   20:05:33.7274261

::::::::::: PostRequestHandlerExecute Request called at 11/27/2018 8:05:42 PM   :::   20:05:42.8634711

::::::::::: ReleaseRequestState Request called at 11/27/2018 8:05:42 PM   :::   20:05:42.8804718

::::::::::: PostReleaseRequestState Request called at 11/27/2018 8:05:42 PM   :::   20:05:42.8839796

::::::::::: UpdateRequestCache Request called at 11/27/2018 8:05:42 PM   :::   20:05:42.8909708

::::::::::: EndRequest Request called at 11/27/2018 8:05:42 PM   :::   20:05:42.8929710

::::::::::: PreSendRequestContent Request called at 11/27/2018 8:05:42 PM   :::   20:05:42.8999685

