::::::::::: BeginRequest Request called at 06-12-2018 08:43:45 PM   :::   20:43:45.2194411

::::::::::: AuthenticateRequest Request called at 06-12-2018 08:43:45 PM   :::   20:43:45.2354418

::::::::::: PostAuthenticateRequest Request called at 06-12-2018 08:43:45 PM   :::   20:43:45.2424401

::::::::::: AuthorizeRequest Request called at 06-12-2018 08:43:45 PM   :::   20:43:45.2484604

::::::::::: PostAuthorizeRequest Request called at 06-12-2018 08:43:45 PM   :::   20:43:45.2514398

::::::::::: End Request called at 06-12-2018 08:43:45 PM   :::   20:43:45.2544447

::::::::::: PostResolveRequestCache Request called at 06-12-2018 08:43:45 PM   :::   20:43:45.4594441

::::::::::: AcquireRequestState Request called at 06-12-2018 08:43:45 PM   :::   20:43:45.4724453

::::::::::: PostAcquireRequestState Request called at 06-12-2018 08:43:45 PM   :::   20:43:45.4754420

::::::::::: PreRequestHandlerExecute Request called at 06-12-2018 08:43:45 PM   :::   20:43:45.4764414

::::::::::: PostRequestHandlerExecute Request called at 06-12-2018 08:43:55 PM   :::   20:43:55.3815185

::::::::::: ReleaseRequestState Request called at 06-12-2018 08:43:55 PM   :::   20:43:55.3855148

::::::::::: PostReleaseRequestState Request called at 06-12-2018 08:43:55 PM   :::   20:43:55.4025180

::::::::::: UpdateRequestCache Request called at 06-12-2018 08:43:55 PM   :::   20:43:55.4095165

::::::::::: EndRequest Request called at 06-12-2018 08:43:55 PM   :::   20:43:55.4455147

::::::::::: PreSendRequestContent Request called at 06-12-2018 08:43:55 PM   :::   20:43:55.4695201

::::::::::: PreSendRequestHeaders Request called at 06-12-2018 08:43:55 PM   :::   20:43:55.4715159

::::::::::: BeginRequest Request called at 06-12-2018 08:43:55 PM   :::   20:43:55.6055136

::::::::::: AuthenticateRequest Request called at 06-12-2018 08:43:55 PM   :::   20:43:55.6065149

::::::::::: PostAuthenticateRequest Request called at 06-12-2018 08:43:55 PM   :::   20:43:55.6085234

::::::::::: AuthorizeRequest Request called at 06-12-2018 08:43:55 PM   :::   20:43:55.6105163

::::::::::: PostAuthorizeRequest Request called at 06-12-2018 08:43:55 PM   :::   20:43:55.6125173

::::::::::: End Request called at 06-12-2018 08:43:55 PM   :::   20:43:55.6195191

::::::::::: PostResolveRequestCache Request called at 06-12-2018 08:43:55 PM   :::   20:43:55.6225506

::::::::::: AcquireRequestState Request called at 06-12-2018 08:43:55 PM   :::   20:43:55.6245149

::::::::::: PostAcquireRequestState Request called at 06-12-2018 08:43:55 PM   :::   20:43:55.6265208

::::::::::: PreRequestHandlerExecute Request called at 06-12-2018 08:43:55 PM   :::   20:43:55.6285169

::::::::::: PostRequestHandlerExecute Request called at 06-12-2018 08:43:55 PM   :::   20:43:55.6455143

::::::::::: ReleaseRequestState Request called at 06-12-2018 08:43:55 PM   :::   20:43:55.6475160

::::::::::: PostReleaseRequestState Request called at 06-12-2018 08:43:55 PM   :::   20:43:55.6485150

::::::::::: UpdateRequestCache Request called at 06-12-2018 08:43:55 PM   :::   20:43:55.6505141

::::::::::: BeginRequest Request called at 06-12-2018 08:43:55 PM   :::   20:43:55.6715126

::::::::::: AuthenticateRequest Request called at 06-12-2018 08:43:55 PM   :::   20:43:55.6735167

::::::::::: PostAuthenticateRequest Request called at 06-12-2018 08:43:55 PM   :::   20:43:55.6795270

::::::::::: AuthorizeRequest Request called at 06-12-2018 08:43:55 PM   :::   20:43:55.6835146

::::::::::: PostAuthorizeRequest Request called at 06-12-2018 08:43:55 PM   :::   20:43:55.6845147

::::::::::: End Request called at 06-12-2018 08:43:55 PM   :::   20:43:55.6865172

::::::::::: PostResolveRequestCache Request called at 06-12-2018 08:43:55 PM   :::   20:43:55.6875202

::::::::::: AcquireRequestState Request called at 06-12-2018 08:43:55 PM   :::   20:43:55.6895144

::::::::::: PostAcquireRequestState Request called at 06-12-2018 08:43:55 PM   :::   20:43:55.6915153

::::::::::: PreRequestHandlerExecute Request called at 06-12-2018 08:43:55 PM   :::   20:43:55.6925141

::::::::::: BeginRequest Request called at 06-12-2018 08:43:55 PM   :::   20:43:55.7495142

::::::::::: AuthenticateRequest Request called at 06-12-2018 08:43:55 PM   :::   20:43:55.7515140

::::::::::: PostAuthenticateRequest Request called at 06-12-2018 08:43:55 PM   :::   20:43:55.7525146

::::::::::: AuthorizeRequest Request called at 06-12-2018 08:43:55 PM   :::   20:43:55.7555165

::::::::::: PostAuthorizeRequest Request called at 06-12-2018 08:43:55 PM   :::   20:43:55.7575126

::::::::::: End Request called at 06-12-2018 08:43:55 PM   :::   20:43:55.7585133

::::::::::: PostResolveRequestCache Request called at 06-12-2018 08:43:55 PM   :::   20:43:55.7605121

::::::::::: AcquireRequestState Request called at 06-12-2018 08:43:55 PM   :::   20:43:55.7625167

::::::::::: PostAcquireRequestState Request called at 06-12-2018 08:43:55 PM   :::   20:43:55.7635234

::::::::::: PreRequestHandlerExecute Request called at 06-12-2018 08:43:55 PM   :::   20:43:55.7655176

::::::::::: PostRequestHandlerExecute Request called at 06-12-2018 08:43:55 PM   :::   20:43:55.7685239

::::::::::: ReleaseRequestState Request called at 06-12-2018 08:43:55 PM   :::   20:43:55.7695273

::::::::::: PostRequestHandlerExecute Request called at 06-12-2018 08:43:55 PM   :::   20:43:55.7135400

::::::::::: BeginRequest Request called at 06-12-2018 08:43:55 PM   :::   20:43:55.7715308

::::::::::: EndRequest Request called at 06-12-2018 08:43:55 PM   :::   20:43:55.6525147

::::::::::: AuthenticateRequest Request called at 06-12-2018 08:43:55 PM   :::   20:43:55.7735236

::::::::::: PreSendRequestContent Request called at 06-12-2018 08:43:55 PM   :::   20:43:55.7735236

::::::::::: PostAuthenticateRequest Request called at 06-12-2018 08:43:55 PM   :::   20:43:55.7755256

::::::::::: PreSendRequestHeaders Request called at 06-12-2018 08:43:55 PM   :::   20:43:55.7755256

::::::::::: AuthorizeRequest Request called at 06-12-2018 08:43:55 PM   :::   20:43:55.7795336

::::::::::: PostAuthorizeRequest Request called at 06-12-2018 08:43:55 PM   :::   20:43:55.7835167

::::::::::: End Request called at 06-12-2018 08:43:55 PM   :::   20:43:55.7875151

::::::::::: PostResolveRequestCache Request called at 06-12-2018 08:43:55 PM   :::   20:43:55.7895148

::::::::::: ReleaseRequestState Request called at 06-12-2018 08:43:55 PM   :::   20:43:55.7725242

::::::::::: AcquireRequestState Request called at 06-12-2018 08:43:55 PM   :::   20:43:55.8355251

::::::::::: BeginRequest Request called at 06-12-2018 08:43:56 PM   :::   20:43:56.0645164

::::::::::: AuthenticateRequest Request called at 06-12-2018 08:43:56 PM   :::   20:43:56.0655144

::::::::::: PostAuthenticateRequest Request called at 06-12-2018 08:43:56 PM   :::   20:43:56.0675167

::::::::::: PostAcquireRequestState Request called at 06-12-2018 08:43:55 PM   :::   20:43:55.8375161

::::::::::: PreRequestHandlerExecute Request called at 06-12-2018 08:43:56 PM   :::   20:43:56.0725160

::::::::::: PostRequestHandlerExecute Request called at 06-12-2018 08:43:56 PM   :::   20:43:56.2645164

::::::::::: ReleaseRequestState Request called at 06-12-2018 08:43:56 PM   :::   20:43:56.2665159

::::::::::: PostReleaseRequestState Request called at 06-12-2018 08:43:56 PM   :::   20:43:56.2675201

::::::::::: UpdateRequestCache Request called at 06-12-2018 08:43:56 PM   :::   20:43:56.2695169

::::::::::: EndRequest Request called at 06-12-2018 08:43:56 PM   :::   20:43:56.2715174

::::::::::: PreSendRequestContent Request called at 06-12-2018 08:43:56 PM   :::   20:43:56.2725233

::::::::::: PreSendRequestHeaders Request called at 06-12-2018 08:43:56 PM   :::   20:43:56.2745174

::::::::::: AuthorizeRequest Request called at 06-12-2018 08:43:56 PM   :::   20:43:56.2915156

::::::::::: PostAuthorizeRequest Request called at 06-12-2018 08:43:56 PM   :::   20:43:56.2935170

::::::::::: End Request called at 06-12-2018 08:43:56 PM   :::   20:43:56.2965404

::::::::::: PostResolveRequestCache Request called at 06-12-2018 08:43:56 PM   :::   20:43:56.2975196

::::::::::: AcquireRequestState Request called at 06-12-2018 08:43:56 PM   :::   20:43:56.3315153

::::::::::: PostAcquireRequestState Request called at 06-12-2018 08:43:56 PM   :::   20:43:56.3325171

::::::::::: PreRequestHandlerExecute Request called at 06-12-2018 08:43:56 PM   :::   20:43:56.6735149

::::::::::: AuthenticateRequest Request called at 06-12-2018 08:43:56 PM   :::   20:43:56.7135250

::::::::::: PostAuthenticateRequest Request called at 06-12-2018 08:43:56 PM   :::   20:43:56.7165181

::::::::::: AuthorizeRequest Request called at 06-12-2018 08:43:56 PM   :::   20:43:56.7215174

::::::::::: PostAuthorizeRequest Request called at 06-12-2018 08:43:56 PM   :::   20:43:56.7235178

::::::::::: End Request called at 06-12-2018 08:43:56 PM   :::   20:43:56.7335151

::::::::::: PostResolveRequestCache Request called at 06-12-2018 08:43:56 PM   :::   20:43:56.8195213

::::::::::: EndRequest Request called at 06-12-2018 08:43:56 PM   :::   20:43:56.8585171

::::::::::: AcquireRequestState Request called at 06-12-2018 08:43:56 PM   :::   20:43:56.8605211

::::::::::: EndRequest Request called at 06-12-2018 08:43:56 PM   :::   20:43:56.9005176

::::::::::: PostAcquireRequestState Request called at 06-12-2018 08:43:56 PM   :::   20:43:56.9055183

::::::::::: PreSendRequestContent Request called at 06-12-2018 08:43:56 PM   :::   20:43:56.9055183

::::::::::: PreRequestHandlerExecute Request called at 06-12-2018 08:43:56 PM   :::   20:43:56.9655185

::::::::::: PreSendRequestHeaders Request called at 06-12-2018 08:43:57 PM   :::   20:43:57.0145167

::::::::::: PostRequestHandlerExecute Request called at 06-12-2018 08:43:57 PM   :::   20:43:57.7205179

::::::::::: ReleaseRequestState Request called at 06-12-2018 08:43:57 PM   :::   20:43:57.7215156

::::::::::: PostReleaseRequestState Request called at 06-12-2018 08:43:57 PM   :::   20:43:57.7235147

::::::::::: UpdateRequestCache Request called at 06-12-2018 08:43:57 PM   :::   20:43:57.7245160

::::::::::: EndRequest Request called at 06-12-2018 08:43:57 PM   :::   20:43:57.7255174

::::::::::: PreSendRequestContent Request called at 06-12-2018 08:43:57 PM   :::   20:43:57.7375173

::::::::::: PreSendRequestHeaders Request called at 06-12-2018 08:43:57 PM   :::   20:43:57.7395185

::::::::::: PreSendRequestHeaders Request called at 06-12-2018 08:43:57 PM   :::   20:43:57.8975222

::::::::::: PostReleaseRequestState Request called at 06-12-2018 08:43:58 PM   :::   20:43:58.0095227

::::::::::: UpdateRequestCache Request called at 06-12-2018 08:43:58 PM   :::   20:43:58.0145174

::::::::::: EndRequest Request called at 06-12-2018 08:43:58 PM   :::   20:43:58.0165177

::::::::::: PreSendRequestContent Request called at 06-12-2018 08:43:58 PM   :::   20:43:58.0185235

::::::::::: PreSendRequestHeaders Request called at 06-12-2018 08:43:58 PM   :::   20:43:58.0335177

::::::::::: BeginRequest Request called at 06-12-2018 08:43:59 PM   :::   20:43:59.1316537

::::::::::: AuthenticateRequest Request called at 06-12-2018 08:43:59 PM   :::   20:43:59.1336300

::::::::::: PostAuthenticateRequest Request called at 06-12-2018 08:43:59 PM   :::   20:43:59.1346272

::::::::::: AuthorizeRequest Request called at 06-12-2018 08:43:59 PM   :::   20:43:59.1386287

::::::::::: PostAuthorizeRequest Request called at 06-12-2018 08:43:59 PM   :::   20:43:59.1396280

::::::::::: End Request called at 06-12-2018 08:43:59 PM   :::   20:43:59.1406285

::::::::::: PostResolveRequestCache Request called at 06-12-2018 08:43:59 PM   :::   20:43:59.1416308

::::::::::: AcquireRequestState Request called at 06-12-2018 08:43:59 PM   :::   20:43:59.1506286

::::::::::: PostAcquireRequestState Request called at 06-12-2018 08:43:59 PM   :::   20:43:59.1566300

::::::::::: PreRequestHandlerExecute Request called at 06-12-2018 08:43:59 PM   :::   20:43:59.1606298

::::::::::: PostRequestHandlerExecute Request called at 06-12-2018 08:43:59 PM   :::   20:43:59.1706305

::::::::::: ReleaseRequestState Request called at 06-12-2018 08:43:59 PM   :::   20:43:59.1726289

::::::::::: PostReleaseRequestState Request called at 06-12-2018 08:43:59 PM   :::   20:43:59.1806436

::::::::::: UpdateRequestCache Request called at 06-12-2018 08:43:59 PM   :::   20:43:59.1826337

::::::::::: EndRequest Request called at 06-12-2018 08:43:59 PM   :::   20:43:59.1876496

::::::::::: PreSendRequestContent Request called at 06-12-2018 08:43:59 PM   :::   20:43:59.1966400

::::::::::: PreSendRequestHeaders Request called at 06-12-2018 08:43:59 PM   :::   20:43:59.1976284

::::::::::: BeginRequest Request called at 06-12-2018 08:44:03 PM   :::   20:44:03.2230053

::::::::::: AuthenticateRequest Request called at 06-12-2018 08:44:03 PM   :::   20:44:03.2280064

::::::::::: PostAuthenticateRequest Request called at 06-12-2018 08:44:03 PM   :::   20:44:03.2320049

::::::::::: AuthorizeRequest Request called at 06-12-2018 08:44:03 PM   :::   20:44:03.2360187

::::::::::: PostAuthorizeRequest Request called at 06-12-2018 08:44:03 PM   :::   20:44:03.2380016

::::::::::: End Request called at 06-12-2018 08:44:03 PM   :::   20:44:03.2410099

::::::::::: PostResolveRequestCache Request called at 06-12-2018 08:44:03 PM   :::   20:44:03.2570055

::::::::::: AcquireRequestState Request called at 06-12-2018 08:44:03 PM   :::   20:44:03.2620063

::::::::::: PostAcquireRequestState Request called at 06-12-2018 08:44:03 PM   :::   20:44:03.2640055

::::::::::: PreRequestHandlerExecute Request called at 06-12-2018 08:44:03 PM   :::   20:44:03.2680038

::::::::::: PostRequestHandlerExecute Request called at 06-12-2018 08:44:03 PM   :::   20:44:03.4610069

::::::::::: ReleaseRequestState Request called at 06-12-2018 08:44:03 PM   :::   20:44:03.4620113

::::::::::: PostReleaseRequestState Request called at 06-12-2018 08:44:03 PM   :::   20:44:03.4640053

::::::::::: UpdateRequestCache Request called at 06-12-2018 08:44:03 PM   :::   20:44:03.4660042

::::::::::: EndRequest Request called at 06-12-2018 08:44:03 PM   :::   20:44:03.4670030

::::::::::: PreSendRequestContent Request called at 06-12-2018 08:44:03 PM   :::   20:44:03.4690038

::::::::::: PreSendRequestHeaders Request called at 06-12-2018 08:44:03 PM   :::   20:44:03.4700055

::::::::::: BeginRequest Request called at 06-12-2018 08:44:03 PM   :::   20:44:03.4880107

::::::::::: AuthenticateRequest Request called at 06-12-2018 08:44:03 PM   :::   20:44:03.5010036

::::::::::: PostAuthenticateRequest Request called at 06-12-2018 08:44:03 PM   :::   20:44:03.5030039

::::::::::: AuthorizeRequest Request called at 06-12-2018 08:44:03 PM   :::   20:44:03.5050068

::::::::::: PostAuthorizeRequest Request called at 06-12-2018 08:44:03 PM   :::   20:44:03.5070087

::::::::::: End Request called at 06-12-2018 08:44:03 PM   :::   20:44:03.5150122

::::::::::: PostResolveRequestCache Request called at 06-12-2018 08:44:03 PM   :::   20:44:03.5170053

::::::::::: AcquireRequestState Request called at 06-12-2018 08:44:03 PM   :::   20:44:03.5190057

::::::::::: PostAcquireRequestState Request called at 06-12-2018 08:44:03 PM   :::   20:44:03.5210078

::::::::::: PreRequestHandlerExecute Request called at 06-12-2018 08:44:03 PM   :::   20:44:03.5220082

::::::::::: PostRequestHandlerExecute Request called at 06-12-2018 08:44:37 PM   :::   20:44:37.8453716

::::::::::: ReleaseRequestState Request called at 06-12-2018 08:44:37 PM   :::   20:44:37.8463927

::::::::::: PostReleaseRequestState Request called at 06-12-2018 08:44:37 PM   :::   20:44:37.8483747

::::::::::: UpdateRequestCache Request called at 06-12-2018 08:44:37 PM   :::   20:44:37.8503712

::::::::::: EndRequest Request called at 06-12-2018 08:44:37 PM   :::   20:44:37.8513728

