::::::::::: BeginRequest Request called at 18-12-2018 11:32:26 PM   :::   23:32:26.5400595

::::::::::: AuthenticateRequest Request called at 18-12-2018 11:32:26 PM   :::   23:32:26.5490565

::::::::::: PostAuthenticateRequest Request called at 18-12-2018 11:32:26 PM   :::   23:32:26.5620550

::::::::::: AuthorizeRequest Request called at 18-12-2018 11:32:26 PM   :::   23:32:26.5640549

::::::::::: PostAuthorizeRequest Request called at 18-12-2018 11:32:26 PM   :::   23:32:26.5660533

::::::::::: End Request called at 18-12-2018 11:32:26 PM   :::   23:32:26.5670545

::::::::::: PostResolveRequestCache Request called at 18-12-2018 11:32:26 PM   :::   23:32:26.5880625

::::::::::: AcquireRequestState Request called at 18-12-2018 11:32:26 PM   :::   23:32:26.6000550

::::::::::: PostAcquireRequestState Request called at 18-12-2018 11:32:26 PM   :::   23:32:26.6030792

::::::::::: PreRequestHandlerExecute Request called at 18-12-2018 11:32:26 PM   :::   23:32:26.6040566

::::::::::: PostRequestHandlerExecute Request called at 18-12-2018 11:32:26 PM   :::   23:32:26.7440552

::::::::::: ReleaseRequestState Request called at 18-12-2018 11:32:26 PM   :::   23:32:26.7460559

::::::::::: PostReleaseRequestState Request called at 18-12-2018 11:32:26 PM   :::   23:32:26.7480555

::::::::::: UpdateRequestCache Request called at 18-12-2018 11:32:26 PM   :::   23:32:26.7500531

::::::::::: EndRequest Request called at 18-12-2018 11:32:26 PM   :::   23:32:26.7550547

::::::::::: PreSendRequestContent Request called at 18-12-2018 11:32:26 PM   :::   23:32:26.7660569

::::::::::: PreSendRequestHeaders Request called at 18-12-2018 11:32:26 PM   :::   23:32:26.7680527

::::::::::: BeginRequest Request called at 18-12-2018 11:32:26 PM   :::   23:32:26.7800642

::::::::::: AuthenticateRequest Request called at 18-12-2018 11:32:26 PM   :::   23:32:26.7810553

::::::::::: PostAuthenticateRequest Request called at 18-12-2018 11:32:26 PM   :::   23:32:26.7830592

::::::::::: AuthorizeRequest Request called at 18-12-2018 11:32:26 PM   :::   23:32:26.7840540

::::::::::: PostAuthorizeRequest Request called at 18-12-2018 11:32:26 PM   :::   23:32:26.7850533

::::::::::: End Request called at 18-12-2018 11:32:26 PM   :::   23:32:26.7870522

::::::::::: PostResolveRequestCache Request called at 18-12-2018 11:32:26 PM   :::   23:32:26.7880586

::::::::::: AcquireRequestState Request called at 18-12-2018 11:32:26 PM   :::   23:32:26.7890577

::::::::::: PostAcquireRequestState Request called at 18-12-2018 11:32:26 PM   :::   23:32:26.7910567

::::::::::: PreRequestHandlerExecute Request called at 18-12-2018 11:32:26 PM   :::   23:32:26.7920566

::::::::::: PostRequestHandlerExecute Request called at 18-12-2018 11:32:46 PM   :::   23:32:46.5250518

::::::::::: ReleaseRequestState Request called at 18-12-2018 11:32:46 PM   :::   23:32:46.5260532

::::::::::: PostReleaseRequestState Request called at 18-12-2018 11:32:46 PM   :::   23:32:46.5280542

::::::::::: UpdateRequestCache Request called at 18-12-2018 11:32:46 PM   :::   23:32:46.5290541

::::::::::: EndRequest Request called at 18-12-2018 11:32:46 PM   :::   23:32:46.5300563

::::::::::: BeginRequest Request called at 18-12-2018 11:40:54 PM   :::   23:40:54.0564831

::::::::::: AuthenticateRequest Request called at 18-12-2018 11:40:54 PM   :::   23:40:54.0584817

::::::::::: PostAuthenticateRequest Request called at 18-12-2018 11:40:54 PM   :::   23:40:54.0594823

::::::::::: AuthorizeRequest Request called at 18-12-2018 11:40:54 PM   :::   23:40:54.0604830

::::::::::: PostAuthorizeRequest Request called at 18-12-2018 11:40:54 PM   :::   23:40:54.0614852

::::::::::: End Request called at 18-12-2018 11:40:54 PM   :::   23:40:54.0624812

::::::::::: PostResolveRequestCache Request called at 18-12-2018 11:40:54 PM   :::   23:40:54.0644854

::::::::::: AcquireRequestState Request called at 18-12-2018 11:40:54 PM   :::   23:40:54.0654870

::::::::::: PostAcquireRequestState Request called at 18-12-2018 11:40:54 PM   :::   23:40:54.0664859

::::::::::: PreRequestHandlerExecute Request called at 18-12-2018 11:40:54 PM   :::   23:40:54.0674831

::::::::::: PostRequestHandlerExecute Request called at 18-12-2018 11:40:54 PM   :::   23:40:54.0684834

::::::::::: ReleaseRequestState Request called at 18-12-2018 11:40:54 PM   :::   23:40:54.0704818

::::::::::: PostReleaseRequestState Request called at 18-12-2018 11:40:54 PM   :::   23:40:54.0714864

::::::::::: UpdateRequestCache Request called at 18-12-2018 11:40:54 PM   :::   23:40:54.0724835

::::::::::: EndRequest Request called at 18-12-2018 11:40:54 PM   :::   23:40:54.0734837

::::::::::: PreSendRequestContent Request called at 18-12-2018 11:40:54 PM   :::   23:40:54.0744822

::::::::::: PreSendRequestHeaders Request called at 18-12-2018 11:40:54 PM   :::   23:40:54.0764818

::::::::::: BeginRequest Request called at 18-12-2018 11:40:54 PM   :::   23:40:54.1514877

::::::::::: AuthenticateRequest Request called at 18-12-2018 11:40:54 PM   :::   23:40:54.1524861

::::::::::: PostAuthenticateRequest Request called at 18-12-2018 11:40:54 PM   :::   23:40:54.1544842

::::::::::: AuthorizeRequest Request called at 18-12-2018 11:40:54 PM   :::   23:40:54.1564832

::::::::::: PostAuthorizeRequest Request called at 18-12-2018 11:40:54 PM   :::   23:40:54.1574813

::::::::::: End Request called at 18-12-2018 11:40:54 PM   :::   23:40:54.1594954

::::::::::: PostResolveRequestCache Request called at 18-12-2018 11:40:54 PM   :::   23:40:54.1624877

::::::::::: AcquireRequestState Request called at 18-12-2018 11:40:54 PM   :::   23:40:54.1634842

::::::::::: PostAcquireRequestState Request called at 18-12-2018 11:40:54 PM   :::   23:40:54.1654878

::::::::::: PreRequestHandlerExecute Request called at 18-12-2018 11:40:54 PM   :::   23:40:54.1664831

::::::::::: BeginRequest Request called at 18-12-2018 11:41:14 PM   :::   23:41:14.3627762

::::::::::: AuthenticateRequest Request called at 18-12-2018 11:41:14 PM   :::   23:41:14.3637846

::::::::::: PostAuthenticateRequest Request called at 18-12-2018 11:41:14 PM   :::   23:41:14.3657774

::::::::::: AuthorizeRequest Request called at 18-12-2018 11:41:14 PM   :::   23:41:14.3667761

::::::::::: PostAuthorizeRequest Request called at 18-12-2018 11:41:14 PM   :::   23:41:14.3678052

::::::::::: End Request called at 18-12-2018 11:41:14 PM   :::   23:41:14.3697772

::::::::::: PostResolveRequestCache Request called at 18-12-2018 11:41:14 PM   :::   23:41:14.3707801

::::::::::: AcquireRequestState Request called at 18-12-2018 11:41:14 PM   :::   23:41:14.3727827

::::::::::: PostAcquireRequestState Request called at 18-12-2018 11:41:14 PM   :::   23:41:14.3737773

::::::::::: PreRequestHandlerExecute Request called at 18-12-2018 11:41:14 PM   :::   23:41:14.3747757

::::::::::: PostRequestHandlerExecute Request called at 18-12-2018 11:41:14 PM   :::   23:41:14.3777759

::::::::::: ReleaseRequestState Request called at 18-12-2018 11:41:14 PM   :::   23:41:14.3787777

::::::::::: PostReleaseRequestState Request called at 18-12-2018 11:41:14 PM   :::   23:41:14.3797781

::::::::::: UpdateRequestCache Request called at 18-12-2018 11:41:14 PM   :::   23:41:14.3817788

::::::::::: EndRequest Request called at 18-12-2018 11:41:14 PM   :::   23:41:14.3827773

::::::::::: PreSendRequestContent Request called at 18-12-2018 11:41:14 PM   :::   23:41:14.3837808

::::::::::: PreSendRequestHeaders Request called at 18-12-2018 11:41:14 PM   :::   23:41:14.3847783

::::::::::: BeginRequest Request called at 18-12-2018 11:41:14 PM   :::   23:41:14.4177767

::::::::::: AuthenticateRequest Request called at 18-12-2018 11:41:14 PM   :::   23:41:14.4197768

::::::::::: PostAuthenticateRequest Request called at 18-12-2018 11:41:14 PM   :::   23:41:14.4217789

::::::::::: AuthorizeRequest Request called at 18-12-2018 11:41:14 PM   :::   23:41:14.4227767

::::::::::: PostAuthorizeRequest Request called at 18-12-2018 11:41:14 PM   :::   23:41:14.4247973

::::::::::: End Request called at 18-12-2018 11:41:14 PM   :::   23:41:14.4308059

::::::::::: PostResolveRequestCache Request called at 18-12-2018 11:41:14 PM   :::   23:41:14.4317790

::::::::::: AcquireRequestState Request called at 18-12-2018 11:41:14 PM   :::   23:41:14.4337749

::::::::::: PostAcquireRequestState Request called at 18-12-2018 11:41:14 PM   :::   23:41:14.4347742

::::::::::: PreRequestHandlerExecute Request called at 18-12-2018 11:41:14 PM   :::   23:41:14.4357758

::::::::::: PostRequestHandlerExecute Request called at 18-12-2018 11:41:16 PM   :::   23:41:16.2157381

::::::::::: ReleaseRequestState Request called at 18-12-2018 11:41:16 PM   :::   23:41:16.2167391

::::::::::: PostReleaseRequestState Request called at 18-12-2018 11:41:16 PM   :::   23:41:16.2177400

::::::::::: UpdateRequestCache Request called at 18-12-2018 11:41:16 PM   :::   23:41:16.2187423

::::::::::: EndRequest Request called at 18-12-2018 11:41:16 PM   :::   23:41:16.2197409

::::::::::: PreSendRequestContent Request called at 18-12-2018 11:41:16 PM   :::   23:41:16.2207387

::::::::::: PreSendRequestHeaders Request called at 18-12-2018 11:41:16 PM   :::   23:41:16.2217384

::::::::::: PreSendRequestContent Request called at 18-12-2018 11:41:59 PM   :::   23:41:59.5645594

::::::::::: PreSendRequestHeaders Request called at 18-12-2018 11:41:59 PM   :::   23:41:59.5655515

::::::::::: PostRequestHandlerExecute Request called at 18-12-2018 11:41:59 PM   :::   23:41:59.6075490

::::::::::: ReleaseRequestState Request called at 18-12-2018 11:41:59 PM   :::   23:41:59.6095516

::::::::::: PostReleaseRequestState Request called at 18-12-2018 11:41:59 PM   :::   23:41:59.6105465

::::::::::: UpdateRequestCache Request called at 18-12-2018 11:41:59 PM   :::   23:41:59.6125465

::::::::::: EndRequest Request called at 18-12-2018 11:41:59 PM   :::   23:41:59.6135484

::::::::::: PreSendRequestContent Request called at 18-12-2018 11:41:59 PM   :::   23:41:59.6145471

::::::::::: BeginRequest Request called at 18-12-2018 11:46:46 PM   :::   23:46:46.3883976

::::::::::: AuthenticateRequest Request called at 18-12-2018 11:46:46 PM   :::   23:46:46.3903935

::::::::::: PostAuthenticateRequest Request called at 18-12-2018 11:46:46 PM   :::   23:46:46.3923969

::::::::::: AuthorizeRequest Request called at 18-12-2018 11:46:46 PM   :::   23:46:46.3943943

::::::::::: PostAuthorizeRequest Request called at 18-12-2018 11:46:46 PM   :::   23:46:46.3953956

::::::::::: End Request called at 18-12-2018 11:46:46 PM   :::   23:46:46.3973937

::::::::::: PostResolveRequestCache Request called at 18-12-2018 11:46:46 PM   :::   23:46:46.4004370

::::::::::: AcquireRequestState Request called at 18-12-2018 11:46:46 PM   :::   23:46:46.4023998

::::::::::: PostAcquireRequestState Request called at 18-12-2018 11:46:46 PM   :::   23:46:46.4043971

::::::::::: PreRequestHandlerExecute Request called at 18-12-2018 11:46:46 PM   :::   23:46:46.4053967

::::::::::: BeginRequest Request called at 18-12-2018 11:47:14 PM   :::   23:47:14.3186836

::::::::::: AuthenticateRequest Request called at 18-12-2018 11:47:14 PM   :::   23:47:14.3206886

::::::::::: PostAuthenticateRequest Request called at 18-12-2018 11:47:14 PM   :::   23:47:14.3216800

::::::::::: AuthorizeRequest Request called at 18-12-2018 11:47:14 PM   :::   23:47:14.3236839

::::::::::: PostAuthorizeRequest Request called at 18-12-2018 11:47:14 PM   :::   23:47:14.3246818

::::::::::: End Request called at 18-12-2018 11:47:14 PM   :::   23:47:14.3266857

::::::::::: PostResolveRequestCache Request called at 18-12-2018 11:47:14 PM   :::   23:47:14.3296803

::::::::::: AcquireRequestState Request called at 18-12-2018 11:47:14 PM   :::   23:47:14.3326819

::::::::::: PostAcquireRequestState Request called at 18-12-2018 11:47:14 PM   :::   23:47:14.3367074

::::::::::: PreRequestHandlerExecute Request called at 18-12-2018 11:47:14 PM   :::   23:47:14.3376794

::::::::::: PostRequestHandlerExecute Request called at 18-12-2018 11:47:14 PM   :::   23:47:14.3406805

::::::::::: ReleaseRequestState Request called at 18-12-2018 11:47:14 PM   :::   23:47:14.3422074

::::::::::: PostReleaseRequestState Request called at 18-12-2018 11:47:14 PM   :::   23:47:14.3432083

::::::::::: UpdateRequestCache Request called at 18-12-2018 11:47:14 PM   :::   23:47:14.3452081

::::::::::: EndRequest Request called at 18-12-2018 11:47:14 PM   :::   23:47:14.3462117

::::::::::: PreSendRequestContent Request called at 18-12-2018 11:47:14 PM   :::   23:47:14.3482119

::::::::::: PreSendRequestHeaders Request called at 18-12-2018 11:47:14 PM   :::   23:47:14.3502081

::::::::::: BeginRequest Request called at 18-12-2018 11:47:14 PM   :::   23:47:14.5592150

::::::::::: AuthenticateRequest Request called at 18-12-2018 11:47:14 PM   :::   23:47:14.5602096

::::::::::: PostAuthenticateRequest Request called at 18-12-2018 11:47:14 PM   :::   23:47:14.5622086

::::::::::: AuthorizeRequest Request called at 18-12-2018 11:47:14 PM   :::   23:47:14.5632095

::::::::::: PostAuthorizeRequest Request called at 18-12-2018 11:47:14 PM   :::   23:47:14.5652092

::::::::::: End Request called at 18-12-2018 11:47:14 PM   :::   23:47:14.5662350

::::::::::: PostResolveRequestCache Request called at 18-12-2018 11:47:14 PM   :::   23:47:14.5692166

::::::::::: AcquireRequestState Request called at 18-12-2018 11:47:14 PM   :::   23:47:14.5712105

::::::::::: PostAcquireRequestState Request called at 18-12-2018 11:47:14 PM   :::   23:47:14.5732236

::::::::::: PreRequestHandlerExecute Request called at 18-12-2018 11:47:14 PM   :::   23:47:14.5752081

::::::::::: PostRequestHandlerExecute Request called at 18-12-2018 11:47:19 PM   :::   23:47:19.7658068

::::::::::: ReleaseRequestState Request called at 18-12-2018 11:47:19 PM   :::   23:47:19.7668066

::::::::::: PostReleaseRequestState Request called at 18-12-2018 11:47:19 PM   :::   23:47:19.7688054

::::::::::: UpdateRequestCache Request called at 18-12-2018 11:47:19 PM   :::   23:47:19.7698330

::::::::::: EndRequest Request called at 18-12-2018 11:47:19 PM   :::   23:47:19.7708050

::::::::::: PreSendRequestContent Request called at 18-12-2018 11:47:53 PM   :::   23:47:53.0577100

::::::::::: PreSendRequestHeaders Request called at 18-12-2018 11:47:53 PM   :::   23:47:53.0587106

::::::::::: PostRequestHandlerExecute Request called at 18-12-2018 11:47:53 PM   :::   23:47:53.0857127

::::::::::: ReleaseRequestState Request called at 18-12-2018 11:47:53 PM   :::   23:47:53.0877103

::::::::::: PostReleaseRequestState Request called at 18-12-2018 11:47:53 PM   :::   23:47:53.0887105

::::::::::: UpdateRequestCache Request called at 18-12-2018 11:47:53 PM   :::   23:47:53.0907137

::::::::::: EndRequest Request called at 18-12-2018 11:47:53 PM   :::   23:47:53.0917095

::::::::::: PreSendRequestContent Request called at 18-12-2018 11:47:53 PM   :::   23:47:53.0937080

::::::::::: BeginRequest Request called at 18-12-2018 11:47:56 PM   :::   23:47:56.5345307

::::::::::: AuthenticateRequest Request called at 18-12-2018 11:47:56 PM   :::   23:47:56.5365370

::::::::::: PostAuthenticateRequest Request called at 18-12-2018 11:47:56 PM   :::   23:47:56.5375357

::::::::::: AuthorizeRequest Request called at 18-12-2018 11:47:56 PM   :::   23:47:56.5395271

::::::::::: PostAuthorizeRequest Request called at 18-12-2018 11:47:56 PM   :::   23:47:56.5405347

::::::::::: End Request called at 18-12-2018 11:47:56 PM   :::   23:47:56.5415373

::::::::::: PostResolveRequestCache Request called at 18-12-2018 11:47:56 PM   :::   23:47:56.5445216

::::::::::: AcquireRequestState Request called at 18-12-2018 11:47:56 PM   :::   23:47:56.5465205

::::::::::: PostAcquireRequestState Request called at 18-12-2018 11:47:56 PM   :::   23:47:56.5475199

::::::::::: PreRequestHandlerExecute Request called at 18-12-2018 11:47:56 PM   :::   23:47:56.5495279

::::::::::: PreSendRequestContent Request called at 18-12-2018 11:48:30 PM   :::   23:48:30.2471177

::::::::::: PreSendRequestHeaders Request called at 18-12-2018 11:48:30 PM   :::   23:48:30.2481198

::::::::::: PostRequestHandlerExecute Request called at 18-12-2018 11:48:30 PM   :::   23:48:30.2561187

::::::::::: ReleaseRequestState Request called at 18-12-2018 11:48:30 PM   :::   23:48:30.2571247

::::::::::: PostReleaseRequestState Request called at 18-12-2018 11:48:30 PM   :::   23:48:30.2581193

::::::::::: UpdateRequestCache Request called at 18-12-2018 11:48:30 PM   :::   23:48:30.2591190

::::::::::: EndRequest Request called at 18-12-2018 11:48:30 PM   :::   23:48:30.2611186

::::::::::: PreSendRequestContent Request called at 18-12-2018 11:48:30 PM   :::   23:48:30.2621232

::::::::::: BeginRequest Request called at 18-12-2018 11:48:45 PM   :::   23:48:45.7441348

::::::::::: AuthenticateRequest Request called at 18-12-2018 11:48:45 PM   :::   23:48:45.7451772

::::::::::: PostAuthenticateRequest Request called at 18-12-2018 11:48:45 PM   :::   23:48:45.7461405

::::::::::: AuthorizeRequest Request called at 18-12-2018 11:48:45 PM   :::   23:48:45.7481358

::::::::::: PostAuthorizeRequest Request called at 18-12-2018 11:48:45 PM   :::   23:48:45.7491396

::::::::::: End Request called at 18-12-2018 11:48:45 PM   :::   23:48:45.7511369

::::::::::: PostResolveRequestCache Request called at 18-12-2018 11:48:45 PM   :::   23:48:45.7521427

::::::::::: AcquireRequestState Request called at 18-12-2018 11:48:45 PM   :::   23:48:45.7541407

::::::::::: PostAcquireRequestState Request called at 18-12-2018 11:48:45 PM   :::   23:48:45.7551406

::::::::::: PreRequestHandlerExecute Request called at 18-12-2018 11:48:45 PM   :::   23:48:45.7571353

::::::::::: PostRequestHandlerExecute Request called at 18-12-2018 11:48:49 PM   :::   23:48:49.7236840

::::::::::: ReleaseRequestState Request called at 18-12-2018 11:48:49 PM   :::   23:48:49.7246574

::::::::::: PostReleaseRequestState Request called at 18-12-2018 11:48:49 PM   :::   23:48:49.7266571

::::::::::: UpdateRequestCache Request called at 18-12-2018 11:48:49 PM   :::   23:48:49.7276604

::::::::::: EndRequest Request called at 18-12-2018 11:48:49 PM   :::   23:48:49.7336572

::::::::::: PreSendRequestContent Request called at 18-12-2018 11:48:49 PM   :::   23:48:49.7356595

::::::::::: PreSendRequestHeaders Request called at 18-12-2018 11:48:49 PM   :::   23:48:49.7376731

::::::::::: BeginRequest Request called at 18-12-2018 11:49:41 PM   :::   23:49:41.6083959

::::::::::: AuthenticateRequest Request called at 18-12-2018 11:49:41 PM   :::   23:49:41.6103912

::::::::::: PostAuthenticateRequest Request called at 18-12-2018 11:49:41 PM   :::   23:49:41.6113908

::::::::::: AuthorizeRequest Request called at 18-12-2018 11:49:41 PM   :::   23:49:41.6123912

::::::::::: PostAuthorizeRequest Request called at 18-12-2018 11:49:41 PM   :::   23:49:41.6133912

::::::::::: End Request called at 18-12-2018 11:49:41 PM   :::   23:49:41.6133912

::::::::::: PostResolveRequestCache Request called at 18-12-2018 11:49:41 PM   :::   23:49:41.6143904

::::::::::: AcquireRequestState Request called at 18-12-2018 11:49:41 PM   :::   23:49:41.6153902

::::::::::: PostAcquireRequestState Request called at 18-12-2018 11:49:41 PM   :::   23:49:41.6163902

::::::::::: PreRequestHandlerExecute Request called at 18-12-2018 11:49:41 PM   :::   23:49:41.6173909

::::::::::: PostRequestHandlerExecute Request called at 18-12-2018 11:49:42 PM   :::   23:49:42.0001883

::::::::::: ReleaseRequestState Request called at 18-12-2018 11:49:42 PM   :::   23:49:42.0011889

::::::::::: PostReleaseRequestState Request called at 18-12-2018 11:49:42 PM   :::   23:49:42.0021932

::::::::::: UpdateRequestCache Request called at 18-12-2018 11:49:42 PM   :::   23:49:42.0031901

::::::::::: EndRequest Request called at 18-12-2018 11:49:42 PM   :::   23:49:42.0041865

::::::::::: PreSendRequestContent Request called at 18-12-2018 11:49:42 PM   :::   23:49:42.0051865

::::::::::: PreSendRequestHeaders Request called at 18-12-2018 11:49:42 PM   :::   23:49:42.0061879

::::::::::: BeginRequest Request called at 18-12-2018 11:49:43 PM   :::   23:49:43.2901941

::::::::::: AuthenticateRequest Request called at 18-12-2018 11:49:43 PM   :::   23:49:43.2911884

::::::::::: PostAuthenticateRequest Request called at 18-12-2018 11:49:43 PM   :::   23:49:43.2931939

::::::::::: AuthorizeRequest Request called at 18-12-2018 11:49:43 PM   :::   23:49:43.2941926

::::::::::: PostAuthorizeRequest Request called at 18-12-2018 11:49:43 PM   :::   23:49:43.2941926

::::::::::: End Request called at 18-12-2018 11:49:43 PM   :::   23:49:43.2951909

::::::::::: PostResolveRequestCache Request called at 18-12-2018 11:49:43 PM   :::   23:49:43.2961907

::::::::::: AcquireRequestState Request called at 18-12-2018 11:49:43 PM   :::   23:49:43.2971915

::::::::::: PostAcquireRequestState Request called at 18-12-2018 11:49:43 PM   :::   23:49:43.2981914

::::::::::: PreRequestHandlerExecute Request called at 18-12-2018 11:49:43 PM   :::   23:49:43.2981914

::::::::::: PostRequestHandlerExecute Request called at 18-12-2018 11:49:43 PM   :::   23:49:43.6571304

::::::::::: ReleaseRequestState Request called at 18-12-2018 11:49:43 PM   :::   23:49:43.6581583

::::::::::: PostReleaseRequestState Request called at 18-12-2018 11:49:43 PM   :::   23:49:43.6591213

::::::::::: UpdateRequestCache Request called at 18-12-2018 11:49:43 PM   :::   23:49:43.6591213

::::::::::: EndRequest Request called at 18-12-2018 11:49:43 PM   :::   23:49:43.6601230

::::::::::: PreSendRequestContent Request called at 18-12-2018 11:49:43 PM   :::   23:49:43.6611197

::::::::::: PreSendRequestHeaders Request called at 18-12-2018 11:49:43 PM   :::   23:49:43.6621192

::::::::::: BeginRequest Request called at 18-12-2018 11:49:44 PM   :::   23:49:44.7900164

::::::::::: AuthenticateRequest Request called at 18-12-2018 11:49:44 PM   :::   23:49:44.7909920

::::::::::: PostAuthenticateRequest Request called at 18-12-2018 11:49:44 PM   :::   23:49:44.7919905

::::::::::: AuthorizeRequest Request called at 18-12-2018 11:49:44 PM   :::   23:49:44.7939917

::::::::::: PostAuthorizeRequest Request called at 18-12-2018 11:49:44 PM   :::   23:49:44.7949914

::::::::::: End Request called at 18-12-2018 11:49:44 PM   :::   23:49:44.7959912

::::::::::: PostResolveRequestCache Request called at 18-12-2018 11:49:44 PM   :::   23:49:44.7980036

::::::::::: AcquireRequestState Request called at 18-12-2018 11:49:44 PM   :::   23:49:44.7990600

::::::::::: PostAcquireRequestState Request called at 18-12-2018 11:49:44 PM   :::   23:49:44.7999955

::::::::::: PreRequestHandlerExecute Request called at 18-12-2018 11:49:44 PM   :::   23:49:44.8009904

::::::::::: PostRequestHandlerExecute Request called at 18-12-2018 11:49:45 PM   :::   23:49:45.1939915

::::::::::: ReleaseRequestState Request called at 18-12-2018 11:49:45 PM   :::   23:49:45.1949926

::::::::::: PostReleaseRequestState Request called at 18-12-2018 11:49:45 PM   :::   23:49:45.1959933

::::::::::: UpdateRequestCache Request called at 18-12-2018 11:49:45 PM   :::   23:49:45.1969938

::::::::::: EndRequest Request called at 18-12-2018 11:49:45 PM   :::   23:49:45.1969938

::::::::::: PreSendRequestContent Request called at 18-12-2018 11:49:45 PM   :::   23:49:45.1979931

::::::::::: PreSendRequestHeaders Request called at 18-12-2018 11:49:45 PM   :::   23:49:45.1989935

::::::::::: BeginRequest Request called at 18-12-2018 11:49:46 PM   :::   23:49:46.3339072

::::::::::: AuthenticateRequest Request called at 18-12-2018 11:49:46 PM   :::   23:49:46.3348987

::::::::::: PostAuthenticateRequest Request called at 18-12-2018 11:49:46 PM   :::   23:49:46.3359481

::::::::::: AuthorizeRequest Request called at 18-12-2018 11:49:46 PM   :::   23:49:46.3369111

::::::::::: PostAuthorizeRequest Request called at 18-12-2018 11:49:46 PM   :::   23:49:46.3369111

::::::::::: End Request called at 18-12-2018 11:49:46 PM   :::   23:49:46.3379416

::::::::::: PostResolveRequestCache Request called at 18-12-2018 11:49:46 PM   :::   23:49:46.3389410

::::::::::: AcquireRequestState Request called at 18-12-2018 11:49:46 PM   :::   23:49:46.3399483

::::::::::: PostAcquireRequestState Request called at 18-12-2018 11:49:46 PM   :::   23:49:46.3409456

::::::::::: PreRequestHandlerExecute Request called at 18-12-2018 11:49:46 PM   :::   23:49:46.3409456

::::::::::: PostRequestHandlerExecute Request called at 18-12-2018 11:49:46 PM   :::   23:49:46.7300335

::::::::::: ReleaseRequestState Request called at 18-12-2018 11:49:46 PM   :::   23:49:46.7311012

::::::::::: PostReleaseRequestState Request called at 18-12-2018 11:49:46 PM   :::   23:49:46.7320336

::::::::::: UpdateRequestCache Request called at 18-12-2018 11:49:46 PM   :::   23:49:46.7330328

::::::::::: EndRequest Request called at 18-12-2018 11:49:46 PM   :::   23:49:46.7340396

::::::::::: PreSendRequestContent Request called at 18-12-2018 11:49:46 PM   :::   23:49:46.7350320

::::::::::: PreSendRequestHeaders Request called at 18-12-2018 11:49:46 PM   :::   23:49:46.7350320

::::::::::: BeginRequest Request called at 18-12-2018 11:49:47 PM   :::   23:49:47.8257151

::::::::::: AuthenticateRequest Request called at 18-12-2018 11:49:47 PM   :::   23:49:47.8277129

::::::::::: PostAuthenticateRequest Request called at 18-12-2018 11:49:47 PM   :::   23:49:47.8287119

::::::::::: AuthorizeRequest Request called at 18-12-2018 11:49:47 PM   :::   23:49:47.8297146

::::::::::: PostAuthorizeRequest Request called at 18-12-2018 11:49:47 PM   :::   23:49:47.8297146

::::::::::: End Request called at 18-12-2018 11:49:47 PM   :::   23:49:47.8307112

::::::::::: PostResolveRequestCache Request called at 18-12-2018 11:49:47 PM   :::   23:49:47.8317118

::::::::::: AcquireRequestState Request called at 18-12-2018 11:49:47 PM   :::   23:49:47.8327162

::::::::::: PostAcquireRequestState Request called at 18-12-2018 11:49:47 PM   :::   23:49:47.8337091

::::::::::: PreRequestHandlerExecute Request called at 18-12-2018 11:49:47 PM   :::   23:49:47.8337091

::::::::::: PostRequestHandlerExecute Request called at 18-12-2018 11:49:48 PM   :::   23:49:48.2367083

::::::::::: ReleaseRequestState Request called at 18-12-2018 11:49:48 PM   :::   23:49:48.2377096

::::::::::: PostReleaseRequestState Request called at 18-12-2018 11:49:48 PM   :::   23:49:48.2387109

::::::::::: UpdateRequestCache Request called at 18-12-2018 11:49:48 PM   :::   23:49:48.2387109

::::::::::: EndRequest Request called at 18-12-2018 11:49:48 PM   :::   23:49:48.2397097

::::::::::: PreSendRequestContent Request called at 18-12-2018 11:49:48 PM   :::   23:49:48.2407091

::::::::::: PreSendRequestHeaders Request called at 18-12-2018 11:49:48 PM   :::   23:49:48.2417073

::::::::::: BeginRequest Request called at 18-12-2018 11:49:49 PM   :::   23:49:49.3404718

::::::::::: AuthenticateRequest Request called at 18-12-2018 11:49:49 PM   :::   23:49:49.3414696

::::::::::: PostAuthenticateRequest Request called at 18-12-2018 11:49:49 PM   :::   23:49:49.3424665

::::::::::: AuthorizeRequest Request called at 18-12-2018 11:49:49 PM   :::   23:49:49.3435105

::::::::::: PostAuthorizeRequest Request called at 18-12-2018 11:49:49 PM   :::   23:49:49.3444704

::::::::::: End Request called at 18-12-2018 11:49:49 PM   :::   23:49:49.3454692

::::::::::: PostResolveRequestCache Request called at 18-12-2018 11:49:49 PM   :::   23:49:49.3474690

::::::::::: AcquireRequestState Request called at 18-12-2018 11:49:49 PM   :::   23:49:49.3484676

::::::::::: PostAcquireRequestState Request called at 18-12-2018 11:49:49 PM   :::   23:49:49.3494669

::::::::::: PreRequestHandlerExecute Request called at 18-12-2018 11:49:49 PM   :::   23:49:49.3504679

::::::::::: PostRequestHandlerExecute Request called at 18-12-2018 11:49:49 PM   :::   23:49:49.7378860

::::::::::: ReleaseRequestState Request called at 18-12-2018 11:49:49 PM   :::   23:49:49.7388858

::::::::::: PostReleaseRequestState Request called at 18-12-2018 11:49:49 PM   :::   23:49:49.7398856

::::::::::: UpdateRequestCache Request called at 18-12-2018 11:49:49 PM   :::   23:49:49.7408984

::::::::::: EndRequest Request called at 18-12-2018 11:49:49 PM   :::   23:49:49.7408984

::::::::::: PreSendRequestContent Request called at 18-12-2018 11:49:49 PM   :::   23:49:49.7418856

::::::::::: PreSendRequestHeaders Request called at 18-12-2018 11:49:49 PM   :::   23:49:49.7428862

::::::::::: BeginRequest Request called at 18-12-2018 11:49:51 PM   :::   23:49:51.0829547

::::::::::: AuthenticateRequest Request called at 18-12-2018 11:49:51 PM   :::   23:49:51.0839475

::::::::::: PostAuthenticateRequest Request called at 18-12-2018 11:49:51 PM   :::   23:49:51.0849598

::::::::::: AuthorizeRequest Request called at 18-12-2018 11:49:51 PM   :::   23:49:51.0859841

::::::::::: PostAuthorizeRequest Request called at 18-12-2018 11:49:51 PM   :::   23:49:51.0869821

::::::::::: End Request called at 18-12-2018 11:49:51 PM   :::   23:49:51.0879836

::::::::::: PostResolveRequestCache Request called at 18-12-2018 11:49:51 PM   :::   23:49:51.0889470

::::::::::: AcquireRequestState Request called at 18-12-2018 11:49:51 PM   :::   23:49:51.0889470

::::::::::: PostAcquireRequestState Request called at 18-12-2018 11:49:51 PM   :::   23:49:51.0909465

::::::::::: PreRequestHandlerExecute Request called at 18-12-2018 11:49:51 PM   :::   23:49:51.0939507

::::::::::: PostRequestHandlerExecute Request called at 18-12-2018 11:49:51 PM   :::   23:49:51.4871922

::::::::::: ReleaseRequestState Request called at 18-12-2018 11:49:51 PM   :::   23:49:51.4881952

::::::::::: PostReleaseRequestState Request called at 18-12-2018 11:49:51 PM   :::   23:49:51.4891926

::::::::::: UpdateRequestCache Request called at 18-12-2018 11:49:51 PM   :::   23:49:51.4901925

::::::::::: EndRequest Request called at 18-12-2018 11:49:51 PM   :::   23:49:51.4911921

::::::::::: PreSendRequestContent Request called at 18-12-2018 11:49:51 PM   :::   23:49:51.4932303

::::::::::: PreSendRequestHeaders Request called at 18-12-2018 11:49:51 PM   :::   23:49:51.4941982

::::::::::: BeginRequest Request called at 18-12-2018 11:49:52 PM   :::   23:49:52.6715024

::::::::::: AuthenticateRequest Request called at 18-12-2018 11:49:52 PM   :::   23:49:52.6725590

::::::::::: PostAuthenticateRequest Request called at 18-12-2018 11:49:52 PM   :::   23:49:52.6744979

::::::::::: AuthorizeRequest Request called at 18-12-2018 11:49:52 PM   :::   23:49:52.6765570

::::::::::: PostAuthorizeRequest Request called at 18-12-2018 11:49:52 PM   :::   23:49:52.6785010

::::::::::: End Request called at 18-12-2018 11:49:52 PM   :::   23:49:52.6795233

::::::::::: PostResolveRequestCache Request called at 18-12-2018 11:49:52 PM   :::   23:49:52.6815005

::::::::::: AcquireRequestState Request called at 18-12-2018 11:49:52 PM   :::   23:49:52.6825011

::::::::::: PostAcquireRequestState Request called at 18-12-2018 11:49:52 PM   :::   23:49:52.6845011

::::::::::: PreRequestHandlerExecute Request called at 18-12-2018 11:49:52 PM   :::   23:49:52.6855008

::::::::::: PostRequestHandlerExecute Request called at 18-12-2018 11:49:53 PM   :::   23:49:53.0799756

::::::::::: ReleaseRequestState Request called at 18-12-2018 11:49:53 PM   :::   23:49:53.0809720

::::::::::: PostReleaseRequestState Request called at 18-12-2018 11:49:53 PM   :::   23:49:53.0819746

::::::::::: UpdateRequestCache Request called at 18-12-2018 11:49:53 PM   :::   23:49:53.0829817

::::::::::: EndRequest Request called at 18-12-2018 11:49:53 PM   :::   23:49:53.0839799

::::::::::: PreSendRequestContent Request called at 18-12-2018 11:49:53 PM   :::   23:49:53.0849790

::::::::::: PreSendRequestHeaders Request called at 18-12-2018 11:49:53 PM   :::   23:49:53.0859796

::::::::::: BeginRequest Request called at 18-12-2018 11:49:54 PM   :::   23:49:54.3729509

::::::::::: AuthenticateRequest Request called at 18-12-2018 11:49:54 PM   :::   23:49:54.3769566

::::::::::: PostAuthenticateRequest Request called at 18-12-2018 11:49:54 PM   :::   23:49:54.3789499

::::::::::: AuthorizeRequest Request called at 18-12-2018 11:49:54 PM   :::   23:49:54.3799498

::::::::::: PostAuthorizeRequest Request called at 18-12-2018 11:49:54 PM   :::   23:49:54.3819499

::::::::::: End Request called at 18-12-2018 11:49:54 PM   :::   23:49:54.3829490

::::::::::: PostResolveRequestCache Request called at 18-12-2018 11:49:54 PM   :::   23:49:54.3839495

::::::::::: AcquireRequestState Request called at 18-12-2018 11:49:54 PM   :::   23:49:54.3849479

::::::::::: PostAcquireRequestState Request called at 18-12-2018 11:49:54 PM   :::   23:49:54.3869531

::::::::::: PreRequestHandlerExecute Request called at 18-12-2018 11:49:54 PM   :::   23:49:54.3879483

::::::::::: PostRequestHandlerExecute Request called at 18-12-2018 11:49:54 PM   :::   23:49:54.7457492

::::::::::: ReleaseRequestState Request called at 18-12-2018 11:49:54 PM   :::   23:49:54.7467842

::::::::::: PostReleaseRequestState Request called at 18-12-2018 11:49:54 PM   :::   23:49:54.7487511

::::::::::: UpdateRequestCache Request called at 18-12-2018 11:49:54 PM   :::   23:49:54.7497531

::::::::::: EndRequest Request called at 18-12-2018 11:49:54 PM   :::   23:49:54.7517523

::::::::::: PreSendRequestContent Request called at 18-12-2018 11:49:54 PM   :::   23:49:54.7527520

::::::::::: PreSendRequestHeaders Request called at 18-12-2018 11:49:54 PM   :::   23:49:54.7537506

::::::::::: BeginRequest Request called at 18-12-2018 11:49:55 PM   :::   23:49:55.9721465

::::::::::: AuthenticateRequest Request called at 18-12-2018 11:49:55 PM   :::   23:49:55.9731073

::::::::::: PostAuthenticateRequest Request called at 18-12-2018 11:49:55 PM   :::   23:49:55.9761502

::::::::::: AuthorizeRequest Request called at 18-12-2018 11:49:55 PM   :::   23:49:55.9781067

::::::::::: PostAuthorizeRequest Request called at 18-12-2018 11:49:55 PM   :::   23:49:55.9801199

::::::::::: End Request called at 18-12-2018 11:49:55 PM   :::   23:49:55.9811109

::::::::::: PostResolveRequestCache Request called at 18-12-2018 11:49:55 PM   :::   23:49:55.9821086

::::::::::: AcquireRequestState Request called at 18-12-2018 11:49:55 PM   :::   23:49:55.9841069

::::::::::: PostAcquireRequestState Request called at 18-12-2018 11:49:55 PM   :::   23:49:55.9851081

::::::::::: PreRequestHandlerExecute Request called at 18-12-2018 11:49:55 PM   :::   23:49:55.9861150

::::::::::: PostRequestHandlerExecute Request called at 18-12-2018 11:49:56 PM   :::   23:49:56.3561069

::::::::::: ReleaseRequestState Request called at 18-12-2018 11:49:56 PM   :::   23:49:56.3591561

::::::::::: PostReleaseRequestState Request called at 18-12-2018 11:49:56 PM   :::   23:49:56.3611091

::::::::::: UpdateRequestCache Request called at 18-12-2018 11:49:56 PM   :::   23:49:56.3621088

::::::::::: EndRequest Request called at 18-12-2018 11:49:56 PM   :::   23:49:56.3631083

::::::::::: PreSendRequestContent Request called at 18-12-2018 11:49:56 PM   :::   23:49:56.3631083

::::::::::: PreSendRequestHeaders Request called at 18-12-2018 11:49:56 PM   :::   23:49:56.3641062

::::::::::: BeginRequest Request called at 18-12-2018 11:49:57 PM   :::   23:49:57.6987336

::::::::::: AuthenticateRequest Request called at 18-12-2018 11:49:57 PM   :::   23:49:57.7007282

::::::::::: PostAuthenticateRequest Request called at 18-12-2018 11:49:57 PM   :::   23:49:57.7017287

::::::::::: AuthorizeRequest Request called at 18-12-2018 11:49:57 PM   :::   23:49:57.7027332

::::::::::: PostAuthorizeRequest Request called at 18-12-2018 11:49:57 PM   :::   23:49:57.7037325

::::::::::: End Request called at 18-12-2018 11:49:57 PM   :::   23:49:57.7047366

::::::::::: PostResolveRequestCache Request called at 18-12-2018 11:49:57 PM   :::   23:49:57.7057374

::::::::::: AcquireRequestState Request called at 18-12-2018 11:49:57 PM   :::   23:49:57.7067327

::::::::::: PostAcquireRequestState Request called at 18-12-2018 11:49:57 PM   :::   23:49:57.7097309

::::::::::: PreRequestHandlerExecute Request called at 18-12-2018 11:49:57 PM   :::   23:49:57.7107287

::::::::::: PostRequestHandlerExecute Request called at 18-12-2018 11:49:58 PM   :::   23:49:58.0724093

::::::::::: ReleaseRequestState Request called at 18-12-2018 11:49:58 PM   :::   23:49:58.0784217

::::::::::: PostReleaseRequestState Request called at 18-12-2018 11:49:58 PM   :::   23:49:58.0794127

::::::::::: UpdateRequestCache Request called at 18-12-2018 11:49:58 PM   :::   23:49:58.0804419

::::::::::: EndRequest Request called at 18-12-2018 11:49:58 PM   :::   23:49:58.0814438

::::::::::: PreSendRequestContent Request called at 18-12-2018 11:49:58 PM   :::   23:49:58.0834081

::::::::::: PreSendRequestHeaders Request called at 18-12-2018 11:49:58 PM   :::   23:49:58.0844264

::::::::::: BeginRequest Request called at 18-12-2018 11:50:00 PM   :::   23:50:00.0038342

::::::::::: AuthenticateRequest Request called at 18-12-2018 11:50:00 PM   :::   23:50:00.0048354

::::::::::: PostAuthenticateRequest Request called at 18-12-2018 11:50:00 PM   :::   23:50:00.0088867

::::::::::: AuthorizeRequest Request called at 18-12-2018 11:50:00 PM   :::   23:50:00.0108365

::::::::::: PostAuthorizeRequest Request called at 18-12-2018 11:50:00 PM   :::   23:50:00.0118336

::::::::::: End Request called at 18-12-2018 11:50:00 PM   :::   23:50:00.0138331

::::::::::: PostResolveRequestCache Request called at 18-12-2018 11:50:00 PM   :::   23:50:00.0148321

::::::::::: AcquireRequestState Request called at 18-12-2018 11:50:00 PM   :::   23:50:00.0168330

::::::::::: PostAcquireRequestState Request called at 18-12-2018 11:50:00 PM   :::   23:50:00.0178344

::::::::::: PreRequestHandlerExecute Request called at 18-12-2018 11:50:00 PM   :::   23:50:00.0198342

::::::::::: PostRequestHandlerExecute Request called at 18-12-2018 11:50:00 PM   :::   23:50:00.3761332

::::::::::: ReleaseRequestState Request called at 18-12-2018 11:50:00 PM   :::   23:50:00.3771303

::::::::::: PostReleaseRequestState Request called at 18-12-2018 11:50:00 PM   :::   23:50:00.3781345

::::::::::: UpdateRequestCache Request called at 18-12-2018 11:50:00 PM   :::   23:50:00.3791333

::::::::::: EndRequest Request called at 18-12-2018 11:50:00 PM   :::   23:50:00.3791333

::::::::::: PreSendRequestContent Request called at 18-12-2018 11:50:00 PM   :::   23:50:00.3801323

::::::::::: PreSendRequestHeaders Request called at 18-12-2018 11:50:00 PM   :::   23:50:00.3811362

::::::::::: BeginRequest Request called at 18-12-2018 11:58:28 PM   :::   23:58:28.6820256

::::::::::: AuthenticateRequest Request called at 18-12-2018 11:58:28 PM   :::   23:58:28.6830589

::::::::::: PostAuthenticateRequest Request called at 18-12-2018 11:58:28 PM   :::   23:58:28.6840209

::::::::::: AuthorizeRequest Request called at 18-12-2018 11:58:28 PM   :::   23:58:28.6850530

::::::::::: PostAuthorizeRequest Request called at 18-12-2018 11:58:28 PM   :::   23:58:28.6860523

::::::::::: End Request called at 18-12-2018 11:58:28 PM   :::   23:58:28.6860523

::::::::::: PostResolveRequestCache Request called at 18-12-2018 11:58:28 PM   :::   23:58:28.6880187

::::::::::: AcquireRequestState Request called at 18-12-2018 11:58:28 PM   :::   23:58:28.6900191

::::::::::: PostAcquireRequestState Request called at 18-12-2018 11:58:28 PM   :::   23:58:28.6920195

::::::::::: PreRequestHandlerExecute Request called at 18-12-2018 11:58:28 PM   :::   23:58:28.6930222

::::::::::: PostRequestHandlerExecute Request called at 18-12-2018 11:58:30 PM   :::   23:58:30.5130303

::::::::::: ReleaseRequestState Request called at 18-12-2018 11:58:30 PM   :::   23:58:30.5140286

::::::::::: PostReleaseRequestState Request called at 18-12-2018 11:58:30 PM   :::   23:58:30.5160325

::::::::::: UpdateRequestCache Request called at 18-12-2018 11:58:30 PM   :::   23:58:30.5170315

::::::::::: EndRequest Request called at 18-12-2018 11:58:30 PM   :::   23:58:30.5180302

::::::::::: PreSendRequestContent Request called at 18-12-2018 11:58:30 PM   :::   23:58:30.5190349

::::::::::: PreSendRequestHeaders Request called at 18-12-2018 11:58:30 PM   :::   23:58:30.5190349

::::::::::: BeginRequest Request called at 18-12-2018 11:58:31 PM   :::   23:58:31.6861765

::::::::::: AuthenticateRequest Request called at 18-12-2018 11:58:31 PM   :::   23:58:31.6871976

::::::::::: PostAuthenticateRequest Request called at 18-12-2018 11:58:31 PM   :::   23:58:31.6881794

::::::::::: AuthorizeRequest Request called at 18-12-2018 11:58:31 PM   :::   23:58:31.6892147

::::::::::: PostAuthorizeRequest Request called at 18-12-2018 11:58:31 PM   :::   23:58:31.6902151

::::::::::: End Request called at 18-12-2018 11:58:31 PM   :::   23:58:31.6911753

::::::::::: PostResolveRequestCache Request called at 18-12-2018 11:58:31 PM   :::   23:58:31.6931753

::::::::::: AcquireRequestState Request called at 18-12-2018 11:58:31 PM   :::   23:58:31.6941754

::::::::::: PostAcquireRequestState Request called at 18-12-2018 11:58:31 PM   :::   23:58:31.6941754

::::::::::: PreRequestHandlerExecute Request called at 18-12-2018 11:58:31 PM   :::   23:58:31.6951806

::::::::::: PostRequestHandlerExecute Request called at 18-12-2018 11:58:33 PM   :::   23:58:33.4821982

::::::::::: ReleaseRequestState Request called at 18-12-2018 11:58:33 PM   :::   23:58:33.4832047

::::::::::: PostReleaseRequestState Request called at 18-12-2018 11:58:33 PM   :::   23:58:33.4841998

::::::::::: UpdateRequestCache Request called at 18-12-2018 11:58:33 PM   :::   23:58:33.4841998

::::::::::: EndRequest Request called at 18-12-2018 11:58:33 PM   :::   23:58:33.4851959

::::::::::: PreSendRequestContent Request called at 18-12-2018 11:58:33 PM   :::   23:58:33.4861953

::::::::::: PreSendRequestHeaders Request called at 18-12-2018 11:58:33 PM   :::   23:58:33.4871942

::::::::::: BeginRequest Request called at 18-12-2018 11:58:34 PM   :::   23:58:34.7331968

::::::::::: AuthenticateRequest Request called at 18-12-2018 11:58:34 PM   :::   23:58:34.7351976

::::::::::: PostAuthenticateRequest Request called at 18-12-2018 11:58:34 PM   :::   23:58:34.7361964

::::::::::: AuthorizeRequest Request called at 18-12-2018 11:58:34 PM   :::   23:58:34.7371967

::::::::::: PostAuthorizeRequest Request called at 18-12-2018 11:58:34 PM   :::   23:58:34.7382003

::::::::::: End Request called at 18-12-2018 11:58:34 PM   :::   23:58:34.7391981

::::::::::: PostResolveRequestCache Request called at 18-12-2018 11:58:34 PM   :::   23:58:34.7411990

::::::::::: AcquireRequestState Request called at 18-12-2018 11:58:34 PM   :::   23:58:34.7422012

::::::::::: PostAcquireRequestState Request called at 18-12-2018 11:58:34 PM   :::   23:58:34.7431988

::::::::::: PreRequestHandlerExecute Request called at 18-12-2018 11:58:34 PM   :::   23:58:34.7441986

::::::::::: PostRequestHandlerExecute Request called at 18-12-2018 11:58:35 PM   :::   23:58:35.1056346

::::::::::: ReleaseRequestState Request called at 18-12-2018 11:58:35 PM   :::   23:58:35.1075921

::::::::::: PostReleaseRequestState Request called at 18-12-2018 11:58:35 PM   :::   23:58:35.1085900

::::::::::: UpdateRequestCache Request called at 18-12-2018 11:58:35 PM   :::   23:58:35.1085900

::::::::::: EndRequest Request called at 18-12-2018 11:58:35 PM   :::   23:58:35.1095888

::::::::::: PreSendRequestContent Request called at 18-12-2018 11:58:35 PM   :::   23:58:35.1105887

::::::::::: PreSendRequestHeaders Request called at 18-12-2018 11:58:35 PM   :::   23:58:35.1115891

::::::::::: BeginRequest Request called at 18-12-2018 11:58:36 PM   :::   23:58:36.1602808

::::::::::: AuthenticateRequest Request called at 18-12-2018 11:58:36 PM   :::   23:58:36.1612746

::::::::::: PostAuthenticateRequest Request called at 18-12-2018 11:58:36 PM   :::   23:58:36.1622730

::::::::::: AuthorizeRequest Request called at 18-12-2018 11:58:36 PM   :::   23:58:36.1632730

::::::::::: PostAuthorizeRequest Request called at 18-12-2018 11:58:36 PM   :::   23:58:36.1632730

::::::::::: End Request called at 18-12-2018 11:58:36 PM   :::   23:58:36.1642718

::::::::::: PostResolveRequestCache Request called at 18-12-2018 11:58:36 PM   :::   23:58:36.1652713

::::::::::: AcquireRequestState Request called at 18-12-2018 11:58:36 PM   :::   23:58:36.1662729

::::::::::: PostAcquireRequestState Request called at 18-12-2018 11:58:36 PM   :::   23:58:36.1672721

::::::::::: PreRequestHandlerExecute Request called at 18-12-2018 11:58:36 PM   :::   23:58:36.1682732

::::::::::: PostRequestHandlerExecute Request called at 18-12-2018 11:58:36 PM   :::   23:58:36.5240673

::::::::::: ReleaseRequestState Request called at 18-12-2018 11:58:36 PM   :::   23:58:36.5251075

::::::::::: PostReleaseRequestState Request called at 18-12-2018 11:58:36 PM   :::   23:58:36.5260659

::::::::::: UpdateRequestCache Request called at 18-12-2018 11:58:36 PM   :::   23:58:36.5270634

::::::::::: EndRequest Request called at 18-12-2018 11:58:36 PM   :::   23:58:36.5280653

::::::::::: PreSendRequestContent Request called at 18-12-2018 11:58:36 PM   :::   23:58:36.5290639

::::::::::: PreSendRequestHeaders Request called at 18-12-2018 11:58:36 PM   :::   23:58:36.5300639

::::::::::: BeginRequest Request called at 18-12-2018 11:58:37 PM   :::   23:58:37.7430652

::::::::::: AuthenticateRequest Request called at 18-12-2018 11:58:37 PM   :::   23:58:37.7440605

::::::::::: PostAuthenticateRequest Request called at 18-12-2018 11:58:37 PM   :::   23:58:37.7450614

::::::::::: AuthorizeRequest Request called at 18-12-2018 11:58:37 PM   :::   23:58:37.7470597

::::::::::: PostAuthorizeRequest Request called at 18-12-2018 11:58:37 PM   :::   23:58:37.7481080

::::::::::: End Request called at 18-12-2018 11:58:37 PM   :::   23:58:37.7481080

::::::::::: PostResolveRequestCache Request called at 18-12-2018 11:58:37 PM   :::   23:58:37.7500668

::::::::::: AcquireRequestState Request called at 18-12-2018 11:58:37 PM   :::   23:58:37.7510734

::::::::::: PostAcquireRequestState Request called at 18-12-2018 11:58:37 PM   :::   23:58:37.7520663

::::::::::: PreRequestHandlerExecute Request called at 18-12-2018 11:58:37 PM   :::   23:58:37.7530592

::::::::::: PostRequestHandlerExecute Request called at 18-12-2018 11:58:38 PM   :::   23:58:38.1226969

::::::::::: ReleaseRequestState Request called at 18-12-2018 11:58:38 PM   :::   23:58:38.1236910

::::::::::: PostReleaseRequestState Request called at 18-12-2018 11:58:38 PM   :::   23:58:38.1246920

::::::::::: UpdateRequestCache Request called at 18-12-2018 11:58:38 PM   :::   23:58:38.1257270

::::::::::: EndRequest Request called at 18-12-2018 11:58:38 PM   :::   23:58:38.1267259

::::::::::: PreSendRequestContent Request called at 18-12-2018 11:58:38 PM   :::   23:58:38.1267259

::::::::::: PreSendRequestHeaders Request called at 18-12-2018 11:58:38 PM   :::   23:58:38.1276913

::::::::::: BeginRequest Request called at 18-12-2018 11:58:39 PM   :::   23:58:39.3106039

::::::::::: AuthenticateRequest Request called at 18-12-2018 11:58:39 PM   :::   23:58:39.3116068

::::::::::: PostAuthenticateRequest Request called at 18-12-2018 11:58:39 PM   :::   23:58:39.3126045

::::::::::: AuthorizeRequest Request called at 18-12-2018 11:58:39 PM   :::   23:58:39.3136118

::::::::::: PostAuthorizeRequest Request called at 18-12-2018 11:58:39 PM   :::   23:58:39.3146044

::::::::::: End Request called at 18-12-2018 11:58:39 PM   :::   23:58:39.3156049

::::::::::: PostResolveRequestCache Request called at 18-12-2018 11:58:39 PM   :::   23:58:39.3165985

::::::::::: AcquireRequestState Request called at 18-12-2018 11:58:39 PM   :::   23:58:39.3176038

::::::::::: PostAcquireRequestState Request called at 18-12-2018 11:58:39 PM   :::   23:58:39.3176038

::::::::::: PreRequestHandlerExecute Request called at 18-12-2018 11:58:39 PM   :::   23:58:39.3186041

::::::::::: PostRequestHandlerExecute Request called at 18-12-2018 11:58:39 PM   :::   23:58:39.6685180

::::::::::: ReleaseRequestState Request called at 18-12-2018 11:58:39 PM   :::   23:58:39.6695521

::::::::::: PostReleaseRequestState Request called at 18-12-2018 11:58:39 PM   :::   23:58:39.6715112

::::::::::: UpdateRequestCache Request called at 18-12-2018 11:58:39 PM   :::   23:58:39.6725260

::::::::::: EndRequest Request called at 18-12-2018 11:58:39 PM   :::   23:58:39.6745218

::::::::::: PreSendRequestContent Request called at 18-12-2018 11:58:39 PM   :::   23:58:39.6775123

::::::::::: PreSendRequestHeaders Request called at 18-12-2018 11:58:39 PM   :::   23:58:39.6785200

::::::::::: BeginRequest Request called at 18-12-2018 11:58:41 PM   :::   23:58:41.2478103

::::::::::: AuthenticateRequest Request called at 18-12-2018 11:58:41 PM   :::   23:58:41.2487802

::::::::::: PostAuthenticateRequest Request called at 18-12-2018 11:58:41 PM   :::   23:58:41.2497785

::::::::::: AuthorizeRequest Request called at 18-12-2018 11:58:41 PM   :::   23:58:41.2507744

::::::::::: PostAuthorizeRequest Request called at 18-12-2018 11:58:41 PM   :::   23:58:41.2507744

::::::::::: End Request called at 18-12-2018 11:58:41 PM   :::   23:58:41.2517769

::::::::::: PostResolveRequestCache Request called at 18-12-2018 11:58:41 PM   :::   23:58:41.2527748

::::::::::: AcquireRequestState Request called at 18-12-2018 11:58:41 PM   :::   23:58:41.2537790

::::::::::: PostAcquireRequestState Request called at 18-12-2018 11:58:41 PM   :::   23:58:41.2547684

::::::::::: PreRequestHandlerExecute Request called at 18-12-2018 11:58:41 PM   :::   23:58:41.2577785

::::::::::: PostRequestHandlerExecute Request called at 18-12-2018 11:58:41 PM   :::   23:58:41.6358971

::::::::::: ReleaseRequestState Request called at 18-12-2018 11:58:41 PM   :::   23:58:41.6489385

::::::::::: PostReleaseRequestState Request called at 18-12-2018 11:58:41 PM   :::   23:58:41.6578775

::::::::::: UpdateRequestCache Request called at 18-12-2018 11:58:41 PM   :::   23:58:41.6615746

::::::::::: EndRequest Request called at 18-12-2018 11:58:41 PM   :::   23:58:41.6678186

::::::::::: PreSendRequestContent Request called at 18-12-2018 11:58:41 PM   :::   23:58:41.6698480

::::::::::: PreSendRequestHeaders Request called at 18-12-2018 11:58:41 PM   :::   23:58:41.6828621

::::::::::: BeginRequest Request called at 18-12-2018 11:58:43 PM   :::   23:58:43.9416416

::::::::::: AuthenticateRequest Request called at 18-12-2018 11:58:43 PM   :::   23:58:43.9476611

::::::::::: PostAuthenticateRequest Request called at 18-12-2018 11:58:43 PM   :::   23:58:43.9496379

::::::::::: AuthorizeRequest Request called at 18-12-2018 11:58:43 PM   :::   23:58:43.9506376

::::::::::: PostAuthorizeRequest Request called at 18-12-2018 11:58:43 PM   :::   23:58:43.9516349

::::::::::: End Request called at 18-12-2018 11:58:43 PM   :::   23:58:43.9526517

::::::::::: PostResolveRequestCache Request called at 18-12-2018 11:58:43 PM   :::   23:58:43.9536398

::::::::::: AcquireRequestState Request called at 18-12-2018 11:58:43 PM   :::   23:58:43.9546339

::::::::::: PostAcquireRequestState Request called at 18-12-2018 11:58:43 PM   :::   23:58:43.9576696

::::::::::: PreRequestHandlerExecute Request called at 18-12-2018 11:58:43 PM   :::   23:58:43.9606478

::::::::::: PostRequestHandlerExecute Request called at 18-12-2018 11:58:44 PM   :::   23:58:44.3212003

::::::::::: ReleaseRequestState Request called at 18-12-2018 11:58:44 PM   :::   23:58:44.3849179

::::::::::: PostReleaseRequestState Request called at 18-12-2018 11:58:44 PM   :::   23:58:44.3919517

::::::::::: UpdateRequestCache Request called at 18-12-2018 11:58:44 PM   :::   23:58:44.4109555

::::::::::: EndRequest Request called at 18-12-2018 11:58:44 PM   :::   23:58:44.4249406

::::::::::: PreSendRequestContent Request called at 18-12-2018 11:58:44 PM   :::   23:58:44.4269282

::::::::::: PreSendRequestHeaders Request called at 18-12-2018 11:58:44 PM   :::   23:58:44.4319393

::::::::::: BeginRequest Request called at 18-12-2018 11:58:45 PM   :::   23:58:45.7021228

::::::::::: AuthenticateRequest Request called at 18-12-2018 11:58:45 PM   :::   23:58:45.7031619

::::::::::: PostAuthenticateRequest Request called at 18-12-2018 11:58:45 PM   :::   23:58:45.7041238

::::::::::: AuthorizeRequest Request called at 18-12-2018 11:58:45 PM   :::   23:58:45.7051214

::::::::::: PostAuthorizeRequest Request called at 18-12-2018 11:58:45 PM   :::   23:58:45.7061168

::::::::::: End Request called at 18-12-2018 11:58:45 PM   :::   23:58:45.7071168

::::::::::: PostResolveRequestCache Request called at 18-12-2018 11:58:45 PM   :::   23:58:45.7081348

::::::::::: AcquireRequestState Request called at 18-12-2018 11:58:45 PM   :::   23:58:45.7091188

::::::::::: PostAcquireRequestState Request called at 18-12-2018 11:58:45 PM   :::   23:58:45.7101180

::::::::::: PreRequestHandlerExecute Request called at 18-12-2018 11:58:45 PM   :::   23:58:45.7111158

::::::::::: PostRequestHandlerExecute Request called at 18-12-2018 11:58:46 PM   :::   23:58:46.0740588

::::::::::: ReleaseRequestState Request called at 18-12-2018 11:58:46 PM   :::   23:58:46.0750633

::::::::::: PostReleaseRequestState Request called at 18-12-2018 11:58:46 PM   :::   23:58:46.0760576

::::::::::: UpdateRequestCache Request called at 18-12-2018 11:58:46 PM   :::   23:58:46.0770600

::::::::::: EndRequest Request called at 18-12-2018 11:58:46 PM   :::   23:58:46.0780629

::::::::::: PreSendRequestContent Request called at 18-12-2018 11:58:46 PM   :::   23:58:46.0790599

::::::::::: PreSendRequestHeaders Request called at 18-12-2018 11:58:46 PM   :::   23:58:46.0790599

::::::::::: BeginRequest Request called at 18-12-2018 11:58:47 PM   :::   23:58:47.4708761

::::::::::: AuthenticateRequest Request called at 18-12-2018 11:58:47 PM   :::   23:58:47.4728695

::::::::::: PostAuthenticateRequest Request called at 18-12-2018 11:58:47 PM   :::   23:58:47.4738702

::::::::::: AuthorizeRequest Request called at 18-12-2018 11:58:47 PM   :::   23:58:47.4748689

::::::::::: PostAuthorizeRequest Request called at 18-12-2018 11:58:47 PM   :::   23:58:47.4758686

::::::::::: End Request called at 18-12-2018 11:58:47 PM   :::   23:58:47.4768685

::::::::::: PostResolveRequestCache Request called at 18-12-2018 11:58:47 PM   :::   23:58:47.4788677

::::::::::: AcquireRequestState Request called at 18-12-2018 11:58:47 PM   :::   23:58:47.4798684

::::::::::: PostAcquireRequestState Request called at 18-12-2018 11:58:47 PM   :::   23:58:47.4808684

::::::::::: PreRequestHandlerExecute Request called at 18-12-2018 11:58:47 PM   :::   23:58:47.4828707

::::::::::: PostRequestHandlerExecute Request called at 18-12-2018 11:58:47 PM   :::   23:58:47.8739686

::::::::::: ReleaseRequestState Request called at 18-12-2018 11:58:47 PM   :::   23:58:47.8749581

::::::::::: PostReleaseRequestState Request called at 18-12-2018 11:58:47 PM   :::   23:58:47.8759567

::::::::::: UpdateRequestCache Request called at 18-12-2018 11:58:47 PM   :::   23:58:47.8769671

::::::::::: EndRequest Request called at 18-12-2018 11:58:47 PM   :::   23:58:47.8769671

::::::::::: PreSendRequestContent Request called at 18-12-2018 11:58:47 PM   :::   23:58:47.8779553

::::::::::: PreSendRequestHeaders Request called at 18-12-2018 11:58:47 PM   :::   23:58:47.8789561

::::::::::: BeginRequest Request called at 18-12-2018 11:58:49 PM   :::   23:58:49.1729549

::::::::::: AuthenticateRequest Request called at 18-12-2018 11:58:49 PM   :::   23:58:49.1749547

::::::::::: PostAuthenticateRequest Request called at 18-12-2018 11:58:49 PM   :::   23:58:49.1759542

::::::::::: AuthorizeRequest Request called at 18-12-2018 11:58:49 PM   :::   23:58:49.1769541

::::::::::: PostAuthorizeRequest Request called at 18-12-2018 11:58:49 PM   :::   23:58:49.1779547

::::::::::: End Request called at 18-12-2018 11:58:49 PM   :::   23:58:49.1789542

::::::::::: PostResolveRequestCache Request called at 18-12-2018 11:58:49 PM   :::   23:58:49.1809556

::::::::::: AcquireRequestState Request called at 18-12-2018 11:58:49 PM   :::   23:58:49.1819545

::::::::::: PostAcquireRequestState Request called at 18-12-2018 11:58:49 PM   :::   23:58:49.1839541

::::::::::: PreRequestHandlerExecute Request called at 18-12-2018 11:58:49 PM   :::   23:58:49.1849534

::::::::::: PostRequestHandlerExecute Request called at 18-12-2018 11:58:49 PM   :::   23:58:49.5519539

::::::::::: ReleaseRequestState Request called at 18-12-2018 11:58:49 PM   :::   23:58:49.5539794

::::::::::: PostReleaseRequestState Request called at 18-12-2018 11:58:49 PM   :::   23:58:49.5549570

::::::::::: UpdateRequestCache Request called at 18-12-2018 11:58:49 PM   :::   23:58:49.5559554

::::::::::: EndRequest Request called at 18-12-2018 11:58:49 PM   :::   23:58:49.5569536

::::::::::: PreSendRequestContent Request called at 18-12-2018 11:58:49 PM   :::   23:58:49.5569536

::::::::::: PreSendRequestHeaders Request called at 18-12-2018 11:58:49 PM   :::   23:58:49.5589545

::::::::::: BeginRequest Request called at 18-12-2018 11:58:51 PM   :::   23:58:51.1767350

::::::::::: AuthenticateRequest Request called at 18-12-2018 11:58:51 PM   :::   23:58:51.1787318

::::::::::: PostAuthenticateRequest Request called at 18-12-2018 11:58:51 PM   :::   23:58:51.1797375

::::::::::: AuthorizeRequest Request called at 18-12-2018 11:58:51 PM   :::   23:58:51.1807344

::::::::::: PostAuthorizeRequest Request called at 18-12-2018 11:58:51 PM   :::   23:58:51.1827323

::::::::::: End Request called at 18-12-2018 11:58:51 PM   :::   23:58:51.1837330

::::::::::: PostResolveRequestCache Request called at 18-12-2018 11:58:51 PM   :::   23:58:51.1847337

::::::::::: AcquireRequestState Request called at 18-12-2018 11:58:51 PM   :::   23:58:51.1857438

::::::::::: PostAcquireRequestState Request called at 18-12-2018 11:58:51 PM   :::   23:58:51.1867337

::::::::::: PreRequestHandlerExecute Request called at 18-12-2018 11:58:51 PM   :::   23:58:51.1877317

::::::::::: PostRequestHandlerExecute Request called at 18-12-2018 11:58:51 PM   :::   23:58:51.5384805

::::::::::: ReleaseRequestState Request called at 18-12-2018 11:58:51 PM   :::   23:58:51.5394847

::::::::::: PostReleaseRequestState Request called at 18-12-2018 11:58:51 PM   :::   23:58:51.5414773

::::::::::: UpdateRequestCache Request called at 18-12-2018 11:58:51 PM   :::   23:58:51.5424905

::::::::::: EndRequest Request called at 18-12-2018 11:58:51 PM   :::   23:58:51.5434801

::::::::::: PreSendRequestContent Request called at 18-12-2018 11:58:51 PM   :::   23:58:51.5444780

::::::::::: PreSendRequestHeaders Request called at 18-12-2018 11:58:51 PM   :::   23:58:51.5454821

::::::::::: BeginRequest Request called at 18-12-2018 11:59:40 PM   :::   23:59:40.7474467

::::::::::: AuthenticateRequest Request called at 18-12-2018 11:59:40 PM   :::   23:59:40.7494470

::::::::::: PostAuthenticateRequest Request called at 18-12-2018 11:59:40 PM   :::   23:59:40.7504476

::::::::::: AuthorizeRequest Request called at 18-12-2018 11:59:40 PM   :::   23:59:40.7514458

::::::::::: PostAuthorizeRequest Request called at 18-12-2018 11:59:40 PM   :::   23:59:40.7534460

::::::::::: End Request called at 18-12-2018 11:59:40 PM   :::   23:59:40.7544442

::::::::::: PostResolveRequestCache Request called at 18-12-2018 11:59:40 PM   :::   23:59:40.7554493

::::::::::: AcquireRequestState Request called at 18-12-2018 11:59:40 PM   :::   23:59:40.7574461

::::::::::: PostAcquireRequestState Request called at 18-12-2018 11:59:40 PM   :::   23:59:40.7584442

::::::::::: PreRequestHandlerExecute Request called at 18-12-2018 11:59:40 PM   :::   23:59:40.7604569

::::::::::: PostRequestHandlerExecute Request called at 18-12-2018 11:59:40 PM   :::   23:59:40.7634457

::::::::::: ReleaseRequestState Request called at 18-12-2018 11:59:40 PM   :::   23:59:40.7654476

::::::::::: PostReleaseRequestState Request called at 18-12-2018 11:59:40 PM   :::   23:59:40.7664456

::::::::::: UpdateRequestCache Request called at 18-12-2018 11:59:40 PM   :::   23:59:40.7684473

::::::::::: EndRequest Request called at 18-12-2018 11:59:40 PM   :::   23:59:40.7694457

::::::::::: PreSendRequestContent Request called at 18-12-2018 11:59:40 PM   :::   23:59:40.7704485

::::::::::: PreSendRequestHeaders Request called at 18-12-2018 11:59:40 PM   :::   23:59:40.7714464

::::::::::: BeginRequest Request called at 18-12-2018 11:59:40 PM   :::   23:59:40.7724455

::::::::::: AuthenticateRequest Request called at 18-12-2018 11:59:40 PM   :::   23:59:40.7734457

::::::::::: PostAuthenticateRequest Request called at 18-12-2018 11:59:40 PM   :::   23:59:40.7754478

::::::::::: AuthorizeRequest Request called at 18-12-2018 11:59:40 PM   :::   23:59:40.7764471

::::::::::: PostAuthorizeRequest Request called at 18-12-2018 11:59:40 PM   :::   23:59:40.7774459

::::::::::: End Request called at 18-12-2018 11:59:40 PM   :::   23:59:40.7804471

::::::::::: PostResolveRequestCache Request called at 18-12-2018 11:59:40 PM   :::   23:59:40.7814458

::::::::::: AcquireRequestState Request called at 18-12-2018 11:59:40 PM   :::   23:59:40.7834445

::::::::::: PostAcquireRequestState Request called at 18-12-2018 11:59:40 PM   :::   23:59:40.7844472

::::::::::: PreRequestHandlerExecute Request called at 18-12-2018 11:59:40 PM   :::   23:59:40.7854444

::::::::::: PostRequestHandlerExecute Request called at 18-12-2018 11:59:40 PM   :::   23:59:40.7974439

::::::::::: ReleaseRequestState Request called at 18-12-2018 11:59:40 PM   :::   23:59:40.7984476

::::::::::: PostReleaseRequestState Request called at 18-12-2018 11:59:40 PM   :::   23:59:40.7994450

::::::::::: UpdateRequestCache Request called at 18-12-2018 11:59:40 PM   :::   23:59:40.8004451

::::::::::: EndRequest Request called at 18-12-2018 11:59:40 PM   :::   23:59:40.8024447

::::::::::: PreSendRequestContent Request called at 18-12-2018 11:59:40 PM   :::   23:59:40.8034441

::::::::::: PreSendRequestHeaders Request called at 18-12-2018 11:59:40 PM   :::   23:59:40.8044436

::::::::::: BeginRequest Request called at 18-12-2018 11:59:55 PM   :::   23:59:55.8189762

::::::::::: AuthenticateRequest Request called at 18-12-2018 11:59:55 PM   :::   23:59:55.8209961

::::::::::: PostAuthenticateRequest Request called at 18-12-2018 11:59:55 PM   :::   23:59:55.8229891

::::::::::: AuthorizeRequest Request called at 18-12-2018 11:59:55 PM   :::   23:59:55.8239815

::::::::::: PostAuthorizeRequest Request called at 18-12-2018 11:59:55 PM   :::   23:59:55.8259708

::::::::::: End Request called at 18-12-2018 11:59:55 PM   :::   23:59:55.8279672

::::::::::: PostResolveRequestCache Request called at 18-12-2018 11:59:55 PM   :::   23:59:55.8299716

::::::::::: AcquireRequestState Request called at 18-12-2018 11:59:55 PM   :::   23:59:55.8309691

::::::::::: PostAcquireRequestState Request called at 18-12-2018 11:59:55 PM   :::   23:59:55.8329666

::::::::::: PreRequestHandlerExecute Request called at 18-12-2018 11:59:55 PM   :::   23:59:55.8339692

::::::::::: PreSendRequestContent Request called at 18-12-2018 11:59:57 PM   :::   23:59:57.8522933

::::::::::: PreSendRequestHeaders Request called at 18-12-2018 11:59:57 PM   :::   23:59:57.8532979

::::::::::: PostRequestHandlerExecute Request called at 18-12-2018 11:59:57 PM   :::   23:59:57.8552936

::::::::::: ReleaseRequestState Request called at 18-12-2018 11:59:57 PM   :::   23:59:57.8562939

::::::::::: PostReleaseRequestState Request called at 18-12-2018 11:59:57 PM   :::   23:59:57.8562939

::::::::::: UpdateRequestCache Request called at 18-12-2018 11:59:57 PM   :::   23:59:57.8582936

::::::::::: EndRequest Request called at 18-12-2018 11:59:57 PM   :::   23:59:57.8592940

::::::::::: PreSendRequestContent Request called at 18-12-2018 11:59:57 PM   :::   23:59:57.8602943

