::::::::::: BeginRequest Request called at 10/8/2018 10:33:22 PM   :::   22:33:22.6724855

::::::::::: AuthenticateRequest Request called at 10/8/2018 10:33:22 PM   :::   22:33:22.6914883

::::::::::: PostAuthenticateRequest Request called at 10/8/2018 10:33:22 PM   :::   22:33:22.7219865

::::::::::: AuthorizeRequest Request called at 10/8/2018 10:33:22 PM   :::   22:33:22.7759862

::::::::::: PostAuthorizeRequest Request called at 10/8/2018 10:33:22 PM   :::   22:33:22.8009858

::::::::::: End Request called at 10/8/2018 10:33:22 PM   :::   22:33:22.8029865

::::::::::: BeginRequest Request called at 10/8/2018 10:33:22 PM   :::   22:33:22.9884867

::::::::::: AuthenticateRequest Request called at 10/8/2018 10:33:22 PM   :::   22:33:22.9904865

::::::::::: PostAuthenticateRequest Request called at 10/8/2018 10:33:22 PM   :::   22:33:22.9924864

::::::::::: AuthorizeRequest Request called at 10/8/2018 10:33:22 PM   :::   22:33:22.9944866

::::::::::: PostAuthorizeRequest Request called at 10/8/2018 10:33:22 PM   :::   22:33:22.9959867

::::::::::: End Request called at 10/8/2018 10:33:22 PM   :::   22:33:22.9974860

::::::::::: PostResolveRequestCache Request called at 10/8/2018 10:33:23 PM   :::   22:33:23.0019839

::::::::::: AcquireRequestState Request called at 10/8/2018 10:33:23 PM   :::   22:33:23.0114869

::::::::::: PostResolveRequestCache Request called at 10/8/2018 10:33:23 PM   :::   22:33:23.0239869

::::::::::: AcquireRequestState Request called at 10/8/2018 10:33:23 PM   :::   22:33:23.0964873

::::::::::: PostAcquireRequestState Request called at 10/8/2018 10:33:23 PM   :::   22:33:23.0979866

::::::::::: PreRequestHandlerExecute Request called at 10/8/2018 10:33:23 PM   :::   22:33:23.1339869

::::::::::: PostRequestHandlerExecute Request called at 10/8/2018 10:33:23 PM   :::   22:33:23.3709864

::::::::::: ReleaseRequestState Request called at 10/8/2018 10:33:23 PM   :::   22:33:23.3729867

::::::::::: PostReleaseRequestState Request called at 10/8/2018 10:33:23 PM   :::   22:33:23.3749861

::::::::::: UpdateRequestCache Request called at 10/8/2018 10:33:23 PM   :::   22:33:23.3859868

::::::::::: EndRequest Request called at 10/8/2018 10:33:23 PM   :::   22:33:23.3889846

::::::::::: PreSendRequestContent Request called at 10/8/2018 10:33:23 PM   :::   22:33:23.4559877

::::::::::: PreSendRequestHeaders Request called at 10/8/2018 10:33:23 PM   :::   22:33:23.4574889

::::::::::: BeginRequest Request called at 10/8/2018 10:33:23 PM   :::   22:33:23.5369868

::::::::::: AuthenticateRequest Request called at 10/8/2018 10:33:23 PM   :::   22:33:23.5664871

::::::::::: PostAuthenticateRequest Request called at 10/8/2018 10:33:23 PM   :::   22:33:23.5849854

::::::::::: AuthorizeRequest Request called at 10/8/2018 10:33:23 PM   :::   22:33:23.6079884

::::::::::: PostAuthorizeRequest Request called at 10/8/2018 10:33:23 PM   :::   22:33:23.6094876

::::::::::: End Request called at 10/8/2018 10:33:23 PM   :::   22:33:23.6194869

::::::::::: PostResolveRequestCache Request called at 10/8/2018 10:33:23 PM   :::   22:33:23.6209865

::::::::::: AcquireRequestState Request called at 10/8/2018 10:33:23 PM   :::   22:33:23.6224862

::::::::::: PostAcquireRequestState Request called at 10/8/2018 10:33:23 PM   :::   22:33:23.6239855

::::::::::: PreRequestHandlerExecute Request called at 10/8/2018 10:33:23 PM   :::   22:33:23.6254888

::::::::::: PostRequestHandlerExecute Request called at 10/8/2018 10:33:26 PM   :::   22:33:26.5629425

::::::::::: ReleaseRequestState Request called at 10/8/2018 10:33:26 PM   :::   22:33:26.5749388

::::::::::: PostReleaseRequestState Request called at 10/8/2018 10:33:26 PM   :::   22:33:26.5774396

::::::::::: UpdateRequestCache Request called at 10/8/2018 10:33:26 PM   :::   22:33:26.6389401

::::::::::: EndRequest Request called at 10/8/2018 10:33:26 PM   :::   22:33:26.6419411

::::::::::: PreSendRequestContent Request called at 10/8/2018 10:33:26 PM   :::   22:33:26.6439397

::::::::::: PreSendRequestHeaders Request called at 10/8/2018 10:33:26 PM   :::   22:33:26.6459408

::::::::::: PostRequestHandlerExecute Request called at 10/8/2018 10:33:59 PM   :::   22:33:59.8309760

::::::::::: ReleaseRequestState Request called at 10/8/2018 10:33:59 PM   :::   22:33:59.8330023

::::::::::: PostReleaseRequestState Request called at 10/8/2018 10:33:59 PM   :::   22:33:59.8359795

::::::::::: UpdateRequestCache Request called at 10/8/2018 10:33:59 PM   :::   22:33:59.8389801

::::::::::: EndRequest Request called at 10/8/2018 10:33:59 PM   :::   22:33:59.8409902

::::::::::: PreSendRequestContent Request called at 10/8/2018 10:33:59 PM   :::   22:33:59.8429845

::::::::::: PreSendRequestHeaders Request called at 10/8/2018 10:33:59 PM   :::   22:33:59.8459764

::::::::::: BeginRequest Request called at 10/8/2018 10:34:08 PM   :::   22:34:08.2650177

::::::::::: AuthenticateRequest Request called at 10/8/2018 10:34:08 PM   :::   22:34:08.2680174

::::::::::: PostAuthenticateRequest Request called at 10/8/2018 10:34:08 PM   :::   22:34:08.2710184

::::::::::: BeginRequest Request called at 10/8/2018 10:34:08 PM   :::   22:34:08.2720163

::::::::::: End Request called at 10/8/2018 10:34:08 PM   :::   22:34:08.2740181

::::::::::: PostAuthenticateRequest Request called at 10/8/2018 10:34:08 PM   :::   22:34:08.2750173

::::::::::: AuthorizeRequest Request called at 10/8/2018 10:34:08 PM   :::   22:34:08.2770191

::::::::::: PreRequestHandlerExecute Request called at 10/8/2018 10:34:08 PM   :::   22:34:08.2790170

::::::::::: PostResolveRequestCache Request called at 10/8/2018 10:34:08 PM   :::   22:34:08.2810184

::::::::::: UpdateRequestCache Request called at 10/8/2018 10:34:08 PM   :::   22:34:08.2840328

::::::::::: PreRequestHandlerExecute Request called at 10/8/2018 10:34:08 PM   :::   22:34:08.2860172

::::::::::: PreSendRequestContent Request called at 10/8/2018 10:34:08 PM   :::   22:34:08.2870167

::::::::::: PreSendRequestHeaders Request called at 10/8/2018 10:34:08 PM   :::   22:34:08.2890201

::::::::::: PostReleaseRequestState Request called at 10/8/2018 10:34:08 PM   :::   22:34:08.2910184

::::::::::: UpdateRequestCache Request called at 10/8/2018 10:34:08 PM   :::   22:34:08.2920183

::::::::::: EndRequest Request called at 10/8/2018 10:34:08 PM   :::   22:34:08.2940166

::::::::::: PreSendRequestContent Request called at 10/8/2018 10:34:08 PM   :::   22:34:08.2960188

::::::::::: PreSendRequestHeaders Request called at 10/8/2018 10:34:08 PM   :::   22:34:08.2980163

::::::::::: BeginRequest Request called at 10/8/2018 10:34:08 PM   :::   22:34:08.3090178

::::::::::: AuthorizeRequest Request called at 10/8/2018 10:34:08 PM   :::   22:34:08.3120179

::::::::::: PostAuthenticateRequest Request called at 10/8/2018 10:34:08 PM   :::   22:34:08.3130171

::::::::::: End Request called at 10/8/2018 10:34:08 PM   :::   22:34:08.3140170

::::::::::: PostAuthorizeRequest Request called at 10/8/2018 10:34:08 PM   :::   22:34:08.3150173

::::::::::: End Request called at 10/8/2018 10:34:08 PM   :::   22:34:08.3220242

::::::::::: PostResolveRequestCache Request called at 10/8/2018 10:34:08 PM   :::   22:34:08.3250426

::::::::::: AcquireRequestState Request called at 10/8/2018 10:34:08 PM   :::   22:34:08.3265442

::::::::::: PostAcquireRequestState Request called at 10/8/2018 10:34:08 PM   :::   22:34:08.3280427

::::::::::: PreRequestHandlerExecute Request called at 10/8/2018 10:34:08 PM   :::   22:34:08.3295404

::::::::::: PreSendRequestContent Request called at 10/8/2018 10:34:18 PM   :::   22:34:18.8077307

::::::::::: PreSendRequestHeaders Request called at 10/8/2018 10:34:18 PM   :::   22:34:18.8097293

::::::::::: Error Request called at 10/8/2018 10:34:18 PM   :::   22:34:18.8187254

::::::::::: PostRequestHandlerExecute Request called at 10/8/2018 10:34:25 PM   :::   22:34:25.6784076

::::::::::: ReleaseRequestState Request called at 10/8/2018 10:34:25 PM   :::   22:34:25.6824034

::::::::::: PostReleaseRequestState Request called at 10/8/2018 10:34:25 PM   :::   22:34:25.6884060

::::::::::: UpdateRequestCache Request called at 10/8/2018 10:34:25 PM   :::   22:34:25.6924049

::::::::::: EndRequest Request called at 10/8/2018 10:34:25 PM   :::   22:34:25.6967749

::::::::::: PreSendRequestContent Request called at 10/8/2018 10:34:25 PM   :::   22:34:25.7047751

::::::::::: PreSendRequestHeaders Request called at 10/8/2018 10:34:25 PM   :::   22:34:25.7087748

::::::::::: PreSendRequestContent Request called at 10/8/2018 10:34:28 PM   :::   22:34:28.9023723

::::::::::: PreSendRequestContent Request called at 10/8/2018 10:34:28 PM   :::   22:34:28.9033722

::::::::::: PreSendRequestContent Request called at 10/8/2018 10:34:28 PM   :::   22:34:28.9053720

::::::::::: PreSendRequestContent Request called at 10/8/2018 10:34:28 PM   :::   22:34:28.9113727

::::::::::: EndRequest Request called at 10/8/2018 10:34:28 PM   :::   22:34:28.9143839

::::::::::: PreSendRequestContent Request called at 10/8/2018 10:34:28 PM   :::   22:34:28.9173734

::::::::::: BeginRequest Request called at 10/8/2018 10:47:51 PM   :::   22:47:51.6658744

::::::::::: AuthenticateRequest Request called at 10/8/2018 10:47:51 PM   :::   22:47:51.6668732

::::::::::: PostAuthenticateRequest Request called at 10/8/2018 10:47:51 PM   :::   22:47:51.6688742

::::::::::: AuthorizeRequest Request called at 10/8/2018 10:47:51 PM   :::   22:47:51.6698745

::::::::::: PostAuthorizeRequest Request called at 10/8/2018 10:47:51 PM   :::   22:47:51.6718728

::::::::::: End Request called at 10/8/2018 10:47:51 PM   :::   22:47:51.6738734

::::::::::: PostResolveRequestCache Request called at 10/8/2018 10:47:51 PM   :::   22:47:51.6758745

::::::::::: AcquireRequestState Request called at 10/8/2018 10:47:51 PM   :::   22:47:51.6788734

::::::::::: PostAcquireRequestState Request called at 10/8/2018 10:47:51 PM   :::   22:47:51.6808749

::::::::::: PreRequestHandlerExecute Request called at 10/8/2018 10:47:51 PM   :::   22:47:51.6818771

::::::::::: PostRequestHandlerExecute Request called at 10/8/2018 10:47:51 PM   :::   22:47:51.6848749

::::::::::: ReleaseRequestState Request called at 10/8/2018 10:47:51 PM   :::   22:47:51.6908760

::::::::::: PostReleaseRequestState Request called at 10/8/2018 10:47:51 PM   :::   22:47:51.6958753

::::::::::: UpdateRequestCache Request called at 10/8/2018 10:47:51 PM   :::   22:47:51.6968783

::::::::::: EndRequest Request called at 10/8/2018 10:47:51 PM   :::   22:47:51.7008843

::::::::::: PreSendRequestContent Request called at 10/8/2018 10:47:51 PM   :::   22:47:51.7038766

::::::::::: PreSendRequestHeaders Request called at 10/8/2018 10:47:51 PM   :::   22:47:51.7078759

::::::::::: BeginRequest Request called at 10/8/2018 10:47:53 PM   :::   22:47:53.1202509

::::::::::: AuthenticateRequest Request called at 10/8/2018 10:47:53 PM   :::   22:47:53.1222492

::::::::::: PostAuthenticateRequest Request called at 10/8/2018 10:47:53 PM   :::   22:47:53.1237500

::::::::::: AuthorizeRequest Request called at 10/8/2018 10:47:53 PM   :::   22:47:53.1282862

::::::::::: PostAuthorizeRequest Request called at 10/8/2018 10:47:53 PM   :::   22:47:53.1302805

::::::::::: End Request called at 10/8/2018 10:47:53 PM   :::   22:47:53.1322768

::::::::::: PostResolveRequestCache Request called at 10/8/2018 10:47:53 PM   :::   22:47:53.1342767

::::::::::: AcquireRequestState Request called at 10/8/2018 10:47:53 PM   :::   22:47:53.1362769

::::::::::: PostAcquireRequestState Request called at 10/8/2018 10:47:53 PM   :::   22:47:53.1382779

::::::::::: PreRequestHandlerExecute Request called at 10/8/2018 10:47:53 PM   :::   22:47:53.1402774

::::::::::: PostRequestHandlerExecute Request called at 10/8/2018 10:48:28 PM   :::   22:48:28.0775452

::::::::::: ReleaseRequestState Request called at 10/8/2018 10:48:28 PM   :::   22:48:28.0920719

::::::::::: PostReleaseRequestState Request called at 10/8/2018 10:48:28 PM   :::   22:48:28.1000705

::::::::::: UpdateRequestCache Request called at 10/8/2018 10:48:28 PM   :::   22:48:28.1070711

::::::::::: EndRequest Request called at 10/8/2018 10:48:28 PM   :::   22:48:28.1150673

::::::::::: PreSendRequestContent Request called at 10/8/2018 10:48:28 PM   :::   22:48:28.1190666

::::::::::: PreSendRequestHeaders Request called at 10/8/2018 10:48:28 PM   :::   22:48:28.1220684

::::::::::: BeginRequest Request called at 10/8/2018 10:52:04 PM   :::   22:52:04.0062697

::::::::::: AuthenticateRequest Request called at 10/8/2018 10:52:04 PM   :::   22:52:04.0082700

::::::::::: PostAuthenticateRequest Request called at 10/8/2018 10:52:04 PM   :::   22:52:04.0102734

::::::::::: AuthorizeRequest Request called at 10/8/2018 10:52:04 PM   :::   22:52:04.0142715

::::::::::: PostAuthorizeRequest Request called at 10/8/2018 10:52:04 PM   :::   22:52:04.0162709

::::::::::: End Request called at 10/8/2018 10:52:04 PM   :::   22:52:04.0182814

::::::::::: AcquireRequestState Request called at 10/8/2018 10:52:04 PM   :::   22:52:04.0197807

::::::::::: PostAcquireRequestState Request called at 10/8/2018 10:52:04 PM   :::   22:52:04.0227809

::::::::::: PreRequestHandlerExecute Request called at 10/8/2018 10:52:04 PM   :::   22:52:04.0257826

::::::::::: PostReleaseRequestState Request called at 10/8/2018 10:52:04 PM   :::   22:52:04.0277809

::::::::::: UpdateRequestCache Request called at 10/8/2018 10:52:04 PM   :::   22:52:04.0327801

::::::::::: EndRequest Request called at 10/8/2018 10:52:04 PM   :::   22:52:04.0367924

::::::::::: PreSendRequestContent Request called at 10/8/2018 10:52:04 PM   :::   22:52:04.0447922

::::::::::: PreSendRequestHeaders Request called at 10/8/2018 10:52:04 PM   :::   22:52:04.0467936

::::::::::: BeginRequest Request called at 10/8/2018 10:52:04 PM   :::   22:52:04.0517920

::::::::::: AuthenticateRequest Request called at 10/8/2018 10:52:04 PM   :::   22:52:04.0547906

::::::::::: PostAuthenticateRequest Request called at 10/8/2018 10:52:04 PM   :::   22:52:04.0627983

::::::::::: AuthorizeRequest Request called at 10/8/2018 10:52:04 PM   :::   22:52:04.0707945

::::::::::: AuthorizeRequest Request called at 10/8/2018 10:52:04 PM   :::   22:52:04.0727919

::::::::::: PostAuthorizeRequest Request called at 10/8/2018 10:52:04 PM   :::   22:52:04.0807897

::::::::::: End Request called at 10/8/2018 10:52:04 PM   :::   22:52:04.0847898

::::::::::: PostResolveRequestCache Request called at 10/8/2018 10:52:04 PM   :::   22:52:04.0907901

::::::::::: AcquireRequestState Request called at 10/8/2018 10:52:04 PM   :::   22:52:04.0927908

::::::::::: PostAcquireRequestState Request called at 10/8/2018 10:52:04 PM   :::   22:52:04.0997922

::::::::::: PreRequestHandlerExecute Request called at 10/8/2018 10:52:04 PM   :::   22:52:04.1017901

::::::::::: PreSendRequestContent Request called at 10/8/2018 10:52:23 PM   :::   22:52:23.9525373

::::::::::: PreSendRequestHeaders Request called at 10/8/2018 10:52:23 PM   :::   22:52:23.9550349

::::::::::: Error Request called at 10/8/2018 10:52:23 PM   :::   22:52:23.9675543

::::::::::: PostRequestHandlerExecute Request called at 10/8/2018 10:52:39 PM   :::   22:52:39.0355110

::::::::::: ReleaseRequestState Request called at 10/8/2018 10:52:39 PM   :::   22:52:39.0405043

::::::::::: PostReleaseRequestState Request called at 10/8/2018 10:52:39 PM   :::   22:52:39.0495091

::::::::::: UpdateRequestCache Request called at 10/8/2018 10:52:39 PM   :::   22:52:39.0555087

::::::::::: EndRequest Request called at 10/8/2018 10:52:39 PM   :::   22:52:39.0605071

::::::::::: PreSendRequestContent Request called at 10/8/2018 10:52:39 PM   :::   22:52:39.0685365

::::::::::: PreSendRequestHeaders Request called at 10/8/2018 10:52:39 PM   :::   22:52:39.0740414

::::::::::: PreSendRequestContent Request called at 10/8/2018 10:52:54 PM   :::   22:52:54.2854389

::::::::::: PreSendRequestContent Request called at 10/8/2018 10:52:54 PM   :::   22:52:54.2914431

::::::::::: PreSendRequestContent Request called at 10/8/2018 10:52:54 PM   :::   22:52:54.3099672

::::::::::: PreSendRequestContent Request called at 10/8/2018 10:52:54 PM   :::   22:52:54.3349684

::::::::::: EndRequest Request called at 10/8/2018 10:52:54 PM   :::   22:52:54.3409620

::::::::::: PreSendRequestContent Request called at 10/8/2018 10:52:54 PM   :::   22:52:54.3469631

::::::::::: BeginRequest Request called at 10/8/2018 10:53:01 PM   :::   22:53:01.3580250

::::::::::: AuthenticateRequest Request called at 10/8/2018 10:53:01 PM   :::   22:53:01.3609857

::::::::::: PostAuthenticateRequest Request called at 10/8/2018 10:53:01 PM   :::   22:53:01.3650244

::::::::::: AuthorizeRequest Request called at 10/8/2018 10:53:01 PM   :::   22:53:01.3695499

::::::::::: PostAuthorizeRequest Request called at 10/8/2018 10:53:01 PM   :::   22:53:01.3740521

::::::::::: End Request called at 10/8/2018 10:53:01 PM   :::   22:53:01.3806821

::::::::::: PostResolveRequestCache Request called at 10/8/2018 10:53:01 PM   :::   22:53:01.3857385

::::::::::: AcquireRequestState Request called at 10/8/2018 10:53:01 PM   :::   22:53:01.3897063

::::::::::: PostAcquireRequestState Request called at 10/8/2018 10:53:01 PM   :::   22:53:01.3937008

::::::::::: PreRequestHandlerExecute Request called at 10/8/2018 10:53:01 PM   :::   22:53:01.3977108

::::::::::: PostRequestHandlerExecute Request called at 10/8/2018 10:53:46 PM   :::   22:53:46.4062040

::::::::::: ReleaseRequestState Request called at 10/8/2018 10:53:46 PM   :::   22:53:46.4102041

::::::::::: PostReleaseRequestState Request called at 10/8/2018 10:53:46 PM   :::   22:53:46.4142069

::::::::::: UpdateRequestCache Request called at 10/8/2018 10:53:46 PM   :::   22:53:46.4182038

::::::::::: EndRequest Request called at 10/8/2018 10:53:46 PM   :::   22:53:46.4211969

::::::::::: PreSendRequestContent Request called at 10/8/2018 10:53:46 PM   :::   22:53:46.4252009

::::::::::: PreSendRequestHeaders Request called at 10/8/2018 10:53:46 PM   :::   22:53:46.4281979

::::::::::: BeginRequest Request called at 10/8/2018 10:53:47 PM   :::   22:53:47.1774371

::::::::::: AuthenticateRequest Request called at 10/8/2018 10:53:47 PM   :::   22:53:47.1804357

::::::::::: PostAuthenticateRequest Request called at 10/8/2018 10:53:47 PM   :::   22:53:47.1824403

::::::::::: AuthorizeRequest Request called at 10/8/2018 10:53:47 PM   :::   22:53:47.1844401

::::::::::: PostAuthorizeRequest Request called at 10/8/2018 10:53:47 PM   :::   22:53:47.1874379

::::::::::: End Request called at 10/8/2018 10:53:47 PM   :::   22:53:47.1894354

::::::::::: PostResolveRequestCache Request called at 10/8/2018 10:53:47 PM   :::   22:53:47.1914344

::::::::::: AcquireRequestState Request called at 10/8/2018 10:53:47 PM   :::   22:53:47.1944358

::::::::::: PostAcquireRequestState Request called at 10/8/2018 10:53:47 PM   :::   22:53:47.1964336

::::::::::: PreRequestHandlerExecute Request called at 10/8/2018 10:53:47 PM   :::   22:53:47.1984465

::::::::::: PostRequestHandlerExecute Request called at 10/8/2018 10:54:02 PM   :::   22:54:02.5437340

::::::::::: ReleaseRequestState Request called at 10/8/2018 10:54:02 PM   :::   22:54:02.5487305

::::::::::: PostReleaseRequestState Request called at 10/8/2018 10:54:02 PM   :::   22:54:02.5542531

::::::::::: UpdateRequestCache Request called at 10/8/2018 10:54:02 PM   :::   22:54:02.5592535

::::::::::: EndRequest Request called at 10/8/2018 10:54:02 PM   :::   22:54:02.5637546

::::::::::: PreSendRequestContent Request called at 10/8/2018 10:54:02 PM   :::   22:54:02.5682718

::::::::::: PreSendRequestHeaders Request called at 10/8/2018 10:54:02 PM   :::   22:54:02.5732702

::::::::::: BeginRequest Request called at 10/8/2018 10:54:03 PM   :::   22:54:03.2770598

::::::::::: AuthenticateRequest Request called at 10/8/2018 10:54:03 PM   :::   22:54:03.2790604

::::::::::: PostAuthenticateRequest Request called at 10/8/2018 10:54:03 PM   :::   22:54:03.2810630

::::::::::: AuthorizeRequest Request called at 10/8/2018 10:54:03 PM   :::   22:54:03.2820594

::::::::::: PostAuthorizeRequest Request called at 10/8/2018 10:54:03 PM   :::   22:54:03.2840580

::::::::::: End Request called at 10/8/2018 10:54:03 PM   :::   22:54:03.2850583

::::::::::: PostResolveRequestCache Request called at 10/8/2018 10:54:03 PM   :::   22:54:03.2870578

::::::::::: AcquireRequestState Request called at 10/8/2018 10:54:03 PM   :::   22:54:03.2880573

::::::::::: PostAcquireRequestState Request called at 10/8/2018 10:54:03 PM   :::   22:54:03.2890576

::::::::::: PreRequestHandlerExecute Request called at 10/8/2018 10:54:03 PM   :::   22:54:03.2920582

::::::::::: PostRequestHandlerExecute Request called at 10/8/2018 10:54:49 PM   :::   22:54:49.6729896

::::::::::: ReleaseRequestState Request called at 10/8/2018 10:54:49 PM   :::   22:54:49.6849930

::::::::::: PostReleaseRequestState Request called at 10/8/2018 10:54:49 PM   :::   22:54:49.6905843

::::::::::: UpdateRequestCache Request called at 10/8/2018 10:54:49 PM   :::   22:54:49.6960012

::::::::::: EndRequest Request called at 10/8/2018 10:54:49 PM   :::   22:54:49.7009933

::::::::::: PreSendRequestContent Request called at 10/8/2018 10:54:49 PM   :::   22:54:49.7049871

::::::::::: PreSendRequestHeaders Request called at 10/8/2018 10:54:49 PM   :::   22:54:49.7089883

::::::::::: BeginRequest Request called at 10/8/2018 10:54:50 PM   :::   22:54:50.6185754

::::::::::: AuthenticateRequest Request called at 10/8/2018 10:54:50 PM   :::   22:54:50.6225656

::::::::::: PostAuthenticateRequest Request called at 10/8/2018 10:54:50 PM   :::   22:54:50.6266272

::::::::::: AuthorizeRequest Request called at 10/8/2018 10:54:50 PM   :::   22:54:50.6316174

::::::::::: PostAuthorizeRequest Request called at 10/8/2018 10:54:50 PM   :::   22:54:50.6366111

::::::::::: End Request called at 10/8/2018 10:54:50 PM   :::   22:54:50.6406084

::::::::::: PostResolveRequestCache Request called at 10/8/2018 10:54:50 PM   :::   22:54:50.6446124

::::::::::: AcquireRequestState Request called at 10/8/2018 10:54:50 PM   :::   22:54:50.6496120

::::::::::: PostAcquireRequestState Request called at 10/8/2018 10:54:50 PM   :::   22:54:50.6546120

::::::::::: PreRequestHandlerExecute Request called at 10/8/2018 10:54:50 PM   :::   22:54:50.6576465

::::::::::: PostRequestHandlerExecute Request called at 10/8/2018 10:55:06 PM   :::   22:55:06.0064707

::::::::::: ReleaseRequestState Request called at 10/8/2018 10:55:06 PM   :::   22:55:06.0114671

::::::::::: PostReleaseRequestState Request called at 10/8/2018 10:55:06 PM   :::   22:55:06.0154731

::::::::::: UpdateRequestCache Request called at 10/8/2018 10:55:06 PM   :::   22:55:06.0214711

::::::::::: EndRequest Request called at 10/8/2018 10:55:06 PM   :::   22:55:06.0264715

::::::::::: PreSendRequestContent Request called at 10/8/2018 10:55:06 PM   :::   22:55:06.0315994

::::::::::: PreSendRequestHeaders Request called at 10/8/2018 10:55:06 PM   :::   22:55:06.0364920

::::::::::: BeginRequest Request called at 10/8/2018 10:55:06 PM   :::   22:55:06.9184038

::::::::::: AuthenticateRequest Request called at 10/8/2018 10:55:06 PM   :::   22:55:06.9234057

::::::::::: PostAuthenticateRequest Request called at 10/8/2018 10:55:06 PM   :::   22:55:06.9274019

::::::::::: AuthorizeRequest Request called at 10/8/2018 10:55:06 PM   :::   22:55:06.9324469

::::::::::: PostAuthorizeRequest Request called at 10/8/2018 10:55:06 PM   :::   22:55:06.9369451

::::::::::: End Request called at 10/8/2018 10:55:06 PM   :::   22:55:06.9414446

::::::::::: PostResolveRequestCache Request called at 10/8/2018 10:55:06 PM   :::   22:55:06.9464493

::::::::::: AcquireRequestState Request called at 10/8/2018 10:55:06 PM   :::   22:55:06.9504747

::::::::::: PostAcquireRequestState Request called at 10/8/2018 10:55:06 PM   :::   22:55:06.9544712

::::::::::: PreRequestHandlerExecute Request called at 10/8/2018 10:55:06 PM   :::   22:55:06.9594736

::::::::::: PostRequestHandlerExecute Request called at 10/8/2018 10:55:51 PM   :::   22:55:51.4340289

::::::::::: ReleaseRequestState Request called at 10/8/2018 10:55:51 PM   :::   22:55:51.4390336

::::::::::: PostReleaseRequestState Request called at 10/8/2018 10:55:51 PM   :::   22:55:51.4440281

::::::::::: UpdateRequestCache Request called at 10/8/2018 10:55:51 PM   :::   22:55:51.4500288

::::::::::: EndRequest Request called at 10/8/2018 10:55:51 PM   :::   22:55:51.4540399

::::::::::: PreSendRequestContent Request called at 10/8/2018 10:55:51 PM   :::   22:55:51.4620267

::::::::::: PreSendRequestHeaders Request called at 10/8/2018 10:55:51 PM   :::   22:55:51.4660331

::::::::::: BeginRequest Request called at 10/8/2018 10:55:52 PM   :::   22:55:52.0512019

::::::::::: AuthenticateRequest Request called at 10/8/2018 10:55:52 PM   :::   22:55:52.0532025

::::::::::: PostAuthenticateRequest Request called at 10/8/2018 10:55:52 PM   :::   22:55:52.0561944

::::::::::: AuthorizeRequest Request called at 10/8/2018 10:55:52 PM   :::   22:55:52.0581950

::::::::::: PostAuthorizeRequest Request called at 10/8/2018 10:55:52 PM   :::   22:55:52.0601936

::::::::::: End Request called at 10/8/2018 10:55:52 PM   :::   22:55:52.0631938

::::::::::: PostResolveRequestCache Request called at 10/8/2018 10:55:52 PM   :::   22:55:52.0651960

::::::::::: AcquireRequestState Request called at 10/8/2018 10:55:52 PM   :::   22:55:52.0681962

::::::::::: PostAcquireRequestState Request called at 10/8/2018 10:55:52 PM   :::   22:55:52.0701944

::::::::::: PreRequestHandlerExecute Request called at 10/8/2018 10:55:52 PM   :::   22:55:52.0721943

::::::::::: PostRequestHandlerExecute Request called at 10/8/2018 10:56:07 PM   :::   22:56:07.4173014

::::::::::: ReleaseRequestState Request called at 10/8/2018 10:56:07 PM   :::   22:56:07.4242989

::::::::::: PostReleaseRequestState Request called at 10/8/2018 10:56:07 PM   :::   22:56:07.4308234

::::::::::: UpdateRequestCache Request called at 10/8/2018 10:56:07 PM   :::   22:56:07.4368257

::::::::::: EndRequest Request called at 10/8/2018 10:56:07 PM   :::   22:56:07.4448255

::::::::::: PreSendRequestContent Request called at 10/8/2018 10:56:07 PM   :::   22:56:07.4506107

::::::::::: PreSendRequestHeaders Request called at 10/8/2018 10:56:07 PM   :::   22:56:07.4548298

::::::::::: BeginRequest Request called at 10/8/2018 10:56:08 PM   :::   22:56:08.3785646

::::::::::: AuthenticateRequest Request called at 10/8/2018 10:56:08 PM   :::   22:56:08.3795633

::::::::::: PostAuthenticateRequest Request called at 10/8/2018 10:56:08 PM   :::   22:56:08.3815691

::::::::::: AuthorizeRequest Request called at 10/8/2018 10:56:08 PM   :::   22:56:08.3835690

::::::::::: PostAuthorizeRequest Request called at 10/8/2018 10:56:08 PM   :::   22:56:08.3845693

::::::::::: End Request called at 10/8/2018 10:56:08 PM   :::   22:56:08.3865695

::::::::::: PostResolveRequestCache Request called at 10/8/2018 10:56:08 PM   :::   22:56:08.3875702

::::::::::: AcquireRequestState Request called at 10/8/2018 10:56:08 PM   :::   22:56:08.3915711

::::::::::: PostAcquireRequestState Request called at 10/8/2018 10:56:08 PM   :::   22:56:08.3925694

::::::::::: PreRequestHandlerExecute Request called at 10/8/2018 10:56:08 PM   :::   22:56:08.3945937

::::::::::: PostRequestHandlerExecute Request called at 10/8/2018 10:56:54 PM   :::   22:56:54.7735415

::::::::::: ReleaseRequestState Request called at 10/8/2018 10:56:54 PM   :::   22:56:54.7850617

::::::::::: PostReleaseRequestState Request called at 10/8/2018 10:56:54 PM   :::   22:56:54.7900597

::::::::::: UpdateRequestCache Request called at 10/8/2018 10:56:54 PM   :::   22:56:54.7990602

::::::::::: EndRequest Request called at 10/8/2018 10:56:54 PM   :::   22:56:54.8030571

::::::::::: PreSendRequestContent Request called at 10/8/2018 10:56:54 PM   :::   22:56:54.8140705

::::::::::: PreSendRequestHeaders Request called at 10/8/2018 10:56:54 PM   :::   22:56:54.8180552

::::::::::: BeginRequest Request called at 10/8/2018 10:56:55 PM   :::   22:56:55.4292539

::::::::::: AuthenticateRequest Request called at 10/8/2018 10:56:55 PM   :::   22:56:55.4312675

::::::::::: PostAuthenticateRequest Request called at 10/8/2018 10:56:55 PM   :::   22:56:55.4322675

::::::::::: AuthorizeRequest Request called at 10/8/2018 10:56:55 PM   :::   22:56:55.4342432

::::::::::: PostAuthorizeRequest Request called at 10/8/2018 10:56:55 PM   :::   22:56:55.4352649

::::::::::: End Request called at 10/8/2018 10:56:55 PM   :::   22:56:55.4362636

::::::::::: PostResolveRequestCache Request called at 10/8/2018 10:56:55 PM   :::   22:56:55.4372639

::::::::::: AcquireRequestState Request called at 10/8/2018 10:56:55 PM   :::   22:56:55.4392440

::::::::::: PostAcquireRequestState Request called at 10/8/2018 10:56:55 PM   :::   22:56:55.4402491

::::::::::: PreRequestHandlerExecute Request called at 10/8/2018 10:56:55 PM   :::   22:56:55.4412498

::::::::::: PostRequestHandlerExecute Request called at 10/8/2018 10:57:10 PM   :::   22:57:10.7852460

::::::::::: ReleaseRequestState Request called at 10/8/2018 10:57:10 PM   :::   22:57:10.7882442

::::::::::: PostReleaseRequestState Request called at 10/8/2018 10:57:10 PM   :::   22:57:10.7967603

::::::::::: UpdateRequestCache Request called at 10/8/2018 10:57:10 PM   :::   22:57:10.8017864

::::::::::: EndRequest Request called at 10/8/2018 10:57:10 PM   :::   22:57:10.8047862

::::::::::: PreSendRequestContent Request called at 10/8/2018 10:57:10 PM   :::   22:57:10.8067896

::::::::::: PreSendRequestHeaders Request called at 10/8/2018 10:57:10 PM   :::   22:57:10.8107849

::::::::::: BeginRequest Request called at 10/8/2018 10:57:11 PM   :::   22:57:11.4339337

::::::::::: AuthenticateRequest Request called at 10/8/2018 10:57:11 PM   :::   22:57:11.4349364

::::::::::: PostAuthenticateRequest Request called at 10/8/2018 10:57:11 PM   :::   22:57:11.4369339

::::::::::: AuthorizeRequest Request called at 10/8/2018 10:57:11 PM   :::   22:57:11.4379330

::::::::::: PostAuthorizeRequest Request called at 10/8/2018 10:57:11 PM   :::   22:57:11.4389365

::::::::::: End Request called at 10/8/2018 10:57:11 PM   :::   22:57:11.4399364

::::::::::: PostResolveRequestCache Request called at 10/8/2018 10:57:11 PM   :::   22:57:11.4409355

::::::::::: AcquireRequestState Request called at 10/8/2018 10:57:11 PM   :::   22:57:11.4429338

::::::::::: PostAcquireRequestState Request called at 10/8/2018 10:57:11 PM   :::   22:57:11.4469426

::::::::::: PreRequestHandlerExecute Request called at 10/8/2018 10:57:11 PM   :::   22:57:11.4489369

::::::::::: BeginRequest Request called at 10/8/2018 10:57:32 PM   :::   22:57:32.9774935

::::::::::: AuthenticateRequest Request called at 10/8/2018 10:57:32 PM   :::   22:57:32.9799939

::::::::::: PostAuthenticateRequest Request called at 10/8/2018 10:57:32 PM   :::   22:57:32.9819941

::::::::::: AuthorizeRequest Request called at 10/8/2018 10:57:32 PM   :::   22:57:32.9834934

::::::::::: PostAuthorizeRequest Request called at 10/8/2018 10:57:32 PM   :::   22:57:32.9859946

::::::::::: End Request called at 10/8/2018 10:57:32 PM   :::   22:57:32.9869941

::::::::::: PostResolveRequestCache Request called at 10/8/2018 10:57:32 PM   :::   22:57:32.9900061

::::::::::: AcquireRequestState Request called at 10/8/2018 10:57:32 PM   :::   22:57:32.9969949

::::::::::: PostAcquireRequestState Request called at 10/8/2018 10:57:33 PM   :::   22:57:33.0014947

::::::::::: PreRequestHandlerExecute Request called at 10/8/2018 10:57:33 PM   :::   22:57:33.0029940

::::::::::: PostRequestHandlerExecute Request called at 10/8/2018 10:57:33 PM   :::   22:57:33.0054968

::::::::::: ReleaseRequestState Request called at 10/8/2018 10:57:33 PM   :::   22:57:33.0074931

::::::::::: PostReleaseRequestState Request called at 10/8/2018 10:57:33 PM   :::   22:57:33.0089955

::::::::::: UpdateRequestCache Request called at 10/8/2018 10:57:33 PM   :::   22:57:33.0109946

::::::::::: EndRequest Request called at 10/8/2018 10:57:33 PM   :::   22:57:33.0129925

::::::::::: PreSendRequestContent Request called at 10/8/2018 10:57:33 PM   :::   22:57:33.0149943

::::::::::: PreSendRequestHeaders Request called at 10/8/2018 10:57:33 PM   :::   22:57:33.0604956

::::::::::: BeginRequest Request called at 10/8/2018 10:57:33 PM   :::   22:57:33.1414956

::::::::::: AuthenticateRequest Request called at 10/8/2018 10:57:33 PM   :::   22:57:33.1479941

::::::::::: PostAuthenticateRequest Request called at 10/8/2018 10:57:33 PM   :::   22:57:33.1524939

::::::::::: AuthorizeRequest Request called at 10/8/2018 10:57:33 PM   :::   22:57:33.1749955

::::::::::: PostAuthorizeRequest Request called at 10/8/2018 10:57:33 PM   :::   22:57:33.1769938

::::::::::: End Request called at 10/8/2018 10:57:33 PM   :::   22:57:33.1784939

::::::::::: PostResolveRequestCache Request called at 10/8/2018 10:57:33 PM   :::   22:57:33.1799947

::::::::::: AcquireRequestState Request called at 10/8/2018 10:57:33 PM   :::   22:57:33.2029929

::::::::::: PostAcquireRequestState Request called at 10/8/2018 10:57:33 PM   :::   22:57:33.2434951

::::::::::: PreRequestHandlerExecute Request called at 10/8/2018 10:57:33 PM   :::   22:57:33.2604937

::::::::::: BeginRequest Request called at 10/8/2018 10:57:51 PM   :::   22:57:51.7269715

::::::::::: AuthenticateRequest Request called at 10/8/2018 10:57:51 PM   :::   22:57:51.7299701

::::::::::: BeginRequest Request called at 10/8/2018 10:57:51 PM   :::   22:57:51.7319715

::::::::::: AuthorizeRequest Request called at 10/8/2018 10:57:51 PM   :::   22:57:51.7329710

::::::::::: AuthorizeRequest Request called at 10/8/2018 10:57:51 PM   :::   22:57:51.7359712

::::::::::: AcquireRequestState Request called at 10/8/2018 10:57:51 PM   :::   22:57:51.7399732

::::::::::: End Request called at 10/8/2018 10:57:51 PM   :::   22:57:51.7409704

::::::::::: PostRequestHandlerExecute Request called at 10/8/2018 10:57:51 PM   :::   22:57:51.7439710

::::::::::: AcquireRequestState Request called at 10/8/2018 10:57:51 PM   :::   22:57:51.7459704

::::::::::: UpdateRequestCache Request called at 10/8/2018 10:57:51 PM   :::   22:57:51.7479714

::::::::::: PreRequestHandlerExecute Request called at 10/8/2018 10:57:51 PM   :::   22:57:51.7489706

::::::::::: PreSendRequestHeaders Request called at 10/8/2018 10:57:51 PM   :::   22:57:51.7519715

::::::::::: PostReleaseRequestState Request called at 10/8/2018 10:57:51 PM   :::   22:57:51.7549721

::::::::::: UpdateRequestCache Request called at 10/8/2018 10:57:51 PM   :::   22:57:51.7619695

::::::::::: EndRequest Request called at 10/8/2018 10:57:51 PM   :::   22:57:51.7639737

::::::::::: PreSendRequestContent Request called at 10/8/2018 10:57:51 PM   :::   22:57:51.7669719

::::::::::: PreSendRequestHeaders Request called at 10/8/2018 10:57:51 PM   :::   22:57:51.7679703

::::::::::: BeginRequest Request called at 10/8/2018 10:57:51 PM   :::   22:57:51.7779671

::::::::::: AuthenticateRequest Request called at 10/8/2018 10:57:51 PM   :::   22:57:51.7819707

::::::::::: BeginRequest Request called at 10/8/2018 10:57:51 PM   :::   22:57:51.7855520

::::::::::: AcquireRequestState Request called at 10/8/2018 10:57:51 PM   :::   22:57:51.7960391

::::::::::: PostAcquireRequestState Request called at 10/8/2018 10:57:51 PM   :::   22:57:51.7975380

::::::::::: PreRequestHandlerExecute Request called at 10/8/2018 10:57:51 PM   :::   22:57:51.7995379

::::::::::: End Request called at 10/8/2018 10:57:51 PM   :::   22:57:51.8005390

::::::::::: PostResolveRequestCache Request called at 10/8/2018 10:57:51 PM   :::   22:57:51.8030520

::::::::::: AcquireRequestState Request called at 10/8/2018 10:57:51 PM   :::   22:57:51.8080512

::::::::::: PostAcquireRequestState Request called at 10/8/2018 10:57:51 PM   :::   22:57:51.8100506

::::::::::: PreRequestHandlerExecute Request called at 10/8/2018 10:57:51 PM   :::   22:57:51.8120501

::::::::::: PostRequestHandlerExecute Request called at 10/8/2018 10:57:55 PM   :::   22:57:55.9232920

::::::::::: PostRequestHandlerExecute Request called at 10/8/2018 10:57:55 PM   :::   22:57:55.9252907

::::::::::: PreSendRequestContent Request called at 10/8/2018 10:57:55 PM   :::   22:57:55.9422913

::::::::::: PreSendRequestHeaders Request called at 10/8/2018 10:57:55 PM   :::   22:57:55.9492924

::::::::::: PreSendRequestContent Request called at 10/8/2018 10:58:02 PM   :::   22:58:02.7887807

::::::::::: PreSendRequestHeaders Request called at 10/8/2018 10:58:02 PM   :::   22:58:02.7917753

::::::::::: Error Request called at 10/8/2018 10:58:02 PM   :::   22:58:02.8002993

::::::::::: PreSendRequestContent Request called at 10/8/2018 10:58:18 PM   :::   22:58:18.1215106

::::::::::: PreSendRequestContent Request called at 10/8/2018 10:58:18 PM   :::   22:58:18.1264739

::::::::::: PreSendRequestContent Request called at 10/8/2018 10:58:18 PM   :::   22:58:18.1364972

::::::::::: PreSendRequestContent Request called at 10/8/2018 10:58:18 PM   :::   22:58:18.1484986

::::::::::: EndRequest Request called at 10/8/2018 10:58:18 PM   :::   22:58:18.1584978

::::::::::: PreSendRequestContent Request called at 10/8/2018 10:58:18 PM   :::   22:58:18.1655044

::::::::::: BeginRequest Request called at 10/8/2018 10:58:33 PM   :::   22:58:33.0494314

::::::::::: AuthenticateRequest Request called at 10/8/2018 10:58:33 PM   :::   22:58:33.0534322

::::::::::: PostAuthenticateRequest Request called at 10/8/2018 10:58:33 PM   :::   22:58:33.0584583

::::::::::: AuthorizeRequest Request called at 10/8/2018 10:58:33 PM   :::   22:58:33.0624525

::::::::::: PostAuthorizeRequest Request called at 10/8/2018 10:58:33 PM   :::   22:58:33.0654534

::::::::::: End Request called at 10/8/2018 10:58:33 PM   :::   22:58:33.0684520

::::::::::: PostResolveRequestCache Request called at 10/8/2018 10:58:33 PM   :::   22:58:33.0724509

::::::::::: AcquireRequestState Request called at 10/8/2018 10:58:33 PM   :::   22:58:33.0764541

::::::::::: PostAcquireRequestState Request called at 10/8/2018 10:58:33 PM   :::   22:58:33.0784528

::::::::::: PreRequestHandlerExecute Request called at 10/8/2018 10:58:33 PM   :::   22:58:33.0824525

::::::::::: PostRequestHandlerExecute Request called at 10/8/2018 10:59:06 PM   :::   22:59:06.0021410

::::::::::: ReleaseRequestState Request called at 10/8/2018 10:59:06 PM   :::   22:59:06.0071402

::::::::::: PostReleaseRequestState Request called at 10/8/2018 10:59:06 PM   :::   22:59:06.0131350

::::::::::: UpdateRequestCache Request called at 10/8/2018 10:59:06 PM   :::   22:59:06.0191377

::::::::::: EndRequest Request called at 10/8/2018 10:59:06 PM   :::   22:59:06.0241349

::::::::::: PreSendRequestContent Request called at 10/8/2018 10:59:06 PM   :::   22:59:06.0301380

::::::::::: PreSendRequestHeaders Request called at 10/8/2018 10:59:06 PM   :::   22:59:06.0341313

::::::::::: BeginRequest Request called at 10/8/2018 10:59:06 PM   :::   22:59:06.6977938

::::::::::: AuthenticateRequest Request called at 10/8/2018 10:59:06 PM   :::   22:59:06.6998007

::::::::::: PostAuthenticateRequest Request called at 10/8/2018 10:59:06 PM   :::   22:59:06.7007943

::::::::::: AuthorizeRequest Request called at 10/8/2018 10:59:06 PM   :::   22:59:06.7027981

::::::::::: PostAuthorizeRequest Request called at 10/8/2018 10:59:06 PM   :::   22:59:06.7037917

::::::::::: End Request called at 10/8/2018 10:59:06 PM   :::   22:59:06.7048122

::::::::::: PostResolveRequestCache Request called at 10/8/2018 10:59:06 PM   :::   22:59:06.7067915

::::::::::: AcquireRequestState Request called at 10/8/2018 10:59:06 PM   :::   22:59:06.7087929

::::::::::: PostAcquireRequestState Request called at 10/8/2018 10:59:06 PM   :::   22:59:06.7097976

::::::::::: PreRequestHandlerExecute Request called at 10/8/2018 10:59:06 PM   :::   22:59:06.7107924

::::::::::: PostRequestHandlerExecute Request called at 10/8/2018 10:59:22 PM   :::   22:59:22.0546852

::::::::::: ReleaseRequestState Request called at 10/8/2018 10:59:22 PM   :::   22:59:22.0596824

::::::::::: PostReleaseRequestState Request called at 10/8/2018 10:59:22 PM   :::   22:59:22.0646836

::::::::::: UpdateRequestCache Request called at 10/8/2018 10:59:22 PM   :::   22:59:22.0696824

::::::::::: EndRequest Request called at 10/8/2018 10:59:22 PM   :::   22:59:22.0746820

::::::::::: PreSendRequestContent Request called at 10/8/2018 10:59:22 PM   :::   22:59:22.0806839

::::::::::: PreSendRequestHeaders Request called at 10/8/2018 10:59:22 PM   :::   22:59:22.0846773

::::::::::: BeginRequest Request called at 10/8/2018 10:59:22 PM   :::   22:59:22.5540348

::::::::::: AuthenticateRequest Request called at 10/8/2018 10:59:22 PM   :::   22:59:22.5560394

::::::::::: PostAuthenticateRequest Request called at 10/8/2018 10:59:22 PM   :::   22:59:22.5570354

::::::::::: AuthorizeRequest Request called at 10/8/2018 10:59:22 PM   :::   22:59:22.5590368

::::::::::: PostAuthorizeRequest Request called at 10/8/2018 10:59:22 PM   :::   22:59:22.5600387

::::::::::: End Request called at 10/8/2018 10:59:22 PM   :::   22:59:22.5620382

::::::::::: PostResolveRequestCache Request called at 10/8/2018 10:59:22 PM   :::   22:59:22.5630373

::::::::::: AcquireRequestState Request called at 10/8/2018 10:59:22 PM   :::   22:59:22.5650363

::::::::::: PostAcquireRequestState Request called at 10/8/2018 10:59:22 PM   :::   22:59:22.5660363

::::::::::: PreRequestHandlerExecute Request called at 10/8/2018 10:59:22 PM   :::   22:59:22.5680381

::::::::::: PostRequestHandlerExecute Request called at 10/8/2018 10:59:22 PM   :::   22:59:22.5730361

::::::::::: ReleaseRequestState Request called at 10/8/2018 10:59:22 PM   :::   22:59:22.5750371

::::::::::: PostReleaseRequestState Request called at 10/8/2018 10:59:22 PM   :::   22:59:22.5760371

::::::::::: UpdateRequestCache Request called at 10/8/2018 10:59:22 PM   :::   22:59:22.5780369

::::::::::: EndRequest Request called at 10/8/2018 10:59:22 PM   :::   22:59:22.5790376

::::::::::: PreSendRequestContent Request called at 10/8/2018 10:59:22 PM   :::   22:59:22.5810355

::::::::::: PreSendRequestHeaders Request called at 10/8/2018 10:59:22 PM   :::   22:59:22.5830393

::::::::::: BeginRequest Request called at 10/8/2018 10:59:23 PM   :::   22:59:23.0510649

::::::::::: AuthenticateRequest Request called at 10/8/2018 10:59:23 PM   :::   22:59:23.0570644

::::::::::: PostAuthenticateRequest Request called at 10/8/2018 10:59:23 PM   :::   22:59:23.0620656

::::::::::: AuthorizeRequest Request called at 10/8/2018 10:59:23 PM   :::   22:59:23.0670652

::::::::::: PostAuthorizeRequest Request called at 10/8/2018 10:59:23 PM   :::   22:59:23.0710617

::::::::::: End Request called at 10/8/2018 10:59:23 PM   :::   22:59:23.0760621

::::::::::: PostResolveRequestCache Request called at 10/8/2018 10:59:23 PM   :::   22:59:23.0800654

::::::::::: AcquireRequestState Request called at 10/8/2018 10:59:23 PM   :::   22:59:23.0840647

::::::::::: PostAcquireRequestState Request called at 10/8/2018 10:59:23 PM   :::   22:59:23.0880643

::::::::::: PreRequestHandlerExecute Request called at 10/8/2018 10:59:23 PM   :::   22:59:23.0910953

::::::::::: PostRequestHandlerExecute Request called at 10/8/2018 10:59:23 PM   :::   22:59:23.1056259

::::::::::: ReleaseRequestState Request called at 10/8/2018 10:59:23 PM   :::   22:59:23.1091322

::::::::::: PostReleaseRequestState Request called at 10/8/2018 10:59:23 PM   :::   22:59:23.1131259

::::::::::: UpdateRequestCache Request called at 10/8/2018 10:59:23 PM   :::   22:59:23.1181429

::::::::::: EndRequest Request called at 10/8/2018 10:59:23 PM   :::   22:59:23.1221446

::::::::::: PreSendRequestContent Request called at 10/8/2018 10:59:23 PM   :::   22:59:23.1261431

::::::::::: PreSendRequestHeaders Request called at 10/8/2018 10:59:23 PM   :::   22:59:23.1311431

::::::::::: BeginRequest Request called at 10/8/2018 10:59:23 PM   :::   22:59:23.6351370

::::::::::: AuthenticateRequest Request called at 10/8/2018 10:59:23 PM   :::   22:59:23.6371369

::::::::::: PostAuthenticateRequest Request called at 10/8/2018 10:59:23 PM   :::   22:59:23.6381392

::::::::::: AuthorizeRequest Request called at 10/8/2018 10:59:23 PM   :::   22:59:23.6401398

::::::::::: PostAuthorizeRequest Request called at 10/8/2018 10:59:23 PM   :::   22:59:23.6411354

::::::::::: End Request called at 10/8/2018 10:59:23 PM   :::   22:59:23.6431372

::::::::::: PostResolveRequestCache Request called at 10/8/2018 10:59:23 PM   :::   22:59:23.6441426

::::::::::: AcquireRequestState Request called at 10/8/2018 10:59:23 PM   :::   22:59:23.6461354

::::::::::: PostAcquireRequestState Request called at 10/8/2018 10:59:23 PM   :::   22:59:23.6471373

::::::::::: PreRequestHandlerExecute Request called at 10/8/2018 10:59:23 PM   :::   22:59:23.6491419

::::::::::: PostRequestHandlerExecute Request called at 10/8/2018 10:59:23 PM   :::   22:59:23.6551370

::::::::::: ReleaseRequestState Request called at 10/8/2018 10:59:23 PM   :::   22:59:23.6561393

::::::::::: PostReleaseRequestState Request called at 10/8/2018 10:59:23 PM   :::   22:59:23.6581530

::::::::::: UpdateRequestCache Request called at 10/8/2018 10:59:23 PM   :::   22:59:23.6591573

::::::::::: EndRequest Request called at 10/8/2018 10:59:23 PM   :::   22:59:23.6611362

::::::::::: PreSendRequestContent Request called at 10/8/2018 10:59:23 PM   :::   22:59:23.6621432

::::::::::: PreSendRequestHeaders Request called at 10/8/2018 10:59:23 PM   :::   22:59:23.6641371

::::::::::: BeginRequest Request called at 10/8/2018 10:59:24 PM   :::   22:59:24.2107847

::::::::::: AuthenticateRequest Request called at 10/8/2018 10:59:24 PM   :::   22:59:24.2162856

::::::::::: PostAuthenticateRequest Request called at 10/8/2018 10:59:24 PM   :::   22:59:24.2218134

::::::::::: AuthorizeRequest Request called at 10/8/2018 10:59:24 PM   :::   22:59:24.2268083

::::::::::: PostAuthorizeRequest Request called at 10/8/2018 10:59:24 PM   :::   22:59:24.2318170

::::::::::: End Request called at 10/8/2018 10:59:24 PM   :::   22:59:24.2358127

::::::::::: PostResolveRequestCache Request called at 10/8/2018 10:59:24 PM   :::   22:59:24.2398412

::::::::::: AcquireRequestState Request called at 10/8/2018 10:59:24 PM   :::   22:59:24.2448527

::::::::::: PostAcquireRequestState Request called at 10/8/2018 10:59:24 PM   :::   22:59:24.2498092

::::::::::: PreRequestHandlerExecute Request called at 10/8/2018 10:59:24 PM   :::   22:59:24.2538089

::::::::::: PostRequestHandlerExecute Request called at 10/8/2018 10:59:24 PM   :::   22:59:24.2678094

::::::::::: ReleaseRequestState Request called at 10/8/2018 10:59:24 PM   :::   22:59:24.2708400

::::::::::: PostReleaseRequestState Request called at 10/8/2018 10:59:24 PM   :::   22:59:24.2748100

::::::::::: UpdateRequestCache Request called at 10/8/2018 10:59:24 PM   :::   22:59:24.2788145

::::::::::: EndRequest Request called at 10/8/2018 10:59:24 PM   :::   22:59:24.2828110

::::::::::: PreSendRequestContent Request called at 10/8/2018 10:59:24 PM   :::   22:59:24.2868525

::::::::::: PreSendRequestHeaders Request called at 10/8/2018 10:59:24 PM   :::   22:59:24.2898791

::::::::::: BeginRequest Request called at 10/8/2018 10:59:46 PM   :::   22:59:46.4373050

::::::::::: AuthenticateRequest Request called at 10/8/2018 10:59:46 PM   :::   22:59:46.4393040

::::::::::: PostAuthenticateRequest Request called at 10/8/2018 10:59:46 PM   :::   22:59:46.4413046

::::::::::: End Request called at 10/8/2018 10:59:46 PM   :::   22:59:46.4438070

::::::::::: End Request called at 10/8/2018 10:59:46 PM   :::   22:59:46.4458191

::::::::::: PostAcquireRequestState Request called at 10/8/2018 10:59:46 PM   :::   22:59:46.4478182

::::::::::: PostAcquireRequestState Request called at 10/8/2018 10:59:46 PM   :::   22:59:46.4518206

::::::::::: PreRequestHandlerExecute Request called at 10/8/2018 10:59:46 PM   :::   22:59:46.4538189

::::::::::: PostRequestHandlerExecute Request called at 10/8/2018 10:59:46 PM   :::   22:59:46.4558179

::::::::::: ReleaseRequestState Request called at 10/8/2018 10:59:46 PM   :::   22:59:46.4598235

::::::::::: PostReleaseRequestState Request called at 10/8/2018 10:59:46 PM   :::   22:59:46.4608175

::::::::::: UpdateRequestCache Request called at 10/8/2018 10:59:46 PM   :::   22:59:46.4628178

::::::::::: EndRequest Request called at 10/8/2018 10:59:46 PM   :::   22:59:46.4648180

::::::::::: PreSendRequestContent Request called at 10/8/2018 10:59:46 PM   :::   22:59:46.4678272

::::::::::: PreSendRequestHeaders Request called at 10/8/2018 10:59:46 PM   :::   22:59:46.4708199

::::::::::: BeginRequest Request called at 10/8/2018 10:59:46 PM   :::   22:59:46.4798180

::::::::::: AuthenticateRequest Request called at 10/8/2018 10:59:46 PM   :::   22:59:46.4838572

::::::::::: PostAuthenticateRequest Request called at 10/8/2018 10:59:46 PM   :::   22:59:46.4848168

::::::::::: AuthorizeRequest Request called at 10/8/2018 10:59:46 PM   :::   22:59:46.4868163

::::::::::: PostAuthorizeRequest Request called at 10/8/2018 10:59:46 PM   :::   22:59:46.4878146

::::::::::: End Request called at 10/8/2018 10:59:46 PM   :::   22:59:46.4898172

::::::::::: PostResolveRequestCache Request called at 10/8/2018 10:59:46 PM   :::   22:59:46.4908152

::::::::::: AcquireRequestState Request called at 10/8/2018 10:59:46 PM   :::   22:59:46.4938197

::::::::::: PostAcquireRequestState Request called at 10/8/2018 10:59:46 PM   :::   22:59:46.4968179

::::::::::: PreRequestHandlerExecute Request called at 10/8/2018 10:59:46 PM   :::   22:59:46.4988165

::::::::::: PreSendRequestContent Request called at 10/8/2018 11:00:03 PM   :::   23:00:03.2316152

::::::::::: PreSendRequestHeaders Request called at 10/8/2018 11:00:03 PM   :::   23:00:03.2346115

::::::::::: Error Request called at 10/8/2018 11:00:03 PM   :::   23:00:03.2511293

::::::::::: PreSendRequestContent Request called at 10/8/2018 11:00:21 PM   :::   23:00:21.4147114

::::::::::: ReleaseRequestState Request called at 10/8/2018 11:00:21 PM   :::   23:00:21.4196984

::::::::::: PostReleaseRequestState Request called at 10/8/2018 11:00:21 PM   :::   23:00:21.4626938

::::::::::: UpdateRequestCache Request called at 10/8/2018 11:00:21 PM   :::   23:00:21.4872268

::::::::::: EndRequest Request called at 10/8/2018 11:00:21 PM   :::   23:00:21.4992271

::::::::::: PreSendRequestContent Request called at 10/8/2018 11:00:21 PM   :::   23:00:21.5092263

::::::::::: PreSendRequestHeaders Request called at 10/8/2018 11:00:21 PM   :::   23:00:21.5122268

::::::::::: BeginRequest Request called at 10/8/2018 11:05:13 PM   :::   23:05:13.5570603

::::::::::: AuthenticateRequest Request called at 10/8/2018 11:05:13 PM   :::   23:05:13.5590581

::::::::::: PostAuthenticateRequest Request called at 10/8/2018 11:05:13 PM   :::   23:05:13.5620614

::::::::::: AuthorizeRequest Request called at 10/8/2018 11:05:13 PM   :::   23:05:13.5640593

::::::::::: PostAuthorizeRequest Request called at 10/8/2018 11:05:13 PM   :::   23:05:13.5660599

::::::::::: End Request called at 10/8/2018 11:05:13 PM   :::   23:05:13.5720603

::::::::::: PostResolveRequestCache Request called at 10/8/2018 11:05:13 PM   :::   23:05:13.5750604

::::::::::: AcquireRequestState Request called at 10/8/2018 11:05:13 PM   :::   23:05:13.5780606

::::::::::: PostAcquireRequestState Request called at 10/8/2018 11:05:13 PM   :::   23:05:13.5800596

::::::::::: PreRequestHandlerExecute Request called at 10/8/2018 11:05:13 PM   :::   23:05:13.5820591

::::::::::: PostRequestHandlerExecute Request called at 10/8/2018 11:05:46 PM   :::   23:05:46.5071755

::::::::::: ReleaseRequestState Request called at 10/8/2018 11:05:46 PM   :::   23:05:46.5111752

::::::::::: PostReleaseRequestState Request called at 10/8/2018 11:05:46 PM   :::   23:05:46.5161764

::::::::::: UpdateRequestCache Request called at 10/8/2018 11:05:46 PM   :::   23:05:46.5336843

::::::::::: EndRequest Request called at 10/8/2018 11:05:46 PM   :::   23:05:46.5591943

::::::::::: PreSendRequestContent Request called at 10/8/2018 11:05:46 PM   :::   23:05:46.5611953

::::::::::: PreSendRequestHeaders Request called at 10/8/2018 11:05:46 PM   :::   23:05:46.5621949

::::::::::: BeginRequest Request called at 10/8/2018 11:05:46 PM   :::   23:05:46.7187037

::::::::::: AuthenticateRequest Request called at 10/8/2018 11:05:46 PM   :::   23:05:46.7202022

::::::::::: PostAuthenticateRequest Request called at 10/8/2018 11:05:46 PM   :::   23:05:46.7222036

::::::::::: AuthorizeRequest Request called at 10/8/2018 11:05:46 PM   :::   23:05:46.7267039

::::::::::: PostAuthorizeRequest Request called at 10/8/2018 11:05:46 PM   :::   23:05:46.7282031

::::::::::: End Request called at 10/8/2018 11:05:46 PM   :::   23:05:46.7327042

::::::::::: PostResolveRequestCache Request called at 10/8/2018 11:05:46 PM   :::   23:05:46.7592027

::::::::::: AcquireRequestState Request called at 10/8/2018 11:05:46 PM   :::   23:05:46.7747032

::::::::::: PostAcquireRequestState Request called at 10/8/2018 11:05:46 PM   :::   23:05:46.8127014

::::::::::: PreRequestHandlerExecute Request called at 10/8/2018 11:05:46 PM   :::   23:05:46.8162033

::::::::::: PostRequestHandlerExecute Request called at 10/8/2018 11:05:46 PM   :::   23:05:46.8217142

::::::::::: ReleaseRequestState Request called at 10/8/2018 11:05:46 PM   :::   23:05:46.8242023

::::::::::: PostReleaseRequestState Request called at 10/8/2018 11:05:46 PM   :::   23:05:46.8257024

::::::::::: UpdateRequestCache Request called at 10/8/2018 11:05:46 PM   :::   23:05:46.8312041

::::::::::: EndRequest Request called at 10/8/2018 11:05:46 PM   :::   23:05:46.8327042

::::::::::: PreSendRequestContent Request called at 10/8/2018 11:05:46 PM   :::   23:05:46.8342071

::::::::::: PreSendRequestHeaders Request called at 10/8/2018 11:05:46 PM   :::   23:05:46.8362034

::::::::::: BeginRequest Request called at 10/8/2018 11:06:12 PM   :::   23:06:12.3617207

::::::::::: AuthenticateRequest Request called at 10/8/2018 11:06:12 PM   :::   23:06:12.3712241

::::::::::: PostAuthenticateRequest Request called at 10/8/2018 11:06:12 PM   :::   23:06:12.3762245

::::::::::: AuthorizeRequest Request called at 10/8/2018 11:06:12 PM   :::   23:06:12.3782247

::::::::::: PostAuthorizeRequest Request called at 10/8/2018 11:06:12 PM   :::   23:06:12.3822236

::::::::::: End Request called at 10/8/2018 11:06:12 PM   :::   23:06:12.3852269

::::::::::: PostResolveRequestCache Request called at 10/8/2018 11:06:12 PM   :::   23:06:12.4312233

::::::::::: AcquireRequestState Request called at 10/8/2018 11:06:12 PM   :::   23:06:12.4512265

::::::::::: PostAcquireRequestState Request called at 10/8/2018 11:06:12 PM   :::   23:06:12.4542341

::::::::::: PreRequestHandlerExecute Request called at 10/8/2018 11:06:12 PM   :::   23:06:12.4562328

::::::::::: PostRequestHandlerExecute Request called at 10/8/2018 11:06:13 PM   :::   23:06:13.8177326

::::::::::: ReleaseRequestState Request called at 10/8/2018 11:06:13 PM   :::   23:06:13.8197333

::::::::::: PostReleaseRequestState Request called at 10/8/2018 11:06:13 PM   :::   23:06:13.8252346

::::::::::: UpdateRequestCache Request called at 10/8/2018 11:06:13 PM   :::   23:06:13.8877338

::::::::::: EndRequest Request called at 10/8/2018 11:06:13 PM   :::   23:06:13.8927338

::::::::::: PreSendRequestContent Request called at 10/8/2018 11:06:13 PM   :::   23:06:13.9012314

::::::::::: PreSendRequestHeaders Request called at 10/8/2018 11:06:13 PM   :::   23:06:13.9032328

::::::::::: BeginRequest Request called at 10/8/2018 11:06:14 PM   :::   23:06:14.0982720

::::::::::: AuthenticateRequest Request called at 10/8/2018 11:06:14 PM   :::   23:06:14.1022693

::::::::::: PostAuthenticateRequest Request called at 10/8/2018 11:06:14 PM   :::   23:06:14.1042676

::::::::::: AuthorizeRequest Request called at 10/8/2018 11:06:14 PM   :::   23:06:14.1172673

::::::::::: PostAuthorizeRequest Request called at 10/8/2018 11:06:14 PM   :::   23:06:14.1182680

::::::::::: End Request called at 10/8/2018 11:06:14 PM   :::   23:06:14.1202667

::::::::::: PostResolveRequestCache Request called at 10/8/2018 11:06:14 PM   :::   23:06:14.1222705

::::::::::: AcquireRequestState Request called at 10/8/2018 11:06:14 PM   :::   23:06:14.1242664

::::::::::: PostAcquireRequestState Request called at 10/8/2018 11:06:14 PM   :::   23:06:14.1252659

::::::::::: PreRequestHandlerExecute Request called at 10/8/2018 11:06:14 PM   :::   23:06:14.1262666

::::::::::: PostRequestHandlerExecute Request called at 10/8/2018 11:06:14 PM   :::   23:06:14.1332657

::::::::::: ReleaseRequestState Request called at 10/8/2018 11:06:14 PM   :::   23:06:14.1342664

::::::::::: PostReleaseRequestState Request called at 10/8/2018 11:06:14 PM   :::   23:06:14.1362674

::::::::::: UpdateRequestCache Request called at 10/8/2018 11:06:14 PM   :::   23:06:14.1402671

::::::::::: EndRequest Request called at 10/8/2018 11:06:14 PM   :::   23:06:14.1412678

::::::::::: PreSendRequestContent Request called at 10/8/2018 11:06:14 PM   :::   23:06:14.1432661

::::::::::: PreSendRequestHeaders Request called at 10/8/2018 11:06:14 PM   :::   23:06:14.1442664

::::::::::: BeginRequest Request called at 10/8/2018 11:06:14 PM   :::   23:06:14.3853426

::::::::::: AuthenticateRequest Request called at 10/8/2018 11:06:14 PM   :::   23:06:14.3873417

::::::::::: PostAuthenticateRequest Request called at 10/8/2018 11:06:14 PM   :::   23:06:14.3883435

::::::::::: AuthorizeRequest Request called at 10/8/2018 11:06:14 PM   :::   23:06:14.3893454

::::::::::: PostAuthorizeRequest Request called at 10/8/2018 11:06:14 PM   :::   23:06:14.3913453

::::::::::: End Request called at 10/8/2018 11:06:14 PM   :::   23:06:14.3923444

::::::::::: PostResolveRequestCache Request called at 10/8/2018 11:06:14 PM   :::   23:06:14.3943423

::::::::::: AcquireRequestState Request called at 10/8/2018 11:06:14 PM   :::   23:06:14.3963421

::::::::::: PostAcquireRequestState Request called at 10/8/2018 11:06:14 PM   :::   23:06:14.3983439

::::::::::: PreRequestHandlerExecute Request called at 10/8/2018 11:06:14 PM   :::   23:06:14.3993439

::::::::::: PostRequestHandlerExecute Request called at 10/8/2018 11:06:14 PM   :::   23:06:14.4203434

::::::::::: ReleaseRequestState Request called at 10/8/2018 11:06:14 PM   :::   23:06:14.4223429

::::::::::: PostReleaseRequestState Request called at 10/8/2018 11:06:14 PM   :::   23:06:14.4233447

::::::::::: UpdateRequestCache Request called at 10/8/2018 11:06:14 PM   :::   23:06:14.4253470

::::::::::: EndRequest Request called at 10/8/2018 11:06:14 PM   :::   23:06:14.4263445

::::::::::: PreSendRequestContent Request called at 10/8/2018 11:06:14 PM   :::   23:06:14.4273440

::::::::::: PreSendRequestHeaders Request called at 10/8/2018 11:06:14 PM   :::   23:06:14.4303422

::::::::::: BeginRequest Request called at 10/8/2018 11:06:15 PM   :::   23:06:15.8589209

::::::::::: AuthenticateRequest Request called at 10/8/2018 11:06:15 PM   :::   23:06:15.8609211

::::::::::: PostAuthenticateRequest Request called at 10/8/2018 11:06:15 PM   :::   23:06:15.8619218

::::::::::: AuthorizeRequest Request called at 10/8/2018 11:06:15 PM   :::   23:06:15.8639300

::::::::::: PostAuthorizeRequest Request called at 10/8/2018 11:06:15 PM   :::   23:06:15.8654320

::::::::::: End Request called at 10/8/2018 11:06:15 PM   :::   23:06:15.8674303

::::::::::: PostResolveRequestCache Request called at 10/8/2018 11:06:15 PM   :::   23:06:15.8729312

::::::::::: AcquireRequestState Request called at 10/8/2018 11:06:15 PM   :::   23:06:15.8749303

::::::::::: PostAcquireRequestState Request called at 10/8/2018 11:06:15 PM   :::   23:06:15.8764304

::::::::::: PreRequestHandlerExecute Request called at 10/8/2018 11:06:15 PM   :::   23:06:15.8779296

::::::::::: PostRequestHandlerExecute Request called at 10/8/2018 11:06:15 PM   :::   23:06:15.9589418

::::::::::: ReleaseRequestState Request called at 10/8/2018 11:06:15 PM   :::   23:06:15.9599410

::::::::::: PostReleaseRequestState Request called at 10/8/2018 11:06:15 PM   :::   23:06:15.9619420

::::::::::: UpdateRequestCache Request called at 10/8/2018 11:06:15 PM   :::   23:06:15.9644511

::::::::::: EndRequest Request called at 10/8/2018 11:06:15 PM   :::   23:06:15.9674532

::::::::::: PreSendRequestContent Request called at 10/8/2018 11:06:15 PM   :::   23:06:15.9694538

::::::::::: PreSendRequestHeaders Request called at 10/8/2018 11:06:15 PM   :::   23:06:15.9709508

::::::::::: BeginRequest Request called at 10/8/2018 11:06:17 PM   :::   23:06:17.0696651

::::::::::: AuthenticateRequest Request called at 10/8/2018 11:06:17 PM   :::   23:06:17.0711604

::::::::::: PostAuthenticateRequest Request called at 10/8/2018 11:06:17 PM   :::   23:06:17.0726609

::::::::::: AuthorizeRequest Request called at 10/8/2018 11:06:17 PM   :::   23:06:17.0741618

::::::::::: PostAuthorizeRequest Request called at 10/8/2018 11:06:17 PM   :::   23:06:17.0756654

::::::::::: End Request called at 10/8/2018 11:06:17 PM   :::   23:06:17.0771611

::::::::::: PostResolveRequestCache Request called at 10/8/2018 11:06:17 PM   :::   23:06:17.0786624

::::::::::: AcquireRequestState Request called at 10/8/2018 11:06:17 PM   :::   23:06:17.0801735

::::::::::: PostAcquireRequestState Request called at 10/8/2018 11:06:17 PM   :::   23:06:17.0811790

::::::::::: PreRequestHandlerExecute Request called at 10/8/2018 11:06:17 PM   :::   23:06:17.0821742

::::::::::: PostRequestHandlerExecute Request called at 10/8/2018 11:07:39 PM   :::   23:07:39.6978613

::::::::::: ReleaseRequestState Request called at 10/8/2018 11:07:39 PM   :::   23:07:39.6998611

::::::::::: PostReleaseRequestState Request called at 10/8/2018 11:07:39 PM   :::   23:07:39.7018614

::::::::::: UpdateRequestCache Request called at 10/8/2018 11:07:39 PM   :::   23:07:39.7033618

::::::::::: EndRequest Request called at 10/8/2018 11:07:39 PM   :::   23:07:39.7053621

::::::::::: BeginRequest Request called at 10/8/2018 11:08:29 PM   :::   23:08:29.5305294

::::::::::: AuthenticateRequest Request called at 10/8/2018 11:08:29 PM   :::   23:08:29.5335291

::::::::::: PostAuthenticateRequest Request called at 10/8/2018 11:08:29 PM   :::   23:08:29.5355274

::::::::::: BeginRequest Request called at 10/8/2018 11:08:29 PM   :::   23:08:29.5435272

::::::::::: AuthenticateRequest Request called at 10/8/2018 11:08:29 PM   :::   23:08:29.5475284

::::::::::: PostAuthenticateRequest Request called at 10/8/2018 11:08:29 PM   :::   23:08:29.5705851

::::::::::: AuthorizeRequest Request called at 10/8/2018 11:08:29 PM   :::   23:08:29.5795788

::::::::::: PostAuthorizeRequest Request called at 10/8/2018 11:08:29 PM   :::   23:08:29.5825620

::::::::::: End Request called at 10/8/2018 11:08:29 PM   :::   23:08:29.5845832

::::::::::: PostResolveRequestCache Request called at 10/8/2018 11:08:29 PM   :::   23:08:29.5985619

::::::::::: AcquireRequestState Request called at 10/8/2018 11:08:29 PM   :::   23:08:29.6125711

::::::::::: PostAcquireRequestState Request called at 10/8/2018 11:08:29 PM   :::   23:08:29.6185600

::::::::::: PreRequestHandlerExecute Request called at 10/8/2018 11:08:29 PM   :::   23:08:29.6275600

::::::::::: PostRequestHandlerExecute Request called at 10/8/2018 11:08:29 PM   :::   23:08:29.6445599

::::::::::: ReleaseRequestState Request called at 10/8/2018 11:08:29 PM   :::   23:08:29.6505598

::::::::::: PostReleaseRequestState Request called at 10/8/2018 11:08:29 PM   :::   23:08:29.6590661

::::::::::: UpdateRequestCache Request called at 10/8/2018 11:08:29 PM   :::   23:08:29.6685663

::::::::::: EndRequest Request called at 10/8/2018 11:08:29 PM   :::   23:08:29.6765744

::::::::::: PreSendRequestContent Request called at 10/8/2018 11:08:29 PM   :::   23:08:29.6865767

::::::::::: PreSendRequestHeaders Request called at 10/8/2018 11:08:29 PM   :::   23:08:29.6945753

::::::::::: PreSendRequestHeaders Request called at 10/8/2018 11:08:29 PM   :::   23:08:29.7005733

::::::::::: BeginRequest Request called at 10/8/2018 11:08:29 PM   :::   23:08:29.7155772

::::::::::: AuthenticateRequest Request called at 10/8/2018 11:08:29 PM   :::   23:08:29.7175743

::::::::::: PostAuthenticateRequest Request called at 10/8/2018 11:08:29 PM   :::   23:08:29.7185746

::::::::::: AuthorizeRequest Request called at 10/8/2018 11:08:29 PM   :::   23:08:29.7205768

::::::::::: PostAuthorizeRequest Request called at 10/8/2018 11:08:29 PM   :::   23:08:29.7215771

::::::::::: End Request called at 10/8/2018 11:08:29 PM   :::   23:08:29.7245753

::::::::::: BeginRequest Request called at 10/8/2018 11:08:29 PM   :::   23:08:29.7255756

::::::::::: AuthenticateRequest Request called at 10/8/2018 11:08:29 PM   :::   23:08:29.7335754

::::::::::: AcquireRequestState Request called at 10/8/2018 11:08:29 PM   :::   23:08:29.7405749

::::::::::: PostAcquireRequestState Request called at 10/8/2018 11:08:29 PM   :::   23:08:29.7425771

::::::::::: PreRequestHandlerExecute Request called at 10/8/2018 11:08:29 PM   :::   23:08:29.7495749

::::::::::: AuthorizeRequest Request called at 10/8/2018 11:08:29 PM   :::   23:08:29.7560857

::::::::::: PostAuthorizeRequest Request called at 10/8/2018 11:08:29 PM   :::   23:08:29.7580875

::::::::::: End Request called at 10/8/2018 11:08:29 PM   :::   23:08:29.7595856

::::::::::: PostResolveRequestCache Request called at 10/8/2018 11:08:29 PM   :::   23:08:29.7625925

::::::::::: AcquireRequestState Request called at 10/8/2018 11:08:29 PM   :::   23:08:29.7650862

::::::::::: PostAcquireRequestState Request called at 10/8/2018 11:08:29 PM   :::   23:08:29.7665858

::::::::::: PreRequestHandlerExecute Request called at 10/8/2018 11:08:29 PM   :::   23:08:29.7685865

::::::::::: BeginRequest Request called at 10/8/2018 11:08:33 PM   :::   23:08:33.5353845

::::::::::: AuthenticateRequest Request called at 10/8/2018 11:08:33 PM   :::   23:08:33.5468949

::::::::::: PostAuthenticateRequest Request called at 10/8/2018 11:08:33 PM   :::   23:08:33.5523934

::::::::::: AuthorizeRequest Request called at 10/8/2018 11:08:33 PM   :::   23:08:33.5599234

::::::::::: PostAuthorizeRequest Request called at 10/8/2018 11:08:33 PM   :::   23:08:33.5659261

::::::::::: End Request called at 10/8/2018 11:08:33 PM   :::   23:08:33.5719110

::::::::::: PostResolveRequestCache Request called at 10/8/2018 11:08:33 PM   :::   23:08:33.5789397

::::::::::: AcquireRequestState Request called at 10/8/2018 11:08:33 PM   :::   23:08:33.5819130

::::::::::: PostAcquireRequestState Request called at 10/8/2018 11:08:33 PM   :::   23:08:33.5839354

::::::::::: PreRequestHandlerExecute Request called at 10/8/2018 11:08:33 PM   :::   23:08:33.5869363

::::::::::: PostRequestHandlerExecute Request called at 10/8/2018 11:08:36 PM   :::   23:08:36.0990923

::::::::::: ReleaseRequestState Request called at 10/8/2018 11:08:36 PM   :::   23:08:36.1090955

::::::::::: PostReleaseRequestState Request called at 10/8/2018 11:08:36 PM   :::   23:08:36.1141235

::::::::::: UpdateRequestCache Request called at 10/8/2018 11:08:36 PM   :::   23:08:36.1190935

::::::::::: EndRequest Request called at 10/8/2018 11:08:36 PM   :::   23:08:36.1240915

::::::::::: PreSendRequestContent Request called at 10/8/2018 11:08:36 PM   :::   23:08:36.1280869

::::::::::: PreSendRequestHeaders Request called at 10/8/2018 11:08:36 PM   :::   23:08:36.1300934

::::::::::: BeginRequest Request called at 10/8/2018 11:08:36 PM   :::   23:08:36.7151604

::::::::::: AuthenticateRequest Request called at 10/8/2018 11:08:36 PM   :::   23:08:36.7271582

::::::::::: PostAuthenticateRequest Request called at 10/8/2018 11:08:36 PM   :::   23:08:36.7301608

::::::::::: AuthorizeRequest Request called at 10/8/2018 11:08:36 PM   :::   23:08:36.7341565

::::::::::: PostAuthorizeRequest Request called at 10/8/2018 11:08:36 PM   :::   23:08:36.7417043

::::::::::: End Request called at 10/8/2018 11:08:36 PM   :::   23:08:36.7452058

::::::::::: PostResolveRequestCache Request called at 10/8/2018 11:08:36 PM   :::   23:08:36.7477046

::::::::::: AcquireRequestState Request called at 10/8/2018 11:08:36 PM   :::   23:08:36.7497044

::::::::::: PostAcquireRequestState Request called at 10/8/2018 11:08:36 PM   :::   23:08:36.7512045

::::::::::: PreRequestHandlerExecute Request called at 10/8/2018 11:08:36 PM   :::   23:08:36.7527018

::::::::::: PostRequestHandlerExecute Request called at 10/8/2018 11:08:37 PM   :::   23:08:37.0960728

::::::::::: ReleaseRequestState Request called at 10/8/2018 11:08:37 PM   :::   23:08:37.0980995

::::::::::: PostReleaseRequestState Request called at 10/8/2018 11:08:37 PM   :::   23:08:37.1010720

::::::::::: UpdateRequestCache Request called at 10/8/2018 11:08:37 PM   :::   23:08:37.1040745

::::::::::: EndRequest Request called at 10/8/2018 11:08:37 PM   :::   23:08:37.1090749

::::::::::: PreSendRequestContent Request called at 10/8/2018 11:08:37 PM   :::   23:08:37.1120727

::::::::::: PreSendRequestHeaders Request called at 10/8/2018 11:08:37 PM   :::   23:08:37.1140915

::::::::::: BeginRequest Request called at 10/8/2018 11:08:37 PM   :::   23:08:37.7172857

::::::::::: AuthenticateRequest Request called at 10/8/2018 11:08:37 PM   :::   23:08:37.7192769

::::::::::: PostAuthenticateRequest Request called at 10/8/2018 11:08:37 PM   :::   23:08:37.7242781

::::::::::: AuthorizeRequest Request called at 10/8/2018 11:08:37 PM   :::   23:08:37.7272763

::::::::::: PostAuthorizeRequest Request called at 10/8/2018 11:08:37 PM   :::   23:08:37.7302772

::::::::::: End Request called at 10/8/2018 11:08:37 PM   :::   23:08:37.7322759

::::::::::: PostResolveRequestCache Request called at 10/8/2018 11:08:37 PM   :::   23:08:37.7352835

::::::::::: AcquireRequestState Request called at 10/8/2018 11:08:37 PM   :::   23:08:37.7412969

::::::::::: PostAcquireRequestState Request called at 10/8/2018 11:08:37 PM   :::   23:08:37.7447984

::::::::::: PreRequestHandlerExecute Request called at 10/8/2018 11:08:37 PM   :::   23:08:37.7472968

::::::::::: PostRequestHandlerExecute Request called at 10/8/2018 11:08:38 PM   :::   23:08:38.1065923

::::::::::: ReleaseRequestState Request called at 10/8/2018 11:08:38 PM   :::   23:08:38.1085945

::::::::::: PostReleaseRequestState Request called at 10/8/2018 11:08:38 PM   :::   23:08:38.1105924

::::::::::: UpdateRequestCache Request called at 10/8/2018 11:08:38 PM   :::   23:08:38.1135937

::::::::::: EndRequest Request called at 10/8/2018 11:08:38 PM   :::   23:08:38.1155912

::::::::::: PreSendRequestContent Request called at 10/8/2018 11:08:38 PM   :::   23:08:38.1175922

::::::::::: PreSendRequestHeaders Request called at 10/8/2018 11:08:38 PM   :::   23:08:38.1216057

::::::::::: BeginRequest Request called at 10/8/2018 11:08:38 PM   :::   23:08:38.6139622

::::::::::: AuthenticateRequest Request called at 10/8/2018 11:08:38 PM   :::   23:08:38.6159589

::::::::::: PostAuthenticateRequest Request called at 10/8/2018 11:08:38 PM   :::   23:08:38.6189599

::::::::::: AuthorizeRequest Request called at 10/8/2018 11:08:38 PM   :::   23:08:38.6249629

::::::::::: PostAuthorizeRequest Request called at 10/8/2018 11:08:38 PM   :::   23:08:38.6279615

::::::::::: End Request called at 10/8/2018 11:08:38 PM   :::   23:08:38.6309609

::::::::::: PostResolveRequestCache Request called at 10/8/2018 11:08:38 PM   :::   23:08:38.6349629

::::::::::: AcquireRequestState Request called at 10/8/2018 11:08:38 PM   :::   23:08:38.6399689

::::::::::: PostAcquireRequestState Request called at 10/8/2018 11:08:38 PM   :::   23:08:38.6434743

::::::::::: PreRequestHandlerExecute Request called at 10/8/2018 11:08:38 PM   :::   23:08:38.6449732

::::::::::: PostRequestHandlerExecute Request called at 10/8/2018 11:08:39 PM   :::   23:08:39.2566579

::::::::::: ReleaseRequestState Request called at 10/8/2018 11:08:39 PM   :::   23:08:39.2581666

::::::::::: PostReleaseRequestState Request called at 10/8/2018 11:08:39 PM   :::   23:08:39.2591670

::::::::::: UpdateRequestCache Request called at 10/8/2018 11:08:39 PM   :::   23:08:39.2611664

::::::::::: EndRequest Request called at 10/8/2018 11:08:39 PM   :::   23:08:39.2621679

::::::::::: PreSendRequestContent Request called at 10/8/2018 11:08:39 PM   :::   23:08:39.2641662

::::::::::: PreSendRequestHeaders Request called at 10/8/2018 11:08:39 PM   :::   23:08:39.2651677

::::::::::: PreSendRequestContent Request called at 10/8/2018 11:08:39 PM   :::   23:08:39.4071861

::::::::::: PreSendRequestHeaders Request called at 10/8/2018 11:08:39 PM   :::   23:08:39.4081833

::::::::::: BeginRequest Request called at 10/8/2018 11:08:39 PM   :::   23:08:39.7767599

::::::::::: AuthenticateRequest Request called at 10/8/2018 11:08:39 PM   :::   23:08:39.7777587

::::::::::: PostAuthenticateRequest Request called at 10/8/2018 11:08:39 PM   :::   23:08:39.7797569

::::::::::: AuthorizeRequest Request called at 10/8/2018 11:08:39 PM   :::   23:08:39.7807569

::::::::::: PostAuthorizeRequest Request called at 10/8/2018 11:08:39 PM   :::   23:08:39.7817580

::::::::::: End Request called at 10/8/2018 11:08:39 PM   :::   23:08:39.7827760

::::::::::: PostResolveRequestCache Request called at 10/8/2018 11:08:39 PM   :::   23:08:39.7837724

::::::::::: AcquireRequestState Request called at 10/8/2018 11:08:39 PM   :::   23:08:39.7877693

::::::::::: PostAcquireRequestState Request called at 10/8/2018 11:08:39 PM   :::   23:08:39.7897609

::::::::::: PreRequestHandlerExecute Request called at 10/8/2018 11:08:39 PM   :::   23:08:39.7907592

::::::::::: PostRequestHandlerExecute Request called at 10/8/2018 11:08:40 PM   :::   23:08:40.1342423

::::::::::: ReleaseRequestState Request called at 10/8/2018 11:08:40 PM   :::   23:08:40.1382428

::::::::::: PostReleaseRequestState Request called at 10/8/2018 11:08:40 PM   :::   23:08:40.1402411

::::::::::: UpdateRequestCache Request called at 10/8/2018 11:08:40 PM   :::   23:08:40.1422602

::::::::::: EndRequest Request called at 10/8/2018 11:08:40 PM   :::   23:08:40.1437599

::::::::::: PreSendRequestContent Request called at 10/8/2018 11:08:40 PM   :::   23:08:40.1452639

::::::::::: PreSendRequestHeaders Request called at 10/8/2018 11:08:40 PM   :::   23:08:40.1467581

::::::::::: BeginRequest Request called at 10/8/2018 11:08:40 PM   :::   23:08:40.6086160

::::::::::: AuthenticateRequest Request called at 10/8/2018 11:08:40 PM   :::   23:08:40.6146116

::::::::::: PostAuthenticateRequest Request called at 10/8/2018 11:08:40 PM   :::   23:08:40.6226062

::::::::::: AuthorizeRequest Request called at 10/8/2018 11:08:40 PM   :::   23:08:40.6256052

::::::::::: PostAuthorizeRequest Request called at 10/8/2018 11:08:40 PM   :::   23:08:40.6286069

::::::::::: End Request called at 10/8/2018 11:08:40 PM   :::   23:08:40.6316075

::::::::::: PostResolveRequestCache Request called at 10/8/2018 11:08:40 PM   :::   23:08:40.6356119

::::::::::: AcquireRequestState Request called at 10/8/2018 11:08:40 PM   :::   23:08:40.6396077

::::::::::: PostAcquireRequestState Request called at 10/8/2018 11:08:40 PM   :::   23:08:40.6426043

::::::::::: PreRequestHandlerExecute Request called at 10/8/2018 11:08:40 PM   :::   23:08:40.6466197

::::::::::: PostRequestHandlerExecute Request called at 10/8/2018 11:08:41 PM   :::   23:08:41.0044183

::::::::::: ReleaseRequestState Request called at 10/8/2018 11:08:41 PM   :::   23:08:41.0074189

::::::::::: PostReleaseRequestState Request called at 10/8/2018 11:08:41 PM   :::   23:08:41.0094349

::::::::::: UpdateRequestCache Request called at 10/8/2018 11:08:41 PM   :::   23:08:41.0124169

::::::::::: EndRequest Request called at 10/8/2018 11:08:41 PM   :::   23:08:41.0144171

::::::::::: PreSendRequestContent Request called at 10/8/2018 11:08:41 PM   :::   23:08:41.0164174

::::::::::: PreSendRequestHeaders Request called at 10/8/2018 11:08:41 PM   :::   23:08:41.0224169

::::::::::: PostRequestHandlerExecute Request called at 10/8/2018 11:08:41 PM   :::   23:08:41.0874422

::::::::::: ReleaseRequestState Request called at 10/8/2018 11:08:41 PM   :::   23:08:41.0894365

::::::::::: PostReleaseRequestState Request called at 10/8/2018 11:08:41 PM   :::   23:08:41.0914348

::::::::::: UpdateRequestCache Request called at 10/8/2018 11:08:41 PM   :::   23:08:41.0934370

::::::::::: EndRequest Request called at 10/8/2018 11:08:41 PM   :::   23:08:41.0964383

::::::::::: PreSendRequestContent Request called at 10/8/2018 11:08:41 PM   :::   23:08:41.1024517

::::::::::: PreSendRequestContent Request called at 10/8/2018 11:08:47 PM   :::   23:08:47.5528379

::::::::::: PreSendRequestHeaders Request called at 10/8/2018 11:08:47 PM   :::   23:08:47.5548374

::::::::::: Error Request called at 10/8/2018 11:08:47 PM   :::   23:08:47.5603411

::::::::::: PreSendRequestContent Request called at 10/8/2018 11:08:57 PM   :::   23:08:57.6314630

::::::::::: PreSendRequestContent Request called at 10/8/2018 11:08:57 PM   :::   23:08:57.6364460

::::::::::: PreSendRequestContent Request called at 10/8/2018 11:08:57 PM   :::   23:08:57.6444478

::::::::::: PreSendRequestContent Request called at 10/8/2018 11:08:57 PM   :::   23:08:57.6624708

::::::::::: EndRequest Request called at 10/8/2018 11:08:57 PM   :::   23:08:57.6734676

::::::::::: PreSendRequestContent Request called at 10/8/2018 11:08:57 PM   :::   23:08:57.6794916

::::::::::: BeginRequest Request called at 10/8/2018 11:11:33 PM   :::   23:11:33.4900166

::::::::::: AuthenticateRequest Request called at 10/8/2018 11:11:33 PM   :::   23:11:33.4945140

::::::::::: PostAuthenticateRequest Request called at 10/8/2018 11:11:33 PM   :::   23:11:33.5010358

::::::::::: AuthorizeRequest Request called at 10/8/2018 11:11:33 PM   :::   23:11:33.5060366

::::::::::: PostAuthorizeRequest Request called at 10/8/2018 11:11:33 PM   :::   23:11:33.5140348

::::::::::: End Request called at 10/8/2018 11:11:33 PM   :::   23:11:33.5200383

::::::::::: PostResolveRequestCache Request called at 10/8/2018 11:11:33 PM   :::   23:11:33.5280353

::::::::::: AcquireRequestState Request called at 10/8/2018 11:11:33 PM   :::   23:11:33.5360374

::::::::::: PostAcquireRequestState Request called at 10/8/2018 11:11:33 PM   :::   23:11:33.5420362

::::::::::: PreRequestHandlerExecute Request called at 10/8/2018 11:11:33 PM   :::   23:11:33.5460343

::::::::::: PostRequestHandlerExecute Request called at 10/8/2018 11:11:33 PM   :::   23:11:33.9061513

::::::::::: ReleaseRequestState Request called at 10/8/2018 11:11:33 PM   :::   23:11:33.9071500

::::::::::: PostReleaseRequestState Request called at 10/8/2018 11:11:33 PM   :::   23:11:33.9091495

::::::::::: UpdateRequestCache Request called at 10/8/2018 11:11:33 PM   :::   23:11:33.9101549

::::::::::: EndRequest Request called at 10/8/2018 11:11:33 PM   :::   23:11:33.9121508

::::::::::: PreSendRequestContent Request called at 10/8/2018 11:11:33 PM   :::   23:11:33.9131503

::::::::::: PreSendRequestHeaders Request called at 10/8/2018 11:11:33 PM   :::   23:11:33.9141506

::::::::::: BeginRequest Request called at 10/8/2018 11:11:34 PM   :::   23:11:34.9425535

::::::::::: AuthenticateRequest Request called at 10/8/2018 11:11:34 PM   :::   23:11:34.9515429

::::::::::: PostAuthenticateRequest Request called at 10/8/2018 11:11:34 PM   :::   23:11:34.9565401

::::::::::: AuthorizeRequest Request called at 10/8/2018 11:11:34 PM   :::   23:11:34.9605410

::::::::::: PostAuthorizeRequest Request called at 10/8/2018 11:11:34 PM   :::   23:11:34.9645407

::::::::::: End Request called at 10/8/2018 11:11:34 PM   :::   23:11:34.9685384

::::::::::: PostResolveRequestCache Request called at 10/8/2018 11:11:34 PM   :::   23:11:34.9735423

::::::::::: AcquireRequestState Request called at 10/8/2018 11:11:34 PM   :::   23:11:34.9775412

::::::::::: PostAcquireRequestState Request called at 10/8/2018 11:11:34 PM   :::   23:11:34.9840847

::::::::::: PreRequestHandlerExecute Request called at 10/8/2018 11:11:34 PM   :::   23:11:34.9880829

::::::::::: PostRequestHandlerExecute Request called at 10/8/2018 11:11:35 PM   :::   23:11:35.3660386

::::::::::: ReleaseRequestState Request called at 10/8/2018 11:11:35 PM   :::   23:11:35.3700706

::::::::::: PostReleaseRequestState Request called at 10/8/2018 11:11:35 PM   :::   23:11:35.3740383

::::::::::: UpdateRequestCache Request called at 10/8/2018 11:11:35 PM   :::   23:11:35.3780400

::::::::::: EndRequest Request called at 10/8/2018 11:11:35 PM   :::   23:11:35.3850663

::::::::::: PreSendRequestContent Request called at 10/8/2018 11:11:35 PM   :::   23:11:35.3915660

::::::::::: PreSendRequestHeaders Request called at 10/8/2018 11:11:35 PM   :::   23:11:35.3995649

::::::::::: BeginRequest Request called at 10/8/2018 11:11:36 PM   :::   23:11:36.2662379

::::::::::: AuthenticateRequest Request called at 10/8/2018 11:11:36 PM   :::   23:11:36.2682424

::::::::::: PostAuthenticateRequest Request called at 10/8/2018 11:11:36 PM   :::   23:11:36.2692396

::::::::::: AuthorizeRequest Request called at 10/8/2018 11:11:36 PM   :::   23:11:36.2702419

::::::::::: PostAuthorizeRequest Request called at 10/8/2018 11:11:36 PM   :::   23:11:36.2722402

::::::::::: End Request called at 10/8/2018 11:11:36 PM   :::   23:11:36.2732389

::::::::::: PostResolveRequestCache Request called at 10/8/2018 11:11:36 PM   :::   23:11:36.2742396

::::::::::: AcquireRequestState Request called at 10/8/2018 11:11:36 PM   :::   23:11:36.2752399

::::::::::: PostAcquireRequestState Request called at 10/8/2018 11:11:36 PM   :::   23:11:36.2772406

::::::::::: PreRequestHandlerExecute Request called at 10/8/2018 11:11:36 PM   :::   23:11:36.2782385

::::::::::: PostRequestHandlerExecute Request called at 10/8/2018 11:11:36 PM   :::   23:11:36.6165033

::::::::::: ReleaseRequestState Request called at 10/8/2018 11:11:36 PM   :::   23:11:36.6235004

::::::::::: PostReleaseRequestState Request called at 10/8/2018 11:11:36 PM   :::   23:11:36.6285023

::::::::::: UpdateRequestCache Request called at 10/8/2018 11:11:36 PM   :::   23:11:36.6335015

::::::::::: EndRequest Request called at 10/8/2018 11:11:36 PM   :::   23:11:36.6364986

::::::::::: PreSendRequestContent Request called at 10/8/2018 11:11:36 PM   :::   23:11:36.6404978

::::::::::: PreSendRequestHeaders Request called at 10/8/2018 11:11:36 PM   :::   23:11:36.6424961

::::::::::: BeginRequest Request called at 10/8/2018 11:11:37 PM   :::   23:11:37.6606798

::::::::::: AuthenticateRequest Request called at 10/8/2018 11:11:37 PM   :::   23:11:37.6696835

::::::::::: PostAuthenticateRequest Request called at 10/8/2018 11:11:37 PM   :::   23:11:37.6736772

::::::::::: AuthorizeRequest Request called at 10/8/2018 11:11:37 PM   :::   23:11:37.6777215

::::::::::: PostAuthorizeRequest Request called at 10/8/2018 11:11:37 PM   :::   23:11:37.6826840

::::::::::: End Request called at 10/8/2018 11:11:37 PM   :::   23:11:37.6872032

::::::::::: PostResolveRequestCache Request called at 10/8/2018 11:11:37 PM   :::   23:11:37.6937068

::::::::::: AcquireRequestState Request called at 10/8/2018 11:11:37 PM   :::   23:11:37.7007055

::::::::::: PostAcquireRequestState Request called at 10/8/2018 11:11:37 PM   :::   23:11:37.7067260

::::::::::: PreRequestHandlerExecute Request called at 10/8/2018 11:11:37 PM   :::   23:11:37.7147245

::::::::::: PostRequestHandlerExecute Request called at 10/8/2018 11:11:38 PM   :::   23:11:38.0772389

::::::::::: ReleaseRequestState Request called at 10/8/2018 11:11:38 PM   :::   23:11:38.0802394

::::::::::: PostReleaseRequestState Request called at 10/8/2018 11:11:38 PM   :::   23:11:38.0822488

::::::::::: UpdateRequestCache Request called at 10/8/2018 11:11:38 PM   :::   23:11:38.0862552

::::::::::: EndRequest Request called at 10/8/2018 11:11:38 PM   :::   23:11:38.0892557

::::::::::: PreSendRequestContent Request called at 10/8/2018 11:11:38 PM   :::   23:11:38.0917541

::::::::::: PreSendRequestHeaders Request called at 10/8/2018 11:11:38 PM   :::   23:11:38.0952560

::::::::::: BeginRequest Request called at 10/8/2018 11:11:39 PM   :::   23:11:39.0161363

::::::::::: AuthenticateRequest Request called at 10/8/2018 11:11:39 PM   :::   23:11:39.0171339

::::::::::: PostAuthenticateRequest Request called at 10/8/2018 11:11:39 PM   :::   23:11:39.0191321

::::::::::: AuthorizeRequest Request called at 10/8/2018 11:11:39 PM   :::   23:11:39.0201305

::::::::::: PostAuthorizeRequest Request called at 10/8/2018 11:11:39 PM   :::   23:11:39.0221351

::::::::::: End Request called at 10/8/2018 11:11:39 PM   :::   23:11:39.0241321

::::::::::: PostResolveRequestCache Request called at 10/8/2018 11:11:39 PM   :::   23:11:39.0261351

::::::::::: AcquireRequestState Request called at 10/8/2018 11:11:39 PM   :::   23:11:39.0291357

::::::::::: PostAcquireRequestState Request called at 10/8/2018 11:11:39 PM   :::   23:11:39.0311339

::::::::::: PreRequestHandlerExecute Request called at 10/8/2018 11:11:39 PM   :::   23:11:39.0321331

::::::::::: PostRequestHandlerExecute Request called at 10/8/2018 11:11:39 PM   :::   23:11:39.3743431

::::::::::: ReleaseRequestState Request called at 10/8/2018 11:11:39 PM   :::   23:11:39.3813295

::::::::::: PostReleaseRequestState Request called at 10/8/2018 11:11:39 PM   :::   23:11:39.3853292

::::::::::: UpdateRequestCache Request called at 10/8/2018 11:11:39 PM   :::   23:11:39.3903560

::::::::::: EndRequest Request called at 10/8/2018 11:11:39 PM   :::   23:11:39.3943786

::::::::::: PreSendRequestContent Request called at 10/8/2018 11:11:39 PM   :::   23:11:39.3988575

::::::::::: PreSendRequestHeaders Request called at 10/8/2018 11:11:39 PM   :::   23:11:39.4018972

::::::::::: BeginRequest Request called at 10/8/2018 11:11:40 PM   :::   23:11:40.3463026

::::::::::: AuthenticateRequest Request called at 10/8/2018 11:11:40 PM   :::   23:11:40.3552680

::::::::::: PostAuthenticateRequest Request called at 10/8/2018 11:11:40 PM   :::   23:11:40.3592665

::::::::::: AuthorizeRequest Request called at 10/8/2018 11:11:40 PM   :::   23:11:40.3622635

::::::::::: PostAuthorizeRequest Request called at 10/8/2018 11:11:40 PM   :::   23:11:40.3662644

::::::::::: End Request called at 10/8/2018 11:11:40 PM   :::   23:11:40.3693016

::::::::::: PostResolveRequestCache Request called at 10/8/2018 11:11:40 PM   :::   23:11:40.3742807

::::::::::: AcquireRequestState Request called at 10/8/2018 11:11:40 PM   :::   23:11:40.3782674

::::::::::: PostAcquireRequestState Request called at 10/8/2018 11:11:40 PM   :::   23:11:40.3822832

::::::::::: PreRequestHandlerExecute Request called at 10/8/2018 11:11:40 PM   :::   23:11:40.3852621

::::::::::: PostRequestHandlerExecute Request called at 10/8/2018 11:11:40 PM   :::   23:11:40.7647392

::::::::::: ReleaseRequestState Request called at 10/8/2018 11:11:40 PM   :::   23:11:40.7677500

::::::::::: PostReleaseRequestState Request called at 10/8/2018 11:11:40 PM   :::   23:11:40.7717512

::::::::::: UpdateRequestCache Request called at 10/8/2018 11:11:40 PM   :::   23:11:40.7787428

::::::::::: EndRequest Request called at 10/8/2018 11:11:40 PM   :::   23:11:40.7837400

::::::::::: PreSendRequestContent Request called at 10/8/2018 11:11:40 PM   :::   23:11:40.7927689

::::::::::: PreSendRequestHeaders Request called at 10/8/2018 11:11:40 PM   :::   23:11:40.7987681

