::::::::::: BeginRequest Request called at 11/13/2018 9:24:25 PM   :::   21:24:25.4846199

::::::::::: AuthenticateRequest Request called at 11/13/2018 9:24:25 PM   :::   21:24:25.4906258

::::::::::: PostAuthenticateRequest Request called at 11/13/2018 9:24:25 PM   :::   21:24:25.5026280

::::::::::: AuthorizeRequest Request called at 11/13/2018 9:24:25 PM   :::   21:24:25.5056285

::::::::::: PostAuthorizeRequest Request called at 11/13/2018 9:24:25 PM   :::   21:24:25.5076272

::::::::::: End Request called at 11/13/2018 9:24:25 PM   :::   21:24:25.5086271

::::::::::: PostResolveRequestCache Request called at 11/13/2018 9:24:25 PM   :::   21:24:25.6146438

::::::::::: AcquireRequestState Request called at 11/13/2018 9:24:25 PM   :::   21:24:25.6256464

::::::::::: PostAcquireRequestState Request called at 11/13/2018 9:24:25 PM   :::   21:24:25.6286450

::::::::::: PreRequestHandlerExecute Request called at 11/13/2018 9:24:25 PM   :::   21:24:25.6306457

::::::::::: BeginRequest Request called at 11/13/2018 9:24:28 PM   :::   21:24:28.0006552

::::::::::: AuthenticateRequest Request called at 11/13/2018 9:24:28 PM   :::   21:24:28.0026554

::::::::::: PostAuthenticateRequest Request called at 11/13/2018 9:24:28 PM   :::   21:24:28.0041547

::::::::::: AuthorizeRequest Request called at 11/13/2018 9:24:28 PM   :::   21:24:28.0056552

::::::::::: PostAuthorizeRequest Request called at 11/13/2018 9:24:28 PM   :::   21:24:28.0066555

::::::::::: End Request called at 11/13/2018 9:24:28 PM   :::   21:24:28.0081552

::::::::::: PostResolveRequestCache Request called at 11/13/2018 9:24:28 PM   :::   21:24:28.0126562

::::::::::: AcquireRequestState Request called at 11/13/2018 9:24:28 PM   :::   21:24:28.0146565

::::::::::: PostAcquireRequestState Request called at 11/13/2018 9:24:28 PM   :::   21:24:28.0161554

::::::::::: PreRequestHandlerExecute Request called at 11/13/2018 9:24:28 PM   :::   21:24:28.0176554

::::::::::: PostRequestHandlerExecute Request called at 11/13/2018 9:24:28 PM   :::   21:24:28.1151579

::::::::::: ReleaseRequestState Request called at 11/13/2018 9:24:28 PM   :::   21:24:28.1176587

::::::::::: PostReleaseRequestState Request called at 11/13/2018 9:24:28 PM   :::   21:24:28.1201564

::::::::::: UpdateRequestCache Request called at 11/13/2018 9:24:28 PM   :::   21:24:28.1221566

::::::::::: EndRequest Request called at 11/13/2018 9:24:28 PM   :::   21:24:28.1251568

::::::::::: PreSendRequestContent Request called at 11/13/2018 9:24:28 PM   :::   21:24:28.1331546

::::::::::: PreSendRequestHeaders Request called at 11/13/2018 9:24:28 PM   :::   21:24:28.1351568

::::::::::: BeginRequest Request called at 11/13/2018 9:24:28 PM   :::   21:24:28.3016665

::::::::::: AuthenticateRequest Request called at 11/13/2018 9:24:28 PM   :::   21:24:28.3026664

::::::::::: PostAuthenticateRequest Request called at 11/13/2018 9:24:28 PM   :::   21:24:28.3046659

::::::::::: AuthorizeRequest Request called at 11/13/2018 9:24:28 PM   :::   21:24:28.3066677

::::::::::: PostAuthorizeRequest Request called at 11/13/2018 9:24:28 PM   :::   21:24:28.3076664

::::::::::: End Request called at 11/13/2018 9:24:28 PM   :::   21:24:28.3096679

::::::::::: PostResolveRequestCache Request called at 11/13/2018 9:24:28 PM   :::   21:24:28.3116657

::::::::::: AcquireRequestState Request called at 11/13/2018 9:24:28 PM   :::   21:24:28.3136687

::::::::::: PostAcquireRequestState Request called at 11/13/2018 9:24:28 PM   :::   21:24:28.3146675

::::::::::: PreRequestHandlerExecute Request called at 11/13/2018 9:24:28 PM   :::   21:24:28.3166661

::::::::::: PostRequestHandlerExecute Request called at 11/13/2018 9:24:28 PM   :::   21:24:28.8357497

::::::::::: ReleaseRequestState Request called at 11/13/2018 9:24:28 PM   :::   21:24:28.8377492

::::::::::: PostReleaseRequestState Request called at 11/13/2018 9:24:28 PM   :::   21:24:28.8387479

::::::::::: UpdateRequestCache Request called at 11/13/2018 9:24:28 PM   :::   21:24:28.8867560

::::::::::: EndRequest Request called at 11/13/2018 9:24:28 PM   :::   21:24:28.8882530

::::::::::: PreSendRequestContent Request called at 11/13/2018 9:24:28 PM   :::   21:24:28.8897605

::::::::::: PreSendRequestHeaders Request called at 11/13/2018 9:24:28 PM   :::   21:24:28.8917675

::::::::::: BeginRequest Request called at 11/13/2018 9:24:29 PM   :::   21:24:29.8409250

::::::::::: AuthenticateRequest Request called at 11/13/2018 9:24:29 PM   :::   21:24:29.8429249

::::::::::: PostAuthenticateRequest Request called at 11/13/2018 9:24:29 PM   :::   21:24:29.8439260

::::::::::: AuthorizeRequest Request called at 11/13/2018 9:24:29 PM   :::   21:24:29.8459258

::::::::::: PostAuthorizeRequest Request called at 11/13/2018 9:24:29 PM   :::   21:24:29.8469253

::::::::::: End Request called at 11/13/2018 9:24:29 PM   :::   21:24:29.8499243

::::::::::: PostResolveRequestCache Request called at 11/13/2018 9:24:29 PM   :::   21:24:29.8509246

::::::::::: AcquireRequestState Request called at 11/13/2018 9:24:29 PM   :::   21:24:29.8529249

::::::::::: PostAcquireRequestState Request called at 11/13/2018 9:24:29 PM   :::   21:24:29.8549334

::::::::::: PreRequestHandlerExecute Request called at 11/13/2018 9:24:29 PM   :::   21:24:29.8559329

::::::::::: PostRequestHandlerExecute Request called at 11/13/2018 9:24:29 PM   :::   21:24:29.8779434

::::::::::: ReleaseRequestState Request called at 11/13/2018 9:24:29 PM   :::   21:24:29.8789438

::::::::::: PostReleaseRequestState Request called at 11/13/2018 9:24:29 PM   :::   21:24:29.8809468

::::::::::: UpdateRequestCache Request called at 11/13/2018 9:24:29 PM   :::   21:24:29.8829442

::::::::::: EndRequest Request called at 11/13/2018 9:24:29 PM   :::   21:24:29.8839438

::::::::::: PreSendRequestContent Request called at 11/13/2018 9:24:29 PM   :::   21:24:29.8859444

::::::::::: PreSendRequestHeaders Request called at 11/13/2018 9:24:29 PM   :::   21:24:29.8869459

::::::::::: PreSendRequestContent Request called at 11/13/2018 9:24:36 PM   :::   21:24:36.2396228

::::::::::: PreSendRequestHeaders Request called at 11/13/2018 9:24:36 PM   :::   21:24:36.2406223

::::::::::: PostRequestHandlerExecute Request called at 11/13/2018 9:24:36 PM   :::   21:24:36.2496224

::::::::::: ReleaseRequestState Request called at 11/13/2018 9:24:36 PM   :::   21:24:36.2516234

::::::::::: PostReleaseRequestState Request called at 11/13/2018 9:24:36 PM   :::   21:24:36.2536225

::::::::::: UpdateRequestCache Request called at 11/13/2018 9:24:36 PM   :::   21:24:36.2546216

::::::::::: EndRequest Request called at 11/13/2018 9:24:36 PM   :::   21:24:36.2566246

::::::::::: PreSendRequestContent Request called at 11/13/2018 9:24:36 PM   :::   21:24:36.2586328

::::::::::: BeginRequest Request called at 11/13/2018 9:48:27 PM   :::   21:48:27.6619776

::::::::::: AuthenticateRequest Request called at 11/13/2018 9:48:27 PM   :::   21:48:27.6634785

::::::::::: PostAuthenticateRequest Request called at 11/13/2018 9:48:27 PM   :::   21:48:27.6649778

::::::::::: AuthorizeRequest Request called at 11/13/2018 9:48:27 PM   :::   21:48:27.6664802

::::::::::: PostAuthorizeRequest Request called at 11/13/2018 9:48:27 PM   :::   21:48:27.6679799

::::::::::: End Request called at 11/13/2018 9:48:27 PM   :::   21:48:27.6709809

::::::::::: PostResolveRequestCache Request called at 11/13/2018 9:48:27 PM   :::   21:48:27.6729807

::::::::::: AcquireRequestState Request called at 11/13/2018 9:48:27 PM   :::   21:48:27.6754819

::::::::::: PostAcquireRequestState Request called at 11/13/2018 9:48:27 PM   :::   21:48:27.6774802

::::::::::: PreRequestHandlerExecute Request called at 11/13/2018 9:48:27 PM   :::   21:48:27.6799806

::::::::::: PostRequestHandlerExecute Request called at 11/13/2018 9:48:27 PM   :::   21:48:27.6819800

::::::::::: ReleaseRequestState Request called at 11/13/2018 9:48:27 PM   :::   21:48:27.6834801

::::::::::: PostReleaseRequestState Request called at 11/13/2018 9:48:27 PM   :::   21:48:27.6849798

::::::::::: UpdateRequestCache Request called at 11/13/2018 9:48:27 PM   :::   21:48:27.6869792

::::::::::: EndRequest Request called at 11/13/2018 9:48:27 PM   :::   21:48:27.6889795

::::::::::: PreSendRequestContent Request called at 11/13/2018 9:48:27 PM   :::   21:48:27.6909789

::::::::::: PreSendRequestHeaders Request called at 11/13/2018 9:48:27 PM   :::   21:48:27.6934797

::::::::::: BeginRequest Request called at 11/13/2018 9:48:27 PM   :::   21:48:27.7939812

::::::::::: AuthenticateRequest Request called at 11/13/2018 9:48:27 PM   :::   21:48:27.7959786

::::::::::: PostAuthenticateRequest Request called at 11/13/2018 9:48:27 PM   :::   21:48:27.7979805

::::::::::: AuthorizeRequest Request called at 11/13/2018 9:48:27 PM   :::   21:48:27.8264780

::::::::::: PostAuthorizeRequest Request called at 11/13/2018 9:48:27 PM   :::   21:48:27.8369794

::::::::::: End Request called at 11/13/2018 9:48:27 PM   :::   21:48:27.8399807

::::::::::: PostResolveRequestCache Request called at 11/13/2018 9:48:27 PM   :::   21:48:27.8429789

::::::::::: AcquireRequestState Request called at 11/13/2018 9:48:27 PM   :::   21:48:27.8599780

::::::::::: AcquireRequestState Request called at 11/13/2018 9:48:27 PM   :::   21:48:27.8749804

::::::::::: PreRequestHandlerExecute Request called at 11/13/2018 9:48:27 PM   :::   21:48:27.8764785

::::::::::: BeginRequest Request called at 11/13/2018 9:48:28 PM   :::   21:48:28.2869795

::::::::::: AuthenticateRequest Request called at 11/13/2018 9:48:28 PM   :::   21:48:28.2884792

::::::::::: PostAuthenticateRequest Request called at 11/13/2018 9:48:28 PM   :::   21:48:28.2899793

::::::::::: AuthorizeRequest Request called at 11/13/2018 9:48:28 PM   :::   21:48:28.2939806

::::::::::: PostAuthorizeRequest Request called at 11/13/2018 9:48:28 PM   :::   21:48:28.2954807

::::::::::: End Request called at 11/13/2018 9:48:28 PM   :::   21:48:28.2969799

::::::::::: PostResolveRequestCache Request called at 11/13/2018 9:48:28 PM   :::   21:48:28.2989798

::::::::::: AcquireRequestState Request called at 11/13/2018 9:48:28 PM   :::   21:48:28.3004799

::::::::::: PostAcquireRequestState Request called at 11/13/2018 9:48:28 PM   :::   21:48:28.3024789

::::::::::: PreRequestHandlerExecute Request called at 11/13/2018 9:48:28 PM   :::   21:48:28.3044796

::::::::::: PostRequestHandlerExecute Request called at 11/13/2018 9:48:28 PM   :::   21:48:28.3079811

::::::::::: ReleaseRequestState Request called at 11/13/2018 9:48:28 PM   :::   21:48:28.3099801

::::::::::: PostReleaseRequestState Request called at 11/13/2018 9:48:28 PM   :::   21:48:28.3114802

::::::::::: UpdateRequestCache Request called at 11/13/2018 9:48:28 PM   :::   21:48:28.3129807

::::::::::: EndRequest Request called at 11/13/2018 9:48:28 PM   :::   21:48:28.3149801

::::::::::: PreSendRequestContent Request called at 11/13/2018 9:48:28 PM   :::   21:48:28.3164798

::::::::::: PreSendRequestHeaders Request called at 11/13/2018 9:48:28 PM   :::   21:48:28.3179791

::::::::::: PreSendRequestContent Request called at 11/13/2018 9:48:35 PM   :::   21:48:35.8697210

::::::::::: PreSendRequestHeaders Request called at 11/13/2018 9:48:35 PM   :::   21:48:35.8707056

::::::::::: PostRequestHandlerExecute Request called at 11/13/2018 9:48:35 PM   :::   21:48:35.8797041

::::::::::: ReleaseRequestState Request called at 11/13/2018 9:48:35 PM   :::   21:48:35.8817031

::::::::::: PostReleaseRequestState Request called at 11/13/2018 9:48:35 PM   :::   21:48:35.8827019

::::::::::: UpdateRequestCache Request called at 11/13/2018 9:48:35 PM   :::   21:48:35.8847238

::::::::::: EndRequest Request called at 11/13/2018 9:48:35 PM   :::   21:48:35.8857103

::::::::::: PreSendRequestContent Request called at 11/13/2018 9:48:35 PM   :::   21:48:35.8877066

::::::::::: BeginRequest Request called at 11/13/2018 10:17:35 PM   :::   22:17:35.1209186

::::::::::: AuthenticateRequest Request called at 11/13/2018 10:17:35 PM   :::   22:17:35.1329185

::::::::::: PostAuthenticateRequest Request called at 11/13/2018 10:17:35 PM   :::   22:17:35.1389164

::::::::::: AuthorizeRequest Request called at 11/13/2018 10:17:35 PM   :::   22:17:35.1419170

::::::::::: PostAuthorizeRequest Request called at 11/13/2018 10:17:35 PM   :::   22:17:35.1439164

::::::::::: End Request called at 11/13/2018 10:17:35 PM   :::   22:17:35.1459167

::::::::::: PostResolveRequestCache Request called at 11/13/2018 10:17:35 PM   :::   22:17:35.1989284

::::::::::: AcquireRequestState Request called at 11/13/2018 10:17:35 PM   :::   22:17:35.2159278

::::::::::: PostAcquireRequestState Request called at 11/13/2018 10:17:35 PM   :::   22:17:35.2199303

::::::::::: PreRequestHandlerExecute Request called at 11/13/2018 10:17:35 PM   :::   22:17:35.2249275

::::::::::: PostRequestHandlerExecute Request called at 11/13/2018 10:17:36 PM   :::   22:17:36.7019536

::::::::::: ReleaseRequestState Request called at 11/13/2018 10:17:36 PM   :::   22:17:36.7049652

::::::::::: PostReleaseRequestState Request called at 11/13/2018 10:17:36 PM   :::   22:17:36.7069678

::::::::::: UpdateRequestCache Request called at 11/13/2018 10:17:36 PM   :::   22:17:36.7519604

::::::::::: EndRequest Request called at 11/13/2018 10:17:36 PM   :::   22:17:36.7569655

::::::::::: PreSendRequestContent Request called at 11/13/2018 10:17:36 PM   :::   22:17:36.7639618

::::::::::: PreSendRequestHeaders Request called at 11/13/2018 10:17:36 PM   :::   22:17:36.7659624

::::::::::: BeginRequest Request called at 11/13/2018 10:17:37 PM   :::   22:17:37.0670918

::::::::::: AuthenticateRequest Request called at 11/13/2018 10:17:37 PM   :::   22:17:37.0700908

::::::::::: PostAuthenticateRequest Request called at 11/13/2018 10:17:37 PM   :::   22:17:37.0720914

::::::::::: AuthorizeRequest Request called at 11/13/2018 10:17:37 PM   :::   22:17:37.0730925

::::::::::: PostAuthorizeRequest Request called at 11/13/2018 10:17:37 PM   :::   22:17:37.0740956

::::::::::: End Request called at 11/13/2018 10:17:37 PM   :::   22:17:37.0750927

::::::::::: PostResolveRequestCache Request called at 11/13/2018 10:17:37 PM   :::   22:17:37.0770906

::::::::::: AcquireRequestState Request called at 11/13/2018 10:17:37 PM   :::   22:17:37.0790924

::::::::::: PostAcquireRequestState Request called at 11/13/2018 10:17:37 PM   :::   22:17:37.0810923

::::::::::: PreRequestHandlerExecute Request called at 11/13/2018 10:17:37 PM   :::   22:17:37.0820902

::::::::::: PostRequestHandlerExecute Request called at 11/13/2018 10:17:37 PM   :::   22:17:37.1101109

::::::::::: ReleaseRequestState Request called at 11/13/2018 10:17:37 PM   :::   22:17:37.1121104

::::::::::: PostReleaseRequestState Request called at 11/13/2018 10:17:37 PM   :::   22:17:37.1131139

::::::::::: UpdateRequestCache Request called at 11/13/2018 10:17:37 PM   :::   22:17:37.1151113

::::::::::: EndRequest Request called at 11/13/2018 10:17:37 PM   :::   22:17:37.1171120

::::::::::: PreSendRequestContent Request called at 11/13/2018 10:17:37 PM   :::   22:17:37.1191118

::::::::::: PreSendRequestHeaders Request called at 11/13/2018 10:17:37 PM   :::   22:17:37.1221116

::::::::::: BeginRequest Request called at 11/13/2018 10:17:39 PM   :::   22:17:39.0508771

::::::::::: AuthenticateRequest Request called at 11/13/2018 10:17:39 PM   :::   22:17:39.0528762

::::::::::: PostAuthenticateRequest Request called at 11/13/2018 10:17:39 PM   :::   22:17:39.0548969

::::::::::: AuthorizeRequest Request called at 11/13/2018 10:17:39 PM   :::   22:17:39.0568782

::::::::::: PostAuthorizeRequest Request called at 11/13/2018 10:17:39 PM   :::   22:17:39.0578777

::::::::::: End Request called at 11/13/2018 10:17:39 PM   :::   22:17:39.0598760

::::::::::: PostResolveRequestCache Request called at 11/13/2018 10:17:39 PM   :::   22:17:39.0648764

::::::::::: AcquireRequestState Request called at 11/13/2018 10:17:39 PM   :::   22:17:39.0658799

::::::::::: PostAcquireRequestState Request called at 11/13/2018 10:17:39 PM   :::   22:17:39.0678777

::::::::::: PreRequestHandlerExecute Request called at 11/13/2018 10:17:39 PM   :::   22:17:39.0698780

::::::::::: PostRequestHandlerExecute Request called at 11/13/2018 10:17:39 PM   :::   22:17:39.1459001

::::::::::: ReleaseRequestState Request called at 11/13/2018 10:17:39 PM   :::   22:17:39.1478988

::::::::::: PostReleaseRequestState Request called at 11/13/2018 10:17:39 PM   :::   22:17:39.1489022

::::::::::: UpdateRequestCache Request called at 11/13/2018 10:17:39 PM   :::   22:17:39.1509009

::::::::::: EndRequest Request called at 11/13/2018 10:17:39 PM   :::   22:17:39.1529027

::::::::::: PreSendRequestContent Request called at 11/13/2018 10:17:39 PM   :::   22:17:39.1548998

::::::::::: PreSendRequestHeaders Request called at 11/13/2018 10:17:39 PM   :::   22:17:39.1559013

::::::::::: BeginRequest Request called at 11/13/2018 10:17:40 PM   :::   22:17:40.4242065

::::::::::: AuthenticateRequest Request called at 11/13/2018 10:17:40 PM   :::   22:17:40.4262060

::::::::::: PostAuthenticateRequest Request called at 11/13/2018 10:17:40 PM   :::   22:17:40.4282058

::::::::::: AuthorizeRequest Request called at 11/13/2018 10:17:40 PM   :::   22:17:40.4292065

::::::::::: PostAuthorizeRequest Request called at 11/13/2018 10:17:40 PM   :::   22:17:40.4312060

::::::::::: End Request called at 11/13/2018 10:17:40 PM   :::   22:17:40.4322075

::::::::::: PostResolveRequestCache Request called at 11/13/2018 10:17:40 PM   :::   22:17:40.4342054

::::::::::: AcquireRequestState Request called at 11/13/2018 10:17:40 PM   :::   22:17:40.4352073

::::::::::: PostAcquireRequestState Request called at 11/13/2018 10:17:40 PM   :::   22:17:40.4372055

::::::::::: PreRequestHandlerExecute Request called at 11/13/2018 10:17:40 PM   :::   22:17:40.4392058

::::::::::: PreSendRequestContent Request called at 11/13/2018 10:17:48 PM   :::   22:17:48.8438241

::::::::::: PreSendRequestHeaders Request called at 11/13/2018 10:17:48 PM   :::   22:17:48.8453230

::::::::::: PostRequestHandlerExecute Request called at 11/13/2018 10:17:48 PM   :::   22:17:48.8538237

::::::::::: ReleaseRequestState Request called at 11/13/2018 10:17:48 PM   :::   22:17:48.8558248

::::::::::: PostReleaseRequestState Request called at 11/13/2018 10:17:48 PM   :::   22:17:48.8573248

::::::::::: UpdateRequestCache Request called at 11/13/2018 10:17:48 PM   :::   22:17:48.8583366

::::::::::: EndRequest Request called at 11/13/2018 10:17:48 PM   :::   22:17:48.8623398

::::::::::: PreSendRequestContent Request called at 11/13/2018 10:17:48 PM   :::   22:17:48.8643369

::::::::::: BeginRequest Request called at 11/13/2018 11:08:19 PM   :::   23:08:19.1016414

::::::::::: AuthenticateRequest Request called at 11/13/2018 11:08:19 PM   :::   23:08:19.1071416

::::::::::: PostAuthenticateRequest Request called at 11/13/2018 11:08:19 PM   :::   23:08:19.1141398

::::::::::: AuthorizeRequest Request called at 11/13/2018 11:08:19 PM   :::   23:08:19.1176410

::::::::::: PostAuthorizeRequest Request called at 11/13/2018 11:08:19 PM   :::   23:08:19.1231395

::::::::::: End Request called at 11/13/2018 11:08:19 PM   :::   23:08:19.1256411

::::::::::: PostResolveRequestCache Request called at 11/13/2018 11:08:19 PM   :::   23:08:19.1831404

::::::::::: AcquireRequestState Request called at 11/13/2018 11:08:19 PM   :::   23:08:19.1901410

::::::::::: PostAcquireRequestState Request called at 11/13/2018 11:08:19 PM   :::   23:08:19.1921405

::::::::::: PreRequestHandlerExecute Request called at 11/13/2018 11:08:19 PM   :::   23:08:19.1941407

::::::::::: PostRequestHandlerExecute Request called at 11/13/2018 11:08:20 PM   :::   23:08:20.2321445

::::::::::: ReleaseRequestState Request called at 11/13/2018 11:08:20 PM   :::   23:08:20.2371413

::::::::::: PostReleaseRequestState Request called at 11/13/2018 11:08:20 PM   :::   23:08:20.2411422

::::::::::: UpdateRequestCache Request called at 11/13/2018 11:08:20 PM   :::   23:08:20.3191405

::::::::::: EndRequest Request called at 11/13/2018 11:08:20 PM   :::   23:08:20.3216405

::::::::::: PreSendRequestContent Request called at 11/13/2018 11:08:20 PM   :::   23:08:20.3256414

::::::::::: PreSendRequestHeaders Request called at 11/13/2018 11:08:20 PM   :::   23:08:20.3281410

::::::::::: BeginRequest Request called at 11/13/2018 11:08:37 PM   :::   23:08:37.0755645

::::::::::: AuthenticateRequest Request called at 11/13/2018 11:08:37 PM   :::   23:08:37.0765640

::::::::::: PostAuthenticateRequest Request called at 11/13/2018 11:08:37 PM   :::   23:08:37.0785650

::::::::::: AuthorizeRequest Request called at 11/13/2018 11:08:37 PM   :::   23:08:37.0805625

::::::::::: PostAuthorizeRequest Request called at 11/13/2018 11:08:37 PM   :::   23:08:37.0825635

::::::::::: End Request called at 11/13/2018 11:08:37 PM   :::   23:08:37.0845622

::::::::::: PostResolveRequestCache Request called at 11/13/2018 11:08:37 PM   :::   23:08:37.0875639

::::::::::: AcquireRequestState Request called at 11/13/2018 11:08:37 PM   :::   23:08:37.0895662

::::::::::: PostAcquireRequestState Request called at 11/13/2018 11:08:37 PM   :::   23:08:37.0905629

::::::::::: PreRequestHandlerExecute Request called at 11/13/2018 11:08:37 PM   :::   23:08:37.0925632

::::::::::: PostRequestHandlerExecute Request called at 11/13/2018 11:08:37 PM   :::   23:08:37.1085639

::::::::::: ReleaseRequestState Request called at 11/13/2018 11:08:37 PM   :::   23:08:37.1105633

::::::::::: PostReleaseRequestState Request called at 11/13/2018 11:08:37 PM   :::   23:08:37.1115629

::::::::::: UpdateRequestCache Request called at 11/13/2018 11:08:37 PM   :::   23:08:37.1135643

::::::::::: EndRequest Request called at 11/13/2018 11:08:37 PM   :::   23:08:37.1155629

::::::::::: PreSendRequestContent Request called at 11/13/2018 11:08:37 PM   :::   23:08:37.1175628

::::::::::: PreSendRequestHeaders Request called at 11/13/2018 11:08:37 PM   :::   23:08:37.1195634

::::::::::: BeginRequest Request called at 11/13/2018 11:08:37 PM   :::   23:08:37.1925751

::::::::::: AuthenticateRequest Request called at 11/13/2018 11:08:37 PM   :::   23:08:37.1945773

::::::::::: PostAuthenticateRequest Request called at 11/13/2018 11:08:37 PM   :::   23:08:37.1955769

::::::::::: AuthorizeRequest Request called at 11/13/2018 11:08:37 PM   :::   23:08:37.1975763

::::::::::: PostAuthorizeRequest Request called at 11/13/2018 11:08:37 PM   :::   23:08:37.1995773

::::::::::: End Request called at 11/13/2018 11:08:37 PM   :::   23:08:37.2005788

::::::::::: PostResolveRequestCache Request called at 11/13/2018 11:08:37 PM   :::   23:08:37.2025763

::::::::::: AcquireRequestState Request called at 11/13/2018 11:08:37 PM   :::   23:08:37.2045789

::::::::::: PostAcquireRequestState Request called at 11/13/2018 11:08:37 PM   :::   23:08:37.2055773

::::::::::: PreRequestHandlerExecute Request called at 11/13/2018 11:08:37 PM   :::   23:08:37.2075783

::::::::::: PreSendRequestContent Request called at 11/13/2018 11:08:45 PM   :::   23:08:45.6847469

::::::::::: PreSendRequestHeaders Request called at 11/13/2018 11:08:45 PM   :::   23:08:45.6862426

::::::::::: PostRequestHandlerExecute Request called at 11/13/2018 11:08:45 PM   :::   23:08:45.6962517

::::::::::: ReleaseRequestState Request called at 11/13/2018 11:08:45 PM   :::   23:08:45.6982527

::::::::::: PostReleaseRequestState Request called at 11/13/2018 11:08:45 PM   :::   23:08:45.7002530

::::::::::: UpdateRequestCache Request called at 11/13/2018 11:08:45 PM   :::   23:08:45.7022536

::::::::::: EndRequest Request called at 11/13/2018 11:08:45 PM   :::   23:08:45.7042538

::::::::::: PreSendRequestContent Request called at 11/13/2018 11:08:45 PM   :::   23:08:45.7062521

::::::::::: BeginRequest Request called at 11/13/2018 11:09:27 PM   :::   23:09:27.3750122

::::::::::: AuthenticateRequest Request called at 11/13/2018 11:09:27 PM   :::   23:09:27.3775122

::::::::::: PostAuthenticateRequest Request called at 11/13/2018 11:09:27 PM   :::   23:09:27.3790119

::::::::::: AuthorizeRequest Request called at 11/13/2018 11:09:27 PM   :::   23:09:27.3860137

::::::::::: PostAuthorizeRequest Request called at 11/13/2018 11:09:27 PM   :::   23:09:27.3890123

::::::::::: End Request called at 11/13/2018 11:09:27 PM   :::   23:09:27.3940115

::::::::::: PostResolveRequestCache Request called at 11/13/2018 11:09:27 PM   :::   23:09:27.3980128

::::::::::: AcquireRequestState Request called at 11/13/2018 11:09:27 PM   :::   23:09:27.4065131

::::::::::: PostAcquireRequestState Request called at 11/13/2018 11:09:27 PM   :::   23:09:27.4080132

::::::::::: PreRequestHandlerExecute Request called at 11/13/2018 11:09:27 PM   :::   23:09:27.4100134

::::::::::: PostRequestHandlerExecute Request called at 11/13/2018 11:09:27 PM   :::   23:09:27.4130147

::::::::::: ReleaseRequestState Request called at 11/13/2018 11:09:27 PM   :::   23:09:27.4145132

::::::::::: PostReleaseRequestState Request called at 11/13/2018 11:09:27 PM   :::   23:09:27.4210114

::::::::::: UpdateRequestCache Request called at 11/13/2018 11:09:27 PM   :::   23:09:27.4230116

::::::::::: EndRequest Request called at 11/13/2018 11:09:27 PM   :::   23:09:27.4245129

::::::::::: PreSendRequestContent Request called at 11/13/2018 11:09:27 PM   :::   23:09:27.4265107

::::::::::: PreSendRequestHeaders Request called at 11/13/2018 11:09:27 PM   :::   23:09:27.4285114

::::::::::: BeginRequest Request called at 11/13/2018 11:09:28 PM   :::   23:09:28.9753307

::::::::::: AuthenticateRequest Request called at 11/13/2018 11:09:28 PM   :::   23:09:28.9773305

::::::::::: PostAuthenticateRequest Request called at 11/13/2018 11:09:28 PM   :::   23:09:28.9793323

::::::::::: AuthorizeRequest Request called at 11/13/2018 11:09:28 PM   :::   23:09:28.9833312

::::::::::: PostAuthorizeRequest Request called at 11/13/2018 11:09:28 PM   :::   23:09:28.9863310

::::::::::: End Request called at 11/13/2018 11:09:28 PM   :::   23:09:28.9883316

::::::::::: PostResolveRequestCache Request called at 11/13/2018 11:09:28 PM   :::   23:09:28.9913322

::::::::::: AcquireRequestState Request called at 11/13/2018 11:09:28 PM   :::   23:09:28.9933308

::::::::::: PostAcquireRequestState Request called at 11/13/2018 11:09:28 PM   :::   23:09:28.9953311

::::::::::: PreRequestHandlerExecute Request called at 11/13/2018 11:09:28 PM   :::   23:09:28.9973345

::::::::::: PreSendRequestContent Request called at 11/13/2018 11:09:33 PM   :::   23:09:33.0883992

::::::::::: PreSendRequestHeaders Request called at 11/13/2018 11:09:33 PM   :::   23:09:33.0893909

::::::::::: PostRequestHandlerExecute Request called at 11/13/2018 11:09:33 PM   :::   23:09:33.0973918

::::::::::: ReleaseRequestState Request called at 11/13/2018 11:09:33 PM   :::   23:09:33.0993937

::::::::::: PostReleaseRequestState Request called at 11/13/2018 11:09:33 PM   :::   23:09:33.1023938

::::::::::: UpdateRequestCache Request called at 11/13/2018 11:09:33 PM   :::   23:09:33.1044023

::::::::::: EndRequest Request called at 11/13/2018 11:09:33 PM   :::   23:09:33.1064026

::::::::::: PreSendRequestContent Request called at 11/13/2018 11:09:33 PM   :::   23:09:33.1079240

::::::::::: BeginRequest Request called at 11/13/2018 11:10:05 PM   :::   23:10:05.6084709

::::::::::: AuthenticateRequest Request called at 11/13/2018 11:10:05 PM   :::   23:10:05.6114695

::::::::::: PostAuthenticateRequest Request called at 11/13/2018 11:10:05 PM   :::   23:10:05.6134693

::::::::::: AuthorizeRequest Request called at 11/13/2018 11:10:05 PM   :::   23:10:05.6144693

::::::::::: PostAuthorizeRequest Request called at 11/13/2018 11:10:05 PM   :::   23:10:05.6164699

::::::::::: End Request called at 11/13/2018 11:10:05 PM   :::   23:10:05.6184709

::::::::::: PostResolveRequestCache Request called at 11/13/2018 11:10:05 PM   :::   23:10:05.6204716

::::::::::: AcquireRequestState Request called at 11/13/2018 11:10:05 PM   :::   23:10:05.6234698

::::::::::: PostAcquireRequestState Request called at 11/13/2018 11:10:05 PM   :::   23:10:05.6244713

::::::::::: PreRequestHandlerExecute Request called at 11/13/2018 11:10:05 PM   :::   23:10:05.6274698

::::::::::: PostRequestHandlerExecute Request called at 11/13/2018 11:10:05 PM   :::   23:10:05.6314715

::::::::::: ReleaseRequestState Request called at 11/13/2018 11:10:05 PM   :::   23:10:05.6334698

::::::::::: PostReleaseRequestState Request called at 11/13/2018 11:10:05 PM   :::   23:10:05.6369875

::::::::::: UpdateRequestCache Request called at 11/13/2018 11:10:05 PM   :::   23:10:05.6429823

::::::::::: EndRequest Request called at 11/13/2018 11:10:05 PM   :::   23:10:05.6449793

::::::::::: PreSendRequestContent Request called at 11/13/2018 11:10:05 PM   :::   23:10:05.6479803

::::::::::: PreSendRequestHeaders Request called at 11/13/2018 11:10:05 PM   :::   23:10:05.6499813

::::::::::: BeginRequest Request called at 11/13/2018 11:10:05 PM   :::   23:10:05.6584868

::::::::::: AuthenticateRequest Request called at 11/13/2018 11:10:05 PM   :::   23:10:05.6604882

::::::::::: PostAuthenticateRequest Request called at 11/13/2018 11:10:05 PM   :::   23:10:05.6634955

::::::::::: AuthorizeRequest Request called at 11/13/2018 11:10:05 PM   :::   23:10:05.6664885

::::::::::: PostAuthorizeRequest Request called at 11/13/2018 11:10:05 PM   :::   23:10:05.6684884

::::::::::: End Request called at 11/13/2018 11:10:05 PM   :::   23:10:05.6704874

::::::::::: PostResolveRequestCache Request called at 11/13/2018 11:10:05 PM   :::   23:10:05.6724912

::::::::::: AcquireRequestState Request called at 11/13/2018 11:10:05 PM   :::   23:10:05.6744887

::::::::::: PostAcquireRequestState Request called at 11/13/2018 11:10:05 PM   :::   23:10:05.6754886

::::::::::: PreRequestHandlerExecute Request called at 11/13/2018 11:10:05 PM   :::   23:10:05.6774869

::::::::::: PreSendRequestContent Request called at 11/13/2018 11:10:19 PM   :::   23:10:19.6324166

::::::::::: PreSendRequestHeaders Request called at 11/13/2018 11:10:19 PM   :::   23:10:19.6374276

::::::::::: PostRequestHandlerExecute Request called at 11/13/2018 11:10:19 PM   :::   23:10:19.6604325

::::::::::: ReleaseRequestState Request called at 11/13/2018 11:10:19 PM   :::   23:10:19.6624296

::::::::::: PostReleaseRequestState Request called at 11/13/2018 11:10:19 PM   :::   23:10:19.6654317

::::::::::: UpdateRequestCache Request called at 11/13/2018 11:10:19 PM   :::   23:10:19.6689329

::::::::::: EndRequest Request called at 11/13/2018 11:10:19 PM   :::   23:10:19.6714301

::::::::::: PreSendRequestContent Request called at 11/13/2018 11:10:19 PM   :::   23:10:19.6739325

::::::::::: BeginRequest Request called at 11/13/2018 11:10:20 PM   :::   23:10:20.2220106

::::::::::: AuthenticateRequest Request called at 11/13/2018 11:10:20 PM   :::   23:10:20.2240081

::::::::::: PostAuthenticateRequest Request called at 11/13/2018 11:10:20 PM   :::   23:10:20.2250092

::::::::::: AuthorizeRequest Request called at 11/13/2018 11:10:20 PM   :::   23:10:20.2270126

::::::::::: PostAuthorizeRequest Request called at 11/13/2018 11:10:20 PM   :::   23:10:20.2290085

::::::::::: End Request called at 11/13/2018 11:10:20 PM   :::   23:10:20.2300100

::::::::::: PostResolveRequestCache Request called at 11/13/2018 11:10:20 PM   :::   23:10:20.2330102

::::::::::: AcquireRequestState Request called at 11/13/2018 11:10:20 PM   :::   23:10:20.2340133

::::::::::: PostAcquireRequestState Request called at 11/13/2018 11:10:20 PM   :::   23:10:20.2360092

::::::::::: PreRequestHandlerExecute Request called at 11/13/2018 11:10:20 PM   :::   23:10:20.2380102

::::::::::: PostRequestHandlerExecute Request called at 11/13/2018 11:10:22 PM   :::   23:10:22.4035520

::::::::::: ReleaseRequestState Request called at 11/13/2018 11:10:22 PM   :::   23:10:22.4075422

::::::::::: PostReleaseRequestState Request called at 11/13/2018 11:10:22 PM   :::   23:10:22.4105420

::::::::::: UpdateRequestCache Request called at 11/13/2018 11:10:22 PM   :::   23:10:22.4155444

::::::::::: EndRequest Request called at 11/13/2018 11:10:22 PM   :::   23:10:22.4185437

::::::::::: PreSendRequestContent Request called at 11/13/2018 11:10:22 PM   :::   23:10:22.4245437

::::::::::: PreSendRequestHeaders Request called at 11/13/2018 11:10:22 PM   :::   23:10:22.4265672

::::::::::: BeginRequest Request called at 11/13/2018 11:10:28 PM   :::   23:10:28.8776880

::::::::::: AuthenticateRequest Request called at 11/13/2018 11:10:28 PM   :::   23:10:28.8816869

::::::::::: PostAuthenticateRequest Request called at 11/13/2018 11:10:28 PM   :::   23:10:28.8846879

::::::::::: AuthorizeRequest Request called at 11/13/2018 11:10:28 PM   :::   23:10:28.8876944

::::::::::: PostAuthorizeRequest Request called at 11/13/2018 11:10:28 PM   :::   23:10:28.8946847

::::::::::: End Request called at 11/13/2018 11:10:28 PM   :::   23:10:28.9006863

::::::::::: PostResolveRequestCache Request called at 11/13/2018 11:10:28 PM   :::   23:10:28.9036872

::::::::::: AcquireRequestState Request called at 11/13/2018 11:10:28 PM   :::   23:10:28.9086868

::::::::::: PostAcquireRequestState Request called at 11/13/2018 11:10:28 PM   :::   23:10:28.9232025

::::::::::: PreRequestHandlerExecute Request called at 11/13/2018 11:10:28 PM   :::   23:10:28.9261979

::::::::::: PostAuthenticateRequest Request called at 11/13/2018 11:10:28 PM   :::   23:10:28.9367099

::::::::::: AuthorizeRequest Request called at 11/13/2018 11:10:28 PM   :::   23:10:28.9387117

::::::::::: PostAuthorizeRequest Request called at 11/13/2018 11:10:28 PM   :::   23:10:28.9547085

::::::::::: PostReleaseRequestState Request called at 11/13/2018 11:10:28 PM   :::   23:10:28.9627122

::::::::::: UpdateRequestCache Request called at 11/13/2018 11:10:28 PM   :::   23:10:28.9697275

::::::::::: EndRequest Request called at 11/13/2018 11:10:28 PM   :::   23:10:28.9787086

::::::::::: PostAcquireRequestState Request called at 11/13/2018 11:10:29 PM   :::   23:10:29.0007085

::::::::::: PreRequestHandlerExecute Request called at 11/13/2018 11:10:29 PM   :::   23:10:29.0067096

::::::::::: PostRequestHandlerExecute Request called at 11/13/2018 11:10:29 PM   :::   23:10:29.0432298

::::::::::: ReleaseRequestState Request called at 11/13/2018 11:10:29 PM   :::   23:10:29.0442531

::::::::::: PostReleaseRequestState Request called at 11/13/2018 11:10:29 PM   :::   23:10:29.0462399

::::::::::: UpdateRequestCache Request called at 11/13/2018 11:10:29 PM   :::   23:10:29.0472339

::::::::::: EndRequest Request called at 11/13/2018 11:10:29 PM   :::   23:10:29.0482334

::::::::::: PreSendRequestContent Request called at 11/13/2018 11:10:29 PM   :::   23:10:29.0502344

::::::::::: PreSendRequestHeaders Request called at 11/13/2018 11:10:29 PM   :::   23:10:29.0512466

::::::::::: BeginRequest Request called at 11/13/2018 11:10:30 PM   :::   23:10:30.8731720

::::::::::: AuthenticateRequest Request called at 11/13/2018 11:10:30 PM   :::   23:10:30.8756708

::::::::::: PostAuthenticateRequest Request called at 11/13/2018 11:10:30 PM   :::   23:10:30.8776719

::::::::::: AuthorizeRequest Request called at 11/13/2018 11:10:30 PM   :::   23:10:30.8796721

::::::::::: PostAuthorizeRequest Request called at 11/13/2018 11:10:30 PM   :::   23:10:30.8811710

::::::::::: End Request called at 11/13/2018 11:10:30 PM   :::   23:10:30.8826695

::::::::::: PostResolveRequestCache Request called at 11/13/2018 11:10:30 PM   :::   23:10:30.8846721

::::::::::: AcquireRequestState Request called at 11/13/2018 11:10:30 PM   :::   23:10:30.8871705

::::::::::: PostAcquireRequestState Request called at 11/13/2018 11:10:30 PM   :::   23:10:30.8891716

::::::::::: PreRequestHandlerExecute Request called at 11/13/2018 11:10:30 PM   :::   23:10:30.8911710

::::::::::: PreSendRequestContent Request called at 11/13/2018 11:10:32 PM   :::   23:10:32.9918454

::::::::::: PreSendRequestHeaders Request called at 11/13/2018 11:10:32 PM   :::   23:10:32.9943458

::::::::::: PostRequestHandlerExecute Request called at 11/13/2018 11:10:33 PM   :::   23:10:33.0028469

::::::::::: ReleaseRequestState Request called at 11/13/2018 11:10:33 PM   :::   23:10:33.0173463

::::::::::: PostReleaseRequestState Request called at 11/13/2018 11:10:33 PM   :::   23:10:33.0293446

::::::::::: UpdateRequestCache Request called at 11/13/2018 11:10:33 PM   :::   23:10:33.0368462

::::::::::: EndRequest Request called at 11/13/2018 11:10:33 PM   :::   23:10:33.0393466

::::::::::: PreSendRequestContent Request called at 11/13/2018 11:10:33 PM   :::   23:10:33.0413441

::::::::::: BeginRequest Request called at 11/13/2018 11:36:13 PM   :::   23:36:13.2525293

::::::::::: AuthenticateRequest Request called at 11/13/2018 11:36:13 PM   :::   23:36:13.2585260

::::::::::: PostAuthenticateRequest Request called at 11/13/2018 11:36:13 PM   :::   23:36:13.2605306

::::::::::: AuthorizeRequest Request called at 11/13/2018 11:36:13 PM   :::   23:36:13.2635253

::::::::::: PostAuthorizeRequest Request called at 11/13/2018 11:36:13 PM   :::   23:36:13.2665258

::::::::::: End Request called at 11/13/2018 11:36:13 PM   :::   23:36:13.2675261

::::::::::: PostResolveRequestCache Request called at 11/13/2018 11:36:13 PM   :::   23:36:13.2725261

::::::::::: AcquireRequestState Request called at 11/13/2018 11:36:13 PM   :::   23:36:13.2755271

::::::::::: PostAcquireRequestState Request called at 11/13/2018 11:36:13 PM   :::   23:36:13.2785265

::::::::::: PreRequestHandlerExecute Request called at 11/13/2018 11:36:13 PM   :::   23:36:13.2795252

::::::::::: PostRequestHandlerExecute Request called at 11/13/2018 11:36:13 PM   :::   23:36:13.2815286

::::::::::: ReleaseRequestState Request called at 11/13/2018 11:36:13 PM   :::   23:36:13.2825262

::::::::::: PostReleaseRequestState Request called at 11/13/2018 11:36:13 PM   :::   23:36:13.2835261

::::::::::: UpdateRequestCache Request called at 11/13/2018 11:36:13 PM   :::   23:36:13.2880563

::::::::::: EndRequest Request called at 11/13/2018 11:36:13 PM   :::   23:36:13.2900566

::::::::::: PreSendRequestContent Request called at 11/13/2018 11:36:13 PM   :::   23:36:13.2925574

::::::::::: PreSendRequestHeaders Request called at 11/13/2018 11:36:13 PM   :::   23:36:13.2935585

::::::::::: BeginRequest Request called at 11/13/2018 11:36:13 PM   :::   23:36:13.2985549

::::::::::: AuthenticateRequest Request called at 11/13/2018 11:36:13 PM   :::   23:36:13.3000546

::::::::::: PostAuthenticateRequest Request called at 11/13/2018 11:36:13 PM   :::   23:36:13.3025582

::::::::::: AuthorizeRequest Request called at 11/13/2018 11:36:13 PM   :::   23:36:13.3045837

::::::::::: PostAuthorizeRequest Request called at 11/13/2018 11:36:13 PM   :::   23:36:13.3055812

::::::::::: End Request called at 11/13/2018 11:36:13 PM   :::   23:36:13.3075834

::::::::::: PostResolveRequestCache Request called at 11/13/2018 11:36:13 PM   :::   23:36:13.3085833

::::::::::: AcquireRequestState Request called at 11/13/2018 11:36:13 PM   :::   23:36:13.3105804

::::::::::: PostAcquireRequestState Request called at 11/13/2018 11:36:13 PM   :::   23:36:13.3115839

::::::::::: PreRequestHandlerExecute Request called at 11/13/2018 11:36:13 PM   :::   23:36:13.3125807

::::::::::: PostRequestHandlerExecute Request called at 11/13/2018 11:41:22 PM   :::   23:41:22.2977153

::::::::::: ReleaseRequestState Request called at 11/13/2018 11:41:22 PM   :::   23:41:22.2997163

::::::::::: PostReleaseRequestState Request called at 11/13/2018 11:41:22 PM   :::   23:41:22.3007194

::::::::::: UpdateRequestCache Request called at 11/13/2018 11:41:22 PM   :::   23:41:22.3027172

::::::::::: EndRequest Request called at 11/13/2018 11:41:22 PM   :::   23:41:22.3047159

::::::::::: PreSendRequestContent Request called at 11/13/2018 11:41:22 PM   :::   23:41:22.3057170

::::::::::: PreSendRequestHeaders Request called at 11/13/2018 11:41:22 PM   :::   23:41:22.3077188

::::::::::: BeginRequest Request called at 11/13/2018 11:41:24 PM   :::   23:41:24.6840461

::::::::::: AuthenticateRequest Request called at 11/13/2018 11:41:24 PM   :::   23:41:24.6860475

::::::::::: PostAuthenticateRequest Request called at 11/13/2018 11:41:24 PM   :::   23:41:24.6880450

::::::::::: AuthorizeRequest Request called at 11/13/2018 11:41:24 PM   :::   23:41:24.6890476

::::::::::: PostAuthorizeRequest Request called at 11/13/2018 11:41:24 PM   :::   23:41:24.6910475

::::::::::: End Request called at 11/13/2018 11:41:24 PM   :::   23:41:24.6920466

::::::::::: PostResolveRequestCache Request called at 11/13/2018 11:41:24 PM   :::   23:41:24.6940449

::::::::::: AcquireRequestState Request called at 11/13/2018 11:41:24 PM   :::   23:41:24.6960455

::::::::::: PostAcquireRequestState Request called at 11/13/2018 11:41:24 PM   :::   23:41:24.6980469

::::::::::: BeginRequest Request called at 11/13/2018 11:41:24 PM   :::   23:41:24.7000452

::::::::::: AuthenticateRequest Request called at 11/13/2018 11:41:24 PM   :::   23:41:24.7070447

::::::::::: PostAuthenticateRequest Request called at 11/13/2018 11:41:24 PM   :::   23:41:24.7110432

::::::::::: AuthorizeRequest Request called at 11/13/2018 11:41:24 PM   :::   23:41:24.7190429

::::::::::: PostAuthorizeRequest Request called at 11/13/2018 11:41:24 PM   :::   23:41:24.7260436

::::::::::: End Request called at 11/13/2018 11:41:24 PM   :::   23:41:24.7340437

::::::::::: PreSendRequestContent Request called at 11/13/2018 11:41:24 PM   :::   23:41:24.7440418

::::::::::: PreSendRequestHeaders Request called at 11/13/2018 11:41:24 PM   :::   23:41:24.7480430

::::::::::: PostAcquireRequestState Request called at 11/13/2018 11:41:24 PM   :::   23:41:24.7590442

::::::::::: PreRequestHandlerExecute Request called at 11/13/2018 11:41:24 PM   :::   23:41:24.7600449

::::::::::: PostRequestHandlerExecute Request called at 11/13/2018 11:41:24 PM   :::   23:41:24.7740517

::::::::::: ReleaseRequestState Request called at 11/13/2018 11:41:24 PM   :::   23:41:24.7755522

::::::::::: PostReleaseRequestState Request called at 11/13/2018 11:41:24 PM   :::   23:41:24.7770534

::::::::::: UpdateRequestCache Request called at 11/13/2018 11:41:24 PM   :::   23:41:24.7780549

::::::::::: EndRequest Request called at 11/13/2018 11:41:24 PM   :::   23:41:24.7810650

::::::::::: PreSendRequestContent Request called at 11/13/2018 11:41:24 PM   :::   23:41:24.7820669

::::::::::: PreSendRequestHeaders Request called at 11/13/2018 11:41:24 PM   :::   23:41:24.7830648

::::::::::: BeginRequest Request called at 11/13/2018 11:41:26 PM   :::   23:41:26.8580404

::::::::::: AuthenticateRequest Request called at 11/13/2018 11:41:26 PM   :::   23:41:26.8675841

::::::::::: PostAuthenticateRequest Request called at 11/13/2018 11:41:26 PM   :::   23:41:26.8710848

::::::::::: AuthorizeRequest Request called at 11/13/2018 11:41:26 PM   :::   23:41:26.8725813

::::::::::: PostAuthorizeRequest Request called at 11/13/2018 11:41:26 PM   :::   23:41:26.8735793

::::::::::: End Request called at 11/13/2018 11:41:26 PM   :::   23:41:26.8745788

::::::::::: PostResolveRequestCache Request called at 11/13/2018 11:41:26 PM   :::   23:41:26.8760805

::::::::::: AcquireRequestState Request called at 11/13/2018 11:41:26 PM   :::   23:41:26.8775802

::::::::::: PostAcquireRequestState Request called at 11/13/2018 11:41:26 PM   :::   23:41:26.8795792

::::::::::: PreRequestHandlerExecute Request called at 11/13/2018 11:41:26 PM   :::   23:41:26.8810919

::::::::::: PreSendRequestContent Request called at 11/13/2018 11:41:28 PM   :::   23:41:28.9479849

::::::::::: PreSendRequestHeaders Request called at 11/13/2018 11:41:28 PM   :::   23:41:28.9520185

::::::::::: PostRequestHandlerExecute Request called at 11/13/2018 11:41:28 PM   :::   23:41:28.9570161

::::::::::: ReleaseRequestState Request called at 11/13/2018 11:41:28 PM   :::   23:41:28.9620177

::::::::::: PostReleaseRequestState Request called at 11/13/2018 11:41:28 PM   :::   23:41:28.9670568

::::::::::: UpdateRequestCache Request called at 11/13/2018 11:41:28 PM   :::   23:41:28.9710158

::::::::::: EndRequest Request called at 11/13/2018 11:41:28 PM   :::   23:41:28.9750187

::::::::::: PreSendRequestContent Request called at 11/13/2018 11:41:28 PM   :::   23:41:28.9790192

::::::::::: BeginRequest Request called at 11/13/2018 11:59:35 PM   :::   23:59:35.2698149

::::::::::: AuthenticateRequest Request called at 11/13/2018 11:59:35 PM   :::   23:59:35.2708161

::::::::::: PostAuthenticateRequest Request called at 11/13/2018 11:59:35 PM   :::   23:59:35.2738142

::::::::::: AuthorizeRequest Request called at 11/13/2018 11:59:35 PM   :::   23:59:35.2768132

::::::::::: PostAuthorizeRequest Request called at 11/13/2018 11:59:35 PM   :::   23:59:35.2788138

::::::::::: End Request called at 11/13/2018 11:59:35 PM   :::   23:59:35.2828120

::::::::::: PostResolveRequestCache Request called at 11/13/2018 11:59:35 PM   :::   23:59:35.2848130

::::::::::: AcquireRequestState Request called at 11/13/2018 11:59:35 PM   :::   23:59:35.2898308

::::::::::: PostAcquireRequestState Request called at 11/13/2018 11:59:35 PM   :::   23:59:35.2918140

::::::::::: PreRequestHandlerExecute Request called at 11/13/2018 11:59:35 PM   :::   23:59:35.2938131

::::::::::: PostRequestHandlerExecute Request called at 11/13/2018 11:59:35 PM   :::   23:59:35.2978140

::::::::::: ReleaseRequestState Request called at 11/13/2018 11:59:35 PM   :::   23:59:35.3008149

::::::::::: PostReleaseRequestState Request called at 11/13/2018 11:59:35 PM   :::   23:59:35.3018109

::::::::::: UpdateRequestCache Request called at 11/13/2018 11:59:35 PM   :::   23:59:35.3038111

::::::::::: EndRequest Request called at 11/13/2018 11:59:35 PM   :::   23:59:35.3048110

::::::::::: PreSendRequestContent Request called at 11/13/2018 11:59:35 PM   :::   23:59:35.3058137

::::::::::: PreSendRequestHeaders Request called at 11/13/2018 11:59:35 PM   :::   23:59:35.3078120

::::::::::: BeginRequest Request called at 11/13/2018 11:59:35 PM   :::   23:59:35.3158129

::::::::::: AuthenticateRequest Request called at 11/13/2018 11:59:35 PM   :::   23:59:35.3168105

::::::::::: PostAuthenticateRequest Request called at 11/13/2018 11:59:35 PM   :::   23:59:35.3178140

::::::::::: AuthorizeRequest Request called at 11/13/2018 11:59:35 PM   :::   23:59:35.3188111

::::::::::: PostAuthorizeRequest Request called at 11/13/2018 11:59:35 PM   :::   23:59:35.3208122

::::::::::: End Request called at 11/13/2018 11:59:35 PM   :::   23:59:35.3218105

::::::::::: PostResolveRequestCache Request called at 11/13/2018 11:59:35 PM   :::   23:59:35.3228124

::::::::::: AcquireRequestState Request called at 11/13/2018 11:59:35 PM   :::   23:59:35.3248138

::::::::::: PostAcquireRequestState Request called at 11/13/2018 11:59:35 PM   :::   23:59:35.3258130

::::::::::: PreRequestHandlerExecute Request called at 11/13/2018 11:59:35 PM   :::   23:59:35.3278112

