::::::::::: BeginRequest Request called at 11/18/2018 10:33:50 PM   :::   22:33:50.0710784

::::::::::: AuthenticateRequest Request called at 11/18/2018 10:33:50 PM   :::   22:33:50.0850773

::::::::::: PostAuthenticateRequest Request called at 11/18/2018 10:33:50 PM   :::   22:33:50.0905771

::::::::::: AuthorizeRequest Request called at 11/18/2018 10:33:50 PM   :::   22:33:50.0940770

::::::::::: PostAuthorizeRequest Request called at 11/18/2018 10:33:50 PM   :::   22:33:50.0960764

::::::::::: End Request called at 11/18/2018 10:33:50 PM   :::   22:33:50.1040778

::::::::::: PostResolveRequestCache Request called at 11/18/2018 10:33:50 PM   :::   22:33:50.1935765

::::::::::: AcquireRequestState Request called at 11/18/2018 10:33:50 PM   :::   22:33:50.2495769

::::::::::: PostAcquireRequestState Request called at 11/18/2018 10:33:50 PM   :::   22:33:50.2520765

::::::::::: PreRequestHandlerExecute Request called at 11/18/2018 10:33:50 PM   :::   22:33:50.2540748

::::::::::: PostRequestHandlerExecute Request called at 11/18/2018 10:33:52 PM   :::   22:33:52.4315944

::::::::::: ReleaseRequestState Request called at 11/18/2018 10:33:52 PM   :::   22:33:52.4335930

::::::::::: PostReleaseRequestState Request called at 11/18/2018 10:33:52 PM   :::   22:33:52.4405944

::::::::::: UpdateRequestCache Request called at 11/18/2018 10:33:52 PM   :::   22:33:52.5176090

::::::::::: EndRequest Request called at 11/18/2018 10:33:52 PM   :::   22:33:52.5216099

::::::::::: PreSendRequestContent Request called at 11/18/2018 10:33:52 PM   :::   22:33:52.5306111

::::::::::: PreSendRequestHeaders Request called at 11/18/2018 10:33:52 PM   :::   22:33:52.5346112

::::::::::: BeginRequest Request called at 11/18/2018 10:33:52 PM   :::   22:33:52.5951213

::::::::::: AuthenticateRequest Request called at 11/18/2018 10:33:52 PM   :::   22:33:52.6716428

::::::::::: BeginRequest Request called at 11/18/2018 10:33:52 PM   :::   22:33:52.6776415

::::::::::: AuthenticateRequest Request called at 11/18/2018 10:33:52 PM   :::   22:33:52.6636426

::::::::::: PostAuthenticateRequest Request called at 11/18/2018 10:33:52 PM   :::   22:33:52.6836423

::::::::::: AuthorizeRequest Request called at 11/18/2018 10:33:52 PM   :::   22:33:52.6991495

::::::::::: PostAuthorizeRequest Request called at 11/18/2018 10:33:52 PM   :::   22:33:52.7016495

::::::::::: End Request called at 11/18/2018 10:33:52 PM   :::   22:33:52.7126499

::::::::::: PostResolveRequestCache Request called at 11/18/2018 10:33:52 PM   :::   22:33:52.7181492

::::::::::: AcquireRequestState Request called at 11/18/2018 10:33:52 PM   :::   22:33:52.7261494

::::::::::: PostAcquireRequestState Request called at 11/18/2018 10:33:52 PM   :::   22:33:52.7296493

::::::::::: PreRequestHandlerExecute Request called at 11/18/2018 10:33:52 PM   :::   22:33:52.7411510

::::::::::: PostAuthenticateRequest Request called at 11/18/2018 10:33:52 PM   :::   22:33:52.7416488

::::::::::: AuthorizeRequest Request called at 11/18/2018 10:33:52 PM   :::   22:33:52.7736499

::::::::::: AuthorizeRequest Request called at 11/18/2018 10:33:52 PM   :::   22:33:52.7761495

::::::::::: PostRequestHandlerExecute Request called at 11/18/2018 10:33:52 PM   :::   22:33:52.7816492

::::::::::: PostAuthorizeRequest Request called at 11/18/2018 10:33:52 PM   :::   22:33:52.7816492

::::::::::: End Request called at 11/18/2018 10:33:52 PM   :::   22:33:52.7976512

::::::::::: End Request called at 11/18/2018 10:33:52 PM   :::   22:33:52.7931509

::::::::::: PostReleaseRequestState Request called at 11/18/2018 10:33:52 PM   :::   22:33:52.8086503

::::::::::: AcquireRequestState Request called at 11/18/2018 10:33:52 PM   :::   22:33:52.8261499

::::::::::: PostAcquireRequestState Request called at 11/18/2018 10:33:52 PM   :::   22:33:52.8456502

::::::::::: PreRequestHandlerExecute Request called at 11/18/2018 10:33:52 PM   :::   22:33:52.8596515

::::::::::: PostAcquireRequestState Request called at 11/18/2018 10:33:52 PM   :::   22:33:52.8731498

::::::::::: PreRequestHandlerExecute Request called at 11/18/2018 10:33:52 PM   :::   22:33:52.8756502

::::::::::: PostRequestHandlerExecute Request called at 11/18/2018 10:33:52 PM   :::   22:33:52.8761500

::::::::::: ReleaseRequestState Request called at 11/18/2018 10:33:52 PM   :::   22:33:52.8851489

::::::::::: PostReleaseRequestState Request called at 11/18/2018 10:33:52 PM   :::   22:33:52.8871503

::::::::::: ReleaseRequestState Request called at 11/18/2018 10:33:52 PM   :::   22:33:52.9076513

::::::::::: PostReleaseRequestState Request called at 11/18/2018 10:33:52 PM   :::   22:33:52.9111492

::::::::::: UpdateRequestCache Request called at 11/18/2018 10:33:52 PM   :::   22:33:52.9246484

::::::::::: EndRequest Request called at 11/18/2018 10:33:52 PM   :::   22:33:52.9271488

::::::::::: PreSendRequestHeaders Request called at 11/18/2018 10:33:52 PM   :::   22:33:52.9326501

::::::::::: PostAcquireRequestState Request called at 11/18/2018 10:33:52 PM   :::   22:33:52.9436509

::::::::::: PreRequestHandlerExecute Request called at 11/18/2018 10:33:52 PM   :::   22:33:52.9496500

::::::::::: PostRequestHandlerExecute Request called at 11/18/2018 10:33:52 PM   :::   22:33:52.9831539

::::::::::: AuthenticateRequest Request called at 11/18/2018 10:33:53 PM   :::   22:33:53.0096477

::::::::::: PostAuthenticateRequest Request called at 11/18/2018 10:33:53 PM   :::   22:33:53.0116495

::::::::::: AuthorizeRequest Request called at 11/18/2018 10:33:53 PM   :::   22:33:53.0146489

::::::::::: BeginRequest Request called at 11/18/2018 10:33:53 PM   :::   22:33:53.0126498

::::::::::: AuthenticateRequest Request called at 11/18/2018 10:33:53 PM   :::   22:33:53.0221501

::::::::::: ReleaseRequestState Request called at 11/18/2018 10:33:53 PM   :::   22:33:53.0061501

::::::::::: EndRequest Request called at 11/18/2018 10:33:53 PM   :::   22:33:53.0356500

::::::::::: PreSendRequestContent Request called at 11/18/2018 10:33:53 PM   :::   22:33:53.0406496

::::::::::: PreSendRequestHeaders Request called at 11/18/2018 10:33:53 PM   :::   22:33:53.0426499

::::::::::: UpdateRequestCache Request called at 11/18/2018 10:33:53 PM   :::   22:33:53.0786498

::::::::::: AuthorizeRequest Request called at 11/18/2018 10:33:53 PM   :::   22:33:53.0796505

::::::::::: PostAuthorizeRequest Request called at 11/18/2018 10:33:53 PM   :::   22:33:53.0821498

::::::::::: End Request called at 11/18/2018 10:33:53 PM   :::   22:33:53.0841496

::::::::::: PostResolveRequestCache Request called at 11/18/2018 10:33:53 PM   :::   22:33:53.0856509

::::::::::: AcquireRequestState Request called at 11/18/2018 10:33:53 PM   :::   22:33:53.0886498

::::::::::: PostResolveRequestCache Request called at 11/18/2018 10:33:53 PM   :::   22:33:53.0946494

::::::::::: AcquireRequestState Request called at 11/18/2018 10:33:53 PM   :::   22:33:53.0966504

::::::::::: PostAcquireRequestState Request called at 11/18/2018 10:33:53 PM   :::   22:33:53.0981485

::::::::::: PreRequestHandlerExecute Request called at 11/18/2018 10:33:53 PM   :::   22:33:53.0996486

::::::::::: PostAcquireRequestState Request called at 11/18/2018 10:33:53 PM   :::   22:33:53.1011503

::::::::::: PreSendRequestContent Request called at 11/18/2018 10:33:53 PM   :::   22:33:53.1081489

::::::::::: PreRequestHandlerExecute Request called at 11/18/2018 10:33:53 PM   :::   22:33:53.1091488

::::::::::: ReleaseRequestState Request called at 11/18/2018 10:33:53 PM   :::   22:33:53.1181509

::::::::::: PostReleaseRequestState Request called at 11/18/2018 10:33:53 PM   :::   22:33:53.1201500

::::::::::: ReleaseRequestState Request called at 11/18/2018 10:33:53 PM   :::   22:33:53.1366497

::::::::::: PostReleaseRequestState Request called at 11/18/2018 10:33:53 PM   :::   22:33:53.1396494

::::::::::: UpdateRequestCache Request called at 11/18/2018 10:33:53 PM   :::   22:33:53.1426504

::::::::::: EndRequest Request called at 11/18/2018 10:33:53 PM   :::   22:33:53.1451496

::::::::::: PreSendRequestContent Request called at 11/18/2018 10:33:53 PM   :::   22:33:53.1551547

::::::::::: PreSendRequestHeaders Request called at 11/18/2018 10:33:53 PM   :::   22:33:53.1571491

::::::::::: EndRequest Request called at 11/18/2018 10:33:53 PM   :::   22:33:53.2026497

::::::::::: PreSendRequestContent Request called at 11/18/2018 10:33:53 PM   :::   22:33:53.2056542

::::::::::: PreSendRequestHeaders Request called at 11/18/2018 10:33:53 PM   :::   22:33:53.2071499

::::::::::: BeginRequest Request called at 11/18/2018 10:33:53 PM   :::   22:33:53.3991504

::::::::::: AuthenticateRequest Request called at 11/18/2018 10:33:53 PM   :::   22:33:53.4101495

::::::::::: PostAuthenticateRequest Request called at 11/18/2018 10:33:53 PM   :::   22:33:53.4121502

::::::::::: AuthorizeRequest Request called at 11/18/2018 10:33:53 PM   :::   22:33:53.4291500

::::::::::: PostAuthorizeRequest Request called at 11/18/2018 10:33:53 PM   :::   22:33:53.4326484

::::::::::: End Request called at 11/18/2018 10:33:53 PM   :::   22:33:53.4446486

::::::::::: PostResolveRequestCache Request called at 11/18/2018 10:33:53 PM   :::   22:33:53.4476504

::::::::::: AcquireRequestState Request called at 11/18/2018 10:33:53 PM   :::   22:33:53.4496514

::::::::::: PostAcquireRequestState Request called at 11/18/2018 10:33:53 PM   :::   22:33:53.4521498

::::::::::: PreRequestHandlerExecute Request called at 11/18/2018 10:33:53 PM   :::   22:33:53.4561515

::::::::::: PostRequestHandlerExecute Request called at 11/18/2018 10:33:53 PM   :::   22:33:53.4761523

::::::::::: ReleaseRequestState Request called at 11/18/2018 10:33:53 PM   :::   22:33:53.4806509

::::::::::: PostReleaseRequestState Request called at 11/18/2018 10:33:53 PM   :::   22:33:53.4831517

::::::::::: UpdateRequestCache Request called at 11/18/2018 10:33:53 PM   :::   22:33:53.4901504

::::::::::: EndRequest Request called at 11/18/2018 10:33:53 PM   :::   22:33:53.4926512

::::::::::: PreSendRequestContent Request called at 11/18/2018 10:33:53 PM   :::   22:33:53.4971503

::::::::::: PreSendRequestHeaders Request called at 11/18/2018 10:33:53 PM   :::   22:33:53.4991497

::::::::::: BeginRequest Request called at 11/18/2018 10:33:54 PM   :::   22:33:54.1632291

::::::::::: AuthenticateRequest Request called at 11/18/2018 10:33:54 PM   :::   22:33:54.1647292

::::::::::: PostAuthenticateRequest Request called at 11/18/2018 10:33:54 PM   :::   22:33:54.1667283

::::::::::: AuthorizeRequest Request called at 11/18/2018 10:33:54 PM   :::   22:33:54.1687281

::::::::::: PostAuthorizeRequest Request called at 11/18/2018 10:33:54 PM   :::   22:33:54.1702286

::::::::::: End Request called at 11/18/2018 10:33:54 PM   :::   22:33:54.1772284

::::::::::: PostResolveRequestCache Request called at 11/18/2018 10:33:54 PM   :::   22:33:54.1802306

::::::::::: AcquireRequestState Request called at 11/18/2018 10:33:54 PM   :::   22:33:54.1822296

::::::::::: PostAcquireRequestState Request called at 11/18/2018 10:33:54 PM   :::   22:33:54.1837285

::::::::::: PreRequestHandlerExecute Request called at 11/18/2018 10:33:54 PM   :::   22:33:54.1852298

::::::::::: PostRequestHandlerExecute Request called at 11/18/2018 10:33:54 PM   :::   22:33:54.2662290

::::::::::: ReleaseRequestState Request called at 11/18/2018 10:33:54 PM   :::   22:33:54.2682304

::::::::::: PostReleaseRequestState Request called at 11/18/2018 10:33:54 PM   :::   22:33:54.2702291

::::::::::: UpdateRequestCache Request called at 11/18/2018 10:33:54 PM   :::   22:33:54.2742284

::::::::::: EndRequest Request called at 11/18/2018 10:33:54 PM   :::   22:33:54.2782285

::::::::::: PreSendRequestContent Request called at 11/18/2018 10:33:54 PM   :::   22:33:54.2847301

::::::::::: PreSendRequestHeaders Request called at 11/18/2018 10:33:54 PM   :::   22:33:54.2877295

::::::::::: BeginRequest Request called at 11/18/2018 10:33:55 PM   :::   22:33:55.8729161

::::::::::: AuthenticateRequest Request called at 11/18/2018 10:33:55 PM   :::   22:33:55.8749172

::::::::::: PostAuthenticateRequest Request called at 11/18/2018 10:33:55 PM   :::   22:33:55.8764168

::::::::::: AuthorizeRequest Request called at 11/18/2018 10:33:55 PM   :::   22:33:55.8779157

::::::::::: PostAuthorizeRequest Request called at 11/18/2018 10:33:55 PM   :::   22:33:55.8799160

::::::::::: End Request called at 11/18/2018 10:33:55 PM   :::   22:33:55.8814172

::::::::::: PostResolveRequestCache Request called at 11/18/2018 10:33:55 PM   :::   22:33:55.8879181

::::::::::: AcquireRequestState Request called at 11/18/2018 10:33:55 PM   :::   22:33:55.8894166

::::::::::: PostAcquireRequestState Request called at 11/18/2018 10:33:55 PM   :::   22:33:55.8909155

::::::::::: PreRequestHandlerExecute Request called at 11/18/2018 10:33:55 PM   :::   22:33:55.8924164

::::::::::: PostRequestHandlerExecute Request called at 11/18/2018 10:33:56 PM   :::   22:33:56.0009157

::::::::::: ReleaseRequestState Request called at 11/18/2018 10:33:56 PM   :::   22:33:56.0049157

::::::::::: PostReleaseRequestState Request called at 11/18/2018 10:33:56 PM   :::   22:33:56.0069164

::::::::::: UpdateRequestCache Request called at 11/18/2018 10:33:56 PM   :::   22:33:56.0089182

::::::::::: EndRequest Request called at 11/18/2018 10:33:56 PM   :::   22:33:56.0104163

::::::::::: PreSendRequestContent Request called at 11/18/2018 10:33:56 PM   :::   22:33:56.0129171

::::::::::: PreSendRequestHeaders Request called at 11/18/2018 10:33:56 PM   :::   22:33:56.0159153

::::::::::: BeginRequest Request called at 11/18/2018 10:33:56 PM   :::   22:33:56.0714175

::::::::::: AuthenticateRequest Request called at 11/18/2018 10:33:56 PM   :::   22:33:56.0734161

::::::::::: PostAuthenticateRequest Request called at 11/18/2018 10:33:56 PM   :::   22:33:56.0749170

::::::::::: AuthorizeRequest Request called at 11/18/2018 10:33:56 PM   :::   22:33:56.0764167

::::::::::: PostAuthorizeRequest Request called at 11/18/2018 10:33:56 PM   :::   22:33:56.0784165

::::::::::: End Request called at 11/18/2018 10:33:56 PM   :::   22:33:56.0799162

::::::::::: PostResolveRequestCache Request called at 11/18/2018 10:33:56 PM   :::   22:33:56.0819176

::::::::::: AcquireRequestState Request called at 11/18/2018 10:33:56 PM   :::   22:33:56.0834165

::::::::::: PostAcquireRequestState Request called at 11/18/2018 10:33:56 PM   :::   22:33:56.0849170

::::::::::: PreRequestHandlerExecute Request called at 11/18/2018 10:33:56 PM   :::   22:33:56.0864175

::::::::::: PreSendRequestContent Request called at 11/18/2018 10:34:04 PM   :::   22:34:04.7691670

::::::::::: PreSendRequestHeaders Request called at 11/18/2018 10:34:04 PM   :::   22:34:04.7706663

::::::::::: PostRequestHandlerExecute Request called at 11/18/2018 10:34:04 PM   :::   22:34:04.7791690

::::::::::: ReleaseRequestState Request called at 11/18/2018 10:34:04 PM   :::   22:34:04.7806821

::::::::::: PostReleaseRequestState Request called at 11/18/2018 10:34:04 PM   :::   22:34:04.7826807

::::::::::: UpdateRequestCache Request called at 11/18/2018 10:34:04 PM   :::   22:34:04.7836819

::::::::::: EndRequest Request called at 11/18/2018 10:34:04 PM   :::   22:34:04.7856813

::::::::::: PreSendRequestContent Request called at 11/18/2018 10:34:04 PM   :::   22:34:04.7876819

