::::::::::: BeginRequest Request called at 9/22/2018 10:23:50 AM   :::   10:23:50.0192044

::::::::::: AuthenticateRequest Request called at 9/22/2018 10:23:50 AM   :::   10:23:50.0272046

::::::::::: PostAuthenticateRequest Request called at 9/22/2018 10:23:50 AM   :::   10:23:50.0312047

::::::::::: AuthorizeRequest Request called at 9/22/2018 10:23:50 AM   :::   10:23:50.0312047

::::::::::: PostAuthorizeRequest Request called at 9/22/2018 10:23:50 AM   :::   10:23:50.0352056

::::::::::: End Request called at 9/22/2018 10:23:50 AM   :::   10:23:50.0352056

::::::::::: PostResolveRequestCache Request called at 9/22/2018 10:23:50 AM   :::   10:23:50.1512143

::::::::::: AcquireRequestState Request called at 9/22/2018 10:23:50 AM   :::   10:23:50.1632146

::::::::::: PostAcquireRequestState Request called at 9/22/2018 10:23:50 AM   :::   10:23:50.1672154

::::::::::: PreRequestHandlerExecute Request called at 9/22/2018 10:23:50 AM   :::   10:23:50.1672154

::::::::::: PostRequestHandlerExecute Request called at 9/22/2018 10:23:53 AM   :::   10:23:53.2954348

::::::::::: ReleaseRequestState Request called at 9/22/2018 10:23:53 AM   :::   10:23:53.2954348

::::::::::: PostReleaseRequestState Request called at 9/22/2018 10:23:53 AM   :::   10:23:53.2994349

::::::::::: UpdateRequestCache Request called at 9/22/2018 10:23:53 AM   :::   10:23:53.3514403

::::::::::: EndRequest Request called at 9/22/2018 10:23:53 AM   :::   10:23:53.3554392

::::::::::: PreSendRequestContent Request called at 9/22/2018 10:23:53 AM   :::   10:23:53.3674399

::::::::::: PreSendRequestHeaders Request called at 9/22/2018 10:23:53 AM   :::   10:23:53.3674399

::::::::::: BeginRequest Request called at 9/22/2018 10:23:53 AM   :::   10:23:53.6074568

::::::::::: AuthenticateRequest Request called at 9/22/2018 10:23:53 AM   :::   10:23:53.6074568

::::::::::: PostAuthenticateRequest Request called at 9/22/2018 10:23:53 AM   :::   10:23:53.6114572

::::::::::: AuthorizeRequest Request called at 9/22/2018 10:23:53 AM   :::   10:23:53.6114572

::::::::::: PostAuthorizeRequest Request called at 9/22/2018 10:23:53 AM   :::   10:23:53.6114572

::::::::::: End Request called at 9/22/2018 10:23:53 AM   :::   10:23:53.6154569

::::::::::: PostResolveRequestCache Request called at 9/22/2018 10:23:53 AM   :::   10:23:53.6194574

::::::::::: AcquireRequestState Request called at 9/22/2018 10:23:53 AM   :::   10:23:53.6194574

::::::::::: PostAcquireRequestState Request called at 9/22/2018 10:23:53 AM   :::   10:23:53.6234575

::::::::::: PreRequestHandlerExecute Request called at 9/22/2018 10:23:53 AM   :::   10:23:53.6234575

::::::::::: PostRequestHandlerExecute Request called at 9/22/2018 10:23:53 AM   :::   10:23:53.7154634

::::::::::: ReleaseRequestState Request called at 9/22/2018 10:23:53 AM   :::   10:23:53.7154634

::::::::::: PostReleaseRequestState Request called at 9/22/2018 10:23:53 AM   :::   10:23:53.7194642

::::::::::: UpdateRequestCache Request called at 9/22/2018 10:23:53 AM   :::   10:23:53.7194642

::::::::::: EndRequest Request called at 9/22/2018 10:23:53 AM   :::   10:23:53.7194642

::::::::::: PreSendRequestContent Request called at 9/22/2018 10:23:53 AM   :::   10:23:53.7234643

::::::::::: PreSendRequestHeaders Request called at 9/22/2018 10:23:53 AM   :::   10:23:53.7234643

::::::::::: BeginRequest Request called at 9/22/2018 10:23:53 AM   :::   10:23:53.7634675

::::::::::: AuthenticateRequest Request called at 9/22/2018 10:23:53 AM   :::   10:23:53.7674676

::::::::::: PostAuthenticateRequest Request called at 9/22/2018 10:23:53 AM   :::   10:23:53.7674676

::::::::::: AuthorizeRequest Request called at 9/22/2018 10:23:53 AM   :::   10:23:53.7674676

::::::::::: PostAuthorizeRequest Request called at 9/22/2018 10:23:53 AM   :::   10:23:53.7714681

::::::::::: End Request called at 9/22/2018 10:23:53 AM   :::   10:23:53.7714681

::::::::::: PostResolveRequestCache Request called at 9/22/2018 10:23:53 AM   :::   10:23:53.7714681

::::::::::: AcquireRequestState Request called at 9/22/2018 10:23:53 AM   :::   10:23:53.7754678

::::::::::: PostAcquireRequestState Request called at 9/22/2018 10:23:53 AM   :::   10:23:53.7754678

::::::::::: PreRequestHandlerExecute Request called at 9/22/2018 10:23:53 AM   :::   10:23:53.7794682

::::::::::: BeginRequest Request called at 9/22/2018 10:23:55 AM   :::   10:23:55.7836136

::::::::::: AuthenticateRequest Request called at 9/22/2018 10:23:55 AM   :::   10:23:55.7876093

::::::::::: PostAuthenticateRequest Request called at 9/22/2018 10:23:55 AM   :::   10:23:55.7876093

::::::::::: AuthorizeRequest Request called at 9/22/2018 10:23:55 AM   :::   10:23:55.7876093

::::::::::: PostAuthorizeRequest Request called at 9/22/2018 10:23:55 AM   :::   10:23:55.7916102

::::::::::: End Request called at 9/22/2018 10:23:55 AM   :::   10:23:55.7916102

::::::::::: PostResolveRequestCache Request called at 9/22/2018 10:23:55 AM   :::   10:23:55.7916102

::::::::::: AcquireRequestState Request called at 9/22/2018 10:23:55 AM   :::   10:23:55.7956099

::::::::::: PostAcquireRequestState Request called at 9/22/2018 10:23:55 AM   :::   10:23:55.7956099

::::::::::: PreRequestHandlerExecute Request called at 9/22/2018 10:23:55 AM   :::   10:23:55.7996116

::::::::::: PostRequestHandlerExecute Request called at 9/22/2018 10:23:55 AM   :::   10:23:55.8196120

::::::::::: ReleaseRequestState Request called at 9/22/2018 10:23:55 AM   :::   10:23:55.8236121

::::::::::: PostReleaseRequestState Request called at 9/22/2018 10:23:55 AM   :::   10:23:55.8236121

::::::::::: UpdateRequestCache Request called at 9/22/2018 10:23:55 AM   :::   10:23:55.8276122

::::::::::: EndRequest Request called at 9/22/2018 10:23:55 AM   :::   10:23:55.8276122

::::::::::: PreSendRequestContent Request called at 9/22/2018 10:23:55 AM   :::   10:23:55.8276122

::::::::::: PreSendRequestHeaders Request called at 9/22/2018 10:23:55 AM   :::   10:23:55.8316142

::::::::::: PostRequestHandlerExecute Request called at 9/22/2018 10:24:29 AM   :::   10:24:29.4226792

::::::::::: ReleaseRequestState Request called at 9/22/2018 10:24:29 AM   :::   10:24:29.4226792

::::::::::: PostReleaseRequestState Request called at 9/22/2018 10:24:29 AM   :::   10:24:29.4226792

::::::::::: UpdateRequestCache Request called at 9/22/2018 10:24:29 AM   :::   10:24:29.4226792

::::::::::: EndRequest Request called at 9/22/2018 10:24:29 AM   :::   10:24:29.4226792

::::::::::: PreSendRequestContent Request called at 9/22/2018 10:24:29 AM   :::   10:24:29.4226792

::::::::::: PreSendRequestHeaders Request called at 9/22/2018 10:24:29 AM   :::   10:24:29.4226792

