::::::::::: BeginRequest Request called at 11/23/2018 7:08:26 PM   :::   19:08:26.1063998

::::::::::: AuthenticateRequest Request called at 11/23/2018 7:08:26 PM   :::   19:08:26.1174119

::::::::::: PostAuthenticateRequest Request called at 11/23/2018 7:08:26 PM   :::   19:08:26.1224119

::::::::::: AuthorizeRequest Request called at 11/23/2018 7:08:26 PM   :::   19:08:26.1244130

::::::::::: PostAuthorizeRequest Request called at 11/23/2018 7:08:26 PM   :::   19:08:26.1274202

::::::::::: End Request called at 11/23/2018 7:08:26 PM   :::   19:08:26.1294126

::::::::::: PostResolveRequestCache Request called at 11/23/2018 7:08:26 PM   :::   19:08:26.1804141

::::::::::: AcquireRequestState Request called at 11/23/2018 7:08:26 PM   :::   19:08:26.1984139

::::::::::: PostAcquireRequestState Request called at 11/23/2018 7:08:26 PM   :::   19:08:26.2019229

::::::::::: PreRequestHandlerExecute Request called at 11/23/2018 7:08:26 PM   :::   19:08:26.2034246

::::::::::: PostRequestHandlerExecute Request called at 11/23/2018 7:08:27 PM   :::   19:08:27.9099950

::::::::::: ReleaseRequestState Request called at 11/23/2018 7:08:27 PM   :::   19:08:27.9119956

::::::::::: PostReleaseRequestState Request called at 11/23/2018 7:08:27 PM   :::   19:08:27.9159981

::::::::::: UpdateRequestCache Request called at 11/23/2018 7:08:27 PM   :::   19:08:27.9860285

::::::::::: EndRequest Request called at 11/23/2018 7:08:27 PM   :::   19:08:27.9900263

::::::::::: PreSendRequestContent Request called at 11/23/2018 7:08:28 PM   :::   19:08:28.0000271

::::::::::: PreSendRequestHeaders Request called at 11/23/2018 7:08:28 PM   :::   19:08:28.0020289

::::::::::: BeginRequest Request called at 11/23/2018 7:08:28 PM   :::   19:08:28.0685480

::::::::::: BeginRequest Request called at 11/23/2018 7:08:28 PM   :::   19:08:28.0720479

::::::::::: PostAuthenticateRequest Request called at 11/23/2018 7:08:28 PM   :::   19:08:28.1080664

::::::::::: PostAuthenticateRequest Request called at 11/23/2018 7:08:28 PM   :::   19:08:28.1330597

::::::::::: PostAuthorizeRequest Request called at 11/23/2018 7:08:28 PM   :::   19:08:28.1490621

::::::::::: AuthenticateRequest Request called at 11/23/2018 7:08:28 PM   :::   19:08:28.1615731

::::::::::: PostAuthenticateRequest Request called at 11/23/2018 7:08:28 PM   :::   19:08:28.1680728

::::::::::: AuthorizeRequest Request called at 11/23/2018 7:08:28 PM   :::   19:08:28.1700742

::::::::::: PostResolveRequestCache Request called at 11/23/2018 7:08:28 PM   :::   19:08:28.1810856

::::::::::: AcquireRequestState Request called at 11/23/2018 7:08:28 PM   :::   19:08:28.1890830

::::::::::: PostAcquireRequestState Request called at 11/23/2018 7:08:28 PM   :::   19:08:28.2100853

::::::::::: End Request called at 11/23/2018 7:08:28 PM   :::   19:08:28.2220828

::::::::::: PostResolveRequestCache Request called at 11/23/2018 7:08:28 PM   :::   19:08:28.2450830

::::::::::: AcquireRequestState Request called at 11/23/2018 7:08:28 PM   :::   19:08:28.2595959

::::::::::: ReleaseRequestState Request called at 11/23/2018 7:08:28 PM   :::   19:08:28.2695943

::::::::::: PostReleaseRequestState Request called at 11/23/2018 7:08:28 PM   :::   19:08:28.2715965

::::::::::: PostAcquireRequestState Request called at 11/23/2018 7:08:28 PM   :::   19:08:28.2645963

::::::::::: PreRequestHandlerExecute Request called at 11/23/2018 7:08:28 PM   :::   19:08:28.2901217

::::::::::: UpdateRequestCache Request called at 11/23/2018 7:08:28 PM   :::   19:08:28.3021125

::::::::::: EndRequest Request called at 11/23/2018 7:08:28 PM   :::   19:08:28.3091096

::::::::::: PostRequestHandlerExecute Request called at 11/23/2018 7:08:28 PM   :::   19:08:28.3101087

::::::::::: ReleaseRequestState Request called at 11/23/2018 7:08:28 PM   :::   19:08:28.3221098

::::::::::: PostReleaseRequestState Request called at 11/23/2018 7:08:28 PM   :::   19:08:28.3301111

::::::::::: UpdateRequestCache Request called at 11/23/2018 7:08:28 PM   :::   19:08:28.3391116

::::::::::: EndRequest Request called at 11/23/2018 7:08:28 PM   :::   19:08:28.3471082

::::::::::: PreSendRequestContent Request called at 11/23/2018 7:08:28 PM   :::   19:08:28.3551084

::::::::::: PreSendRequestHeaders Request called at 11/23/2018 7:08:28 PM   :::   19:08:28.3611182

::::::::::: PostRequestHandlerExecute Request called at 11/23/2018 7:08:28 PM   :::   19:08:28.4666418

::::::::::: ReleaseRequestState Request called at 11/23/2018 7:08:28 PM   :::   19:08:28.4686424

::::::::::: PostReleaseRequestState Request called at 11/23/2018 7:08:28 PM   :::   19:08:28.4711408

::::::::::: UpdateRequestCache Request called at 11/23/2018 7:08:28 PM   :::   19:08:28.4746443

::::::::::: EndRequest Request called at 11/23/2018 7:08:28 PM   :::   19:08:28.4801421

::::::::::: PreSendRequestContent Request called at 11/23/2018 7:08:28 PM   :::   19:08:28.4821408

::::::::::: PreSendRequestHeaders Request called at 11/23/2018 7:08:28 PM   :::   19:08:28.4841418

::::::::::: BeginRequest Request called at 11/23/2018 7:08:28 PM   :::   19:08:28.6901570

::::::::::: AuthenticateRequest Request called at 11/23/2018 7:08:28 PM   :::   19:08:28.6921517

::::::::::: PostAuthenticateRequest Request called at 11/23/2018 7:08:28 PM   :::   19:08:28.6931516

::::::::::: AuthorizeRequest Request called at 11/23/2018 7:08:28 PM   :::   19:08:28.6951499

::::::::::: PostAuthorizeRequest Request called at 11/23/2018 7:08:28 PM   :::   19:08:28.6971505

::::::::::: End Request called at 11/23/2018 7:08:28 PM   :::   19:08:28.6991492

::::::::::: PostResolveRequestCache Request called at 11/23/2018 7:08:28 PM   :::   19:08:28.7001495

::::::::::: AcquireRequestState Request called at 11/23/2018 7:08:28 PM   :::   19:08:28.7021533

::::::::::: PostAcquireRequestState Request called at 11/23/2018 7:08:28 PM   :::   19:08:28.7041492

::::::::::: PreRequestHandlerExecute Request called at 11/23/2018 7:08:28 PM   :::   19:08:28.7061494

::::::::::: BeginRequest Request called at 11/23/2018 7:08:29 PM   :::   19:08:29.1512273

::::::::::: AuthenticateRequest Request called at 11/23/2018 7:08:29 PM   :::   19:08:29.1542255

::::::::::: PostAuthenticateRequest Request called at 11/23/2018 7:08:29 PM   :::   19:08:29.1552278

::::::::::: AuthorizeRequest Request called at 11/23/2018 7:08:29 PM   :::   19:08:29.1572253

::::::::::: PostAuthorizeRequest Request called at 11/23/2018 7:08:29 PM   :::   19:08:29.1592259

::::::::::: End Request called at 11/23/2018 7:08:29 PM   :::   19:08:29.1602250

::::::::::: PostResolveRequestCache Request called at 11/23/2018 7:08:29 PM   :::   19:08:29.1622268

::::::::::: AcquireRequestState Request called at 11/23/2018 7:08:29 PM   :::   19:08:29.1642243

::::::::::: PostAcquireRequestState Request called at 11/23/2018 7:08:29 PM   :::   19:08:29.1652250

::::::::::: PreRequestHandlerExecute Request called at 11/23/2018 7:08:29 PM   :::   19:08:29.1672253

::::::::::: PostRequestHandlerExecute Request called at 11/23/2018 7:08:29 PM   :::   19:08:29.2262452

::::::::::: ReleaseRequestState Request called at 11/23/2018 7:08:29 PM   :::   19:08:29.2282474

::::::::::: PostReleaseRequestState Request called at 11/23/2018 7:08:29 PM   :::   19:08:29.2292437

::::::::::: UpdateRequestCache Request called at 11/23/2018 7:08:29 PM   :::   19:08:29.2312436

::::::::::: EndRequest Request called at 11/23/2018 7:08:29 PM   :::   19:08:29.2332474

::::::::::: PreSendRequestContent Request called at 11/23/2018 7:08:29 PM   :::   19:08:29.2352484

::::::::::: PreSendRequestHeaders Request called at 11/23/2018 7:08:29 PM   :::   19:08:29.2372463

::::::::::: PostRequestHandlerExecute Request called at 11/23/2018 7:08:37 PM   :::   19:08:37.9787085

::::::::::: ReleaseRequestState Request called at 11/23/2018 7:08:37 PM   :::   19:08:37.9797053

::::::::::: PostReleaseRequestState Request called at 11/23/2018 7:08:37 PM   :::   19:08:37.9817075

::::::::::: UpdateRequestCache Request called at 11/23/2018 7:08:37 PM   :::   19:08:37.9837093

::::::::::: EndRequest Request called at 11/23/2018 7:08:37 PM   :::   19:08:37.9857060

