::::::::::: BeginRequest Request called at 11/28/2018 7:28:17 PM   :::   19:28:17.1679872

::::::::::: AuthenticateRequest Request called at 11/28/2018 7:28:17 PM   :::   19:28:17.1714856

::::::::::: PostAuthenticateRequest Request called at 11/28/2018 7:28:17 PM   :::   19:28:17.1739887

::::::::::: AuthorizeRequest Request called at 11/28/2018 7:28:17 PM   :::   19:28:17.1759866

::::::::::: PostAuthorizeRequest Request called at 11/28/2018 7:28:17 PM   :::   19:28:17.1779884

::::::::::: End Request called at 11/28/2018 7:28:17 PM   :::   19:28:17.1794865

::::::::::: PostResolveRequestCache Request called at 11/28/2018 7:28:17 PM   :::   19:28:17.1854876

::::::::::: AcquireRequestState Request called at 11/28/2018 7:28:17 PM   :::   19:28:17.1899863

::::::::::: PostAcquireRequestState Request called at 11/28/2018 7:28:17 PM   :::   19:28:17.1924863

::::::::::: PreRequestHandlerExecute Request called at 11/28/2018 7:28:17 PM   :::   19:28:17.1939852

::::::::::: PostRequestHandlerExecute Request called at 11/28/2018 7:28:17 PM   :::   19:28:17.2024843

::::::::::: ReleaseRequestState Request called at 11/28/2018 7:28:17 PM   :::   19:28:17.2039844

::::::::::: PostReleaseRequestState Request called at 11/28/2018 7:28:17 PM   :::   19:28:17.2054845

::::::::::: UpdateRequestCache Request called at 11/28/2018 7:28:17 PM   :::   19:28:17.2084859

::::::::::: EndRequest Request called at 11/28/2018 7:28:17 PM   :::   19:28:17.2104873

::::::::::: PreSendRequestContent Request called at 11/28/2018 7:28:17 PM   :::   19:28:17.2124871

::::::::::: PreSendRequestHeaders Request called at 11/28/2018 7:28:17 PM   :::   19:28:17.2139864

::::::::::: BeginRequest Request called at 11/28/2018 7:28:17 PM   :::   19:28:17.2294866

::::::::::: AuthenticateRequest Request called at 11/28/2018 7:28:17 PM   :::   19:28:17.2364876

::::::::::: PostAuthenticateRequest Request called at 11/28/2018 7:28:17 PM   :::   19:28:17.2389872

::::::::::: AuthorizeRequest Request called at 11/28/2018 7:28:17 PM   :::   19:28:17.2424860

::::::::::: PostAuthorizeRequest Request called at 11/28/2018 7:28:17 PM   :::   19:28:17.2449876

::::::::::: End Request called at 11/28/2018 7:28:17 PM   :::   19:28:17.2494878

::::::::::: PostResolveRequestCache Request called at 11/28/2018 7:28:17 PM   :::   19:28:17.2519878

::::::::::: AcquireRequestState Request called at 11/28/2018 7:28:17 PM   :::   19:28:17.2544866

::::::::::: PostAcquireRequestState Request called at 11/28/2018 7:28:17 PM   :::   19:28:17.2559871

::::::::::: PreRequestHandlerExecute Request called at 11/28/2018 7:28:17 PM   :::   19:28:17.2579865

::::::::::: PostRequestHandlerExecute Request called at 11/28/2018 7:28:38 PM   :::   19:28:38.2017876

::::::::::: ReleaseRequestState Request called at 11/28/2018 7:28:38 PM   :::   19:28:38.2032822

::::::::::: PostReleaseRequestState Request called at 11/28/2018 7:28:38 PM   :::   19:28:38.2047787

::::::::::: UpdateRequestCache Request called at 11/28/2018 7:28:38 PM   :::   19:28:38.2062795

::::::::::: EndRequest Request called at 11/28/2018 7:28:38 PM   :::   19:28:38.2077792

::::::::::: BeginRequest Request called at 11/28/2018 7:30:11 PM   :::   19:30:11.5465650

::::::::::: AuthenticateRequest Request called at 11/28/2018 7:30:11 PM   :::   19:30:11.5480650

::::::::::: PostAuthenticateRequest Request called at 11/28/2018 7:30:11 PM   :::   19:30:11.5500629

::::::::::: AuthorizeRequest Request called at 11/28/2018 7:30:11 PM   :::   19:30:11.5515638

::::::::::: PostAuthorizeRequest Request called at 11/28/2018 7:30:11 PM   :::   19:30:11.5550657

::::::::::: End Request called at 11/28/2018 7:30:11 PM   :::   19:30:11.5575625

::::::::::: PostResolveRequestCache Request called at 11/28/2018 7:30:11 PM   :::   19:30:11.5595640

::::::::::: AcquireRequestState Request called at 11/28/2018 7:30:11 PM   :::   19:30:11.5610648

::::::::::: PostAcquireRequestState Request called at 11/28/2018 7:30:11 PM   :::   19:30:11.5625641

::::::::::: PreRequestHandlerExecute Request called at 11/28/2018 7:30:11 PM   :::   19:30:11.5640638

::::::::::: PostRequestHandlerExecute Request called at 11/28/2018 7:30:11 PM   :::   19:30:11.5665642

::::::::::: ReleaseRequestState Request called at 11/28/2018 7:30:11 PM   :::   19:30:11.5685633

::::::::::: PostReleaseRequestState Request called at 11/28/2018 7:30:11 PM   :::   19:30:11.5705714

::::::::::: UpdateRequestCache Request called at 11/28/2018 7:30:11 PM   :::   19:30:11.5725641

::::::::::: EndRequest Request called at 11/28/2018 7:30:11 PM   :::   19:30:11.5740638

::::::::::: PreSendRequestContent Request called at 11/28/2018 7:30:11 PM   :::   19:30:11.5755643

::::::::::: PreSendRequestHeaders Request called at 11/28/2018 7:30:11 PM   :::   19:30:11.5770640

::::::::::: BeginRequest Request called at 11/28/2018 7:30:11 PM   :::   19:30:11.6425662

::::::::::: AuthenticateRequest Request called at 11/28/2018 7:30:11 PM   :::   19:30:11.6450634

::::::::::: PostAuthenticateRequest Request called at 11/28/2018 7:30:11 PM   :::   19:30:11.6475630

::::::::::: AuthorizeRequest Request called at 11/28/2018 7:30:11 PM   :::   19:30:11.6490643

::::::::::: PostAuthorizeRequest Request called at 11/28/2018 7:30:11 PM   :::   19:30:11.6510653

::::::::::: End Request called at 11/28/2018 7:30:11 PM   :::   19:30:11.6545645

::::::::::: PostResolveRequestCache Request called at 11/28/2018 7:30:11 PM   :::   19:30:11.6570645

::::::::::: AcquireRequestState Request called at 11/28/2018 7:30:11 PM   :::   19:30:11.6585630

::::::::::: PostAcquireRequestState Request called at 11/28/2018 7:30:11 PM   :::   19:30:11.6605628

::::::::::: PreRequestHandlerExecute Request called at 11/28/2018 7:30:11 PM   :::   19:30:11.6625631

::::::::::: PreSendRequestContent Request called at 11/28/2018 7:30:19 PM   :::   19:30:19.0905590

::::::::::: PreSendRequestHeaders Request called at 11/28/2018 7:30:19 PM   :::   19:30:19.0915573

::::::::::: PostRequestHandlerExecute Request called at 11/28/2018 7:30:19 PM   :::   19:30:19.1020579

::::::::::: ReleaseRequestState Request called at 11/28/2018 7:30:19 PM   :::   19:30:19.1035584

::::::::::: PostReleaseRequestState Request called at 11/28/2018 7:30:19 PM   :::   19:30:19.1055578

::::::::::: UpdateRequestCache Request called at 11/28/2018 7:30:19 PM   :::   19:30:19.1065569

::::::::::: EndRequest Request called at 11/28/2018 7:30:19 PM   :::   19:30:19.1085572

::::::::::: PreSendRequestContent Request called at 11/28/2018 7:30:19 PM   :::   19:30:19.1100577

::::::::::: BeginRequest Request called at 11/28/2018 7:31:33 PM   :::   19:31:33.7820741

::::::::::: AuthenticateRequest Request called at 11/28/2018 7:31:33 PM   :::   19:31:33.7860734

::::::::::: PostAuthenticateRequest Request called at 11/28/2018 7:31:33 PM   :::   19:31:33.7905744

::::::::::: AuthorizeRequest Request called at 11/28/2018 7:31:33 PM   :::   19:31:33.7940732

::::::::::: PostAuthorizeRequest Request called at 11/28/2018 7:31:33 PM   :::   19:31:33.7975739

::::::::::: End Request called at 11/28/2018 7:31:33 PM   :::   19:31:33.8005732

::::::::::: PostResolveRequestCache Request called at 11/28/2018 7:31:33 PM   :::   19:31:33.8055732

::::::::::: AcquireRequestState Request called at 11/28/2018 7:31:33 PM   :::   19:31:33.8105752

::::::::::: PostAcquireRequestState Request called at 11/28/2018 7:31:33 PM   :::   19:31:33.8130764

::::::::::: PreRequestHandlerExecute Request called at 11/28/2018 7:31:33 PM   :::   19:31:33.8155717

::::::::::: PreSendRequestContent Request called at 11/28/2018 7:31:41 PM   :::   19:31:41.6186813

::::::::::: PreSendRequestHeaders Request called at 11/28/2018 7:31:41 PM   :::   19:31:41.6196651

::::::::::: PostRequestHandlerExecute Request called at 11/28/2018 7:31:41 PM   :::   19:31:41.6306650

::::::::::: ReleaseRequestState Request called at 11/28/2018 7:31:41 PM   :::   19:31:41.6326601

::::::::::: PostReleaseRequestState Request called at 11/28/2018 7:31:41 PM   :::   19:31:41.6336597

::::::::::: UpdateRequestCache Request called at 11/28/2018 7:31:41 PM   :::   19:31:41.6351605

::::::::::: EndRequest Request called at 11/28/2018 7:31:41 PM   :::   19:31:41.6386612

::::::::::: PreSendRequestContent Request called at 11/28/2018 7:31:41 PM   :::   19:31:41.6396825

::::::::::: BeginRequest Request called at 11/28/2018 7:31:41 PM   :::   19:31:41.9186604

::::::::::: AuthenticateRequest Request called at 11/28/2018 7:31:41 PM   :::   19:31:41.9201593

::::::::::: PostAuthenticateRequest Request called at 11/28/2018 7:31:41 PM   :::   19:31:41.9221615

::::::::::: AuthorizeRequest Request called at 11/28/2018 7:31:41 PM   :::   19:31:41.9236608

::::::::::: PostAuthorizeRequest Request called at 11/28/2018 7:31:41 PM   :::   19:31:41.9246595

::::::::::: End Request called at 11/28/2018 7:31:41 PM   :::   19:31:41.9261596

::::::::::: PostResolveRequestCache Request called at 11/28/2018 7:31:41 PM   :::   19:31:41.9281606

::::::::::: AcquireRequestState Request called at 11/28/2018 7:31:41 PM   :::   19:31:41.9296607

::::::::::: PostAcquireRequestState Request called at 11/28/2018 7:31:41 PM   :::   19:31:41.9311612

::::::::::: PreRequestHandlerExecute Request called at 11/28/2018 7:31:41 PM   :::   19:31:41.9326593

::::::::::: BeginRequest Request called at 11/28/2018 7:32:06 PM   :::   19:32:06.6719358

::::::::::: AuthenticateRequest Request called at 11/28/2018 7:32:06 PM   :::   19:32:06.6774383

::::::::::: PostAuthenticateRequest Request called at 11/28/2018 7:32:06 PM   :::   19:32:06.6814376

::::::::::: AuthorizeRequest Request called at 11/28/2018 7:32:06 PM   :::   19:32:06.6979385

::::::::::: PostAuthorizeRequest Request called at 11/28/2018 7:32:06 PM   :::   19:32:06.7014333

::::::::::: End Request called at 11/28/2018 7:32:06 PM   :::   19:32:06.7034331

::::::::::: PostResolveRequestCache Request called at 11/28/2018 7:32:06 PM   :::   19:32:06.7054354

::::::::::: AcquireRequestState Request called at 11/28/2018 7:32:06 PM   :::   19:32:06.7074352

::::::::::: PostAcquireRequestState Request called at 11/28/2018 7:32:06 PM   :::   19:32:06.7094331

::::::::::: PreRequestHandlerExecute Request called at 11/28/2018 7:32:06 PM   :::   19:32:06.7109328

::::::::::: PostRequestHandlerExecute Request called at 11/28/2018 7:32:11 PM   :::   19:32:11.0385535

::::::::::: ReleaseRequestState Request called at 11/28/2018 7:32:11 PM   :::   19:32:11.0425524

::::::::::: PostReleaseRequestState Request called at 11/28/2018 7:32:11 PM   :::   19:32:11.0450521

::::::::::: UpdateRequestCache Request called at 11/28/2018 7:32:11 PM   :::   19:32:11.0490506

::::::::::: EndRequest Request called at 11/28/2018 7:32:11 PM   :::   19:32:11.0520519

::::::::::: PreSendRequestContent Request called at 11/28/2018 7:32:11 PM   :::   19:32:11.0555518

::::::::::: PreSendRequestHeaders Request called at 11/28/2018 7:32:11 PM   :::   19:32:11.0590510

::::::::::: PreSendRequestContent Request called at 11/28/2018 7:32:13 PM   :::   19:32:13.6303682

::::::::::: PreSendRequestHeaders Request called at 11/28/2018 7:32:13 PM   :::   19:32:13.6318702

::::::::::: PostRequestHandlerExecute Request called at 11/28/2018 7:32:13 PM   :::   19:32:13.6563709

::::::::::: ReleaseRequestState Request called at 11/28/2018 7:32:13 PM   :::   19:32:13.6593702

::::::::::: PostReleaseRequestState Request called at 11/28/2018 7:32:13 PM   :::   19:32:13.6623692

::::::::::: UpdateRequestCache Request called at 11/28/2018 7:32:13 PM   :::   19:32:13.6643718

::::::::::: EndRequest Request called at 11/28/2018 7:32:13 PM   :::   19:32:13.6693691

::::::::::: PreSendRequestContent Request called at 11/28/2018 7:32:13 PM   :::   19:32:13.6713681

::::::::::: BeginRequest Request called at 11/28/2018 7:32:23 PM   :::   19:32:23.6245032

::::::::::: AuthenticateRequest Request called at 11/28/2018 7:32:23 PM   :::   19:32:23.6295044

::::::::::: PostAuthenticateRequest Request called at 11/28/2018 7:32:23 PM   :::   19:32:23.6350042

::::::::::: AuthorizeRequest Request called at 11/28/2018 7:32:23 PM   :::   19:32:23.6425026

::::::::::: PostAuthorizeRequest Request called at 11/28/2018 7:32:23 PM   :::   19:32:23.6445021

::::::::::: End Request called at 11/28/2018 7:32:23 PM   :::   19:32:23.6465023

::::::::::: PostResolveRequestCache Request called at 11/28/2018 7:32:23 PM   :::   19:32:23.6485033

::::::::::: AcquireRequestState Request called at 11/28/2018 7:32:23 PM   :::   19:32:23.6500015

::::::::::: PostAcquireRequestState Request called at 11/28/2018 7:32:23 PM   :::   19:32:23.6515027

::::::::::: PreRequestHandlerExecute Request called at 11/28/2018 7:32:23 PM   :::   19:32:23.6530048

::::::::::: PreSendRequestContent Request called at 11/28/2018 7:32:27 PM   :::   19:32:27.1690661

::::::::::: PreSendRequestHeaders Request called at 11/28/2018 7:32:27 PM   :::   19:32:27.1735667

::::::::::: PostRequestHandlerExecute Request called at 11/28/2018 7:32:27 PM   :::   19:32:27.1795686

::::::::::: ReleaseRequestState Request called at 11/28/2018 7:32:27 PM   :::   19:32:27.1895671

::::::::::: PostReleaseRequestState Request called at 11/28/2018 7:32:27 PM   :::   19:32:27.1950676

::::::::::: UpdateRequestCache Request called at 11/28/2018 7:32:27 PM   :::   19:32:27.2000668

::::::::::: EndRequest Request called at 11/28/2018 7:32:27 PM   :::   19:32:27.2055702

::::::::::: PreSendRequestContent Request called at 11/28/2018 7:32:27 PM   :::   19:32:27.2120651

::::::::::: BeginRequest Request called at 11/28/2018 7:55:20 PM   :::   19:55:20.7879086

::::::::::: AuthenticateRequest Request called at 11/28/2018 7:55:20 PM   :::   19:55:20.7964089

::::::::::: PostAuthenticateRequest Request called at 11/28/2018 7:55:20 PM   :::   19:55:20.8019091

::::::::::: AuthorizeRequest Request called at 11/28/2018 7:55:20 PM   :::   19:55:20.8054098

::::::::::: PostAuthorizeRequest Request called at 11/28/2018 7:55:20 PM   :::   19:55:20.8109096

::::::::::: End Request called at 11/28/2018 7:55:20 PM   :::   19:55:20.8129102

::::::::::: PostResolveRequestCache Request called at 11/28/2018 7:55:20 PM   :::   19:55:20.8719108

::::::::::: AcquireRequestState Request called at 11/28/2018 7:55:20 PM   :::   19:55:20.8949098

::::::::::: PostAcquireRequestState Request called at 11/28/2018 7:55:20 PM   :::   19:55:20.8979107

::::::::::: PreRequestHandlerExecute Request called at 11/28/2018 7:55:20 PM   :::   19:55:20.8999110

::::::::::: PostRequestHandlerExecute Request called at 11/28/2018 7:55:22 PM   :::   19:55:22.7804126

::::::::::: ReleaseRequestState Request called at 11/28/2018 7:55:22 PM   :::   19:55:22.7824096

::::::::::: PostReleaseRequestState Request called at 11/28/2018 7:55:22 PM   :::   19:55:22.7854110

::::::::::: UpdateRequestCache Request called at 11/28/2018 7:55:22 PM   :::   19:55:22.8504075

::::::::::: EndRequest Request called at 11/28/2018 7:55:22 PM   :::   19:55:22.8529079

::::::::::: PreSendRequestContent Request called at 11/28/2018 7:55:22 PM   :::   19:55:22.8609085

::::::::::: PreSendRequestHeaders Request called at 11/28/2018 7:55:22 PM   :::   19:55:22.8624105

::::::::::: BeginRequest Request called at 11/28/2018 7:55:39 PM   :::   19:55:39.6348727

::::::::::: AuthenticateRequest Request called at 11/28/2018 7:55:39 PM   :::   19:55:39.6468702

::::::::::: PostAuthenticateRequest Request called at 11/28/2018 7:55:39 PM   :::   19:55:39.6513721

::::::::::: AuthorizeRequest Request called at 11/28/2018 7:55:39 PM   :::   19:55:39.6558735

::::::::::: PostAuthorizeRequest Request called at 11/28/2018 7:55:39 PM   :::   19:55:39.6938721

::::::::::: End Request called at 11/28/2018 7:55:39 PM   :::   19:55:39.7008712

::::::::::: PostResolveRequestCache Request called at 11/28/2018 7:55:39 PM   :::   19:55:39.7303706

::::::::::: AcquireRequestState Request called at 11/28/2018 7:55:39 PM   :::   19:55:39.7348717

::::::::::: PostAcquireRequestState Request called at 11/28/2018 7:55:39 PM   :::   19:55:39.7403730

::::::::::: PreRequestHandlerExecute Request called at 11/28/2018 7:55:39 PM   :::   19:55:39.7438718

::::::::::: PreSendRequestContent Request called at 11/28/2018 7:56:01 PM   :::   19:56:01.1680318

::::::::::: PreSendRequestHeaders Request called at 11/28/2018 7:56:01 PM   :::   19:56:01.1740310

::::::::::: PostRequestHandlerExecute Request called at 11/28/2018 7:56:01 PM   :::   19:56:01.2105299

::::::::::: ReleaseRequestState Request called at 11/28/2018 7:56:01 PM   :::   19:56:01.2125286

::::::::::: PostReleaseRequestState Request called at 11/28/2018 7:56:01 PM   :::   19:56:01.2155283

::::::::::: UpdateRequestCache Request called at 11/28/2018 7:56:01 PM   :::   19:56:01.2200282

::::::::::: EndRequest Request called at 11/28/2018 7:56:01 PM   :::   19:56:01.2215287

::::::::::: PreSendRequestContent Request called at 11/28/2018 7:56:01 PM   :::   19:56:01.2235285

::::::::::: BeginRequest Request called at 11/28/2018 7:56:01 PM   :::   19:56:01.6440284

::::::::::: AuthenticateRequest Request called at 11/28/2018 7:56:01 PM   :::   19:56:01.6460290

::::::::::: PostAuthenticateRequest Request called at 11/28/2018 7:56:01 PM   :::   19:56:01.6480292

::::::::::: AuthorizeRequest Request called at 11/28/2018 7:56:01 PM   :::   19:56:01.6560290

::::::::::: PostAuthorizeRequest Request called at 11/28/2018 7:56:01 PM   :::   19:56:01.6580289

::::::::::: End Request called at 11/28/2018 7:56:01 PM   :::   19:56:01.6600327

::::::::::: PostResolveRequestCache Request called at 11/28/2018 7:56:01 PM   :::   19:56:01.6630293

::::::::::: AcquireRequestState Request called at 11/28/2018 7:56:01 PM   :::   19:56:01.6645270

::::::::::: PostAcquireRequestState Request called at 11/28/2018 7:56:01 PM   :::   19:56:01.6685275

::::::::::: PreRequestHandlerExecute Request called at 11/28/2018 7:56:01 PM   :::   19:56:01.6725315

::::::::::: BeginRequest Request called at 11/28/2018 7:56:14 PM   :::   19:56:14.3012528

::::::::::: AuthenticateRequest Request called at 11/28/2018 7:56:14 PM   :::   19:56:14.3077509

::::::::::: PostAuthenticateRequest Request called at 11/28/2018 7:56:14 PM   :::   19:56:14.3102505

::::::::::: AuthorizeRequest Request called at 11/28/2018 7:56:14 PM   :::   19:56:14.3122508

::::::::::: PostAuthorizeRequest Request called at 11/28/2018 7:56:14 PM   :::   19:56:14.3137509

::::::::::: End Request called at 11/28/2018 7:56:14 PM   :::   19:56:14.3152529

::::::::::: PostResolveRequestCache Request called at 11/28/2018 7:56:14 PM   :::   19:56:14.3172535

::::::::::: AcquireRequestState Request called at 11/28/2018 7:56:14 PM   :::   19:56:14.3197496

::::::::::: PostAcquireRequestState Request called at 11/28/2018 7:56:14 PM   :::   19:56:14.3227498

::::::::::: PreRequestHandlerExecute Request called at 11/28/2018 7:56:14 PM   :::   19:56:14.3252521

::::::::::: PostRequestHandlerExecute Request called at 11/28/2018 7:56:17 PM   :::   19:56:17.9535609

::::::::::: ReleaseRequestState Request called at 11/28/2018 7:56:17 PM   :::   19:56:17.9560621

::::::::::: PostReleaseRequestState Request called at 11/28/2018 7:56:17 PM   :::   19:56:17.9590599

::::::::::: UpdateRequestCache Request called at 11/28/2018 7:56:17 PM   :::   19:56:17.9620617

::::::::::: EndRequest Request called at 11/28/2018 7:56:17 PM   :::   19:56:17.9640603

::::::::::: PreSendRequestContent Request called at 11/28/2018 7:56:17 PM   :::   19:56:17.9660606

::::::::::: PreSendRequestHeaders Request called at 11/28/2018 7:56:17 PM   :::   19:56:17.9735606

::::::::::: PreSendRequestContent Request called at 11/28/2018 7:56:18 PM   :::   19:56:18.9085585

::::::::::: PreSendRequestHeaders Request called at 11/28/2018 7:56:18 PM   :::   19:56:18.9100582

::::::::::: PostRequestHandlerExecute Request called at 11/28/2018 7:56:18 PM   :::   19:56:18.9245581

::::::::::: ReleaseRequestState Request called at 11/28/2018 7:56:18 PM   :::   19:56:18.9260585

::::::::::: PostReleaseRequestState Request called at 11/28/2018 7:56:18 PM   :::   19:56:18.9290595

::::::::::: UpdateRequestCache Request called at 11/28/2018 7:56:18 PM   :::   19:56:18.9310593

::::::::::: EndRequest Request called at 11/28/2018 7:56:18 PM   :::   19:56:18.9345620

::::::::::: PreSendRequestContent Request called at 11/28/2018 7:56:18 PM   :::   19:56:18.9385637

::::::::::: BeginRequest Request called at 11/28/2018 7:56:19 PM   :::   19:56:19.0265612

::::::::::: AuthenticateRequest Request called at 11/28/2018 7:56:19 PM   :::   19:56:19.0290608

::::::::::: PostAuthenticateRequest Request called at 11/28/2018 7:56:19 PM   :::   19:56:19.0350615

::::::::::: AuthorizeRequest Request called at 11/28/2018 7:56:19 PM   :::   19:56:19.0400615

::::::::::: PostAuthorizeRequest Request called at 11/28/2018 7:56:19 PM   :::   19:56:19.0505609

::::::::::: End Request called at 11/28/2018 7:56:19 PM   :::   19:56:19.0535682

::::::::::: PostResolveRequestCache Request called at 11/28/2018 7:56:19 PM   :::   19:56:19.0555605

::::::::::: AcquireRequestState Request called at 11/28/2018 7:56:19 PM   :::   19:56:19.0595598

::::::::::: PostAcquireRequestState Request called at 11/28/2018 7:56:19 PM   :::   19:56:19.0615601

::::::::::: PreRequestHandlerExecute Request called at 11/28/2018 7:56:19 PM   :::   19:56:19.0630589

::::::::::: PreSendRequestContent Request called at 11/28/2018 7:56:21 PM   :::   19:56:21.7712759

::::::::::: PreSendRequestHeaders Request called at 11/28/2018 7:56:21 PM   :::   19:56:21.7727728

::::::::::: PostRequestHandlerExecute Request called at 11/28/2018 7:56:21 PM   :::   19:56:21.7842749

::::::::::: ReleaseRequestState Request called at 11/28/2018 7:56:21 PM   :::   19:56:21.7867741

::::::::::: PostReleaseRequestState Request called at 11/28/2018 7:56:21 PM   :::   19:56:21.7907753

::::::::::: UpdateRequestCache Request called at 11/28/2018 7:56:21 PM   :::   19:56:21.7922746

::::::::::: EndRequest Request called at 11/28/2018 7:56:21 PM   :::   19:56:21.7947750

::::::::::: PreSendRequestContent Request called at 11/28/2018 7:56:21 PM   :::   19:56:21.8067753

::::::::::: BeginRequest Request called at 11/28/2018 11:54:23 PM   :::   23:54:23.5930484

::::::::::: AuthenticateRequest Request called at 11/28/2018 11:54:23 PM   :::   23:54:23.5970521

::::::::::: PostAuthenticateRequest Request called at 11/28/2018 11:54:23 PM   :::   23:54:23.6005508

::::::::::: AuthorizeRequest Request called at 11/28/2018 11:54:23 PM   :::   23:54:23.6025499

::::::::::: PostAuthorizeRequest Request called at 11/28/2018 11:54:23 PM   :::   23:54:23.6040495

::::::::::: End Request called at 11/28/2018 11:54:23 PM   :::   23:54:23.6055488

::::::::::: PostResolveRequestCache Request called at 11/28/2018 11:54:23 PM   :::   23:54:23.6095481

::::::::::: AcquireRequestState Request called at 11/28/2018 11:54:23 PM   :::   23:54:23.6115500

::::::::::: PostAcquireRequestState Request called at 11/28/2018 11:54:23 PM   :::   23:54:23.6135510

::::::::::: PreRequestHandlerExecute Request called at 11/28/2018 11:54:23 PM   :::   23:54:23.6150503

