::::::::::: BeginRequest Request called at 7/21/2018 9:32:13 PM   :::   21:32:13.5782667

::::::::::: AuthenticateRequest Request called at 7/21/2018 9:32:13 PM   :::   21:32:13.5927768

::::::::::: PostAuthenticateRequest Request called at 7/21/2018 9:32:13 PM   :::   21:32:13.6057865

::::::::::: AuthorizeRequest Request called at 7/21/2018 9:32:13 PM   :::   21:32:13.6137914

::::::::::: PostAuthorizeRequest Request called at 7/21/2018 9:32:13 PM   :::   21:32:13.6217975

::::::::::: End Request called at 7/21/2018 9:32:13 PM   :::   21:32:13.6288021

::::::::::: PostResolveRequestCache Request called at 7/21/2018 9:32:13 PM   :::   21:32:13.6803394

::::::::::: AcquireRequestState Request called at 7/21/2018 9:32:13 PM   :::   21:32:13.6948488

::::::::::: PostAcquireRequestState Request called at 7/21/2018 9:32:13 PM   :::   21:32:13.7023547

::::::::::: PreRequestHandlerExecute Request called at 7/21/2018 9:32:13 PM   :::   21:32:13.7098602

::::::::::: PostRequestHandlerExecute Request called at 7/21/2018 9:32:15 PM   :::   21:32:15.1999214

::::::::::: ReleaseRequestState Request called at 7/21/2018 9:32:15 PM   :::   21:32:15.2084273

::::::::::: PostReleaseRequestState Request called at 7/21/2018 9:32:15 PM   :::   21:32:15.2169343

::::::::::: UpdateRequestCache Request called at 7/21/2018 9:32:15 PM   :::   21:32:15.2919866

::::::::::: EndRequest Request called at 7/21/2018 9:32:15 PM   :::   21:32:15.3029948

::::::::::: PreSendRequestContent Request called at 7/21/2018 9:32:15 PM   :::   21:32:15.3170044

::::::::::: PreSendRequestHeaders Request called at 7/21/2018 9:32:15 PM   :::   21:32:15.3255111

::::::::::: BeginRequest Request called at 7/21/2018 9:32:16 PM   :::   21:32:16.0255096

::::::::::: AuthenticateRequest Request called at 7/21/2018 9:32:16 PM   :::   21:32:16.0325142

::::::::::: PostAuthenticateRequest Request called at 7/21/2018 9:32:16 PM   :::   21:32:16.0415206

::::::::::: AuthorizeRequest Request called at 7/21/2018 9:32:16 PM   :::   21:32:16.0515285

::::::::::: PostAuthorizeRequest Request called at 7/21/2018 9:32:16 PM   :::   21:32:16.0590344

::::::::::: End Request called at 7/21/2018 9:32:16 PM   :::   21:32:16.0665392

::::::::::: PostResolveRequestCache Request called at 7/21/2018 9:32:16 PM   :::   21:32:16.0750451

::::::::::: AcquireRequestState Request called at 7/21/2018 9:32:16 PM   :::   21:32:16.0825502

::::::::::: PostAcquireRequestState Request called at 7/21/2018 9:32:16 PM   :::   21:32:16.0900554

::::::::::: PreRequestHandlerExecute Request called at 7/21/2018 9:32:16 PM   :::   21:32:16.0970603

::::::::::: PostRequestHandlerExecute Request called at 7/21/2018 9:32:16 PM   :::   21:32:16.1666101

::::::::::: ReleaseRequestState Request called at 7/21/2018 9:32:16 PM   :::   21:32:16.1751160

::::::::::: PostReleaseRequestState Request called at 7/21/2018 9:32:16 PM   :::   21:32:16.1841228

::::::::::: UpdateRequestCache Request called at 7/21/2018 9:32:16 PM   :::   21:32:16.1941303

::::::::::: EndRequest Request called at 7/21/2018 9:32:16 PM   :::   21:32:16.2031363

::::::::::: PreSendRequestContent Request called at 7/21/2018 9:32:16 PM   :::   21:32:16.2126429

::::::::::: PreSendRequestHeaders Request called at 7/21/2018 9:32:16 PM   :::   21:32:16.2221495

::::::::::: BeginRequest Request called at 7/21/2018 9:32:16 PM   :::   21:32:16.4428254

::::::::::: AuthenticateRequest Request called at 7/21/2018 9:32:16 PM   :::   21:32:16.4508252

::::::::::: PostAuthenticateRequest Request called at 7/21/2018 9:32:16 PM   :::   21:32:16.4588262

::::::::::: AuthorizeRequest Request called at 7/21/2018 9:32:16 PM   :::   21:32:16.4668263

::::::::::: PostAuthorizeRequest Request called at 7/21/2018 9:32:16 PM   :::   21:32:16.4788274

::::::::::: End Request called at 7/21/2018 9:32:16 PM   :::   21:32:16.4868284

::::::::::: PostResolveRequestCache Request called at 7/21/2018 9:32:16 PM   :::   21:32:16.4988286

::::::::::: AcquireRequestState Request called at 7/21/2018 9:32:16 PM   :::   21:32:16.5068296

::::::::::: PostAcquireRequestState Request called at 7/21/2018 9:32:16 PM   :::   21:32:16.5178363

::::::::::: PreRequestHandlerExecute Request called at 7/21/2018 9:32:16 PM   :::   21:32:16.5263421

::::::::::: PostRequestHandlerExecute Request called at 7/21/2018 9:32:16 PM   :::   21:32:16.6238648

::::::::::: ReleaseRequestState Request called at 7/21/2018 9:32:16 PM   :::   21:32:16.6348731

::::::::::: PostReleaseRequestState Request called at 7/21/2018 9:32:16 PM   :::   21:32:16.6443801

::::::::::: UpdateRequestCache Request called at 7/21/2018 9:32:16 PM   :::   21:32:16.6543864

::::::::::: EndRequest Request called at 7/21/2018 9:32:16 PM   :::   21:32:16.6638938

::::::::::: PreSendRequestContent Request called at 7/21/2018 9:32:16 PM   :::   21:32:16.6759019

::::::::::: PreSendRequestHeaders Request called at 7/21/2018 9:32:16 PM   :::   21:32:16.6819066

::::::::::: BeginRequest Request called at 7/21/2018 9:32:16 PM   :::   21:32:16.7049230

::::::::::: AuthenticateRequest Request called at 7/21/2018 9:32:16 PM   :::   21:32:16.7134289

::::::::::: PostAuthenticateRequest Request called at 7/21/2018 9:32:16 PM   :::   21:32:16.7244371

::::::::::: AuthorizeRequest Request called at 7/21/2018 9:32:16 PM   :::   21:32:16.7339441

::::::::::: PostAuthorizeRequest Request called at 7/21/2018 9:32:16 PM   :::   21:32:16.7439508

::::::::::: End Request called at 7/21/2018 9:32:16 PM   :::   21:32:16.7529572

::::::::::: PostResolveRequestCache Request called at 7/21/2018 9:32:16 PM   :::   21:32:16.7629643

::::::::::: AcquireRequestState Request called at 7/21/2018 9:32:16 PM   :::   21:32:16.7724713

::::::::::: PostAcquireRequestState Request called at 7/21/2018 9:32:16 PM   :::   21:32:16.7809772

::::::::::: PreRequestHandlerExecute Request called at 7/21/2018 9:32:16 PM   :::   21:32:16.7904841

::::::::::: PreSendRequestContent Request called at 7/21/2018 9:32:26 PM   :::   21:32:26.5377826

::::::::::: PreSendRequestHeaders Request called at 7/21/2018 9:32:26 PM   :::   21:32:26.5377826

::::::::::: PostRequestHandlerExecute Request called at 7/21/2018 9:32:26 PM   :::   21:32:26.5534107

::::::::::: ReleaseRequestState Request called at 7/21/2018 9:32:26 PM   :::   21:32:26.5690364

::::::::::: PostReleaseRequestState Request called at 7/21/2018 9:32:26 PM   :::   21:32:26.5846630

::::::::::: UpdateRequestCache Request called at 7/21/2018 9:32:26 PM   :::   21:32:26.5846630

::::::::::: EndRequest Request called at 7/21/2018 9:32:26 PM   :::   21:32:26.6002875

::::::::::: PreSendRequestContent Request called at 7/21/2018 9:32:26 PM   :::   21:32:26.6002875

::::::::::: BeginRequest Request called at 7/21/2018 9:34:09 PM   :::   21:34:09.4169411

::::::::::: AuthenticateRequest Request called at 7/21/2018 9:34:09 PM   :::   21:34:09.4249425

::::::::::: PostAuthenticateRequest Request called at 7/21/2018 9:34:09 PM   :::   21:34:09.4369427

::::::::::: AuthorizeRequest Request called at 7/21/2018 9:34:09 PM   :::   21:34:09.4529454

::::::::::: PostAuthorizeRequest Request called at 7/21/2018 9:34:09 PM   :::   21:34:09.4649453

::::::::::: End Request called at 7/21/2018 9:34:09 PM   :::   21:34:09.4769460

::::::::::: PostResolveRequestCache Request called at 7/21/2018 9:34:09 PM   :::   21:34:09.4849469

::::::::::: AcquireRequestState Request called at 7/21/2018 9:34:09 PM   :::   21:34:09.5054665

::::::::::: PostAcquireRequestState Request called at 7/21/2018 9:34:09 PM   :::   21:34:09.5189763

::::::::::: PreRequestHandlerExecute Request called at 7/21/2018 9:34:09 PM   :::   21:34:09.5334940

::::::::::: PostRequestHandlerExecute Request called at 7/21/2018 9:34:09 PM   :::   21:34:09.5540017

::::::::::: ReleaseRequestState Request called at 7/21/2018 9:34:09 PM   :::   21:34:09.5715132

::::::::::: PostReleaseRequestState Request called at 7/21/2018 9:34:09 PM   :::   21:34:09.5875253

::::::::::: UpdateRequestCache Request called at 7/21/2018 9:34:09 PM   :::   21:34:09.5965310

::::::::::: EndRequest Request called at 7/21/2018 9:34:09 PM   :::   21:34:09.6070387

::::::::::: PreSendRequestContent Request called at 7/21/2018 9:34:09 PM   :::   21:34:09.6200479

::::::::::: PreSendRequestHeaders Request called at 7/21/2018 9:34:09 PM   :::   21:34:09.6295545

::::::::::: BeginRequest Request called at 7/21/2018 9:34:09 PM   :::   21:34:09.6500693

::::::::::: AuthenticateRequest Request called at 7/21/2018 9:34:09 PM   :::   21:34:09.6620779

::::::::::: PostAuthenticateRequest Request called at 7/21/2018 9:34:09 PM   :::   21:34:09.6735863

::::::::::: AuthorizeRequest Request called at 7/21/2018 9:34:09 PM   :::   21:34:09.6875959

::::::::::: PostAuthorizeRequest Request called at 7/21/2018 9:34:09 PM   :::   21:34:09.7046080

::::::::::: End Request called at 7/21/2018 9:34:09 PM   :::   21:34:09.7196195

::::::::::: PostResolveRequestCache Request called at 7/21/2018 9:34:09 PM   :::   21:34:09.7306265

::::::::::: AcquireRequestState Request called at 7/21/2018 9:34:09 PM   :::   21:34:09.7451374

::::::::::: PostAcquireRequestState Request called at 7/21/2018 9:34:09 PM   :::   21:34:09.7586465

::::::::::: PreRequestHandlerExecute Request called at 7/21/2018 9:34:09 PM   :::   21:34:09.7696539

::::::::::: PreSendRequestContent Request called at 7/21/2018 9:34:14 PM   :::   21:34:14.5410485

::::::::::: PreSendRequestHeaders Request called at 7/21/2018 9:34:14 PM   :::   21:34:14.5530535

::::::::::: PostRequestHandlerExecute Request called at 7/21/2018 9:34:14 PM   :::   21:34:14.5610548

::::::::::: ReleaseRequestState Request called at 7/21/2018 9:34:14 PM   :::   21:34:14.5730551

::::::::::: PostReleaseRequestState Request called at 7/21/2018 9:34:14 PM   :::   21:34:14.5810557

::::::::::: UpdateRequestCache Request called at 7/21/2018 9:34:14 PM   :::   21:34:14.5890554

::::::::::: EndRequest Request called at 7/21/2018 9:34:14 PM   :::   21:34:14.5970568

::::::::::: PreSendRequestContent Request called at 7/21/2018 9:34:14 PM   :::   21:34:14.6050578

::::::::::: BeginRequest Request called at 7/21/2018 9:34:30 PM   :::   21:34:30.1634272

::::::::::: AuthenticateRequest Request called at 7/21/2018 9:34:30 PM   :::   21:34:30.1794275

::::::::::: PostAuthenticateRequest Request called at 7/21/2018 9:34:30 PM   :::   21:34:30.1914290

::::::::::: AuthorizeRequest Request called at 7/21/2018 9:34:30 PM   :::   21:34:30.2034292

::::::::::: PostAuthorizeRequest Request called at 7/21/2018 9:34:30 PM   :::   21:34:30.2154394

::::::::::: End Request called at 7/21/2018 9:34:30 PM   :::   21:34:30.2234447

::::::::::: PostResolveRequestCache Request called at 7/21/2018 9:34:30 PM   :::   21:34:30.2354489

::::::::::: AcquireRequestState Request called at 7/21/2018 9:34:30 PM   :::   21:34:30.2514508

::::::::::: PostAcquireRequestState Request called at 7/21/2018 9:34:30 PM   :::   21:34:30.2634511

::::::::::: PreRequestHandlerExecute Request called at 7/21/2018 9:34:30 PM   :::   21:34:30.2794605

::::::::::: PostRequestHandlerExecute Request called at 7/21/2018 9:34:30 PM   :::   21:34:30.2914533

::::::::::: ReleaseRequestState Request called at 7/21/2018 9:34:30 PM   :::   21:34:30.3034535

::::::::::: PostReleaseRequestState Request called at 7/21/2018 9:34:30 PM   :::   21:34:30.3199663

::::::::::: UpdateRequestCache Request called at 7/21/2018 9:34:30 PM   :::   21:34:30.3314743

::::::::::: EndRequest Request called at 7/21/2018 9:34:30 PM   :::   21:34:30.3499889

::::::::::: PreSendRequestContent Request called at 7/21/2018 9:34:30 PM   :::   21:34:30.3680013

::::::::::: PreSendRequestHeaders Request called at 7/21/2018 9:34:30 PM   :::   21:34:30.3985225

::::::::::: BeginRequest Request called at 7/21/2018 9:34:30 PM   :::   21:34:30.4500594

::::::::::: AuthenticateRequest Request called at 7/21/2018 9:34:30 PM   :::   21:34:30.4680722

::::::::::: PostAuthenticateRequest Request called at 7/21/2018 9:34:30 PM   :::   21:34:30.4800804

::::::::::: AuthorizeRequest Request called at 7/21/2018 9:34:30 PM   :::   21:34:30.4920901

::::::::::: PostAuthorizeRequest Request called at 7/21/2018 9:34:30 PM   :::   21:34:30.5055987

::::::::::: End Request called at 7/21/2018 9:34:30 PM   :::   21:34:30.5211100

::::::::::: PostResolveRequestCache Request called at 7/21/2018 9:34:30 PM   :::   21:34:30.5356197

::::::::::: AcquireRequestState Request called at 7/21/2018 9:34:30 PM   :::   21:34:30.5466280

::::::::::: PostAcquireRequestState Request called at 7/21/2018 9:34:30 PM   :::   21:34:30.5576358

::::::::::: PreRequestHandlerExecute Request called at 7/21/2018 9:34:30 PM   :::   21:34:30.5681427

::::::::::: PreSendRequestContent Request called at 7/21/2018 9:34:36 PM   :::   21:34:36.4325502

::::::::::: PreSendRequestHeaders Request called at 7/21/2018 9:34:36 PM   :::   21:34:36.4395560

::::::::::: PostRequestHandlerExecute Request called at 7/21/2018 9:34:36 PM   :::   21:34:36.4595577

::::::::::: ReleaseRequestState Request called at 7/21/2018 9:34:36 PM   :::   21:34:36.4715587

::::::::::: PostReleaseRequestState Request called at 7/21/2018 9:34:36 PM   :::   21:34:36.4835594

::::::::::: UpdateRequestCache Request called at 7/21/2018 9:34:36 PM   :::   21:34:36.4955604

::::::::::: EndRequest Request called at 7/21/2018 9:34:36 PM   :::   21:34:36.5075638

::::::::::: PreSendRequestContent Request called at 7/21/2018 9:34:36 PM   :::   21:34:36.5205676

::::::::::: BeginRequest Request called at 7/21/2018 9:38:47 PM   :::   21:38:47.3117498

::::::::::: AuthenticateRequest Request called at 7/21/2018 9:38:47 PM   :::   21:38:47.3237501

::::::::::: PostAuthenticateRequest Request called at 7/21/2018 9:38:47 PM   :::   21:38:47.3357507

::::::::::: AuthorizeRequest Request called at 7/21/2018 9:38:47 PM   :::   21:38:47.3437501

::::::::::: PostAuthorizeRequest Request called at 7/21/2018 9:38:47 PM   :::   21:38:47.3632725

::::::::::: End Request called at 7/21/2018 9:38:47 PM   :::   21:38:47.3718024

::::::::::: PostResolveRequestCache Request called at 7/21/2018 9:38:47 PM   :::   21:38:47.3798042

::::::::::: AcquireRequestState Request called at 7/21/2018 9:38:47 PM   :::   21:38:47.3877925

::::::::::: PostAcquireRequestState Request called at 7/21/2018 9:38:47 PM   :::   21:38:47.3957935

::::::::::: PreRequestHandlerExecute Request called at 7/21/2018 9:38:47 PM   :::   21:38:47.4077945

::::::::::: PostRequestHandlerExecute Request called at 7/21/2018 9:38:47 PM   :::   21:38:47.4157955

::::::::::: ReleaseRequestState Request called at 7/21/2018 9:38:47 PM   :::   21:38:47.4277962

::::::::::: PostReleaseRequestState Request called at 7/21/2018 9:38:47 PM   :::   21:38:47.4397972

::::::::::: UpdateRequestCache Request called at 7/21/2018 9:38:47 PM   :::   21:38:47.4543062

::::::::::: EndRequest Request called at 7/21/2018 9:38:47 PM   :::   21:38:47.4638143

::::::::::: PreSendRequestContent Request called at 7/21/2018 9:38:47 PM   :::   21:38:47.4718461

::::::::::: PreSendRequestHeaders Request called at 7/21/2018 9:38:47 PM   :::   21:38:47.4838274

::::::::::: BeginRequest Request called at 7/21/2018 9:38:47 PM   :::   21:38:47.4958383

::::::::::: AuthenticateRequest Request called at 7/21/2018 9:38:47 PM   :::   21:38:47.5078283

::::::::::: PostAuthenticateRequest Request called at 7/21/2018 9:38:47 PM   :::   21:38:47.5198314

::::::::::: AuthorizeRequest Request called at 7/21/2018 9:38:47 PM   :::   21:38:47.5318293

::::::::::: PostAuthorizeRequest Request called at 7/21/2018 9:38:47 PM   :::   21:38:47.5398314

::::::::::: End Request called at 7/21/2018 9:38:47 PM   :::   21:38:47.5533389

::::::::::: PostResolveRequestCache Request called at 7/21/2018 9:38:47 PM   :::   21:38:47.5638469

::::::::::: AcquireRequestState Request called at 7/21/2018 9:38:47 PM   :::   21:38:47.5718562

::::::::::: PostAcquireRequestState Request called at 7/21/2018 9:38:47 PM   :::   21:38:47.5838644

::::::::::: PreRequestHandlerExecute Request called at 7/21/2018 9:38:47 PM   :::   21:38:47.5918523

::::::::::: PreSendRequestContent Request called at 7/21/2018 9:38:54 PM   :::   21:38:54.4615295

::::::::::: PreSendRequestHeaders Request called at 7/21/2018 9:38:54 PM   :::   21:38:54.4775515

::::::::::: Error Request called at 7/21/2018 9:38:54 PM   :::   21:38:54.4935511

::::::::::: PreSendRequestContent Request called at 7/21/2018 9:38:56 PM   :::   21:38:56.5143746

::::::::::: PreSendRequestContent Request called at 7/21/2018 9:38:56 PM   :::   21:38:56.5223728

::::::::::: PreSendRequestContent Request called at 7/21/2018 9:38:56 PM   :::   21:38:56.5263915

::::::::::: PreSendRequestContent Request called at 7/21/2018 9:38:56 PM   :::   21:38:56.5343735

::::::::::: EndRequest Request called at 7/21/2018 9:38:56 PM   :::   21:38:56.5433815

::::::::::: PreSendRequestContent Request called at 7/21/2018 9:38:56 PM   :::   21:38:56.5509008

::::::::::: BeginRequest Request called at 7/21/2018 9:39:27 PM   :::   21:39:27.1319736

::::::::::: AuthenticateRequest Request called at 7/21/2018 9:39:27 PM   :::   21:39:27.1409800

::::::::::: PostAuthenticateRequest Request called at 7/21/2018 9:39:27 PM   :::   21:39:27.1529854

::::::::::: AuthorizeRequest Request called at 7/21/2018 9:39:27 PM   :::   21:39:27.1689861

::::::::::: PostAuthorizeRequest Request called at 7/21/2018 9:39:27 PM   :::   21:39:27.1769954

::::::::::: End Request called at 7/21/2018 9:39:27 PM   :::   21:39:27.1889890

::::::::::: PostResolveRequestCache Request called at 7/21/2018 9:39:27 PM   :::   21:39:27.2009888

::::::::::: AcquireRequestState Request called at 7/21/2018 9:39:27 PM   :::   21:39:27.2129899

::::::::::: PostAcquireRequestState Request called at 7/21/2018 9:39:27 PM   :::   21:39:27.2209940

::::::::::: PreRequestHandlerExecute Request called at 7/21/2018 9:39:27 PM   :::   21:39:27.2360047

::::::::::: PreSendRequestContent Request called at 7/21/2018 9:39:29 PM   :::   21:39:29.4979527

::::::::::: PreSendRequestHeaders Request called at 7/21/2018 9:39:29 PM   :::   21:39:29.5019535

::::::::::: Error Request called at 7/21/2018 9:39:29 PM   :::   21:39:29.5139550

::::::::::: PreSendRequestContent Request called at 7/21/2018 9:39:29 PM   :::   21:39:29.8363002

::::::::::: PreSendRequestContent Request called at 7/21/2018 9:39:29 PM   :::   21:39:29.8428323

::::::::::: PreSendRequestContent Request called at 7/21/2018 9:39:29 PM   :::   21:39:29.8584781

::::::::::: PreSendRequestContent Request called at 7/21/2018 9:39:29 PM   :::   21:39:29.8740833

::::::::::: EndRequest Request called at 7/21/2018 9:39:29 PM   :::   21:39:29.8897087

::::::::::: PreSendRequestContent Request called at 7/21/2018 9:39:29 PM   :::   21:39:29.9053344

::::::::::: BeginRequest Request called at 7/21/2018 9:40:19 PM   :::   21:40:19.5344572

::::::::::: AuthenticateRequest Request called at 7/21/2018 9:40:19 PM   :::   21:40:19.5464586

::::::::::: PostAuthenticateRequest Request called at 7/21/2018 9:40:19 PM   :::   21:40:19.5664776

::::::::::: AuthorizeRequest Request called at 7/21/2018 9:40:19 PM   :::   21:40:19.5784593

::::::::::: PostAuthorizeRequest Request called at 7/21/2018 9:40:19 PM   :::   21:40:19.5824602

::::::::::: End Request called at 7/21/2018 9:40:19 PM   :::   21:40:19.5944605

::::::::::: PostResolveRequestCache Request called at 7/21/2018 9:40:19 PM   :::   21:40:19.6014702

::::::::::: AcquireRequestState Request called at 7/21/2018 9:40:19 PM   :::   21:40:19.6109957

::::::::::: PostAcquireRequestState Request called at 7/21/2018 9:40:19 PM   :::   21:40:19.6144795

::::::::::: PreRequestHandlerExecute Request called at 7/21/2018 9:40:19 PM   :::   21:40:19.6224836

::::::::::: PreSendRequestContent Request called at 7/21/2018 9:40:22 PM   :::   21:40:22.2614978

::::::::::: PreSendRequestHeaders Request called at 7/21/2018 9:40:22 PM   :::   21:40:22.2815042

::::::::::: Error Request called at 7/21/2018 9:40:22 PM   :::   21:40:22.3140193

::::::::::: PreSendRequestContent Request called at 7/21/2018 9:40:22 PM   :::   21:40:22.8188381

::::::::::: PreSendRequestContent Request called at 7/21/2018 9:40:22 PM   :::   21:40:22.8428497

::::::::::: PreSendRequestContent Request called at 7/21/2018 9:40:22 PM   :::   21:40:22.8668553

::::::::::: PreSendRequestContent Request called at 7/21/2018 9:40:22 PM   :::   21:40:22.8868534

::::::::::: EndRequest Request called at 7/21/2018 9:40:22 PM   :::   21:40:22.9138746

::::::::::: PreSendRequestContent Request called at 7/21/2018 9:40:22 PM   :::   21:40:22.9348027

::::::::::: BeginRequest Request called at 7/21/2018 9:40:36 PM   :::   21:40:36.6228618

::::::::::: AuthenticateRequest Request called at 7/21/2018 9:40:36 PM   :::   21:40:36.6308623

::::::::::: PostAuthenticateRequest Request called at 7/21/2018 9:40:36 PM   :::   21:40:36.6388629

::::::::::: AuthorizeRequest Request called at 7/21/2018 9:40:36 PM   :::   21:40:36.6428721

::::::::::: PostAuthorizeRequest Request called at 7/21/2018 9:40:36 PM   :::   21:40:36.6548652

::::::::::: End Request called at 7/21/2018 9:40:36 PM   :::   21:40:36.6628666

::::::::::: PostResolveRequestCache Request called at 7/21/2018 9:40:36 PM   :::   21:40:36.6708652

::::::::::: AcquireRequestState Request called at 7/21/2018 9:40:36 PM   :::   21:40:36.6748688

::::::::::: PostAcquireRequestState Request called at 7/21/2018 9:40:36 PM   :::   21:40:36.6863804

::::::::::: PreRequestHandlerExecute Request called at 7/21/2018 9:40:36 PM   :::   21:40:36.6938879

::::::::::: PostRequestHandlerExecute Request called at 7/21/2018 9:40:36 PM   :::   21:40:36.7033972

::::::::::: ReleaseRequestState Request called at 7/21/2018 9:40:36 PM   :::   21:40:36.7073993

::::::::::: PostReleaseRequestState Request called at 7/21/2018 9:40:36 PM   :::   21:40:36.7193976

::::::::::: UpdateRequestCache Request called at 7/21/2018 9:40:36 PM   :::   21:40:36.7313987

::::::::::: EndRequest Request called at 7/21/2018 9:40:36 PM   :::   21:40:36.7393992

::::::::::: PreSendRequestContent Request called at 7/21/2018 9:40:36 PM   :::   21:40:36.7474002

::::::::::: PreSendRequestHeaders Request called at 7/21/2018 9:40:36 PM   :::   21:40:36.7554004

::::::::::: BeginRequest Request called at 7/21/2018 9:40:37 PM   :::   21:40:37.7597297

::::::::::: AuthenticateRequest Request called at 7/21/2018 9:40:37 PM   :::   21:40:37.7797384

::::::::::: PostAuthenticateRequest Request called at 7/21/2018 9:40:37 PM   :::   21:40:37.7902410

::::::::::: AuthorizeRequest Request called at 7/21/2018 9:40:37 PM   :::   21:40:37.7987472

::::::::::: PostAuthorizeRequest Request called at 7/21/2018 9:40:37 PM   :::   21:40:37.8037875

::::::::::: End Request called at 7/21/2018 9:40:37 PM   :::   21:40:37.8157684

::::::::::: PostResolveRequestCache Request called at 7/21/2018 9:40:37 PM   :::   21:40:37.8237694

::::::::::: AcquireRequestState Request called at 7/21/2018 9:40:37 PM   :::   21:40:37.8317700

::::::::::: PostAcquireRequestState Request called at 7/21/2018 9:40:37 PM   :::   21:40:37.8397717

::::::::::: PreRequestHandlerExecute Request called at 7/21/2018 9:40:37 PM   :::   21:40:37.8477743

::::::::::: PreSendRequestContent Request called at 7/21/2018 9:40:45 PM   :::   21:40:45.3372954

::::::::::: PreSendRequestHeaders Request called at 7/21/2018 9:40:45 PM   :::   21:40:45.3529207

::::::::::: PostRequestHandlerExecute Request called at 7/21/2018 9:40:45 PM   :::   21:40:45.3685461

::::::::::: ReleaseRequestState Request called at 7/21/2018 9:40:45 PM   :::   21:40:45.3685461

::::::::::: PostReleaseRequestState Request called at 7/21/2018 9:40:45 PM   :::   21:40:45.3841718

::::::::::: UpdateRequestCache Request called at 7/21/2018 9:40:45 PM   :::   21:40:45.3841718

::::::::::: EndRequest Request called at 7/21/2018 9:40:45 PM   :::   21:40:45.3841718

::::::::::: PreSendRequestContent Request called at 7/21/2018 9:40:45 PM   :::   21:40:45.4063067

::::::::::: BeginRequest Request called at 7/21/2018 9:41:36 PM   :::   21:41:36.8193165

::::::::::: AuthenticateRequest Request called at 7/21/2018 9:41:36 PM   :::   21:41:36.8273025

::::::::::: PostAuthenticateRequest Request called at 7/21/2018 9:41:36 PM   :::   21:41:36.8433036

::::::::::: AuthorizeRequest Request called at 7/21/2018 9:41:36 PM   :::   21:41:36.8568111

::::::::::: PostAuthorizeRequest Request called at 7/21/2018 9:41:36 PM   :::   21:41:36.8633179

::::::::::: End Request called at 7/21/2018 9:41:36 PM   :::   21:41:36.8754721

::::::::::: PostResolveRequestCache Request called at 7/21/2018 9:41:36 PM   :::   21:41:36.8874645

::::::::::: AcquireRequestState Request called at 7/21/2018 9:41:36 PM   :::   21:41:36.8954647

::::::::::: PostAcquireRequestState Request called at 7/21/2018 9:41:36 PM   :::   21:41:36.9034660

::::::::::: PreRequestHandlerExecute Request called at 7/21/2018 9:41:36 PM   :::   21:41:36.9154659

::::::::::: PreSendRequestContent Request called at 7/21/2018 9:41:40 PM   :::   21:41:40.4236840

::::::::::: PreSendRequestHeaders Request called at 7/21/2018 9:41:40 PM   :::   21:41:40.4516881

::::::::::: Error Request called at 7/21/2018 9:41:40 PM   :::   21:41:40.4719945

::::::::::: PreSendRequestContent Request called at 7/21/2018 9:41:42 PM   :::   21:41:42.4523245

::::::::::: PreSendRequestContent Request called at 7/21/2018 9:41:42 PM   :::   21:41:42.4738684

::::::::::: PreSendRequestContent Request called at 7/21/2018 9:41:42 PM   :::   21:41:42.4943465

::::::::::: PreSendRequestContent Request called at 7/21/2018 9:41:42 PM   :::   21:41:42.5099999

::::::::::: EndRequest Request called at 7/21/2018 9:41:42 PM   :::   21:41:42.5256051

::::::::::: PreSendRequestContent Request called at 7/21/2018 9:41:42 PM   :::   21:41:42.5412237

::::::::::: BeginRequest Request called at 7/21/2018 9:42:01 PM   :::   21:42:01.6758384

::::::::::: AuthenticateRequest Request called at 7/21/2018 9:42:01 PM   :::   21:42:01.6908518

::::::::::: PostAuthenticateRequest Request called at 7/21/2018 9:42:01 PM   :::   21:42:01.7108531

::::::::::: AuthorizeRequest Request called at 7/21/2018 9:42:01 PM   :::   21:42:01.7228537

::::::::::: PostAuthorizeRequest Request called at 7/21/2018 9:42:01 PM   :::   21:42:01.7348595

::::::::::: End Request called at 7/21/2018 9:42:01 PM   :::   21:42:01.7428549

::::::::::: PostResolveRequestCache Request called at 7/21/2018 9:42:01 PM   :::   21:42:01.7548556

::::::::::: AcquireRequestState Request called at 7/21/2018 9:42:01 PM   :::   21:42:01.7628570

::::::::::: PostAcquireRequestState Request called at 7/21/2018 9:42:01 PM   :::   21:42:01.7788857

::::::::::: PreRequestHandlerExecute Request called at 7/21/2018 9:42:01 PM   :::   21:42:01.7908971

::::::::::: PreSendRequestContent Request called at 7/21/2018 9:42:04 PM   :::   21:42:04.0126929

::::::::::: PreSendRequestHeaders Request called at 7/21/2018 9:42:04 PM   :::   21:42:04.0366804

::::::::::: Error Request called at 7/21/2018 9:42:04 PM   :::   21:42:04.0646716

::::::::::: PreSendRequestContent Request called at 7/21/2018 9:42:04 PM   :::   21:42:04.3665083

::::::::::: PreSendRequestContent Request called at 7/21/2018 9:42:04 PM   :::   21:42:04.3890640

::::::::::: PreSendRequestContent Request called at 7/21/2018 9:42:04 PM   :::   21:42:04.4047142

::::::::::: PreSendRequestContent Request called at 7/21/2018 9:42:04 PM   :::   21:42:04.4203388

::::::::::: EndRequest Request called at 7/21/2018 9:42:04 PM   :::   21:42:04.4359444

::::::::::: PreSendRequestContent Request called at 7/21/2018 9:42:04 PM   :::   21:42:04.4359444

::::::::::: BeginRequest Request called at 7/21/2018 9:52:41 PM   :::   21:52:41.5945070

::::::::::: AuthenticateRequest Request called at 7/21/2018 9:52:41 PM   :::   21:52:41.6105090

::::::::::: PostAuthenticateRequest Request called at 7/21/2018 9:52:41 PM   :::   21:52:41.6305177

::::::::::: AuthorizeRequest Request called at 7/21/2018 9:52:41 PM   :::   21:52:41.6425136

::::::::::: PostAuthorizeRequest Request called at 7/21/2018 9:52:41 PM   :::   21:52:41.6545111

::::::::::: End Request called at 7/21/2018 9:52:41 PM   :::   21:52:41.6665189

::::::::::: PostResolveRequestCache Request called at 7/21/2018 9:52:41 PM   :::   21:52:41.6780269

::::::::::: AcquireRequestState Request called at 7/21/2018 9:52:41 PM   :::   21:52:41.6865367

::::::::::: PostAcquireRequestState Request called at 7/21/2018 9:52:41 PM   :::   21:52:41.6985322

::::::::::: PreRequestHandlerExecute Request called at 7/21/2018 9:52:41 PM   :::   21:52:41.7105341

::::::::::: PostRequestHandlerExecute Request called at 7/21/2018 9:52:41 PM   :::   21:52:41.7225340

::::::::::: ReleaseRequestState Request called at 7/21/2018 9:52:41 PM   :::   21:52:41.7385351

::::::::::: PostReleaseRequestState Request called at 7/21/2018 9:52:41 PM   :::   21:52:41.7505358

::::::::::: UpdateRequestCache Request called at 7/21/2018 9:52:41 PM   :::   21:52:41.7545374

::::::::::: EndRequest Request called at 7/21/2018 9:52:41 PM   :::   21:52:41.7655445

::::::::::: PreSendRequestContent Request called at 7/21/2018 9:52:41 PM   :::   21:52:41.7740503

::::::::::: PreSendRequestHeaders Request called at 7/21/2018 9:52:41 PM   :::   21:52:41.7825554

::::::::::: BeginRequest Request called at 7/21/2018 9:52:41 PM   :::   21:52:41.7945565

::::::::::: AuthenticateRequest Request called at 7/21/2018 9:52:41 PM   :::   21:52:41.8065579

::::::::::: PostAuthenticateRequest Request called at 7/21/2018 9:52:41 PM   :::   21:52:41.8145632

::::::::::: AuthorizeRequest Request called at 7/21/2018 9:52:41 PM   :::   21:52:41.8225587

::::::::::: PostAuthorizeRequest Request called at 7/21/2018 9:52:41 PM   :::   21:52:41.8345601

::::::::::: End Request called at 7/21/2018 9:52:41 PM   :::   21:52:41.8425603

::::::::::: PostResolveRequestCache Request called at 7/21/2018 9:52:41 PM   :::   21:52:41.8545614

::::::::::: AcquireRequestState Request called at 7/21/2018 9:52:41 PM   :::   21:52:41.8650682

::::::::::: PostAcquireRequestState Request called at 7/21/2018 9:52:41 PM   :::   21:52:41.8750746

::::::::::: PreRequestHandlerExecute Request called at 7/21/2018 9:52:41 PM   :::   21:52:41.8825821

::::::::::: PreSendRequestContent Request called at 7/21/2018 9:52:46 PM   :::   21:52:46.5531592

::::::::::: PreSendRequestHeaders Request called at 7/21/2018 9:52:46 PM   :::   21:52:46.5691596

::::::::::: Error Request called at 7/21/2018 9:52:46 PM   :::   21:52:46.5826706

::::::::::: PreSendRequestContent Request called at 7/21/2018 9:52:48 PM   :::   21:52:48.9532522

::::::::::: PreSendRequestContent Request called at 7/21/2018 9:52:48 PM   :::   21:52:48.9864944

::::::::::: PreSendRequestContent Request called at 7/21/2018 9:52:49 PM   :::   21:52:49.0066334

::::::::::: PreSendRequestContent Request called at 7/21/2018 9:52:49 PM   :::   21:52:49.0222860

::::::::::: EndRequest Request called at 7/21/2018 9:52:49 PM   :::   21:52:49.0535355

::::::::::: PreSendRequestContent Request called at 7/21/2018 9:52:49 PM   :::   21:52:49.0691612

::::::::::: BeginRequest Request called at 7/21/2018 9:55:03 PM   :::   21:55:03.9792226

::::::::::: AuthenticateRequest Request called at 7/21/2018 9:55:03 PM   :::   21:55:03.9892068

::::::::::: PostAuthenticateRequest Request called at 7/21/2018 9:55:03 PM   :::   21:55:03.9972247

::::::::::: AuthorizeRequest Request called at 7/21/2018 9:55:04 PM   :::   21:55:04.0092116

::::::::::: PostAuthorizeRequest Request called at 7/21/2018 9:55:04 PM   :::   21:55:04.0172121

::::::::::: End Request called at 7/21/2018 9:55:04 PM   :::   21:55:04.0252127

::::::::::: BeginRequest Request called at 7/21/2018 9:55:04 PM   :::   21:55:04.0372276

::::::::::: AuthenticateRequest Request called at 7/21/2018 9:55:04 PM   :::   21:55:04.0492144

::::::::::: PostAuthenticateRequest Request called at 7/21/2018 9:55:04 PM   :::   21:55:04.0532145

::::::::::: AuthorizeRequest Request called at 7/21/2018 9:55:04 PM   :::   21:55:04.0612159

::::::::::: PostAuthorizeRequest Request called at 7/21/2018 9:55:04 PM   :::   21:55:04.0757217

::::::::::: End Request called at 7/21/2018 9:55:04 PM   :::   21:55:04.0827275

::::::::::: PostResolveRequestCache Request called at 7/21/2018 9:55:04 PM   :::   21:55:04.0892319

::::::::::: AcquireRequestState Request called at 7/21/2018 9:55:04 PM   :::   21:55:04.1052421

::::::::::: AcquireRequestState Request called at 7/21/2018 9:55:04 PM   :::   21:55:04.1252599

::::::::::: PostAcquireRequestState Request called at 7/21/2018 9:55:04 PM   :::   21:55:04.1372515

::::::::::: PreRequestHandlerExecute Request called at 7/21/2018 9:55:04 PM   :::   21:55:04.1492439

::::::::::: PostRequestHandlerExecute Request called at 7/21/2018 9:55:06 PM   :::   21:55:06.1779401

::::::::::: ReleaseRequestState Request called at 7/21/2018 9:55:06 PM   :::   21:55:06.1935010

::::::::::: PostReleaseRequestState Request called at 7/21/2018 9:55:06 PM   :::   21:55:06.2095294

::::::::::: UpdateRequestCache Request called at 7/21/2018 9:55:06 PM   :::   21:55:06.2615227

::::::::::: EndRequest Request called at 7/21/2018 9:55:06 PM   :::   21:55:06.2830311

::::::::::: PreSendRequestContent Request called at 7/21/2018 9:55:06 PM   :::   21:55:06.3020518

::::::::::: PreSendRequestHeaders Request called at 7/21/2018 9:55:06 PM   :::   21:55:06.3180517

::::::::::: PreSendRequestContent Request called at 7/21/2018 9:55:22 PM   :::   21:55:22.3318268

::::::::::: PreSendRequestHeaders Request called at 7/21/2018 9:55:22 PM   :::   21:55:22.3518284

::::::::::: Error Request called at 7/21/2018 9:55:22 PM   :::   21:55:22.3798302

::::::::::: PreSendRequestContent Request called at 7/21/2018 9:55:24 PM   :::   21:55:24.5770935

::::::::::: PreSendRequestContent Request called at 7/21/2018 9:55:24 PM   :::   21:55:24.6072467

::::::::::: PreSendRequestContent Request called at 7/21/2018 9:55:24 PM   :::   21:55:24.6332601

::::::::::: PreSendRequestContent Request called at 7/21/2018 9:55:24 PM   :::   21:55:24.6539376

::::::::::: EndRequest Request called at 7/21/2018 9:55:24 PM   :::   21:55:24.6695613

::::::::::: PreSendRequestContent Request called at 7/21/2018 9:55:24 PM   :::   21:55:24.6851862

::::::::::: BeginRequest Request called at 7/21/2018 10:02:49 PM   :::   22:02:49.5980611

::::::::::: AuthenticateRequest Request called at 7/21/2018 10:02:49 PM   :::   22:02:49.6300633

::::::::::: PostAuthenticateRequest Request called at 7/21/2018 10:02:49 PM   :::   22:02:49.6540737

::::::::::: AuthorizeRequest Request called at 7/21/2018 10:02:49 PM   :::   22:02:49.6795905

::::::::::: PostAuthorizeRequest Request called at 7/21/2018 10:02:49 PM   :::   22:02:49.7086124

::::::::::: End Request called at 7/21/2018 10:02:49 PM   :::   22:02:49.7356313

::::::::::: PostResolveRequestCache Request called at 7/21/2018 10:02:49 PM   :::   22:02:49.7706562

::::::::::: AcquireRequestState Request called at 7/21/2018 10:02:49 PM   :::   22:02:49.7901703

::::::::::: PostAcquireRequestState Request called at 7/21/2018 10:02:49 PM   :::   22:02:49.8091839

::::::::::: PreRequestHandlerExecute Request called at 7/21/2018 10:02:49 PM   :::   22:02:49.8251949

::::::::::: PostRequestHandlerExecute Request called at 7/21/2018 10:02:49 PM   :::   22:02:49.8762308

::::::::::: ReleaseRequestState Request called at 7/21/2018 10:02:49 PM   :::   22:02:49.8977464

::::::::::: PostReleaseRequestState Request called at 7/21/2018 10:02:49 PM   :::   22:02:49.9232651

::::::::::: UpdateRequestCache Request called at 7/21/2018 10:02:49 PM   :::   22:02:49.9397771

::::::::::: EndRequest Request called at 7/21/2018 10:02:49 PM   :::   22:02:49.9627931

::::::::::: PreSendRequestContent Request called at 7/21/2018 10:02:49 PM   :::   22:02:49.9803050

::::::::::: PreSendRequestHeaders Request called at 7/21/2018 10:02:50 PM   :::   22:02:50.0048262

::::::::::: BeginRequest Request called at 7/21/2018 10:02:50 PM   :::   22:02:50.0463528

::::::::::: AuthenticateRequest Request called at 7/21/2018 10:02:50 PM   :::   22:02:50.0623638

::::::::::: PostAuthenticateRequest Request called at 7/21/2018 10:02:50 PM   :::   22:02:50.0803767

::::::::::: AuthorizeRequest Request called at 7/21/2018 10:02:50 PM   :::   22:02:50.0953870

::::::::::: PostAuthorizeRequest Request called at 7/21/2018 10:02:50 PM   :::   22:02:50.1123991

::::::::::: End Request called at 7/21/2018 10:02:50 PM   :::   22:02:50.1264095

::::::::::: PostResolveRequestCache Request called at 7/21/2018 10:02:50 PM   :::   22:02:50.1414202

::::::::::: AcquireRequestState Request called at 7/21/2018 10:02:50 PM   :::   22:02:50.1594330

::::::::::: PostAcquireRequestState Request called at 7/21/2018 10:02:50 PM   :::   22:02:50.1769449

::::::::::: PreRequestHandlerExecute Request called at 7/21/2018 10:02:50 PM   :::   22:02:50.2004622

::::::::::: PreSendRequestContent Request called at 7/21/2018 10:03:05 PM   :::   22:03:05.2097777

::::::::::: PreSendRequestHeaders Request called at 7/21/2018 10:03:05 PM   :::   22:03:05.2297821

::::::::::: PostRequestHandlerExecute Request called at 7/21/2018 10:03:05 PM   :::   22:03:05.2668286

::::::::::: ReleaseRequestState Request called at 7/21/2018 10:03:05 PM   :::   22:03:05.2828440

::::::::::: PostReleaseRequestState Request called at 7/21/2018 10:03:05 PM   :::   22:03:05.2948300

::::::::::: UpdateRequestCache Request called at 7/21/2018 10:03:05 PM   :::   22:03:05.3068307

::::::::::: EndRequest Request called at 7/21/2018 10:03:05 PM   :::   22:03:05.3148301

::::::::::: PreSendRequestContent Request called at 7/21/2018 10:03:05 PM   :::   22:03:05.3228311

::::::::::: BeginRequest Request called at 7/21/2018 10:03:11 PM   :::   22:03:11.1079225

::::::::::: AuthenticateRequest Request called at 7/21/2018 10:03:11 PM   :::   22:03:11.1199248

::::::::::: PostAuthenticateRequest Request called at 7/21/2018 10:03:11 PM   :::   22:03:11.1384318

::::::::::: AuthorizeRequest Request called at 7/21/2018 10:03:11 PM   :::   22:03:11.1519417

::::::::::: PostAuthorizeRequest Request called at 7/21/2018 10:03:11 PM   :::   22:03:11.1639467

::::::::::: End Request called at 7/21/2018 10:03:11 PM   :::   22:03:11.1719480

::::::::::: PostResolveRequestCache Request called at 7/21/2018 10:03:11 PM   :::   22:03:11.1839487

::::::::::: AcquireRequestState Request called at 7/21/2018 10:03:11 PM   :::   22:03:11.1919493

::::::::::: PostAcquireRequestState Request called at 7/21/2018 10:03:11 PM   :::   22:03:11.2039491

::::::::::: PreRequestHandlerExecute Request called at 7/21/2018 10:03:11 PM   :::   22:03:11.2119694

::::::::::: PostRequestHandlerExecute Request called at 7/21/2018 10:03:11 PM   :::   22:03:11.2239531

::::::::::: ReleaseRequestState Request called at 7/21/2018 10:03:11 PM   :::   22:03:11.2319521

::::::::::: PostReleaseRequestState Request called at 7/21/2018 10:03:11 PM   :::   22:03:11.2464836

::::::::::: UpdateRequestCache Request called at 7/21/2018 10:03:11 PM   :::   22:03:11.2559909

::::::::::: EndRequest Request called at 7/21/2018 10:03:11 PM   :::   22:03:11.2679924

::::::::::: PreSendRequestContent Request called at 7/21/2018 10:03:11 PM   :::   22:03:11.2799958

::::::::::: PreSendRequestHeaders Request called at 7/21/2018 10:03:11 PM   :::   22:03:11.2919933

::::::::::: BeginRequest Request called at 7/21/2018 10:03:11 PM   :::   22:03:11.3079937

::::::::::: AuthenticateRequest Request called at 7/21/2018 10:03:11 PM   :::   22:03:11.3199947

::::::::::: PostAuthenticateRequest Request called at 7/21/2018 10:03:11 PM   :::   22:03:11.3365035

::::::::::: AuthorizeRequest Request called at 7/21/2018 10:03:11 PM   :::   22:03:11.3510125

::::::::::: PostAuthorizeRequest Request called at 7/21/2018 10:03:11 PM   :::   22:03:11.3630218

::::::::::: End Request called at 7/21/2018 10:03:11 PM   :::   22:03:11.3730278

::::::::::: PostResolveRequestCache Request called at 7/21/2018 10:03:11 PM   :::   22:03:11.3845362

::::::::::: AcquireRequestState Request called at 7/21/2018 10:03:11 PM   :::   22:03:11.3945429

::::::::::: PostAcquireRequestState Request called at 7/21/2018 10:03:11 PM   :::   22:03:11.4040495

::::::::::: PreRequestHandlerExecute Request called at 7/21/2018 10:03:11 PM   :::   22:03:11.4110545

::::::::::: PreSendRequestContent Request called at 7/21/2018 10:03:21 PM   :::   22:03:21.9897642

::::::::::: PreSendRequestHeaders Request called at 7/21/2018 10:03:22 PM   :::   22:03:22.0147745

::::::::::: Error Request called at 7/21/2018 10:03:22 PM   :::   22:03:22.0298377

::::::::::: PreSendRequestContent Request called at 7/21/2018 10:03:22 PM   :::   22:03:22.3940179

::::::::::: PreSendRequestContent Request called at 7/21/2018 10:03:22 PM   :::   22:03:22.4225435

::::::::::: PreSendRequestContent Request called at 7/21/2018 10:03:22 PM   :::   22:03:22.4625570

::::::::::: PreSendRequestContent Request called at 7/21/2018 10:03:22 PM   :::   22:03:22.4905762

::::::::::: EndRequest Request called at 7/21/2018 10:03:22 PM   :::   22:03:22.5090852

::::::::::: PreSendRequestContent Request called at 7/21/2018 10:03:22 PM   :::   22:03:22.5225951

::::::::::: BeginRequest Request called at 7/21/2018 10:04:19 PM   :::   22:04:19.0468175

::::::::::: AuthenticateRequest Request called at 7/21/2018 10:04:19 PM   :::   22:04:19.0638300

::::::::::: PostAuthenticateRequest Request called at 7/21/2018 10:04:19 PM   :::   22:04:19.0753395

::::::::::: AuthorizeRequest Request called at 7/21/2018 10:04:19 PM   :::   22:04:19.0868460

::::::::::: PostAuthorizeRequest Request called at 7/21/2018 10:04:19 PM   :::   22:04:19.1033575

::::::::::: End Request called at 7/21/2018 10:04:19 PM   :::   22:04:19.1178685

::::::::::: PostResolveRequestCache Request called at 7/21/2018 10:04:19 PM   :::   22:04:19.1323794

::::::::::: AcquireRequestState Request called at 7/21/2018 10:04:19 PM   :::   22:04:19.1493911

::::::::::: PostAcquireRequestState Request called at 7/21/2018 10:04:19 PM   :::   22:04:19.1674032

::::::::::: PreRequestHandlerExecute Request called at 7/21/2018 10:04:19 PM   :::   22:04:19.1809134

::::::::::: PostRequestHandlerExecute Request called at 7/21/2018 10:04:19 PM   :::   22:04:19.1944228

::::::::::: ReleaseRequestState Request called at 7/21/2018 10:04:19 PM   :::   22:04:19.2064318

::::::::::: PostReleaseRequestState Request called at 7/21/2018 10:04:19 PM   :::   22:04:19.2189401

::::::::::: UpdateRequestCache Request called at 7/21/2018 10:04:19 PM   :::   22:04:19.2329505

::::::::::: EndRequest Request called at 7/21/2018 10:04:19 PM   :::   22:04:19.2459597

::::::::::: PreSendRequestContent Request called at 7/21/2018 10:04:19 PM   :::   22:04:19.2559669

::::::::::: PreSendRequestHeaders Request called at 7/21/2018 10:04:19 PM   :::   22:04:19.2779829

::::::::::: BeginRequest Request called at 7/21/2018 10:04:19 PM   :::   22:04:19.3195119

::::::::::: AuthenticateRequest Request called at 7/21/2018 10:04:19 PM   :::   22:04:19.3310199

::::::::::: PostAuthenticateRequest Request called at 7/21/2018 10:04:19 PM   :::   22:04:19.3550374

::::::::::: AuthorizeRequest Request called at 7/21/2018 10:04:19 PM   :::   22:04:19.3795539

::::::::::: PostAuthorizeRequest Request called at 7/21/2018 10:04:19 PM   :::   22:04:19.4145804

::::::::::: End Request called at 7/21/2018 10:04:19 PM   :::   22:04:19.4441052

::::::::::: PostResolveRequestCache Request called at 7/21/2018 10:04:19 PM   :::   22:04:19.4556089

::::::::::: AcquireRequestState Request called at 7/21/2018 10:04:19 PM   :::   22:04:19.4686182

::::::::::: PostAcquireRequestState Request called at 7/21/2018 10:04:19 PM   :::   22:04:19.4851301

::::::::::: PreRequestHandlerExecute Request called at 7/21/2018 10:04:19 PM   :::   22:04:19.4956374

::::::::::: PreSendRequestContent Request called at 7/21/2018 10:04:27 PM   :::   22:04:27.9103774

::::::::::: PreSendRequestHeaders Request called at 7/21/2018 10:04:27 PM   :::   22:04:27.9258883

::::::::::: PostRequestHandlerExecute Request called at 7/21/2018 10:04:27 PM   :::   22:04:27.9415176

::::::::::: ReleaseRequestState Request called at 7/21/2018 10:04:27 PM   :::   22:04:27.9727686

::::::::::: PostReleaseRequestState Request called at 7/21/2018 10:04:27 PM   :::   22:04:27.9883948

::::::::::: UpdateRequestCache Request called at 7/21/2018 10:04:27 PM   :::   22:04:27.9883948

::::::::::: EndRequest Request called at 7/21/2018 10:04:28 PM   :::   22:04:28.0040197

::::::::::: PreSendRequestContent Request called at 7/21/2018 10:04:28 PM   :::   22:04:28.0261538

::::::::::: BeginRequest Request called at 7/21/2018 10:04:39 PM   :::   22:04:39.9154126

::::::::::: AuthenticateRequest Request called at 7/21/2018 10:04:39 PM   :::   22:04:39.9349279

::::::::::: PostAuthenticateRequest Request called at 7/21/2018 10:04:39 PM   :::   22:04:39.9514351

::::::::::: AuthorizeRequest Request called at 7/21/2018 10:04:39 PM   :::   22:04:39.9634350

::::::::::: PostAuthorizeRequest Request called at 7/21/2018 10:04:39 PM   :::   22:04:39.9754356

::::::::::: End Request called at 7/21/2018 10:04:39 PM   :::   22:04:39.9874371

::::::::::: PostResolveRequestCache Request called at 7/21/2018 10:04:39 PM   :::   22:04:39.9994413

::::::::::: AcquireRequestState Request called at 7/21/2018 10:04:40 PM   :::   22:04:40.0114412

::::::::::: PostAcquireRequestState Request called at 7/21/2018 10:04:40 PM   :::   22:04:40.0239463

::::::::::: PreRequestHandlerExecute Request called at 7/21/2018 10:04:40 PM   :::   22:04:40.0349534

::::::::::: PreSendRequestContent Request called at 7/21/2018 10:04:54 PM   :::   22:04:54.0691671

::::::::::: PreSendRequestHeaders Request called at 7/21/2018 10:04:54 PM   :::   22:04:54.0851671

::::::::::: Error Request called at 7/21/2018 10:04:54 PM   :::   22:04:54.1051987

::::::::::: PreSendRequestContent Request called at 7/21/2018 10:04:54 PM   :::   22:04:54.4855336

::::::::::: PreSendRequestContent Request called at 7/21/2018 10:04:54 PM   :::   22:04:54.5030462

::::::::::: PreSendRequestContent Request called at 7/21/2018 10:04:54 PM   :::   22:04:54.5135515

::::::::::: PreSendRequestContent Request called at 7/21/2018 10:04:54 PM   :::   22:04:54.5295527

::::::::::: EndRequest Request called at 7/21/2018 10:04:54 PM   :::   22:04:54.5415573

::::::::::: PreSendRequestContent Request called at 7/21/2018 10:04:54 PM   :::   22:04:54.5575553

::::::::::: BeginRequest Request called at 7/21/2018 10:06:28 PM   :::   22:06:28.1768482

::::::::::: AuthenticateRequest Request called at 7/21/2018 10:06:28 PM   :::   22:06:28.2018660

::::::::::: PostAuthenticateRequest Request called at 7/21/2018 10:06:28 PM   :::   22:06:28.2223804

::::::::::: AuthorizeRequest Request called at 7/21/2018 10:06:28 PM   :::   22:06:28.2408930

::::::::::: PostAuthorizeRequest Request called at 7/21/2018 10:06:28 PM   :::   22:06:28.2579051

::::::::::: End Request called at 7/21/2018 10:06:28 PM   :::   22:06:28.2774192

::::::::::: PostResolveRequestCache Request called at 7/21/2018 10:06:28 PM   :::   22:06:28.3064399

::::::::::: AcquireRequestState Request called at 7/21/2018 10:06:28 PM   :::   22:06:28.3409647

::::::::::: PostAcquireRequestState Request called at 7/21/2018 10:06:28 PM   :::   22:06:28.3634849

::::::::::: PreRequestHandlerExecute Request called at 7/21/2018 10:06:28 PM   :::   22:06:28.3814965

::::::::::: PostRequestHandlerExecute Request called at 7/21/2018 10:06:28 PM   :::   22:06:28.4055105

::::::::::: ReleaseRequestState Request called at 7/21/2018 10:06:28 PM   :::   22:06:28.4245240

::::::::::: PostReleaseRequestState Request called at 7/21/2018 10:06:28 PM   :::   22:06:28.4430370

::::::::::: UpdateRequestCache Request called at 7/21/2018 10:06:28 PM   :::   22:06:28.4680552

::::::::::: EndRequest Request called at 7/21/2018 10:06:28 PM   :::   22:06:28.4870696

::::::::::: PreSendRequestContent Request called at 7/21/2018 10:06:28 PM   :::   22:06:28.5060823

::::::::::: PreSendRequestHeaders Request called at 7/21/2018 10:06:28 PM   :::   22:06:28.5240955

::::::::::: BeginRequest Request called at 7/21/2018 10:06:28 PM   :::   22:06:28.5496127

::::::::::: AuthenticateRequest Request called at 7/21/2018 10:06:28 PM   :::   22:06:28.5661251

::::::::::: PostAuthenticateRequest Request called at 7/21/2018 10:06:28 PM   :::   22:06:28.5816356

::::::::::: AuthorizeRequest Request called at 7/21/2018 10:06:28 PM   :::   22:06:28.5986477

::::::::::: PostAuthorizeRequest Request called at 7/21/2018 10:06:28 PM   :::   22:06:28.6176616

::::::::::: End Request called at 7/21/2018 10:06:28 PM   :::   22:06:28.6346741

::::::::::: PostResolveRequestCache Request called at 7/21/2018 10:06:28 PM   :::   22:06:28.6521864

::::::::::: AcquireRequestState Request called at 7/21/2018 10:06:28 PM   :::   22:06:28.6696983

::::::::::: PostAcquireRequestState Request called at 7/21/2018 10:06:28 PM   :::   22:06:28.6882121

::::::::::: PreRequestHandlerExecute Request called at 7/21/2018 10:06:28 PM   :::   22:06:28.7052238

::::::::::: PreSendRequestContent Request called at 7/21/2018 10:06:36 PM   :::   22:06:36.8877155

::::::::::: PreSendRequestHeaders Request called at 7/21/2018 10:06:36 PM   :::   22:06:36.9172380

::::::::::: PostRequestHandlerExecute Request called at 7/21/2018 10:06:37 PM   :::   22:06:37.1533600

::::::::::: ReleaseRequestState Request called at 7/21/2018 10:06:37 PM   :::   22:06:37.1763729

::::::::::: PostReleaseRequestState Request called at 7/21/2018 10:06:37 PM   :::   22:06:37.1923736

::::::::::: UpdateRequestCache Request called at 7/21/2018 10:06:37 PM   :::   22:06:37.2123764

::::::::::: EndRequest Request called at 7/21/2018 10:06:37 PM   :::   22:06:37.2323777

::::::::::: PreSendRequestContent Request called at 7/21/2018 10:06:37 PM   :::   22:06:37.2533914

::::::::::: BeginRequest Request called at 7/21/2018 10:06:56 PM   :::   22:06:56.6448877

::::::::::: AuthenticateRequest Request called at 7/21/2018 10:06:56 PM   :::   22:06:56.6648886

::::::::::: PostAuthenticateRequest Request called at 7/21/2018 10:06:56 PM   :::   22:06:56.6928904

::::::::::: AuthorizeRequest Request called at 7/21/2018 10:06:56 PM   :::   22:06:56.7088919

::::::::::: PostAuthorizeRequest Request called at 7/21/2018 10:06:56 PM   :::   22:06:56.7299065

::::::::::: End Request called at 7/21/2018 10:06:56 PM   :::   22:06:56.7459175

::::::::::: PostResolveRequestCache Request called at 7/21/2018 10:06:56 PM   :::   22:06:56.7614287

::::::::::: AcquireRequestState Request called at 7/21/2018 10:06:56 PM   :::   22:06:56.7769396

::::::::::: PostAcquireRequestState Request called at 7/21/2018 10:06:56 PM   :::   22:06:56.7924512

::::::::::: PreRequestHandlerExecute Request called at 7/21/2018 10:06:56 PM   :::   22:06:56.8054605

::::::::::: PreSendRequestContent Request called at 7/21/2018 10:07:15 PM   :::   22:07:15.2132942

::::::::::: PreSendRequestHeaders Request called at 7/21/2018 10:07:15 PM   :::   22:07:15.2252945

::::::::::: Error Request called at 7/21/2018 10:07:15 PM   :::   22:07:15.2372960

::::::::::: PreSendRequestContent Request called at 7/21/2018 10:07:15 PM   :::   22:07:15.5258949

::::::::::: PreSendRequestContent Request called at 7/21/2018 10:07:15 PM   :::   22:07:15.5298981

::::::::::: PreSendRequestContent Request called at 7/21/2018 10:07:15 PM   :::   22:07:15.5418964

::::::::::: PreSendRequestContent Request called at 7/21/2018 10:07:15 PM   :::   22:07:15.5498974

::::::::::: EndRequest Request called at 7/21/2018 10:07:15 PM   :::   22:07:15.5618980

::::::::::: PreSendRequestContent Request called at 7/21/2018 10:07:15 PM   :::   22:07:15.5699002

::::::::::: BeginRequest Request called at 7/21/2018 10:10:14 PM   :::   22:10:14.2488347

::::::::::: AuthenticateRequest Request called at 7/21/2018 10:10:14 PM   :::   22:10:14.2768366

::::::::::: PostAuthenticateRequest Request called at 7/21/2018 10:10:14 PM   :::   22:10:14.3168410

::::::::::: AuthorizeRequest Request called at 7/21/2018 10:10:14 PM   :::   22:10:14.3448491

::::::::::: PostAuthorizeRequest Request called at 7/21/2018 10:10:14 PM   :::   22:10:14.3648432

::::::::::: End Request called at 7/21/2018 10:10:14 PM   :::   22:10:14.3928525

::::::::::: PostResolveRequestCache Request called at 7/21/2018 10:10:14 PM   :::   22:10:14.4128463

::::::::::: AcquireRequestState Request called at 7/21/2018 10:10:14 PM   :::   22:10:14.4328479

::::::::::: PostAcquireRequestState Request called at 7/21/2018 10:10:14 PM   :::   22:10:14.4528499

::::::::::: PreRequestHandlerExecute Request called at 7/21/2018 10:10:14 PM   :::   22:10:14.4648510

::::::::::: PreSendRequestContent Request called at 7/21/2018 10:10:28 PM   :::   22:10:28.5778597

::::::::::: PreSendRequestHeaders Request called at 7/21/2018 10:10:28 PM   :::   22:10:28.5938600

::::::::::: Error Request called at 7/21/2018 10:10:28 PM   :::   22:10:28.6098608

::::::::::: PreSendRequestContent Request called at 7/21/2018 10:10:28 PM   :::   22:10:28.8698796

::::::::::: PreSendRequestContent Request called at 7/21/2018 10:10:28 PM   :::   22:10:28.8778809

::::::::::: PreSendRequestContent Request called at 7/21/2018 10:10:28 PM   :::   22:10:28.8858827

::::::::::: PreSendRequestContent Request called at 7/21/2018 10:10:28 PM   :::   22:10:28.8978995

::::::::::: EndRequest Request called at 7/21/2018 10:10:28 PM   :::   22:10:28.9058827

::::::::::: PreSendRequestContent Request called at 7/21/2018 10:10:28 PM   :::   22:10:28.9138821

::::::::::: BeginRequest Request called at 7/21/2018 10:10:41 PM   :::   22:10:41.3501898

::::::::::: AuthenticateRequest Request called at 7/21/2018 10:10:41 PM   :::   22:10:41.3661905

::::::::::: PostAuthenticateRequest Request called at 7/21/2018 10:10:41 PM   :::   22:10:41.3781948

::::::::::: AuthorizeRequest Request called at 7/21/2018 10:10:41 PM   :::   22:10:41.3901923

::::::::::: PostAuthorizeRequest Request called at 7/21/2018 10:10:41 PM   :::   22:10:41.4021929

::::::::::: End Request called at 7/21/2018 10:10:41 PM   :::   22:10:41.4181945

::::::::::: PostResolveRequestCache Request called at 7/21/2018 10:10:41 PM   :::   22:10:41.4301951

::::::::::: AcquireRequestState Request called at 7/21/2018 10:10:41 PM   :::   22:10:41.4421978

::::::::::: PostAcquireRequestState Request called at 7/21/2018 10:10:41 PM   :::   22:10:41.4581973

::::::::::: PreRequestHandlerExecute Request called at 7/21/2018 10:10:41 PM   :::   22:10:41.4741981

::::::::::: PostRequestHandlerExecute Request called at 7/21/2018 10:10:41 PM   :::   22:10:41.4941997

::::::::::: ReleaseRequestState Request called at 7/21/2018 10:10:41 PM   :::   22:10:41.5062019

::::::::::: PostReleaseRequestState Request called at 7/21/2018 10:10:41 PM   :::   22:10:41.5342025

::::::::::: UpdateRequestCache Request called at 7/21/2018 10:10:41 PM   :::   22:10:41.5502041

::::::::::: EndRequest Request called at 7/21/2018 10:10:41 PM   :::   22:10:41.5662048

::::::::::: PreSendRequestContent Request called at 7/21/2018 10:10:41 PM   :::   22:10:41.5862061

::::::::::: PreSendRequestHeaders Request called at 7/21/2018 10:10:41 PM   :::   22:10:41.6022076

::::::::::: BeginRequest Request called at 7/21/2018 10:10:41 PM   :::   22:10:41.6382104

::::::::::: AuthenticateRequest Request called at 7/21/2018 10:10:41 PM   :::   22:10:41.6542115

::::::::::: PostAuthenticateRequest Request called at 7/21/2018 10:10:41 PM   :::   22:10:41.6782144

::::::::::: AuthorizeRequest Request called at 7/21/2018 10:10:41 PM   :::   22:10:41.7022146

::::::::::: PostAuthorizeRequest Request called at 7/21/2018 10:10:41 PM   :::   22:10:41.7182157

::::::::::: End Request called at 7/21/2018 10:10:41 PM   :::   22:10:41.7382173

::::::::::: PostResolveRequestCache Request called at 7/21/2018 10:10:41 PM   :::   22:10:41.7622186

::::::::::: AcquireRequestState Request called at 7/21/2018 10:10:41 PM   :::   22:10:41.7822203

::::::::::: PostAcquireRequestState Request called at 7/21/2018 10:10:41 PM   :::   22:10:41.7982218

::::::::::: PreRequestHandlerExecute Request called at 7/21/2018 10:10:41 PM   :::   22:10:41.8142226

::::::::::: PreSendRequestContent Request called at 7/21/2018 10:10:54 PM   :::   22:10:54.7232256

::::::::::: PreSendRequestHeaders Request called at 7/21/2018 10:10:54 PM   :::   22:10:54.7388509

::::::::::: PostRequestHandlerExecute Request called at 7/21/2018 10:10:54 PM   :::   22:10:54.7544758

::::::::::: ReleaseRequestState Request called at 7/21/2018 10:10:54 PM   :::   22:10:54.7544758

::::::::::: PostReleaseRequestState Request called at 7/21/2018 10:10:54 PM   :::   22:10:54.7701032

::::::::::: UpdateRequestCache Request called at 7/21/2018 10:10:54 PM   :::   22:10:54.7701032

::::::::::: EndRequest Request called at 7/21/2018 10:10:54 PM   :::   22:10:54.7857265

::::::::::: PreSendRequestContent Request called at 7/21/2018 10:10:54 PM   :::   22:10:54.8013526

::::::::::: BeginRequest Request called at 7/21/2018 10:11:06 PM   :::   22:11:06.3324126

::::::::::: AuthenticateRequest Request called at 7/21/2018 10:11:06 PM   :::   22:11:06.3444165

::::::::::: PostAuthenticateRequest Request called at 7/21/2018 10:11:06 PM   :::   22:11:06.3684154

::::::::::: AuthorizeRequest Request called at 7/21/2018 10:11:06 PM   :::   22:11:06.3844169

::::::::::: PostAuthorizeRequest Request called at 7/21/2018 10:11:06 PM   :::   22:11:06.3964227

::::::::::: End Request called at 7/21/2018 10:11:06 PM   :::   22:11:06.4084179

::::::::::: PostResolveRequestCache Request called at 7/21/2018 10:11:06 PM   :::   22:11:06.4284250

::::::::::: AcquireRequestState Request called at 7/21/2018 10:11:06 PM   :::   22:11:06.4444214

::::::::::: PostAcquireRequestState Request called at 7/21/2018 10:11:06 PM   :::   22:11:06.4564217

::::::::::: PreRequestHandlerExecute Request called at 7/21/2018 10:11:06 PM   :::   22:11:06.4724240

::::::::::: PreSendRequestContent Request called at 7/21/2018 10:11:22 PM   :::   22:11:22.7095839

::::::::::: PreSendRequestHeaders Request called at 7/21/2018 10:11:22 PM   :::   22:11:22.7295847

::::::::::: Error Request called at 7/21/2018 10:11:22 PM   :::   22:11:22.7375845

::::::::::: PreSendRequestContent Request called at 7/21/2018 10:11:23 PM   :::   22:11:23.0856092

::::::::::: PreSendRequestContent Request called at 7/21/2018 10:11:23 PM   :::   22:11:23.0976106

::::::::::: PreSendRequestContent Request called at 7/21/2018 10:11:23 PM   :::   22:11:23.1136122

::::::::::: PreSendRequestContent Request called at 7/21/2018 10:11:23 PM   :::   22:11:23.1256144

::::::::::: EndRequest Request called at 7/21/2018 10:11:23 PM   :::   22:11:23.1376131

::::::::::: PreSendRequestContent Request called at 7/21/2018 10:11:23 PM   :::   22:11:23.1496146

::::::::::: BeginRequest Request called at 7/21/2018 10:16:57 PM   :::   22:16:57.3534059

::::::::::: AuthenticateRequest Request called at 7/21/2018 10:16:57 PM   :::   22:16:57.3694074

::::::::::: PostAuthenticateRequest Request called at 7/21/2018 10:16:57 PM   :::   22:16:57.3894095

::::::::::: AuthorizeRequest Request called at 7/21/2018 10:16:57 PM   :::   22:16:57.4174109

::::::::::: PostAuthorizeRequest Request called at 7/21/2018 10:16:57 PM   :::   22:16:57.4334124

::::::::::: End Request called at 7/21/2018 10:16:57 PM   :::   22:16:57.4494131

::::::::::: PostResolveRequestCache Request called at 7/21/2018 10:16:57 PM   :::   22:16:57.4654147

::::::::::: AcquireRequestState Request called at 7/21/2018 10:16:57 PM   :::   22:16:57.4854159

::::::::::: PostAcquireRequestState Request called at 7/21/2018 10:16:57 PM   :::   22:16:57.5054183

::::::::::: PreRequestHandlerExecute Request called at 7/21/2018 10:16:57 PM   :::   22:16:57.5334197

::::::::::: PostRequestHandlerExecute Request called at 7/21/2018 10:16:57 PM   :::   22:16:57.5734234

::::::::::: ReleaseRequestState Request called at 7/21/2018 10:16:57 PM   :::   22:16:57.6014244

::::::::::: PostReleaseRequestState Request called at 7/21/2018 10:16:57 PM   :::   22:16:57.6414292

::::::::::: UpdateRequestCache Request called at 7/21/2018 10:16:57 PM   :::   22:16:57.6774328

::::::::::: EndRequest Request called at 7/21/2018 10:16:57 PM   :::   22:16:57.7054318

::::::::::: PreSendRequestContent Request called at 7/21/2018 10:16:57 PM   :::   22:16:57.7254331

::::::::::: PreSendRequestHeaders Request called at 7/21/2018 10:16:57 PM   :::   22:16:57.7454339

::::::::::: BeginRequest Request called at 7/21/2018 10:16:57 PM   :::   22:16:57.7854372

::::::::::: AuthenticateRequest Request called at 7/21/2018 10:16:57 PM   :::   22:16:57.8054404

::::::::::: PostAuthenticateRequest Request called at 7/21/2018 10:16:57 PM   :::   22:16:57.8294401

::::::::::: AuthorizeRequest Request called at 7/21/2018 10:16:57 PM   :::   22:16:57.8534430

::::::::::: PostAuthorizeRequest Request called at 7/21/2018 10:16:57 PM   :::   22:16:57.8694430

::::::::::: End Request called at 7/21/2018 10:16:57 PM   :::   22:16:57.8854445

::::::::::: PostResolveRequestCache Request called at 7/21/2018 10:16:57 PM   :::   22:16:57.9014456

::::::::::: AcquireRequestState Request called at 7/21/2018 10:16:57 PM   :::   22:16:57.9174468

::::::::::: PostAcquireRequestState Request called at 7/21/2018 10:16:57 PM   :::   22:16:57.9334475

::::::::::: PreRequestHandlerExecute Request called at 7/21/2018 10:16:57 PM   :::   22:16:57.9454486

::::::::::: PreSendRequestContent Request called at 7/21/2018 10:17:05 PM   :::   22:17:05.4465263

::::::::::: PreSendRequestHeaders Request called at 7/21/2018 10:17:05 PM   :::   22:17:05.4585261

::::::::::: PostRequestHandlerExecute Request called at 7/21/2018 10:17:05 PM   :::   22:17:05.4745273

::::::::::: ReleaseRequestState Request called at 7/21/2018 10:17:05 PM   :::   22:17:05.4825287

::::::::::: PostReleaseRequestState Request called at 7/21/2018 10:17:05 PM   :::   22:17:05.4945305

::::::::::: UpdateRequestCache Request called at 7/21/2018 10:17:05 PM   :::   22:17:05.5025287

::::::::::: EndRequest Request called at 7/21/2018 10:17:05 PM   :::   22:17:05.5185314

::::::::::: PreSendRequestContent Request called at 7/21/2018 10:17:05 PM   :::   22:17:05.5305317

::::::::::: BeginRequest Request called at 7/21/2018 10:17:17 PM   :::   22:17:17.9062688

::::::::::: AuthenticateRequest Request called at 7/21/2018 10:17:17 PM   :::   22:17:17.9222711

::::::::::: PostAuthenticateRequest Request called at 7/21/2018 10:17:17 PM   :::   22:17:17.9382877

::::::::::: AuthorizeRequest Request called at 7/21/2018 10:17:17 PM   :::   22:17:17.9502714

::::::::::: PostAuthorizeRequest Request called at 7/21/2018 10:17:17 PM   :::   22:17:17.9622783

::::::::::: End Request called at 7/21/2018 10:17:17 PM   :::   22:17:17.9702911

::::::::::: PostResolveRequestCache Request called at 7/21/2018 10:17:17 PM   :::   22:17:17.9822736

::::::::::: AcquireRequestState Request called at 7/21/2018 10:17:17 PM   :::   22:17:17.9942739

::::::::::: PostAcquireRequestState Request called at 7/21/2018 10:17:18 PM   :::   22:17:18.0022776

::::::::::: PreRequestHandlerExecute Request called at 7/21/2018 10:17:18 PM   :::   22:17:18.0142937

::::::::::: PostRequestHandlerExecute Request called at 7/21/2018 10:17:18 PM   :::   22:17:18.0262774

::::::::::: ReleaseRequestState Request called at 7/21/2018 10:17:18 PM   :::   22:17:18.0382776

::::::::::: PostReleaseRequestState Request called at 7/21/2018 10:17:18 PM   :::   22:17:18.0502795

::::::::::: UpdateRequestCache Request called at 7/21/2018 10:17:18 PM   :::   22:17:18.0622805

::::::::::: EndRequest Request called at 7/21/2018 10:17:18 PM   :::   22:17:18.0742970

::::::::::: PreSendRequestContent Request called at 7/21/2018 10:17:18 PM   :::   22:17:18.0903021

::::::::::: PreSendRequestHeaders Request called at 7/21/2018 10:17:18 PM   :::   22:17:18.1022822

::::::::::: BeginRequest Request called at 7/21/2018 10:17:18 PM   :::   22:17:18.1182841

::::::::::: AuthenticateRequest Request called at 7/21/2018 10:17:18 PM   :::   22:17:18.1342873

::::::::::: PostAuthenticateRequest Request called at 7/21/2018 10:17:18 PM   :::   22:17:18.1542869

::::::::::: AuthorizeRequest Request called at 7/21/2018 10:17:18 PM   :::   22:17:18.1662876

::::::::::: PostAuthorizeRequest Request called at 7/21/2018 10:17:18 PM   :::   22:17:18.1782934

::::::::::: End Request called at 7/21/2018 10:17:18 PM   :::   22:17:18.1902901

::::::::::: PostResolveRequestCache Request called at 7/21/2018 10:17:18 PM   :::   22:17:18.2062900

::::::::::: AcquireRequestState Request called at 7/21/2018 10:17:18 PM   :::   22:17:18.2182994

::::::::::: PostAcquireRequestState Request called at 7/21/2018 10:17:18 PM   :::   22:17:18.2342918

::::::::::: PreRequestHandlerExecute Request called at 7/21/2018 10:17:18 PM   :::   22:17:18.2462941

::::::::::: PreSendRequestContent Request called at 7/21/2018 10:17:36 PM   :::   22:17:36.9692513

::::::::::: PreSendRequestHeaders Request called at 7/21/2018 10:17:37 PM   :::   22:17:37.0012524

::::::::::: Error Request called at 7/21/2018 10:17:37 PM   :::   22:17:37.0212537

::::::::::: PreSendRequestContent Request called at 7/21/2018 10:17:37 PM   :::   22:17:37.2572703

::::::::::: PreSendRequestContent Request called at 7/21/2018 10:17:37 PM   :::   22:17:37.2732715

::::::::::: PreSendRequestContent Request called at 7/21/2018 10:17:37 PM   :::   22:17:37.2892738

::::::::::: PreSendRequestContent Request called at 7/21/2018 10:17:37 PM   :::   22:17:37.3012729

::::::::::: EndRequest Request called at 7/21/2018 10:17:37 PM   :::   22:17:37.3172740

::::::::::: PreSendRequestContent Request called at 7/21/2018 10:17:37 PM   :::   22:17:37.3332756

::::::::::: BeginRequest Request called at 7/21/2018 10:20:10 PM   :::   22:20:10.7700732

::::::::::: AuthenticateRequest Request called at 7/21/2018 10:20:10 PM   :::   22:20:10.7940733

::::::::::: PostAuthenticateRequest Request called at 7/21/2018 10:20:10 PM   :::   22:20:10.8220759

::::::::::: AuthorizeRequest Request called at 7/21/2018 10:20:10 PM   :::   22:20:10.8420767

::::::::::: PostAuthorizeRequest Request called at 7/21/2018 10:20:10 PM   :::   22:20:10.8620787

::::::::::: End Request called at 7/21/2018 10:20:10 PM   :::   22:20:10.8820796

::::::::::: PostResolveRequestCache Request called at 7/21/2018 10:20:10 PM   :::   22:20:10.8980811

::::::::::: AcquireRequestState Request called at 7/21/2018 10:20:10 PM   :::   22:20:10.9140850

::::::::::: PostAcquireRequestState Request called at 7/21/2018 10:20:10 PM   :::   22:20:10.9340835

::::::::::: PreRequestHandlerExecute Request called at 7/21/2018 10:20:10 PM   :::   22:20:10.9500850

::::::::::: PostRequestHandlerExecute Request called at 7/21/2018 10:20:10 PM   :::   22:20:10.9780868

::::::::::: ReleaseRequestState Request called at 7/21/2018 10:20:11 PM   :::   22:20:11.0020885

::::::::::: PostReleaseRequestState Request called at 7/21/2018 10:20:11 PM   :::   22:20:11.0300978

::::::::::: UpdateRequestCache Request called at 7/21/2018 10:20:11 PM   :::   22:20:11.0580925

::::::::::: EndRequest Request called at 7/21/2018 10:20:11 PM   :::   22:20:11.1221038

::::::::::: PreSendRequestContent Request called at 7/21/2018 10:20:11 PM   :::   22:20:11.1420984

::::::::::: PreSendRequestHeaders Request called at 7/21/2018 10:20:11 PM   :::   22:20:11.1661001

::::::::::: BeginRequest Request called at 7/21/2018 10:20:11 PM   :::   22:20:11.2021028

::::::::::: AuthenticateRequest Request called at 7/21/2018 10:20:11 PM   :::   22:20:11.2221045

::::::::::: PostAuthenticateRequest Request called at 7/21/2018 10:20:11 PM   :::   22:20:11.2421053

::::::::::: AuthorizeRequest Request called at 7/21/2018 10:20:11 PM   :::   22:20:11.2741084

::::::::::: PostAuthorizeRequest Request called at 7/21/2018 10:20:11 PM   :::   22:20:11.2981097

::::::::::: End Request called at 7/21/2018 10:20:11 PM   :::   22:20:11.3181117

::::::::::: PostResolveRequestCache Request called at 7/21/2018 10:20:11 PM   :::   22:20:11.3381122

::::::::::: AcquireRequestState Request called at 7/21/2018 10:20:11 PM   :::   22:20:11.3621143

::::::::::: PostAcquireRequestState Request called at 7/21/2018 10:20:11 PM   :::   22:20:11.3781150

::::::::::: PreRequestHandlerExecute Request called at 7/21/2018 10:20:11 PM   :::   22:20:11.4021167

::::::::::: PreSendRequestContent Request called at 7/21/2018 10:20:25 PM   :::   22:20:25.9601790

::::::::::: PreSendRequestHeaders Request called at 7/21/2018 10:20:25 PM   :::   22:20:25.9601790

::::::::::: PostRequestHandlerExecute Request called at 7/21/2018 10:20:25 PM   :::   22:20:25.9758075

::::::::::: ReleaseRequestState Request called at 7/21/2018 10:20:25 PM   :::   22:20:25.9914297

::::::::::: PostReleaseRequestState Request called at 7/21/2018 10:20:26 PM   :::   22:20:26.0070554

::::::::::: UpdateRequestCache Request called at 7/21/2018 10:20:26 PM   :::   22:20:26.0226803

::::::::::: EndRequest Request called at 7/21/2018 10:20:26 PM   :::   22:20:26.0383080

::::::::::: PreSendRequestContent Request called at 7/21/2018 10:20:26 PM   :::   22:20:26.0539310

::::::::::: BeginRequest Request called at 7/21/2018 10:20:44 PM   :::   22:20:44.3156366

::::::::::: AuthenticateRequest Request called at 7/21/2018 10:20:44 PM   :::   22:20:44.3716445

::::::::::: PostAuthenticateRequest Request called at 7/21/2018 10:20:44 PM   :::   22:20:44.4116517

::::::::::: AuthorizeRequest Request called at 7/21/2018 10:20:44 PM   :::   22:20:44.4316451

::::::::::: PostAuthorizeRequest Request called at 7/21/2018 10:20:44 PM   :::   22:20:44.4556460

::::::::::: End Request called at 7/21/2018 10:20:44 PM   :::   22:20:44.4716523

::::::::::: PostResolveRequestCache Request called at 7/21/2018 10:20:44 PM   :::   22:20:44.4916507

::::::::::: AcquireRequestState Request called at 7/21/2018 10:20:44 PM   :::   22:20:44.5116500

::::::::::: PostAcquireRequestState Request called at 7/21/2018 10:20:44 PM   :::   22:20:44.5276511

::::::::::: PreRequestHandlerExecute Request called at 7/21/2018 10:20:44 PM   :::   22:20:44.5436527

::::::::::: PreSendRequestContent Request called at 7/21/2018 10:22:28 PM   :::   22:22:28.7516371

::::::::::: PreSendRequestHeaders Request called at 7/21/2018 10:22:28 PM   :::   22:22:28.7716376

::::::::::: Error Request called at 7/21/2018 10:22:28 PM   :::   22:22:28.7916380

::::::::::: PreSendRequestContent Request called at 7/21/2018 10:22:29 PM   :::   22:22:29.2076693

::::::::::: PreSendRequestContent Request called at 7/21/2018 10:22:29 PM   :::   22:22:29.2236867

::::::::::: PreSendRequestContent Request called at 7/21/2018 10:22:29 PM   :::   22:22:29.2356909

::::::::::: PreSendRequestContent Request called at 7/21/2018 10:22:29 PM   :::   22:22:29.2476710

::::::::::: EndRequest Request called at 7/21/2018 10:22:29 PM   :::   22:22:29.2636714

::::::::::: PreSendRequestContent Request called at 7/21/2018 10:22:29 PM   :::   22:22:29.2756740

::::::::::: BeginRequest Request called at 7/21/2018 10:22:30 PM   :::   22:22:30.9957953

::::::::::: AuthenticateRequest Request called at 7/21/2018 10:22:31 PM   :::   22:22:31.0117961

::::::::::: PostAuthenticateRequest Request called at 7/21/2018 10:22:31 PM   :::   22:22:31.0237983

::::::::::: AuthorizeRequest Request called at 7/21/2018 10:22:31 PM   :::   22:22:31.0357986

::::::::::: PostAuthorizeRequest Request called at 7/21/2018 10:22:31 PM   :::   22:22:31.0477988

::::::::::: End Request called at 7/21/2018 10:22:31 PM   :::   22:22:31.0597999

::::::::::: PostResolveRequestCache Request called at 7/21/2018 10:22:31 PM   :::   22:22:31.0758018

::::::::::: AcquireRequestState Request called at 7/21/2018 10:22:31 PM   :::   22:22:31.0918041

::::::::::: PostAcquireRequestState Request called at 7/21/2018 10:22:31 PM   :::   22:22:31.1078041

::::::::::: PreRequestHandlerExecute Request called at 7/21/2018 10:22:31 PM   :::   22:22:31.1198048

::::::::::: PostRequestHandlerExecute Request called at 7/21/2018 10:22:31 PM   :::   22:22:31.1318054

::::::::::: ReleaseRequestState Request called at 7/21/2018 10:22:31 PM   :::   22:22:31.1438069

::::::::::: PostReleaseRequestState Request called at 7/21/2018 10:22:31 PM   :::   22:22:31.1558095

::::::::::: UpdateRequestCache Request called at 7/21/2018 10:22:31 PM   :::   22:22:31.1678082

::::::::::: EndRequest Request called at 7/21/2018 10:22:31 PM   :::   22:22:31.1798088

::::::::::: PreSendRequestContent Request called at 7/21/2018 10:22:31 PM   :::   22:22:31.1958104

::::::::::: PreSendRequestHeaders Request called at 7/21/2018 10:22:31 PM   :::   22:22:31.2078118

::::::::::: BeginRequest Request called at 7/21/2018 10:22:32 PM   :::   22:22:32.2599034

::::::::::: AuthenticateRequest Request called at 7/21/2018 10:22:32 PM   :::   22:22:32.2758903

::::::::::: PostAuthenticateRequest Request called at 7/21/2018 10:22:32 PM   :::   22:22:32.2878874

::::::::::: AuthorizeRequest Request called at 7/21/2018 10:22:32 PM   :::   22:22:32.3039079

::::::::::: PostAuthorizeRequest Request called at 7/21/2018 10:22:32 PM   :::   22:22:32.3118903

::::::::::: End Request called at 7/21/2018 10:22:32 PM   :::   22:22:32.3279088

::::::::::: PostResolveRequestCache Request called at 7/21/2018 10:22:32 PM   :::   22:22:32.3518948

::::::::::: AcquireRequestState Request called at 7/21/2018 10:22:32 PM   :::   22:22:32.3718956

::::::::::: PostAcquireRequestState Request called at 7/21/2018 10:22:32 PM   :::   22:22:32.3878952

::::::::::: PreRequestHandlerExecute Request called at 7/21/2018 10:22:32 PM   :::   22:22:32.4078972

::::::::::: PreSendRequestContent Request called at 7/21/2018 10:22:42 PM   :::   22:22:42.3926204

::::::::::: PreSendRequestHeaders Request called at 7/21/2018 10:22:42 PM   :::   22:22:42.4082465

::::::::::: PostRequestHandlerExecute Request called at 7/21/2018 10:22:42 PM   :::   22:22:42.4238529

::::::::::: ReleaseRequestState Request called at 7/21/2018 10:22:42 PM   :::   22:22:42.4394790

::::::::::: PostReleaseRequestState Request called at 7/21/2018 10:22:42 PM   :::   22:22:42.4394790

::::::::::: UpdateRequestCache Request called at 7/21/2018 10:22:42 PM   :::   22:22:42.4551036

::::::::::: EndRequest Request called at 7/21/2018 10:22:42 PM   :::   22:22:42.4707313

::::::::::: PreSendRequestContent Request called at 7/21/2018 10:22:42 PM   :::   22:22:42.4863566

::::::::::: BeginRequest Request called at 7/21/2018 10:24:14 PM   :::   22:24:14.0085725

::::::::::: AuthenticateRequest Request called at 7/21/2018 10:24:14 PM   :::   22:24:14.0445831

::::::::::: PostAuthenticateRequest Request called at 7/21/2018 10:24:14 PM   :::   22:24:14.0605748

::::::::::: AuthorizeRequest Request called at 7/21/2018 10:24:14 PM   :::   22:24:14.0725766

::::::::::: PostAuthorizeRequest Request called at 7/21/2018 10:24:14 PM   :::   22:24:14.0885782

::::::::::: End Request called at 7/21/2018 10:24:14 PM   :::   22:24:14.1005804

::::::::::: PostResolveRequestCache Request called at 7/21/2018 10:24:14 PM   :::   22:24:14.1125787

::::::::::: AcquireRequestState Request called at 7/21/2018 10:24:14 PM   :::   22:24:14.1245809

::::::::::: PostAcquireRequestState Request called at 7/21/2018 10:24:14 PM   :::   22:24:14.1405809

::::::::::: PreRequestHandlerExecute Request called at 7/21/2018 10:24:14 PM   :::   22:24:14.1565907

::::::::::: BeginRequest Request called at 7/21/2018 10:25:28 PM   :::   22:25:28.3950517

::::::::::: AuthenticateRequest Request called at 7/21/2018 10:25:28 PM   :::   22:25:28.4190542

::::::::::: PostAuthenticateRequest Request called at 7/21/2018 10:25:28 PM   :::   22:25:28.4430544

::::::::::: AuthorizeRequest Request called at 7/21/2018 10:25:28 PM   :::   22:25:28.4630576

::::::::::: PostAuthorizeRequest Request called at 7/21/2018 10:25:28 PM   :::   22:25:28.4870680

::::::::::: End Request called at 7/21/2018 10:25:28 PM   :::   22:25:28.5070613

::::::::::: PostResolveRequestCache Request called at 7/21/2018 10:25:28 PM   :::   22:25:28.5230609

::::::::::: AcquireRequestState Request called at 7/21/2018 10:25:28 PM   :::   22:25:28.5430621

::::::::::: PostAcquireRequestState Request called at 7/21/2018 10:25:28 PM   :::   22:25:28.5630665

::::::::::: PreRequestHandlerExecute Request called at 7/21/2018 10:25:28 PM   :::   22:25:28.5830646

::::::::::: PostRequestHandlerExecute Request called at 7/21/2018 10:25:28 PM   :::   22:25:28.6030662

::::::::::: ReleaseRequestState Request called at 7/21/2018 10:25:28 PM   :::   22:25:28.6190685

::::::::::: PostReleaseRequestState Request called at 7/21/2018 10:25:28 PM   :::   22:25:28.6390686

::::::::::: UpdateRequestCache Request called at 7/21/2018 10:25:28 PM   :::   22:25:28.6550693

::::::::::: EndRequest Request called at 7/21/2018 10:25:28 PM   :::   22:25:28.6710724

::::::::::: PreSendRequestContent Request called at 7/21/2018 10:25:28 PM   :::   22:25:28.6910725

::::::::::: PreSendRequestHeaders Request called at 7/21/2018 10:25:28 PM   :::   22:25:28.7070740

::::::::::: BeginRequest Request called at 7/21/2018 10:25:29 PM   :::   22:25:29.7871520

::::::::::: AuthenticateRequest Request called at 7/21/2018 10:25:29 PM   :::   22:25:29.8191531

::::::::::: PostAuthenticateRequest Request called at 7/21/2018 10:25:29 PM   :::   22:25:29.8511558

::::::::::: AuthorizeRequest Request called at 7/21/2018 10:25:29 PM   :::   22:25:29.8671605

::::::::::: PostAuthorizeRequest Request called at 7/21/2018 10:25:29 PM   :::   22:25:29.8831762

::::::::::: End Request called at 7/21/2018 10:25:29 PM   :::   22:25:29.9031593

::::::::::: PostResolveRequestCache Request called at 7/21/2018 10:25:29 PM   :::   22:25:29.9231609

::::::::::: AcquireRequestState Request called at 7/21/2018 10:25:29 PM   :::   22:25:29.9391617

::::::::::: PostAcquireRequestState Request called at 7/21/2018 10:25:29 PM   :::   22:25:29.9751640

::::::::::: PreRequestHandlerExecute Request called at 7/21/2018 10:25:30 PM   :::   22:25:30.0031670

::::::::::: PreSendRequestContent Request called at 7/21/2018 10:25:38 PM   :::   22:25:38.4000912

::::::::::: PreSendRequestHeaders Request called at 7/21/2018 10:25:38 PM   :::   22:25:38.4198769

::::::::::: PostRequestHandlerExecute Request called at 7/21/2018 10:25:38 PM   :::   22:25:38.4358623

::::::::::: ReleaseRequestState Request called at 7/21/2018 10:25:38 PM   :::   22:25:38.4558623

::::::::::: PostReleaseRequestState Request called at 7/21/2018 10:25:38 PM   :::   22:25:38.4678626

::::::::::: UpdateRequestCache Request called at 7/21/2018 10:25:38 PM   :::   22:25:38.4798632

::::::::::: EndRequest Request called at 7/21/2018 10:25:38 PM   :::   22:25:38.4922437

::::::::::: PreSendRequestContent Request called at 7/21/2018 10:25:38 PM   :::   22:25:38.4922437

::::::::::: Error Request called at 7/21/2018 10:25:57 PM   :::   22:25:57.2555492

::::::::::: EndRequest Request called at 7/21/2018 10:25:57 PM   :::   22:25:57.7097083

::::::::::: BeginRequest Request called at 7/21/2018 10:26:09 PM   :::   22:26:09.9258212

::::::::::: AuthenticateRequest Request called at 7/21/2018 10:26:09 PM   :::   22:26:09.9458311

::::::::::: PostAuthenticateRequest Request called at 7/21/2018 10:26:09 PM   :::   22:26:09.9698249

::::::::::: AuthorizeRequest Request called at 7/21/2018 10:26:09 PM   :::   22:26:09.9858269

::::::::::: PostAuthorizeRequest Request called at 7/21/2018 10:26:10 PM   :::   22:26:10.0018292

::::::::::: End Request called at 7/21/2018 10:26:10 PM   :::   22:26:10.0138409

::::::::::: PostResolveRequestCache Request called at 7/21/2018 10:26:10 PM   :::   22:26:10.0258301

::::::::::: AcquireRequestState Request called at 7/21/2018 10:26:10 PM   :::   22:26:10.0378284

::::::::::: PostAcquireRequestState Request called at 7/21/2018 10:26:10 PM   :::   22:26:10.0498295

::::::::::: PreRequestHandlerExecute Request called at 7/21/2018 10:26:10 PM   :::   22:26:10.0618313

::::::::::: PreSendRequestContent Request called at 7/21/2018 10:27:53 PM   :::   22:27:53.1666646

::::::::::: PreSendRequestHeaders Request called at 7/21/2018 10:27:53 PM   :::   22:27:53.1906651

::::::::::: Error Request called at 7/21/2018 10:27:53 PM   :::   22:27:53.2146850

::::::::::: PreSendRequestContent Request called at 7/21/2018 10:27:53 PM   :::   22:27:53.6147013

::::::::::: PreSendRequestContent Request called at 7/21/2018 10:27:53 PM   :::   22:27:53.6266965

::::::::::: PreSendRequestContent Request called at 7/21/2018 10:27:53 PM   :::   22:27:53.6426976

::::::::::: PreSendRequestContent Request called at 7/21/2018 10:27:53 PM   :::   22:27:53.6546979

::::::::::: EndRequest Request called at 7/21/2018 10:27:53 PM   :::   22:27:53.6707010

::::::::::: PreSendRequestContent Request called at 7/21/2018 10:27:53 PM   :::   22:27:53.6827005

::::::::::: BeginRequest Request called at 7/21/2018 11:04:20 PM   :::   23:04:20.6876665

::::::::::: AuthenticateRequest Request called at 7/21/2018 11:04:20 PM   :::   23:04:20.7116678

::::::::::: PostAuthenticateRequest Request called at 7/21/2018 11:04:20 PM   :::   23:04:20.7276690

::::::::::: AuthorizeRequest Request called at 7/21/2018 11:04:20 PM   :::   23:04:20.7476710

::::::::::: PostAuthorizeRequest Request called at 7/21/2018 11:04:20 PM   :::   23:04:20.7676718

::::::::::: End Request called at 7/21/2018 11:04:20 PM   :::   23:04:20.7916739

::::::::::: PostResolveRequestCache Request called at 7/21/2018 11:04:20 PM   :::   23:04:20.8076755

::::::::::: AcquireRequestState Request called at 7/21/2018 11:04:20 PM   :::   23:04:20.8276759

::::::::::: PostAcquireRequestState Request called at 7/21/2018 11:04:20 PM   :::   23:04:20.8476779

::::::::::: PreRequestHandlerExecute Request called at 7/21/2018 11:04:20 PM   :::   23:04:20.8676792

::::::::::: PostRequestHandlerExecute Request called at 7/21/2018 11:04:20 PM   :::   23:04:20.8876808

::::::::::: ReleaseRequestState Request called at 7/21/2018 11:04:20 PM   :::   23:04:20.9036823

::::::::::: PostReleaseRequestState Request called at 7/21/2018 11:04:20 PM   :::   23:04:20.9236832

::::::::::: UpdateRequestCache Request called at 7/21/2018 11:04:20 PM   :::   23:04:20.9396839

::::::::::: EndRequest Request called at 7/21/2018 11:04:20 PM   :::   23:04:20.9596856

::::::::::: PreSendRequestContent Request called at 7/21/2018 11:04:20 PM   :::   23:04:20.9756871

::::::::::: PreSendRequestHeaders Request called at 7/21/2018 11:04:20 PM   :::   23:04:20.9956911

::::::::::: BeginRequest Request called at 7/21/2018 11:04:21 PM   :::   23:04:21.0236905

::::::::::: AuthenticateRequest Request called at 7/21/2018 11:04:21 PM   :::   23:04:21.0396913

::::::::::: PostAuthenticateRequest Request called at 7/21/2018 11:04:21 PM   :::   23:04:21.0516923

::::::::::: AuthorizeRequest Request called at 7/21/2018 11:04:21 PM   :::   23:04:21.0636926

::::::::::: PostAuthorizeRequest Request called at 7/21/2018 11:04:21 PM   :::   23:04:21.0797008

::::::::::: End Request called at 7/21/2018 11:04:21 PM   :::   23:04:21.0996977

::::::::::: PostResolveRequestCache Request called at 7/21/2018 11:04:21 PM   :::   23:04:21.1156965

::::::::::: AcquireRequestState Request called at 7/21/2018 11:04:21 PM   :::   23:04:21.1396982

::::::::::: PostAcquireRequestState Request called at 7/21/2018 11:04:21 PM   :::   23:04:21.1717025

::::::::::: PreRequestHandlerExecute Request called at 7/21/2018 11:04:21 PM   :::   23:04:21.1917017

::::::::::: PreSendRequestContent Request called at 7/21/2018 11:04:29 PM   :::   23:04:29.0916482

::::::::::: PreSendRequestHeaders Request called at 7/21/2018 11:04:29 PM   :::   23:04:29.1076486

::::::::::: PostRequestHandlerExecute Request called at 7/21/2018 11:04:29 PM   :::   23:04:29.1356508

::::::::::: ReleaseRequestState Request called at 7/21/2018 11:04:29 PM   :::   23:04:29.1476526

::::::::::: PostReleaseRequestState Request called at 7/21/2018 11:04:29 PM   :::   23:04:29.1636526

::::::::::: UpdateRequestCache Request called at 7/21/2018 11:04:29 PM   :::   23:04:29.1796541

::::::::::: EndRequest Request called at 7/21/2018 11:04:29 PM   :::   23:04:29.1956560

::::::::::: PreSendRequestContent Request called at 7/21/2018 11:04:29 PM   :::   23:04:29.2116560

::::::::::: BeginRequest Request called at 7/21/2018 11:04:40 PM   :::   23:04:40.6504542

::::::::::: AuthenticateRequest Request called at 7/21/2018 11:04:40 PM   :::   23:04:40.6664534

::::::::::: PostAuthenticateRequest Request called at 7/21/2018 11:04:40 PM   :::   23:04:40.6824533

::::::::::: AuthorizeRequest Request called at 7/21/2018 11:04:40 PM   :::   23:04:40.7024542

::::::::::: PostAuthorizeRequest Request called at 7/21/2018 11:04:40 PM   :::   23:04:40.7184577

::::::::::: End Request called at 7/21/2018 11:04:40 PM   :::   23:04:40.7344569

::::::::::: PostResolveRequestCache Request called at 7/21/2018 11:04:40 PM   :::   23:04:40.7504773

::::::::::: AcquireRequestState Request called at 7/21/2018 11:04:40 PM   :::   23:04:40.7624606

::::::::::: PostAcquireRequestState Request called at 7/21/2018 11:04:40 PM   :::   23:04:40.7744775

::::::::::: PreRequestHandlerExecute Request called at 7/21/2018 11:04:40 PM   :::   23:04:40.7904782

::::::::::: PostRequestHandlerExecute Request called at 7/21/2018 11:04:40 PM   :::   23:04:40.8024659

::::::::::: ReleaseRequestState Request called at 7/21/2018 11:04:40 PM   :::   23:04:40.8184808

::::::::::: PostReleaseRequestState Request called at 7/21/2018 11:04:40 PM   :::   23:04:40.8304633

::::::::::: UpdateRequestCache Request called at 7/21/2018 11:04:40 PM   :::   23:04:40.8424636

::::::::::: EndRequest Request called at 7/21/2018 11:04:40 PM   :::   23:04:40.8584837

::::::::::: PreSendRequestContent Request called at 7/21/2018 11:04:40 PM   :::   23:04:40.8704843

::::::::::: PreSendRequestHeaders Request called at 7/21/2018 11:04:40 PM   :::   23:04:40.8864693

::::::::::: BeginRequest Request called at 7/21/2018 11:04:40 PM   :::   23:04:40.9024685

::::::::::: AuthenticateRequest Request called at 7/21/2018 11:04:40 PM   :::   23:04:40.9184700

::::::::::: PostAuthenticateRequest Request called at 7/21/2018 11:04:40 PM   :::   23:04:40.9344889

::::::::::: AuthorizeRequest Request called at 7/21/2018 11:04:40 PM   :::   23:04:40.9504727

::::::::::: PostAuthorizeRequest Request called at 7/21/2018 11:04:40 PM   :::   23:04:40.9664738

::::::::::: End Request called at 7/21/2018 11:04:40 PM   :::   23:04:40.9824762

::::::::::: PostResolveRequestCache Request called at 7/21/2018 11:04:40 PM   :::   23:04:40.9944744

::::::::::: AcquireRequestState Request called at 7/21/2018 11:04:41 PM   :::   23:04:41.0064790

::::::::::: PostAcquireRequestState Request called at 7/21/2018 11:04:41 PM   :::   23:04:41.0184797

::::::::::: PreRequestHandlerExecute Request called at 7/21/2018 11:04:41 PM   :::   23:04:41.0304780

::::::::::: PreSendRequestContent Request called at 7/21/2018 11:04:52 PM   :::   23:04:52.0232630

::::::::::: PreSendRequestHeaders Request called at 7/21/2018 11:04:52 PM   :::   23:04:52.0392641

::::::::::: Error Request called at 7/21/2018 11:04:52 PM   :::   23:04:52.0552653

::::::::::: PreSendRequestContent Request called at 7/21/2018 11:04:53 PM   :::   23:04:53.6874352

::::::::::: PreSendRequestContent Request called at 7/21/2018 11:04:53 PM   :::   23:04:53.7034363

::::::::::: PreSendRequestContent Request called at 7/21/2018 11:04:53 PM   :::   23:04:53.7155266

::::::::::: PreSendRequestContent Request called at 7/21/2018 11:04:53 PM   :::   23:04:53.7702251

::::::::::: EndRequest Request called at 7/21/2018 11:04:53 PM   :::   23:04:53.8022266

::::::::::: PreSendRequestContent Request called at 7/21/2018 11:04:53 PM   :::   23:04:53.8182270

::::::::::: BeginRequest Request called at 7/21/2018 11:20:21 PM   :::   23:20:21.5306249

::::::::::: AuthenticateRequest Request called at 7/21/2018 11:20:21 PM   :::   23:20:21.5466268

::::::::::: PostAuthenticateRequest Request called at 7/21/2018 11:20:21 PM   :::   23:20:21.5626335

::::::::::: AuthorizeRequest Request called at 7/21/2018 11:20:21 PM   :::   23:20:21.5746302

::::::::::: PostAuthorizeRequest Request called at 7/21/2018 11:20:21 PM   :::   23:20:21.5866296

::::::::::: End Request called at 7/21/2018 11:20:21 PM   :::   23:20:21.5986303

::::::::::: PostResolveRequestCache Request called at 7/21/2018 11:20:21 PM   :::   23:20:21.6146330

::::::::::: AcquireRequestState Request called at 7/21/2018 11:20:21 PM   :::   23:20:21.6306322

::::::::::: PostAcquireRequestState Request called at 7/21/2018 11:20:21 PM   :::   23:20:21.6466325

::::::::::: PreRequestHandlerExecute Request called at 7/21/2018 11:20:21 PM   :::   23:20:21.6626341

::::::::::: PostRequestHandlerExecute Request called at 7/21/2018 11:20:21 PM   :::   23:20:21.6786348

::::::::::: ReleaseRequestState Request called at 7/21/2018 11:20:21 PM   :::   23:20:21.6906359

::::::::::: PostReleaseRequestState Request called at 7/21/2018 11:20:21 PM   :::   23:20:21.7066370

::::::::::: UpdateRequestCache Request called at 7/21/2018 11:20:21 PM   :::   23:20:21.7226390

::::::::::: EndRequest Request called at 7/21/2018 11:20:21 PM   :::   23:20:21.7426406

::::::::::: PreSendRequestContent Request called at 7/21/2018 11:20:21 PM   :::   23:20:21.7586406

::::::::::: PreSendRequestHeaders Request called at 7/21/2018 11:20:21 PM   :::   23:20:21.7746433

::::::::::: BeginRequest Request called at 7/21/2018 11:20:23 PM   :::   23:20:23.0987377

::::::::::: AuthenticateRequest Request called at 7/21/2018 11:20:23 PM   :::   23:20:23.1107375

::::::::::: PostAuthenticateRequest Request called at 7/21/2018 11:20:23 PM   :::   23:20:23.1227564

::::::::::: AuthorizeRequest Request called at 7/21/2018 11:20:23 PM   :::   23:20:23.1427402

::::::::::: PostAuthorizeRequest Request called at 7/21/2018 11:20:23 PM   :::   23:20:23.1587469

::::::::::: End Request called at 7/21/2018 11:20:23 PM   :::   23:20:23.1747437

::::::::::: PostResolveRequestCache Request called at 7/21/2018 11:20:23 PM   :::   23:20:23.1947437

::::::::::: AcquireRequestState Request called at 7/21/2018 11:20:23 PM   :::   23:20:23.2147446

::::::::::: PostAcquireRequestState Request called at 7/21/2018 11:20:23 PM   :::   23:20:23.2307465

::::::::::: PreRequestHandlerExecute Request called at 7/21/2018 11:20:23 PM   :::   23:20:23.2467477

::::::::::: PreSendRequestContent Request called at 7/21/2018 11:20:30 PM   :::   23:20:30.9744795

::::::::::: PreSendRequestHeaders Request called at 7/21/2018 11:20:30 PM   :::   23:20:30.9744795

::::::::::: PostRequestHandlerExecute Request called at 7/21/2018 11:20:31 PM   :::   23:20:31.0057294

::::::::::: ReleaseRequestState Request called at 7/21/2018 11:20:31 PM   :::   23:20:31.0213555

::::::::::: PostReleaseRequestState Request called at 7/21/2018 11:20:31 PM   :::   23:20:31.0213555

::::::::::: UpdateRequestCache Request called at 7/21/2018 11:20:31 PM   :::   23:20:31.0369797

::::::::::: EndRequest Request called at 7/21/2018 11:20:31 PM   :::   23:20:31.0526054

::::::::::: PreSendRequestContent Request called at 7/21/2018 11:20:31 PM   :::   23:20:31.0682331

::::::::::: BeginRequest Request called at 7/21/2018 11:20:39 PM   :::   23:20:39.4217931

::::::::::: AuthenticateRequest Request called at 7/21/2018 11:20:39 PM   :::   23:20:39.4377922

::::::::::: PostAuthenticateRequest Request called at 7/21/2018 11:20:39 PM   :::   23:20:39.4617928

::::::::::: AuthorizeRequest Request called at 7/21/2018 11:20:39 PM   :::   23:20:39.4737938

::::::::::: PostAuthorizeRequest Request called at 7/21/2018 11:20:39 PM   :::   23:20:39.4897958

::::::::::: End Request called at 7/21/2018 11:20:39 PM   :::   23:20:39.5058107

::::::::::: PostResolveRequestCache Request called at 7/21/2018 11:20:39 PM   :::   23:20:39.5218115

::::::::::: AcquireRequestState Request called at 7/21/2018 11:20:39 PM   :::   23:20:39.5378012

::::::::::: PostAcquireRequestState Request called at 7/21/2018 11:20:39 PM   :::   23:20:39.5538003

::::::::::: PreRequestHandlerExecute Request called at 7/21/2018 11:20:39 PM   :::   23:20:39.5698007

::::::::::: PostRequestHandlerExecute Request called at 7/21/2018 11:20:39 PM   :::   23:20:39.5818025

::::::::::: ReleaseRequestState Request called at 7/21/2018 11:20:39 PM   :::   23:20:39.5978053

::::::::::: PostReleaseRequestState Request called at 7/21/2018 11:20:39 PM   :::   23:20:39.6098032

::::::::::: UpdateRequestCache Request called at 7/21/2018 11:20:39 PM   :::   23:20:39.6218074

::::::::::: EndRequest Request called at 7/21/2018 11:20:39 PM   :::   23:20:39.6338084

::::::::::: PreSendRequestContent Request called at 7/21/2018 11:20:39 PM   :::   23:20:39.6458055

::::::::::: PreSendRequestHeaders Request called at 7/21/2018 11:20:39 PM   :::   23:20:39.6618075

::::::::::: BeginRequest Request called at 7/21/2018 11:20:39 PM   :::   23:20:39.6738081

::::::::::: AuthenticateRequest Request called at 7/21/2018 11:20:39 PM   :::   23:20:39.6898097

::::::::::: PostAuthenticateRequest Request called at 7/21/2018 11:20:39 PM   :::   23:20:39.7058100

::::::::::: AuthorizeRequest Request called at 7/21/2018 11:20:39 PM   :::   23:20:39.7218112

::::::::::: PostAuthorizeRequest Request called at 7/21/2018 11:20:39 PM   :::   23:20:39.7378127

::::::::::: End Request called at 7/21/2018 11:20:39 PM   :::   23:20:39.7538138

::::::::::: PostResolveRequestCache Request called at 7/21/2018 11:20:39 PM   :::   23:20:39.7738151

::::::::::: AcquireRequestState Request called at 7/21/2018 11:20:39 PM   :::   23:20:39.7978180

::::::::::: PostAcquireRequestState Request called at 7/21/2018 11:20:39 PM   :::   23:20:39.8138179

::::::::::: PreRequestHandlerExecute Request called at 7/21/2018 11:20:39 PM   :::   23:20:39.8298191

::::::::::: PreSendRequestContent Request called at 7/21/2018 11:21:05 PM   :::   23:21:05.0276196

::::::::::: PreSendRequestHeaders Request called at 7/21/2018 11:21:05 PM   :::   23:21:05.0396198

::::::::::: Error Request called at 7/21/2018 11:21:05 PM   :::   23:21:05.0636219

::::::::::: PreSendRequestContent Request called at 7/21/2018 11:21:05 PM   :::   23:21:05.3476416

::::::::::: PreSendRequestContent Request called at 7/21/2018 11:21:05 PM   :::   23:21:05.3636436

::::::::::: PreSendRequestContent Request called at 7/21/2018 11:21:05 PM   :::   23:21:05.3836460

::::::::::: PreSendRequestContent Request called at 7/21/2018 11:21:05 PM   :::   23:21:05.3996463

::::::::::: EndRequest Request called at 7/21/2018 11:21:05 PM   :::   23:21:05.4156471

::::::::::: PreSendRequestContent Request called at 7/21/2018 11:21:05 PM   :::   23:21:05.4276505

