::::::::::: BeginRequest Request called at 9/19/2018 12:01:25 AM   :::   00:01:25.6225051

::::::::::: AuthenticateRequest Request called at 9/19/2018 12:01:25 AM   :::   00:01:25.6235054

::::::::::: PostAuthenticateRequest Request called at 9/19/2018 12:01:25 AM   :::   00:01:25.6255065

::::::::::: AuthorizeRequest Request called at 9/19/2018 12:01:25 AM   :::   00:01:25.6275079

::::::::::: PostAuthorizeRequest Request called at 9/19/2018 12:01:25 AM   :::   00:01:25.6285086

::::::::::: End Request called at 9/19/2018 12:01:25 AM   :::   00:01:25.6305096

::::::::::: PostResolveRequestCache Request called at 9/19/2018 12:01:25 AM   :::   00:01:25.6325115

::::::::::: AcquireRequestState Request called at 9/19/2018 12:01:25 AM   :::   00:01:25.6345137

::::::::::: PostAcquireRequestState Request called at 9/19/2018 12:01:25 AM   :::   00:01:25.6375142

::::::::::: PreRequestHandlerExecute Request called at 9/19/2018 12:01:25 AM   :::   00:01:25.6405171

::::::::::: PostRequestHandlerExecute Request called at 9/19/2018 12:01:25 AM   :::   00:01:25.6455239

::::::::::: ReleaseRequestState Request called at 9/19/2018 12:01:25 AM   :::   00:01:25.6475261

::::::::::: PostReleaseRequestState Request called at 9/19/2018 12:01:25 AM   :::   00:01:25.6495310

::::::::::: UpdateRequestCache Request called at 9/19/2018 12:01:25 AM   :::   00:01:25.6515246

::::::::::: EndRequest Request called at 9/19/2018 12:01:25 AM   :::   00:01:25.6545275

::::::::::: PreSendRequestContent Request called at 9/19/2018 12:01:25 AM   :::   00:01:25.6555278

::::::::::: PreSendRequestHeaders Request called at 9/19/2018 12:01:25 AM   :::   00:01:25.6585422

::::::::::: BeginRequest Request called at 9/19/2018 12:01:25 AM   :::   00:01:25.6645346

::::::::::: AuthenticateRequest Request called at 9/19/2018 12:01:25 AM   :::   00:01:25.6665400

::::::::::: PostAuthenticateRequest Request called at 9/19/2018 12:01:25 AM   :::   00:01:25.6685374

::::::::::: AuthorizeRequest Request called at 9/19/2018 12:01:25 AM   :::   00:01:25.6705385

::::::::::: PostAuthorizeRequest Request called at 9/19/2018 12:01:25 AM   :::   00:01:25.6715392

::::::::::: End Request called at 9/19/2018 12:01:25 AM   :::   00:01:25.6735434

::::::::::: PostResolveRequestCache Request called at 9/19/2018 12:01:25 AM   :::   00:01:25.6755420

::::::::::: AcquireRequestState Request called at 9/19/2018 12:01:25 AM   :::   00:01:25.6765431

::::::::::: PostAcquireRequestState Request called at 9/19/2018 12:01:25 AM   :::   00:01:25.6775431

::::::::::: PreRequestHandlerExecute Request called at 9/19/2018 12:01:25 AM   :::   00:01:25.6795441

::::::::::: BeginRequest Request called at 9/19/2018 12:29:08 AM   :::   00:29:08.9641944

::::::::::: AuthenticateRequest Request called at 9/19/2018 12:29:08 AM   :::   00:29:08.9701991

::::::::::: PostAuthenticateRequest Request called at 9/19/2018 12:29:08 AM   :::   00:29:08.9752027

::::::::::: AuthorizeRequest Request called at 9/19/2018 12:29:08 AM   :::   00:29:08.9772033

::::::::::: PostAuthorizeRequest Request called at 9/19/2018 12:29:08 AM   :::   00:29:08.9792047

::::::::::: End Request called at 9/19/2018 12:29:08 AM   :::   00:29:08.9802050

::::::::::: PostResolveRequestCache Request called at 9/19/2018 12:29:09 AM   :::   00:29:09.0662662

::::::::::: AcquireRequestState Request called at 9/19/2018 12:29:09 AM   :::   00:29:09.0752722

::::::::::: PostAcquireRequestState Request called at 9/19/2018 12:29:09 AM   :::   00:29:09.0772736

::::::::::: PreRequestHandlerExecute Request called at 9/19/2018 12:29:09 AM   :::   00:29:09.0782771

::::::::::: PostRequestHandlerExecute Request called at 9/19/2018 12:29:12 AM   :::   00:29:12.1834808

::::::::::: ReleaseRequestState Request called at 9/19/2018 12:29:12 AM   :::   00:29:12.1864829

::::::::::: PostReleaseRequestState Request called at 9/19/2018 12:29:12 AM   :::   00:29:12.1894851

::::::::::: UpdateRequestCache Request called at 9/19/2018 12:29:12 AM   :::   00:29:12.2525346

::::::::::: EndRequest Request called at 9/19/2018 12:29:12 AM   :::   00:29:12.2565327

::::::::::: PreSendRequestContent Request called at 9/19/2018 12:29:12 AM   :::   00:29:12.2685420

::::::::::: PreSendRequestHeaders Request called at 9/19/2018 12:29:12 AM   :::   00:29:12.2705427

::::::::::: BeginRequest Request called at 9/19/2018 12:29:13 AM   :::   00:29:13.6695374

::::::::::: AuthenticateRequest Request called at 9/19/2018 12:29:13 AM   :::   00:29:13.6705373

::::::::::: PostAuthenticateRequest Request called at 9/19/2018 12:29:13 AM   :::   00:29:13.6725383

::::::::::: AuthorizeRequest Request called at 9/19/2018 12:29:13 AM   :::   00:29:13.6735390

::::::::::: PostAuthorizeRequest Request called at 9/19/2018 12:29:13 AM   :::   00:29:13.6745397

::::::::::: End Request called at 9/19/2018 12:29:13 AM   :::   00:29:13.6755408

::::::::::: PostResolveRequestCache Request called at 9/19/2018 12:29:13 AM   :::   00:29:13.6795437

::::::::::: AcquireRequestState Request called at 9/19/2018 12:29:13 AM   :::   00:29:13.6805452

::::::::::: PostAcquireRequestState Request called at 9/19/2018 12:29:13 AM   :::   00:29:13.6835465

::::::::::: PreRequestHandlerExecute Request called at 9/19/2018 12:29:13 AM   :::   00:29:13.6855483

::::::::::: PostRequestHandlerExecute Request called at 9/19/2018 12:29:13 AM   :::   00:29:13.7986326

::::::::::: ReleaseRequestState Request called at 9/19/2018 12:29:13 AM   :::   00:29:13.8016304

::::::::::: PostReleaseRequestState Request called at 9/19/2018 12:29:13 AM   :::   00:29:13.8096377

::::::::::: UpdateRequestCache Request called at 9/19/2018 12:29:13 AM   :::   00:29:13.8136390

::::::::::: EndRequest Request called at 9/19/2018 12:29:13 AM   :::   00:29:13.8176414

::::::::::: PreSendRequestContent Request called at 9/19/2018 12:29:13 AM   :::   00:29:13.8196432

::::::::::: PreSendRequestHeaders Request called at 9/19/2018 12:29:13 AM   :::   00:29:13.8216446

::::::::::: BeginRequest Request called at 9/19/2018 12:29:13 AM   :::   00:29:13.8536674

::::::::::: AuthenticateRequest Request called at 9/19/2018 12:29:13 AM   :::   00:29:13.8556692

::::::::::: PostAuthenticateRequest Request called at 9/19/2018 12:29:13 AM   :::   00:29:13.8576706

::::::::::: AuthorizeRequest Request called at 9/19/2018 12:29:13 AM   :::   00:29:13.8586713

::::::::::: PostAuthorizeRequest Request called at 9/19/2018 12:29:13 AM   :::   00:29:13.8636761

::::::::::: End Request called at 9/19/2018 12:29:13 AM   :::   00:29:13.8676773

::::::::::: PostResolveRequestCache Request called at 9/19/2018 12:29:13 AM   :::   00:29:13.8696788

::::::::::: AcquireRequestState Request called at 9/19/2018 12:29:13 AM   :::   00:29:13.8736816

::::::::::: PostAcquireRequestState Request called at 9/19/2018 12:29:13 AM   :::   00:29:13.8746827

::::::::::: PreRequestHandlerExecute Request called at 9/19/2018 12:29:13 AM   :::   00:29:13.8766837

::::::::::: PreSendRequestContent Request called at 9/19/2018 12:29:22 AM   :::   00:29:22.5185891

::::::::::: PreSendRequestHeaders Request called at 9/19/2018 12:29:22 AM   :::   00:29:22.5205913

::::::::::: PostRequestHandlerExecute Request called at 9/19/2018 12:29:22 AM   :::   00:29:22.5275955

::::::::::: ReleaseRequestState Request called at 9/19/2018 12:29:22 AM   :::   00:29:22.5285970

::::::::::: PostReleaseRequestState Request called at 9/19/2018 12:29:22 AM   :::   00:29:22.5305984

::::::::::: UpdateRequestCache Request called at 9/19/2018 12:29:22 AM   :::   00:29:22.5316007

::::::::::: EndRequest Request called at 9/19/2018 12:29:22 AM   :::   00:29:22.5325987

::::::::::: PreSendRequestContent Request called at 9/19/2018 12:29:22 AM   :::   00:29:22.5336183

::::::::::: BeginRequest Request called at 9/19/2018 12:29:33 AM   :::   00:29:33.0640385

::::::::::: AuthenticateRequest Request called at 9/19/2018 12:29:33 AM   :::   00:29:33.0660380

::::::::::: PostAuthenticateRequest Request called at 9/19/2018 12:29:33 AM   :::   00:29:33.0670407

::::::::::: AuthorizeRequest Request called at 9/19/2018 12:29:33 AM   :::   00:29:33.0690397

::::::::::: PostAuthorizeRequest Request called at 9/19/2018 12:29:33 AM   :::   00:29:33.0700404

::::::::::: End Request called at 9/19/2018 12:29:33 AM   :::   00:29:33.0720450

::::::::::: PostResolveRequestCache Request called at 9/19/2018 12:29:33 AM   :::   00:29:33.0740441

::::::::::: AcquireRequestState Request called at 9/19/2018 12:29:33 AM   :::   00:29:33.0750468

::::::::::: PostAcquireRequestState Request called at 9/19/2018 12:29:33 AM   :::   00:29:33.0770486

::::::::::: PreRequestHandlerExecute Request called at 9/19/2018 12:29:33 AM   :::   00:29:33.0790472

::::::::::: PostRequestHandlerExecute Request called at 9/19/2018 12:29:33 AM   :::   00:29:33.0840520

::::::::::: ReleaseRequestState Request called at 9/19/2018 12:29:33 AM   :::   00:29:33.0860581

::::::::::: PostReleaseRequestState Request called at 9/19/2018 12:29:33 AM   :::   00:29:33.0870533

::::::::::: UpdateRequestCache Request called at 9/19/2018 12:29:33 AM   :::   00:29:33.0930631

::::::::::: EndRequest Request called at 9/19/2018 12:29:33 AM   :::   00:29:33.0950586

::::::::::: PreSendRequestContent Request called at 9/19/2018 12:29:33 AM   :::   00:29:33.0980604

::::::::::: PreSendRequestHeaders Request called at 9/19/2018 12:29:33 AM   :::   00:29:33.1000626

::::::::::: BeginRequest Request called at 9/19/2018 12:29:33 AM   :::   00:29:33.1070675

::::::::::: AuthenticateRequest Request called at 9/19/2018 12:29:33 AM   :::   00:29:33.1080675

::::::::::: PostAuthenticateRequest Request called at 9/19/2018 12:29:33 AM   :::   00:29:33.1090686

::::::::::: AuthorizeRequest Request called at 9/19/2018 12:29:33 AM   :::   00:29:33.1110716

::::::::::: PostAuthorizeRequest Request called at 9/19/2018 12:29:33 AM   :::   00:29:33.1120727

::::::::::: End Request called at 9/19/2018 12:29:33 AM   :::   00:29:33.1140745

::::::::::: PostResolveRequestCache Request called at 9/19/2018 12:29:33 AM   :::   00:29:33.1160735

::::::::::: AcquireRequestState Request called at 9/19/2018 12:29:33 AM   :::   00:29:33.1190832

::::::::::: PostAcquireRequestState Request called at 9/19/2018 12:29:33 AM   :::   00:29:33.1210810

::::::::::: PreRequestHandlerExecute Request called at 9/19/2018 12:29:33 AM   :::   00:29:33.1230781

::::::::::: PreSendRequestContent Request called at 9/19/2018 12:29:58 AM   :::   00:29:58.4595649

::::::::::: PreSendRequestHeaders Request called at 9/19/2018 12:29:58 AM   :::   00:29:58.4625663

::::::::::: Error Request called at 9/19/2018 12:29:58 AM   :::   00:29:58.4705716

::::::::::: PreSendRequestContent Request called at 9/19/2018 12:30:08 AM   :::   00:30:08.5554220

::::::::::: PreSendRequestContent Request called at 9/19/2018 12:30:08 AM   :::   00:30:08.5584225

::::::::::: PreSendRequestContent Request called at 9/19/2018 12:30:08 AM   :::   00:30:08.5804370

::::::::::: PreSendRequestContent Request called at 9/19/2018 12:30:08 AM   :::   00:30:08.5854401

::::::::::: EndRequest Request called at 9/19/2018 12:30:08 AM   :::   00:30:08.5884423

::::::::::: PreSendRequestContent Request called at 9/19/2018 12:30:08 AM   :::   00:30:08.5904437

::::::::::: BeginRequest Request called at 9/19/2018 8:01:09 PM   :::   20:01:09.0963517

::::::::::: AuthenticateRequest Request called at 9/19/2018 8:01:09 PM   :::   20:01:09.1013548

::::::::::: PostAuthenticateRequest Request called at 9/19/2018 8:01:09 PM   :::   20:01:09.1043570

::::::::::: AuthorizeRequest Request called at 9/19/2018 8:01:09 PM   :::   20:01:09.1063584

::::::::::: PostAuthorizeRequest Request called at 9/19/2018 8:01:09 PM   :::   20:01:09.1073808

::::::::::: End Request called at 9/19/2018 8:01:09 PM   :::   20:01:09.1093617

::::::::::: PostResolveRequestCache Request called at 9/19/2018 8:01:09 PM   :::   20:01:09.1694202

::::::::::: AcquireRequestState Request called at 9/19/2018 8:01:09 PM   :::   20:01:09.1764082

::::::::::: PostAcquireRequestState Request called at 9/19/2018 8:01:09 PM   :::   20:01:09.1784270

::::::::::: PreRequestHandlerExecute Request called at 9/19/2018 8:01:09 PM   :::   20:01:09.1794103

::::::::::: PostRequestHandlerExecute Request called at 9/19/2018 8:01:11 PM   :::   20:01:11.4597214

::::::::::: ReleaseRequestState Request called at 9/19/2018 8:01:11 PM   :::   20:01:11.4617086

::::::::::: PostReleaseRequestState Request called at 9/19/2018 8:01:11 PM   :::   20:01:11.4637250

::::::::::: UpdateRequestCache Request called at 9/19/2018 8:01:11 PM   :::   20:01:11.5037471

::::::::::: EndRequest Request called at 9/19/2018 8:01:11 PM   :::   20:01:11.5067414

::::::::::: PreSendRequestContent Request called at 9/19/2018 8:01:11 PM   :::   20:01:11.5127461

::::::::::: PreSendRequestHeaders Request called at 9/19/2018 8:01:11 PM   :::   20:01:11.5137472

::::::::::: BeginRequest Request called at 9/19/2018 8:01:20 PM   :::   20:01:20.2098553

::::::::::: AuthenticateRequest Request called at 9/19/2018 8:01:20 PM   :::   20:01:20.2118571

::::::::::: PostAuthenticateRequest Request called at 9/19/2018 8:01:20 PM   :::   20:01:20.2128578

::::::::::: AuthorizeRequest Request called at 9/19/2018 8:01:20 PM   :::   20:01:20.2188621

::::::::::: PostAuthorizeRequest Request called at 9/19/2018 8:01:20 PM   :::   20:01:20.2208639

::::::::::: End Request called at 9/19/2018 8:01:20 PM   :::   20:01:20.2228649

::::::::::: PostResolveRequestCache Request called at 9/19/2018 8:01:20 PM   :::   20:01:20.2308742

::::::::::: AcquireRequestState Request called at 9/19/2018 8:01:20 PM   :::   20:01:20.2338724

::::::::::: PostAcquireRequestState Request called at 9/19/2018 8:01:20 PM   :::   20:01:20.2358742

::::::::::: PreRequestHandlerExecute Request called at 9/19/2018 8:01:20 PM   :::   20:01:20.2368749

::::::::::: PostRequestHandlerExecute Request called at 9/19/2018 8:01:20 PM   :::   20:01:20.4089965

::::::::::: ReleaseRequestState Request called at 9/19/2018 8:01:20 PM   :::   20:01:20.4099976

::::::::::: PostReleaseRequestState Request called at 9/19/2018 8:01:20 PM   :::   20:01:20.4119994

::::::::::: UpdateRequestCache Request called at 9/19/2018 8:01:20 PM   :::   20:01:20.4130006

::::::::::: EndRequest Request called at 9/19/2018 8:01:20 PM   :::   20:01:20.4150016

::::::::::: PreSendRequestContent Request called at 9/19/2018 8:01:20 PM   :::   20:01:20.4170038

::::::::::: PreSendRequestHeaders Request called at 9/19/2018 8:01:20 PM   :::   20:01:20.4180037

::::::::::: BeginRequest Request called at 9/19/2018 8:01:20 PM   :::   20:01:20.4370172

::::::::::: AuthenticateRequest Request called at 9/19/2018 8:01:20 PM   :::   20:01:20.4390183

::::::::::: PostAuthenticateRequest Request called at 9/19/2018 8:01:20 PM   :::   20:01:20.4430207

::::::::::: AuthorizeRequest Request called at 9/19/2018 8:01:20 PM   :::   20:01:20.4450245

::::::::::: PostAuthorizeRequest Request called at 9/19/2018 8:01:20 PM   :::   20:01:20.4490266

::::::::::: End Request called at 9/19/2018 8:01:20 PM   :::   20:01:20.4570311

::::::::::: PostResolveRequestCache Request called at 9/19/2018 8:01:20 PM   :::   20:01:20.4590329

::::::::::: AcquireRequestState Request called at 9/19/2018 8:01:20 PM   :::   20:01:20.4630357

::::::::::: PostAcquireRequestState Request called at 9/19/2018 8:01:20 PM   :::   20:01:20.4660371

::::::::::: PreRequestHandlerExecute Request called at 9/19/2018 8:01:20 PM   :::   20:01:20.4690400

::::::::::: BeginRequest Request called at 9/19/2018 8:01:46 PM   :::   20:01:46.4254271

::::::::::: AuthenticateRequest Request called at 9/19/2018 8:01:46 PM   :::   20:01:46.4274290

::::::::::: PostAuthenticateRequest Request called at 9/19/2018 8:01:46 PM   :::   20:01:46.4294304

::::::::::: BeginRequest Request called at 9/19/2018 8:01:46 PM   :::   20:01:46.4304307

::::::::::: AuthenticateRequest Request called at 9/19/2018 8:01:46 PM   :::   20:01:46.4334328

::::::::::: PostAuthenticateRequest Request called at 9/19/2018 8:01:46 PM   :::   20:01:46.4514456

::::::::::: AuthorizeRequest Request called at 9/19/2018 8:01:46 PM   :::   20:01:46.4674558

::::::::::: PostAuthorizeRequest Request called at 9/19/2018 8:01:46 PM   :::   20:01:46.4754619

::::::::::: End Request called at 9/19/2018 8:01:46 PM   :::   20:01:46.4834672

::::::::::: PostAcquireRequestState Request called at 9/19/2018 8:01:46 PM   :::   20:01:46.4954892

::::::::::: PreRequestHandlerExecute Request called at 9/19/2018 8:01:46 PM   :::   20:01:46.4974784

::::::::::: AcquireRequestState Request called at 9/19/2018 8:01:46 PM   :::   20:01:46.5084854

::::::::::: PostAcquireRequestState Request called at 9/19/2018 8:01:46 PM   :::   20:01:46.5104876

::::::::::: PreRequestHandlerExecute Request called at 9/19/2018 8:01:46 PM   :::   20:01:46.5305011

::::::::::: UpdateRequestCache Request called at 9/19/2018 8:01:46 PM   :::   20:01:46.5385064

::::::::::: PostRequestHandlerExecute Request called at 9/19/2018 8:01:46 PM   :::   20:01:46.5405161

::::::::::: ReleaseRequestState Request called at 9/19/2018 8:01:46 PM   :::   20:01:46.5425104

::::::::::: PostReleaseRequestState Request called at 9/19/2018 8:01:46 PM   :::   20:01:46.5505157

::::::::::: UpdateRequestCache Request called at 9/19/2018 8:01:46 PM   :::   20:01:46.5665271

::::::::::: EndRequest Request called at 9/19/2018 8:01:46 PM   :::   20:01:46.5685289

::::::::::: PreSendRequestContent Request called at 9/19/2018 8:01:46 PM   :::   20:01:46.5705299

::::::::::: PreSendRequestHeaders Request called at 9/19/2018 8:01:46 PM   :::   20:01:46.5735408

::::::::::: BeginRequest Request called at 9/19/2018 8:01:46 PM   :::   20:01:46.5765346

::::::::::: AuthenticateRequest Request called at 9/19/2018 8:01:46 PM   :::   20:01:46.5815382

::::::::::: PostAuthenticateRequest Request called at 9/19/2018 8:01:46 PM   :::   20:01:46.5835388

::::::::::: BeginRequest Request called at 9/19/2018 8:01:46 PM   :::   20:01:46.5845399

::::::::::: AuthenticateRequest Request called at 9/19/2018 8:01:46 PM   :::   20:01:46.5865405

::::::::::: PostAuthenticateRequest Request called at 9/19/2018 8:01:46 PM   :::   20:01:46.5925464

::::::::::: AuthorizeRequest Request called at 9/19/2018 8:01:46 PM   :::   20:01:46.5945466

::::::::::: End Request called at 9/19/2018 8:01:46 PM   :::   20:01:46.6065587

::::::::::: PostResolveRequestCache Request called at 9/19/2018 8:01:46 PM   :::   20:01:46.6085578

::::::::::: AcquireRequestState Request called at 9/19/2018 8:01:46 PM   :::   20:01:46.6105588

::::::::::: PostAcquireRequestState Request called at 9/19/2018 8:01:46 PM   :::   20:01:46.6125594

::::::::::: PreRequestHandlerExecute Request called at 9/19/2018 8:01:46 PM   :::   20:01:46.6235696

::::::::::: AcquireRequestState Request called at 9/19/2018 8:01:46 PM   :::   20:01:46.6345763

::::::::::: PostAcquireRequestState Request called at 9/19/2018 8:01:46 PM   :::   20:01:46.6365773

::::::::::: PreRequestHandlerExecute Request called at 9/19/2018 8:01:46 PM   :::   20:01:46.6385823

::::::::::: PostRequestHandlerExecute Request called at 9/19/2018 8:02:18 PM   :::   20:02:18.4824176

::::::::::: ReleaseRequestState Request called at 9/19/2018 8:02:18 PM   :::   20:02:18.5184199

::::::::::: PostReleaseRequestState Request called at 9/19/2018 8:02:18 PM   :::   20:02:18.5344202

::::::::::: ReleaseRequestState Request called at 9/19/2018 8:02:18 PM   :::   20:02:18.5384207

::::::::::: PostReleaseRequestState Request called at 9/19/2018 8:02:18 PM   :::   20:02:18.5424204

::::::::::: UpdateRequestCache Request called at 9/19/2018 8:02:18 PM   :::   20:02:18.5424204

::::::::::: EndRequest Request called at 9/19/2018 8:02:18 PM   :::   20:02:18.5464209

::::::::::: EndRequest Request called at 9/19/2018 8:02:18 PM   :::   20:02:18.9664498

::::::::::: PreSendRequestContent Request called at 9/19/2018 8:02:19 PM   :::   20:02:19.1664643

::::::::::: PreSendRequestHeaders Request called at 9/19/2018 8:02:19 PM   :::   20:02:19.4024802

::::::::::: PreSendRequestContent Request called at 9/19/2018 8:03:05 PM   :::   20:03:05.7589729

::::::::::: PreSendRequestHeaders Request called at 9/19/2018 8:03:05 PM   :::   20:03:05.7589729

::::::::::: Error Request called at 9/19/2018 8:03:05 PM   :::   20:03:05.7745986

::::::::::: PreSendRequestContent Request called at 9/19/2018 8:03:38 PM   :::   20:03:38.6909304

::::::::::: PreSendRequestContent Request called at 9/19/2018 8:03:38 PM   :::   20:03:38.6949324

::::::::::: PreSendRequestContent Request called at 9/19/2018 8:03:38 PM   :::   20:03:38.6949324

::::::::::: PreSendRequestContent Request called at 9/19/2018 8:03:38 PM   :::   20:03:38.6989329

::::::::::: EndRequest Request called at 9/19/2018 8:03:38 PM   :::   20:03:38.7029306

::::::::::: PreSendRequestContent Request called at 9/19/2018 8:03:38 PM   :::   20:03:38.7029306

::::::::::: BeginRequest Request called at 9/19/2018 8:03:58 PM   :::   20:03:58.0302163

::::::::::: AuthenticateRequest Request called at 9/19/2018 8:03:58 PM   :::   20:03:58.0342337

::::::::::: PostAuthenticateRequest Request called at 9/19/2018 8:03:58 PM   :::   20:03:58.0342337

::::::::::: AuthorizeRequest Request called at 9/19/2018 8:03:58 PM   :::   20:03:58.0382137

::::::::::: PostAuthorizeRequest Request called at 9/19/2018 8:03:58 PM   :::   20:03:58.0422149

::::::::::: End Request called at 9/19/2018 8:03:58 PM   :::   20:03:58.0422149

::::::::::: PostResolveRequestCache Request called at 9/19/2018 8:03:58 PM   :::   20:03:58.0462146

::::::::::: AcquireRequestState Request called at 9/19/2018 8:03:58 PM   :::   20:03:58.0502151

::::::::::: PostAcquireRequestState Request called at 9/19/2018 8:03:58 PM   :::   20:03:58.0502151

::::::::::: PreRequestHandlerExecute Request called at 9/19/2018 8:03:58 PM   :::   20:03:58.0542156

::::::::::: PostRequestHandlerExecute Request called at 9/19/2018 8:04:42 PM   :::   20:04:42.9141479

::::::::::: ReleaseRequestState Request called at 9/19/2018 8:04:42 PM   :::   20:04:42.9141479

::::::::::: PostReleaseRequestState Request called at 9/19/2018 8:04:42 PM   :::   20:04:42.9181464

::::::::::: UpdateRequestCache Request called at 9/19/2018 8:04:42 PM   :::   20:04:42.9221611

::::::::::: EndRequest Request called at 9/19/2018 8:04:42 PM   :::   20:04:42.9261497

::::::::::: PreSendRequestContent Request called at 9/19/2018 8:04:42 PM   :::   20:04:42.9301451

::::::::::: PreSendRequestHeaders Request called at 9/19/2018 8:04:42 PM   :::   20:04:42.9301451

::::::::::: BeginRequest Request called at 9/19/2018 8:04:43 PM   :::   20:04:43.6821987

::::::::::: AuthenticateRequest Request called at 9/19/2018 8:04:43 PM   :::   20:04:43.6902005

::::::::::: PostAuthenticateRequest Request called at 9/19/2018 8:04:43 PM   :::   20:04:43.6942009

::::::::::: AuthorizeRequest Request called at 9/19/2018 8:04:43 PM   :::   20:04:43.6982034

::::::::::: PostAuthorizeRequest Request called at 9/19/2018 8:04:43 PM   :::   20:04:43.7021995

::::::::::: End Request called at 9/19/2018 8:04:43 PM   :::   20:04:43.7021995

::::::::::: PostResolveRequestCache Request called at 9/19/2018 8:04:43 PM   :::   20:04:43.7062036

::::::::::: AcquireRequestState Request called at 9/19/2018 8:04:43 PM   :::   20:04:43.7101997

::::::::::: PostAcquireRequestState Request called at 9/19/2018 8:04:43 PM   :::   20:04:43.7101997

::::::::::: PreRequestHandlerExecute Request called at 9/19/2018 8:04:43 PM   :::   20:04:43.7142037

::::::::::: PostRequestHandlerExecute Request called at 9/19/2018 8:04:43 PM   :::   20:04:43.7982051

::::::::::: ReleaseRequestState Request called at 9/19/2018 8:04:43 PM   :::   20:04:43.8022095

::::::::::: PostReleaseRequestState Request called at 9/19/2018 8:04:43 PM   :::   20:04:43.8022095

::::::::::: UpdateRequestCache Request called at 9/19/2018 8:04:43 PM   :::   20:04:43.8062064

::::::::::: EndRequest Request called at 9/19/2018 8:04:43 PM   :::   20:04:43.8062064

::::::::::: PreSendRequestContent Request called at 9/19/2018 8:04:43 PM   :::   20:04:43.8102069

::::::::::: PreSendRequestHeaders Request called at 9/19/2018 8:04:43 PM   :::   20:04:43.8142066

::::::::::: BeginRequest Request called at 9/19/2018 8:04:44 PM   :::   20:04:44.3302443

::::::::::: AuthenticateRequest Request called at 9/19/2018 8:04:44 PM   :::   20:04:44.3382460

::::::::::: PostAuthenticateRequest Request called at 9/19/2018 8:04:44 PM   :::   20:04:44.3462470

::::::::::: AuthorizeRequest Request called at 9/19/2018 8:04:44 PM   :::   20:04:44.3542467

::::::::::: PostAuthorizeRequest Request called at 9/19/2018 8:04:44 PM   :::   20:04:44.3582468

::::::::::: End Request called at 9/19/2018 8:04:44 PM   :::   20:04:44.3622473

::::::::::: PostResolveRequestCache Request called at 9/19/2018 8:04:44 PM   :::   20:04:44.3662454

::::::::::: AcquireRequestState Request called at 9/19/2018 8:04:44 PM   :::   20:04:44.3702522

::::::::::: PostAcquireRequestState Request called at 9/19/2018 8:04:44 PM   :::   20:04:44.3742495

::::::::::: PreRequestHandlerExecute Request called at 9/19/2018 8:04:44 PM   :::   20:04:44.3742495

::::::::::: PostRequestHandlerExecute Request called at 9/19/2018 8:04:44 PM   :::   20:04:44.4502507

::::::::::: ReleaseRequestState Request called at 9/19/2018 8:04:44 PM   :::   20:04:44.4502507

::::::::::: PostReleaseRequestState Request called at 9/19/2018 8:04:44 PM   :::   20:04:44.4542682

::::::::::: UpdateRequestCache Request called at 9/19/2018 8:04:44 PM   :::   20:04:44.4542682

::::::::::: EndRequest Request called at 9/19/2018 8:04:44 PM   :::   20:04:44.4542682

::::::::::: PreSendRequestContent Request called at 9/19/2018 8:04:44 PM   :::   20:04:44.4582679

::::::::::: PreSendRequestHeaders Request called at 9/19/2018 8:04:44 PM   :::   20:04:44.4582679

::::::::::: BeginRequest Request called at 9/19/2018 8:04:44 PM   :::   20:04:44.9662899

::::::::::: AuthenticateRequest Request called at 9/19/2018 8:04:44 PM   :::   20:04:44.9702908

::::::::::: PostAuthenticateRequest Request called at 9/19/2018 8:04:44 PM   :::   20:04:44.9742901

::::::::::: AuthorizeRequest Request called at 9/19/2018 8:04:44 PM   :::   20:04:44.9822903

::::::::::: PostAuthorizeRequest Request called at 9/19/2018 8:04:44 PM   :::   20:04:44.9902912

::::::::::: End Request called at 9/19/2018 8:04:44 PM   :::   20:04:44.9942925

::::::::::: PostResolveRequestCache Request called at 9/19/2018 8:04:45 PM   :::   20:04:45.0022978

::::::::::: AcquireRequestState Request called at 9/19/2018 8:04:45 PM   :::   20:04:45.0022978

::::::::::: PostAcquireRequestState Request called at 9/19/2018 8:04:45 PM   :::   20:04:45.0063180

::::::::::: PreRequestHandlerExecute Request called at 9/19/2018 8:04:45 PM   :::   20:04:45.0103185

::::::::::: PostRequestHandlerExecute Request called at 9/19/2018 8:04:45 PM   :::   20:04:45.1863040

::::::::::: ReleaseRequestState Request called at 9/19/2018 8:04:45 PM   :::   20:04:45.1983047

::::::::::: PostReleaseRequestState Request called at 9/19/2018 8:04:45 PM   :::   20:04:45.2023055

::::::::::: UpdateRequestCache Request called at 9/19/2018 8:04:45 PM   :::   20:04:45.2183063

::::::::::: EndRequest Request called at 9/19/2018 8:04:45 PM   :::   20:04:45.2223075

::::::::::: PreSendRequestContent Request called at 9/19/2018 8:04:45 PM   :::   20:04:45.2263052

::::::::::: PreSendRequestHeaders Request called at 9/19/2018 8:04:45 PM   :::   20:04:45.2303053

::::::::::: BeginRequest Request called at 9/19/2018 8:04:45 PM   :::   20:04:45.7303489

::::::::::: AuthenticateRequest Request called at 9/19/2018 8:04:45 PM   :::   20:04:45.7343696

::::::::::: PostAuthenticateRequest Request called at 9/19/2018 8:04:45 PM   :::   20:04:45.7383708

::::::::::: AuthorizeRequest Request called at 9/19/2018 8:04:45 PM   :::   20:04:45.7423500

::::::::::: PostAuthorizeRequest Request called at 9/19/2018 8:04:45 PM   :::   20:04:45.7463438

::::::::::: End Request called at 9/19/2018 8:04:45 PM   :::   20:04:45.7543716

::::::::::: PostResolveRequestCache Request called at 9/19/2018 8:04:45 PM   :::   20:04:45.7583448

::::::::::: AcquireRequestState Request called at 9/19/2018 8:04:45 PM   :::   20:04:45.7583448

::::::::::: PostAcquireRequestState Request called at 9/19/2018 8:04:45 PM   :::   20:04:45.7623461

::::::::::: PreRequestHandlerExecute Request called at 9/19/2018 8:04:45 PM   :::   20:04:45.7663714

::::::::::: PostRequestHandlerExecute Request called at 9/19/2018 8:04:45 PM   :::   20:04:45.8783505

::::::::::: ReleaseRequestState Request called at 9/19/2018 8:04:45 PM   :::   20:04:45.8823509

::::::::::: PostReleaseRequestState Request called at 9/19/2018 8:04:45 PM   :::   20:04:45.8823509

::::::::::: UpdateRequestCache Request called at 9/19/2018 8:04:45 PM   :::   20:04:45.8823509

::::::::::: EndRequest Request called at 9/19/2018 8:04:45 PM   :::   20:04:45.8863534

::::::::::: PreSendRequestContent Request called at 9/19/2018 8:04:45 PM   :::   20:04:45.8863534

::::::::::: PreSendRequestHeaders Request called at 9/19/2018 8:04:45 PM   :::   20:04:45.8863534

::::::::::: BeginRequest Request called at 9/19/2018 8:04:46 PM   :::   20:04:46.4143885

::::::::::: AuthenticateRequest Request called at 9/19/2018 8:04:46 PM   :::   20:04:46.4143885

::::::::::: PostAuthenticateRequest Request called at 9/19/2018 8:04:46 PM   :::   20:04:46.4183890

::::::::::: AuthorizeRequest Request called at 9/19/2018 8:04:46 PM   :::   20:04:46.4183890

::::::::::: PostAuthorizeRequest Request called at 9/19/2018 8:04:46 PM   :::   20:04:46.4223922

::::::::::: End Request called at 9/19/2018 8:04:46 PM   :::   20:04:46.4223922

::::::::::: PostResolveRequestCache Request called at 9/19/2018 8:04:46 PM   :::   20:04:46.4263900

::::::::::: AcquireRequestState Request called at 9/19/2018 8:04:46 PM   :::   20:04:46.4263900

::::::::::: PostAcquireRequestState Request called at 9/19/2018 8:04:46 PM   :::   20:04:46.4303896

::::::::::: PreRequestHandlerExecute Request called at 9/19/2018 8:04:46 PM   :::   20:04:46.4303896

::::::::::: PostRequestHandlerExecute Request called at 9/19/2018 8:04:46 PM   :::   20:04:46.4863948

::::::::::: ReleaseRequestState Request called at 9/19/2018 8:04:46 PM   :::   20:04:46.4863948

::::::::::: PostReleaseRequestState Request called at 9/19/2018 8:04:46 PM   :::   20:04:46.4903937

::::::::::: UpdateRequestCache Request called at 9/19/2018 8:04:46 PM   :::   20:04:46.4903937

::::::::::: EndRequest Request called at 9/19/2018 8:04:46 PM   :::   20:04:46.4943937

::::::::::: PreSendRequestContent Request called at 9/19/2018 8:04:46 PM   :::   20:04:46.4943937

::::::::::: PreSendRequestHeaders Request called at 9/19/2018 8:04:46 PM   :::   20:04:46.4943937

::::::::::: BeginRequest Request called at 9/19/2018 8:04:47 PM   :::   20:04:47.3064526

::::::::::: AuthenticateRequest Request called at 9/19/2018 8:04:47 PM   :::   20:04:47.3104523

::::::::::: PostAuthenticateRequest Request called at 9/19/2018 8:04:47 PM   :::   20:04:47.3184528

::::::::::: AuthorizeRequest Request called at 9/19/2018 8:04:47 PM   :::   20:04:47.3184528

::::::::::: PostAuthorizeRequest Request called at 9/19/2018 8:04:47 PM   :::   20:04:47.3224529

::::::::::: End Request called at 9/19/2018 8:04:47 PM   :::   20:04:47.3224529

::::::::::: PostResolveRequestCache Request called at 9/19/2018 8:04:47 PM   :::   20:04:47.3264550

::::::::::: AcquireRequestState Request called at 9/19/2018 8:04:47 PM   :::   20:04:47.3344536

::::::::::: PostAcquireRequestState Request called at 9/19/2018 8:04:47 PM   :::   20:04:47.3384544

::::::::::: PreRequestHandlerExecute Request called at 9/19/2018 8:04:47 PM   :::   20:04:47.3384544

::::::::::: PostRequestHandlerExecute Request called at 9/19/2018 8:04:47 PM   :::   20:04:47.3984620

::::::::::: ReleaseRequestState Request called at 9/19/2018 8:04:47 PM   :::   20:04:47.3984620

::::::::::: PostReleaseRequestState Request called at 9/19/2018 8:04:47 PM   :::   20:04:47.4024581

::::::::::: UpdateRequestCache Request called at 9/19/2018 8:04:47 PM   :::   20:04:47.4024581

::::::::::: EndRequest Request called at 9/19/2018 8:04:47 PM   :::   20:04:47.4024581

::::::::::: PreSendRequestContent Request called at 9/19/2018 8:04:47 PM   :::   20:04:47.4064578

::::::::::: PreSendRequestHeaders Request called at 9/19/2018 8:04:47 PM   :::   20:04:47.4064578

::::::::::: BeginRequest Request called at 9/19/2018 8:04:47 PM   :::   20:04:47.9744977

::::::::::: AuthenticateRequest Request called at 9/19/2018 8:04:47 PM   :::   20:04:47.9785041

::::::::::: PostAuthenticateRequest Request called at 9/19/2018 8:04:47 PM   :::   20:04:47.9824983

::::::::::: AuthorizeRequest Request called at 9/19/2018 8:04:47 PM   :::   20:04:47.9824983

::::::::::: PostAuthorizeRequest Request called at 9/19/2018 8:04:47 PM   :::   20:04:47.9865008

::::::::::: End Request called at 9/19/2018 8:04:47 PM   :::   20:04:47.9865008

::::::::::: PostResolveRequestCache Request called at 9/19/2018 8:04:47 PM   :::   20:04:47.9904993

::::::::::: AcquireRequestState Request called at 9/19/2018 8:04:47 PM   :::   20:04:47.9904993

::::::::::: PostAcquireRequestState Request called at 9/19/2018 8:04:47 PM   :::   20:04:47.9904993

::::::::::: PreRequestHandlerExecute Request called at 9/19/2018 8:04:47 PM   :::   20:04:47.9985002

::::::::::: PostRequestHandlerExecute Request called at 9/19/2018 8:05:03 PM   :::   20:05:03.4605590

::::::::::: ReleaseRequestState Request called at 9/19/2018 8:05:03 PM   :::   20:05:03.4685399

::::::::::: PostReleaseRequestState Request called at 9/19/2018 8:05:03 PM   :::   20:05:03.4725395

::::::::::: UpdateRequestCache Request called at 9/19/2018 8:05:03 PM   :::   20:05:03.4765404

::::::::::: EndRequest Request called at 9/19/2018 8:05:03 PM   :::   20:05:03.4885419

::::::::::: PreSendRequestContent Request called at 9/19/2018 8:05:03 PM   :::   20:05:03.5005417

::::::::::: PreSendRequestHeaders Request called at 9/19/2018 8:05:03 PM   :::   20:05:03.5085427

::::::::::: BeginRequest Request called at 9/19/2018 8:05:04 PM   :::   20:05:04.0701382

::::::::::: AuthenticateRequest Request called at 9/19/2018 8:05:04 PM   :::   20:05:04.0741430

::::::::::: PostAuthenticateRequest Request called at 9/19/2018 8:05:04 PM   :::   20:05:04.0741430

::::::::::: AuthorizeRequest Request called at 9/19/2018 8:05:04 PM   :::   20:05:04.0741430

::::::::::: PostAuthorizeRequest Request called at 9/19/2018 8:05:04 PM   :::   20:05:04.0821424

::::::::::: End Request called at 9/19/2018 8:05:04 PM   :::   20:05:04.0821424

::::::::::: PostResolveRequestCache Request called at 9/19/2018 8:05:04 PM   :::   20:05:04.0821424

::::::::::: AcquireRequestState Request called at 9/19/2018 8:05:04 PM   :::   20:05:04.0861428

::::::::::: PostAcquireRequestState Request called at 9/19/2018 8:05:04 PM   :::   20:05:04.0861428

::::::::::: PreRequestHandlerExecute Request called at 9/19/2018 8:05:04 PM   :::   20:05:04.0861428

::::::::::: PostRequestHandlerExecute Request called at 9/19/2018 8:05:04 PM   :::   20:05:04.1261480

::::::::::: ReleaseRequestState Request called at 9/19/2018 8:05:04 PM   :::   20:05:04.1301469

::::::::::: PostReleaseRequestState Request called at 9/19/2018 8:05:04 PM   :::   20:05:04.1341466

::::::::::: UpdateRequestCache Request called at 9/19/2018 8:05:04 PM   :::   20:05:04.1341466

::::::::::: EndRequest Request called at 9/19/2018 8:05:04 PM   :::   20:05:04.1381479

::::::::::: PreSendRequestContent Request called at 9/19/2018 8:05:04 PM   :::   20:05:04.1381479

::::::::::: PreSendRequestHeaders Request called at 9/19/2018 8:05:04 PM   :::   20:05:04.1381479

::::::::::: BeginRequest Request called at 9/19/2018 8:05:04 PM   :::   20:05:04.7141915

::::::::::: AuthenticateRequest Request called at 9/19/2018 8:05:04 PM   :::   20:05:04.7141915

::::::::::: PostAuthenticateRequest Request called at 9/19/2018 8:05:04 PM   :::   20:05:04.7181872

::::::::::: AuthorizeRequest Request called at 9/19/2018 8:05:04 PM   :::   20:05:04.7181872

::::::::::: PostAuthorizeRequest Request called at 9/19/2018 8:05:04 PM   :::   20:05:04.7181872

::::::::::: End Request called at 9/19/2018 8:05:04 PM   :::   20:05:04.7221992

::::::::::: PostResolveRequestCache Request called at 9/19/2018 8:05:04 PM   :::   20:05:04.7221992

::::::::::: AcquireRequestState Request called at 9/19/2018 8:05:04 PM   :::   20:05:04.7221992

::::::::::: PostAcquireRequestState Request called at 9/19/2018 8:05:04 PM   :::   20:05:04.7221992

::::::::::: PreRequestHandlerExecute Request called at 9/19/2018 8:05:04 PM   :::   20:05:04.7261902

::::::::::: PostRequestHandlerExecute Request called at 9/19/2018 8:05:04 PM   :::   20:05:04.7821981

::::::::::: ReleaseRequestState Request called at 9/19/2018 8:05:04 PM   :::   20:05:04.7821981

::::::::::: PostReleaseRequestState Request called at 9/19/2018 8:05:04 PM   :::   20:05:04.7861926

::::::::::: UpdateRequestCache Request called at 9/19/2018 8:05:04 PM   :::   20:05:04.7861926

::::::::::: EndRequest Request called at 9/19/2018 8:05:04 PM   :::   20:05:04.7861926

::::::::::: PreSendRequestContent Request called at 9/19/2018 8:05:04 PM   :::   20:05:04.7901923

::::::::::: PreSendRequestHeaders Request called at 9/19/2018 8:05:04 PM   :::   20:05:04.7901923

::::::::::: BeginRequest Request called at 9/19/2018 8:05:05 PM   :::   20:05:05.2822283

::::::::::: AuthenticateRequest Request called at 9/19/2018 8:05:05 PM   :::   20:05:05.2902304

::::::::::: PostAuthenticateRequest Request called at 9/19/2018 8:05:05 PM   :::   20:05:05.3022299

::::::::::: AuthorizeRequest Request called at 9/19/2018 8:05:05 PM   :::   20:05:05.3022299

::::::::::: PostAuthorizeRequest Request called at 9/19/2018 8:05:05 PM   :::   20:05:05.3062485

::::::::::: End Request called at 9/19/2018 8:05:05 PM   :::   20:05:05.3062485

::::::::::: PostResolveRequestCache Request called at 9/19/2018 8:05:05 PM   :::   20:05:05.3142313

::::::::::: AcquireRequestState Request called at 9/19/2018 8:05:05 PM   :::   20:05:05.3182314

::::::::::: PostAcquireRequestState Request called at 9/19/2018 8:05:05 PM   :::   20:05:05.3222315

::::::::::: PreRequestHandlerExecute Request called at 9/19/2018 8:05:05 PM   :::   20:05:05.3262319

::::::::::: PostRequestHandlerExecute Request called at 9/19/2018 8:05:05 PM   :::   20:05:05.4422577

::::::::::: ReleaseRequestState Request called at 9/19/2018 8:05:05 PM   :::   20:05:05.4502404

::::::::::: PostReleaseRequestState Request called at 9/19/2018 8:05:05 PM   :::   20:05:05.4502404

::::::::::: UpdateRequestCache Request called at 9/19/2018 8:05:05 PM   :::   20:05:05.4542401

::::::::::: EndRequest Request called at 9/19/2018 8:05:05 PM   :::   20:05:05.4542401

::::::::::: PreSendRequestContent Request called at 9/19/2018 8:05:05 PM   :::   20:05:05.4582584

::::::::::: PreSendRequestHeaders Request called at 9/19/2018 8:05:05 PM   :::   20:05:05.4622446

::::::::::: BeginRequest Request called at 9/19/2018 8:05:06 PM   :::   20:05:06.0382820

::::::::::: AuthenticateRequest Request called at 9/19/2018 8:05:06 PM   :::   20:05:06.0382820

::::::::::: PostAuthenticateRequest Request called at 9/19/2018 8:05:06 PM   :::   20:05:06.0462821

::::::::::: AuthorizeRequest Request called at 9/19/2018 8:05:06 PM   :::   20:05:06.0502826

::::::::::: PostAuthorizeRequest Request called at 9/19/2018 8:05:06 PM   :::   20:05:06.0502826

::::::::::: End Request called at 9/19/2018 8:05:06 PM   :::   20:05:06.0542827

::::::::::: PostResolveRequestCache Request called at 9/19/2018 8:05:06 PM   :::   20:05:06.0542827

::::::::::: AcquireRequestState Request called at 9/19/2018 8:05:06 PM   :::   20:05:06.0622884

::::::::::: PostAcquireRequestState Request called at 9/19/2018 8:05:06 PM   :::   20:05:06.0662837

::::::::::: PreRequestHandlerExecute Request called at 9/19/2018 8:05:06 PM   :::   20:05:06.0662837

::::::::::: PostRequestHandlerExecute Request called at 9/19/2018 8:05:06 PM   :::   20:05:06.1902934

::::::::::: ReleaseRequestState Request called at 9/19/2018 8:05:06 PM   :::   20:05:06.1982932

::::::::::: PostReleaseRequestState Request called at 9/19/2018 8:05:06 PM   :::   20:05:06.2022929

::::::::::: UpdateRequestCache Request called at 9/19/2018 8:05:06 PM   :::   20:05:06.2062926

::::::::::: EndRequest Request called at 9/19/2018 8:05:06 PM   :::   20:05:06.2062926

::::::::::: PreSendRequestContent Request called at 9/19/2018 8:05:06 PM   :::   20:05:06.2142939

::::::::::: PreSendRequestHeaders Request called at 9/19/2018 8:05:06 PM   :::   20:05:06.2142939

::::::::::: BeginRequest Request called at 9/19/2018 8:14:41 PM   :::   20:14:41.2484054

::::::::::: BeginRequest Request called at 9/19/2018 8:14:41 PM   :::   20:14:41.2524051

::::::::::: AuthenticateRequest Request called at 9/19/2018 8:14:41 PM   :::   20:14:41.2564063

::::::::::: PostAuthenticateRequest Request called at 9/19/2018 8:14:41 PM   :::   20:14:41.2764079

::::::::::: AuthorizeRequest Request called at 9/19/2018 8:14:41 PM   :::   20:14:41.2804080

::::::::::: PostAuthorizeRequest Request called at 9/19/2018 8:14:41 PM   :::   20:14:41.2804080

::::::::::: AuthorizeRequest Request called at 9/19/2018 8:14:41 PM   :::   20:14:41.2964099

::::::::::: PostAuthorizeRequest Request called at 9/19/2018 8:14:41 PM   :::   20:14:41.3004092

::::::::::: End Request called at 9/19/2018 8:14:41 PM   :::   20:14:41.3004092

::::::::::: PostResolveRequestCache Request called at 9/19/2018 8:14:41 PM   :::   20:14:41.3124166

::::::::::: AcquireRequestState Request called at 9/19/2018 8:14:41 PM   :::   20:14:41.3124166

::::::::::: PostAcquireRequestState Request called at 9/19/2018 8:14:41 PM   :::   20:14:41.3164104

::::::::::: PreRequestHandlerExecute Request called at 9/19/2018 8:14:41 PM   :::   20:14:41.3204108

::::::::::: PostResolveRequestCache Request called at 9/19/2018 8:14:41 PM   :::   20:14:41.3564234

::::::::::: AcquireRequestState Request called at 9/19/2018 8:14:41 PM   :::   20:14:41.3604188

::::::::::: PostAcquireRequestState Request called at 9/19/2018 8:14:41 PM   :::   20:14:41.3644141

::::::::::: PreRequestHandlerExecute Request called at 9/19/2018 8:14:41 PM   :::   20:14:41.3684154

::::::::::: PostRequestHandlerExecute Request called at 9/19/2018 8:14:41 PM   :::   20:14:41.3884150

::::::::::: PostRequestHandlerExecute Request called at 9/19/2018 8:14:41 PM   :::   20:14:41.4084194

::::::::::: ReleaseRequestState Request called at 9/19/2018 8:14:41 PM   :::   20:14:41.4204181

::::::::::: PostReleaseRequestState Request called at 9/19/2018 8:14:41 PM   :::   20:14:41.4204181

::::::::::: UpdateRequestCache Request called at 9/19/2018 8:14:41 PM   :::   20:14:41.4524207

::::::::::: EndRequest Request called at 9/19/2018 8:14:41 PM   :::   20:14:41.4564279

::::::::::: PreSendRequestContent Request called at 9/19/2018 8:14:41 PM   :::   20:14:41.4604244

::::::::::: PreSendRequestHeaders Request called at 9/19/2018 8:14:41 PM   :::   20:14:41.4644249

::::::::::: PostReleaseRequestState Request called at 9/19/2018 8:14:41 PM   :::   20:14:41.5004237

::::::::::: UpdateRequestCache Request called at 9/19/2018 8:14:41 PM   :::   20:14:41.5004237

::::::::::: EndRequest Request called at 9/19/2018 8:14:41 PM   :::   20:14:41.5084282

::::::::::: PreSendRequestContent Request called at 9/19/2018 8:14:41 PM   :::   20:14:41.5084282

::::::::::: PreSendRequestHeaders Request called at 9/19/2018 8:14:41 PM   :::   20:14:41.5124263

::::::::::: BeginRequest Request called at 9/19/2018 8:14:47 PM   :::   20:14:47.5768500

::::::::::: AuthenticateRequest Request called at 9/19/2018 8:14:47 PM   :::   20:14:47.5808501

::::::::::: PostAuthenticateRequest Request called at 9/19/2018 8:14:47 PM   :::   20:14:47.5848506

::::::::::: AuthorizeRequest Request called at 9/19/2018 8:14:47 PM   :::   20:14:47.5848506

::::::::::: BeginRequest Request called at 9/19/2018 8:14:47 PM   :::   20:14:47.5888511

::::::::::: AuthenticateRequest Request called at 9/19/2018 8:14:47 PM   :::   20:14:47.5888511

::::::::::: PostAuthenticateRequest Request called at 9/19/2018 8:14:47 PM   :::   20:14:47.5928508

::::::::::: AuthorizeRequest Request called at 9/19/2018 8:14:47 PM   :::   20:14:47.6008517

::::::::::: PostAuthorizeRequest Request called at 9/19/2018 8:14:47 PM   :::   20:14:47.6368544

::::::::::: End Request called at 9/19/2018 8:14:47 PM   :::   20:14:47.6368544

::::::::::: End Request called at 9/19/2018 8:14:47 PM   :::   20:14:47.6528560

::::::::::: PostResolveRequestCache Request called at 9/19/2018 8:14:47 PM   :::   20:14:47.6568568

::::::::::: AcquireRequestState Request called at 9/19/2018 8:14:47 PM   :::   20:14:47.6608581

::::::::::: PostAcquireRequestState Request called at 9/19/2018 8:14:47 PM   :::   20:14:47.6648562

::::::::::: PreRequestHandlerExecute Request called at 9/19/2018 8:14:47 PM   :::   20:14:47.6728623

::::::::::: AcquireRequestState Request called at 9/19/2018 8:14:47 PM   :::   20:14:47.7368707

::::::::::: PostAcquireRequestState Request called at 9/19/2018 8:14:47 PM   :::   20:14:47.7408614

::::::::::: PreRequestHandlerExecute Request called at 9/19/2018 8:14:47 PM   :::   20:14:47.7408614

::::::::::: PreSendRequestContent Request called at 9/19/2018 8:15:16 PM   :::   20:15:16.4849511

::::::::::: PreSendRequestHeaders Request called at 9/19/2018 8:15:16 PM   :::   20:15:16.4889520

::::::::::: PostRequestHandlerExecute Request called at 9/19/2018 8:15:16 PM   :::   20:15:16.4969518

::::::::::: ReleaseRequestState Request called at 9/19/2018 8:15:16 PM   :::   20:15:16.4969518

::::::::::: PostReleaseRequestState Request called at 9/19/2018 8:15:16 PM   :::   20:15:16.5009511

::::::::::: UpdateRequestCache Request called at 9/19/2018 8:15:16 PM   :::   20:15:16.5089520

::::::::::: EndRequest Request called at 9/19/2018 8:15:16 PM   :::   20:15:16.5129561

::::::::::: PreSendRequestContent Request called at 9/19/2018 8:15:16 PM   :::   20:15:16.5169581

::::::::::: BeginRequest Request called at 9/19/2018 8:15:42 PM   :::   20:15:42.7503371

::::::::::: AuthenticateRequest Request called at 9/19/2018 8:15:42 PM   :::   20:15:42.7503371

::::::::::: PostAuthenticateRequest Request called at 9/19/2018 8:15:42 PM   :::   20:15:42.7543368

::::::::::: AuthorizeRequest Request called at 9/19/2018 8:15:42 PM   :::   20:15:42.7583377

::::::::::: PostAuthorizeRequest Request called at 9/19/2018 8:15:42 PM   :::   20:15:42.7583377

::::::::::: End Request called at 9/19/2018 8:15:42 PM   :::   20:15:42.7623445

::::::::::: PostResolveRequestCache Request called at 9/19/2018 8:15:42 PM   :::   20:15:42.7663379

::::::::::: AcquireRequestState Request called at 9/19/2018 8:15:42 PM   :::   20:15:42.7663379

::::::::::: PostAcquireRequestState Request called at 9/19/2018 8:15:42 PM   :::   20:15:42.7703391

::::::::::: PreRequestHandlerExecute Request called at 9/19/2018 8:15:42 PM   :::   20:15:42.7703391

::::::::::: PostRequestHandlerExecute Request called at 9/19/2018 8:15:42 PM   :::   20:15:42.7743388

::::::::::: ReleaseRequestState Request called at 9/19/2018 8:15:42 PM   :::   20:15:42.7743388

::::::::::: PostReleaseRequestState Request called at 9/19/2018 8:15:42 PM   :::   20:15:42.7743388

::::::::::: UpdateRequestCache Request called at 9/19/2018 8:15:42 PM   :::   20:15:42.7783436

::::::::::: EndRequest Request called at 9/19/2018 8:15:42 PM   :::   20:15:42.7823398

::::::::::: PreSendRequestContent Request called at 9/19/2018 8:15:42 PM   :::   20:15:42.7823398

::::::::::: PreSendRequestHeaders Request called at 9/19/2018 8:15:42 PM   :::   20:15:42.7943404

::::::::::: BeginRequest Request called at 9/19/2018 8:15:42 PM   :::   20:15:42.8583445

::::::::::: AuthenticateRequest Request called at 9/19/2018 8:15:42 PM   :::   20:15:42.8623501

::::::::::: PostAuthenticateRequest Request called at 9/19/2018 8:15:42 PM   :::   20:15:42.8623501

::::::::::: AuthorizeRequest Request called at 9/19/2018 8:15:42 PM   :::   20:15:42.8663451

::::::::::: PostAuthorizeRequest Request called at 9/19/2018 8:15:42 PM   :::   20:15:42.8783457

::::::::::: End Request called at 9/19/2018 8:15:42 PM   :::   20:15:42.8783457

::::::::::: PostResolveRequestCache Request called at 9/19/2018 8:15:42 PM   :::   20:15:42.8863518

::::::::::: AcquireRequestState Request called at 9/19/2018 8:15:42 PM   :::   20:15:42.8983477

::::::::::: PostAcquireRequestState Request called at 9/19/2018 8:15:42 PM   :::   20:15:42.9023474

::::::::::: PreRequestHandlerExecute Request called at 9/19/2018 8:15:42 PM   :::   20:15:42.9023474

::::::::::: PostRequestHandlerExecute Request called at 9/19/2018 8:15:49 PM   :::   20:15:49.5339544

::::::::::: ReleaseRequestState Request called at 9/19/2018 8:15:49 PM   :::   20:15:49.5339544

::::::::::: PostReleaseRequestState Request called at 9/19/2018 8:15:49 PM   :::   20:15:49.5495805

::::::::::: UpdateRequestCache Request called at 9/19/2018 8:15:49 PM   :::   20:15:49.5495805

::::::::::: EndRequest Request called at 9/19/2018 8:15:49 PM   :::   20:15:49.5652043

::::::::::: PreSendRequestContent Request called at 9/19/2018 8:15:49 PM   :::   20:15:49.5652043

::::::::::: PreSendRequestHeaders Request called at 9/19/2018 8:15:49 PM   :::   20:15:49.5808300

::::::::::: BeginRequest Request called at 9/19/2018 8:24:02 PM   :::   20:24:02.3919939

::::::::::: AuthenticateRequest Request called at 9/19/2018 8:24:02 PM   :::   20:24:02.3959975

::::::::::: PostAuthenticateRequest Request called at 9/19/2018 8:24:02 PM   :::   20:24:02.3959975

::::::::::: AuthorizeRequest Request called at 9/19/2018 8:24:02 PM   :::   20:24:02.3999956

::::::::::: PostAuthorizeRequest Request called at 9/19/2018 8:24:02 PM   :::   20:24:02.3999956

::::::::::: End Request called at 9/19/2018 8:24:02 PM   :::   20:24:02.4039949

::::::::::: PostResolveRequestCache Request called at 9/19/2018 8:24:02 PM   :::   20:24:02.4159976

::::::::::: AcquireRequestState Request called at 9/19/2018 8:24:02 PM   :::   20:24:02.4359968

::::::::::: PostAcquireRequestState Request called at 9/19/2018 8:24:02 PM   :::   20:24:02.4399985

::::::::::: PreRequestHandlerExecute Request called at 9/19/2018 8:24:02 PM   :::   20:24:02.4479986

::::::::::: PostResolveRequestCache Request called at 9/19/2018 8:24:02 PM   :::   20:24:02.4559988

::::::::::: AcquireRequestState Request called at 9/19/2018 8:24:02 PM   :::   20:24:02.4599989

::::::::::: PostReleaseRequestState Request called at 9/19/2018 8:24:02 PM   :::   20:24:02.4679994

::::::::::: UpdateRequestCache Request called at 9/19/2018 8:24:02 PM   :::   20:24:02.4719991

::::::::::: EndRequest Request called at 9/19/2018 8:24:02 PM   :::   20:24:02.4800032

::::::::::: PreSendRequestContent Request called at 9/19/2018 8:24:02 PM   :::   20:24:02.4880030

::::::::::: PreSendRequestHeaders Request called at 9/19/2018 8:24:06 PM   :::   20:24:06.4974030

::::::::::: BeginRequest Request called at 9/19/2018 8:24:08 PM   :::   20:24:08.2484275

::::::::::: AuthenticateRequest Request called at 9/19/2018 8:24:08 PM   :::   20:24:08.2564269

::::::::::: PostAuthenticateRequest Request called at 9/19/2018 8:24:08 PM   :::   20:24:08.2564269

::::::::::: AuthorizeRequest Request called at 9/19/2018 8:24:08 PM   :::   20:24:08.2604269

::::::::::: PostAuthorizeRequest Request called at 9/19/2018 8:24:08 PM   :::   20:24:08.2604269

::::::::::: End Request called at 9/19/2018 8:24:08 PM   :::   20:24:08.2604269

::::::::::: PostResolveRequestCache Request called at 9/19/2018 8:24:08 PM   :::   20:24:08.2644278

::::::::::: AcquireRequestState Request called at 9/19/2018 8:24:08 PM   :::   20:24:08.2644278

::::::::::: PostAcquireRequestState Request called at 9/19/2018 8:24:08 PM   :::   20:24:08.2644278

::::::::::: PreRequestHandlerExecute Request called at 9/19/2018 8:24:08 PM   :::   20:24:08.2684287

::::::::::: PreSendRequestContent Request called at 9/19/2018 8:52:46 PM   :::   20:52:46.9542920

::::::::::: PreSendRequestHeaders Request called at 9/19/2018 8:52:46 PM   :::   20:52:46.9582933

::::::::::: Error Request called at 9/19/2018 8:52:46 PM   :::   20:52:46.9702940

::::::::::: PreSendRequestContent Request called at 9/19/2018 8:53:01 PM   :::   20:53:01.9473534

::::::::::: PreSendRequestContent Request called at 9/19/2018 8:53:01 PM   :::   20:53:01.9513452

::::::::::: PreSendRequestContent Request called at 9/19/2018 8:53:01 PM   :::   20:53:01.9593465

::::::::::: PreSendRequestContent Request called at 9/19/2018 8:53:01 PM   :::   20:53:01.9713472

::::::::::: EndRequest Request called at 9/19/2018 8:53:02 PM   :::   20:53:02.0233502

::::::::::: PreSendRequestContent Request called at 9/19/2018 8:53:02 PM   :::   20:53:02.0313595

::::::::::: PostRequestHandlerExecute Request called at 9/19/2018 8:53:10 PM   :::   20:53:10.8896571

::::::::::: ReleaseRequestState Request called at 9/19/2018 8:53:10 PM   :::   20:53:10.9052568

::::::::::: PostReleaseRequestState Request called at 9/19/2018 8:53:10 PM   :::   20:53:10.9052568

::::::::::: UpdateRequestCache Request called at 9/19/2018 8:53:10 PM   :::   20:53:10.9052568

::::::::::: EndRequest Request called at 9/19/2018 8:53:10 PM   :::   20:53:10.9052568

::::::::::: PreSendRequestContent Request called at 9/19/2018 8:53:10 PM   :::   20:53:10.9052568

::::::::::: PreSendRequestHeaders Request called at 9/19/2018 8:53:10 PM   :::   20:53:10.9208884

