::::::::::: BeginRequest Request called at 10/6/2018 8:27:13 PM   :::   20:27:13.4833298

::::::::::: AuthenticateRequest Request called at 10/6/2018 8:27:13 PM   :::   20:27:13.4898346

::::::::::: PostAuthenticateRequest Request called at 10/6/2018 8:27:13 PM   :::   20:27:13.4943372

::::::::::: AuthorizeRequest Request called at 10/6/2018 8:27:13 PM   :::   20:27:13.4968396

::::::::::: PostAuthorizeRequest Request called at 10/6/2018 8:27:13 PM   :::   20:27:13.4983404

::::::::::: End Request called at 10/6/2018 8:27:13 PM   :::   20:27:13.5018431

::::::::::: PostResolveRequestCache Request called at 10/6/2018 8:27:13 PM   :::   20:27:13.6014136

::::::::::: AcquireRequestState Request called at 10/6/2018 8:27:13 PM   :::   20:27:13.6424427

::::::::::: PostAcquireRequestState Request called at 10/6/2018 8:27:13 PM   :::   20:27:13.6454444

::::::::::: PreRequestHandlerExecute Request called at 10/6/2018 8:27:13 PM   :::   20:27:13.6469457

::::::::::: PostRequestHandlerExecute Request called at 10/6/2018 8:27:17 PM   :::   20:27:17.7633672

::::::::::: ReleaseRequestState Request called at 10/6/2018 8:27:17 PM   :::   20:27:17.7713728

::::::::::: PostReleaseRequestState Request called at 10/6/2018 8:27:17 PM   :::   20:27:17.7748759

::::::::::: UpdateRequestCache Request called at 10/6/2018 8:27:17 PM   :::   20:27:17.8984638

::::::::::: EndRequest Request called at 10/6/2018 8:27:17 PM   :::   20:27:17.9084705

::::::::::: PreSendRequestContent Request called at 10/6/2018 8:27:17 PM   :::   20:27:17.9169760

::::::::::: PreSendRequestHeaders Request called at 10/6/2018 8:27:17 PM   :::   20:27:17.9189829

::::::::::: BeginRequest Request called at 10/6/2018 8:27:23 PM   :::   20:27:23.8021023

::::::::::: AuthenticateRequest Request called at 10/6/2018 8:27:23 PM   :::   20:27:23.8036032

::::::::::: PostAuthenticateRequest Request called at 10/6/2018 8:27:23 PM   :::   20:27:23.8051049

::::::::::: AuthorizeRequest Request called at 10/6/2018 8:27:23 PM   :::   20:27:23.8066053

::::::::::: PostAuthorizeRequest Request called at 10/6/2018 8:27:23 PM   :::   20:27:23.8081066

::::::::::: End Request called at 10/6/2018 8:27:23 PM   :::   20:27:23.8096067

::::::::::: PostResolveRequestCache Request called at 10/6/2018 8:27:23 PM   :::   20:27:23.8366266

::::::::::: AcquireRequestState Request called at 10/6/2018 8:27:23 PM   :::   20:27:23.8381271

::::::::::: PostAcquireRequestState Request called at 10/6/2018 8:27:23 PM   :::   20:27:23.8401293

::::::::::: PreRequestHandlerExecute Request called at 10/6/2018 8:27:23 PM   :::   20:27:23.8416302

::::::::::: PostRequestHandlerExecute Request called at 10/6/2018 8:27:23 PM   :::   20:27:23.9777268

::::::::::: ReleaseRequestState Request called at 10/6/2018 8:27:23 PM   :::   20:27:23.9792276

::::::::::: PostReleaseRequestState Request called at 10/6/2018 8:27:23 PM   :::   20:27:23.9807285

::::::::::: UpdateRequestCache Request called at 10/6/2018 8:27:23 PM   :::   20:27:23.9822298

::::::::::: EndRequest Request called at 10/6/2018 8:27:23 PM   :::   20:27:23.9847314

::::::::::: PreSendRequestContent Request called at 10/6/2018 8:27:23 PM   :::   20:27:23.9862322

::::::::::: PreSendRequestHeaders Request called at 10/6/2018 8:27:23 PM   :::   20:27:23.9872329

::::::::::: BeginRequest Request called at 10/6/2018 8:27:24 PM   :::   20:27:24.0072475

::::::::::: AuthenticateRequest Request called at 10/6/2018 8:27:24 PM   :::   20:27:24.0087488

::::::::::: PostAuthenticateRequest Request called at 10/6/2018 8:27:24 PM   :::   20:27:24.0102493

::::::::::: AuthorizeRequest Request called at 10/6/2018 8:27:24 PM   :::   20:27:24.0137523

::::::::::: PostAuthorizeRequest Request called at 10/6/2018 8:27:24 PM   :::   20:27:24.0177556

::::::::::: End Request called at 10/6/2018 8:27:24 PM   :::   20:27:24.0197566

::::::::::: PostResolveRequestCache Request called at 10/6/2018 8:27:24 PM   :::   20:27:24.0217584

::::::::::: AcquireRequestState Request called at 10/6/2018 8:27:24 PM   :::   20:27:24.0247605

::::::::::: PostAcquireRequestState Request called at 10/6/2018 8:27:24 PM   :::   20:27:24.0277627

::::::::::: PreRequestHandlerExecute Request called at 10/6/2018 8:27:24 PM   :::   20:27:24.0292632

::::::::::: BeginRequest Request called at 10/6/2018 8:27:35 PM   :::   20:27:35.0137800

::::::::::: AuthenticateRequest Request called at 10/6/2018 8:27:35 PM   :::   20:27:35.0157798

::::::::::: PostAuthenticateRequest Request called at 10/6/2018 8:27:35 PM   :::   20:27:35.0167809

::::::::::: AuthorizeRequest Request called at 10/6/2018 8:27:35 PM   :::   20:27:35.0187819

::::::::::: PostAuthorizeRequest Request called at 10/6/2018 8:27:35 PM   :::   20:27:35.0197831

::::::::::: End Request called at 10/6/2018 8:27:35 PM   :::   20:27:35.0227895

::::::::::: PostResolveRequestCache Request called at 10/6/2018 8:27:35 PM   :::   20:27:35.0247866

::::::::::: AcquireRequestState Request called at 10/6/2018 8:27:35 PM   :::   20:27:35.0267880

::::::::::: PostAcquireRequestState Request called at 10/6/2018 8:27:35 PM   :::   20:27:35.0277891

::::::::::: PreRequestHandlerExecute Request called at 10/6/2018 8:27:35 PM   :::   20:27:35.0287898

::::::::::: PostRequestHandlerExecute Request called at 10/6/2018 8:27:35 PM   :::   20:27:35.0307909

::::::::::: ReleaseRequestState Request called at 10/6/2018 8:27:35 PM   :::   20:27:35.0327927

::::::::::: PostReleaseRequestState Request called at 10/6/2018 8:27:35 PM   :::   20:27:35.0347945

::::::::::: UpdateRequestCache Request called at 10/6/2018 8:27:35 PM   :::   20:27:35.0357952

::::::::::: EndRequest Request called at 10/6/2018 8:27:35 PM   :::   20:27:35.0377966

::::::::::: PreSendRequestContent Request called at 10/6/2018 8:27:35 PM   :::   20:27:35.0417987

::::::::::: PreSendRequestHeaders Request called at 10/6/2018 8:27:35 PM   :::   20:27:35.0427998

::::::::::: BeginRequest Request called at 10/6/2018 8:27:35 PM   :::   20:27:35.0753278

::::::::::: AuthenticateRequest Request called at 10/6/2018 8:27:35 PM   :::   20:27:35.0773292

::::::::::: PostAuthenticateRequest Request called at 10/6/2018 8:27:35 PM   :::   20:27:35.0788309

::::::::::: AuthorizeRequest Request called at 10/6/2018 8:27:35 PM   :::   20:27:35.0808315

::::::::::: PostAuthorizeRequest Request called at 10/6/2018 8:27:35 PM   :::   20:27:35.0828337

::::::::::: End Request called at 10/6/2018 8:27:35 PM   :::   20:27:35.0848347

::::::::::: PostResolveRequestCache Request called at 10/6/2018 8:27:35 PM   :::   20:27:35.0868429

::::::::::: AcquireRequestState Request called at 10/6/2018 8:27:35 PM   :::   20:27:35.0888431

::::::::::: PostAcquireRequestState Request called at 10/6/2018 8:27:35 PM   :::   20:27:35.0908449

::::::::::: PreRequestHandlerExecute Request called at 10/6/2018 8:27:35 PM   :::   20:27:35.0928463

::::::::::: BeginRequest Request called at 10/6/2018 8:27:41 PM   :::   20:27:41.5891658

::::::::::: AuthenticateRequest Request called at 10/6/2018 8:27:41 PM   :::   20:27:41.5931679

::::::::::: PostAuthenticateRequest Request called at 10/6/2018 8:27:41 PM   :::   20:27:41.5941690

::::::::::: AuthorizeRequest Request called at 10/6/2018 8:27:41 PM   :::   20:27:41.5961700

::::::::::: PostAuthorizeRequest Request called at 10/6/2018 8:27:41 PM   :::   20:27:41.5971707

::::::::::: End Request called at 10/6/2018 8:27:41 PM   :::   20:27:41.6011743

::::::::::: PostResolveRequestCache Request called at 10/6/2018 8:27:41 PM   :::   20:27:41.6041761

::::::::::: AcquireRequestState Request called at 10/6/2018 8:27:41 PM   :::   20:27:41.6056801

::::::::::: PostAcquireRequestState Request called at 10/6/2018 8:27:41 PM   :::   20:27:41.6066832

::::::::::: PreRequestHandlerExecute Request called at 10/6/2018 8:27:41 PM   :::   20:27:41.6081837

::::::::::: PostRequestHandlerExecute Request called at 10/6/2018 8:27:41 PM   :::   20:27:41.6101835

::::::::::: ReleaseRequestState Request called at 10/6/2018 8:27:41 PM   :::   20:27:41.6116848

::::::::::: PostReleaseRequestState Request called at 10/6/2018 8:27:41 PM   :::   20:27:41.6131864

::::::::::: UpdateRequestCache Request called at 10/6/2018 8:27:41 PM   :::   20:27:41.6166883

::::::::::: EndRequest Request called at 10/6/2018 8:27:41 PM   :::   20:27:41.6186901

::::::::::: PreSendRequestContent Request called at 10/6/2018 8:27:41 PM   :::   20:27:41.6206923

::::::::::: PreSendRequestHeaders Request called at 10/6/2018 8:27:41 PM   :::   20:27:41.6221983

::::::::::: PostRequestHandlerExecute Request called at 10/6/2018 8:27:41 PM   :::   20:27:41.7362809

::::::::::: ReleaseRequestState Request called at 10/6/2018 8:27:41 PM   :::   20:27:41.7372824

::::::::::: PostReleaseRequestState Request called at 10/6/2018 8:27:41 PM   :::   20:27:41.7382839

::::::::::: UpdateRequestCache Request called at 10/6/2018 8:27:41 PM   :::   20:27:41.7402853

::::::::::: EndRequest Request called at 10/6/2018 8:27:41 PM   :::   20:27:41.7412864

::::::::::: BeginRequest Request called at 10/6/2018 8:27:41 PM   :::   20:27:41.9544467

::::::::::: AuthenticateRequest Request called at 10/6/2018 8:27:41 PM   :::   20:27:41.9574532

::::::::::: PostAuthenticateRequest Request called at 10/6/2018 8:27:41 PM   :::   20:27:41.9594507

::::::::::: AuthorizeRequest Request called at 10/6/2018 8:27:41 PM   :::   20:27:41.9604510

::::::::::: PostAuthorizeRequest Request called at 10/6/2018 8:27:41 PM   :::   20:27:41.9614517

::::::::::: End Request called at 10/6/2018 8:27:41 PM   :::   20:27:41.9634531

::::::::::: PostResolveRequestCache Request called at 10/6/2018 8:27:41 PM   :::   20:27:41.9644542

::::::::::: AcquireRequestState Request called at 10/6/2018 8:27:41 PM   :::   20:27:41.9664549

::::::::::: PostAcquireRequestState Request called at 10/6/2018 8:27:41 PM   :::   20:27:41.9684555

::::::::::: PreRequestHandlerExecute Request called at 10/6/2018 8:27:41 PM   :::   20:27:41.9694574

::::::::::: PostRequestHandlerExecute Request called at 10/6/2018 8:27:47 PM   :::   20:27:47.3360734

::::::::::: ReleaseRequestState Request called at 10/6/2018 8:27:47 PM   :::   20:27:47.3370749

::::::::::: PostReleaseRequestState Request called at 10/6/2018 8:27:47 PM   :::   20:27:47.3390763

::::::::::: UpdateRequestCache Request called at 10/6/2018 8:27:47 PM   :::   20:27:47.3400766

::::::::::: EndRequest Request called at 10/6/2018 8:27:47 PM   :::   20:27:47.3420780

::::::::::: PreSendRequestContent Request called at 10/6/2018 8:27:49 PM   :::   20:27:49.5374889

::::::::::: PreSendRequestHeaders Request called at 10/6/2018 8:27:49 PM   :::   20:27:49.5394738

::::::::::: PostRequestHandlerExecute Request called at 10/6/2018 8:27:49 PM   :::   20:27:49.5494809

::::::::::: ReleaseRequestState Request called at 10/6/2018 8:27:49 PM   :::   20:27:49.5514823

::::::::::: PostReleaseRequestState Request called at 10/6/2018 8:27:49 PM   :::   20:27:49.5534841

::::::::::: UpdateRequestCache Request called at 10/6/2018 8:27:49 PM   :::   20:27:49.5554887

::::::::::: EndRequest Request called at 10/6/2018 8:27:49 PM   :::   20:27:49.5574865

::::::::::: PreSendRequestContent Request called at 10/6/2018 8:27:49 PM   :::   20:27:49.5594880

::::::::::: BeginRequest Request called at 10/6/2018 8:27:56 PM   :::   20:27:56.1555575

::::::::::: AuthenticateRequest Request called at 10/6/2018 8:27:56 PM   :::   20:27:56.1585596

::::::::::: PostAuthenticateRequest Request called at 10/6/2018 8:27:56 PM   :::   20:27:56.1595607

::::::::::: AuthorizeRequest Request called at 10/6/2018 8:27:56 PM   :::   20:27:56.1615618

::::::::::: PostAuthorizeRequest Request called at 10/6/2018 8:27:56 PM   :::   20:27:56.1625625

::::::::::: End Request called at 10/6/2018 8:27:56 PM   :::   20:27:56.1645639

::::::::::: PostResolveRequestCache Request called at 10/6/2018 8:27:56 PM   :::   20:27:56.1665657

::::::::::: AcquireRequestState Request called at 10/6/2018 8:27:56 PM   :::   20:27:56.1685675

::::::::::: PostAcquireRequestState Request called at 10/6/2018 8:27:56 PM   :::   20:27:56.1695675

::::::::::: PreRequestHandlerExecute Request called at 10/6/2018 8:27:56 PM   :::   20:27:56.1715689

::::::::::: PostRequestHandlerExecute Request called at 10/6/2018 8:27:56 PM   :::   20:27:56.1745714

::::::::::: ReleaseRequestState Request called at 10/6/2018 8:27:56 PM   :::   20:27:56.1765728

::::::::::: PostReleaseRequestState Request called at 10/6/2018 8:27:56 PM   :::   20:27:56.1785754

::::::::::: UpdateRequestCache Request called at 10/6/2018 8:27:56 PM   :::   20:27:56.1805749

::::::::::: EndRequest Request called at 10/6/2018 8:27:56 PM   :::   20:27:56.1845852

::::::::::: PreSendRequestContent Request called at 10/6/2018 8:27:56 PM   :::   20:27:56.1885837

::::::::::: PreSendRequestHeaders Request called at 10/6/2018 8:27:56 PM   :::   20:27:56.1895821

::::::::::: BeginRequest Request called at 10/6/2018 8:27:56 PM   :::   20:27:56.1965918

::::::::::: AuthenticateRequest Request called at 10/6/2018 8:27:56 PM   :::   20:27:56.1980930

::::::::::: PostAuthenticateRequest Request called at 10/6/2018 8:27:56 PM   :::   20:27:56.1995943

::::::::::: AuthorizeRequest Request called at 10/6/2018 8:27:56 PM   :::   20:27:56.2041072

::::::::::: PostAuthorizeRequest Request called at 10/6/2018 8:27:56 PM   :::   20:27:56.2055989

::::::::::: End Request called at 10/6/2018 8:27:56 PM   :::   20:27:56.2075996

::::::::::: PostResolveRequestCache Request called at 10/6/2018 8:27:56 PM   :::   20:27:56.2096042

::::::::::: AcquireRequestState Request called at 10/6/2018 8:27:56 PM   :::   20:27:56.2106049

::::::::::: PostAcquireRequestState Request called at 10/6/2018 8:27:56 PM   :::   20:27:56.2116056

::::::::::: PreRequestHandlerExecute Request called at 10/6/2018 8:27:56 PM   :::   20:27:56.2136090

::::::::::: PreSendRequestContent Request called at 10/6/2018 8:28:13 PM   :::   20:28:13.1558781

::::::::::: PreSendRequestHeaders Request called at 10/6/2018 8:28:13 PM   :::   20:28:13.1578957

::::::::::: Error Request called at 10/6/2018 8:28:13 PM   :::   20:28:13.1698844

::::::::::: PreSendRequestContent Request called at 10/6/2018 8:28:23 PM   :::   20:28:23.2804856

::::::::::: PreSendRequestContent Request called at 10/6/2018 8:28:23 PM   :::   20:28:23.2854627

::::::::::: PreSendRequestContent Request called at 10/6/2018 8:28:23 PM   :::   20:28:23.2984720

::::::::::: PreSendRequestContent Request called at 10/6/2018 8:28:23 PM   :::   20:28:23.3239985

::::::::::: EndRequest Request called at 10/6/2018 8:28:23 PM   :::   20:28:23.3315025

::::::::::: PreSendRequestContent Request called at 10/6/2018 8:28:23 PM   :::   20:28:23.3350052

::::::::::: BeginRequest Request called at 10/6/2018 8:28:30 PM   :::   20:28:30.4073153

::::::::::: AuthenticateRequest Request called at 10/6/2018 8:28:30 PM   :::   20:28:30.4083156

::::::::::: PostAuthenticateRequest Request called at 10/6/2018 8:28:30 PM   :::   20:28:30.4103174

::::::::::: AuthorizeRequest Request called at 10/6/2018 8:28:30 PM   :::   20:28:30.4123192

::::::::::: PostAuthorizeRequest Request called at 10/6/2018 8:28:30 PM   :::   20:28:30.4193289

::::::::::: End Request called at 10/6/2018 8:28:30 PM   :::   20:28:30.4203245

::::::::::: PostResolveRequestCache Request called at 10/6/2018 8:28:30 PM   :::   20:28:30.4233266

::::::::::: AcquireRequestState Request called at 10/6/2018 8:28:30 PM   :::   20:28:30.4343352

::::::::::: PostAcquireRequestState Request called at 10/6/2018 8:28:30 PM   :::   20:28:30.4403387

::::::::::: PreRequestHandlerExecute Request called at 10/6/2018 8:28:30 PM   :::   20:28:30.4423401

::::::::::: PostAuthenticateRequest Request called at 10/6/2018 8:28:30 PM   :::   20:28:30.4533475

::::::::::: AuthorizeRequest Request called at 10/6/2018 8:28:30 PM   :::   20:28:30.4583531

::::::::::: PostAuthorizeRequest Request called at 10/6/2018 8:28:30 PM   :::   20:28:30.4658610

::::::::::: UpdateRequestCache Request called at 10/6/2018 8:28:30 PM   :::   20:28:30.4762478

::::::::::: EndRequest Request called at 10/6/2018 8:28:30 PM   :::   20:28:30.4802503

::::::::::: AcquireRequestState Request called at 10/6/2018 8:28:30 PM   :::   20:28:30.4902574

::::::::::: PostAcquireRequestState Request called at 10/6/2018 8:28:30 PM   :::   20:28:30.4942602

::::::::::: PreRequestHandlerExecute Request called at 10/6/2018 8:28:30 PM   :::   20:28:30.4992634

::::::::::: PostRequestHandlerExecute Request called at 10/6/2018 8:28:30 PM   :::   20:28:30.5753229

::::::::::: ReleaseRequestState Request called at 10/6/2018 8:28:30 PM   :::   20:28:30.5763244

::::::::::: PostReleaseRequestState Request called at 10/6/2018 8:28:30 PM   :::   20:28:30.5773255

::::::::::: UpdateRequestCache Request called at 10/6/2018 8:28:30 PM   :::   20:28:30.5793273

::::::::::: EndRequest Request called at 10/6/2018 8:28:30 PM   :::   20:28:30.5803272

::::::::::: PreSendRequestContent Request called at 10/6/2018 8:28:30 PM   :::   20:28:30.5813279

::::::::::: PreSendRequestHeaders Request called at 10/6/2018 8:28:30 PM   :::   20:28:30.5823290

::::::::::: BeginRequest Request called at 10/6/2018 8:28:31 PM   :::   20:28:31.6778876

::::::::::: AuthenticateRequest Request called at 10/6/2018 8:28:31 PM   :::   20:28:31.6788879

::::::::::: PostAuthenticateRequest Request called at 10/6/2018 8:28:31 PM   :::   20:28:31.6808893

::::::::::: AuthorizeRequest Request called at 10/6/2018 8:28:31 PM   :::   20:28:31.6838981

::::::::::: PostAuthorizeRequest Request called at 10/6/2018 8:28:31 PM   :::   20:28:31.6868943

::::::::::: End Request called at 10/6/2018 8:28:31 PM   :::   20:28:31.6878955

::::::::::: PostResolveRequestCache Request called at 10/6/2018 8:28:31 PM   :::   20:28:31.6898965

::::::::::: AcquireRequestState Request called at 10/6/2018 8:28:31 PM   :::   20:28:31.6908968

::::::::::: PostAcquireRequestState Request called at 10/6/2018 8:28:31 PM   :::   20:28:31.6928982

::::::::::: PreRequestHandlerExecute Request called at 10/6/2018 8:28:31 PM   :::   20:28:31.7029049

::::::::::: PreSendRequestContent Request called at 10/6/2018 8:28:33 PM   :::   20:28:33.7341760

::::::::::: PreSendRequestHeaders Request called at 10/6/2018 8:28:33 PM   :::   20:28:33.7361767

::::::::::: PostRequestHandlerExecute Request called at 10/6/2018 8:28:33 PM   :::   20:28:33.7391800

::::::::::: ReleaseRequestState Request called at 10/6/2018 8:28:33 PM   :::   20:28:33.7401807

::::::::::: PostReleaseRequestState Request called at 10/6/2018 8:28:33 PM   :::   20:28:33.7431836

::::::::::: UpdateRequestCache Request called at 10/6/2018 8:28:33 PM   :::   20:28:33.7451834

::::::::::: EndRequest Request called at 10/6/2018 8:28:33 PM   :::   20:28:33.7471849

::::::::::: PreSendRequestContent Request called at 10/6/2018 8:28:33 PM   :::   20:28:33.7511877

::::::::::: BeginRequest Request called at 10/6/2018 8:29:29 PM   :::   20:29:29.3609885

::::::::::: AuthenticateRequest Request called at 10/6/2018 8:29:29 PM   :::   20:29:29.3629832

::::::::::: PostAuthenticateRequest Request called at 10/6/2018 8:29:29 PM   :::   20:29:29.3639839

::::::::::: AuthorizeRequest Request called at 10/6/2018 8:29:29 PM   :::   20:29:29.3659857

::::::::::: PostAuthorizeRequest Request called at 10/6/2018 8:29:29 PM   :::   20:29:29.3689879

::::::::::: End Request called at 10/6/2018 8:29:29 PM   :::   20:29:29.3709885

::::::::::: PostResolveRequestCache Request called at 10/6/2018 8:29:29 PM   :::   20:29:29.3729931

::::::::::: AcquireRequestState Request called at 10/6/2018 8:29:29 PM   :::   20:29:29.3790029

::::::::::: PostAcquireRequestState Request called at 10/6/2018 8:29:29 PM   :::   20:29:29.3819963

::::::::::: PreRequestHandlerExecute Request called at 10/6/2018 8:29:29 PM   :::   20:29:29.3829974

::::::::::: PostRequestHandlerExecute Request called at 10/6/2018 8:29:29 PM   :::   20:29:29.3880010

::::::::::: ReleaseRequestState Request called at 10/6/2018 8:29:29 PM   :::   20:29:29.3890025

::::::::::: PostReleaseRequestState Request called at 10/6/2018 8:29:29 PM   :::   20:29:29.3900048

::::::::::: UpdateRequestCache Request called at 10/6/2018 8:29:29 PM   :::   20:29:29.3920030

::::::::::: EndRequest Request called at 10/6/2018 8:29:29 PM   :::   20:29:29.3960138

::::::::::: PreSendRequestContent Request called at 10/6/2018 8:29:29 PM   :::   20:29:29.3980073

::::::::::: PreSendRequestHeaders Request called at 10/6/2018 8:29:29 PM   :::   20:29:29.3990084

::::::::::: BeginRequest Request called at 10/6/2018 8:29:29 PM   :::   20:29:29.4040119

::::::::::: AuthenticateRequest Request called at 10/6/2018 8:29:29 PM   :::   20:29:29.4060130

::::::::::: PostAuthenticateRequest Request called at 10/6/2018 8:29:29 PM   :::   20:29:29.4070141

::::::::::: AuthorizeRequest Request called at 10/6/2018 8:29:29 PM   :::   20:29:29.4090159

::::::::::: PostAuthorizeRequest Request called at 10/6/2018 8:29:29 PM   :::   20:29:29.4120350

::::::::::: End Request called at 10/6/2018 8:29:29 PM   :::   20:29:29.4135363

::::::::::: PostResolveRequestCache Request called at 10/6/2018 8:29:29 PM   :::   20:29:29.4155369

::::::::::: AcquireRequestState Request called at 10/6/2018 8:29:29 PM   :::   20:29:29.4175387

::::::::::: PostAcquireRequestState Request called at 10/6/2018 8:29:29 PM   :::   20:29:29.4190404

::::::::::: PreRequestHandlerExecute Request called at 10/6/2018 8:29:29 PM   :::   20:29:29.4205404

::::::::::: BeginRequest Request called at 10/6/2018 8:35:28 PM   :::   20:35:28.8090157

::::::::::: BeginRequest Request called at 10/6/2018 8:35:28 PM   :::   20:35:28.8130182

::::::::::: AuthenticateRequest Request called at 10/6/2018 8:35:28 PM   :::   20:35:28.8165244

::::::::::: PostAuthenticateRequest Request called at 10/6/2018 8:35:28 PM   :::   20:35:28.8230284

::::::::::: AuthorizeRequest Request called at 10/6/2018 8:35:28 PM   :::   20:35:28.8320392

::::::::::: BeginRequest Request called at 10/6/2018 8:35:28 PM   :::   20:35:28.8120175

::::::::::: AuthenticateRequest Request called at 10/6/2018 8:35:28 PM   :::   20:35:28.8550551

::::::::::: PostAuthenticateRequest Request called at 10/6/2018 8:35:28 PM   :::   20:35:28.8650610

::::::::::: AuthorizeRequest Request called at 10/6/2018 8:35:28 PM   :::   20:35:28.8690650

::::::::::: AuthorizeRequest Request called at 10/6/2018 8:35:28 PM   :::   20:35:28.8740698

::::::::::: PostAuthorizeRequest Request called at 10/6/2018 8:35:28 PM   :::   20:35:28.8810740

::::::::::: End Request called at 10/6/2018 8:35:28 PM   :::   20:35:28.8850764

::::::::::: PostResolveRequestCache Request called at 10/6/2018 8:35:28 PM   :::   20:35:28.9110941

::::::::::: AcquireRequestState Request called at 10/6/2018 8:35:28 PM   :::   20:35:28.9381192

::::::::::: PostAcquireRequestState Request called at 10/6/2018 8:35:28 PM   :::   20:35:28.9481267

::::::::::: PreRequestHandlerExecute Request called at 10/6/2018 8:35:28 PM   :::   20:35:28.9731440

::::::::::: PreRequestHandlerExecute Request called at 10/6/2018 8:35:28 PM   :::   20:35:28.9961608

::::::::::: PostResolveRequestCache Request called at 10/6/2018 8:35:29 PM   :::   20:35:29.0662160

::::::::::: AcquireRequestState Request called at 10/6/2018 8:35:29 PM   :::   20:35:29.0692189

::::::::::: PostAcquireRequestState Request called at 10/6/2018 8:35:29 PM   :::   20:35:29.0782253

::::::::::: PreRequestHandlerExecute Request called at 10/6/2018 8:35:29 PM   :::   20:35:29.0792256

::::::::::: PostRequestHandlerExecute Request called at 10/6/2018 8:35:29 PM   :::   20:35:29.1502796

::::::::::: ReleaseRequestState Request called at 10/6/2018 8:35:29 PM   :::   20:35:29.1522810

::::::::::: PostReleaseRequestState Request called at 10/6/2018 8:35:29 PM   :::   20:35:29.1552832

::::::::::: UpdateRequestCache Request called at 10/6/2018 8:35:29 PM   :::   20:35:29.1592860

::::::::::: EndRequest Request called at 10/6/2018 8:35:29 PM   :::   20:35:29.1622877

::::::::::: PreSendRequestContent Request called at 10/6/2018 8:35:29 PM   :::   20:35:29.1853068

::::::::::: PreSendRequestHeaders Request called at 10/6/2018 8:35:29 PM   :::   20:35:29.1873086

::::::::::: PostRequestHandlerExecute Request called at 10/6/2018 8:35:29 PM   :::   20:35:29.6481406

::::::::::: ReleaseRequestState Request called at 10/6/2018 8:35:29 PM   :::   20:35:29.6511427

::::::::::: PostReleaseRequestState Request called at 10/6/2018 8:35:29 PM   :::   20:35:29.6586479

::::::::::: UpdateRequestCache Request called at 10/6/2018 8:35:29 PM   :::   20:35:29.6616504

::::::::::: EndRequest Request called at 10/6/2018 8:35:29 PM   :::   20:35:29.6631505

::::::::::: PreSendRequestContent Request called at 10/6/2018 8:35:29 PM   :::   20:35:29.6646529

::::::::::: PreSendRequestHeaders Request called at 10/6/2018 8:35:29 PM   :::   20:35:29.6671537

::::::::::: BeginRequest Request called at 10/6/2018 8:35:31 PM   :::   20:35:31.2795777

::::::::::: AuthenticateRequest Request called at 10/6/2018 8:35:31 PM   :::   20:35:31.2810781

::::::::::: PostAuthenticateRequest Request called at 10/6/2018 8:35:31 PM   :::   20:35:31.2830796

::::::::::: AuthorizeRequest Request called at 10/6/2018 8:35:31 PM   :::   20:35:31.2850810

::::::::::: PostAuthorizeRequest Request called at 10/6/2018 8:35:31 PM   :::   20:35:31.2865823

::::::::::: End Request called at 10/6/2018 8:35:31 PM   :::   20:35:31.2915854

::::::::::: PostResolveRequestCache Request called at 10/6/2018 8:35:31 PM   :::   20:35:31.2930867

::::::::::: AcquireRequestState Request called at 10/6/2018 8:35:31 PM   :::   20:35:31.2950885

::::::::::: PostAcquireRequestState Request called at 10/6/2018 8:35:31 PM   :::   20:35:31.2970895

::::::::::: PreRequestHandlerExecute Request called at 10/6/2018 8:35:31 PM   :::   20:35:31.2985904

::::::::::: PostRequestHandlerExecute Request called at 10/6/2018 8:35:32 PM   :::   20:35:32.0648458

::::::::::: ReleaseRequestState Request called at 10/6/2018 8:35:32 PM   :::   20:35:32.0663471

::::::::::: PostReleaseRequestState Request called at 10/6/2018 8:35:32 PM   :::   20:35:32.0673478

::::::::::: UpdateRequestCache Request called at 10/6/2018 8:35:32 PM   :::   20:35:32.1999421

::::::::::: EndRequest Request called at 10/6/2018 8:35:32 PM   :::   20:35:32.2019435

::::::::::: PreSendRequestContent Request called at 10/6/2018 8:35:32 PM   :::   20:35:32.2034440

::::::::::: PreSendRequestHeaders Request called at 10/6/2018 8:35:32 PM   :::   20:35:32.2064469

::::::::::: PreSendRequestContent Request called at 10/6/2018 8:35:33 PM   :::   20:35:33.6021983

::::::::::: PreSendRequestHeaders Request called at 10/6/2018 8:35:33 PM   :::   20:35:33.6042009

::::::::::: PostRequestHandlerExecute Request called at 10/6/2018 8:35:33 PM   :::   20:35:33.6082034

::::::::::: ReleaseRequestState Request called at 10/6/2018 8:35:33 PM   :::   20:35:33.6112095

::::::::::: PostReleaseRequestState Request called at 10/6/2018 8:35:33 PM   :::   20:35:33.6127103

::::::::::: UpdateRequestCache Request called at 10/6/2018 8:35:33 PM   :::   20:35:33.6137126

::::::::::: EndRequest Request called at 10/6/2018 8:35:33 PM   :::   20:35:33.6157129

::::::::::: PreSendRequestContent Request called at 10/6/2018 8:35:33 PM   :::   20:35:33.6172137

::::::::::: BeginRequest Request called at 10/6/2018 8:36:37 PM   :::   20:36:37.1985920

::::::::::: AuthenticateRequest Request called at 10/6/2018 8:36:37 PM   :::   20:36:37.2005934

::::::::::: PostAuthenticateRequest Request called at 10/6/2018 8:36:37 PM   :::   20:36:37.2025952

::::::::::: AuthorizeRequest Request called at 10/6/2018 8:36:37 PM   :::   20:36:37.2051012

::::::::::: PostAuthorizeRequest Request called at 10/6/2018 8:36:37 PM   :::   20:36:37.2066024

::::::::::: End Request called at 10/6/2018 8:36:37 PM   :::   20:36:37.2091044

::::::::::: PostResolveRequestCache Request called at 10/6/2018 8:36:37 PM   :::   20:36:37.2116056

::::::::::: AcquireRequestState Request called at 10/6/2018 8:36:37 PM   :::   20:36:37.2136066

::::::::::: PostAcquireRequestState Request called at 10/6/2018 8:36:37 PM   :::   20:36:37.2191206

::::::::::: PreRequestHandlerExecute Request called at 10/6/2018 8:36:37 PM   :::   20:36:37.2216257

::::::::::: PreSendRequestContent Request called at 10/6/2018 8:36:37 PM   :::   20:36:37.4207773

::::::::::: PreSendRequestHeaders Request called at 10/6/2018 8:36:37 PM   :::   20:36:37.4227791

::::::::::: Error Request called at 10/6/2018 8:36:37 PM   :::   20:36:37.4267827

::::::::::: BeginRequest Request called at 10/6/2018 8:36:41 PM   :::   20:36:41.2469648

::::::::::: AuthenticateRequest Request called at 10/6/2018 8:36:41 PM   :::   20:36:41.2479671

::::::::::: PostAuthenticateRequest Request called at 10/6/2018 8:36:41 PM   :::   20:36:41.2499669

::::::::::: AuthorizeRequest Request called at 10/6/2018 8:36:41 PM   :::   20:36:41.2509692

::::::::::: PostAuthorizeRequest Request called at 10/6/2018 8:36:41 PM   :::   20:36:41.2519695

::::::::::: End Request called at 10/6/2018 8:36:41 PM   :::   20:36:41.2539694

::::::::::: PostResolveRequestCache Request called at 10/6/2018 8:36:41 PM   :::   20:36:41.2559767

::::::::::: AcquireRequestState Request called at 10/6/2018 8:36:41 PM   :::   20:36:41.2579722

::::::::::: PostAcquireRequestState Request called at 10/6/2018 8:36:41 PM   :::   20:36:41.2589725

::::::::::: PreRequestHandlerExecute Request called at 10/6/2018 8:36:41 PM   :::   20:36:41.2599736

::::::::::: PostRequestHandlerExecute Request called at 10/6/2018 8:36:41 PM   :::   20:36:41.2689796

::::::::::: ReleaseRequestState Request called at 10/6/2018 8:36:41 PM   :::   20:36:41.2709822

::::::::::: PostReleaseRequestState Request called at 10/6/2018 8:36:41 PM   :::   20:36:41.2719825

::::::::::: UpdateRequestCache Request called at 10/6/2018 8:36:41 PM   :::   20:36:41.2729829

::::::::::: EndRequest Request called at 10/6/2018 8:36:41 PM   :::   20:36:41.2739832

::::::::::: PreSendRequestContent Request called at 10/6/2018 8:36:41 PM   :::   20:36:41.2749847

::::::::::: PreSendRequestHeaders Request called at 10/6/2018 8:36:41 PM   :::   20:36:41.2759874

::::::::::: PreSendRequestContent Request called at 10/6/2018 8:36:47 PM   :::   20:36:47.5181016

::::::::::: PreSendRequestContent Request called at 10/6/2018 8:36:47 PM   :::   20:36:47.5226062

::::::::::: PreSendRequestContent Request called at 10/6/2018 8:36:47 PM   :::   20:36:47.5296099

::::::::::: PreSendRequestContent Request called at 10/6/2018 8:36:47 PM   :::   20:36:47.5436286

::::::::::: EndRequest Request called at 10/6/2018 8:36:47 PM   :::   20:36:47.5496364

::::::::::: PreSendRequestContent Request called at 10/6/2018 8:36:47 PM   :::   20:36:47.5536428

::::::::::: BeginRequest Request called at 10/6/2018 8:37:38 PM   :::   20:37:38.4702136

::::::::::: AuthenticateRequest Request called at 10/6/2018 8:37:38 PM   :::   20:37:38.4712012

::::::::::: PostAuthenticateRequest Request called at 10/6/2018 8:37:38 PM   :::   20:37:38.4722000

::::::::::: AuthorizeRequest Request called at 10/6/2018 8:37:38 PM   :::   20:37:38.4742022

::::::::::: PostAuthorizeRequest Request called at 10/6/2018 8:37:38 PM   :::   20:37:38.4762036

::::::::::: End Request called at 10/6/2018 8:37:38 PM   :::   20:37:38.4782046

::::::::::: PostResolveRequestCache Request called at 10/6/2018 8:37:38 PM   :::   20:37:38.4812107

::::::::::: AcquireRequestState Request called at 10/6/2018 8:37:38 PM   :::   20:37:38.4852187

::::::::::: PostAcquireRequestState Request called at 10/6/2018 8:37:38 PM   :::   20:37:38.4882117

::::::::::: PreRequestHandlerExecute Request called at 10/6/2018 8:37:38 PM   :::   20:37:38.4902135

::::::::::: PreSendRequestContent Request called at 10/6/2018 8:37:38 PM   :::   20:37:38.5127313

::::::::::: PreSendRequestHeaders Request called at 10/6/2018 8:37:38 PM   :::   20:37:38.5152337

::::::::::: Error Request called at 10/6/2018 8:37:38 PM   :::   20:37:38.5167341

::::::::::: BeginRequest Request called at 10/6/2018 8:37:43 PM   :::   20:37:43.5182966

::::::::::: AuthenticateRequest Request called at 10/6/2018 8:37:43 PM   :::   20:37:43.5197975

::::::::::: PostAuthenticateRequest Request called at 10/6/2018 8:37:43 PM   :::   20:37:43.5212987

::::::::::: AuthorizeRequest Request called at 10/6/2018 8:37:43 PM   :::   20:37:43.5233005

::::::::::: PostAuthorizeRequest Request called at 10/6/2018 8:37:43 PM   :::   20:37:43.5258041

::::::::::: End Request called at 10/6/2018 8:37:43 PM   :::   20:37:43.5273030

::::::::::: PostResolveRequestCache Request called at 10/6/2018 8:37:43 PM   :::   20:37:43.5293044

::::::::::: AcquireRequestState Request called at 10/6/2018 8:37:43 PM   :::   20:37:43.5308053

::::::::::: PostAcquireRequestState Request called at 10/6/2018 8:37:43 PM   :::   20:37:43.5323061

::::::::::: PreRequestHandlerExecute Request called at 10/6/2018 8:37:43 PM   :::   20:37:43.5338070

::::::::::: PostRequestHandlerExecute Request called at 10/6/2018 8:37:43 PM   :::   20:37:43.5373097

::::::::::: ReleaseRequestState Request called at 10/6/2018 8:37:43 PM   :::   20:37:43.5388110

::::::::::: PostReleaseRequestState Request called at 10/6/2018 8:37:43 PM   :::   20:37:43.5403122

::::::::::: UpdateRequestCache Request called at 10/6/2018 8:37:43 PM   :::   20:37:43.5428142

::::::::::: EndRequest Request called at 10/6/2018 8:37:43 PM   :::   20:37:43.5448152

::::::::::: PreSendRequestContent Request called at 10/6/2018 8:37:43 PM   :::   20:37:43.5463157

::::::::::: PreSendRequestHeaders Request called at 10/6/2018 8:37:43 PM   :::   20:37:43.5478185

::::::::::: BeginRequest Request called at 10/6/2018 8:37:45 PM   :::   20:37:45.1545094

::::::::::: AuthenticateRequest Request called at 10/6/2018 8:37:45 PM   :::   20:37:45.1555097

::::::::::: PostAuthenticateRequest Request called at 10/6/2018 8:37:45 PM   :::   20:37:45.1595134

::::::::::: AuthorizeRequest Request called at 10/6/2018 8:37:45 PM   :::   20:37:45.1605137

::::::::::: PostAuthorizeRequest Request called at 10/6/2018 8:37:45 PM   :::   20:37:45.1625147

::::::::::: End Request called at 10/6/2018 8:37:45 PM   :::   20:37:45.1635154

::::::::::: PostResolveRequestCache Request called at 10/6/2018 8:37:45 PM   :::   20:37:45.1645157

::::::::::: AcquireRequestState Request called at 10/6/2018 8:37:45 PM   :::   20:37:45.1665176

::::::::::: PostAcquireRequestState Request called at 10/6/2018 8:37:45 PM   :::   20:37:45.1675202

::::::::::: PreRequestHandlerExecute Request called at 10/6/2018 8:37:45 PM   :::   20:37:45.1685198

::::::::::: PreSendRequestContent Request called at 10/6/2018 8:37:47 PM   :::   20:37:47.1855200

::::::::::: PreSendRequestHeaders Request called at 10/6/2018 8:37:47 PM   :::   20:37:47.1865223

::::::::::: PostRequestHandlerExecute Request called at 10/6/2018 8:37:47 PM   :::   20:37:47.1895236

::::::::::: ReleaseRequestState Request called at 10/6/2018 8:37:47 PM   :::   20:37:47.1915282

::::::::::: PostReleaseRequestState Request called at 10/6/2018 8:37:47 PM   :::   20:37:47.1930295

::::::::::: UpdateRequestCache Request called at 10/6/2018 8:37:47 PM   :::   20:37:47.1945303

::::::::::: EndRequest Request called at 10/6/2018 8:37:47 PM   :::   20:37:47.1960312

::::::::::: PreSendRequestContent Request called at 10/6/2018 8:37:47 PM   :::   20:37:47.1970323

::::::::::: BeginRequest Request called at 10/6/2018 8:37:47 PM   :::   20:37:47.2235541

::::::::::: AuthenticateRequest Request called at 10/6/2018 8:37:47 PM   :::   20:37:47.2255551

::::::::::: PostAuthenticateRequest Request called at 10/6/2018 8:37:47 PM   :::   20:37:47.2265562

::::::::::: AuthorizeRequest Request called at 10/6/2018 8:37:47 PM   :::   20:37:47.2285572

::::::::::: PostAuthorizeRequest Request called at 10/6/2018 8:37:47 PM   :::   20:37:47.2295584

::::::::::: End Request called at 10/6/2018 8:37:47 PM   :::   20:37:47.2315602

::::::::::: PostResolveRequestCache Request called at 10/6/2018 8:37:47 PM   :::   20:37:47.2355630

::::::::::: AcquireRequestState Request called at 10/6/2018 8:37:47 PM   :::   20:37:47.2375640

::::::::::: PostAcquireRequestState Request called at 10/6/2018 8:37:47 PM   :::   20:37:47.2415732

::::::::::: PreRequestHandlerExecute Request called at 10/6/2018 8:37:47 PM   :::   20:37:47.2475707

::::::::::: PreSendRequestContent Request called at 10/6/2018 8:37:48 PM   :::   20:37:48.5307093

::::::::::: PreSendRequestContent Request called at 10/6/2018 8:37:48 PM   :::   20:37:48.5327080

::::::::::: PreSendRequestContent Request called at 10/6/2018 8:37:48 PM   :::   20:37:48.5337111

::::::::::: PreSendRequestContent Request called at 10/6/2018 8:37:48 PM   :::   20:37:48.5357101

::::::::::: EndRequest Request called at 10/6/2018 8:37:48 PM   :::   20:37:48.5387131

::::::::::: PreSendRequestContent Request called at 10/6/2018 8:37:48 PM   :::   20:37:48.5397138

::::::::::: BeginRequest Request called at 10/6/2018 8:37:52 PM   :::   20:37:52.6482579

::::::::::: AuthenticateRequest Request called at 10/6/2018 8:37:52 PM   :::   20:37:52.6512600

::::::::::: PostAuthenticateRequest Request called at 10/6/2018 8:37:52 PM   :::   20:37:52.6532610

::::::::::: AuthorizeRequest Request called at 10/6/2018 8:37:52 PM   :::   20:37:52.6542621

::::::::::: PostAuthorizeRequest Request called at 10/6/2018 8:37:52 PM   :::   20:37:52.6562635

::::::::::: End Request called at 10/6/2018 8:37:52 PM   :::   20:37:52.6582650

::::::::::: PostResolveRequestCache Request called at 10/6/2018 8:37:52 PM   :::   20:37:52.6632744

::::::::::: AcquireRequestState Request called at 10/6/2018 8:37:52 PM   :::   20:37:52.6672753

::::::::::: PostAcquireRequestState Request called at 10/6/2018 8:37:52 PM   :::   20:37:52.6682717

::::::::::: PreRequestHandlerExecute Request called at 10/6/2018 8:37:52 PM   :::   20:37:52.6702743

::::::::::: PreSendRequestContent Request called at 10/6/2018 8:38:00 PM   :::   20:38:00.0518141

::::::::::: PreSendRequestHeaders Request called at 10/6/2018 8:38:00 PM   :::   20:38:00.0558165

::::::::::: Error Request called at 10/6/2018 8:38:00 PM   :::   20:38:00.0708287

::::::::::: PreSendRequestContent Request called at 10/6/2018 8:38:10 PM   :::   20:38:10.1079857

::::::::::: PreSendRequestContent Request called at 10/6/2018 8:38:10 PM   :::   20:38:10.1119862

::::::::::: PreSendRequestContent Request called at 10/6/2018 8:38:10 PM   :::   20:38:10.1255038

::::::::::: PreSendRequestContent Request called at 10/6/2018 8:38:10 PM   :::   20:38:10.1320087

::::::::::: PreSendRequestContent Request called at 10/6/2018 8:38:10 PM   :::   20:38:10.1430240

::::::::::: EndRequest Request called at 10/6/2018 8:38:10 PM   :::   20:38:10.1540326

::::::::::: PreSendRequestContent Request called at 10/6/2018 8:38:10 PM   :::   20:38:10.1580338

::::::::::: BeginRequest Request called at 10/6/2018 8:38:17 PM   :::   20:38:17.5901732

::::::::::: AuthenticateRequest Request called at 10/6/2018 8:38:17 PM   :::   20:38:17.5921766

::::::::::: PostAuthenticateRequest Request called at 10/6/2018 8:38:17 PM   :::   20:38:17.5951768

::::::::::: AuthorizeRequest Request called at 10/6/2018 8:38:17 PM   :::   20:38:17.5961771

::::::::::: PostAuthorizeRequest Request called at 10/6/2018 8:38:17 PM   :::   20:38:17.5981789

::::::::::: End Request called at 10/6/2018 8:38:17 PM   :::   20:38:17.5991792

::::::::::: BeginRequest Request called at 10/6/2018 8:38:17 PM   :::   20:38:17.6001796

::::::::::: AuthenticateRequest Request called at 10/6/2018 8:38:17 PM   :::   20:38:17.6021814

::::::::::: PostAuthenticateRequest Request called at 10/6/2018 8:38:17 PM   :::   20:38:17.6141899

::::::::::: AuthorizeRequest Request called at 10/6/2018 8:38:17 PM   :::   20:38:17.6211953

::::::::::: PostAuthorizeRequest Request called at 10/6/2018 8:38:17 PM   :::   20:38:17.6271999

::::::::::: End Request called at 10/6/2018 8:38:17 PM   :::   20:38:17.6337075

::::::::::: PostReleaseRequestState Request called at 10/6/2018 8:38:17 PM   :::   20:38:17.6437174

::::::::::: UpdateRequestCache Request called at 10/6/2018 8:38:17 PM   :::   20:38:17.6447177

::::::::::: PostAcquireRequestState Request called at 10/6/2018 8:38:17 PM   :::   20:38:17.6547248

::::::::::: PreRequestHandlerExecute Request called at 10/6/2018 8:38:17 PM   :::   20:38:17.6577273

::::::::::: PreSendRequestHeaders Request called at 10/6/2018 8:38:17 PM   :::   20:38:17.6667341

::::::::::: PostRequestHandlerExecute Request called at 10/6/2018 8:38:17 PM   :::   20:38:17.6767416

::::::::::: ReleaseRequestState Request called at 10/6/2018 8:38:17 PM   :::   20:38:17.6777407

::::::::::: PostReleaseRequestState Request called at 10/6/2018 8:38:17 PM   :::   20:38:17.6797429

::::::::::: UpdateRequestCache Request called at 10/6/2018 8:38:17 PM   :::   20:38:17.6817439

::::::::::: EndRequest Request called at 10/6/2018 8:38:17 PM   :::   20:38:17.6827451

::::::::::: PreSendRequestContent Request called at 10/6/2018 8:38:17 PM   :::   20:38:17.6837462

::::::::::: PreSendRequestHeaders Request called at 10/6/2018 8:38:17 PM   :::   20:38:17.6847461

::::::::::: BeginRequest Request called at 10/6/2018 8:38:18 PM   :::   20:38:18.8144361

::::::::::: AuthenticateRequest Request called at 10/6/2018 8:38:18 PM   :::   20:38:18.8154384

::::::::::: PostAuthenticateRequest Request called at 10/6/2018 8:38:18 PM   :::   20:38:18.8174399

::::::::::: AuthorizeRequest Request called at 10/6/2018 8:38:18 PM   :::   20:38:18.8184528

::::::::::: PostAuthorizeRequest Request called at 10/6/2018 8:38:18 PM   :::   20:38:18.8204404

::::::::::: End Request called at 10/6/2018 8:38:18 PM   :::   20:38:18.8214439

::::::::::: PostResolveRequestCache Request called at 10/6/2018 8:38:18 PM   :::   20:38:18.8264490

::::::::::: AcquireRequestState Request called at 10/6/2018 8:38:18 PM   :::   20:38:18.8289514

::::::::::: PostAcquireRequestState Request called at 10/6/2018 8:38:18 PM   :::   20:38:18.8309528

::::::::::: PreRequestHandlerExecute Request called at 10/6/2018 8:38:18 PM   :::   20:38:18.8319535

::::::::::: PreSendRequestContent Request called at 10/6/2018 8:38:20 PM   :::   20:38:20.8798269

::::::::::: PreSendRequestHeaders Request called at 10/6/2018 8:38:20 PM   :::   20:38:20.8828243

::::::::::: PostRequestHandlerExecute Request called at 10/6/2018 8:38:20 PM   :::   20:38:20.8958355

::::::::::: ReleaseRequestState Request called at 10/6/2018 8:38:20 PM   :::   20:38:20.9048403

::::::::::: PostReleaseRequestState Request called at 10/6/2018 8:38:20 PM   :::   20:38:20.9108446

::::::::::: UpdateRequestCache Request called at 10/6/2018 8:38:20 PM   :::   20:38:20.9153559

::::::::::: EndRequest Request called at 10/6/2018 8:38:20 PM   :::   20:38:20.9278713

::::::::::: PreSendRequestContent Request called at 10/6/2018 8:38:20 PM   :::   20:38:20.9328788

::::::::::: Error Request called at 10/6/2018 8:38:50 PM   :::   20:38:50.5959892

::::::::::: EndRequest Request called at 10/6/2018 8:39:00 PM   :::   20:39:00.6368233

::::::::::: BeginRequest Request called at 10/6/2018 8:39:06 PM   :::   20:39:06.2928257

::::::::::: AuthenticateRequest Request called at 10/6/2018 8:39:06 PM   :::   20:39:06.2973382

::::::::::: PostAuthenticateRequest Request called at 10/6/2018 8:39:06 PM   :::   20:39:06.2983381

::::::::::: AuthorizeRequest Request called at 10/6/2018 8:39:06 PM   :::   20:39:06.3003403

::::::::::: PostAuthorizeRequest Request called at 10/6/2018 8:39:06 PM   :::   20:39:06.3023410

::::::::::: End Request called at 10/6/2018 8:39:06 PM   :::   20:39:06.3043428

::::::::::: PostResolveRequestCache Request called at 10/6/2018 8:39:06 PM   :::   20:39:06.3073445

::::::::::: AcquireRequestState Request called at 10/6/2018 8:39:06 PM   :::   20:39:06.3123524

::::::::::: PostAcquireRequestState Request called at 10/6/2018 8:39:06 PM   :::   20:39:06.3183527

::::::::::: PreRequestHandlerExecute Request called at 10/6/2018 8:39:06 PM   :::   20:39:06.3193530

::::::::::: BeginRequest Request called at 10/6/2018 8:44:47 PM   :::   20:44:47.8970695

::::::::::: AuthenticateRequest Request called at 10/6/2018 8:44:47 PM   :::   20:44:47.9170841

::::::::::: PostAuthenticateRequest Request called at 10/6/2018 8:44:47 PM   :::   20:44:47.9290923

::::::::::: AuthorizeRequest Request called at 10/6/2018 8:44:47 PM   :::   20:44:47.9365974

::::::::::: PostAuthorizeRequest Request called at 10/6/2018 8:44:47 PM   :::   20:44:47.9566116

::::::::::: End Request called at 10/6/2018 8:44:47 PM   :::   20:44:47.9626159

::::::::::: PostResolveRequestCache Request called at 10/6/2018 8:44:48 PM   :::   20:44:48.1297348

::::::::::: AcquireRequestState Request called at 10/6/2018 8:44:48 PM   :::   20:44:48.1837736

::::::::::: PostAcquireRequestState Request called at 10/6/2018 8:44:48 PM   :::   20:44:48.1877749

::::::::::: PreRequestHandlerExecute Request called at 10/6/2018 8:44:48 PM   :::   20:44:48.1897767

::::::::::: BeginRequest Request called at 10/6/2018 8:44:49 PM   :::   20:44:49.7028512

::::::::::: AuthenticateRequest Request called at 10/6/2018 8:44:49 PM   :::   20:44:49.7048519

::::::::::: PostAuthenticateRequest Request called at 10/6/2018 8:44:49 PM   :::   20:44:49.7063539

::::::::::: AuthorizeRequest Request called at 10/6/2018 8:44:49 PM   :::   20:44:49.7093553

::::::::::: PostAuthorizeRequest Request called at 10/6/2018 8:44:49 PM   :::   20:44:49.7108561

::::::::::: End Request called at 10/6/2018 8:44:49 PM   :::   20:44:49.7123574

::::::::::: PostResolveRequestCache Request called at 10/6/2018 8:44:49 PM   :::   20:44:49.7163610

::::::::::: AcquireRequestState Request called at 10/6/2018 8:44:49 PM   :::   20:44:49.7183624

::::::::::: PostAcquireRequestState Request called at 10/6/2018 8:44:49 PM   :::   20:44:49.7198625

::::::::::: PreRequestHandlerExecute Request called at 10/6/2018 8:44:49 PM   :::   20:44:49.7213642

::::::::::: PostRequestHandlerExecute Request called at 10/6/2018 8:44:49 PM   :::   20:44:49.8159311

::::::::::: ReleaseRequestState Request called at 10/6/2018 8:44:49 PM   :::   20:44:49.8179329

::::::::::: PostReleaseRequestState Request called at 10/6/2018 8:44:49 PM   :::   20:44:49.8204345

::::::::::: UpdateRequestCache Request called at 10/6/2018 8:44:49 PM   :::   20:44:49.8224355

::::::::::: EndRequest Request called at 10/6/2018 8:44:49 PM   :::   20:44:49.8284402

::::::::::: PreSendRequestContent Request called at 10/6/2018 8:44:49 PM   :::   20:44:49.8359449

::::::::::: PreSendRequestHeaders Request called at 10/6/2018 8:44:49 PM   :::   20:44:49.8374462

::::::::::: BeginRequest Request called at 10/6/2018 8:44:49 PM   :::   20:44:49.9335143

::::::::::: AuthenticateRequest Request called at 10/6/2018 8:44:49 PM   :::   20:44:49.9355158

::::::::::: PostAuthenticateRequest Request called at 10/6/2018 8:44:49 PM   :::   20:44:49.9365161

::::::::::: AuthorizeRequest Request called at 10/6/2018 8:44:49 PM   :::   20:44:49.9380173

::::::::::: PostAuthorizeRequest Request called at 10/6/2018 8:44:49 PM   :::   20:44:49.9395186

::::::::::: End Request called at 10/6/2018 8:44:49 PM   :::   20:44:49.9420202

::::::::::: PostResolveRequestCache Request called at 10/6/2018 8:44:49 PM   :::   20:44:49.9440220

::::::::::: AcquireRequestState Request called at 10/6/2018 8:44:49 PM   :::   20:44:49.9455229

::::::::::: PostAcquireRequestState Request called at 10/6/2018 8:44:49 PM   :::   20:44:49.9485250

::::::::::: PreRequestHandlerExecute Request called at 10/6/2018 8:44:49 PM   :::   20:44:49.9500263

::::::::::: PostRequestHandlerExecute Request called at 10/6/2018 8:44:51 PM   :::   20:44:51.2454450

::::::::::: ReleaseRequestState Request called at 10/6/2018 8:44:51 PM   :::   20:44:51.2469462

::::::::::: PostReleaseRequestState Request called at 10/6/2018 8:44:51 PM   :::   20:44:51.2484471

::::::::::: UpdateRequestCache Request called at 10/6/2018 8:44:51 PM   :::   20:44:51.2994837

::::::::::: EndRequest Request called at 10/6/2018 8:44:51 PM   :::   20:44:51.3009846

::::::::::: PreSendRequestContent Request called at 10/6/2018 8:44:51 PM   :::   20:44:51.3024858

::::::::::: PreSendRequestHeaders Request called at 10/6/2018 8:44:51 PM   :::   20:44:51.3039867

::::::::::: BeginRequest Request called at 10/6/2018 8:44:51 PM   :::   20:44:51.3345094

::::::::::: AuthenticateRequest Request called at 10/6/2018 8:44:51 PM   :::   20:44:51.3360094

::::::::::: PostAuthenticateRequest Request called at 10/6/2018 8:44:51 PM   :::   20:44:51.3380113

::::::::::: BeginRequest Request called at 10/6/2018 8:44:51 PM   :::   20:44:51.3420137

::::::::::: AuthenticateRequest Request called at 10/6/2018 8:44:51 PM   :::   20:44:51.3465167

::::::::::: PostAuthenticateRequest Request called at 10/6/2018 8:44:51 PM   :::   20:44:51.3495200

::::::::::: AcquireRequestState Request called at 10/6/2018 8:44:51 PM   :::   20:44:51.3505199

::::::::::: AuthorizeRequest Request called at 10/6/2018 8:44:51 PM   :::   20:44:51.3520216

::::::::::: PostAuthorizeRequest Request called at 10/6/2018 8:44:51 PM   :::   20:44:51.3540222

::::::::::: PostRequestHandlerExecute Request called at 10/6/2018 8:44:51 PM   :::   20:44:51.3560280

::::::::::: PreRequestHandlerExecute Request called at 10/6/2018 8:44:51 PM   :::   20:44:51.3595263

::::::::::: UpdateRequestCache Request called at 10/6/2018 8:44:51 PM   :::   20:44:51.3615274

::::::::::: ReleaseRequestState Request called at 10/6/2018 8:44:51 PM   :::   20:44:51.3625285

::::::::::: PreSendRequestContent Request called at 10/6/2018 8:44:51 PM   :::   20:44:51.3635292

::::::::::: EndRequest Request called at 10/6/2018 8:44:51 PM   :::   20:44:51.3660307

::::::::::: PreSendRequestContent Request called at 10/6/2018 8:44:51 PM   :::   20:44:51.3675324

::::::::::: PreSendRequestHeaders Request called at 10/6/2018 8:44:51 PM   :::   20:44:51.3690325

::::::::::: BeginRequest Request called at 10/6/2018 8:44:51 PM   :::   20:44:51.3725367

::::::::::: AuthenticateRequest Request called at 10/6/2018 8:44:51 PM   :::   20:44:51.3745370

::::::::::: PostAuthenticateRequest Request called at 10/6/2018 8:44:51 PM   :::   20:44:51.3760382

::::::::::: AuthorizeRequest Request called at 10/6/2018 8:44:51 PM   :::   20:44:51.3810414

::::::::::: PostAuthorizeRequest Request called at 10/6/2018 8:44:51 PM   :::   20:44:51.3825427

::::::::::: End Request called at 10/6/2018 8:44:51 PM   :::   20:44:51.3885469

::::::::::: PostResolveRequestCache Request called at 10/6/2018 8:44:51 PM   :::   20:44:51.3975537

::::::::::: AcquireRequestState Request called at 10/6/2018 8:44:51 PM   :::   20:44:51.4000549

::::::::::: PostAcquireRequestState Request called at 10/6/2018 8:44:51 PM   :::   20:44:51.4090621

::::::::::: PreRequestHandlerExecute Request called at 10/6/2018 8:44:51 PM   :::   20:44:51.4185682

::::::::::: PostRequestHandlerExecute Request called at 10/6/2018 8:44:51 PM   :::   20:44:51.4205696

::::::::::: ReleaseRequestState Request called at 10/6/2018 8:44:51 PM   :::   20:44:51.4250726

::::::::::: PostReleaseRequestState Request called at 10/6/2018 8:44:51 PM   :::   20:44:51.4505910

::::::::::: UpdateRequestCache Request called at 10/6/2018 8:44:51 PM   :::   20:44:51.4550979

::::::::::: EndRequest Request called at 10/6/2018 8:44:51 PM   :::   20:44:51.4595973

::::::::::: PreSendRequestContent Request called at 10/6/2018 8:44:51 PM   :::   20:44:51.4610986

::::::::::: PreSendRequestHeaders Request called at 10/6/2018 8:44:51 PM   :::   20:44:51.4625995

::::::::::: BeginRequest Request called at 10/6/2018 8:44:52 PM   :::   20:44:52.6784627

::::::::::: AuthenticateRequest Request called at 10/6/2018 8:44:52 PM   :::   20:44:52.6799632

::::::::::: PostAuthenticateRequest Request called at 10/6/2018 8:44:52 PM   :::   20:44:52.6819654

::::::::::: AuthorizeRequest Request called at 10/6/2018 8:44:52 PM   :::   20:44:52.6849664

::::::::::: PostAuthorizeRequest Request called at 10/6/2018 8:44:52 PM   :::   20:44:52.6864700

::::::::::: End Request called at 10/6/2018 8:44:52 PM   :::   20:44:52.6929752

::::::::::: PostResolveRequestCache Request called at 10/6/2018 8:44:52 PM   :::   20:44:52.6969757

::::::::::: AcquireRequestState Request called at 10/6/2018 8:44:52 PM   :::   20:44:52.6999778

::::::::::: PostAcquireRequestState Request called at 10/6/2018 8:44:52 PM   :::   20:44:52.7024798

::::::::::: PreRequestHandlerExecute Request called at 10/6/2018 8:44:52 PM   :::   20:44:52.7044812

::::::::::: PostRequestHandlerExecute Request called at 10/6/2018 8:44:52 PM   :::   20:44:52.7350026

::::::::::: ReleaseRequestState Request called at 10/6/2018 8:44:52 PM   :::   20:44:52.7365035

::::::::::: PostReleaseRequestState Request called at 10/6/2018 8:44:52 PM   :::   20:44:52.7410073

::::::::::: UpdateRequestCache Request called at 10/6/2018 8:44:52 PM   :::   20:44:52.7445092

::::::::::: EndRequest Request called at 10/6/2018 8:44:52 PM   :::   20:44:52.7465102

::::::::::: PreSendRequestContent Request called at 10/6/2018 8:44:52 PM   :::   20:44:52.7475113

::::::::::: PreSendRequestHeaders Request called at 10/6/2018 8:44:52 PM   :::   20:44:52.7490122

::::::::::: BeginRequest Request called at 10/6/2018 8:44:55 PM   :::   20:44:55.2142749

::::::::::: AuthenticateRequest Request called at 10/6/2018 8:44:55 PM   :::   20:44:55.2157754

::::::::::: PostAuthenticateRequest Request called at 10/6/2018 8:44:55 PM   :::   20:44:55.2172763

::::::::::: AuthorizeRequest Request called at 10/6/2018 8:44:55 PM   :::   20:44:55.2217797

::::::::::: PostAuthorizeRequest Request called at 10/6/2018 8:44:55 PM   :::   20:44:55.2237811

::::::::::: End Request called at 10/6/2018 8:44:55 PM   :::   20:44:55.2252819

::::::::::: PostResolveRequestCache Request called at 10/6/2018 8:44:55 PM   :::   20:44:55.2272838

::::::::::: AcquireRequestState Request called at 10/6/2018 8:44:55 PM   :::   20:44:55.2292852

::::::::::: PostAcquireRequestState Request called at 10/6/2018 8:44:55 PM   :::   20:44:55.2312870

::::::::::: PreRequestHandlerExecute Request called at 10/6/2018 8:44:55 PM   :::   20:44:55.2327879

::::::::::: PostRequestHandlerExecute Request called at 10/6/2018 8:44:55 PM   :::   20:44:55.2367907

::::::::::: ReleaseRequestState Request called at 10/6/2018 8:44:55 PM   :::   20:44:55.2387925

::::::::::: PostReleaseRequestState Request called at 10/6/2018 8:44:55 PM   :::   20:44:55.2402934

::::::::::: UpdateRequestCache Request called at 10/6/2018 8:44:55 PM   :::   20:44:55.2422944

::::::::::: EndRequest Request called at 10/6/2018 8:44:55 PM   :::   20:44:55.2437965

::::::::::: PreSendRequestContent Request called at 10/6/2018 8:44:55 PM   :::   20:44:55.2457967

::::::::::: PreSendRequestHeaders Request called at 10/6/2018 8:44:55 PM   :::   20:44:55.2477981

::::::::::: BeginRequest Request called at 10/6/2018 8:44:55 PM   :::   20:44:55.4899858

::::::::::: AuthenticateRequest Request called at 10/6/2018 8:44:55 PM   :::   20:44:55.4919864

::::::::::: PostAuthenticateRequest Request called at 10/6/2018 8:44:55 PM   :::   20:44:55.4939882

::::::::::: AuthorizeRequest Request called at 10/6/2018 8:44:55 PM   :::   20:44:55.4949893

::::::::::: PostAuthorizeRequest Request called at 10/6/2018 8:44:55 PM   :::   20:44:55.4969907

::::::::::: End Request called at 10/6/2018 8:44:55 PM   :::   20:44:55.4989918

::::::::::: PostResolveRequestCache Request called at 10/6/2018 8:44:55 PM   :::   20:44:55.5009932

::::::::::: AcquireRequestState Request called at 10/6/2018 8:44:55 PM   :::   20:44:55.5029946

::::::::::: PostAcquireRequestState Request called at 10/6/2018 8:44:55 PM   :::   20:44:55.5049964

::::::::::: PreRequestHandlerExecute Request called at 10/6/2018 8:44:55 PM   :::   20:44:55.5069978

::::::::::: PostRequestHandlerExecute Request called at 10/6/2018 8:44:55 PM   :::   20:44:55.5089985

::::::::::: ReleaseRequestState Request called at 10/6/2018 8:44:55 PM   :::   20:44:55.5100000

::::::::::: PostReleaseRequestState Request called at 10/6/2018 8:44:55 PM   :::   20:44:55.5120006

::::::::::: UpdateRequestCache Request called at 10/6/2018 8:44:55 PM   :::   20:44:55.5130017

::::::::::: EndRequest Request called at 10/6/2018 8:44:55 PM   :::   20:44:55.5150031

::::::::::: PreSendRequestContent Request called at 10/6/2018 8:44:55 PM   :::   20:44:55.5160034

::::::::::: PreSendRequestHeaders Request called at 10/6/2018 8:44:55 PM   :::   20:44:55.5180057

::::::::::: BeginRequest Request called at 10/6/2018 8:44:57 PM   :::   20:44:57.2482020

::::::::::: AuthenticateRequest Request called at 10/6/2018 8:44:57 PM   :::   20:44:57.2502034

::::::::::: PostAuthenticateRequest Request called at 10/6/2018 8:44:57 PM   :::   20:44:57.2542066

::::::::::: AuthorizeRequest Request called at 10/6/2018 8:44:57 PM   :::   20:44:57.2552069

::::::::::: PostAuthorizeRequest Request called at 10/6/2018 8:44:57 PM   :::   20:44:57.2572083

::::::::::: End Request called at 10/6/2018 8:44:57 PM   :::   20:44:57.2592106

::::::::::: PostResolveRequestCache Request called at 10/6/2018 8:44:57 PM   :::   20:44:57.2602113

::::::::::: AcquireRequestState Request called at 10/6/2018 8:44:57 PM   :::   20:44:57.2622115

::::::::::: PostAcquireRequestState Request called at 10/6/2018 8:44:57 PM   :::   20:44:57.2642129

::::::::::: PreRequestHandlerExecute Request called at 10/6/2018 8:44:57 PM   :::   20:44:57.2657173

::::::::::: BeginRequest Request called at 10/6/2018 8:44:57 PM   :::   20:44:57.2802278

::::::::::: AuthenticateRequest Request called at 10/6/2018 8:44:57 PM   :::   20:44:57.2822336

::::::::::: PostAuthenticateRequest Request called at 10/6/2018 8:44:57 PM   :::   20:44:57.2852353

::::::::::: AuthorizeRequest Request called at 10/6/2018 8:44:57 PM   :::   20:44:57.2882383

::::::::::: PostAuthorizeRequest Request called at 10/6/2018 8:44:57 PM   :::   20:44:57.2902393

::::::::::: End Request called at 10/6/2018 8:44:57 PM   :::   20:44:57.2922403

::::::::::: PostResolveRequestCache Request called at 10/6/2018 8:44:57 PM   :::   20:44:57.2932410

::::::::::: AcquireRequestState Request called at 10/6/2018 8:44:57 PM   :::   20:44:57.2952432

::::::::::: PostAcquireRequestState Request called at 10/6/2018 8:44:57 PM   :::   20:44:57.2962443

::::::::::: PreRequestHandlerExecute Request called at 10/6/2018 8:44:57 PM   :::   20:44:57.2982450

::::::::::: PreSendRequestContent Request called at 10/6/2018 8:44:59 PM   :::   20:44:59.3277322

::::::::::: PreSendRequestHeaders Request called at 10/6/2018 8:44:59 PM   :::   20:44:59.3302330

::::::::::: PostRequestHandlerExecute Request called at 10/6/2018 8:44:59 PM   :::   20:44:59.3337356

::::::::::: ReleaseRequestState Request called at 10/6/2018 8:44:59 PM   :::   20:44:59.3367374

::::::::::: PostReleaseRequestState Request called at 10/6/2018 8:44:59 PM   :::   20:44:59.3392393

::::::::::: UpdateRequestCache Request called at 10/6/2018 8:44:59 PM   :::   20:44:59.3412404

::::::::::: EndRequest Request called at 10/6/2018 8:44:59 PM   :::   20:44:59.3432418

::::::::::: PreSendRequestContent Request called at 10/6/2018 8:44:59 PM   :::   20:44:59.3452472

::::::::::: PreSendRequestContent Request called at 10/6/2018 8:45:00 PM   :::   20:45:00.2325052

::::::::::: PreSendRequestHeaders Request called at 10/6/2018 8:45:00 PM   :::   20:45:00.2340061

::::::::::: PostRequestHandlerExecute Request called at 10/6/2018 8:45:00 PM   :::   20:45:00.2415128

::::::::::: ReleaseRequestState Request called at 10/6/2018 8:45:00 PM   :::   20:45:00.2430129

::::::::::: PostReleaseRequestState Request called at 10/6/2018 8:45:00 PM   :::   20:45:00.2445141

::::::::::: UpdateRequestCache Request called at 10/6/2018 8:45:00 PM   :::   20:45:00.2455689

::::::::::: EndRequest Request called at 10/6/2018 8:45:00 PM   :::   20:45:00.2465692

::::::::::: PreSendRequestContent Request called at 10/6/2018 8:45:00 PM   :::   20:45:00.2475700

::::::::::: PreSendRequestContent Request called at 10/6/2018 8:45:06 PM   :::   20:45:06.0584077

::::::::::: PreSendRequestHeaders Request called at 10/6/2018 8:45:06 PM   :::   20:45:06.0604020

::::::::::: PostRequestHandlerExecute Request called at 10/6/2018 8:45:06 PM   :::   20:45:06.0694096

::::::::::: ReleaseRequestState Request called at 10/6/2018 8:45:06 PM   :::   20:45:06.0724113

::::::::::: PostReleaseRequestState Request called at 10/6/2018 8:45:06 PM   :::   20:45:06.0774145

::::::::::: UpdateRequestCache Request called at 10/6/2018 8:45:06 PM   :::   20:45:06.0784152

::::::::::: EndRequest Request called at 10/6/2018 8:45:06 PM   :::   20:45:06.0814173

::::::::::: PreSendRequestContent Request called at 10/6/2018 8:45:06 PM   :::   20:45:06.0824180

::::::::::: BeginRequest Request called at 10/6/2018 8:45:10 PM   :::   20:45:10.5065324

::::::::::: AuthenticateRequest Request called at 10/6/2018 8:45:10 PM   :::   20:45:10.5075331

::::::::::: PostAuthenticateRequest Request called at 10/6/2018 8:45:10 PM   :::   20:45:10.5095318

::::::::::: AuthorizeRequest Request called at 10/6/2018 8:45:10 PM   :::   20:45:10.5105325

::::::::::: PostAuthorizeRequest Request called at 10/6/2018 8:45:10 PM   :::   20:45:10.5135350

::::::::::: End Request called at 10/6/2018 8:45:10 PM   :::   20:45:10.5145377

::::::::::: PostResolveRequestCache Request called at 10/6/2018 8:45:10 PM   :::   20:45:10.5165368

::::::::::: AcquireRequestState Request called at 10/6/2018 8:45:10 PM   :::   20:45:10.5185378

::::::::::: PostAcquireRequestState Request called at 10/6/2018 8:45:10 PM   :::   20:45:10.5245543

::::::::::: PreRequestHandlerExecute Request called at 10/6/2018 8:45:10 PM   :::   20:45:10.5265447

::::::::::: PostRequestHandlerExecute Request called at 10/6/2018 8:45:10 PM   :::   20:45:10.5295468

::::::::::: ReleaseRequestState Request called at 10/6/2018 8:45:10 PM   :::   20:45:10.5315474

::::::::::: PostReleaseRequestState Request called at 10/6/2018 8:45:10 PM   :::   20:45:10.5325477

::::::::::: UpdateRequestCache Request called at 10/6/2018 8:45:10 PM   :::   20:45:10.5335634

::::::::::: EndRequest Request called at 10/6/2018 8:45:10 PM   :::   20:45:10.5345492

::::::::::: PreSendRequestContent Request called at 10/6/2018 8:45:10 PM   :::   20:45:10.5355518

::::::::::: PreSendRequestHeaders Request called at 10/6/2018 8:45:10 PM   :::   20:45:10.5410769

::::::::::: BeginRequest Request called at 10/6/2018 8:45:10 PM   :::   20:45:10.5460796

::::::::::: AuthenticateRequest Request called at 10/6/2018 8:45:10 PM   :::   20:45:10.5470784

::::::::::: PostAuthenticateRequest Request called at 10/6/2018 8:45:10 PM   :::   20:45:10.5485792

::::::::::: AuthorizeRequest Request called at 10/6/2018 8:45:10 PM   :::   20:45:10.5500805

::::::::::: PostAuthorizeRequest Request called at 10/6/2018 8:45:10 PM   :::   20:45:10.5510812

::::::::::: End Request called at 10/6/2018 8:45:10 PM   :::   20:45:10.5520815

::::::::::: PostResolveRequestCache Request called at 10/6/2018 8:45:10 PM   :::   20:45:10.5540908

::::::::::: AcquireRequestState Request called at 10/6/2018 8:45:10 PM   :::   20:45:10.5601030

::::::::::: PostAcquireRequestState Request called at 10/6/2018 8:45:10 PM   :::   20:45:10.5611037

::::::::::: PreRequestHandlerExecute Request called at 10/6/2018 8:45:10 PM   :::   20:45:10.5631047

::::::::::: PreSendRequestContent Request called at 10/6/2018 8:45:29 PM   :::   20:45:29.2060174

::::::::::: PreSendRequestHeaders Request called at 10/6/2018 8:45:29 PM   :::   20:45:29.2080184

::::::::::: Error Request called at 10/6/2018 8:45:29 PM   :::   20:45:29.2200273

::::::::::: PreSendRequestContent Request called at 10/6/2018 8:45:39 PM   :::   20:45:39.2821811

::::::::::: PreSendRequestContent Request called at 10/6/2018 8:45:39 PM   :::   20:45:39.2851809

::::::::::: PreSendRequestContent Request called at 10/6/2018 8:45:39 PM   :::   20:45:39.2896827

::::::::::: PreSendRequestContent Request called at 10/6/2018 8:45:39 PM   :::   20:45:39.3027002

::::::::::: EndRequest Request called at 10/6/2018 8:45:39 PM   :::   20:45:39.3117042

::::::::::: PreSendRequestContent Request called at 10/6/2018 8:45:39 PM   :::   20:45:39.3137041

::::::::::: BeginRequest Request called at 10/6/2018 10:01:56 PM   :::   22:01:56.6064590

::::::::::: AuthenticateRequest Request called at 10/6/2018 10:01:56 PM   :::   22:01:56.6084604

::::::::::: PostAuthenticateRequest Request called at 10/6/2018 10:01:56 PM   :::   22:01:56.6104622

::::::::::: AuthorizeRequest Request called at 10/6/2018 10:01:56 PM   :::   22:01:56.6114625

::::::::::: PostAuthorizeRequest Request called at 10/6/2018 10:01:56 PM   :::   22:01:56.6134643

::::::::::: End Request called at 10/6/2018 10:01:56 PM   :::   22:01:56.6164669

::::::::::: PostResolveRequestCache Request called at 10/6/2018 10:01:56 PM   :::   22:01:56.6184675

::::::::::: AcquireRequestState Request called at 10/6/2018 10:01:56 PM   :::   22:01:56.6204689

::::::::::: PostAcquireRequestState Request called at 10/6/2018 10:01:56 PM   :::   22:01:56.6214704

::::::::::: PreRequestHandlerExecute Request called at 10/6/2018 10:01:56 PM   :::   22:01:56.6234714

::::::::::: PostRequestHandlerExecute Request called at 10/6/2018 10:01:56 PM   :::   22:01:56.6254728

::::::::::: ReleaseRequestState Request called at 10/6/2018 10:01:56 PM   :::   22:01:56.6274739

::::::::::: PostReleaseRequestState Request called at 10/6/2018 10:01:56 PM   :::   22:01:56.6284750

::::::::::: UpdateRequestCache Request called at 10/6/2018 10:01:56 PM   :::   22:01:56.6354800

::::::::::: EndRequest Request called at 10/6/2018 10:01:56 PM   :::   22:01:56.6384821

::::::::::: AuthenticateRequest Request called at 10/6/2018 10:01:56 PM   :::   22:01:56.6394824

::::::::::: PreSendRequestHeaders Request called at 10/6/2018 10:01:56 PM   :::   22:01:56.6414842

::::::::::: PostAuthorizeRequest Request called at 10/6/2018 10:01:56 PM   :::   22:01:56.6434860

::::::::::: End Request called at 10/6/2018 10:01:56 PM   :::   22:01:56.6464874

::::::::::: PostResolveRequestCache Request called at 10/6/2018 10:01:56 PM   :::   22:01:56.6519950

::::::::::: AcquireRequestState Request called at 10/6/2018 10:01:56 PM   :::   22:01:56.6534951

::::::::::: PostAcquireRequestState Request called at 10/6/2018 10:01:56 PM   :::   22:01:56.6549960

::::::::::: PreRequestHandlerExecute Request called at 10/6/2018 10:01:56 PM   :::   22:01:56.6564972

::::::::::: PostRequestHandlerExecute Request called at 10/6/2018 10:01:56 PM   :::   22:01:56.7195455

::::::::::: ReleaseRequestState Request called at 10/6/2018 10:01:56 PM   :::   22:01:56.7215473

::::::::::: PostReleaseRequestState Request called at 10/6/2018 10:01:56 PM   :::   22:01:56.7225500

::::::::::: UpdateRequestCache Request called at 10/6/2018 10:01:56 PM   :::   22:01:56.7235507

::::::::::: EndRequest Request called at 10/6/2018 10:01:56 PM   :::   22:01:56.7245503

::::::::::: PreSendRequestContent Request called at 10/6/2018 10:01:56 PM   :::   22:01:56.7265501

::::::::::: PreSendRequestHeaders Request called at 10/6/2018 10:01:56 PM   :::   22:01:56.7275512

::::::::::: BeginRequest Request called at 10/6/2018 10:01:58 PM   :::   22:01:58.9030655

::::::::::: AuthenticateRequest Request called at 10/6/2018 10:01:58 PM   :::   22:01:58.9040662

::::::::::: PostAuthenticateRequest Request called at 10/6/2018 10:01:58 PM   :::   22:01:58.9060676

::::::::::: AuthorizeRequest Request called at 10/6/2018 10:01:58 PM   :::   22:01:58.9080714

::::::::::: PostAuthorizeRequest Request called at 10/6/2018 10:01:58 PM   :::   22:01:58.9120778

::::::::::: End Request called at 10/6/2018 10:01:58 PM   :::   22:01:58.9190761

::::::::::: PostResolveRequestCache Request called at 10/6/2018 10:01:58 PM   :::   22:01:58.9210795

::::::::::: AcquireRequestState Request called at 10/6/2018 10:01:58 PM   :::   22:01:58.9220782

::::::::::: PostAcquireRequestState Request called at 10/6/2018 10:01:58 PM   :::   22:01:58.9230805

::::::::::: PreRequestHandlerExecute Request called at 10/6/2018 10:01:58 PM   :::   22:01:58.9240800

::::::::::: PreSendRequestContent Request called at 10/6/2018 10:02:00 PM   :::   22:02:00.9364059

::::::::::: PreSendRequestHeaders Request called at 10/6/2018 10:02:00 PM   :::   22:02:00.9404072

::::::::::: PostRequestHandlerExecute Request called at 10/6/2018 10:02:00 PM   :::   22:02:00.9499212

::::::::::: ReleaseRequestState Request called at 10/6/2018 10:02:00 PM   :::   22:02:00.9624410

::::::::::: PostReleaseRequestState Request called at 10/6/2018 10:02:00 PM   :::   22:02:00.9674694

::::::::::: UpdateRequestCache Request called at 10/6/2018 10:02:00 PM   :::   22:02:00.9714651

::::::::::: EndRequest Request called at 10/6/2018 10:02:00 PM   :::   22:02:00.9734452

::::::::::: PreSendRequestContent Request called at 10/6/2018 10:02:00 PM   :::   22:02:00.9754668

