{
  "_HttpRequestHeaders": [
    "Authorization",
    "Content-Type"
  ],
  "_Proxy": {
    "Credentials": null
  },
  "_KeepAlive": true,
  "_Pipelined": true,
  "_AllowAutoRedirect": true,
  "_AllowWriteStreamBuffering": true,
  "_HttpWriteMode": 0,
  "_MaximumAllowedRedirections": 50,
  "_AutoRedirects": 0,
  "_Timeout": 100000,
  "_ReadWriteTimeout": 300000,
  "_MaximumResponseHeadersLength": 64,
  "_ContentLength": -1,
  "_MediaType": null,
  "_OriginVerb": {},
  "_ConnectionGroupName": null,
  "_Version": {
    "Major": 1,
    "Minor": 1,
    "Build": -1,
    "Revision": -1,
    "MajorRevision": -1,
    "MinorRevision": -1
  },
  "_OriginUri": "https://api.havail.sabre.com/v2/auth/token"
}