<?xml version="1.0" encoding="UTF-8"?>
<soap-env:Envelope xmlns:soap-env="http://schemas.xmlsoap.org/soap/envelope/"><soap-env:Header><eb:MessageHeader xmlns:eb="http://www.ebxml.org/namespaces/messageHeader" eb:version="1.0" soap-env:mustUnderstand="1"><eb:From><eb:PartyId eb:type="URI">123123</eb:PartyId></eb:From><eb:To><eb:PartyId eb:type="urn: x12.org:IO5: 01">999999</eb:PartyId></eb:To><eb:CPAId>3RT2</eb:CPAId><eb:ConversationId>1111111111111111111</eb:ConversationId><eb:Service eb:type="sabreXML">OTA_AirPriceLLSRQ</eb:Service><eb:Action>OTA_AirPriceLLSRS</eb:Action><eb:MessageData><eb:MessageId>5179688470960440220</eb:MessageId><eb:Timestamp>2018-11-09T13:04:57</eb:Timestamp><eb:RefToMessageId>mid:0_2014-09-22T21:43:40m</eb:RefToMessageId></eb:MessageData></eb:MessageHeader><wsse:Security xmlns:wsse="http://schemas.xmlsoap.org/ws/2002/12/secext"><wsse:BinarySecurityToken valueType="String" EncodingType="wsse:Base64Binary">Shared/IDL:IceSess\/SessMgr:1\.0.IDL/Common/!ICESMS\/RESH!ICESMSLB\/RES.LB!1541768683768!45351246!131073</wsse:BinarySecurityToken></wsse:Security></soap-env:Header><soap-env:Body><OTA_AirPriceRS xmlns="http://webservices.sabre.com/sabreXML/2011/10" xmlns:xs="http://www.w3.org/2001/XMLSchema" xmlns:xsi="http://www.w3.org/2001/XMLSchema-instance" xmlns:stl="http://services.sabre.com/STL/v01" Version="2.14.0">
 <stl:ApplicationResults status="Complete">
  <stl:Success timeStamp="2018-11-09T07:04:57-06:00"/>
 </stl:ApplicationResults>
 <PriceQuote>
  <MiscInformation>
   <BaggageInfo>
    <SubCodeProperties RPH="1" SolutionSequenceNmbr="1">
     <AncillaryFeeGroupCode>BG</AncillaryFeeGroupCode>
     <CommercialNameofBaggageItemType>ALLOWANCE</CommercialNameofBaggageItemType>
     <EMD_Type>4</EMD_Type>
     <ExtendedSubCodeKey>0DFAAAA</ExtendedSubCodeKey>
     <RFIC>C</RFIC>
    </SubCodeProperties>
    <SubCodeProperties RPH="2" SolutionSequenceNmbr="1">
     <AncillaryFeeGroupCode>BG</AncillaryFeeGroupCode>
     <CommercialNameofBaggageItemType>UPTO50LB 23KG AND62LI 158LCM</CommercialNameofBaggageItemType>
     <DescriptionOne Code="23">
      <Text>UP TO 50 POUNDS/23 KILOGRAMS</Text>
     </DescriptionOne>
     <DescriptionTwo Code="6U">
      <Text>UP TO 62 LINEAR INCHES/158 LINEAR CENTIMETERS</Text>
     </DescriptionTwo>
     <EMD_Type>4</EMD_Type>
     <ExtendedSubCodeKey>0GOACAA</ExtendedSubCodeKey>
     <RFIC>C</RFIC>
     <SizeWeightInfo>
      <MaximumSizeInAlternate Units="C">158</MaximumSizeInAlternate>
      <MaximumSize Units="I">62</MaximumSize>
      <MaximumWeightInAlternate Units="K">23</MaximumWeightInAlternate>
      <MaximumWeight Units="L">50</MaximumWeight>
     </SizeWeightInfo>
    </SubCodeProperties>
    <SubCodeProperties RPH="3" SolutionSequenceNmbr="1">
     <AncillaryFeeGroupCode>BG</AncillaryFeeGroupCode>
     <AncillaryService SubGroupCode="CY">
      <Text>CARRY ON HAND BAGGAGE</Text>
     </AncillaryService>
     <CommercialNameofBaggageItemType>CARRYON HAND BAGGAGE ALLOWANCE</CommercialNameofBaggageItemType>
     <EMD_Type>4</EMD_Type>
     <ExtendedSubCodeKey>0LNABBA</ExtendedSubCodeKey>
     <RFIC>C</RFIC>
    </SubCodeProperties>
    <SubCodeProperties RPH="4" SolutionSequenceNmbr="1">
     <AncillaryFeeGroupCode>BG</AncillaryFeeGroupCode>
     <AncillaryService SubGroupCode="CY">
      <Text>CARRY ON HAND BAGGAGE</Text>
     </AncillaryService>
     <CommercialNameofBaggageItemType>CABIN BAG MAX 23KG 51LB 126LCM</CommercialNameofBaggageItemType>
     <DescriptionOne Code="23">
      <Text>UP TO 50 POUNDS/23 KILOGRAMS</Text>
     </DescriptionOne>
     <DescriptionTwo Code="5C">
      <Text>UP TO 50 POUNDS/127 LINEAR CENTIMETERS</Text>
     </DescriptionTwo>
     <EMD_Type>4</EMD_Type>
     <ExtendedSubCodeKey>0MOACBA</ExtendedSubCodeKey>
     <RFIC>C</RFIC>
     <SizeWeightInfo>
      <MaximumSize Units="C">127</MaximumSize>
      <MaximumWeightInAlternate Units="K">23</MaximumWeightInAlternate>
      <MaximumWeight Units="L">50</MaximumWeight>
     </SizeWeightInfo>
    </SubCodeProperties>
    <SubCodeProperties RPH="5" SolutionSequenceNmbr="1">
     <AncillaryFeeGroupCode>BG</AncillaryFeeGroupCode>
     <AncillaryService SubGroupCode="CY">
      <Text>CARRY ON HAND BAGGAGE</Text>
     </AncillaryService>
     <CommercialNameofBaggageItemType>LAPTOP OR HANDBAG UP TO 85LCM</CommercialNameofBaggageItemType>
     <DescriptionOne Code="3S">
      <Text>UP TO 34 LINEAR INCHES/85 LINEAR CENTIMETERS</Text>
     </DescriptionOne>
     <EMD_Type>4</EMD_Type>
     <ExtendedSubCodeKey>04JACBA</ExtendedSubCodeKey>
     <RFIC>C</RFIC>
    </SubCodeProperties>
    <SubCodeProperties RPH="6" SolutionSequenceNmbr="1">
     <AncillaryFeeGroupCode>PT</AncillaryFeeGroupCode>
     <AncillaryService SubGroupCode="PC">
      <Text>IN CABIN</Text>
     </AncillaryService>
     <CommercialNameofBaggageItemType>PET IN CABIN</CommercialNameofBaggageItemType>
     <EMD_Type>4</EMD_Type>
     <ExtendedSubCodeKey>0BTAEBA</ExtendedSubCodeKey>
     <RFIC>C</RFIC>
    </SubCodeProperties>
    <SubCodeProperties RPH="7" SolutionSequenceNmbr="1">
     <AncillaryFeeGroupCode>PT</AncillaryFeeGroupCode>
     <AncillaryService SubGroupCode="PH">
      <Text>IN HOLD</Text>
     </AncillaryService>
     <CommercialNameofBaggageItemType>PET IN HOLD</CommercialNameofBaggageItemType>
     <EMD_Type>4</EMD_Type>
     <ExtendedSubCodeKey>0BSAEBA</ExtendedSubCodeKey>
     <RFIC>C</RFIC>
    </SubCodeProperties>
    <SubCodeProperties RPH="8" SolutionSequenceNmbr="1">
     <AncillaryFeeGroupCode>BG</AncillaryFeeGroupCode>
     <AncillaryService SubGroupCode="SP">
      <Text>SPORTING EQUIPMENT</Text>
     </AncillaryService>
     <CommercialNameofBaggageItemType>JAVELINS</CommercialNameofBaggageItemType>
     <DescriptionOne Code="JV">
      <Text>JAVELIN</Text>
     </DescriptionOne>
     <EMD_Type>4</EMD_Type>
     <ExtendedSubCodeKey>0F1AEBA</ExtendedSubCodeKey>
     <RFIC>C</RFIC>
    </SubCodeProperties>
    <SubCodeProperties RPH="9" SolutionSequenceNmbr="1">
     <AncillaryFeeGroupCode>BG</AncillaryFeeGroupCode>
     <AncillaryService SubGroupCode="SP">
      <Text>SPORTING EQUIPMENT</Text>
     </AncillaryService>
     <CommercialNameofBaggageItemType>POLE VAULT EQUIPMENT</CommercialNameofBaggageItemType>
     <DescriptionOne Code="PV">
      <Text>POLE VAULT EQUIPMENT</Text>
     </DescriptionOne>
     <EMD_Type>4</EMD_Type>
     <ExtendedSubCodeKey>0F3AEBA</ExtendedSubCodeKey>
     <RFIC>C</RFIC>
    </SubCodeProperties>
    <SubCodeProperties RPH="10" SolutionSequenceNmbr="1">
     <AncillaryFeeGroupCode>BG</AncillaryFeeGroupCode>
     <AncillaryService SubGroupCode="SP">
      <Text>SPORTING EQUIPMENT</Text>
     </AncillaryService>
     <CommercialNameofBaggageItemType>CANOE KAYAK OARS</CommercialNameofBaggageItemType>
     <DescriptionOne Code="CK">
      <Text>CANOE/KAYAK</Text>
     </DescriptionOne>
     <EMD_Type>4</EMD_Type>
     <ExtendedSubCodeKey>0FTAEBA</ExtendedSubCodeKey>
     <RFIC>C</RFIC>
    </SubCodeProperties>
    <SubCodeProperties RPH="11" SolutionSequenceNmbr="1">
     <AncillaryFeeGroupCode>BG</AncillaryFeeGroupCode>
     <AncillaryService SubGroupCode="SP">
      <Text>SPORTING EQUIPMENT</Text>
     </AncillaryService>
     <CommercialNameofBaggageItemType>HANG GLIDING EQUIPMENT</CommercialNameofBaggageItemType>
     <DescriptionOne Code="HG">
      <Text>HANG GLIDING EQUIPMENT</Text>
     </DescriptionOne>
     <EMD_Type>4</EMD_Type>
     <ExtendedSubCodeKey>0FZAEBA</ExtendedSubCodeKey>
     <RFIC>C</RFIC>
    </SubCodeProperties>
    <SubCodeProperties RPH="12" SolutionSequenceNmbr="1">
     <AncillaryFeeGroupCode>BG</AncillaryFeeGroupCode>
     <AncillaryService SubGroupCode="SP">
      <Text>SPORTING EQUIPMENT</Text>
     </AncillaryService>
     <CommercialNameofBaggageItemType>WINDSURF EQUIPMENT</CommercialNameofBaggageItemType>
     <DescriptionOne Code="WS">
      <Text>WINDSURF EQUIPMENT</Text>
     </DescriptionOne>
     <EMD_Type>4</EMD_Type>
     <ExtendedSubCodeKey>0GIAEBA</ExtendedSubCodeKey>
     <RFIC>C</RFIC>
    </SubCodeProperties>
   </BaggageInfo>
   <HeaderInformation SolutionSequenceNmbr="1">
    <DepartureDate>2019-01-24</DepartureDate>
    <LastTicketingDate>11-10T23:59</LastTicketingDate>
    <Text>VALIDATING CARRIER - AA</Text>
    <Text>ALTERNATE VALIDATING CARRIER/S - BA</Text>
    <Text>BAG ALLOWANCE     -YYZDEL-02P/AA/EACH PIECE UP TO 50 POUNDS/23</Text>
    <Text>KILOGRAMS AND UP TO 62 LINEAR INCHES/158 LINEAR CENTIMETERS</Text>
    <Text>BAG ALLOWANCE     -DELYYZ-02P/AA/EACH PIECE UP TO 50 POUNDS/23</Text>
    <Text>KILOGRAMS AND UP TO 62 LINEAR INCHES/158 LINEAR CENTIMETERS</Text>
    <Text>CARRY ON ALLOWANCE</Text>
    <Text>YYZLHR LHRDEL DELLHR LHRYYZ-01P/BA</Text>
    <Text>01/UP TO 34 LINEAR INCHES/85 LINEAR CENTIMETERS</Text>
    <Text>01/UP TO 50 POUNDS/23 KILOGRAMS AND UP TO 50 POUNDS/127 LINEAR</Text>
    <Text>CENTIMETERS</Text>
    <Text>CARRY ON CHARGES</Text>
    <Text>YYZLHR LHRDEL DELLHR LHRYYZ-BA-CARRY ON FEES UNKNOWN-CONTACT CA</Text>
    <Text>RRIER</Text>
    <Text>ADDITIONAL ALLOWANCES AND/OR DISCOUNTS MAY APPLY DEPENDING ON</Text>
    <Text>FLYER-SPECIFIC FACTORS /E.G. FREQUENT FLYER STATUS/MILITARY/</Text>
    <Text>CREDIT CARD FORM OF PAYMENT/EARLY PURCHASE OVER INTERNET,ETC./</Text>
    <Text>EMBARGOES-APPLY TO EACH PASSENGER</Text>
    <Text>YYZLHR LHRDEL DELLHR LHRYYZ-BA</Text>
    <Text>PET IN HOLD NOT PERMITTED</Text>
    <Text>PET IN CABIN NOT PERMITTED</Text>
    <Text>SPORTING EQUIPMENT/JAVELIN NOT PERMITTED</Text>
    <Text>SPORTING EQUIPMENT/POLE VAULT EQUIPMENT NOT PERMITTED</Text>
    <Text>SPORTING EQUIPMENT/CANOE/KAYAK NOT PERMITTED</Text>
    <Text>SPORTING EQUIPMENT/HANG GLIDING EQUIPMENT NOT PERMITTED</Text>
    <Text>SPORTING EQUIPMENT/WINDSURF EQUIPMENT NOT PERMITTED</Text>
    <Text>24JAN DEPARTURE DATE-----LAST DAY TO PURCHASE 10NOV/2359</Text>
    <ValidatingCarrier Code="AA"/>
   </HeaderInformation>
   <SolutionInformation SolutionSequenceNmbr="1">
    <CurrencyCode>CAD</CurrencyCode>
    <RequiresRebook>false</RequiresRebook>
    <TicketNumber>0</TicketNumber>
    <TotalAmount>1182.06</TotalAmount>
   </SolutionInformation>
  </MiscInformation>
  <PricedItinerary AlternativePricing="false" CurrencyCode="CAD" MultiTicket="false" TotalAmount="1182.06">
   <AirItineraryPricingInfo SolutionSequenceNmbr="1">
    <BaggageProvisions RPH="1">
     <Associations>
      <CarrierCode RPH="1">AA</CarrierCode>
      <CarrierCode RPH="2">BA</CarrierCode>
      <CountForSegmentAssociatedID>2</CountForSegmentAssociatedID>
      <DepartureDate RPH="1">2019-01-24</DepartureDate>
      <DepartureDate RPH="2">2019-01-25</DepartureDate>
      <DestinationLocation LocationCode="LHR" RPH="1"/>
      <DestinationLocation LocationCode="DEL" RPH="2"/>
      <FlightNumber RPH="1">6208</FlightNumber>
      <FlightNumber RPH="2">257</FlightNumber>
      <OriginLocation LocationCode="YYZ" RPH="1"/>
      <OriginLocation LocationCode="LHR" RPH="2"/>
      <PNR_Segment RPH="1">2</PNR_Segment>
      <PNR_Segment RPH="2">3</PNR_Segment>
      <ResBookDesigCode RPH="1">O</ResBookDesigCode>
      <ResBookDesigCode RPH="2">O</ResBookDesigCode>
      <StatusCode RPH="1">SS</StatusCode>
      <StatusCode RPH="2">SS</StatusCode>
     </Associations>
     <CarrierWhoseBaggageProvisionsApply>AA</CarrierWhoseBaggageProvisionsApply>
     <NumPiecesBDI>2</NumPiecesBDI>
     <NumPiecesITR>2</NumPiecesITR>
     <ProvisionType>A</ProvisionType>
     <SubCodeInfo>
      <SubCodeForAllowance RPH="1">0GOACAA</SubCodeForAllowance>
      <SubCodeForChargesOthers>0DFAAAA</SubCodeForChargesOthers>
     </SubCodeInfo>
    </BaggageProvisions>
    <BaggageProvisions RPH="2">
     <Associations>
      <CarrierCode RPH="1">BA</CarrierCode>
      <CarrierCode RPH="2">AA</CarrierCode>
      <CountForSegmentAssociatedID>2</CountForSegmentAssociatedID>
      <DepartureDate RPH="1">2019-01-31</DepartureDate>
      <DepartureDate RPH="2">2019-01-31</DepartureDate>
      <DestinationLocation LocationCode="LHR" RPH="1"/>
      <DestinationLocation LocationCode="YYZ" RPH="2"/>
      <FlightNumber RPH="1">256</FlightNumber>
      <FlightNumber RPH="2">6213</FlightNumber>
      <OriginLocation LocationCode="DEL" RPH="1"/>
      <OriginLocation LocationCode="LHR" RPH="2"/>
      <PNR_Segment RPH="1">4</PNR_Segment>
      <PNR_Segment RPH="2">5</PNR_Segment>
      <ResBookDesigCode RPH="1">Q</ResBookDesigCode>
      <ResBookDesigCode RPH="2">Q</ResBookDesigCode>
      <StatusCode RPH="1">SS</StatusCode>
      <StatusCode RPH="2">SS</StatusCode>
     </Associations>
     <CarrierWhoseBaggageProvisionsApply>AA</CarrierWhoseBaggageProvisionsApply>
     <NumPiecesBDI>2</NumPiecesBDI>
     <NumPiecesITR>2</NumPiecesITR>
     <ProvisionType>A</ProvisionType>
     <SubCodeInfo>
      <SubCodeForAllowance RPH="1">0GOACAA</SubCodeForAllowance>
      <SubCodeForChargesOthers>0DFAAAA</SubCodeForChargesOthers>
     </SubCodeInfo>
    </BaggageProvisions>
    <BaggageProvisions RPH="3">
     <Associations>
      <CarrierCode RPH="1">AA</CarrierCode>
      <CarrierCode RPH="2">BA</CarrierCode>
      <CarrierCode RPH="3">BA</CarrierCode>
      <CarrierCode RPH="4">AA</CarrierCode>
      <CountForSegmentAssociatedID>4</CountForSegmentAssociatedID>
      <DepartureDate RPH="1">2019-01-24</DepartureDate>
      <DepartureDate RPH="2">2019-01-25</DepartureDate>
      <DepartureDate RPH="3">2019-01-31</DepartureDate>
      <DepartureDate RPH="4">2019-01-31</DepartureDate>
      <DestinationLocation LocationCode="LHR" RPH="1"/>
      <DestinationLocation LocationCode="DEL" RPH="2"/>
      <DestinationLocation LocationCode="LHR" RPH="3"/>
      <DestinationLocation LocationCode="YYZ" RPH="4"/>
      <FlightNumber RPH="1">6208</FlightNumber>
      <FlightNumber RPH="2">257</FlightNumber>
      <FlightNumber RPH="3">256</FlightNumber>
      <FlightNumber RPH="4">6213</FlightNumber>
      <OriginLocation LocationCode="YYZ" RPH="1"/>
      <OriginLocation LocationCode="LHR" RPH="2"/>
      <OriginLocation LocationCode="DEL" RPH="3"/>
      <OriginLocation LocationCode="LHR" RPH="4"/>
      <PNR_Segment RPH="1">2</PNR_Segment>
      <PNR_Segment RPH="2">3</PNR_Segment>
      <PNR_Segment RPH="3">4</PNR_Segment>
      <PNR_Segment RPH="4">5</PNR_Segment>
      <ResBookDesigCode RPH="1">O</ResBookDesigCode>
      <ResBookDesigCode RPH="2">O</ResBookDesigCode>
      <ResBookDesigCode RPH="3">Q</ResBookDesigCode>
      <ResBookDesigCode RPH="4">Q</ResBookDesigCode>
      <StatusCode RPH="1">SS</StatusCode>
      <StatusCode RPH="2">SS</StatusCode>
      <StatusCode RPH="3">SS</StatusCode>
      <StatusCode RPH="4">SS</StatusCode>
     </Associations>
     <CarrierWhoseBaggageProvisionsApply>BA</CarrierWhoseBaggageProvisionsApply>
     <NumPiecesBDI>1</NumPiecesBDI>
     <NumPiecesITR>1</NumPiecesITR>
     <NumPiecesITR>1</NumPiecesITR>
     <ProvisionType>B</ProvisionType>
     <SubCodeInfo>
      <SubCodeForAllowance RPH="1">04JACBA</SubCodeForAllowance>
      <SubCodeForAllowance RPH="2">0MOACBA</SubCodeForAllowance>
      <SubCodeForChargesOthers>0LNABBA</SubCodeForChargesOthers>
     </SubCodeInfo>
    </BaggageProvisions>
    <BaggageProvisions RPH="4">
     <Associations>
      <CarrierCode RPH="1">AA</CarrierCode>
      <CarrierCode RPH="2">BA</CarrierCode>
      <CarrierCode RPH="3">BA</CarrierCode>
      <CarrierCode RPH="4">AA</CarrierCode>
      <CountForSegmentAssociatedID>4</CountForSegmentAssociatedID>
      <DepartureDate RPH="1">2019-01-24</DepartureDate>
      <DepartureDate RPH="2">2019-01-25</DepartureDate>
      <DepartureDate RPH="3">2019-01-31</DepartureDate>
      <DepartureDate RPH="4">2019-01-31</DepartureDate>
      <DestinationLocation LocationCode="LHR" RPH="1"/>
      <DestinationLocation LocationCode="DEL" RPH="2"/>
      <DestinationLocation LocationCode="LHR" RPH="3"/>
      <DestinationLocation LocationCode="YYZ" RPH="4"/>
      <FlightNumber RPH="1">6208</FlightNumber>
      <FlightNumber RPH="2">257</FlightNumber>
      <FlightNumber RPH="3">256</FlightNumber>
      <FlightNumber RPH="4">6213</FlightNumber>
      <OriginLocation LocationCode="YYZ" RPH="1"/>
      <OriginLocation LocationCode="LHR" RPH="2"/>
      <OriginLocation LocationCode="DEL" RPH="3"/>
      <OriginLocation LocationCode="LHR" RPH="4"/>
      <PNR_Segment RPH="1">2</PNR_Segment>
      <PNR_Segment RPH="2">3</PNR_Segment>
      <PNR_Segment RPH="3">4</PNR_Segment>
      <PNR_Segment RPH="4">5</PNR_Segment>
      <ResBookDesigCode RPH="1">O</ResBookDesigCode>
      <ResBookDesigCode RPH="2">O</ResBookDesigCode>
      <ResBookDesigCode RPH="3">Q</ResBookDesigCode>
      <ResBookDesigCode RPH="4">Q</ResBookDesigCode>
      <StatusCode RPH="1">SS</StatusCode>
      <StatusCode RPH="2">SS</StatusCode>
      <StatusCode RPH="3">SS</StatusCode>
      <StatusCode RPH="4">SS</StatusCode>
     </Associations>
     <CarrierWhoseBaggageProvisionsApply>BA</CarrierWhoseBaggageProvisionsApply>
     <Commissionable>N</Commissionable>
     <FeeNotGuaranteedIndicator>Y</FeeNotGuaranteedIndicator>
     <NoChargeNotAvailableIndicator>X</NoChargeNotAvailableIndicator>
     <PassengerType Code="ADT"/>
     <PriceInformation>
      <Base Amount="0.00"/>
      <Equiv CurrencyCode="CAD"/>
     </PriceInformation>
     <ProvisionType>E</ProvisionType>
     <SubCodeInfo>
      <SubCodeForChargesOthers>0BSAEBA</SubCodeForChargesOthers>
     </SubCodeInfo>
    </BaggageProvisions>
    <BaggageProvisions RPH="5">
     <Associations>
      <CarrierCode RPH="1">AA</CarrierCode>
      <CarrierCode RPH="2">BA</CarrierCode>
      <CarrierCode RPH="3">BA</CarrierCode>
      <CarrierCode RPH="4">AA</CarrierCode>
      <CountForSegmentAssociatedID>4</CountForSegmentAssociatedID>
      <DepartureDate RPH="1">2019-01-24</DepartureDate>
      <DepartureDate RPH="2">2019-01-25</DepartureDate>
      <DepartureDate RPH="3">2019-01-31</DepartureDate>
      <DepartureDate RPH="4">2019-01-31</DepartureDate>
      <DestinationLocation LocationCode="LHR" RPH="1"/>
      <DestinationLocation LocationCode="DEL" RPH="2"/>
      <DestinationLocation LocationCode="LHR" RPH="3"/>
      <DestinationLocation LocationCode="YYZ" RPH="4"/>
      <FlightNumber RPH="1">6208</FlightNumber>
      <FlightNumber RPH="2">257</FlightNumber>
      <FlightNumber RPH="3">256</FlightNumber>
      <FlightNumber RPH="4">6213</FlightNumber>
      <OriginLocation LocationCode="YYZ" RPH="1"/>
      <OriginLocation LocationCode="LHR" RPH="2"/>
      <OriginLocation LocationCode="DEL" RPH="3"/>
      <OriginLocation LocationCode="LHR" RPH="4"/>
      <PNR_Segment RPH="1">2</PNR_Segment>
      <PNR_Segment RPH="2">3</PNR_Segment>
      <PNR_Segment RPH="3">4</PNR_Segment>
      <PNR_Segment RPH="4">5</PNR_Segment>
      <ResBookDesigCode RPH="1">O</ResBookDesigCode>
      <ResBookDesigCode RPH="2">O</ResBookDesigCode>
      <ResBookDesigCode RPH="3">Q</ResBookDesigCode>
      <ResBookDesigCode RPH="4">Q</ResBookDesigCode>
      <StatusCode RPH="1">SS</StatusCode>
      <StatusCode RPH="2">SS</StatusCode>
      <StatusCode RPH="3">SS</StatusCode>
      <StatusCode RPH="4">SS</StatusCode>
     </Associations>
     <CarrierWhoseBaggageProvisionsApply>BA</CarrierWhoseBaggageProvisionsApply>
     <Commissionable>N</Commissionable>
     <FeeNotGuaranteedIndicator>Y</FeeNotGuaranteedIndicator>
     <NoChargeNotAvailableIndicator>X</NoChargeNotAvailableIndicator>
     <PassengerType Code="ADT"/>
     <PriceInformation>
      <Base Amount="0.00"/>
      <Equiv CurrencyCode="CAD"/>
     </PriceInformation>
     <ProvisionType>E</ProvisionType>
     <SubCodeInfo>
      <SubCodeForChargesOthers>0BTAEBA</SubCodeForChargesOthers>
     </SubCodeInfo>
    </BaggageProvisions>
    <BaggageProvisions RPH="6">
     <Associations>
      <CarrierCode RPH="1">AA</CarrierCode>
      <CarrierCode RPH="2">BA</CarrierCode>
      <CarrierCode RPH="3">BA</CarrierCode>
      <CarrierCode RPH="4">AA</CarrierCode>
      <CountForSegmentAssociatedID>4</CountForSegmentAssociatedID>
      <DepartureDate RPH="1">2019-01-24</DepartureDate>
      <DepartureDate RPH="2">2019-01-25</DepartureDate>
      <DepartureDate RPH="3">2019-01-31</DepartureDate>
      <DepartureDate RPH="4">2019-01-31</DepartureDate>
      <DestinationLocation LocationCode="LHR" RPH="1"/>
      <DestinationLocation LocationCode="DEL" RPH="2"/>
      <DestinationLocation LocationCode="LHR" RPH="3"/>
      <DestinationLocation LocationCode="YYZ" RPH="4"/>
      <FlightNumber RPH="1">6208</FlightNumber>
      <FlightNumber RPH="2">257</FlightNumber>
      <FlightNumber RPH="3">256</FlightNumber>
      <FlightNumber RPH="4">6213</FlightNumber>
      <OriginLocation LocationCode="YYZ" RPH="1"/>
      <OriginLocation LocationCode="LHR" RPH="2"/>
      <OriginLocation LocationCode="DEL" RPH="3"/>
      <OriginLocation LocationCode="LHR" RPH="4"/>
      <PNR_Segment RPH="1">2</PNR_Segment>
      <PNR_Segment RPH="2">3</PNR_Segment>
      <PNR_Segment RPH="3">4</PNR_Segment>
      <PNR_Segment RPH="4">5</PNR_Segment>
      <ResBookDesigCode RPH="1">O</ResBookDesigCode>
      <ResBookDesigCode RPH="2">O</ResBookDesigCode>
      <ResBookDesigCode RPH="3">Q</ResBookDesigCode>
      <ResBookDesigCode RPH="4">Q</ResBookDesigCode>
      <StatusCode RPH="1">SS</StatusCode>
      <StatusCode RPH="2">SS</StatusCode>
      <StatusCode RPH="3">SS</StatusCode>
      <StatusCode RPH="4">SS</StatusCode>
     </Associations>
     <CarrierWhoseBaggageProvisionsApply>BA</CarrierWhoseBaggageProvisionsApply>
     <Commissionable>N</Commissionable>
     <FeeNotGuaranteedIndicator>Y</FeeNotGuaranteedIndicator>
     <NoChargeNotAvailableIndicator>X</NoChargeNotAvailableIndicator>
     <PassengerType Code="ADT"/>
     <PriceInformation>
      <Base Amount="0.00"/>
      <Equiv CurrencyCode="CAD"/>
     </PriceInformation>
     <ProvisionType>E</ProvisionType>
     <SubCodeInfo>
      <SubCodeForChargesOthers>0F1AEBA</SubCodeForChargesOthers>
     </SubCodeInfo>
    </BaggageProvisions>
    <BaggageProvisions RPH="7">
     <Associations>
      <CarrierCode RPH="1">AA</CarrierCode>
      <CarrierCode RPH="2">BA</CarrierCode>
      <CarrierCode RPH="3">BA</CarrierCode>
      <CarrierCode RPH="4">AA</CarrierCode>
      <CountForSegmentAssociatedID>4</CountForSegmentAssociatedID>
      <DepartureDate RPH="1">2019-01-24</DepartureDate>
      <DepartureDate RPH="2">2019-01-25</DepartureDate>
      <DepartureDate RPH="3">2019-01-31</DepartureDate>
      <DepartureDate RPH="4">2019-01-31</DepartureDate>
      <DestinationLocation LocationCode="LHR" RPH="1"/>
      <DestinationLocation LocationCode="DEL" RPH="2"/>
      <DestinationLocation LocationCode="LHR" RPH="3"/>
      <DestinationLocation LocationCode="YYZ" RPH="4"/>
      <FlightNumber RPH="1">6208</FlightNumber>
      <FlightNumber RPH="2">257</FlightNumber>
      <FlightNumber RPH="3">256</FlightNumber>
      <FlightNumber RPH="4">6213</FlightNumber>
      <OriginLocation LocationCode="YYZ" RPH="1"/>
      <OriginLocation LocationCode="LHR" RPH="2"/>
      <OriginLocation LocationCode="DEL" RPH="3"/>
      <OriginLocation LocationCode="LHR" RPH="4"/>
      <PNR_Segment RPH="1">2</PNR_Segment>
      <PNR_Segment RPH="2">3</PNR_Segment>
      <PNR_Segment RPH="3">4</PNR_Segment>
      <PNR_Segment RPH="4">5</PNR_Segment>
      <ResBookDesigCode RPH="1">O</ResBookDesigCode>
      <ResBookDesigCode RPH="2">O</ResBookDesigCode>
      <ResBookDesigCode RPH="3">Q</ResBookDesigCode>
      <ResBookDesigCode RPH="4">Q</ResBookDesigCode>
      <StatusCode RPH="1">SS</StatusCode>
      <StatusCode RPH="2">SS</StatusCode>
      <StatusCode RPH="3">SS</StatusCode>
      <StatusCode RPH="4">SS</StatusCode>
     </Associations>
     <CarrierWhoseBaggageProvisionsApply>BA</CarrierWhoseBaggageProvisionsApply>
     <Commissionable>N</Commissionable>
     <FeeNotGuaranteedIndicator>Y</FeeNotGuaranteedIndicator>
     <NoChargeNotAvailableIndicator>X</NoChargeNotAvailableIndicator>
     <PassengerType Code="ADT"/>
     <PriceInformation>
      <Base Amount="0.00"/>
      <Equiv CurrencyCode="CAD"/>
     </PriceInformation>
     <ProvisionType>E</ProvisionType>
     <SubCodeInfo>
      <SubCodeForChargesOthers>0F3AEBA</SubCodeForChargesOthers>
     </SubCodeInfo>
    </BaggageProvisions>
    <BaggageProvisions RPH="8">
     <Associations>
      <CarrierCode RPH="1">AA</CarrierCode>
      <CarrierCode RPH="2">BA</CarrierCode>
      <CarrierCode RPH="3">BA</CarrierCode>
      <CarrierCode RPH="4">AA</CarrierCode>
      <CountForSegmentAssociatedID>4</CountForSegmentAssociatedID>
      <DepartureDate RPH="1">2019-01-24</DepartureDate>
      <DepartureDate RPH="2">2019-01-25</DepartureDate>
      <DepartureDate RPH="3">2019-01-31</DepartureDate>
      <DepartureDate RPH="4">2019-01-31</DepartureDate>
      <DestinationLocation LocationCode="LHR" RPH="1"/>
      <DestinationLocation LocationCode="DEL" RPH="2"/>
      <DestinationLocation LocationCode="LHR" RPH="3"/>
      <DestinationLocation LocationCode="YYZ" RPH="4"/>
      <FlightNumber RPH="1">6208</FlightNumber>
      <FlightNumber RPH="2">257</FlightNumber>
      <FlightNumber RPH="3">256</FlightNumber>
      <FlightNumber RPH="4">6213</FlightNumber>
      <OriginLocation LocationCode="YYZ" RPH="1"/>
      <OriginLocation LocationCode="LHR" RPH="2"/>
      <OriginLocation LocationCode="DEL" RPH="3"/>
      <OriginLocation LocationCode="LHR" RPH="4"/>
      <PNR_Segment RPH="1">2</PNR_Segment>
      <PNR_Segment RPH="2">3</PNR_Segment>
      <PNR_Segment RPH="3">4</PNR_Segment>
      <PNR_Segment RPH="4">5</PNR_Segment>
      <ResBookDesigCode RPH="1">O</ResBookDesigCode>
      <ResBookDesigCode RPH="2">O</ResBookDesigCode>
      <ResBookDesigCode RPH="3">Q</ResBookDesigCode>
      <ResBookDesigCode RPH="4">Q</ResBookDesigCode>
      <StatusCode RPH="1">SS</StatusCode>
      <StatusCode RPH="2">SS</StatusCode>
      <StatusCode RPH="3">SS</StatusCode>
      <StatusCode RPH="4">SS</StatusCode>
     </Associations>
     <CarrierWhoseBaggageProvisionsApply>BA</CarrierWhoseBaggageProvisionsApply>
     <Commissionable>N</Commissionable>
     <FeeNotGuaranteedIndicator>Y</FeeNotGuaranteedIndicator>
     <NoChargeNotAvailableIndicator>X</NoChargeNotAvailableIndicator>
     <PassengerType Code="ADT"/>
     <PriceInformation>
      <Base Amount="0.00"/>
      <Equiv CurrencyCode="CAD"/>
     </PriceInformation>
     <ProvisionType>E</ProvisionType>
     <SubCodeInfo>
      <SubCodeForChargesOthers>0FTAEBA</SubCodeForChargesOthers>
     </SubCodeInfo>
    </BaggageProvisions>
    <BaggageProvisions RPH="9">
     <Associations>
      <CarrierCode RPH="1">AA</CarrierCode>
      <CarrierCode RPH="2">BA</CarrierCode>
      <CarrierCode RPH="3">BA</CarrierCode>
      <CarrierCode RPH="4">AA</CarrierCode>
      <CountForSegmentAssociatedID>4</CountForSegmentAssociatedID>
      <DepartureDate RPH="1">2019-01-24</DepartureDate>
      <DepartureDate RPH="2">2019-01-25</DepartureDate>
      <DepartureDate RPH="3">2019-01-31</DepartureDate>
      <DepartureDate RPH="4">2019-01-31</DepartureDate>
      <DestinationLocation LocationCode="LHR" RPH="1"/>
      <DestinationLocation LocationCode="DEL" RPH="2"/>
      <DestinationLocation LocationCode="LHR" RPH="3"/>
      <DestinationLocation LocationCode="YYZ" RPH="4"/>
      <FlightNumber RPH="1">6208</FlightNumber>
      <FlightNumber RPH="2">257</FlightNumber>
      <FlightNumber RPH="3">256</FlightNumber>
      <FlightNumber RPH="4">6213</FlightNumber>
      <OriginLocation LocationCode="YYZ" RPH="1"/>
      <OriginLocation LocationCode="LHR" RPH="2"/>
      <OriginLocation LocationCode="DEL" RPH="3"/>
      <OriginLocation LocationCode="LHR" RPH="4"/>
      <PNR_Segment RPH="1">2</PNR_Segment>
      <PNR_Segment RPH="2">3</PNR_Segment>
      <PNR_Segment RPH="3">4</PNR_Segment>
      <PNR_Segment RPH="4">5</PNR_Segment>
      <ResBookDesigCode RPH="1">O</ResBookDesigCode>
      <ResBookDesigCode RPH="2">O</ResBookDesigCode>
      <ResBookDesigCode RPH="3">Q</ResBookDesigCode>
      <ResBookDesigCode RPH="4">Q</ResBookDesigCode>
      <StatusCode RPH="1">SS</StatusCode>
      <StatusCode RPH="2">SS</StatusCode>
      <StatusCode RPH="3">SS</StatusCode>
      <StatusCode RPH="4">SS</StatusCode>
     </Associations>
     <CarrierWhoseBaggageProvisionsApply>BA</CarrierWhoseBaggageProvisionsApply>
     <Commissionable>N</Commissionable>
     <FeeNotGuaranteedIndicator>Y</FeeNotGuaranteedIndicator>
     <NoChargeNotAvailableIndicator>X</NoChargeNotAvailableIndicator>
     <PassengerType Code="ADT"/>
     <PriceInformation>
      <Base Amount="0.00"/>
      <Equiv CurrencyCode="CAD"/>
     </PriceInformation>
     <ProvisionType>E</ProvisionType>
     <SubCodeInfo>
      <SubCodeForChargesOthers>0FZAEBA</SubCodeForChargesOthers>
     </SubCodeInfo>
    </BaggageProvisions>
    <BaggageProvisions RPH="10">
     <Associations>
      <CarrierCode RPH="1">AA</CarrierCode>
      <CarrierCode RPH="2">BA</CarrierCode>
      <CarrierCode RPH="3">BA</CarrierCode>
      <CarrierCode RPH="4">AA</CarrierCode>
      <CountForSegmentAssociatedID>4</CountForSegmentAssociatedID>
      <DepartureDate RPH="1">2019-01-24</DepartureDate>
      <DepartureDate RPH="2">2019-01-25</DepartureDate>
      <DepartureDate RPH="3">2019-01-31</DepartureDate>
      <DepartureDate RPH="4">2019-01-31</DepartureDate>
      <DestinationLocation LocationCode="LHR" RPH="1"/>
      <DestinationLocation LocationCode="DEL" RPH="2"/>
      <DestinationLocation LocationCode="LHR" RPH="3"/>
      <DestinationLocation LocationCode="YYZ" RPH="4"/>
      <FlightNumber RPH="1">6208</FlightNumber>
      <FlightNumber RPH="2">257</FlightNumber>
      <FlightNumber RPH="3">256</FlightNumber>
      <FlightNumber RPH="4">6213</FlightNumber>
      <OriginLocation LocationCode="YYZ" RPH="1"/>
      <OriginLocation LocationCode="LHR" RPH="2"/>
      <OriginLocation LocationCode="DEL" RPH="3"/>
      <OriginLocation LocationCode="LHR" RPH="4"/>
      <PNR_Segment RPH="1">2</PNR_Segment>
      <PNR_Segment RPH="2">3</PNR_Segment>
      <PNR_Segment RPH="3">4</PNR_Segment>
      <PNR_Segment RPH="4">5</PNR_Segment>
      <ResBookDesigCode RPH="1">O</ResBookDesigCode>
      <ResBookDesigCode RPH="2">O</ResBookDesigCode>
      <ResBookDesigCode RPH="3">Q</ResBookDesigCode>
      <ResBookDesigCode RPH="4">Q</ResBookDesigCode>
      <StatusCode RPH="1">SS</StatusCode>
      <StatusCode RPH="2">SS</StatusCode>
      <StatusCode RPH="3">SS</StatusCode>
      <StatusCode RPH="4">SS</StatusCode>
     </Associations>
     <CarrierWhoseBaggageProvisionsApply>BA</CarrierWhoseBaggageProvisionsApply>
     <Commissionable>N</Commissionable>
     <FeeNotGuaranteedIndicator>Y</FeeNotGuaranteedIndicator>
     <NoChargeNotAvailableIndicator>X</NoChargeNotAvailableIndicator>
     <PassengerType Code="ADT"/>
     <PriceInformation>
      <Base Amount="0.00"/>
      <Equiv CurrencyCode="CAD"/>
     </PriceInformation>
     <ProvisionType>E</ProvisionType>
     <SubCodeInfo>
      <SubCodeForChargesOthers>0GIAEBA</SubCodeForChargesOthers>
     </SubCodeInfo>
    </BaggageProvisions>
    <FareCalculation>
     <Text>YTO AA X/LON BA DEL M185.32BA X/LON AA YTO M263.09NUC448.41END ROE1.292306</Text>
    </FareCalculation>
    <FareCalculationBreakdown>
     <Departure AirlineCode="AA" AirportCode="YYZ" ArrivalAirportCode="LHR" ArrivalCityCode="LON" CityCode="YTO" GenericInd="X"/>
     <FareBasis Cabin="Y" Code="OLX7MZN9" FilingCarrier="AA"/>
     <FreeBaggageAllowance>PC002</FreeBaggageAllowance>
    </FareCalculationBreakdown>
    <FareCalculationBreakdown>
     <Branch FirstJointCarrier="AA" PCC="3RT2"/>
     <Departure AirlineCode="AA" AirportCode="LHR" ArrivalAirportCode="DEL" ArrivalCityCode="DEL" CityCode="LON" GenericInd="O"/>
     <FareBasis Cabin="Y" Code="OLX7MZN9" FareAmount="185.32" FarePassengerType="ADT" FareType="P" FilingCarrier="AA" GlobalInd="AT" Market="YTODEL" TripTypeInd="R"/>
     <FreeBaggageAllowance>PC002</FreeBaggageAllowance>
     <Mileage MileageSymbol="M"/>
     <RuleCategoryIndicator>2</RuleCategoryIndicator>
     <RuleCategoryIndicator>3</RuleCategoryIndicator>
     <RuleCategoryIndicator>4</RuleCategoryIndicator>
     <RuleCategoryIndicator>5</RuleCategoryIndicator>
     <RuleCategoryIndicator>6</RuleCategoryIndicator>
     <RuleCategoryIndicator>7</RuleCategoryIndicator>
     <RuleCategoryIndicator>8</RuleCategoryIndicator>
     <RuleCategoryIndicator>9</RuleCategoryIndicator>
     <RuleCategoryIndicator>10</RuleCategoryIndicator>
     <RuleCategoryIndicator>11</RuleCategoryIndicator>
     <RuleCategoryIndicator>15</RuleCategoryIndicator>
     <RuleCategoryIndicator>16</RuleCategoryIndicator>
     <RuleCategoryIndicator>18</RuleCategoryIndicator>
     <RuleCategoryIndicator>23</RuleCategoryIndicator>
    </FareCalculationBreakdown>
    <FareCalculationBreakdown>
     <Departure AirlineCode="AA" AirportCode="DEL" ArrivalAirportCode="LHR" ArrivalCityCode="LON" CityCode="DEL" GenericInd="X"/>
     <FareBasis Cabin="Y" Code="QLX7MZN9" FilingCarrier="AA"/>
     <FreeBaggageAllowance>PC002</FreeBaggageAllowance>
    </FareCalculationBreakdown>
    <FareCalculationBreakdown>
     <Branch FirstJointCarrier="AA" PCC="3RT2"/>
     <Departure AirlineCode="AA" AirportCode="LHR" ArrivalAirportCode="YYZ" ArrivalCityCode="YTO" CityCode="LON" GenericInd="O"/>
     <FareBasis Cabin="Y" Code="QLX7MZN9" FareAmount="263.09" FarePassengerType="ADT" FareType="P" FilingCarrier="AA" GlobalInd="AT" Market="YTODEL" TripTypeInd="R"/>
     <FreeBaggageAllowance>PC002</FreeBaggageAllowance>
     <Mileage MileageSymbol="M"/>
     <RuleCategoryIndicator>2</RuleCategoryIndicator>
     <RuleCategoryIndicator>3</RuleCategoryIndicator>
     <RuleCategoryIndicator>4</RuleCategoryIndicator>
     <RuleCategoryIndicator>5</RuleCategoryIndicator>
     <RuleCategoryIndicator>6</RuleCategoryIndicator>
     <RuleCategoryIndicator>7</RuleCategoryIndicator>
     <RuleCategoryIndicator>8</RuleCategoryIndicator>
     <RuleCategoryIndicator>9</RuleCategoryIndicator>
     <RuleCategoryIndicator>10</RuleCategoryIndicator>
     <RuleCategoryIndicator>11</RuleCategoryIndicator>
     <RuleCategoryIndicator>15</RuleCategoryIndicator>
     <RuleCategoryIndicator>16</RuleCategoryIndicator>
     <RuleCategoryIndicator>18</RuleCategoryIndicator>
     <RuleCategoryIndicator>23</RuleCategoryIndicator>
    </FareCalculationBreakdown>
    <ItinTotalFare NonRefundableInd="N">
     <BaggageInfo>
      <US_DOT_Disclosure>
       <Text>BAG ALLOWANCE     -YYZDEL-02P/AA/EACH PIECE UP TO 50 POUNDS/23</Text>
       <Text>KILOGRAMS AND UP TO 62 LINEAR INCHES/158 LINEAR CENTIMETERS</Text>
       <Text>BAG ALLOWANCE     -DELYYZ-02P/AA/EACH PIECE UP TO 50 POUNDS/23</Text>
       <Text>KILOGRAMS AND UP TO 62 LINEAR INCHES/158 LINEAR CENTIMETERS</Text>
       <Text>CARRY ON ALLOWANCE</Text>
       <Text>YYZLHR LHRDEL DELLHR LHRYYZ-01P/BA</Text>
       <Text>01/UP TO 34 LINEAR INCHES/85 LINEAR CENTIMETERS</Text>
       <Text>01/UP TO 50 POUNDS/23 KILOGRAMS AND UP TO 50 POUNDS/127 LINEAR</Text>
       <Text>CENTIMETERS</Text>
       <Text>CARRY ON CHARGES</Text>
       <Text>YYZLHR LHRDEL DELLHR LHRYYZ-BA-CARRY ON FEES UNKNOWN-CONTACT CA</Text>
       <Text>RRIER</Text>
       <Text>ADDITIONAL ALLOWANCES AND/OR DISCOUNTS MAY APPLY DEPENDING ON</Text>
       <Text>FLYER-SPECIFIC FACTORS /E.G. FREQUENT FLYER STATUS/MILITARY/</Text>
       <Text>CREDIT CARD FORM OF PAYMENT/EARLY PURCHASE OVER INTERNET,ETC./</Text>
       <Text>EMBARGOES-APPLY TO EACH PASSENGER</Text>
       <Text>YYZLHR LHRDEL DELLHR LHRYYZ-BA</Text>
       <Text>PET IN HOLD NOT PERMITTED</Text>
       <Text>PET IN CABIN NOT PERMITTED</Text>
       <Text>SPORTING EQUIPMENT/JAVELIN NOT PERMITTED</Text>
       <Text>SPORTING EQUIPMENT/POLE VAULT EQUIPMENT NOT PERMITTED</Text>
       <Text>SPORTING EQUIPMENT/CANOE/KAYAK NOT PERMITTED</Text>
       <Text>SPORTING EQUIPMENT/HANG GLIDING EQUIPMENT NOT PERMITTED</Text>
       <Text>SPORTING EQUIPMENT/WINDSURF EQUIPMENT NOT PERMITTED</Text>
      </US_DOT_Disclosure>
     </BaggageInfo>
     <BaseFare Amount="579.00" CurrencyCode="CAD"/>
     <Endorsements>
      <Text>NONREF AFTER DEPARTURE/RESTRICTIONS APPLY</Text>
     </Endorsements>
     <Taxes TotalAmount="603.06">
      <Tax Amount="359.16" TaxCode="YQI" TaxName="SERVICE FEE - INSURANCE" TicketingTaxCode="YQ"/>
      <Tax Amount="102.00" TaxCode="YRI" TaxName="SERVICE FEE - CARRIER-IMPOSED" TicketingTaxCode="YR"/>
      <Tax Amount="25.91" TaxCode="CA4" TaxName="AIR TRAVELLERS SECURITY CHARGE" TicketingTaxCode="CA"/>
      <Tax Amount="25.00" TaxCode="SQ" TaxName="AIRPORT IMPROVEMENT FEE  AIF" TicketingTaxCode="SQ"/>
      <Tax Amount="3.25" TaxCode="RC2" TaxName="HARMONIZED SALES TAX HST ON SQ" TicketingTaxCode="RC"/>
      <Tax Amount="81.32" TaxCode="UB" TaxName="PASSENGER SERVICE CHARGE DEPAR" TicketingTaxCode="UB"/>
      <Tax Amount="4.98" TaxCode="WO" TaxName="PASSENGER SERVICE FEE" TicketingTaxCode="WO"/>
      <Tax Amount="1.44" TaxCode="IN" TaxName="USER DEVELOPMENT FEE DEPARTURE" TicketingTaxCode="IN"/>
     </Taxes>
     <TotalFare Amount="1182.06" CurrencyCode="CAD"/>
     <Warnings>
      <Warning ShortText="BAG ALLOWANCE     -YYZDEL-02P/AA/EACH PIECE UP TO 50 POUNDS/23"/>
      <Warning ShortText="KILOGRAMS AND UP TO 62 LINEAR INCHES/158 LINEAR CENTIMETERS"/>
      <Warning ShortText="BAG ALLOWANCE     -DELYYZ-02P/AA/EACH PIECE UP TO 50 POUNDS/23"/>
      <Warning ShortText="KILOGRAMS AND UP TO 62 LINEAR INCHES/158 LINEAR CENTIMETERS"/>
      <Warning ShortText="CARRY ON ALLOWANCE"/>
      <Warning ShortText="YYZLHR LHRDEL DELLHR LHRYYZ-01P/BA"/>
      <Warning ShortText="01/UP TO 34 LINEAR INCHES/85 LINEAR CENTIMETERS"/>
      <Warning ShortText="01/UP TO 50 POUNDS/23 KILOGRAMS AND UP TO 50 POUNDS/127 LINEAR"/>
      <Warning ShortText="CENTIMETERS"/>
      <Warning ShortText="CARRY ON CHARGES"/>
      <Warning ShortText="YYZLHR LHRDEL DELLHR LHRYYZ-BA-CARRY ON FEES UNKNOWN-CONTACT CA"/>
      <Warning ShortText="RRIER"/>
      <Warning ShortText="ADDITIONAL ALLOWANCES AND/OR DISCOUNTS MAY APPLY DEPENDING ON"/>
      <Warning ShortText="FLYER-SPECIFIC FACTORS /E.G. FREQUENT FLYER STATUS/MILITARY/"/>
      <Warning ShortText="CREDIT CARD FORM OF PAYMENT/EARLY PURCHASE OVER INTERNET,ETC./"/>
      <Warning ShortText="EMBARGOES-APPLY TO EACH PASSENGER"/>
      <Warning ShortText="YYZLHR LHRDEL DELLHR LHRYYZ-BA"/>
      <Warning ShortText="PET IN HOLD NOT PERMITTED"/>
      <Warning ShortText="PET IN CABIN NOT PERMITTED"/>
      <Warning ShortText="SPORTING EQUIPMENT/JAVELIN NOT PERMITTED"/>
      <Warning ShortText="SPORTING EQUIPMENT/POLE VAULT EQUIPMENT NOT PERMITTED"/>
      <Warning ShortText="SPORTING EQUIPMENT/CANOE/KAYAK NOT PERMITTED"/>
      <Warning ShortText="SPORTING EQUIPMENT/HANG GLIDING EQUIPMENT NOT PERMITTED"/>
      <Warning ShortText="SPORTING EQUIPMENT/WINDSURF EQUIPMENT NOT PERMITTED"/>
     </Warnings>
    </ItinTotalFare>
    <PassengerTypeQuantity Code="ADT" Quantity="1"/>
    <PTC_FareBreakdown>
     <Cabin>Y</Cabin>
     <FareBasis Code="OLX7MZN9" FilingCarrier="AA"/>
     <FreeBaggageAllowance>PC002</FreeBaggageAllowance>
    </PTC_FareBreakdown>
    <PTC_FareBreakdown>
     <Cabin>Y</Cabin>
     <FareBasis Code="OLX7MZN9" FareAmount="185.32" FarePassengerType="ADT" FareType="P" FilingCarrier="AA" GlobalInd="AT" Market="YTODEL"/>
     <FreeBaggageAllowance>PC002</FreeBaggageAllowance>
    </PTC_FareBreakdown>
    <PTC_FareBreakdown>
     <Cabin>Y</Cabin>
     <FareBasis Code="QLX7MZN9" FilingCarrier="AA"/>
     <FreeBaggageAllowance>PC002</FreeBaggageAllowance>
    </PTC_FareBreakdown>
    <PTC_FareBreakdown>
     <Cabin>Y</Cabin>
     <FareBasis Code="QLX7MZN9" FareAmount="263.09" FarePassengerType="ADT" FareType="P" FilingCarrier="AA" GlobalInd="AT" Market="YTODEL"/>
     <FreeBaggageAllowance>PC002</FreeBaggageAllowance>
    </PTC_FareBreakdown>
   </AirItineraryPricingInfo>
  </PricedItinerary>
 </PriceQuote>
</OTA_AirPriceRS></soap-env:Body></soap-env:Envelope>